Version: final-94-gfffc3aa rub_all.sh: remove longest prefix
Random seed: 1549783246
Start
>>> save_orig_graph
>> Saved weight 0
Graph loaded
|V| = 10001, |E| = 19800, |R| = 100
First clearance of the input. Calling buy_zero and run_all_heuristics.
  buy_zero: 0 zero edges in 2.2e-05 s
  handle_small_terminal_degrees: terms 0 in 8e-06 s
  handle_small_Steiner_degrees: steiner 0, suppress 4 in 1.4e-05 s
  shortest_edge_between_terminals: 0 edges in 4e-06 s
  handle_small_terminal_degrees: terms 0 in 7e-06 s
  handle_small_Steiner_degrees: steiner 0, suppress 0 in 1.3e-05 s
  shortest_edge_between_terminals: 0 edges in 2e-06 s
Compressed graph 10001 -> 9996
  delete_edges: deleted 4 edges in 0.000462 s and 1 rounds
  handle_small_terminal_degrees: terms 0 in 7e-06 s
  handle_small_Steiner_degrees: steiner 0, suppress 8 in 1.5e-05 s
  shortest_edge_between_terminals: 0 edges in 1.8e-05 s
  handle_small_terminal_degrees: terms 0 in 8e-06 s
  handle_small_Steiner_degrees: steiner 0, suppress 0 in 1.2e-05 s
  shortest_edge_between_terminals: 0 edges in 3e-06 s
Compressed graph 9996 -> 9988
  delete_edges_shortest_path: deleted 8 edges in 0.052506 s
  handle_small_terminal_degrees: terms 0 in 7e-06 s
  handle_small_Steiner_degrees: steiner 0, suppress 12 in 1.7e-05 s
  shortest_edge_between_terminals: 0 edges in 3e-06 s
  handle_small_terminal_degrees: terms 0 in 7e-06 s
  handle_small_Steiner_degrees: steiner 0, suppress 0 in 1.3e-05 s
  shortest_edge_between_terminals: 0 edges in 2e-06 s
Compressed graph 9988 -> 9976
  handle_small_terminal_degrees: terms 0 in 7e-06 s
  handle_small_Steiner_degrees: steiner 0, suppress 0 in 1.1e-05 s
  shortest_edge_between_terminals: 0 edges in 5e-06 s
Compressed graph 9976 -> 9976
  delete_edges_shortest_path: deleted 12 edges in 0.052187 s
  handle_small_terminal_degrees: terms 0 in 8e-06 s
  handle_small_Steiner_degrees: steiner 0, suppress 16 in 1.9e-05 s
  shortest_edge_between_terminals: 0 edges in 3e-06 s
  handle_small_terminal_degrees: terms 0 in 7e-06 s
  handle_small_Steiner_degrees: steiner 0, suppress 0 in 1.2e-05 s
  shortest_edge_between_terminals: 0 edges in 3e-06 s
Compressed graph 9976 -> 9960
Compressed graph 9960 -> 9960
>>> save_orig_graph
>> Saved weight 0
### ZEL_LVL=0 PRECISE_STARS=0

Calling `contract_till_the_bitter_end`
|V| = 9960, |E| = 19736, |R| = 100
>>> get_solution
>>> get_solution
  refine_solution: new weight 82462908 (was 83177879) in 0.002218 s
  refine_solution: new weight 82462908 (was 82462908) in 0.002053 s
0,,9960,19736,100,,0,0,,83177879,82462908,0,0,0,,0,0,@@

  delete_edges: deleted 16 edges in 0.000924 s and 2 rounds
  handle_small_Steiner_degrees: steiner 0, suppress 20 in 2.4e-05 s
Starting round 1
Found 20 isolated vertices
Invalid ratios recomputed: 9940
Best ratio is 65858/1 (65858.0), centered at 8871
Finding the best star... Star with 2 terminals centered in 8972
round took: 0.339192 s
|V| = 9960, |E| = 19697, |R| = 99
>>> get_solution
>>> get_solution
  refine_solution: new weight 82462908 (was 83177879) in 0.002187 s
  refine_solution: new weight 82462908 (was 82462908) in 0.002046 s
1,,9940,19697,99,,9940,0,,83177879,82462908,65858,65858,65858,,65858,2,@@

  handle_small_Steiner_degrees: steiner 0, suppress 0 in 1.2e-05 s
Starting round 2
Found 22 isolated vertices
Invalid ratios recomputed: 244
Best ratio is 83889/1 (83889.0), centered at 1354
Finding the best star... Star with 2 terminals centered in 1454
round took: 0.009887 s
|V| = 9960, |E| = 19694, |R| = 98
>>> get_solution
>>> get_solution
  refine_solution: new weight 82448400 (was 83163371) in 0.002188 s
  refine_solution: new weight 82448400 (was 82448400) in 0.002049 s
2,,9938,19694,98,,244,0,,83163371,82448400,149747,149747,149747,,83889,2,@@

  handle_small_Steiner_degrees: steiner 0, suppress 0 in 1.2e-05 s
Starting round 3
Found 24 isolated vertices
Invalid ratios recomputed: 421
Best ratio is 185495/1 (185495.0), centered at 5302
Finding the best star... Star with 2 terminals centered in 5403
round took: 0.016974 s
|V| = 9960, |E| = 19691, |R| = 97
>>> get_solution
>>> get_solution
  refine_solution: new weight 82448400 (was 83163371) in 0.002167 s
  refine_solution: new weight 82448400 (was 82448400) in 0.002052 s
3,,9936,19691,97,,421,0,,83163371,82448400,335242,335242,335242,,185495,2,@@

  handle_small_Steiner_degrees: steiner 0, suppress 0 in 1.2e-05 s
Starting round 4
Found 26 isolated vertices
Invalid ratios recomputed: 485
Best ratio is 374351/2 (187175.5), centered at 3636
Finding the best star... Star with 3 terminals centered in 4136
round took: 0.023065 s
|V| = 9960, |E| = 19678, |R| = 95
>>> get_solution
>>> get_solution
  refine_solution: new weight 82424110 (was 83139081) in 0.002175 s
  refine_solution: new weight 82424110 (was 82424110) in 0.002048 s
4,,9934,19678,95,,485,0,,83139081,82424110,709593,709593,709593,,374351,3,@@

  handle_small_Steiner_degrees: steiner 0, suppress 0 in 1.2e-05 s
Starting round 5
Found 35 isolated vertices
Invalid ratios recomputed: 447
Best ratio is 260151/1 (260151.0), centered at 1543
Finding the best star... Star with 2 terminals centered in 1745
round took: 0.016035 s
|V| = 9960, |E| = 19671, |R| = 94
>>> get_solution
>>> get_solution
  refine_solution: new weight 82330730 (was 83045701) in 0.002173 s
  refine_solution: new weight 82330730 (was 82330730) in 0.002061 s
5,,9925,19671,94,,447,0,,83045701,82330730,969744,969744,969744,,260151,2,@@

  handle_small_Steiner_degrees: steiner 0, suppress 0 in 1.2e-05 s
Starting round 6
Found 39 isolated vertices
Invalid ratios recomputed: 354
Best ratio is 277903/1 (277903.0), centered at 574
Finding the best star... Star with 2 terminals centered in 977
round took: 0.01907 s
|V| = 9960, |E| = 19662, |R| = 93
>>> get_solution
>>> get_solution
  refine_solution: new weight 82219923 (was 82941556) in 0.002168 s
  refine_solution: new weight 82219923 (was 82219923) in 0.002071 s
6,,9921,19662,93,,354,0,,82941556,82219923,1247647,1247647,1247647,,277903,2,@@

  handle_small_Steiner_degrees: steiner 0, suppress 0 in 1.2e-05 s
Starting round 7
Found 46 isolated vertices
Invalid ratios recomputed: 350
Best ratio is 559280/2 (279640.0), centered at 1011
Finding the best star... Star with 3 terminals centered in 1013
round took: 0.013422 s
|V| = 9960, |E| = 19649, |R| = 91
>>> get_solution
>>> get_solution
  refine_solution: new weight 82414104 (was 82941556) in 0.002175 s
  refine_solution: new weight 82414104 (was 82414104) in 0.002078 s
7,,9914,19649,91,,350,0,,82941556,82414104,1806927,1806927,1806927,,559280,3,@@

  handle_small_Steiner_degrees: steiner 0, suppress 0 in 1.6e-05 s
Starting round 8
Found 56 isolated vertices
Invalid ratios recomputed: 792
Best ratio is 216241/1 (216241.0), centered at 708
Finding the best star... Star with 2 terminals centered in 1013
round took: 0.040563 s
|V| = 9960, |E| = 19644, |R| = 90
>>> get_solution
>>> get_solution
  refine_solution: new weight 82414104 (was 82941556) in 0.002196 s
  refine_solution: new weight 82414104 (was 82414104) in 0.002052 s
8,,9904,19644,90,,792,0,,82941556,82414104,2023168,2023168,2023168,,216241,2,@@

  handle_small_Steiner_degrees: steiner 0, suppress 0 in 1.2e-05 s
Starting round 9
Found 59 isolated vertices
Invalid ratios recomputed: 798
Best ratio is 299853/1 (299853.0), centered at 9517
Finding the best star... Star with 2 terminals centered in 9809
round took: 0.045574 s
|V| = 9960, |E| = 19639, |R| = 89
>>> get_solution
>>> get_solution
  refine_solution: new weight 82414104 (was 82941556) in 0.002186 s
  refine_solution: new weight 82414104 (was 82414104) in 0.002055 s
9,,9901,19639,89,,798,0,,82941556,82414104,2323021,2323021,2323021,,299853,2,@@

  handle_small_Steiner_degrees: steiner 0, suppress 0 in 1.2e-05 s
Starting round 10
Found 63 isolated vertices
Invalid ratios recomputed: 583
Best ratio is 319464/1 (319464.0), centered at 6388
Finding the best star... Star with 2 terminals centered in 6689
round took: 0.027579 s
|V| = 9960, |E| = 19634, |R| = 88
>>> get_solution
>>> get_solution
  refine_solution: new weight 82414104 (was 82941556) in 0.002186 s
  refine_solution: new weight 82414104 (was 82414104) in 0.002068 s
10,,9897,19634,88,,583,0,,82941556,82414104,2642485,2642485,2642485,,319464,2,@@

  handle_small_Steiner_degrees: steiner 0, suppress 0 in 1.3e-05 s
Starting round 11
Found 67 isolated vertices
Invalid ratios recomputed: 322
Best ratio is 322128/1 (322128.0), centered at 4032
Finding the best star... Star with 2 terminals centered in 4136
round took: 0.010913 s
|V| = 9960, |E| = 19628, |R| = 87
>>> get_solution
>>> get_solution
  refine_solution: new weight 82414104 (was 82941556) in 0.002179 s
  refine_solution: new weight 82414104 (was 82414104) in 0.002059 s
11,,9893,19628,87,,322,0,,82941556,82414104,2964613,2964613,2964613,,322128,2,@@

  handle_small_Steiner_degrees: steiner 0, suppress 0 in 1.6e-05 s
Starting round 12
Found 71 isolated vertices
Invalid ratios recomputed: 496
Best ratio is 325095/1 (325095.0), centered at 2650
Finding the best star... Star with 2 terminals centered in 2951
round took: 0.019401 s
|V| = 9960, |E| = 19623, |R| = 86
>>> get_solution
>>> get_solution
  refine_solution: new weight 82341503 (was 82887849) in 0.002197 s
  refine_solution: new weight 82341503 (was 82341503) in 0.002073 s
12,,9889,19623,86,,496,0,,82887849,82341503,3289708,3289708,3289708,,325095,2,@@

  handle_small_Steiner_degrees: steiner 0, suppress 0 in 1.2e-05 s
Starting round 13
Found 75 isolated vertices
Invalid ratios recomputed: 405
Best ratio is 346490/1 (346490.0), centered at 9180
Finding the best star... Star with 2 terminals centered in 9380
round took: 0.019834 s
|V| = 9960, |E| = 19619, |R| = 85
>>> get_solution
>>> get_solution
  refine_solution: new weight 82341503 (was 82887849) in 0.002191 s
  refine_solution: new weight 82341503 (was 82341503) in 0.002054 s
13,,9885,19619,85,,405,0,,82887849,82341503,3636198,3636198,3636198,,346490,2,@@

  handle_small_Steiner_degrees: steiner 0, suppress 0 in 1.2e-05 s
Starting round 14
Found 78 isolated vertices
Invalid ratios recomputed: 182
Best ratio is 407300/1 (407300.0), centered at 9809
Finding the best star... Star with 2 terminals centered in 9906
round took: 0.007196 s
|V| = 9960, |E| = 19611, |R| = 84
>>> get_solution
>>> get_solution
  refine_solution: new weight 82271534 (was 82866302) in 0.002182 s
  refine_solution: new weight 82271534 (was 82271534) in 0.002079 s
14,,9882,19611,84,,182,0,,82866302,82271534,4043498,4043498,4043498,,407300,2,@@

  handle_small_Steiner_degrees: steiner 0, suppress 1 in 1.2e-05 s
Starting round 15
Found 84 isolated vertices
Invalid ratios recomputed: 599
Best ratio is 411961/1 (411961.0), centered at 4031
Finding the best star... Star with 2 terminals centered in 4631
round took: 0.03596 s
|V| = 9960, |E| = 19601, |R| = 83
>>> get_solution
>>> get_solution
  refine_solution: new weight 82224829 (was 82819597) in 0.002194 s
  refine_solution: new weight 82224829 (was 82224829) in 0.002057 s
15,,9876,19601,83,,599,0,,82819597,82224829,4455459,4455459,4455459,,411961,2,@@

  handle_small_Steiner_degrees: steiner 0, suppress 1 in 1.3e-05 s
Starting round 16
Found 92 isolated vertices
Invalid ratios recomputed: 649
Best ratio is 424783/1 (424783.0), centered at 1252
Finding the best star... Star with 2 terminals centered in 1454
round took: 0.027827 s
|V| = 9960, |E| = 19595, |R| = 82
>>> get_solution
>>> get_solution
  refine_solution: new weight 82224829 (was 82819597) in 0.002188 s
  refine_solution: new weight 82224829 (was 82224829) in 0.00206 s
16,,9868,19595,82,,649,0,,82819597,82224829,4880242,4880242,4880242,,424783,2,@@

  delete_edges: deleted 42 edges in 0.000982 s and 2 rounds
  handle_small_Steiner_degrees: steiner 1, suppress 34 in 3.1e-05 s
Starting round 17
Found 130 isolated vertices
Invalid ratios recomputed: 548
Best ratio is 435358/1 (435358.0), centered at 4626
Finding the best star... Star with 2 terminals centered in 4631
round took: 0.028856 s
|V| = 9960, |E| = 19510, |R| = 81
>>> get_solution
>>> get_solution
  refine_solution: new weight 82206503 (was 82801271) in 0.002206 s
  refine_solution: new weight 82206503 (was 82206503) in 0.002057 s
17,,9830,19510,81,,548,0,,82801271,82206503,5315600,5315600,5315600,,435358,2,@@

  handle_small_Steiner_degrees: steiner 0, suppress 0 in 1.2e-05 s
Starting round 18
Found 136 isolated vertices
Invalid ratios recomputed: 778
Best ratio is 452255/1 (452255.0), centered at 7873
Finding the best star... Star with 2 terminals centered in 7878
round took: 0.041783 s
|V| = 9960, |E| = 19503, |R| = 80
>>> get_solution
>>> get_solution
  refine_solution: new weight 82206503 (was 82741998) in 0.002199 s
  refine_solution: new weight 82206503 (was 82206503) in 0.002058 s
18,,9824,19503,80,,778,0,,82741998,82206503,5767855,5767855,5767855,,452255,2,@@

  handle_small_Steiner_degrees: steiner 0, suppress 0 in 1.2e-05 s
Starting round 19
Found 142 isolated vertices
Invalid ratios recomputed: 428
Best ratio is 453687/1 (453687.0), centered at 9362
Finding the best star... Star with 2 terminals centered in 9759
round took: 0.021135 s
|V| = 9960, |E| = 19497, |R| = 79
>>> get_solution
>>> get_solution
  refine_solution: new weight 82206503 (was 82741998) in 0.002202 s
  refine_solution: new weight 82206503 (was 82206503) in 0.002057 s
19,,9818,19497,79,,428,0,,82741998,82206503,6221542,6221542,6221542,,453687,2,@@

  handle_small_Steiner_degrees: steiner 0, suppress 0 in 1.2e-05 s
Starting round 20
Found 147 isolated vertices
Invalid ratios recomputed: 420
Best ratio is 457638/1 (457638.0), centered at 278
Finding the best star... Star with 2 terminals centered in 977
round took: 0.015139 s
|V| = 9960, |E| = 19491, |R| = 78
>>> get_solution
>>> get_solution
  refine_solution: new weight 82206503 (was 82741998) in 0.002207 s
  refine_solution: new weight 82206503 (was 82206503) in 0.002058 s
20,,9813,19491,78,,420,0,,82741998,82206503,6679180,6679180,6679180,,457638,2,@@

  handle_small_Steiner_degrees: steiner 0, suppress 0 in 1.2e-05 s
Starting round 21
Found 151 isolated vertices
Invalid ratios recomputed: 408
Best ratio is 478192/1 (478192.0), centered at 3783
Finding the best star... Star with 2 terminals centered in 3787
round took: 0.018811 s
|V| = 9960, |E| = 19481, |R| = 77
>>> get_solution
>>> get_solution
  refine_solution: new weight 82206503 (was 82741998) in 0.0022 s
  refine_solution: new weight 82206503 (was 82206503) in 0.002055 s
21,,9809,19481,77,,408,0,,82741998,82206503,7157372,7157372,7157372,,478192,2,@@

  handle_small_Steiner_degrees: steiner 0, suppress 0 in 1.3e-05 s
Starting round 22
Found 160 isolated vertices
Invalid ratios recomputed: 605
Best ratio is 503600/1 (503600.0), centered at 6684
Finding the best star... Star with 2 terminals centered in 6689
round took: 0.040153 s
|V| = 9960, |E| = 19472, |R| = 76
>>> get_solution
>>> get_solution
  refine_solution: new weight 82162311 (was 82697806) in 0.002192 s
  refine_solution: new weight 82162311 (was 82162311) in 0.002067 s
22,,9800,19472,76,,605,0,,82697806,82162311,7660972,7660972,7660972,,503600,2,@@

  handle_small_Steiner_degrees: steiner 0, suppress 0 in 1.2e-05 s
Starting round 23
Found 167 isolated vertices
Invalid ratios recomputed: 370
Best ratio is 506084/1 (506084.0), centered at 7061
Finding the best star... Star with 2 terminals centered in 7164
round took: 0.014121 s
|V| = 9960, |E| = 19467, |R| = 75
>>> get_solution
>>> get_solution
  refine_solution: new weight 82169900 (was 82397194) in 0.002206 s
  refine_solution: new weight 82169900 (was 82169900) in 0.00207 s
23,,9793,19467,75,,370,0,,82397194,82169900,8167056,8167056,8167056,,506084,2,@@

  handle_small_Steiner_degrees: steiner 0, suppress 0 in 1.2e-05 s
Starting round 24
Found 171 isolated vertices
Invalid ratios recomputed: 596
Best ratio is 506602/1 (506602.0), centered at 823
Finding the best star... Star with 2 terminals centered in 1623
round took: 0.026846 s
|V| = 9960, |E| = 19454, |R| = 74
>>> get_solution
>>> get_solution
  refine_solution: new weight 81955276 (was 82182570) in 0.002201 s
  refine_solution: new weight 81955276 (was 81955276) in 0.002056 s
24,,9789,19454,74,,596,0,,82182570,81955276,8673658,8673658,8673658,,506602,2,@@

  handle_small_Steiner_degrees: steiner 0, suppress 0 in 1.2e-05 s
Starting round 25
Found 183 isolated vertices
Invalid ratios recomputed: 586
Best ratio is 546334/1 (546334.0), centered at 9160
Finding the best star... Star with 2 terminals centered in 9759
round took: 0.028953 s
|V| = 9960, |E| = 19448, |R| = 73
>>> get_solution
>>> get_solution
  refine_solution: new weight 81955276 (was 82182570) in 0.002205 s
  refine_solution: new weight 81955276 (was 81955276) in 0.002075 s
25,,9777,19448,73,,586,0,,82182570,81955276,9219992,9219992,9219992,,546334,2,@@

  handle_small_Steiner_degrees: steiner 0, suppress 0 in 1.2e-05 s
Starting round 26
Found 187 isolated vertices
Invalid ratios recomputed: 555
Best ratio is 570978/1 (570978.0), centered at 604
Finding the best star... Star with 2 terminals centered in 1013
round took: 0.024978 s
|V| = 9960, |E| = 19442, |R| = 72
>>> get_solution
>>> get_solution
  refine_solution: new weight 81897486 (was 82139962) in 0.002206 s
  refine_solution: new weight 81897486 (was 81897486) in 0.002066 s
26,,9773,19442,72,,555,0,,82139962,81897486,9790970,9790970,9790970,,570978,2,@@

  handle_small_Steiner_degrees: steiner 0, suppress 0 in 1.2e-05 s
Starting round 27
Found 192 isolated vertices
Invalid ratios recomputed: 848
Best ratio is 1159008/2 (579504.0), centered at 5903
Finding the best star... Star with 3 terminals centered in 6106
round took: 0.059852 s
|V| = 9960, |E| = 19422, |R| = 70
>>> get_solution
>>> get_solution
  refine_solution: new weight 81897486 (was 82139962) in 0.002199 s
  refine_solution: new weight 81897486 (was 81897486) in 0.002067 s
27,,9768,19422,70,,848,0,,82139962,81897486,10949978,10949978,10949978,,1159008,3,@@

  handle_small_Steiner_degrees: steiner 0, suppress 0 in 1.2e-05 s
Starting round 28
Found 209 isolated vertices
Invalid ratios recomputed: 630
Best ratio is 582734/1 (582734.0), centered at 8490
Finding the best star... Star with 2 terminals centered in 8690
round took: 0.041401 s
|V| = 9960, |E| = 19417, |R| = 69
>>> get_solution
>>> get_solution
  refine_solution: new weight 81897486 (was 82016551) in 0.002198 s
  refine_solution: new weight 81897486 (was 81897486) in 0.002072 s
28,,9751,19417,69,,630,0,,82016551,81897486,11532712,11532712,11532712,,582734,2,@@

  handle_small_Steiner_degrees: steiner 0, suppress 0 in 1.2e-05 s
Starting round 29
Found 213 isolated vertices
Invalid ratios recomputed: 379
Best ratio is 585130/1 (585130.0), centered at 3130
Finding the best star... Star with 2 terminals centered in 4631
round took: 0.016095 s
|V| = 9960, |E| = 19404, |R| = 68
>>> get_solution
>>> get_solution
  refine_solution: new weight 81668233 (was 81787298) in 0.002197 s
  refine_solution: new weight 81668233 (was 81668233) in 0.00207 s
29,,9747,19404,68,,379,0,,81787298,81668233,12117842,12117842,12117842,,585130,2,@@

  handle_small_Steiner_degrees: steiner 0, suppress 0 in 1.2e-05 s
Starting round 30
Found 223 isolated vertices
Invalid ratios recomputed: 862
Best ratio is 592425/1 (592425.0), centered at 1865
Finding the best star... Star with 2 terminals centered in 1870
round took: 0.052605 s
|V| = 9960, |E| = 19397, |R| = 67
>>> get_solution
>>> get_solution
  refine_solution: new weight 81432723 (was 81551788) in 0.002193 s
  refine_solution: new weight 81432723 (was 81432723) in 0.002071 s
30,,9737,19397,67,,862,0,,81551788,81432723,12710267,12710267,12710267,,592425,2,@@

  handle_small_Steiner_degrees: steiner 0, suppress 0 in 1.2e-05 s
Starting round 31
Found 229 isolated vertices
Invalid ratios recomputed: 680
Best ratio is 604795/1 (604795.0), centered at 7398
Finding the best star... Star with 2 terminals centered in 7405
round took: 0.031487 s
|V| = 9960, |E| = 19388, |R| = 66
>>> get_solution
>>> get_solution
  refine_solution: new weight 81313313 (was 81631096) in 0.002203 s
  refine_solution: new weight 81256692 (was 81313313) in 0.002067 s
  refine_solution: new weight 81256692 (was 81256692) in 0.002052 s
31,,9731,19388,66,,680,0,,81631096,81256692,13315062,13315062,13315062,,604795,2,@@

  handle_small_Steiner_degrees: steiner 0, suppress 0 in 1.2e-05 s
Starting round 32
Found 237 isolated vertices
Invalid ratios recomputed: 480
Best ratio is 619345/1 (619345.0), centered at 4269
Finding the best star... Star with 2 terminals centered in 4569
round took: 0.021811 s
|V| = 9960, |E| = 19377, |R| = 65
>>> get_solution
>>> get_solution
  refine_solution: new weight 81313313 (was 81631096) in 0.002202 s
  refine_solution: new weight 81256692 (was 81313313) in 0.002056 s
  refine_solution: new weight 81256692 (was 81256692) in 0.002055 s
32,,9723,19377,65,,480,0,,81631096,81256692,13934407,13934407,13934407,,619345,2,@@

  delete_edges: deleted 91 edges in 0.001089 s and 2 rounds
  handle_small_Steiner_degrees: steiner 3, suppress 53 in 3.9e-05 s
Starting round 33
Found 303 isolated vertices
Invalid ratios recomputed: 642
Best ratio is 1246449/2 (623224.5), centered at 6559
Finding the best star... Star with 3 terminals centered in 7164
round took: 0.036592 s
|V| = 9960, |E| = 19205, |R| = 63
>>> get_solution
>>> get_solution
  refine_solution: new weight 81195250 (was 81483128) in 0.00218 s
  refine_solution: new weight 81138629 (was 81195250) in 0.002068 s
  refine_solution: new weight 81138629 (was 81138629) in 0.002057 s
33,,9657,19205,63,,642,0,,81483128,81138629,15180856,15180856,15180856,,1246449,3,@@

  handle_small_Steiner_degrees: steiner 0, suppress 2 in 1.7e-05 s
Starting round 34
Found 323 isolated vertices
Invalid ratios recomputed: 909
Best ratio is 657539/1 (657539.0), centered at 328
Finding the best star... Star with 2 terminals centered in 1623
round took: 0.048276 s
|V| = 9960, |E| = 19193, |R| = 62
>>> get_solution
>>> get_solution
  refine_solution: new weight 81195250 (was 81483128) in 0.002186 s
  refine_solution: new weight 81138629 (was 81195250) in 0.002066 s
  refine_solution: new weight 81138629 (was 81138629) in 0.002067 s
34,,9637,19193,62,,909,0,,81483128,81138629,15838395,15838395,15838395,,657539,2,@@

  handle_small_Steiner_degrees: steiner 0, suppress 0 in 1.6e-05 s
Starting round 35
Found 330 isolated vertices
Invalid ratios recomputed: 775
Best ratio is 680398/1 (680398.0), centered at 3512
Finding the best star... Star with 2 terminals centered in 3721
round took: 0.056669 s
|V| = 9960, |E| = 19179, |R| = 61
>>> get_solution
>>> get_solution
  refine_solution: new weight 81195250 (was 81483128) in 0.002189 s
  refine_solution: new weight 81138629 (was 81195250) in 0.002074 s
  refine_solution: new weight 81138629 (was 81138629) in 0.00206 s
35,,9630,19179,61,,775,0,,81483128,81138629,16518793,16518793,16518793,,680398,2,@@

  handle_small_Steiner_degrees: steiner 0, suppress 0 in 1.2e-05 s
Starting round 36
Found 341 isolated vertices
Invalid ratios recomputed: 747
Best ratio is 701288/1 (701288.0), centered at 4631
Finding the best star... Star with 2 terminals centered in 5233
round took: 0.05522 s
|V| = 9960, |E| = 19167, |R| = 60
>>> get_solution
>>> get_solution
  refine_solution: new weight 80936153 (was 81224031) in 0.002208 s
  refine_solution: new weight 80879532 (was 80936153) in 0.002073 s
  refine_solution: new weight 80879532 (was 80879532) in 0.002077 s
36,,9619,19167,60,,747,0,,81224031,80879532,17220081,17220081,17220081,,701288,2,@@

  handle_small_Steiner_degrees: steiner 0, suppress 2 in 2e-05 s
Starting round 37
Found 351 isolated vertices
Invalid ratios recomputed: 1163
Best ratio is 1409022/2 (704511.0), centered at 6066
Finding the best star... Star with 3 terminals centered in 6267
round took: 0.082306 s
|V| = 9960, |E| = 19146, |R| = 58
>>> get_solution
>>> get_solution
  refine_solution: new weight 80716079 (was 81003957) in 0.00219 s
  refine_solution: new weight 80659458 (was 80716079) in 0.002056 s
  refine_solution: new weight 80659458 (was 80659458) in 0.002056 s
37,,9609,19146,58,,1163,0,,81003957,80659458,18629103,18629103,18629103,,1409022,3,@@

  handle_small_Steiner_degrees: steiner 0, suppress 0 in 1.3e-05 s
Starting round 38
Found 365 isolated vertices
Invalid ratios recomputed: 1150
Best ratio is 1483027/2 (741513.5), centered at 4397
Finding the best star... Star with 3 terminals centered in 3300
round took: 0.086539 s
|V| = 9960, |E| = 19119, |R| = 56
>>> get_solution
>>> get_solution
  refine_solution: new weight 80104646 (was 80392524) in 0.002197 s
  refine_solution: new weight 80048025 (was 80104646) in 0.002086 s
  refine_solution: new weight 80048025 (was 80048025) in 0.002062 s
38,,9595,19119,56,,1150,0,,80392524,80048025,20112130,20112130,20112130,,1483027,3,@@

  handle_small_Steiner_degrees: steiner 0, suppress 0 in 1.2e-05 s
Starting round 39
Found 387 isolated vertices
Invalid ratios recomputed: 925
Best ratio is 747000/1 (747000.0), centered at 3787
Finding the best star... Star with 2 terminals centered in 4882
round took: 0.065314 s
|V| = 9960, |E| = 19110, |R| = 55
>>> get_solution
>>> get_solution
  refine_solution: new weight 79841809 (was 80219278) in 0.002185 s
  refine_solution: new weight 79785188 (was 79841809) in 0.002072 s
  refine_solution: new weight 79785188 (was 79785188) in 0.00206 s
39,,9573,19110,55,,925,0,,80219278,79785188,20859130,20859130,20859130,,747000,2,@@

  handle_small_Steiner_degrees: steiner 0, suppress 0 in 1.2e-05 s
Starting round 40
Found 394 isolated vertices
Invalid ratios recomputed: 653
Best ratio is 767978/1 (767978.0), centered at 8191
Finding the best star... Star with 2 terminals centered in 8690
round took: 0.05197 s
|V| = 9960, |E| = 19105, |R| = 54
>>> get_solution
>>> get_solution
  refine_solution: new weight 79841809 (was 80219278) in 0.002194 s
  refine_solution: new weight 79785188 (was 79841809) in 0.002073 s
  refine_solution: new weight 79785188 (was 79785188) in 0.00206 s
40,,9566,19105,54,,653,0,,80219278,79785188,21627108,21627108,21627108,,767978,2,@@

  handle_small_Steiner_degrees: steiner 0, suppress 0 in 1.2e-05 s
Starting round 41
Found 397 isolated vertices
Invalid ratios recomputed: 500
Best ratio is 768696/1 (768696.0), centered at 5685
Finding the best star... Star with 2 terminals centered in 6689
round took: 0.020974 s
|V| = 9960, |E| = 19095, |R| = 53
>>> get_solution
>>> get_solution
  refine_solution: new weight 79841809 (was 80219278) in 0.002184 s
  refine_solution: new weight 79785188 (was 79841809) in 0.00207 s
  refine_solution: new weight 79785188 (was 79785188) in 0.002057 s
41,,9563,19095,53,,500,0,,80219278,79785188,22395804,22395804,22395804,,768696,2,@@

  handle_small_Steiner_degrees: steiner 0, suppress 0 in 1.1e-05 s
Starting round 42
Found 406 isolated vertices
Invalid ratios recomputed: 704
Best ratio is 770689/1 (770689.0), centered at 5233
Finding the best star... Star with 2 terminals centered in 5539
round took: 0.043885 s
|V| = 9960, |E| = 19085, |R| = 52
>>> get_solution
>>> get_solution
  refine_solution: new weight 79654757 (was 80032226) in 0.002186 s
  refine_solution: new weight 79598136 (was 79654757) in 0.002091 s
  refine_solution: new weight 79598136 (was 79598136) in 0.00206 s
42,,9554,19085,52,,704,0,,80032226,79598136,23166493,23166493,23166493,,770689,2,@@

  handle_small_Steiner_degrees: steiner 0, suppress 0 in 1.1e-05 s
Starting round 43
Found 415 isolated vertices
Invalid ratios recomputed: 1333
Best ratio is 798697/1 (798697.0), centered at 1870
Finding the best star... Star with 2 terminals centered in 2368
round took: 0.109826 s
|V| = 9960, |E| = 19078, |R| = 51
>>> get_solution
>>> get_solution
  refine_solution: new weight 79654757 (was 80032226) in 0.002202 s
  refine_solution: new weight 79598136 (was 79654757) in 0.00207 s
  refine_solution: new weight 79598136 (was 79598136) in 0.00205 s
43,,9545,19078,51,,1333,0,,80032226,79598136,23965190,23965190,23965190,,798697,2,@@

  handle_small_Steiner_degrees: steiner 0, suppress 1 in 1.6e-05 s
Starting round 44
Found 421 isolated vertices
Invalid ratios recomputed: 739
Best ratio is 1605659/2 (802829.5), centered at 2216
Finding the best star... Star with 3 terminals centered in 2420
round took: 0.040031 s
|V| = 9960, |E| = 19057, |R| = 49
>>> get_solution
>>> get_solution
  refine_solution: new weight 79357971 (was 79720258) in 0.00219 s
  refine_solution: new weight 79301350 (was 79357971) in 0.002065 s
  refine_solution: new weight 79301350 (was 79301350) in 0.002045 s
44,,9539,19057,49,,739,0,,79720258,79301350,25570849,25570849,25570849,,1605659,3,@@

  handle_small_Steiner_degrees: steiner 0, suppress 0 in 1.1e-05 s
Starting round 45
Found 437 isolated vertices
Invalid ratios recomputed: 969
Best ratio is 816674/1 (816674.0), centered at 27
Finding the best star... Star with 2 terminals centered in 1013
round took: 0.078065 s
|V| = 9960, |E| = 19048, |R| = 48
>>> get_solution
>>> get_solution
  refine_solution: new weight 79357971 (was 79720258) in 0.002189 s
  refine_solution: new weight 79301350 (was 79357971) in 0.002079 s
  refine_solution: new weight 79301350 (was 79301350) in 0.002053 s
45,,9523,19048,48,,969,0,,79720258,79301350,26387523,26387523,26387523,,816674,2,@@

  handle_small_Steiner_degrees: steiner 0, suppress 0 in 1.2e-05 s
Starting round 46
Found 445 isolated vertices
Invalid ratios recomputed: 1122
Best ratio is 823722/1 (823722.0), centered at 870
Finding the best star... Star with 2 terminals centered in 2368
round took: 0.088672 s
|V| = 9960, |E| = 19031, |R| = 47
>>> get_solution
>>> get_solution
  refine_solution: new weight 79357971 (was 79720258) in 0.002187 s
  refine_solution: new weight 79301350 (was 79357971) in 0.002066 s
  refine_solution: new weight 79301350 (was 79301350) in 0.002057 s
46,,9515,19031,47,,1122,0,,79720258,79301350,27211245,27211245,27211245,,823722,2,@@

  handle_small_Steiner_degrees: steiner 0, suppress 0 in 1.1e-05 s
Starting round 47
Found 459 isolated vertices
Invalid ratios recomputed: 754
Best ratio is 1668997/2 (834498.5), centered at 5857
Finding the best star... Star with 3 terminals centered in 6267
round took: 0.053448 s
|V| = 9960, |E| = 19007, |R| = 45
>>> get_solution
>>> get_solution
  refine_solution: new weight 79029109 (was 79391396) in 0.002179 s
  refine_solution: new weight 78972488 (was 79029109) in 0.002071 s
  refine_solution: new weight 78972488 (was 78972488) in 0.002054 s
47,,9501,19007,45,,754,0,,79391396,78972488,28880242,28880242,28880242,,1668997,3,@@

  handle_small_Steiner_degrees: steiner 0, suppress 0 in 1.2e-05 s
Starting round 48
Found 479 isolated vertices
Invalid ratios recomputed: 1391
Best ratio is 840500/1 (840500.0), centered at 3621
Finding the best star... Star with 2 terminals centered in 5539
round took: 0.152244 s
|V| = 9960, |E| = 18994, |R| = 44
>>> get_solution
>>> get_solution
  refine_solution: new weight 78978469 (was 79340756) in 0.00218 s
  refine_solution: new weight 78921848 (was 78978469) in 0.002068 s
  refine_solution: new weight 78921848 (was 78921848) in 0.00205 s
48,,9481,18994,44,,1391,0,,79340756,78921848,29720742,29720742,29720742,,840500,2,@@

  delete_edges: deleted 157 edges in 0.003314 s and 5 rounds
  handle_small_Steiner_degrees: steiner 6, suppress 101 in 7.1e-05 s
Starting round 49
Found 596 isolated vertices
Invalid ratios recomputed: 1661
Best ratio is 1731494/2 (865747.0), centered at 7409
Finding the best star... Star with 3 terminals centered in 8109
round took: 0.182154 s
|V| = 9960, |E| = 18690, |R| = 42
>>> get_solution
>>> get_solution
  refine_solution: new weight 78678445 (was 78842014) in 0.00219 s
  refine_solution: new weight 78678445 (was 78678445) in 0.002063 s
49,,9364,18690,42,,1661,0,,78842014,78678445,31452236,31452236,31452236,,1731494,3,@@

  handle_small_Steiner_degrees: steiner 0, suppress 0 in 1.2e-05 s
Starting round 50
Found 619 isolated vertices
Invalid ratios recomputed: 968
Best ratio is 829614/1 (829614.0), centered at 6614
Finding the best star... Star with 2 terminals centered in 8109
round took: 0.063728 s
|V| = 9960, |E| = 18680, |R| = 41
>>> get_solution
>>> get_solution
  refine_solution: new weight 78678445 (was 78842014) in 0.002188 s
  refine_solution: new weight 78678445 (was 78678445) in 0.002066 s
50,,9341,18680,41,,968,0,,78842014,78678445,32281850,32281850,32281850,,829614,2,@@

  handle_small_Steiner_degrees: steiner 0, suppress 0 in 1.1e-05 s
Starting round 51
Found 627 isolated vertices
Invalid ratios recomputed: 1169
Best ratio is 880812/1 (880812.0), centered at 2724
Finding the best star... Star with 2 terminals centered in 5539
round took: 0.103964 s
|V| = 9960, |E| = 18670, |R| = 40
>>> get_solution
>>> get_solution
  refine_solution: new weight 78678445 (was 78842014) in 0.002188 s
  refine_solution: new weight 78678445 (was 78678445) in 0.00208 s
51,,9333,18670,40,,1169,0,,78842014,78678445,33162662,33162662,33162662,,880812,2,@@

  handle_small_Steiner_degrees: steiner 0, suppress 1 in 1.6e-05 s
Starting round 52
Found 637 isolated vertices
Invalid ratios recomputed: 1739
Best ratio is 902855/1 (902855.0), centered at 3300
Finding the best star... Star with 2 terminals centered in 6106
round took: 0.21618 s
|V| = 9960, |E| = 18656, |R| = 39
>>> get_solution
>>> get_solution
  refine_solution: new weight 78678445 (was 78842014) in 0.002212 s
  refine_solution: new weight 78678445 (was 78678445) in 0.002068 s
52,,9323,18656,39,,1739,0,,78842014,78678445,34065517,34065517,34065517,,902855,2,@@

  handle_small_Steiner_degrees: steiner 0, suppress 0 in 1.6e-05 s
Starting round 53
Found 647 isolated vertices
Invalid ratios recomputed: 1941
Best ratio is 917753/1 (917753.0), centered at 7586
Finding the best star... Star with 2 terminals centered in 8690
round took: 0.260883 s
|V| = 9960, |E| = 18643, |R| = 38
>>> get_solution
>>> get_solution
  refine_solution: new weight 78678445 (was 78842014) in 0.002183 s
  refine_solution: new weight 78678445 (was 78678445) in 0.002074 s
53,,9313,18643,38,,1941,0,,78842014,78678445,34983270,34983270,34983270,,917753,2,@@

  handle_small_Steiner_degrees: steiner 0, suppress 1 in 1.3e-05 s
Starting round 54
Found 659 isolated vertices
Invalid ratios recomputed: 671
Best ratio is 1839509/2 (919754.5), centered at 7340
Finding the best star... Star with 3 terminals centered in 7734
round took: 0.035015 s
|V| = 9960, |E| = 18622, |R| = 36
>>> get_solution
>>> get_solution
  refine_solution: new weight 78419174 (was 78582743) in 0.002189 s
  refine_solution: new weight 78419174 (was 78419174) in 0.002063 s
54,,9301,18622,36,,671,0,,78582743,78419174,36822779,36822779,36822779,,1839509,3,@@

  handle_small_Steiner_degrees: steiner 0, suppress 0 in 1.1e-05 s
Starting round 55
Found 675 isolated vertices
Invalid ratios recomputed: 1032
Best ratio is 1867757/2 (933878.5), centered at 1116
Finding the best star... Star with 3 terminals centered in 1623
round took: 0.117982 s
|V| = 9960, |E| = 18595, |R| = 34
>>> get_solution
>>> get_solution
  refine_solution: new weight 78181584 (was 78345153) in 0.00219 s
  refine_solution: new weight 78181584 (was 78181584) in 0.002091 s
55,,9285,18595,34,,1032,0,,78345153,78181584,38690536,38690536,38690536,,1867757,3,@@

  handle_small_Steiner_degrees: steiner 0, suppress 0 in 1.5e-05 s
Starting round 56
Found 697 isolated vertices
Invalid ratios recomputed: 2007
Best ratio is 938678/1 (938678.0), centered at 8292
Finding the best star... Star with 2 terminals centered in 8295
round took: 0.317433 s
|V| = 9960, |E| = 18589, |R| = 33
>>> get_solution
>>> get_solution
  refine_solution: new weight 78181584 (was 78345153) in 0.002203 s
  refine_solution: new weight 78181584 (was 78181584) in 0.002073 s
56,,9263,18589,33,,2007,0,,78345153,78181584,39629214,39629214,39629214,,938678,2,@@

  handle_small_Steiner_degrees: steiner 0, suppress 0 in 1.5e-05 s
Starting round 57
Found 701 isolated vertices
Invalid ratios recomputed: 1051
Best ratio is 1881024/2 (940512.0), centered at 2846
Finding the best star... Star with 3 terminals centered in 3946
round took: 0.075393 s
|V| = 9960, |E| = 18569, |R| = 31
>>> get_solution
>>> get_solution
  refine_solution: new weight 78208578 (was 78398860) in 0.002189 s
  refine_solution: new weight 78208578 (was 78208578) in 0.002066 s
57,,9259,18569,31,,1051,0,,78398860,78208578,41510238,41510238,41510238,,1881024,3,@@

  handle_small_Steiner_degrees: steiner 0, suppress 1 in 1.5e-05 s
Starting round 58
Found 719 isolated vertices
Invalid ratios recomputed: 763
Best ratio is 1897528/2 (948764.0), centered at 8298
Finding the best star... Star with 3 terminals centered in 8601
round took: 0.080058 s
|V| = 9960, |E| = 18545, |R| = 29
>>> get_solution
>>> get_solution
  refine_solution: new weight 78208578 (was 78398860) in 0.002211 s
  refine_solution: new weight 78208578 (was 78208578) in 0.002065 s
58,,9241,18545,29,,763,0,,78398860,78208578,43407766,43407766,43407766,,1897528,3,@@

  handle_small_Steiner_degrees: steiner 0, suppress 0 in 1.6e-05 s
Starting round 59
Found 736 isolated vertices
Invalid ratios recomputed: 1945
Best ratio is 949289/1 (949289.0), centered at 3501
Finding the best star... Star with 2 terminals centered in 5539
round took: 0.284514 s
|V| = 9960, |E| = 18530, |R| = 28
>>> get_solution
>>> get_solution
  refine_solution: new weight 78208578 (was 78398860) in 0.002206 s
  refine_solution: new weight 78208578 (was 78208578) in 0.002068 s
59,,9224,18530,28,,1945,0,,78398860,78208578,44357055,44357055,44357055,,949289,2,@@

  handle_small_Steiner_degrees: steiner 0, suppress 1 in 1.6e-05 s
Starting round 60
Found 749 isolated vertices
Invalid ratios recomputed: 4024
Best ratio is 955799/1 (955799.0), centered at 9049
Finding the best star... Star with 2 terminals centered in 9759
round took: 0.845716 s
|V| = 9960, |E| = 18513, |R| = 27
>>> get_solution
>>> get_solution
  refine_solution: new weight 78208578 (was 78398860) in 0.002209 s
  refine_solution: new weight 78208578 (was 78208578) in 0.002073 s
60,,9211,18513,27,,4024,0,,78398860,78208578,45312854,45312854,45312854,,955799,2,@@

  handle_small_Steiner_degrees: steiner 0, suppress 0 in 1.1e-05 s
Starting round 61
Found 761 isolated vertices
Invalid ratios recomputed: 631
Best ratio is 1975502/2 (987751.0), centered at 2199
Finding the best star... Star with 3 terminals centered in 1623
round took: 0.039709 s
|V| = 9960, |E| = 18492, |R| = 25
>>> get_solution
>>> get_solution
  refine_solution: new weight 77774811 (was 77965093) in 0.002195 s
  refine_solution: new weight 77774811 (was 77774811) in 0.00207 s
61,,9199,18492,25,,631,0,,77965093,77774811,47288356,47288356,47288356,,1975502,3,@@

  handle_small_Steiner_degrees: steiner 0, suppress 0 in 1.2e-05 s
Starting round 62
Found 779 isolated vertices
Invalid ratios recomputed: 2862
Best ratio is 938460/1 (938460.0), centered at 1623
Finding the best star... Star with 2 terminals centered in 5539
round took: 0.725836 s
|V| = 9960, |E| = 18481, |R| = 24
>>> get_solution
>>> get_solution
  refine_solution: new weight 77774811 (was 77965093) in 0.002217 s
  refine_solution: new weight 77774811 (was 77774811) in 0.002081 s
62,,9181,18481,24,,2862,0,,77965093,77774811,48226816,48226816,48226816,,938460,2,@@

  handle_small_Steiner_degrees: steiner 0, suppress 0 in 1.1e-05 s
Starting round 63
Found 788 isolated vertices
Invalid ratios recomputed: 4565
Best ratio is 2020752/2 (1010376.0), centered at 6333
Finding the best star... Star with 3 terminals centered in 7734
round took: 1.50838 s
|V| = 9960, |E| = 18446, |R| = 22
>>> get_solution
>>> get_solution
  refine_solution: new weight 77648811 (was 77839093) in 0.002221 s
  refine_solution: new weight 77648811 (was 77648811) in 0.002061 s
63,,9172,18446,22,,4565,0,,77839093,77648811,50247568,50247568,50247568,,2020752,3,@@

  handle_small_Steiner_degrees: steiner 0, suppress 0 in 1.5e-05 s
Starting round 64
Found 816 isolated vertices
Invalid ratios recomputed: 5034
Best ratio is 1019739/1 (1019739.0), centered at 5034
Finding the best star... Star with 2 terminals centered in 5042
round took: 2.01428 s
|V| = 9960, |E| = 18436, |R| = 21
>>> get_solution
>>> get_solution
  refine_solution: new weight 77648811 (was 77839093) in 0.002226 s
  refine_solution: new weight 77648811 (was 77648811) in 0.002068 s
64,,9144,18436,21,,5034,0,,77839093,77648811,51267307,51267307,51267307,,1019739,2,@@

  delete_edges: deleted 201 edges in 0.02684 s and 18 rounds
  handle_small_Steiner_degrees: steiner 8, suppress 134 in 0.000175 s
Starting round 65
Found 967 isolated vertices
Invalid ratios recomputed: 5011
Best ratio is 1043594/1 (1043594.0), centered at 4784
Finding the best star... Star with 2 terminals centered in 6689
round took: 2.08629 s
|V| = 9960, |E| = 18067, |R| = 20
>>> get_solution
>>> get_solution
  refine_solution: new weight 77648811 (was 77839093) in 0.002198 s
  refine_solution: new weight 77648811 (was 77648811) in 0.002083 s
65,,8993,18067,20,,5011,0,,77839093,77648811,52310901,52310901,52310901,,1043594,2,@@

  handle_small_Steiner_degrees: steiner 0, suppress 3 in 2.6e-05 s
Starting round 66
Found 981 isolated vertices
Invalid ratios recomputed: 2370
Best ratio is 1045997/1 (1045997.0), centered at 6689
Finding the best star... Star with 2 terminals centered in 8601
round took: 0.863244 s
|V| = 9960, |E| = 18050, |R| = 19
>>> get_solution
>>> get_solution
  refine_solution: new weight 77648811 (was 77839093) in 0.002207 s
  refine_solution: new weight 77648811 (was 77648811) in 0.002058 s
66,,8979,18050,19,,2370,0,,77839093,77648811,53356898,53356898,53356898,,1045997,2,@@

  handle_small_Steiner_degrees: steiner 0, suppress 3 in 1.9e-05 s
Starting round 67
Found 993 isolated vertices
Invalid ratios recomputed: 4990
Best ratio is 2201761/2 (1100880.5), centered at 1247
Finding the best star... Star with 3 terminals centered in 1745
round took: 2.25528 s
|V| = 9960, |E| = 18016, |R| = 17
>>> get_solution
>>> get_solution
  refine_solution: new weight 77160351 (was 77350633) in 0.002204 s
  refine_solution: new weight 77160351 (was 77160351) in 0.002056 s
67,,8967,18016,17,,4990,0,,77350633,77160351,55558659,55558659,55558659,,2201761,3,@@

  handle_small_Steiner_degrees: steiner 0, suppress 0 in 1.4e-05 s
Starting round 68
Found 1016 isolated vertices
Invalid ratios recomputed: 1359
Best ratio is 1124324/1 (1124324.0), centered at 5042
Finding the best star... Star with 2 terminals centered in 8601
round took: 0.360749 s
|V| = 9960, |E| = 17998, |R| = 16
>>> get_solution
>>> get_solution
  refine_solution: new weight 77160351 (was 77350633) in 0.002175 s
  refine_solution: new weight 77160351 (was 77160351) in 0.002061 s
68,,8944,17998,16,,1359,0,,77350633,77160351,56682983,56682983,56682983,,1124324,2,@@

  handle_small_Steiner_degrees: steiner 0, suppress 0 in 1.2e-05 s
Starting round 69
Found 1029 isolated vertices
Invalid ratios recomputed: 5730
Best ratio is 1147727/1 (1147727.0), centered at 3076
Finding the best star... Star with 2 terminals centered in 4569
round took: 3.42014 s
|V| = 9960, |E| = 17981, |R| = 15
>>> get_solution
>>> get_solution
  refine_solution: new weight 76853195 (was 77043477) in 0.002221 s
  refine_solution: new weight 76853195 (was 76853195) in 0.002058 s
69,,8931,17981,15,,5730,0,,77043477,76853195,57830710,57830710,57830710,,1147727,2,@@

  handle_small_Steiner_degrees: steiner 0, suppress 0 in 1.2e-05 s
Starting round 70
Found 1044 isolated vertices
Invalid ratios recomputed: 1281
Best ratio is 2358335/2 (1179167.5), centered at 3257
Finding the best star... Star with 3 terminals centered in 6267
round took: 0.154436 s
|V| = 9960, |E| = 17946, |R| = 13
>>> get_solution
>>> get_solution
  refine_solution: new weight 76623898 (was 76814180) in 0.002185 s
  refine_solution: new weight 76623898 (was 76623898) in 0.002062 s
70,,8916,17946,13,,1281,0,,76814180,76623898,60189045,60189045,60189045,,2358335,3,@@

  handle_small_Steiner_degrees: steiner 0, suppress 1 in 1.3e-05 s
Starting round 71
Found 1076 isolated vertices
Invalid ratios recomputed: 4276
Best ratio is 2364263/2 (1182131.5), centered at 7861
Finding the best star... Star with 3 terminals centered in 7878
round took: 2.01685 s
|V| = 9960, |E| = 17914, |R| = 11
>>> get_solution
>>> get_solution
  refine_solution: new weight 76158369 (was 76348651) in 0.002205 s
  refine_solution: new weight 76158369 (was 76158369) in 0.002068 s
71,,8884,17914,11,,4276,0,,76348651,76158369,62553308,62553308,62553308,,2364263,3,@@

  handle_small_Steiner_degrees: steiner 0, suppress 0 in 1.2e-05 s
Starting round 72
Found 1102 isolated vertices
Invalid ratios recomputed: 4549
Best ratio is 1185644/1 (1185644.0), centered at 1455
Finding the best star... Star with 2 terminals centered in 2368
round took: 2.25835 s
|V| = 9960, |E| = 17892, |R| = 10
>>> get_solution
>>> get_solution
  refine_solution: new weight 76158369 (was 76348651) in 0.002192 s
  refine_solution: new weight 76158369 (was 76158369) in 0.002059 s
72,,8858,17892,10,,4549,0,,76348651,76158369,63738952,63738952,63738952,,1185644,2,@@

  handle_small_Steiner_degrees: steiner 0, suppress 1 in 1.5e-05 s
Starting round 73
Found 1118 isolated vertices
Invalid ratios recomputed: 1862
Best ratio is 1219752/1 (1219752.0), centered at 4258
Finding the best star... Star with 2 terminals centered in 4569
round took: 0.784256 s
|V| = 9960, |E| = 17876, |R| = 9
>>> get_solution
>>> get_solution
  refine_solution: new weight 76158369 (was 76348651) in 0.002205 s
  refine_solution: new weight 76158369 (was 76158369) in 0.002059 s
73,,8842,17876,9,,1862,0,,76348651,76158369,64958704,64958704,64958704,,1219752,2,@@

  handle_small_Steiner_degrees: steiner 0, suppress 0 in 1.2e-05 s
Starting round 74
Found 1130 isolated vertices
Invalid ratios recomputed: 5285
Best ratio is 1224093/1 (1224093.0), centered at 7728
Finding the best star... Star with 2 terminals centered in 8428
round took: 2.77891 s
|V| = 9960, |E| = 17862, |R| = 8
>>> get_solution
>>> get_solution
  refine_solution: new weight 76158369 (was 76348651) in 0.002216 s
  refine_solution: new weight 76158369 (was 76158369) in 0.002061 s
74,,8830,17862,8,,5285,0,,76348651,76158369,66182797,66182797,66182797,,1224093,2,@@

  handle_small_Steiner_degrees: steiner 0, suppress 0 in 1.1e-05 s
Starting round 75
Found 1143 isolated vertices
Invalid ratios recomputed: 7036
Best ratio is 1278615/1 (1278615.0), centered at 2368
Finding the best star... Star with 2 terminals centered in 4569
round took: 4.59474 s
|V| = 9960, |E| = 17843, |R| = 7
>>> get_solution
>>> get_solution
  refine_solution: new weight 76158369 (was 76348651) in 0.002227 s
  refine_solution: new weight 76158369 (was 76158369) in 0.002061 s
75,,8817,17843,7,,7036,0,,76348651,76158369,67461412,67461412,67461412,,1278615,2,@@

  handle_small_Steiner_degrees: steiner 0, suppress 1 in 1.3e-05 s
Starting round 76
Found 1159 isolated vertices
Invalid ratios recomputed: 6932
Best ratio is 1295842/1 (1295842.0), centered at 8428
Finding the best star... Star with 2 terminals centered in 8428
round took: 4.86938 s
|V| = 9960, |E| = 17824, |R| = 6
>>> get_solution
>>> get_solution
  refine_solution: new weight 76158369 (was 76348651) in 0.002227 s
  refine_solution: new weight 76158369 (was 76158369) in 0.002064 s
76,,8801,17824,6,,6932,0,,76348651,76158369,68757254,68757254,68757254,,1295842,2,@@

  handle_small_Steiner_degrees: steiner 0, suppress 0 in 1.2e-05 s
Starting round 77
Found 1173 isolated vertices
Invalid ratios recomputed: 8089
Best ratio is 1303331/1 (1303331.0), centered at 8960
Finding the best star... Star with 2 terminals centered in 8972
round took: 6.11571 s
|V| = 9960, |E| = 17808, |R| = 5
>>> get_solution
>>> get_solution
  refine_solution: new weight 76086037 (was 76676243) in 0.002213 s
  refine_solution: new weight 76086037 (was 76086037) in 0.002062 s
77,,8787,17808,5,,8089,0,,76676243,76086037,70060585,70060585,70060585,,1303331,2,@@

  handle_small_Steiner_degrees: steiner 0, suppress 0 in 1.1e-05 s
Starting round 78
Found 1186 isolated vertices
Invalid ratios recomputed: 3242
Best ratio is 1371412/1 (1371412.0), centered at 4569
Finding the best star... Star with 2 terminals centered in 8972
round took: 1.78421 s
|V| = 9960, |E| = 17796, |R| = 4
>>> get_solution
>>> get_solution
  refine_solution: new weight 76086037 (was 76676243) in 0.002267 s
  refine_solution: new weight 76086037 (was 76086037) in 0.002064 s
78,,8774,17796,4,,3242,0,,76676243,76086037,71431997,71431997,71431997,,1371412,2,@@

  handle_small_Steiner_degrees: steiner 0, suppress 0 in 1.2e-05 s
Starting round 79
Found 1195 isolated vertices
Invalid ratios recomputed: 8299
Best ratio is 1401582/1 (1401582.0), centered at 3942
Finding the best star... Star with 2 terminals centered in 8428
round took: 6.84299 s
|V| = 9960, |E| = 17778, |R| = 3
>>> get_solution
>>> get_solution
  refine_solution: new weight 76086037 (was 76676243) in 0.002268 s
  refine_solution: new weight 76086037 (was 76086037) in 0.002061 s
79,,8765,17778,3,,8299,0,,76676243,76086037,72833579,72833579,72833579,,1401582,2,@@

  handle_small_Steiner_degrees: steiner 0, suppress 0 in 1.2e-05 s
Starting round 80
Found 1210 isolated vertices
Invalid ratios recomputed: 8608
Best ratio is 1556846/1 (1556846.0), centered at 9619
Finding the best star... Star with 2 terminals centered in 9637
round took: 9.3368 s
|V| = 9960, |E| = 17756, |R| = 2
>>> get_solution
>>> get_solution
  refine_solution: new weight 75803855 (was 75994137) in 0.002263 s
  refine_solution: new weight 75803855 (was 75803855) in 0.002068 s
80,,8750,17756,2,,8608,0,,75994137,75803855,74390425,74390425,74390425,,1556846,2,@@

  handle_small_Steiner_degrees: steiner 0, suppress 1 in 1.3e-05 s
Starting round 81
Found 1231 isolated vertices
Invalid ratios recomputed: 8729
Best ratio is 1603712/1 (1603712.0), centered at 8428
Finding the best star... Star with 2 terminals centered in 9637
round took: 9.32527 s
|V| = 9960, |E| = 17740, |R| = 1
>>> get_solution
>>> get_solution
  refine_solution: new weight 75803855 (was 75994137) in 0.002254 s
  refine_solution: new weight 75803855 (was 75803855) in 0.002065 s
81,,8729,17740,1,,8729,0,,75994137,75803855,75994137,75994137,75994137,,1603712,2,@@

  handle_small_Steiner_degrees: steiner 0, suppress 0 in 1.2e-05 s
contract_till_the_bitter_end: 69.8105 s

Calling end_heu
>>> get_solution
Saved weight 0
D: 75994137 -> 75449767
  BEST solution improved 75994137 -> 75449767 (vert_size 0, round 1) *
  BEST solution improved 75449767 -> 75406189 (vert_size 7, round 20) *
  BEST solution improved 75406189 -> 75327992 (vert_size 2, round 34) *
  BEST solution improved 75327992 -> 75237186 (vert_size 4, round 81)
  BEST solution improved 75237186 -> 75216712 (vert_size 3, round 203) *
  BEST solution improved 75216712 -> 75200747 (vert_size 7, round 293) *
  BEST solution improved 75200747 -> 75186186 (vert_size 7, round 392) *
  BEST solution improved 75186186 -> 75152878 (vert_size 3, round 574) *
  BEST solution improved 75152878 -> 75118732 (vert_size 4, round 774) *
  BEST solution improved 75118732 -> 75101783 (vert_size 7, round 846) *
  BEST solution improved 75101783 -> 75074698 (vert_size 2, round 942) *
  BEST solution improved 75074698 -> 74883949 (vert_size 2, round 972)
D: 74883949 -> 74790444
  BEST solution improved 74883949 -> 74790444 (vert_size 0, round 1001) *
  BEST solution improved 74883949 -> 74755308 (vert_size 4, round 1226) *
  BEST solution improved 74755308 -> 74755283 (vert_size 4, round 1450) *
  BEST solution improved 74755283 -> 74745276 (vert_size 7, round 1617) *
D: 74745276 -> 74651796
  BEST solution improved 74745276 -> 74651796 (vert_size 0, round 2001) *
  BEST solution improved 74651796 -> 74627050 (vert_size 2, round 2188) *
D: 74627050 -> 74627050
D: 74627050 -> 74627050
D: 74627050 -> 74627050
D: 74627050 -> 74651796
D: 74627050 -> 74748874
  BEST solution improved 74651796 -> 74612542 (vert_size 2, round 7881) *
D: 74612542 -> 74612542
  BEST solution improved 74612542 -> 74603943 (vert_size 4, round 8950) *
D: 74603943 -> 74588252
  BEST solution improved 74603943 -> 74588252 (vert_size 0, round 9001) *
D: 74588252 -> 74588252
D: 74588252 -> 74588252
  BEST solution improved 74588252 -> 74582409 (vert_size 4, round 11038) *
  BEST solution improved 74582409 -> 74548925 (vert_size 4, round 11306) *
D: 74548925 -> 74548925
D: 74548925 -> 75076639
D: 74612542 -> 74684874
D: 74627050 -> 74627050
D: 74662535 -> 74627506
D: 74548925 -> 74548925
D: 74627050 -> 74527387
  BEST solution improved 74627050 -> 74527387 (vert_size 0, round 18001) *
D: 74527387 -> 74527387
D: 74527387 -> 74527387
D: 74651796 -> 74651796
D: 74527387 -> 74552133
  BEST solution improved 74552133 -> 74512879 (vert_size 1, round 22226) *
  BEST solution improved 74512879 -> 74473552 (vert_size 4, round 22656) *
D: 74473552 -> 74473552
D: 74627506 -> 74749330
D: 74473552 -> 74473552
D: 74684874 -> 74684874
D: 74527387 -> 74527387
D: 74684874 -> 74684874
D: 74473552 -> 74473552
D: 74473552 -> 74473552
D: 74684874 -> 74684874
D: 74473552 -> 74473552
D: 74684874 -> 74684874
D: 74473552 -> 74473552
D: 74636948 -> 74621257
D: 74684874 -> 74657314
D: 74527387 -> 74527387
D: 74617987 -> 74877228
D: 74473552 -> 74473552
D: 74473552 -> 74473552
D: 74636948 -> 74660511
D: 74612542 -> 74684874
D: 74684874 -> 74686043
D: 74684874 -> 74806698
D: 74527387 -> 74527387
D: 74614127 -> 74614127
D: 74473552 -> 74473552
D: 74806698 -> 74806698
D: 74656589 -> 74548925
D: 74473552 -> 74531668
D: 74473552 -> 74473552
D: 74548925 -> 74548925
D: 74588252 -> 74627506
D: 74612542 -> 74651796
D: 74651796 -> 74724128
D: 74473552 -> 74473552

 start over 56488 loops 180 unique solutions 
Approx + random 
D: 83177879 -> 77864904
D: 74612542 -> 74612542
D: 74473552 -> 74473552
D: 74749330 -> 75060742
D: 74473552 -> 74473552
D: 74612542 -> 74873734
D: 74473552 -> 74514464
D: 76955342 -> 75812829
D: 74473552 -> 74473552
D: 74637427 -> 74627506
D: 77342635 -> 76240035
D: 74473552 -> 74512806
D: 74708098 -> 74642541
D: 74473552 -> 74473552
D: 74642541 -> 74642541
D: 74473552 -> 74500354
D: 74473552 -> 74473552
D: 74473552 -> 74473552
D: 75592417 -> 75328641
D: 74637427 -> 74633024
D: 74512806 -> 74537037
D: 74573215 -> 74855351
D: 74641494 -> 74594207
D: 75454632 -> 75304410
D: 74473552 -> 74473552
D: 74855351 -> 74894605
D: 75454632 -> 75304410
D: 75031970 -> 75092572
D: 74473552 -> 74473552
D: 74756895 -> 74699838
D: 76065496 -> 76099225
D: 74473552 -> 74473552
D: 75283046 -> 75323340
D: 76065496 -> 75619765

 start over 89407 loops 218 unique solutions 
Original + vert_size 0 
D: 75994137 -> 75484818
D: 76169136 -> 75485487
D: 75283046 -> 75178635
D: 75333718 -> 75456158
D: 75253898 -> 75174416
D: 74473552 -> 74473552
D: 74473552 -> 74473552
D: 74473552 -> 74473552
D: 75259729 -> 75174416
D: 74473552 -> 74473552
D: 74473552 -> 74473552
D: 74473552 -> 74473552
D: 74612542 -> 74612542
D: 74473552 -> 74595376
D: 74473552 -> 74473552
D: 74473552 -> 74595376
D: 74473552 -> 74585138
D: 74473552 -> 74473552
D: 74473552 -> 74813447
D: 74665563 -> 74595376
D: 74473552 -> 74584150
D: 74473552 -> 74473552
D: 74473552 -> 74473552
  BEST solution improved 74473552 -> 74452142 (vert_size 1, round 111658) *
D: 74452142 -> 74452142
D: 74665563 -> 74742103
D: 74813447 -> 74925033
D: 74742103 -> 74742103
D: 74473552 -> 74473552
D: 74907877 -> 74814435
D: 74638003 -> 74846493
D: 75249667 -> 74977843
D: 74638003 -> 74473552
D: 74693112 -> 74722022
D: 74452142 -> 74452142
D: 74800495 -> 75109179
D: 74585138 -> 74706962
D: 75270847 -> 75508285
D: 74452142 -> 74452142
D: 74706962 -> 74706962
D: 74452142 -> 74452142
D: 74813447 -> 74813447
D: 74473552 -> 74473552
D: 74473552 -> 74643430
D: 74536507 -> 74570922
D: 74452142 -> 74452142
D: 75216330 -> 75296826

 start over 134447 loops 264 unique solutions 
Original + vert_size 0 
D: 75994137 -> 75484818
D: 74907877 -> 74940435
D: 74452142 -> 74452142
D: 74452142 -> 74452142
D: 75259729 -> 75240400
D: 74452142 -> 74452142
D: 74452142 -> 74452142
D: 74473552 -> 74473552
D: 74820469 -> 74679718
D: 74452142 -> 74452142
D: 75240400 -> 75224228
D: 74820469 -> 74801542
D: 74848029 -> 74711138
D: 74452142 -> 74452142
D: 74452142 -> 74452142
D: 74452142 -> 74452142
D: 74801542 -> 74801542
D: 74452142 -> 74452142
D: 74452142 -> 74452142
D: 74602019 -> 74768100
D: 75240400 -> 75240400
D: 74452142 -> 74452142
D: 74697231 -> 74581809
D: 74452142 -> 74452142
D: 75224228 -> 75024900
D: 74452142 -> 74452142
D: 74452142 -> 74466650
D: 74581809 -> 74699773
D: 74452142 -> 74452142
D: 74679718 -> 74679718
D: 74679718 -> 75089362
D: 74581809 -> 74675542
D: 74705192 -> 74711138
D: 74602019 -> 74699773
D: 74473552 -> 74570922
D: 74843985 -> 74758269
D: 75240400 -> 75385105
D: 74452142 -> 74452142
D: 74675542 -> 74786140
D: 74665863 -> 74587088
D: 75240400 -> 75240400
D: 74452142 -> 74452142
D: 74768100 -> 74855962
D: 74452142 -> 74452142
D: 74452142 -> 74452142
D: 75240400 -> 75041072
D: 74452142 -> 74452142
D: 74569954 -> 74545884

 start over 181438 loops 305 unique solutions 
Original + vert_size 0 
D: 75994137 -> 75346170
D: 75226635 -> 75160019
D: 75261686 -> 75477206
D: 74539084 -> 74512806
D: 74512806 -> 74885747
D: 74452142 -> 74452142
D: 74452142 -> 74466650
D: 74789204 -> 74539608
D: 74452142 -> 74452142
D: 74452142 -> 75008013
D: 75093311 -> 74930489
D: 74452142 -> 74452142
D: 74452142 -> 74452142
D: 74545884 -> 74667708
D: 74452142 -> 74452142
D: 74891235 -> 75264176
D: 74452142 -> 74452142
D: 74452142 -> 74499429
D: 74452142 -> 74452142
D: 74452142 -> 74452142
D: 75128825 -> 75168079
D: 74499429 -> 74491396
D: 74930489 -> 74930489
D: 74452142 -> 74466650
D: 74592356 -> 75063238
D: 74452142 -> 74524474
D: 74452142 -> 74586971
D: 74676478 -> 74606096
D: 74452142 -> 74452142
D: 74891235 -> 74891235
D: 74735730 -> 74612542
D: 74606096 -> 74888232
D: 74452142 -> 74452142
D: 74735730 -> 74828249
D: 74452142 -> 74452142
D: 74452142 -> 74510258
D: 74499429 -> 74452142
D: 74602363 -> 74998130
D: 74936687 -> 74897415
D: 74897415 -> 74897415
D: 74452142 -> 74452142
D: 74851820 -> 74908560
D: 74452142 -> 74452142
D: 74908560 -> 74954155
D: 74930489 -> 74930489
D: 74452142 -> 74452142
D: 74452142 -> 74452142
D: 74452142 -> 74452142
D: 74612542 -> 74612542
D: 74510258 -> 74549512
D: 74452142 -> 74452142
D: 74452142 -> 74452142
D: 74466650 -> 74563728
D: 74602363 -> 75040265
D: 74907127 -> 75173298
D: 74452142 -> 74452142
D: 74666978 -> 74651796
D: 74452142 -> 74792037

 start over 238961 loops 366 unique solutions 
Approx + random 
D: 83177879 -> 77941052
D: 74926562 -> 74913350
D: 74452142 -> 74452142
D: 74452142 -> 74452142
D: 74452142 -> 74491396
D: 75063238 -> 75063238
D: 74930489 -> 75080113
D: 74452142 -> 74452142
D: 74452142 -> 74452142
D: 74907127 -> 74891162
D: 74452142 -> 74491396
D: 74452142 -> 74452142
D: 74452142 -> 74452142
D: 74452142 -> 74452142
D: 74452142 -> 74491396
D: 74452142 -> 74452142
D: 75060342 -> 75080113
D: 74491396 -> 74613220
D: 74891162 -> 74891162
D: 74452142 -> 74452142
D: 75080113 -> 75300058
D: 74452142 -> 74452142
D: 75074167 -> 75074663
D: 75074167 -> 75085631
D: 74452142 -> 74452142
D: 75080113 -> 75080113
D: 74452142 -> 74452142
D: 74452142 -> 74452142
D: 74452142 -> 74573966
D: 74452142 -> 74452142
D: 74762493 -> 74763642
D: 74452142 -> 74452142
D: 74762493 -> 74724315
D: 74452142 -> 74674399
D: 74452142 -> 74499429
D: 74452142 -> 74476373
D: 74452142 -> 74681439
D: 74452142 -> 74452142
D: 75273812 -> 75286546
D: 74452142 -> 74573966
D: 74452142 -> 74452142
D: 74452142 -> 74452142
D: 74452142 -> 74452142
D: 74452142 -> 74452142
D: 74452142 -> 74452142
D: 74491396 -> 74491396
D: 74471625 -> 74466650
D: 74452142 -> 74452142
D: 74452142 -> 74452142
D: 74741985 -> 74563433
D: 74452142 -> 74452142
D: 74452142 -> 74452142
D: 74452142 -> 74452142
D: 74563433 -> 74563433
D: 74499429 -> 74562740
  BEST solution improved 74452142 -> 74424555 (vert_size 4, round 292912) *
D: 74424555 -> 74424555
D: 74471625 -> 74603242
D: 74452142 -> 74452142
D: 74424555 -> 74424555

 start over 296685 loops 417 unique solutions 
Original + vert_size 13 
D: 75994137 -> 75484818
D: 74452142 -> 74452142
D: 75085631 -> 75081771
D: 74452142 -> 74478944
D: 74573966 -> 74573966
D: 74845500 -> 74695039
D: 75484818 -> 75333718
D: 74475378 -> 74452142
D: 75060589 -> 74951481
D: 74845500 -> 74734293
D: 74612469 -> 74612469
D: 74478944 -> 74551276
D: 74424555 -> 74424555
D: 74845500 -> 74695039
D: 74452142 -> 74491396
D: 74424555 -> 74424555
D: 74934284 -> 74965065
D: 74823623 -> 74527387
D: 74424555 -> 74424555
D: 74527387 -> 74527387
D: 74823623 -> 74781430
D: 74424555 -> 74424555
D: 74424555 -> 74424555
D: 74424555 -> 74424555
D: 74424555 -> 74424555
D: 74491396 -> 74491396
D: 75197331 -> 75124758
D: 75014842 -> 75031621
D: 74424555 -> 74424555
D: 75036519 -> 74923894
D: 74424555 -> 74424555
D: 74424555 -> 74424555
D: 74424555 -> 74424555
D: 74723676 -> 74666539
D: 74551276 -> 74590530
D: 74452142 -> 74452142
D: 74424555 -> 74424555
D: 74424555 -> 74573966
D: 74452142 -> 74573966
D: 74424555 -> 74463809
D: 74573966 -> 74573966
D: 74466650 -> 74466650
D: 74466650 -> 74577248
D: 74573966 -> 74573966
D: 74695039 -> 74695039
D: 74424555 -> 74424555
D: 74696910 -> 74696910
D: 74527387 -> 74527387

 start over 343236 loops 460 unique solutions 
Original + vert_size 0 
D: 75994137 -> 75346170
D: 74466650 -> 74466650
D: 74424555 -> 74424555
D: 74696910 -> 74982892
D: 74666267 -> 74612469
D: 75110300 -> 74917734
D: 74424555 -> 74424555
D: 74822677 -> 74790643
D: 74784570 -> 74531141
D: 74754573 -> 74754573
D: 74811557 -> 74686057
D: 75255585 -> 75138449
D: 74666267 -> 74862758
D: 74980136 -> 74674860
D: 74424555 -> 74424555
D: 74603473 -> 74603473
D: 74980136 -> 74825960
D: 74669789 -> 74669789
D: 74669789 -> 74669789
D: 74424555 -> 74439063
D: 74666267 -> 74612469
D: 74424555 -> 74424555
D: 74424555 -> 74424555
D: 74825408 -> 74645043
D: 74424555 -> 74424555
D: 74669789 -> 74669789
D: 74424555 -> 74424555
D: 74666267 -> 74612469
D: 74612469 -> 74612469
D: 74645043 -> 74669789
D: 74452560 -> 74452560
D: 74424555 -> 74424555
D: 74612469 -> 74657241
D: 74424555 -> 74424555
D: 74424555 -> 74424555
D: 74424555 -> 74424555
D: 74645043 -> 74766867
D: 74811557 -> 74758389
D: 74578727 -> 74578727
D: 74588436 -> 74564146
D: 74424555 -> 74424555
D: 74424555 -> 74452142
D: 74424555 -> 74424555
D: 74424555 -> 74424555
D: 74578727 -> 74578727
D: 74424555 -> 74424555
D: 74645043 -> 74696591
D: 74531141 -> 74531141

 start over 390952 loops 512 unique solutions 
Approx + random 
D: 83177879 -> 77614682
D: 74578727 -> 74624465
D: 74578727 -> 74578727
D: 74424555 -> 74424555
D: 74424555 -> 74424555
D: 74424555 -> 74452142
D: 74424555 -> 74424555
D: 74424555 -> 74424555
D: 74585211 -> 74695809
D: 74578727 -> 74700551
D: 74983031 -> 74876932
D: 74424555 -> 74546379
D: 74424555 -> 74424555
D: 74424555 -> 74424555
D: 74424555 -> 74424555
D: 74539400 -> 74602334
D: 74424555 -> 74546379
end_heu: 406519 loops with 539 unique solutions in 1799.9 s

Calling print_solution
>>> get_solution
  refine_solution: new weight 74424555 (was 74424555) in 0.002132 s
## FINAL WEIGHT 74424555
print_solution: 0.004651 s
