Version: final-94-gfffc3aa rub_all.sh: remove longest prefix
Random seed: 1549783302
Start
>>> save_orig_graph
>> Saved weight 0
Graph loaded
|V| = 10001, |E| = 19800, |R| = 100
First clearance of the input. Calling buy_zero and run_all_heuristics.
  buy_zero: 0 zero edges in 2.6e-05 s
  handle_small_terminal_degrees: terms 0 in 8e-06 s
  handle_small_Steiner_degrees: steiner 0, suppress 4 in 1.4e-05 s
  shortest_edge_between_terminals: 0 edges in 4e-06 s
  handle_small_terminal_degrees: terms 0 in 7e-06 s
  handle_small_Steiner_degrees: steiner 0, suppress 0 in 1.3e-05 s
  shortest_edge_between_terminals: 0 edges in 2e-06 s
Compressed graph 10001 -> 9996
  delete_edges: deleted 4 edges in 0.000482 s and 1 rounds
  handle_small_terminal_degrees: terms 0 in 7e-06 s
  handle_small_Steiner_degrees: steiner 0, suppress 8 in 1.6e-05 s
  shortest_edge_between_terminals: 0 edges in 3e-06 s
  handle_small_terminal_degrees: terms 0 in 7e-06 s
  handle_small_Steiner_degrees: steiner 0, suppress 0 in 1.3e-05 s
  shortest_edge_between_terminals: 0 edges in 2e-06 s
Compressed graph 9996 -> 9988
  delete_edges_shortest_path: deleted 8 edges in 0.054509 s
  handle_small_terminal_degrees: terms 0 in 7e-06 s
  handle_small_Steiner_degrees: steiner 0, suppress 12 in 1.7e-05 s
  shortest_edge_between_terminals: 0 edges in 3e-06 s
  handle_small_terminal_degrees: terms 0 in 8e-06 s
  handle_small_Steiner_degrees: steiner 0, suppress 0 in 1.2e-05 s
  shortest_edge_between_terminals: 0 edges in 2e-06 s
Compressed graph 9988 -> 9976
  handle_small_terminal_degrees: terms 0 in 8e-06 s
  handle_small_Steiner_degrees: steiner 0, suppress 0 in 1e-05 s
  shortest_edge_between_terminals: 0 edges in 5e-06 s
Compressed graph 9976 -> 9976
  delete_edges_shortest_path: deleted 12 edges in 0.054709 s
  handle_small_terminal_degrees: terms 0 in 8e-06 s
  handle_small_Steiner_degrees: steiner 0, suppress 16 in 1.9e-05 s
  shortest_edge_between_terminals: 0 edges in 3e-06 s
  handle_small_terminal_degrees: terms 0 in 8e-06 s
  handle_small_Steiner_degrees: steiner 0, suppress 0 in 1.2e-05 s
  shortest_edge_between_terminals: 0 edges in 2e-06 s
Compressed graph 9976 -> 9960
Compressed graph 9960 -> 9960
>>> save_orig_graph
>> Saved weight 0
### ZEL_LVL=0 PRECISE_STARS=0

Calling `contract_till_the_bitter_end`
|V| = 9960, |E| = 19736, |R| = 100
>>> get_solution
>>> get_solution
  refine_solution: new weight 84320355 (was 84355056) in 0.002302 s
  refine_solution: new weight 84320355 (was 84320355) in 0.002079 s
0,,9960,19736,100,,0,0,,84355056,84320355,0,0,0,,0,0,@@

  delete_edges: deleted 16 edges in 0.000932 s and 2 rounds
  handle_small_Steiner_degrees: steiner 0, suppress 20 in 2.3e-05 s
Starting round 1
Found 20 isolated vertices
Invalid ratios recomputed: 9940
Best ratio is 137099/1 (137099.0), centered at 6774
Finding the best star... Star with 2 terminals centered in 7174
round took: 0.332154 s
|V| = 9960, |E| = 19694, |R| = 99
>>> get_solution
>>> get_solution
  refine_solution: new weight 84320355 (was 84355056) in 0.002247 s
  refine_solution: new weight 84320355 (was 84320355) in 0.002072 s
1,,9940,19694,99,,9940,0,,84355056,84320355,137099,137099,137099,,137099,2,@@

  handle_small_Steiner_degrees: steiner 0, suppress 0 in 1.3e-05 s
Starting round 2
Found 25 isolated vertices
Invalid ratios recomputed: 309
Best ratio is 151552/1 (151552.0), centered at 8445
Finding the best star... Star with 2 terminals centered in 8546
round took: 0.013248 s
|V| = 9960, |E| = 19691, |R| = 98
>>> get_solution
>>> get_solution
  refine_solution: new weight 84320355 (was 84355056) in 0.002218 s
  refine_solution: new weight 84320355 (was 84320355) in 0.002064 s
2,,9935,19691,98,,309,0,,84355056,84320355,288651,288651,288651,,151552,2,@@

  handle_small_Steiner_degrees: steiner 0, suppress 0 in 1.2e-05 s
Starting round 3
Found 27 isolated vertices
Invalid ratios recomputed: 432
Best ratio is 197042/1 (197042.0), centered at 6553
Finding the best star... Star with 2 terminals centered in 6853
round took: 0.024632 s
|V| = 9960, |E| = 19686, |R| = 97
>>> get_solution
>>> get_solution
  refine_solution: new weight 84264712 (was 84299413) in 0.002211 s
  refine_solution: new weight 84264712 (was 84264712) in 0.002077 s
3,,9933,19686,97,,432,0,,84299413,84264712,485693,485693,485693,,197042,2,@@

  handle_small_Steiner_degrees: steiner 0, suppress 0 in 1.2e-05 s
Starting round 4
Found 31 isolated vertices
Invalid ratios recomputed: 539
Best ratio is 213455/1 (213455.0), centered at 9090
Finding the best star... Star with 2 terminals centered in 9191
round took: 0.024237 s
|V| = 9960, |E| = 19683, |R| = 96
>>> get_solution
>>> get_solution
  refine_solution: new weight 84264712 (was 84299413) in 0.002223 s
  refine_solution: new weight 84264712 (was 84264712) in 0.002059 s
4,,9929,19683,96,,539,0,,84299413,84264712,699148,699148,699148,,213455,2,@@

  handle_small_Steiner_degrees: steiner 0, suppress 0 in 1.2e-05 s
Starting round 5
Found 33 isolated vertices
Invalid ratios recomputed: 343
Best ratio is 235005/1 (235005.0), centered at 8218
Finding the best star... Star with 2 terminals centered in 8219
round took: 0.013199 s
|V| = 9960, |E| = 19680, |R| = 95
>>> get_solution
>>> get_solution
  refine_solution: new weight 84264712 (was 84299413) in 0.002214 s
  refine_solution: new weight 84264712 (was 84264712) in 0.002069 s
5,,9927,19680,95,,343,0,,84299413,84264712,934153,934153,934153,,235005,2,@@

  handle_small_Steiner_degrees: steiner 0, suppress 0 in 1.2e-05 s
Starting round 6
Found 35 isolated vertices
Invalid ratios recomputed: 455
Best ratio is 256904/1 (256904.0), centered at 7872
Finding the best star... Star with 2 terminals centered in 7973
round took: 0.022758 s
|V| = 9960, |E| = 19677, |R| = 94
>>> get_solution
>>> get_solution
  refine_solution: new weight 84264712 (was 84299413) in 0.002219 s
  refine_solution: new weight 84264712 (was 84264712) in 0.002062 s
6,,9925,19677,94,,455,0,,84299413,84264712,1191057,1191057,1191057,,256904,2,@@

  handle_small_Steiner_degrees: steiner 0, suppress 0 in 1.2e-05 s
Starting round 7
Found 37 isolated vertices
Invalid ratios recomputed: 413
Best ratio is 266409/1 (266409.0), centered at 2832
Finding the best star... Star with 2 terminals centered in 2834
round took: 0.020027 s
|V| = 9960, |E| = 19671, |R| = 93
>>> get_solution
>>> get_solution
  refine_solution: new weight 84166582 (was 84201283) in 0.00221 s
  refine_solution: new weight 84166582 (was 84166582) in 0.002071 s
7,,9923,19671,93,,413,0,,84201283,84166582,1457466,1457466,1457466,,266409,2,@@

  handle_small_Steiner_degrees: steiner 0, suppress 0 in 1.2e-05 s
Starting round 8
Found 42 isolated vertices
Invalid ratios recomputed: 540
Best ratio is 287601/1 (287601.0), centered at 8594
Finding the best star... Star with 2 terminals centered in 8598
round took: 0.029658 s
|V| = 9960, |E| = 19665, |R| = 92
>>> get_solution
>>> get_solution
  refine_solution: new weight 84166582 (was 84286953) in 0.002211 s
  refine_solution: new weight 84166582 (was 84166582) in 0.002085 s
8,,9918,19665,92,,540,0,,84286953,84166582,1745067,1745067,1745067,,287601,2,@@

  handle_small_Steiner_degrees: steiner 0, suppress 0 in 1.6e-05 s
Starting round 9
Found 47 isolated vertices
Invalid ratios recomputed: 505
Best ratio is 297894/1 (297894.0), centered at 3965
Finding the best star... Star with 2 terminals centered in 4266
round took: 0.018922 s
|V| = 9960, |E| = 19659, |R| = 91
>>> get_solution
>>> get_solution
  refine_solution: new weight 84151463 (was 84271834) in 0.002216 s
  refine_solution: new weight 84151463 (was 84151463) in 0.002076 s
9,,9913,19659,91,,505,0,,84271834,84151463,2042961,2042961,2042961,,297894,2,@@

  handle_small_Steiner_degrees: steiner 0, suppress 0 in 1.3e-05 s
Starting round 10
Found 51 isolated vertices
Invalid ratios recomputed: 458
Best ratio is 326739/1 (326739.0), centered at 6354
Finding the best star... Star with 2 terminals centered in 6853
round took: 0.019619 s
|V| = 9960, |E| = 19652, |R| = 90
>>> get_solution
>>> get_solution
  refine_solution: new weight 84151463 (was 84271834) in 0.002218 s
  refine_solution: new weight 84151463 (was 84151463) in 0.002085 s
10,,9909,19652,90,,458,0,,84271834,84151463,2369700,2369700,2369700,,326739,2,@@

  handle_small_Steiner_degrees: steiner 0, suppress 0 in 1.2e-05 s
Starting round 11
Found 56 isolated vertices
Invalid ratios recomputed: 579
Best ratio is 331802/1 (331802.0), centered at 2342
Finding the best star... Star with 2 terminals centered in 2742
round took: 0.031476 s
|V| = 9960, |E| = 19645, |R| = 89
>>> get_solution
>>> get_solution
  refine_solution: new weight 84084701 (was 84205072) in 0.002242 s
  refine_solution: new weight 84084701 (was 84084701) in 0.002095 s
11,,9904,19645,89,,579,0,,84205072,84084701,2701502,2701502,2701502,,331802,2,@@

  handle_small_Steiner_degrees: steiner 0, suppress 0 in 1.2e-05 s
Starting round 12
Found 62 isolated vertices
Invalid ratios recomputed: 472
Best ratio is 367199/1 (367199.0), centered at 7174
Finding the best star... Star with 2 terminals centered in 7277
round took: 0.022967 s
|V| = 9960, |E| = 19640, |R| = 88
>>> get_solution
>>> get_solution
  refine_solution: new weight 84084701 (was 84205072) in 0.002223 s
  refine_solution: new weight 84084701 (was 84084701) in 0.002097 s
12,,9898,19640,88,,472,0,,84205072,84084701,3068701,3068701,3068701,,367199,2,@@

  handle_small_Steiner_degrees: steiner 0, suppress 0 in 1.2e-05 s
Starting round 13
Found 66 isolated vertices
Invalid ratios recomputed: 439
Best ratio is 392357/1 (392357.0), centered at 9658
Finding the best star... Star with 2 terminals centered in 9662
round took: 0.022499 s
|V| = 9960, |E| = 19633, |R| = 87
>>> get_solution
>>> get_solution
  refine_solution: new weight 83965870 (was 84086241) in 0.00222 s
  refine_solution: new weight 83965870 (was 83965870) in 0.002076 s
13,,9894,19633,87,,439,0,,84086241,83965870,3461058,3461058,3461058,,392357,2,@@

  handle_small_Steiner_degrees: steiner 0, suppress 0 in 1.2e-05 s
Starting round 14
Found 72 isolated vertices
Invalid ratios recomputed: 451
Best ratio is 411351/1 (411351.0), centered at 2008
Finding the best star... Star with 2 terminals centered in 2409
round took: 0.021295 s
|V| = 9960, |E| = 19627, |R| = 86
>>> get_solution
>>> get_solution
  refine_solution: new weight 83965870 (was 84086241) in 0.002216 s
  refine_solution: new weight 83965870 (was 83965870) in 0.002078 s
14,,9888,19627,86,,451,0,,84086241,83965870,3872409,3872409,3872409,,411351,2,@@

  handle_small_Steiner_degrees: steiner 0, suppress 0 in 1.5e-05 s
Starting round 15
Found 77 isolated vertices
Invalid ratios recomputed: 415
Best ratio is 825645/2 (412822.5), centered at 7353
Finding the best star... Star with 3 terminals centered in 7361
round took: 0.019308 s
|V| = 9960, |E| = 19609, |R| = 84
>>> get_solution
>>> get_solution
  refine_solution: new weight 83804731 (was 83925102) in 0.002217 s
  refine_solution: new weight 83804731 (was 83804731) in 0.002085 s
15,,9883,19609,84,,415,0,,83925102,83804731,4698054,4698054,4698054,,825645,3,@@

  handle_small_Steiner_degrees: steiner 0, suppress 0 in 1.2e-05 s
Starting round 16
Found 92 isolated vertices
Invalid ratios recomputed: 910
Best ratio is 415997/1 (415997.0), centered at 1256
Finding the best star... Star with 2 terminals centered in 1656
round took: 0.067702 s
|V| = 9960, |E| = 19600, |R| = 83
>>> get_solution
>>> get_solution
  refine_solution: new weight 83833617 (was 83962089) in 0.002242 s
  refine_solution: new weight 83833617 (was 83833617) in 0.002075 s
16,,9868,19600,83,,910,0,,83962089,83833617,5114051,5114051,5114051,,415997,2,@@

  delete_edges: deleted 56 edges in 0.000993 s and 2 rounds
  handle_small_Steiner_degrees: steiner 2, suppress 41 in 3.3e-05 s
Starting round 17
Found 143 isolated vertices
Invalid ratios recomputed: 705
Best ratio is 835633/2 (417816.5), centered at 6141
Finding the best star... Star with 3 terminals centered in 6641
round took: 0.029747 s
|V| = 9960, |E| = 19486, |R| = 81
>>> get_solution
>>> get_solution
  refine_solution: new weight 83833617 (was 83962089) in 0.002231 s
  refine_solution: new weight 83833617 (was 83833617) in 0.002084 s
17,,9817,19486,81,,705,0,,83962089,83833617,5949684,5949684,5949684,,835633,3,@@

  handle_small_Steiner_degrees: steiner 0, suppress 0 in 1.2e-05 s
Starting round 18
Found 154 isolated vertices
Invalid ratios recomputed: 647
Best ratio is 433176/1 (433176.0), centered at 6995
Finding the best star... Star with 2 terminals centered in 7497
round took: 0.04248 s
|V| = 9960, |E| = 19478, |R| = 80
>>> get_solution
>>> get_solution
  refine_solution: new weight 83833617 (was 83962089) in 0.002227 s
  refine_solution: new weight 83833617 (was 83833617) in 0.002121 s
18,,9806,19478,80,,647,0,,83962089,83833617,6382860,6382860,6382860,,433176,2,@@

  handle_small_Steiner_degrees: steiner 0, suppress 0 in 1.2e-05 s
Starting round 19
Found 161 isolated vertices
Invalid ratios recomputed: 715
Best ratio is 433954/1 (433954.0), centered at 760
Finding the best star... Star with 2 terminals centered in 767
round took: 0.037931 s
|V| = 9960, |E| = 19464, |R| = 79
>>> get_solution
>>> get_solution
  refine_solution: new weight 83752397 (was 83909755) in 0.002226 s
  refine_solution: new weight 83752397 (was 83752397) in 0.002098 s
19,,9799,19464,79,,715,0,,83909755,83752397,6816814,6816814,6816814,,433954,2,@@

  handle_small_Steiner_degrees: steiner 0, suppress 0 in 1.2e-05 s
Starting round 20
Found 173 isolated vertices
Invalid ratios recomputed: 754
Best ratio is 434585/1 (434585.0), centered at 5024
Finding the best star... Star with 2 terminals centered in 5028
round took: 0.036531 s
|V| = 9960, |E| = 19458, |R| = 78
>>> get_solution
>>> get_solution
  refine_solution: new weight 83752397 (was 83921461) in 0.00222 s
  refine_solution: new weight 83752397 (was 83752397) in 0.002071 s
20,,9787,19458,78,,754,0,,83921461,83752397,7251399,7251399,7251399,,434585,2,@@

  handle_small_Steiner_degrees: steiner 0, suppress 0 in 1.2e-05 s
Starting round 21
Found 178 isolated vertices
Invalid ratios recomputed: 438
Best ratio is 479567/1 (479567.0), centered at 2264
Finding the best star... Star with 2 terminals centered in 2270
round took: 0.018161 s
|V| = 9960, |E| = 19448, |R| = 77
>>> get_solution
>>> get_solution
  refine_solution: new weight 83521523 (was 83690587) in 0.002219 s
  refine_solution: new weight 83521523 (was 83521523) in 0.002074 s
21,,9782,19448,77,,438,0,,83690587,83521523,7730966,7730966,7730966,,479567,2,@@

  handle_small_Steiner_degrees: steiner 0, suppress 0 in 1.2e-05 s
Starting round 22
Found 187 isolated vertices
Invalid ratios recomputed: 573
Best ratio is 480116/1 (480116.0), centered at 1010
Finding the best star... Star with 2 terminals centered in 1014
round took: 0.032913 s
|V| = 9960, |E| = 19440, |R| = 76
>>> get_solution
>>> get_solution
  refine_solution: new weight 83443479 (was 83612543) in 0.002214 s
  refine_solution: new weight 83443479 (was 83443479) in 0.002091 s
22,,9773,19440,76,,573,0,,83612543,83443479,8211082,8211082,8211082,,480116,2,@@

  handle_small_Steiner_degrees: steiner 0, suppress 0 in 1.2e-05 s
Starting round 23
Found 194 isolated vertices
Invalid ratios recomputed: 450
Best ratio is 498627/1 (498627.0), centered at 767
Finding the best star... Star with 2 terminals centered in 767
round took: 0.016306 s
|V| = 9960, |E| = 19432, |R| = 75
>>> get_solution
>>> get_solution
  refine_solution: new weight 83443479 (was 83612543) in 0.002215 s
  refine_solution: new weight 83443479 (was 83443479) in 0.002077 s
23,,9766,19432,75,,450,0,,83612543,83443479,8709709,8709709,8709709,,498627,2,@@

  handle_small_Steiner_degrees: steiner 0, suppress 0 in 1.2e-05 s
Starting round 24
Found 200 isolated vertices
Invalid ratios recomputed: 948
Best ratio is 516228/1 (516228.0), centered at 605
Finding the best star... Star with 2 terminals centered in 1014
round took: 0.057013 s
|V| = 9960, |E| = 19419, |R| = 74
>>> get_solution
>>> get_solution
  refine_solution: new weight 83417708 (was 83591135) in 0.002213 s
  refine_solution: new weight 83417708 (was 83417708) in 0.002093 s
24,,9760,19419,74,,948,0,,83591135,83417708,9225937,9225937,9225937,,516228,2,@@

  handle_small_Steiner_degrees: steiner 0, suppress 0 in 1.2e-05 s
Starting round 25
Found 209 isolated vertices
Invalid ratios recomputed: 495
Best ratio is 526940/1 (526940.0), centered at 814
Finding the best star... Star with 2 terminals centered in 816
round took: 0.019724 s
|V| = 9960, |E| = 19413, |R| = 73
>>> get_solution
>>> get_solution
  refine_solution: new weight 83417708 (was 83591135) in 0.002211 s
  refine_solution: new weight 83417708 (was 83417708) in 0.002078 s
25,,9751,19413,73,,495,0,,83591135,83417708,9752877,9752877,9752877,,526940,2,@@

  handle_small_Steiner_degrees: steiner 0, suppress 0 in 1.5e-05 s
Starting round 26
Found 213 isolated vertices
Invalid ratios recomputed: 645
Best ratio is 539592/1 (539592.0), centered at 9430
Finding the best star... Star with 2 terminals centered in 9536
round took: 0.031954 s
|V| = 9960, |E| = 19404, |R| = 72
>>> get_solution
>>> get_solution
  refine_solution: new weight 83187733 (was 83361160) in 0.002215 s
  refine_solution: new weight 83187733 (was 83187733) in 0.002081 s
26,,9747,19404,72,,645,0,,83361160,83187733,10292469,10292469,10292469,,539592,2,@@

  handle_small_Steiner_degrees: steiner 0, suppress 0 in 1.2e-05 s
Starting round 27
Found 220 isolated vertices
Invalid ratios recomputed: 481
Best ratio is 551959/1 (551959.0), centered at 3280
Finding the best star... Star with 2 terminals centered in 3580
round took: 0.024244 s
|V| = 9960, |E| = 19399, |R| = 71
>>> get_solution
>>> get_solution
  refine_solution: new weight 83187733 (was 83361160) in 0.002232 s
  refine_solution: new weight 83187733 (was 83187733) in 0.002073 s
27,,9740,19399,71,,481,0,,83361160,83187733,10844428,10844428,10844428,,551959,2,@@

  handle_small_Steiner_degrees: steiner 0, suppress 0 in 1.2e-05 s
Starting round 28
Found 224 isolated vertices
Invalid ratios recomputed: 314
Best ratio is 611447/1 (611447.0), centered at 1922
Finding the best star... Star with 2 terminals centered in 1926
round took: 0.012749 s
|V| = 9960, |E| = 19392, |R| = 70
>>> get_solution
>>> get_solution
  refine_solution: new weight 83048259 (was 83221686) in 0.002212 s
  refine_solution: new weight 83048259 (was 83048259) in 0.002102 s
28,,9736,19392,70,,314,0,,83221686,83048259,11455875,11455875,11455875,,611447,2,@@

  handle_small_Steiner_degrees: steiner 0, suppress 0 in 1.2e-05 s
Starting round 29
Found 230 isolated vertices
Invalid ratios recomputed: 665
Best ratio is 630530/1 (630530.0), centered at 816
Finding the best star... Star with 2 terminals centered in 2409
round took: 0.042571 s
|V| = 9960, |E| = 19377, |R| = 69
>>> get_solution
>>> get_solution
  refine_solution: new weight 83048259 (was 83221686) in 0.002218 s
  refine_solution: new weight 83048259 (was 83048259) in 0.00209 s
29,,9730,19377,69,,665,0,,83221686,83048259,12086405,12086405,12086405,,630530,2,@@

  handle_small_Steiner_degrees: steiner 0, suppress 0 in 1.2e-05 s
Starting round 30
Found 240 isolated vertices
Invalid ratios recomputed: 795
Best ratio is 632186/1 (632186.0), centered at 5028
Finding the best star... Star with 2 terminals centered in 5425
round took: 0.050612 s
|V| = 9960, |E| = 19371, |R| = 68
>>> get_solution
>>> get_solution
  refine_solution: new weight 83048259 (was 83221686) in 0.002217 s
  refine_solution: new weight 83048259 (was 83048259) in 0.002081 s
30,,9720,19371,68,,795,0,,83221686,83048259,12718591,12718591,12718591,,632186,2,@@

  handle_small_Steiner_degrees: steiner 0, suppress 0 in 1.2e-05 s
Starting round 31
Found 244 isolated vertices
Invalid ratios recomputed: 523
Best ratio is 633953/1 (633953.0), centered at 2881
Finding the best star... Star with 2 terminals centered in 2886
round took: 0.024293 s
|V| = 9960, |E| = 19360, |R| = 67
>>> get_solution
>>> get_solution
  refine_solution: new weight 83048259 (was 83221686) in 0.002211 s
  refine_solution: new weight 83048259 (was 83048259) in 0.002078 s
31,,9716,19360,67,,523,0,,83221686,83048259,13352544,13352544,13352544,,633953,2,@@

  handle_small_Steiner_degrees: steiner 0, suppress 1 in 1.6e-05 s
Starting round 32
Found 254 isolated vertices
Invalid ratios recomputed: 466
Best ratio is 646227/1 (646227.0), centered at 7273
Finding the best star... Star with 2 terminals centered in 7973
round took: 0.020667 s
|V| = 9960, |E| = 19347, |R| = 66
>>> get_solution
>>> get_solution
  refine_solution: new weight 83048259 (was 83221686) in 0.002214 s
  refine_solution: new weight 83048259 (was 83048259) in 0.002077 s
32,,9706,19347,66,,466,0,,83221686,83048259,13998771,13998771,13998771,,646227,2,@@

  delete_edges: deleted 107 edges in 0.002648 s and 5 rounds
  handle_small_Steiner_degrees: steiner 0, suppress 76 in 4.8e-05 s
Starting round 33
Found 338 isolated vertices
Invalid ratios recomputed: 852
Best ratio is 1326019/2 (663009.5), centered at 896
Finding the best star... Star with 3 terminals centered in 1500
round took: 0.066602 s
|V| = 9960, |E| = 19136, |R| = 64
>>> get_solution
>>> get_solution
  refine_solution: new weight 83036271 (was 83209698) in 0.002196 s
  refine_solution: new weight 83036271 (was 83036271) in 0.002093 s
33,,9622,19136,64,,852,0,,83209698,83036271,15324790,15324790,15324790,,1326019,3,@@

  handle_small_Steiner_degrees: steiner 0, suppress 1 in 1.7e-05 s
Starting round 34
Found 360 isolated vertices
Invalid ratios recomputed: 834
Best ratio is 663805/1 (663805.0), centered at 7719
Finding the best star... Star with 2 terminals centered in 8219
round took: 0.047403 s
|V| = 9960, |E| = 19127, |R| = 63
>>> get_solution
>>> get_solution
  refine_solution: new weight 82860897 (was 83034324) in 0.002216 s
  refine_solution: new weight 82860897 (was 82860897) in 0.002091 s
34,,9600,19127,63,,834,0,,83034324,82860897,15988595,15988595,15988595,,663805,2,@@

  handle_small_Steiner_degrees: steiner 0, suppress 1 in 1.6e-05 s
Starting round 35
Found 367 isolated vertices
Invalid ratios recomputed: 717
Best ratio is 1353049/2 (676524.5), centered at 6133
Finding the best star... Star with 3 terminals centered in 6641
round took: 0.040989 s
|V| = 9960, |E| = 19106, |R| = 61
>>> get_solution
>>> get_solution
  refine_solution: new weight 82313396 (was 82486823) in 0.002185 s
  refine_solution: new weight 82313396 (was 82313396) in 0.002099 s
35,,9593,19106,61,,717,0,,82486823,82313396,17341644,17341644,17341644,,1353049,3,@@

  handle_small_Steiner_degrees: steiner 0, suppress 0 in 1.2e-05 s
Starting round 36
Found 384 isolated vertices
Invalid ratios recomputed: 922
Best ratio is 689471/1 (689471.0), centered at 888
Finding the best star... Star with 2 terminals centered in 1788
round took: 0.074018 s
|V| = 9960, |E| = 19095, |R| = 60
>>> get_solution
>>> get_solution
  refine_solution: new weight 82172143 (was 82345570) in 0.002208 s
  refine_solution: new weight 82172143 (was 82172143) in 0.002082 s
36,,9576,19095,60,,922,0,,82345570,82172143,18031115,18031115,18031115,,689471,2,@@

  handle_small_Steiner_degrees: steiner 0, suppress 0 in 1.2e-05 s
Starting round 37
Found 394 isolated vertices
Invalid ratios recomputed: 984
Best ratio is 1432420/2 (716210.0), centered at 5783
Finding the best star... Star with 3 terminals centered in 6183
round took: 0.063917 s
|V| = 9960, |E| = 19080, |R| = 58
>>> get_solution
>>> get_solution
  refine_solution: new weight 82172143 (was 82345570) in 0.002214 s
  refine_solution: new weight 82172143 (was 82172143) in 0.002075 s
37,,9566,19080,58,,984,0,,82345570,82172143,19463535,19463535,19463535,,1432420,3,@@

  handle_small_Steiner_degrees: steiner 0, suppress 0 in 1.1e-05 s
Starting round 38
Found 406 isolated vertices
Invalid ratios recomputed: 629
Best ratio is 717450/1 (717450.0), centered at 5733
Finding the best star... Star with 2 terminals centered in 6641
round took: 0.038609 s
|V| = 9960, |E| = 19072, |R| = 57
>>> get_solution
>>> get_solution
  refine_solution: new weight 81981038 (was 82154465) in 0.002207 s
  refine_solution: new weight 81981038 (was 81981038) in 0.002083 s
38,,9554,19072,57,,629,0,,82154465,81981038,20180985,20180985,20180985,,717450,2,@@

  handle_small_Steiner_degrees: steiner 0, suppress 0 in 1.2e-05 s
Starting round 39
Found 412 isolated vertices
Invalid ratios recomputed: 983
Best ratio is 720912/1 (720912.0), centered at 3747
Finding the best star... Star with 2 terminals centered in 4147
round took: 0.08536 s
|V| = 9960, |E| = 19066, |R| = 56
>>> get_solution
>>> get_solution
  refine_solution: new weight 81981038 (was 82163070) in 0.002204 s
  refine_solution: new weight 81981038 (was 81981038) in 0.002077 s
39,,9548,19066,56,,983,0,,82163070,81981038,20901897,20901897,20901897,,720912,2,@@

  handle_small_Steiner_degrees: steiner 0, suppress 0 in 1.2e-05 s
Starting round 40
Found 417 isolated vertices
Invalid ratios recomputed: 551
Best ratio is 1491672/2 (745836.0), centered at 4150
Finding the best star... Star with 3 terminals centered in 4266
round took: 0.030184 s
|V| = 9960, |E| = 19041, |R| = 54
>>> get_solution
>>> get_solution
  refine_solution: new weight 81718546 (was 81900578) in 0.002202 s
  refine_solution: new weight 81718546 (was 81718546) in 0.002095 s
40,,9543,19041,54,,551,0,,81900578,81718546,22393569,22393569,22393569,,1491672,3,@@

  handle_small_Steiner_degrees: steiner 0, suppress 0 in 1.2e-05 s
Starting round 41
Found 438 isolated vertices
Invalid ratios recomputed: 970
Best ratio is 1503094/2 (751547.0), centered at 9429
Finding the best star... Star with 3 terminals centered in 9913
round took: 0.066903 s
|V| = 9960, |E| = 19025, |R| = 52
>>> get_solution
>>> get_solution
  refine_solution: new weight 81550098 (was 81732130) in 0.002228 s
  refine_solution: new weight 81550098 (was 81550098) in 0.002083 s
41,,9522,19025,52,,970,0,,81732130,81550098,23896663,23896663,23896663,,1503094,3,@@

  handle_small_Steiner_degrees: steiner 0, suppress 0 in 1.2e-05 s
Starting round 42
Found 451 isolated vertices
Invalid ratios recomputed: 617
Best ratio is 1544986/2 (772493.0), centered at 4713
Finding the best star... Star with 3 terminals centered in 4815
round took: 0.049745 s
|V| = 9960, |E| = 19008, |R| = 50
>>> get_solution
>>> get_solution
  refine_solution: new weight 81550098 (was 81732130) in 0.00221 s
  refine_solution: new weight 81550098 (was 81550098) in 0.002085 s
42,,9509,19008,50,,617,0,,81732130,81550098,25441649,25441649,25441649,,1544986,3,@@

  handle_small_Steiner_degrees: steiner 0, suppress 0 in 1.2e-05 s
Starting round 43
Found 465 isolated vertices
Invalid ratios recomputed: 572
Best ratio is 775167/1 (775167.0), centered at 359
Finding the best star... Star with 2 terminals centered in 767
round took: 0.030263 s
|V| = 9960, |E| = 19000, |R| = 49
>>> get_solution
>>> get_solution
  refine_solution: new weight 81550098 (was 81732130) in 0.002191 s
  refine_solution: new weight 81550098 (was 81550098) in 0.002095 s
43,,9495,19000,49,,572,0,,81732130,81550098,26216816,26216816,26216816,,775167,2,@@

  handle_small_Steiner_degrees: steiner 0, suppress 0 in 1.2e-05 s
Starting round 44
Found 471 isolated vertices
Invalid ratios recomputed: 993
Best ratio is 1562405/2 (781202.5), centered at 4666
Finding the best star... Star with 3 terminals centered in 4669
round took: 0.065389 s
|V| = 9960, |E| = 18980, |R| = 47
>>> get_solution
>>> get_solution
  refine_solution: new weight 81245400 (was 81427432) in 0.002207 s
  refine_solution: new weight 81245400 (was 81245400) in 0.002088 s
44,,9489,18980,47,,993,0,,81427432,81245400,27779221,27779221,27779221,,1562405,3,@@

  handle_small_Steiner_degrees: steiner 0, suppress 0 in 1.2e-05 s
Starting round 45
Found 488 isolated vertices
Invalid ratios recomputed: 1166
Best ratio is 1586730/2 (793365.0), centered at 2588
Finding the best star... Star with 3 terminals centered in 2593
round took: 0.1142 s
|V| = 9960, |E| = 18958, |R| = 45
>>> get_solution
>>> get_solution
  refine_solution: new weight 80933158 (was 81242885) in 0.002204 s
  refine_solution: new weight 80933158 (was 80933158) in 0.002087 s
45,,9472,18958,45,,1166,0,,81242885,80933158,29365951,29365951,29365951,,1586730,3,@@

  handle_small_Steiner_degrees: steiner 0, suppress 0 in 1.2e-05 s
Starting round 46
Found 506 isolated vertices
Invalid ratios recomputed: 1247
Best ratio is 812065/1 (812065.0), centered at 5335
Finding the best star... Star with 2 terminals centered in 6641
round took: 0.111279 s
|V| = 9960, |E| = 18952, |R| = 44
>>> get_solution
>>> get_solution
  refine_solution: new weight 80933158 (was 81242885) in 0.002206 s
  refine_solution: new weight 80933158 (was 80933158) in 0.00209 s
46,,9454,18952,44,,1247,0,,81242885,80933158,30178016,30178016,30178016,,812065,2,@@

  handle_small_Steiner_degrees: steiner 0, suppress 0 in 1.2e-05 s
Starting round 47
Found 510 isolated vertices
Invalid ratios recomputed: 1252
Best ratio is 1634311/2 (817155.5), centered at 3047
Finding the best star... Star with 3 terminals centered in 4669
round took: 0.132862 s
|V| = 9960, |E| = 18929, |R| = 42
>>> get_solution
>>> get_solution
  refine_solution: new weight 80407335 (was 80708457) in 0.002219 s
  refine_solution: new weight 80407335 (was 80407335) in 0.002098 s
47,,9450,18929,42,,1252,0,,80708457,80407335,31812327,31812327,31812327,,1634311,3,@@

  handle_small_Steiner_degrees: steiner 0, suppress 0 in 1.2e-05 s
Starting round 48
Found 527 isolated vertices
Invalid ratios recomputed: 1807
Best ratio is 844294/1 (844294.0), centered at 8598
Finding the best star... Star with 2 terminals centered in 8598
round took: 0.232649 s
|V| = 9960, |E| = 18920, |R| = 41
>>> get_solution
>>> get_solution
  refine_solution: new weight 80137987 (was 80353439) in 0.002219 s
  refine_solution: new weight 80137987 (was 80137987) in 0.002072 s
48,,9433,18920,41,,1807,0,,80353439,80137987,32656621,32656621,32656621,,844294,2,@@

  delete_edges: deleted 182 edges in 0.003357 s and 5 rounds
  handle_small_Steiner_degrees: steiner 10, suppress 113 in 7.6e-05 s
Starting round 49
Found 658 isolated vertices
Invalid ratios recomputed: 524
Best ratio is 1694385/2 (847192.5), centered at 2251
Finding the best star... Star with 3 terminals centered in 2270
round took: 0.024643 s
|V| = 9960, |E| = 18574, |R| = 39
>>> get_solution
>>> get_solution
  refine_solution: new weight 80089115 (was 80267580) in 0.002265 s
  refine_solution: new weight 80089115 (was 80089115) in 0.002142 s
49,,9302,18574,39,,524,0,,80267580,80089115,34351006,34351006,34351006,,1694385,3,@@

  handle_small_Steiner_degrees: steiner 0, suppress 2 in 2e-05 s
Starting round 50
Found 688 isolated vertices
Invalid ratios recomputed: 2403
Best ratio is 866687/1 (866687.0), centered at 1000
Finding the best star... Star with 2 terminals centered in 2409
round took: 0.445554 s
|V| = 9960, |E| = 18557, |R| = 38
>>> get_solution
>>> get_solution
  refine_solution: new weight 80089115 (was 80267580) in 0.002223 s
  refine_solution: new weight 80089115 (was 80089115) in 0.00208 s
50,,9272,18557,38,,2403,0,,80267580,80089115,35217693,35217693,35217693,,866687,2,@@

  handle_small_Steiner_degrees: steiner 0, suppress 1 in 1.6e-05 s
Starting round 51
Found 700 isolated vertices
Invalid ratios recomputed: 1565
Best ratio is 1754136/2 (877068.0), centered at 8097
Finding the best star... Star with 3 terminals centered in 8598
round took: 0.185795 s
|V| = 9960, |E| = 18536, |R| = 36
>>> get_solution
>>> get_solution
  refine_solution: new weight 78878701 (was 78894770) in 0.002202 s
  refine_solution: new weight 78878701 (was 78878701) in 0.002074 s
51,,9260,18536,36,,1565,0,,78894770,78878701,36971829,36971829,36971829,,1754136,3,@@

  handle_small_Steiner_degrees: steiner 0, suppress 0 in 1.1e-05 s
Starting round 52
Found 715 isolated vertices
Invalid ratios recomputed: 1253
Best ratio is 880524/1 (880524.0), centered at 2270
Finding the best star... Star with 2 terminals centered in 3468
round took: 0.096763 s
|V| = 9960, |E| = 18523, |R| = 35
>>> get_solution
>>> get_solution
  refine_solution: new weight 78878701 (was 78894770) in 0.00221 s
  refine_solution: new weight 78878701 (was 78878701) in 0.002096 s
52,,9245,18523,35,,1253,0,,78894770,78878701,37852353,37852353,37852353,,880524,2,@@

  handle_small_Steiner_degrees: steiner 0, suppress 0 in 1.2e-05 s
Starting round 53
Found 727 isolated vertices
Invalid ratios recomputed: 2391
Best ratio is 912657/1 (912657.0), centered at 6417
Finding the best star... Star with 2 terminals centered in 8219
round took: 0.48029 s
|V| = 9960, |E| = 18504, |R| = 34
>>> get_solution
>>> get_solution
  refine_solution: new weight 78874041 (was 78890110) in 0.002231 s
  refine_solution: new weight 78874041 (was 78874041) in 0.002088 s
53,,9233,18504,34,,2391,0,,78890110,78874041,38765010,38765010,38765010,,912657,2,@@

  handle_small_Steiner_degrees: steiner 0, suppress 0 in 1.5e-05 s
Starting round 54
Found 742 isolated vertices
Invalid ratios recomputed: 1003
Best ratio is 1829127/2 (914563.5), centered at 821
Finding the best star... Star with 3 terminals centered in 1926
round took: 0.091465 s
|V| = 9960, |E| = 18479, |R| = 32
>>> get_solution
>>> get_solution
  refine_solution: new weight 78874041 (was 78890110) in 0.002214 s
  refine_solution: new weight 78874041 (was 78874041) in 0.002087 s
54,,9218,18479,32,,1003,0,,78890110,78874041,40594137,40594137,40594137,,1829127,3,@@

  handle_small_Steiner_degrees: steiner 0, suppress 0 in 1.2e-05 s
Starting round 55
Found 763 isolated vertices
Invalid ratios recomputed: 1998
Best ratio is 937653/1 (937653.0), centered at 189
Finding the best star... Star with 2 terminals centered in 1926
round took: 0.323912 s
|V| = 9960, |E| = 18467, |R| = 31
>>> get_solution
>>> get_solution
  refine_solution: new weight 78874041 (was 78890110) in 0.002231 s
  refine_solution: new weight 78874041 (was 78874041) in 0.00208 s
55,,9197,18467,31,,1998,0,,78890110,78874041,41531790,41531790,41531790,,937653,2,@@

  handle_small_Steiner_degrees: steiner 0, suppress 0 in 1.1e-05 s
Starting round 56
Found 773 isolated vertices
Invalid ratios recomputed: 1988
Best ratio is 959559/1 (959559.0), centered at 7361
Finding the best star... Star with 2 terminals centered in 7973
round took: 0.345093 s
|V| = 9960, |E| = 18446, |R| = 30
>>> get_solution
>>> get_solution
  refine_solution: new weight 78723852 (was 78739921) in 0.002249 s
  refine_solution: new weight 78723852 (was 78723852) in 0.002093 s
56,,9187,18446,30,,1988,0,,78739921,78723852,42491349,42491349,42491349,,959559,2,@@

  handle_small_Steiner_degrees: steiner 0, suppress 0 in 1.2e-05 s
Starting round 57
Found 789 isolated vertices
Invalid ratios recomputed: 1370
Best ratio is 961327/1 (961327.0), centered at 2834
Finding the best star... Star with 2 terminals centered in 3468
round took: 0.210698 s
|V| = 9960, |E| = 18436, |R| = 29
>>> get_solution
>>> get_solution
  refine_solution: new weight 78723852 (was 78739921) in 0.002249 s
  refine_solution: new weight 78723852 (was 78723852) in 0.002097 s
57,,9171,18436,29,,1370,0,,78739921,78723852,43452676,43452676,43452676,,961327,2,@@

  handle_small_Steiner_degrees: steiner 0, suppress 0 in 1.2e-05 s
Starting round 58
Found 797 isolated vertices
Invalid ratios recomputed: 3519
Best ratio is 964216/1 (964216.0), centered at 5029
Finding the best star... Star with 2 terminals centered in 6641
round took: 0.86221 s
|V| = 9960, |E| = 18424, |R| = 28
>>> get_solution
>>> get_solution
  refine_solution: new weight 78723852 (was 78739921) in 0.002251 s
  refine_solution: new weight 78723852 (was 78723852) in 0.002079 s
58,,9163,18424,28,,3519,0,,78739921,78723852,44416892,44416892,44416892,,964216,2,@@

  handle_small_Steiner_degrees: steiner 0, suppress 0 in 1.2e-05 s
Starting round 59
Found 807 isolated vertices
Invalid ratios recomputed: 2034
Best ratio is 974823/1 (974823.0), centered at 4027
Finding the best star... Star with 2 terminals centered in 6641
round took: 0.311328 s
|V| = 9960, |E| = 18412, |R| = 27
>>> get_solution
>>> get_solution
  refine_solution: new weight 78723852 (was 78739921) in 0.002229 s
  refine_solution: new weight 78723852 (was 78723852) in 0.002097 s
59,,9153,18412,27,,2034,0,,78739921,78723852,45391715,45391715,45391715,,974823,2,@@

  handle_small_Steiner_degrees: steiner 0, suppress 0 in 1.2e-05 s
Starting round 60
Found 817 isolated vertices
Invalid ratios recomputed: 2180
Best ratio is 993100/1 (993100.0), centered at 8855
Finding the best star... Star with 2 terminals centered in 9662
round took: 0.420149 s
|V| = 9960, |E| = 18396, |R| = 26
>>> get_solution
>>> get_solution
  refine_solution: new weight 78699806 (was 78715875) in 0.002238 s
  refine_solution: new weight 78699806 (was 78699806) in 0.002084 s
60,,9143,18396,26,,2180,0,,78715875,78699806,46384815,46384815,46384815,,993100,2,@@

  handle_small_Steiner_degrees: steiner 0, suppress 0 in 1.1e-05 s
Starting round 61
Found 829 isolated vertices
Invalid ratios recomputed: 921
Best ratio is 1003416/1 (1003416.0), centered at 7984
Finding the best star... Star with 2 terminals centered in 8598
round took: 0.087768 s
|V| = 9960, |E| = 18381, |R| = 25
>>> get_solution
>>> get_solution
  refine_solution: new weight 78699806 (was 78715875) in 0.00224 s
  refine_solution: new weight 78699806 (was 78699806) in 0.002093 s
61,,9131,18381,25,,921,0,,78715875,78699806,47388231,47388231,47388231,,1003416,2,@@

  handle_small_Steiner_degrees: steiner 0, suppress 0 in 1.1e-05 s
Starting round 62
Found 842 isolated vertices
Invalid ratios recomputed: 1282
Best ratio is 1004467/1 (1004467.0), centered at 4499
Finding the best star... Star with 2 terminals centered in 4815
round took: 0.11785 s
|V| = 9960, |E| = 18371, |R| = 24
>>> get_solution
>>> get_solution
  refine_solution: new weight 78555270 (was 78571339) in 0.002263 s
  refine_solution: new weight 78555270 (was 78555270) in 0.002088 s
62,,9118,18371,24,,1282,0,,78571339,78555270,48392698,48392698,48392698,,1004467,2,@@

  handle_small_Steiner_degrees: steiner 0, suppress 0 in 1.2e-05 s
Starting round 63
Found 851 isolated vertices
Invalid ratios recomputed: 941
Best ratio is 1025708/1 (1025708.0), centered at 76
Finding the best star... Star with 2 terminals centered in 87
round took: 0.096781 s
|V| = 9960, |E| = 18355, |R| = 23
>>> get_solution
>>> get_solution
  refine_solution: new weight 78555270 (was 78571339) in 0.002239 s
  refine_solution: new weight 78555270 (was 78555270) in 0.002113 s
63,,9109,18355,23,,941,0,,78571339,78555270,49418406,49418406,49418406,,1025708,2,@@

  handle_small_Steiner_degrees: steiner 0, suppress 0 in 1.1e-05 s
Starting round 64
Found 865 isolated vertices
Invalid ratios recomputed: 3577
Best ratio is 2065433/2 (1032716.5), centered at 3209
Finding the best star... Star with 3 terminals centered in 3511
round took: 0.936568 s
|V| = 9960, |E| = 18332, |R| = 21
>>> get_solution
>>> get_solution
  refine_solution: new weight 78553886 (was 78697650) in 0.00227 s
  refine_solution: new weight 78553886 (was 78553886) in 0.002107 s
64,,9095,18332,21,,3577,0,,78697650,78553886,51483839,51483839,51483839,,2065433,3,@@

  delete_edges: deleted 220 edges in 0.013336 s and 12 rounds
  handle_small_Steiner_degrees: steiner 3, suppress 161 in 0.000134 s
Starting round 65
Found 1049 isolated vertices
Invalid ratios recomputed: 2650
Best ratio is 1036958/1 (1036958.0), centered at 87
Finding the best star... Star with 2 terminals centered in 4978
round took: 0.643562 s
|V| = 9960, |E| = 17915, |R| = 20
>>> get_solution
>>> get_solution
  refine_solution: new weight 78553886 (was 78697650) in 0.002229 s
  refine_solution: new weight 78553886 (was 78553886) in 0.0021 s
65,,8911,17915,20,,2650,0,,78697650,78553886,52520797,52520797,52520797,,1036958,2,@@

  handle_small_Steiner_degrees: steiner 0, suppress 4 in 2.4e-05 s
Starting round 66
Found 1065 isolated vertices
Invalid ratios recomputed: 3430
Best ratio is 1038538/1 (1038538.0), centered at 3511
Finding the best star... Star with 2 terminals centered in 4815
round took: 1.0036 s
|V| = 9960, |E| = 17896, |R| = 19
>>> get_solution
>>> get_solution
  refine_solution: new weight 78553886 (was 78697650) in 0.002237 s
  refine_solution: new weight 78553886 (was 78553886) in 0.002098 s
66,,8895,17896,19,,3430,0,,78697650,78553886,53559335,53559335,53559335,,1038538,2,@@

  handle_small_Steiner_degrees: steiner 0, suppress 0 in 1.5e-05 s
Starting round 67
Found 1075 isolated vertices
Invalid ratios recomputed: 3985
Best ratio is 1103537/1 (1103537.0), centered at 4804
Finding the best star... Star with 2 terminals centered in 5604
round took: 1.14483 s
|V| = 9960, |E| = 17886, |R| = 18
>>> get_solution
>>> get_solution
  refine_solution: new weight 78553886 (was 78697650) in 0.002242 s
  refine_solution: new weight 78553886 (was 78553886) in 0.002116 s
67,,8885,17886,18,,3985,0,,78697650,78553886,54662872,54662872,54662872,,1103537,2,@@

  handle_small_Steiner_degrees: steiner 0, suppress 0 in 1.1e-05 s
Starting round 68
Found 1084 isolated vertices
Invalid ratios recomputed: 4109
Best ratio is 2305244/2 (1152622.0), centered at 8452
Finding the best star... Star with 3 terminals centered in 9662
round took: 1.28101 s
|V| = 9960, |E| = 17859, |R| = 16
>>> get_solution
>>> get_solution
  refine_solution: new weight 78146470 (was 78290234) in 0.002236 s
  refine_solution: new weight 78146470 (was 78146470) in 0.002085 s
68,,8876,17859,16,,4109,0,,78290234,78146470,56968116,56968116,56968116,,2305244,3,@@

  handle_small_Steiner_degrees: steiner 0, suppress 0 in 1.2e-05 s
Starting round 69
Found 1107 isolated vertices
Invalid ratios recomputed: 2464
Best ratio is 1158116/1 (1158116.0), centered at 6542
Finding the best star... Star with 2 terminals centered in 9662
round took: 0.538832 s
|V| = 9960, |E| = 17844, |R| = 15
>>> get_solution
>>> get_solution
  refine_solution: new weight 78146470 (was 78290234) in 0.002248 s
  refine_solution: new weight 78146470 (was 78146470) in 0.0021 s
69,,8853,17844,15,,2464,0,,78290234,78146470,58126232,58126232,58126232,,1158116,2,@@

  handle_small_Steiner_degrees: steiner 0, suppress 0 in 1.2e-05 s
Starting round 70
Found 1119 isolated vertices
Invalid ratios recomputed: 3157
Best ratio is 1176984/1 (1176984.0), centered at 148
Finding the best star... Star with 2 terminals centered in 1140
round took: 1.08468 s
|V| = 9960, |E| = 17831, |R| = 14
>>> get_solution
>>> get_solution
  refine_solution: new weight 78146470 (was 78290234) in 0.002234 s
  refine_solution: new weight 78146470 (was 78146470) in 0.002097 s
70,,8841,17831,14,,3157,0,,78290234,78146470,59303216,59303216,59303216,,1176984,2,@@

  handle_small_Steiner_degrees: steiner 0, suppress 0 in 1.1e-05 s
Starting round 71
Found 1130 isolated vertices
Invalid ratios recomputed: 1892
Best ratio is 1182092/1 (1182092.0), centered at 3792
Finding the best star... Star with 2 terminals centered in 5604
round took: 0.597157 s
|V| = 9960, |E| = 17815, |R| = 13
>>> get_solution
>>> get_solution
  refine_solution: new weight 78076297 (was 78220061) in 0.002234 s
  refine_solution: new weight 78076297 (was 78076297) in 0.002111 s
71,,8830,17815,13,,1892,0,,78220061,78076297,60485308,60485308,60485308,,1182092,2,@@

  handle_small_Steiner_degrees: steiner 0, suppress 0 in 1.2e-05 s
Starting round 72
Found 1144 isolated vertices
Invalid ratios recomputed: 4245
Best ratio is 1215193/1 (1215193.0), centered at 8960
Finding the best star... Star with 2 terminals centered in 8976
round took: 1.64753 s
|V| = 9960, |E| = 17797, |R| = 12
>>> get_solution
>>> get_solution
  refine_solution: new weight 78076297 (was 78220061) in 0.002234 s
  refine_solution: new weight 78076297 (was 78076297) in 0.002113 s
72,,8816,17797,12,,4245,0,,78220061,78076297,61700501,61700501,61700501,,1215193,2,@@

  handle_small_Steiner_degrees: steiner 0, suppress 0 in 1.2e-05 s
Starting round 73
Found 1161 isolated vertices
Invalid ratios recomputed: 3741
Best ratio is 1249942/1 (1249942.0), centered at 768
Finding the best star... Star with 2 terminals centered in 1479
round took: 1.70477 s
|V| = 9960, |E| = 17774, |R| = 11
>>> get_solution
>>> get_solution
  refine_solution: new weight 78076297 (was 78220061) in 0.002244 s
  refine_solution: new weight 78076297 (was 78076297) in 0.002098 s
73,,8799,17774,11,,3741,0,,78220061,78076297,62950443,62950443,62950443,,1249942,2,@@

  handle_small_Steiner_degrees: steiner 0, suppress 1 in 1.5e-05 s
Starting round 74
Found 1181 isolated vertices
Invalid ratios recomputed: 6231
Best ratio is 2568512/2 (1284256.0), centered at 9003
Finding the best star... Star with 3 terminals centered in 9012
round took: 2.60129 s
|V| = 9960, |E| = 17745, |R| = 9
>>> get_solution
>>> get_solution
  refine_solution: new weight 77658405 (was 77674474) in 0.002261 s
  refine_solution: new weight 77658405 (was 77658405) in 0.002104 s
74,,8779,17745,9,,6231,0,,77674474,77658405,65518955,65518955,65518955,,2568512,3,@@

  handle_small_Steiner_degrees: steiner 0, suppress 0 in 1.1e-05 s
Starting round 75
Found 1206 isolated vertices
Invalid ratios recomputed: 1568
Best ratio is 2573021/2 (1286510.5), centered at 2827
Finding the best star... Star with 3 terminals centered in 8976
round took: 0.208492 s
|V| = 9960, |E| = 17714, |R| = 7
>>> get_solution
>>> get_solution
  refine_solution: new weight 77312624 (was 77328693) in 0.002229 s
  refine_solution: new weight 77312624 (was 77312624) in 0.002106 s
75,,8754,17714,7,,1568,0,,77328693,77312624,68091976,68091976,68091976,,2573021,3,@@

  handle_small_Steiner_degrees: steiner 0, suppress 2 in 1.7e-05 s
Starting round 76
Found 1235 isolated vertices
Invalid ratios recomputed: 7244
Best ratio is 1299268/1 (1299268.0), centered at 1140
Finding the best star... Star with 2 terminals centered in 8976
round took: 6.02792 s
|V| = 9960, |E| = 17693, |R| = 6
>>> get_solution
>>> get_solution
  refine_solution: new weight 77312624 (was 77328693) in 0.00225 s
  refine_solution: new weight 77312624 (was 77312624) in 0.002107 s
76,,8725,17693,6,,7244,0,,77328693,77312624,69391244,69391244,69391244,,1299268,2,@@

  handle_small_Steiner_degrees: steiner 0, suppress 0 in 1.2e-05 s
Starting round 77
Found 1249 isolated vertices
Invalid ratios recomputed: 7230
Best ratio is 1313648/1 (1313648.0), centered at 7598
Finding the best star... Star with 2 terminals centered in 7607
round took: 6.35858 s
|V| = 9960, |E| = 17681, |R| = 5
>>> get_solution
>>> get_solution
  refine_solution: new weight 77312624 (was 77328693) in 0.002359 s
  refine_solution: new weight 77312624 (was 77312624) in 0.002101 s
77,,8711,17681,5,,7230,0,,77328693,77312624,70704892,70704892,70704892,,1313648,2,@@

  handle_small_Steiner_degrees: steiner 0, suppress 0 in 1.2e-05 s
Starting round 78
Found 1259 isolated vertices
Invalid ratios recomputed: 5155
Best ratio is 1394318/1 (1394318.0), centered at 6183
Finding the best star... Star with 2 terminals centered in 7607
round took: 3.55532 s
|V| = 9960, |E| = 17659, |R| = 4
>>> get_solution
>>> get_solution
  refine_solution: new weight 77312624 (was 77328693) in 0.002302 s
  refine_solution: new weight 77312624 (was 77312624) in 0.002101 s
78,,8701,17659,4,,5155,0,,77328693,77312624,72099210,72099210,72099210,,1394318,2,@@

  handle_small_Steiner_degrees: steiner 0, suppress 0 in 1.2e-05 s
Starting round 79
Found 1278 isolated vertices
Invalid ratios recomputed: 8053
Best ratio is 2926018/2 (1463009.0), centered at 9018
Finding the best star... Star with 3 terminals centered in 9913
round took: 6.58832 s
|V| = 9960, |E| = 17633, |R| = 2
>>> get_solution
>>> get_solution
  refine_solution: new weight 76753652 (was 76769721) in 0.002329 s
  refine_solution: new weight 76753652 (was 76753652) in 0.002093 s
79,,8682,17633,2,,8053,0,,76769721,76753652,75025228,75025228,75025228,,2926018,3,@@

  handle_small_Steiner_degrees: steiner 0, suppress 0 in 1.1e-05 s
Starting round 80
Found 1299 isolated vertices
Invalid ratios recomputed: 8661
Best ratio is 1744493/1 (1744493.0), centered at 4487
Finding the best star... Star with 2 terminals centered in 9913
round took: 8.12858 s
|V| = 9960, |E| = 17616, |R| = 1
>>> get_solution
>>> get_solution
  refine_solution: new weight 76753652 (was 76769721) in 0.002336 s
  refine_solution: new weight 76753652 (was 76753652) in 0.0021 s
80,,8661,17616,1,,8661,0,,76769721,76753652,76769721,76769721,76769721,,1744493,2,@@

  handle_small_Steiner_degrees: steiner 0, suppress 0 in 1.2e-05 s
contract_till_the_bitter_end: 51.4134 s

Calling end_heu
>>> get_solution
Saved weight 0
DŽ: 76769721 -> 76332038
  BEST solution improved 76769721 -> 76332038 (vert_size 0, round 1) *
  BEST solution improved 76332038 -> 76291744 (vert_size 4, round 180) *
  BEST solution improved 76291744 -> 76227807 (vert_size 1, round 491) *
  BEST solution improved 76227807 -> 76218616 (vert_size 3, round 613) *
DŽ: 76218616 -> 76195133
  BEST solution improved 76218616 -> 76195133 (vert_size 0, round 1001) *
DŽ: 76195133 -> 76195133
  BEST solution improved 76195133 -> 76194207 (vert_size 4, round 2018)
  BEST solution improved 76194207 -> 76182219 (vert_size 3, round 2023)
  BEST solution improved 76182219 -> 76176239 (vert_size 3, round 2242) *
DŽ: 76176239 -> 76141873
  BEST solution improved 76176239 -> 76141873 (vert_size 0, round 3001) *
DŽ: 76141873 -> 76141873
DŽ: 76141873 -> 76141873
DŽ: 76176239 -> 76561149
DŽ: 76227807 -> 76297578
DŽ: 76297578 -> 76624248
DŽ: 76296652 -> 76656923
DŽ: 76195133 -> 76373110
DŽ: 76141873 -> 76141873
  BEST solution improved 76141873 -> 76126402 (vert_size 2, round 11311) *
DŽ: 76126402 -> 76126402
DŽ: 76179135 -> 76486910
DŽ: 76197103 -> 76707698
DŽ: 76561149 -> 76561149
DŽ: 76419746 -> 76604960
DŽ: 76129298 -> 76129298
DŽ: 76271470 -> 76563320
DŽ: 76126402 -> 76126402
DŽ: 76141873 -> 76246060
DŽ: 76126402 -> 76126402
DŽ: 76277668 -> 76272338
DŽ: 76325648 -> 76129298
DŽ: 76126402 -> 76246060
DŽ: 76161871 -> 76152680
DŽ: 76563320 -> 76549272
DŽ: 76126402 -> 76126402
DŽ: 76218616 -> 76299320
DŽ: 76126402 -> 76126402
DŽ: 76178736 -> 76126402
DŽ: 76126402 -> 76126402
DŽ: 76182219 -> 76141873
DŽ: 76126402 -> 76126402
DŽ: 76267129 -> 76598059
DŽ: 76126402 -> 76126402
DŽ: 76126402 -> 76126402
DŽ: 76126402 -> 76126402
DŽ: 76126402 -> 76126402
  BEST solution improved 76126402 -> 76104075 (vert_size 4, round 38951) *
DŽ: 76104075 -> 75984703
  BEST solution improved 76104075 -> 75984703 (vert_size 0, round 39001) *
DŽ: 75984703 -> 75984703
DŽ: 75984703 -> 75984703
DŽ: 75984703 -> 76104361
DŽ: 76176239 -> 76655925
DŽ: 76181996 -> 76126402
DŽ: 75984703 -> 75984703
DŽ: 76129298 -> 76178783

 start over 46875 loops 173 unique solutions 
Original + vert_size 13 
DŽ: 76769721 -> 76942673
DŽ: 75984703 -> 75984703
DŽ: 76942673 -> 76927202
DŽ: 75984703 -> 75984703
DŽ: 76135593 -> 76126402
DŽ: 76126402 -> 76126402
DŽ: 76353842 -> 76129298
DŽ: 75984703 -> 75984703
DŽ: 76179029 -> 76248956
DŽ: 76176239 -> 76141873
DŽ: 76297578 -> 76297578
DŽ: 76176239 -> 76319850
DŽ: 75984703 -> 76104361
DŽ: 76280767 -> 76129298
DŽ: 75984703 -> 75984703
DŽ: 76296652 -> 76244318
DŽ: 75984703 -> 75984703
DŽ: 76141873 -> 76197516
DŽ: 76126402 -> 76246060
DŽ: 76202894 -> 76248956
DŽ: 76297578 -> 76316286
DŽ: 75984703 -> 75984703
DŽ: 76246060 -> 76396571
DŽ: 75984703 -> 75984703
DŽ: 75984703 -> 75984703
DŽ: 76201410 -> 76302216
DŽ: 76302216 -> 76302216
DŽ: 76129298 -> 76248956
DŽ: 75997722 -> 75984703
DŽ: 75984703 -> 75984703
DŽ: 76182558 -> 76376549
DŽ: 75984703 -> 76000174
DŽ: 75984703 -> 75984703
DŽ: 75984703 -> 76104361
DŽ: 76182558 -> 76182558
DŽ: 76178977 -> 76246060
DŽ: 76126402 -> 76270938
DŽ: 75984703 -> 75984703
DŽ: 76175887 -> 76554478
DŽ: 76175887 -> 76665336
DŽ: 76175887 -> 76175887

 start over 86762 loops 217 unique solutions 
Original + vert_size 0 
DŽ: 76769721 -> 76332038
DŽ: 76201410 -> 76198029
DŽ: 76201410 -> 76182558
DŽ: 76178783 -> 76655746
DŽ: 75984703 -> 75984703
DŽ: 76178977 -> 76484014
DŽ: 76357431 -> 76372383
DŽ: 75984703 -> 75984703
DŽ: 75984703 -> 75984703
DŽ: 76926261 -> 76958055
DŽ: 76326903 -> 76313605
DŽ: 76332038 -> 76316567
DŽ: 75984703 -> 76797125
DŽ: 76197467 -> 76141873
DŽ: 75984703 -> 75984703
DŽ: 76655746 -> 76687491
DŽ: 76180068 -> 76248956
DŽ: 76248956 -> 76264427
DŽ: 76295966 -> 76558142
DŽ: 76248956 -> 76248956
DŽ: 76225793 -> 76248956
DŽ: 76158858 -> 76162095
DŽ: 76191361 -> 76129298
DŽ: 76138489 -> 76129298
DŽ: 76183457 -> 76093902
DŽ: 75984703 -> 75984703
DŽ: 75984703 -> 75984703
DŽ: 76227078 -> 76248956
DŽ: 75984703 -> 76326844
DŽ: 76295966 -> 76248956
DŽ: 76182558 -> 76182558
DŽ: 75984703 -> 75984703
DŽ: 76129298 -> 76241217
DŽ: 76093902 -> 76093902
DŽ: 75984703 -> 75984703
DŽ: 75984703 -> 75984703
DŽ: 75984703 -> 75984703
DŽ: 76093902 -> 76205821
DŽ: 75984703 -> 76403979

 start over 124256 loops 253 unique solutions 
Approx + random 
DŽ: 84355056 -> 78097900
DŽ: 76739782 -> 76632844
DŽ: 75984703 -> 75984703
DŽ: 77214525 -> 76585359
DŽ: 76243432 -> 76243432
DŽ: 75984703 -> 75984703
DŽ: 75984703 -> 75984703
DŽ: 77289486 -> 76828333
DŽ: 76332038 -> 76386740
DŽ: 75984703 -> 75984703
DŽ: 75984703 -> 75984703
DŽ: 76941980 -> 76862374
DŽ: 75984703 -> 75984703
DŽ: 75984703 -> 75984703
DŽ: 75984703 -> 75984703
DŽ: 75984703 -> 76037963
DŽ: 76413080 -> 76202255
DŽ: 76202255 -> 76136026
DŽ: 76331380 -> 76539831
DŽ: 75984703 -> 75984703
DŽ: 75984703 -> 75984703
DŽ: 75984703 -> 75984703
DŽ: 75984703 -> 75984703
DŽ: 76889013 -> 76443771
DŽ: 77181661 -> 76529716
DŽ: 75984703 -> 75984703
DŽ: 76632844 -> 76817151
DŽ: 77199054 -> 77282393
DŽ: 76316708 -> 76316708

 start over 152427 loops 282 unique solutions 
Original + vert_size 0 
DŽ: 76769721 -> 76332038
DŽ: 75984703 -> 75984703
DŽ: 75984703 -> 75984703
DŽ: 76409315 -> 76365758
DŽ: 76393865 -> 76422951
DŽ: 75984703 -> 75984703
DŽ: 75984703 -> 75984703
DŽ: 76768527 -> 76762104
DŽ: 76899304 -> 76777575
DŽ: 75984703 -> 75984703
DŽ: 77181661 -> 76955723
DŽ: 77181661 -> 76940252
DŽ: 77181661 -> 76940252
DŽ: 75984703 -> 76104361
DŽ: 76836065 -> 76529716
DŽ: 75984703 -> 75984703
DŽ: 76920417 -> 77229133
DŽ: 76899304 -> 76777575
DŽ: 76768527 -> 76407211

 start over 170324 loops 304 unique solutions 
Original + vert_size 13 
DŽ: 76769721 -> 76332038
DŽ: 76921358 -> 76974412
DŽ: 75984703 -> 75984703
DŽ: 75984703 -> 75984703
DŽ: 75984703 -> 75984703
DŽ: 76946771 -> 76792342
DŽ: 76837993 -> 76623875
DŽ: 75984703 -> 75984703
DŽ: 76786092 -> 76544194
DŽ: 76758152 -> 76996696
DŽ: 76826297 -> 76998254
DŽ: 75984703 -> 75984703
DŽ: 76678310 -> 76700039
DŽ: 75984703 -> 75984703
DŽ: 75984703 -> 75984703
DŽ: 75984703 -> 75984703
DŽ: 75984703 -> 75984703
DŽ: 76678310 -> 76629866
DŽ: 75984703 -> 75984703
DŽ: 75984703 -> 75984703
DŽ: 75984703 -> 76086941
DŽ: 76837993 -> 76561410
DŽ: 75984703 -> 76104361
DŽ: 75984703 -> 75984703

 start over 193181 loops 323 unique solutions 
Approx + random 
DŽ: 84355056 -> 77966842
DŽ: 77459274 -> 76924387
DŽ: 75984703 -> 75984703
DŽ: 75984703 -> 75984703
DŽ: 75984703 -> 75984703
DŽ: 77825743 -> 77355534
DŽ: 75984703 -> 75984703
DŽ: 75984703 -> 75984703
DŽ: 77966842 -> 77656167
DŽ: 76927852 -> 77043849
DŽ: 77899125 -> 77615322
DŽ: 76506985 -> 76376567
DŽ: 75984703 -> 75984703
DŽ: 76716057 -> 76525711
DŽ: 76287686 -> 76346464
DŽ: 75984703 -> 75984703
DŽ: 77587036 -> 77340105
DŽ: 75984703 -> 75984703
DŽ: 75984703 -> 75984703
DŽ: 75984703 -> 75984703
DŽ: 76669567 -> 76357859
DŽ: 75984703 -> 75984703
DŽ: 76722301 -> 76670717
DŽ: 75984703 -> 75984703
DŽ: 76558798 -> 76580749
DŽ: 76706240 -> 76994512
DŽ: 76722301 -> 76781562

 start over 219430 loops 348 unique solutions 
Original + vert_size 13 
DŽ: 76769721 -> 76586759
DŽ: 77459274 -> 76746896
DŽ: 75984703 -> 75984703
DŽ: 76666372 -> 76823157
DŽ: 76607754 -> 76891424
DŽ: 76607754 -> 76677927
DŽ: 75984703 -> 75984703
DŽ: 76257022 -> 76577446
DŽ: 76284790 -> 76229147
DŽ: 75984703 -> 75984703
DŽ: 76775634 -> 76677927
DŽ: 76258788 -> 76179662
DŽ: 75984703 -> 75984703
DŽ: 76386905 -> 76704907
DŽ: 75984703 -> 75984703
DŽ: 76179662 -> 77039355
DŽ: 76362766 -> 76362766
DŽ: 75984703 -> 75984703
DŽ: 75984703 -> 75984703
DŽ: 75984703 -> 75984703
DŽ: 75984703 -> 75984703
DŽ: 76835649 -> 77045423
DŽ: 75984703 -> 75984703
DŽ: 76988677 -> 76948882
DŽ: 76179662 -> 76195133
DŽ: 76456986 -> 76141873
DŽ: 76396848 -> 76276913
DŽ: 76762847 -> 76610482

 start over 246965 loops 376 unique solutions 
Approx + random 
DŽ: 84355056 -> 77505355
DŽ: 76258788 -> 76354963
DŽ: 76179662 -> 76179662
DŽ: 75984703 -> 75984703
DŽ: 75984703 -> 75984703
DŽ: 75984703 -> 75984703
DŽ: 76981490 -> 77305965
DŽ: 76921127 -> 76723148
DŽ: 75984703 -> 76403979
DŽ: 76433764 -> 76160004
DŽ: 76092253 -> 76000174
DŽ: 75984703 -> 75984703
DŽ: 76723148 -> 76750147
DŽ: 76284790 -> 76284790
DŽ: 75984703 -> 75984703
DŽ: 76284790 -> 76628280
DŽ: 75984703 -> 75984703
DŽ: 76235305 -> 76235305
DŽ: 75984703 -> 75984703
DŽ: 76452496 -> 76527082
DŽ: 75984703 -> 75984703
DŽ: 76069972 -> 76040346
DŽ: 75984703 -> 75984703
DŽ: 76040346 -> 75984703
DŽ: 76235305 -> 76354963
DŽ: 75984703 -> 75984703
DŽ: 76248991 -> 76231530
DŽ: 75984703 -> 75984703
DŽ: 75984703 -> 75984703
DŽ: 76235305 -> 76354963
DŽ: 76305467 -> 76422687
DŽ: 75984703 -> 75984703
DŽ: 76216411 -> 76490463
DŽ: 76182534 -> 76126402
DŽ: 76265896 -> 76643844
DŽ: 76374471 -> 76040346
DŽ: 76374471 -> 76362756
DŽ: 76284790 -> 76354963
DŽ: 76257022 -> 76505474

 start over 284405 loops 406 unique solutions 
Original + vert_size 0 
DŽ: 76769721 -> 76332038
DŽ: 76006469 -> 76034188
DŽ: 76179662 -> 76179662
DŽ: 76006469 -> 75984703
DŽ: 75984703 -> 75984703
DŽ: 76248991 -> 76360022
DŽ: 76360022 -> 76403039
DŽ: 76284790 -> 76354963
DŽ: 76179662 -> 76179662
DŽ: 76179662 -> 76712116
DŽ: 76139421 -> 76246060
DŽ: 76169625 -> 76126402
DŽ: 75984703 -> 75984703
DŽ: 76169625 -> 76601321
DŽ: 76126402 -> 76246060
DŽ: 75984703 -> 75984703
DŽ: 76135593 -> 76246060
DŽ: 76179662 -> 76299320
DŽ: 76126402 -> 76304379
DŽ: 75984703 -> 75984703
DŽ: 76160768 -> 76246060
DŽ: 76313302 -> 76228640
DŽ: 75984703 -> 75984703
DŽ: 76175887 -> 76246060
DŽ: 75984703 -> 75984703
DŽ: 76182045 -> 76182045
DŽ: 75984703 -> 75984703
DŽ: 76182045 -> 76442956
DŽ: 76601321 -> 76601321
DŽ: 76200055 -> 76037963
DŽ: 75984703 -> 75984703
DŽ: 76019069 -> 76000174
DŽ: 76175887 -> 76246060
DŽ: 75984703 -> 75984703
DŽ: 75984703 -> 75984703
DŽ: 75984703 -> 75984703
DŽ: 76166748 -> 76126402

 start over 320506 loops 444 unique solutions 
Original + vert_size 13 
DŽ: 76769721 -> 76402211
DŽ: 76200055 -> 76157621
DŽ: 76135593 -> 76646520
DŽ: 75984703 -> 75984703
DŽ: 76126402 -> 76246060
DŽ: 76135593 -> 76126402
DŽ: 75984703 -> 75984703
DŽ: 76279651 -> 76276913
DŽ: 75984703 -> 75984703
DŽ: 76332038 -> 76316567
DŽ: 75984703 -> 75984703
DŽ: 76157621 -> 76157621
DŽ: 76034188 -> 76034188
DŽ: 75984703 -> 75984703
DŽ: 75984703 -> 76157621
DŽ: 75984703 -> 75984703
DŽ: 76092108 -> 76429589
DŽ: 75984703 -> 75984703
DŽ: 75984703 -> 75984703
DŽ: 75984703 -> 75984703
DŽ: 75984703 -> 76125956
DŽ: 75984703 -> 76446502
DŽ: 76143093 -> 76619054
DŽ: 75984703 -> 76446502
DŽ: 75984703 -> 75984703
DŽ: 75984703 -> 76104361
DŽ: 76220723 -> 76188076
DŽ: 75984703 -> 75984703
DŽ: 76220723 -> 76188076
DŽ: 75984703 -> 75984703
DŽ: 76137674 -> 76157621
DŽ: 75984703 -> 75984703
DŽ: 76016751 -> 75984703
DŽ: 76276913 -> 76276913
DŽ: 75984703 -> 76104361
DŽ: 75993894 -> 76596237
DŽ: 76517358 -> 76333034
DŽ: 76118053 -> 76072123
DŽ: 75984703 -> 76361023
DŽ: 76126402 -> 76238321
DŽ: 75984703 -> 75984703
DŽ: 76057883 -> 76254872
DŽ: 76129298 -> 76471439

 start over 362768 loops 481 unique solutions 
Original + vert_size 0 
DŽ: 76769721 -> 76332038
DŽ: 76085942 -> 76040346
DŽ: 75984703 -> 75984703
DŽ: 75984703 -> 75984703
DŽ: 76016751 -> 75984703
DŽ: 75984703 -> 75984703
DŽ: 75984703 -> 75984703
DŽ: 76034188 -> 76034188
DŽ: 75984703 -> 75984703
DŽ: 75984703 -> 76403979
DŽ: 75984703 -> 75984703
DŽ: 75984703 -> 76037963
DŽ: 76126402 -> 76424037
DŽ: 75984703 -> 75984703
DŽ: 75984703 -> 76104361
DŽ: 76246060 -> 76246060
DŽ: 76194686 -> 76104361
DŽ: 75984703 -> 76003411
DŽ: 76126402 -> 76246060
DŽ: 75984703 -> 75984703
DŽ: 75984703 -> 76104361
DŽ: 76028186 -> 76104361
DŽ: 75984703 -> 75984703
DŽ: 76034188 -> 76034188
DŽ: 76175887 -> 76518028
DŽ: 76246060 -> 76588201
DŽ: 75984703 -> 75984703
DŽ: 75984703 -> 75984703
DŽ: 76034188 -> 76104361
DŽ: 75984703 -> 75984703
DŽ: 75984703 -> 75984703
DŽ: 75984703 -> 76123069
DŽ: 76048771 -> 76254872
DŽ: 76034188 -> 76034188
DŽ: 75984703 -> 75984703
  BEST solution improved 75994618 -> 75965222 (vert_size 3, round 396874) *
DŽ: 75965222 -> 75952203
  BEST solution improved 75965222 -> 75952203 (vert_size 0, round 397001) *
DŽ: 75952203 -> 75952203
DŽ: 75984703 -> 75984703
DŽ: 75952203 -> 76534403
DŽ: 76175887 -> 76861518
end_heu: 401544 loops with 516 unique solutions in 1799.3 s

Calling print_solution
>>> get_solution
  refine_solution: new weight 75952203 (was 75952203) in 0.002154 s
## FINAL WEIGHT 75952203
print_solution: 0.004725 s
