Version: final-94-gfffc3aa rub_all.sh: remove longest prefix
Random seed: 1552053733
Start
>>> save_orig_graph
>> Saved weight 0
Graph loaded
|V| = 10001, |E| = 19800, |R| = 100
First clearance of the input. Calling buy_zero and run_all_heuristics.
  buy_zero: 0 zero edges in 2.6e-05 s
  handle_small_terminal_degrees: terms 0 in 7e-06 s
  handle_small_Steiner_degrees: steiner 0, suppress 4 in 1.4e-05 s
  shortest_edge_between_terminals: 0 edges in 4e-06 s
  handle_small_terminal_degrees: terms 0 in 8e-06 s
  handle_small_Steiner_degrees: steiner 0, suppress 0 in 1.2e-05 s
  shortest_edge_between_terminals: 0 edges in 2e-06 s
Compressed graph 10001 -> 9996
  delete_edges: deleted 4 edges in 0.000462 s and 1 rounds
  handle_small_terminal_degrees: terms 0 in 8e-06 s
  handle_small_Steiner_degrees: steiner 0, suppress 8 in 1.5e-05 s
  shortest_edge_between_terminals: 0 edges in 3e-06 s
  handle_small_terminal_degrees: terms 0 in 8e-06 s
  handle_small_Steiner_degrees: steiner 0, suppress 0 in 1.2e-05 s
  shortest_edge_between_terminals: 0 edges in 2e-06 s
Compressed graph 9996 -> 9988
  delete_edges_shortest_path: deleted 8 edges in 0.049742 s
  handle_small_terminal_degrees: terms 0 in 7e-06 s
  handle_small_Steiner_degrees: steiner 0, suppress 12 in 1.7e-05 s
  shortest_edge_between_terminals: 0 edges in 3e-06 s
  handle_small_terminal_degrees: terms 0 in 7e-06 s
  handle_small_Steiner_degrees: steiner 0, suppress 0 in 1.2e-05 s
  shortest_edge_between_terminals: 0 edges in 2e-06 s
Compressed graph 9988 -> 9976
  handle_small_terminal_degrees: terms 0 in 7e-06 s
  handle_small_Steiner_degrees: steiner 0, suppress 0 in 1e-05 s
  shortest_edge_between_terminals: 0 edges in 5e-06 s
Compressed graph 9976 -> 9976
  delete_edges_shortest_path: deleted 12 edges in 0.049445 s
  handle_small_terminal_degrees: terms 0 in 7e-06 s
  handle_small_Steiner_degrees: steiner 0, suppress 16 in 1.8e-05 s
  shortest_edge_between_terminals: 0 edges in 3e-06 s
  handle_small_terminal_degrees: terms 0 in 8e-06 s
  handle_small_Steiner_degrees: steiner 0, suppress 0 in 1.2e-05 s
  shortest_edge_between_terminals: 0 edges in 2e-06 s
Compressed graph 9976 -> 9960
Compressed graph 9960 -> 9960
>>> save_orig_graph
>> Saved weight 0
### ZEL_LVL=0 PRECISE_STARS=1

Calling `contract_till_the_bitter_end`
|V| = 9960, |E| = 19736, |R| = 100
>>> get_solution
>>> get_solution
  refine_solution: new weight 80596939 (was 80596939) in 0.002245 s
0,,9960,19736,100,,0,0,,80596939,80596939,0,0,0,,0,0,@@

  delete_edges: deleted 16 edges in 0.00093 s and 2 rounds
  handle_small_Steiner_degrees: steiner 0, suppress 20 in 2.4e-05 s
Starting round 1
Found 20 isolated vertices
Invalid ratios recomputed: 9940
Best ratio is 66794/1 (66794.0), centered at 4724
Finding the best star... Star with 2 terminals centered in 4825
round took: 0.671015 s
|V| = 9960, |E| = 19697, |R| = 99
>>> get_solution
>>> get_solution
  refine_solution: new weight 80596939 (was 80596939) in 0.002227 s
1,,9940,19697,99,,9940,0,,80596939,80596939,66794,66794,66794,,66794,2,@@

  handle_small_Steiner_degrees: steiner 0, suppress 0 in 1.2e-05 s
Starting round 2
Found 22 isolated vertices
Invalid ratios recomputed: 2190
Best ratio is 119415/1 (119415.0), centered at 2040
Finding the best star... Star with 2 terminals centered in 2042
round took: 0.246079 s
|V| = 9960, |E| = 19693, |R| = 98
>>> get_solution
>>> get_solution
  refine_solution: new weight 80596939 (was 80596939) in 0.0022 s
2,,9938,19693,98,,2190,0,,80596939,80596939,186209,186209,186209,,119415,2,@@

  handle_small_Steiner_degrees: steiner 0, suppress 0 in 1.6e-05 s
Starting round 3
Found 25 isolated vertices
Invalid ratios recomputed: 2327
Best ratio is 127756/1 (127756.0), centered at 9766
Finding the best star... Star with 2 terminals centered in 9861
round took: 0.258355 s
|V| = 9960, |E| = 19690, |R| = 97
>>> get_solution
>>> get_solution
  refine_solution: new weight 80550448 (was 80550448) in 0.002215 s
3,,9935,19690,97,,2327,0,,80550448,80550448,313965,313965,313965,,127756,2,@@

  handle_small_Steiner_degrees: steiner 0, suppress 0 in 1.2e-05 s
Starting round 4
Found 27 isolated vertices
Invalid ratios recomputed: 1422
Best ratio is 140556/1 (140556.0), centered at 5990
Finding the best star... Star with 2 terminals centered in 6190
round took: 0.169463 s
|V| = 9960, |E| = 19685, |R| = 96
>>> get_solution
>>> get_solution
  refine_solution: new weight 80559560 (was 80559560) in 0.00218 s
4,,9933,19685,96,,1422,0,,80559560,80559560,454521,454521,454521,,140556,2,@@

  handle_small_Steiner_degrees: steiner 0, suppress 0 in 1.2e-05 s
Starting round 5
Found 31 isolated vertices
Invalid ratios recomputed: 1637
Best ratio is 158510/1 (158510.0), centered at 2884
Finding the best star... Star with 2 terminals centered in 2984
round took: 0.175871 s
|V| = 9960, |E| = 19681, |R| = 95
>>> get_solution
>>> get_solution
  refine_solution: new weight 80514110 (was 80542364) in 0.002186 s
  refine_solution: new weight 80514110 (was 80514110) in 0.002033 s
5,,9929,19681,95,,1637,0,,80542364,80514110,613031,613031,613031,,158510,2,@@

  handle_small_Steiner_degrees: steiner 0, suppress 0 in 1.2e-05 s
Starting round 6
Found 34 isolated vertices
Invalid ratios recomputed: 1651
Best ratio is 162432/1 (162432.0), centered at 100
Finding the best star... Star with 2 terminals centered in 103
round took: 0.178395 s
|V| = 9960, |E| = 19675, |R| = 94
>>> get_solution
>>> get_solution
  refine_solution: new weight 80514110 (was 80542878) in 0.002182 s
  refine_solution: new weight 80514110 (was 80514110) in 0.002032 s
6,,9926,19675,94,,1651,0,,80542878,80514110,775463,775463,775463,,162432,2,@@

  handle_small_Steiner_degrees: steiner 0, suppress 0 in 1.2e-05 s
Starting round 7
Found 39 isolated vertices
Invalid ratios recomputed: 1327
Best ratio is 171877/1 (171877.0), centered at 8533
Finding the best star... Star with 2 terminals centered in 8735
round took: 0.14572 s
|V| = 9960, |E| = 19670, |R| = 93
>>> get_solution
>>> get_solution
  refine_solution: new weight 80514110 (was 80542878) in 0.00222 s
  refine_solution: new weight 80514110 (was 80514110) in 0.002041 s
7,,9921,19670,93,,1327,0,,80542878,80514110,947340,947340,947340,,171877,2,@@

  handle_small_Steiner_degrees: steiner 0, suppress 0 in 1.2e-05 s
Starting round 8
Found 43 isolated vertices
Invalid ratios recomputed: 2443
Best ratio is 188140/1 (188140.0), centered at 8732
Finding the best star... Star with 2 terminals centered in 8735
round took: 0.280702 s
|V| = 9960, |E| = 19666, |R| = 92
>>> get_solution
>>> get_solution
  refine_solution: new weight 80514110 (was 80542878) in 0.002203 s
  refine_solution: new weight 80514110 (was 80514110) in 0.002039 s
8,,9917,19666,92,,2443,0,,80542878,80514110,1135480,1135480,1135480,,188140,2,@@

  handle_small_Steiner_degrees: steiner 0, suppress 0 in 1.2e-05 s
Starting round 9
Found 45 isolated vertices
Invalid ratios recomputed: 2492
Best ratio is 211899/1 (211899.0), centered at 3888
Finding the best star... Star with 2 terminals centered in 3993
round took: 0.318121 s
|V| = 9960, |E| = 19658, |R| = 91
>>> get_solution
>>> get_solution
  refine_solution: new weight 80431743 (was 80469623) in 0.002188 s
  refine_solution: new weight 80431743 (was 80431743) in 0.002042 s
9,,9915,19658,91,,2492,0,,80469623,80431743,1347379,1347379,1347379,,211899,2,@@

  handle_small_Steiner_degrees: steiner 0, suppress 0 in 1.2e-05 s
Starting round 10
Found 51 isolated vertices
Invalid ratios recomputed: 1901
Best ratio is 234745/1 (234745.0), centered at 7367
Finding the best star... Star with 2 terminals centered in 7669
round took: 0.214873 s
|V| = 9960, |E| = 19651, |R| = 90
>>> get_solution
>>> get_solution
  refine_solution: new weight 80334675 (was 80384314) in 0.0022 s
  refine_solution: new weight 80334675 (was 80334675) in 0.002034 s
10,,9909,19651,90,,1901,0,,80384314,80334675,1582124,1582124,1582124,,234745,2,@@

  handle_small_Steiner_degrees: steiner 0, suppress 0 in 1.2e-05 s
Starting round 11
Found 56 isolated vertices
Invalid ratios recomputed: 2565
Best ratio is 261309/1 (261309.0), centered at 2984
Finding the best star... Star with 2 terminals centered in 3087
round took: 0.325893 s
|V| = 9960, |E| = 19644, |R| = 89
>>> get_solution
>>> get_solution
  refine_solution: new weight 80271160 (was 80320799) in 0.002186 s
  refine_solution: new weight 80271160 (was 80271160) in 0.002036 s
11,,9904,19644,89,,2565,0,,80320799,80271160,1843433,1843433,1843433,,261309,2,@@

  handle_small_Steiner_degrees: steiner 0, suppress 1 in 1.6e-05 s
Starting round 12
Found 61 isolated vertices
Invalid ratios recomputed: 1918
Best ratio is 277064/1 (277064.0), centered at 1964
Finding the best star... Star with 2 terminals centered in 2266
round took: 0.213042 s
|V| = 9960, |E| = 19634, |R| = 88
>>> get_solution
>>> get_solution
  refine_solution: new weight 80164363 (was 80214002) in 0.002175 s
  refine_solution: new weight 80164363 (was 80164363) in 0.002067 s
12,,9899,19634,88,,1918,0,,80214002,80164363,2120497,2120497,2120497,,277064,2,@@

  handle_small_Steiner_degrees: steiner 0, suppress 0 in 1.2e-05 s
Starting round 13
Found 66 isolated vertices
Invalid ratios recomputed: 2626
Best ratio is 323210/1 (323210.0), centered at 2507
Finding the best star... Star with 2 terminals centered in 2607
round took: 0.289396 s
|V| = 9960, |E| = 19631, |R| = 87
>>> get_solution
>>> get_solution
  refine_solution: new weight 80164363 (was 80214002) in 0.00218 s
  refine_solution: new weight 80164363 (was 80164363) in 0.002051 s
13,,9894,19631,87,,2626,0,,80214002,80164363,2443707,2443707,2443707,,323210,2,@@

  handle_small_Steiner_degrees: steiner 0, suppress 0 in 1.5e-05 s
Starting round 14
Found 68 isolated vertices
Invalid ratios recomputed: 2309
Best ratio is 327376/1 (327376.0), centered at 5630
Finding the best star... Star with 2 terminals centered in 5831
round took: 0.269154 s
|V| = 9960, |E| = 19627, |R| = 86
>>> get_solution
>>> get_solution
  refine_solution: new weight 80011312 (was 80060951) in 0.002207 s
  refine_solution: new weight 80011312 (was 80011312) in 0.002046 s
14,,9892,19627,86,,2309,0,,80060951,80011312,2771083,2771083,2771083,,327376,2,@@

  handle_small_Steiner_degrees: steiner 0, suppress 0 in 1.2e-05 s
Starting round 15
Found 71 isolated vertices
Invalid ratios recomputed: 3566
Best ratio is 338596/1 (338596.0), centered at 103
Finding the best star... Star with 2 terminals centered in 695
round took: 0.451545 s
|V| = 9960, |E| = 19617, |R| = 85
>>> get_solution
>>> get_solution
  refine_solution: new weight 80011312 (was 80060951) in 0.002183 s
  refine_solution: new weight 80011312 (was 80011312) in 0.002052 s
15,,9889,19617,85,,3566,0,,80060951,80011312,3109679,3109679,3109679,,338596,2,@@

  handle_small_Steiner_degrees: steiner 0, suppress 0 in 1.2e-05 s
Starting round 16
Found 78 isolated vertices
Invalid ratios recomputed: 1836
Best ratio is 349954/1 (349954.0), centered at 3362
Finding the best star... Star with 2 terminals centered in 3663
round took: 0.217344 s
|V| = 9960, |E| = 19611, |R| = 84
>>> get_solution
>>> get_solution
  refine_solution: new weight 79963336 (was 80012975) in 0.00221 s
  refine_solution: new weight 79963336 (was 79963336) in 0.002049 s
16,,9882,19611,84,,1836,0,,80012975,79963336,3459633,3459633,3459633,,349954,2,@@

  delete_edges: deleted 41 edges in 0.000969 s and 2 rounds
  handle_small_Steiner_degrees: steiner 1, suppress 32 in 2.8e-05 s
Starting round 17
Found 115 isolated vertices
Invalid ratios recomputed: 3276
Best ratio is 374254/1 (374254.0), centered at 5722
Finding the best star... Star with 2 terminals centered in 5927
round took: 0.393839 s
|V| = 9960, |E| = 19526, |R| = 83
>>> get_solution
>>> get_solution
  refine_solution: new weight 79963336 (was 80012975) in 0.002185 s
  refine_solution: new weight 79963336 (was 79963336) in 0.002055 s
17,,9845,19526,83,,3276,0,,80012975,79963336,3833887,3833887,3833887,,374254,2,@@

  handle_small_Steiner_degrees: steiner 0, suppress 1 in 1.7e-05 s
Starting round 18
Found 123 isolated vertices
Invalid ratios recomputed: 3557
Best ratio is 791572/2 (395786.0), centered at 1074
Finding the best star... Star with 3 terminals centered in 1377
round took: 0.445462 s
|V| = 9960, |E| = 19508, |R| = 81
>>> get_solution
>>> get_solution
  refine_solution: new weight 79659904 (was 79709543) in 0.002188 s
  refine_solution: new weight 79659904 (was 79659904) in 0.002057 s
18,,9837,19508,81,,3557,0,,79709543,79659904,4625459,4625459,4625459,,791572,3,@@

  handle_small_Steiner_degrees: steiner 0, suppress 1 in 1.7e-05 s
Starting round 19
Found 137 isolated vertices
Invalid ratios recomputed: 2352
Best ratio is 404805/1 (404805.0), centered at 3993
Finding the best star... Star with 2 terminals centered in 4097
round took: 0.28286 s
|V| = 9960, |E| = 19500, |R| = 80
>>> get_solution
>>> get_solution
  refine_solution: new weight 79518897 (was 79559424) in 0.002193 s
  refine_solution: new weight 79518897 (was 79518897) in 0.002046 s
19,,9823,19500,80,,2352,0,,79559424,79518897,5030264,5030264,5030264,,404805,2,@@

  handle_small_Steiner_degrees: steiner 0, suppress 0 in 1.5e-05 s
Starting round 20
Found 142 isolated vertices
Invalid ratios recomputed: 2228
Best ratio is 406328/1 (406328.0), centered at 1482
Finding the best star... Star with 2 terminals centered in 1585
round took: 0.295301 s
|V| = 9960, |E| = 19495, |R| = 79
>>> get_solution
>>> get_solution
  refine_solution: new weight 79518897 (was 79559424) in 0.002196 s
  refine_solution: new weight 79518897 (was 79518897) in 0.002057 s
20,,9818,19495,79,,2228,0,,79559424,79518897,5436592,5436592,5436592,,406328,2,@@

  handle_small_Steiner_degrees: steiner 0, suppress 0 in 1.2e-05 s
Starting round 21
Found 146 isolated vertices
Invalid ratios recomputed: 2138
Best ratio is 409618/1 (409618.0), centered at 3234
Finding the best star... Star with 2 terminals centered in 3534
round took: 0.29459 s
|V| = 9960, |E| = 19489, |R| = 78
>>> get_solution
>>> get_solution
  refine_solution: new weight 79518897 (was 79559424) in 0.002204 s
  refine_solution: new weight 79518897 (was 79518897) in 0.00204 s
21,,9814,19489,78,,2138,0,,79559424,79518897,5846210,5846210,5846210,,409618,2,@@

  handle_small_Steiner_degrees: steiner 0, suppress 0 in 1.2e-05 s
Starting round 22
Found 151 isolated vertices
Invalid ratios recomputed: 3552
Best ratio is 478808/1 (478808.0), centered at 2408
Finding the best star... Star with 2 terminals centered in 2412
round took: 0.494537 s
|V| = 9960, |E| = 19482, |R| = 77
>>> get_solution
>>> get_solution
  refine_solution: new weight 79389766 (was 79430293) in 0.002196 s
  refine_solution: new weight 79389766 (was 79389766) in 0.002043 s
22,,9809,19482,77,,3552,0,,79430293,79389766,6325018,6325018,6325018,,478808,2,@@

  handle_small_Steiner_degrees: steiner 0, suppress 0 in 1.4e-05 s
Starting round 23
Found 156 isolated vertices
Invalid ratios recomputed: 2932
Best ratio is 1015949/2 (507974.5), centered at 8404
Finding the best star... Star with 3 terminals centered in 9005
round took: 0.400443 s
|V| = 9960, |E| = 19468, |R| = 75
>>> get_solution
>>> get_solution
  refine_solution: new weight 79173623 (was 79214150) in 0.002187 s
  refine_solution: new weight 79173623 (was 79173623) in 0.002053 s
23,,9804,19468,75,,2932,0,,79214150,79173623,7340967,7340967,7340967,,1015949,3,@@

  handle_small_Steiner_degrees: steiner 0, suppress 0 in 1.2e-05 s
Starting round 24
Found 167 isolated vertices
Invalid ratios recomputed: 2628
Best ratio is 523277/1 (523277.0), centered at 7398
Finding the best star... Star with 2 terminals centered in 7700
round took: 0.380731 s
|V| = 9960, |E| = 19462, |R| = 74
>>> get_solution
>>> get_solution
  refine_solution: new weight 79173623 (was 79214150) in 0.002209 s
  refine_solution: new weight 79173623 (was 79173623) in 0.002048 s
24,,9793,19462,74,,2628,0,,79214150,79173623,7864244,7864244,7864244,,523277,2,@@

  handle_small_Steiner_degrees: steiner 0, suppress 0 in 1.6e-05 s
Starting round 25
Found 172 isolated vertices
Invalid ratios recomputed: 3126
Best ratio is 523558/1 (523558.0), centered at 674
Finding the best star... Star with 2 terminals centered in 1377
round took: 0.473356 s
|V| = 9960, |E| = 19454, |R| = 73
>>> get_solution
>>> get_solution
  refine_solution: new weight 79024878 (was 79065405) in 0.002195 s
  refine_solution: new weight 79024878 (was 79024878) in 0.002045 s
25,,9788,19454,73,,3126,0,,79065405,79024878,8387802,8387802,8387802,,523558,2,@@

  handle_small_Steiner_degrees: steiner 0, suppress 0 in 1.2e-05 s
Starting round 26
Found 178 isolated vertices
Invalid ratios recomputed: 2647
Best ratio is 1055673/2 (527836.5), centered at 7016
Finding the best star... Star with 3 terminals centered in 7020
round took: 0.38025 s
|V| = 9960, |E| = 19440, |R| = 71
>>> get_solution
>>> get_solution
  refine_solution: new weight 78862695 (was 78903222) in 0.002203 s
  refine_solution: new weight 78862695 (was 78862695) in 0.002065 s
26,,9782,19440,71,,2647,0,,78903222,78862695,9443475,9443475,9443475,,1055673,3,@@

  handle_small_Steiner_degrees: steiner 0, suppress 0 in 1.2e-05 s
Starting round 27
Found 189 isolated vertices
Invalid ratios recomputed: 3998
Best ratio is 530071/1 (530071.0), centered at 9251
Finding the best star... Star with 2 terminals centered in 9253
round took: 0.586289 s
|V| = 9960, |E| = 19436, |R| = 70
>>> get_solution
>>> get_solution
  refine_solution: new weight 78862695 (was 78903222) in 0.002204 s
  refine_solution: new weight 78862695 (was 78862695) in 0.00206 s
27,,9771,19436,70,,3998,0,,78903222,78862695,9973546,9973546,9973546,,530071,2,@@

  handle_small_Steiner_degrees: steiner 0, suppress 0 in 1.6e-05 s
Starting round 28
Found 192 isolated vertices
Invalid ratios recomputed: 2882
Best ratio is 534667/1 (534667.0), centered at 5918
Finding the best star... Star with 2 terminals centered in 5927
round took: 0.435217 s
|V| = 9960, |E| = 19428, |R| = 69
>>> get_solution
>>> get_solution
  refine_solution: new weight 78862695 (was 78903222) in 0.002195 s
  refine_solution: new weight 78862695 (was 78862695) in 0.002051 s
28,,9768,19428,69,,2882,0,,78903222,78862695,10508213,10508213,10508213,,534667,2,@@

  handle_small_Steiner_degrees: steiner 0, suppress 0 in 1.1e-05 s
Starting round 29
Found 198 isolated vertices
Invalid ratios recomputed: 4476
Best ratio is 1605233/3 (535077.7), centered at 7852
Finding the best star... Star with 4 terminals centered in 7856
round took: 0.65762 s
|V| = 9960, |E| = 19407, |R| = 66
>>> get_solution
>>> get_solution
  refine_solution: new weight 78429665 (was 78470192) in 0.002208 s
  refine_solution: new weight 78429665 (was 78429665) in 0.002062 s
29,,9762,19407,66,,4476,0,,78470192,78429665,12113446,12113446,12113446,,1605233,4,@@

  handle_small_Steiner_degrees: steiner 0, suppress 0 in 1.5e-05 s
Starting round 30
Found 214 isolated vertices
Invalid ratios recomputed: 3898
Best ratio is 552610/1 (552610.0), centered at 6441
Finding the best star... Star with 2 terminals centered in 6541
round took: 0.584526 s
|V| = 9960, |E| = 19403, |R| = 65
>>> get_solution
>>> get_solution
  refine_solution: new weight 78429665 (was 78470192) in 0.002201 s
  refine_solution: new weight 78429665 (was 78429665) in 0.002049 s
30,,9746,19403,65,,3898,0,,78470192,78429665,12666056,12666056,12666056,,552610,2,@@

  handle_small_Steiner_degrees: steiner 0, suppress 0 in 1.2e-05 s
Starting round 31
Found 217 isolated vertices
Invalid ratios recomputed: 4389
Best ratio is 586434/1 (586434.0), centered at 3455
Finding the best star... Star with 2 terminals centered in 3663
round took: 0.689314 s
|V| = 9960, |E| = 19395, |R| = 64
>>> get_solution
>>> get_solution
  refine_solution: new weight 78429665 (was 78470192) in 0.002198 s
  refine_solution: new weight 78429665 (was 78429665) in 0.002068 s
31,,9743,19395,64,,4389,0,,78470192,78429665,13252490,13252490,13252490,,586434,2,@@

  handle_small_Steiner_degrees: steiner 0, suppress 0 in 1.6e-05 s
Starting round 32
Found 224 isolated vertices
Invalid ratios recomputed: 4148
Best ratio is 590132/1 (590132.0), centered at 4973
Finding the best star... Star with 2 terminals centered in 5173
round took: 0.64137 s
|V| = 9960, |E| = 19390, |R| = 63
>>> get_solution
>>> get_solution
  refine_solution: new weight 78215633 (was 78256160) in 0.002202 s
  refine_solution: new weight 78215633 (was 78215633) in 0.002051 s
32,,9736,19390,63,,4148,0,,78256160,78215633,13842622,13842622,13842622,,590132,2,@@

  delete_edges: deleted 73 edges in 0.001548 s and 3 rounds
  handle_small_Steiner_degrees: steiner 1, suppress 46 in 3.4e-05 s
Starting round 33
Found 275 isolated vertices
Invalid ratios recomputed: 3553
Best ratio is 605859/1 (605859.0), centered at 6896
Finding the best star... Star with 2 terminals centered in 7700
round took: 0.585405 s
|V| = 9960, |E| = 19258, |R| = 62
>>> get_solution
>>> get_solution
  refine_solution: new weight 78215633 (was 78256160) in 0.002188 s
  refine_solution: new weight 78215633 (was 78215633) in 0.002071 s
33,,9685,19258,62,,3553,0,,78256160,78215633,14448481,14448481,14448481,,605859,2,@@

  handle_small_Steiner_degrees: steiner 0, suppress 0 in 1.2e-05 s
Starting round 34
Found 282 isolated vertices
Invalid ratios recomputed: 3624
Best ratio is 616659/1 (616659.0), centered at 7856
Finding the best star... Star with 2 terminals centered in 8258
round took: 0.593283 s
|V| = 9960, |E| = 19250, |R| = 61
>>> get_solution
>>> get_solution
  refine_solution: new weight 78215633 (was 78256160) in 0.002193 s
  refine_solution: new weight 78215633 (was 78215633) in 0.002053 s
34,,9678,19250,61,,3624,0,,78256160,78215633,15065140,15065140,15065140,,616659,2,@@

  handle_small_Steiner_degrees: steiner 0, suppress 0 in 1.6e-05 s
Starting round 35
Found 288 isolated vertices
Invalid ratios recomputed: 4137
Best ratio is 622509/1 (622509.0), centered at 9005
Finding the best star... Star with 2 terminals centered in 9005
round took: 0.692266 s
|V| = 9960, |E| = 19241, |R| = 60
>>> get_solution
>>> get_solution
  refine_solution: new weight 78215633 (was 78256160) in 0.002202 s
  refine_solution: new weight 78215633 (was 78215633) in 0.002048 s
35,,9672,19241,60,,4137,0,,78256160,78215633,15687649,15687649,15687649,,622509,2,@@

  handle_small_Steiner_degrees: steiner 0, suppress 0 in 1.2e-05 s
Starting round 36
Found 293 isolated vertices
Invalid ratios recomputed: 3271
Best ratio is 1256791/2 (628395.5), centered at 4373
Finding the best star... Star with 3 terminals centered in 4479
round took: 0.627097 s
|V| = 9960, |E| = 19220, |R| = 58
>>> get_solution
>>> get_solution
  refine_solution: new weight 78265778 (was 78306305) in 0.002183 s
  refine_solution: new weight 78265778 (was 78265778) in 0.002048 s
36,,9667,19220,58,,3271,0,,78306305,78265778,16944440,16944440,16944440,,1256791,3,@@

  handle_small_Steiner_degrees: steiner 0, suppress 0 in 1.6e-05 s
Starting round 37
Found 310 isolated vertices
Invalid ratios recomputed: 4161
Best ratio is 651295/1 (651295.0), centered at 1121
Finding the best star... Star with 2 terminals centered in 1726
round took: 0.764131 s
|V| = 9960, |E| = 19208, |R| = 57
>>> get_solution
>>> get_solution
  refine_solution: new weight 78234505 (was 78388257) in 0.002183 s
  refine_solution: new weight 78234505 (was 78234505) in 0.002051 s
37,,9650,19208,57,,4161,0,,78388257,78234505,17595735,17595735,17595735,,651295,2,@@

  handle_small_Steiner_degrees: steiner 0, suppress 0 in 1.5e-05 s
Starting round 38
Found 321 isolated vertices
Invalid ratios recomputed: 4007
Best ratio is 1303596/2 (651798.0), centered at 61
Finding the best star... Star with 3 terminals centered in 1245
round took: 0.702988 s
|V| = 9960, |E| = 19185, |R| = 55
>>> get_solution
>>> get_solution
  refine_solution: new weight 77965496 (was 78122849) in 0.002193 s
  refine_solution: new weight 77965496 (was 77965496) in 0.002058 s
38,,9639,19185,55,,4007,0,,78122849,77965496,18899331,18899331,18899331,,1303596,3,@@

  handle_small_Steiner_degrees: steiner 0, suppress 0 in 1.5e-05 s
Starting round 39
Found 341 isolated vertices
Invalid ratios recomputed: 3904
Best ratio is 687030/1 (687030.0), centered at 2836
Finding the best star... Star with 2 terminals centered in 3534
round took: 0.674606 s
|V| = 9960, |E| = 19176, |R| = 54
>>> get_solution
>>> get_solution
  refine_solution: new weight 77965496 (was 78122849) in 0.00218 s
  refine_solution: new weight 77965496 (was 77965496) in 0.002057 s
39,,9619,19176,54,,3904,0,,78122849,77965496,19586361,19586361,19586361,,687030,2,@@

  handle_small_Steiner_degrees: steiner 0, suppress 1 in 1.7e-05 s
Starting round 40
Found 349 isolated vertices
Invalid ratios recomputed: 5192
Best ratio is 1376330/2 (688165.0), centered at 8258
Finding the best star... Star with 3 terminals centered in 8665
round took: 0.930943 s
|V| = 9960, |E| = 19157, |R| = 52
>>> get_solution
>>> get_solution
  refine_solution: new weight 77867066 (was 78024419) in 0.002177 s
  refine_solution: new weight 77867066 (was 77867066) in 0.002065 s
40,,9611,19157,52,,5192,0,,78024419,77867066,20962691,20962691,20962691,,1376330,3,@@

  handle_small_Steiner_degrees: steiner 0, suppress 0 in 1.5e-05 s
Starting round 41
Found 363 isolated vertices
Invalid ratios recomputed: 4499
Best ratio is 1426381/2 (713190.5), centered at 1115
Finding the best star... Star with 3 terminals centered in 2317
round took: 0.875876 s
|V| = 9960, |E| = 19133, |R| = 50
>>> get_solution
>>> get_solution
  refine_solution: new weight 77754374 (was 77911727) in 0.002193 s
  refine_solution: new weight 77754374 (was 77754374) in 0.002043 s
41,,9597,19133,50,,4499,0,,77911727,77754374,22389072,22389072,22389072,,1426381,3,@@

  handle_small_Steiner_degrees: steiner 0, suppress 0 in 1.5e-05 s
Starting round 42
Found 383 isolated vertices
Invalid ratios recomputed: 4412
Best ratio is 713938/1 (713938.0), centered at 2042
Finding the best star... Star with 2 terminals centered in 3534
round took: 0.823773 s
|V| = 9960, |E| = 19122, |R| = 49
>>> get_solution
>>> get_solution
  refine_solution: new weight 77669649 (was 77823401) in 0.002179 s
  refine_solution: new weight 77669649 (was 77669649) in 0.00205 s
42,,9577,19122,49,,4412,0,,77823401,77669649,23103010,23103010,23103010,,713938,2,@@

  handle_small_Steiner_degrees: steiner 0, suppress 0 in 1.5e-05 s
Starting round 43
Found 391 isolated vertices
Invalid ratios recomputed: 5227
Best ratio is 733101/1 (733101.0), centered at 8665
Finding the best star... Star with 2 terminals centered in 8665
round took: 0.975866 s
|V| = 9960, |E| = 19111, |R| = 48
>>> get_solution
>>> get_solution
  refine_solution: new weight 77669649 (was 77823401) in 0.002189 s
  refine_solution: new weight 77669649 (was 77669649) in 0.002052 s
43,,9569,19111,48,,5227,0,,77823401,77669649,23836111,23836111,23836111,,733101,2,@@

  handle_small_Steiner_degrees: steiner 0, suppress 0 in 1.5e-05 s
Starting round 44
Found 401 isolated vertices
Invalid ratios recomputed: 4669
Best ratio is 743574/1 (743574.0), centered at 2754
Finding the best star... Star with 2 terminals centered in 3663
round took: 0.95515 s
|V| = 9960, |E| = 19100, |R| = 47
>>> get_solution
>>> get_solution
  refine_solution: new weight 77669649 (was 77823401) in 0.00219 s
  refine_solution: new weight 77669649 (was 77669649) in 0.002046 s
44,,9559,19100,47,,4669,0,,77823401,77669649,24579685,24579685,24579685,,743574,2,@@

  handle_small_Steiner_degrees: steiner 0, suppress 0 in 1.6e-05 s
Starting round 45
Found 409 isolated vertices
Invalid ratios recomputed: 4253
Best ratio is 1580367/2 (790183.5), centered at 6759
Finding the best star... Star with 3 terminals centered in 7669
round took: 0.872352 s
|V| = 9960, |E| = 19073, |R| = 45
>>> get_solution
>>> get_solution
  refine_solution: new weight 77362731 (was 77504724) in 0.002203 s
  refine_solution: new weight 77362731 (was 77362731) in 0.002052 s
45,,9551,19073,45,,4253,0,,77504724,77362731,26160052,26160052,26160052,,1580367,3,@@

  handle_small_Steiner_degrees: steiner 0, suppress 0 in 1.5e-05 s
Starting round 46
Found 431 isolated vertices
Invalid ratios recomputed: 4918
Best ratio is 806033/1 (806033.0), centered at 4219
Finding the best star... Star with 2 terminals centered in 4825
round took: 1.09456 s
|V| = 9960, |E| = 19061, |R| = 44
>>> get_solution
>>> get_solution
  refine_solution: new weight 77281907 (was 77423900) in 0.002202 s
  refine_solution: new weight 77281907 (was 77281907) in 0.00205 s
46,,9529,19061,44,,4918,0,,77423900,77281907,26966085,26966085,26966085,,806033,2,@@

  handle_small_Steiner_degrees: steiner 0, suppress 0 in 1.1e-05 s
Starting round 47
Found 441 isolated vertices
Invalid ratios recomputed: 5613
Best ratio is 1648897/2 (824448.5), centered at 3685
Finding the best star... Star with 3 terminals centered in 4097
round took: 1.14909 s
|V| = 9960, |E| = 19041, |R| = 42
>>> get_solution
>>> get_solution
  refine_solution: new weight 76954308 (was 77096301) in 0.0022 s
  refine_solution: new weight 76954308 (was 76954308) in 0.002049 s
47,,9519,19041,42,,5613,0,,77096301,76954308,28614982,28614982,28614982,,1648897,3,@@

  handle_small_Steiner_degrees: steiner 0, suppress 1 in 1.6e-05 s
Starting round 48
Found 457 isolated vertices
Invalid ratios recomputed: 4705
Best ratio is 825170/1 (825170.0), centered at 5827
Finding the best star... Star with 2 terminals centered in 5831
round took: 0.996447 s
|V| = 9960, |E| = 19032, |R| = 41
>>> get_solution
>>> get_solution
  refine_solution: new weight 76954308 (was 77096301) in 0.002194 s
  refine_solution: new weight 76954308 (was 76954308) in 0.002067 s
48,,9503,19032,41,,4705,0,,77096301,76954308,29440152,29440152,29440152,,825170,2,@@

  delete_edges: deleted 152 edges in 0.003744 s and 6 rounds
  handle_small_Steiner_degrees: steiner 3, suppress 109 in 7.5e-05 s
Starting round 49
Found 573 isolated vertices
Invalid ratios recomputed: 6123
Best ratio is 826843/1 (826843.0), centered at 1242
Finding the best star... Star with 2 terminals centered in 3534
round took: 1.3277 s
|V| = 9960, |E| = 18744, |R| = 40
>>> get_solution
>>> get_solution
  refine_solution: new weight 76954308 (was 77096301) in 0.002182 s
  refine_solution: new weight 76954308 (was 76954308) in 0.002066 s
49,,9387,18744,40,,6123,0,,77096301,76954308,30266995,30266995,30266995,,826843,2,@@

  handle_small_Steiner_degrees: steiner 0, suppress 1 in 1.8e-05 s
Starting round 50
Found 585 isolated vertices
Invalid ratios recomputed: 5953
Best ratio is 852488/1 (852488.0), centered at 810
Finding the best star... Star with 2 terminals centered in 2317
round took: 1.34314 s
|V| = 9960, |E| = 18735, |R| = 39
>>> get_solution
>>> get_solution
  refine_solution: new weight 76954308 (was 77096301) in 0.002204 s
  refine_solution: new weight 76954308 (was 76954308) in 0.002054 s
50,,9375,18735,39,,5953,0,,77096301,76954308,31119483,31119483,31119483,,852488,2,@@

  handle_small_Steiner_degrees: steiner 0, suppress 0 in 1.5e-05 s
Starting round 51
Found 591 isolated vertices
Invalid ratios recomputed: 5800
Best ratio is 875878/1 (875878.0), centered at 1377
Finding the best star... Star with 2 terminals centered in 2266
round took: 1.33899 s
|V| = 9960, |E| = 18721, |R| = 38
>>> get_solution
>>> get_solution
  refine_solution: new weight 76954308 (was 77096301) in 0.002191 s
  refine_solution: new weight 76954308 (was 76954308) in 0.002061 s
51,,9369,18721,38,,5800,0,,77096301,76954308,31995361,31995361,31995361,,875878,2,@@

  handle_small_Steiner_degrees: steiner 0, suppress 0 in 1.5e-05 s
Starting round 52
Found 603 isolated vertices
Invalid ratios recomputed: 4285
Best ratio is 887660/1 (887660.0), centered at 2312
Finding the best star... Star with 2 terminals centered in 2317
round took: 1.12085 s
|V| = 9960, |E| = 18713, |R| = 37
>>> get_solution
>>> get_solution
  refine_solution: new weight 76954308 (was 77096301) in 0.002188 s
  refine_solution: new weight 76954308 (was 76954308) in 0.002057 s
52,,9357,18713,37,,4285,0,,77096301,76954308,32883021,32883021,32883021,,887660,2,@@

  handle_small_Steiner_degrees: steiner 0, suppress 1 in 1.8e-05 s
Starting round 53
Found 610 isolated vertices
Invalid ratios recomputed: 5819
Best ratio is 1802632/2 (901316.0), centered at 6583
Finding the best star... Star with 3 terminals centered in 7700
round took: 1.47474 s
|V| = 9960, |E| = 18687, |R| = 35
>>> get_solution
>>> get_solution
  refine_solution: new weight 76586356 (was 76728349) in 0.002183 s
  refine_solution: new weight 76586356 (was 76586356) in 0.002063 s
53,,9350,18687,35,,5819,0,,76728349,76586356,34685653,34685653,34685653,,1802632,3,@@

  handle_small_Steiner_degrees: steiner 0, suppress 0 in 1.5e-05 s
Starting round 54
Found 630 isolated vertices
Invalid ratios recomputed: 5142
Best ratio is 1824720/2 (912360.0), centered at 5402
Finding the best star... Star with 3 terminals centered in 6306
round took: 1.25419 s
|V| = 9960, |E| = 18667, |R| = 33
>>> get_solution
>>> get_solution
  refine_solution: new weight 76095346 (was 76237339) in 0.002175 s
  refine_solution: new weight 76095346 (was 76095346) in 0.002059 s
54,,9330,18667,33,,5142,0,,76237339,76095346,36510373,36510373,36510373,,1824720,3,@@

  handle_small_Steiner_degrees: steiner 0, suppress 0 in 1.5e-05 s
Starting round 55
Found 647 isolated vertices
Invalid ratios recomputed: 5950
Best ratio is 916949/1 (916949.0), centered at 5189
Finding the best star... Star with 2 terminals centered in 7700
round took: 1.42483 s
|V| = 9960, |E| = 18656, |R| = 32
>>> get_solution
>>> get_solution
  refine_solution: new weight 76075629 (was 76226734) in 0.002198 s
  refine_solution: new weight 76066517 (was 76075629) in 0.002061 s
  refine_solution: new weight 76066517 (was 76066517) in 0.002052 s
55,,9313,18656,32,,5950,0,,76226734,76066517,37427322,37427322,37427322,,916949,2,@@

  handle_small_Steiner_degrees: steiner 0, suppress 2 in 1.9e-05 s
Starting round 56
Found 658 isolated vertices
Invalid ratios recomputed: 5466
Best ratio is 955842/1 (955842.0), centered at 4637
Finding the best star... Star with 2 terminals centered in 5048
round took: 1.5098 s
|V| = 9960, |E| = 18637, |R| = 31
>>> get_solution
>>> get_solution
  refine_solution: new weight 76062916 (was 76214021) in 0.002182 s
  refine_solution: new weight 76053804 (was 76062916) in 0.002069 s
  refine_solution: new weight 76053804 (was 76053804) in 0.002053 s
56,,9302,18637,31,,5466,0,,76214021,76053804,38383164,38383164,38383164,,955842,2,@@

  handle_small_Steiner_degrees: steiner 0, suppress 0 in 1.6e-05 s
Starting round 57
Found 673 isolated vertices
Invalid ratios recomputed: 7049
Best ratio is 978946/1 (978946.0), centered at 7669
Finding the best star... Star with 2 terminals centered in 7669
round took: 1.93986 s
|V| = 9960, |E| = 18623, |R| = 30
>>> get_solution
>>> get_solution
  refine_solution: new weight 75683208 (was 75834313) in 0.002211 s
  refine_solution: new weight 75674096 (was 75683208) in 0.002056 s
  refine_solution: new weight 75674096 (was 75674096) in 0.002048 s
57,,9287,18623,30,,7049,0,,75834313,75674096,39362110,39362110,39362110,,978946,2,@@

  handle_small_Steiner_degrees: steiner 0, suppress 0 in 1.5e-05 s
Starting round 58
Found 686 isolated vertices
Invalid ratios recomputed: 5609
Best ratio is 991879/1 (991879.0), centered at 4357
Finding the best star... Star with 2 terminals centered in 4479
round took: 1.65864 s
|V| = 9960, |E| = 18609, |R| = 29
>>> get_solution
>>> get_solution
  refine_solution: new weight 75421116 (was 75572221) in 0.002205 s
  refine_solution: new weight 75412004 (was 75421116) in 0.002053 s
  refine_solution: new weight 75412004 (was 75412004) in 0.00206 s
58,,9274,18609,29,,5609,0,,75572221,75412004,40353989,40353989,40353989,,991879,2,@@

  handle_small_Steiner_degrees: steiner 0, suppress 0 in 1.5e-05 s
Starting round 59
Found 699 isolated vertices
Invalid ratios recomputed: 6396
Best ratio is 1992381/2 (996190.5), centered at 6120
Finding the best star... Star with 3 terminals centered in 6829
round took: 2.0126 s
|V| = 9960, |E| = 18584, |R| = 27
>>> get_solution
>>> get_solution
  refine_solution: new weight 75305887 (was 75456992) in 0.0022 s
  refine_solution: new weight 75296775 (was 75305887) in 0.002052 s
  refine_solution: new weight 75296775 (was 75296775) in 0.002057 s
59,,9261,18584,27,,6396,0,,75456992,75296775,42346370,42346370,42346370,,1992381,3,@@

  handle_small_Steiner_degrees: steiner 0, suppress 3 in 1.7e-05 s
Starting round 60
Found 722 isolated vertices
Invalid ratios recomputed: 7402
Best ratio is 2007303/2 (1003651.5), centered at 1395
Finding the best star... Star with 3 terminals centered in 1403
round took: 2.3704 s
|V| = 9960, |E| = 18547, |R| = 25
>>> get_solution
>>> get_solution
  refine_solution: new weight 75255665 (was 75406770) in 0.0022 s
  refine_solution: new weight 75246553 (was 75255665) in 0.002072 s
  refine_solution: new weight 75246553 (was 75246553) in 0.002049 s
60,,9238,18547,25,,7402,0,,75406770,75246553,44353673,44353673,44353673,,2007303,3,@@

  handle_small_Steiner_degrees: steiner 0, suppress 0 in 1.5e-05 s
Starting round 61
Found 749 isolated vertices
Invalid ratios recomputed: 6381
Best ratio is 2043671/2 (1021835.5), centered at 7669
Finding the best star... Star with 3 terminals centered in 9861
round took: 2.25621 s
|V| = 9960, |E| = 18516, |R| = 23
>>> get_solution
>>> get_solution
  refine_solution: new weight 74983102 (was 75134207) in 0.002233 s
  refine_solution: new weight 74973990 (was 74983102) in 0.002069 s
  refine_solution: new weight 74973990 (was 74973990) in 0.002046 s
61,,9211,18516,23,,6381,0,,75134207,74973990,46397344,46397344,46397344,,2043671,3,@@

  handle_small_Steiner_degrees: steiner 0, suppress 0 in 1.5e-05 s
Starting round 62
Found 776 isolated vertices
Invalid ratios recomputed: 6261
Best ratio is 1026999/1 (1026999.0), centered at 461
Finding the best star... Star with 2 terminals centered in 2266
round took: 2.36585 s
|V| = 9960, |E| = 18499, |R| = 22
>>> get_solution
>>> get_solution
  refine_solution: new weight 74983102 (was 75134207) in 0.002216 s
  refine_solution: new weight 74973990 (was 74983102) in 0.00207 s
  refine_solution: new weight 74973990 (was 74973990) in 0.002049 s
62,,9184,18499,22,,6261,0,,75134207,74973990,47424343,47424343,47424343,,1026999,2,@@

  handle_small_Steiner_degrees: steiner 0, suppress 0 in 1.5e-05 s
Starting round 63
Found 791 isolated vertices
Invalid ratios recomputed: 7094
Best ratio is 1049240/1 (1049240.0), centered at 5048
Finding the best star... Star with 2 terminals centered in 5547
round took: 2.70992 s
|V| = 9960, |E| = 18492, |R| = 21
>>> get_solution
>>> get_solution
  refine_solution: new weight 74983102 (was 75134207) in 0.002232 s
  refine_solution: new weight 74973990 (was 74983102) in 0.002057 s
  refine_solution: new weight 74973990 (was 74973990) in 0.002067 s
63,,9169,18492,21,,7094,0,,75134207,74973990,48473583,48473583,48473583,,1049240,2,@@

  handle_small_Steiner_degrees: steiner 0, suppress 0 in 1.5e-05 s
Starting round 64
Found 796 isolated vertices
Invalid ratios recomputed: 8167
Best ratio is 1072316/1 (1072316.0), centered at 5290
Finding the best star... Star with 2 terminals centered in 6306
round took: 3.19637 s
|V| = 9960, |E| = 18476, |R| = 20
>>> get_solution
>>> get_solution
  refine_solution: new weight 74983102 (was 75134207) in 0.00223 s
  refine_solution: new weight 74973990 (was 74983102) in 0.002054 s
  refine_solution: new weight 74973990 (was 74973990) in 0.002055 s
64,,9164,18476,20,,8167,0,,75134207,74973990,49545899,49545899,49545899,,1072316,2,@@

  handle_small_Steiner_degrees: steiner 0, suppress 0 in 1.5e-05 s
Starting round 65
Found 809 isolated vertices
Invalid ratios recomputed: 7521
Best ratio is 1126621/1 (1126621.0), centered at 2263
Finding the best star... Star with 2 terminals centered in 3663
round took: 3.35538 s
|V| = 9960, |E| = 18459, |R| = 19
>>> get_solution
>>> get_solution
  refine_solution: new weight 74983102 (was 75134207) in 0.002225 s
  refine_solution: new weight 74973990 (was 74983102) in 0.002073 s
  refine_solution: new weight 74973990 (was 74973990) in 0.002067 s
65,,9151,18459,19,,7521,0,,75134207,74973990,50672520,50672520,50672520,,1126621,2,@@

  handle_small_Steiner_degrees: steiner 0, suppress 0 in 1.5e-05 s
Starting round 66
Found 823 isolated vertices
Invalid ratios recomputed: 7780
Best ratio is 1151637/1 (1151637.0), centered at 5543
Finding the best star... Star with 2 terminals centered in 6541
round took: 3.68406 s
|V| = 9960, |E| = 18443, |R| = 18
>>> get_solution
>>> get_solution
  refine_solution: new weight 74611047 (was 74762152) in 0.002218 s
  refine_solution: new weight 74601935 (was 74611047) in 0.002071 s
  refine_solution: new weight 74601935 (was 74601935) in 0.002047 s
66,,9137,18443,18,,7780,0,,74762152,74601935,51824157,51824157,51824157,,1151637,2,@@

  handle_small_Steiner_degrees: steiner 0, suppress 0 in 1.5e-05 s
Starting round 67
Found 836 isolated vertices
Invalid ratios recomputed: 8544
Best ratio is 1161862/1 (1161862.0), centered at 3663
Finding the best star... Star with 2 terminals centered in 4479
round took: 4.54432 s
|V| = 9960, |E| = 18434, |R| = 17
>>> get_solution
>>> get_solution
  refine_solution: new weight 74611047 (was 74762152) in 0.00222 s
  refine_solution: new weight 74601935 (was 74611047) in 0.002061 s
  refine_solution: new weight 74601935 (was 74601935) in 0.002044 s
67,,9124,18434,17,,8544,0,,74762152,74601935,52986019,52986019,52986019,,1161862,2,@@

  handle_small_Steiner_degrees: steiner 0, suppress 0 in 1.5e-05 s
Starting round 68
Found 843 isolated vertices
Invalid ratios recomputed: 8265
Best ratio is 1201403/1 (1201403.0), centered at 1403
Finding the best star... Star with 2 terminals centered in 4097
round took: 4.88843 s
|V| = 9960, |E| = 18418, |R| = 16
>>> get_solution
>>> get_solution
  refine_solution: new weight 74611047 (was 74762152) in 0.002226 s
  refine_solution: new weight 74601935 (was 74611047) in 0.002061 s
  refine_solution: new weight 74601935 (was 74601935) in 0.00206 s
68,,9117,18418,16,,8265,0,,74762152,74601935,54187422,54187422,54187422,,1201403,2,@@

  handle_small_Steiner_degrees: steiner 0, suppress 1 in 1.6e-05 s
Starting round 69
Found 857 isolated vertices
Invalid ratios recomputed: 8630
Best ratio is 1244179/1 (1244179.0), centered at 5832
Finding the best star... Star with 2 terminals centered in 6541
round took: 5.15291 s
|V| = 9960, |E| = 18402, |R| = 15
>>> get_solution
>>> get_solution
  refine_solution: new weight 74611047 (was 74762152) in 0.002231 s
  refine_solution: new weight 74601935 (was 74611047) in 0.002085 s
  refine_solution: new weight 74601935 (was 74601935) in 0.002058 s
69,,9103,18402,15,,8630,0,,74762152,74601935,55431601,55431601,55431601,,1244179,2,@@

  handle_small_Steiner_degrees: steiner 0, suppress 0 in 1.5e-05 s
Starting round 70
Found 869 isolated vertices
Invalid ratios recomputed: 8981
Best ratio is 1245343/1 (1245343.0), centered at 230
Finding the best star... Star with 2 terminals centered in 2317
round took: 5.47595 s
|V| = 9960, |E| = 18384, |R| = 14
>>> get_solution
>>> get_solution
  refine_solution: new weight 74611047 (was 74762152) in 0.002235 s
  refine_solution: new weight 74601935 (was 74611047) in 0.002064 s
  refine_solution: new weight 74601935 (was 74601935) in 0.002049 s
70,,9091,18384,14,,8981,0,,74762152,74601935,56676944,56676944,56676944,,1245343,2,@@

  handle_small_Steiner_degrees: steiner 0, suppress 0 in 1.4e-05 s
Starting round 71
Found 886 isolated vertices
Invalid ratios recomputed: 8760
Best ratio is 1259551/1 (1259551.0), centered at 903
Finding the best star... Star with 2 terminals centered in 2317
round took: 5.83906 s
|V| = 9960, |E| = 18369, |R| = 13
>>> get_solution
>>> get_solution
  refine_solution: new weight 74611047 (was 74762152) in 0.002236 s
  refine_solution: new weight 74601935 (was 74611047) in 0.002067 s
  refine_solution: new weight 74601935 (was 74601935) in 0.002061 s
71,,9074,18369,13,,8760,0,,74762152,74601935,57936495,57936495,57936495,,1259551,2,@@

  handle_small_Steiner_degrees: steiner 0, suppress 0 in 1.3e-05 s
Starting round 72
Found 898 isolated vertices
Invalid ratios recomputed: 8939
Best ratio is 1271854/1 (1271854.0), centered at 2641
Finding the best star... Star with 2 terminals centered in 4479
round took: 6.52663 s
|V| = 9960, |E| = 18351, |R| = 12
>>> get_solution
>>> get_solution
  refine_solution: new weight 74547777 (was 74698882) in 0.002227 s
  refine_solution: new weight 74538665 (was 74547777) in 0.002065 s
  refine_solution: new weight 74538665 (was 74538665) in 0.002046 s
72,,9062,18351,12,,8939,0,,74698882,74538665,59208349,59208349,59208349,,1271854,2,@@

  handle_small_Steiner_degrees: steiner 0, suppress 1 in 1.6e-05 s
Starting round 73
Found 914 isolated vertices
Invalid ratios recomputed: 8769
Best ratio is 1289655/1 (1289655.0), centered at 6306
Finding the best star... Star with 2 terminals centered in 7980
round took: 6.64028 s
|V| = 9960, |E| = 18329, |R| = 11
>>> get_solution
>>> get_solution
  refine_solution: new weight 74547777 (was 74698882) in 0.002232 s
  refine_solution: new weight 74538665 (was 74547777) in 0.002075 s
  refine_solution: new weight 74538665 (was 74538665) in 0.002048 s
73,,9046,18329,11,,8769,0,,74698882,74538665,60498004,60498004,60498004,,1289655,2,@@

  handle_small_Steiner_degrees: steiner 0, suppress 0 in 1.2e-05 s
Starting round 74
Found 931 isolated vertices
Invalid ratios recomputed: 8916
Best ratio is 1290294/1 (1290294.0), centered at 4479
Finding the best star... Star with 2 terminals centered in 4479
round took: 7.43087 s
|V| = 9960, |E| = 18310, |R| = 10
>>> get_solution
>>> get_solution
  refine_solution: new weight 74547777 (was 74698882) in 0.002246 s
  refine_solution: new weight 74538665 (was 74547777) in 0.00207 s
  refine_solution: new weight 74538665 (was 74538665) in 0.002044 s
74,,9029,18310,10,,8916,0,,74698882,74538665,61788298,61788298,61788298,,1290294,2,@@

  handle_small_Steiner_degrees: steiner 0, suppress 0 in 1.1e-05 s
Starting round 75
Found 945 isolated vertices
Invalid ratios recomputed: 9012
Best ratio is 1296633/1 (1296633.0), centered at 8735
Finding the best star... Star with 2 terminals centered in 9861
round took: 7.93625 s
|V| = 9960, |E| = 18291, |R| = 9
>>> get_solution
>>> get_solution
  refine_solution: new weight 74547777 (was 74698882) in 0.002238 s
  refine_solution: new weight 74538665 (was 74547777) in 0.002055 s
  refine_solution: new weight 74538665 (was 74538665) in 0.002051 s
75,,9015,18291,9,,9012,0,,74698882,74538665,63084931,63084931,63084931,,1296633,2,@@

  handle_small_Steiner_degrees: steiner 0, suppress 0 in 1.1e-05 s
Starting round 76
Found 960 isolated vertices
Invalid ratios recomputed: 8897
Best ratio is 1299427/1 (1299427.0), centered at 4479
Finding the best star... Star with 2 terminals centered in 9861
round took: 8.47617 s
|V| = 9960, |E| = 18271, |R| = 8
>>> get_solution
>>> get_solution
  refine_solution: new weight 74547777 (was 74698882) in 0.002289 s
  refine_solution: new weight 74538665 (was 74547777) in 0.002058 s
  refine_solution: new weight 74538665 (was 74538665) in 0.002063 s
76,,9000,18271,8,,8897,0,,74698882,74538665,64384358,64384358,64384358,,1299427,2,@@

  handle_small_Steiner_degrees: steiner 0, suppress 0 in 1.2e-05 s
Starting round 77
Found 978 isolated vertices
Invalid ratios recomputed: 8979
Best ratio is 1383067/1 (1383067.0), centered at 7701
Finding the best star... Star with 2 terminals centered in 9005
round took: 9.38196 s
|V| = 9960, |E| = 18257, |R| = 7
>>> get_solution
>>> get_solution
  refine_solution: new weight 74547777 (was 74698882) in 0.00223 s
  refine_solution: new weight 74538665 (was 74547777) in 0.002059 s
  refine_solution: new weight 74538665 (was 74538665) in 0.002048 s
77,,8982,18257,7,,8979,0,,74698882,74538665,65767425,65767425,65767425,,1383067,2,@@

  handle_small_Steiner_degrees: steiner 0, suppress 1 in 1.4e-05 s
Starting round 78
Found 990 isolated vertices
Invalid ratios recomputed: 8970
Best ratio is 2869247/2 (1434623.5), centered at 9013
Finding the best star... Star with 3 terminals centered in 9523
round took: 10.0196 s
|V| = 9960, |E| = 18228, |R| = 5
>>> get_solution
>>> get_solution
  refine_solution: new weight 74547777 (was 74698882) in 0.002241 s
  refine_solution: new weight 74538665 (was 74547777) in 0.002052 s
  refine_solution: new weight 74538665 (was 74538665) in 0.002051 s
78,,8970,18228,5,,8970,0,,74698882,74538665,68636672,68636672,68636672,,2869247,3,@@

  handle_small_Steiner_degrees: steiner 0, suppress 0 in 1.2e-05 s
Starting round 79
Found 1014 isolated vertices
Invalid ratios recomputed: 8946
Best ratio is 1487464/1 (1487464.0), centered at 2317
Finding the best star... Star with 2 terminals centered in 2317
round took: 10.1662 s
|V| = 9960, |E| = 18207, |R| = 4
>>> get_solution
>>> get_solution
  refine_solution: new weight 74547777 (was 74698882) in 0.002235 s
  refine_solution: new weight 74538665 (was 74547777) in 0.002063 s
  refine_solution: new weight 74538665 (was 74538665) in 0.002044 s
79,,8946,18207,4,,8946,0,,74698882,74538665,70124136,70124136,70124136,,1487464,2,@@

  handle_small_Steiner_degrees: steiner 0, suppress 0 in 1.1e-05 s
Starting round 80
Found 1029 isolated vertices
Invalid ratios recomputed: 8931
Best ratio is 1492230/1 (1492230.0), centered at 2317
Finding the best star... Star with 2 terminals centered in 9861
round took: 10.3018 s
|V| = 9960, |E| = 18192, |R| = 3
>>> get_solution
>>> get_solution
  refine_solution: new weight 74547777 (was 74698882) in 0.002247 s
  refine_solution: new weight 74538665 (was 74547777) in 0.002053 s
  refine_solution: new weight 74538665 (was 74538665) in 0.002047 s
80,,8931,18192,3,,8931,0,,74698882,74538665,71616366,71616366,71616366,,1492230,2,@@

  handle_small_Steiner_degrees: steiner 0, suppress 0 in 1.1e-05 s
Starting round 81
Found 1041 isolated vertices
Invalid ratios recomputed: 8919
Best ratio is 1496432/1 (1496432.0), centered at 4822
Finding the best star... Star with 2 terminals centered in 9861
round took: 10.5811 s
|V| = 9960, |E| = 18182, |R| = 2
>>> get_solution
>>> get_solution
  refine_solution: new weight 74547777 (was 74698882) in 0.002264 s
  refine_solution: new weight 74538665 (was 74547777) in 0.002058 s
  refine_solution: new weight 74538665 (was 74538665) in 0.002058 s
81,,8919,18182,2,,8919,0,,74698882,74538665,73112798,73112798,73112798,,1496432,2,@@

  handle_small_Steiner_degrees: steiner 0, suppress 0 in 1.1e-05 s
Starting round 82
Found 1051 isolated vertices
Invalid ratios recomputed: 8909
Best ratio is 1586084/1 (1586084.0), centered at 2511
Finding the best star... Star with 2 terminals centered in 3811
round took: 10.5433 s
|V| = 9960, |E| = 18166, |R| = 1
>>> get_solution
>>> get_solution
  refine_solution: new weight 74547777 (was 74698882) in 0.002294 s
  refine_solution: new weight 74538665 (was 74547777) in 0.002071 s
  refine_solution: new weight 74538665 (was 74538665) in 0.002051 s
82,,8909,18166,1,,8909,0,,74698882,74538665,74698882,74698882,74698882,,1586084,2,@@

  handle_small_Steiner_degrees: steiner 0, suppress 0 in 1.1e-05 s
contract_till_the_bitter_end: 186.276 s

Calling end_heu
>>> get_solution
Saved weight 0
D: 74698882 -> 73833840
  BEST solution improved 74698882 -> 73833840 (vert_size 0, round 1) *
  BEST solution improved 73833840 -> 73788836 (vert_size 1, round 37)
  BEST solution improved 73788836 -> 73771433 (vert_size 4, round 634) *
D: 73771433 -> 73609402
  BEST solution improved 73771433 -> 73609402 (vert_size 0, round 1001) *
D: 73609402 -> 73609402
  BEST solution improved 73609402 -> 73584460 (vert_size 4, round 2688) *
  BEST solution improved 73584460 -> 73540018 (vert_size 2, round 2944) *
D: 73540018 -> 73385619
  BEST solution improved 73540018 -> 73385619 (vert_size 0, round 3001) *
D: 73385619 -> 73385619
D: 73402189 -> 73366046
  BEST solution improved 73402189 -> 73366046 (vert_size 0, round 5001) *
D: 73366046 -> 73366046
  BEST solution improved 73366046 -> 73329634 (vert_size 4, round 6973) *
D: 73329634 -> 73329634
D: 73329634 -> 73329634
D: 73329634 -> 73329634
D: 73329634 -> 73329634
D: 73385619 -> 73385619
D: 73366046 -> 73366046
D: 73366046 -> 73366046
D: 73609402 -> 73609402
D: 73609402 -> 73609402
D: 73366046 -> 73442354
D: 73833840 -> 73951720
D: 73366046 -> 73359657
D: 73366046 -> 73474040
D: 73366046 -> 73366046
D: 73366046 -> 73366046
D: 73329634 -> 73329634
D: 73366046 -> 73366046
D: 73329634 -> 73329634
D: 73366046 -> 73165366
  BEST solution improved 73366046 -> 73165366 (vert_size 0, round 25001) *
D: 73165366 -> 73165366
D: 73165366 -> 73165366
  BEST solution improved 73165366 -> 73128954 (vert_size 4, round 27577) *
D: 73128954 -> 73128954
D: 73128954 -> 73128954
D: 73329634 -> 73329634
D: 73329634 -> 73438623
D: 73165366 -> 73165366
D: 73385619 -> 73766601
D: 73771433 -> 73609402
D: 73718625 -> 73606870
D: 73329634 -> 73329634
D: 73128954 -> 73128954
D: 73366046 -> 73366046
D: 73366046 -> 73442354
D: 73366046 -> 73366046

 start over 40560 loops 154 unique solutions 
Approx + random 
D: 80596939 -> 75366482
D: 73366046 -> 73366046
D: 73128954 -> 73128954
D: 73366046 -> 73591386
D: 73128954 -> 73128954
D: 73128954 -> 73128954
D: 73366046 -> 73366046
D: 73128954 -> 73128954
D: 73128954 -> 73128954
D: 73366046 -> 73367221
D: 75131085 -> 73727742
D: 73128954 -> 73128954
D: 74586440 -> 73727742
D: 73955771 -> 73639012
D: 73128954 -> 73128954
D: 73128954 -> 73128954
D: 73128954 -> 73174404
D: 75292189 -> 74385659
D: 74326769 -> 74080766
D: 73128954 -> 73128954
D: 73128954 -> 73128954
D: 73128954 -> 73128954
D: 73639012 -> 73591914
D: 74385659 -> 74148508
D: 73706568 -> 73749293
D: 73128954 -> 73254768
D: 73128954 -> 73128954
D: 73128954 -> 73128954
D: 73128954 -> 73128954
D: 73128954 -> 73128954
D: 74148508 -> 74570000
D: 73128954 -> 73420283
D: 74357079 -> 73820587
D: 73128954 -> 73128954
D: 73128954 -> 73128954
D: 73128954 -> 73128954
D: 73128954 -> 73128954
D: 73511848 -> 73724787
D: 73128954 -> 73128954
D: 73820587 -> 73834529
D: 73128954 -> 73128954
D: 73128954 -> 73128954
D: 73128954 -> 73128954
D: 75362528 -> 74387617
D: 73152512 -> 73128954

 start over 84207 loops 199 unique solutions 
Approx + random 
D: 80596939 -> 75843627
D: 73128954 -> 73128954
D: 73128954 -> 73128954
D: 73128954 -> 73128954
D: 73128954 -> 73128954
D: 73128954 -> 73193022
D: 73591386 -> 73802104
D: 73591914 -> 73569219
D: 73128954 -> 73128954
D: 75074751 -> 74242849
D: 73128954 -> 73128954
D: 73128954 -> 73128954
D: 73128954 -> 73128954
D: 73128954 -> 73128954
D: 73128954 -> 73128954
D: 73128954 -> 73128954
D: 74875033 -> 74054941
D: 73128954 -> 73128954
D: 73128954 -> 73128954
D: 73128954 -> 73128954
D: 73798743 -> 73609192
D: 74054941 -> 73898140
D: 73128954 -> 73401517
D: 73128954 -> 73128954
D: 73128954 -> 73128954
D: 73128954 -> 73128954
D: 73572206 -> 73481402
D: 73226603 -> 73140752
D: 73572206 -> 73504097
D: 73193022 -> 73193022
D: 73128954 -> 73128954
D: 73481402 -> 73481402
D: 73140752 -> 73140752
D: 73128954 -> 73128954
D: 73481402 -> 73481402
D: 73588776 -> 73577693
D: 73140752 -> 73140752
D: 73388358 -> 73388358
D: 73588776 -> 73504097
D: 74085778 -> 73726406
D: 73128954 -> 73128954
D: 73128954 -> 73439354
D: 73128954 -> 73128954
D: 73504097 -> 73515895
D: 73128954 -> 73128954
D: 73128954 -> 73128954
D: 73481402 -> 73481402

 start over 130433 loops 245 unique solutions 
Original + vert_size 13 
D: 74698882 -> 73828501
D: 73128954 -> 73128954
D: 73128954 -> 73128954
D: 73577693 -> 73554998
D: 74834665 -> 74080302
D: 73128954 -> 73128954
D: 73128954 -> 73128954
D: 73128954 -> 73128954
D: 73128954 -> 73128954
D: 73128954 -> 73128954
D: 74265464 -> 73895005
D: 73128954 -> 73128954
D: 73822293 -> 73669108
D: 74265464 -> 73706348
D: 73128954 -> 73128954
D: 73128954 -> 73128954
D: 73128954 -> 73128954
D: 73128954 -> 73128954
D: 73128954 -> 73403954
D: 73128954 -> 73128954
D: 73128954 -> 73140752
D: 73128954 -> 73128954
D: 73128954 -> 73128954
D: 73515895 -> 73493200
D: 73493200 -> 73493200
D: 73437856 -> 73416392
D: 73128954 -> 73128954
D: 73493200 -> 73493200
D: 73128954 -> 73128954
D: 73493200 -> 73493200
D: 73128954 -> 73128954
D: 73416392 -> 73393697
D: 73798735 -> 73738204
D: 73128954 -> 73439354
D: 73128954 -> 73128954
D: 73243875 -> 73128954
D: 73128954 -> 73128954
D: 73344272 -> 73224924
D: 73128954 -> 73128954
D: 73128954 -> 73128954
D: 73738204 -> 73738204
D: 73344272 -> 73224924
D: 73128954 -> 73140752

 start over 172450 loops 272 unique solutions 
Original + vert_size 13 
D: 74698882 -> 73997942
D: 73493200 -> 73493200
D: 73128954 -> 73128954
D: 74871172 -> 74242849
D: 73128954 -> 73128954
D: 73789835 -> 73715509
D: 73128954 -> 73128954
D: 73416392 -> 73492700
D: 73128954 -> 73140752
D: 74952201 -> 74183953
D: 74070626 -> 73604437
D: 73128954 -> 73128954
D: 74090856 -> 73726406
D: 73128954 -> 73128954
D: 73554998 -> 73467293
D: 73448730 -> 73432160
D: 73128954 -> 73128954
D: 73128954 -> 73128954
D: 73128954 -> 73128954
D: 74041922 -> 73703711
D: 73797009 -> 73726406
D: 73128954 -> 73128954
D: 73423754 -> 73694443
D: 73128954 -> 73128954
D: 73128954 -> 73128954
D: 73467293 -> 73739856
D: 73128954 -> 73193022
D: 73597761 -> 73467293
D: 73493200 -> 73569508
D: 74090856 -> 73703711
D: 73448730 -> 73617457
D: 73128954 -> 73128954
D: 73493200 -> 73557268
D: 73617457 -> 73432160
D: 73797009 -> 73726406
D: 73128954 -> 73128954
D: 73726406 -> 73726406
D: 73421782 -> 73591785
D: 73726406 -> 73876310
D: 73726406 -> 73802714
D: 73128954 -> 73128954

 start over 212934 loops 322 unique solutions 
Approx + random 
D: 80596939 -> 75334401
D: 73128954 -> 73128954
D: 73726406 -> 73726406
D: 73483608 -> 73503417
D: 73128954 -> 73128954
D: 73128954 -> 73128954
D: 73128954 -> 73128954
D: 73128954 -> 73128954
D: 73128954 -> 73128954
D: 73423754 -> 73393697
D: 73232660 -> 73193017
D: 73128954 -> 73304690
D: 73493200 -> 73722693
D: 73140752 -> 73140752
D: 73128954 -> 73128954
D: 73374673 -> 73193017
D: 73128954 -> 73128954
D: 73128954 -> 73254768
D: 73393697 -> 73502686
D: 73128954 -> 73128954
D: 73128954 -> 73128954
D: 73140752 -> 73140752
D: 73128954 -> 73344272
D: 73128954 -> 73128954
D: 73128954 -> 73128954
D: 73128954 -> 73128954
D: 73128954 -> 73193022
D: 73128954 -> 73128954
D: 73193017 -> 73193017
D: 73193017 -> 73546094
D: 73128954 -> 73128954
D: 73292747 -> 73177826
D: 73128954 -> 73267741
D: 73128954 -> 73128954
D: 73128954 -> 73282139
D: 73435269 -> 73435269
D: 73435269 -> 73435269
D: 73128954 -> 73128954
D: 73128954 -> 73128954
D: 73393697 -> 73393697
D: 73128954 -> 73128954
D: 73128954 -> 73366105
D: 73128954 -> 73128954
D: 73454710 -> 73830938
D: 73128954 -> 73353392
D: 73177826 -> 73177826

 start over 257127 loops 359 unique solutions 
Original + vert_size 0 
D: 74698882 -> 73833840
D: 73128954 -> 73401517
D: 73232660 -> 73193017
D: 73128954 -> 73128954
D: 73177826 -> 73177826
D: 73193017 -> 73193017
D: 73128954 -> 73128954
D: 73128954 -> 73128954
D: 73193017 -> 73193017
D: 73128954 -> 73439354
D: 73128954 -> 73128954
D: 73128954 -> 73128954
D: 73393697 -> 73908670
D: 73128954 -> 73128954
D: 73128954 -> 73128954
D: 73128954 -> 73128954
D: 73193017 -> 73257085
D: 73128954 -> 73128954
D: 73564182 -> 73531094
D: 73193017 -> 73204815
D: 73531094 -> 73515500
D: 73193017 -> 73610162
D: 73256468 -> 73193017
D: 73193017 -> 73815982
D: 73520201 -> 73405495
D: 73128954 -> 73158977
D: 73128954 -> 73128954
D: 73128954 -> 73128954
D: 73256468 -> 73417455
D: 73128954 -> 73128954
D: 73204815 -> 73204815
D: 73128954 -> 73128954
D: 73193017 -> 73396444
D: 73204815 -> 73204815
D: 73128954 -> 73128954
D: 73450657 -> 73486866
D: 73193017 -> 73193017
D: 73609402 -> 73609402
D: 73128954 -> 73128954
D: 73128954 -> 73193022
D: 73128954 -> 73128954
D: 73193022 -> 73594506
D: 73128954 -> 73128954
D: 73393982 -> 73209162
D: 73193017 -> 73193017
D: 73405495 -> 73842736
D: 73128954 -> 73128954
D: 73128954 -> 73128954

 start over 304729 loops 397 unique solutions 
Original + vert_size 13 
D: 74698882 -> 74121980
D: 73128954 -> 73128954
D: 73128954 -> 73128954
D: 73531094 -> 73605436
D: 73531094 -> 73485644
D: 73128954 -> 73128954
D: 73128954 -> 73128954
D: 73128954 -> 73128954
D: 73128954 -> 73128954
D: 73128954 -> 73128954
D: 73531094 -> 73515667
D: 73128954 -> 73128954
D: 73128954 -> 73128954
D: 73515667 -> 73485644
D: 73177826 -> 73155131
D: 73128954 -> 73128954
D: 73128954 -> 73128954
D: 73128954 -> 73128954
D: 73485644 -> 73485644
D: 73128954 -> 73128954
D: 73128954 -> 73128954
D: 73128954 -> 73128954
D: 73177826 -> 73177826
D: 73128954 -> 73128954
D: 73128954 -> 73128954
D: 73485644 -> 73689071
D: 74053554 -> 73627821
D: 73177826 -> 73177826
D: 73128954 -> 73128954
D: 73485644 -> 73495343
D: 73128954 -> 73140752
D: 73128954 -> 73128954
D: 73485644 -> 73559240
D: 73128954 -> 73332381
  BEST solution improved 73148398 -> 73104026 (vert_size 2, round 337449) *
D: 73104026 -> 73103903
  BEST solution improved 73104026 -> 73103903 (vert_size 0, round 338001) *
D: 73103903 -> 73103903
D: 73128954 -> 73128954
D: 73103903 -> 73224924
D: 73491489 -> 73441020

 start over 342976 loops 432 unique solutions 
Approx + random 
D: 80596939 -> 75330049
D: 73495343 -> 73677718
D: 73103903 -> 73103903
D: 73441020 -> 73799943
D: 73128954 -> 73128954
D: 73103903 -> 73103903
D: 73128954 -> 73174404
D: 73485644 -> 73485644
D: 73140752 -> 73140752
D: 73177826 -> 73177826
D: 73140752 -> 73140752
D: 73103903 -> 73103903
D: 73177826 -> 73177826
D: 73177826 -> 73427694
D: 73799943 -> 73799943
D: 73140752 -> 73215263
D: 73128954 -> 73128954
D: 73224452 -> 73308316
D: 73538610 -> 73216980
D: 73103903 -> 73103903
D: 73216980 -> 73216980
D: 73354272 -> 73261604
D: 73174404 -> 73174404
D: 73279453 -> 73332573
D: 73103903 -> 73103903
D: 73103903 -> 73285169
D: 73140752 -> 73140752
D: 73177826 -> 73177826
D: 73216980 -> 73245204
D: 73103903 -> 73103903
D: 73140752 -> 73334796
D: 73103903 -> 73103903
D: 73128954 -> 73140752
D: 73103903 -> 73103903
D: 73128954 -> 73355670
D: 73103903 -> 73328341
D: 73224452 -> 73155131
D: 73485644 -> 73485644
D: 73485644 -> 73550962

 start over 380880 loops 475 unique solutions 
Approx + random 
D: 80596939 -> 75453076
D: 73140752 -> 73140752
D: 73103903 -> 73103903
D: 73103903 -> 73103903
D: 73103903 -> 73103903
D: 73128954 -> 73128954
D: 73140752 -> 73140752
D: 73261604 -> 73261604
D: 73140752 -> 73140752
D: 73128954 -> 73128954
D: 73174404 -> 73140752
D: 73103903 -> 73103903
D: 73441020 -> 73442195
D: 73103903 -> 73103903
D: 73103903 -> 73103903
D: 73128954 -> 73128954
D: 73103903 -> 73103903
D: 73103903 -> 73103903
D: 73103903 -> 73103903
D: 73442195 -> 73442195
D: 73103903 -> 73103903
D: 73140752 -> 73248746
D: 73103903 -> 73148527
D: 73103903 -> 73103903
D: 73103903 -> 73103903
D: 73103903 -> 73209167
D: 73103903 -> 73103903
D: 73442195 -> 73507513
D: 73103903 -> 73103903
D: 73442195 -> 73442195
D: 73103903 -> 73103903
end_heu: 410968 loops with 512 unique solutions in 1799.44 s

Calling print_solution
>>> get_solution
  refine_solution: new weight 73103903 (was 73103903) in 0.002072 s
## FINAL WEIGHT 73103903
print_solution: 0.004398 s
