Version: final-94-gfffc3aa rub_all.sh: remove longest prefix
Random seed: 1553908263
Start
>>> save_orig_graph
>> Saved weight 0
Graph loaded
|V| = 62501, |E| = 124500, |R| = 250
First clearance of the input. Calling buy_zero and run_all_heuristics.
  buy_zero: 0 zero edges in 0.000757 s
  handle_small_terminal_degrees: terms 0 in 6.5e-05 s
  handle_small_Steiner_degrees: steiner 0, suppress 4 in 9.6e-05 s
  shortest_edge_between_terminals: 0 edges in 4.2e-05 s
  handle_small_terminal_degrees: terms 0 in 9.3e-05 s
  handle_small_Steiner_degrees: steiner 0, suppress 0 in 9.1e-05 s
  shortest_edge_between_terminals: 0 edges in 1.2e-05 s
Compressed graph 62501 -> 62496
  delete_edges: deleted 4 edges in 0.003803 s and 1 rounds
  handle_small_terminal_degrees: terms 0 in 4.8e-05 s
  handle_small_Steiner_degrees: steiner 0, suppress 8 in 7.8e-05 s
  shortest_edge_between_terminals: 0 edges in 2.9e-05 s
  handle_small_terminal_degrees: terms 0 in 4.7e-05 s
  handle_small_Steiner_degrees: steiner 0, suppress 0 in 7.3e-05 s
  shortest_edge_between_terminals: 0 edges in 1.1e-05 s
Compressed graph 62496 -> 62488
  delete_edges_shortest_path: deleted 8 edges in 0.721083 s
  handle_small_terminal_degrees: terms 0 in 5.1e-05 s
  handle_small_Steiner_degrees: steiner 0, suppress 12 in 8.6e-05 s
  shortest_edge_between_terminals: 0 edges in 8e-05 s
  handle_small_terminal_degrees: terms 0 in 4.9e-05 s
  handle_small_Steiner_degrees: steiner 0, suppress 0 in 0.000102 s
  shortest_edge_between_terminals: 0 edges in 1.7e-05 s
Compressed graph 62488 -> 62476
  handle_small_terminal_degrees: terms 0 in 6.3e-05 s
  handle_small_Steiner_degrees: steiner 0, suppress 0 in 6.3e-05 s
  shortest_edge_between_terminals: 0 edges in 8e-05 s
Compressed graph 62476 -> 62476
  delete_edges_shortest_path: deleted 12 edges in 0.722276 s
  handle_small_terminal_degrees: terms 0 in 4.9e-05 s
  handle_small_Steiner_degrees: steiner 0, suppress 16 in 9e-05 s
  shortest_edge_between_terminals: 0 edges in 8.1e-05 s
  handle_small_terminal_degrees: terms 0 in 4.9e-05 s
  handle_small_Steiner_degrees: steiner 0, suppress 0 in 7.4e-05 s
  shortest_edge_between_terminals: 0 edges in 1.5e-05 s
Compressed graph 62476 -> 62460
Compressed graph 62460 -> 62460
>>> save_orig_graph
>> Saved weight 0
### ZEL_LVL=9 PRECISE_STARS=0

Calling `contract_till_the_bitter_end`
|V| = 62460, |E| = 124436, |R| = 250
>> 358537 (5707: 2957 5700 2957) (0.072007 s)
>> 358093 (36952: 33952 36961 33952) (0.070287 s)
>> 347122 (12386: 9636 12378 9636) (0.06861 s)
>> 298111 (3254: 1754 3272 1754) (0.068029 s)
>> 287187 (11602: 10600 11615 10600) (0.067392 s)
>> 285230 (47349: 45099 47343 45099) (0.067676 s)
>> 279675 (29967: 27967 29975 27967) (0.065007 s)
>> 276303 (29019: 26519 29010 26519) (0.065252 s)
>> 274228 (34808: 30058 34819 30058) (0.065166 s)
>> 269161 (54040: 53547 54030 53547) (0.064789 s)
>> 263863 (16839: 13839 16831 13839) (0.064722 s)
>> 260492 (17525: 15523 17533 15523) (0.064283 s)
>> 258376 (59851: 56601 59864 56601) (0.0647 s)
>> 248797 (48080: 47080 48088 47080) (0.064477 s)
>> 248604 (41960: 40463 41949 40463) (0.07172 s)
>> 245546 (58007: 57011 57999 57011) (0.072322 s)
>> 245292 (40740: 38992 40731 38992) (0.069217 s)
>> 244216 (55169: 51919 55159 51919) (0.066902 s)
>> 279551 (58928: 57678 58912 57678) (0.074441 s)
>> 230867 (60209: 58709 60224 58709) (0.063908 s)
>> 229797 (57333: 53833 57322 53833) (0.063331 s)
>> 224283 (38132: 35632 38148 35632) (0.063458 s)
>> 381620 (45380: 42629 45399 42629) (0.064321 s)
>> 266943 (31875: 31118 31881 31118) (0.06389 s)
>> 220456 (18041: 17785 18053 17785) (0.063594 s)
>> 197727 (6437: 5944 6431 5944) (0.067287 s)
>> 189051 (12913: 10413 12907 10413) (0.06658 s)
>> 188634 (7645: 5395 7652 5395) (0.067267 s)
>> 181438 (21122: 20122 21127 20122) (0.063414 s)
>> 180494 (39837: 35086 39842 35086) (0.064149 s)
>> 174605 (25701: 25466 25698 25466) (0.064231 s)
>> 174425 (38674: 36674 38665 36674) (0.066424 s)
>> 174041 (13009: 12006 13015 12006) (0.066271 s)
>> 171031 (52502: 50252 52513 50252) (0.066007 s)
>> 161256 (4341: 2323 4347 2323) (0.063933 s)
>> 159780 (26066: 25068 26061 25068) (0.063902 s)
>> 155677 (20570: 20327 20562 20327) (0.075109 s)
>> 322598 (14689: 13667 14703 13667) (0.068343 s)
>> 155116 (44855: 43105 44861 43105) (0.066185 s)
>> 151277 (18987: 18236 18994 18236) (0.065041 s)
>> 282452 (29491: 24487 29508 24487) (0.067995 s)
>> 169878 (34026: 30276 34017 30276) (0.068429 s)
>> 150801 (28151: 27150 28155 27150) (0.070916 s)
>> 189444 (32920: 31672 32901 31672) (0.070347 s)
>> 143334 (46219: 44719 46210 44719) (0.067372 s)
>> 141662 (59495: 55745 59507 55745) (0.065453 s)
>> 130363 (6032: 4532 6027 4532) (0.065114 s)
>> 129582 (40124: 38375 40116 38375) (0.064747 s)
>> 129519 (24935: 22435 24910 22435) (0.067396 s)
>> 122861 (19887: 16387 19876 16387) (0.061723 s)
>> 122349 (21359: 20859 21371 20859) (0.061003 s)
>> 114978 (49317: 46567 49325 46567) (0.060959 s)
>> 110142 (53305: 52805 53296 52805) (0.063898 s)
>> 104411 (9998: 8747 10000 8747) (0.063521 s)
>> 101813 (14143: 12646 14142 12646) (0.061615 s)
>> 100822 (36048: 35807 36039 35807) (0.060731 s)
>> 94984 (884: 637 870 637) (0.060139 s)
>> 93214 (53021: 50021 53020 50021) (0.060684 s)
>> 93069 (56433: 51683 56426 51683) (0.060909 s)
>> 89043 (14748: 10998 14735 10998) (0.066363 s)
>> 86130 (38945: 37945 38947 37945) (0.068432 s)
>> 85483 (52465: 52215 52477 52215) (0.067495 s)
>> 124872 (49941: 49214 49934 49214) (0.066251 s)
>> 118893 (50889: 48880 50894 48880) (0.067131 s)
>> 126428 (56153: 51153 56147 51153) (0.065182 s)
>> 65025 (8549: 8045 8564 8045) (0.063616 s)
>> 63328 (44274: 41024 44266 41024) (0.06363 s)
>> 60342 (40675: 39430 40673 39430) (0.060942 s)
>> 49470 (58344: 55344 58335 55344) (0.060236 s)
>> 49281 (27328: 26828 27316 26828) (0.060881 s)
>> 47471 (42113: 41613 42110 41613) (0.061541 s)
>> 46530 (33489: 32491 33488 32491) (0.060163 s)
>> 38271 (36996: 36239 37001 36239) (0.058428 s)
>> 35682 (61188: 56938 61186 56938) (0.058029 s)
>> 34427 (11800: 10799 11802 10799) (0.057421 s)
>> 25824 (46472: 45976 46471 45976) (0.057374 s)
>> 14306 (18602: 15852 18590 15852) (0.06132 s)
>> 6359 (23560: 23070 23554 23070) (0.056745 s)
>> 0 (-1: -1 -1 -1) (0.059294 s)
Zelikovsky 934.842 s
>> 358537 (5707: 5700 8458 2957) (858.553 s)
>> 358093 (36952: 36961 37945 33952) (1041.55 s)
>> 347122 (12386: 12378 14142 9636) (959.025 s)
>> 298111 (3254: 1754 3734 3272) (1002.97 s)
>> 287187 (11602: 10600 15852 11615) (845.921 s)
>> 285230 (47349: 47603 47343 45099) (918.925 s)
>> 276303 (29019: 29010 30276 26519) (920.314 s)
>> 274228 (34808: 35807 34819 30058) (885.006 s)
>> 269161 (54040: 53547 59040 54030) (795.069 s)
>> 263863 (16839: 18590 16831 13839) (932.176 s)
>> 260492 (17525: 17533 19275 15523) (966.319 s)
>> 258376 (59851: 61597 59864 56601) (1073.49 s)
>> 253890 (29967: 27967 31455 29975) (922.424 s)
>> 245546 (58007: 59507 57999 57011) (902.8 s)
>> 245292 (40740: 38992 43490 40731) (840.568 s)
>> 244216 (55169: 55159 56426 51919) (974.161 s)
>> 236441 (48080: 48088 49325 47080) (1005.04 s)
>> 230867 (60209: 58709 62440 60224) (854.309 s)
>> 229797 (57333: 58335 57322 53833) (748.111 s)
>> 226291 (57995: 59507 60243 55745) (1010.54 s)
>> 224283 (38132: 35632 38375 38148) (1026.96 s)
>> 222443 (9100: 9108 10600 4347) (945.466 s)
>> 219996 (18041: 18053 21541 17785) (1020.49 s)
>> 215489 (51164: 49664 55159 51153) (890.497 s)
>> 197727 (6437: 6431 7437 5944) (726.054 s)
>> 189051 (12913: 12907 13667 10413) (890.121 s)
>> 188634 (7645: 7652 9390 5395) (805.058 s)
>> 181438 (21122: 20122 21371 21127) (754.971 s)
>> 180494 (39837: 41337 39842 35086) (701.92 s)
>> 174425 (38674: 36674 39430 38665) (781.482 s)
>> 174041 (13009: 12006 14259 13015) (772.37 s)
>> 166557 (50263: 52513 50252 50021) (899.469 s)
>> 162344 (44713: 46210 44719 40463) (802.612 s)
>> 160672 (58928: 57678 61186 58912) (801.846 s)
>> 159780 (26066: 25068 27316 26061) (950.443 s)
>> 155677 (20570: 20562 23070 20327) (917.85 s)
>> 155116 (44855: 43105 47603 44861) (891.858 s)
>> 151277 (18987: 18994 24487 18236) (917.87 s)
>> 144709 (54270: 53020 59507 54278) (963.708 s)
>> 137836 (31131: 31881 31118 30634) (904.36 s)
>> 135056 (11623: 11373 12378 9108) (1004.08 s)
>> 130872 (32882: 31881 35632 32901) (994.279 s)
>> 130363 (6032: 6027 6538 4532) (699.59 s)
>> 129582 (40124: 31881 42374 40116) (865.317 s)
>> 126118 (14704: 14703 16204 5700) (821.312 s)
>> 125763 (27135: 26385 31881 27150) (818.249 s)
>> 122349 (21359: 20859 22104 20122) (802.991 s)
>> 117974 (46574: 45574 48088 46567) (773.145 s)
>> 114068 (27655: 28155 27658 26385) (840.848 s)
>> 111576 (37492: 37496 38992 36239) (1019.2 s)
>> 107021 (22439: 22435 25940 18939) (823.955 s)
>> 106402 (48894: 50894 48880 45399) (810.813 s)
>> 104411 (9998: 10998 10000 8747) (823.008 s)
>> 103820 (56928: 49664 57678 56938) (767.455 s)
>> 100822 (36048: 37298 36039 35807) (898.145 s)
>> 99446 (39697: 38947 41949 39692) (912.94 s)
>> 98934 (31670: 31672 35420 28666) (905.341 s)
>> 94984 (884: 637 4141 870) (1022.5 s)
>> 88448 (15236: 14735 18994 15255) (989.518 s)
>> 87385 (3282: 3034 6027 1754) (944.578 s)
>> 85483 (52465: 52215 54962 52477) (872.671 s)
>> 72748 (53555: 52805 54565 53547) (778.981 s)
>> 68346 (34024: 34279 34017 29010) (802.61 s)
>> 65025 (8549: 8045 10799 8564) (796.368 s)
>> 60342 (40675: 40673 42925 36674) (785.957 s)
>> 59688 (5696: 6431 14703 4946) (781.178 s)
>> 55218 (23385: 23388 28155 20859) (778.981 s)
>> 49392 (43766: 44266 43762 41024) (774.046 s)
>> 113936 (48271: 52513 48281 44266) (793.752 s)
>> 46882 (56154: 56147 57904 49664) (784.383 s)
>> 46530 (33489: 33488 37496 32491) (786.207 s)
>> 39864 (48093: 48595 45574 43105) (781.777 s)
>> 34814 (27660: 23388 31672 24910) (785.933 s)
>> 34427 (11800: 11802 17050 8045) (791.871 s)
>> 33937 (16391: 16387 16643 11373) (793.983 s)
>> 25824 (46472: 46972 46471 45976) (792.916 s)
>> 24244 (34287: 33037 37298 34279) (792.762 s)
>> 15814 (25716: 25466 27967 25698) (790.401 s)
>> 12104 (4341: 5091 16387 2323) (793.054 s)
>> 8090 (51434: 51683 51441 49934) (792.546 s)
>> 5800 (23544: 23794 23554 18053) (793.098 s)
>> 3863 (54572: 58335 52805 48595) (790.694 s)
>> 3291 (33483: 33233 34482 33488) (793.263 s)
>> 3096 (46464: 46210 49214 46972) (705.362 s)
>> 0 (-1: -1 -1 -1) (689.864 s)
Zelikovsky- 72983.7 s
>>> get_solution
  refine_solution: new weight 116303969 (was 116366389) in 0.018531 s
  refine_solution: new weight 116303969 (was 116303969) in 0.019187 s
>>> get_solution
  refine_solution: new weight 125954288 (was 126098404) in 0.018857 s
  refine_solution: new weight 125954288 (was 125954288) in 0.019415 s
0,,62460,124436,250,,0,0,,126098404,125954288,120241210,116366389,116303969,,0,0,@@

  delete_edges: deleted 16 edges in 0.007305 s and 2 rounds
  handle_small_Steiner_degrees: steiner 0, suppress 20 in 0.000116 s
Starting round 1
Found 20 isolated vertices
Invalid ratios recomputed: 62440
Best ratio is 48657/1 (48657.0), centered at 53296
Finding the best star... Star with 2 terminals centered in 53547
round took: 6.19242 s
|V| = 62460, |E| = 124397, |R| = 249
>> 358537 (5707: 2957 5700 2957) (0.061707 s)
>> 358093 (36952: 33952 36961 33952) (0.06164 s)
>> 347122 (12386: 9636 12378 9636) (0.061693 s)
>> 298111 (3254: 1754 3272 1754) (0.061847 s)
>> 287187 (11602: 10600 11615 10600) (0.061657 s)
>> 285230 (47349: 45099 47343 45099) (0.060831 s)
>> 279675 (29967: 27967 29975 27967) (0.061067 s)
>> 276303 (29019: 26519 29010 26519) (0.060794 s)
>> 274228 (34808: 30058 34819 30058) (0.061067 s)
>> 269161 (54040: 53547 54030 53547) (0.060998 s)
>> 263863 (16839: 13839 16831 13839) (0.060581 s)
>> 260492 (17525: 15523 17533 15523) (0.060396 s)
>> 258376 (59851: 56601 59864 56601) (0.060691 s)
>> 248797 (48080: 47080 48088 47080) (0.060759 s)
>> 248604 (41960: 40463 41949 40463) (0.060775 s)
>> 245546 (58007: 57011 57999 57011) (0.06025 s)
>> 245292 (40740: 38992 40731 38992) (0.060042 s)
>> 244216 (55169: 51919 55159 51919) (0.060651 s)
>> 279551 (58928: 57678 58912 57678) (0.059832 s)
>> 230867 (60209: 58709 60224 58709) (0.059996 s)
>> 229797 (57333: 53833 57322 53833) (0.059679 s)
>> 224283 (38132: 35632 38148 35632) (0.059454 s)
>> 381620 (45380: 42629 45399 42629) (0.060179 s)
>> 266943 (31875: 31118 31881 31118) (0.05968 s)
>> 220456 (18041: 17785 18053 17785) (0.060025 s)
>> 197727 (6437: 5944 6431 5944) (0.060261 s)
>> 189051 (12913: 10413 12907 10413) (0.060044 s)
>> 188634 (7645: 5395 7652 5395) (0.060034 s)
>> 181438 (21122: 20122 21127 20122) (0.059768 s)
>> 180494 (39837: 35086 39842 35086) (0.05972 s)
>> 174605 (25701: 25466 25698 25466) (0.059833 s)
>> 174425 (38674: 36674 38665 36674) (0.059803 s)
>> 174041 (13009: 12006 13015 12006) (0.059603 s)
>> 171031 (52502: 50252 52513 50252) (0.059476 s)
>> 161256 (4341: 2323 4347 2323) (0.059553 s)
>> 159780 (26066: 25068 26061 25068) (0.059747 s)
>> 155677 (20570: 20327 20562 20327) (0.059585 s)
>> 322598 (14689: 13667 14703 13667) (0.05872 s)
>> 155116 (44855: 43105 44861 43105) (0.058763 s)
>> 151277 (18987: 18236 18994 18236) (0.059022 s)
>> 282452 (29491: 24487 29508 24487) (0.058739 s)
>> 169878 (34026: 30276 34017 30276) (0.058441 s)
>> 150801 (28151: 27150 28155 27150) (0.058258 s)
>> 189444 (32920: 31672 32901 31672) (0.058336 s)
>> 143334 (46219: 44719 46210 44719) (0.05833 s)
>> 141662 (59495: 55745 59507 55745) (0.058908 s)
>> 130363 (6032: 4532 6027 4532) (0.058394 s)
>> 129582 (40124: 38375 40116 38375) (0.058588 s)
>> 129519 (24935: 22435 24910 22435) (0.0576 s)
>> 122861 (19887: 16387 19876 16387) (0.057914 s)
>> 122349 (21359: 20859 21371 20859) (0.057754 s)
>> 118540 (50565: 49325 50556 49325) (0.057527 s)
>> 107990 (48271: 44266 48281 44266) (0.057214 s)
>> 104411 (9998: 8747 10000 8747) (0.057212 s)
>> 101813 (14143: 12646 14142 12646) (0.057113 s)
>> 100822 (36048: 35807 36039 35807) (0.056955 s)
>> 94984 (884: 637 870 637) (0.056591 s)
>> 93214 (53021: 50021 53020 50021) (0.056873 s)
>> 93069 (56433: 51683 56426 51683) (0.056768 s)
>> 89043 (14748: 10998 14735 10998) (0.05687 s)
>> 86130 (38945: 37945 38947 37945) (0.056333 s)
>> 85483 (52465: 52215 52477 52215) (0.056228 s)
>> 124872 (49941: 49214 49934 49214) (0.055774 s)
>> 118893 (50889: 48880 50894 48880) (0.055635 s)
>> 126428 (56153: 51153 56147 51153) (0.055248 s)
>> 65025 (8549: 8045 8564 8045) (0.055104 s)
>> 60342 (40675: 39430 40673 39430) (0.055706 s)
>> 49470 (58344: 55344 58335 55344) (0.055506 s)
>> 49281 (27328: 26828 27316 26828) (0.055177 s)
>> 47471 (42113: 41613 42110 41613) (0.055439 s)
>> 46530 (33489: 32491 33488 32491) (0.054671 s)
>> 38271 (36996: 36239 37001 36239) (0.054557 s)
>> 35682 (61188: 56938 61186 56938) (0.054616 s)
>> 34427 (11800: 10799 11802 10799) (0.053914 s)
>> 25824 (46472: 45976 46471 45976) (0.05374 s)
>> 15737 (43512: 41024 43490 41024) (0.053639 s)
>> 14306 (18602: 15852 18590 15852) (0.053717 s)
>> 6359 (23560: 23070 23554 23070) (0.052919 s)
>> 0 (-1: -1 -1 -1) (0.052655 s)
Zelikovsky 757.998 s
>> 358537 (5707: 5700 8458 2957) (716.49 s)
>> 358093 (36952: 36961 37945 33952) (712.875 s)
>> 347122 (12386: 12378 14142 9636) (713.249 s)
>> 298111 (3254: 1754 3734 3272) (711.928 s)
>> 287187 (11602: 10600 15852 11615) (707.122 s)
>> 285230 (47349: 47603 47343 45099) (708.768 s)
>> 276303 (29019: 29010 30276 26519) (708.085 s)
>> 274228 (34808: 35807 34819 30058) (701.923 s)
>> 269161 (54040: 53547 59040 54030) (701.745 s)
>> 263863 (16839: 18590 16831 13839) (698.909 s)
>> 260492 (17525: 17533 19275 15523) (699.573 s)
>> 258376 (59851: 61597 59864 56601) (695.855 s)
>> 253890 (29967: 27967 31455 29975) (698.746 s)
>> 245546 (58007: 59507 57999 57011) (700.196 s)
>> 245292 (40740: 38992 43490 40731) (699.731 s)
>> 244216 (55169: 55159 56426 51919) (695.704 s)
>> 236441 (48080: 48088 49325 47080) (694.39 s)
>> 230867 (60209: 58709 62440 60224) (694.244 s)
>> 229797 (57333: 58335 57322 53833) (692.515 s)
>> 226291 (57995: 59507 60243 55745) (690.209 s)
>> 224283 (38132: 35632 38375 38148) (688.76 s)
>> 222443 (9100: 9108 10600 4347) (688.959 s)
>> 219996 (18041: 18053 21541 17785) (688.202 s)
>> 215489 (51164: 49664 55159 51153) (684.062 s)
>> 197727 (6437: 6431 7437 5944) (685.786 s)
>> 189051 (12913: 12907 13667 10413) (685.812 s)
>> 188634 (7645: 7652 9390 5395) (685.222 s)
>> 181438 (21122: 20122 21371 21127) (686.799 s)
>> 180494 (39837: 41337 39842 35086) (686.025 s)
>> 174425 (38674: 36674 39430 38665) (690.236 s)
>> 174041 (13009: 12006 14259 13015) (691.908 s)
>> 166557 (50263: 52513 50252 50021) (694.943 s)
>> 162344 (44713: 46210 44719 40463) (688.091 s)
>> 160672 (58928: 57678 61186 58912) (690.756 s)
>> 159780 (26066: 25068 27316 26061) (690.948 s)
>> 155677 (20570: 20562 23070 20327) (690.233 s)
>> 155116 (44855: 43105 47603 44861) (692.332 s)
>> 151277 (18987: 18994 24487 18236) (692.045 s)
>> 144709 (54270: 53020 59507 54278) (688.719 s)
>> 137836 (31131: 31881 31118 30634) (687.866 s)
>> 135056 (11623: 11373 12378 9108) (687.234 s)
>> 130872 (32882: 31881 35632 32901) (687.079 s)
>> 130363 (6032: 6027 6538 4532) (689.579 s)
>> 129582 (40124: 31881 42374 40116) (689.782 s)
>> 126118 (14704: 14703 16204 5700) (693.739 s)
>> 125763 (27135: 26385 31881 27150) (693.257 s)
>> 122349 (21359: 20859 22104 20122) (699.143 s)
>> 117974 (46574: 45574 48088 46567) (697.834 s)
>> 114068 (27655: 28155 27658 26385) (697.532 s)
>> 111576 (37492: 37496 38992 36239) (696.662 s)
>> 107021 (22439: 22435 25940 18939) (695.007 s)
>> 106402 (48894: 50894 48880 45399) (697.818 s)
>> 104411 (9998: 10998 10000 8747) (703 s)
>> 103820 (56928: 49664 57678 56938) (702.705 s)
>> 100822 (36048: 37298 36039 35807) (709.219 s)
>> 99446 (39697: 38947 41949 39692) (707.442 s)
>> 98934 (31670: 31672 35420 28666) (704.154 s)
>> 94984 (884: 637 4141 870) (703.174 s)
>> 88448 (15236: 14735 18994 15255) (707.639 s)
>> 87385 (3282: 3034 6027 1754) (702.265 s)
>> 85483 (52465: 52215 54962 52477) (701.08 s)
>> 68346 (34024: 34279 34017 29010) (700.793 s)
>> 65025 (8549: 8045 10799 8564) (699.346 s)
>> 61485 (53305: 52805 54565 53547) (698.349 s)
>> 60342 (40675: 40673 42925 36674) (697.726 s)
>> 59688 (5696: 6431 14703 4946) (697.31 s)
>> 55218 (23385: 23388 28155 20859) (697.111 s)
>> 49392 (43766: 44266 43762 41024) (706.178 s)
>> 113936 (48271: 52513 48281 44266) (705.987 s)
>> 46882 (56154: 56147 57904 49664) (704.832 s)
>> 46530 (33489: 33488 37496 32491) (704.438 s)
>> 39864 (48093: 48595 45574 43105) (703.217 s)
>> 34814 (27660: 23388 31672 24910) (705.652 s)
>> 34427 (11800: 11802 17050 8045) (711.203 s)
>> 33937 (16391: 16387 16643 11373) (712.031 s)
>> 25824 (46472: 46972 46471 45976) (711.987 s)
>> 24244 (34287: 33037 37298 34279) (711.721 s)
>> 15814 (25716: 25466 27967 25698) (711.026 s)
>> 12104 (4341: 5091 16387 2323) (711.812 s)
>> 8090 (51434: 51683 51441 49934) (712.165 s)
>> 5800 (23544: 23794 23554 18053) (711.178 s)
>> 3863 (54572: 58335 52805 48595) (709.55 s)
>> 3291 (33483: 33233 34482 33488) (712.557 s)
>> 3096 (46464: 46210 49214 46972) (712.437 s)
>> 0 (-1: -1 -1 -1) (714.712 s)
Zelikovsky- 59449.5 s
>>> get_solution
  refine_solution: new weight 116303969 (was 116366389) in 0.018714 s
  refine_solution: new weight 116303969 (was 116303969) in 0.019251 s
>>> get_solution
  refine_solution: new weight 125954288 (was 126098404) in 0.019449 s
  refine_solution: new weight 125954288 (was 125954288) in 0.020169 s
1,,62440,124397,249,,62440,0,,126098404,125954288,120256774,116366389,116303969,,48657,2,@@

  handle_small_Steiner_degrees: steiner 0, suppress 0 in 8.1e-05 s
Starting round 2
Found 22 isolated vertices
Invalid ratios recomputed: 1019
Best ratio is 51640/1 (51640.0), centered at 29008
Finding the best star... Star with 2 terminals centered in 29010
round took: 0.136095 s
|V| = 62460, |E| = 124392, |R| = 248
>> 358537 (5707: 2957 5700 2957) (0.06089 s)
>> 358093 (36952: 33952 36961 33952) (0.061084 s)
>> 347122 (12386: 9636 12378 9636) (0.061071 s)
>> 298111 (3254: 1754 3272 1754) (0.06111 s)
>> 287187 (11602: 10600 11615 10600) (0.060813 s)
>> 285230 (47349: 45099 47343 45099) (0.060224 s)
>> 279675 (29967: 27967 29975 27967) (0.060115 s)
>> 276303 (29019: 26519 29010 26519) (0.05998 s)
>> 274228 (34808: 30058 34819 30058) (0.060565 s)
>> 269161 (54040: 53547 54030 53547) (0.060773 s)
>> 263863 (16839: 13839 16831 13839) (0.060158 s)
>> 260492 (17525: 15523 17533 15523) (0.059686 s)
>> 258376 (59851: 56601 59864 56601) (0.059936 s)
>> 248797 (48080: 47080 48088 47080) (0.059872 s)
>> 248604 (41960: 40463 41949 40463) (0.05993 s)
>> 245546 (58007: 57011 57999 57011) (0.059431 s)
>> 245292 (40740: 38992 40731 38992) (0.059349 s)
>> 244216 (55169: 51919 55159 51919) (0.059504 s)
>> 279551 (58928: 57678 58912 57678) (0.059598 s)
>> 230867 (60209: 58709 60224 58709) (0.059168 s)
>> 229797 (57333: 53833 57322 53833) (0.058907 s)
>> 224283 (38132: 35632 38148 35632) (0.059035 s)
>> 381620 (45380: 42629 45399 42629) (0.059126 s)
>> 266943 (31875: 31118 31881 31118) (0.059238 s)
>> 220456 (18041: 17785 18053 17785) (0.059032 s)
>> 197727 (6437: 5944 6431 5944) (0.059762 s)
>> 189051 (12913: 10413 12907 10413) (0.059382 s)
>> 188634 (7645: 5395 7652 5395) (0.059245 s)
>> 181438 (21122: 20122 21127 20122) (0.059191 s)
>> 180494 (39837: 35086 39842 35086) (0.05902 s)
>> 174605 (25701: 25466 25698 25466) (0.059214 s)
>> 174425 (38674: 36674 38665 36674) (0.059705 s)
>> 174041 (13009: 12006 13015 12006) (0.059165 s)
>> 171031 (52502: 50252 52513 50252) (0.058899 s)
>> 169878 (34026: 30276 34017 30276) (0.059226 s)
>> 161256 (4341: 2323 4347 2323) (0.05945 s)
>> 159780 (26066: 25068 26061 25068) (0.059565 s)
>> 155677 (20570: 20327 20562 20327) (0.059901 s)
>> 322598 (14689: 13667 14703 13667) (0.05827 s)
>> 155116 (44855: 43105 44861 43105) (0.058696 s)
>> 151277 (18987: 18236 18994 18236) (0.058643 s)
>> 150801 (28151: 27150 28155 27150) (0.058194 s)
>> 189444 (32920: 31672 32901 31672) (0.058278 s)
>> 143334 (46219: 44719 46210 44719) (0.058116 s)
>> 141662 (59495: 55745 59507 55745) (0.058174 s)
>> 130363 (6032: 4532 6027 4532) (0.057857 s)
>> 129582 (40124: 38375 40116 38375) (0.058245 s)
>> 129519 (24935: 22435 24910 22435) (0.057159 s)
>> 122861 (19887: 16387 19876 16387) (0.057344 s)
>> 122349 (21359: 20859 21371 20859) (0.05761 s)
>> 118540 (50565: 49325 50556 49325) (0.057411 s)
>> 107990 (48271: 44266 48281 44266) (0.057527 s)
>> 104411 (9998: 8747 10000 8747) (0.05714 s)
>> 101813 (14143: 12646 14142 12646) (0.056974 s)
>> 100822 (36048: 35807 36039 35807) (0.056813 s)
>> 94984 (884: 637 870 637) (0.056632 s)
>> 93214 (53021: 50021 53020 50021) (0.056844 s)
>> 93069 (56433: 51683 56426 51683) (0.056671 s)
>> 91996 (32488: 24487 32491 24487) (0.05652 s)
>> 89043 (14748: 10998 14735 10998) (0.056304 s)
>> 86130 (38945: 37945 38947 37945) (0.055723 s)
>> 85483 (52465: 52215 52477 52215) (0.055762 s)
>> 124872 (49941: 49214 49934 49214) (0.055433 s)
>> 118893 (50889: 48880 50894 48880) (0.055063 s)
>> 126428 (56153: 51153 56147 51153) (0.05454 s)
>> 65025 (8549: 8045 8564 8045) (0.054574 s)
>> 60342 (40675: 39430 40673 39430) (0.055315 s)
>> 49470 (58344: 55344 58335 55344) (0.05461 s)
>> 49281 (27328: 26828 27316 26828) (0.054479 s)
>> 47471 (42113: 41613 42110 41613) (0.054355 s)
>> 38271 (36996: 36239 37001 36239) (0.054246 s)
>> 35682 (61188: 56938 61186 56938) (0.054107 s)
>> 34427 (11800: 10799 11802 10799) (0.053663 s)
>> 25824 (46472: 45976 46471 45976) (0.053991 s)
>> 15737 (43512: 41024 43490 41024) (0.053189 s)
>> 14306 (18602: 15852 18590 15852) (0.053312 s)
>> 6359 (23560: 23070 23554 23070) (0.052463 s)
>> 3291 (33483: 33233 33488 33233) (0.052424 s)
>> 0 (-1: -1 -1 -1) (0.052131 s)
Zelikovsky 754.356 s
>> 358537 (5707: 5700 8458 2957) (709.593 s)
>> 358093 (36952: 36961 37945 33952) (712.594 s)
>> 347122 (12386: 12378 14142 9636) (904.664 s)
>> 298111 (3254: 1754 3734 3272) (716.629 s)
>> 287187 (11602: 10600 15852 11615) (881.31 s)
>> 285230 (47349: 47603 47343 45099) (809.666 s)
>> 276303 (29019: 29010 30276 26519) (832.63 s)
>> 274228 (34808: 35807 34819 30058) (827.279 s)
>> 269161 (54040: 53547 59040 54030) (800.4 s)
>> 263863 (16839: 18590 16831 13839) (814.443 s)
>> 260492 (17525: 17533 19275 15523) (823.044 s)
>> 258376 (59851: 61597 59864 56601) (887.445 s)
>> 253890 (29967: 27967 31455 29975) (920.849 s)
>> 245546 (58007: 59507 57999 57011) (959.815 s)
>> 245292 (40740: 38992 43490 40731) (957.463 s)
>> 244216 (55169: 55159 56426 51919) (953.797 s)
>> 236441 (48080: 48088 49325 47080) (963.565 s)
>> 230867 (60209: 58709 62440 60224) (926.43 s)
>> 229797 (57333: 58335 57322 53833) (948.188 s)
>> 226291 (57995: 59507 60243 55745) (934.235 s)
>> 224283 (38132: 35632 38375 38148) (940.727 s)
>> 222443 (9100: 9108 10600 4347) (990.652 s)
>> 219996 (18041: 18053 21541 17785) (949.094 s)
>> 215489 (51164: 49664 55159 51153) (949.521 s)
>> 197727 (6437: 6431 7437 5944) (983.017 s)
>> 189051 (12913: 12907 13667 10413) (1004.07 s)
>> 188634 (7645: 7652 9390 5395) (1001.21 s)
>> 181438 (21122: 20122 21371 21127) (1004.04 s)
>> 180494 (39837: 41337 39842 35086) (995.745 s)
>> 174425 (38674: 36674 39430 38665) (1005.06 s)
>> 174041 (13009: 12006 14259 13015) (949.999 s)
>> 166557 (50263: 52513 50252 50021) (953.07 s)
>> 162344 (44713: 46210 44719 40463) (961.749 s)
>> 160672 (58928: 57678 61186 58912) (942.203 s)
>> 159780 (26066: 25068 27316 26061) (928.419 s)
>> 155677 (20570: 20562 23070 20327) (955.265 s)
>> 155116 (44855: 43105 47603 44861) (981.714 s)
>> 151277 (18987: 18994 24487 18236) (967.402 s)
>> 144709 (54270: 53020 59507 54278) (921.616 s)
>> 137836 (31131: 31881 31118 30634) (1002.76 s)
>> 135056 (11623: 11373 12378 9108) (1022.58 s)
>> 130872 (32882: 31881 35632 32901) (1007.45 s)
>> 130363 (6032: 6027 6538 4532) (969.217 s)
>> 129582 (40124: 31881 42374 40116) (1018.24 s)
>> 126118 (14704: 14703 16204 5700) (1021.21 s)
>> 125763 (27135: 26385 31881 27150) (1029.92 s)
>> 122349 (21359: 20859 22104 20122) (1035.9 s)
>> 117974 (46574: 45574 48088 46567) (1029.9 s)
>> 114068 (27655: 28155 27658 26385) (1030.56 s)
>> 111576 (37492: 37496 38992 36239) (1026.93 s)
>> 107021 (22439: 22435 25940 18939) (1012.87 s)
>> 106402 (48894: 50894 48880 45399) (1020.96 s)
>> 104411 (9998: 10998 10000 8747) (1027.86 s)
>> 103820 (56928: 49664 57678 56938) (1029.99 s)
>> 100822 (36048: 37298 36039 35807) (1032.95 s)
>> 99446 (39697: 38947 41949 39692) (1030.47 s)
>> 98934 (31670: 31672 35420 28666) (1023.28 s)
>> 94984 (884: 637 4141 870) (1027.11 s)
>> 88448 (15236: 14735 18994 15255) (1022.95 s)
>> 87385 (3282: 3034 6027 1754) (1013.07 s)
>> 85483 (52465: 52215 54962 52477) (1006.89 s)
>> 68346 (34024: 34279 34017 29010) (1005.91 s)
>> 65025 (8549: 8045 10799 8564) (1001.02 s)
>> 61485 (53305: 52805 54565 53547) (999.871 s)
>> 60342 (40675: 40673 42925 36674) (996.19 s)
>> 59688 (5696: 6431 14703 4946) (999.824 s)
>> 55218 (23385: 23388 28155 20859) (998.098 s)
>> 49392 (43766: 44266 43762 41024) (1012.86 s)
>> 113936 (48271: 52513 48281 44266) (1009.65 s)
>> 46882 (56154: 56147 57904 49664) (1008.31 s)
>> 46530 (33489: 33488 37496 32491) (1008.15 s)
>> 39864 (48093: 48595 45574 43105) (1004.67 s)
>> 34814 (27660: 23388 31672 24910) (1006.03 s)
>> 34427 (11800: 11802 17050 8045) (1016.51 s)
>> 33937 (16391: 16387 16643 11373) (1015.64 s)
>> 25824 (46472: 46972 46471 45976) (1017.77 s)
>> 24244 (34287: 33037 37298 34279) (1015.29 s)
>> 15814 (25716: 25466 27967 25698) (1012.03 s)
>> 12104 (4341: 5091 16387 2323) (1015.27 s)
>> 8090 (51434: 51683 51441 49934) (1016.53 s)
>> 5800 (23544: 23794 23554 18053) (1014.38 s)
>> 3863 (54572: 58335 52805 48595) (1011.92 s)
>> 3291 (33483: 33233 34482 33488) (1011.8 s)
>> 3096 (46464: 46210 49214 46972) (1012.11 s)
>> 0 (-1: -1 -1 -1) (1016.51 s)
Zelikovsky- 82339.3 s
>>> get_solution
  refine_solution: new weight 116303969 (was 116366389) in 0.02515 s
  refine_solution: new weight 116303969 (was 116303969) in 0.026989 s
>>> get_solution
  refine_solution: new weight 125954288 (was 126117028) in 0.026433 s
  refine_solution: new weight 125954288 (was 125954288) in 0.028747 s
2,,62438,124392,248,,1019,0,,126117028,125954288,120291417,116366389,116303969,,51640,2,@@

  handle_small_Steiner_degrees: steiner 0, suppress 0 in 9.2e-05 s
Starting round 3
Found 26 isolated vertices
Invalid ratios recomputed: 1293
Best ratio is 56092/1 (56092.0), centered at 22856
Finding the best star... Star with 2 terminals centered in 24107
round took: 0.229533 s
|V| = 62460, |E| = 124385, |R| = 247
>> 358537 (5707: 2957 5700 2957) (0.068031 s)
>> 358093 (36952: 33952 36961 33952) (0.067783 s)
>> 347122 (12386: 9636 12378 9636) (0.067785 s)
>> 298111 (3254: 1754 3272 1754) (0.067867 s)
>> 287187 (11602: 10600 11615 10600) (0.067424 s)
>> 285230 (47349: 45099 47343 45099) (0.066931 s)
>> 279675 (29967: 27967 29975 27967) (0.067192 s)
>> 276303 (29019: 26519 29010 26519) (0.067018 s)
>> 274228 (34808: 30058 34819 30058) (0.067138 s)
>> 269161 (54040: 53547 54030 53547) (0.066914 s)
>> 263863 (16839: 13839 16831 13839) (0.06659 s)
>> 260492 (17525: 15523 17533 15523) (0.066092 s)
>> 258376 (59851: 56601 59864 56601) (0.066516 s)
>> 248797 (48080: 47080 48088 47080) (0.066804 s)
>> 248604 (41960: 40463 41949 40463) (0.066266 s)
>> 245546 (58007: 57011 57999 57011) (0.065971 s)
>> 245292 (40740: 38992 40731 38992) (0.066175 s)
>> 244216 (55169: 51919 55159 51919) (0.065841 s)
>> 279551 (58928: 57678 58912 57678) (0.066176 s)
>> 230867 (60209: 58709 60224 58709) (0.066242 s)
>> 229797 (57333: 53833 57322 53833) (0.065725 s)
>> 224283 (38132: 35632 38148 35632) (0.065408 s)
>> 381620 (45380: 42629 45399 42629) (0.065879 s)
>> 266943 (31875: 31118 31881 31118) (0.065713 s)
>> 220456 (18041: 17785 18053 17785) (0.066041 s)
>> 197727 (6437: 5944 6431 5944) (0.066008 s)
>> 189051 (12913: 10413 12907 10413) (0.06599 s)
>> 188634 (7645: 5395 7652 5395) (0.066004 s)
>> 181438 (21122: 20122 21127 20122) (0.0661 s)
>> 180494 (39837: 35086 39842 35086) (0.066041 s)
>> 174605 (25701: 25466 25698 25466) (0.065856 s)
>> 174425 (38674: 36674 38665 36674) (0.065749 s)
>> 174041 (13009: 12006 13015 12006) (0.06559 s)
>> 171031 (52502: 50252 52513 50252) (0.065003 s)
>> 169878 (34026: 30276 34017 30276) (0.065431 s)
>> 161256 (4341: 2323 4347 2323) (0.06574 s)
>> 159780 (26066: 25068 26061 25068) (0.065861 s)
>> 155677 (20570: 20327 20562 20327) (0.065958 s)
>> 322598 (14689: 13667 14703 13667) (0.064609 s)
>> 155116 (44855: 43105 44861 43105) (0.065935 s)
>> 151277 (18987: 18236 18994 18236) (0.064527 s)
>> 150801 (28151: 27150 28155 27150) (0.065237 s)
>> 189444 (32920: 31672 32901 31672) (0.065035 s)
>> 143334 (46219: 44719 46210 44719) (0.064369 s)
>> 141662 (59495: 55745 59507 55745) (0.065014 s)
>> 130363 (6032: 4532 6027 4532) (0.064422 s)
>> 129582 (40124: 38375 40116 38375) (0.064558 s)
>> 129519 (24935: 22435 24910 22435) (0.063713 s)
>> 122861 (19887: 16387 19876 16387) (0.06386 s)
>> 122349 (21359: 20859 21371 20859) (0.063797 s)
>> 118540 (50565: 49325 50556 49325) (0.063837 s)
>> 107990 (48271: 44266 48281 44266) (0.063372 s)
>> 104411 (9998: 8747 10000 8747) (0.063117 s)
>> 101813 (14143: 12646 14142 12646) (0.063449 s)
>> 100822 (36048: 35807 36039 35807) (0.063145 s)
>> 94984 (884: 637 870 637) (0.06293 s)
>> 93214 (53021: 50021 53020 50021) (0.062949 s)
>> 93069 (56433: 51683 56426 51683) (0.063062 s)
>> 91996 (32488: 24487 32491 24487) (0.06293 s)
>> 89043 (14748: 10998 14735 10998) (0.062622 s)
>> 86130 (38945: 37945 38947 37945) (0.062132 s)
>> 85483 (52465: 52215 52477 52215) (0.061838 s)
>> 124872 (49941: 49214 49934 49214) (0.061416 s)
>> 118893 (50889: 48880 50894 48880) (0.061984 s)
>> 126428 (56153: 51153 56147 51153) (0.061524 s)
>> 65025 (8549: 8045 8564 8045) (0.061137 s)
>> 60342 (40675: 39430 40673 39430) (0.061289 s)
>> 49470 (58344: 55344 58335 55344) (0.061186 s)
>> 49281 (27328: 26828 27316 26828) (0.060877 s)
>> 47471 (42113: 41613 42110 41613) (0.060848 s)
>> 38271 (36996: 36239 37001 36239) (0.060665 s)
>> 35682 (61188: 56938 61186 56938) (0.06058 s)
>> 34427 (11800: 10799 11802 10799) (0.060325 s)
>> 25824 (46472: 45976 46471 45976) (0.059804 s)
>> 15737 (43512: 41024 43490 41024) (0.059515 s)
>> 14306 (18602: 15852 18590 15852) (0.059416 s)
>> 6359 (23560: 23070 23554 23070) (0.059026 s)
>> 3291 (33483: 33233 33488 33233) (0.058861 s)
>> 0 (-1: -1 -1 -1) (0.05862 s)
Zelikovsky 1255.33 s
>> 358537 (5707: 5700 8458 2957) (1074.65 s)
>> 358093 (36952: 36961 37945 33952) (1080.37 s)
>> 347122 (12386: 12378 14142 9636) (1082.34 s)
>> 298111 (3254: 1754 3734 3272) (1082.91 s)
>> 287187 (11602: 10600 15852 11615) (1068.97 s)
>> 285230 (47349: 47603 47343 45099) (1069.23 s)
>> 276303 (29019: 29010 30276 26519) (1065.3 s)
>> 274228 (34808: 35807 34819 30058) (1049.04 s)
>> 269161 (54040: 53547 59040 54030) (1046.23 s)
>> 263863 (16839: 18590 16831 13839) (1041.46 s)
>> 260492 (17525: 17533 19275 15523) (1039.88 s)
>> 258376 (59851: 61597 59864 56601) (1026.82 s)
>> 253890 (29967: 27967 31455 29975) (1028.91 s)
>> 245546 (58007: 59507 57999 57011) (1031.08 s)
>> 245292 (40740: 38992 43490 40731) (1031.04 s)
>> 244216 (55169: 55159 56426 51919) (1019.37 s)
>> 236441 (48080: 48088 49325 47080) (1024.41 s)
>> 230867 (60209: 58709 62440 60224) (1024.33 s)
>> 229797 (57333: 58335 57322 53833) (1023.97 s)
>> 226291 (57995: 59507 60243 55745) (1021.34 s)
>> 224283 (38132: 35632 38375 38148) (1017.35 s)
>> 222443 (9100: 9108 10600 4347) (1013.15 s)
>> 219996 (18041: 18053 21541 17785) (1015.64 s)
>> 215489 (51164: 49664 55159 51153) (1005.52 s)
>> 197727 (6437: 6431 7437 5944) (1009.07 s)
>> 189051 (12913: 12907 13667 10413) (1008.84 s)
>> 188634 (7645: 7652 9390 5395) (1008.05 s)
>> 181438 (21122: 20122 21371 21127) (1009.23 s)
>> 180494 (39837: 41337 39842 35086) (1008.45 s)
>> 174425 (38674: 36674 39430 38665) (1012.67 s)
>> 174041 (13009: 12006 14259 13015) (1016.65 s)
>> 166557 (50263: 52513 50252 50021) (1014.55 s)
>> 162344 (44713: 46210 44719 40463) (1010.32 s)
>> 160672 (58928: 57678 61186 58912) (1016.3 s)
>> 159780 (26066: 25068 27316 26061) (1018.43 s)
>> 155677 (20570: 20562 23070 20327) (1017.95 s)
>> 155116 (44855: 43105 47603 44861) (1019.23 s)
>> 151277 (18987: 18994 24487 18236) (1018.79 s)
>> 144709 (54270: 53020 59507 54278) (1011.02 s)
>> 137836 (31131: 31881 31118 30634) (1003.02 s)
>> 135056 (11623: 11373 12378 9108) (1004.32 s)
>> 130872 (32882: 31881 35632 32901) (1006.53 s)
>> 130363 (6032: 6027 6538 4532) (1008.73 s)
>> 129582 (40124: 31881 42374 40116) (1005.86 s)
>> 126118 (14704: 14703 16204 5700) (1013.6 s)
>> 125763 (27135: 26385 31881 27150) (1017.86 s)
>> 122349 (21359: 20859 22104 20122) (1025.12 s)
>> 117974 (46574: 45574 48088 46567) (1021.9 s)
>> 114068 (27655: 28155 27658 26385) (1021.75 s)
>> 111576 (37492: 37496 38992 36239) (1016.91 s)
>> 107021 (22439: 22435 25940 18939) (1012.05 s)
>> 106402 (48894: 50894 48880 45399) (1018.66 s)
>> 104411 (9998: 10998 10000 8747) (1026.72 s)
>> 103820 (56928: 49664 57678 56938) (1025.83 s)
>> 100822 (36048: 37298 36039 35807) (1027.81 s)
>> 99446 (39697: 38947 41949 39692) (1023.7 s)
>> 98934 (31670: 31672 35420 28666) (1023.02 s)
>> 94984 (884: 637 4141 870) (1021.89 s)
>> 88448 (15236: 14735 18994 15255) (1019.34 s)
>> 87385 (3282: 3034 6027 1754) (1006.97 s)
>> 85483 (52465: 52215 54962 52477) (1007.22 s)
>> 68346 (34024: 34279 34017 29010) (1007.28 s)
>> 65025 (8549: 8045 10799 8564) (1003.53 s)
>> 61485 (53305: 52805 54565 53547) (1000.6 s)
>> 60342 (40675: 40673 42925 36674) (997.568 s)
>> 59688 (5696: 6431 14703 4946) (997.028 s)
>> 55218 (23385: 23388 28155 20859) (998.104 s)
>> 49392 (43766: 44266 43762 41024) (1009.46 s)
>> 113936 (48271: 52513 48281 44266) (1007.15 s)
>> 46882 (56154: 56147 57904 49664) (1002.83 s)
>> 46530 (33489: 33488 37496 32491) (1004.09 s)
>> 39864 (48093: 48595 45574 43105) (999.706 s)
>> 34814 (27660: 23388 31672 24910) (1001.64 s)
>> 34427 (11800: 11802 17050 8045) (1009.13 s)
>> 33937 (16391: 16387 16643 11373) (1013.43 s)
>> 25824 (46472: 46972 46471 45976) (1013.13 s)
>> 24244 (34287: 33037 37298 34279) (1010.97 s)
>> 15814 (25716: 25466 27967 25698) (1006.93 s)
>> 12104 (4341: 5091 16387 2323) (1010.01 s)
>> 8090 (51434: 51683 51441 49934) (1011.7 s)
>> 5800 (23544: 23794 23554 18053) (1010.68 s)
>> 3863 (54572: 58335 52805 48595) (1006.83 s)
>> 3291 (33483: 33233 34482 33488) (1006.5 s)
>> 3096 (46464: 46210 49214 46972) (1003.97 s)
>> 0 (-1: -1 -1 -1) (1011.11 s)
Zelikovsky- 86686.4 s
>>> get_solution
  refine_solution: new weight 116303969 (was 116366389) in 0.02526 s
  refine_solution: new weight 116303969 (was 116303969) in 0.026949 s
>>> get_solution
  refine_solution: new weight 125954288 (was 126117028) in 0.026517 s
  refine_solution: new weight 125954288 (was 125954288) in 0.028602 s
3,,62434,124385,247,,1293,0,,126117028,125954288,120291417,116366389,116303969,,56092,2,@@

  handle_small_Steiner_degrees: steiner 0, suppress 0 in 9.3e-05 s
Starting round 4
Found 32 isolated vertices
Invalid ratios recomputed: 1297
Best ratio is 64975/1 (64975.0), centered at 9386
Finding the best star... Star with 2 terminals centered in 9390
round took: 0.206593 s
|V| = 62460, |E| = 124379, |R| = 246
>> 358537 (5707: 2957 5700 2957) (0.067286 s)
>> 358093 (36952: 33952 36961 33952) (0.067278 s)
>> 347122 (12386: 9390 12378 9390) (0.067266 s)
>> 298111 (3254: 1754 3272 1754) (0.066025 s)
>> 287187 (11602: 10600 11615 10600) (0.066397 s)
>> 285230 (47349: 45099 47343 45099) (0.066593 s)
>> 279675 (29967: 27967 29975 27967) (0.066599 s)
>> 276303 (29019: 26519 29010 26519) (0.066759 s)
>> 274228 (34808: 30058 34819 30058) (0.0662 s)
>> 269161 (54040: 53547 54030 53547) (0.066306 s)
>> 263863 (16839: 13839 16831 13839) (0.066082 s)
>> 260492 (17525: 15523 17533 15523) (0.065721 s)
>> 258376 (59851: 56601 59864 56601) (0.066072 s)
>> 248797 (48080: 47080 48088 47080) (0.066214 s)
>> 248604 (41960: 40463 41949 40463) (0.065721 s)
>> 245546 (58007: 57011 57999 57011) (0.065547 s)
>> 245292 (40740: 38992 40731 38992) (0.065586 s)
>> 244216 (55169: 51919 55159 51919) (0.0653 s)
>> 279551 (58928: 57678 58912 57678) (0.066509 s)
>> 230867 (60209: 58709 60224 58709) (0.065475 s)
>> 229797 (57333: 53833 57322 53833) (0.065366 s)
>> 224283 (38132: 35632 38148 35632) (0.065569 s)
>> 381620 (45380: 42629 45399 42629) (0.065597 s)
>> 266943 (31875: 31118 31881 31118) (0.065416 s)
>> 220456 (18041: 17785 18053 17785) (0.065313 s)
>> 199453 (7671: 7437 7652 7437) (0.06546 s)
>> 189051 (12913: 10413 12907 10413) (0.065131 s)
>> 181438 (21122: 20122 21127 20122) (0.064993 s)
>> 180494 (39837: 35086 39842 35086) (0.064955 s)
>> 174605 (25701: 25466 25698 25466) (0.065315 s)
>> 174425 (38674: 36674 38665 36674) (0.065358 s)
>> 174041 (13009: 12006 13015 12006) (0.06533 s)
>> 171031 (52502: 50252 52513 50252) (0.064976 s)
>> 169878 (34026: 30276 34017 30276) (0.065006 s)
>> 161256 (4341: 2323 4347 2323) (0.065246 s)
>> 159780 (26066: 25068 26061 25068) (0.065564 s)
>> 155677 (20570: 20327 20562 20327) (0.064844 s)
>> 322598 (14689: 13667 14703 13667) (0.064441 s)
>> 155116 (44855: 43105 44861 43105) (0.064713 s)
>> 151277 (18987: 18236 18994 18236) (0.064418 s)
>> 150801 (28151: 27150 28155 27150) (0.064308 s)
>> 189444 (32920: 31672 32901 31672) (0.064535 s)
>> 143334 (46219: 44719 46210 44719) (0.064333 s)
>> 141662 (59495: 55745 59507 55745) (0.064609 s)
>> 130363 (6032: 4532 6027 4532) (0.064099 s)
>> 129582 (40124: 38375 40116 38375) (0.064231 s)
>> 129519 (24935: 22435 24910 22435) (0.063516 s)
>> 122861 (19887: 16387 19876 16387) (0.063311 s)
>> 122349 (21359: 20859 21371 20859) (0.063429 s)
>> 118540 (50565: 49325 50556 49325) (0.06318 s)
>> 107990 (48271: 44266 48281 44266) (0.063166 s)
>> 104411 (9998: 8747 10000 8747) (0.062719 s)
>> 101813 (14143: 12646 14142 12646) (0.063151 s)
>> 275294 (18602: 15852 18590 15852) (0.062552 s)
>> 162241 (5358: 1617 5091 1617) (0.062194 s)
>> 100822 (36048: 35807 36039 35807) (0.061754 s)
>> 94984 (884: 637 870 637) (0.061996 s)
>> 93214 (53021: 50021 53020 50021) (0.061555 s)
>> 93069 (56433: 51683 56426 51683) (0.062148 s)
>> 91996 (32488: 24487 32491 24487) (0.062119 s)
>> 89043 (14748: 10998 14735 10998) (0.061683 s)
>> 86130 (38945: 37945 38947 37945) (0.061005 s)
>> 85483 (52465: 52215 52477 52215) (0.061288 s)
>> 124872 (49941: 49214 49934 49214) (0.060732 s)
>> 118893 (50889: 48880 50894 48880) (0.06069 s)
>> 126428 (56153: 51153 56147 51153) (0.060585 s)
>> 81738 (5932: 3682 5944 3682) (0.060064 s)
>> 65025 (8549: 8045 8564 8045) (0.059943 s)
>> 60342 (40675: 39430 40673 39430) (0.059657 s)
>> 49470 (58344: 55344 58335 55344) (0.059593 s)
>> 49281 (27328: 26828 27316 26828) (0.059336 s)
>> 47471 (42113: 41613 42110 41613) (0.059113 s)
>> 38271 (36996: 36239 37001 36239) (0.059029 s)
>> 35682 (61188: 56938 61186 56938) (0.058881 s)
>> 34427 (11800: 10799 11802 10799) (0.058605 s)
>> 25824 (46472: 45976 46471 45976) (0.058383 s)
>> 15737 (43512: 41024 43490 41024) (0.058269 s)
>> 6359 (23560: 23070 23554 23070) (0.058091 s)
>> 3291 (33483: 33233 33488 33233) (0.057536 s)
>> 0 (-1: -1 -1 -1) (0.057271 s)
Zelikovsky 1237.68 s
>> 358537 (5707: 5700 8458 2957) (1067.49 s)
>> 358093 (36952: 36961 37945 33952) (1072.61 s)
>> 347122 (12386: 12378 14142 9390) (1078.31 s)
>> 298111 (3254: 1754 3734 3272) (1070.14 s)
>> 287187 (11602: 10600 15852 11615) (1065.95 s)
>> 285230 (47349: 47603 47343 45099) (1064.91 s)
>> 276303 (29019: 29010 30276 26519) (1064.43 s)
>> 274228 (34808: 35807 34819 30058) (1043.58 s)
>> 269161 (54040: 53547 59040 54030) (1045.04 s)
>> 263863 (16839: 18590 16831 13839) (1038.48 s)
>> 260492 (17525: 17533 19275 15523) (1040.02 s)
>> 258376 (59851: 61597 59864 56601) (1022.37 s)
>> 253890 (29967: 27967 31455 29975) (1031.84 s)
>> 245546 (58007: 59507 57999 57011) (1034.41 s)
>> 245292 (40740: 38992 43490 40731) (1033.4 s)
>> 244216 (55169: 55159 56426 51919) (1016.66 s)
>> 236441 (48080: 48088 49325 47080) (1022.29 s)
>> 230867 (60209: 58709 62440 60224) (1021.97 s)
>> 229797 (57333: 58335 57322 53833) (1024.48 s)
>> 226291 (57995: 59507 60243 55745) (1014.05 s)
>> 224283 (38132: 35632 38375 38148) (1016.1 s)
>> 222443 (9100: 9108 10600 4347) (1012 s)
>> 219996 (18041: 18053 21541 17785) (1017.13 s)
>> 215489 (51164: 49664 55159 51153) (1001.48 s)
>> 197727 (6437: 6431 7437 5944) (1008.1 s)
>> 189051 (12913: 12907 13667 10413) (1006.11 s)
>> 188634 (7645: 7652 12378 5395) (1007.13 s)
>> 181438 (21122: 20122 21371 21127) (1004.07 s)
>> 180494 (39837: 41337 39842 35086) (1007.75 s)
>> 174425 (38674: 36674 39430 38665) (1012.26 s)
>> 174041 (13009: 12006 14259 13015) (1018.78 s)
>> 166557 (50263: 52513 50252 50021) (1011.8 s)
>> 162344 (44713: 46210 44719 40463) (1010.74 s)
>> 160672 (58928: 57678 61186 58912) (1015.88 s)
>> 159780 (26066: 25068 27316 26061) (1019.12 s)
>> 155677 (20570: 20562 23070 20327) (1012.47 s)
>> 155116 (44855: 43105 47603 44861) (1020.25 s)
>> 151277 (18987: 18994 24487 18236) (1018.68 s)
>> 144709 (54270: 53020 59507 54278) (1011.79 s)
>> 137836 (31131: 31881 31118 30634) (1001.44 s)
>> 135056 (11623: 11373 9108 7652) (1005.58 s)
>> 130872 (32882: 31881 35632 32901) (1009.26 s)
>> 130363 (6032: 6027 6538 4532) (1013 s)
>> 129582 (40124: 31881 42374 40116) (1008.72 s)
>> 126118 (14704: 14703 16204 5700) (1019.82 s)
>> 125763 (27135: 26385 31881 27150) (1021.75 s)
>> 122349 (21359: 20859 22104 20122) (1029.46 s)
>> 117974 (46574: 45574 48088 46567) (1024.77 s)
>> 114068 (27655: 28155 27658 26385) (1027.01 s)
>> 111576 (37492: 37496 38992 36239) (1020.87 s)
>> 107021 (22439: 22435 25940 18939) (1017.93 s)
>> 106402 (48894: 50894 48880 45399) (1020.6 s)
>> 104411 (9998: 10998 10000 8747) (1031.49 s)
>> 103820 (56928: 49664 57678 56938) (1027.9 s)
>> 100822 (36048: 37298 36039 35807) (1030.74 s)
>> 99446 (39697: 38947 41949 39692) (1025.94 s)
>> 98934 (31670: 31672 35420 28666) (1028.12 s)
>> 94984 (884: 637 4141 870) (1026.11 s)
>> 88448 (15236: 14735 18994 15255) (1026.64 s)
>> 87385 (3282: 3034 6027 1754) (1012.62 s)
>> 85483 (52465: 52215 54962 52477) (1013.51 s)
>> 68346 (34024: 34279 34017 29010) (1012.55 s)
>> 65025 (8549: 8045 10799 8564) (1010.2 s)
>> 61485 (53305: 52805 54565 53547) (1006.76 s)
>> 60342 (40675: 40673 42925 36674) (1004.8 s)
>> 59688 (5696: 6431 14703 4946) (1003.2 s)
>> 55218 (23385: 23388 28155 20859) (1004.15 s)
>> 49392 (43766: 44266 43762 41024) (1014.51 s)
>> 113936 (48271: 52513 48281 44266) (1014.26 s)
>> 46882 (56154: 56147 57904 49664) (1009.89 s)
>> 46530 (33489: 33488 37496 32491) (1011.09 s)
>> 39864 (48093: 48595 45574 43105) (1006.12 s)
>> 34814 (27660: 23388 31672 24910) (1009.41 s)
>> 34427 (11800: 11802 17050 8045) (1016.94 s)
>> 33937 (16391: 16387 16643 11373) (1021.54 s)
>> 25824 (46472: 46972 46471 45976) (1020.28 s)
>> 24244 (34287: 33037 37298 34279) (1020.47 s)
>> 15814 (25716: 25466 27967 25698) (1015.41 s)
>> 12104 (4341: 5091 16387 2323) (1018.54 s)
>> 8090 (51434: 51683 51441 49934) (1017.94 s)
>> 5800 (23544: 23794 23554 18053) (1017.91 s)
>> 3863 (54572: 58335 52805 48595) (1016.47 s)
>> 3291 (33483: 33233 34482 33488) (1013.77 s)
>> 3096 (46464: 46210 49214 46972) (1012.44 s)
>> 0 (-1: -1 -1 -1) (1017.54 s)
Zelikovsky- 86864.9 s
>>> get_solution
  refine_solution: new weight 116303969 (was 116366389) in 0.02536 s
  refine_solution: new weight 116303969 (was 116303969) in 0.027067 s
>>> get_solution
  refine_solution: new weight 125954288 (was 126117028) in 0.026761 s
  refine_solution: new weight 125954288 (was 125954288) in 0.028691 s
4,,62428,124379,246,,1297,0,,126117028,125954288,120483806,116366389,116303969,,64975,2,@@

  handle_small_Steiner_degrees: steiner 0, suppress 0 in 7.6e-05 s
Starting round 5
Found 37 isolated vertices
Invalid ratios recomputed: 759
Best ratio is 98278/1 (98278.0), centered at 17533
Finding the best star... Star with 2 terminals centered in 17785
round took: 0.109791 s
|V| = 62460, |E| = 124375, |R| = 245
>> 358537 (5707: 2957 5700 2957) (0.067372 s)
>> 358093 (36952: 33952 36961 33952) (0.066922 s)
>> 347122 (12386: 9390 12378 9390) (0.067042 s)
>> 298111 (3254: 1754 3272 1754) (0.065898 s)
>> 287187 (11602: 10600 11615 10600) (0.066135 s)
>> 285230 (47349: 45099 47343 45099) (0.066437 s)
>> 279675 (29967: 27967 29975 27967) (0.066582 s)
>> 276303 (29019: 26519 29010 26519) (0.066197 s)
>> 274228 (34808: 30058 34819 30058) (0.065989 s)
>> 269161 (54040: 53547 54030 53547) (0.065951 s)
>> 263863 (16839: 13839 16831 13839) (0.066865 s)
>> 260492 (17525: 15523 17785 15523) (0.065633 s)
>> 258376 (59851: 56601 59864 56601) (0.065877 s)
>> 248797 (48080: 47080 48088 47080) (0.065973 s)
>> 248604 (41960: 40463 41949 40463) (0.065641 s)
>> 245546 (58007: 57011 57999 57011) (0.065309 s)
>> 245292 (40740: 38992 40731 38992) (0.065237 s)
>> 244216 (55169: 51919 55159 51919) (0.065384 s)
>> 279551 (58928: 57678 58912 57678) (0.065509 s)
>> 240395 (19291: 18053 19275 18053) (0.06514 s)
>> 230867 (60209: 58709 60224 58709) (0.065791 s)
>> 229797 (57333: 53833 57322 53833) (0.065434 s)
>> 224283 (38132: 35632 38148 35632) (0.064949 s)
>> 381620 (45380: 42629 45399 42629) (0.06531 s)
>> 266943 (31875: 31118 31881 31118) (0.065242 s)
>> 199453 (7671: 7437 7652 7437) (0.065215 s)
>> 189051 (12913: 10413 12907 10413) (0.064866 s)
>> 181438 (21122: 20122 21127 20122) (0.065072 s)
>> 180494 (39837: 35086 39842 35086) (0.064868 s)
>> 174605 (25701: 25466 25698 25466) (0.064846 s)
>> 174425 (38674: 36674 38665 36674) (0.065041 s)
>> 174041 (13009: 12006 13015 12006) (0.064645 s)
>> 171031 (52502: 50252 52513 50252) (0.06474 s)
>> 169878 (34026: 30276 34017 30276) (0.065443 s)
>> 161256 (4341: 2323 4347 2323) (0.064769 s)
>> 159780 (26066: 25068 26061 25068) (0.064665 s)
>> 155677 (20570: 20327 20562 20327) (0.06464 s)
>> 322598 (14689: 13667 14703 13667) (0.063653 s)
>> 155116 (44855: 43105 44861 43105) (0.063788 s)
>> 151277 (18987: 18236 18994 18236) (0.0642 s)
>> 150801 (28151: 27150 28155 27150) (0.064076 s)
>> 189444 (32920: 31672 32901 31672) (0.064169 s)
>> 143334 (46219: 44719 46210 44719) (0.06415 s)
>> 141662 (59495: 55745 59507 55745) (0.064497 s)
>> 130363 (6032: 4532 6027 4532) (0.063978 s)
>> 129582 (40124: 38375 40116 38375) (0.064231 s)
>> 129519 (24935: 22435 24910 22435) (0.063314 s)
>> 122861 (19887: 16387 19876 16387) (0.063041 s)
>> 122349 (21359: 20859 21371 20859) (0.0633 s)
>> 118540 (50565: 49325 50556 49325) (0.063074 s)
>> 107990 (48271: 44266 48281 44266) (0.06302 s)
>> 104411 (9998: 8747 10000 8747) (0.062809 s)
>> 101813 (14143: 12646 14142 12646) (0.062881 s)
>> 275294 (18602: 15852 18590 15852) (0.06238 s)
>> 162241 (5358: 1617 5091 1617) (0.061787 s)
>> 100822 (36048: 35807 36039 35807) (0.061417 s)
>> 94984 (884: 637 870 637) (0.061841 s)
>> 93214 (53021: 50021 53020 50021) (0.061906 s)
>> 93069 (56433: 51683 56426 51683) (0.061568 s)
>> 91996 (32488: 24487 32491 24487) (0.062074 s)
>> 89043 (14748: 10998 14735 10998) (0.061031 s)
>> 86130 (38945: 37945 38947 37945) (0.060629 s)
>> 85483 (52465: 52215 52477 52215) (0.060649 s)
>> 124872 (49941: 49214 49934 49214) (0.060585 s)
>> 118893 (50889: 48880 50894 48880) (0.060336 s)
>> 126428 (56153: 51153 56147 51153) (0.060629 s)
>> 81738 (5932: 3682 5944 3682) (0.060032 s)
>> 65025 (8549: 8045 8564 8045) (0.059513 s)
>> 60342 (40675: 39430 40673 39430) (0.059095 s)
>> 49470 (58344: 55344 58335 55344) (0.059042 s)
>> 49281 (27328: 26828 27316 26828) (0.058822 s)
>> 47471 (42113: 41613 42110 41613) (0.058968 s)
>> 38271 (36996: 36239 37001 36239) (0.058555 s)
>> 35682 (61188: 56938 61186 56938) (0.058369 s)
>> 34427 (11800: 10799 11802 10799) (0.058166 s)
>> 25824 (46472: 45976 46471 45976) (0.057875 s)
>> 15737 (43512: 41024 43490 41024) (0.057732 s)
>> 6359 (23560: 23070 23554 23070) (0.057688 s)
>> 3291 (33483: 33233 33488 33233) (0.057145 s)
>> 0 (-1: -1 -1 -1) (0.05704 s)
Zelikovsky 1231.61 s
>> 358537 (5707: 5700 8458 2957) (1069.67 s)
>> 358093 (36952: 36961 37945 33952) (1074.29 s)
>> 347122 (12386: 12378 14142 9390) (1078.33 s)
>> 298111 (3254: 1754 3734 3272) (1079.38 s)
>> 287187 (11602: 10600 15852 11615) (1066.34 s)
>> 285230 (47349: 47603 47343 45099) (1067.56 s)
>> 276303 (29019: 29010 30276 26519) (1065.6 s)
>> 274228 (34808: 35807 34819 30058) (1047.65 s)
>> 269161 (54040: 53547 59040 54030) (1044.72 s)
>> 263863 (16839: 18590 16831 13839) (1040.53 s)
>> 260492 (17525: 17785 19275 15523) (1040.7 s)
>> 258376 (59851: 61597 59864 56601) (1031.64 s)
>> 253890 (29967: 27967 31455 29975) (1031.87 s)
>> 245546 (58007: 59507 57999 57011) (1035.33 s)
>> 245292 (40740: 38992 43490 40731) (914.68 s)
>> 244216 (55169: 55159 56426 51919) (928.388 s)
>> 236441 (48080: 48088 49325 47080) (795.843 s)
>> 230867 (60209: 58709 62440 60224) (804.005 s)
>> 229797 (57333: 58335 57322 53833) (805.16 s)
>> 226291 (57995: 59507 60243 55745) (803.042 s)
>> 224283 (38132: 35632 38375 38148) (798.965 s)
>> 222443 (9100: 9108 10600 4347) (798.33 s)
>> 215489 (51164: 49664 55159 51153) (799.751 s)
>> 197727 (6437: 6431 7437 5944) (802.289 s)
>> 189077 (18041: 18053 21541 17785) (801.924 s)
>> 189051 (12913: 12907 13667 10413) (796.214 s)
>> 188634 (7645: 7652 12378 5395) (795.882 s)
>> 181438 (21122: 20122 21371 21127) (796.461 s)
>> 180494 (39837: 41337 39842 35086) (795.16 s)
>> 174425 (38674: 36674 39430 38665) (800.49 s)
>> 174041 (13009: 12006 14259 13015) (803.389 s)
>> 166557 (50263: 52513 50252 50021) (801.892 s)
>> 162344 (44713: 46210 44719 40463) (798.675 s)
>> 160672 (58928: 57678 61186 58912) (803.184 s)
>> 159780 (26066: 25068 27316 26061) (804.69 s)
>> 155677 (20570: 20562 23070 20327) (803.499 s)
>> 155116 (44855: 43105 47603 44861) (804.558 s)
>> 151277 (18987: 18994 24487 18236) (805.759 s)
>> 144709 (54270: 53020 59507 54278) (800.486 s)
>> 137836 (31131: 31881 31118 30634) (794.931 s)
>> 135056 (11623: 11373 9108 7652) (795.484 s)
>> 130872 (32882: 31881 35632 32901) (799.007 s)
>> 130363 (6032: 6027 6538 4532) (801.549 s)
>> 129582 (40124: 31881 42374 40116) (801.122 s)
>> 126118 (14704: 14703 16204 5700) (805.788 s)
>> 125763 (27135: 26385 31881 27150) (807.646 s)
>> 122349 (21359: 20859 22104 20122) (813.098 s)
>> 117974 (46574: 45574 48088 46567) (811.127 s)
>> 114068 (27655: 28155 27658 26385) (810.114 s)
>> 111576 (37492: 37496 38992 36239) (807.032 s)
>> 107021 (22439: 22435 25940 18939) (804.882 s)
>> 106402 (48894: 50894 48880 45399) (807.534 s)
>> 104411 (9998: 10998 10000 8747) (814.201 s)
>> 103820 (56928: 49664 57678 56938) (812.799 s)
>> 100822 (36048: 37298 36039 35807) (814.104 s)
>> 99446 (39697: 38947 41949 39692) (813.513 s)
>> 98934 (31670: 31672 35420 28666) (813.725 s)
>> 94984 (884: 637 4141 870) (812.587 s)
>> 88448 (15236: 14735 18994 15255) (812.976 s)
>> 87385 (3282: 3034 6027 1754) (804.961 s)
>> 85483 (52465: 52215 54962 52477) (805.343 s)
>> 68346 (34024: 34279 34017 29010) (804.904 s)
>> 65025 (8549: 8045 10799 8564) (804.336 s)
>> 61485 (53305: 52805 54565 53547) (802.822 s)
>> 60342 (40675: 40673 42925 36674) (801.383 s)
>> 59688 (5696: 6431 14703 4946) (800.571 s)
>> 55218 (23385: 23388 28155 20859) (801.235 s)
>> 49392 (43766: 44266 43762 41024) (810.646 s)
>> 113936 (48271: 52513 48281 44266) (810.698 s)
>> 46882 (56154: 56147 57904 49664) (808.289 s)
>> 46530 (33489: 33488 37496 32491) (809.661 s)
>> 39864 (48093: 48595 45574 43105) (806.666 s)
>> 34814 (27660: 23388 31672 24910) (808.52 s)
>> 34427 (11800: 11802 17050 8045) (814.222 s)
>> 33937 (16391: 16387 16643 11373) (819.092 s)
>> 25824 (46472: 46972 46471 45976) (818.243 s)
>> 24244 (34287: 33037 37298 34279) (816.813 s)
>> 15814 (25716: 25466 27967 25698) (814.857 s)
>> 12104 (4341: 5091 16387 2323) (849.867 s)
>> 8090 (51434: 51683 51441 49934) (736.372 s)
>> 5800 (23544: 23794 23554 18053) (861.072 s)
>> 3863 (54572: 58335 52805 48595) (708.593 s)
>> 3291 (33483: 33233 34482 33488) (710.024 s)
>> 3096 (46464: 46210 49214 46972) (709.485 s)
>> 0 (-1: -1 -1 -1) (712.191 s)
Zelikovsky- 71841.5 s
>>> get_solution
  refine_solution: new weight 116303969 (was 116366389) in 0.018727 s
  refine_solution: new weight 116303969 (was 116303969) in 0.019216 s
>>> get_solution
  refine_solution: new weight 125954288 (was 126117028) in 0.019575 s
  refine_solution: new weight 125954288 (was 125954288) in 0.020233 s
5,,62423,124375,245,,759,0,,126117028,125954288,120690242,116366389,116303969,,98278,2,@@

  handle_small_Steiner_degrees: steiner 0, suppress 0 in 7.3e-05 s
Starting round 6
Found 40 isolated vertices
Invalid ratios recomputed: 698
Best ratio is 100985/1 (100985.0), centered at 54028
Finding the best star... Star with 2 terminals centered in 54030
round took: 0.091935 s
|V| = 62460, |E| = 124371, |R| = 244
>> 358537 (5707: 2957 5700 2957) (0.059206 s)
>> 358093 (36952: 33952 36961 33952) (0.059078 s)
>> 347122 (12386: 9390 12378 9390) (0.059139 s)
>> 298111 (3254: 1754 3272 1754) (0.05796 s)
>> 287187 (11602: 10600 11615 10600) (0.058406 s)
>> 285230 (47349: 45099 47343 45099) (0.05894 s)
>> 279675 (29967: 27967 29975 27967) (0.058905 s)
>> 276303 (29019: 26519 29010 26519) (0.058767 s)
>> 274228 (34808: 30058 34819 30058) (0.058764 s)
>> 269161 (54040: 53547 54030 53547) (0.058729 s)
>> 263863 (16839: 13839 16831 13839) (0.058831 s)
>> 260492 (17525: 15523 17785 15523) (0.058289 s)
>> 258376 (59851: 56601 59864 56601) (0.058193 s)
>> 248797 (48080: 47080 48088 47080) (0.058548 s)
>> 248604 (41960: 40463 41949 40463) (0.058314 s)
>> 245546 (58007: 57011 57999 57011) (0.05801 s)
>> 245292 (40740: 38992 40731 38992) (0.057917 s)
>> 244216 (55169: 51919 55159 51919) (0.057867 s)
>> 279551 (58928: 57678 58912 57678) (0.058023 s)
>> 243818 (57315: 54565 57322 54565) (0.058432 s)
>> 240395 (19291: 18053 19275 18053) (0.057615 s)
>> 230867 (60209: 58709 60224 58709) (0.058242 s)
>> 224283 (38132: 35632 38148 35632) (0.057709 s)
>> 381620 (45380: 42629 45399 42629) (0.057702 s)
>> 266943 (31875: 31118 31881 31118) (0.057986 s)
>> 213676 (50575: 49325 50556 49325) (0.057419 s)
>> 199453 (7671: 7437 7652 7437) (0.057177 s)
>> 189051 (12913: 10413 12907 10413) (0.057201 s)
>> 181438 (21122: 20122 21127 20122) (0.057443 s)
>> 180494 (39837: 35086 39842 35086) (0.057528 s)
>> 174605 (25701: 25466 25698 25466) (0.057572 s)
>> 174425 (38674: 36674 38665 36674) (0.057576 s)
>> 174041 (13009: 12006 13015 12006) (0.057189 s)
>> 171031 (52502: 50252 52513 50252) (0.057629 s)
>> 169878 (34026: 30276 34017 30276) (0.057321 s)
>> 161256 (4341: 2323 4347 2323) (0.057532 s)
>> 159780 (26066: 25068 26061 25068) (0.05696 s)
>> 155677 (20570: 20327 20562 20327) (0.056853 s)
>> 322598 (14689: 13667 14703 13667) (0.056041 s)
>> 155116 (44855: 43105 44861 43105) (0.056162 s)
>> 153854 (48271: 44266 48281 44266) (0.056005 s)
>> 151277 (18987: 18236 18994 18236) (0.056067 s)
>> 150801 (28151: 27150 28155 27150) (0.05674 s)
>> 189444 (32920: 31672 32901 31672) (0.056782 s)
>> 143334 (46219: 44719 46210 44719) (0.05644 s)
>> 141662 (59495: 55745 59507 55745) (0.056518 s)
>> 137068 (55335: 53833 55344 53833) (0.05627 s)
>> 398060 (60835: 58335 60809 58335) (0.056209 s)
>> 130363 (6032: 4532 6027 4532) (0.055909 s)
>> 129582 (40124: 38375 40116 38375) (0.055519 s)
>> 129519 (24935: 22435 24910 22435) (0.055463 s)
>> 122861 (19887: 16387 19876 16387) (0.055143 s)
>> 122349 (21359: 20859 21371 20859) (0.055802 s)
>> 104411 (9998: 8747 10000 8747) (0.055273 s)
>> 101813 (14143: 12646 14142 12646) (0.055237 s)
>> 275294 (18602: 15852 18590 15852) (0.0546 s)
>> 162241 (5358: 1617 5091 1617) (0.054522 s)
>> 100822 (36048: 35807 36039 35807) (0.054188 s)
>> 94984 (884: 637 870 637) (0.054168 s)
>> 93069 (56433: 51683 56426 51683) (0.054104 s)
>> 91996 (32488: 24487 32491 24487) (0.053821 s)
>> 89043 (14748: 10998 14735 10998) (0.053471 s)
>> 86130 (38945: 37945 38947 37945) (0.053286 s)
>> 85483 (52465: 52215 52477 52215) (0.053168 s)
>> 124872 (49941: 49214 49934 49214) (0.053087 s)
>> 118893 (50889: 48880 50894 48880) (0.052835 s)
>> 126428 (56153: 51153 56147 51153) (0.052465 s)
>> 81738 (5932: 3682 5944 3682) (0.052553 s)
>> 65025 (8549: 8045 8564 8045) (0.052038 s)
>> 60342 (40675: 39430 40673 39430) (0.051762 s)
>> 49281 (27328: 26828 27316 26828) (0.051604 s)
>> 47471 (42113: 41613 42110 41613) (0.051396 s)
>> 38271 (36996: 36239 37001 36239) (0.051193 s)
>> 35682 (61188: 56938 61186 56938) (0.050931 s)
>> 34427 (11800: 10799 11802 10799) (0.051079 s)
>> 25824 (46472: 45976 46471 45976) (0.050862 s)
>> 15737 (43512: 41024 43490 41024) (0.050408 s)
>> 6359 (23560: 23070 23554 23070) (0.05014 s)
>> 3291 (33483: 33233 33488 33233) (0.049873 s)
>> 0 (-1: -1 -1 -1) (0.049716 s)
Zelikovsky 747.618 s
>> 358537 (5707: 5700 8458 2957) (705.098 s)
>> 358093 (36952: 36961 37945 33952) (709.795 s)
>> 347122 (12386: 12378 14142 9390) (706.4 s)
>> 298111 (3254: 1754 3734 3272) (710.465 s)
>> 287187 (11602: 10600 15852 11615) (701.348 s)
>> 285230 (47349: 47603 47343 45099) (702.626 s)
>> 276303 (29019: 29010 30276 26519) (700.122 s)
>> 274228 (34808: 35807 34819 30058) (695.554 s)
>> 269161 (54040: 53547 59040 54030) (694.407 s)
>> 263863 (16839: 18590 16831 13839) (693.778 s)
>> 260492 (17525: 17785 19275 15523) (690.836 s)
>> 258376 (59851: 61597 59864 56601) (689.267 s)
>> 253890 (29967: 27967 31455 29975) (816.808 s)
>> 245546 (58007: 59507 57999 57011) (820.796 s)
>> 245292 (40740: 38992 43490 40731) (809.319 s)
>> 244216 (55169: 55159 56426 51919) (897.442 s)
>> 236441 (48080: 48088 49325 47080) (956.737 s)
>> 230867 (60209: 58709 62440 60224) (1000.48 s)
>> 229797 (57333: 58335 57322 53833) (1048.39 s)
>> 226291 (57995: 59507 60243 55745) (995.547 s)
>> 224283 (38132: 35632 38375 38148) (682.871 s)
>> 222443 (9100: 9108 10600 4347) (683.856 s)
>> 215489 (51164: 49664 55159 51153) (681.782 s)
>> 197727 (6437: 6431 7437 5944) (685.582 s)
>> 189077 (18041: 18053 21541 17785) (683.766 s)
>> 189051 (12913: 12907 13667 10413) (680.805 s)
>> 188634 (7645: 7652 12378 5395) (677.173 s)
>> 181438 (21122: 20122 21371 21127) (680.705 s)
>> 180494 (39837: 41337 39842 35086) (678.832 s)
>> 174425 (38674: 36674 39430 38665) (1000.31 s)
>> 174041 (13009: 12006 14259 13015) (864.361 s)
>> 166557 (50263: 52513 50252 50021) (798.181 s)
>> 162344 (44713: 46210 44719 40463) (799.269 s)
>> 160672 (58928: 57678 61186 58912) (804.111 s)
>> 159780 (26066: 25068 27316 26061) (803.085 s)
>> 155677 (20570: 20562 23070 20327) (804.382 s)
>> 155116 (44855: 43105 47603 44861) (880.906 s)
>> 151277 (18987: 18994 24487 18236) (930.965 s)
>> 137836 (31131: 31881 31118 30634) (810.827 s)
>> 135159 (53013: 52513 59507 53020) (890.032 s)
>> 135056 (11623: 11373 9108 7652) (928.676 s)
>> 130872 (32882: 31881 35632 32901) (933.3 s)
>> 130363 (6032: 6027 6538 4532) (928.723 s)
>> 129582 (40124: 31881 42374 40116) (934.706 s)
>> 126118 (14704: 14703 16204 5700) (941.063 s)
>> 125763 (27135: 26385 31881 27150) (944.266 s)
>> 122349 (21359: 20859 22104 20122) (948.219 s)
>> 117974 (46574: 45574 48088 46567) (946.67 s)
>> 114068 (27655: 28155 27658 26385) (946.192 s)
>> 111576 (37492: 37496 38992 36239) (942.685 s)
>> 107021 (22439: 22435 25940 18939) (934.415 s)
>> 106402 (48894: 50894 48880 45399) (945.986 s)
>> 104411 (9998: 10998 10000 8747) (951.656 s)
>> 103820 (56928: 49664 57678 56938) (951.056 s)
>> 100822 (36048: 37298 36039 35807) (950.309 s)
>> 99446 (39697: 38947 41949 39692) (951.687 s)
>> 98934 (31670: 31672 35420 28666) (948.94 s)
>> 94984 (884: 637 4141 870) (949.318 s)
>> 88448 (15236: 14735 18994 15255) (944.488 s)
>> 87385 (3282: 3034 6027 1754) (935.641 s)
>> 85483 (52465: 52215 54962 52477) (931.839 s)
>> 68346 (34024: 34279 34017 29010) (933.022 s)
>> 65025 (8549: 8045 10799 8564) (927.591 s)
>> 61485 (53305: 52805 54565 53547) (927.888 s)
>> 60342 (40675: 40673 42925 36674) (924.6 s)
>> 59688 (5696: 6431 14703 4946) (925.625 s)
>> 55218 (23385: 23388 28155 20859) (927.521 s)
>> 49392 (43766: 44266 43762 41024) (938.242 s)
>> 113936 (48271: 52513 48281 44266) (936.065 s)
>> 46882 (56154: 56147 57904 49664) (932.953 s)
>> 46530 (33489: 33488 37496 32491) (932.219 s)
>> 39864 (48093: 48595 45574 43105) (930.023 s)
>> 34814 (27660: 23388 31672 24910) (930.735 s)
>> 34427 (11800: 11802 17050 8045) (938.916 s)
>> 33937 (16391: 16387 16643 11373) (938.071 s)
>> 25824 (46472: 46972 46471 45976) (939.101 s)
>> 24244 (34287: 33037 37298 34279) (938.443 s)
>> 15814 (25716: 25466 27967 25698) (934.102 s)
>> 12104 (4341: 5091 16387 2323) (935.738 s)
>> 8090 (51434: 51683 51441 49934) (939.225 s)
>> 5800 (23544: 23794 23554 18053) (938.273 s)
>> 3863 (54572: 58335 52805 48595) (934.459 s)
>> 3291 (33483: 33233 34482 33488) (937.555 s)
>> 3096 (46464: 46210 49214 46972) (938.384 s)
>> 0 (-1: -1 -1 -1) (941.052 s)
Zelikovsky- 73477.8 s
>>> get_solution
  refine_solution: new weight 116295331 (was 116357751) in 0.023734 s
  refine_solution: new weight 116295331 (was 116295331) in 0.02501 s
>>> get_solution
  refine_solution: new weight 125936100 (was 126098840) in 0.025126 s
  refine_solution: new weight 125936100 (was 125936100) in 0.026762 s
6,,62420,124371,244,,698,0,,126098840,125936100,120910424,116357751,116295331,,100985,2,@@

  handle_small_Steiner_degrees: steiner 0, suppress 0 in 7.7e-05 s
Starting round 7
Found 43 isolated vertices
Invalid ratios recomputed: 1090
Best ratio is 102240/1 (102240.0), centered at 17301
Finding the best star... Star with 2 terminals centered in 18053
round took: 0.1622 s
|V| = 62460, |E| = 124365, |R| = 243
>> 358537 (5707: 2957 5700 2957) (0.064168 s)
>> 358093 (36952: 33952 36961 33952) (0.064553 s)
>> 347122 (12386: 9390 12378 9390) (0.064558 s)
>> 298111 (3254: 1754 3272 1754) (0.06334 s)
>> 287187 (11602: 10600 11615 10600) (0.063784 s)
>> 285230 (47349: 45099 47343 45099) (0.06422 s)
>> 279675 (29967: 27967 29975 27967) (0.064252 s)
>> 276303 (29019: 26519 29010 26519) (0.063835 s)
>> 274228 (34808: 30058 34819 30058) (0.063629 s)
>> 269161 (54040: 53547 54030 53547) (0.06363 s)
>> 263863 (16839: 13839 16831 13839) (0.063429 s)
>> 260492 (17525: 15523 17785 15523) (0.06299 s)
>> 258376 (59851: 56601 59864 56601) (0.06324 s)
>> 248797 (48080: 47080 48088 47080) (0.063417 s)
>> 248604 (41960: 40463 41949 40463) (0.063095 s)
>> 245546 (58007: 57011 57999 57011) (0.06272 s)
>> 245292 (40740: 38992 40731 38992) (0.063796 s)
>> 244216 (55169: 51919 55159 51919) (0.062548 s)
>> 279551 (58928: 57678 58912 57678) (0.063275 s)
>> 243818 (57315: 54565 57322 54565) (0.062861 s)
>> 240395 (19291: 18053 19275 18053) (0.062349 s)
>> 230867 (60209: 58709 60224 58709) (0.062509 s)
>> 224283 (38132: 35632 38148 35632) (0.062501 s)
>> 381620 (45380: 42629 45399 42629) (0.062536 s)
>> 266943 (31875: 31118 31881 31118) (0.062576 s)
>> 213676 (50575: 49325 50556 49325) (0.06206 s)
>> 199453 (7671: 7437 7652 7437) (0.061522 s)
>> 189051 (12913: 10413 12907 10413) (0.062121 s)
>> 181438 (21122: 20122 21127 20122) (0.062006 s)
>> 180494 (39837: 35086 39842 35086) (0.061933 s)
>> 174605 (25701: 25466 25698 25466) (0.062325 s)
>> 174425 (38674: 36674 38665 36674) (0.062107 s)
>> 174041 (13009: 12006 13015 12006) (0.062197 s)
>> 171031 (52502: 50252 52513 50252) (0.062162 s)
>> 169878 (34026: 30276 34017 30276) (0.061997 s)
>> 161256 (4341: 2323 4347 2323) (0.062005 s)
>> 159780 (26066: 25068 26061 25068) (0.062248 s)
>> 155677 (20570: 20327 20562 20327) (0.063166 s)
>> 322598 (14689: 13667 14703 13667) (0.061003 s)
>> 155116 (44855: 43105 44861 43105) (0.061295 s)
>> 153854 (48271: 44266 48281 44266) (0.061081 s)
>> 151277 (18987: 18236 18994 18236) (0.061355 s)
>> 150801 (28151: 27150 28155 27150) (0.061547 s)
>> 189444 (32920: 31672 32901 31672) (0.061559 s)
>> 143334 (46219: 44719 46210 44719) (0.06128 s)
>> 141662 (59495: 55745 59507 55745) (0.061349 s)
>> 137068 (55335: 53833 55344 53833) (0.061061 s)
>> 398060 (60835: 58335 60809 58335) (0.060812 s)
>> 130363 (6032: 4532 6027 4532) (0.060385 s)
>> 129582 (40124: 38375 40116 38375) (0.061234 s)
>> 129519 (24935: 22435 24910 22435) (0.060141 s)
>> 122861 (19887: 16387 19876 16387) (0.059759 s)
>> 122349 (21359: 20859 21371 20859) (0.060082 s)
>> 104411 (9998: 8747 10000 8747) (0.059562 s)
>> 101813 (14143: 12646 14142 12646) (0.059859 s)
>> 275294 (18602: 15852 18590 15852) (0.059464 s)
>> 162241 (5358: 1617 5091 1617) (0.05844 s)
>> 100822 (36048: 35807 36039 35807) (0.058256 s)
>> 94984 (884: 637 870 637) (0.058171 s)
>> 93069 (56433: 51683 56426 51683) (0.058274 s)
>> 91996 (32488: 24487 32491 24487) (0.05822 s)
>> 89043 (14748: 10998 14735 10998) (0.057413 s)
>> 86641 (11800: 10799 11802 10799) (0.057575 s)
>> 86130 (38945: 37945 38947 37945) (0.057735 s)
>> 85483 (52465: 52215 52477 52215) (0.057081 s)
>> 124872 (49941: 49214 49934 49214) (0.057434 s)
>> 118893 (50889: 48880 50894 48880) (0.056628 s)
>> 126428 (56153: 51153 56147 51153) (0.057461 s)
>> 81738 (5932: 3682 5944 3682) (0.056764 s)
>> 60342 (40675: 39430 40673 39430) (0.056134 s)
>> 49281 (27328: 26828 27316 26828) (0.05642 s)
>> 47471 (42113: 41613 42110 41613) (0.056044 s)
>> 38271 (36996: 36239 37001 36239) (0.055967 s)
>> 35682 (61188: 56938 61186 56938) (0.055749 s)
>> 25824 (46472: 45976 46471 45976) (0.055381 s)
>> 15737 (43512: 41024 43490 41024) (0.055626 s)
>> 6359 (23560: 23070 23554 23070) (0.05516 s)
>> 3291 (33483: 33233 33488 33233) (0.054687 s)
>> 0 (-1: -1 -1 -1) (0.054652 s)
Zelikovsky 1112.79 s
>> 358537 (5707: 5700 8458 2957) (985.515 s)
>> 358093 (36952: 36961 37945 33952) (988.861 s)
>> 347122 (12386: 12378 14142 9390) (990.748 s)
>> 298111 (3254: 1754 3734 3272) (990.91 s)
>> 287187 (11602: 10600 15852 11615) (977.584 s)
>> 285230 (47349: 47603 47343 45099) (978.809 s)
>> 276303 (29019: 29010 30276 26519) (975.634 s)
>> 274228 (34808: 35807 34819 30058) (961.939 s)
>> 269161 (54040: 53547 59040 54030) (961.084 s)
>> 263863 (16839: 18590 16831 13839) (958.142 s)
>> 260492 (17525: 17785 19275 15523) (957.993 s)
>> 258376 (59851: 61597 59864 56601) (827.765 s)
>> 253890 (29967: 27967 31455 29975) (815.715 s)
>> 245546 (58007: 59507 57999 57011) (700.932 s)
>> 245292 (40740: 38992 43490 40731) (696.836 s)
>> 244216 (55169: 55159 56426 51919) (692.754 s)
>> 236441 (48080: 48088 49325 47080) (692.886 s)
>> 230867 (60209: 58709 62440 60224) (693.38 s)
>> 229797 (57333: 58335 57322 53833) (693.672 s)
>> 226291 (57995: 59507 60243 55745) (691.183 s)
>> 224283 (38132: 35632 38375 38148) (688.54 s)
>> 222443 (9100: 9108 10600 4347) (689.65 s)
>> 215489 (51164: 49664 55159 51153) (689.291 s)
>> 197727 (6437: 6431 7437 5944) (691.571 s)
>> 189077 (17791: 18053 21541 17785) (691.201 s)
>> 189051 (12913: 12907 13667 10413) (689.221 s)
>> 188634 (7645: 7652 12378 5395) (688.67 s)
>> 181438 (21122: 20122 21371 21127) (688.345 s)
>> 180494 (39837: 41337 39842 35086) (687.473 s)
>> 174425 (38674: 36674 39430 38665) (693.023 s)
>> 174041 (13009: 12006 14259 13015) (695.301 s)
>> 166557 (50263: 52513 50252 50021) (693.723 s)
>> 162344 (44713: 46210 44719 40463) (692.026 s)
>> 160672 (58928: 57678 61186 58912) (695.31 s)
>> 159780 (26066: 25068 27316 26061) (696.03 s)
>> 155677 (20570: 20562 23070 20327) (694.499 s)
>> 155116 (44855: 43105 47603 44861) (695.602 s)
>> 151277 (18987: 18994 24487 18236) (696.72 s)
>> 137836 (31131: 31881 31118 30634) (693.136 s)
>> 135159 (53013: 52513 59507 53020) (693.597 s)
>> 135056 (11623: 11373 9108 7652) (691.357 s)
>> 130872 (32882: 31881 35632 32901) (685.716 s)
>> 130363 (6032: 6027 6538 4532) (686.581 s)
>> 129582 (40124: 31881 42374 40116) (685.763 s)
>> 126118 (14704: 14703 16204 5700) (691.105 s)
>> 125763 (27135: 26385 31881 27150) (691.386 s)
>> 122349 (21359: 20859 22104 20122) (696.463 s)
>> 117974 (46574: 45574 48088 46567) (694.485 s)
>> 114068 (27655: 28155 27658 26385) (693.614 s)
>> 111576 (37492: 37496 38992 36239) (692.942 s)
>> 107021 (22439: 22435 25940 18939) (691.434 s)
>> 106402 (48894: 50894 48880 45399) (902.906 s)
>> 104411 (9998: 10998 10000 8747) (1005.06 s)
>> 103820 (56928: 49664 57678 56938) (1019.76 s)
>> 100822 (36048: 37298 36039 35807) (1025.3 s)
>> 99446 (39697: 38947 41949 39692) (1024.62 s)
>> 98934 (31670: 31672 35420 28666) (1024.75 s)
>> 94984 (884: 637 4141 870) (1021.9 s)
>> 88448 (15236: 14735 18994 15255) (1017.68 s)
>> 87385 (3282: 3034 6027 1754) (1005.19 s)
>> 85483 (52465: 52215 54962 52477) (1006.27 s)
>> 68346 (34024: 34279 34017 29010) (1002.87 s)
>> 65025 (8549: 8045 10799 8564) (999.19 s)
>> 61485 (53305: 52805 54565 53547) (998.253 s)
>> 60342 (40675: 40673 42925 36674) (995.912 s)
>> 59688 (5696: 6431 14703 4946) (997.668 s)
>> 55218 (23385: 23388 28155 20859) (994.711 s)
>> 49392 (43766: 44266 43762 41024) (1006.09 s)
>> 113936 (48271: 52513 48281 44266) (1004.72 s)
>> 46882 (56154: 56147 57904 49664) (1001.97 s)
>> 46530 (33489: 33488 37496 32491) (1004.41 s)
>> 39864 (48093: 48595 45574 43105) (1000.37 s)
>> 34814 (27660: 23388 31672 24910) (1002.31 s)
>> 34352 (11800: 11802 17050 8045) (1010.69 s)
>> 33937 (16391: 16387 16643 11373) (1011.58 s)
>> 25824 (46472: 46972 46471 45976) (1013.47 s)
>> 24244 (34287: 33037 37298 34279) (1012.98 s)
>> 15814 (25716: 25466 27967 25698) (1007.68 s)
>> 12104 (4341: 5091 16387 2323) (1011.49 s)
>> 8090 (51434: 51683 51441 49934) (1010.93 s)
>> 5800 (23544: 23794 23554 18053) (1010.32 s)
>> 3863 (54572: 58335 52805 48595) (1008.15 s)
>> 3291 (33483: 33233 34482 33488) (1008.62 s)
>> 3096 (46464: 46210 49214 46972) (1006.89 s)
>> 0 (-1: -1 -1 -1) (1013.68 s)
Zelikovsky- 72865.6 s
>>> get_solution
  refine_solution: new weight 116295331 (was 116357751) in 0.025314 s
  refine_solution: new weight 116295331 (was 116295331) in 0.027052 s
>>> get_solution
  refine_solution: new weight 125936100 (was 126098840) in 0.026322 s
  refine_solution: new weight 125936100 (was 125936100) in 0.028532 s
7,,62417,124365,243,,1090,0,,126098840,125936100,120953361,116357751,116295331,,102240,2,@@

  handle_small_Steiner_degrees: steiner 0, suppress 0 in 7.5e-05 s
Starting round 8
Found 48 isolated vertices
Invalid ratios recomputed: 966
Best ratio is 108901/1 (108901.0), centered at 13015
Finding the best star... Star with 2 terminals centered in 13268
round took: 0.138022 s
|V| = 62460, |E| = 124359, |R| = 242
>> 358537 (5707: 2957 5700 2957) (0.065836 s)
>> 358093 (36952: 33952 36961 33952) (0.065675 s)
>> 347122 (12386: 9390 12378 9390) (0.065839 s)
>> 298111 (3254: 1754 3272 1754) (0.064336 s)
>> 287187 (11602: 10600 11615 10600) (0.064559 s)
>> 285230 (47349: 45099 47343 45099) (0.064854 s)
>> 279675 (29967: 27967 29975 27967) (0.064934 s)
>> 276303 (29019: 26519 29010 26519) (0.064702 s)
>> 274228 (34808: 30058 34819 30058) (0.064813 s)
>> 269161 (54040: 53547 54030 53547) (0.064616 s)
>> 263863 (16839: 13839 16831 13839) (0.064527 s)
>> 260492 (17525: 15523 17785 15523) (0.064185 s)
>> 258376 (59851: 56601 59864 56601) (0.064966 s)
>> 248797 (48080: 47080 48088 47080) (0.064884 s)
>> 248604 (41960: 40463 41949 40463) (0.064324 s)
>> 245546 (58007: 57011 57999 57011) (0.06396 s)
>> 245292 (40740: 38992 40731 38992) (0.064139 s)
>> 244216 (55169: 51919 55159 51919) (0.064172 s)
>> 279551 (58928: 57678 58912 57678) (0.063856 s)
>> 243818 (57315: 54565 57322 54565) (0.063714 s)
>> 240395 (19291: 18053 19275 18053) (0.063436 s)
>> 230867 (60209: 58709 60224 58709) (0.063684 s)
>> 224283 (38132: 35632 38148 35632) (0.063728 s)
>> 381620 (45380: 42629 45399 42629) (0.064133 s)
>> 266943 (31875: 31118 31881 31118) (0.06355 s)
>> 213676 (50575: 49325 50556 49325) (0.063343 s)
>> 199453 (7671: 7437 7652 7437) (0.062894 s)
>> 189051 (12913: 10413 12907 10413) (0.063073 s)
>> 181438 (21122: 20122 21127 20122) (0.063105 s)
>> 180494 (39837: 35086 39842 35086) (0.063431 s)
>> 174605 (25701: 25466 25698 25466) (0.063227 s)
>> 174425 (38674: 36674 38665 36674) (0.06347 s)
>> 174041 (13009: 12006 13268 12006) (0.063179 s)
>> 192760 (14748: 10998 14735 10998) (0.063698 s)
>> 171031 (52502: 50252 52513 50252) (0.06363 s)
>> 169878 (34026: 30276 34017 30276) (0.06315 s)
>> 161256 (4341: 2323 4347 2323) (0.063831 s)
>> 159780 (26066: 25068 26061 25068) (0.06323 s)
>> 155677 (20570: 20327 20562 20327) (0.063169 s)
>> 322598 (14689: 13667 14703 13667) (0.062436 s)
>> 155116 (44855: 43105 44861 43105) (0.062806 s)
>> 153854 (48271: 44266 48281 44266) (0.062659 s)
>> 151277 (18987: 18236 18994 18236) (0.062544 s)
>> 150801 (28151: 27150 28155 27150) (0.062297 s)
>> 189444 (32920: 31672 32901 31672) (0.062303 s)
>> 143334 (46219: 44719 46210 44719) (0.062366 s)
>> 141662 (59495: 55745 59507 55745) (0.06188 s)
>> 137068 (55335: 53833 55344 53833) (0.062347 s)
>> 398060 (60835: 58335 60809 58335) (0.061537 s)
>> 130363 (6032: 4532 6027 4532) (0.061476 s)
>> 129582 (40124: 38375 40116 38375) (0.061513 s)
>> 129519 (24935: 22435 24910 22435) (0.061504 s)
>> 122861 (19887: 16387 19876 16387) (0.061426 s)
>> 122349 (21359: 20859 21371 20859) (0.061117 s)
>> 101813 (14143: 12646 14142 12646) (0.061021 s)
>> 275294 (18602: 15852 18590 15852) (0.060617 s)
>> 162241 (5358: 1617 5091 1617) (0.059676 s)
>> 100822 (36048: 35807 36039 35807) (0.059497 s)
>> 94984 (884: 637 870 637) (0.059505 s)
>> 93069 (56433: 51683 56426 51683) (0.058872 s)
>> 91996 (32488: 24487 32491 24487) (0.059282 s)
>> 86641 (11800: 10799 11802 10799) (0.058783 s)
>> 86130 (38945: 37945 38947 37945) (0.058866 s)
>> 85483 (52465: 52215 52477 52215) (0.058377 s)
>> 124872 (49941: 49214 49934 49214) (0.058158 s)
>> 118893 (50889: 48880 50894 48880) (0.057803 s)
>> 126428 (56153: 51153 56147 51153) (0.058305 s)
>> 84103 (3747: 262 3734 262) (0.057342 s)
>> 81738 (5932: 3682 5944 3682) (0.057637 s)
>> 60342 (40675: 39430 40673 39430) (0.057589 s)
>> 49281 (27328: 26828 27316 26828) (0.057542 s)
>> 47471 (42113: 41613 42110 41613) (0.057211 s)
>> 45889 (15259: 14259 15255 14259) (0.057004 s)
>> 38271 (36996: 36239 37001 36239) (0.056874 s)
>> 35682 (61188: 56938 61186 56938) (0.056668 s)
>> 25824 (46472: 45976 46471 45976) (0.056852 s)
>> 15737 (43512: 41024 43490 41024) (0.056345 s)
>> 6359 (23560: 23070 23554 23070) (0.056253 s)
>> 3291 (33483: 33233 33488 33233) (0.05603 s)
>> 0 (-1: -1 -1 -1) (0.05569 s)
Zelikovsky 1223.17 s
>> 358537 (5707: 5700 8458 2957) (1074.4 s)
>> 358093 (36952: 36961 37945 33952) (1078.78 s)
>> 347122 (12386: 12378 14142 9390) (1088.21 s)
>> 298111 (3254: 1754 3734 3272) (1086.78 s)
>> 287187 (11602: 10600 15852 11615) (1073.46 s)
>> 285230 (47349: 47603 47343 45099) (1069.63 s)
>> 276303 (29019: 29010 30276 26519) (1071.22 s)
>> 274228 (34808: 35807 34819 30058) (1051.19 s)
>> 269161 (54040: 53547 59040 54030) (1047.06 s)
>> 263863 (16839: 18590 16831 13839) (1039.54 s)
>> 260492 (17525: 17785 19275 15523) (1044.85 s)
>> 258376 (59851: 61597 59864 56601) (1026.62 s)
>> 253890 (29967: 27967 31455 29975) (1030.76 s)
>> 245546 (58007: 59507 57999 57011) (1029.45 s)
>> 245292 (40740: 38992 43490 40731) (1033.37 s)
>> 244216 (55169: 55159 56426 51919) (1022.43 s)
>> 236441 (48080: 48088 49325 47080) (1025.7 s)
>> 230867 (60209: 58709 62440 60224) (1020.14 s)
>> 229797 (57333: 58335 57322 53833) (1025.86 s)
>> 226291 (57995: 59507 60243 55745) (1019.92 s)
>> 224283 (38132: 35632 38375 38148) (1017.29 s)
>> 222443 (9100: 9108 10600 4347) (1010.87 s)
>> 215489 (51164: 49664 55159 51153) (1019.17 s)
>> 197727 (6437: 6431 7437 5944) (1021.58 s)
>> 189077 (17791: 18053 21541 17785) (1023.08 s)
>> 189051 (12913: 12907 13667 10413) (923.762 s)
>> 188634 (7645: 7652 12378 5395) (787.464 s)
>> 181438 (21122: 20122 21371 21127) (791.178 s)
>> 180494 (39837: 41337 39842 35086) (794.06 s)
>> 174425 (38674: 36674 39430 38665) (798.889 s)
>> 174041 (13009: 12006 14259 13268) (803.746 s)
>> 166557 (50263: 52513 50252 50021) (800.68 s)
>> 162344 (44713: 46210 44719 40463) (799.633 s)
>> 160672 (58928: 57678 61186 58912) (801.451 s)
>> 159780 (26066: 25068 27316 26061) (804.562 s)
>> 155677 (20570: 20562 23070 20327) (802.723 s)
>> 155116 (44855: 43105 47603 44861) (805.039 s)
>> 151277 (18987: 18994 24487 18236) (804.459 s)
>> 137836 (31131: 31881 31118 30634) (800.346 s)
>> 135159 (53013: 52513 59507 53020) (800.975 s)
>> 135056 (11623: 11373 9108 7652) (799.069 s)
>> 130872 (32882: 31881 35632 32901) (800.928 s)
>> 130363 (6032: 6027 6538 4532) (804.556 s)
>> 129582 (40124: 31881 42374 40116) (803.192 s)
>> 126118 (14704: 14703 16204 5700) (809.666 s)
>> 125763 (27135: 26385 31881 27150) (810.03 s)
>> 122349 (21359: 20859 22104 20122) (816.927 s)
>> 117974 (46574: 45574 48088 46567) (815.069 s)
>> 114068 (27655: 28155 27658 26385) (815.453 s)
>> 111576 (37492: 37496 38992 36239) (811.557 s)
>> 107021 (22439: 22435 25940 18939) (810.674 s)
>> 106402 (48894: 50894 48880 45399) (813.492 s)
>> 104411 (9998: 10998 10000 8747) (820.369 s)
>> 103820 (56928: 49664 57678 56938) (818.342 s)
>> 100822 (36048: 37298 36039 35807) (820.835 s)
>> 99446 (39697: 38947 41949 39692) (820.265 s)
>> 98934 (31670: 31672 35420 28666) (821.041 s)
>> 94984 (884: 637 4141 870) (819.587 s)
>> 88448 (15236: 14735 18994 15255) (818.801 s)
>> 87385 (3282: 3034 6027 1754) (810.208 s)
>> 85483 (52465: 52215 54962 52477) (854.967 s)
>> 68346 (34024: 34279 34017 29010) (1161.61 s)
>> 65025 (8549: 8045 10799 8564) (1119.29 s)
>> 61485 (53305: 52805 54565 53547) (1129.08 s)
>> 60342 (40675: 40673 42925 36674) (1010.51 s)
>> 59688 (5696: 6431 14703 4946) (1012.02 s)
>> 55218 (23385: 23388 28155 20859) (887.961 s)
>> 49392 (43766: 44266 43762 41024) (910.922 s)
>> 113936 (48271: 52513 48281 44266) (1134.37 s)
>> 46882 (56154: 56147 57904 49664) (1088.65 s)
>> 46530 (33489: 33488 37496 32491) (1096.15 s)
>> 39864 (48093: 48595 45574 43105) (943.982 s)
>> 34814 (27660: 23388 31672 24910) (1109.4 s)
>> 34352 (11800: 11802 17050 8045) (1199.17 s)
>> 33937 (16391: 16387 16643 11373) (1223.08 s)
>> 25824 (46472: 46972 46471 45976) (1238.47 s)
>> 24244 (34287: 33037 37298 34279) (1159.8 s)
>> 15814 (25716: 25466 27967 25698) (1092.2 s)
>> 12104 (4341: 5091 16387 2323) (1192.45 s)
>> 8090 (51434: 51683 51441 49934) (1353.96 s)
>> 5800 (23544: 23794 23554 18053) (1126.53 s)
>> 3863 (54572: 58335 52805 48595) (1068.26 s)
>> 3291 (33483: 33233 34482 33488) (994.366 s)
>> 3096 (46464: 46210 49214 46972) (920.206 s)
>> 0 (-1: -1 -1 -1) (1021.92 s)
Zelikovsky- 81480.9 s
>>> get_solution
  refine_solution: new weight 116295331 (was 116357751) in 0.022613 s
  refine_solution: new weight 116295331 (was 116295331) in 0.022106 s
>>> get_solution
  refine_solution: new weight 125936100 (was 126098840) in 0.023574 s
  refine_solution: new weight 125936100 (was 125936100) in 0.02066 s
8,,62412,124359,242,,966,0,,126098840,125936100,121057772,116357751,116295331,,108901,2,@@

  handle_small_Steiner_degrees: steiner 0, suppress 0 in 8e-05 s
Starting round 9
Found 52 isolated vertices
Invalid ratios recomputed: 953
Best ratio is 120918/1 (120918.0), centered at 17050
Finding the best star... Star with 2 terminals centered in 18053
round took: 0.15695 s
|V| = 62460, |E| = 124356, |R| = 241
>> 358537 (5707: 2957 5700 2957) (0.08245 s)
>> 358093 (36952: 33952 36961 33952) (0.07887 s)
>> 347122 (12386: 9390 12378 9390) (0.071876 s)
>> 298111 (3254: 1754 3272 1754) (0.074757 s)
>> 287187 (11602: 10600 11615 10600) (0.066549 s)
>> 285230 (47349: 45099 47343 45099) (0.066826 s)
>> 279675 (29967: 27967 29975 27967) (0.076022 s)
>> 276303 (29019: 26519 29010 26519) (0.073452 s)
>> 274228 (34808: 30058 34819 30058) (0.076295 s)
>> 269161 (54040: 53547 54030 53547) (0.074486 s)
>> 263863 (16839: 13839 16831 13839) (0.074513 s)
>> 260492 (17525: 15523 17785 15523) (0.071378 s)
>> 258376 (59851: 56601 59864 56601) (0.0799 s)
>> 248797 (48080: 47080 48088 47080) (0.076433 s)
>> 248604 (41960: 40463 41949 40463) (0.069599 s)
>> 245546 (58007: 57011 57999 57011) (0.073231 s)
>> 245292 (40740: 38992 40731 38992) (0.073149 s)
>> 244216 (55169: 51919 55159 51919) (0.078543 s)
>> 279551 (58928: 57678 58912 57678) (0.078462 s)
>> 243818 (57315: 54565 57322 54565) (0.078986 s)
>> 230867 (60209: 58709 60224 58709) (0.087162 s)
>> 224283 (38132: 35632 38148 35632) (0.089069 s)
>> 381620 (45380: 42629 45399 42629) (0.087669 s)
>> 266943 (31875: 31118 31881 31118) (0.074562 s)
>> 213676 (50575: 49325 50556 49325) (0.070766 s)
>> 206043 (19291: 18053 19275 18053) (0.070268 s)
>> 199453 (7671: 7437 7652 7437) (0.084933 s)
>> 189051 (12913: 10413 12907 10413) (0.070743 s)
>> 181438 (21122: 20122 21127 20122) (0.074523 s)
>> 180494 (39837: 35086 39842 35086) (0.077148 s)
>> 174605 (25701: 25466 25698 25466) (0.078393 s)
>> 174425 (38674: 36674 38665 36674) (0.079518 s)
>> 174041 (13009: 12006 13268 12006) (0.069422 s)
>> 192760 (14748: 10998 14735 10998) (0.077227 s)
>> 171031 (52502: 50252 52513 50252) (0.078225 s)
>> 169878 (34026: 30276 34017 30276) (0.074548 s)
>> 161256 (4341: 2323 4347 2323) (0.068114 s)
>> 159780 (26066: 25068 26061 25068) (0.079183 s)
>> 155677 (20570: 20327 20562 20327) (0.069127 s)
>> 322598 (14689: 13667 14703 13667) (0.072241 s)
>> 155116 (44855: 43105 44861 43105) (0.070566 s)
>> 153854 (48271: 44266 48281 44266) (0.069484 s)
>> 151277 (18987: 18236 18994 18236) (0.072296 s)
>> 150801 (28151: 27150 28155 27150) (0.070105 s)
>> 189444 (32920: 31672 32901 31672) (0.069364 s)
>> 143334 (46219: 44719 46210 44719) (0.064962 s)
>> 141662 (59495: 55745 59507 55745) (0.068361 s)
>> 137068 (55335: 53833 55344 53833) (0.071606 s)
>> 398060 (60835: 58335 60809 58335) (0.073213 s)
>> 130363 (6032: 4532 6027 4532) (0.084095 s)
>> 129582 (40124: 38375 40116 38375) (0.070066 s)
>> 129519 (24935: 22435 24910 22435) (0.070408 s)
>> 122861 (19887: 16387 19876 16387) (0.071778 s)
>> 122349 (21359: 20859 21371 20859) (0.07802 s)
>> 101813 (14143: 12646 14142 12646) (0.07175 s)
>> 275294 (18602: 15852 18590 15852) (0.064551 s)
>> 162241 (5358: 1617 5091 1617) (0.075907 s)
>> 100822 (36048: 35807 36039 35807) (0.067429 s)
>> 94984 (884: 637 870 637) (0.066477 s)
>> 93069 (56433: 51683 56426 51683) (0.071849 s)
>> 91996 (32488: 24487 32491 24487) (0.083542 s)
>> 86130 (38945: 37945 38947 37945) (0.072591 s)
>> 85483 (52465: 52215 52477 52215) (0.06778 s)
>> 124872 (49941: 49214 49934 49214) (0.073328 s)
>> 118893 (50889: 48880 50894 48880) (0.065917 s)
>> 126428 (56153: 51153 56147 51153) (0.05947 s)
>> 81738 (5932: 3682 5944 3682) (0.062769 s)
>> 65025 (8549: 8045 8564 8045) (0.063685 s)
>> 63791 (15259: 14259 15255 14259) (0.063205 s)
>> 127751 (3747: 262 3734 262) (0.070439 s)
>> 60342 (40675: 39430 40673 39430) (0.06763 s)
>> 49281 (27328: 26828 27316 26828) (0.080173 s)
>> 47471 (42113: 41613 42110 41613) (0.070764 s)
>> 38271 (36996: 36239 37001 36239) (0.080153 s)
>> 35682 (61188: 56938 61186 56938) (0.072094 s)
>> 25824 (46472: 45976 46471 45976) (0.067891 s)
>> 15737 (43512: 41024 43490 41024) (0.069171 s)
>> 6359 (23560: 23070 23554 23070) (0.064977 s)
>> 3291 (33483: 33233 33488 33233) (0.069964 s)
>> 0 (-1: -1 -1 -1) (0.066323 s)
Zelikovsky 1138.48 s
>> 358537 (5707: 5700 8458 2957) (1391 s)
>> 358093 (36952: 36961 37945 33952) (1247.21 s)
>> 347122 (12386: 12378 14142 9390) (1216.11 s)
>> 298111 (3254: 1754 3734 3272) (1140.64 s)
>> 287187 (11602: 10600 15852 11615) (1429.33 s)
>> 285230 (47349: 47603 47343 45099) (1655.05 s)
>> 276303 (29019: 29010 30276 26519) (1268.62 s)
>> 274228 (34808: 35807 34819 30058) (1577.35 s)
>> 269161 (54040: 53547 59040 54030) (1324.05 s)
>> 263863 (16839: 18590 16831 13839) (967.48 s)
>> 260492 (17525: 17785 19275 15523) (1028.58 s)
>> 258376 (59851: 61597 59864 56601) (942.877 s)
>> 253890 (29967: 27967 31455 29975) (1001.81 s)
>> 245546 (58007: 59507 57999 57011) (1213.42 s)
>> 245292 (40740: 38992 43490 40731) (1223.38 s)
>> 244216 (55169: 55159 56426 51919) (950.92 s)
>> 236441 (48080: 48088 49325 47080) (990.51 s)
>> 230867 (60209: 58709 62440 60224) (1082.54 s)
>> 229797 (57333: 58335 57322 53833) (1247.48 s)
>> 226291 (57995: 59507 60243 55745) (1307.86 s)
>> 224283 (38132: 35632 38375 38148) (1526.7 s)
>> 222443 (9100: 9108 10600 4347) (992.573 s)
>> 215489 (51164: 49664 55159 51153) (1334.82 s)
>> 197727 (6437: 6431 7437 5944) (1324.88 s)
>> 189051 (12913: 12907 13667 10413) (1660.27 s)
>> 188634 (7645: 7652 12378 5395) (1309.63 s)
>> 181438 (21122: 20122 21371 21127) (1159.71 s)
>> 180494 (39837: 41337 39842 35086) (979.008 s)
>> 174425 (38674: 36674 39430 38665) (1062.25 s)
>> 174041 (13009: 12006 14259 13268) (1183.95 s)
>> 166557 (50263: 52513 50252 50021) (1007.94 s)
>> 162344 (44713: 46210 44719 40463) (929.663 s)
>> 160672 (58928: 57678 61186 58912) (1153.98 s)
>> 159780 (26066: 25068 27316 26061) (1720 s)
>> 155677 (20570: 20562 23070 20327) (1259.3 s)
>> 155116 (44855: 43105 47603 44861) (1366.89 s)
>> 154725 (17791: 18053 21541 17785) (1456.14 s)
>> 151277 (18987: 18994 24487 18236) (937.22 s)
>> 137836 (31131: 31881 31118 30634) (1097.59 s)
>> 135159 (53013: 52513 59507 53020) (934.703 s)
>> 135056 (11623: 11373 9108 7652) (996.556 s)
>> 130872 (32882: 31881 35632 32901) (990.061 s)
>> 130363 (6032: 6027 6538 4532) (978.192 s)
>> 129582 (40124: 31881 42374 40116) (1053.11 s)
>> 126118 (14704: 14703 16204 5700) (1401.47 s)
>> 125763 (27135: 26385 31881 27150) (1280.39 s)
>> 122349 (21359: 20859 22104 20122) (1146.51 s)
>> 117974 (46574: 45574 48088 46567) (1256.05 s)
>> 114068 (27655: 28155 27658 26385) (1257.4 s)
>> 111576 (37492: 37496 38992 36239) (1135.79 s)
>> 107021 (22439: 22435 25940 18939) (1020.15 s)
>> 106402 (48894: 50894 48880 45399) (1024.91 s)
>> 104411 (9998: 10998 10000 8747) (982.722 s)
>> 103820 (56928: 49664 57678 56938) (996.267 s)
>> 100822 (36048: 37298 36039 35807) (1026.82 s)
>> 99446 (39697: 38947 41949 39692) (1288.48 s)
>> 98934 (31670: 31672 35420 28666) (1078.43 s)
>> 94984 (884: 637 4141 870) (953.508 s)
>> 88448 (15236: 14735 18994 15255) (1017.15 s)
>> 87385 (3282: 3034 6027 1754) (931.169 s)
>> 85483 (52465: 52215 54962 52477) (1049.49 s)
>> 68346 (34024: 34279 34017 29010) (942.879 s)
>> 65025 (8549: 8045 10799 8564) (1017.13 s)
>> 61485 (53305: 52805 54565 53547) (1026.38 s)
>> 60342 (40675: 40673 42925 36674) (1016.84 s)
>> 59688 (5696: 6431 14703 4946) (973.303 s)
>> 55218 (23385: 23388 28155 20859) (1039.47 s)
>> 49392 (43766: 44266 43762 41024) (1024.49 s)
>> 113936 (48271: 52513 48281 44266) (1309.75 s)
>> 46882 (56154: 56147 57904 49664) (1280.62 s)
>> 46530 (33489: 33488 37496 32491) (1011.25 s)
>> 39864 (48093: 48595 45574 43105) (1050.54 s)
>> 34814 (27660: 23388 31672 24910) (1335.01 s)
>> 34352 (11800: 11802 18053 8045) (1312.87 s)
>> 33937 (16391: 16387 16643 11373) (1173.38 s)
>> 25824 (46472: 46972 46471 45976) (1284.29 s)
>> 24244 (34287: 33037 37298 34279) (1285.16 s)
>> 15814 (25716: 25466 27967 25698) (1110.3 s)
>> 12104 (4341: 5091 16387 2323) (1020.22 s)
>> 8090 (51434: 51683 51441 49934) (964.448 s)
>> 5800 (23544: 23794 23554 11802) (746.064 s)
>> 3863 (54572: 58335 52805 48595) (1027.38 s)
>> 3291 (33483: 33233 34482 33488) (1003.92 s)
>> 3096 (46464: 46210 49214 46972) (1120.41 s)
>> 0 (-1: -1 -1 -1) (1296.92 s)
Zelikovsky- 97842.7 s
>>> get_solution
  refine_solution: new weight 116295331 (was 116357751) in 0.028436 s
  refine_solution: new weight 116295331 (was 116295331) in 0.029056 s
>>> get_solution
  refine_solution: new weight 125901748 (was 126064488) in 0.032847 s
  refine_solution: new weight 125901748 (was 125901748) in 0.034649 s
9,,62408,124356,241,,953,0,,126064488,125901748,121013782,116357751,116295331,,120918,2,@@

  handle_small_Steiner_degrees: steiner 0, suppress 0 in 0.000184 s
Starting round 10
contract_till_the_bitter_end interrupted
contract_till_the_bitter_end: 796235 s

Calling end_heu
>>> get_solution
Saved weight 0
end_heu: 0 loops with 0 unique solutions in 0.002803 s

Calling print_solution
>>> get_solution
  refine_solution: new weight 125901748 (was 126064488) in 0.034284 s
Oops orig weight was 126064488 but we got 125901748
## FINAL WEIGHT 125901748
print_solution: 0.057935 s
