Version: final-94-gfffc3aa rub_all.sh: remove longest prefix
Random seed: 1554704504
Start
>>> save_orig_graph
>> Saved weight 0
Graph loaded
|V| = 62501, |E| = 124500, |R| = 250
First clearance of the input. Calling buy_zero and run_all_heuristics.
  buy_zero: 0 zero edges in 0.000804 s
  handle_small_terminal_degrees: terms 0 in 0.0001 s
  handle_small_Steiner_degrees: steiner 0, suppress 4 in 0.000141 s
  shortest_edge_between_terminals: 0 edges in 3.4e-05 s
  handle_small_terminal_degrees: terms 0 in 9.5e-05 s
  handle_small_Steiner_degrees: steiner 0, suppress 0 in 0.000133 s
  shortest_edge_between_terminals: 0 edges in 1e-05 s
Compressed graph 62501 -> 62496
  delete_edges: deleted 4 edges in 0.004395 s and 1 rounds
  handle_small_terminal_degrees: terms 0 in 9.9e-05 s
  handle_small_Steiner_degrees: steiner 0, suppress 8 in 0.00014 s
  shortest_edge_between_terminals: 0 edges in 2.5e-05 s
  handle_small_terminal_degrees: terms 0 in 9.5e-05 s
  handle_small_Steiner_degrees: steiner 0, suppress 0 in 0.000133 s
  shortest_edge_between_terminals: 0 edges in 1e-05 s
Compressed graph 62496 -> 62488
  delete_edges_shortest_path: deleted 8 edges in 1.21178 s
  handle_small_terminal_degrees: terms 0 in 9.8e-05 s
  handle_small_Steiner_degrees: steiner 0, suppress 12 in 0.000148 s
  shortest_edge_between_terminals: 0 edges in 3.7e-05 s
  handle_small_terminal_degrees: terms 0 in 9.6e-05 s
  handle_small_Steiner_degrees: steiner 0, suppress 0 in 0.000136 s
  shortest_edge_between_terminals: 0 edges in 1e-05 s
Compressed graph 62488 -> 62476
  handle_small_terminal_degrees: terms 0 in 9.9e-05 s
  handle_small_Steiner_degrees: steiner 0, suppress 0 in 0.000108 s
  shortest_edge_between_terminals: 0 edges in 7.2e-05 s
Compressed graph 62476 -> 62476
  delete_edges_shortest_path: deleted 12 edges in 1.21774 s
  handle_small_terminal_degrees: terms 0 in 9.7e-05 s
  handle_small_Steiner_degrees: steiner 0, suppress 16 in 0.000158 s
  shortest_edge_between_terminals: 0 edges in 6.3e-05 s
  handle_small_terminal_degrees: terms 0 in 9.1e-05 s
  handle_small_Steiner_degrees: steiner 0, suppress 0 in 0.000135 s
  shortest_edge_between_terminals: 0 edges in 1.2e-05 s
Compressed graph 62476 -> 62460
Compressed graph 62460 -> 62460
>>> save_orig_graph
>> Saved weight 0
### ZEL_LVL=9 PRECISE_STARS=0

Calling `contract_till_the_bitter_end`
|V| = 62460, |E| = 124436, |R| = 250
>> 496991 (17749: 14499 17768 14499) (0.08377 s)
>> 457838 (51421: 50171 51433 50171) (0.084289 s)
>> 389658 (57346: 53846 57333 53846) (0.083229 s)
>> 377379 (44950: 43440 44962 43440) (0.083381 s)
>> 363859 (42002: 41012 41994 41012) (0.082504 s)
>> 426846 (52159: 49159 52163 49159) (0.079481 s)
>> 330635 (19152: 18894 19161 18894) (0.079364 s)
>> 338958 (8416: 6167 8406 6167) (0.079604 s)
>> 304936 (25774: 22774 25766 22774) (0.08078 s)
>> 299477 (21485: 18232 21493 18232) (0.080435 s)
>> 288450 (17080: 15834 17074 15834) (0.080905 s)
>> 283284 (12455: 11205 12464 11205) (0.081387 s)
>> 277902 (22307: 20802 22326 20802) (0.081099 s)
>> 257212 (44106: 42849 44116 42849) (0.081171 s)
>> 254886 (54944: 53196 54935 53196) (0.080783 s)
>> 250552 (9568: 7568 9558 7568) (0.08061 s)
>> 274152 (14072: 11572 14088 11572) (0.081892 s)
>> 276767 (16613: 14363 16620 14363) (0.081511 s)
>> 250504 (30460: 29954 30467 29954) (0.083289 s)
>> 248950 (23902: 22652 23895 22652) (0.083141 s)
>> 244159 (52372: 51631 52369 51631) (0.082842 s)
>> 241151 (45407: 45147 45415 45147) (0.082385 s)
>> 240619 (39422: 37172 39431 37172) (0.08207 s)
>> 238696 (47709: 47473 47700 47473) (0.082506 s)
>> 238632 (57569: 55570 57562 55570) (0.084728 s)
>> 299204 (48786: 45786 48796 45786) (0.082969 s)
>> 238335 (59148: 54648 59160 54648) (0.083595 s)
>> 233303 (10114: 7364 10127 7364) (0.082436 s)
>> 227499 (16936: 13686 16925 13686) (0.083516 s)
>> 224366 (10927: 9427 10916 9427) (0.084005 s)
>> 224106 (4211: 1461 4226 1461) (0.083693 s)
>> 208459 (36283: 34533 36289 34533) (0.08293 s)
>> 203742 (57959: 49459 57963 49459) (0.083195 s)
>> 187667 (35382: 32382 35400 32382) (0.083286 s)
>> 186884 (61035: 58281 61069 58281) (0.083252 s)
>> 175859 (55778: 54029 55764 54029) (0.081927 s)
>> 174667 (47860: 46610 47851 46610) (0.082223 s)
>> 171246 (58872: 55122 58868 55122) (0.080578 s)
>> 169809 (27420: 24920 27424 24920) (0.080387 s)
>> 168735 (19875: 19633 19858 19633) (0.08154 s)
>> 166984 (24707: 24452 24716 24452) (0.08115 s)
>> 164705 (9738: 8986 9767 8986) (0.081064 s)
>> 162805 (54239: 53242 54234 53242) (0.081646 s)
>> 153748 (6590: 5593 6587 5593) (0.08111 s)
>> 151537 (48001: 46750 48015 46750) (0.081055 s)
>> 256035 (50256: 48501 50272 48501) (0.080692 s)
>> 141984 (3139: 2871 3143 2871) (0.080769 s)
>> 140705 (15219: 13219 15206 13219) (0.081471 s)
>> 137148 (21176: 20426 21178 20426) (0.082369 s)
>> 135498 (29373: 28628 29361 28628) (0.082124 s)
>> 127961 (33997: 33247 34003 33247) (0.08102 s)
>> 125103 (5357: 3357 5359 3357) (0.080615 s)
>> 125095 (7889: 5139 7892 5139) (0.073732 s)
>> 114752 (1521: 280 1537 280) (0.082666 s)
>> 113422 (51095: 49615 51089 49615) (0.082318 s)
>> 110146 (40154: 39651 40158 39651) (0.083184 s)
>> 106976 (43182: 41682 43179 41682) (0.082034 s)
>> 106189 (2056: 1803 2061 1803) (0.081459 s)
>> 101912 (19447: 13951 19441 13951) (0.081687 s)
>> 96450 (21831: 21330 21842 21330) (0.082702 s)
>> 94392 (15391: 12891 15399 12891) (0.082842 s)
>> 93256 (4540: 3538 4542 3538) (0.071506 s)
>> 92112 (28297: 27797 28293 27797) (0.083693 s)
>> 85444 (38566: 37815 38578 37815) (0.084627 s)
>> 134627 (40560: 38310 40566 38310) (0.082524 s)
>> 103767 (26991: 25513 26985 25513) (0.081217 s)
>> 141688 (14776: 10526 14817 10526) (0.080591 s)
>> 91615 (4306: 2306 4335 2306) (0.081748 s)
>> 81561 (31814: 28071 31813 28071) (0.079508 s)
>> 64179 (39938: 38939 39934 38939) (0.079685 s)
>> 62379 (58694: 58194 58703 58194) (0.079346 s)
>> 53217 (36760: 33755 36777 33755) (0.080267 s)
>> 52441 (30044: 29041 30051 29041) (0.079251 s)
>> 49012 (32554: 31554 32544 31554) (0.07827 s)
>> 60267 (26284: 25045 26280 25045) (0.077377 s)
>> 48162 (46475: 41974 46477 41974) (0.077554 s)
>> 44402 (56009: 55259 56011 55259) (0.07723 s)
>> 36234 (60245: 59258 60240 59258) (0.076676 s)
>> 35871 (61884: 59646 61882 59646) (0.079277 s)
>> 17439 (26050: 25307 26048 25307) (0.077646 s)
>> 3183 (42404: 40904 42379 40904) (0.075965 s)
>> 0 (-1: -1 -1 -1) (0.075871 s)
Zelikovsky 1099.07 s
>> 496991 (17749: 14499 21493 17768) (835.509 s)
>> 457838 (51421: 50171 52163 51433) (947.871 s)
>> 389658 (57346: 53846 60603 57333) (869.392 s)
>> 377379 (44950: 44962 47700 43440) (983.753 s)
>> 363859 (42002: 41994 44252 41012) (1295.78 s)
>> 330635 (19152: 18894 22652 19161) (959.266 s)
>> 328488 (9417: 9427 10916 6167) (873.105 s)
>> 304936 (25774: 26280 25766 22774) (1011.19 s)
>> 288450 (17080: 17074 21330 15834) (1101.59 s)
>> 283284 (12455: 11205 13449 12464) (1065.56 s)
>> 277902 (22307: 20802 25307 22326) (1040.96 s)
>> 268544 (44974: 46477 44962 41974) (973.68 s)
>> 257212 (44106: 45606 44116 42849) (1195.74 s)
>> 254886 (54944: 53196 58194 54935) (1382.86 s)
>> 250552 (9568: 7568 11572 9558) (1133.49 s)
>> 250504 (30460: 33210 30467 29954) (1366.77 s)
>> 248950 (23902: 18894 27655 23895) (1114.1 s)
>> 247301 (7205: 5948 11205 7229) (1008.02 s)
>> 244159 (52372: 51631 55122 52369) (1051.3 s)
>> 242389 (22330: 23081 20802 17074) (901.64 s)
>> 241151 (45407: 47157 45415 45147) (1362.47 s)
>> 240619 (39422: 37172 40412 39431) (1338.86 s)
>> 238632 (57569: 55570 61069 57562) (1411.1 s)
>> 238335 (59148: 59646 59160 54648) (1238.21 s)
>> 227499 (16936: 19441 16925 13686) (1284.96 s)
>> 208459 (36283: 36289 36777 34533) (1398.4 s)
>> 199029 (6359: 7364 6354 5359) (1347.79 s)
>> 198222 (9540: 8040 10526 7568) (1374.79 s)
>> 187667 (35382: 36626 35400 32382) (1222.18 s)
>> 185425 (48786: 48796 50272 45786) (2745.92 s)
>> 180813 (16269: 14499 16275 11269) (2156.18 s)
>> 178150 (16613: 14363 19858 16620) (1026.9 s)
>> 174667 (47860: 46610 49615 47851) (980.255 s)
>> 166984 (24707: 26957 24716 24452) (1056.13 s)
>> 162805 (54239: 56239 54234 53242) (1066.68 s)
>> 153748 (6590: 5593 8840 6587) (1027.4 s)
>> 151537 (48001: 48501 48015 46750) (997.577 s)
>> 143279 (58285: 58281 62026 55570) (887.715 s)
>> 141984 (3139: 3143 5139 2871) (897.979 s)
>> 135498 (29373: 31123 29361 28628) (1005.9 s)
>> 127961 (33997: 34746 34003 33247) (957.63 s)
>> 125103 (3359: 3357 7364 3143) (892.173 s)
>> 125095 (7889: 7892 8630 3357) (712.801 s)
>> 117062 (14822: 14817 23081 8040) (992.488 s)
>> 114752 (1521: 280 2504 1537) (1020.06 s)
>> 113184 (55778: 54029 57028 55764) (963.927 s)
>> 110146 (40154: 40158 40904 39651) (937.976 s)
>> 106976 (43182: 43179 43688 41682) (1014.75 s)
>> 106806 (45419: 46169 47157 43179) (1060.07 s)
>> 106189 (2056: 2306 2061 1803) (1081.89 s)
>> 98672 (39434: 39934 38939 37172) (1044.83 s)
>> 96605 (15838: 14088 17602 14817) (1154.09 s)
>> 95268 (23092: 23344 21842 14088) (1136.36 s)
>> 95242 (9430: 9427 11930 6937) (970.95 s)
>> 93256 (4540: 4542 23344 3538) (832.648 s)
>> 92223 (58713: 57963 59970 58703) (1064.7 s)
>> 92112 (28297: 27797 30051 28293) (884.795 s)
>> 89534 (53256: 51756 56239 55259) (769.246 s)
>> 85865 (36314: 37815 36289 34314) (766.989 s)
>> 81860 (40560: 40566 41309 38310) (764.734 s)
>> 79799 (37328: 38578 37336 35827) (767.501 s)
>> 76165 (1788: 280 4542 2306) (765.866 s)
>> 71577 (50006: 48501 51756 48796) (768.398 s)
>> 67113 (52365: 51631 52595 46610) (776.361 s)
>> 66120 (31814: 31813 37815 28071) (777.388 s)
>> 62379 (58694: 53196 60192 57963) (779.065 s)
>> 53521 (23877: 23625 31123 18894) (780.37 s)
>> 53217 (36510: 38010 34746 31813) (789.147 s)
>> 50278 (17383: 17385 19633 14363) (796.628 s)
>> 49012 (32554: 32805 32544 31554) (816.134 s)
>> 44402 (56009: 48501 59258 56011) (816.375 s)
>> 41071 (24924: 24920 27424 21178) (816.765 s)
>> 36234 (60740: 60240 61230 60745) (817.356 s)
>> 35871 (61884: 61882 62372 59646) (815.786 s)
>> 34691 (28782: 29532 28784 26280) (815.372 s)
>> 34499 (18675: 18673 20426 19441) (814.513 s)
>> 33368 (10269: 10270 14499 9767) (817.596 s)
>> 33069 (25048: 26048 25045 280) (816.182 s)
>> 32908 (18887: 20137 23625 17385) (815.981 s)
>> 29114 (38945: 39195 39934 36208) (819.134 s)
>> 25883 (31997: 31998 38010 31241) (819.743 s)
>> 25260 (47475: 47473 48475 46477) (816.735 s)
>> 23807 (621: 133 7892 609) (818.091 s)
>> 20108 (6164: 9427 8406 1164) (818.138 s)
>> 17439 (26548: 26550 27797 26048) (817.876 s)
>> 10699 (28791: 29041 29532 26550) (817.784 s)
>> 4230 (1465: 966 4226 1461) (817.807 s)
>> 3037 (44502: 41994 48501 44507) (818.351 s)
>> 2376 (53596: 53597 53846 51631) (819.201 s)
>> 0 (-1: -1 -1 -1) (819.185 s)
Zelikovsky- 90128.3 s
>>> get_solution
  refine_solution: new weight 119457018 (was 119457018) in 0.022686 s
>>> get_solution
  refine_solution: new weight 130006827 (was 130269460) in 0.023462 s
  refine_solution: new weight 130006827 (was 130006827) in 0.024209 s
0,,62460,124436,250,,0,0,,130269460,130006827,122375238,119457018,119457018,,0,0,@@

  delete_edges: deleted 16 edges in 0.006947 s and 2 rounds
  handle_small_Steiner_degrees: steiner 0, suppress 19 in 0.000113 s
Starting round 1
Found 19 isolated vertices
Invalid ratios recomputed: 62441
Best ratio is 57920/1 (57920.0), centered at 17981
Finding the best star... Star with 2 terminals centered in 18232
round took: 6.10304 s
|V| = 62460, |E| = 124398, |R| = 249
>> 496991 (17749: 14499 17768 14499) (0.063852 s)
>> 457838 (51421: 50171 51433 50171) (0.064532 s)
>> 389658 (57346: 53846 57333 53846) (0.064003 s)
>> 377379 (44950: 43440 44962 43440) (0.064143 s)
>> 363859 (42002: 41012 41994 41012) (0.063967 s)
>> 426846 (52159: 49159 52163 49159) (0.061372 s)
>> 330635 (19152: 18894 19161 18894) (0.061325 s)
>> 338958 (8416: 6167 8406 6167) (0.061523 s)
>> 304936 (25774: 22774 25766 22774) (0.062016 s)
>> 299477 (21485: 18232 21493 18232) (0.062375 s)
>> 288450 (17080: 15834 17074 15834) (0.06212 s)
>> 283284 (12455: 11205 12464 11205) (0.06211 s)
>> 277902 (22307: 20802 22326 20802) (0.062434 s)
>> 257212 (44106: 42849 44116 42849) (0.062884 s)
>> 254886 (54944: 53196 54935 53196) (0.063531 s)
>> 250552 (9568: 7568 9558 7568) (0.062812 s)
>> 274152 (14072: 11572 14088 11572) (0.06338 s)
>> 276767 (16613: 14363 16620 14363) (0.063511 s)
>> 250504 (30460: 29954 30467 29954) (0.063236 s)
>> 248950 (23902: 22652 23895 22652) (0.063427 s)
>> 244159 (52372: 51631 52369 51631) (0.063618 s)
>> 241151 (45407: 45147 45415 45147) (0.063312 s)
>> 240619 (39422: 37172 39431 37172) (0.063328 s)
>> 238696 (47709: 47473 47700 47473) (0.063379 s)
>> 238632 (57569: 55570 57562 55570) (0.063031 s)
>> 299204 (48786: 45786 48796 45786) (0.062882 s)
>> 238335 (59148: 54648 59160 54648) (0.063861 s)
>> 233303 (10114: 7364 10127 7364) (0.062858 s)
>> 227499 (16936: 13686 16925 13686) (0.062948 s)
>> 224366 (10927: 9427 10916 9427) (0.062685 s)
>> 224106 (4211: 1461 4226 1461) (0.062507 s)
>> 208459 (36283: 34533 36289 34533) (0.062073 s)
>> 203742 (57959: 49459 57963 49459) (0.062029 s)
>> 187667 (35382: 32382 35400 32382) (0.061944 s)
>> 186884 (61035: 58281 61069 58281) (0.061965 s)
>> 175859 (55778: 54029 55764 54029) (0.062365 s)
>> 174667 (47860: 46610 47851 46610) (0.061719 s)
>> 171246 (58872: 55122 58868 55122) (0.061604 s)
>> 169809 (27420: 24920 27424 24920) (0.061562 s)
>> 168735 (19875: 19633 19858 19633) (0.06223 s)
>> 166984 (24707: 24452 24716 24452) (0.061725 s)
>> 164705 (9738: 8986 9767 8986) (0.061292 s)
>> 162805 (54239: 53242 54234 53242) (0.061273 s)
>> 153748 (6590: 5593 6587 5593) (0.061144 s)
>> 151537 (48001: 46750 48015 46750) (0.061711 s)
>> 256035 (50256: 48501 50272 48501) (0.06131 s)
>> 141984 (3139: 2871 3143 2871) (0.06138 s)
>> 140705 (15219: 13219 15206 13219) (0.061269 s)
>> 137148 (21176: 20426 21178 20426) (0.06128 s)
>> 135498 (29373: 28628 29361 28628) (0.061054 s)
>> 127961 (33997: 33247 34003 33247) (0.061252 s)
>> 125103 (5357: 3357 5359 3357) (0.060933 s)
>> 125095 (7889: 5139 7892 5139) (0.061138 s)
>> 114752 (1521: 280 1537 280) (0.061368 s)
>> 113422 (51095: 49615 51089 49615) (0.06132 s)
>> 110146 (40154: 39651 40158 39651) (0.061476 s)
>> 106976 (43182: 41682 43179 41682) (0.061358 s)
>> 106189 (2056: 1803 2061 1803) (0.06111 s)
>> 101912 (19447: 13951 19441 13951) (0.061046 s)
>> 96450 (21831: 21330 21842 21330) (0.060927 s)
>> 94392 (15391: 12891 15399 12891) (0.06087 s)
>> 93256 (4540: 3538 4542 3538) (0.060203 s)
>> 92112 (28297: 27797 28293 27797) (0.060338 s)
>> 85444 (38566: 37815 38578 37815) (0.060618 s)
>> 134627 (40560: 38310 40566 38310) (0.060411 s)
>> 103767 (26991: 25513 26985 25513) (0.060338 s)
>> 231245 (14776: 10526 14817 10526) (0.059939 s)
>> 91615 (4306: 2306 4335 2306) (0.059214 s)
>> 81561 (31814: 28071 31813 28071) (0.058983 s)
>> 64179 (39938: 38939 39934 38939) (0.058797 s)
>> 62379 (58694: 58194 58703 58194) (0.058463 s)
>> 53217 (36760: 33755 36777 33755) (0.058805 s)
>> 52441 (30044: 29041 30051 29041) (0.05821 s)
>> 49012 (32554: 31554 32544 31554) (0.05792 s)
>> 60267 (26284: 25045 26280 25045) (0.057518 s)
>> 48162 (46475: 41974 46477 41974) (0.057037 s)
>> 44402 (56009: 55259 56011 55259) (0.057019 s)
>> 36234 (60245: 59258 60240 59258) (0.056667 s)
>> 35871 (61884: 59646 61882 59646) (0.056752 s)
>> 17439 (26050: 25307 26048 25307) (0.056571 s)
>> 3183 (42404: 40904 42379 40904) (0.056349 s)
>> 0 (-1: -1 -1 -1) (0.056368 s)
Zelikovsky 920.123 s
>> 496991 (17749: 14499 21493 17768) (827.056 s)
>> 457838 (51421: 50171 52163 51433) (806.727 s)
>> 389658 (57346: 53846 60603 57333) (807.158 s)
>> 377379 (44950: 44962 47700 43440) (806.612 s)
>> 363859 (42002: 41994 44252 41012) (808.967 s)
>> 330635 (19152: 18894 22652 19161) (803.985 s)
>> 328488 (9417: 9427 10916 6167) (806.966 s)
>> 304936 (25774: 26280 25766 22774) (805.826 s)
>> 288450 (17080: 17074 21330 15834) (801.789 s)
>> 283284 (12455: 11205 13449 12464) (797.344 s)
>> 277902 (22307: 20802 25307 22326) (795.937 s)
>> 268544 (44974: 46477 44962 41974) (795.243 s)
>> 257212 (44106: 45606 44116 42849) (802.296 s)
>> 254886 (54944: 53196 58194 54935) (804.184 s)
>> 250552 (9568: 7568 11572 9558) (803.536 s)
>> 250504 (30460: 33210 30467 29954) (804.704 s)
>> 248950 (23902: 18894 27655 23895) (803.684 s)
>> 247301 (7205: 5948 11205 7229) (808.011 s)
>> 244159 (52372: 51631 55122 52369) (806.842 s)
>> 242389 (22330: 23081 20802 17074) (806.428 s)
>> 241151 (45407: 47157 45415 45147) (804.357 s)
>> 240619 (39422: 37172 40412 39431) (804.231 s)
>> 238632 (57569: 55570 61069 57562) (804.104 s)
>> 238335 (59148: 59646 59160 54648) (803.822 s)
>> 227499 (16936: 19441 16925 13686) (873.274 s)
>> 208459 (36283: 36289 36777 34533) (1109.43 s)
>> 199029 (6359: 7364 6354 5359) (791.668 s)
>> 198222 (9540: 8040 10526 7568) (985.959 s)
>> 187667 (35382: 36626 35400 32382) (1086.3 s)
>> 185425 (48786: 48796 50272 45786) (1373.61 s)
>> 180813 (16269: 14499 16275 11269) (1058.31 s)
>> 178150 (16613: 14363 19858 16620) (916.86 s)
>> 174667 (47860: 46610 49615 47851) (666.883 s)
>> 166984 (24707: 26957 24716 24452) (668.485 s)
>> 162805 (54239: 56239 54234 53242) (668.478 s)
>> 153748 (6590: 5593 8840 6587) (666.847 s)
>> 151537 (48001: 48501 48015 46750) (666.436 s)
>> 143279 (58285: 58281 62026 55570) (663.645 s)
>> 141984 (3139: 3143 5139 2871) (661.451 s)
>> 135498 (29373: 31123 29361 28628) (659.648 s)
>> 127961 (33997: 34746 34003 33247) (661.262 s)
>> 125103 (3359: 3357 7364 3143) (660.252 s)
>> 125095 (7889: 7892 8630 3357) (658.887 s)
>> 117062 (14822: 14817 23081 8040) (657.563 s)
>> 114752 (1521: 280 2504 1537) (659.384 s)
>> 113184 (55778: 54029 57028 55764) (930.977 s)
>> 110146 (40154: 40158 40904 39651) (1283.65 s)
>> 106976 (43182: 43179 43688 41682) (1017.43 s)
>> 106806 (45419: 46169 47157 43179) (1025.39 s)
>> 106189 (2056: 2306 2061 1803) (1027.09 s)
>> 98672 (39434: 39934 38939 37172) (1029.71 s)
>> 96605 (15838: 14088 17602 14817) (1019.62 s)
>> 95268 (23092: 23344 21842 14088) (1016.55 s)
>> 95242 (9430: 9427 11930 6937) (1019.06 s)
>> 93256 (4540: 4542 23344 3538) (1011.07 s)
>> 92223 (58713: 57963 59970 58703) (1007.17 s)
>> 92112 (28297: 27797 30051 28293) (1006.32 s)
>> 89534 (53256: 51756 56239 55259) (1002.66 s)
>> 85865 (36314: 37815 36289 34314) (997.227 s)
>> 81860 (40560: 40566 41309 38310) (995.119 s)
>> 79799 (37328: 38578 37336 35827) (999.633 s)
>> 76165 (1788: 280 4542 2306) (996.247 s)
>> 71577 (50006: 48501 51756 48796) (1057.8 s)
>> 67113 (52365: 51631 52595 46610) (1195.18 s)
>> 66120 (31814: 31813 37815 28071) (1240.11 s)
>> 62379 (58694: 53196 60192 57963) (1120.27 s)
>> 53521 (23877: 23625 31123 18894) (1136.09 s)
>> 53217 (36510: 38010 34746 31813) (1175.73 s)
>> 50278 (17383: 17385 19633 14363) (1089.93 s)
>> 49012 (32554: 32805 32544 31554) (999.102 s)
>> 44402 (56009: 48501 59258 56011) (983.956 s)
>> 41071 (24924: 24920 27424 21178) (1570.3 s)
>> 36234 (60740: 60240 61230 60745) (1207.59 s)
>> 35871 (61884: 61882 62372 59646) (1020.4 s)
>> 34691 (28782: 29532 28784 26280) (994.451 s)
>> 34499 (18675: 18673 20426 19441) (992.996 s)
>> 33368 (10269: 10270 14499 9767) (996.501 s)
>> 33069 (25048: 26048 25045 280) (994.221 s)
>> 32908 (18887: 20137 23625 17385) (993.978 s)
>> 29114 (38945: 39195 39934 36208) (998.366 s)
>> 25883 (31997: 31998 38010 31241) (999.812 s)
>> 25260 (47475: 47473 48475 46477) (996.904 s)
>> 23807 (621: 133 7892 609) (1044.86 s)
>> 20108 (6164: 9427 8406 1164) (1032.22 s)
>> 17439 (26548: 26550 27797 26048) (941.957 s)
>> 10699 (28791: 29041 29532 26550) (977.799 s)
>> 4230 (1465: 966 4226 1461) (895.506 s)
>> 3037 (44502: 41994 48501 44507) (896.376 s)
>> 2376 (53596: 53597 53846 51631) (896.649 s)
>> 0 (-1: -1 -1 -1) (897.601 s)
Zelikovsky- 82867.3 s
>>> get_solution
  refine_solution: new weight 119457018 (was 119457018) in 0.025832 s
>>> get_solution
  refine_solution: new weight 130006827 (was 130269460) in 0.026751 s
  refine_solution: new weight 130006827 (was 130006827) in 0.027984 s
1,,62441,124398,249,,62441,0,,130269460,130006827,122375238,119457018,119457018,,57920,2,@@

  handle_small_Steiner_degrees: steiner 0, suppress 0 in 7.5e-05 s
Starting round 2
Found 21 isolated vertices
Invalid ratios recomputed: 885
Best ratio is 58288/1 (58288.0), centered at 53596
Finding the best star... Star with 2 terminals centered in 53846
round took: 0.14449 s
|V| = 62460, |E| = 124395, |R| = 248
>> 496991 (17749: 14499 17768 14499) (0.067018 s)
>> 457838 (51421: 50171 51433 50171) (0.067987 s)
>> 389658 (57346: 53846 57333 53846) (0.067091 s)
>> 377379 (44950: 43440 44962 43440) (0.066919 s)
>> 363859 (42002: 41012 41994 41012) (0.067217 s)
>> 426846 (52159: 49159 52163 49159) (0.064306 s)
>> 330635 (19152: 18894 19161 18894) (0.064059 s)
>> 338958 (8416: 6167 8406 6167) (0.064694 s)
>> 304936 (25774: 22774 25766 22774) (0.064958 s)
>> 299477 (21485: 18232 21493 18232) (0.064864 s)
>> 288450 (17080: 15834 17074 15834) (0.065353 s)
>> 283284 (12455: 11205 12464 11205) (0.06497 s)
>> 277902 (22307: 20802 22326 20802) (0.065545 s)
>> 257212 (44106: 42849 44116 42849) (0.065659 s)
>> 254886 (54944: 53196 54935 53196) (0.06545 s)
>> 250552 (9568: 7568 9558 7568) (0.065257 s)
>> 274152 (14072: 11572 14088 11572) (0.066273 s)
>> 276767 (16613: 14363 16620 14363) (0.066031 s)
>> 250504 (30460: 29954 30467 29954) (0.065809 s)
>> 248950 (23902: 22652 23895 22652) (0.066291 s)
>> 244159 (52372: 51631 52369 51631) (0.066993 s)
>> 241151 (45407: 45147 45415 45147) (0.066587 s)
>> 240619 (39422: 37172 39431 37172) (0.067059 s)
>> 238696 (47709: 47473 47700 47473) (0.066812 s)
>> 238632 (57569: 55570 57562 55570) (0.066577 s)
>> 299204 (48786: 45786 48796 45786) (0.066347 s)
>> 238335 (59148: 54648 59160 54648) (0.066252 s)
>> 233303 (10114: 7364 10127 7364) (0.065684 s)
>> 227499 (16936: 13686 16925 13686) (0.065756 s)
>> 224366 (10927: 9427 10916 9427) (0.065436 s)
>> 224106 (4211: 1461 4226 1461) (0.065139 s)
>> 208459 (36283: 34533 36289 34533) (0.065142 s)
>> 203742 (57959: 49459 57963 49459) (0.065222 s)
>> 187667 (35382: 32382 35400 32382) (0.065435 s)
>> 186884 (61035: 58281 61069 58281) (0.06577 s)
>> 175859 (55778: 54029 55764 54029) (0.065398 s)
>> 174667 (47860: 46610 47851 46610) (0.06505 s)
>> 171246 (58872: 55122 58868 55122) (0.064825 s)
>> 169809 (27420: 24920 27424 24920) (0.065105 s)
>> 168735 (19875: 19633 19858 19633) (0.065385 s)
>> 166984 (24707: 24452 24716 24452) (0.065278 s)
>> 164705 (9738: 8986 9767 8986) (0.064865 s)
>> 162805 (54239: 53242 54234 53242) (0.064592 s)
>> 153748 (6590: 5593 6587 5593) (0.064213 s)
>> 151537 (48001: 46750 48015 46750) (0.064872 s)
>> 256035 (50256: 48501 50272 48501) (0.064731 s)
>> 141984 (3139: 2871 3143 2871) (0.064873 s)
>> 140705 (15219: 13219 15206 13219) (0.065438 s)
>> 137148 (21176: 20426 21178 20426) (0.065545 s)
>> 135498 (29373: 28628 29361 28628) (0.064491 s)
>> 127961 (33997: 33247 34003 33247) (0.064452 s)
>> 125103 (5357: 3357 5359 3357) (0.06424 s)
>> 125095 (7889: 5139 7892 5139) (0.064661 s)
>> 114752 (1521: 280 1537 280) (0.064868 s)
>> 113422 (51095: 49615 51089 49615) (0.064675 s)
>> 110146 (40154: 39651 40158 39651) (0.064494 s)
>> 106976 (43182: 41682 43179 41682) (0.064441 s)
>> 106189 (2056: 1803 2061 1803) (0.0639 s)
>> 101912 (19447: 13951 19441 13951) (0.064107 s)
>> 96450 (21831: 21330 21842 21330) (0.064765 s)
>> 94392 (15391: 12891 15399 12891) (0.063843 s)
>> 93256 (4540: 3538 4542 3538) (0.063082 s)
>> 92112 (28297: 27797 28293 27797) (0.063716 s)
>> 85444 (38566: 37815 38578 37815) (0.06346 s)
>> 134627 (40560: 38310 40566 38310) (0.063121 s)
>> 103767 (26991: 25513 26985 25513) (0.063587 s)
>> 231245 (14776: 10526 14817 10526) (0.062681 s)
>> 91615 (4306: 2306 4335 2306) (0.062301 s)
>> 81561 (31814: 28071 31813 28071) (0.062424 s)
>> 64179 (39938: 38939 39934 38939) (0.062338 s)
>> 62379 (58694: 58194 58703 58194) (0.062384 s)
>> 53217 (36760: 33755 36777 33755) (0.062382 s)
>> 52441 (30044: 29041 30051 29041) (0.062115 s)
>> 49012 (32554: 31554 32544 31554) (0.062432 s)
>> 60267 (26284: 25045 26280 25045) (0.061301 s)
>> 48162 (46475: 41974 46477 41974) (0.060696 s)
>> 44402 (56009: 55259 56011 55259) (0.060512 s)
>> 36234 (60245: 59258 60240 59258) (0.060314 s)
>> 35871 (61884: 59646 61882 59646) (0.060311 s)
>> 17439 (26050: 25307 26048 25307) (0.060403 s)
>> 3183 (42404: 40904 42379 40904) (0.059794 s)
>> 0 (-1: -1 -1 -1) (0.059626 s)
Zelikovsky 1102.68 s
>> 496991 (17749: 14499 21493 17768) (970.117 s)
>> 457838 (51421: 50171 52163 51433) (954.553 s)
>> 389658 (57346: 53846 60603 57333) (853.495 s)
>> 377379 (44950: 44962 47700 43440) (810.203 s)
>> 363859 (42002: 41994 44252 41012) (808.15 s)
>> 330635 (19152: 18894 22652 19161) (805.122 s)
>> 328488 (9417: 9427 10916 6167) (805.674 s)
>> 304936 (25774: 26280 25766 22774) (940.956 s)
>> 288450 (17080: 17074 21330 15834) (1046.94 s)
>> 283284 (12455: 11205 13449 12464) (1044.79 s)
>> 277902 (22307: 20802 25307 22326) (1042.91 s)
>> 268544 (44974: 46477 44962 41974) (1043.94 s)
>> 257212 (44106: 45606 44116 42849) (833.785 s)
>> 254886 (54944: 53196 58194 54935) (806.874 s)
>> 250552 (9568: 7568 11572 9558) (804.789 s)
>> 250504 (30460: 33210 30467 29954) (807.269 s)
>> 248950 (23902: 18894 27655 23895) (803.894 s)
>> 247301 (7205: 5948 11205 7229) (810.971 s)
>> 244159 (52372: 51631 55122 52369) (808.702 s)
>> 242389 (22330: 23081 20802 17074) (809.881 s)
>> 241151 (45407: 47157 45415 45147) (804.096 s)
>> 240619 (39422: 37172 40412 39431) (806.476 s)
>> 238632 (57569: 55570 61069 57562) (805.964 s)
>> 238335 (59148: 59646 59160 54648) (806.514 s)
>> 227499 (16936: 19441 16925 13686) (803.538 s)
>> 208459 (36283: 36289 36777 34533) (806.601 s)
>> 199029 (6359: 7364 6354 5359) (803.01 s)
>> 198222 (9540: 8040 10526 7568) (804.033 s)
>> 187667 (35382: 36626 35400 32382) (795.595 s)
>> 185425 (48786: 48796 50272 45786) (802.89 s)
>> 180813 (16269: 14499 16275 11269) (795.309 s)
>> 178150 (16613: 14363 19858 16620) (793.028 s)
>> 174667 (47860: 46610 49615 47851) (791.274 s)
>> 166984 (24707: 26957 24716 24452) (795.263 s)
>> 162805 (54239: 56239 54234 53242) (858.95 s)
>> 153748 (6590: 5593 8840 6587) (1031.09 s)
>> 151537 (48001: 48501 48015 46750) (1023.9 s)
>> 143279 (58285: 58281 62026 55570) (1022.67 s)
>> 141984 (3139: 3143 5139 2871) (1018.93 s)
>> 135498 (29373: 31123 29361 28628) (1017.51 s)
>> 127961 (33997: 34746 34003 33247) (1019.8 s)
>> 125103 (3359: 3357 7364 3143) (1014.81 s)
>> 125095 (7889: 7892 8630 3357) (1006.09 s)
>> 117062 (14822: 14817 23081 8040) (774.828 s)
>> 114752 (1521: 280 2504 1537) (775.6 s)
>> 113184 (55778: 54029 57028 55764) (840.87 s)
>> 110146 (40154: 40158 40904 39651) (874.169 s)
>> 106976 (43182: 43179 43688 41682) (776.288 s)
>> 106806 (45419: 46169 47157 43179) (1175.69 s)
>> 106189 (2056: 2306 2061 1803) (1088.27 s)
>> 98672 (39434: 39934 38939 37172) (1643.25 s)
>> 96605 (15838: 14088 17602 14817) (991.92 s)
>> 95268 (23092: 23344 21842 14088) (1060.89 s)
>> 95242 (9430: 9427 11930 6937) (1135.17 s)
>> 93256 (4540: 4542 23344 3538) (1115.69 s)
>> 92223 (58713: 57963 59970 58703) (809.011 s)
>> 92112 (28297: 27797 30051 28293) (774.083 s)
>> 89534 (53256: 51756 56239 55259) (774.029 s)
>> 85865 (36314: 37815 36289 34314) (769.802 s)
>> 81860 (40560: 40566 41309 38310) (768.949 s)
>> 79799 (37328: 38578 37336 35827) (770.765 s)
>> 76165 (1788: 280 4542 2306) (770.996 s)
>> 71577 (50006: 48501 51756 48796) (768.532 s)
>> 67113 (52365: 51631 52595 46610) (1224.79 s)
>> 66120 (31814: 31813 37815 28071) (1350.82 s)
>> 62379 (58694: 53196 60192 57963) (782.354 s)
>> 53521 (23877: 23625 31123 18894) (768.477 s)
>> 53217 (36510: 38010 34746 31813) (777.501 s)
>> 50278 (17383: 17385 19633 14363) (769.776 s)
>> 49012 (32554: 32805 32544 31554) (770.953 s)
>> 44402 (56009: 48501 59258 56011) (770.105 s)
>> 41071 (24924: 24920 27424 21178) (771.127 s)
>> 36234 (60740: 60240 61230 60745) (770.775 s)
>> 35871 (61884: 61882 62372 59646) (771.025 s)
>> 34691 (28782: 29532 28784 26280) (770.463 s)
>> 34499 (18675: 18673 20426 19441) (770.833 s)
>> 33368 (10269: 10270 14499 9767) (772.376 s)
>> 33069 (25048: 26048 25045 280) (771.856 s)
>> 32908 (18887: 20137 23625 17385) (771.519 s)
>> 29114 (38945: 39195 39934 36208) (775.158 s)
>> 25883 (31997: 31998 38010 31241) (776.029 s)
>> 25260 (47475: 47473 48475 46477) (773.776 s)
>> 23807 (621: 133 7892 609) (774.84 s)
>> 20108 (6164: 9427 8406 1164) (774.924 s)
>> 17439 (26548: 26550 27797 26048) (773.891 s)
>> 10699 (28791: 29041 29532 26550) (774.656 s)
>> 4230 (1465: 966 4226 1461) (774.773 s)
>> 3037 (44502: 41994 48501 44507) (775.641 s)
>> 0 (-1: -1 -1 -1) (776.685 s)
Zelikovsky- 77435.4 s
>>> get_solution
  refine_solution: new weight 119457018 (was 119457018) in 0.022527 s
>>> get_solution
  refine_solution: new weight 130006827 (was 130269460) in 0.023076 s
  refine_solution: new weight 130006827 (was 130006827) in 0.023882 s
2,,62439,124395,248,,885,0,,130269460,130006827,122372862,119457018,119457018,,58288,2,@@

  handle_small_Steiner_degrees: steiner 0, suppress 0 in 7.5e-05 s
Starting round 3
Found 23 isolated vertices
Invalid ratios recomputed: 1227
Best ratio is 59229/1 (59229.0), centered at 42598
Finding the best star... Star with 2 terminals centered in 42849
round took: 0.134324 s
|V| = 62460, |E| = 124392, |R| = 247
>> 496991 (17749: 14499 17768 14499) (0.062554 s)
>> 457838 (51421: 50171 51433 50171) (0.063369 s)
>> 389658 (57346: 53846 57333 53846) (0.063302 s)
>> 377379 (44950: 43440 44962 43440) (0.06281 s)
>> 363859 (42002: 41012 41994 41012) (0.062836 s)
>> 426846 (52159: 49159 52163 49159) (0.060369 s)
>> 330635 (19152: 18894 19161 18894) (0.060646 s)
>> 338958 (8416: 6167 8406 6167) (0.060762 s)
>> 304936 (25774: 22774 25766 22774) (0.061228 s)
>> 299477 (21485: 18232 21493 18232) (0.061024 s)
>> 288450 (17080: 15834 17074 15834) (0.061436 s)
>> 283284 (12455: 11205 12464 11205) (0.061648 s)
>> 277902 (22307: 20802 22326 20802) (0.061887 s)
>> 257212 (44106: 42849 44116 42849) (0.061653 s)
>> 254886 (54944: 53196 54935 53196) (0.061882 s)
>> 250552 (9568: 7568 9558 7568) (0.061656 s)
>> 274152 (14072: 11572 14088 11572) (0.06217 s)
>> 276767 (16613: 14363 16620 14363) (0.061934 s)
>> 250504 (30460: 29954 30467 29954) (0.06193 s)
>> 248950 (23902: 22652 23895 22652) (0.062126 s)
>> 244159 (52372: 51631 52369 51631) (0.062355 s)
>> 241151 (45407: 45147 45415 45147) (0.062207 s)
>> 240619 (39422: 37172 39431 37172) (0.062241 s)
>> 238696 (47709: 47473 47700 47473) (0.062173 s)
>> 238632 (57569: 55570 57562 55570) (0.061906 s)
>> 299204 (48786: 45786 48796 45786) (0.061932 s)
>> 238335 (59148: 54648 59160 54648) (0.061853 s)
>> 233303 (10114: 7364 10127 7364) (0.061677 s)
>> 227499 (16936: 13686 16925 13686) (0.061502 s)
>> 224366 (10927: 9427 10916 9427) (0.061404 s)
>> 224106 (4211: 1461 4226 1461) (0.061188 s)
>> 208459 (36283: 34533 36289 34533) (0.060967 s)
>> 203742 (57959: 49459 57963 49459) (0.060617 s)
>> 187667 (35382: 32382 35400 32382) (0.060581 s)
>> 186884 (61035: 58281 61069 58281) (0.060547 s)
>> 175859 (55778: 54029 55764 54029) (0.060153 s)
>> 174667 (47860: 46610 47851 46610) (0.060106 s)
>> 171246 (58872: 55122 58868 55122) (0.060156 s)
>> 169809 (27420: 24920 27424 24920) (0.060088 s)
>> 168735 (19875: 19633 19858 19633) (0.060786 s)
>> 166984 (24707: 24452 24716 24452) (0.060236 s)
>> 164705 (9738: 8986 9767 8986) (0.060093 s)
>> 162805 (54239: 53242 54234 53242) (0.060194 s)
>> 153748 (6590: 5593 6587 5593) (0.059908 s)
>> 151537 (48001: 46750 48015 46750) (0.060591 s)
>> 256035 (50256: 48501 50272 48501) (0.060105 s)
>> 141984 (3139: 2871 3143 2871) (0.059974 s)
>> 140705 (15219: 13219 15206 13219) (0.060092 s)
>> 137148 (21176: 20426 21178 20426) (0.060323 s)
>> 135498 (29373: 28628 29361 28628) (0.059867 s)
>> 127961 (33997: 33247 34003 33247) (0.060206 s)
>> 125103 (5357: 3357 5359 3357) (0.059643 s)
>> 125095 (7889: 5139 7892 5139) (0.060152 s)
>> 114752 (1521: 280 1537 280) (0.060266 s)
>> 113422 (51095: 49615 51089 49615) (0.060382 s)
>> 110146 (40154: 39651 40158 39651) (0.060645 s)
>> 106976 (43182: 41682 43179 41682) (0.060367 s)
>> 106189 (2056: 1803 2061 1803) (0.059998 s)
>> 101912 (19447: 13951 19441 13951) (0.060446 s)
>> 96450 (21831: 21330 21842 21330) (0.059821 s)
>> 94392 (15391: 12891 15399 12891) (0.059436 s)
>> 93256 (4540: 3538 4542 3538) (0.059406 s)
>> 92112 (28297: 27797 28293 27797) (0.059347 s)
>> 85444 (38566: 37815 38578 37815) (0.059343 s)
>> 134627 (40560: 38310 40566 38310) (0.059157 s)
>> 103767 (26991: 25513 26985 25513) (0.059127 s)
>> 231245 (14776: 10526 14817 10526) (0.0584 s)
>> 91615 (4306: 2306 4335 2306) (0.058559 s)
>> 82961 (42404: 40904 42379 40904) (0.058137 s)
>> 81561 (31814: 28071 31813 28071) (0.058023 s)
>> 64179 (39938: 38939 39934 38939) (0.057685 s)
>> 62379 (58694: 58194 58703 58194) (0.057493 s)
>> 53217 (36760: 33755 36777 33755) (0.057351 s)
>> 52441 (30044: 29041 30051 29041) (0.056983 s)
>> 49012 (32554: 31554 32544 31554) (0.056426 s)
>> 60267 (26284: 25045 26280 25045) (0.056379 s)
>> 48162 (46475: 41974 46477 41974) (0.055827 s)
>> 44402 (56009: 55259 56011 55259) (0.055567 s)
>> 36234 (60245: 59258 60240 59258) (0.055304 s)
>> 35871 (61884: 59646 61882 59646) (0.055242 s)
>> 17439 (26050: 25307 26048 25307) (0.05526 s)
>> 0 (-1: -1 -1 -1) (0.055047 s)
Zelikovsky 916.963 s
>> 496991 (17749: 14499 21493 17768) (824.621 s)
>> 457838 (51421: 50171 52163 51433) (805.214 s)
>> 389658 (57346: 53846 60603 57333) (806.014 s)
>> 377379 (44950: 44962 47700 43440) (806.161 s)
>> 363859 (42002: 41994 44252 41012) (807.396 s)
>> 330635 (19152: 18894 22652 19161) (801.452 s)
>> 328488 (9417: 9427 10916 6167) (804.599 s)
>> 304936 (25774: 26280 25766 22774) (804.408 s)
>> 288450 (17080: 17074 21330 15834) (868.365 s)
>> 283284 (12455: 11205 13449 12464) (1203.19 s)
>> 277902 (22307: 20802 25307 22326) (1145.13 s)
>> 268544 (44974: 46477 44962 41974) (936.33 s)
>> 257212 (44106: 45606 44116 42849) (993.373 s)
>> 254886 (54944: 53196 58194 54935) (1164.29 s)
>> 250552 (9568: 7568 11572 9558) (1030.06 s)
>> 250504 (30460: 33210 30467 29954) (1128.58 s)
>> 248950 (23902: 18894 27655 23895) (1031.09 s)
>> 247301 (7205: 5948 11205 7229) (1158.97 s)
>> 244159 (52372: 51631 55122 52369) (1088.76 s)
>> 242389 (22330: 23081 20802 17074) (1146.76 s)
>> 241151 (45407: 47157 45415 45147) (1022.63 s)
>> 240619 (39422: 37172 40412 39431) (931.549 s)
>> 238632 (57569: 55570 61069 57562) (992.151 s)
>> 238335 (59148: 59646 59160 54648) (1106.46 s)
>> 227499 (16936: 19441 16925 13686) (1031.41 s)
>> 208459 (36283: 36289 36777 34533) (799.427 s)
>> 199029 (6359: 7364 6354 5359) (900.429 s)
>> 198222 (9540: 8040 10526 7568) (1071.41 s)
>> 187667 (35382: 36626 35400 32382) (1205.87 s)
>> 185425 (48786: 48796 50272 45786) (1188.65 s)
>> 180813 (16269: 14499 16275 11269) (1193.86 s)
>> 178150 (16613: 14363 19858 16620) (1181.27 s)
>> 174667 (47860: 46610 49615 47851) (1221.16 s)
>> 166984 (24707: 26957 24716 24452) (1229.76 s)
>> 162805 (54239: 56239 54234 53242) (1196.95 s)
>> 153748 (6590: 5593 8840 6587) (1215.99 s)
>> 151537 (48001: 48501 48015 46750) (1240.1 s)
>> 143279 (58285: 58281 62026 55570) (1129.21 s)
>> 141984 (3139: 3143 5139 2871) (1308.73 s)
>> 135498 (29373: 31123 29361 28628) (1280.61 s)
>> 127961 (33997: 34746 34003 33247) (1357.99 s)
>> 125103 (3359: 3357 7364 3143) (1974.87 s)
>> 125095 (7889: 7892 8630 3357) (1850.15 s)
>> 117062 (14822: 14817 23081 8040) (1684.01 s)
>> 114752 (1521: 280 2504 1537) (1974.44 s)
>> 113184 (55778: 54029 57028 55764) (1903.32 s)
>> 110146 (40154: 40158 40904 39651) (1943.4 s)
>> 106976 (43182: 43179 43688 41682) (1830.89 s)
>> 106806 (45419: 46169 47157 43179) (1745.17 s)
>> 106189 (2056: 2306 2061 1803) (1740.53 s)
>> 98672 (39434: 39934 38939 37172) (1608.94 s)
>> 96605 (15838: 14088 17602 14817) (1200.29 s)
>> 95268 (23092: 23344 21842 14088) (1201.47 s)
>> 95242 (9430: 9427 11930 6937) (1198.35 s)
>> 93256 (4540: 4542 23344 3538) (1182.23 s)
>> 92223 (58713: 57963 59970 58703) (1638.39 s)
>> 92112 (28297: 27797 30051 28293) (1790.2 s)
>> 89534 (53256: 51756 56239 55259) (1692.89 s)
>> 85865 (36314: 37815 36289 34314) (1851.92 s)
>> 81860 (40560: 40566 41309 38310) (1954.67 s)
>> 79799 (37328: 38578 37336 35827) (1784.9 s)
>> 76165 (1788: 280 4542 2306) (2036.32 s)
>> 71577 (50006: 48501 51756 48796) (1889.08 s)
>> 67113 (52365: 51631 52595 46610) (1783.47 s)
>> 66120 (31814: 31813 37815 28071) (1541.72 s)
>> 62379 (58694: 53196 60192 57963) (1197.47 s)
>> 53521 (23877: 23625 31123 18894) (1174.03 s)
>> 53217 (36510: 38010 34746 31813) (1182.56 s)
>> 50278 (17383: 17385 19633 14363) (1160.73 s)
>> 49012 (32554: 32805 32544 31554) (1196.66 s)
>> 44402 (56009: 48501 59258 56011) (1175.26 s)
>> 41071 (24924: 24920 27424 21178) (1176.98 s)
>> 36234 (60740: 60240 61230 60745) (1182.92 s)
>> 35871 (61884: 61882 62372 59646) (1134.06 s)
>> 34691 (28782: 29532 28784 26280) (1151.33 s)
>> 34499 (18675: 18673 20426 19441) (1169.48 s)
>> 33368 (10269: 10270 14499 9767) (1153.35 s)
>> 33069 (25048: 26048 25045 280) (1181.28 s)
>> 32908 (18887: 20137 23625 17385) (1119.12 s)
>> 29114 (38945: 39195 39934 36208) (1207.43 s)
>> 25883 (31997: 31998 38010 31241) (1213.88 s)
>> 25260 (47475: 47473 48475 46477) (1205.29 s)
>> 23807 (621: 133 7892 609) (1189.46 s)
>> 20108 (6164: 9427 8406 1164) (1182.49 s)
>> 17439 (26548: 26550 27797 26048) (1169.63 s)
>> 10699 (28791: 29041 29532 26550) (1247.53 s)
>> 4230 (1465: 966 4226 1461) (1939.31 s)
>> 3037 (44502: 41994 48501 44507) (1961.6 s)
>> 0 (-1: -1 -1 -1) (1856.59 s)
Zelikovsky- 114692 s
>>> get_solution
  refine_solution: new weight 119457018 (was 119457018) in 0.106034 s
>>> get_solution
  refine_solution: new weight 130006827 (was 130269460) in 0.093865 s
  refine_solution: new weight 130006827 (was 130006827) in 0.089655 s
3,,62437,124392,247,,1227,0,,130269460,130006827,122372862,119457018,119457018,,59229,2,@@

  handle_small_Steiner_degrees: steiner 0, suppress 0 in 0.000304 s
Starting round 4
Found 25 isolated vertices
Invalid ratios recomputed: 1033
Best ratio is 60714/1 (60714.0), centered at 26048
Finding the best star... Star with 2 terminals centered in 26550
round took: 0.812751 s
|V| = 62460, |E| = 124385, |R| = 246
>> 496991 (17749: 14499 17768 14499) (0.163783 s)
>> 457838 (51421: 50171 51433 50171) (0.146363 s)
>> 389658 (57346: 53846 57333 53846) (0.262249 s)
>> 377379 (44950: 43440 44962 43440) (0.171476 s)
>> 363859 (42002: 41012 41994 41012) (0.147409 s)
>> 426846 (52159: 49159 52163 49159) (0.154922 s)
>> 330635 (19152: 18894 19161 18894) (0.157427 s)
>> 338958 (8416: 6167 8406 6167) (0.161512 s)
>> 304936 (25774: 22774 25766 22774) (0.172009 s)
>> 299477 (21485: 18232 21493 18232) (0.165994 s)
>> 288450 (17080: 15834 17074 15834) (0.166165 s)
>> 283284 (12455: 11205 12464 11205) (0.15894 s)
>> 269256 (22307: 20802 22326 20802) (0.141768 s)
>> 257212 (44106: 42849 44116 42849) (0.198299 s)
>> 254886 (54944: 53196 54935 53196) (0.0851 s)
>> 250552 (9568: 7568 9558 7568) (0.184392 s)
>> 274152 (14072: 11572 14088 11572) (0.174985 s)
>> 276767 (16613: 14363 16620 14363) (0.167034 s)
>> 250504 (30460: 29954 30467 29954) (0.426349 s)
>> 248950 (23902: 22652 23895 22652) (0.091883 s)
>> 244159 (52372: 51631 52369 51631) (0.093654 s)
>> 241151 (45407: 45147 45415 45147) (0.092933 s)
>> 240619 (39422: 37172 39431 37172) (0.092571 s)
>> 238696 (47709: 47473 47700 47473) (0.092922 s)
>> 238632 (57569: 55570 57562 55570) (0.092469 s)
>> 299204 (48786: 45786 48796 45786) (0.092687 s)
>> 238335 (59148: 54648 59160 54648) (0.091536 s)
>> 233303 (10114: 7364 10127 7364) (0.091266 s)
>> 227499 (16936: 13686 16925 13686) (0.091709 s)
>> 224366 (10927: 9427 10916 9427) (0.091351 s)
>> 224106 (4211: 1461 4226 1461) (0.091157 s)
>> 208459 (36283: 34533 36289 34533) (0.091009 s)
>> 203742 (57959: 49459 57963 49459) (0.090801 s)
>> 187667 (35382: 32382 35400 32382) (0.09113 s)
>> 186884 (61035: 58281 61069 58281) (0.090648 s)
>> 175859 (55778: 54029 55764 54029) (0.089674 s)
>> 174667 (47860: 46610 47851 46610) (0.090219 s)
>> 171246 (58872: 55122 58868 55122) (0.089485 s)
>> 169809 (27420: 24920 27424 24920) (0.089772 s)
>> 168735 (19875: 19633 19858 19633) (0.08953 s)
>> 166984 (24707: 24452 24716 24452) (0.089261 s)
>> 164705 (9738: 8986 9767 8986) (0.19351 s)
>> 162805 (54239: 53242 54234 53242) (0.137675 s)
>> 153748 (6590: 5593 6587 5593) (0.196248 s)
>> 151537 (48001: 46750 48015 46750) (0.322302 s)
>> 256035 (50256: 48501 50272 48501) (0.256189 s)
>> 141984 (3139: 2871 3143 2871) (0.283525 s)
>> 140705 (15219: 13219 15206 13219) (0.2088 s)
>> 137148 (21176: 20426 21178 20426) (0.23553 s)
>> 135498 (29373: 28628 29361 28628) (0.234628 s)
>> 127961 (33997: 33247 34003 33247) (0.236325 s)
>> 125103 (5357: 3357 5359 3357) (0.254852 s)
>> 125095 (7889: 5139 7892 5139) (0.202777 s)
>> 114752 (1521: 280 1537 280) (0.19898 s)
>> 113422 (51095: 49615 51089 49615) (0.265018 s)
>> 110146 (40154: 39651 40158 39651) (0.271672 s)
>> 106976 (43182: 41682 43179 41682) (0.378722 s)
>> 106189 (2056: 1803 2061 1803) (0.241185 s)
>> 101912 (19447: 13951 19441 13951) (0.183204 s)
>> 96450 (21831: 21330 21842 21330) (0.25986 s)
>> 94392 (15391: 12891 15399 12891) (0.249604 s)
>> 93256 (4540: 3538 4542 3538) (0.143065 s)
>> 92112 (28297: 27797 28293 27797) (0.121579 s)
>> 85444 (38566: 37815 38578 37815) (0.240201 s)
>> 134627 (40560: 38310 40566 38310) (0.137499 s)
>> 103767 (26991: 25513 26985 25513) (0.13651 s)
>> 231245 (14776: 10526 14817 10526) (0.163437 s)
>> 91615 (4306: 2306 4335 2306) (0.226892 s)
>> 82961 (42404: 40904 42379 40904) (0.21202 s)
>> 81561 (31814: 28071 31813 28071) (0.134228 s)
>> 64179 (39938: 38939 39934 38939) (0.172839 s)
>> 62379 (58694: 58194 58703 58194) (0.133516 s)
>> 53217 (36760: 33755 36777 33755) (0.139459 s)
>> 52441 (30044: 29041 30051 29041) (0.176425 s)
>> 49012 (32554: 31554 32544 31554) (0.131035 s)
>> 60267 (26284: 25045 26280 25045) (0.152931 s)
>> 48162 (46475: 41974 46477 41974) (0.136378 s)
>> 44402 (56009: 55259 56011 55259) (0.146463 s)
>> 36234 (60245: 59258 60240 59258) (0.151853 s)
>> 35871 (61884: 59646 61882 59646) (0.151306 s)
>> 0 (-1: -1 -1 -1) (0.131917 s)
Zelikovsky 2356.71 s
>> 496991 (17749: 14499 21493 17768) (1940.55 s)
>> 457838 (51421: 50171 52163 51433) (1643.73 s)
>> 389658 (57346: 53846 60603 57333) (1244.52 s)
>> 377379 (44950: 44962 47700 43440) (1241.33 s)
>> 363859 (42002: 41994 44252 41012) (1257.38 s)
>> 330635 (19152: 18894 22652 19161) (1250.85 s)
>> 328488 (9417: 9427 10916 6167) (2105.03 s)
>> 304936 (25774: 26280 25766 22774) (2265.72 s)
>> 288450 (17080: 17074 21330 15834) (2834.35 s)
>> 283284 (12455: 11205 13449 12464) (2995.12 s)
>> 269256 (22307: 20802 25307 22326) (2074.17 s)
>> 268544 (44974: 46477 44962 41974) (1138.54 s)
>> 257212 (44106: 45606 44116 42849) (1218.28 s)
>> 254886 (54944: 53196 58194 54935) (1746.8 s)
>> 250552 (9568: 7568 11572 9558) (1738.58 s)
>> 250504 (30460: 33210 30467 29954) (1710.1 s)
>> 248950 (23902: 18894 27655 23895) (1882.63 s)
>> 247301 (7205: 5948 11205 7229) (1729.62 s)
>> 244159 (52372: 51631 55122 52369) (1752.95 s)
>> 242389 (22330: 23081 20802 17074) (1530.69 s)
>> 241151 (45407: 47157 45415 45147) (1104.27 s)
>> 240619 (39422: 37172 40412 39431) (978.932 s)
>> 238632 (57569: 55570 61069 57562) (1002.37 s)
>> 238335 (59148: 59646 59160 54648) (979.339 s)
>> 227499 (16936: 19441 16925 13686) (982.062 s)
>> 208459 (36283: 36289 36777 34533) (1083.52 s)
>> 199029 (6359: 7364 6354 5359) (1977.77 s)
>> 198222 (9540: 8040 10526 7568) (2190.18 s)
>> 187667 (35382: 36626 35400 32382) (1964.06 s)
>> 185425 (48786: 48796 50272 45786) (2278.39 s)
>> 180813 (16269: 14499 16275 11269) (2168.73 s)
>> 178150 (16613: 14363 19858 16620) (1819.21 s)
>> 174667 (47860: 46610 49615 47851) (1425.62 s)
>> 166984 (24707: 26957 24716 24452) (1858.58 s)
>> 162805 (54239: 56239 54234 53242) (1419.41 s)
>> 153748 (6590: 5593 8840 6587) (1397.56 s)
>> 151537 (48001: 48501 48015 46750) (1604.43 s)
>> 143279 (58285: 58281 62026 55570) (1887.76 s)
>> 141984 (3139: 3143 5139 2871) (1877.57 s)
>> 135498 (29373: 31123 29361 28628) (2077.9 s)
>> 127961 (33997: 34746 34003 33247) (2011.69 s)
>> 125103 (3359: 3357 7364 3143) (1869.6 s)
>> 125095 (7889: 7892 8630 3357) (1945.07 s)
>> 117062 (14822: 14817 23081 8040) (1902.68 s)
>> 114752 (1521: 280 2504 1537) (1920.64 s)
>> 113184 (55778: 54029 57028 55764) (1996.69 s)
>> 110146 (40154: 40158 40904 39651) (1509.43 s)
>> 106976 (43182: 43179 43688 41682) (1345.57 s)
>> 106806 (45419: 46169 47157 43179) (1360.49 s)
>> 106189 (2056: 2306 2061 1803) (1341.81 s)
>> 98672 (39434: 39934 38939 37172) (1347.32 s)
>> 96605 (15838: 14088 17602 14817) (1364.81 s)
>> 95268 (23092: 23344 21842 14088) (1229.87 s)
>> 95242 (9430: 9427 11930 6937) (1366.44 s)
>> 93256 (4540: 4542 23344 3538) (1357.77 s)
>> 92223 (58713: 57963 59970 58703) (1302.82 s)
>> 92112 (28297: 27797 30051 28293) (1296.82 s)
>> 89534 (53256: 51756 56239 55259) (1269.32 s)
>> 85865 (36314: 37815 36289 34314) (1337.45 s)
>> 81860 (40560: 40566 41309 38310) (1331.94 s)
>> 79799 (37328: 38578 37336 35827) (1111.91 s)
>> 76165 (1788: 280 4542 2306) (1238.65 s)
>> 71577 (50006: 48501 51756 48796) (2266.09 s)
>> 67113 (52365: 51631 52595 46610) (2026.78 s)
>> 66120 (31814: 31813 37815 28071) (2054.83 s)
>> 62379 (58694: 53196 60192 57963) (1603.05 s)
>> 53521 (23877: 23625 31123 18894) (1594.63 s)
>> 53217 (36510: 38010 34746 31813) (1612.46 s)
>> 50278 (17383: 17385 19633 14363) (1432.14 s)
>> 49012 (32554: 32805 32544 31554) (1232.04 s)
>> 44402 (56009: 48501 59258 56011) (1036.1 s)
>> 41071 (24924: 24920 27424 21178) (1064.66 s)
>> 36234 (60740: 60240 61230 60745) (1055.89 s)
>> 35871 (61884: 61882 62372 59646) (1048.62 s)
>> 34691 (28782: 29532 28784 26280) (956.879 s)
>> 34499 (18675: 18673 20426 19441) (976.392 s)
>> 33368 (10269: 10270 14499 9767) (970.296 s)
>> 32908 (18887: 20137 23625 17385) (1029.38 s)
>> 29114 (38945: 39195 39934 36208) (1064.78 s)
>> 25883 (31997: 31998 38010 31241) (1066.53 s)
>> 25260 (47475: 47473 48475 46477) (1046.88 s)
>> 24423 (25048: 26550 25045 280) (1060.61 s)
>> 23807 (621: 133 7892 609) (1064.11 s)
>> 20108 (6164: 9427 8406 1164) (1057.38 s)
>> 10699 (28791: 29041 29532 27797) (1019.61 s)
>> 4230 (1465: 966 4226 1461) (1041.2 s)
>> 3037 (44502: 41994 48501 44507) (1035.34 s)
>> 0 (-1: -1 -1 -1) (1032.16 s)
Zelikovsky- 132588 s
>>> get_solution
  refine_solution: new weight 119474457 (was 119474457) in 0.031575 s
>>> get_solution
  refine_solution: new weight 129996181 (was 130255491) in 0.032318 s
  refine_solution: new weight 129996181 (was 129996181) in 0.032981 s
4,,62435,124385,246,,1033,0,,130255491,129996181,122381655,119474457,119474457,,60714,2,@@

  handle_small_Steiner_degrees: steiner 0, suppress 0 in 0.000149 s
Starting round 5
Found 29 isolated vertices
Invalid ratios recomputed: 997
Best ratio is 83443/1 (83443.0), centered at 28291
Finding the best star... Star with 2 terminals centered in 29041
round took: 0.155359 s
|V| = 62460, |E| = 124379, |R| = 245
>> 496991 (17749: 14499 17768 14499) (0.09063 s)
>> 457838 (51421: 50171 51433 50171) (0.091061 s)
>> 389658 (57346: 53846 57333 53846) (0.090761 s)
>> 377379 (44950: 43440 44962 43440) (0.090304 s)
>> 363859 (42002: 41012 41994 41012) (0.090266 s)
>> 426846 (52159: 49159 52163 49159) (0.08785 s)
>> 330635 (19152: 18894 19161 18894) (0.087545 s)
>> 338958 (8416: 6167 8406 6167) (0.087495 s)
>> 304936 (25774: 22774 25766 22774) (0.087979 s)
>> 299477 (21485: 18232 21493 18232) (0.087656 s)
>> 288450 (17080: 15834 17074 15834) (0.087952 s)
>> 283284 (12455: 11205 12464 11205) (0.087483 s)
>> 269256 (22307: 20802 22326 20802) (0.088165 s)
>> 257212 (44106: 42849 44116 42849) (0.088412 s)
>> 254886 (54944: 53196 54935 53196) (0.088211 s)
>> 250552 (9568: 7568 9558 7568) (0.088352 s)
>> 274152 (14072: 11572 14088 11572) (0.089425 s)
>> 276767 (16613: 14363 16620 14363) (0.088852 s)
>> 250504 (30460: 29954 30467 29954) (0.088635 s)
>> 248950 (23902: 22652 23895 22652) (0.089222 s)
>> 244159 (52372: 51631 52369 51631) (0.089775 s)
>> 241151 (45407: 45147 45415 45147) (0.089425 s)
>> 240619 (39422: 37172 39431 37172) (0.089264 s)
>> 238696 (47709: 47473 47700 47473) (0.089357 s)
>> 238632 (57569: 55570 57562 55570) (0.089628 s)
>> 299204 (48786: 45786 48796 45786) (0.08892 s)
>> 238335 (59148: 54648 59160 54648) (0.088776 s)
>> 233303 (10114: 7364 10127 7364) (0.088153 s)
>> 227499 (16936: 13686 16925 13686) (0.088279 s)
>> 224366 (10927: 9427 10916 9427) (0.087806 s)
>> 224106 (4211: 1461 4226 1461) (0.087789 s)
>> 208459 (36283: 34533 36289 34533) (0.087587 s)
>> 203742 (57959: 49459 57963 49459) (0.087227 s)
>> 187667 (35382: 32382 35400 32382) (0.087282 s)
>> 186884 (61035: 58281 61069 58281) (0.086814 s)
>> 175859 (55778: 54029 55764 54029) (0.08632 s)
>> 174667 (47860: 46610 47851 46610) (0.086387 s)
>> 171246 (58872: 55122 58868 55122) (0.086263 s)
>> 169809 (27420: 24920 27424 24920) (0.086217 s)
>> 168735 (19875: 19633 19858 19633) (0.086206 s)
>> 166984 (24707: 24452 24716 24452) (0.085938 s)
>> 164705 (9738: 8986 9767 8986) (0.085737 s)
>> 162805 (54239: 53242 54234 53242) (0.085576 s)
>> 153748 (6590: 5593 6587 5593) (0.085668 s)
>> 151537 (48001: 46750 48015 46750) (0.086224 s)
>> 256035 (50256: 48501 50272 48501) (0.086167 s)
>> 141984 (3139: 2871 3143 2871) (0.085888 s)
>> 140705 (15219: 13219 15206 13219) (0.086011 s)
>> 137148 (21176: 20426 21178 20426) (0.085691 s)
>> 135498 (29373: 28628 29361 28628) (0.085799 s)
>> 127961 (33997: 33247 34003 33247) (0.085875 s)
>> 125103 (5357: 3357 5359 3357) (0.085732 s)
>> 125095 (7889: 5139 7892 5139) (0.085462 s)
>> 114752 (1521: 280 1537 280) (0.086523 s)
>> 113422 (51095: 49615 51089 49615) (0.085665 s)
>> 110146 (40154: 39651 40158 39651) (0.085488 s)
>> 106976 (43182: 41682 43179 41682) (0.08563 s)
>> 106189 (2056: 1803 2061 1803) (0.085316 s)
>> 101912 (19447: 13951 19441 13951) (0.08559 s)
>> 96450 (21831: 21330 21842 21330) (0.085341 s)
>> 94392 (15391: 12891 15399 12891) (0.084805 s)
>> 93256 (4540: 3538 4542 3538) (0.084987 s)
>> 92112 (28297: 27797 29041 27797) (0.085566 s)
>> 85444 (38566: 37815 38578 37815) (0.085468 s)
>> 134627 (40560: 38310 40566 38310) (0.085046 s)
>> 103767 (26991: 25513 26985 25513) (0.08519 s)
>> 231245 (14776: 10526 14817 10526) (0.084315 s)
>> 91615 (4306: 2306 4335 2306) (0.083846 s)
>> 82961 (42404: 40904 42379 40904) (0.083998 s)
>> 81561 (31814: 28071 31813 28071) (0.084231 s)
>> 64179 (39938: 38939 39934 38939) (0.083898 s)
>> 62379 (58694: 58194 58703 58194) (0.083536 s)
>> 53217 (36760: 33755 36777 33755) (0.083318 s)
>> 49012 (32554: 31554 32544 31554) (0.082974 s)
>> 48162 (46475: 41974 46477 41974) (0.082636 s)
>> 44402 (56009: 55259 56011 55259) (0.082702 s)
>> 36234 (60245: 59258 60240 59258) (0.082341 s)
>> 35871 (61884: 59646 61882 59646) (0.081957 s)
>> 34691 (28782: 26280 28784 26280) (0.081934 s)
>> 24423 (25298: 25045 25307 25045) (0.081744 s)
>> 0 (-1: -1 -1 -1) (0.081252 s)
Zelikovsky 1090.39 s
>> 496991 (17749: 14499 21493 17768) (1080.55 s)
>> 457838 (51421: 50171 52163 51433) (1042.92 s)
>> 389658 (57346: 53846 60603 57333) (1076.32 s)
>> 377379 (44950: 44962 47700 43440) (1084.74 s)
>> 363859 (42002: 41994 44252 41012) (1067.05 s)
>> 330635 (19152: 18894 22652 19161) (1069.27 s)
>> 328488 (9417: 9427 10916 6167) (1013.08 s)
>> 304936 (25774: 26280 25766 22774) (941.729 s)
>> 288450 (17080: 17074 21330 15834) (906.805 s)
>> 283284 (12455: 11205 13449 12464) (1064.33 s)
>> 269256 (22307: 20802 25307 22326) (1058.28 s)
>> 268544 (44974: 46477 44962 41974) (972.235 s)
>> 257212 (44106: 45606 44116 42849) (1068.17 s)
>> 254886 (54944: 53196 58194 54935) (1080.88 s)
>> 250552 (9568: 7568 11572 9558) (1148.23 s)
>> 250504 (30460: 33210 30467 29954) (1412.65 s)
>> 248950 (23902: 18894 27655 23895) (1412.17 s)
>> 247301 (7205: 5948 11205 7229) (1335.5 s)
>> 244159 (52372: 51631 55122 52369) (1444.9 s)
>> 242389 (22330: 23081 20802 17074) (1432.06 s)
>> 241151 (45407: 47157 45415 45147) (1087.74 s)
>> 240619 (39422: 37172 40412 39431) (960.199 s)
>> 238632 (57569: 55570 61069 57562) (1088.96 s)
>> 238335 (59148: 59646 59160 54648) (1058.19 s)
>> 227499 (16936: 19441 16925 13686) (1060.12 s)
>> 208459 (36283: 36289 36777 34533) (933.548 s)
>> 199029 (6359: 7364 6354 5359) (1048.72 s)
>> 198222 (9540: 8040 10526 7568) (1092.86 s)
>> 187667 (35382: 36626 35400 32382) (1084.8 s)
>> 185425 (48786: 48796 50272 45786) (1060.18 s)
>> 180813 (16269: 14499 16275 11269) (1058.5 s)
>> 178150 (16613: 14363 19858 16620) (1079.22 s)
>> 174667 (47860: 46610 49615 47851) (1074.66 s)
>> 166984 (24707: 26957 24716 24452) (1083.47 s)
>> 162805 (54239: 56239 54234 53242) (1070.67 s)
>> 153748 (6590: 5593 8840 6587) (1065.69 s)
>> 151537 (48001: 48501 48015 46750) (1078.84 s)
>> 143279 (58285: 58281 62026 55570) (1072.31 s)
>> 141984 (3139: 3143 5139 2871) (1002.36 s)
>> 135498 (29373: 31123 29361 28628) (1013.77 s)
>> 127961 (33997: 34746 34003 33247) (966.278 s)
>> 125103 (3359: 3357 7364 3143) (1024.55 s)
>> 125095 (7889: 7892 8630 3357) (1046.48 s)
>> 117062 (14822: 14817 23081 8040) (1059.48 s)
>> 114752 (1521: 280 2504 1537) (995.594 s)
>> 113184 (55778: 54029 57028 55764) (976.324 s)
>> 110146 (40154: 40158 40904 39651) (912.946 s)
>> 106976 (43182: 43179 43688 41682) (940.99 s)
>> 106806 (45419: 46169 47157 43179) (1029.53 s)
>> 106189 (2056: 2306 2061 1803) (1014.77 s)
>> 98672 (39434: 39934 38939 37172) (1019.15 s)
>> 96605 (15838: 14088 17602 14817) (1030.54 s)
>> 95268 (23092: 23344 21842 14088) (1037.58 s)
>> 95242 (9430: 9427 11930 6937) (1034.69 s)
>> 93256 (4540: 4542 23344 3538) (1007.02 s)
>> 92223 (58713: 57963 59970 58703) (1041.9 s)
>> 92112 (28297: 27797 30051 29041) (1048.98 s)
>> 89534 (53256: 51756 56239 55259) (1016.31 s)
>> 85865 (36314: 37815 36289 34314) (1014.62 s)
>> 81860 (40560: 40566 41309 38310) (1014.44 s)
>> 79799 (37328: 38578 37336 35827) (1048.6 s)
>> 76165 (1788: 280 4542 2306) (1037.24 s)
>> 71577 (50006: 48501 51756 48796) (1040.41 s)
>> 67113 (52365: 51631 52595 46610) (1018.86 s)
>> 66120 (31814: 31813 37815 28071) (1033.54 s)
>> 62379 (58694: 53196 60192 57963) (1013.03 s)
>> 53521 (23877: 23625 31123 18894) (1030.36 s)
>> 53217 (36510: 38010 34746 31813) (1025.07 s)
>> 50278 (17383: 17385 19633 14363) (1018.44 s)
>> 49012 (32554: 32805 32544 31554) (1014.15 s)
>> 44402 (56009: 48501 59258 56011) (945.361 s)
>> 41071 (24924: 24920 27424 21178) (996.029 s)
>> 36234 (60740: 60240 61230 60745) (926.918 s)
>> 35871 (61884: 61882 62372 59646) (1013.57 s)
>> 34691 (28782: 29532 28784 26280) (1042 s)
>> 34499 (18675: 18673 20426 19441) (1026.51 s)
>> 33368 (10269: 10270 14499 9767) (1055.94 s)
>> 32908 (18887: 20137 23625 17385) (1059.25 s)
>> 29114 (38945: 39195 39934 36208) (1059.05 s)
>> 25883 (31997: 31998 38010 31241) (1065.19 s)
>> 25260 (47475: 47473 48475 46477) (1056.22 s)
>> 24423 (25048: 26550 25045 280) (1057.32 s)
>> 23807 (621: 133 7892 609) (1066.33 s)
>> 20108 (6164: 9427 8406 1164) (1035.32 s)
>> 4230 (1465: 966 4226 1461) (966.65 s)
>> 3037 (44502: 41994 48501 44507) (1070.78 s)
>> 0 (-1: -1 -1 -1) (1078.64 s)
Zelikovsky- 91821.1 s
>>> get_solution
  refine_solution: new weight 119474457 (was 119474457) in 0.026045 s
>>> get_solution
  refine_solution: new weight 129985482 (was 130244792) in 0.026497 s
  refine_solution: new weight 129985482 (was 129985482) in 0.02747 s
5,,62431,124379,245,,997,0,,130244792,129985482,122208486,119474457,119474457,,83443,2,@@

  handle_small_Steiner_degrees: steiner 0, suppress 0 in 7.7e-05 s
Starting round 6
Found 34 isolated vertices
Invalid ratios recomputed: 513
Best ratio is 98552/1 (98552.0), centered at 44252
Finding the best star... Star with 2 terminals centered in 44507
round took: 0.056824 s
|V| = 62460, |E| = 124372, |R| = 244
>> 496991 (17749: 14499 17768 14499) (0.090992 s)
>> 457838 (51421: 50171 51433 50171) (0.090434 s)
>> 389658 (57346: 53846 57333 53846) (0.090119 s)
>> 377379 (44950: 43440 44962 43440) (0.089803 s)
>> 363859 (42002: 41012 41994 41012) (0.089556 s)
>> 426846 (52159: 49159 52163 49159) (0.088222 s)
>> 330635 (19152: 18894 19161 18894) (0.087982 s)
>> 338958 (8416: 6167 8406 6167) (0.087486 s)
>> 304936 (25774: 22774 25766 22774) (0.088243 s)
>> 299477 (21485: 18232 21493 18232) (0.08805 s)
>> 288450 (17080: 15834 17074 15834) (0.087622 s)
>> 283284 (12455: 11205 12464 11205) (0.087735 s)
>> 269256 (22307: 20802 22326 20802) (0.088283 s)
>> 257212 (44106: 42849 44116 42849) (0.088678 s)
>> 254886 (54944: 53196 54935 53196) (0.0886 s)
>> 250552 (9568: 7568 9558 7568) (0.088312 s)
>> 274152 (14072: 11572 14088 11572) (0.088459 s)
>> 276767 (16613: 14363 16620 14363) (0.088311 s)
>> 250504 (30460: 29954 30467 29954) (0.088403 s)
>> 248950 (23902: 22652 23895 22652) (0.086756 s)
>> 244159 (52372: 51631 52369 51631) (0.088495 s)
>> 241151 (45407: 45147 45415 45147) (0.088632 s)
>> 240619 (39422: 37172 39431 37172) (0.089116 s)
>> 238696 (47709: 47473 47700 47473) (0.089234 s)
>> 238632 (57569: 55570 57562 55570) (0.089017 s)
>> 299204 (48786: 45786 48796 45786) (0.088456 s)
>> 238335 (59148: 54648 59160 54648) (0.070829 s)
>> 233303 (10114: 7364 10127 7364) (0.088119 s)
>> 227499 (16936: 13686 16925 13686) (0.087883 s)
>> 224366 (10927: 9427 10916 9427) (0.087754 s)
>> 224106 (4211: 1461 4226 1461) (0.085397 s)
>> 208459 (36283: 34533 36289 34533) (0.087148 s)
>> 203742 (57959: 49459 57963 49459) (0.087245 s)
>> 187667 (35382: 32382 35400 32382) (0.087118 s)
>> 186884 (61035: 58281 61069 58281) (0.086879 s)
>> 175859 (55778: 54029 55764 54029) (0.086614 s)
>> 174667 (47860: 46610 47851 46610) (0.086496 s)
>> 171246 (58872: 55122 58868 55122) (0.086383 s)
>> 169809 (27420: 24920 27424 24920) (0.086344 s)
>> 168735 (19875: 19633 19858 19633) (0.086445 s)
>> 166984 (24707: 24452 24716 24452) (0.086233 s)
>> 164705 (9738: 8986 9767 8986) (0.085892 s)
>> 162805 (54239: 53242 54234 53242) (0.08562 s)
>> 153748 (6590: 5593 6587 5593) (0.085702 s)
>> 151537 (48001: 46750 48015 46750) (0.085918 s)
>> 256035 (50256: 48501 50272 48501) (0.085466 s)
>> 141984 (3139: 2871 3143 2871) (0.085369 s)
>> 140705 (15219: 13219 15206 13219) (0.08567 s)
>> 137148 (21176: 20426 21178 20426) (0.085339 s)
>> 135498 (29373: 28628 29361 28628) (0.085441 s)
>> 127961 (33997: 33247 34003 33247) (0.085455 s)
>> 125103 (5357: 3357 5359 3357) (0.085866 s)
>> 125095 (7889: 5139 7892 5139) (0.085835 s)
>> 114752 (1521: 280 1537 280) (0.086122 s)
>> 113422 (51095: 49615 51089 49615) (0.085788 s)
>> 110146 (40154: 39651 40158 39651) (0.085666 s)
>> 106976 (43182: 41682 43179 41682) (0.085934 s)
>> 106189 (2056: 1803 2061 1803) (0.08565 s)
>> 101912 (19447: 13951 19441 13951) (0.086038 s)
>> 96450 (21831: 21330 21842 21330) (0.085912 s)
>> 94392 (15391: 12891 15399 12891) (0.08547 s)
>> 93256 (4540: 3538 4542 3538) (0.085821 s)
>> 92112 (28297: 27797 29041 27797) (0.08576 s)
>> 85444 (38566: 37815 38578 37815) (0.08545 s)
>> 134627 (40560: 38310 40566 38310) (0.085659 s)
>> 103767 (26991: 25513 26985 25513) (0.085103 s)
>> 231245 (14776: 10526 14817 10526) (0.084693 s)
>> 91615 (4306: 2306 4335 2306) (0.084166 s)
>> 82961 (42404: 40904 42379 40904) (0.084131 s)
>> 81561 (31814: 28071 31813 28071) (0.083779 s)
>> 64179 (39938: 38939 39934 38939) (0.083539 s)
>> 62379 (58694: 58194 58703 58194) (0.083101 s)
>> 53217 (36760: 33755 36777 33755) (0.082918 s)
>> 49012 (32554: 31554 32544 31554) (0.083036 s)
>> 48162 (46475: 41974 46477 41974) (0.08268 s)
>> 44402 (56009: 55259 56011 55259) (0.083531 s)
>> 36234 (60245: 59258 60240 59258) (0.082396 s)
>> 35871 (61884: 59646 61882 59646) (0.082481 s)
>> 34691 (28782: 26280 28784 26280) (0.082243 s)
>> 24423 (25298: 25045 25307 25045) (0.081751 s)
>> 0 (-1: -1 -1 -1) (0.081853 s)
Zelikovsky 1178.06 s
>> 496991 (17749: 14499 21493 17768) (1092.88 s)
>> 457838 (51421: 50171 52163 51433) (980.248 s)
>> 389658 (57346: 53846 60603 57333) (997.485 s)
>> 377379 (44950: 44962 47700 43440) (1082.18 s)
>> 363859 (42002: 41994 44507 41012) (1266.32 s)
>> 330635 (19152: 18894 22652 19161) (1428.77 s)
>> 328488 (9417: 9427 10916 6167) (1168.85 s)
>> 304936 (25774: 26280 25766 22774) (1086.2 s)
>> 288450 (17080: 17074 21330 15834) (1090.6 s)
>> 283284 (12455: 11205 13449 12464) (977.781 s)
>> 269256 (22307: 20802 25307 22326) (1092.84 s)
>> 268544 (44974: 46477 44962 41974) (1097.28 s)
>> 257212 (44106: 45606 44116 42849) (1076.09 s)
>> 254886 (54944: 53196 58194 54935) (1067.11 s)
>> 250552 (9568: 7568 11572 9558) (1044.95 s)
>> 250504 (30460: 33210 30467 29954) (1056.49 s)
>> 248950 (23902: 18894 27655 23895) (1021.42 s)
>> 247301 (7205: 5948 11205 7229) (996.915 s)
>> 244159 (52372: 51631 55122 52369) (1082.1 s)
>> 242389 (22330: 23081 20802 17074) (1322.56 s)
>> 241151 (45407: 47157 45415 45147) (1430.41 s)
>> 240619 (39422: 37172 40412 39431) (1370.97 s)
>> 238632 (57569: 55570 61069 57562) (1400.45 s)
>> 238335 (59148: 59646 59160 54648) (1383.35 s)
>> 227499 (16936: 19441 16925 13686) (1448.73 s)
>> 208459 (36283: 36289 36777 34533) (1400.01 s)
>> 199029 (6359: 7364 6354 5359) (1258.43 s)
>> 198222 (9540: 8040 10526 7568) (1252.18 s)
>> 187667 (35382: 36626 35400 32382) (1313.5 s)
>> 185425 (48786: 48796 50272 45786) (1328.87 s)
>> 180813 (16269: 14499 16275 11269) (1400.92 s)
>> 178150 (16613: 14363 19858 16620) (1111.6 s)
>> 174667 (47860: 46610 49615 47851) (1065.87 s)
>> 166984 (24707: 26957 24716 24452) (1065.02 s)
>> 162805 (54239: 56239 54234 53242) (1071.35 s)
>> 153748 (6590: 5593 8840 6587) (1032.06 s)
>> 151537 (48001: 48501 48015 46750) (1044.95 s)
>> 143279 (58285: 58281 62026 55570) (1050.33 s)
>> 141984 (3139: 3143 5139 2871) (1065.67 s)
>> 135498 (29373: 31123 29361 28628) (1074.13 s)
>> 127961 (33997: 34746 34003 33247) (1076.31 s)
>> 125103 (3359: 3357 7364 3143) (1030.29 s)
>> 125095 (7889: 7892 8630 3357) (1020.46 s)
>> 117062 (14822: 14817 23081 8040) (1030.41 s)
>> 114752 (1521: 280 2504 1537) (1070.51 s)
>> 113184 (55778: 54029 57028 55764) (1040.66 s)
>> 110146 (40154: 40158 40904 39651) (981.197 s)
>> 106976 (43182: 43179 43688 41682) (982.194 s)
>> 106806 (45419: 46169 47157 43179) (963 s)
>> 106189 (2056: 2306 2061 1803) (1136.94 s)
>> 98672 (39434: 39934 38939 37172) (1350.49 s)
>> 96605 (15838: 14088 17602 14817) (1263.53 s)
>> 95268 (23092: 23344 21842 14088) (1278.68 s)
>> 95242 (9430: 9427 11930 6937) (1334.68 s)
>> 93256 (4540: 4542 23344 3538) (1321.65 s)
>> 92223 (58713: 57963 59970 58703) (1264.69 s)
>> 92112 (28297: 27797 30051 29041) (1316.91 s)
>> 89534 (53256: 51756 56239 55259) (1000.84 s)
>> 85865 (36314: 37815 36289 34314) (908.521 s)
>> 81860 (40560: 40566 41309 38310) (1015.9 s)
>> 79799 (37328: 38578 37336 35827) (1005.71 s)
>> 76165 (1788: 280 4542 2306) (1027.29 s)
>> 71577 (50006: 48501 51756 48796) (877.751 s)
>> 67113 (52365: 51631 52595 46610) (976.953 s)
>> 66120 (31814: 31813 37815 28071) (994.976 s)
>> 62379 (58694: 53196 60192 57963) (1038.41 s)
>> 53521 (23877: 23625 31123 18894) (1044.74 s)
>> 53217 (36510: 38010 34746 31813) (1058.14 s)
>> 50278 (17383: 17385 19633 14363) (1047.38 s)
>> 49012 (32554: 32805 32544 31554) (1043.02 s)
>> 44402 (56009: 48501 59258 56011) (1039.74 s)
>> 41071 (24924: 24920 27424 21178) (1017.82 s)
>> 36234 (60740: 60240 61230 60745) (1046.95 s)
>> 35871 (61884: 61882 62372 59646) (1007.77 s)
>> 34691 (28782: 29532 28784 26280) (1023.98 s)
>> 34499 (18675: 18673 20426 19441) (1031.22 s)
>> 33368 (10269: 10270 14499 9767) (980.407 s)
>> 32908 (18887: 20137 23625 17385) (959.491 s)
>> 29114 (38945: 39195 39934 36208) (1345.18 s)
>> 25883 (31997: 31998 38010 31241) (1335.41 s)
>> 25260 (47475: 47473 48475 46477) (1348.18 s)
>> 24423 (25048: 26550 25045 280) (1315.91 s)
>> 23807 (621: 133 7892 609) (1235.03 s)
>> 20108 (6164: 9427 8406 1164) (1196.41 s)
>> 4230 (1465: 966 4226 1461) (1234.19 s)
>> 0 (-1: -1 -1 -1) (1291.37 s)
Zelikovsky- 97510.7 s
>>> get_solution
  refine_solution: new weight 119474457 (was 119474457) in 0.042004 s
>>> get_solution
  refine_solution: new weight 129985482 (was 130244792) in 0.042585 s
  refine_solution: new weight 129985482 (was 129985482) in 0.044221 s
6,,62426,124372,244,,513,0,,130244792,129985482,122208486,119474457,119474457,,98552,2,@@

  handle_small_Steiner_degrees: steiner 0, suppress 0 in 0.000149 s
Starting round 7
Found 40 isolated vertices
Invalid ratios recomputed: 1227
Best ratio is 100938/1 (100938.0), centered at 25513
Finding the best star... Star with 2 terminals centered in 25766
round took: 0.230115 s
|V| = 62460, |E| = 124366, |R| = 243
>> 496991 (17749: 14499 17768 14499) (0.089314 s)
>> 457838 (51421: 50171 51433 50171) (0.091028 s)
>> 389658 (57346: 53846 57333 53846) (0.090388 s)
>> 377379 (44950: 43440 44962 43440) (0.090185 s)
>> 363859 (42002: 41012 41994 41012) (0.089728 s)
>> 426846 (52159: 49159 52163 49159) (0.087822 s)
>> 330635 (19152: 18894 19161 18894) (0.088316 s)
>> 338958 (8416: 6167 8406 6167) (0.088012 s)
>> 304936 (25774: 22774 25766 22774) (0.088424 s)
>> 299477 (21485: 18232 21493 18232) (0.088387 s)
>> 288450 (17080: 15834 17074 15834) (0.087583 s)
>> 283284 (12455: 11205 12464 11205) (0.088117 s)
>> 269256 (22307: 20802 22326 20802) (0.088436 s)
>> 257212 (44106: 42849 44116 42849) (0.08853 s)
>> 254886 (54944: 53196 54935 53196) (0.089006 s)
>> 250552 (9568: 7568 9558 7568) (0.088389 s)
>> 274152 (14072: 11572 14088 11572) (0.088939 s)
>> 276767 (16613: 14363 16620 14363) (0.088661 s)
>> 250504 (30460: 29954 30467 29954) (0.089272 s)
>> 248950 (23902: 22652 23895 22652) (0.088729 s)
>> 244159 (52372: 51631 52369 51631) (0.088711 s)
>> 241151 (45407: 45147 45415 45147) (0.088316 s)
>> 240619 (39422: 37172 39431 37172) (0.088155 s)
>> 238696 (47709: 47473 47700 47473) (0.088165 s)
>> 238632 (57569: 55570 57562 55570) (0.087555 s)
>> 299204 (48786: 45786 48796 45786) (0.087387 s)
>> 238335 (59148: 54648 59160 54648) (0.087189 s)
>> 233303 (10114: 7364 10127 7364) (0.086556 s)
>> 227499 (16936: 13686 16925 13686) (0.086476 s)
>> 224366 (10927: 9427 10916 9427) (0.086131 s)
>> 224106 (4211: 1461 4226 1461) (0.086214 s)
>> 208459 (36283: 34533 36289 34533) (0.085895 s)
>> 206139 (14776: 10526 14817 10526) (0.085877 s)
>> 203742 (57959: 49459 57963 49459) (0.085725 s)
>> 187667 (35382: 32382 35400 32382) (0.085435 s)
>> 186884 (61035: 58281 61069 58281) (0.085041 s)
>> 175976 (9004: 2504 8986 2504) (0.084928 s)
>> 175859 (55778: 54029 55764 54029) (0.084621 s)
>> 174667 (47860: 46610 47851 46610) (0.084754 s)
>> 171246 (58872: 55122 58868 55122) (0.08449 s)
>> 169809 (27420: 24920 27424 24920) (0.08419 s)
>> 168735 (19875: 19633 19858 19633) (0.084509 s)
>> 166984 (24707: 24452 24716 24452) (0.084068 s)
>> 162805 (54239: 53242 54234 53242) (0.084027 s)
>> 153748 (6590: 5593 6587 5593) (0.084024 s)
>> 151537 (48001: 46750 48015 46750) (0.084485 s)
>> 256035 (50256: 48501 50272 48501) (0.083928 s)
>> 141984 (3139: 2871 3143 2871) (0.084479 s)
>> 140705 (15219: 13219 15206 13219) (0.085042 s)
>> 137148 (21176: 20426 21178 20426) (0.08495 s)
>> 135498 (29373: 28628 29361 28628) (0.084777 s)
>> 127961 (33997: 33247 34003 33247) (0.084633 s)
>> 125103 (5357: 3357 5359 3357) (0.085045 s)
>> 125095 (7889: 5139 7892 5139) (0.084482 s)
>> 113422 (51095: 49615 51089 49615) (0.084143 s)
>> 110146 (40154: 39651 40158 39651) (0.084205 s)
>> 106976 (43182: 41682 43179 41682) (0.084644 s)
>> 106189 (2056: 1803 2061 1803) (0.084698 s)
>> 101912 (19447: 13951 19441 13951) (0.084474 s)
>> 96450 (21831: 21330 21842 21330) (0.084404 s)
>> 94392 (15391: 12891 15399 12891) (0.083899 s)
>> 93256 (4540: 3538 4542 3538) (0.08398 s)
>> 92112 (28297: 27797 29041 27797) (0.084034 s)
>> 91615 (4306: 2306 4335 2306) (0.083825 s)
>> 85444 (38566: 37815 38578 37815) (0.083806 s)
>> 134627 (40560: 38310 40566 38310) (0.083589 s)
>> 82961 (42404: 40904 42379 40904) (0.063596 s)
>> 81561 (31814: 28071 31813 28071) (0.061359 s)
>> 64179 (39938: 38939 39934 38939) (0.061125 s)
>> 62379 (58694: 58194 58703 58194) (0.06059 s)
>> 53217 (36760: 33755 36777 33755) (0.060563 s)
>> 49012 (32554: 31554 32544 31554) (0.060052 s)
>> 48162 (46475: 41974 46477 41974) (0.059633 s)
>> 44402 (56009: 55259 56011 55259) (0.059313 s)
>> 36234 (60245: 59258 60240 59258) (0.058923 s)
>> 35871 (61884: 59646 61882 59646) (0.05884 s)
>> 34691 (28782: 26280 28784 26280) (0.058813 s)
>> 33368 (10269: 9767 10270 9767) (0.058993 s)
>> 24423 (25298: 25045 25307 25045) (0.077964 s)
>> 0 (-1: -1 -1 -1) (0.079631 s)
Zelikovsky 1289.42 s
>> 496991 (17749: 14499 21493 17768) (1096.25 s)
>> 457838 (51421: 50171 52163 51433) (1133.44 s)
>> 389658 (57346: 53846 60603 57333) (1418.54 s)
>> 377379 (44950: 44962 47700 43440) (1429.67 s)
>> 363859 (42002: 41994 44507 41012) (1432.53 s)
>> 330635 (19152: 18894 22652 19161) (1303.03 s)
>> 328488 (9417: 9427 10916 6167) (1428.32 s)
>> 304936 (25774: 26280 25766 22774) (1424.15 s)
>> 288450 (17080: 17074 21330 15834) (1424.51 s)
>> 283284 (12455: 11205 13449 12464) (1408.95 s)
>> 269256 (22307: 20802 25307 22326) (1421.68 s)
>> 268544 (44974: 46477 44962 41974) (1291.72 s)
>> 257212 (44106: 45606 44116 42849) (1241.1 s)
>> 254886 (54944: 53196 58194 54935) (1369.63 s)
>> 250552 (9568: 7568 11572 9558) (1376.6 s)
>> 250504 (30460: 33210 30467 29954) (1436.54 s)
>> 248950 (23902: 18894 27655 23895) (1444.57 s)
>> 247301 (7205: 5948 11205 7229) (1475.23 s)
>> 244159 (52372: 51631 55122 52369) (1448.28 s)
>> 242389 (22330: 23081 20802 17074) (1437.89 s)
>> 241151 (45407: 47157 45415 45147) (1372.62 s)
>> 240619 (39422: 37172 40412 39431) (1298.32 s)
>> 238632 (57569: 55570 61069 57562) (1390.46 s)
>> 238335 (59148: 59646 59160 54648) (1359.24 s)
>> 227499 (16936: 19441 16925 13686) (1396.21 s)
>> 208459 (36283: 36289 36777 34533) (1378.76 s)
>> 199029 (6359: 7364 6354 5359) (1380.07 s)
>> 198222 (9540: 8040 10526 7568) (1334.01 s)
>> 187667 (35382: 36626 35400 32382) (1403.4 s)
>> 185425 (48786: 48796 50272 45786) (1345.48 s)
>> 180813 (16269: 14499 16275 11269) (1386.88 s)
>> 178150 (16613: 14363 19858 16620) (1373.89 s)
>> 174667 (47860: 46610 49615 47851) (1338.13 s)
>> 166984 (24707: 26957 24716 24452) (1212.38 s)
>> 162805 (54239: 56239 54234 53242) (1221.42 s)
>> 153748 (6590: 5593 8840 6587) (1238.28 s)
>> 151537 (48001: 48501 48015 46750) (1228.55 s)
>> 143279 (58285: 58281 62026 55570) (1206.05 s)
>> 141984 (3139: 3143 5139 2871) (1141.39 s)
>> 135498 (29373: 31123 29361 28628) (1200.43 s)
>> 127961 (33997: 34746 34003 33247) (1190.77 s)
>> 125103 (3359: 3357 7364 3143) (1195.6 s)
>> 125095 (7889: 7892 8630 3357) (1189.78 s)
>> 117062 (14822: 14817 23081 8040) (1172.97 s)
>> 114752 (1521: 280 2504 1537) (1157.29 s)
>> 113184 (55778: 54029 57028 55764) (1197.9 s)
>> 110146 (40154: 40158 40904 39651) (1195.78 s)
>> 106976 (43182: 43179 43688 41682) (1208.44 s)
>> 106806 (45419: 46169 47157 43179) (1180.83 s)
>> 106189 (2056: 2306 2061 1803) (1183.95 s)
>> 98672 (39434: 39934 38939 37172) (1218.1 s)
>> 96605 (15838: 14088 17602 14817) (1151.92 s)
>> 95268 (23092: 23344 21842 14088) (1089.03 s)
>> 95242 (9430: 9427 11930 6937) (1090.22 s)
>> 93256 (4540: 4542 23344 3538) (1144.22 s)
>> 92223 (58713: 57963 59970 58703) (1110.32 s)
>> 92112 (28297: 27797 30051 29041) (1181.76 s)
>> 89534 (53256: 51756 56239 55259) (1180.48 s)
>> 85865 (36314: 37815 36289 34314) (1194.62 s)
>> 81860 (40560: 40566 41309 38310) (1176.47 s)
>> 79799 (37328: 38578 37336 35827) (1187 s)
>> 76165 (1788: 280 4542 2306) (1167.36 s)
>> 71577 (50006: 48501 51756 48796) (1157.82 s)
>> 67113 (52365: 51631 52595 46610) (1167.32 s)
>> 66120 (31814: 31813 37815 28071) (1180.19 s)
>> 62379 (58694: 53196 60192 57963) (1152.42 s)
>> 53521 (23877: 23625 31123 18894) (1100.82 s)
>> 53217 (36510: 38010 34746 31813) (1154.99 s)
>> 50278 (17383: 17385 19633 14363) (1168.18 s)
>> 49012 (32554: 32805 32544 31554) (1164.52 s)
>> 44402 (56009: 48501 59258 56011) (1169.55 s)
>> 41071 (24924: 24920 27424 21178) (1172.27 s)
>> 36234 (60740: 60240 61230 60745) (1183.23 s)
>> 35871 (61884: 61882 62372 59646) (1178.4 s)
>> 34691 (28782: 29532 28784 26280) (1158.84 s)
>> 34499 (18675: 18673 20426 19441) (1132.96 s)
>> 33368 (10269: 10270 14499 9767) (1075.92 s)
>> 32908 (18887: 20137 23625 17385) (1122.95 s)
>> 29114 (38945: 39195 39934 36208) (1125.63 s)
>> 25883 (31997: 31998 38010 31241) (1176.42 s)
>> 25260 (47475: 47473 48475 46477) (1176.96 s)
>> 24423 (25048: 26550 25045 280) (1104.44 s)
>> 23807 (621: 133 7892 609) (1088.62 s)
>> 20108 (6164: 9427 8406 1164) (1072.85 s)
>> 4230 (1465: 966 4226 1461) (1149.49 s)
>> 0 (-1: -1 -1 -1) (1181.53 s)
Zelikovsky- 106931 s
>>> get_solution
  refine_solution: new weight 119474457 (was 119474457) in 0.036004 s
>>> get_solution
  refine_solution: new weight 129985482 (was 130244792) in 0.036902 s
  refine_solution: new weight 129985482 (was 129985482) in 0.038338 s
7,,62420,124366,243,,1227,0,,130244792,129985482,122603330,119474457,119474457,,100938,2,@@

  handle_small_Steiner_degrees: steiner 0, suppress 0 in 0.000157 s
Starting round 8
contract_till_the_bitter_end interrupted
contract_till_the_bitter_end: 803937 s

Calling end_heu
>>> get_solution
Saved weight 0
end_heu: 0 loops with 0 unique solutions in 0.00216 s

Calling print_solution
>>> get_solution
  refine_solution: new weight 129985482 (was 130244792) in 0.037816 s
Oops orig weight was 130244792 but we got 129985482
## FINAL WEIGHT 129985482
print_solution: 0.058995 s
