Version: final-94-gfffc3aa rub_all.sh: remove longest prefix
Random seed: 1553579777
Start
>>> save_orig_graph
>> Saved weight 0
Graph loaded
|V| = 901, |E| = 1740, |R| = 30
First clearance of the input. Calling buy_zero and run_all_heuristics.
  buy_zero: 0 zero edges in 3e-06 s
  handle_small_terminal_degrees: terms 0 in 1e-06 s
  handle_small_Steiner_degrees: steiner 0, suppress 4 in 3e-06 s
  shortest_edge_between_terminals: 0 edges in 1e-06 s
  handle_small_terminal_degrees: terms 0 in 1e-06 s
  handle_small_Steiner_degrees: steiner 0, suppress 0 in 2e-06 s
  shortest_edge_between_terminals: 0 edges in 0 s
Compressed graph 901 -> 896
  delete_edges: deleted 4 edges in 5.3e-05 s and 1 rounds
  handle_small_terminal_degrees: terms 0 in 1e-06 s
  handle_small_Steiner_degrees: steiner 0, suppress 8 in 5e-06 s
  shortest_edge_between_terminals: 0 edges in 1e-06 s
  handle_small_terminal_degrees: terms 0 in 2e-06 s
  handle_small_Steiner_degrees: steiner 0, suppress 0 in 2e-06 s
  shortest_edge_between_terminals: 0 edges in 0 s
Compressed graph 896 -> 888
  delete_edges_shortest_path: deleted 8 edges in 0.004057 s
  handle_small_terminal_degrees: terms 0 in 1e-06 s
  handle_small_Steiner_degrees: steiner 0, suppress 12 in 6e-06 s
  shortest_edge_between_terminals: 0 edges in 1e-06 s
  handle_small_terminal_degrees: terms 0 in 0 s
  handle_small_Steiner_degrees: steiner 0, suppress 0 in 2e-06 s
  shortest_edge_between_terminals: 0 edges in 0 s
Compressed graph 888 -> 876
  handle_small_terminal_degrees: terms 0 in 1e-06 s
  handle_small_Steiner_degrees: steiner 0, suppress 0 in 1e-06 s
  shortest_edge_between_terminals: 0 edges in 1e-06 s
Compressed graph 876 -> 876
  delete_edges_shortest_path: deleted 12 edges in 0.003652 s
  handle_small_terminal_degrees: terms 0 in 1e-06 s
  handle_small_Steiner_degrees: steiner 0, suppress 16 in 6e-06 s
  shortest_edge_between_terminals: 0 edges in 0 s
  handle_small_terminal_degrees: terms 0 in 1e-06 s
  handle_small_Steiner_degrees: steiner 0, suppress 0 in 1e-06 s
  shortest_edge_between_terminals: 0 edges in 1e-06 s
Compressed graph 876 -> 860
Compressed graph 860 -> 860
>>> save_orig_graph
>> Saved weight 0
### ZEL_LVL=9 PRECISE_STARS=0

Calling `contract_till_the_bitter_end`
|V| = 860, |E| = 1676, |R| = 30
>> 728179 (594: 414 593 414) (0.000445 s)
>> 463661 (212: 184 210 184) (0.000426 s)
>> 329166 (135: 49 133 49) (0.000398 s)
>> 446727 (693: 573 685 573) (0.00038 s)
>> 246714 (462: 374 461 374) (0.000341 s)
>> 222965 (515: 362 517 362) (0.000295 s)
>> 210134 (710: 650 711 650) (0.000283 s)
>> 245062 (227: 31 226 31) (0.000268 s)
>> 113464 (820: 738 827 738) (0.000264 s)
>> 56669 (89: 14 88 14) (0.000247 s)
>> 0 (-1: -1 -1 -1) (0.000214 s)
Zelikovsky 0.069232 s
>> 728179 (594: 685 593 414) (0.064309 s)
>> 463661 (212: 184 362 210) (0.06406 s)
>> 387355 (620: 650 685 612) (0.065599 s)
>> 329166 (135: 49 226 133) (0.06375 s)
>> 308451 (543: 545 573 184) (0.068552 s)
>> 246714 (462: 461 650 374) (0.066012 s)
>> 245062 (286: 49 461 287) (0.063186 s)
>> 210134 (710: 711 738 49) (0.067432 s)
>> 160909 (36: 14 88 31) (0.07828 s)
>> 113464 (820: 843 827 711) (0.072865 s)
>> 61379 (338: 339 517 278) (0.081737 s)
>> 0 (-1: -1 -1 -1) (0.065419 s)
Zelikovsky- 0.822766 s
>>> get_solution
  refine_solution: new weight 42089069 (was 42089069) in 0.000219 s
>>> get_solution
  refine_solution: new weight 44427701 (was 44427701) in 0.00025 s
0,,860,1676,30,,0,0,,44427701,44427701,42972591,42089069,42089069,,0,0,@@

  delete_edges: deleted 16 edges in 0.000127 s and 3 rounds
  handle_small_Steiner_degrees: steiner 0, suppress 20 in 8e-06 s
Starting round 1
Found 20 isolated vertices
Invalid ratios recomputed: 840
Best ratio is 286259/1 (286259.0), centered at 278
Finding the best star... Star with 2 terminals centered in 339
round took: 0.009707 s
|V| = 860, |E| = 1636, |R| = 29
>> 728179 (594: 414 593 414) (0.000373 s)
>> 463661 (212: 184 210 184) (0.000332 s)
>> 329166 (135: 49 133 49) (0.000315 s)
>> 446727 (693: 573 685 573) (0.000307 s)
>> 246714 (462: 374 461 374) (0.000352 s)
>> 222965 (515: 362 517 362) (0.00033 s)
>> 210134 (710: 650 711 650) (0.00031 s)
>> 245062 (227: 31 226 31) (0.000294 s)
>> 113464 (820: 738 827 738) (0.000268 s)
>> 56669 (89: 14 88 14) (0.000232 s)
>> 0 (-1: -1 -1 -1) (0.0002 s)
Zelikovsky 0.065394 s
>> 728179 (594: 685 593 414) (0.061069 s)
>> 463661 (212: 184 362 210) (0.070628 s)
>> 387355 (620: 650 685 612) (0.066349 s)
>> 329166 (135: 49 226 133) (0.070183 s)
>> 308451 (543: 545 573 184) (0.065802 s)
>> 246714 (462: 461 650 374) (0.061578 s)
>> 245062 (286: 49 461 287) (0.060165 s)
>> 210134 (710: 711 738 49) (0.064918 s)
>> 160909 (36: 14 88 31) (0.064035 s)
>> 113464 (820: 843 827 711) (0.069261 s)
>> 0 (-1: -1 -1 -1) (0.065346 s)
Zelikovsky- 0.720659 s
>>> get_solution
  refine_solution: new weight 42150448 (was 42150448) in 0.000219 s
>>> get_solution
  refine_solution: new weight 44427701 (was 44427701) in 0.00021 s
1,,840,1636,29,,840,0,,44427701,44427701,42972591,42150448,42150448,,286259,2,@@

  handle_small_Steiner_degrees: steiner 0, suppress 0 in 2e-06 s
Starting round 2
Found 23 isolated vertices
Invalid ratios recomputed: 57
Best ratio is 433286/1 (433286.0), centered at 430
Finding the best star... Star with 2 terminals centered in 461
round took: 0.000796 s
|V| = 860, |E| = 1633, |R| = 28
>> 728179 (594: 414 593 414) (0.000362 s)
>> 463661 (212: 184 210 184) (0.000325 s)
>> 329166 (135: 49 133 49) (0.000306 s)
>> 446727 (693: 573 685 573) (0.000295 s)
>> 245062 (286: 226 287 226) (0.000279 s)
>> 222965 (515: 362 517 362) (0.000267 s)
>> 210134 (710: 650 711 650) (0.000252 s)
>> 160909 (36: 14 31 14) (0.00024 s)
>> 0 (-1: -1 -1 -1) (0.000196 s)
Zelikovsky 0.063206 s
>> 728179 (594: 685 593 414) (0.05828 s)
>> 463661 (212: 184 362 210) (0.059003 s)
>> 387355 (620: 650 685 612) (0.065914 s)
>> 329166 (135: 49 226 133) (0.062628 s)
>> 308451 (543: 545 573 184) (0.067165 s)
>> 245062 (286: 49 374 287) (0.058935 s)
>> 210134 (710: 711 738 650) (0.05914 s)
>> 160909 (36: 14 88 31) (0.060043 s)
>> 113464 (820: 843 827 711) (0.068724 s)
>> 79707 (432: 461 843 49) (0.063674 s)
>> 0 (-1: -1 -1 -1) (0.070666 s)
Zelikovsky- 0.695487 s
>>> get_solution
  refine_solution: new weight 42150448 (was 42150448) in 0.000287 s
>>> get_solution
  refine_solution: new weight 44427701 (was 44427701) in 0.000214 s
2,,837,1633,28,,57,0,,44427701,44427701,42702996,42150448,42150448,,433286,2,@@

  handle_small_Steiner_degrees: steiner 0, suppress 1 in 3e-06 s
Starting round 3
Found 26 isolated vertices
Invalid ratios recomputed: 102
Best ratio is 627610/1 (627610.0), centered at 120
Finding the best star... Star with 2 terminals centered in 210
round took: 0.001484 s
|V| = 860, |E| = 1627, |R| = 27
>> 728179 (594: 414 593 414) (0.000355 s)
>> 402518 (182: 184 210 184) (0.000311 s)
>> 329166 (135: 49 133 49) (0.00029 s)
>> 446727 (693: 573 685 573) (0.000282 s)
>> 245062 (286: 226 287 226) (0.000263 s)
>> 222965 (515: 362 517 362) (0.000251 s)
>> 210134 (710: 650 711 650) (0.000237 s)
>> 160909 (36: 14 31 14) (0.000221 s)
>> 0 (-1: -1 -1 -1) (0.000185 s)
Zelikovsky 0.060964 s
>> 728179 (594: 685 593 414) (0.057587 s)
>> 402518 (182: 184 362 210) (0.058121 s)
>> 387355 (620: 650 685 612) (0.06291 s)
>> 329166 (135: 49 226 133) (0.062093 s)
>> 308451 (543: 545 573 184) (0.06677 s)
>> 245062 (286: 49 374 287) (0.061879 s)
>> 210134 (710: 711 738 650) (0.05857 s)
>> 160909 (36: 14 88 31) (0.059026 s)
>> 113464 (820: 843 827 711) (0.060544 s)
>> 79707 (432: 461 843 49) (0.06469 s)
>> 0 (-1: -1 -1 -1) (0.064629 s)
Zelikovsky- 0.678079 s
>>> get_solution
  refine_solution: new weight 42150448 (was 42150448) in 0.000227 s
>>> get_solution
  refine_solution: new weight 44427701 (was 44427701) in 0.000219 s
3,,834,1627,27,,102,0,,44427701,44427701,42702996,42150448,42150448,,627610,2,@@

  handle_small_Steiner_degrees: steiner 0, suppress 0 in 2e-06 s
Starting round 4
Found 30 isolated vertices
Invalid ratios recomputed: 167
Best ratio is 1571729/2 (785864.5), centered at 135
Finding the best star... Star with 3 terminals centered in 226
round took: 0.002629 s
|V| = 860, |E| = 1615, |R| = 25
>> 728179 (594: 414 593 414) (0.000322 s)
>> 402518 (182: 184 210 184) (0.000285 s)
>> 308451 (543: 362 545 362) (0.000267 s)
>> 304420 (693: 573 685 573) (0.00025 s)
>> 210134 (710: 650 711 650) (0.000243 s)
>> 160909 (36: 14 31 14) (0.000231 s)
>> 0 (-1: -1 -1 -1) (0.000176 s)
Zelikovsky 0.06514 s
>> 728179 (594: 685 593 414) (0.05696 s)
>> 402518 (182: 184 362 210) (0.058395 s)
>> 387355 (620: 650 685 612) (0.059029 s)
>> 308451 (543: 545 573 184) (0.061449 s)
>> 210134 (710: 711 738 650) (0.0623 s)
>> 160909 (36: 14 88 31) (0.05754 s)
>> 125689 (285: 226 374 287) (0.063215 s)
>> 113464 (820: 843 827 711) (0.061477 s)
>> 79707 (432: 461 843 226) (0.058209 s)
>> 0 (-1: -1 -1 -1) (0.059433 s)
Zelikovsky- 0.599144 s
>>> get_solution
  refine_solution: new weight 42150448 (was 42150448) in 0.000227 s
>>> get_solution
  refine_solution: new weight 44553390 (was 44553390) in 0.000208 s
4,,830,1615,25,,167,0,,44553390,44553390,42743199,42150448,42150448,,1571729,3,@@

  handle_small_Steiner_degrees: steiner 0, suppress 0 in 1e-06 s
Starting round 5
Found 39 isolated vertices
Invalid ratios recomputed: 173
Best ratio is 814164/1 (814164.0), centered at 650
Finding the best star... Star with 2 terminals centered in 711
round took: 0.002776 s
|V| = 860, |E| = 1611, |R| = 24
>> 683082 (594: 414 593 414) (0.000309 s)
>> 402518 (182: 184 210 184) (0.000276 s)
>> 308451 (543: 362 545 362) (0.000261 s)
>> 304420 (693: 573 685 573) (0.000243 s)
>> 160909 (36: 14 31 14) (0.000235 s)
>> 0 (-1: -1 -1 -1) (0.000178 s)
Zelikovsky 0.062793 s
>> 683082 (594: 685 593 414) (0.060505 s)
>> 402518 (182: 184 362 210) (0.061824 s)
>> 387355 (620: 711 685 612) (0.064972 s)
>> 308451 (543: 545 573 184) (0.056619 s)
>> 160909 (36: 14 88 31) (0.057351 s)
>> 125689 (285: 226 374 287) (0.057191 s)
>> 113464 (820: 843 827 738) (0.062122 s)
>> 79707 (432: 461 711 226) (0.060984 s)
>> 0 (-1: -1 -1 -1) (0.066344 s)
Zelikovsky- 0.548968 s
>>> get_solution
  refine_solution: new weight 42150448 (was 42150448) in 0.000226 s
>>> get_solution
  refine_solution: new weight 44298159 (was 44298159) in 0.00023 s
5,,821,1611,24,,173,0,,44298159,44298159,42743199,42150448,42150448,,814164,2,@@

  handle_small_Steiner_degrees: steiner 0, suppress 0 in 1e-06 s
Starting round 6
Found 42 isolated vertices
Invalid ratios recomputed: 147
Best ratio is 856435/1 (856435.0), centered at 226
Finding the best star... Star with 2 terminals centered in 287
round took: 0.002152 s
|V| = 860, |E| = 1606, |R| = 23
>> 683082 (594: 414 593 414) (0.000287 s)
>> 402518 (182: 184 210 184) (0.000257 s)
>> 308451 (543: 362 545 362) (0.000239 s)
>> 304420 (693: 573 685 573) (0.000224 s)
>> 160909 (36: 14 31 14) (0.000216 s)
>> 0 (-1: -1 -1 -1) (0.000164 s)
Zelikovsky 0.061346 s
>> 683082 (594: 685 593 414) (0.055669 s)
>> 402518 (182: 184 362 210) (0.055954 s)
>> 387355 (620: 711 685 612) (0.057157 s)
>> 308451 (543: 545 573 184) (0.063132 s)
>> 160909 (36: 14 88 31) (0.056959 s)
>> 113464 (820: 843 827 738) (0.064119 s)
>> 79707 (432: 461 711 374) (0.061123 s)
>> 0 (-1: -1 -1 -1) (0.057425 s)
Zelikovsky- 0.472512 s
>>> get_solution
  refine_solution: new weight 42150448 (was 42150448) in 0.000218 s
>>> get_solution
  refine_solution: new weight 44172470 (was 44172470) in 0.000212 s
6,,818,1606,23,,147,0,,44172470,44172470,42617510,42150448,42150448,,856435,2,@@

  handle_small_Steiner_degrees: steiner 0, suppress 0 in 1e-06 s
Starting round 7
Found 45 isolated vertices
Invalid ratios recomputed: 205
Best ratio is 892810/1 (892810.0), centered at 88
Finding the best star... Star with 2 terminals centered in 210
round took: 0.004084 s
|V| = 860, |E| = 1599, |R| = 22
>> 683082 (594: 414 593 414) (0.00028 s)
>> 402518 (182: 184 210 184) (0.000247 s)
>> 308451 (543: 362 545 362) (0.00023 s)
>> 348548 (693: 573 685 573) (0.000213 s)
>> 113464 (820: 738 827 738) (0.000208 s)
>> 79707 (432: 374 461 374) (0.000193 s)
>> 0 (-1: -1 -1 -1) (0.000183 s)
Zelikovsky 0.056799 s
>> 683082 (594: 685 593 414) (0.055369 s)
>> 402518 (182: 184 362 210) (0.058731 s)
>> 387355 (620: 711 685 612) (0.061113 s)
>> 308451 (543: 545 573 184) (0.059396 s)
>> 142449 (56: 31 545 287) (0.064509 s)
>> 113464 (820: 843 827 738) (0.057146 s)
>> 79707 (432: 461 711 374) (0.058447 s)
>> 0 (-1: -1 -1 -1) (0.062091 s)
Zelikovsky- 0.477817 s
>>> get_solution
  refine_solution: new weight 42112239 (was 42112239) in 0.000279 s
>>> get_solution
  refine_solution: new weight 44115801 (was 44115801) in 0.000257 s
7,,815,1599,22,,205,0,,44115801,44115801,42642043,42112239,42112239,,892810,2,@@

  handle_small_Steiner_degrees: steiner 0, suppress 0 in 1e-06 s
Starting round 8
Found 49 isolated vertices
Invalid ratios recomputed: 192
Best ratio is 936938/1 (936938.0), centered at 14
Finding the best star... Star with 2 terminals centered in 210
round took: 0.003721 s
|V| = 860, |E| = 1594, |R| = 21
>> 683082 (594: 414 593 414) (0.000337 s)
>> 402518 (182: 184 210 184) (0.000302 s)
>> 1029459 (693: 573 685 573) (0.000264 s)
>> 222965 (515: 362 517 362) (0.000249 s)
>> 113464 (820: 738 827 738) (0.000233 s)
>> 79707 (432: 374 461 374) (0.000219 s)
>> 0 (-1: -1 -1 -1) (0.000203 s)
Zelikovsky 0.059877 s
>> 683082 (594: 685 593 414) (0.055668 s)
>> 402518 (182: 184 362 210) (0.058873 s)
>> 387355 (620: 711 685 612) (0.060437 s)
>> 308451 (543: 545 573 184) (0.055405 s)
>> 113464 (820: 843 827 738) (0.055561 s)
>> 79707 (432: 461 711 374) (0.055886 s)
>> 38209 (56: 31 545 287) (0.05982 s)
>> 0 (-1: -1 -1 -1) (0.062828 s)
Zelikovsky- 0.465482 s
>>> get_solution
  refine_solution: new weight 42112239 (was 42112239) in 0.000222 s
>>> get_solution
  refine_solution: new weight 44011561 (was 44011561) in 0.000217 s
8,,811,1594,21,,192,0,,44011561,44011561,42623289,42112239,42112239,,936938,2,@@

  handle_small_Steiner_degrees: steiner 0, suppress 0 in 2e-06 s
Starting round 9
Found 52 isolated vertices
Invalid ratios recomputed: 194
Best ratio is 967720/1 (967720.0), centered at 543
Finding the best star... Star with 2 terminals centered in 573
round took: 0.003658 s
|V| = 860, |E| = 1590, |R| = 20
>> 683082 (594: 414 593 414) (0.000262 s)
>> 402518 (182: 184 210 184) (0.000233 s)
>> 1029459 (693: 573 685 573) (0.000212 s)
>> 929562 (367: 339 362 339) (0.0002 s)
>> 113464 (820: 738 827 738) (0.00019 s)
>> 79707 (432: 374 461 374) (0.000177 s)
>> 0 (-1: -1 -1 -1) (0.000165 s)
Zelikovsky 0.059237 s
>> 683082 (594: 685 593 414) (0.061889 s)
>> 402518 (182: 184 362 210) (0.055613 s)
>> 387355 (620: 711 685 612) (0.057623 s)
>> 174885 (422: 184 711 573) (0.05551 s)
>> 113464 (820: 843 827 738) (0.061684 s)
>> 79707 (432: 461 374 184) (0.059533 s)
>> 0 (-1: -1 -1 -1) (0.067817 s)
Zelikovsky- 0.420545 s
>>> get_solution
  refine_solution: new weight 41975563 (was 41975563) in 0.000242 s
>>> get_solution
  refine_solution: new weight 43703110 (was 43703110) in 0.000219 s
9,,808,1590,20,,194,0,,43703110,43703110,42537803,41975563,41975563,,967720,2,@@

  handle_small_Steiner_degrees: steiner 0, suppress 0 in 2e-06 s
Starting round 10
Found 55 isolated vertices
Invalid ratios recomputed: 161
Best ratio is 1061239/1 (1061239.0), centered at 181
Finding the best star... Star with 2 terminals centered in 184
round took: 0.002809 s
|V| = 860, |E| = 1584, |R| = 19
>> 683082 (594: 414 593 414) (0.000239 s)
>> 113464 (820: 738 827 738) (0.00022 s)
>> 79707 (432: 374 461 374) (0.000197 s)
>> 263436 (693: 573 685 573) (0.000186 s)
>> 377998 (367: 339 362 339) (0.000174 s)
>> 38209 (56: 31 184 31) (0.000164 s)
>> 0 (-1: -1 -1 -1) (0.000133 s)
Zelikovsky 0.057888 s
>> 683082 (594: 685 593 414) (0.05583 s)
>> 387355 (620: 711 685 612) (0.054822 s)
>> 174885 (422: 362 711 573) (0.054376 s)
>> 113464 (820: 843 827 738) (0.06019 s)
>> 79707 (432: 461 374 362) (0.056746 s)
>> 0 (-1: -1 -1 -1) (0.061049 s)
Zelikovsky- 0.343786 s
>>> get_solution
  refine_solution: new weight 41975563 (was 41975563) in 0.000234 s
>>> get_solution
  refine_solution: new weight 43300592 (was 43300592) in 0.000222 s
10,,805,1584,19,,161,0,,43300592,43300592,42499594,41975563,41975563,,1061239,2,@@

  handle_small_Steiner_degrees: steiner 0, suppress 1 in 2e-06 s
Starting round 11
Found 60 isolated vertices
Invalid ratios recomputed: 210
Best ratio is 1205396/1 (1205396.0), centered at 708
Finding the best star... Star with 2 terminals centered in 738
round took: 0.004676 s
|V| = 860, |E| = 1577, |R| = 18
>> 683082 (594: 414 593 414) (0.000227 s)
>> 113464 (820: 738 827 738) (0.000199 s)
>> 79707 (432: 374 461 374) (0.000195 s)
>> 263436 (693: 573 685 573) (0.000177 s)
>> 377998 (367: 339 362 339) (0.000164 s)
>> 38209 (56: 31 184 31) (0.000154 s)
>> 0 (-1: -1 -1 -1) (0.000129 s)
Zelikovsky 0.058246 s
>> 683082 (594: 685 593 414) (0.053831 s)
>> 387355 (620: 738 685 612) (0.054135 s)
>> 174885 (422: 362 738 573) (0.054832 s)
>> 113464 (820: 843 827 362) (0.062909 s)
>> 79707 (432: 461 843 374) (0.055871 s)
>> 0 (-1: -1 -1 -1) (0.066003 s)
Zelikovsky- 0.34834 s
>>> get_solution
  refine_solution: new weight 41975563 (was 42069862) in 0.000228 s
  refine_solution: new weight 41975563 (was 41975563) in 0.000219 s
>>> get_solution
  refine_solution: new weight 43300592 (was 43394891) in 0.000217 s
  refine_solution: new weight 43300592 (was 43300592) in 0.000211 s
11,,800,1577,18,,210,0,,43394891,43300592,42593893,42069862,41975563,,1205396,2,@@

  handle_small_Steiner_degrees: steiner 0, suppress 0 in 2e-06 s
Starting round 12
Found 63 isolated vertices
Invalid ratios recomputed: 165
Best ratio is 1229162/1 (1229162.0), centered at 284
Finding the best star... Star with 2 terminals centered in 374
round took: 0.002657 s
|V| = 860, |E| = 1570, |R| = 17
>> 683082 (594: 414 593 414) (0.000214 s)
>> 113464 (820: 738 827 738) (0.000189 s)
>> 79707 (432: 374 461 374) (0.000177 s)
>> 1029459 (693: 573 685 573) (0.000163 s)
>> 377998 (367: 339 362 339) (0.00015 s)
>> 0 (-1: -1 -1 -1) (0.00014 s)
Zelikovsky 0.053473 s
>> 683082 (594: 685 593 414) (0.05345 s)
>> 387355 (620: 738 685 612) (0.053715 s)
>> 174885 (422: 362 738 573) (0.053543 s)
>> 113464 (820: 843 827 362) (0.06204 s)
>> 79707 (432: 461 843 374) (0.055676 s)
>> 0 (-1: -1 -1 -1) (0.062478 s)
Zelikovsky- 0.341696 s
>>> get_solution
  refine_solution: new weight 41975563 (was 42069862) in 0.000232 s
  refine_solution: new weight 41975563 (was 41975563) in 0.000221 s
>>> get_solution
  refine_solution: new weight 43300592 (was 43394891) in 0.000221 s
  refine_solution: new weight 43300592 (was 43300592) in 0.000215 s
12,,797,1570,17,,165,0,,43394891,43300592,42632102,42069862,41975563,,1229162,2,@@

  handle_small_Steiner_degrees: steiner 0, suppress 1 in 3e-06 s
Starting round 13
Found 69 isolated vertices
Invalid ratios recomputed: 234
Best ratio is 1337952/1 (1337952.0), centered at 371
Finding the best star... Star with 2 terminals centered in 374
round took: 0.006228 s
|V| = 860, |E| = 1560, |R| = 16
>> 683082 (594: 414 593 414) (0.000207 s)
>> 113464 (820: 738 827 738) (0.000179 s)
>> 38209 (56: 31 184 31) (0.000167 s)
>> 0 (-1: -1 -1 -1) (0.000139 s)
Zelikovsky 0.055981 s
>> 683082 (594: 685 593 414) (0.054124 s)
>> 387355 (620: 738 685 612) (0.054988 s)
>> 174885 (422: 362 738 573) (0.052679 s)
>> 113464 (820: 843 827 362) (0.054533 s)
>> 0 (-1: -1 -1 -1) (0.062667 s)
Zelikovsky- 0.279675 s
>>> get_solution
  refine_solution: new weight 42055270 (was 42149569) in 0.000223 s
  refine_solution: new weight 42055270 (was 42055270) in 0.000213 s
>>> get_solution
  refine_solution: new weight 43300592 (was 43394891) in 0.000209 s
  refine_solution: new weight 43300592 (was 43300592) in 0.000206 s
13,,791,1560,16,,234,0,,43394891,43300592,42673600,42149569,42055270,,1337952,2,@@

  handle_small_Steiner_degrees: steiner 0, suppress 1 in 2e-06 s
Starting round 14
Found 75 isolated vertices
Invalid ratios recomputed: 254
Best ratio is 1355798/1 (1355798.0), centered at 590
Finding the best star... Star with 2 terminals centered in 738
round took: 0.006277 s
|V| = 860, |E| = 1552, |R| = 15
>> 683082 (594: 414 685 414) (0.000204 s)
>> 113464 (820: 738 827 738) (0.000176 s)
>> 38209 (56: 31 184 31) (0.000164 s)
>> 0 (-1: -1 -1 -1) (0.000129 s)
Zelikovsky 0.052361 s
>> 683082 (594: 685 738 414) (0.06104 s)
>> 174885 (422: 362 685 573) (0.052904 s)
>> 113464 (820: 843 827 362) (0.054773 s)
>> 0 (-1: -1 -1 -1) (0.053664 s)
Zelikovsky- 0.223005 s
>>> get_solution
  refine_solution: new weight 42055270 (was 42149569) in 0.000225 s
  refine_solution: new weight 42055270 (was 42055270) in 0.000213 s
>>> get_solution
  refine_solution: new weight 43026701 (was 43121000) in 0.000218 s
  refine_solution: new weight 43026701 (was 43026701) in 0.000209 s
14,,785,1552,15,,254,0,,43121000,43026701,42286245,42149569,42055270,,1355798,2,@@

  handle_small_Steiner_degrees: steiner 0, suppress 1 in 2e-06 s
Starting round 15
Found 81 isolated vertices
Invalid ratios recomputed: 230
Best ratio is 1414892/1 (1414892.0), centered at 802
Finding the best star... Star with 2 terminals centered in 805
round took: 0.004832 s
|V| = 860, |E| = 1546, |R| = 14
>> 683082 (594: 414 685 414) (0.000184 s)
>> 113464 (795: 738 805 738) (0.000169 s)
>> 38209 (56: 31 184 31) (0.000149 s)
>> 0 (-1: -1 -1 -1) (0.000121 s)
Zelikovsky 0.051576 s
>> 683082 (594: 685 738 414) (0.0565 s)
>> 174885 (422: 362 685 573) (0.058233 s)
>> 113464 (795: 843 805 362) (0.054843 s)
>> 0 (-1: -1 -1 -1) (0.058112 s)
Zelikovsky- 0.228285 s
>>> get_solution
  refine_solution: new weight 42055270 (was 42149569) in 0.000227 s
  refine_solution: new weight 42055270 (was 42055270) in 0.000217 s
>>> get_solution
  refine_solution: new weight 42913237 (was 43007536) in 0.000213 s
  refine_solution: new weight 42913237 (was 42913237) in 0.000211 s
15,,779,1546,14,,230,0,,43007536,42913237,42286245,42149569,42055270,,1414892,2,@@

  handle_small_Steiner_degrees: steiner 0, suppress 0 in 1e-06 s
Starting round 16
Found 85 isolated vertices
Invalid ratios recomputed: 91
Best ratio is 1457957/1 (1457957.0), centered at 184
Finding the best star... Star with 2 terminals centered in 362
round took: 0.001403 s
|V| = 860, |E| = 1538, |R| = 13
>> 683082 (594: 414 685 414) (0.000198 s)
>> 113464 (795: 738 805 738) (0.000172 s)
>> 38209 (56: 31 362 31) (0.000155 s)
>> 0 (-1: -1 -1 -1) (0.000129 s)
Zelikovsky 0.05419 s
>> 683082 (594: 685 738 414) (0.05235 s)
>> 174885 (422: 362 685 573) (0.05083 s)
>> 113464 (795: 843 805 362) (0.052332 s)
>> 0 (-1: -1 -1 -1) (0.057423 s)
Zelikovsky- 0.213537 s
>>> get_solution
  refine_solution: new weight 42055270 (was 42149569) in 0.000226 s
  refine_solution: new weight 42055270 (was 42055270) in 0.00023 s
>>> get_solution
  refine_solution: new weight 42913237 (was 43007536) in 0.000214 s
  refine_solution: new weight 42913237 (was 42913237) in 0.00021 s
16,,775,1538,13,,91,0,,43007536,42913237,42286245,42149569,42055270,,1457957,2,@@

  handle_small_Steiner_degrees: steiner 0, suppress 1 in 3e-06 s
Starting round 17
Found 92 isolated vertices
Invalid ratios recomputed: 263
Best ratio is 1665754/1 (1665754.0), centered at 362
Finding the best star... Star with 2 terminals centered in 573
round took: 0.006492 s
|V| = 860, |E| = 1526, |R| = 12
>> 683082 (594: 414 685 414) (0.000164 s)
>> 113464 (795: 738 805 738) (0.000148 s)
>> 38209 (56: 31 374 31) (0.000129 s)
>> 0 (-1: -1 -1 -1) (0.000108 s)
Zelikovsky 0.049244 s
>> 683082 (594: 685 738 414) (0.050859 s)
>> 113464 (795: 843 805 685) (0.056679 s)
>> 0 (-1: -1 -1 -1) (0.052542 s)
Zelikovsky- 0.160599 s
>>> get_solution
  refine_solution: new weight 42055270 (was 42149569) in 0.000227 s
  refine_solution: new weight 42055270 (was 42055270) in 0.000215 s
>>> get_solution
  refine_solution: new weight 42738352 (was 42832651) in 0.000212 s
  refine_solution: new weight 42738352 (was 42738352) in 0.000209 s
17,,768,1526,12,,263,0,,42832651,42738352,42247099,42149569,42055270,,1665754,2,@@

  handle_small_Steiner_degrees: steiner 0, suppress 0 in 2e-06 s
Starting round 18
Found 99 isolated vertices
Invalid ratios recomputed: 341
Best ratio is 1783006/1 (1783006.0), centered at 681
Finding the best star... Star with 2 terminals centered in 685
round took: 0.010057 s
|V| = 860, |E| = 1519, |R| = 11
>> 113464 (795: 685 805 685) (0.000157 s)
>> 38209 (56: 31 374 31) (0.000136 s)
>> 0 (-1: -1 -1 -1) (0.000113 s)
Zelikovsky 0.050013 s
>> 113464 (795: 843 805 685) (0.05006 s)
>> 0 (-1: -1 -1 -1) (0.049555 s)
Zelikovsky- 0.1 s
>>> get_solution
  refine_solution: new weight 42706055 (was 42800354) in 0.000227 s
  refine_solution: new weight 42706055 (was 42706055) in 0.000218 s
>>> get_solution
  refine_solution: new weight 42706055 (was 42800354) in 0.00021 s
  refine_solution: new weight 42706055 (was 42706055) in 0.000209 s
18,,761,1519,11,,341,0,,42800354,42706055,42897884,42800354,42706055,,1783006,2,@@

  handle_small_Steiner_degrees: steiner 0, suppress 0 in 1e-06 s
Starting round 19
Found 104 isolated vertices
Invalid ratios recomputed: 254
Best ratio is 1819597/1 (1819597.0), centered at 374
Finding the best star... Star with 2 terminals centered in 612
round took: 0.006641 s
|V| = 860, |E| = 1510, |R| = 10
>> 113464 (795: 685 805 685) (0.000154 s)
>> 38209 (56: 31 573 31) (0.000132 s)
>> 0 (-1: -1 -1 -1) (0.000109 s)
Zelikovsky 0.052108 s
>> 113464 (795: 843 805 685) (0.048668 s)
>> 0 (-1: -1 -1 -1) (0.054865 s)
Zelikovsky- 0.103955 s
>>> get_solution
  refine_solution: new weight 42706055 (was 42800354) in 0.000293 s
  refine_solution: new weight 42706055 (was 42706055) in 0.000255 s
>>> get_solution
  refine_solution: new weight 42706055 (was 42800354) in 0.000276 s
  refine_solution: new weight 42706055 (was 42706055) in 0.000251 s
19,,756,1510,10,,254,0,,42800354,42706055,42897884,42800354,42706055,,1819597,2,@@

  handle_small_Steiner_degrees: steiner 0, suppress 2 in 5e-06 s
Starting round 20
Found 112 isolated vertices
Invalid ratios recomputed: 331
Best ratio is 1851589/1 (1851589.0), centered at 515
Finding the best star... Star with 2 terminals centered in 517
round took: 0.011905 s
|V| = 860, |E| = 1502, |R| = 9
>> 113464 (795: 685 805 685) (0.000143 s)
>> 38209 (56: 31 517 31) (0.000127 s)
>> 0 (-1: -1 -1 -1) (0.000103 s)
Zelikovsky 0.048019 s
>> 113464 (795: 843 805 685) (0.050497 s)
>> 0 (-1: -1 -1 -1) (0.049004 s)
Zelikovsky- 0.099884 s
>>> get_solution
  refine_solution: new weight 42706055 (was 42800354) in 0.000229 s
  refine_solution: new weight 42706055 (was 42706055) in 0.000214 s
>>> get_solution
  refine_solution: new weight 42706055 (was 42800354) in 0.000211 s
  refine_solution: new weight 42706055 (was 42706055) in 0.000204 s
20,,748,1502,9,,331,0,,42800354,42706055,42897884,42800354,42706055,,1851589,2,@@

  handle_small_Steiner_degrees: steiner 0, suppress 1 in 2e-06 s
Starting round 21
Found 116 isolated vertices
Invalid ratios recomputed: 360
Best ratio is 2121426/1 (2121426.0), centered at 583
Finding the best star... Star with 2 terminals centered in 685
round took: 0.011409 s
|V| = 860, |E| = 1489, |R| = 8
>> 113464 (795: 685 805 685) (0.000135 s)
>> 0 (-1: -1 -1 -1) (0.000118 s)
Zelikovsky 0.046306 s
>> 113464 (795: 843 805 685) (0.04948 s)
>> 0 (-1: -1 -1 -1) (0.054015 s)
Zelikovsky- 0.103899 s
>>> get_solution
  refine_solution: new weight 42706055 (was 42800354) in 0.000231 s
  refine_solution: new weight 42706055 (was 42706055) in 0.000214 s
>>> get_solution
  refine_solution: new weight 42706055 (was 42800354) in 0.00021 s
  refine_solution: new weight 42706055 (was 42706055) in 0.000207 s
21,,744,1489,8,,360,0,,42800354,42706055,42800354,42800354,42706055,,2121426,2,@@

  handle_small_Steiner_degrees: steiner 0, suppress 0 in 1e-06 s
Starting round 22
Found 124 isolated vertices
Invalid ratios recomputed: 418
Best ratio is 2140140/1 (2140140.0), centered at 337
Finding the best star... Star with 2 terminals centered in 517
round took: 0.016185 s
|V| = 860, |E| = 1478, |R| = 7
>> 113464 (795: 685 805 685) (0.000132 s)
>> 0 (-1: -1 -1 -1) (0.000115 s)
Zelikovsky 0.045602 s
>> 113464 (795: 843 805 685) (0.054023 s)
>> 0 (-1: -1 -1 -1) (0.049521 s)
Zelikovsky- 0.103953 s
>>> get_solution
  refine_solution: new weight 42706055 (was 42800354) in 0.000231 s
  refine_solution: new weight 42706055 (was 42706055) in 0.000216 s
>>> get_solution
  refine_solution: new weight 42706055 (was 42800354) in 0.000211 s
  refine_solution: new weight 42706055 (was 42706055) in 0.000207 s
22,,736,1478,7,,418,0,,42800354,42706055,42800354,42800354,42706055,,2140140,2,@@

  handle_small_Steiner_degrees: steiner 0, suppress 1 in 2e-06 s
Starting round 23
Found 133 isolated vertices
Invalid ratios recomputed: 351
Best ratio is 4619420/2 (2309710.0), centered at 795
Finding the best star... Star with 3 terminals centered in 805
round took: 0.012973 s
|V| = 860, |E| = 1459, |R| = 5
>> 0 (-1: -1 -1 -1) (0.000124 s)
Zelikovsky 0.043644 s
>> 0 (-1: -1 -1 -1) (0.045241 s)
Zelikovsky- 0.045527 s
>>> get_solution
  refine_solution: new weight 42706055 (was 42800354) in 0.00023 s
  refine_solution: new weight 42706055 (was 42706055) in 0.000214 s
>>> get_solution
  refine_solution: new weight 42706055 (was 42800354) in 0.000216 s
  refine_solution: new weight 42706055 (was 42706055) in 0.000214 s
23,,727,1459,5,,351,0,,42800354,42706055,42800354,42800354,42706055,,4619420,3,@@

  handle_small_Steiner_degrees: steiner 0, suppress 0 in 1e-06 s
Starting round 24
Found 145 isolated vertices
Invalid ratios recomputed: 460
Best ratio is 2481138/1 (2481138.0), centered at 414
Finding the best star... Star with 2 terminals centered in 805
round took: 0.020232 s
|V| = 860, |E| = 1445, |R| = 4
>> 0 (-1: -1 -1 -1) (0.000104 s)
Zelikovsky 0.043904 s
>> 0 (-1: -1 -1 -1) (0.049466 s)
Zelikovsky- 0.049757 s
>>> get_solution
  refine_solution: new weight 42706055 (was 42800354) in 0.000238 s
  refine_solution: new weight 42706055 (was 42706055) in 0.000224 s
>>> get_solution
  refine_solution: new weight 42706055 (was 42800354) in 0.000217 s
  refine_solution: new weight 42706055 (was 42706055) in 0.000215 s
24,,715,1445,4,,460,0,,42800354,42706055,42800354,42800354,42706055,,2481138,2,@@

  handle_small_Steiner_degrees: steiner 0, suppress 0 in 1e-06 s
Starting round 25
Found 154 isolated vertices
Invalid ratios recomputed: 666
Best ratio is 2505702/1 (2505702.0), centered at 415
Finding the best star... Star with 2 terminals centered in 517
round took: 0.038102 s
|V| = 860, |E| = 1434, |R| = 3
>> 0 (-1: -1 -1 -1) (0.000117 s)
Zelikovsky 0.046477 s
>> 0 (-1: -1 -1 -1) (0.051117 s)
Zelikovsky- 0.051487 s
>>> get_solution
  refine_solution: new weight 42706055 (was 42800354) in 0.000275 s
  refine_solution: new weight 42706055 (was 42706055) in 0.000269 s
>>> get_solution
  refine_solution: new weight 42706055 (was 42800354) in 0.00027 s
  refine_solution: new weight 42706055 (was 42706055) in 0.000283 s
25,,706,1434,3,,666,0,,42800354,42706055,42800354,42800354,42706055,,2505702,2,@@

  handle_small_Steiner_degrees: steiner 0, suppress 0 in 1e-06 s
Starting round 26
Found 162 isolated vertices
Invalid ratios recomputed: 698
Best ratio is 2583057/1 (2583057.0), centered at 31
Finding the best star... Star with 2 terminals centered in 517
round took: 0.049703 s
|V| = 860, |E| = 1426, |R| = 2
Zelikovsky 0.044619 s
Zelikovsky- 0.000275 s
>>> get_solution
  refine_solution: new weight 42706055 (was 42800354) in 0.000229 s
  refine_solution: new weight 42706055 (was 42706055) in 0.000215 s
>>> get_solution
  refine_solution: new weight 42706055 (was 42800354) in 0.000212 s
  refine_solution: new weight 42706055 (was 42706055) in 0.000208 s
26,,698,1426,2,,698,0,,42800354,42706055,42800354,42800354,42706055,,2583057,2,@@

  handle_small_Steiner_degrees: steiner 0, suppress 2 in 2e-06 s
Starting round 27
Found 170 isolated vertices
Invalid ratios recomputed: 690
Best ratio is 2780178/1 (2780178.0), centered at 517
Finding the best star... Star with 2 terminals centered in 785
round took: 0.046116 s
|V| = 860, |E| = 1408, |R| = 1
Zelikovsky 0.04351 s
Zelikovsky- 0.000275 s
>>> get_solution
  refine_solution: new weight 42706055 (was 42800354) in 0.00023 s
  refine_solution: new weight 42706055 (was 42706055) in 0.000214 s
>>> get_solution
  refine_solution: new weight 42706055 (was 42800354) in 0.00021 s
  refine_solution: new weight 42706055 (was 42706055) in 0.000208 s
27,,690,1408,1,,690,0,,42800354,42706055,42800354,42800354,42706055,,2780178,2,@@

  handle_small_Steiner_degrees: steiner 0, suppress 2 in 5e-06 s
contract_till_the_bitter_end: 10.5452 s

Calling end_heu
>>> get_solution
Saved weight 0
end_heu: 0 loops with 0 unique solutions in 4e-05 s

Calling print_solution
>>> get_solution
  refine_solution: new weight 42706055 (was 42800354) in 0.000214 s
Oops orig weight was 42800354 but we got 42706055
## FINAL WEIGHT 42706055
print_solution: 0.00046 s
