Version: final-94-gfffc3aa rub_all.sh: remove longest prefix
Random seed: 1552021998
Start
>>> save_orig_graph
>> Saved weight 0
Graph loaded
|V| = 1601, |E| = 3120, |R| = 40
First clearance of the input. Calling buy_zero and run_all_heuristics.
  buy_zero: 0 zero edges in 7e-06 s
  handle_small_terminal_degrees: terms 0 in 3e-06 s
  handle_small_Steiner_degrees: steiner 0, suppress 4 in 9e-06 s
  shortest_edge_between_terminals: 0 edges in 3e-06 s
  handle_small_terminal_degrees: terms 0 in 2e-06 s
  handle_small_Steiner_degrees: steiner 0, suppress 0 in 5e-06 s
  shortest_edge_between_terminals: 0 edges in 2e-06 s
Compressed graph 1601 -> 1596
  delete_edges: deleted 4 edges in 0.000172 s and 1 rounds
  handle_small_terminal_degrees: terms 0 in 2e-06 s
  handle_small_Steiner_degrees: steiner 0, suppress 8 in 1.2e-05 s
  shortest_edge_between_terminals: 0 edges in 2e-06 s
  handle_small_terminal_degrees: terms 0 in 3e-06 s
  handle_small_Steiner_degrees: steiner 0, suppress 0 in 5e-06 s
  shortest_edge_between_terminals: 0 edges in 1e-06 s
Compressed graph 1596 -> 1588
  delete_edges_shortest_path: deleted 8 edges in 0.011116 s
  handle_small_terminal_degrees: terms 0 in 2e-06 s
  handle_small_Steiner_degrees: steiner 0, suppress 12 in 7e-06 s
  shortest_edge_between_terminals: 0 edges in 1e-06 s
  handle_small_terminal_degrees: terms 0 in 1e-06 s
  handle_small_Steiner_degrees: steiner 0, suppress 0 in 2e-06 s
  shortest_edge_between_terminals: 0 edges in 0 s
Compressed graph 1588 -> 1576
  handle_small_terminal_degrees: terms 0 in 2e-06 s
  handle_small_Steiner_degrees: steiner 0, suppress 0 in 2e-06 s
  shortest_edge_between_terminals: 0 edges in 1e-06 s
Compressed graph 1576 -> 1576
  delete_edges_shortest_path: deleted 12 edges in 0.007 s
  handle_small_terminal_degrees: terms 0 in 1e-06 s
  handle_small_Steiner_degrees: steiner 0, suppress 15 in 8e-06 s
  shortest_edge_between_terminals: 0 edges in 1e-06 s
  handle_small_terminal_degrees: terms 0 in 1e-06 s
  handle_small_Steiner_degrees: steiner 0, suppress 0 in 3e-06 s
  shortest_edge_between_terminals: 0 edges in 1e-06 s
Compressed graph 1576 -> 1561
Compressed graph 1561 -> 1561
>>> save_orig_graph
>> Saved weight 0
### ZEL_LVL=0 PRECISE_STARS=1

Calling `contract_till_the_bitter_end`
|V| = 1561, |E| = 3057, |R| = 40
>>> get_solution
>>> get_solution
  refine_solution: new weight 50831000 (was 50831000) in 0.000381 s
0,,1561,3057,40,,0,0,,50831000,50831000,0,0,0,,0,0,@@

  delete_edges: deleted 15 edges in 0.000149 s and 2 rounds
  handle_small_Steiner_degrees: steiner 0, suppress 17 in 9e-06 s
Starting round 1
Found 17 isolated vertices
Invalid ratios recomputed: 1544
Best ratio is 240868/1 (240868.0), centered at 69
Finding the best star... Star with 2 terminals centered in 107
round took: 0.042699 s
|V| = 1561, |E| = 3022, |R| = 39
>>> get_solution
>>> get_solution
  refine_solution: new weight 50934518 (was 50934518) in 0.000338 s
1,,1544,3022,39,,1544,0,,50934518,50934518,240868,240868,240868,,240868,2,@@

  handle_small_Steiner_degrees: steiner 0, suppress 0 in 2e-06 s
Starting round 2
Found 19 isolated vertices
Invalid ratios recomputed: 323
Best ratio is 423603/1 (423603.0), centered at 595
Finding the best star... Star with 2 terminals centered in 676
round took: 0.011501 s
|V| = 1561, |E| = 3018, |R| = 38
>>> get_solution
>>> get_solution
  refine_solution: new weight 50927995 (was 50927995) in 0.000332 s
2,,1542,3018,38,,323,0,,50927995,50927995,664471,664471,664471,,423603,2,@@

  handle_small_Steiner_degrees: steiner 0, suppress 0 in 2e-06 s
Starting round 3
Found 22 isolated vertices
Invalid ratios recomputed: 677
Best ratio is 423827/1 (423827.0), centered at 960
Finding the best star... Star with 2 terminals centered in 961
round took: 0.026282 s
|V| = 1561, |E| = 3015, |R| = 37
>>> get_solution
>>> get_solution
  refine_solution: new weight 50927995 (was 50927995) in 0.000331 s
3,,1539,3015,37,,677,0,,50927995,50927995,1088298,1088298,1088298,,423827,2,@@

  handle_small_Steiner_degrees: steiner 0, suppress 0 in 2e-06 s
Starting round 4
Found 24 isolated vertices
Invalid ratios recomputed: 703
Best ratio is 460845/1 (460845.0), centered at 522
Finding the best star... Star with 2 terminals centered in 563
round took: 0.029103 s
|V| = 1561, |E| = 3012, |R| = 36
>>> get_solution
>>> get_solution
  refine_solution: new weight 50927995 (was 50927995) in 0.000329 s
4,,1537,3012,36,,703,0,,50927995,50927995,1549143,1549143,1549143,,460845,2,@@

  handle_small_Steiner_degrees: steiner 0, suppress 0 in 2e-06 s
Starting round 5
Found 26 isolated vertices
Invalid ratios recomputed: 733
Best ratio is 481123/1 (481123.0), centered at 895
Finding the best star... Star with 2 terminals centered in 938
round took: 0.033477 s
|V| = 1561, |E| = 3007, |R| = 35
>>> get_solution
>>> get_solution
  refine_solution: new weight 51251962 (was 51251962) in 0.000332 s
5,,1535,3007,35,,733,0,,51251962,51251962,2030266,2030266,2030266,,481123,2,@@

  handle_small_Steiner_degrees: steiner 0, suppress 0 in 3e-06 s
Starting round 6
Found 30 isolated vertices
Invalid ratios recomputed: 694
Best ratio is 527645/1 (527645.0), centered at 1300
Finding the best star... Star with 2 terminals centered in 1381
round took: 0.031232 s
|V| = 1561, |E| = 3002, |R| = 34
>>> get_solution
>>> get_solution
  refine_solution: new weight 51251962 (was 51251962) in 0.000332 s
6,,1531,3002,34,,694,0,,51251962,51251962,2557911,2557911,2557911,,527645,2,@@

  handle_small_Steiner_degrees: steiner 0, suppress 0 in 2e-06 s
Starting round 7
Found 33 isolated vertices
Invalid ratios recomputed: 419
Best ratio is 556106/1 (556106.0), centered at 1381
Finding the best star... Star with 2 terminals centered in 1458
round took: 0.021234 s
|V| = 1561, |E| = 2999, |R| = 33
>>> get_solution
>>> get_solution
  refine_solution: new weight 51251962 (was 51251962) in 0.000331 s
7,,1528,2999,33,,419,0,,51251962,51251962,3114017,3114017,3114017,,556106,2,@@

  handle_small_Steiner_degrees: steiner 0, suppress 0 in 3e-06 s
Starting round 8
Found 35 isolated vertices
Invalid ratios recomputed: 419
Best ratio is 569415/1 (569415.0), centered at 107
Finding the best star... Star with 2 terminals centered in 189
round took: 0.02278 s
|V| = 1561, |E| = 2991, |R| = 32
>>> get_solution
>>> get_solution
  refine_solution: new weight 51251962 (was 51251962) in 0.00033 s
8,,1526,2991,32,,419,0,,51251962,51251962,3683432,3683432,3683432,,569415,2,@@

  handle_small_Steiner_degrees: steiner 0, suppress 0 in 2e-06 s
Starting round 9
Found 40 isolated vertices
Invalid ratios recomputed: 456
Best ratio is 613775/1 (613775.0), centered at 961
Finding the best star... Star with 2 terminals centered in 961
round took: 0.026116 s
|V| = 1561, |E| = 2985, |R| = 31
>>> get_solution
>>> get_solution
  refine_solution: new weight 51039168 (was 51039168) in 0.000331 s
9,,1521,2985,31,,456,0,,51039168,51039168,4297207,4297207,4297207,,613775,2,@@

  handle_small_Steiner_degrees: steiner 0, suppress 0 in 2e-06 s
Starting round 10
Found 45 isolated vertices
Invalid ratios recomputed: 904
Best ratio is 647715/1 (647715.0), centered at 1090
Finding the best star... Star with 2 terminals centered in 1171
round took: 0.049867 s
|V| = 1561, |E| = 2981, |R| = 30
>>> get_solution
>>> get_solution
  refine_solution: new weight 50811658 (was 50811658) in 0.000334 s
10,,1516,2981,30,,904,0,,50811658,50811658,4944922,4944922,4944922,,647715,2,@@

  handle_small_Steiner_degrees: steiner 0, suppress 0 in 3e-06 s
Starting round 11
Found 48 isolated vertices
Invalid ratios recomputed: 825
Best ratio is 824932/1 (824932.0), centered at 853
Finding the best star... Star with 2 terminals centered in 938
round took: 0.047058 s
|V| = 1561, |E| = 2976, |R| = 29
>>> get_solution
>>> get_solution
  refine_solution: new weight 50487691 (was 50487691) in 0.000332 s
11,,1513,2976,29,,825,0,,50487691,50487691,5769854,5769854,5769854,,824932,2,@@

  handle_small_Steiner_degrees: steiner 0, suppress 0 in 2e-06 s
Starting round 12
Found 51 isolated vertices
Invalid ratios recomputed: 886
Best ratio is 853045/1 (853045.0), centered at 703
Finding the best star... Star with 2 terminals centered in 750
round took: 0.048458 s
|V| = 1561, |E| = 2966, |R| = 28
>>> get_solution
>>> get_solution
  refine_solution: new weight 50315197 (was 50315197) in 0.000339 s
12,,1510,2966,28,,886,0,,50315197,50315197,6622899,6622899,6622899,,853045,2,@@

  handle_small_Steiner_degrees: steiner 0, suppress 0 in 2e-06 s
Starting round 13
Found 59 isolated vertices
Invalid ratios recomputed: 998
Best ratio is 900738/1 (900738.0), centered at 655
Finding the best star... Star with 2 terminals centered in 938
round took: 0.059058 s
|V| = 1561, |E| = 2955, |R| = 27
>>> get_solution
>>> get_solution
  refine_solution: new weight 49917858 (was 49917858) in 0.00034 s
13,,1502,2955,27,,998,0,,49917858,49917858,7523637,7523637,7523637,,900738,2,@@

  handle_small_Steiner_degrees: steiner 0, suppress 0 in 2e-06 s
Starting round 14
Found 68 isolated vertices
Invalid ratios recomputed: 970
Best ratio is 946547/1 (946547.0), centered at 246
Finding the best star... Star with 2 terminals centered in 286
round took: 0.057695 s
|V| = 1561, |E| = 2952, |R| = 26
>>> get_solution
>>> get_solution
  refine_solution: new weight 49723556 (was 49723556) in 0.000338 s
14,,1493,2952,26,,970,0,,49723556,49723556,8470184,8470184,8470184,,946547,2,@@

  handle_small_Steiner_degrees: steiner 0, suppress 0 in 2e-06 s
Starting round 15
Found 70 isolated vertices
Invalid ratios recomputed: 796
Best ratio is 1061949/1 (1061949.0), centered at 1192
Finding the best star... Star with 2 terminals centered in 1352
round took: 0.052492 s
|V| = 1561, |E| = 2946, |R| = 25
>>> get_solution
>>> get_solution
  refine_solution: new weight 49223563 (was 49223563) in 0.000341 s
15,,1491,2946,25,,796,0,,49223563,49223563,9532133,9532133,9532133,,1061949,2,@@

  handle_small_Steiner_degrees: steiner 0, suppress 0 in 2e-06 s
Starting round 16
Found 75 isolated vertices
Invalid ratios recomputed: 1014
Best ratio is 1068302/1 (1068302.0), centered at 1028
Finding the best star... Star with 2 terminals centered in 1352
round took: 0.063034 s
|V| = 1561, |E| = 2936, |R| = 24
>>> get_solution
>>> get_solution
  refine_solution: new weight 49188254 (was 49188254) in 0.000351 s
16,,1486,2936,24,,1014,0,,49188254,49188254,10600435,10600435,10600435,,1068302,2,@@

  delete_edges: deleted 52 edges in 0.00038 s and 4 rounds
  handle_small_Steiner_degrees: steiner 0, suppress 33 in 1.6e-05 s
Starting round 17
Found 116 isolated vertices
Invalid ratios recomputed: 997
Best ratio is 1107329/1 (1107329.0), centered at 1296
Finding the best star... Star with 2 terminals centered in 1560
round took: 0.063822 s
|V| = 1561, |E| = 2838, |R| = 23
>>> get_solution
>>> get_solution
  refine_solution: new weight 49034241 (was 49034241) in 0.000354 s
17,,1445,2838,23,,997,0,,49034241,49034241,11707764,11707764,11707764,,1107329,2,@@

  handle_small_Steiner_degrees: steiner 0, suppress 1 in 3e-06 s
Starting round 18
Found 125 isolated vertices
Invalid ratios recomputed: 858
Best ratio is 1122439/1 (1122439.0), centered at 1171
Finding the best star... Star with 2 terminals centered in 1560
round took: 0.057657 s
|V| = 1561, |E| = 2826, |R| = 22
>>> get_solution
>>> get_solution
  refine_solution: new weight 49034241 (was 49034241) in 0.000349 s
18,,1436,2826,22,,858,0,,49034241,49034241,12830203,12830203,12830203,,1122439,2,@@

  handle_small_Steiner_degrees: steiner 0, suppress 0 in 2e-06 s
Starting round 19
Found 133 isolated vertices
Invalid ratios recomputed: 934
Best ratio is 1122712/1 (1122712.0), centered at 1187
Finding the best star... Star with 2 terminals centered in 1426
round took: 0.064179 s
|V| = 1561, |E| = 2818, |R| = 21
>>> get_solution
>>> get_solution
  refine_solution: new weight 49034241 (was 49034241) in 0.000349 s
19,,1428,2818,21,,934,0,,49034241,49034241,13952915,13952915,13952915,,1122712,2,@@

  handle_small_Steiner_degrees: steiner 0, suppress 0 in 2e-06 s
Starting round 20
Found 140 isolated vertices
Invalid ratios recomputed: 1029
Best ratio is 2530111/2 (1265055.5), centered at 559
Finding the best star... Star with 3 terminals centered in 563
round took: 0.078069 s
|V| = 1561, |E| = 2801, |R| = 19
>>> get_solution
>>> get_solution
  refine_solution: new weight 48830580 (was 48830580) in 0.000349 s
20,,1421,2801,19,,1029,0,,48830580,48830580,16483026,16483026,16483026,,2530111,3,@@

  handle_small_Steiner_degrees: steiner 0, suppress 0 in 2e-06 s
Starting round 21
Found 153 isolated vertices
Invalid ratios recomputed: 1222
Best ratio is 2551403/2 (1275701.5), centered at 344
Finding the best star... Star with 3 terminals centered in 354
round took: 0.089093 s
|V| = 1561, |E| = 2785, |R| = 17
>>> get_solution
>>> get_solution
  refine_solution: new weight 48142972 (was 48142972) in 0.000355 s
21,,1408,2785,17,,1222,0,,48142972,48142972,19034429,19034429,19034429,,2551403,3,@@

  handle_small_Steiner_degrees: steiner 0, suppress 0 in 2e-06 s
Starting round 22
Found 166 isolated vertices
Invalid ratios recomputed: 1079
Best ratio is 1356851/1 (1356851.0), centered at 414
Finding the best star... Star with 2 terminals centered in 938
round took: 0.08921 s
|V| = 1561, |E| = 2775, |R| = 16
>>> get_solution
>>> get_solution
  refine_solution: new weight 48142972 (was 48142972) in 0.000352 s
22,,1395,2775,16,,1079,0,,48142972,48142972,20391280,20391280,20391280,,1356851,2,@@

  handle_small_Steiner_degrees: steiner 0, suppress 1 in 3e-06 s
Starting round 23
Found 174 isolated vertices
Invalid ratios recomputed: 1267
Best ratio is 1518229/1 (1518229.0), centered at 483
Finding the best star... Star with 2 terminals centered in 488
round took: 0.098288 s
|V| = 1561, |E| = 2765, |R| = 15
>>> get_solution
>>> get_solution
  refine_solution: new weight 47927418 (was 47927418) in 0.000352 s
23,,1387,2765,15,,1267,0,,47927418,47927418,21909509,21909509,21909509,,1518229,2,@@

  handle_small_Steiner_degrees: steiner 0, suppress 0 in 2e-06 s
Starting round 24
Found 180 isolated vertices
Invalid ratios recomputed: 1328
Best ratio is 1526054/1 (1526054.0), centered at 354
Finding the best star... Star with 2 terminals centered in 750
round took: 0.106295 s
|V| = 1561, |E| = 2757, |R| = 14
>>> get_solution
>>> get_solution
  refine_solution: new weight 47927418 (was 47927418) in 0.000353 s
24,,1381,2757,14,,1328,0,,47927418,47927418,23435563,23435563,23435563,,1526054,2,@@

  handle_small_Steiner_degrees: steiner 0, suppress 0 in 2e-06 s
Starting round 25
Found 187 isolated vertices
Invalid ratios recomputed: 1218
Best ratio is 1566548/1 (1566548.0), centered at 20
Finding the best star... Star with 2 terminals centered in 286
round took: 0.112595 s
|V| = 1561, |E| = 2746, |R| = 13
>>> get_solution
>>> get_solution
  refine_solution: new weight 47927418 (was 47927418) in 0.00035 s
25,,1374,2746,13,,1218,0,,47927418,47927418,25002111,25002111,25002111,,1566548,2,@@

  handle_small_Steiner_degrees: steiner 0, suppress 0 in 2e-06 s
Starting round 26
Found 195 isolated vertices
Invalid ratios recomputed: 1102
Best ratio is 1568257/1 (1568257.0), centered at 488
Finding the best star... Star with 2 terminals centered in 750
round took: 0.117561 s
|V| = 1561, |E| = 2738, |R| = 12
>>> get_solution
>>> get_solution
  refine_solution: new weight 47927418 (was 47927418) in 0.000351 s
26,,1366,2738,12,,1102,0,,47927418,47927418,26570368,26570368,26570368,,1568257,2,@@

  handle_small_Steiner_degrees: steiner 0, suppress 0 in 2e-06 s
Starting round 27
Found 202 isolated vertices
Invalid ratios recomputed: 1313
Best ratio is 3221368/2 (1610684.0), centered at 1249
Finding the best star... Star with 3 terminals centered in 1520
round took: 0.140375 s
|V| = 1561, |E| = 2721, |R| = 10
>>> get_solution
>>> get_solution
  refine_solution: new weight 47581262 (was 47581262) in 0.000352 s
27,,1359,2721,10,,1313,0,,47581262,47581262,29791736,29791736,29791736,,3221368,3,@@

  handle_small_Steiner_degrees: steiner 0, suppress 0 in 2e-06 s
Starting round 28
Found 216 isolated vertices
Invalid ratios recomputed: 1307
Best ratio is 1636299/1 (1636299.0), centered at 961
Finding the best star... Star with 2 terminals centered in 1520
round took: 0.158456 s
|V| = 1561, |E| = 2711, |R| = 9
>>> get_solution
>>> get_solution
  refine_solution: new weight 47581262 (was 47581262) in 0.000354 s
28,,1345,2711,9,,1307,0,,47581262,47581262,31428035,31428035,31428035,,1636299,2,@@

  handle_small_Steiner_degrees: steiner 0, suppress 0 in 2e-06 s
Starting round 29
Found 224 isolated vertices
Invalid ratios recomputed: 1311
Best ratio is 1753321/1 (1753321.0), centered at 933
Finding the best star... Star with 2 terminals centered in 1520
round took: 0.164721 s
|V| = 1561, |E| = 2696, |R| = 8
>>> get_solution
>>> get_solution
  refine_solution: new weight 47581262 (was 47581262) in 0.000354 s
29,,1337,2696,8,,1311,0,,47581262,47581262,33181356,33181356,33181356,,1753321,2,@@

  handle_small_Steiner_degrees: steiner 0, suppress 1 in 3e-06 s
Starting round 30
Found 236 isolated vertices
Invalid ratios recomputed: 1299
Best ratio is 1802544/1 (1802544.0), centered at 750
Finding the best star... Star with 2 terminals centered in 1520
round took: 0.165078 s
|V| = 1561, |E| = 2687, |R| = 7
>>> get_solution
>>> get_solution
  refine_solution: new weight 47581262 (was 47581262) in 0.000353 s
30,,1325,2687,7,,1299,0,,47581262,47581262,34983900,34983900,34983900,,1802544,2,@@

  handle_small_Steiner_degrees: steiner 0, suppress 1 in 6e-06 s
Starting round 31
Found 242 isolated vertices
Invalid ratios recomputed: 1317
Best ratio is 1851237/1 (1851237.0), centered at 828
Finding the best star... Star with 2 terminals centered in 1426
round took: 0.169892 s
|V| = 1561, |E| = 2679, |R| = 6
>>> get_solution
>>> get_solution
  refine_solution: new weight 47581262 (was 47581262) in 0.00036 s
31,,1319,2679,6,,1317,0,,47581262,47581262,36835137,36835137,36835137,,1851237,2,@@

  handle_small_Steiner_degrees: steiner 0, suppress 0 in 2e-06 s
Starting round 32
Found 248 isolated vertices
Invalid ratios recomputed: 1311
Best ratio is 1934973/1 (1934973.0), centered at 46
Finding the best star... Star with 2 terminals centered in 286
round took: 0.175252 s
|V| = 1561, |E| = 2670, |R| = 5
>>> get_solution
>>> get_solution
  refine_solution: new weight 47581262 (was 47581262) in 0.000354 s
32,,1313,2670,5,,1311,0,,47581262,47581262,38770110,38770110,38770110,,1934973,2,@@

  handle_small_Steiner_degrees: steiner 0, suppress 1 in 3e-06 s
Starting round 33
Found 256 isolated vertices
Invalid ratios recomputed: 1301
Best ratio is 2035341/1 (2035341.0), centered at 1422
Finding the best star... Star with 2 terminals centered in 1426
round took: 0.183127 s
|V| = 1561, |E| = 2660, |R| = 4
>>> get_solution
>>> get_solution
  refine_solution: new weight 47581262 (was 47581262) in 0.000354 s
33,,1305,2660,4,,1301,0,,47581262,47581262,40805451,40805451,40805451,,2035341,2,@@

  handle_small_Steiner_degrees: steiner 0, suppress 2 in 7e-06 s
Starting round 34
Found 263 isolated vertices
Invalid ratios recomputed: 1298
Best ratio is 2215949/1 (2215949.0), centered at 167
Finding the best star... Star with 2 terminals centered in 172
round took: 0.189091 s
|V| = 1561, |E| = 2647, |R| = 3
>>> get_solution
>>> get_solution
  refine_solution: new weight 47581262 (was 47581262) in 0.000356 s
34,,1298,2647,3,,1298,0,,47581262,47581262,43021400,43021400,43021400,,2215949,2,@@

  handle_small_Steiner_degrees: steiner 0, suppress 2 in 3e-06 s
Starting round 35
Found 272 isolated vertices
Invalid ratios recomputed: 1289
Best ratio is 2269227/1 (2269227.0), centered at 172
Finding the best star... Star with 2 terminals centered in 1426
round took: 0.185148 s
|V| = 1561, |E| = 2636, |R| = 2
>>> get_solution
>>> get_solution
  refine_solution: new weight 47581262 (was 47581262) in 0.000355 s
35,,1289,2636,2,,1289,0,,47581262,47581262,45290627,45290627,45290627,,2269227,2,@@

  handle_small_Steiner_degrees: steiner 0, suppress 1 in 3e-06 s
Starting round 36
Found 278 isolated vertices
Invalid ratios recomputed: 1283
Best ratio is 2290635/1 (2290635.0), centered at 189
Finding the best star... Star with 2 terminals centered in 1426
round took: 0.180763 s
|V| = 1561, |E| = 2625, |R| = 1
>>> get_solution
>>> get_solution
  refine_solution: new weight 47581262 (was 47581262) in 0.000357 s
36,,1283,2625,1,,1283,0,,47581262,47581262,47581262,47581262,47581262,,2290635,2,@@

  handle_small_Steiner_degrees: steiner 0, suppress 1 in 3e-06 s
contract_till_the_bitter_end: 3.25458 s

Calling end_heu
>>> get_solution
Saved weight 0
DŽ: 47581262 -> 47054189
  BEST solution improved 47581262 -> 47054189 (vert_size 0, round 1) *
  BEST solution improved 47054189 -> 46962137 (vert_size 4, round 12)
  BEST solution improved 46962137 -> 46850101 (vert_size 2, round 517) *
DŽ: 46850101 -> 46783209
  BEST solution improved 46850101 -> 46783209 (vert_size 0, round 1001) *
DŽ: 46783209 -> 46783209
DŽ: 46783209 -> 46783209
DŽ: 46783209 -> 46783209
  BEST solution improved 46783209 -> 46776925 (vert_size 4, round 4490) *
  BEST solution improved 46776925 -> 46734214 (vert_size 2, round 4682) *
DŽ: 46734214 -> 46734214
DŽ: 46850101 -> 47119142
DŽ: 46783209 -> 46845501
DŽ: 46783209 -> 46783209
DŽ: 46783209 -> 46783209
DŽ: 46734214 -> 46734214
DŽ: 46734214 -> 46734214
DŽ: 46783209 -> 46996003
DŽ: 47119142 -> 47119142
DŽ: 46734214 -> 46734214
DŽ: 46840540 -> 46987297
DŽ: 46734214 -> 46734214
DŽ: 46734214 -> 46734214
DŽ: 46734214 -> 46930087
DŽ: 46734214 -> 46818518
DŽ: 46734214 -> 46734214
DŽ: 46734214 -> 46734214
DŽ: 46734214 -> 46734214
DŽ: 46783209 -> 46783209
DŽ: 46734214 -> 46734214
DŽ: 46734214 -> 46734214
DŽ: 46748812 -> 46818518
DŽ: 46734214 -> 46734214
DŽ: 46734214 -> 46734214
DŽ: 46783209 -> 46783209
DŽ: 46783209 -> 46818518
DŽ: 46734214 -> 46984933
DŽ: 46783209 -> 46818518
DŽ: 46818518 -> 47216037
DŽ: 46734214 -> 46734214
DŽ: 46858437 -> 47014391
DŽ: 46734214 -> 46734214
DŽ: 46734214 -> 46734214
DŽ: 46783209 -> 46987297
DŽ: 46734214 -> 46801106
DŽ: 46818518 -> 46783209
DŽ: 46734214 -> 46734214
DŽ: 46801106 -> 46818518
DŽ: 46734214 -> 46734214
DŽ: 46734214 -> 46929503
DŽ: 46783209 -> 47029328
DŽ: 46734214 -> 46734214
DŽ: 46783209 -> 46783209
DŽ: 46783209 -> 46783209
DŽ: 46902832 -> 46845501
DŽ: 46783209 -> 46783209
DŽ: 46734214 -> 46734214
DŽ: 46783209 -> 46996003
DŽ: 46783209 -> 46967036
DŽ: 46783209 -> 46783209
DŽ: 46783209 -> 46783209
DŽ: 46796506 -> 46796506
DŽ: 46734214 -> 46734214
DŽ: 46734214 -> 46734214
DŽ: 46783209 -> 46967036
DŽ: 46801106 -> 46734214
DŽ: 46734214 -> 47151096
DŽ: 46881809 -> 46867211
DŽ: 46783209 -> 46818518
DŽ: 46734214 -> 46734214
DŽ: 46734214 -> 46734214
DŽ: 46734214 -> 46734214
DŽ: 46734214 -> 46984933
DŽ: 46734214 -> 46796506
DŽ: 46734214 -> 46734214
DŽ: 46734214 -> 46734214
DŽ: 46734214 -> 46734214
DŽ: 46734214 -> 46734214
DŽ: 46734214 -> 46734214
DŽ: 46734214 -> 46867211
DŽ: 46734214 -> 46734214

 start over 75426 loops 197 unique solutions 
Approx + random 
DŽ: 51017030 -> 47838070
DŽ: 46734214 -> 46734214
DŽ: 46734214 -> 46734214
DŽ: 46734214 -> 46734214
DŽ: 46734214 -> 46818518
DŽ: 46734214 -> 46734214
DŽ: 46783209 -> 46783209
DŽ: 46734214 -> 46734214
DŽ: 47093228 -> 47004606
DŽ: 46734214 -> 46734214
DŽ: 46734214 -> 46796506
DŽ: 46734214 -> 46734214
DŽ: 46783209 -> 46783209
DŽ: 46734214 -> 46734214
DŽ: 46783209 -> 46783209
DŽ: 46734214 -> 46734214
DŽ: 46734214 -> 46734214
DŽ: 46734214 -> 46734214
DŽ: 46734214 -> 46734214
DŽ: 46734214 -> 46734214
DŽ: 46734214 -> 46734214
DŽ: 46783209 -> 46977174
DŽ: 46734214 -> 46734214
DŽ: 46734214 -> 46734214
DŽ: 46734214 -> 46734214
DŽ: 46783209 -> 46783209
DŽ: 46734214 -> 46734214
DŽ: 46783209 -> 46783209
DŽ: 46734214 -> 46947008
DŽ: 46977174 -> 46783209
DŽ: 46734214 -> 46734214
DŽ: 46734214 -> 46734214
DŽ: 46734214 -> 47031312
DŽ: 46783209 -> 46783209
DŽ: 46734214 -> 46734214
DŽ: 46840540 -> 46929503
DŽ: 46734214 -> 46818518
DŽ: 46734214 -> 46734214
DŽ: 46818518 -> 47084898
DŽ: 46783209 -> 46996003
DŽ: 46833116 -> 46880810
DŽ: 46734214 -> 46734214
DŽ: 46734214 -> 46734214
DŽ: 46783209 -> 46987297
DŽ: 46734214 -> 46938302
DŽ: 46734214 -> 46734214
DŽ: 46734214 -> 46796506
DŽ: 46734214 -> 46734214
DŽ: 46734214 -> 46818518
DŽ: 46849006 -> 46783209
DŽ: 46734214 -> 46734214
DŽ: 46734214 -> 46734214
DŽ: 46783209 -> 46783209
DŽ: 46734214 -> 46734214
DŽ: 46734214 -> 46734214
DŽ: 46734214 -> 46734214
DŽ: 46734214 -> 46734214
DŽ: 46734214 -> 46734214
DŽ: 46734214 -> 46734214
DŽ: 46734214 -> 46734214
DŽ: 46783209 -> 46783209
DŽ: 46743752 -> 46818518
DŽ: 46783209 -> 46783209
DŽ: 46783209 -> 46783209
DŽ: 46783209 -> 46783209
DŽ: 46734214 -> 46734214
DŽ: 46734214 -> 46734214

 start over 141470 loops 251 unique solutions 
Original + vert_size 13 
DŽ: 47581262 -> 46987297
DŽ: 46849006 -> 46783209
DŽ: 46792747 -> 46783209
DŽ: 46849006 -> 46987297
DŽ: 46734214 -> 46734214
DŽ: 46734214 -> 46734214
DŽ: 46734214 -> 46734214
DŽ: 46734214 -> 46734214
DŽ: 46850078 -> 46783209
DŽ: 46734214 -> 47009300
DŽ: 46734214 -> 46734214
DŽ: 46734214 -> 46930087
DŽ: 46783209 -> 46783209
DŽ: 46734214 -> 46818518
DŽ: 46818518 -> 46796506
DŽ: 46734214 -> 46734214
DŽ: 46734214 -> 46734214
DŽ: 46734214 -> 46818518
DŽ: 46818518 -> 46783209
DŽ: 46783209 -> 47044066
DŽ: 46783209 -> 46783209
DŽ: 46734214 -> 46734214
DŽ: 46783209 -> 46783209
DŽ: 46818518 -> 46818518
DŽ: 47044066 -> 47248154
DŽ: 46977174 -> 47039466
DŽ: 46734214 -> 46734214
DŽ: 46734214 -> 47031312
DŽ: 46734214 -> 46734214
DŽ: 46734214 -> 46818518
DŽ: 46734214 -> 46734214
DŽ: 46734214 -> 46734214
DŽ: 46734214 -> 46734214
DŽ: 46818518 -> 46818518
DŽ: 46734214 -> 46734214
DŽ: 46734214 -> 46734214
DŽ: 46734214 -> 46734214
DŽ: 46944893 -> 46783209
DŽ: 46734214 -> 46818518
DŽ: 46734214 -> 46818518
DŽ: 46734214 -> 46734214
DŽ: 46734214 -> 46734214
DŽ: 46783209 -> 46987297
DŽ: 46734214 -> 46734214
DŽ: 46734214 -> 46734214
DŽ: 46734214 -> 46734214
DŽ: 46783209 -> 46967036
DŽ: 46734214 -> 46734214
DŽ: 46734214 -> 46734214
DŽ: 46734214 -> 46734214
DŽ: 46734214 -> 46734214
DŽ: 46783209 -> 46987297
DŽ: 46734214 -> 46734214
DŽ: 46734214 -> 46796506
DŽ: 46734214 -> 47009300
DŽ: 46734214 -> 46734214
DŽ: 46734214 -> 46867211
DŽ: 46783209 -> 46783209
DŽ: 46783209 -> 46977174
DŽ: 46734214 -> 46801106
DŽ: 46783209 -> 46783209
DŽ: 46734214 -> 46947008
DŽ: 46783209 -> 46783209
DŽ: 46734214 -> 46734214
DŽ: 46734214 -> 46918321
DŽ: 46783209 -> 46845501

 start over 206178 loops 325 unique solutions 
Original + vert_size 0 
DŽ: 47581262 -> 47054189
DŽ: 46783209 -> 46783209
DŽ: 46734214 -> 46984933
DŽ: 46734214 -> 46947008
DŽ: 46734214 -> 46734214
DŽ: 46734214 -> 46734214
DŽ: 46734214 -> 47296953
DŽ: 46783209 -> 46977174
DŽ: 46734214 -> 46734214
DŽ: 46984933 -> 46734214
DŽ: 46734214 -> 46796506
DŽ: 46734214 -> 46734214
DŽ: 46734214 -> 46796506
DŽ: 46783209 -> 46977174
DŽ: 46748812 -> 46734214
DŽ: 46734214 -> 46734214
DŽ: 46783209 -> 46734214
DŽ: 46734214 -> 46734214
DŽ: 46734214 -> 46947008
DŽ: 46783209 -> 46996003
DŽ: 46748812 -> 46984933
DŽ: 46734214 -> 47031312
DŽ: 46884982 -> 47215139
DŽ: 46929539 -> 46783209
DŽ: 46895898 -> 47322018
DŽ: 46734214 -> 46734214
DŽ: 46734214 -> 46734214
DŽ: 46734214 -> 46734214
DŽ: 46977174 -> 47163204
DŽ: 46734214 -> 46734214
DŽ: 46783209 -> 46783209
DŽ: 46783209 -> 46783209
DŽ: 46734214 -> 46818518
DŽ: 46734214 -> 46734214
DŽ: 46783209 -> 46783209
DŽ: 46850101 -> 46818518
DŽ: 46734214 -> 46734214
DŽ: 46734214 -> 46818518
DŽ: 46734214 -> 46734214
DŽ: 46734214 -> 46734214
DŽ: 46783209 -> 46783209
DŽ: 46734214 -> 46734214
DŽ: 46850101 -> 47293635
DŽ: 46792747 -> 46783209
DŽ: 46783209 -> 46783209
DŽ: 46783209 -> 46783209
DŽ: 46734214 -> 46734214
DŽ: 46734214 -> 47002345
DŽ: 46792747 -> 46783209
DŽ: 46734214 -> 46984933
DŽ: 46734214 -> 47188166
DŽ: 46734214 -> 46734214
DŽ: 46734214 -> 46938302
DŽ: 46783209 -> 46783209
DŽ: 46884982 -> 46884982
DŽ: 46748812 -> 46734214
DŽ: 46734214 -> 46734214
DŽ: 46734214 -> 46734214

 start over 263833 loops 381 unique solutions 
Approx + random 
DŽ: 51017030 -> 48031302
DŽ: 46734214 -> 46734214
DŽ: 46734214 -> 46734214
DŽ: 47840744 -> 47456348
DŽ: 47146839 -> 46953942
DŽ: 46734214 -> 46734214
DŽ: 46953942 -> 46953942
DŽ: 46911965 -> 47058295
DŽ: 46734214 -> 46918041
DŽ: 46947008 -> 46947008
DŽ: 46791545 -> 47031312
DŽ: 46734214 -> 46818518
DŽ: 47058295 -> 47905602
DŽ: 47031312 -> 47235400
DŽ: 46911965 -> 46911965
DŽ: 46783209 -> 46783209
DŽ: 46818518 -> 46818518
DŽ: 46734214 -> 46801106
DŽ: 46818518 -> 47022606
DŽ: 46783209 -> 46967036
DŽ: 46734214 -> 46734214
DŽ: 46783209 -> 46845501
DŽ: 46818199 -> 46818518
DŽ: 46797807 -> 46783209
DŽ: 46783209 -> 46783209
DŽ: 46734214 -> 46734214
DŽ: 46734214 -> 46818518
DŽ: 46734214 -> 46796506
DŽ: 46734214 -> 46734214
DŽ: 46734214 -> 46734214
DŽ: 46734214 -> 46734214
DŽ: 46734214 -> 46734214
DŽ: 46734214 -> 46734214
DŽ: 46783209 -> 46783209
DŽ: 46783209 -> 46783209
DŽ: 46953942 -> 47058295
DŽ: 46734214 -> 46734214
DŽ: 46929539 -> 46783209
DŽ: 46783209 -> 46783209
DŽ: 46783209 -> 47029328
DŽ: 46783209 -> 46783209
DŽ: 46734214 -> 46947008
DŽ: 46734214 -> 46734214
DŽ: 46783209 -> 46783209
DŽ: 46734214 -> 46880810
DŽ: 46734214 -> 46734214
DŽ: 46748812 -> 46734214
DŽ: 46783209 -> 46783209
DŽ: 46911965 -> 47058295
DŽ: 47058295 -> 47058295
DŽ: 46734214 -> 46734214
DŽ: 46783209 -> 46783209
DŽ: 46734214 -> 46734214
DŽ: 46953942 -> 47154219
DŽ: 46734214 -> 46818518
DŽ: 46952576 -> 46783209
DŽ: 46734214 -> 46818518
DŽ: 46783209 -> 46783209

 start over 320651 loops 444 unique solutions 
Approx + random 
DŽ: 51017030 -> 48223767
DŽ: 46783209 -> 46818518
DŽ: 47179760 -> 47344060
DŽ: 46734214 -> 46734214
DŽ: 46734214 -> 46734214
DŽ: 46840540 -> 46845501
DŽ: 46734214 -> 46734214
DŽ: 46734214 -> 46734214
DŽ: 46734214 -> 46734214
DŽ: 46734214 -> 46734214
DŽ: 46734214 -> 46734214
DŽ: 46911965 -> 46911965
DŽ: 46734214 -> 46984933
DŽ: 46734214 -> 46734214
DŽ: 46734214 -> 46734214
DŽ: 46797807 -> 46845501
DŽ: 46734214 -> 46818518
DŽ: 46734214 -> 46947008
DŽ: 46783209 -> 46783209
DŽ: 46734214 -> 46818518
DŽ: 46734214 -> 46734214
DŽ: 46734214 -> 46734214
DŽ: 46734214 -> 46867211
DŽ: 46783209 -> 46845501
DŽ: 46783209 -> 46783209
DŽ: 46734214 -> 46984933
DŽ: 46734214 -> 47296953
DŽ: 46783209 -> 46783209
DŽ: 46783209 -> 46783209
DŽ: 46783209 -> 46845501
DŽ: 46783209 -> 46783209
DŽ: 46984910 -> 47059676
DŽ: 46792747 -> 46783209
DŽ: 46734214 -> 46734214
DŽ: 46797807 -> 46783209
DŽ: 46942741 -> 46818518
DŽ: 46783209 -> 46783209
DŽ: 46783209 -> 46783209
DŽ: 46783209 -> 46783209
DŽ: 46734214 -> 46734214
DŽ: 46783209 -> 46783209
DŽ: 46734214 -> 47070147
DŽ: 46734214 -> 46734214
DŽ: 46734214 -> 46734214
DŽ: 46783209 -> 46818518
DŽ: 46783209 -> 46783209
DŽ: 46734214 -> 46818518
DŽ: 46734214 -> 46984933
DŽ: 46734214 -> 46734214
DŽ: 46818518 -> 47022606
DŽ: 46734214 -> 46734214
DŽ: 46734214 -> 46796506
DŽ: 46796506 -> 47000594
DŽ: 47000594 -> 47000594
DŽ: 47179760 -> 47158030
DŽ: 46783209 -> 46979082
DŽ: 46858437 -> 46734214
DŽ: 46734214 -> 46734214
DŽ: 46783209 -> 46783209
DŽ: 46783209 -> 46880810

 start over 379823 loops 501 unique solutions 
Original + vert_size 13 
DŽ: 47581262 -> 47183170
DŽ: 46734214 -> 46818518
DŽ: 47136279 -> 47071299
DŽ: 46734214 -> 46734214
DŽ: 46953942 -> 46953942
DŽ: 46818518 -> 46818518
DŽ: 46734214 -> 46734214
DŽ: 47136279 -> 46977174
DŽ: 46748812 -> 46734214
DŽ: 46818518 -> 46818518
DŽ: 46734214 -> 46734214
DŽ: 46953942 -> 47282501
DŽ: 46783209 -> 47033928
DŽ: 46818518 -> 46818518
DŽ: 46940063 -> 47002355
DŽ: 46734214 -> 46734214
DŽ: 46734214 -> 46734214
DŽ: 47282501 -> 48124032
DŽ: 46734214 -> 46734214
DŽ: 46734214 -> 46734214
DŽ: 46783209 -> 46987297
DŽ: 46734214 -> 46734214
DŽ: 46734214 -> 46734214
DŽ: 46928843 -> 46783209
DŽ: 46933540 -> 46734214
DŽ: 46734214 -> 46734214
DŽ: 46734214 -> 46734214
DŽ: 46734214 -> 46734214
DŽ: 46734214 -> 46796506
DŽ: 46734214 -> 46818518
DŽ: 46818518 -> 46818518
DŽ: 46818518 -> 46818518
DŽ: 46818518 -> 46818518
DŽ: 46734214 -> 46734214
DŽ: 46734214 -> 46984933
DŽ: 46734214 -> 46947008
DŽ: 46734214 -> 46796506
DŽ: 46734214 -> 46734214
DŽ: 46792747 -> 46783209
DŽ: 46734214 -> 46734214
DŽ: 46734214 -> 47463368
DŽ: 46783209 -> 46783209
DŽ: 46734214 -> 47151096
DŽ: 46734214 -> 46734214
DŽ: 46734214 -> 46734214
DŽ: 46734214 -> 46734214
DŽ: 46783209 -> 46783209
DŽ: 46783209 -> 46845501
DŽ: 46734214 -> 46734214
DŽ: 46846250 -> 46796506
DŽ: 46849673 -> 47185606
DŽ: 46783209 -> 46996003
DŽ: 46748812 -> 46818518
DŽ: 46734214 -> 46734214
DŽ: 46818518 -> 46818518
DŽ: 46849673 -> 46849673
DŽ: 46849673 -> 46849673
DŽ: 46734214 -> 46938302
DŽ: 46734214 -> 46734214
DŽ: 46734214 -> 46734214
DŽ: 46846250 -> 46734214

 start over 439596 loops 566 unique solutions 
Original + vert_size 13 
DŽ: 47581262 -> 47022606
DŽ: 46734214 -> 46796506
DŽ: 46734214 -> 46734214
DŽ: 46933540 -> 46850101
DŽ: 46734214 -> 46818518
DŽ: 46734214 -> 46734214
DŽ: 46734214 -> 46734214
DŽ: 46734214 -> 46734214
DŽ: 46783209 -> 46783209
DŽ: 46734214 -> 46734214
DŽ: 46734214 -> 46734214
DŽ: 46734214 -> 46734214
DŽ: 46734214 -> 46734214
DŽ: 46734214 -> 46796506
DŽ: 46818518 -> 46818518
DŽ: 46734214 -> 46734214
DŽ: 46734214 -> 46734214
DŽ: 46734214 -> 46984933
DŽ: 46734214 -> 46734214
DŽ: 46734214 -> 46734214
DŽ: 46734214 -> 46734214
DŽ: 46818518 -> 46818518
DŽ: 46734214 -> 46818518
DŽ: 46818518 -> 47501041
DŽ: 46734214 -> 46947008
DŽ: 46791545 -> 46818518
DŽ: 46818518 -> 47031312
DŽ: 46873811 -> 46947008
DŽ: 46734214 -> 46734214
DŽ: 46734214 -> 46734214
DŽ: 46734214 -> 46734214
DŽ: 46884982 -> 46884982
DŽ: 46734214 -> 46938302
DŽ: 46734214 -> 46734214
DŽ: 46734214 -> 46734214
DŽ: 46734214 -> 46734214
DŽ: 46734214 -> 46734214
DŽ: 46734214 -> 47022606
DŽ: 46734214 -> 46734214
DŽ: 46734214 -> 46734214
DŽ: 46776155 -> 46734214
DŽ: 46734214 -> 46984933
DŽ: 46734214 -> 46734214
DŽ: 46734214 -> 46734214
DŽ: 46800678 -> 46800678
DŽ: 46734214 -> 46734214
DŽ: 46734214 -> 46734214
DŽ: 46800678 -> 46800678
DŽ: 46734214 -> 46734214
DŽ: 46884982 -> 46947274
DŽ: 46947274 -> 46947274
DŽ: 46905681 -> 46862970
DŽ: 46734214 -> 46734214
DŽ: 46734214 -> 46867211
DŽ: 46867211 -> 46867211
DŽ: 46734214 -> 46996979
DŽ: 46734214 -> 46734214
DŽ: 46734214 -> 46734214
DŽ: 46783209 -> 46783209
DŽ: 46734214 -> 46734214
DŽ: 46734214 -> 46734214
DŽ: 46858437 -> 46818518
DŽ: 46734214 -> 47000594
DŽ: 46734214 -> 46734214

 start over 502394 loops 615 unique solutions 
Original + vert_size 0 
DŽ: 47581262 -> 47054189
DŽ: 46734214 -> 46734214
DŽ: 46734214 -> 46734214
DŽ: 46734214 -> 46867211
DŽ: 46734214 -> 46796506
DŽ: 46734214 -> 46734214
DŽ: 46734214 -> 46734214
DŽ: 46796506 -> 46980333
DŽ: 46867211 -> 46867211
DŽ: 46734214 -> 46818518
DŽ: 46818518 -> 46818518
DŽ: 46734214 -> 46734214
DŽ: 46818518 -> 47392184
DŽ: 46818518 -> 47225277
DŽ: 46818518 -> 46818518
DŽ: 46734214 -> 46734214
DŽ: 46734214 -> 46734214
DŽ: 46846250 -> 46734214
DŽ: 46734214 -> 46734214
DŽ: 46734214 -> 46734214
DŽ: 46792747 -> 46818518
DŽ: 46818518 -> 46818518
DŽ: 46734214 -> 46734214
DŽ: 46734214 -> 46734214
DŽ: 46792747 -> 46977174
DŽ: 46818518 -> 46818518
DŽ: 46827737 -> 46938302
DŽ: 46818518 -> 47002345
DŽ: 46818518 -> 46818518
DŽ: 46734214 -> 46796506
DŽ: 46867211 -> 46980613
DŽ: 46818518 -> 46880810
DŽ: 46734214 -> 46734214
DŽ: 46734214 -> 46734214
DŽ: 46815276 -> 46918321
DŽ: 46734214 -> 46867211
DŽ: 46734214 -> 46734214
DŽ: 46734214 -> 46734214
DŽ: 46734214 -> 46734214
DŽ: 46734214 -> 46734214
DŽ: 46734214 -> 46734214
DŽ: 46734214 -> 46734214
DŽ: 46734214 -> 46734214
DŽ: 47054189 -> 46987297
DŽ: 46734214 -> 47012483
DŽ: 46734214 -> 46734214
DŽ: 46734214 -> 46734214
DŽ: 46734214 -> 46734214
DŽ: 46734214 -> 46734214
DŽ: 46734214 -> 46938302
DŽ: 46734214 -> 46734214
DŽ: 46734214 -> 46783209
DŽ: 46791545 -> 46734214
DŽ: 46776925 -> 47153745
DŽ: 46734214 -> 47014391
DŽ: 46734214 -> 46734214
DŽ: 46734214 -> 46734214
DŽ: 46734214 -> 46734214
DŽ: 46734214 -> 46984933
DŽ: 46734214 -> 46734214
DŽ: 46734214 -> 46818518
DŽ: 46734214 -> 46818518
DŽ: 46734214 -> 47063084
DŽ: 46792747 -> 46783209
DŽ: 46867211 -> 46867211
DŽ: 46734214 -> 46928179
DŽ: 46734214 -> 46734214
DŽ: 46734214 -> 46734214

 start over 569181 loops 677 unique solutions 
Approx + random 
DŽ: 51017030 -> 47696075
DŽ: 46734214 -> 46796506
DŽ: 46734214 -> 46734214
DŽ: 46734214 -> 46734214
DŽ: 47296670 -> 47133591
DŽ: 46734214 -> 47070147
DŽ: 46734214 -> 46734214
DŽ: 46918321 -> 46934103
DŽ: 46734214 -> 46734214
DŽ: 47041539 -> 46929503
DŽ: 46929503 -> 46947274
DŽ: 46929503 -> 46929503
DŽ: 46833116 -> 46818518
DŽ: 46929503 -> 46929503
DŽ: 46818518 -> 46818518
DŽ: 46734214 -> 46734214
DŽ: 46806143 -> 46734214
DŽ: 46734214 -> 46734214
DŽ: 46734214 -> 46734214
DŽ: 46833116 -> 47153745
DŽ: 46818518 -> 46818518
DŽ: 46783209 -> 46783209
DŽ: 46818518 -> 46818518
DŽ: 46818518 -> 46818518
DŽ: 46818518 -> 47022606
DŽ: 46776925 -> 46734214
DŽ: 46734214 -> 46734214
DŽ: 46734214 -> 46918321
DŽ: 46734214 -> 46734214
DŽ: 46734214 -> 46734214
DŽ: 46734214 -> 46818518
DŽ: 46734214 -> 46734214
DŽ: 46734214 -> 46734214
DŽ: 46734214 -> 46734214
DŽ: 46734214 -> 46867211
DŽ: 46734214 -> 46947008
DŽ: 46734214 -> 46734214
DŽ: 46734214 -> 46734214
DŽ: 46734214 -> 46818518
DŽ: 46818518 -> 46818518
DŽ: 46734214 -> 46734214
DŽ: 46734214 -> 46734214
DŽ: 46734214 -> 46734214
DŽ: 46734214 -> 46867211
DŽ: 46734214 -> 46734214
DŽ: 46818518 -> 46818518
DŽ: 47070147 -> 47070147
DŽ: 46734214 -> 46734214
DŽ: 46783209 -> 46783209
DŽ: 46734214 -> 46734214
DŽ: 46734214 -> 46734214
DŽ: 46734214 -> 46734214
DŽ: 46734214 -> 46734214
DŽ: 46734214 -> 46734214
DŽ: 47070147 -> 47154451
DŽ: 46734214 -> 47022606
DŽ: 46734214 -> 46818518
DŽ: 46734214 -> 46734214
DŽ: 46734214 -> 46984933
DŽ: 46734214 -> 46734214
DŽ: 46734214 -> 46928179
DŽ: 46734214 -> 46734214
DŽ: 46734214 -> 46734214
DŽ: 46776155 -> 46867211

 start over 632841 loops 754 unique solutions 
Original + vert_size 13 
DŽ: 47581262 -> 47173327
DŽ: 46881809 -> 47407232
DŽ: 46783209 -> 46783209
DŽ: 46734214 -> 46734214
DŽ: 46783209 -> 46783209
DŽ: 46734214 -> 46734214
DŽ: 46734214 -> 46734214
DŽ: 46783209 -> 46783209
DŽ: 46734214 -> 46734214
DŽ: 46734214 -> 46734214
DŽ: 46734214 -> 46734214
DŽ: 46818518 -> 47031312
DŽ: 47031312 -> 47093604
DŽ: 47009300 -> 47204291
DŽ: 46734214 -> 46796506
DŽ: 46796506 -> 46796506
DŽ: 46734214 -> 46938302
DŽ: 46734214 -> 46734214
DŽ: 46734214 -> 46734214
DŽ: 46734214 -> 46734214
DŽ: 46938302 -> 46938302
DŽ: 46734214 -> 47428747
DŽ: 46734214 -> 46796506
DŽ: 46734214 -> 46734214
DŽ: 46791545 -> 46818518
DŽ: 47000108 -> 47061176
DŽ: 46783209 -> 46783209
DŽ: 46734214 -> 46734214
DŽ: 46734214 -> 46734214
DŽ: 47009300 -> 47063247
DŽ: 46818518 -> 46818518
DŽ: 46734214 -> 46734214
DŽ: 46783209 -> 46987297
DŽ: 46734214 -> 47031312
DŽ: 46783209 -> 46783209
DŽ: 46783209 -> 46977174
DŽ: 46734214 -> 46734214
DŽ: 46783209 -> 46783209
DŽ: 46734214 -> 46734214
DŽ: 46783209 -> 46996003
DŽ: 46734214 -> 46734214
DŽ: 46849673 -> 47031312
DŽ: 46783209 -> 46783209
DŽ: 46977174 -> 47252260
DŽ: 46783209 -> 46987297
DŽ: 46734214 -> 46734214
DŽ: 46734214 -> 46734214
DŽ: 46734214 -> 46734214
DŽ: 46734214 -> 46734214
DŽ: 46783209 -> 46783209
DŽ: 46734214 -> 46734214
DŽ: 46734214 -> 46734214
DŽ: 46734214 -> 46734214
DŽ: 46796506 -> 46880810
DŽ: 46783209 -> 46783209

 start over 686342 loops 800 unique solutions 
Original + vert_size 0 
DŽ: 47581262 -> 47054189
DŽ: 46734214 -> 46734214
DŽ: 46734214 -> 46801106
DŽ: 46734214 -> 46734214
DŽ: 46783209 -> 46967036
DŽ: 46734214 -> 46734214
DŽ: 46967036 -> 46987297
DŽ: 46850101 -> 46783209
DŽ: 46987297 -> 46987297
DŽ: 46734214 -> 46734214
DŽ: 46796506 -> 46929503
DŽ: 46734214 -> 46734214
DŽ: 46734214 -> 46734214
DŽ: 46734214 -> 46734214
DŽ: 46895245 -> 46845501
DŽ: 46895245 -> 46783209
DŽ: 46818518 -> 46818518
DŽ: 46734214 -> 46734214
DŽ: 46734214 -> 46734214
DŽ: 46818518 -> 47064637
DŽ: 46734214 -> 47074775
DŽ: 46734214 -> 46796506
DŽ: 46734214 -> 46734214
DŽ: 46890447 -> 46880810
DŽ: 46734214 -> 46734214
DŽ: 46818518 -> 46867211
DŽ: 46748812 -> 46880810
DŽ: 46734214 -> 46930087
DŽ: 46783209 -> 46783209
DŽ: 46734214 -> 46818518
DŽ: 46734214 -> 46734214
DŽ: 46844626 -> 47002345
DŽ: 46783209 -> 46783209
DŽ: 47002345 -> 47215139
DŽ: 46833116 -> 46818518
DŽ: 46783209 -> 46783209
DŽ: 46783209 -> 46783209
DŽ: 46734214 -> 46734214
DŽ: 46776925 -> 46947008
DŽ: 46734214 -> 46734214
DŽ: 46895898 -> 46734214
DŽ: 46895898 -> 46734214
DŽ: 46783209 -> 46845501
DŽ: 46734214 -> 46734214
DŽ: 46734214 -> 46734214
DŽ: 46818518 -> 46818518
DŽ: 46734214 -> 46734214
DŽ: 46734214 -> 46984933
DŽ: 46806143 -> 47012483
DŽ: 46734214 -> 47031312
DŽ: 46734214 -> 46734214
DŽ: 46833116 -> 46818518
DŽ: 46818518 -> 46818518
DŽ: 46818518 -> 46818518
DŽ: 46785693 -> 47132267
DŽ: 46734214 -> 47047225
DŽ: 46858437 -> 46734214
DŽ: 46791545 -> 46734214
DŽ: 46783209 -> 47058295
DŽ: 46791523 -> 46928179
DŽ: 46743752 -> 46796506
DŽ: 46818518 -> 46818518
DŽ: 46734214 -> 46734214
DŽ: 46783209 -> 46783209

 start over 749700 loops 856 unique solutions 
Original + vert_size 13 
DŽ: 47581262 -> 47116481
DŽ: 47004339 -> 46947008
DŽ: 46791545 -> 46734214
DŽ: 46734214 -> 46734214
DŽ: 46748812 -> 46818518
DŽ: 46734214 -> 46734214
DŽ: 46734214 -> 47216743
DŽ: 46734214 -> 46734214
DŽ: 46791545 -> 46796506
DŽ: 46734214 -> 46734214
DŽ: 46734214 -> 46734214
DŽ: 46748812 -> 46818518
DŽ: 46734214 -> 46734214
DŽ: 46748812 -> 47189021
DŽ: 46734214 -> 46734214
DŽ: 46748812 -> 46734214
DŽ: 46734214 -> 46818518
DŽ: 47084745 -> 47070147
DŽ: 46734214 -> 46734214
DŽ: 46818518 -> 46818518
DŽ: 47005194 -> 47071299
DŽ: 46783209 -> 46783209
DŽ: 46734214 -> 46818518
DŽ: 46734214 -> 46818518
DŽ: 46734214 -> 46734214
DŽ: 46783209 -> 46977174
DŽ: 46776925 -> 46734214
DŽ: 46734214 -> 46734214
DŽ: 46734214 -> 46734214
DŽ: 46748812 -> 46734214
DŽ: 46734214 -> 46734214
DŽ: 46818518 -> 46818518
DŽ: 46818518 -> 46818518
DŽ: 46734214 -> 46734214
DŽ: 46734214 -> 46734214
DŽ: 46734214 -> 46947008
DŽ: 46776925 -> 47244640
DŽ: 46901957 -> 46734214
DŽ: 46734214 -> 46734214
DŽ: 46783209 -> 46969239
DŽ: 46734214 -> 46734214
DŽ: 46734214 -> 46734214
DŽ: 46734214 -> 46734214
DŽ: 46776925 -> 46947008
DŽ: 46748812 -> 46796506
DŽ: 46734214 -> 46734214
DŽ: 46734214 -> 46734214
DŽ: 46776155 -> 46938302
DŽ: 46748812 -> 47093604
DŽ: 46734214 -> 46734214
DŽ: 46734214 -> 46734214
DŽ: 46776925 -> 46995071
DŽ: 46776155 -> 46930087
DŽ: 46979247 -> 46867211
DŽ: 46783209 -> 46818518
DŽ: 46734214 -> 46734214

 start over 804408 loops 912 unique solutions 
Approx + random 
DŽ: 51017030 -> 47923227
DŽ: 47440342 -> 47154219
DŽ: 46734214 -> 47031312
DŽ: 47440342 -> 47154219
DŽ: 46734214 -> 46734214
DŽ: 46791545 -> 46842655
DŽ: 47243514 -> 46989251
DŽ: 46989251 -> 46989251
DŽ: 47880516 -> 47351639
DŽ: 47590360 -> 47147551
DŽ: 46734214 -> 46734214
DŽ: 47154219 -> 47154219
DŽ: 47154219 -> 47154219
DŽ: 47119224 -> 47112242
DŽ: 46734214 -> 46867211
DŽ: 46806143 -> 46975372
DŽ: 47112242 -> 47112242
DŽ: 46734214 -> 46734214
DŽ: 46734214 -> 46734214
DŽ: 46849673 -> 47043638
DŽ: 47351639 -> 47497969
DŽ: 46801083 -> 46842655
DŽ: 46806143 -> 46818518
DŽ: 46980613 -> 46980613
DŽ: 46734214 -> 46734214
DŽ: 46734214 -> 46734214
DŽ: 46806143 -> 46734214
DŽ: 46862970 -> 46862970
DŽ: 46734214 -> 46818518
DŽ: 46734214 -> 46734214
DŽ: 46734214 -> 46734214
DŽ: 46818518 -> 47059676
DŽ: 46791545 -> 46842655
DŽ: 46734214 -> 46734214
DŽ: 46904947 -> 46904947
DŽ: 46834256 -> 46734214
DŽ: 46734214 -> 46734214
DŽ: 46734214 -> 46734214
DŽ: 46734214 -> 46818518
DŽ: 46734214 -> 46734214
DŽ: 46734214 -> 46734214
DŽ: 46734214 -> 46734214
DŽ: 46791545 -> 46734214
DŽ: 47105224 -> 47105224
DŽ: 46974975 -> 46904947
DŽ: 46734214 -> 46734214
DŽ: 47105224 -> 47327402
DŽ: 47105224 -> 47289051

 start over 851867 loops 966 unique solutions 
Original + vert_size 13 
DŽ: 47581262 -> 47200091
DŽ: 46734214 -> 46734214
DŽ: 46734214 -> 46818518
DŽ: 47154219 -> 47154219
DŽ: 46734214 -> 46734214
DŽ: 46783209 -> 46845501
DŽ: 47112242 -> 47112242
DŽ: 46748812 -> 47002967
DŽ: 47105224 -> 47373355
DŽ: 46734214 -> 46734214
DŽ: 46783209 -> 46783209
DŽ: 46783209 -> 47492631
DŽ: 46734214 -> 46734214
DŽ: 47056929 -> 46783209
DŽ: 46734214 -> 46734214
DŽ: 46734214 -> 46734214
DŽ: 46783209 -> 46783209
DŽ: 47154219 -> 47189528
DŽ: 46734214 -> 46734214
DŽ: 46734214 -> 46734214
DŽ: 46791545 -> 46783209
DŽ: 46734214 -> 46734214
DŽ: 46734214 -> 46734214
DŽ: 46734214 -> 47031312
DŽ: 46797807 -> 46996003
DŽ: 46734214 -> 46734214
DŽ: 47492631 -> 47569669
DŽ: 46783209 -> 46996003
DŽ: 46734214 -> 46734214
DŽ: 46996003 -> 47383918
DŽ: 46792747 -> 46967036
DŽ: 46783209 -> 46783209
DŽ: 46840540 -> 46783209
DŽ: 46734214 -> 46734214
DŽ: 46734214 -> 47009300
DŽ: 46783209 -> 47119142
DŽ: 46734214 -> 46734214
DŽ: 46734214 -> 46734214
DŽ: 46792747 -> 46783209
DŽ: 46734214 -> 46734214
DŽ: 47154219 -> 47327402
DŽ: 47569669 -> 47569669

 start over 892952 loops 1010 unique solutions 
Approx + random 
DŽ: 51017030 -> 48707033
DŽ: 47056929 -> 46783209
DŽ: 46797807 -> 46996003
DŽ: 46734214 -> 46734214
DŽ: 46734214 -> 46734214
DŽ: 46783209 -> 46783209
DŽ: 46783209 -> 47002345
DŽ: 46734214 -> 47216743
DŽ: 46734214 -> 46734214
DŽ: 46734214 -> 46796506
DŽ: 48353434 -> 47680554
DŽ: 46734214 -> 46734214
DŽ: 46734214 -> 46928179
DŽ: 46791545 -> 46796506
DŽ: 47172589 -> 47262383
DŽ: 46734214 -> 46734214
DŽ: 46734214 -> 46734214
DŽ: 46791545 -> 46818518
DŽ: 46734214 -> 46734214
DŽ: 47204168 -> 47177620
DŽ: 47198672 -> 47058295
DŽ: 46734214 -> 46783209
DŽ: 47177620 -> 47177620
DŽ: 47135643 -> 47135643
DŽ: 46734214 -> 46734214
DŽ: 47009300 -> 47093604
DŽ: 46734214 -> 46734214
DŽ: 46989251 -> 47500625
DŽ: 46734214 -> 47002345
DŽ: 46840540 -> 46783209
DŽ: 46734214 -> 47070147
DŽ: 46734214 -> 46734214
DŽ: 46734214 -> 46734214
DŽ: 47070147 -> 47154451
DŽ: 46783209 -> 46996003
DŽ: 46734214 -> 46734214
DŽ: 47070147 -> 47203144
DŽ: 46734214 -> 46984933
DŽ: 47177620 -> 47177620
DŽ: 46734214 -> 46734214
DŽ: 47135643 -> 47135643
DŽ: 47204168 -> 47347337
DŽ: 46734214 -> 46734214
DŽ: 46734214 -> 46734214
DŽ: 46734214 -> 46947008
DŽ: 46734214 -> 46734214
DŽ: 46734214 -> 46734214
DŽ: 46791545 -> 46734214
DŽ: 46734214 -> 46818518
DŽ: 47070147 -> 47070147
DŽ: 46734214 -> 46734214
DŽ: 46783209 -> 46845501
DŽ: 46734214 -> 46796506
DŽ: 46905681 -> 46947274

 start over 945646 loops 1066 unique solutions 
Original + vert_size 0 
DŽ: 47581262 -> 47054189
DŽ: 47004548 -> 46818518
DŽ: 46734214 -> 46734214
DŽ: 46734214 -> 46734214
DŽ: 46734214 -> 46734214
DŽ: 46734214 -> 46734214
DŽ: 46734214 -> 46734214
DŽ: 46734214 -> 46734214
DŽ: 46734214 -> 46947008
DŽ: 46818518 -> 46818518
DŽ: 46734214 -> 46734214
DŽ: 46734214 -> 46734214
DŽ: 46734214 -> 47009300
DŽ: 46734214 -> 46984933
DŽ: 46947008 -> 46947008
DŽ: 46947008 -> 47031312
DŽ: 46734214 -> 46734214
DŽ: 46734214 -> 46818518
DŽ: 46734214 -> 46818518
DŽ: 47009300 -> 47009300
DŽ: 46734214 -> 46818518
DŽ: 46859211 -> 46849673
DŽ: 46734214 -> 46734214
DŽ: 46734214 -> 46734214
DŽ: 46734214 -> 46734214
DŽ: 46818518 -> 46734214
DŽ: 46734214 -> 46734214
DŽ: 46818518 -> 46818518
DŽ: 46859211 -> 46911965
DŽ: 46734214 -> 46734214
DŽ: 46734214 -> 46734214
DŽ: 46849673 -> 47759272
DŽ: 46783209 -> 46783209
DŽ: 46734214 -> 46734214
DŽ: 46783209 -> 46967036
DŽ: 46818518 -> 46818518
DŽ: 46734214 -> 46734214
DŽ: 46776925 -> 46796506
DŽ: 46734214 -> 46867211
DŽ: 46734214 -> 46783209
DŽ: 46734214 -> 46734214
DŽ: 46734214 -> 46734214
DŽ: 46734214 -> 46734214
DŽ: 46734214 -> 46734214
DŽ: 46783209 -> 46783209
DŽ: 46734214 -> 46734214
DŽ: 46734214 -> 46928179
DŽ: 46734214 -> 46734214
DŽ: 46734214 -> 46734214
DŽ: 46783209 -> 46967036
DŽ: 46734214 -> 46734214
DŽ: 46734214 -> 46734214
DŽ: 46783209 -> 46783209

 start over 997617 loops 1111 unique solutions 
Approx + random 
DŽ: 51017030 -> 47548411
DŽ: 46962137 -> 46783209
DŽ: 46734214 -> 46734214
DŽ: 46734214 -> 46734214
DŽ: 46734214 -> 46818518
DŽ: 46734214 -> 47002345
DŽ: 46783209 -> 46996003
DŽ: 46734214 -> 46734214
DŽ: 46783209 -> 46987297
DŽ: 46783209 -> 47119142
DŽ: 46783209 -> 46845501
DŽ: 46734214 -> 46734214
DŽ: 46734214 -> 46734214
DŽ: 46845501 -> 46996003
DŽ: 46734214 -> 46801106
DŽ: 46818518 -> 47031312
DŽ: 46845501 -> 46845501
DŽ: 46783209 -> 46987297
DŽ: 46734214 -> 46734214
DŽ: 46734214 -> 46734214
DŽ: 46734214 -> 46734214
DŽ: 46734214 -> 46734214
DŽ: 46734214 -> 46734214
DŽ: 46783209 -> 46818518
DŽ: 46734214 -> 46796506
DŽ: 46783209 -> 47502802
DŽ: 46783209 -> 46783209
DŽ: 46734214 -> 46734214
DŽ: 46748812 -> 47014391
DŽ: 46734214 -> 46734214
DŽ: 47101287 -> 46989251
DŽ: 46748812 -> 46880810
DŽ: 46783209 -> 46996003
DŽ: 46783209 -> 46818518
DŽ: 46734214 -> 46984933
DŽ: 46783209 -> 46996003
DŽ: 46734214 -> 46734214
DŽ: 46748812 -> 47059676
DŽ: 46783209 -> 47029328
DŽ: 46734214 -> 46734214
DŽ: 46840540 -> 46987297
DŽ: 46734214 -> 46734214
DŽ: 46748812 -> 46734214
DŽ: 46734214 -> 46734214
DŽ: 46734214 -> 46734214
DŽ: 46783209 -> 46783209
DŽ: 46797807 -> 46783209
DŽ: 46734214 -> 46734214
DŽ: 46783209 -> 46783209
DŽ: 46734214 -> 46734214

 start over 1046866 loops 1159 unique solutions 
Approx + random 
DŽ: 51017030 -> 47831074
DŽ: 46783209 -> 46783209
DŽ: 46783209 -> 46845501
DŽ: 46734214 -> 46734214
DŽ: 46783209 -> 46783209
DŽ: 46783209 -> 46783209
DŽ: 46734214 -> 46734214
DŽ: 46818518 -> 46818518
DŽ: 46783209 -> 46818518
DŽ: 46783209 -> 46987297
DŽ: 46818518 -> 46818518
DŽ: 46734214 -> 46734214
DŽ: 47517074 -> 47172822
DŽ: 46818518 -> 46818518
DŽ: 46783209 -> 46783209
DŽ: 46734214 -> 46734214
DŽ: 46734214 -> 46734214
DŽ: 46895245 -> 46783209
DŽ: 46734214 -> 46734214
DŽ: 46783209 -> 46783209
DŽ: 46734214 -> 47009300
DŽ: 46783209 -> 46783209
DŽ: 46783209 -> 47154451
DŽ: 46734214 -> 46918041
DŽ: 46904947 -> 47088774
DŽ: 46734214 -> 47002345
DŽ: 46783209 -> 46783209
DŽ: 46734214 -> 46818518
DŽ: 46811872 -> 47154451
DŽ: 46734214 -> 46734214
DŽ: 46783209 -> 46783209
DŽ: 47119142 -> 47119142
DŽ: 46818518 -> 46845501
DŽ: 47119142 -> 47181434
DŽ: 46895245 -> 46783209
DŽ: 46734214 -> 46734214
DŽ: 46734214 -> 46734214
DŽ: 47128680 -> 47119142
DŽ: 46734214 -> 46734214
DŽ: 46734214 -> 46734214
DŽ: 46734214 -> 46990471
DŽ: 46734214 -> 46984933
DŽ: 46796506 -> 47000594
DŽ: 46734214 -> 46734214
DŽ: 46734214 -> 46734214
DŽ: 46776925 -> 46938302
DŽ: 46734214 -> 46734214
DŽ: 47154451 -> 47012483
DŽ: 46734214 -> 46734214
DŽ: 46734214 -> 46734214
DŽ: 46734214 -> 46783209

 start over 1096867 loops 1207 unique solutions 
Original + vert_size 13 
DŽ: 47581262 -> 46987297
DŽ: 46734214 -> 47212649
DŽ: 46734214 -> 46928179
DŽ: 46904947 -> 46926959
DŽ: 46783209 -> 46783209
DŽ: 47172822 -> 46911965
DŽ: 46783209 -> 46967036
DŽ: 46926959 -> 46884982
DŽ: 46734214 -> 46818518
DŽ: 46734214 -> 46734214
DŽ: 46849673 -> 46849673
DŽ: 46849673 -> 47189968
DŽ: 46884982 -> 46884982
DŽ: 46734214 -> 46734214
DŽ: 46734214 -> 46734214
DŽ: 46734214 -> 47002345
DŽ: 46734214 -> 46734214
DŽ: 46906337 -> 46987297
DŽ: 46734214 -> 46734214
DŽ: 46884982 -> 46947274
DŽ: 46818518 -> 46818518
DŽ: 46818518 -> 46734214
DŽ: 46734214 -> 46734214
DŽ: 46734214 -> 46734214
DŽ: 46867996 -> 46734214
DŽ: 46947274 -> 47283207
DŽ: 46734214 -> 46734214
DŽ: 46734214 -> 46734214
DŽ: 47251925 -> 47151362
DŽ: 46734214 -> 46734214
DŽ: 46734214 -> 46984933
DŽ: 46743752 -> 46783209
DŽ: 46734214 -> 46734214
DŽ: 46973071 -> 46947274
DŽ: 46734214 -> 46734214
DŽ: 46911965 -> 46849673
DŽ: 46849673 -> 46849673
DŽ: 46947274 -> 46947274
DŽ: 46734214 -> 46734214
DŽ: 46734214 -> 46734214
DŽ: 46783209 -> 46845501
DŽ: 46734214 -> 46818518
DŽ: 46734214 -> 46734214
DŽ: 46734214 -> 46734214
DŽ: 46911965 -> 46947274
DŽ: 46872508 -> 46862970

 start over 1141305 loops 1255 unique solutions 
Original + vert_size 0 
DŽ: 47581262 -> 47054189
DŽ: 46734214 -> 46818518
DŽ: 46734214 -> 46734214
DŽ: 47124564 -> 47107838
DŽ: 47015012 -> 47067058
DŽ: 46818518 -> 46818518
DŽ: 46810665 -> 46734214
DŽ: 46911965 -> 46911965
DŽ: 46734214 -> 46734214
DŽ: 46849673 -> 46849673
DŽ: 46818518 -> 47022606
DŽ: 46849673 -> 46996003
DŽ: 46818518 -> 47022606
DŽ: 46734214 -> 46734214
DŽ: 46734214 -> 46734214
DŽ: 46734214 -> 46734214
DŽ: 46734214 -> 46734214
DŽ: 46818518 -> 47022606
DŽ: 46734214 -> 46734214
DŽ: 46734214 -> 46734214
DŽ: 46734214 -> 46734214
DŽ: 47022606 -> 47022606
DŽ: 46930554 -> 46818518
DŽ: 46911965 -> 46911965
DŽ: 46734214 -> 46734214
DŽ: 46734214 -> 46734214
DŽ: 46734214 -> 46880810
DŽ: 46734214 -> 47031312
DŽ: 46911965 -> 46911965
DŽ: 46818518 -> 46818518
DŽ: 46734214 -> 46734214
DŽ: 46776925 -> 47002345
DŽ: 46846250 -> 46818518
DŽ: 46875849 -> 46818518
DŽ: 46734214 -> 46734214
DŽ: 46734214 -> 46734214
DŽ: 46938302 -> 46987297
DŽ: 46818518 -> 47022606
DŽ: 46734214 -> 46818518
DŽ: 46776925 -> 46734214
DŽ: 46911965 -> 46911965
DŽ: 46818518 -> 46818518
DŽ: 46734214 -> 46734214
DŽ: 46734214 -> 46947008
DŽ: 46734214 -> 46734214
DŽ: 46783209 -> 46783209
DŽ: 46783209 -> 46891650
DŽ: 46734214 -> 46734214

 start over 1188994 loops 1300 unique solutions 
Approx + random 
DŽ: 51017030 -> 47792234
DŽ: 46791545 -> 46796506
DŽ: 46859211 -> 46849673
DŽ: 46911965 -> 46849673
DŽ: 46776925 -> 46734214
DŽ: 46734214 -> 46734214
DŽ: 46734214 -> 46783209
DŽ: 46734214 -> 46734214
DŽ: 46783209 -> 46783209
DŽ: 46734214 -> 46734214
DŽ: 46734214 -> 46947008
DŽ: 46849673 -> 46884982
DŽ: 46846250 -> 47031312
DŽ: 46947008 -> 47282941
DŽ: 46734214 -> 46880810
DŽ: 46796506 -> 47277431
DŽ: 46970744 -> 46904947
DŽ: 46818518 -> 46818518
DŽ: 46849673 -> 46849673
DŽ: 46970744 -> 47416321
DŽ: 46734214 -> 46734214
DŽ: 46734214 -> 46734214
DŽ: 46783209 -> 46818518
DŽ: 46904947 -> 46980613
DŽ: 46734214 -> 46734214
DŽ: 46734214 -> 46734214
DŽ: 46734214 -> 46734214
DŽ: 46864969 -> 46867211
DŽ: 46734214 -> 46734214
DŽ: 46800678 -> 46884982
DŽ: 46734214 -> 46938302
DŽ: 46734214 -> 46734214
DŽ: 46734214 -> 46734214
DŽ: 46734214 -> 46734214
DŽ: 46734214 -> 46734214
DŽ: 46800678 -> 46849673
DŽ: 46904947 -> 46980613
DŽ: 46734214 -> 46734214
DŽ: 46800678 -> 46800678
DŽ: 46748812 -> 46867211
DŽ: 46849673 -> 46911965
DŽ: 46846250 -> 46734214
DŽ: 46734214 -> 46734214
DŽ: 46734214 -> 46734214

 start over 1231982 loops 1343 unique solutions 
Original + vert_size 13 
DŽ: 47581262 -> 46912393
DŽ: 46734214 -> 46734214
DŽ: 46748812 -> 46734214
DŽ: 46734214 -> 46734214
DŽ: 46800678 -> 46800678
DŽ: 46800678 -> 46884982
DŽ: 46849673 -> 46996003
DŽ: 46970744 -> 46904947
DŽ: 46862970 -> 47113689
DŽ: 46734214 -> 46734214
DŽ: 46734214 -> 46734214
DŽ: 46849673 -> 46849673
DŽ: 46800678 -> 46918321
DŽ: 46800678 -> 46884982
DŽ: 46884982 -> 46884982
DŽ: 46734214 -> 46867211
DŽ: 46884982 -> 46884982
DŽ: 46884982 -> 46947274
DŽ: 46734214 -> 46818518
DŽ: 46734214 -> 46734214
DŽ: 46734214 -> 46734214
DŽ: 46884982 -> 46884982
DŽ: 46734214 -> 46734214
DŽ: 46884982 -> 46884982
DŽ: 46884982 -> 46884982
DŽ: 46734214 -> 46734214
DŽ: 46734214 -> 46818518
DŽ: 46734214 -> 46734214
DŽ: 46734214 -> 46734214
DŽ: 46734214 -> 46734214
DŽ: 46849673 -> 46884982
DŽ: 46734214 -> 46734214
DŽ: 46734214 -> 46734214
DŽ: 46734214 -> 46734214
DŽ: 46849673 -> 46884982
DŽ: 46734214 -> 46734214
DŽ: 46884982 -> 47093604
DŽ: 46884982 -> 46849673
DŽ: 46734214 -> 46734214
DŽ: 46849673 -> 46849673
DŽ: 46734214 -> 46734214
DŽ: 46849673 -> 46849673
DŽ: 46734214 -> 46734214
DŽ: 46929539 -> 46783209
DŽ: 46849673 -> 46849673
DŽ: 46849673 -> 46849673
DŽ: 46734214 -> 46947008
DŽ: 46734214 -> 46734214
DŽ: 46884982 -> 46884982
DŽ: 46800678 -> 46849673
DŽ: 46849673 -> 46996003

 start over 1281839 loops 1393 unique solutions 
Original + vert_size 0 
DŽ: 47581262 -> 47054189
DŽ: 46734214 -> 46734214
DŽ: 46734214 -> 46734214
DŽ: 46734214 -> 46818518
DŽ: 46734214 -> 46734214
DŽ: 46818518 -> 46818518
DŽ: 46929539 -> 46987297
DŽ: 46734214 -> 46783209
DŽ: 46783209 -> 47058295
DŽ: 46783209 -> 46783209
DŽ: 46818518 -> 46818518
DŽ: 46734214 -> 46734214
DŽ: 46734214 -> 46734214
DŽ: 46996003 -> 46996003
DŽ: 46818518 -> 46818518
DŽ: 46734214 -> 46734214
DŽ: 46783209 -> 46783209
DŽ: 46734214 -> 46947008
DŽ: 46783209 -> 46783209
DŽ: 46734214 -> 46734214
DŽ: 46929539 -> 46783209
DŽ: 46783209 -> 47002345
DŽ: 46783209 -> 46818518
DŽ: 46734214 -> 46734214
DŽ: 46734214 -> 46734214
DŽ: 46734214 -> 46734214
DŽ: 46734214 -> 46818518
DŽ: 46783209 -> 46845501
DŽ: 46776925 -> 46734214
DŽ: 46818518 -> 46818518
DŽ: 46783209 -> 46783209
DŽ: 46783209 -> 46783209
DŽ: 46734214 -> 46818518
DŽ: 46783209 -> 46783209
DŽ: 46783209 -> 46783209
DŽ: 46734214 -> 46818518
DŽ: 46734214 -> 47002345
DŽ: 46818518 -> 47012483
DŽ: 46818518 -> 47031312
DŽ: 46783209 -> 46783209
DŽ: 46818518 -> 47022606
DŽ: 46783209 -> 46783209
DŽ: 46818518 -> 46818518
DŽ: 46818518 -> 46818518
DŽ: 46734214 -> 46734214
DŽ: 46734214 -> 46734214
DŽ: 46818518 -> 47154451
DŽ: 46734214 -> 46845501
DŽ: 46734214 -> 46734214
DŽ: 46783209 -> 46783209
DŽ: 46845501 -> 46845501
DŽ: 46734214 -> 46734214
DŽ: 46783209 -> 46987297
DŽ: 46792747 -> 46783209
DŽ: 46734214 -> 46734214
DŽ: 46913268 -> 46783209
DŽ: 46783209 -> 46783209
DŽ: 46930554 -> 46818518
DŽ: 46734214 -> 46734214
DŽ: 46734214 -> 46734214
DŽ: 46783209 -> 46783209
DŽ: 46818518 -> 46818518
DŽ: 46783209 -> 46818518

 start over 1343529 loops 1445 unique solutions 
Original + vert_size 13 
DŽ: 47581262 -> 47049589
DŽ: 46783209 -> 46783209
DŽ: 46783209 -> 46996003
DŽ: 46944893 -> 46783209
DŽ: 46734214 -> 47012483
DŽ: 46783209 -> 47179830
DŽ: 46818518 -> 46818518
DŽ: 46845501 -> 46845501
DŽ: 46783209 -> 46783209
DŽ: 46734214 -> 46734214
DŽ: 46797807 -> 46783209
DŽ: 46734214 -> 46734214
DŽ: 46845501 -> 46845501
DŽ: 46783209 -> 46783209
DŽ: 46734214 -> 46734214
DŽ: 46783209 -> 47022606
DŽ: 46783209 -> 46996003
DŽ: 46734214 -> 46734214
DŽ: 46845501 -> 46845501
DŽ: 46845501 -> 46845501
DŽ: 46845501 -> 46880810
DŽ: 46783209 -> 47200091
DŽ: 46783209 -> 46783209
DŽ: 47022606 -> 47297692
DŽ: 46734214 -> 46734214
DŽ: 46818518 -> 47235400
DŽ: 46980202 -> 47093604
DŽ: 46783209 -> 46783209
DŽ: 46783209 -> 46849673
DŽ: 46944893 -> 46783209
DŽ: 46818518 -> 46818518
DŽ: 46783209 -> 46783209
DŽ: 46783209 -> 46783209
DŽ: 46783209 -> 46845501
DŽ: 46869952 -> 47642475
DŽ: 46734214 -> 46734214
DŽ: 46783209 -> 47029328
DŽ: 46734214 -> 46734214
DŽ: 46734214 -> 46734214
DŽ: 46734214 -> 46734214
DŽ: 46734214 -> 46734214
DŽ: 46734214 -> 46734214
DŽ: 46783209 -> 46783209
DŽ: 46783209 -> 46783209
DŽ: 46734214 -> 46734214
DŽ: 46783209 -> 46996003
DŽ: 46734214 -> 46867211

 start over 1389832 loops 1495 unique solutions 
Original + vert_size 13 
DŽ: 47581262 -> 47054189
DŽ: 46783209 -> 46845501
DŽ: 46734214 -> 46734214
DŽ: 46734214 -> 46734214
DŽ: 46783209 -> 46783209
DŽ: 46734214 -> 46734214
DŽ: 46734214 -> 46734214
DŽ: 46734214 -> 46734214
DŽ: 46734214 -> 46867211
DŽ: 46783209 -> 46783209
DŽ: 46734214 -> 46734214
DŽ: 46783209 -> 46783209
DŽ: 46818518 -> 46818518
DŽ: 46734214 -> 46734214
DŽ: 46734214 -> 46734214
DŽ: 46783209 -> 46783209
DŽ: 46734214 -> 46734214
DŽ: 46734214 -> 47235400
DŽ: 46783209 -> 46783209
DŽ: 46734214 -> 46734214
DŽ: 46783209 -> 46818518
DŽ: 46783209 -> 46977174
DŽ: 46734214 -> 46734214
DŽ: 46783209 -> 46783209
DŽ: 46734214 -> 46734214
DŽ: 46818518 -> 46818518
DŽ: 46734214 -> 46734214
DŽ: 46734214 -> 46734214
DŽ: 46818518 -> 46818518
DŽ: 46818518 -> 46867211
DŽ: 46734214 -> 46734214
DŽ: 46734214 -> 46734214
DŽ: 46783209 -> 46783209
DŽ: 46734214 -> 46734214
DŽ: 46734214 -> 46734214
DŽ: 46783209 -> 46783209
DŽ: 46734214 -> 46734214
DŽ: 46734214 -> 46734214
DŽ: 46734214 -> 46783209
DŽ: 47054189 -> 46987297
DŽ: 46783209 -> 46783209
DŽ: 46783209 -> 46783209
DŽ: 46783209 -> 46818518
DŽ: 46734214 -> 46734214
DŽ: 46734214 -> 47401815
DŽ: 46734214 -> 46818518
DŽ: 46783209 -> 46845501
DŽ: 46783209 -> 46783209

 start over 1436610 loops 1538 unique solutions 
Approx + random 
DŽ: 51017030 -> 47859339
DŽ: 46734214 -> 46938302
DŽ: 46783209 -> 46783209
DŽ: 46734214 -> 46734214
DŽ: 46734214 -> 46734214
DŽ: 46783209 -> 46977174
DŽ: 46734214 -> 46734214
DŽ: 46783209 -> 46783209
DŽ: 46783209 -> 46818518
DŽ: 46734214 -> 46984933
DŽ: 46791545 -> 46734214
DŽ: 47046942 -> 47020834
DŽ: 46783209 -> 46845501
DŽ: 46734214 -> 47014391
DŽ: 46734214 -> 46734214
DŽ: 47046942 -> 47020834
DŽ: 47012820 -> 47022606
DŽ: 46783209 -> 46783209
DŽ: 46840540 -> 46891650
DŽ: 46938302 -> 46938302
DŽ: 46734214 -> 46734214
DŽ: 46734214 -> 46734214
DŽ: 46734214 -> 46734214
DŽ: 47020834 -> 47122608
DŽ: 46776925 -> 46818518
DŽ: 46734214 -> 46734214
DŽ: 46783209 -> 46987297
DŽ: 46734214 -> 46734214
DŽ: 46734214 -> 46734214
DŽ: 46792747 -> 46845501
DŽ: 46734214 -> 46734214
DŽ: 46904783 -> 46783209
DŽ: 46734214 -> 46734214
DŽ: 46807345 -> 46818518
DŽ: 46734214 -> 46734214
DŽ: 46783209 -> 47058295
DŽ: 46783209 -> 46783209
DŽ: 46734214 -> 46734214
DŽ: 46985839 -> 47308638
DŽ: 46840540 -> 46783209
DŽ: 46734214 -> 46734214
DŽ: 47046942 -> 47020834
DŽ: 46792747 -> 46845501
DŽ: 46792747 -> 46783209
DŽ: 46783209 -> 46783209
DŽ: 46734214 -> 46734214

 start over 1481347 loops 1585 unique solutions 
Approx + random 
DŽ: 51017030 -> 48181363
DŽ: 46734214 -> 46734214
DŽ: 46791545 -> 47179460
DŽ: 46734214 -> 46734214
DŽ: 46783209 -> 46783209
DŽ: 46734214 -> 46734214
DŽ: 46783209 -> 46987297
DŽ: 46734214 -> 46734214
DŽ: 47290736 -> 46947274
DŽ: 46734214 -> 46734214
DŽ: 47885627 -> 47810827
DŽ: 46734214 -> 46734214
DŽ: 46734214 -> 46734214
DŽ: 47558867 -> 46947274
DŽ: 46734214 -> 46734214
DŽ: 47005421 -> 46953942
DŽ: 46953942 -> 46953942
DŽ: 46734214 -> 46734214
DŽ: 46783209 -> 46783209
DŽ: 46734214 -> 46734214
DŽ: 46783209 -> 47171124
DŽ: 46734214 -> 46734214
DŽ: 46734214 -> 46734214
DŽ: 47224459 -> 47058295
DŽ: 46734214 -> 46734214
DŽ: 46734214 -> 46818518
DŽ: 46783209 -> 46783209
DŽ: 46895245 -> 46783209
DŽ: 46734214 -> 46734214
DŽ: 46818518 -> 46818518
DŽ: 46734214 -> 46734214
DŽ: 46734214 -> 46734214
DŽ: 46818518 -> 46783209
DŽ: 46800678 -> 47374344
DŽ: 46734214 -> 46734214
DŽ: 46800678 -> 46800678
DŽ: 46974939 -> 46862970
DŽ: 46862970 -> 46862970
DŽ: 46734214 -> 46734214
DŽ: 47163752 -> 46891650
DŽ: 46850078 -> 46783209
DŽ: 46783209 -> 46996003
DŽ: 46734214 -> 46867211
DŽ: 46862970 -> 46862970
DŽ: 46734214 -> 46734214
DŽ: 46850078 -> 46783209
DŽ: 46734214 -> 46796506
DŽ: 46862970 -> 47267335
DŽ: 46734214 -> 46818518

 start over 1529523 loops 1637 unique solutions 
Approx + random 
DŽ: 51017030 -> 47998269
DŽ: 46734214 -> 46734214
DŽ: 46783209 -> 46783209
DŽ: 46734214 -> 46734214
DŽ: 46800678 -> 46842655
DŽ: 46734214 -> 46734214
DŽ: 46734214 -> 46734214
DŽ: 46734214 -> 46734214
DŽ: 46734214 -> 46734214
DŽ: 46783209 -> 46783209
DŽ: 47163752 -> 46953942
DŽ: 46953942 -> 46953942
DŽ: 46783209 -> 46967036
DŽ: 46783209 -> 46783209
DŽ: 46734214 -> 46947008
DŽ: 46734214 -> 46734214
DŽ: 46734214 -> 46734214
DŽ: 46734214 -> 46734214
DŽ: 46783209 -> 46783209
DŽ: 46734214 -> 46734214
DŽ: 46783209 -> 46783209
DŽ: 46783209 -> 46783209
DŽ: 46734214 -> 46734214
DŽ: 46734214 -> 46734214
DŽ: 46734214 -> 46818518
DŽ: 46783209 -> 46783209
DŽ: 46734214 -> 46734214
DŽ: 46783209 -> 46818518
DŽ: 46734214 -> 46734214
DŽ: 46734214 -> 46734214
DŽ: 46734214 -> 46734214
DŽ: 46783209 -> 46783209
DŽ: 46734214 -> 46734214
DŽ: 46734214 -> 46734214
DŽ: 46783209 -> 46783209
DŽ: 46734214 -> 46734214
DŽ: 46734214 -> 46867211
DŽ: 46734214 -> 46938302
DŽ: 46734214 -> 46818518
DŽ: 46800011 -> 46796506
DŽ: 46748812 -> 46734214
DŽ: 46783209 -> 46783209
DŽ: 46818518 -> 46880810

 start over 1571272 loops 1671 unique solutions 
Approx + random 
DŽ: 51017030 -> 47299453
DŽ: 46734214 -> 46867211
DŽ: 46783209 -> 47261644
DŽ: 46734214 -> 46818518
DŽ: 46734214 -> 46734214
DŽ: 46734214 -> 46734214
DŽ: 46734214 -> 46734214
DŽ: 46811872 -> 46818518
DŽ: 46840540 -> 46818518
DŽ: 46734214 -> 46734214
DŽ: 46734214 -> 46734214
DŽ: 46818518 -> 46818518
DŽ: 46867211 -> 47296953
DŽ: 46734214 -> 46734214
DŽ: 47086631 -> 46953942
DŽ: 46909567 -> 47206433
DŽ: 46734214 -> 46734214
DŽ: 46734214 -> 46734214
DŽ: 46818518 -> 47296953
DŽ: 46894969 -> 46818518
DŽ: 46734214 -> 47296953
DŽ: 46734214 -> 46734214
DŽ: 46818518 -> 46818518
DŽ: 46850078 -> 46783209
DŽ: 46850078 -> 46783209
DŽ: 46734214 -> 46734214
DŽ: 46818518 -> 47014391
DŽ: 46734214 -> 46734214
DŽ: 46734214 -> 46734214
DŽ: 46734214 -> 46796506
DŽ: 46783209 -> 47058295
DŽ: 46783209 -> 46818518
DŽ: 46783209 -> 46845501
DŽ: 46734214 -> 46734214
DŽ: 46734214 -> 46734214
DŽ: 46748812 -> 46818518
DŽ: 46792747 -> 47033500
DŽ: 46734214 -> 46734214
DŽ: 46734214 -> 46947008
DŽ: 46953942 -> 46953942
DŽ: 46734214 -> 46734214
DŽ: 46818518 -> 46818518
DŽ: 46849673 -> 46947274
DŽ: 46849673 -> 46849673
DŽ: 46734214 -> 46734214
DŽ: 46734214 -> 46734214
DŽ: 46835674 -> 46783209
DŽ: 46734214 -> 46734214
DŽ: 46734214 -> 46818518
DŽ: 46783209 -> 47012483
DŽ: 46835674 -> 46783209

 start over 1621125 loops 1720 unique solutions 
Approx + random 
DŽ: 51017030 -> 47604978
DŽ: 46734214 -> 46734214
DŽ: 46981993 -> 46911965
DŽ: 46734214 -> 46796506
DŽ: 46835674 -> 47033928
DŽ: 46734214 -> 46734214
DŽ: 46981993 -> 46911965
DŽ: 47604978 -> 47093604
DŽ: 46883772 -> 46845501
DŽ: 46833116 -> 46818518
DŽ: 47535099 -> 47662736
DŽ: 46818518 -> 46818518
DŽ: 46783209 -> 46783209
DŽ: 46783209 -> 46967036
DŽ: 46884982 -> 46996003
DŽ: 46734214 -> 46734214
DŽ: 46734214 -> 46734214
DŽ: 47093604 -> 47093604
DŽ: 46734214 -> 46734214
DŽ: 46783209 -> 46783209
DŽ: 46989251 -> 46989251
DŽ: 46783209 -> 46783209
DŽ: 46734214 -> 46734214
DŽ: 46734214 -> 46734214
DŽ: 46734214 -> 46734214
DŽ: 46734214 -> 46734214
DŽ: 46783209 -> 46783209
DŽ: 46849673 -> 47053761
DŽ: 46862970 -> 46862970
DŽ: 46840540 -> 46783209
DŽ: 46840540 -> 47024367
DŽ: 46783209 -> 46996003
DŽ: 46862970 -> 47147551
DŽ: 46862970 -> 46862970
DŽ: 46862970 -> 46862970
DŽ: 46734214 -> 46734214
DŽ: 46734214 -> 46734214
DŽ: 46734214 -> 46734214
DŽ: 46862970 -> 46862970
DŽ: 46884663 -> 46800678
DŽ: 46734214 -> 46734214
DŽ: 46748812 -> 46796506
DŽ: 46734214 -> 46734214

 start over 1663181 loops 1765 unique solutions 
Approx + random 
DŽ: 51017030 -> 47846136
DŽ: 46989251 -> 46989251
DŽ: 46734214 -> 46734214
DŽ: 46734214 -> 46734214
DŽ: 46748812 -> 46818518
DŽ: 46734214 -> 46734214
DŽ: 46849673 -> 46849673
DŽ: 46883772 -> 46783209
DŽ: 46734214 -> 46734214
DŽ: 46989251 -> 47193339
DŽ: 46734214 -> 46734214
DŽ: 46734214 -> 46734214
DŽ: 46875849 -> 46818518
DŽ: 46875849 -> 46880810
DŽ: 46792747 -> 46783209
DŽ: 46862970 -> 46980613
DŽ: 46734214 -> 46734214
DŽ: 46783209 -> 46942314
DŽ: 46989215 -> 46947274
DŽ: 46734214 -> 46734214
DŽ: 46783209 -> 46967036
DŽ: 46734214 -> 46734214
DŽ: 46881809 -> 46884982
DŽ: 46734214 -> 46938302
DŽ: 46806143 -> 46842655
DŽ: 46884982 -> 46884982
DŽ: 46833116 -> 47022606
DŽ: 46792747 -> 46783209
DŽ: 46734214 -> 46734214
DŽ: 46783209 -> 46783209
DŽ: 46818518 -> 46818518
DŽ: 46734214 -> 46734214
DŽ: 46734214 -> 46734214
DŽ: 46734214 -> 46734214
DŽ: 46734214 -> 46796506
DŽ: 46734214 -> 46734214
DŽ: 46734214 -> 46734214
DŽ: 46818518 -> 46880810
DŽ: 46840540 -> 46845501
DŽ: 46842654 -> 46818518
DŽ: 46734214 -> 46734214
DŽ: 46791545 -> 46734214
DŽ: 46734214 -> 46734214
DŽ: 46734214 -> 46734214
DŽ: 46734214 -> 46818518
DŽ: 46783209 -> 46783209
DŽ: 46734214 -> 46734214
DŽ: 46783209 -> 46783209

 start over 1710171 loops 1815 unique solutions 
Original + vert_size 13 
DŽ: 47581262 -> 47247575
DŽ: 47121079 -> 47022606
DŽ: 46783209 -> 46783209
DŽ: 46734214 -> 46734214
DŽ: 46734214 -> 46796506
DŽ: 46947274 -> 46947274
DŽ: 46748812 -> 47000594
DŽ: 46734214 -> 46734214
DŽ: 46846250 -> 46818518
DŽ: 46734214 -> 46734214
DŽ: 46846250 -> 46818518
DŽ: 46916991 -> 46783209
DŽ: 46734214 -> 46734214
DŽ: 46748812 -> 46796506
DŽ: 46734214 -> 46734214
DŽ: 46783209 -> 47261644
DŽ: 46748812 -> 46818518
DŽ: 46734214 -> 46734214
DŽ: 46734214 -> 46734214
DŽ: 46734214 -> 46734214
DŽ: 46734214 -> 46734214
DŽ: 46734214 -> 46734214
DŽ: 46734214 -> 46734214
DŽ: 46796506 -> 46992379
DŽ: 46734214 -> 46984933
DŽ: 46818518 -> 46818518
DŽ: 46734214 -> 46734214
DŽ: 46734214 -> 46796506
DŽ: 46734214 -> 46734214
DŽ: 46858437 -> 46863398
DŽ: 46947274 -> 47141239
DŽ: 46734214 -> 46734214
DŽ: 46783209 -> 46783209
DŽ: 46748812 -> 46818518
DŽ: 46734214 -> 46734214
DŽ: 46734214 -> 46734214
DŽ: 46783209 -> 46783209
DŽ: 46748812 -> 46734214
DŽ: 46734214 -> 46734214
DŽ: 46783209 -> 46783209
DŽ: 46748812 -> 46734214
DŽ: 46748812 -> 46734214
DŽ: 46734214 -> 46734214
DŽ: 46734214 -> 46734214
DŽ: 46734214 -> 46734214
DŽ: 46734214 -> 46818518

 start over 1755905 loops 1854 unique solutions 
Approx + random 
DŽ: 51017030 -> 48261796
DŽ: 46916991 -> 46783209
DŽ: 46916991 -> 46783209
DŽ: 46734214 -> 46734214
DŽ: 47121846 -> 47197512
DŽ: 46734214 -> 47000594
DŽ: 46748812 -> 46818518
DŽ: 46881246 -> 47095738
DŽ: 46783209 -> 46942314
DŽ: 46891650 -> 46891650
DŽ: 46748812 -> 46734214
DŽ: 47406022 -> 47197512
DŽ: 47210149 -> 47230570
DŽ: 46734214 -> 46734214
DŽ: 46840540 -> 46987297
DŽ: 46748812 -> 46928179
DŽ: 46975372 -> 46975372
DŽ: 46891650 -> 46891650
DŽ: 46734214 -> 46734214
DŽ: 46734214 -> 46867211
DŽ: 46917758 -> 46891650
DŽ: 46858437 -> 46783209
DŽ: 46734214 -> 46818518
DŽ: 46734214 -> 46734214
DŽ: 46734214 -> 46734214
DŽ: 46891650 -> 46911965
DŽ: 46734214 -> 46734214
DŽ: 46901957 -> 46734214
DŽ: 46734214 -> 46734214
DŽ: 46734214 -> 46734214
DŽ: 46734214 -> 46734214
DŽ: 46734214 -> 46734214
DŽ: 46783209 -> 46996003
DŽ: 46734214 -> 46783209
DŽ: 46911965 -> 47247898
DŽ: 46783209 -> 47191876
DŽ: 47108039 -> 46849673
DŽ: 46864273 -> 46734214
DŽ: 46734214 -> 46734214
DŽ: 46858437 -> 46818518
DŽ: 46734214 -> 47463368
DŽ: 46734214 -> 46734214
DŽ: 46978387 -> 46818518
DŽ: 46783209 -> 46783209
DŽ: 46849673 -> 46849673
DŽ: 46734214 -> 46734214
DŽ: 46734214 -> 46880810
DŽ: 46734214 -> 46818518
DŽ: 46783209 -> 46783209

 start over 1803248 loops 1902 unique solutions 
Approx + random 
DŽ: 51017030 -> 48343364
DŽ: 46734214 -> 46818518
DŽ: 47578589 -> 47833196
DŽ: 46734214 -> 46734214
DŽ: 47366310 -> 47258572
DŽ: 46734214 -> 46734214
DŽ: 47153489 -> 47299880
DŽ: 46734214 -> 46947008
DŽ: 46783209 -> 46996003
DŽ: 46734214 -> 46734214
DŽ: 47024001 -> 46911965
DŽ: 46734214 -> 46734214
DŽ: 46913268 -> 46783209
DŽ: 46913268 -> 47031312
DŽ: 46734214 -> 46734214
DŽ: 46734214 -> 46734214
DŽ: 46947008 -> 46947008
DŽ: 46734214 -> 46734214
DŽ: 46734214 -> 46734214
DŽ: 46783209 -> 46783209
DŽ: 47578589 -> 47116053
DŽ: 46913268 -> 46783209
DŽ: 47519196 -> 47497969
DŽ: 46734214 -> 46734214
DŽ: 46734214 -> 46734214
DŽ: 47030993 -> 47009300
DŽ: 47293881 -> 47293881
DŽ: 47209387 -> 47009300
DŽ: 46936178 -> 46842655
DŽ: 46734214 -> 46734214
DŽ: 46913268 -> 46845501
DŽ: 46734214 -> 46734214
DŽ: 46734214 -> 46947008
DŽ: 46734214 -> 46734214
DŽ: 46884663 -> 46800678
DŽ: 46734214 -> 46734214
DŽ: 46827737 -> 46818518
DŽ: 46911965 -> 46911965
DŽ: 46912663 -> 46947274
DŽ: 46734214 -> 46734214
DŽ: 46734214 -> 46734214
DŽ: 46913268 -> 46783209

 start over 1844716 loops 1950 unique solutions 
Original + vert_size 0 
DŽ: 47581262 -> 47054189
DŽ: 47519196 -> 47691934
DŽ: 46734214 -> 46734214
DŽ: 47180890 -> 47180890
DŽ: 47578589 -> 47116053
DŽ: 46734214 -> 46734214
DŽ: 46734214 -> 46734214
DŽ: 46734214 -> 46734214
DŽ: 46734214 -> 46734214
DŽ: 46734214 -> 46734214
DŽ: 46734214 -> 46734214
DŽ: 47578589 -> 47523240
DŽ: 47180890 -> 47293881
DŽ: 47105034 -> 47334762
DŽ: 46911965 -> 46911965
DŽ: 47020834 -> 47158030
DŽ: 46734214 -> 46734214
DŽ: 46800678 -> 46867570
DŽ: 47293881 -> 47650891
DŽ: 47311601 -> 47308576
DŽ: 47085981 -> 47128625
DŽ: 46734214 -> 46734214
DŽ: 47063247 -> 47063247
DŽ: 46734214 -> 46734214
DŽ: 47180890 -> 47180890
DŽ: 46734214 -> 46734214
DŽ: 47077515 -> 47020184
DŽ: 46734214 -> 46918321
DŽ: 46800678 -> 47133275
DŽ: 46734214 -> 46734214
DŽ: 47134976 -> 47069179
DŽ: 47020834 -> 46989251
DŽ: 46734214 -> 46734214
DŽ: 47086648 -> 47086648

 start over 1877462 loops 1987 unique solutions 
Approx + random 
DŽ: 51017030 -> 47913455
DŽ: 46936844 -> 47047505
DŽ: 46734214 -> 46734214
DŽ: 47258572 -> 47258572
DŽ: 47020834 -> 46953942
DŽ: 47105224 -> 47189528
DŽ: 46911965 -> 47105930
DŽ: 47258572 -> 47147551
DŽ: 47105224 -> 47147551
DŽ: 46911965 -> 46911965
DŽ: 46734214 -> 46734214
DŽ: 46734214 -> 46734214
DŽ: 46734214 -> 46734214
DŽ: 46953906 -> 47097995
DŽ: 46734214 -> 46734214
DŽ: 46867211 -> 46918321
DŽ: 46911965 -> 46911965
DŽ: 46911965 -> 46911965
DŽ: 47086648 -> 47086648
DŽ: 46734214 -> 46734214
DŽ: 47086648 -> 47204291
DŽ: 46734214 -> 46734214
DŽ: 46734214 -> 46734214
DŽ: 46748812 -> 46867211
DŽ: 46734214 -> 46734214
DŽ: 46783209 -> 46783209
DŽ: 46734214 -> 47130835
DŽ: 46734214 -> 46734214
DŽ: 46791545 -> 46734214
DŽ: 46911965 -> 46947274
DŽ: 46905681 -> 47067058
DŽ: 46734214 -> 46734214
DŽ: 46867211 -> 46734214
DŽ: 46734214 -> 46734214
DŽ: 46911965 -> 47112242
DŽ: 46734214 -> 46734214
DŽ: 46734214 -> 46734214
DŽ: 46734214 -> 46734214
DŽ: 46734214 -> 46734214
DŽ: 46734214 -> 46734214
DŽ: 46905681 -> 46862970
DŽ: 46734214 -> 46734214

 start over 1918907 loops 2019 unique solutions 
Approx + random 
DŽ: 51017030 -> 47943426
DŽ: 47112242 -> 47112242
DŽ: 46734214 -> 46801106
DŽ: 46734214 -> 46734214
DŽ: 46748812 -> 46734214
DŽ: 46734214 -> 46734214
DŽ: 46911965 -> 47058295
DŽ: 46801083 -> 46867211
DŽ: 46933695 -> 47147551
DŽ: 46734214 -> 46734214
DŽ: 46734214 -> 46734214
DŽ: 46801106 -> 47013900
DŽ: 46818518 -> 46818518
DŽ: 46734214 -> 46734214
DŽ: 46791545 -> 46928179
DŽ: 47058295 -> 47299453
DŽ: 46818518 -> 46783209
DŽ: 46734214 -> 46734214
DŽ: 46734214 -> 46734214
DŽ: 46734214 -> 46938302
DŽ: 46783209 -> 46783209
DŽ: 46734214 -> 46734214
DŽ: 46791545 -> 46842655
DŽ: 46791545 -> 46734214
DŽ: 46734214 -> 46734214
DŽ: 46818518 -> 46818518
DŽ: 46734214 -> 46734214
DŽ: 46734214 -> 46734214
DŽ: 46734214 -> 46734214
DŽ: 46791545 -> 46734214
DŽ: 46734214 -> 46734214
DŽ: 46791545 -> 46867211
DŽ: 46783209 -> 47331936
DŽ: 46783209 -> 46783209
DŽ: 46867211 -> 46867211
DŽ: 46801083 -> 48007398
DŽ: 46885410 -> 47153745
DŽ: 46961861 -> 46845501
DŽ: 47299453 -> 47846136
DŽ: 46734214 -> 46734214
DŽ: 47009545 -> 46818518
DŽ: 46809317 -> 46783209
DŽ: 46783209 -> 46783209
DŽ: 46840540 -> 46845501

 start over 1961962 loops 2055 unique solutions 
Original + vert_size 13 
DŽ: 47581262 -> 47116481
DŽ: 46734214 -> 46734214
DŽ: 46783209 -> 46818518
DŽ: 46734214 -> 46929503
DŽ: 46734214 -> 46734214
DŽ: 47104096 -> 47084898
DŽ: 46734214 -> 46734214
DŽ: 46734214 -> 46734214
DŽ: 46734214 -> 46796506
DŽ: 46734214 -> 46734214
DŽ: 46929503 -> 46929503
DŽ: 46833116 -> 46818518
DŽ: 46734214 -> 46880810
DŽ: 46734214 -> 46734214
DŽ: 46734214 -> 46734214
DŽ: 46833116 -> 46818518
DŽ: 46833116 -> 46818518
DŽ: 46734214 -> 46734214
DŽ: 46734214 -> 47428747
DŽ: 46734214 -> 46734214
DŽ: 46734214 -> 46734214
DŽ: 46833116 -> 46818518
DŽ: 46734214 -> 46947008
DŽ: 46734214 -> 46796506
DŽ: 46844626 -> 46818518
DŽ: 46734214 -> 46734214
DŽ: 46734214 -> 46734214
DŽ: 46734214 -> 46734214
DŽ: 46734214 -> 46734214
DŽ: 46734214 -> 46867211
DŽ: 46833116 -> 46818518
DŽ: 46734214 -> 46734214
DŽ: 46734214 -> 47047225
DŽ: 46734214 -> 46734214
DŽ: 46734214 -> 46734214
DŽ: 46734214 -> 46734214
DŽ: 46873035 -> 46975372
DŽ: 46734214 -> 46734214
DŽ: 46734214 -> 46734214
DŽ: 46734214 -> 46734214
DŽ: 46791545 -> 46818518
DŽ: 46734214 -> 46734214
DŽ: 46734214 -> 46734214
DŽ: 46734214 -> 46734214
DŽ: 46734214 -> 46734214
DŽ: 46734214 -> 46734214
DŽ: 46734214 -> 46734214
DŽ: 46734214 -> 46947008
DŽ: 46791545 -> 46818518

 start over 2009691 loops 2106 unique solutions 
Approx + random 
DŽ: 51017030 -> 47767585
DŽ: 46734214 -> 46734214
DŽ: 46791545 -> 46783209
DŽ: 46734214 -> 46734214
DŽ: 46734214 -> 46734214
DŽ: 46846250 -> 46818518
DŽ: 46734214 -> 46734214
DŽ: 46818518 -> 46818518
DŽ: 46907432 -> 47024367
DŽ: 46734214 -> 46734214
DŽ: 46880810 -> 46880810
DŽ: 46734214 -> 46734214
DŽ: 46797807 -> 46987297
DŽ: 46734214 -> 46734214
DŽ: 46734214 -> 46734214
DŽ: 46783209 -> 46783209
DŽ: 46818518 -> 46880810
DŽ: 46734214 -> 46734214
DŽ: 46907432 -> 46783209
DŽ: 46880810 -> 46880810
DŽ: 46734214 -> 46734214
DŽ: 46818518 -> 46818518
DŽ: 46783209 -> 46783209
DŽ: 46734214 -> 46818518
DŽ: 46818518 -> 47121968
DŽ: 46748812 -> 47031312
DŽ: 46950952 -> 46940063
DŽ: 46734214 -> 46734214
DŽ: 46980202 -> 47012483
DŽ: 46818518 -> 47031312
DŽ: 46923184 -> 46783209
DŽ: 46783209 -> 46845501
DŽ: 46783209 -> 46783209
DŽ: 46933540 -> 46783209
DŽ: 46783209 -> 46783209
DŽ: 46734214 -> 46734214
DŽ: 46734214 -> 46734214
DŽ: 46840540 -> 46783209
DŽ: 46797807 -> 46783209
DŽ: 46783209 -> 46783209
DŽ: 46807345 -> 46783209
DŽ: 46734214 -> 46734214
DŽ: 46734214 -> 46734214
DŽ: 46933540 -> 46940063
DŽ: 46783209 -> 46996003
DŽ: 46907432 -> 46944893
DŽ: 46734214 -> 46734214
DŽ: 46783209 -> 46783209
DŽ: 46783209 -> 46783209

 start over 2057125 loops 2149 unique solutions 
Approx + random 
DŽ: 51017030 -> 48572893
DŽ: 47266915 -> 46975372
DŽ: 46734214 -> 46734214
DŽ: 46734214 -> 46734214
DŽ: 46734214 -> 46938302
DŽ: 46734214 -> 46734214
DŽ: 46734214 -> 46734214
DŽ: 46901957 -> 46975372
DŽ: 46975372 -> 47059676
DŽ: 48359518 -> 47893776
DŽ: 46875849 -> 46796506
DŽ: 47014166 -> 46947274
DŽ: 46734214 -> 46734214
DŽ: 46734214 -> 46734214
DŽ: 46840540 -> 46783209
DŽ: 46734214 -> 46734214
DŽ: 46734214 -> 46734214
DŽ: 46734214 -> 46734214
DŽ: 46978857 -> 46911965
DŽ: 47035393 -> 46911965
DŽ: 46734214 -> 46734214
DŽ: 46734214 -> 46734214
DŽ: 47090018 -> 46918321
DŽ: 46734214 -> 46734214
DŽ: 46743752 -> 46818518
DŽ: 46918321 -> 46929503
DŽ: 46734214 -> 46734214
DŽ: 46734214 -> 46734214
DŽ: 46734214 -> 46734214
DŽ: 46783209 -> 46996003
DŽ: 46734214 -> 46734214
DŽ: 46734214 -> 46734214
DŽ: 46911965 -> 46911965
DŽ: 46748812 -> 46734214
DŽ: 46734214 -> 46947008
DŽ: 46734214 -> 46734214
DŽ: 46734214 -> 46734214
DŽ: 46734214 -> 46734214
DŽ: 46880544 -> 46734214
DŽ: 46734214 -> 46734214
DŽ: 46734214 -> 46734214
DŽ: 46734214 -> 46796506
DŽ: 46734214 -> 47031312
DŽ: 46748812 -> 47012483

 start over 2100702 loops 2193 unique solutions 
Approx + random 
DŽ: 51017030 -> 47402081
DŽ: 46734214 -> 46734214
DŽ: 46734214 -> 46734214
DŽ: 46734214 -> 47197727
DŽ: 46792747 -> 46849673
DŽ: 46734214 -> 46734214
DŽ: 46734214 -> 46734214
DŽ: 46734214 -> 46734214
DŽ: 46849673 -> 46911965
DŽ: 46734214 -> 46734214
DŽ: 46734214 -> 46734214
DŽ: 46734214 -> 46734214
DŽ: 47136300 -> 46734214
DŽ: 46734214 -> 46734214
DŽ: 46911965 -> 46911965
DŽ: 46734214 -> 46818518
DŽ: 46911965 -> 46911965
DŽ: 46884596 -> 46989251
DŽ: 46734214 -> 46734214
DŽ: 46734214 -> 46734214
DŽ: 46734214 -> 46734214
DŽ: 46849673 -> 46849673
DŽ: 46734214 -> 46734214
DŽ: 46946888 -> 46904947
DŽ: 46734214 -> 46734214
DŽ: 46904947 -> 47231332
DŽ: 46734214 -> 46734214
DŽ: 46904947 -> 46989251
DŽ: 46734214 -> 46734214
DŽ: 46849673 -> 46849673
DŽ: 46734214 -> 46734214
DŽ: 46904947 -> 46904947
DŽ: 46734214 -> 46734214
DŽ: 46734214 -> 46734214
DŽ: 46734214 -> 46796506
DŽ: 46911965 -> 46911965
DŽ: 47142408 -> 46953942
DŽ: 46807660 -> 46800678
DŽ: 46734214 -> 46734214
DŽ: 46904947 -> 47105224
DŽ: 46791545 -> 46818518

 start over 2140155 loops 2237 unique solutions 
Approx + random 
DŽ: 51017030 -> 48295720
DŽ: 46911965 -> 46911965
DŽ: 46911965 -> 46911965
DŽ: 46904947 -> 47325184
DŽ: 46911965 -> 46911965
DŽ: 46734214 -> 46734214
DŽ: 46734214 -> 46734214
DŽ: 47030372 -> 46953942
DŽ: 46818518 -> 46818518
DŽ: 46734214 -> 46734214
DŽ: 47030372 -> 46953942
DŽ: 47030372 -> 46911965
DŽ: 46734214 -> 46734214
DŽ: 46818518 -> 46880810
DŽ: 46734214 -> 46734214
DŽ: 46845501 -> 46845501
DŽ: 46734214 -> 46734214
DŽ: 46734214 -> 46734214
DŽ: 46797807 -> 46880810
DŽ: 46748812 -> 46734214
DŽ: 46734214 -> 46734214
DŽ: 46904947 -> 47088774
DŽ: 46797807 -> 46783209
DŽ: 46734214 -> 46734214
DŽ: 46904947 -> 47193339
DŽ: 46734214 -> 46734214
DŽ: 46734214 -> 46734214
DŽ: 46748812 -> 46796506
DŽ: 46734214 -> 46734214
DŽ: 46734214 -> 46734214
DŽ: 46734214 -> 46734214
DŽ: 46783209 -> 46845501
DŽ: 46734214 -> 47002345
DŽ: 46734214 -> 46734214
DŽ: 47082251 -> 46904947
DŽ: 46734214 -> 46734214
DŽ: 46783209 -> 46783209
DŽ: 46748812 -> 46818518
DŽ: 46904947 -> 47189528
DŽ: 46891650 -> 46891650
DŽ: 46748812 -> 46734214
DŽ: 46734214 -> 46734214
DŽ: 46748812 -> 47197727

 start over 2182682 loops 2281 unique solutions 
Approx + random 
DŽ: 51017030 -> 47852103
DŽ: 46783209 -> 46783209
DŽ: 46734214 -> 46734214
DŽ: 46734214 -> 46984933
DŽ: 46734214 -> 46734214
DŽ: 46734214 -> 46734214
DŽ: 46858437 -> 46734214
DŽ: 46734214 -> 46734214
DŽ: 46734214 -> 46734214
DŽ: 46818518 -> 46818518
DŽ: 46875781 -> 46991173
DŽ: 46734214 -> 46734214
DŽ: 46734214 -> 46734214
DŽ: 46734214 -> 46734214
DŽ: 46734214 -> 46734214
DŽ: 47059647 -> 47162684
DŽ: 46875781 -> 46911965
DŽ: 46911965 -> 46911965
DŽ: 46734214 -> 46734214
DŽ: 46911965 -> 47058295
DŽ: 46734214 -> 46734214
DŽ: 46911965 -> 46911965
DŽ: 46734214 -> 46734214
DŽ: 46940063 -> 47024367
DŽ: 46734214 -> 46734214
DŽ: 46734214 -> 46734214
DŽ: 46734214 -> 46947008
DŽ: 46849673 -> 46849673
DŽ: 46783209 -> 46783209
DŽ: 46734214 -> 46867211
DŽ: 46734214 -> 46734214
DŽ: 46734214 -> 46734214
DŽ: 46734214 -> 46734214
DŽ: 46783209 -> 46987297
DŽ: 46734214 -> 46734214
DŽ: 46783209 -> 46783209
DŽ: 46734214 -> 46818518
DŽ: 46987297 -> 46987297
DŽ: 46734214 -> 46734214
DŽ: 46818518 -> 46783209
DŽ: 46783209 -> 46996003
DŽ: 46734214 -> 46734214
DŽ: 46734214 -> 46818518
DŽ: 46734214 -> 46867211
DŽ: 46734214 -> 46796506
DŽ: 46734214 -> 46734214
DŽ: 46791545 -> 46734214
DŽ: 46734214 -> 46734214
DŽ: 46734214 -> 46818518
DŽ: 46734214 -> 46734214
DŽ: 46734214 -> 46734214
DŽ: 46734214 -> 46734214

 start over 2233181 loops 2326 unique solutions 
Original + vert_size 13 
DŽ: 47581262 -> 46987297
DŽ: 46734214 -> 46734214
DŽ: 46783209 -> 46783209
DŽ: 46734214 -> 46734214
DŽ: 46734214 -> 46734214
DŽ: 46783209 -> 46783209
DŽ: 46783209 -> 46783209
DŽ: 46783209 -> 46987297
DŽ: 46783209 -> 46783209
DŽ: 46895245 -> 46818518
DŽ: 46734214 -> 46734214
DŽ: 46783209 -> 46783209
DŽ: 46783209 -> 46987297
DŽ: 46783209 -> 46818518
DŽ: 46875781 -> 46849673
DŽ: 46734214 -> 46818518
DŽ: 46783209 -> 46783209
DŽ: 46783209 -> 46783209
DŽ: 46987297 -> 46987297
DŽ: 46734214 -> 47093604
DŽ: 46783209 -> 46783209
DŽ: 46734214 -> 46734214
DŽ: 46818518 -> 46880810
DŽ: 47093604 -> 47093604
DŽ: 46783209 -> 46783209
DŽ: 46734214 -> 46867211
DŽ: 46734214 -> 46734214
DŽ: 47042024 -> 47058295
DŽ: 46818518 -> 46818518
DŽ: 46833116 -> 46818518
DŽ: 46734214 -> 46818518
DŽ: 46818518 -> 46818518
DŽ: 46783209 -> 46783209
DŽ: 46818518 -> 47093604
DŽ: 46734214 -> 46880810
DŽ: 46783209 -> 46987297
DŽ: 46748812 -> 46734214
DŽ: 46783209 -> 46783209
DŽ: 46783209 -> 46996003
DŽ: 46734214 -> 47009300
DŽ: 46911965 -> 46911965
DŽ: 46734214 -> 46734214

 start over 2274938 loops 2372 unique solutions 
Original + vert_size 0 
DŽ: 47581262 -> 47054189
DŽ: 46734214 -> 46734214
DŽ: 46783209 -> 46987297
DŽ: 46783209 -> 46783209
DŽ: 46734214 -> 46734214
DŽ: 46734214 -> 46734214
DŽ: 46734214 -> 46734214
DŽ: 46850101 -> 46996003
DŽ: 46783209 -> 47002345
DŽ: 46734214 -> 46734214
DŽ: 46840540 -> 46845501
DŽ: 46797807 -> 46783209
DŽ: 46734214 -> 46734214
DŽ: 46797807 -> 46783209
DŽ: 46840540 -> 46783209
DŽ: 46734214 -> 46734214
DŽ: 46797807 -> 46783209
DŽ: 46783209 -> 46996003
DŽ: 46734214 -> 46734214
DŽ: 46783209 -> 46783209
DŽ: 46783209 -> 46783209
DŽ: 46818518 -> 46880810
DŽ: 46734214 -> 46734214
DŽ: 46818518 -> 46818518
DŽ: 46783209 -> 46996003
DŽ: 46734214 -> 46734214
DŽ: 46996003 -> 46996003
DŽ: 46734214 -> 46734214
DŽ: 46734214 -> 46734214
DŽ: 46895245 -> 46783209
DŽ: 46734214 -> 46734214
DŽ: 46783209 -> 46783209
DŽ: 46783209 -> 46783209
DŽ: 46783209 -> 47261644
DŽ: 46734214 -> 46734214
DŽ: 46734214 -> 46734214
DŽ: 46783209 -> 46783209
DŽ: 46734214 -> 46734214
DŽ: 46783209 -> 46783209
DŽ: 46734214 -> 46734214
DŽ: 46776925 -> 46734214
DŽ: 46783209 -> 46783209
DŽ: 46783209 -> 46783209
DŽ: 46783209 -> 47031312
DŽ: 46734214 -> 46734214
DŽ: 46783209 -> 46818518

 start over 2319252 loops 2413 unique solutions 
Approx + random 
DŽ: 51017030 -> 47503541
DŽ: 46748812 -> 46975372
DŽ: 46791545 -> 46734214
DŽ: 46895245 -> 46783209
DŽ: 46748812 -> 46818518
DŽ: 46776925 -> 47197727
DŽ: 46734214 -> 46734214
DŽ: 46734214 -> 46734214
DŽ: 46734214 -> 46734214
DŽ: 46938463 -> 46796506
DŽ: 46734214 -> 46734214
DŽ: 46734214 -> 46734214
DŽ: 46734214 -> 46734214
DŽ: 46895245 -> 46783209
DŽ: 46734214 -> 46796506
DŽ: 46938463 -> 47121968
DŽ: 46734214 -> 46734214
DŽ: 46796506 -> 46880810
DŽ: 47005033 -> 46880810
DŽ: 46734214 -> 46734214
DŽ: 46734214 -> 46734214
DŽ: 46734214 -> 46734214
DŽ: 46734214 -> 46734214
DŽ: 46734214 -> 47002345
DŽ: 46783209 -> 46783209
DŽ: 46734214 -> 46734214
DŽ: 46797807 -> 46783209
DŽ: 46734214 -> 46783209
DŽ: 46734214 -> 46734214
DŽ: 46734214 -> 46734214
DŽ: 46833116 -> 46818518
DŽ: 46734214 -> 46734214
DŽ: 46734214 -> 46734214
DŽ: 46743752 -> 46796506
DŽ: 46840540 -> 46845501
DŽ: 46783209 -> 46987297
DŽ: 46797807 -> 46845501
DŽ: 46797807 -> 46987297
DŽ: 46791545 -> 46818518
DŽ: 46734214 -> 46796506
DŽ: 46783209 -> 46783209
DŽ: 46783209 -> 46987297
DŽ: 46748812 -> 46734214
DŽ: 46783209 -> 46977174
DŽ: 46895245 -> 46783209
DŽ: 46734214 -> 46734214
DŽ: 46734214 -> 46734214

 start over 2365302 loops 2462 unique solutions 
Original + vert_size 0 
DŽ: 47581262 -> 47054189
DŽ: 46734214 -> 46734214
DŽ: 46734214 -> 46734214
DŽ: 46734214 -> 46734214
DŽ: 46734214 -> 46734214
DŽ: 46734214 -> 47212649
DŽ: 46734214 -> 46818518
DŽ: 46734214 -> 46734214
DŽ: 46791545 -> 47416737
DŽ: 46734214 -> 46734214
DŽ: 46734214 -> 47197727
DŽ: 46734214 -> 46818518
DŽ: 46734214 -> 46734214
DŽ: 47023459 -> 46947008
DŽ: 46919106 -> 46842655
DŽ: 46734214 -> 46734214
DŽ: 47197727 -> 47130835
DŽ: 46734214 -> 46734214
DŽ: 47130835 -> 46947008
DŽ: 46791545 -> 46734214
DŽ: 46734214 -> 46734214
DŽ: 46734214 -> 46734214
DŽ: 46791545 -> 46796506
DŽ: 46743752 -> 46734214
DŽ: 46734214 -> 46734214
DŽ: 46734214 -> 46734214
DŽ: 46748812 -> 47031312
DŽ: 46806143 -> 46842655
DŽ: 46734214 -> 46734214
DŽ: 46743752 -> 46734214
DŽ: 46877534 -> 46734214
DŽ: 46734214 -> 46975372
DŽ: 46850101 -> 46783209
DŽ: 46734214 -> 46734214
DŽ: 46783209 -> 46987297
DŽ: 46806143 -> 46734214
DŽ: 46791545 -> 46926959
DŽ: 46783209 -> 46783209
DŽ: 46734214 -> 46734214
DŽ: 46875849 -> 46818518
DŽ: 46806143 -> 46734214
DŽ: 46734214 -> 46734214
DŽ: 46734214 -> 46734214
DŽ: 46748812 -> 47151096
DŽ: 46783209 -> 46783209
DŽ: 46734214 -> 46734214

 start over 2410905 loops 2502 unique solutions 
Approx + random 
DŽ: 51017030 -> 48050224
DŽ: 46734214 -> 46734214
DŽ: 46734214 -> 46734214
DŽ: 46783209 -> 46967036
DŽ: 46734214 -> 46734214
DŽ: 46743752 -> 47477708
DŽ: 46867975 -> 46801106
DŽ: 47293881 -> 47293881
DŽ: 46734214 -> 46734214
DŽ: 46734214 -> 46734214
DŽ: 46734214 -> 46734214
DŽ: 46734214 -> 47013900
DŽ: 47293881 -> 47293881
DŽ: 46884663 -> 46800678
DŽ: 46873035 -> 46801106
DŽ: 46734214 -> 46734214
DŽ: 46734214 -> 46734214
DŽ: 46800678 -> 46800678
DŽ: 47189528 -> 47373355
DŽ: 46801106 -> 46801106
DŽ: 46801106 -> 47005194
DŽ: 47189528 -> 47147551
DŽ: 47105958 -> 47063247
DŽ: 46873035 -> 46801106
DŽ: 46734214 -> 46984933
DŽ: 46734214 -> 46734214
DŽ: 46734214 -> 46734214
DŽ: 46734214 -> 46734214
DŽ: 46734214 -> 46938302
DŽ: 46734214 -> 46734214
DŽ: 46734214 -> 46734214
DŽ: 46734214 -> 46734214
DŽ: 46968849 -> 46818518
DŽ: 46867975 -> 46934103
DŽ: 46734214 -> 46734214
DŽ: 46934103 -> 46867211
DŽ: 46734214 -> 46734214
DŽ: 46734214 -> 46734214
DŽ: 46734214 -> 46734214
DŽ: 46734214 -> 46984933
DŽ: 46783209 -> 46987297
DŽ: 46734214 -> 46734214
DŽ: 46968849 -> 46818518

 start over 2452299 loops 2555 unique solutions 
Original + vert_size 13 
DŽ: 47581262 -> 47213294
DŽ: 46734214 -> 46734214
DŽ: 46734214 -> 47206433
DŽ: 46968849 -> 46947008
DŽ: 46734214 -> 46734214
DŽ: 46734214 -> 46734214
DŽ: 46734214 -> 46796506
DŽ: 46734214 -> 46734214
DŽ: 46734214 -> 46734214
DŽ: 46734214 -> 46818518
DŽ: 47293881 -> 47293881
DŽ: 46734214 -> 46734214
DŽ: 46734214 -> 46734214
DŽ: 46734214 -> 46734214
DŽ: 47002345 -> 47022606
DŽ: 46734214 -> 46734214
DŽ: 46734214 -> 46734214
DŽ: 46867975 -> 46734214
DŽ: 46734214 -> 46734214
DŽ: 46734214 -> 46734214
DŽ: 46818518 -> 47031312
DŽ: 46734214 -> 46818518
DŽ: 46734214 -> 46734214
DŽ: 46895245 -> 46996003
DŽ: 46734214 -> 47512876
DŽ: 46734214 -> 46734214
DŽ: 46734214 -> 46734214
DŽ: 46895142 -> 46947008
DŽ: 46734214 -> 46734214
DŽ: 46907432 -> 46783209
DŽ: 46734214 -> 46734214
DŽ: 47110975 -> 46880810
DŽ: 46734214 -> 46880810
DŽ: 46797807 -> 46987297
DŽ: 46734214 -> 46734214
DŽ: 46783209 -> 47173327
DŽ: 46907432 -> 46783209
DŽ: 46783209 -> 46783209
DŽ: 46734214 -> 46734214
DŽ: 46734214 -> 46734214
DŽ: 46926565 -> 46796506
DŽ: 46734214 -> 46734214
DŽ: 46734214 -> 46734214
DŽ: 46818518 -> 47031312
DŽ: 46734214 -> 46818518
DŽ: 46734214 -> 46734214
DŽ: 46783209 -> 46783209

 start over 2498800 loops 2593 unique solutions 
Approx + random 
DŽ: 51017030 -> 48397796
DŽ: 46734214 -> 46880810
DŽ: 46797807 -> 46818518
DŽ: 46907432 -> 46845501
DŽ: 46748812 -> 46929503
DŽ: 46734214 -> 46734214
DŽ: 46833116 -> 47022606
DŽ: 46776925 -> 46938302
DŽ: 46776925 -> 46734214
DŽ: 46776925 -> 47140973
DŽ: 46881809 -> 46867211
DŽ: 46776925 -> 46734214
DŽ: 46776925 -> 46734214
DŽ: 47382208 -> 47265623
DŽ: 46818518 -> 46818518
DŽ: 46806143 -> 46867211
DŽ: 46734214 -> 46928179
DŽ: 46734214 -> 46984933
DŽ: 46791545 -> 47014391
DŽ: 46734214 -> 46734214
DŽ: 46928179 -> 47132267
DŽ: 46734214 -> 46734214
DŽ: 46734214 -> 46734214
DŽ: 46734214 -> 46734214
DŽ: 46860459 -> 47079375
DŽ: 47014391 -> 46818518
DŽ: 46734214 -> 46734214
DŽ: 46783209 -> 46783209
DŽ: 47100179 -> 46928179
DŽ: 46734214 -> 46734214
DŽ: 46734214 -> 46734214
DŽ: 46734214 -> 46734214
DŽ: 46734214 -> 46734214
DŽ: 46783209 -> 46783209
DŽ: 46783209 -> 47014391
DŽ: 46734214 -> 46734214
DŽ: 46734214 -> 46734214
DŽ: 46844626 -> 46796506
DŽ: 46977511 -> 46783209
DŽ: 47100179 -> 47074775
DŽ: 46734214 -> 46734214
DŽ: 46734214 -> 46734214
DŽ: 46945152 -> 47074775
DŽ: 46734214 -> 46734214
DŽ: 46734214 -> 46734214
DŽ: 46783209 -> 47031312
DŽ: 46734214 -> 46734214
DŽ: 46783209 -> 46783209
DŽ: 46783209 -> 46783209
DŽ: 46849673 -> 46849673
DŽ: 46783209 -> 46818518
DŽ: 46734214 -> 46734214
DŽ: 46783209 -> 46783209
DŽ: 46783209 -> 46783209

 start over 2551925 loops 2651 unique solutions 
Approx + random 
DŽ: 51017030 -> 47558161
DŽ: 46734214 -> 46734214
DŽ: 46748812 -> 46734214
DŽ: 46734214 -> 46734214
DŽ: 46734214 -> 46947008
DŽ: 46734214 -> 46734214
DŽ: 46734214 -> 46796506
DŽ: 46783209 -> 46783209
DŽ: 46748812 -> 46818518
DŽ: 46783209 -> 46783209
DŽ: 46734214 -> 46734214
DŽ: 46783209 -> 46783209
DŽ: 46783209 -> 46783209
DŽ: 46783209 -> 46845501
DŽ: 46734214 -> 46984933
DŽ: 46783209 -> 46845501
DŽ: 46783209 -> 46783209
DŽ: 46783209 -> 46818518
DŽ: 46734214 -> 46734214
DŽ: 46734214 -> 47022606
DŽ: 46783209 -> 46969239
DŽ: 46969239 -> 47261644
DŽ: 46969239 -> 46783209
DŽ: 46791545 -> 46975372
DŽ: 46911518 -> 46734214
DŽ: 46783209 -> 46969239
DŽ: 47261644 -> 47296953
DŽ: 46968849 -> 47059676
DŽ: 46783209 -> 46783209
DŽ: 46748812 -> 46734214
DŽ: 46783209 -> 46783209
DŽ: 46818518 -> 46818518
DŽ: 46783209 -> 46783209
DŽ: 46734214 -> 46734214
DŽ: 46734214 -> 46734214
DŽ: 46743752 -> 46734214
DŽ: 46818518 -> 46818518
DŽ: 46734214 -> 46734214
DŽ: 46734214 -> 46928179
DŽ: 46734214 -> 46734214
DŽ: 46734214 -> 46734214
DŽ: 46734214 -> 46734214
DŽ: 46734214 -> 46734214
DŽ: 46748812 -> 47117930
DŽ: 46734214 -> 46734214
DŽ: 46734214 -> 46734214
DŽ: 46783209 -> 46845501
DŽ: 46734214 -> 46734214
DŽ: 46748812 -> 46734214
DŽ: 46783209 -> 46783209

 start over 2600483 loops 2697 unique solutions 
Original + vert_size 13 
DŽ: 47581262 -> 47266983
DŽ: 46734214 -> 46818518
end_heu: 2601055 loops with 2697 unique solutions in 1799.7 s

Calling print_solution
>>> get_solution
  refine_solution: new weight 46734214 (was 46734214) in 0.000348 s
## FINAL WEIGHT 46734214
print_solution: 0.000783 s
