Version: final-94-gfffc3aa rub_all.sh: remove longest prefix
Random seed: 1552022388
Start
>>> save_orig_graph
>> Saved weight 0
Graph loaded
|V| = 1601, |E| = 3120, |R| = 40
First clearance of the input. Calling buy_zero and run_all_heuristics.
  buy_zero: 0 zero edges in 7e-06 s
  handle_small_terminal_degrees: terms 0 in 3e-06 s
  handle_small_Steiner_degrees: steiner 0, suppress 4 in 9e-06 s
  shortest_edge_between_terminals: 0 edges in 3e-06 s
  handle_small_terminal_degrees: terms 0 in 3e-06 s
  handle_small_Steiner_degrees: steiner 0, suppress 0 in 6e-06 s
  shortest_edge_between_terminals: 0 edges in 2e-06 s
Compressed graph 1601 -> 1596
  delete_edges: deleted 4 edges in 0.000173 s and 1 rounds
  handle_small_terminal_degrees: terms 0 in 3e-06 s
  handle_small_Steiner_degrees: steiner 0, suppress 8 in 1.1e-05 s
  shortest_edge_between_terminals: 0 edges in 2e-06 s
  handle_small_terminal_degrees: terms 0 in 2e-06 s
  handle_small_Steiner_degrees: steiner 0, suppress 0 in 5e-06 s
  shortest_edge_between_terminals: 0 edges in 2e-06 s
Compressed graph 1596 -> 1588
  delete_edges_shortest_path: deleted 8 edges in 0.009833 s
  handle_small_terminal_degrees: terms 0 in 2e-06 s
  handle_small_Steiner_degrees: steiner 0, suppress 10 in 6e-06 s
  shortest_edge_between_terminals: 0 edges in 1e-06 s
  handle_small_terminal_degrees: terms 0 in 1e-06 s
  handle_small_Steiner_degrees: steiner 0, suppress 0 in 2e-06 s
  shortest_edge_between_terminals: 0 edges in 1e-06 s
Compressed graph 1588 -> 1578
  handle_small_terminal_degrees: terms 0 in 1e-06 s
  handle_small_Steiner_degrees: steiner 0, suppress 0 in 2e-06 s
  shortest_edge_between_terminals: 0 edges in 1e-06 s
Compressed graph 1578 -> 1578
  delete_edges_shortest_path: deleted 10 edges in 0.006231 s
  handle_small_terminal_degrees: terms 0 in 1e-06 s
  handle_small_Steiner_degrees: steiner 0, suppress 12 in 7e-06 s
  shortest_edge_between_terminals: 0 edges in 1e-06 s
  handle_small_terminal_degrees: terms 0 in 2e-06 s
  handle_small_Steiner_degrees: steiner 0, suppress 0 in 2e-06 s
  shortest_edge_between_terminals: 0 edges in 1e-06 s
Compressed graph 1578 -> 1566
Compressed graph 1566 -> 1566
>>> save_orig_graph
>> Saved weight 0
### ZEL_LVL=0 PRECISE_STARS=1

Calling `contract_till_the_bitter_end`
|V| = 1566, |E| = 3064, |R| = 40
>>> get_solution
>>> get_solution
  refine_solution: new weight 56714734 (was 56893541) in 0.000392 s
  refine_solution: new weight 56714734 (was 56714734) in 0.000335 s
0,,1566,3064,40,,0,0,,56893541,56714734,0,0,0,,0,0,@@

  delete_edges: deleted 12 edges in 0.000218 s and 3 rounds
  handle_small_Steiner_degrees: steiner 0, suppress 13 in 8e-06 s
Starting round 1
Found 13 isolated vertices
Invalid ratios recomputed: 1553
Best ratio is 359274/1 (359274.0), centered at 1335
Finding the best star... Star with 2 terminals centered in 1376
round took: 0.043895 s
|V| = 1566, |E| = 3036, |R| = 39
>>> get_solution
>>> get_solution
  refine_solution: new weight 56631544 (was 56810351) in 0.000337 s
  refine_solution: new weight 56631544 (was 56631544) in 0.000603 s
1,,1553,3036,39,,1553,0,,56810351,56631544,359274,359274,359274,,359274,2,@@

  handle_small_Steiner_degrees: steiner 0, suppress 0 in 2e-06 s
Starting round 2
Found 15 isolated vertices
Invalid ratios recomputed: 537
Best ratio is 483096/1 (483096.0), centered at 127
Finding the best star... Star with 2 terminals centered in 246
round took: 0.020364 s
|V| = 1566, |E| = 3031, |R| = 38
>>> get_solution
>>> get_solution
  refine_solution: new weight 56631544 (was 56934143) in 0.000338 s
  refine_solution: new weight 56631544 (was 56631544) in 0.000331 s
2,,1551,3031,38,,537,0,,56934143,56631544,842370,842370,842370,,483096,2,@@

  handle_small_Steiner_degrees: steiner 0, suppress 0 in 2e-06 s
Starting round 3
Found 19 isolated vertices
Invalid ratios recomputed: 653
Best ratio is 491502/1 (491502.0), centered at 1156
Finding the best star... Star with 2 terminals centered in 1196
round took: 0.025581 s
|V| = 1566, |E| = 3027, |R| = 37
>>> get_solution
>>> get_solution
  refine_solution: new weight 56422502 (was 56725101) in 0.000333 s
  refine_solution: new weight 56422502 (was 56422502) in 0.000335 s
3,,1547,3027,37,,653,0,,56725101,56422502,1333872,1333872,1333872,,491502,2,@@

  handle_small_Steiner_degrees: steiner 0, suppress 0 in 3e-06 s
Starting round 4
Found 22 isolated vertices
Invalid ratios recomputed: 726
Best ratio is 689601/1 (689601.0), centered at 33
Finding the best star... Star with 2 terminals centered in 222
round took: 0.030032 s
|V| = 1566, |E| = 3019, |R| = 36
>>> get_solution
>>> get_solution
  refine_solution: new weight 56220162 (was 56522761) in 0.00034 s
  refine_solution: new weight 56220162 (was 56220162) in 0.000334 s
4,,1544,3019,36,,726,0,,56522761,56220162,2023473,2023473,2023473,,689601,2,@@

  handle_small_Steiner_degrees: steiner 0, suppress 0 in 2e-06 s
Starting round 5
Found 28 isolated vertices
Invalid ratios recomputed: 490
Best ratio is 730757/1 (730757.0), centered at 537
Finding the best star... Star with 2 terminals centered in 538
round took: 0.023162 s
|V| = 1566, |E| = 3014, |R| = 35
>>> get_solution
>>> get_solution
  refine_solution: new weight 56128442 (was 56431041) in 0.000341 s
  refine_solution: new weight 56128442 (was 56128442) in 0.000334 s
5,,1538,3014,35,,490,0,,56431041,56128442,2754230,2754230,2754230,,730757,2,@@

  handle_small_Steiner_degrees: steiner 0, suppress 0 in 3e-06 s
Starting round 6
Found 32 isolated vertices
Invalid ratios recomputed: 723
Best ratio is 1513935/2 (756967.5), centered at 832
Finding the best star... Star with 3 terminals centered in 834
round took: 0.032212 s
|V| = 1566, |E| = 3002, |R| = 33
>>> get_solution
>>> get_solution
  refine_solution: new weight 55476698 (was 55779297) in 0.000346 s
  refine_solution: new weight 55476698 (was 55476698) in 0.00034 s
6,,1534,3002,33,,723,0,,55779297,55476698,4268165,4268165,4268165,,1513935,3,@@

  handle_small_Steiner_degrees: steiner 0, suppress 0 in 2e-06 s
Starting round 7
Found 41 isolated vertices
Invalid ratios recomputed: 828
Best ratio is 795507/1 (795507.0), centered at 1120
Finding the best star... Star with 2 terminals centered in 1240
round took: 0.035792 s
|V| = 1566, |E| = 2997, |R| = 32
>>> get_solution
>>> get_solution
  refine_solution: new weight 55375184 (was 55677783) in 0.000348 s
  refine_solution: new weight 55375184 (was 55375184) in 0.00034 s
7,,1525,2997,32,,828,0,,55677783,55375184,5063672,5063672,5063672,,795507,2,@@

  handle_small_Steiner_degrees: steiner 0, suppress 0 in 2e-06 s
Starting round 8
Found 45 isolated vertices
Invalid ratios recomputed: 796
Best ratio is 1717603/2 (858801.5), centered at 70
Finding the best star... Star with 3 terminals centered in 77
round took: 0.035799 s
|V| = 1566, |E| = 2982, |R| = 30
>>> get_solution
>>> get_solution
  refine_solution: new weight 55309697 (was 55612296) in 0.00035 s
  refine_solution: new weight 55309697 (was 55309697) in 0.000342 s
8,,1521,2982,30,,796,0,,55612296,55309697,6781275,6781275,6781275,,1717603,3,@@

  handle_small_Steiner_degrees: steiner 0, suppress 0 in 2e-06 s
Starting round 9
Found 55 isolated vertices
Invalid ratios recomputed: 748
Best ratio is 983668/1 (983668.0), centered at 609
Finding the best star... Star with 2 terminals centered in 689
round took: 0.037094 s
|V| = 1566, |E| = 2978, |R| = 29
>>> get_solution
>>> get_solution
  refine_solution: new weight 55019427 (was 55322026) in 0.000347 s
  refine_solution: new weight 55019427 (was 55019427) in 0.000355 s
9,,1511,2978,29,,748,0,,55322026,55019427,7764943,7764943,7764943,,983668,2,@@

  handle_small_Steiner_degrees: steiner 0, suppress 0 in 3e-06 s
Starting round 10
Found 58 isolated vertices
Invalid ratios recomputed: 1138
Best ratio is 1976312/2 (988156.0), centered at 246
Finding the best star... Star with 3 terminals centered in 368
round took: 0.051938 s
|V| = 1566, |E| = 2968, |R| = 27
>>> get_solution
>>> get_solution
  refine_solution: new weight 54795336 (was 54974143) in 0.000347 s
  refine_solution: new weight 54795336 (was 54795336) in 0.000342 s
10,,1508,2968,27,,1138,0,,54974143,54795336,9741255,9741255,9741255,,1976312,3,@@

  handle_small_Steiner_degrees: steiner 0, suppress 0 in 3e-06 s
Starting round 11
Found 65 isolated vertices
Invalid ratios recomputed: 1025
Best ratio is 2052678/2 (1026339.0), centered at 1039
Finding the best star... Star with 3 terminals centered in 1196
round took: 0.05687 s
|V| = 1566, |E| = 2959, |R| = 25
>>> get_solution
>>> get_solution
  refine_solution: new weight 54285937 (was 54464744) in 0.000347 s
  refine_solution: new weight 54285937 (was 54285937) in 0.000342 s
11,,1501,2959,25,,1025,0,,54464744,54285937,11793933,11793933,11793933,,2052678,3,@@

  handle_small_Steiner_degrees: steiner 0, suppress 0 in 3e-06 s
Starting round 12
Found 70 isolated vertices
Invalid ratios recomputed: 1141
Best ratio is 2083530/2 (1041765.0), centered at 773
Finding the best star... Star with 3 terminals centered in 1013
round took: 0.063348 s
|V| = 1566, |E| = 2947, |R| = 23
>>> get_solution
>>> get_solution
  refine_solution: new weight 53832256 (was 54011063) in 0.000348 s
  refine_solution: new weight 53832256 (was 53832256) in 0.000342 s
12,,1496,2947,23,,1141,0,,54011063,53832256,13877463,13877463,13877463,,2083530,3,@@

  handle_small_Steiner_degrees: steiner 0, suppress 0 in 2e-06 s
Starting round 13
Found 79 isolated vertices
Invalid ratios recomputed: 1174
Best ratio is 1154986/1 (1154986.0), centered at 565
Finding the best star... Star with 2 terminals centered in 689
round took: 0.067437 s
|V| = 1566, |E| = 2940, |R| = 22
>>> get_solution
>>> get_solution
  refine_solution: new weight 53832256 (was 54011063) in 0.000351 s
  refine_solution: new weight 53832256 (was 53832256) in 0.000339 s
13,,1487,2940,22,,1174,0,,54011063,53832256,15032449,15032449,15032449,,1154986,2,@@

  handle_small_Steiner_degrees: steiner 0, suppress 0 in 2e-06 s
Starting round 14
Found 84 isolated vertices
Invalid ratios recomputed: 1187
Best ratio is 1158981/1 (1158981.0), centered at 283
Finding the best star... Star with 2 terminals centered in 368
round took: 0.070542 s
|V| = 1566, |E| = 2937, |R| = 21
>>> get_solution
>>> get_solution
  refine_solution: new weight 53832256 (was 54011063) in 0.000347 s
  refine_solution: new weight 53832256 (was 53832256) in 0.000342 s
14,,1482,2937,21,,1187,0,,54011063,53832256,16191430,16191430,16191430,,1158981,2,@@

  handle_small_Steiner_degrees: steiner 0, suppress 0 in 3e-06 s
Starting round 15
Found 86 isolated vertices
Invalid ratios recomputed: 1055
Best ratio is 1237169/1 (1237169.0), centered at 714
Finding the best star... Star with 2 terminals centered in 834
round took: 0.078385 s
|V| = 1566, |E| = 2931, |R| = 20
>>> get_solution
>>> get_solution
  refine_solution: new weight 53748070 (was 53926877) in 0.000348 s
  refine_solution: new weight 53748070 (was 53748070) in 0.000343 s
15,,1480,2931,20,,1055,0,,53926877,53748070,17428599,17428599,17428599,,1237169,2,@@

  handle_small_Steiner_degrees: steiner 0, suppress 0 in 2e-06 s
Starting round 16
Found 90 isolated vertices
Invalid ratios recomputed: 1322
Best ratio is 2481153/2 (1240576.5), centered at 1265
Finding the best star... Star with 3 terminals centered in 1390
round took: 0.088974 s
|V| = 1566, |E| = 2914, |R| = 18
>>> get_solution
>>> get_solution
  refine_solution: new weight 53372330 (was 53551137) in 0.000349 s
  refine_solution: new weight 53372330 (was 53372330) in 0.000342 s
16,,1476,2914,18,,1322,0,,53551137,53372330,19909752,19909752,19909752,,2481153,3,@@

  handle_small_Steiner_degrees: steiner 0, suppress 0 in 2e-06 s
Starting round 17
Found 103 isolated vertices
Invalid ratios recomputed: 1051
Best ratio is 2505060/2 (1252530.0), centered at 1416
Finding the best star... Star with 3 terminals centered in 1531
round took: 0.077613 s
|V| = 1566, |E| = 2898, |R| = 16
>>> get_solution
>>> get_solution
  refine_solution: new weight 53101132 (was 53279939) in 0.000352 s
  refine_solution: new weight 53101132 (was 53101132) in 0.000353 s
17,,1463,2898,16,,1051,0,,53279939,53101132,22414812,22414812,22414812,,2505060,3,@@

  handle_small_Steiner_degrees: steiner 0, suppress 1 in 3e-06 s
Starting round 18
Found 115 isolated vertices
Invalid ratios recomputed: 1091
Best ratio is 2585563/2 (1292781.5), centered at 1072
Finding the best star... Star with 3 terminals centered in 1196
round took: 0.0866 s
|V| = 1566, |E| = 2881, |R| = 14
>>> get_solution
>>> get_solution
  refine_solution: new weight 53175287 (was 53354094) in 0.000354 s
  refine_solution: new weight 53175287 (was 53175287) in 0.000344 s
18,,1451,2881,14,,1091,0,,53354094,53175287,25000375,25000375,25000375,,2585563,3,@@

  handle_small_Steiner_degrees: steiner 0, suppress 1 in 2e-06 s
Starting round 19
Found 127 isolated vertices
Invalid ratios recomputed: 1410
Best ratio is 1490391/1 (1490391.0), centered at 538
Finding the best star... Star with 2 terminals centered in 538
round took: 0.120571 s
|V| = 1566, |E| = 2871, |R| = 13
>>> get_solution
>>> get_solution
  refine_solution: new weight 53157987 (was 53336794) in 0.000349 s
  refine_solution: new weight 53157987 (was 53157987) in 0.000345 s
19,,1439,2871,13,,1410,0,,53336794,53157987,26490766,26490766,26490766,,1490391,2,@@

  handle_small_Steiner_degrees: steiner 0, suppress 0 in 2e-06 s
Starting round 20
Found 134 isolated vertices
Invalid ratios recomputed: 1315
Best ratio is 1539492/1 (1539492.0), centered at 538
Finding the best star... Star with 2 terminals centered in 1013
round took: 0.117711 s
|V| = 1566, |E| = 2864, |R| = 12
>>> get_solution
>>> get_solution
  refine_solution: new weight 53157987 (was 53336794) in 0.000349 s
  refine_solution: new weight 53157987 (was 53157987) in 0.000344 s
20,,1432,2864,12,,1315,0,,53336794,53157987,28030258,28030258,28030258,,1539492,2,@@

  handle_small_Steiner_degrees: steiner 0, suppress 0 in 2e-06 s
Starting round 21
Found 138 isolated vertices
Invalid ratios recomputed: 1313
Best ratio is 1696420/1 (1696420.0), centered at 365
Finding the best star... Star with 2 terminals centered in 1013
round took: 0.123985 s
|V| = 1566, |E| = 2856, |R| = 11
>>> get_solution
>>> get_solution
  refine_solution: new weight 53157987 (was 53336794) in 0.000348 s
  refine_solution: new weight 53157987 (was 53157987) in 0.000343 s
21,,1428,2856,11,,1313,0,,53336794,53157987,29726678,29726678,29726678,,1696420,2,@@

  handle_small_Steiner_degrees: steiner 0, suppress 0 in 2e-06 s
Starting round 22
Found 144 isolated vertices
Invalid ratios recomputed: 1309
Best ratio is 1754930/1 (1754930.0), centered at 1196
Finding the best star... Star with 2 terminals centered in 1441
round took: 0.128272 s
|V| = 1566, |E| = 2845, |R| = 10
>>> get_solution
>>> get_solution
  refine_solution: new weight 53157987 (was 53336794) in 0.00035 s
  refine_solution: new weight 53157987 (was 53157987) in 0.000345 s
22,,1422,2845,10,,1309,0,,53336794,53157987,31481608,31481608,31481608,,1754930,2,@@

  handle_small_Steiner_degrees: steiner 0, suppress 0 in 2e-06 s
Starting round 23
Found 151 isolated vertices
Invalid ratios recomputed: 1362
Best ratio is 1875783/1 (1875783.0), centered at 317
Finding the best star... Star with 2 terminals centered in 1013
round took: 0.164378 s
|V| = 1566, |E| = 2835, |R| = 9
>>> get_solution
>>> get_solution
  refine_solution: new weight 52975482 (was 53154289) in 0.000355 s
  refine_solution: new weight 52975482 (was 52975482) in 0.00034 s
23,,1415,2835,9,,1362,0,,53154289,52975482,33357391,33357391,33357391,,1875783,2,@@

  handle_small_Steiner_degrees: steiner 0, suppress 0 in 2e-06 s
Starting round 24
Found 159 isolated vertices
Invalid ratios recomputed: 1381
Best ratio is 5634803/3 (1878267.7), centered at 268
Finding the best star... Star with 4 terminals centered in 1013
round took: 0.166232 s
|V| = 1566, |E| = 2803, |R| = 6
>>> get_solution
>>> get_solution
  refine_solution: new weight 51971899 (was 52255209) in 0.000351 s
  refine_solution: new weight 51971899 (was 51971899) in 0.000343 s
24,,1407,2803,6,,1381,0,,52255209,51971899,38992194,38992194,38992194,,5634803,4,@@

  handle_small_Steiner_degrees: steiner 0, suppress 2 in 4e-06 s
Starting round 25
Found 185 isolated vertices
Invalid ratios recomputed: 1363
Best ratio is 2187800/1 (2187800.0), centered at 974
Finding the best star... Star with 2 terminals centered in 981
round took: 0.192012 s
|V| = 1566, |E| = 2789, |R| = 5
>>> get_solution
>>> get_solution
  refine_solution: new weight 51971899 (was 52255209) in 0.000351 s
  refine_solution: new weight 51971899 (was 51971899) in 0.000343 s
25,,1381,2789,5,,1363,0,,52255209,51971899,41179994,41179994,41179994,,2187800,2,@@

  handle_small_Steiner_degrees: steiner 0, suppress 0 in 1e-06 s
Starting round 26
Found 193 isolated vertices
Invalid ratios recomputed: 1355
Best ratio is 2380126/1 (2380126.0), centered at 1150
Finding the best star... Star with 2 terminals centered in 1390
round took: 0.207624 s
|V| = 1566, |E| = 2778, |R| = 4
>>> get_solution
>>> get_solution
  refine_solution: new weight 51971899 (was 52255209) in 0.000352 s
  refine_solution: new weight 51971899 (was 51971899) in 0.000343 s
26,,1373,2778,4,,1355,0,,52255209,51971899,43560120,43560120,43560120,,2380126,2,@@

  handle_small_Steiner_degrees: steiner 0, suppress 1 in 3e-06 s
Starting round 27
Found 202 isolated vertices
Invalid ratios recomputed: 1364
Best ratio is 2679312/1 (2679312.0), centered at 469
Finding the best star... Star with 2 terminals centered in 1390
round took: 0.217727 s
|V| = 1566, |E| = 2757, |R| = 3
>>> get_solution
>>> get_solution
  refine_solution: new weight 51971899 (was 52255209) in 0.000352 s
  refine_solution: new weight 51971899 (was 51971899) in 0.000349 s
27,,1364,2757,3,,1364,0,,52255209,51971899,46239432,46239432,46239432,,2679312,2,@@

  handle_small_Steiner_degrees: steiner 0, suppress 2 in 7e-06 s
Starting round 28
Found 216 isolated vertices
Invalid ratios recomputed: 1350
Best ratio is 2872784/1 (2872784.0), centered at 1390
Finding the best star... Star with 2 terminals centered in 1531
round took: 0.207222 s
|V| = 1566, |E| = 2739, |R| = 2
>>> get_solution
>>> get_solution
  refine_solution: new weight 51971899 (was 52255209) in 0.000354 s
  refine_solution: new weight 51971899 (was 51971899) in 0.000346 s
28,,1350,2739,2,,1350,0,,52255209,51971899,49112216,49112216,49112216,,2872784,2,@@

  handle_small_Steiner_degrees: steiner 0, suppress 0 in 2e-06 s
Starting round 29
Found 227 isolated vertices
Invalid ratios recomputed: 1339
Best ratio is 3142993/1 (3142993.0), centered at 129
Finding the best star... Star with 2 terminals centered in 222
round took: 0.195647 s
|V| = 1566, |E| = 2724, |R| = 1
>>> get_solution
>>> get_solution
  refine_solution: new weight 51971899 (was 52255209) in 0.000367 s
  refine_solution: new weight 51971899 (was 51971899) in 0.000347 s
29,,1339,2724,1,,1339,0,,52255209,51971899,52255209,52255209,52255209,,3142993,2,@@

  handle_small_Steiner_degrees: steiner 0, suppress 0 in 2e-06 s
contract_till_the_bitter_end: 2.81354 s

Calling end_heu
>>> get_solution
Saved weight 0
DŽ: 52255209 -> 51958698
  BEST solution improved 52255209 -> 51958698 (vert_size 0, round 1) *
  BEST solution improved 51958698 -> 51884543 (vert_size 4, round 793) *
DŽ: 51884543 -> 51884543
DŽ: 51884543 -> 51884543
DŽ: 51958698 -> 51958698
DŽ: 51958698 -> 51958698
DŽ: 51884543 -> 51884543
DŽ: 51884543 -> 51968729
DŽ: 51958698 -> 51958698
DŽ: 51884543 -> 51884543
DŽ: 51884543 -> 52042884
DŽ: 51884543 -> 51884543
DŽ: 51884543 -> 51884543
DŽ: 51884543 -> 52030748
DŽ: 51884543 -> 51884543
DŽ: 51884543 -> 51968729
DŽ: 51884543 -> 51884543
DŽ: 51884543 -> 52030748
DŽ: 51884543 -> 51884543
DŽ: 51884543 -> 52360880
DŽ: 51884543 -> 51884543
DŽ: 51884543 -> 52360880
DŽ: 51884543 -> 51884543
DŽ: 51884543 -> 51884543
DŽ: 51884543 -> 51884543
DŽ: 51884543 -> 52360880
DŽ: 51884543 -> 51956593
DŽ: 51884543 -> 51884543
DŽ: 51884543 -> 51968729
DŽ: 51884543 -> 51884543
DŽ: 51884543 -> 51884543
DŽ: 52042884 -> 52185748
DŽ: 52185748 -> 51968729
DŽ: 51884543 -> 51884543
DŽ: 51884543 -> 51958698
DŽ: 51884543 -> 51884543
DŽ: 51884543 -> 51968729
DŽ: 51884543 -> 51968729
DŽ: 51884543 -> 51897744
DŽ: 52030748 -> 51956593
DŽ: 51884543 -> 51956593
DŽ: 51956593 -> 51956593
DŽ: 51884543 -> 51884543
DŽ: 51884543 -> 51884543
DŽ: 51884543 -> 51884543
DŽ: 52136659 -> 52197613
DŽ: 51884543 -> 51884543
DŽ: 51884543 -> 51956593
DŽ: 51884543 -> 51884543
DŽ: 51968729 -> 51968729
DŽ: 51884543 -> 51884543
DŽ: 51884543 -> 51884543
DŽ: 51884543 -> 51884543
DŽ: 51884543 -> 51884543
DŽ: 51884543 -> 51884543
DŽ: 51884543 -> 51884543
DŽ: 52136659 -> 52351335

 start over 55031 loops 184 unique solutions 
Approx + random 
DŽ: 56893541 -> 52849986
DŽ: 52206227 -> 52123458
DŽ: 51884543 -> 51884543
DŽ: 51884543 -> 51884543
DŽ: 51884543 -> 51884543
DŽ: 51884543 -> 51884543
DŽ: 52042884 -> 52042884
DŽ: 51884543 -> 51884543
DŽ: 51884543 -> 51884543
DŽ: 51884543 -> 51884543
DŽ: 52714367 -> 52919487
DŽ: 51884543 -> 51884543
DŽ: 51884543 -> 51968729
DŽ: 51968729 -> 51968729
DŽ: 51884543 -> 51884543
DŽ: 51884543 -> 51884543
DŽ: 51884543 -> 51884543
DŽ: 52434122 -> 52368635
DŽ: 52386698 -> 52368635
DŽ: 52394547 -> 52047372
DŽ: 51884543 -> 51884543
DŽ: 52432417 -> 52368635
DŽ: 51884543 -> 51884543
DŽ: 51950030 -> 51968729
DŽ: 52386427 -> 52368635
DŽ: 51884543 -> 51968729
DŽ: 51968729 -> 51968729
DŽ: 51884543 -> 51884543
DŽ: 51884543 -> 52040779
DŽ: 51884543 -> 51884543
DŽ: 52123458 -> 52123458
DŽ: 52386698 -> 52368635
DŽ: 51884543 -> 51884543
DŽ: 51884543 -> 51968729
DŽ: 52579982 -> 52368635
DŽ: 52403846 -> 52368635

 start over 90321 loops 217 unique solutions 
Approx + random 
DŽ: 56893541 -> 53083006
DŽ: 51884543 -> 51884543
DŽ: 51950030 -> 51968729
DŽ: 52751025 -> 52195508
DŽ: 52403846 -> 52368635
DŽ: 51884543 -> 51884543
DŽ: 51884543 -> 51884543
DŽ: 51884543 -> 51968729
DŽ: 52140758 -> 52140758
DŽ: 51884543 -> 51884543
DŽ: 51884543 -> 51884543
DŽ: 51884543 -> 51968729
DŽ: 52140758 -> 52729432
DŽ: 52140758 -> 52140758
DŽ: 51884543 -> 51884543
DŽ: 52140758 -> 52140758
DŽ: 51884543 -> 51884543
DŽ: 52140487 -> 52351335
DŽ: 52140758 -> 52140758
DŽ: 51884543 -> 51968729
DŽ: 52351335 -> 52351335
DŽ: 52140758 -> 52140758
DŽ: 52518167 -> 52499180
DŽ: 52432417 -> 52368635
DŽ: 51884543 -> 51884543

 start over 114853 loops 249 unique solutions 
Approx + random 
DŽ: 56893541 -> 52604130
DŽ: 52702769 -> 52481880
DŽ: 51884543 -> 51884543
DŽ: 51884543 -> 51884543
DŽ: 51884543 -> 51956593
DŽ: 51884543 -> 51884543
DŽ: 51884543 -> 51884543
DŽ: 52141521 -> 52368635
DŽ: 51884543 -> 51884543
DŽ: 51884543 -> 51884543
DŽ: 51884543 -> 51884543
DŽ: 51956593 -> 51956593
DŽ: 51884543 -> 51884543
DŽ: 51884543 -> 51884543
DŽ: 51884543 -> 52042884
DŽ: 52042884 -> 52042884
DŽ: 51884543 -> 51884543
DŽ: 51884543 -> 51956593
DŽ: 51884543 -> 51884543
DŽ: 52369398 -> 52351335
DŽ: 51884543 -> 51884543
DŽ: 51884543 -> 51884543
DŽ: 51884543 -> 51968729
DŽ: 51884543 -> 51958698
DŽ: 51884543 -> 52040779
DŽ: 51884543 -> 51884543
DŽ: 51884543 -> 51884543
DŽ: 51884543 -> 51884543
DŽ: 51884543 -> 51884543
DŽ: 51986029 -> 51986029
DŽ: 52351335 -> 52481880
DŽ: 51884543 -> 51884543
DŽ: 52369398 -> 52425490
DŽ: 52369398 -> 52528149
DŽ: 51884543 -> 51884543
DŽ: 51884543 -> 51884543
DŽ: 51884543 -> 52042884
DŽ: 51884543 -> 51884543
DŽ: 51884543 -> 51968729
DŽ: 51884543 -> 52040779
DŽ: 52369398 -> 52351335
DŽ: 51968729 -> 52656331

 start over 155504 loops 288 unique solutions 
Approx + random 
DŽ: 56893541 -> 52326917
DŽ: 51968729 -> 51968729
DŽ: 52481880 -> 52553930
DŽ: 52351335 -> 52351335
DŽ: 52369398 -> 52351335
DŽ: 51884543 -> 51884543
DŽ: 51884543 -> 51884543
DŽ: 51884543 -> 51968729
DŽ: 51884543 -> 51884543
DŽ: 51884543 -> 51884543
DŽ: 52242008 -> 52167853
DŽ: 51884543 -> 51968729
DŽ: 51968729 -> 51968729
DŽ: 51884543 -> 51884543
DŽ: 51884543 -> 51884543
DŽ: 51884543 -> 51958698
DŽ: 51884543 -> 51884543
DŽ: 51968729 -> 51968729
DŽ: 51968729 -> 51981930
DŽ: 51968729 -> 51968729
DŽ: 52351335 -> 52351335
DŽ: 52351335 -> 52600199
DŽ: 51884543 -> 51884543
DŽ: 52423385 -> 52423385
DŽ: 51884543 -> 51884543
DŽ: 51884543 -> 51884543
DŽ: 51884543 -> 51884543
DŽ: 52423385 -> 52600199
DŽ: 52368635 -> 52368635
DŽ: 51884543 -> 51956593
DŽ: 52351335 -> 52351335

 start over 185294 loops 320 unique solutions 
Approx + random 
DŽ: 56893541 -> 53113274
DŽ: 51968729 -> 52040779
DŽ: 51884543 -> 51884543
DŽ: 52386698 -> 52368635
DŽ: 52769129 -> 52499180
DŽ: 51884543 -> 51884543
DŽ: 51884543 -> 51884543
DŽ: 51968729 -> 51968729
DŽ: 51968729 -> 51968729
DŽ: 51884543 -> 51884543
DŽ: 51884543 -> 51968729
DŽ: 51884543 -> 51884543
DŽ: 52040779 -> 52053980
DŽ: 51884543 -> 52445066
DŽ: 51884543 -> 52435035
DŽ: 51884543 -> 51884543
DŽ: 51884543 -> 51884543
DŽ: 52233340 -> 52326194
DŽ: 52053980 -> 52040779
DŽ: 51884543 -> 51884543
DŽ: 52059365 -> 51981930
DŽ: 51897744 -> 51968729
DŽ: 51884543 -> 51968729
DŽ: 51884543 -> 51884543
DŽ: 51968729 -> 52040779
DŽ: 51897744 -> 51956593
DŽ: 52047372 -> 52047372
DŽ: 51968729 -> 51968729
DŽ: 51884543 -> 51884543
DŽ: 51901843 -> 51901843
DŽ: 51884543 -> 51884543
DŽ: 51884543 -> 51884543
DŽ: 51884543 -> 51884543
DŽ: 52233340 -> 52242008
DŽ: 52252039 -> 52252039
DŽ: 51884543 -> 51968729
DŽ: 51884543 -> 51884543
DŽ: 51884543 -> 51968729
DŽ: 51884543 -> 51956593
DŽ: 51884543 -> 51884543
DŽ: 51884543 -> 51884543
DŽ: 51884543 -> 51958698
DŽ: 51884543 -> 52435035
DŽ: 52411312 -> 52242008

 start over 228531 loops 356 unique solutions 
Original + vert_size 0 
DŽ: 52255209 -> 51958698
DŽ: 52047372 -> 52047372
DŽ: 51927048 -> 52469744
DŽ: 51884543 -> 51884543
DŽ: 51884543 -> 52042884
DŽ: 51884543 -> 51884543
DŽ: 51884543 -> 51884543
DŽ: 51884543 -> 51968729
DŽ: 51968729 -> 51968729
DŽ: 51968729 -> 52040779
DŽ: 51884543 -> 51884543
DŽ: 51884543 -> 51884543
DŽ: 51884543 -> 51884543
DŽ: 51884543 -> 51884543
DŽ: 51884543 -> 52043949
DŽ: 51968729 -> 52040779
DŽ: 51884543 -> 51884543
DŽ: 51968729 -> 51968729
DŽ: 51884543 -> 51884543
DŽ: 51884543 -> 51884543
DŽ: 51884543 -> 51884543
DŽ: 51884543 -> 51968729
DŽ: 51884543 -> 51884543
DŽ: 51884543 -> 51884543
DŽ: 51884543 -> 51884543
DŽ: 51884543 -> 51956593
DŽ: 51884543 -> 51884543
DŽ: 51968729 -> 51884543
DŽ: 51968729 -> 52517116
DŽ: 51968729 -> 51968729
DŽ: 51884543 -> 51884543
DŽ: 51884543 -> 52445066
DŽ: 51968729 -> 51968729
DŽ: 51884543 -> 51884543
DŽ: 51884543 -> 51884543
DŽ: 51884543 -> 51884543
DŽ: 51884543 -> 51884543
DŽ: 51884543 -> 51981930
DŽ: 51884543 -> 51968729
DŽ: 51884543 -> 51884543
DŽ: 51958698 -> 52042884
DŽ: 51968729 -> 51968729
DŽ: 51884543 -> 51884543
DŽ: 51884543 -> 51958698
DŽ: 51884543 -> 51968729
DŽ: 51884543 -> 51968729
DŽ: 51884543 -> 51884543
DŽ: 51981742 -> 52114934
DŽ: 52469744 -> 52543899
DŽ: 52047372 -> 52047372
DŽ: 51884543 -> 51958698
DŽ: 51884543 -> 51884543
DŽ: 51884543 -> 51884543
DŽ: 51884543 -> 51884543
DŽ: 51884543 -> 51884543
DŽ: 51884543 -> 51884543

 start over 283392 loops 405 unique solutions 
Original + vert_size 0 
DŽ: 52255209 -> 51958698
DŽ: 51884543 -> 51884543
DŽ: 51884543 -> 51897744
DŽ: 52252039 -> 52252039
DŽ: 51884543 -> 52142445
DŽ: 51968729 -> 52042884
DŽ: 51884543 -> 51884543
DŽ: 51927048 -> 51884543
DŽ: 51968729 -> 51968729
DŽ: 51884543 -> 51884543
DŽ: 51884543 -> 51956593
DŽ: 51986029 -> 51986029
DŽ: 51884543 -> 51884543
DŽ: 51956593 -> 51956593
DŽ: 51901843 -> 51975998
DŽ: 52042884 -> 52042884
DŽ: 51884543 -> 51956593
DŽ: 51956593 -> 51956593
DŽ: 51909692 -> 51897744
DŽ: 52066359 -> 52324089
DŽ: 51884543 -> 51884543
DŽ: 51884543 -> 51884543
DŽ: 51884543 -> 51884543
DŽ: 51956593 -> 52114934
DŽ: 52066359 -> 52060573
DŽ: 51884543 -> 51884543
DŽ: 51884543 -> 51884543
DŽ: 52066359 -> 52252039
DŽ: 51884543 -> 51958698
DŽ: 51884543 -> 51884543
DŽ: 51950030 -> 51968729
DŽ: 51884543 -> 51897744
DŽ: 51884543 -> 51884543
DŽ: 51884543 -> 51884543
DŽ: 51884543 -> 51884543
DŽ: 51884543 -> 51884543
DŽ: 51884543 -> 51968729
DŽ: 51884543 -> 51884543
DŽ: 51884543 -> 51884543
DŽ: 51897744 -> 52351335
DŽ: 51901843 -> 51901843
DŽ: 51901843 -> 51901843
DŽ: 51884543 -> 51968729
DŽ: 51884543 -> 51884543
DŽ: 51968729 -> 52040779
DŽ: 51884543 -> 51968729
DŽ: 51884543 -> 52167853
DŽ: 51986029 -> 51986029
DŽ: 51884543 -> 51968729
DŽ: 51884543 -> 51884543
DŽ: 51884543 -> 51968729
DŽ: 52167853 -> 52167853
DŽ: 51901843 -> 51901843

 start over 335840 loops 460 unique solutions 
Approx + random 
DŽ: 56893541 -> 52966396
DŽ: 51884543 -> 51884543
DŽ: 51968729 -> 51968729
DŽ: 51986029 -> 51986029
DŽ: 51884543 -> 51884543
DŽ: 51884543 -> 51884543
DŽ: 51884543 -> 51884543
DŽ: 51884543 -> 51884543
DŽ: 51884543 -> 51884543
DŽ: 51884543 -> 51958698
DŽ: 51884543 -> 51884543
DŽ: 51884543 -> 51884543
DŽ: 51968729 -> 51968729
DŽ: 51901572 -> 51884543
DŽ: 51901843 -> 51986029
DŽ: 51968729 -> 52114934
DŽ: 51901843 -> 51901843
DŽ: 51901843 -> 51901843
DŽ: 51884543 -> 52040779
DŽ: 51884543 -> 51884543
DŽ: 51884543 -> 51884543
DŽ: 51884543 -> 52360880
DŽ: 52141521 -> 52060573
DŽ: 51884543 -> 51884543
DŽ: 51884543 -> 51884543
DŽ: 51884543 -> 51884543
DŽ: 51968729 -> 52556035
DŽ: 51884543 -> 52142445
DŽ: 51884543 -> 51884543
DŽ: 51968729 -> 51968729
DŽ: 52141521 -> 52123458
DŽ: 51884543 -> 51884543
DŽ: 52123458 -> 52123458
DŽ: 51884543 -> 51884543
DŽ: 52351335 -> 52351335
DŽ: 52123458 -> 52142445
DŽ: 52123458 -> 52123458

 start over 371946 loops 500 unique solutions 
Approx + random 
DŽ: 56893541 -> 52573335
DŽ: 51968729 -> 51968729
DŽ: 52123458 -> 51968729
DŽ: 51884543 -> 51884543
DŽ: 51884543 -> 51884543
DŽ: 51884543 -> 51884543
DŽ: 51884543 -> 51884543
DŽ: 51968729 -> 51968729
DŽ: 51884543 -> 51884543
DŽ: 51884543 -> 51884543
DŽ: 51884543 -> 51884543
DŽ: 51968729 -> 52481880
DŽ: 51884543 -> 52040779
DŽ: 52481880 -> 52481880
DŽ: 51884543 -> 51884543
DŽ: 51884543 -> 52397694
DŽ: 52123458 -> 52123458
DŽ: 52481880 -> 52481880
DŽ: 51884543 -> 51884543
DŽ: 52123458 -> 52252039
DŽ: 52481880 -> 52481880
DŽ: 51884543 -> 51884543
DŽ: 52481880 -> 52481880
DŽ: 52481880 -> 52351335
DŽ: 51884543 -> 51884543
DŽ: 51884543 -> 51968729
DŽ: 51884543 -> 51884543
DŽ: 51884543 -> 51956593
DŽ: 51956593 -> 51884543
DŽ: 51884543 -> 51884543
DŽ: 51884543 -> 51884543
DŽ: 52481880 -> 52481880
DŽ: 51884543 -> 51884543
DŽ: 52463181 -> 52481880
DŽ: 51884543 -> 51897744
DŽ: 51884543 -> 51968729
DŽ: 51901843 -> 51901843
DŽ: 51884543 -> 51884543

 start over 408656 loops 535 unique solutions 
Approx + random 
DŽ: 56893541 -> 52984302
DŽ: 51884543 -> 52040779
DŽ: 52123458 -> 52351335
DŽ: 52252039 -> 52252039
DŽ: 51884543 -> 51884543
DŽ: 51884543 -> 51956593
DŽ: 51968729 -> 51968729
DŽ: 52252039 -> 52326194
DŽ: 51884543 -> 51884543
DŽ: 51884543 -> 51884543
DŽ: 51884543 -> 51958698
DŽ: 51884543 -> 51956593
DŽ: 51884543 -> 51884543
DŽ: 51884543 -> 51884543
DŽ: 51958698 -> 51958698
DŽ: 51884543 -> 51884543
DŽ: 51958698 -> 51958698
DŽ: 51884543 -> 51968729
DŽ: 51884543 -> 51884543
DŽ: 51968729 -> 52040779
DŽ: 51884543 -> 51956593
DŽ: 51884543 -> 51956593
DŽ: 51958698 -> 51958698
DŽ: 51884543 -> 51956593
DŽ: 51884543 -> 51884543
DŽ: 51884543 -> 51884543
DŽ: 51884543 -> 51884543
DŽ: 52351335 -> 52351335
DŽ: 51884543 -> 51884543
DŽ: 51884543 -> 51884543
DŽ: 51884543 -> 51884543
DŽ: 51901843 -> 51901843
DŽ: 52252039 -> 52252039
DŽ: 52252039 -> 52252039
DŽ: 52123458 -> 52351335
DŽ: 51884543 -> 51968729
DŽ: 51884543 -> 51884543
DŽ: 51884543 -> 51884543
DŽ: 51884543 -> 51884543
DŽ: 51884543 -> 51884543
DŽ: 51884543 -> 51884543
DŽ: 52040779 -> 52040779
DŽ: 51884543 -> 51884543
DŽ: 51884543 -> 51884543
DŽ: 52040779 -> 52040779
DŽ: 51901843 -> 51975998
DŽ: 51884543 -> 51884543
DŽ: 51884543 -> 51884543

 start over 455732 loops 576 unique solutions 
Original + vert_size 13 
DŽ: 52255209 -> 52127101
DŽ: 51884543 -> 51884543
DŽ: 51884543 -> 51884543
DŽ: 51884543 -> 51884543
DŽ: 51884543 -> 51884543
DŽ: 51884543 -> 52445066
DŽ: 51884543 -> 51981930
DŽ: 51884543 -> 51884543
DŽ: 51884543 -> 51884543
DŽ: 52351335 -> 52351335
DŽ: 51884543 -> 51884543
DŽ: 51884543 -> 51884543
DŽ: 52123458 -> 52351335
DŽ: 51884543 -> 51884543
DŽ: 51884543 -> 51884543
DŽ: 51884543 -> 52351335
DŽ: 51884543 -> 51884543
DŽ: 51884543 -> 52040779
DŽ: 51884543 -> 51968729
DŽ: 51884543 -> 51897744
DŽ: 51884543 -> 51884543
DŽ: 51884543 -> 51968729
DŽ: 52040779 -> 52040779
DŽ: 51884543 -> 51884543
DŽ: 51897744 -> 51884543
DŽ: 51968729 -> 51968729
DŽ: 51884543 -> 51884543
DŽ: 51897744 -> 51956593
DŽ: 51884543 -> 52360880
DŽ: 51884543 -> 51884543
DŽ: 51956593 -> 52040779
DŽ: 51884543 -> 51884543
DŽ: 51884543 -> 51884543
DŽ: 51884543 -> 51884543
DŽ: 51884543 -> 51884543
DŽ: 51884543 -> 51968729
DŽ: 51968729 -> 52445066
DŽ: 51884543 -> 51884543
DŽ: 51884543 -> 51884543
DŽ: 51987716 -> 51968729
DŽ: 51968729 -> 51981930
DŽ: 51884543 -> 52030748
DŽ: 51956593 -> 51956593
DŽ: 51884543 -> 51884543
DŽ: 51909692 -> 51884543
DŽ: 51884543 -> 51884543
DŽ: 51956593 -> 51956593
DŽ: 51884543 -> 51884543
DŽ: 51884543 -> 51884543
DŽ: 51884543 -> 51884543
DŽ: 51884543 -> 51884543
DŽ: 51884543 -> 51884543
DŽ: 51974874 -> 51968729
DŽ: 51884543 -> 51968729
DŽ: 51884543 -> 51884543
DŽ: 51884543 -> 51884543
DŽ: 51884543 -> 51884543
DŽ: 51884543 -> 51884543
DŽ: 52030748 -> 52030748
DŽ: 51884543 -> 51958698
DŽ: 51884543 -> 51968729

 start over 515672 loops 628 unique solutions 
Approx + random 
DŽ: 56893541 -> 52566789
DŽ: 51884543 -> 51884543
DŽ: 51884543 -> 51884543
DŽ: 51884543 -> 51968729
DŽ: 51884543 -> 51884543
DŽ: 52566789 -> 52499180
DŽ: 51884543 -> 51884543
DŽ: 51884543 -> 51884543
DŽ: 51884543 -> 51884543
DŽ: 51884543 -> 51884543
DŽ: 51884543 -> 51884543
DŽ: 51884543 -> 51884543
DŽ: 51884543 -> 51884543
DŽ: 51884543 -> 51968729
DŽ: 51884543 -> 51884543
DŽ: 51884543 -> 51884543
DŽ: 51884543 -> 51884543
DŽ: 52566789 -> 52499180
DŽ: 51884543 -> 51884543
DŽ: 51884543 -> 51884543
DŽ: 51884543 -> 51884543
DŽ: 51884543 -> 51884543
DŽ: 51884543 -> 51884543
DŽ: 51884543 -> 51884543
DŽ: 51884543 -> 51968729
DŽ: 51884543 -> 51884543
DŽ: 51884543 -> 51968729
DŽ: 51884543 -> 51956593
DŽ: 51968729 -> 52326194
DŽ: 51884543 -> 51958698
DŽ: 51884543 -> 51956593
DŽ: 51884543 -> 51884543
DŽ: 51901843 -> 51901843
DŽ: 51884543 -> 51884543
DŽ: 51884543 -> 51884543
DŽ: 51884543 -> 51968729
DŽ: 51884543 -> 51884543
DŽ: 51884543 -> 51884543
DŽ: 51884543 -> 51884543
DŽ: 51884543 -> 51884543
DŽ: 52566789 -> 52499180
DŽ: 51884543 -> 52360880
DŽ: 51884543 -> 51956593
DŽ: 51884543 -> 51884543
DŽ: 51884543 -> 51884543
DŽ: 51884543 -> 51884543
DŽ: 51884543 -> 51884543
DŽ: 51884543 -> 52040779
DŽ: 51968729 -> 51968729

 start over 563854 loops 686 unique solutions 
Original + vert_size 0 
DŽ: 52255209 -> 51958698
DŽ: 51884543 -> 51968729
DŽ: 51968729 -> 51968729
DŽ: 51884543 -> 51884543
DŽ: 51884543 -> 51958698
DŽ: 51884543 -> 51884543
DŽ: 51884543 -> 51968729
DŽ: 51909692 -> 51884543
DŽ: 51884543 -> 51884543
DŽ: 51884543 -> 51884543
DŽ: 51884543 -> 51884543
DŽ: 51884543 -> 51884543
DŽ: 51958698 -> 51884543
DŽ: 51884543 -> 51884543
DŽ: 51884543 -> 51884543
DŽ: 51884543 -> 51884543
DŽ: 51968729 -> 51968729
DŽ: 51884543 -> 51884543
DŽ: 51884543 -> 52042884
DŽ: 51884543 -> 51884543
DŽ: 51884543 -> 51884543
DŽ: 51884543 -> 51884543
DŽ: 51884543 -> 52142445
DŽ: 51884543 -> 52123458
DŽ: 51968729 -> 51968729
DŽ: 52066359 -> 52047372
DŽ: 51884543 -> 51884543
DŽ: 51884543 -> 51884543
DŽ: 51968729 -> 52040779
DŽ: 52066359 -> 52123458
DŽ: 52066359 -> 52142445
DŽ: 51884543 -> 51968729
DŽ: 51968729 -> 51968729
DŽ: 51956593 -> 51956593
DŽ: 52123458 -> 52123458
DŽ: 52123458 -> 52123458
DŽ: 51884543 -> 51884543
DŽ: 51884543 -> 52252039
DŽ: 52123458 -> 52123458
DŽ: 51884543 -> 51884543
DŽ: 52123458 -> 52351335
DŽ: 51884543 -> 51884543
DŽ: 52047372 -> 52064672
DŽ: 51884543 -> 52351335
DŽ: 52047372 -> 52047372
DŽ: 51950030 -> 51968729
DŽ: 52047372 -> 52167853

 start over 609502 loops 725 unique solutions 
Original + vert_size 0 
DŽ: 52255209 -> 51958698
DŽ: 51901843 -> 52462366
DŽ: 52123458 -> 52136659
DŽ: 51884543 -> 51884543
DŽ: 51968729 -> 52040779
DŽ: 51884543 -> 51884543
DŽ: 51956593 -> 51956593
DŽ: 51956593 -> 51969794
DŽ: 51909692 -> 51968729
DŽ: 51884543 -> 51884543
DŽ: 51884543 -> 51884543
DŽ: 51956593 -> 51956593
DŽ: 51968729 -> 52040779
DŽ: 51884543 -> 51884543
DŽ: 51956593 -> 51956593
DŽ: 51884543 -> 51884543
DŽ: 51968729 -> 51968729
DŽ: 51884543 -> 51884543
DŽ: 51884543 -> 51884543
DŽ: 51884543 -> 51884543
DŽ: 51901843 -> 51901843
DŽ: 51884543 -> 52445066
DŽ: 52136659 -> 52123458
DŽ: 51884543 -> 51884543
DŽ: 52136659 -> 52123458
DŽ: 51884543 -> 51884543
DŽ: 52136659 -> 52123458
DŽ: 52123458 -> 52123458
DŽ: 52123458 -> 52195508
DŽ: 51884543 -> 51884543
DŽ: 51901843 -> 51901843
DŽ: 52123458 -> 52136659
DŽ: 52123458 -> 52123458
DŽ: 52123458 -> 52123458
DŽ: 51884543 -> 51884543
DŽ: 51884543 -> 51884543
DŽ: 51968729 -> 51968729
DŽ: 52140758 -> 51986029

 start over 646443 loops 769 unique solutions 
Approx + random 
DŽ: 56893541 -> 52883320
DŽ: 51969794 -> 51956593
DŽ: 52123458 -> 52123458
DŽ: 52123458 -> 52123458
DŽ: 51884543 -> 51884543
DŽ: 51956593 -> 51956593
DŽ: 51884543 -> 51884543
DŽ: 51884543 -> 51884543
DŽ: 52123458 -> 52123458
DŽ: 51956593 -> 51956593
DŽ: 51956593 -> 51956593
DŽ: 52047372 -> 52047372
DŽ: 51884543 -> 52360880
DŽ: 52123458 -> 52351335
DŽ: 51884543 -> 51884543
DŽ: 51901691 -> 51981930
DŽ: 51956593 -> 51956593
DŽ: 51956593 -> 51956593
DŽ: 51901843 -> 51901843
DŽ: 51981930 -> 52252039
DŽ: 51956593 -> 52214495
DŽ: 51884543 -> 51884543
DŽ: 51884543 -> 51884543
DŽ: 51884543 -> 51884543
DŽ: 51884543 -> 51884543
DŽ: 51884543 -> 51884543
DŽ: 51884543 -> 51884543
DŽ: 51884543 -> 51956593
DŽ: 51884543 -> 51968729
DŽ: 51884543 -> 51884543
DŽ: 51884543 -> 51884543
DŽ: 51968729 -> 51968729
DŽ: 51956593 -> 52432930
DŽ: 51901691 -> 51956593
DŽ: 51901843 -> 51901843
DŽ: 51884543 -> 51884543
DŽ: 51884543 -> 51884543
DŽ: 51884543 -> 51884543
DŽ: 51884543 -> 51884543
DŽ: 51884543 -> 51884543
DŽ: 51884543 -> 51884543
DŽ: 52123458 -> 52123458
DŽ: 52123458 -> 52123458
DŽ: 51884543 -> 51884543
DŽ: 51901843 -> 51901843
DŽ: 52123458 -> 52191067
DŽ: 51884543 -> 51884543
DŽ: 51884543 -> 51884543

 start over 693955 loops 815 unique solutions 
Original + vert_size 0 
DŽ: 52255209 -> 51958698
DŽ: 52123458 -> 52123458
DŽ: 52123458 -> 52351335
DŽ: 51901843 -> 51901843
DŽ: 51956593 -> 52040779
DŽ: 52119422 -> 52119422
DŽ: 51901843 -> 51986029
DŽ: 51884543 -> 51884543
DŽ: 51884543 -> 51884543
DŽ: 51901843 -> 51901843
DŽ: 51884543 -> 51884543
DŽ: 51958698 -> 51958698
DŽ: 51958698 -> 52216600
DŽ: 51884543 -> 51956593
DŽ: 52040779 -> 52040779
DŽ: 51958698 -> 52142445
DŽ: 51884543 -> 51884543
DŽ: 51884543 -> 51884543
DŽ: 51884543 -> 51968729
DŽ: 51901843 -> 51901843
DŽ: 51968729 -> 52042884
DŽ: 52022080 -> 51956593
DŽ: 51901843 -> 51901843
DŽ: 51901843 -> 52462366
DŽ: 51884543 -> 51884543
DŽ: 51884543 -> 51884543
DŽ: 51901843 -> 51986029
DŽ: 51901843 -> 51901843
DŽ: 51884543 -> 51884543
DŽ: 52072521 -> 52142445
DŽ: 51901843 -> 51901843
DŽ: 51901843 -> 51901843
DŽ: 51901843 -> 51975998
DŽ: 52022080 -> 52040779
DŽ: 51884543 -> 51884543
DŽ: 51968729 -> 51968729
DŽ: 51884543 -> 51884543
DŽ: 51884543 -> 51884543
DŽ: 51986029 -> 51986029
DŽ: 51884543 -> 51884543
DŽ: 51884543 -> 51968729
DŽ: 51884543 -> 51884543
DŽ: 52072521 -> 52047372
DŽ: 52119422 -> 52119422
DŽ: 51986029 -> 51901843
DŽ: 51884543 -> 51956593
DŽ: 51884543 -> 51884543
DŽ: 51884543 -> 51884543
DŽ: 51884543 -> 51884543
DŽ: 51884543 -> 51884543
DŽ: 52022080 -> 52040779
DŽ: 52123458 -> 52123458
DŽ: 51884543 -> 52040779
DŽ: 51901843 -> 51901843
DŽ: 51884543 -> 51884543
DŽ: 52142445 -> 52480923

 start over 748597 loops 872 unique solutions 
Original + vert_size 13 
DŽ: 52255209 -> 52194710
DŽ: 51884543 -> 51884543
DŽ: 51884543 -> 51884543
DŽ: 51884543 -> 51884543
DŽ: 51884543 -> 51958698
DŽ: 51884543 -> 51884543
DŽ: 51884543 -> 52360880
DŽ: 51884543 -> 51884543
DŽ: 51884543 -> 51884543
DŽ: 51884543 -> 51884543
DŽ: 51884543 -> 51884543
DŽ: 51884543 -> 51884543
DŽ: 51884543 -> 51884543
DŽ: 51884543 -> 52123458
DŽ: 51884543 -> 51884543
DŽ: 51909692 -> 51884543
DŽ: 51884543 -> 51884543
DŽ: 52008018 -> 51884543
DŽ: 52123458 -> 52123458
DŽ: 51884543 -> 51884543
DŽ: 51884543 -> 51884543
DŽ: 51884543 -> 51884543
DŽ: 51884543 -> 51968729
DŽ: 51884543 -> 51884543
DŽ: 51884543 -> 51968729
DŽ: 51884543 -> 51884543
DŽ: 52123458 -> 52123458
DŽ: 51968729 -> 51968729
DŽ: 51884543 -> 51884543
DŽ: 51884543 -> 51884543
DŽ: 52001203 -> 51958698
DŽ: 51884543 -> 51884543
DŽ: 51884543 -> 51884543
DŽ: 51884543 -> 51884543
DŽ: 51884543 -> 51897744
DŽ: 52123458 -> 52123458
DŽ: 51884543 -> 52040779
DŽ: 51901843 -> 51901843
DŽ: 51884543 -> 51884543
DŽ: 51884543 -> 51884543
DŽ: 51884543 -> 51968729
DŽ: 51968729 -> 51968729
DŽ: 51884543 -> 51884543
DŽ: 51956593 -> 51969794
DŽ: 51884543 -> 51884543
DŽ: 51884543 -> 51956593
DŽ: 51884543 -> 51956593
DŽ: 51884543 -> 51884543
DŽ: 51884543 -> 51884543
DŽ: 51884543 -> 51884543
DŽ: 51884543 -> 51884543
DŽ: 51897744 -> 51884543
DŽ: 51884543 -> 51884543
DŽ: 51956593 -> 51956593
DŽ: 51884543 -> 51884543
DŽ: 51884543 -> 51884543
DŽ: 51884543 -> 51884543
DŽ: 51884543 -> 51952152

 start over 805937 loops 917 unique solutions 
Approx + random 
DŽ: 56893541 -> 52640944
DŽ: 52123458 -> 52197613
DŽ: 51884543 -> 51884543
DŽ: 51884543 -> 51884543
DŽ: 51884543 -> 51884543
DŽ: 51968729 -> 51968729
DŽ: 51884543 -> 51968729
DŽ: 51884543 -> 51884543
DŽ: 51884543 -> 51884543
DŽ: 51884543 -> 51884543
DŽ: 51884543 -> 52030748
DŽ: 51884543 -> 51884543
DŽ: 51884543 -> 51884543
DŽ: 51884543 -> 51884543
DŽ: 51884543 -> 51884543
DŽ: 51884543 -> 51956593
DŽ: 51884543 -> 51884543
DŽ: 51884543 -> 51968729
DŽ: 51884543 -> 51884543
DŽ: 51884543 -> 51884543
DŽ: 51968729 -> 51968729
DŽ: 51884543 -> 51884543
DŽ: 51884543 -> 51884543
DŽ: 51884543 -> 51884543
DŽ: 51884543 -> 51884543
DŽ: 51884543 -> 51968729
DŽ: 51927048 -> 51884543
DŽ: 51884543 -> 51884543
DŽ: 51884543 -> 51884543
DŽ: 51884543 -> 51884543
DŽ: 51884543 -> 51956593
DŽ: 51909692 -> 51884543
DŽ: 51884543 -> 51884543
DŽ: 51884543 -> 51884543
DŽ: 51884543 -> 52042884
DŽ: 51884543 -> 51884543
DŽ: 51884543 -> 51884543
DŽ: 51884543 -> 51956593
DŽ: 51884543 -> 51884543
DŽ: 51884543 -> 51884543
DŽ: 51884543 -> 51884543
DŽ: 51884543 -> 51968729
DŽ: 51968729 -> 52036338
DŽ: 51884543 -> 51884543
DŽ: 51884543 -> 51884543
DŽ: 51975846 -> 52242008
DŽ: 51884543 -> 51968729
DŽ: 51968729 -> 51968729
DŽ: 51884543 -> 51884543
DŽ: 51884543 -> 51884543
DŽ: 51968729 -> 51884543
DŽ: 51968729 -> 51968729
DŽ: 51884543 -> 51884543
DŽ: 51901572 -> 51958698
DŽ: 51968729 -> 51968729
DŽ: 51884543 -> 51884543
DŽ: 51884543 -> 51884543
DŽ: 52030748 -> 52030748
DŽ: 51884543 -> 51884543
DŽ: 51909692 -> 51968729

 start over 864261 loops 975 unique solutions 
Original + vert_size 13 
DŽ: 52255209 -> 52326194
DŽ: 51968729 -> 51968729
DŽ: 51884543 -> 51884543
DŽ: 51884543 -> 51884543
DŽ: 51884543 -> 51884543
DŽ: 51884543 -> 51968729
DŽ: 51909692 -> 52042884
DŽ: 51884543 -> 51884543
DŽ: 52136363 -> 51884543
DŽ: 51884543 -> 51884543
DŽ: 51884543 -> 51884543
DŽ: 51897744 -> 52360880
DŽ: 51884543 -> 52042884
DŽ: 51927048 -> 52239903
DŽ: 51884543 -> 51884543
DŽ: 51884543 -> 51884543
DŽ: 51884543 -> 51884543
DŽ: 51884543 -> 51884543
DŽ: 52326194 -> 52326194
DŽ: 51884543 -> 51884543
DŽ: 51884543 -> 51884543
DŽ: 51884543 -> 51884543
DŽ: 51884543 -> 51958698
DŽ: 51884543 -> 51884543
DŽ: 51884543 -> 51884543
DŽ: 51968729 -> 51968729
DŽ: 51884543 -> 51884543
DŽ: 51884543 -> 51884543
DŽ: 51884543 -> 51884543
DŽ: 51884543 -> 52360880
DŽ: 51884543 -> 51884543
DŽ: 51884543 -> 51884543
DŽ: 51884543 -> 51884543
DŽ: 51884543 -> 51884543
DŽ: 51884543 -> 51884543
DŽ: 51884543 -> 51884543
DŽ: 51884543 -> 51884543
DŽ: 51884543 -> 51884543
DŽ: 52239903 -> 52253104
DŽ: 51884543 -> 51884543
DŽ: 51884543 -> 51884543
DŽ: 51884543 -> 51968729
DŽ: 51884543 -> 52214495
DŽ: 51884543 -> 51884543
DŽ: 51884543 -> 51884543
DŽ: 52252039 -> 52252039

 start over 909589 loops 1021 unique solutions 
Original + vert_size 0 
DŽ: 52255209 -> 51958698
DŽ: 51884543 -> 51884543
DŽ: 51968729 -> 51968729
DŽ: 51884543 -> 51968729
DŽ: 51884543 -> 51884543
DŽ: 51968729 -> 51968729
DŽ: 52498909 -> 52481880
DŽ: 51884543 -> 51884543
DŽ: 51968729 -> 51968729
DŽ: 51927048 -> 52040779
DŽ: 51884543 -> 51884543
DŽ: 51884543 -> 51884543
DŽ: 51884543 -> 51884543
DŽ: 51884543 -> 51884543
DŽ: 51884543 -> 51968729
DŽ: 51884543 -> 51884543
DŽ: 51884543 -> 51968729
DŽ: 51968729 -> 51968729
DŽ: 51884543 -> 51901843
DŽ: 51968729 -> 52445066
DŽ: 51968729 -> 51968729
DŽ: 51884543 -> 51884543
DŽ: 51884543 -> 51884543
DŽ: 51884543 -> 51884543
DŽ: 51884543 -> 51884543
DŽ: 51968729 -> 51884543
DŽ: 51968729 -> 51968729
DŽ: 51884543 -> 52360880
DŽ: 51884543 -> 51884543
DŽ: 51884543 -> 51884543
DŽ: 51884543 -> 52155646
DŽ: 51968729 -> 51968729
DŽ: 51968729 -> 51968729
DŽ: 51884543 -> 51884543
DŽ: 51884543 -> 51884543
DŽ: 51968729 -> 52040779
DŽ: 51884543 -> 51884543
DŽ: 51884543 -> 51884543
DŽ: 51884543 -> 51884543
DŽ: 51884543 -> 51968729
DŽ: 51884543 -> 51968729
DŽ: 51884543 -> 51884543
DŽ: 51884543 -> 51958698
DŽ: 51909692 -> 51884543
DŽ: 51884543 -> 51884543
DŽ: 51884543 -> 51884543
DŽ: 51884543 -> 51884543
DŽ: 51968729 -> 52042884
DŽ: 51968729 -> 52040779
DŽ: 51968729 -> 51968729
DŽ: 51968729 -> 51968729
DŽ: 51884543 -> 51956593

 start over 960569 loops 1063 unique solutions 
Approx + random 
DŽ: 56893541 -> 53396471
DŽ: 51884543 -> 51884543
DŽ: 51884543 -> 51884543
DŽ: 51884543 -> 51956593
DŽ: 51884543 -> 51884543
DŽ: 51884543 -> 51968729
DŽ: 51884543 -> 51884543
DŽ: 51884543 -> 52036338
DŽ: 51968729 -> 52040779
DŽ: 51884543 -> 51884543
DŽ: 51968729 -> 51968729
DŽ: 51884543 -> 51884543
DŽ: 51901572 -> 51968729
DŽ: 51956593 -> 51956593
DŽ: 51884543 -> 51884543
DŽ: 51901843 -> 51901843
DŽ: 51884543 -> 51952152
DŽ: 51968729 -> 51968729
DŽ: 51968729 -> 51968729
DŽ: 51956593 -> 51956593
DŽ: 51901843 -> 51901843
DŽ: 51884543 -> 51968729
DŽ: 51968729 -> 51968729
DŽ: 51884543 -> 51968729
DŽ: 51884543 -> 51884543
DŽ: 51968729 -> 52445066
DŽ: 52123458 -> 52195508
DŽ: 51901843 -> 51975998
DŽ: 52195508 -> 52195508
DŽ: 51901572 -> 51884543
DŽ: 52141521 -> 52123458
DŽ: 52360880 -> 51884543
DŽ: 51956593 -> 51956593
DŽ: 52040779 -> 52040779
DŽ: 51958698 -> 52197613
DŽ: 51968729 -> 51968729
DŽ: 51884543 -> 51956593
DŽ: 51956593 -> 51969794
DŽ: 51968729 -> 52445066

 start over 998975 loops 1109 unique solutions 
Original + vert_size 13 
DŽ: 52255209 -> 52326194
DŽ: 51968729 -> 52445066
DŽ: 51968729 -> 51968729
DŽ: 51968729 -> 51968729
DŽ: 52141521 -> 52123458
DŽ: 51884543 -> 51956593
DŽ: 51968729 -> 51968729
DŽ: 51884543 -> 51884543
DŽ: 51956593 -> 51956593
DŽ: 51968729 -> 52042884
DŽ: 51884543 -> 51884543
DŽ: 51884543 -> 51884543
DŽ: 52141521 -> 52123458
DŽ: 51884543 -> 52416681
DŽ: 51884543 -> 51884543
DŽ: 52034216 -> 51968729
DŽ: 51927048 -> 51956593
DŽ: 51884543 -> 51884543
DŽ: 52123458 -> 52123458
DŽ: 51884543 -> 51884543
DŽ: 51884543 -> 51884543
DŽ: 51884543 -> 51884543
DŽ: 51884543 -> 51884543
DŽ: 51884543 -> 51884543
DŽ: 52123458 -> 52123458
DŽ: 52123458 -> 52517116
DŽ: 51884543 -> 51884543
DŽ: 52416681 -> 52397694
DŽ: 52123458 -> 52351335
DŽ: 52123458 -> 52123458
DŽ: 51884543 -> 51884543
DŽ: 52416681 -> 52397694
DŽ: 51884543 -> 51884543
DŽ: 52141521 -> 52351335

 start over 1031548 loops 1148 unique solutions 
Approx + random 
DŽ: 56893541 -> 53096682
DŽ: 52250033 -> 52233900
DŽ: 51968729 -> 51968729
DŽ: 51884543 -> 51884543
DŽ: 51968729 -> 52445066
DŽ: 52047372 -> 52123458
DŽ: 51884543 -> 52445066
DŽ: 51884543 -> 51884543
DŽ: 52252039 -> 52478545
DŽ: 51884543 -> 51884543
DŽ: 51884543 -> 51884543
DŽ: 51884543 -> 51884543
DŽ: 51884543 -> 51884543
DŽ: 51884543 -> 51884543
DŽ: 51884543 -> 51884543
DŽ: 51884543 -> 51956593
DŽ: 51884543 -> 51884543
DŽ: 51884543 -> 51884543
DŽ: 51901843 -> 51901843
DŽ: 51884543 -> 51884543
DŽ: 51884543 -> 52123458
DŽ: 52421343 -> 52445066
DŽ: 52187240 -> 52123458
DŽ: 51884543 -> 51884543
DŽ: 51884543 -> 51884543
DŽ: 52123458 -> 52445066
DŽ: 52421343 -> 52252039
DŽ: 51884543 -> 51884543
DŽ: 52123458 -> 52195508
DŽ: 52252039 -> 52500867

 start over 1060804 loops 1172 unique solutions 
Original + vert_size 13 
DŽ: 52255209 -> 51958698
DŽ: 51958698 -> 51958698
DŽ: 51958698 -> 52432930
DŽ: 51884543 -> 51884543
DŽ: 51901843 -> 51986029
DŽ: 51884543 -> 51884543
DŽ: 52047372 -> 52326194
DŽ: 51884543 -> 51884543
DŽ: 51884543 -> 51884543
DŽ: 51999098 -> 51956593
DŽ: 51884543 -> 51884543
DŽ: 51956593 -> 51956593
DŽ: 52326194 -> 52167853
DŽ: 51884543 -> 51884543
DŽ: 51884543 -> 51884543
DŽ: 51884543 -> 51884543
DŽ: 51884543 -> 51884543
DŽ: 51884543 -> 51884543
DŽ: 51884543 -> 51884543
DŽ: 51884543 -> 51956593
DŽ: 51884543 -> 52432930
DŽ: 51884543 -> 51884543
DŽ: 51884543 -> 51884543
DŽ: 51884543 -> 51884543
DŽ: 51884543 -> 51971899
DŽ: 51884543 -> 51884543
DŽ: 51884543 -> 51968729
DŽ: 51884543 -> 51884543
DŽ: 51962738 -> 51956593
DŽ: 51915837 -> 51884543
DŽ: 52047372 -> 52047372
DŽ: 51884543 -> 51958698
DŽ: 51884543 -> 51884543
DŽ: 51884543 -> 51884543
DŽ: 51884543 -> 51952152
DŽ: 51884543 -> 51884543
DŽ: 51884543 -> 51884543
DŽ: 51915837 -> 51884543
DŽ: 51884543 -> 51956593
DŽ: 51884543 -> 51884543
DŽ: 51884543 -> 51897744
DŽ: 51884543 -> 51968729
DŽ: 51968729 -> 51968729
DŽ: 51884543 -> 51884543
DŽ: 51884543 -> 51884543
DŽ: 51884543 -> 51884543
DŽ: 51968729 -> 51968729
DŽ: 51884543 -> 51884543
DŽ: 51884543 -> 51884543
DŽ: 51884543 -> 51884543
DŽ: 51884543 -> 51884543
DŽ: 51884543 -> 51884543
DŽ: 51968729 -> 52179994
DŽ: 51884543 -> 51884543
DŽ: 51884543 -> 51884543
DŽ: 51884543 -> 51884543
DŽ: 51884543 -> 51884543
DŽ: 51884543 -> 51968729
DŽ: 51968729 -> 52445066
DŽ: 51968729 -> 51968729
DŽ: 51884543 -> 51956593
DŽ: 51884543 -> 51884543

 start over 1121974 loops 1218 unique solutions 
Approx + random 
DŽ: 56893541 -> 53119820
DŽ: 51968729 -> 51968729
DŽ: 51884543 -> 51884543
DŽ: 51884543 -> 51897744
DŽ: 51897744 -> 51968729
DŽ: 51903530 -> 51884543
DŽ: 51884543 -> 51884543
DŽ: 51884543 -> 51884543
DŽ: 51903530 -> 51968729
DŽ: 51901843 -> 52433981
DŽ: 51884543 -> 51968729
DŽ: 51884543 -> 51884543
DŽ: 51884543 -> 51958698
DŽ: 51884543 -> 51884543
DŽ: 51884543 -> 52397694
DŽ: 51884543 -> 51884543
DŽ: 51884543 -> 51884543
DŽ: 51884543 -> 52360880
DŽ: 51884543 -> 52142445
DŽ: 51958698 -> 51956593
DŽ: 51884543 -> 51884543
DŽ: 51884543 -> 51884543
DŽ: 51884543 -> 51884543
DŽ: 51884543 -> 51884543
DŽ: 51884543 -> 51884543
DŽ: 51884543 -> 51968729
DŽ: 51884543 -> 51884543
DŽ: 51884543 -> 52026307
DŽ: 51884543 -> 51968729
DŽ: 51884543 -> 51956593
DŽ: 51884543 -> 51884543
DŽ: 51884543 -> 51884543
DŽ: 51884543 -> 51884543
DŽ: 51884543 -> 52469744
DŽ: 51884543 -> 51884543
DŽ: 51884543 -> 51884543
DŽ: 51884543 -> 51884543
DŽ: 52433981 -> 52591808
DŽ: 51884543 -> 51884543
DŽ: 51901843 -> 51986029
DŽ: 51884543 -> 51956593
DŽ: 51968729 -> 51968729
DŽ: 51968729 -> 51968729

 start over 1163977 loops 1267 unique solutions 
Original + vert_size 0 
DŽ: 52255209 -> 51958698
DŽ: 51909692 -> 51884543
DŽ: 51884543 -> 51968729
DŽ: 51968729 -> 51968729
DŽ: 51968729 -> 52042884
DŽ: 51884543 -> 51968729
DŽ: 51968729 -> 51981930
DŽ: 51968729 -> 51968729
DŽ: 52042884 -> 52042884
DŽ: 51968729 -> 51968729
DŽ: 51884543 -> 51884543
DŽ: 51884543 -> 51884543
DŽ: 51884543 -> 51968729
DŽ: 51884543 -> 51884543
DŽ: 51884543 -> 51968729
DŽ: 51968729 -> 51981930
DŽ: 51884543 -> 51884543
DŽ: 51884543 -> 51884543
DŽ: 51884543 -> 51958698
DŽ: 51968729 -> 51968729
DŽ: 51884543 -> 51884543
DŽ: 51884543 -> 51884543
DŽ: 51884543 -> 51968729
DŽ: 51884543 -> 52042884
DŽ: 51884543 -> 51958698
DŽ: 51884543 -> 51884543
DŽ: 51884543 -> 51884543
DŽ: 51884543 -> 51968729
DŽ: 51968729 -> 52042884
DŽ: 51884543 -> 51884543
DŽ: 51884543 -> 51897744
DŽ: 51968729 -> 51968729
DŽ: 51884543 -> 51884543
DŽ: 51968729 -> 51968729
DŽ: 51884543 -> 51884543
DŽ: 51968729 -> 52060184
DŽ: 51884543 -> 51884543
DŽ: 51968729 -> 51968729
DŽ: 51884543 -> 51884543
DŽ: 51968729 -> 52195508

 start over 1202958 loops 1308 unique solutions 
Original + vert_size 13 
DŽ: 52255209 -> 52042884
DŽ: 51884543 -> 51884543
DŽ: 52042884 -> 52114934
DŽ: 51884543 -> 51884543
DŽ: 51968729 -> 51968729
DŽ: 51968729 -> 51968729
DŽ: 51901843 -> 51986029
DŽ: 51901843 -> 51901843
DŽ: 51968729 -> 51968729
DŽ: 51968729 -> 51968729
DŽ: 51884543 -> 51897744
DŽ: 51884543 -> 51884543
DŽ: 51968729 -> 52040779
DŽ: 51986029 -> 51986029
DŽ: 51884543 -> 51884543
DŽ: 51884543 -> 51968729
DŽ: 51968729 -> 51968729
DŽ: 51884543 -> 51884543
DŽ: 52123458 -> 52123458
DŽ: 51884543 -> 51884543
DŽ: 51884543 -> 51884543
DŽ: 51884543 -> 51884543
DŽ: 51884543 -> 52142445
DŽ: 51884543 -> 51884543
DŽ: 52142445 -> 52136659
DŽ: 51950030 -> 51958698
DŽ: 51968729 -> 51968729
DŽ: 52040779 -> 52040779
DŽ: 51968729 -> 52324089
DŽ: 52294544 -> 52500867
DŽ: 51950030 -> 51884543
DŽ: 51950030 -> 52360880
DŽ: 51884543 -> 51884543
DŽ: 51884543 -> 51884543
DŽ: 52324089 -> 52411445
DŽ: 52357480 -> 52351335

 start over 1237326 loops 1352 unique solutions 
Approx + random 
DŽ: 56893541 -> 53191771
DŽ: 51884543 -> 51884543
DŽ: 51884543 -> 51884543
DŽ: 51884543 -> 51884543
DŽ: 51968729 -> 52123458
DŽ: 51884543 -> 51884543
DŽ: 51968729 -> 51968729
DŽ: 52631407 -> 52442790
DŽ: 52631407 -> 52228114
DŽ: 51884543 -> 51884543
DŽ: 51884543 -> 51884543
DŽ: 52425490 -> 52425490
DŽ: 52214094 -> 52445066
DŽ: 51884543 -> 51968729
DŽ: 52123458 -> 52123458
DŽ: 51884543 -> 51884543
DŽ: 52141521 -> 52517116
DŽ: 51884543 -> 51884543
DŽ: 51956593 -> 52040779
DŽ: 52442790 -> 52497540
DŽ: 52166670 -> 52445066
DŽ: 51884543 -> 51958698
DŽ: 52123458 -> 52423385
DŽ: 51909692 -> 51884543
DŽ: 51884543 -> 52451192
DŽ: 51884543 -> 51884543
DŽ: 51884543 -> 51884543
DŽ: 51884543 -> 51884543
DŽ: 51968729 -> 51981930

 start over 1265245 loops 1379 unique solutions 
Approx + random 
DŽ: 56893541 -> 53254707
DŽ: 51884543 -> 51884543
DŽ: 51884543 -> 52142445
DŽ: 52425490 -> 52497540
DŽ: 52442790 -> 52368635
DŽ: 52518167 -> 52499180
DŽ: 52214094 -> 52123458
DŽ: 51884543 -> 51884543
DŽ: 51884543 -> 51884543
DŽ: 51884543 -> 51884543
DŽ: 52368635 -> 52368635
DŽ: 51884543 -> 51884543
DŽ: 52442790 -> 52442790
DŽ: 52518167 -> 52499180
DŽ: 52060573 -> 52252039
DŽ: 52368635 -> 52368635
DŽ: 51916731 -> 52397694
DŽ: 52508247 -> 52368635
DŽ: 52060573 -> 52047372
DŽ: 52432417 -> 52573335

 start over 1284932 loops 1401 unique solutions 
Approx + random 
DŽ: 56893541 -> 52566789
DŽ: 51884543 -> 51968729
DŽ: 52368635 -> 52368635
DŽ: 52609887 -> 52499180
DŽ: 52609887 -> 52499180
DŽ: 51903889 -> 51884543
DŽ: 52508247 -> 52368635
DŽ: 51884543 -> 51884543
DŽ: 52368635 -> 52368635
DŽ: 52508247 -> 52499180
DŽ: 52566789 -> 52573335
DŽ: 51884543 -> 51958698
DŽ: 51884543 -> 51884543
DŽ: 51884543 -> 51884543
DŽ: 51884543 -> 51884543
DŽ: 51884543 -> 52042884
DŽ: 51884543 -> 51884543
DŽ: 52368635 -> 52368635
DŽ: 51884543 -> 51884543
DŽ: 51884543 -> 51901843
DŽ: 51884543 -> 51956593
DŽ: 51884543 -> 51884543
DŽ: 51956593 -> 52040779
DŽ: 52040779 -> 52040779
DŽ: 51968729 -> 52179994
DŽ: 51884543 -> 52142445
DŽ: 51884543 -> 51884543
DŽ: 51884543 -> 51884543
DŽ: 51968729 -> 51968729
DŽ: 51884543 -> 52167853
DŽ: 52040779 -> 52040779
DŽ: 51968729 -> 51968729
DŽ: 51884543 -> 51968729
DŽ: 51884543 -> 51884543
DŽ: 51927048 -> 51968729
DŽ: 51884543 -> 51884543
DŽ: 51884543 -> 51884543
DŽ: 51884543 -> 52360880
DŽ: 51884543 -> 51956593
DŽ: 51884543 -> 51884543
DŽ: 51884543 -> 51884543
DŽ: 51884543 -> 51884543
DŽ: 51897744 -> 52123458
DŽ: 51884543 -> 51884543
DŽ: 51884543 -> 51968729

 start over 1328740 loops 1427 unique solutions 
Original + vert_size 13 
DŽ: 52255209 -> 52127101
DŽ: 51884543 -> 51884543
DŽ: 51968729 -> 51968729
DŽ: 52368635 -> 52368635
DŽ: 52030748 -> 52114934
DŽ: 51884543 -> 51884543
DŽ: 52499180 -> 52368635
DŽ: 52573335 -> 52573335
DŽ: 52040779 -> 52040779
DŽ: 51884543 -> 51884543
DŽ: 51884543 -> 51884543
DŽ: 51956593 -> 51969794
DŽ: 52368635 -> 52368635
DŽ: 52040779 -> 52040779
DŽ: 51968729 -> 51968729
DŽ: 51884543 -> 51884543
DŽ: 51901843 -> 51901843
DŽ: 52368635 -> 52368635
DŽ: 51884543 -> 51968729
DŽ: 51901843 -> 51901843
DŽ: 51968729 -> 51968729
DŽ: 51901843 -> 51986029
DŽ: 51901843 -> 51901843
DŽ: 51968729 -> 51968729
DŽ: 51901843 -> 52159745
DŽ: 52368364 -> 52351335
DŽ: 52573335 -> 52573335
DŽ: 51884543 -> 51884543
DŽ: 51884543 -> 51884543
DŽ: 51968729 -> 51968729
DŽ: 51884543 -> 51884543
DŽ: 51901572 -> 51884543
DŽ: 52064401 -> 52252039
DŽ: 51884543 -> 51968729
DŽ: 51884543 -> 51968729

 start over 1362834 loops 1469 unique solutions 
Original + vert_size 0 
DŽ: 52255209 -> 51958698
DŽ: 51884543 -> 51884543
DŽ: 51901572 -> 52445066
DŽ: 51884543 -> 51884543
DŽ: 51901572 -> 51884543
DŽ: 51884543 -> 51884543
DŽ: 51884543 -> 51884543
DŽ: 52401314 -> 51968729
DŽ: 51884543 -> 51884543
DŽ: 52252727 -> 52123458
DŽ: 52212389 -> 52195508
DŽ: 52165907 -> 52140758
DŽ: 52195508 -> 52195508
DŽ: 51884543 -> 51968729
DŽ: 52195508 -> 52195508
DŽ: 51884543 -> 51884543
DŽ: 52123458 -> 52123458
DŽ: 51884543 -> 51884543
DŽ: 52140758 -> 52269339
DŽ: 51884543 -> 51884543
DŽ: 51884543 -> 51884543
DŽ: 51884543 -> 51968729
DŽ: 51884543 -> 51884543
DŽ: 51884543 -> 51884543
DŽ: 51884543 -> 51884543
DŽ: 51884543 -> 51884543
DŽ: 51884543 -> 51884543
DŽ: 52064672 -> 52064672
DŽ: 51884543 -> 51884543
DŽ: 51884543 -> 52445066
DŽ: 52334392 -> 51968729
DŽ: 51897744 -> 51901843
DŽ: 52171069 -> 51968729
DŽ: 52064672 -> 52064672
DŽ: 51884543 -> 51884543
DŽ: 51884543 -> 51884543
DŽ: 52064672 -> 52064672
DŽ: 51884543 -> 51884543
DŽ: 52140758 -> 52368635
DŽ: 52064401 -> 52047372

 start over 1401844 loops 1503 unique solutions 
Approx + random 
DŽ: 56893541 -> 52053638
DŽ: 52140758 -> 52140758
DŽ: 52064672 -> 52368635
DŽ: 51884543 -> 51884543
DŽ: 52140487 -> 52123458
DŽ: 52140758 -> 52462366
DŽ: 52140758 -> 52140758
DŽ: 51884543 -> 51884543
DŽ: 51884543 -> 51884543
DŽ: 51884543 -> 51884543
DŽ: 51884543 -> 51884543
DŽ: 51884543 -> 51884543
DŽ: 52165907 -> 52140758
DŽ: 51884543 -> 51884543
DŽ: 52140758 -> 52140758
DŽ: 51884543 -> 52030748
DŽ: 51956593 -> 51956593
DŽ: 51884543 -> 51884543
DŽ: 51956593 -> 51956593
DŽ: 51884543 -> 51884543
DŽ: 51884543 -> 51884543
DŽ: 51884543 -> 51884543
DŽ: 51884543 -> 51884543
DŽ: 51884543 -> 51958698
DŽ: 51884543 -> 51968729
DŽ: 51884543 -> 52397694
DŽ: 51884543 -> 51968729
DŽ: 51884543 -> 51968729
DŽ: 51884543 -> 51884543
DŽ: 51884543 -> 51884543
DŽ: 51884543 -> 51958698
DŽ: 51968729 -> 52040779
DŽ: 51884543 -> 51884543

 start over 1433887 loops 1547 unique solutions 
Approx + random 
DŽ: 56893541 -> 53187429
DŽ: 52140487 -> 52123458
DŽ: 52123458 -> 52123458
DŽ: 51884543 -> 51884543
DŽ: 52123458 -> 52123458
DŽ: 52123458 -> 52123458
DŽ: 51884543 -> 51884543
DŽ: 52140487 -> 52123458
DŽ: 51884543 -> 51968729
DŽ: 52123458 -> 52142445
DŽ: 51884543 -> 51884543
DŽ: 52140487 -> 51968729
DŽ: 51968729 -> 51968729
DŽ: 51884543 -> 51884543
DŽ: 51884543 -> 51901843
DŽ: 52142445 -> 51968729
DŽ: 51884543 -> 51884543
DŽ: 51884543 -> 51884543
DŽ: 52123458 -> 52123458
DŽ: 51884543 -> 51884543
DŽ: 51901843 -> 51901843
DŽ: 51901843 -> 51901843
DŽ: 51956593 -> 51956593
DŽ: 51884543 -> 51884543
DŽ: 52123458 -> 52123458
DŽ: 52123458 -> 52123458
DŽ: 51956593 -> 52214495
DŽ: 51884543 -> 51884543
DŽ: 52123458 -> 51968729
DŽ: 51884543 -> 51884543
DŽ: 51884543 -> 51884543
DŽ: 51884543 -> 51884543
DŽ: 51884543 -> 51884543
DŽ: 51950030 -> 51968729
DŽ: 52142445 -> 52047372

 start over 1467839 loops 1569 unique solutions 
Original + vert_size 13 
DŽ: 52255209 -> 52228587
DŽ: 52123458 -> 52123458
DŽ: 52123458 -> 52142445
DŽ: 52123458 -> 52123458
DŽ: 52060184 -> 52060184
DŽ: 51884543 -> 51884543
DŽ: 52123458 -> 52140758
DŽ: 51884543 -> 51884543
DŽ: 52123458 -> 51968729
DŽ: 52123458 -> 52517116
DŽ: 52142445 -> 52123458
DŽ: 52060184 -> 51986029
DŽ: 52123458 -> 52123458
DŽ: 51956593 -> 52030748
DŽ: 51956593 -> 52432930
DŽ: 51901843 -> 51986029
DŽ: 52123458 -> 52123458
DŽ: 52142445 -> 52351335
DŽ: 51884543 -> 51884543
DŽ: 51986029 -> 51986029
DŽ: 51884543 -> 51884543
DŽ: 51884543 -> 51884543
DŽ: 52123458 -> 52351335
DŽ: 51884543 -> 51884543
DŽ: 52142445 -> 52123458
DŽ: 51884543 -> 51901843
DŽ: 51884543 -> 51884543
DŽ: 52142445 -> 52445066
DŽ: 51950030 -> 51884543
DŽ: 51981930 -> 51968729
DŽ: 52123458 -> 52123458
DŽ: 51884543 -> 51884543
DŽ: 52123458 -> 51968729
DŽ: 51986029 -> 51986029
DŽ: 51981930 -> 51968729
DŽ: 51884543 -> 51884543
DŽ: 51884543 -> 51884543

 start over 1503934 loops 1607 unique solutions 
Original + vert_size 13 
DŽ: 52255209 -> 52042884
DŽ: 51884543 -> 51884543
DŽ: 52123458 -> 52123458
DŽ: 51884543 -> 51956593
DŽ: 52123458 -> 52123458
DŽ: 51901843 -> 51901843
DŽ: 51901843 -> 51986029
DŽ: 51884543 -> 51897744
DŽ: 51897744 -> 52214495
DŽ: 51884543 -> 51884543
DŽ: 52123458 -> 52123458
DŽ: 51950030 -> 52397694
DŽ: 51884543 -> 51952152
DŽ: 51884543 -> 51956593
DŽ: 51901843 -> 51901843
DŽ: 51884543 -> 52040779
DŽ: 52195508 -> 52478818
DŽ: 51884543 -> 51884543
DŽ: 51952152 -> 51884543
DŽ: 51884543 -> 51884543
DŽ: 52148607 -> 52464053
DŽ: 51884543 -> 51884543
DŽ: 52123458 -> 52123458
DŽ: 52123458 -> 52123458
DŽ: 52148607 -> 52040779
DŽ: 51884543 -> 51884543
DŽ: 51901843 -> 51901843
DŽ: 51901572 -> 51968729
DŽ: 51968729 -> 52445066
DŽ: 52047372 -> 52064672
DŽ: 51884543 -> 51884543
DŽ: 51884543 -> 51884543
DŽ: 52040779 -> 52040779
DŽ: 51968729 -> 52445066
DŽ: 51884543 -> 51884543
DŽ: 52195508 -> 52269663

 start over 1538972 loops 1648 unique solutions 
Original + vert_size 0 
DŽ: 52255209 -> 51958698
DŽ: 51884543 -> 51968729
DŽ: 51956593 -> 52030748
DŽ: 51884543 -> 51884543
DŽ: 51884543 -> 51884543
DŽ: 52040779 -> 52040779
DŽ: 51884543 -> 51884543
DŽ: 51901843 -> 51901843
DŽ: 51884543 -> 51884543
DŽ: 51884543 -> 51884543
DŽ: 51884543 -> 51884543
DŽ: 51884543 -> 51884543
DŽ: 51901843 -> 51901843
DŽ: 52397694 -> 52574508
DŽ: 51884543 -> 51884543
DŽ: 51958698 -> 52030748
DŽ: 51884543 -> 51884543
DŽ: 51968729 -> 52123458
DŽ: 51884543 -> 51884543
DŽ: 51884543 -> 51884543
DŽ: 51958698 -> 52435035
DŽ: 51884543 -> 51884543
DŽ: 51901843 -> 51915044
DŽ: 51884543 -> 51884543
DŽ: 51884543 -> 52040779
DŽ: 52142445 -> 52047372
DŽ: 52123458 -> 52123458
DŽ: 51884543 -> 51884543
DŽ: 51884543 -> 51884543
DŽ: 51884543 -> 51884543
DŽ: 51901843 -> 51901843
DŽ: 51884543 -> 51884543
DŽ: 51884543 -> 51884543
DŽ: 51884543 -> 51956593
DŽ: 51884543 -> 51968729
DŽ: 51884543 -> 51884543
DŽ: 52123458 -> 52195508
DŽ: 51884543 -> 52406768
DŽ: 51884543 -> 51884543
DŽ: 52030748 -> 52030748
DŽ: 51968729 -> 51968729
DŽ: 51884543 -> 52360880

 start over 1579940 loops 1673 unique solutions 
Approx + random 
DŽ: 56893541 -> 53160027
DŽ: 51884543 -> 51884543
DŽ: 52040779 -> 52040779
DŽ: 51884543 -> 51968729
DŽ: 52040779 -> 52040779
DŽ: 51901843 -> 51901843
DŽ: 51884543 -> 51968729
DŽ: 51968729 -> 52040779
DŽ: 51956593 -> 52195508
DŽ: 51968729 -> 51968729
DŽ: 51986029 -> 51986029
DŽ: 51884543 -> 51884543
DŽ: 52154722 -> 52123458
DŽ: 51901843 -> 51901843
DŽ: 51884543 -> 51884543
DŽ: 52154722 -> 52123458
DŽ: 51968729 -> 51968729
DŽ: 51986029 -> 51986029
DŽ: 51901843 -> 51986029
DŽ: 51986029 -> 51986029
DŽ: 51884543 -> 51884543
DŽ: 51884543 -> 51884543
DŽ: 51986029 -> 51986029
DŽ: 51884543 -> 51884543
DŽ: 51986029 -> 51986029
DŽ: 52123458 -> 52123458
DŽ: 51985758 -> 52445066
DŽ: 51884543 -> 51884543
DŽ: 52123458 -> 52123458
DŽ: 51968729 -> 51968729
DŽ: 51968729 -> 51968729
DŽ: 51968729 -> 51968729
DŽ: 51884543 -> 52040779
DŽ: 51968729 -> 51968729
DŽ: 51884543 -> 51956593
DŽ: 51884543 -> 51956593
DŽ: 51884543 -> 51968729
DŽ: 51884543 -> 51884543
DŽ: 51968729 -> 51968729
DŽ: 51884543 -> 51884543
DŽ: 51884543 -> 51884543
DŽ: 51884543 -> 51884543

 start over 1620307 loops 1720 unique solutions 
Original + vert_size 0 
DŽ: 52255209 -> 51958698
DŽ: 51884543 -> 51884543
DŽ: 51958698 -> 52435035
DŽ: 51968729 -> 51968729
DŽ: 51968729 -> 51968729
DŽ: 51901843 -> 51901843
DŽ: 51968729 -> 51968729
DŽ: 51968729 -> 51968729
DŽ: 51968729 -> 51968729
DŽ: 51884543 -> 51884543
DŽ: 51884543 -> 51884543
DŽ: 51884543 -> 51884543
DŽ: 51901843 -> 51986029
DŽ: 51958698 -> 51958698
DŽ: 51968729 -> 52123185
DŽ: 51968729 -> 51968729
DŽ: 51968729 -> 52179994
DŽ: 51884543 -> 51884543
DŽ: 51968729 -> 51968729
DŽ: 51958698 -> 51884543
DŽ: 51884543 -> 51884543
DŽ: 51968729 -> 52445066
DŽ: 52337034 -> 51968729
DŽ: 51884543 -> 51884543
DŽ: 51884543 -> 51884543
DŽ: 51884543 -> 51884543
DŽ: 51884543 -> 52416681
DŽ: 51968729 -> 51968729
DŽ: 51884543 -> 51884543
DŽ: 51968729 -> 51968729
DŽ: 51968729 -> 51884543
DŽ: 51884543 -> 51958698
DŽ: 51884543 -> 51884543
DŽ: 51884543 -> 51884543

 start over 1653511 loops 1745 unique solutions 
Original + vert_size 13 
DŽ: 52255209 -> 52197613
DŽ: 51884543 -> 51884543
DŽ: 51884543 -> 52252039
DŽ: 51968729 -> 52040779
DŽ: 52197613 -> 52216600
DŽ: 51884543 -> 51884543
DŽ: 51884543 -> 51884543
DŽ: 51884543 -> 51884543
DŽ: 51968729 -> 52040779
DŽ: 51884543 -> 51884543
DŽ: 51884543 -> 51884543
DŽ: 51884543 -> 51884543
DŽ: 51884543 -> 52360880
DŽ: 51884543 -> 51884543
DŽ: 52053847 -> 51956593
DŽ: 51884543 -> 51884543
DŽ: 52010907 -> 51968729
DŽ: 51884543 -> 51884543
DŽ: 51884543 -> 51884543
DŽ: 51884543 -> 51956593
DŽ: 51956593 -> 51956593
DŽ: 51884543 -> 51884543
DŽ: 51884543 -> 51884543
DŽ: 51884543 -> 51884543
DŽ: 52142445 -> 52123458
DŽ: 51884543 -> 51884543
DŽ: 51884543 -> 51884543
DŽ: 51884543 -> 51884543
DŽ: 51884543 -> 51884543
DŽ: 51884543 -> 51968729
DŽ: 51884543 -> 51956593
DŽ: 51884543 -> 51884543
DŽ: 51884543 -> 51956593
DŽ: 51956593 -> 51956593
DŽ: 51968729 -> 51968729
DŽ: 51884543 -> 51884543
DŽ: 51884543 -> 51884543
DŽ: 51968729 -> 51968729
DŽ: 52216600 -> 52197613
DŽ: 52123458 -> 52123458
DŽ: 52166670 -> 52136659
DŽ: 51884543 -> 51901843
DŽ: 52216600 -> 52210814
DŽ: 51884543 -> 51884543
DŽ: 51884543 -> 51884543

 start over 1697390 loops 1796 unique solutions 
Approx + random 
DŽ: 56893541 -> 52566789
DŽ: 51884543 -> 51884543
DŽ: 51884543 -> 51884543
DŽ: 51884543 -> 51884543
DŽ: 51884543 -> 51884543
DŽ: 51884543 -> 51968729
DŽ: 51986029 -> 51986029
DŽ: 51968729 -> 51958698
DŽ: 51884543 -> 51884543
DŽ: 51884543 -> 51884543
DŽ: 52142445 -> 52123458
DŽ: 51884543 -> 51884543
DŽ: 51909692 -> 51968729
DŽ: 51986029 -> 51986029
DŽ: 51884543 -> 51956593
DŽ: 51909692 -> 51884543
DŽ: 51909692 -> 51884543
DŽ: 51968729 -> 51968729
DŽ: 51901572 -> 51968729
DŽ: 51901572 -> 51968729
DŽ: 51884543 -> 51884543
DŽ: 52481880 -> 52481880
DŽ: 52481880 -> 52553930
DŽ: 51968729 -> 51968729
DŽ: 52123458 -> 52123458
DŽ: 51884543 -> 51884543
DŽ: 52123458 -> 52123458
DŽ: 51884543 -> 51958698
DŽ: 51884543 -> 51884543

 start over 1725441 loops 1827 unique solutions 
Approx + random 
DŽ: 56893541 -> 52566789
DŽ: 51968729 -> 52481880
DŽ: 51985758 -> 51968729
DŽ: 51985758 -> 52445066
DŽ: 51884543 -> 51884543
DŽ: 51884543 -> 51884543
DŽ: 51884543 -> 51884543
DŽ: 51958698 -> 51958698
DŽ: 52457566 -> 52368635
DŽ: 52123458 -> 52123458
DŽ: 52457566 -> 52368635
DŽ: 52415117 -> 52528149
DŽ: 52368635 -> 52368635
DŽ: 51884543 -> 51884543
DŽ: 51884543 -> 51884543
DŽ: 52528149 -> 52351335
DŽ: 52351335 -> 52442790
DŽ: 52368635 -> 52368635

 start over 1742641 loops 1846 unique solutions 
Original + vert_size 13 
DŽ: 52255209 -> 52494597
DŽ: 52524329 -> 52499180
DŽ: 52351335 -> 52351335
DŽ: 51884543 -> 51884543
DŽ: 51884543 -> 51884543
DŽ: 51884543 -> 51884543
DŽ: 51884543 -> 51884543
DŽ: 51884543 -> 51884543
DŽ: 51903530 -> 51968729
DŽ: 51884543 -> 51884543
DŽ: 51968729 -> 51968729
DŽ: 51884543 -> 51884543
DŽ: 51968729 -> 51968729
DŽ: 52098590 -> 52042884
DŽ: 51884543 -> 51884543
DŽ: 52042884 -> 51968729
DŽ: 51909692 -> 51981930
DŽ: 51968729 -> 52306376
DŽ: 51884543 -> 51884543
DŽ: 51968729 -> 51968729
DŽ: 51884543 -> 51884543
DŽ: 51884543 -> 51884543
DŽ: 51884543 -> 51884543
DŽ: 51968729 -> 51968729
DŽ: 52432417 -> 52368635
DŽ: 51968729 -> 51968729
DŽ: 51884543 -> 51884543
DŽ: 51968729 -> 52040779
DŽ: 51884543 -> 51884543
DŽ: 51884543 -> 51884543
DŽ: 51968729 -> 51968729
DŽ: 51884543 -> 51884543
DŽ: 51884543 -> 51884543
DŽ: 52108371 -> 51968729

 start over 1775674 loops 1870 unique solutions 
Original + vert_size 0 
DŽ: 52255209 -> 51958698
DŽ: 51968729 -> 51968729
DŽ: 51968729 -> 51968729
DŽ: 51884543 -> 51884543
DŽ: 51884543 -> 51884543
DŽ: 51884543 -> 51884543
DŽ: 51968729 -> 51968729
DŽ: 51968729 -> 52445066
DŽ: 52108371 -> 52519221
DŽ: 51968729 -> 52481880
DŽ: 51968729 -> 52445066
DŽ: 51968729 -> 51968729
DŽ: 52030221 -> 52040779
DŽ: 51884543 -> 51884543
DŽ: 52030221 -> 51968729
DŽ: 51946035 -> 52432930
DŽ: 52445066 -> 52458267
DŽ: 52142445 -> 51968729
DŽ: 51884543 -> 51884543
DŽ: 51884543 -> 51884543
DŽ: 51884543 -> 52123458
DŽ: 51884543 -> 51884543
DŽ: 52188950 -> 51958698
DŽ: 51884543 -> 51884543
DŽ: 51884543 -> 51884543
DŽ: 51884543 -> 51884543
DŽ: 52123458 -> 52123458
DŽ: 51884543 -> 51884543
DŽ: 51884543 -> 51884543
DŽ: 51884543 -> 51884543
DŽ: 51884543 -> 51884543
DŽ: 51884543 -> 51884543
DŽ: 52171069 -> 51968729
DŽ: 51884543 -> 51975998
DŽ: 51884543 -> 51884543
DŽ: 51884543 -> 51884543
DŽ: 52123458 -> 52123458
DŽ: 51884543 -> 51884543
DŽ: 52040779 -> 52040779
DŽ: 52040779 -> 52040779
DŽ: 51884543 -> 51901843
DŽ: 51884543 -> 51884543
DŽ: 51884543 -> 51884543
DŽ: 51968729 -> 51968729

 start over 1818655 loops 1911 unique solutions 
Original + vert_size 0 
DŽ: 52255209 -> 51958698
DŽ: 51884543 -> 51884543
DŽ: 52481880 -> 52481880
DŽ: 51884543 -> 51884543
DŽ: 51884543 -> 51884543
DŽ: 51884543 -> 52374081
DŽ: 52040779 -> 52040779
DŽ: 51901572 -> 51968729
DŽ: 51884543 -> 51884543
DŽ: 51927048 -> 51884543
DŽ: 51884543 -> 51884543
DŽ: 51884543 -> 51884543
DŽ: 52040779 -> 52517116
DŽ: 51968729 -> 51968729
DŽ: 51884543 -> 51884543
DŽ: 51884543 -> 51884543
DŽ: 51884543 -> 52445066
DŽ: 51884543 -> 51884543
DŽ: 51884543 -> 51884543
DŽ: 51884543 -> 51884543
DŽ: 51884543 -> 51971899
DŽ: 51884543 -> 51884543
DŽ: 51901572 -> 51968729
DŽ: 52141521 -> 52197613
DŽ: 51884543 -> 51968729
DŽ: 51884543 -> 51884543
DŽ: 51968729 -> 52445066
DŽ: 51884543 -> 51884543
DŽ: 51884543 -> 51884543
DŽ: 51884543 -> 51884543
DŽ: 51884543 -> 51884543
DŽ: 51884543 -> 51884543
DŽ: 51884543 -> 51884543
DŽ: 51884543 -> 51968729
DŽ: 51884543 -> 51884543
DŽ: 51884543 -> 51884543
DŽ: 51884543 -> 51958698
DŽ: 51884543 -> 51968729
DŽ: 51884543 -> 51884543
DŽ: 51884543 -> 51884543
DŽ: 52481880 -> 52481880
DŽ: 51968729 -> 51968729
DŽ: 51884543 -> 51884543
DŽ: 51884543 -> 51884543
DŽ: 51884543 -> 51884543
DŽ: 51884543 -> 51884543
DŽ: 51884543 -> 51901843
DŽ: 51884543 -> 51884543

 start over 1865360 loops 1954 unique solutions 
Approx + random 
DŽ: 56893541 -> 53187429
DŽ: 51897744 -> 52360880
DŽ: 52123458 -> 52123458
DŽ: 51884543 -> 51897744
DŽ: 51884543 -> 51968729
DŽ: 52123458 -> 52197613
DŽ: 53113274 -> 52499180
DŽ: 51884543 -> 51884543
DŽ: 51884543 -> 51968729
DŽ: 52932912 -> 52897820
DŽ: 51884543 -> 51884543
DŽ: 51884543 -> 51884543
DŽ: 51927048 -> 51884543
DŽ: 52481880 -> 52425490
DŽ: 51884543 -> 51884543
DŽ: 51884543 -> 51884543
DŽ: 51968729 -> 51968729
DŽ: 51884543 -> 51968729
DŽ: 51968729 -> 51968729
DŽ: 51884543 -> 51884543
DŽ: 51884543 -> 51981930
DŽ: 51884543 -> 51884543
DŽ: 51897744 -> 51884543
DŽ: 51968729 -> 52036338
DŽ: 51884543 -> 51884543
DŽ: 51968729 -> 51968729
DŽ: 51884543 -> 51884543
DŽ: 51968729 -> 51981930
DŽ: 51884543 -> 51884543
DŽ: 51884543 -> 51884543
DŽ: 51884543 -> 51884543
DŽ: 51884543 -> 51884543
DŽ: 51884543 -> 51884543
DŽ: 51968729 -> 51968729
DŽ: 51884543 -> 51884543
DŽ: 51884543 -> 52167853
DŽ: 51884543 -> 51884543
DŽ: 51884543 -> 51884543
DŽ: 51884543 -> 51884543
DŽ: 51884543 -> 51884543
DŽ: 52932912 -> 52351335
DŽ: 52897820 -> 52423385

 start over 1906562 loops 1992 unique solutions 
Original + vert_size 0 
DŽ: 52255209 -> 51958698
DŽ: 51884543 -> 51884543
DŽ: 51884543 -> 51884543
DŽ: 51884543 -> 51968729
DŽ: 51884543 -> 51884543
DŽ: 51909692 -> 51884543
DŽ: 51884543 -> 51884543
DŽ: 51884543 -> 51884543
DŽ: 51884543 -> 51884543
DŽ: 51909692 -> 51884543
DŽ: 51968729 -> 52040779
DŽ: 51909692 -> 51958698
DŽ: 51884543 -> 51884543
DŽ: 52932912 -> 52123458
DŽ: 51968729 -> 51968729
DŽ: 51884543 -> 51884543
DŽ: 51909692 -> 51884543
DŽ: 51884543 -> 51897744
DŽ: 51968729 -> 51968729
DŽ: 51884543 -> 51884543
DŽ: 51968729 -> 51968729
DŽ: 51884543 -> 51968729
DŽ: 51884543 -> 51884543
DŽ: 51884543 -> 51969794
DŽ: 51884543 -> 51884543
DŽ: 51884543 -> 51884543
DŽ: 51884543 -> 51968729
DŽ: 51897744 -> 51884543
DŽ: 51884543 -> 51884543
DŽ: 51884543 -> 51884543
DŽ: 51884543 -> 52445066
DŽ: 52123458 -> 52445066
DŽ: 51884543 -> 51884543
DŽ: 51884543 -> 51884543
DŽ: 51897744 -> 52040779
DŽ: 51884543 -> 51884543
DŽ: 51884543 -> 51884543
DŽ: 51884543 -> 51884543
DŽ: 51884543 -> 51884543
DŽ: 51884543 -> 51884543
DŽ: 51968729 -> 51968729
DŽ: 51897744 -> 51884543
DŽ: 51986029 -> 51986029
DŽ: 51901572 -> 51968729

 start over 1949608 loops 2033 unique solutions 
Original + vert_size 13 
DŽ: 52255209 -> 52575022
DŽ: 51884543 -> 51884543
DŽ: 51884543 -> 51884543
DŽ: 51968729 -> 51968729
DŽ: 51897744 -> 51884543
DŽ: 51884543 -> 51968729
DŽ: 51897744 -> 51956593
DŽ: 51968729 -> 51968729
DŽ: 51884543 -> 51884543
DŽ: 51884543 -> 51884543
DŽ: 51884543 -> 51884543
DŽ: 52575022 -> 52326194
DŽ: 51884543 -> 52445066
DŽ: 51884543 -> 52142445
DŽ: 51884543 -> 51884543
DŽ: 51884543 -> 51884543
DŽ: 51909692 -> 51956593
DŽ: 52047372 -> 52047372
DŽ: 51992535 -> 51956593
DŽ: 51884543 -> 51884543
DŽ: 51884543 -> 51884543
DŽ: 51884543 -> 51968729
DŽ: 51884543 -> 51884543
DŽ: 51884543 -> 51958698
DŽ: 52047372 -> 52047372
DŽ: 52047372 -> 52047372
DŽ: 51956593 -> 51956593
DŽ: 52445066 -> 52445066
DŽ: 51956593 -> 52030748
DŽ: 51884543 -> 51884543
DŽ: 52011234 -> 52445066
DŽ: 52445066 -> 52040779
DŽ: 52047372 -> 52047372
DŽ: 52047372 -> 52047372
DŽ: 51884543 -> 51884543
DŽ: 52047372 -> 52047372
DŽ: 51884543 -> 51884543
DŽ: 51956593 -> 51956593
DŽ: 51884543 -> 51884543
DŽ: 51884543 -> 51884543

 start over 1988518 loops 2079 unique solutions 
Original + vert_size 0 
DŽ: 52255209 -> 51958698
DŽ: 52136659 -> 52351335
DŽ: 51884543 -> 51884543
DŽ: 51884543 -> 51884543
DŽ: 51909692 -> 51968729
DŽ: 51884543 -> 51884543
DŽ: 51884543 -> 52360880
DŽ: 51884543 -> 51901843
DŽ: 51884543 -> 51884543
DŽ: 51884543 -> 51884543
DŽ: 51897744 -> 51968729
DŽ: 51884543 -> 51884543
DŽ: 51968729 -> 52040779
DŽ: 51884543 -> 51884543
DŽ: 51884543 -> 51956593
DŽ: 51884543 -> 52040779
DŽ: 51884543 -> 51884543
DŽ: 51884543 -> 51884543
DŽ: 51884543 -> 51884543
DŽ: 51884543 -> 51884543
DŽ: 51884543 -> 52040779
DŽ: 51901572 -> 51968729
DŽ: 51884543 -> 52374081
DŽ: 51968729 -> 51968729
DŽ: 51884543 -> 51884543
DŽ: 51968729 -> 51968729
DŽ: 51897744 -> 51968729
DŽ: 51884543 -> 51884543
DŽ: 51884543 -> 51884543
DŽ: 51884543 -> 51884543
DŽ: 51968729 -> 51968729
DŽ: 51968729 -> 52445066
DŽ: 51884543 -> 51884543
DŽ: 51884543 -> 51884543
DŽ: 51884543 -> 51884543
DŽ: 52195508 -> 52040779
DŽ: 51884543 -> 51958698
DŽ: 51968729 -> 51968729
DŽ: 51968729 -> 51968729
DŽ: 51968729 -> 51968729
DŽ: 51968729 -> 51968729

 start over 2028108 loops 2119 unique solutions 
Approx + random 
DŽ: 56893541 -> 52411103
DŽ: 51884543 -> 51884543
DŽ: 51968729 -> 51968729
DŽ: 51884543 -> 51884543
DŽ: 51968729 -> 51968729
DŽ: 51884543 -> 51956593
DŽ: 51897744 -> 51884543
DŽ: 52040779 -> 52517116
DŽ: 51884543 -> 51884543
DŽ: 51884543 -> 51884543
DŽ: 52018503 -> 52402303
DŽ: 51884543 -> 51884543
DŽ: 52197294 -> 51986029
DŽ: 51884543 -> 51884543
DŽ: 51884543 -> 51884543
DŽ: 51986029 -> 52462366
DŽ: 51884543 -> 51884543
DŽ: 51901843 -> 51901843
DŽ: 52224308 -> 52140758
DŽ: 51968729 -> 51968729
DŽ: 51884543 -> 51884543
DŽ: 52351335 -> 52351335
DŽ: 51901843 -> 51901843
DŽ: 52207008 -> 52123458
DŽ: 51901843 -> 51901843
DŽ: 51884543 -> 51884543
DŽ: 52426648 -> 52159745
DŽ: 51884543 -> 51884543
DŽ: 52351335 -> 52351335
DŽ: 51884543 -> 51884543
DŽ: 51884543 -> 51884543
DŽ: 52140487 -> 52047372
DŽ: 51884543 -> 51884543
DŽ: 52411103 -> 52343494

 start over 2061109 loops 2147 unique solutions 
Original + vert_size 0 
DŽ: 52255209 -> 51958698
DŽ: 52351335 -> 52351335
DŽ: 51958698 -> 52360880
DŽ: 51901843 -> 51901843
DŽ: 51884543 -> 51884543
DŽ: 52113008 -> 52060184
DŽ: 52224961 -> 52195508
DŽ: 51968729 -> 51968729
DŽ: 51901843 -> 51901843
DŽ: 51986029 -> 51999230
DŽ: 51901572 -> 51901843
DŽ: 51901572 -> 51884543
DŽ: 51884543 -> 51884543
DŽ: 51884543 -> 51884543
DŽ: 51901843 -> 51901843
DŽ: 51884543 -> 51884543
DŽ: 51901843 -> 51901843
DŽ: 52224961 -> 52191067
DŽ: 52351335 -> 52351335
DŽ: 51901572 -> 51968729
DŽ: 52191067 -> 52195508
DŽ: 51901572 -> 51884543
DŽ: 51884543 -> 51884543
DŽ: 52140606 -> 52195508
DŽ: 52140606 -> 52123458
DŽ: 51999230 -> 51986029
DŽ: 51986029 -> 52060184
DŽ: 51884543 -> 51884543
DŽ: 52140606 -> 52123458
DŽ: 52140606 -> 52595758
DŽ: 52195508 -> 52195508
DŽ: 51884543 -> 51884543
DŽ: 51884543 -> 52142445
DŽ: 51986029 -> 51986029

 start over 2094599 loops 2192 unique solutions 
Original + vert_size 13 
DŽ: 52255209 -> 51958698
DŽ: 51884543 -> 51884543
DŽ: 51884543 -> 51884543
DŽ: 51958698 -> 51968729
DŽ: 51884543 -> 51884543
DŽ: 52140487 -> 52123458
DŽ: 51884543 -> 51884543
DŽ: 51884543 -> 51884543
DŽ: 51884543 -> 51884543
DŽ: 52123458 -> 52123458
DŽ: 52123458 -> 52123458
DŽ: 51884543 -> 51884543
DŽ: 51884543 -> 51884543
DŽ: 52123458 -> 52123458
DŽ: 51884543 -> 51884543
DŽ: 51884543 -> 51884543
DŽ: 51884543 -> 51884543
DŽ: 52123458 -> 52123458
DŽ: 52123458 -> 52123458
DŽ: 51884543 -> 51884543
DŽ: 52123458 -> 52136659
DŽ: 51884543 -> 51884543
DŽ: 52123458 -> 52575022

 start over 2116626 loops 2209 unique solutions 
Original + vert_size 0 
DŽ: 52255209 -> 51958698
DŽ: 52123458 -> 52136659
DŽ: 51958698 -> 52030748
DŽ: 51884543 -> 51884543
DŽ: 51958698 -> 52252039
DŽ: 51884543 -> 51884543
DŽ: 51884543 -> 51897744
DŽ: 51884543 -> 51884543
DŽ: 51884543 -> 52114934
DŽ: 51884543 -> 51884543
DŽ: 51884543 -> 51956593
DŽ: 52040779 -> 52040779
DŽ: 51884543 -> 51956593
DŽ: 51884543 -> 51884543
DŽ: 52060184 -> 52060184
DŽ: 52060184 -> 52060184
DŽ: 51981742 -> 51956593
DŽ: 51956593 -> 51956593
DŽ: 51884543 -> 51884543
DŽ: 51884543 -> 52142445
DŽ: 51901843 -> 51975998
DŽ: 51884543 -> 51884543
DŽ: 51986029 -> 52462366
DŽ: 51884543 -> 51884543
DŽ: 51884543 -> 51884543
DŽ: 51956593 -> 51956593
DŽ: 51884543 -> 51884543
DŽ: 51884543 -> 51884543
DŽ: 51987716 -> 51968729
DŽ: 51926721 -> 51958698
DŽ: 51884543 -> 51884543
DŽ: 51901843 -> 51986029
DŽ: 51884543 -> 51884543
DŽ: 51884543 -> 51884543
DŽ: 51884543 -> 51884543
DŽ: 51884543 -> 51884543
DŽ: 51926721 -> 51968729
DŽ: 51884543 -> 51968729
DŽ: 51986029 -> 51986029
DŽ: 51986029 -> 52462366
DŽ: 52140487 -> 52123458

 start over 2156916 loops 2247 unique solutions 
Approx + random 
DŽ: 56893541 -> 52262680
DŽ: 51926992 -> 51986029
DŽ: 51901843 -> 52153959
DŽ: 51884543 -> 51884543
DŽ: 52153959 -> 52140758
DŽ: 51926721 -> 51884543
DŽ: 51884543 -> 51958698
DŽ: 51884543 -> 51884543
DŽ: 51986029 -> 51986029
DŽ: 51884543 -> 51884543
DŽ: 51884543 -> 51884543
DŽ: 51884543 -> 51884543
DŽ: 51884543 -> 51884543
DŽ: 51986029 -> 51986029
DŽ: 51884543 -> 51968729
DŽ: 51958698 -> 51884543
DŽ: 51884543 -> 51884543
DŽ: 51884543 -> 51884543
DŽ: 51956593 -> 51956593
DŽ: 51884543 -> 51884543
DŽ: 51986029 -> 51986029
DŽ: 51884543 -> 51884543
DŽ: 51884543 -> 51884543
DŽ: 51884543 -> 51884543
DŽ: 51968729 -> 51968729
DŽ: 51901843 -> 51901843
DŽ: 51884543 -> 51884543
DŽ: 51956593 -> 51956593
DŽ: 51884543 -> 51884543
DŽ: 51884543 -> 51956593
DŽ: 51884543 -> 51956593
DŽ: 51956593 -> 51956593
DŽ: 51901843 -> 51901843
DŽ: 51901843 -> 51901843
DŽ: 51884543 -> 51884543
DŽ: 51884543 -> 52360880
DŽ: 51884543 -> 51884543
DŽ: 51897744 -> 51884543
DŽ: 51956593 -> 52053980
DŽ: 51985758 -> 51968729
DŽ: 51968729 -> 51968729
DŽ: 52036997 -> 52042884
DŽ: 51884543 -> 51884543
DŽ: 51884543 -> 51884543
DŽ: 51901572 -> 51884543

 start over 2200360 loops 2282 unique solutions 
Original + vert_size 13 
DŽ: 52255209 -> 52142445
DŽ: 51884543 -> 51897744
DŽ: 51956593 -> 51956593
DŽ: 52140758 -> 52159745
DŽ: 51884543 -> 51884543
DŽ: 51884543 -> 51884543
DŽ: 51897744 -> 51884543
DŽ: 51884543 -> 51884543
DŽ: 51884543 -> 51884543
DŽ: 51884543 -> 52142445
DŽ: 51884543 -> 51968729
DŽ: 51968729 -> 51968729
DŽ: 51884543 -> 51884543
DŽ: 51884543 -> 51884543
DŽ: 52142445 -> 52123458
DŽ: 52142445 -> 52123458
DŽ: 51884543 -> 51968729
DŽ: 51884543 -> 51884543
DŽ: 51884543 -> 51884543
DŽ: 51884543 -> 51884543
DŽ: 51884543 -> 51884543
DŽ: 51884543 -> 51884543
DŽ: 51884543 -> 51884543
DŽ: 51968729 -> 51968729
DŽ: 51884543 -> 51968729
DŽ: 51884543 -> 51884543
DŽ: 51884543 -> 51884543
DŽ: 52123458 -> 52123458
DŽ: 51884543 -> 51884543
DŽ: 52123458 -> 52351335
DŽ: 51884543 -> 51884543
DŽ: 51884543 -> 51884543
DŽ: 52123458 -> 52123458
DŽ: 52123458 -> 52123458
DŽ: 51884543 -> 51884543
DŽ: 51884543 -> 51968729
DŽ: 51884543 -> 51884543

 start over 2236181 loops 2316 unique solutions 
Original + vert_size 0 
DŽ: 52255209 -> 51958698
DŽ: 51884543 -> 51884543
DŽ: 52123458 -> 51968729
DŽ: 51968729 -> 51968729
DŽ: 51884543 -> 51884543
DŽ: 52142445 -> 52123458
DŽ: 51884543 -> 51884543
DŽ: 51884543 -> 51884543
DŽ: 51884543 -> 51956593
DŽ: 51884543 -> 51897744
DŽ: 51968729 -> 51968729
DŽ: 51968729 -> 51981930
DŽ: 51968729 -> 51968729
DŽ: 51956593 -> 51956593
DŽ: 51897744 -> 51884543
DŽ: 51897744 -> 51884543
DŽ: 51884543 -> 51884543
DŽ: 51884543 -> 51884543
DŽ: 51884543 -> 52360880
DŽ: 51956593 -> 51956593
DŽ: 51884543 -> 51884543
DŽ: 51958698 -> 51884543
DŽ: 51968729 -> 51968729
DŽ: 52123458 -> 52123458
DŽ: 51884543 -> 51897744
DŽ: 51884543 -> 51884543
DŽ: 52360880 -> 52360880
DŽ: 52123458 -> 52123458
DŽ: 51884543 -> 51884543
DŽ: 51884543 -> 51884543
DŽ: 51897744 -> 51956593
DŽ: 51884543 -> 51884543
DŽ: 51884543 -> 51956593
DŽ: 51884543 -> 51884543
DŽ: 51884543 -> 51884543
DŽ: 51884543 -> 51884543
DŽ: 51884543 -> 51958698
DŽ: 51884543 -> 51884543
DŽ: 51884543 -> 51884543
DŽ: 51968729 -> 52040779
DŽ: 52040779 -> 52040779
DŽ: 51901843 -> 51999230
DŽ: 51968729 -> 52040779

 start over 2278729 loops 2353 unique solutions 
Original + vert_size 0 
DŽ: 52255209 -> 51958698
DŽ: 51884543 -> 51884543
DŽ: 52142445 -> 52195508
DŽ: 51884543 -> 51884543
DŽ: 52195508 -> 52423385
DŽ: 52123458 -> 52123458
DŽ: 51884543 -> 51884543
DŽ: 52053847 -> 51968729
DŽ: 52047866 -> 51981930
DŽ: 51884543 -> 51884543
DŽ: 52047866 -> 51884543
DŽ: 51884543 -> 51884543
DŽ: 51884543 -> 51884543
DŽ: 51884543 -> 51884543
DŽ: 51884543 -> 51884543
DŽ: 51884543 -> 51884543
DŽ: 52123458 -> 52123458
DŽ: 51884543 -> 51884543
DŽ: 51884543 -> 51884543
DŽ: 51884543 -> 51968729
DŽ: 52123458 -> 51968729
DŽ: 51884543 -> 51884543
DŽ: 51897744 -> 51968729
DŽ: 51884543 -> 51884543
DŽ: 52123458 -> 52123458
DŽ: 51884543 -> 51884543
DŽ: 52123458 -> 52123458
DŽ: 52123458 -> 52123458
DŽ: 51884543 -> 51884543
DŽ: 51884543 -> 52216600

 start over 2307734 loops 2392 unique solutions 
Approx + random 
DŽ: 56893541 -> 52566789
DŽ: 51971899 -> 52042884
DŽ: 51884543 -> 51884543
DŽ: 52123458 -> 51981930
DŽ: 51884543 -> 51968729
DŽ: 51884543 -> 51884543
DŽ: 52123458 -> 52123458
DŽ: 51884543 -> 51884543
DŽ: 51884543 -> 51884543
DŽ: 52499180 -> 52499180
DŽ: 51884543 -> 51884543
DŽ: 51884543 -> 51884543
DŽ: 51884543 -> 51968729
DŽ: 52005016 -> 51986029
DŽ: 51901843 -> 51901843
DŽ: 51986029 -> 51986029
DŽ: 51884543 -> 51884543
DŽ: 52123458 -> 52047372
DŽ: 51884543 -> 51884543
DŽ: 51950030 -> 52239903
DŽ: 51884543 -> 51884543
DŽ: 52239903 -> 52239903
DŽ: 51950030 -> 52179994
DŽ: 51884543 -> 51884543
DŽ: 51901572 -> 51884543
DŽ: 51901843 -> 51901843
DŽ: 51901843 -> 51901843
DŽ: 51884543 -> 51975998
DŽ: 51884543 -> 51884543
DŽ: 51901843 -> 51986029
DŽ: 51884543 -> 51884543
DŽ: 51901843 -> 51901843
DŽ: 51884543 -> 51884543
DŽ: 51884543 -> 51884543
DŽ: 51901572 -> 51968729
DŽ: 52386698 -> 52442790
DŽ: 51986029 -> 51986029
DŽ: 51950030 -> 51884543
DŽ: 51901843 -> 51986029

 start over 2345458 loops 2429 unique solutions 
Original + vert_size 0 
DŽ: 52255209 -> 51958698
DŽ: 52368635 -> 52368635
DŽ: 52368635 -> 52368635
DŽ: 51884543 -> 51884543
DŽ: 51884543 -> 51884543
DŽ: 51901843 -> 52378180
DŽ: 51884543 -> 51884543
DŽ: 52368364 -> 52351335
DŽ: 51884543 -> 51884543
DŽ: 51884543 -> 51884543
DŽ: 51950030 -> 51884543
DŽ: 51958698 -> 51958698
DŽ: 51958698 -> 51958698
DŽ: 51884543 -> 51884543
DŽ: 51884543 -> 51884543
DŽ: 52368364 -> 52351335
DŽ: 52368364 -> 52351335
DŽ: 52351335 -> 52351335
DŽ: 51958698 -> 51971899
DŽ: 52351335 -> 52351335
DŽ: 51884543 -> 51884543
DŽ: 52351335 -> 52351335
DŽ: 51884543 -> 51884543
DŽ: 51884543 -> 51884543
DŽ: 52368364 -> 52351335
DŽ: 51884543 -> 51884543
DŽ: 51909692 -> 51968729
DŽ: 51950030 -> 51968729

 start over 2372902 loops 2447 unique solutions 
Approx + random 
DŽ: 56893541 -> 52566789
DŽ: 51884543 -> 51884543
DŽ: 51884543 -> 51884543
DŽ: 51884543 -> 51884543
DŽ: 51884543 -> 51884543
DŽ: 52351335 -> 52351335
DŽ: 51884543 -> 51884543
DŽ: 51884543 -> 51884543
DŽ: 51884543 -> 51884543
DŽ: 51884543 -> 51884543
DŽ: 51884543 -> 51884543
DŽ: 52351335 -> 52425490
DŽ: 51986029 -> 51986029
DŽ: 52351335 -> 52351335
DŽ: 52368364 -> 52351335
DŽ: 51901843 -> 52271449
DŽ: 52368364 -> 52351335
DŽ: 51884543 -> 51958698
DŽ: 51884543 -> 51884543
DŽ: 51884543 -> 51884543
DŽ: 51884543 -> 51884543
DŽ: 51884543 -> 51884543
DŽ: 51884543 -> 51884543
DŽ: 51884543 -> 52042884
DŽ: 51884543 -> 51956593
DŽ: 51986029 -> 51986029
DŽ: 51958698 -> 51958698
DŽ: 51901572 -> 51968729
DŽ: 51968729 -> 51968729
DŽ: 51884543 -> 51968729
DŽ: 52351335 -> 52351335
DŽ: 51884543 -> 51884543
DŽ: 51901843 -> 51986029
DŽ: 51968729 -> 52040779
DŽ: 51986029 -> 51986029
DŽ: 51958698 -> 51958698
DŽ: 51884543 -> 51884543
DŽ: 51884543 -> 51884543
DŽ: 51958698 -> 51968729
DŽ: 51884543 -> 51884543
DŽ: 52351335 -> 52351335

 start over 2412555 loops 2495 unique solutions 
Original + vert_size 13 
DŽ: 52255209 -> 52242008
DŽ: 51901843 -> 51901843
DŽ: 51968729 -> 51884543
DŽ: 51884543 -> 51884543
DŽ: 51968729 -> 51968729
DŽ: 51884543 -> 51884543
DŽ: 51884543 -> 51884543
DŽ: 51884543 -> 51958698
DŽ: 51901843 -> 51901843
DŽ: 51884543 -> 51884543
DŽ: 51884543 -> 51884543
DŽ: 51884543 -> 51968729
DŽ: 51968729 -> 51884543
DŽ: 51952197 -> 51958698
DŽ: 51884543 -> 51968729
DŽ: 51884543 -> 51968729
DŽ: 51884543 -> 51884543
DŽ: 51901843 -> 51901843
DŽ: 51968729 -> 51968729
DŽ: 51884543 -> 51884543
DŽ: 51958698 -> 51958698
DŽ: 51901843 -> 51986029
DŽ: 51958698 -> 51958698
DŽ: 51884543 -> 51884543
DŽ: 51884543 -> 51884543
DŽ: 51884543 -> 51884543
DŽ: 51901572 -> 52159745
DŽ: 51884543 -> 51884543
DŽ: 51956593 -> 51884543
DŽ: 51884543 -> 51968729
DŽ: 51884543 -> 51884543
DŽ: 51968729 -> 51968729
DŽ: 52081430 -> 52119422
DŽ: 51884543 -> 51884543
DŽ: 51884543 -> 51884543
DŽ: 51927048 -> 51884543
DŽ: 51884543 -> 51884543
DŽ: 51884543 -> 52142445
DŽ: 51884543 -> 51956593
DŽ: 51884543 -> 51884543
DŽ: 51884543 -> 51884543
DŽ: 51901572 -> 51968729
DŽ: 52081430 -> 52047372
DŽ: 51884543 -> 51884543

 start over 2455526 loops 2531 unique solutions 
Approx + random 
DŽ: 56893541 -> 52849986
DŽ: 52789449 -> 52343494
DŽ: 51884543 -> 51884543
DŽ: 51884543 -> 51884543
DŽ: 52343494 -> 52343494
DŽ: 51884543 -> 51884543
DŽ: 51884543 -> 52378180
DŽ: 51884543 -> 51884543
DŽ: 51884543 -> 51884543
DŽ: 51884543 -> 51884543
DŽ: 51968729 -> 52040779
DŽ: 51884543 -> 51884543
DŽ: 52269339 -> 52269339
DŽ: 51884543 -> 51884543
DŽ: 51884543 -> 51884543
DŽ: 51901572 -> 51968729
DŽ: 52269339 -> 52269339
DŽ: 51884543 -> 51884543
DŽ: 52070232 -> 51968729
DŽ: 51884543 -> 51956593
DŽ: 51927048 -> 51968729
DŽ: 51901572 -> 51968729
DŽ: 52343494 -> 52060184
DŽ: 51884543 -> 51884543
DŽ: 51993878 -> 52445066
DŽ: 51944077 -> 51968729
DŽ: 52343494 -> 52343494
DŽ: 51884543 -> 51884543
DŽ: 51884543 -> 51884543
DŽ: 51927048 -> 51958698
DŽ: 51884543 -> 51968729
DŽ: 51884543 -> 51884543
DŽ: 52040779 -> 52040779

 start over 2487925 loops 2561 unique solutions 
Original + vert_size 0 
DŽ: 52255209 -> 51958698
DŽ: 52343494 -> 52269339
DŽ: 52269339 -> 52499180
DŽ: 51884543 -> 51884543
DŽ: 51884543 -> 51884543
DŽ: 52141521 -> 52123458
DŽ: 52141521 -> 52269339
DŽ: 51884543 -> 51884543
DŽ: 52224308 -> 52140758
DŽ: 51884543 -> 51884543
DŽ: 52140487 -> 52140758
DŽ: 52123458 -> 52123458
DŽ: 52140487 -> 52047372
DŽ: 52123458 -> 52191067
DŽ: 51884543 -> 51968729
DŽ: 51884543 -> 51884543
DŽ: 51884543 -> 51884543
DŽ: 52141521 -> 52123458
DŽ: 51884543 -> 51884543
DŽ: 52123458 -> 52123458
DŽ: 51884543 -> 51968729
DŽ: 51968729 -> 51968729
DŽ: 52123458 -> 52425490
DŽ: 51950030 -> 51897744
DŽ: 51884543 -> 51884543
DŽ: 52141521 -> 52123458

 start over 2512657 loops 2594 unique solutions 
Original + vert_size 0 
DŽ: 52255209 -> 51958698
DŽ: 51968729 -> 52445066
DŽ: 52140758 -> 52214913
DŽ: 51884543 -> 52142445
DŽ: 51950030 -> 51884543
DŽ: 51884543 -> 51884543
DŽ: 52123458 -> 52123458
DŽ: 52123458 -> 52123458
DŽ: 52123458 -> 52123458
DŽ: 51884543 -> 51897744
DŽ: 52123458 -> 52047372
DŽ: 51950030 -> 51884543
DŽ: 52001484 -> 51968729
DŽ: 52141521 -> 52123458
DŽ: 51884543 -> 51884543
DŽ: 52047372 -> 52364536
DŽ: 51884543 -> 51884543
DŽ: 51884543 -> 51884543
DŽ: 52123458 -> 52140758
DŽ: 52141521 -> 52136659
DŽ: 51950030 -> 51884543
DŽ: 52141521 -> 52445066
DŽ: 51884543 -> 51884543
DŽ: 51884543 -> 51884543

 start over 2535856 loops 2624 unique solutions 
Original + vert_size 13 
DŽ: 52255209 -> 52410411
DŽ: 51884543 -> 51884543
DŽ: 52123458 -> 51968729
DŽ: 52141521 -> 52123458
DŽ: 51968729 -> 51968729
DŽ: 52410411 -> 52410411
DŽ: 52123458 -> 52195508
DŽ: 51884543 -> 51956593
DŽ: 52142445 -> 52195508
DŽ: 52123458 -> 52123458
DŽ: 51884543 -> 51884543
DŽ: 52337097 -> 52410411
DŽ: 52123458 -> 51956593
DŽ: 51884543 -> 51884543
DŽ: 51956593 -> 51956593
DŽ: 51884543 -> 51956593
DŽ: 52146676 -> 52193577
DŽ: 52242008 -> 52242008
DŽ: 51956593 -> 51956593
DŽ: 52195508 -> 52114934
DŽ: 51884543 -> 51884543
DŽ: 51884543 -> 51884543
DŽ: 51884543 -> 51884543
DŽ: 51968729 -> 52481880
DŽ: 52337097 -> 52167853
DŽ: 51884543 -> 51884543
DŽ: 51884543 -> 51884543
DŽ: 52123458 -> 52123458
DŽ: 51884543 -> 51958698

 start over 2563830 loops 2647 unique solutions 
Original + vert_size 0 
DŽ: 52255209 -> 51958698
DŽ: 52193577 -> 52193577
DŽ: 51884543 -> 51884543
DŽ: 51884543 -> 51884543
DŽ: 52233340 -> 52252039
DŽ: 52024247 -> 52432930
end_heu: 2568638 loops with 2652 unique solutions in 1799.14 s

Calling print_solution
>>> get_solution
  refine_solution: new weight 51884543 (was 51884543) in 0.000348 s
## FINAL WEIGHT 51884543
print_solution: 0.000847 s
