Version: final-94-gfffc3aa rub_all.sh: remove longest prefix
Random seed: 1552022015
Start
>>> save_orig_graph
>> Saved weight 0
Graph loaded
|V| = 1601, |E| = 3120, |R| = 40
First clearance of the input. Calling buy_zero and run_all_heuristics.
  buy_zero: 0 zero edges in 7e-06 s
  handle_small_terminal_degrees: terms 0 in 3e-06 s
  handle_small_Steiner_degrees: steiner 0, suppress 3 in 9e-06 s
  shortest_edge_between_terminals: 0 edges in 3e-06 s
  handle_small_terminal_degrees: terms 0 in 3e-06 s
  handle_small_Steiner_degrees: steiner 0, suppress 0 in 6e-06 s
  shortest_edge_between_terminals: 0 edges in 2e-06 s
Compressed graph 1601 -> 1597
  delete_edges: deleted 3 edges in 0.000181 s and 1 rounds
  handle_small_terminal_degrees: terms 0 in 3e-06 s
  handle_small_Steiner_degrees: steiner 0, suppress 6 in 1e-05 s
  shortest_edge_between_terminals: 0 edges in 2e-06 s
  handle_small_terminal_degrees: terms 0 in 2e-06 s
  handle_small_Steiner_degrees: steiner 0, suppress 0 in 5e-06 s
  shortest_edge_between_terminals: 0 edges in 2e-06 s
Compressed graph 1597 -> 1591
  delete_edges_shortest_path: deleted 6 edges in 0.011778 s
  handle_small_terminal_degrees: terms 0 in 1e-06 s
  handle_small_Steiner_degrees: steiner 0, suppress 8 in 5e-06 s
  shortest_edge_between_terminals: 0 edges in 2e-06 s
  handle_small_terminal_degrees: terms 0 in 1e-06 s
  handle_small_Steiner_degrees: steiner 0, suppress 0 in 2e-06 s
  shortest_edge_between_terminals: 0 edges in 1e-06 s
Compressed graph 1591 -> 1583
  handle_small_terminal_degrees: terms 0 in 1e-06 s
  handle_small_Steiner_degrees: steiner 0, suppress 0 in 2e-06 s
  shortest_edge_between_terminals: 0 edges in 1e-06 s
Compressed graph 1583 -> 1583
  delete_edges_shortest_path: deleted 8 edges in 0.007333 s
  handle_small_terminal_degrees: terms 0 in 1e-06 s
  handle_small_Steiner_degrees: steiner 0, suppress 10 in 6e-06 s
  shortest_edge_between_terminals: 0 edges in 1e-06 s
  handle_small_terminal_degrees: terms 0 in 1e-06 s
  handle_small_Steiner_degrees: steiner 0, suppress 0 in 2e-06 s
  shortest_edge_between_terminals: 0 edges in 1e-06 s
Compressed graph 1583 -> 1573
Compressed graph 1573 -> 1573
>>> save_orig_graph
>> Saved weight 0
### ZEL_LVL=0 PRECISE_STARS=1

Calling `contract_till_the_bitter_end`
|V| = 1573, |E| = 3076, |R| = 40
>>> get_solution
>>> get_solution
  refine_solution: new weight 47336935 (was 47367180) in 0.000382 s
  refine_solution: new weight 47336935 (was 47336935) in 0.000369 s
0,,1573,3076,40,,0,0,,47367180,47336935,0,0,0,,0,0,@@

  delete_edges: deleted 10 edges in 0.000148 s and 2 rounds
  handle_small_Steiner_degrees: steiner 0, suppress 12 in 7e-06 s
Starting round 1
Found 12 isolated vertices
Invalid ratios recomputed: 1561
Best ratio is 196385/1 (196385.0), centered at 615
Finding the best star... Star with 2 terminals centered in 657
round took: 0.047945 s
|V| = 1573, |E| = 3049, |R| = 39
>>> get_solution
>>> get_solution
  refine_solution: new weight 47263274 (was 47293519) in 0.000338 s
  refine_solution: new weight 47263274 (was 47263274) in 0.000328 s
1,,1561,3049,39,,1561,0,,47293519,47263274,196385,196385,196385,,196385,2,@@

  handle_small_Steiner_degrees: steiner 0, suppress 0 in 2e-06 s
Starting round 2
Found 15 isolated vertices
Invalid ratios recomputed: 420
Best ratio is 211511/1 (211511.0), centered at 1085
Finding the best star... Star with 2 terminals centered in 1166
round took: 0.023452 s
|V| = 1573, |E| = 3045, |R| = 38
>>> get_solution
>>> get_solution
  refine_solution: new weight 47263274 (was 47293519) in 0.000334 s
  refine_solution: new weight 47263274 (was 47263274) in 0.000328 s
2,,1558,3045,38,,420,0,,47293519,47263274,407896,407896,407896,,211511,2,@@

  handle_small_Steiner_degrees: steiner 0, suppress 0 in 2e-06 s
Starting round 3
Found 18 isolated vertices
Invalid ratios recomputed: 780
Best ratio is 282550/1 (282550.0), centered at 713
Finding the best star... Star with 2 terminals centered in 753
round took: 0.038325 s
|V| = 1573, |E| = 3042, |R| = 37
>>> get_solution
>>> get_solution
  refine_solution: new weight 47263274 (was 47293519) in 0.000338 s
  refine_solution: new weight 47263274 (was 47263274) in 0.000333 s
3,,1555,3042,37,,780,0,,47293519,47263274,690446,690446,690446,,282550,2,@@

  handle_small_Steiner_degrees: steiner 0, suppress 0 in 2e-06 s
Starting round 4
Found 20 isolated vertices
Invalid ratios recomputed: 839
Best ratio is 297529/1 (297529.0), centered at 909
Finding the best star... Star with 2 terminals centered in 911
round took: 0.041454 s
|V| = 1573, |E| = 3037, |R| = 36
>>> get_solution
>>> get_solution
  refine_solution: new weight 47263274 (was 47309282) in 0.00033 s
  refine_solution: new weight 47263274 (was 47263274) in 0.00033 s
4,,1553,3037,36,,839,0,,47309282,47263274,987975,987975,987975,,297529,2,@@

  handle_small_Steiner_degrees: steiner 0, suppress 0 in 2e-06 s
Starting round 5
Found 24 isolated vertices
Invalid ratios recomputed: 879
Best ratio is 318713/1 (318713.0), centered at 840
Finding the best star... Star with 2 terminals centered in 881
round took: 0.0445 s
|V| = 1573, |E| = 3034, |R| = 35
>>> get_solution
>>> get_solution
  refine_solution: new weight 47263274 (was 47309282) in 0.000329 s
  refine_solution: new weight 47263274 (was 47263274) in 0.000329 s
5,,1549,3034,35,,879,0,,47309282,47263274,1306688,1306688,1306688,,318713,2,@@

  handle_small_Steiner_degrees: steiner 0, suppress 0 in 2e-06 s
Starting round 6
Found 26 isolated vertices
Invalid ratios recomputed: 990
Best ratio is 846188/2 (423094.0), centered at 144
Finding the best star... Star with 3 terminals centered in 224
round took: 0.049517 s
|V| = 1573, |E| = 3026, |R| = 33
>>> get_solution
>>> get_solution
  refine_solution: new weight 47263274 (was 47309282) in 0.000331 s
  refine_solution: new weight 47263274 (was 47263274) in 0.000337 s
6,,1547,3026,33,,990,0,,47309282,47263274,2152876,2152876,2152876,,846188,3,@@

  handle_small_Steiner_degrees: steiner 0, suppress 0 in 3e-06 s
Starting round 7
Found 31 isolated vertices
Invalid ratios recomputed: 522
Best ratio is 459015/1 (459015.0), centered at 390
Finding the best star... Star with 2 terminals centered in 395
round took: 0.030171 s
|V| = 1573, |E| = 3016, |R| = 32
>>> get_solution
>>> get_solution
  refine_solution: new weight 47219673 (was 47235436) in 0.000333 s
  refine_solution: new weight 47219673 (was 47219673) in 0.00033 s
7,,1542,3016,32,,522,0,,47235436,47219673,2611891,2611891,2611891,,459015,2,@@

  handle_small_Steiner_degrees: steiner 0, suppress 0 in 2e-06 s
Starting round 8
Found 40 isolated vertices
Invalid ratios recomputed: 853
Best ratio is 513825/1 (513825.0), centered at 668
Finding the best star... Star with 2 terminals centered in 753
round took: 0.044858 s
|V| = 1573, |E| = 3007, |R| = 31
>>> get_solution
>>> get_solution
  refine_solution: new weight 47041472 (was 47057235) in 0.000332 s
  refine_solution: new weight 47041472 (was 47041472) in 0.000343 s
8,,1533,3007,31,,853,0,,47057235,47041472,3125716,3125716,3125716,,513825,2,@@

  handle_small_Steiner_degrees: steiner 0, suppress 0 in 3e-06 s
Starting round 9
Found 46 isolated vertices
Invalid ratios recomputed: 1056
Best ratio is 552485/1 (552485.0), centered at 1392
Finding the best star... Star with 2 terminals centered in 1436
round took: 0.057003 s
|V| = 1573, |E| = 3001, |R| = 30
>>> get_solution
>>> get_solution
  refine_solution: new weight 47041472 (was 47057235) in 0.000334 s
  refine_solution: new weight 47041472 (was 47041472) in 0.000344 s
9,,1527,3001,30,,1056,0,,47057235,47041472,3678201,3678201,3678201,,552485,2,@@

  handle_small_Steiner_degrees: steiner 0, suppress 0 in 2e-06 s
Starting round 10
Found 51 isolated vertices
Invalid ratios recomputed: 843
Best ratio is 1259821/2 (629910.5), centered at 1251
Finding the best star... Star with 3 terminals centered in 1296
round took: 0.055739 s
|V| = 1573, |E| = 2991, |R| = 28
>>> get_solution
>>> get_solution
  refine_solution: new weight 47041472 (was 47057235) in 0.000341 s
  refine_solution: new weight 47041472 (was 47041472) in 0.000342 s
10,,1522,2991,28,,843,0,,47057235,47041472,4938022,4938022,4938022,,1259821,3,@@

  handle_small_Steiner_degrees: steiner 0, suppress 0 in 2e-06 s
Starting round 11
Found 58 isolated vertices
Invalid ratios recomputed: 821
Best ratio is 1532885/2 (766442.5), centered at 963
Finding the best star... Star with 3 terminals centered in 1049
round took: 0.051946 s
|V| = 1573, |E| = 2979, |R| = 26
>>> get_solution
>>> get_solution
  refine_solution: new weight 47041472 (was 47057235) in 0.000334 s
  refine_solution: new weight 47041472 (was 47041472) in 0.000341 s
11,,1515,2979,26,,821,0,,47057235,47041472,6470907,6470907,6470907,,1532885,3,@@

  handle_small_Steiner_degrees: steiner 0, suppress 0 in 2e-06 s
Starting round 12
Found 67 isolated vertices
Invalid ratios recomputed: 1127
Best ratio is 848887/1 (848887.0), centered at 881
Finding the best star... Star with 2 terminals centered in 1049
round took: 0.066724 s
|V| = 1573, |E| = 2973, |R| = 25
>>> get_solution
>>> get_solution
  refine_solution: new weight 46656782 (was 46792478) in 0.000338 s
  refine_solution: new weight 46656782 (was 46656782) in 0.000347 s
12,,1506,2973,25,,1127,0,,46792478,46656782,7319794,7319794,7319794,,848887,2,@@

  handle_small_Steiner_degrees: steiner 0, suppress 0 in 2e-06 s
Starting round 13
Found 71 isolated vertices
Invalid ratios recomputed: 1268
Best ratio is 878319/1 (878319.0), centered at 342
Finding the best star... Star with 2 terminals centered in 463
round took: 0.076857 s
|V| = 1573, |E| = 2967, |R| = 24
>>> get_solution
>>> get_solution
  refine_solution: new weight 46656782 (was 46792478) in 0.000339 s
  refine_solution: new weight 46656782 (was 46656782) in 0.000347 s
13,,1502,2967,24,,1268,0,,46792478,46656782,8198113,8198113,8198113,,878319,2,@@

  handle_small_Steiner_degrees: steiner 0, suppress 0 in 2e-06 s
Starting round 14
Found 75 isolated vertices
Invalid ratios recomputed: 944
Best ratio is 894410/1 (894410.0), centered at 751
Finding the best star... Star with 2 terminals centered in 911
round took: 0.064978 s
|V| = 1573, |E| = 2957, |R| = 23
>>> get_solution
>>> get_solution
  refine_solution: new weight 46735421 (was 46751184) in 0.000336 s
  refine_solution: new weight 46735421 (was 46735421) in 0.000344 s
14,,1498,2957,23,,944,0,,46751184,46735421,9092523,9092523,9092523,,894410,2,@@

  handle_small_Steiner_degrees: steiner 0, suppress 0 in 2e-06 s
Starting round 15
Found 81 isolated vertices
Invalid ratios recomputed: 1264
Best ratio is 985522/1 (985522.0), centered at 1049
Finding the best star... Star with 2 terminals centered in 1049
round took: 0.090477 s
|V| = 1573, |E| = 2950, |R| = 22
>>> get_solution
>>> get_solution
  refine_solution: new weight 46627459 (was 46707306) in 0.000339 s
  refine_solution: new weight 46627459 (was 46627459) in 0.000345 s
15,,1492,2950,22,,1264,0,,46707306,46627459,10078045,10078045,10078045,,985522,2,@@

  handle_small_Steiner_degrees: steiner 0, suppress 0 in 2e-06 s
Starting round 16
Found 85 isolated vertices
Invalid ratios recomputed: 1287
Best ratio is 1009710/1 (1009710.0), centered at 1296
Finding the best star... Star with 2 terminals centered in 1296
round took: 0.097091 s
|V| = 1573, |E| = 2944, |R| = 21
>>> get_solution
>>> get_solution
  refine_solution: new weight 46627459 (was 46707306) in 0.000339 s
  refine_solution: new weight 46627459 (was 46627459) in 0.000344 s
16,,1488,2944,21,,1287,0,,46707306,46627459,11087755,11087755,11087755,,1009710,2,@@

  delete_edges: deleted 50 edges in 0.000395 s and 4 rounds
  handle_small_Steiner_degrees: steiner 4, suppress 35 in 1.8e-05 s
Starting round 17
Found 129 isolated vertices
Invalid ratios recomputed: 1126
Best ratio is 1023028/1 (1023028.0), centered at 48
Finding the best star... Star with 2 terminals centered in 88
round took: 0.08836 s
|V| = 1573, |E| = 2843, |R| = 20
>>> get_solution
>>> get_solution
  refine_solution: new weight 46627459 (was 46707306) in 0.00034 s
  refine_solution: new weight 46627459 (was 46627459) in 0.000354 s
17,,1444,2843,20,,1126,0,,46707306,46627459,12110783,12110783,12110783,,1023028,2,@@

  handle_small_Steiner_degrees: steiner 0, suppress 0 in 2e-06 s
Starting round 18
Found 135 isolated vertices
Invalid ratios recomputed: 1229
Best ratio is 1028908/1 (1028908.0), centered at 395
Finding the best star... Star with 2 terminals centered in 438
round took: 0.094416 s
|V| = 1573, |E| = 2837, |R| = 19
>>> get_solution
>>> get_solution
  refine_solution: new weight 46449165 (was 46529012) in 0.000342 s
  refine_solution: new weight 46449165 (was 46449165) in 0.00035 s
18,,1438,2837,19,,1229,0,,46529012,46449165,13139691,13139691,13139691,,1028908,2,@@

  handle_small_Steiner_degrees: steiner 0, suppress 0 in 2e-06 s
Starting round 19
Found 139 isolated vertices
Invalid ratios recomputed: 1299
Best ratio is 1036735/1 (1036735.0), centered at 1290
Finding the best star... Star with 2 terminals centered in 1296
round took: 0.097547 s
|V| = 1573, |E| = 2831, |R| = 18
>>> get_solution
>>> get_solution
  refine_solution: new weight 46198500 (was 46278347) in 0.000341 s
  refine_solution: new weight 46198500 (was 46198500) in 0.00034 s
19,,1434,2831,18,,1299,0,,46278347,46198500,14176426,14176426,14176426,,1036735,2,@@

  handle_small_Steiner_degrees: steiner 0, suppress 2 in 4e-06 s
Starting round 20
Found 144 isolated vertices
Invalid ratios recomputed: 1197
Best ratio is 1144817/1 (1144817.0), centered at 424
Finding the best star... Star with 2 terminals centered in 438
round took: 0.095079 s
|V| = 1573, |E| = 2816, |R| = 17
>>> get_solution
>>> get_solution
  refine_solution: new weight 45841364 (was 46278347) in 0.000344 s
  refine_solution: new weight 45841364 (was 45841364) in 0.000342 s
20,,1429,2816,17,,1197,0,,46278347,45841364,15321243,15321243,15321243,,1144817,2,@@

  handle_small_Steiner_degrees: steiner 0, suppress 0 in 2e-06 s
Starting round 21
Found 151 isolated vertices
Invalid ratios recomputed: 1328
Best ratio is 2342695/2 (1171347.5), centered at 1138
Finding the best star... Star with 3 terminals centered in 1536
round took: 0.098929 s
|V| = 1573, |E| = 2799, |R| = 15
>>> get_solution
>>> get_solution
  refine_solution: new weight 45583628 (was 46020611) in 0.000343 s
  refine_solution: new weight 45583628 (was 45583628) in 0.000348 s
21,,1422,2799,15,,1328,0,,46020611,45583628,17663938,17663938,17663938,,2342695,3,@@

  handle_small_Steiner_degrees: steiner 1, suppress 4 in 4e-06 s
Starting round 22
Found 169 isolated vertices
Invalid ratios recomputed: 1153
Best ratio is 1260105/1 (1260105.0), centered at 222
Finding the best star... Star with 2 terminals centered in 438
round took: 0.11023 s
|V| = 1573, |E| = 2783, |R| = 14
>>> get_solution
>>> get_solution
  refine_solution: new weight 45583628 (was 46020611) in 0.000345 s
  refine_solution: new weight 45583628 (was 45583628) in 0.000342 s
22,,1404,2783,14,,1153,0,,46020611,45583628,18924043,18924043,18924043,,1260105,2,@@

  handle_small_Steiner_degrees: steiner 0, suppress 0 in 2e-06 s
Starting round 23
Found 174 isolated vertices
Invalid ratios recomputed: 1219
Best ratio is 1284003/1 (1284003.0), centered at 88
Finding the best star... Star with 2 terminals centered in 287
round took: 0.11104 s
|V| = 1573, |E| = 2773, |R| = 13
>>> get_solution
>>> get_solution
  refine_solution: new weight 45583628 (was 46020611) in 0.00035 s
  refine_solution: new weight 45583628 (was 45583628) in 0.000343 s
23,,1399,2773,13,,1219,0,,46020611,45583628,20208046,20208046,20208046,,1284003,2,@@

  handle_small_Steiner_degrees: steiner 0, suppress 0 in 2e-06 s
Starting round 24
Found 182 isolated vertices
Invalid ratios recomputed: 1115
Best ratio is 1363183/1 (1363183.0), centered at 1049
Finding the best star... Star with 2 terminals centered in 1536
round took: 0.103228 s
|V| = 1573, |E| = 2760, |R| = 12
>>> get_solution
>>> get_solution
  refine_solution: new weight 45583628 (was 46020611) in 0.000344 s
  refine_solution: new weight 45583628 (was 45583628) in 0.000355 s
24,,1391,2760,12,,1115,0,,46020611,45583628,21571229,21571229,21571229,,1363183,2,@@

  handle_small_Steiner_degrees: steiner 0, suppress 0 in 2e-06 s
Starting round 25
Found 191 isolated vertices
Invalid ratios recomputed: 1246
Best ratio is 1396438/1 (1396438.0), centered at 2
Finding the best star... Star with 2 terminals centered in 438
round took: 0.136809 s
|V| = 1573, |E| = 2751, |R| = 11
>>> get_solution
>>> get_solution
  refine_solution: new weight 45583628 (was 46020611) in 0.000343 s
  refine_solution: new weight 45583628 (was 45583628) in 0.000353 s
25,,1382,2751,11,,1246,0,,46020611,45583628,22967667,22967667,22967667,,1396438,2,@@

  handle_small_Steiner_degrees: steiner 0, suppress 0 in 2e-06 s
Starting round 26
Found 196 isolated vertices
Invalid ratios recomputed: 1362
Best ratio is 1408457/1 (1408457.0), centered at 287
Finding the best star... Star with 2 terminals centered in 528
round took: 0.141155 s
|V| = 1573, |E| = 2741, |R| = 10
>>> get_solution
>>> get_solution
  refine_solution: new weight 45106405 (was 45729862) in 0.000347 s
  refine_solution: new weight 45106405 (was 45106405) in 0.000355 s
26,,1377,2741,10,,1362,0,,45729862,45106405,24376124,24376124,24376124,,1408457,2,@@

  handle_small_Steiner_degrees: steiner 0, suppress 0 in 2e-06 s
Starting round 27
Found 203 isolated vertices
Invalid ratios recomputed: 1310
Best ratio is 1533198/1 (1533198.0), centered at 197
Finding the best star... Star with 2 terminals centered in 438
round took: 0.142062 s
|V| = 1573, |E| = 2733, |R| = 9
>>> get_solution
>>> get_solution
  refine_solution: new weight 45106405 (was 45729862) in 0.000346 s
  refine_solution: new weight 45106405 (was 45106405) in 0.000352 s
27,,1370,2733,9,,1310,0,,45729862,45106405,25909322,25909322,25909322,,1533198,2,@@

  handle_small_Steiner_degrees: steiner 0, suppress 1 in 4e-06 s
Starting round 28
Found 210 isolated vertices
Invalid ratios recomputed: 1348
Best ratio is 1669459/1 (1669459.0), centered at 46
Finding the best star... Star with 2 terminals centered in 528
round took: 0.155018 s
|V| = 1573, |E| = 2724, |R| = 8
>>> get_solution
>>> get_solution
  refine_solution: new weight 45106405 (was 45729862) in 0.000347 s
  refine_solution: new weight 45106405 (was 45106405) in 0.000353 s
28,,1363,2724,8,,1348,0,,45729862,45106405,27578781,27578781,27578781,,1669459,2,@@

  handle_small_Steiner_degrees: steiner 0, suppress 0 in 2e-06 s
Starting round 29
Found 216 isolated vertices
Invalid ratios recomputed: 1357
Best ratio is 1726290/1 (1726290.0), centered at 832
Finding the best star... Star with 2 terminals centered in 1536
round took: 0.177625 s
|V| = 1573, |E| = 2713, |R| = 7
>>> get_solution
>>> get_solution
  refine_solution: new weight 45106405 (was 45729862) in 0.000346 s
  refine_solution: new weight 45106405 (was 45106405) in 0.000355 s
29,,1357,2713,7,,1357,0,,45729862,45106405,29305071,29305071,29305071,,1726290,2,@@

  handle_small_Steiner_degrees: steiner 0, suppress 1 in 5e-06 s
Starting round 30
Found 226 isolated vertices
Invalid ratios recomputed: 1344
Best ratio is 1956878/1 (1956878.0), centered at 912
Finding the best star... Star with 2 terminals centered in 1436
round took: 0.190402 s
|V| = 1573, |E| = 2695, |R| = 6
>>> get_solution
>>> get_solution
  refine_solution: new weight 45106405 (was 45729862) in 0.000349 s
  refine_solution: new weight 45106405 (was 45106405) in 0.000353 s
30,,1347,2695,6,,1344,0,,45729862,45106405,31261949,31261949,31261949,,1956878,2,@@

  handle_small_Steiner_degrees: steiner 0, suppress 1 in 3e-06 s
Starting round 31
Found 240 isolated vertices
Invalid ratios recomputed: 1330
Best ratio is 2007056/1 (2007056.0), centered at 328
Finding the best star... Star with 2 terminals centered in 334
round took: 0.189608 s
|V| = 1573, |E| = 2684, |R| = 5
>>> get_solution
>>> get_solution
  refine_solution: new weight 45106405 (was 45729862) in 0.000348 s
  refine_solution: new weight 45106405 (was 45106405) in 0.000353 s
31,,1333,2684,5,,1330,0,,45729862,45106405,33269005,33269005,33269005,,2007056,2,@@

  handle_small_Steiner_degrees: steiner 0, suppress 1 in 4e-06 s
Starting round 32
Found 248 isolated vertices
Invalid ratios recomputed: 1325
Best ratio is 2235668/1 (2235668.0), centered at 334
Finding the best star... Star with 2 terminals centered in 1436
round took: 0.19871 s
|V| = 1573, |E| = 2676, |R| = 4
>>> get_solution
>>> get_solution
  refine_solution: new weight 45106405 (was 45729862) in 0.000357 s
  refine_solution: new weight 45106405 (was 45106405) in 0.000357 s
32,,1325,2676,4,,1325,0,,45729862,45106405,35504673,35504673,35504673,,2235668,2,@@

  handle_small_Steiner_degrees: steiner 0, suppress 1 in 4e-06 s
Starting round 33
Found 253 isolated vertices
Invalid ratios recomputed: 1320
Best ratio is 2676022/1 (2676022.0), centered at 781
Finding the best star... Star with 2 terminals centered in 1436
round took: 0.207044 s
|V| = 1573, |E| = 2663, |R| = 3
>>> get_solution
>>> get_solution
  refine_solution: new weight 45106405 (was 45729862) in 0.000348 s
  refine_solution: new weight 45106405 (was 45106405) in 0.000354 s
33,,1320,2663,3,,1320,0,,45729862,45106405,38180695,38180695,38180695,,2676022,2,@@

  handle_small_Steiner_degrees: steiner 0, suppress 1 in 4e-06 s
Starting round 34
Found 263 isolated vertices
Invalid ratios recomputed: 1310
Best ratio is 2812042/1 (2812042.0), centered at 657
Finding the best star... Star with 2 terminals centered in 1436
round took: 0.193015 s
|V| = 1573, |E| = 2644, |R| = 2
>>> get_solution
>>> get_solution
  refine_solution: new weight 45106405 (was 45729862) in 0.000348 s
  refine_solution: new weight 45106405 (was 45106405) in 0.000354 s
34,,1310,2644,2,,1310,0,,45729862,45106405,40992737,40992737,40992737,,2812042,2,@@

  handle_small_Steiner_degrees: steiner 0, suppress 1 in 4e-06 s
Starting round 35
Found 277 isolated vertices
Invalid ratios recomputed: 1296
Best ratio is 4737125/1 (4737125.0), centered at 780
Finding the best star... Star with 2 terminals centered in 1537
round took: 0.177937 s
|V| = 1573, |E| = 2621, |R| = 1
>>> get_solution
>>> get_solution
  refine_solution: new weight 45106405 (was 45729862) in 0.000349 s
  refine_solution: new weight 45106405 (was 45106405) in 0.000343 s
35,,1296,2621,1,,1296,0,,45729862,45106405,45729862,45729862,45729862,,4737125,2,@@

  handle_small_Steiner_degrees: steiner 0, suppress 1 in 3e-06 s
contract_till_the_bitter_end: 3.64464 s

Calling end_heu
>>> get_solution
Saved weight 0
DŽ: 45729862 -> 44565602
  BEST solution improved 45729862 -> 44565602 (vert_size 0, round 1) *
  BEST solution improved 44565602 -> 44213419 (vert_size 4, round 73) *
  BEST solution improved 44213419 -> 44139758 (vert_size 7, round 395) *
DŽ: 44139758 -> 44139758
DŽ: 44213419 -> 45248557
  BEST solution improved 44167939 -> 44104237 (vert_size 1, round 2602) *
  BEST solution improved 44104237 -> 44055830 (vert_size 4, round 2702)
DŽ: 44055830 -> 43896485
  BEST solution improved 44055830 -> 43896485 (vert_size 0, round 3001) *
  BEST solution improved 43896485 -> 43861662 (vert_size 2, round 3901) *
DŽ: 43861662 -> 43843377
  BEST solution improved 43861662 -> 43843377 (vert_size 0, round 4001) *
DŽ: 43843377 -> 43843377
DŽ: 43843377 -> 43843377
DŽ: 43843377 -> 43843377
DŽ: 43843377 -> 43973262
DŽ: 43935742 -> 43929758
DŽ: 43843377 -> 43843377
DŽ: 43935742 -> 44572387
DŽ: 43843377 -> 43843377
DŽ: 43843377 -> 43843377
DŽ: 43843377 -> 43843377
DŽ: 43929758 -> 44944078
DŽ: 43843377 -> 43843377
DŽ: 44275387 -> 45214674
DŽ: 44309270 -> 44260022
DŽ: 44275387 -> 44260022
DŽ: 43929758 -> 43929758
DŽ: 45214674 -> 45248557
DŽ: 44158043 -> 44226139
DŽ: 43867646 -> 44505514
DŽ: 43843377 -> 43843377
DŽ: 44139758 -> 44260022
DŽ: 44306777 -> 44578322
DŽ: 43843377 -> 43843377
DŽ: 44618419 -> 44649725
DŽ: 44232684 -> 44173641
DŽ: 43843377 -> 43843377
DŽ: 44111224 -> 43929758
DŽ: 43843377 -> 43843377
DŽ: 43843377 -> 43843377
DŽ: 43849361 -> 44081224
DŽ: 43843377 -> 43843377
DŽ: 43843377 -> 43843377
DŽ: 43843377 -> 43843377
DŽ: 43963465 -> 43843377
DŽ: 43843377 -> 43843377
DŽ: 44265957 -> 44139758
DŽ: 43929758 -> 44281941
DŽ: 43843377 -> 43843377
DŽ: 43843377 -> 43843377
DŽ: 43843377 -> 43843377
DŽ: 44127210 -> 43843377
DŽ: 43843377 -> 43843377

 start over 46375 loops 166 unique solutions 
Original + vert_size 0 
DŽ: 45729862 -> 44565602
DŽ: 43843377 -> 43843377
DŽ: 43867646 -> 44195560
DŽ: 43843377 -> 43843377
DŽ: 43843377 -> 44281941
DŽ: 43929758 -> 44918293
DŽ: 44188165 -> 44491941
DŽ: 43843377 -> 43929758
DŽ: 43843377 -> 43843377
DŽ: 43843377 -> 43843377
DŽ: 43843377 -> 43843377
DŽ: 43843377 -> 43843377
DŽ: 43979006 -> 44281941
DŽ: 43843377 -> 43843377
DŽ: 43843377 -> 43843377
DŽ: 44565602 -> 44578322
DŽ: 43843377 -> 43843377
DŽ: 43843377 -> 43843377
DŽ: 43843377 -> 43843377
DŽ: 43843377 -> 44319461
DŽ: 44197861 -> 44139758
DŽ: 43843377 -> 43843377
DŽ: 43843377 -> 44195560
DŽ: 43843377 -> 43843377
DŽ: 43843377 -> 44303526
DŽ: 43843377 -> 43843377
DŽ: 43843377 -> 44195560
DŽ: 43843377 -> 43843377
DŽ: 43935742 -> 44558622
DŽ: 43843377 -> 43843377
DŽ: 44395505 -> 44357985
DŽ: 44139758 -> 44173641
DŽ: 43843377 -> 43843377
DŽ: 44139758 -> 44525824
DŽ: 44207004 -> 44355602
DŽ: 43843377 -> 43843377
DŽ: 44123352 -> 43929758
DŽ: 43843377 -> 44754301
DŽ: 43929758 -> 44319461
DŽ: 43843377 -> 43843377
DŽ: 44139758 -> 44408226
DŽ: 44197861 -> 44139758

 start over 87797 loops 203 unique solutions 
Original + vert_size 13 
DŽ: 45729862 -> 44318507
DŽ: 43901480 -> 43929758
DŽ: 43843377 -> 43843377
DŽ: 43849361 -> 43929758
DŽ: 43843377 -> 43843377
DŽ: 43843377 -> 43843377
DŽ: 43843377 -> 43843377
DŽ: 44357985 -> 44981598
DŽ: 43979006 -> 44591895
DŽ: 43843377 -> 44195560
DŽ: 43843377 -> 43843377
DŽ: 43929758 -> 44389903
DŽ: 43884197 -> 44281941
DŽ: 43843377 -> 43843377
DŽ: 44318507 -> 44278217
DŽ: 44231786 -> 44505514
DŽ: 43843377 -> 43843377
DŽ: 43843377 -> 43843377
DŽ: 43843377 -> 43843377
DŽ: 44003419 -> 44281941
DŽ: 43843377 -> 43843377
DŽ: 44127210 -> 44173641
DŽ: 43886431 -> 43929758
DŽ: 44016573 -> 43843377
DŽ: 43843377 -> 43843377
DŽ: 43843377 -> 43843377
DŽ: 43929758 -> 44377187
DŽ: 44293341 -> 44248668
DŽ: 43843377 -> 43843377
DŽ: 43929758 -> 43973262
DŽ: 44142135 -> 44300792
DŽ: 43929758 -> 43929758
DŽ: 43843377 -> 43843377
DŽ: 44016573 -> 43843377
DŽ: 43843377 -> 43843377
DŽ: 43884197 -> 43843377
DŽ: 43843377 -> 44195560
DŽ: 44167703 -> 43843377
DŽ: 43843377 -> 44525824
DŽ: 43843377 -> 43843377
DŽ: 43929758 -> 43929758
DŽ: 43843377 -> 43843377
DŽ: 43843377 -> 43843377

 start over 129269 loops 245 unique solutions 
Approx + random 
DŽ: 47367180 -> 44920904
DŽ: 43843377 -> 43843377
DŽ: 44016573 -> 43973262
DŽ: 43843377 -> 43843377
DŽ: 43843377 -> 44319461
DŽ: 44602446 -> 44367984
DŽ: 43843377 -> 43843377
DŽ: 44022557 -> 44195560
DŽ: 44022557 -> 44173641
DŽ: 43889179 -> 43973262
DŽ: 43843377 -> 43843377
DŽ: 44494532 -> 44281603
DŽ: 43843377 -> 43843377
DŽ: 43843377 -> 44173641
DŽ: 44139758 -> 44491941
DŽ: 43843377 -> 44173641
DŽ: 43963465 -> 44226749
DŽ: 43917038 -> 43843377
DŽ: 43843377 -> 43843377
DŽ: 43935742 -> 44319461
DŽ: 44166981 -> 44185800
DŽ: 43843377 -> 43843377
DŽ: 43843377 -> 43843377
DŽ: 43843377 -> 43843377
DŽ: 43843377 -> 43843377
DŽ: 43935742 -> 43973262
DŽ: 44266959 -> 44226139
DŽ: 44226139 -> 44226139
DŽ: 44185800 -> 44389903
DŽ: 43935742 -> 44281941
DŽ: 44158043 -> 44491941
DŽ: 43883195 -> 44195560
DŽ: 43935742 -> 43929758
DŽ: 43843377 -> 43843377
DŽ: 43843377 -> 43843377
DŽ: 43935742 -> 43929758
DŽ: 43843377 -> 43843377
DŽ: 43843377 -> 44300136

 start over 166947 loops 289 unique solutions 
Original + vert_size 13 
DŽ: 45729862 -> 44716990
DŽ: 43843377 -> 43843377
DŽ: 43935742 -> 43929758
DŽ: 44173641 -> 44278217
DŽ: 44173641 -> 44303526
DŽ: 44303526 -> 44959679
DŽ: 43883195 -> 43843377
DŽ: 43935742 -> 43967278
DŽ: 43843377 -> 43843377
DŽ: 44357179 -> 43843377
DŽ: 43843377 -> 43843377
DŽ: 43843377 -> 43843377
DŽ: 43843377 -> 43843377
DŽ: 43843377 -> 43843377
DŽ: 44373273 -> 43929758
DŽ: 43843377 -> 43967278
DŽ: 44716990 -> 44173641
DŽ: 44922159 -> 45073625
DŽ: 43883195 -> 43843377
DŽ: 43843377 -> 43843377
DŽ: 44338668 -> 43896485
DŽ: 43861662 -> 43917038
DŽ: 43843377 -> 43843377
DŽ: 43843377 -> 43843377
DŽ: 44173641 -> 44525824
DŽ: 44357179 -> 43843377
DŽ: 43967278 -> 43896485
DŽ: 43843377 -> 43843377
DŽ: 44605274 -> 44487870
DŽ: 44487870 -> 44763276
DŽ: 43843377 -> 44195560
DŽ: 43843377 -> 44173641
DŽ: 44049691 -> 44281941
DŽ: 43843377 -> 43843377
DŽ: 43883195 -> 43843377
DŽ: 43929758 -> 44281941
DŽ: 43843377 -> 43843377
DŽ: 43843377 -> 43843377
DŽ: 43849361 -> 44077838
DŽ: 43843377 -> 43843377
DŽ: 43843377 -> 44195560
DŽ: 43929758 -> 43896485
DŽ: 43843377 -> 43843377
DŽ: 43843377 -> 43843377
DŽ: 43843377 -> 44125133
DŽ: 43843377 -> 43843377
DŽ: 43849361 -> 43843377

 start over 212385 loops 327 unique solutions 
Original + vert_size 0 
DŽ: 45729862 -> 44565602
DŽ: 43843377 -> 44195560
DŽ: 43929758 -> 43896485
DŽ: 44296389 -> 44173641
DŽ: 44083398 -> 43896485
DŽ: 43843377 -> 44319461
DŽ: 43843377 -> 44195560
DŽ: 43843377 -> 44281603
DŽ: 43861662 -> 43843377
DŽ: 43843377 -> 44173641
DŽ: 44133194 -> 44525824
DŽ: 43843377 -> 43843377
DŽ: 44009442 -> 43951339
DŽ: 44440800 -> 44303526
DŽ: 44173641 -> 44525824
DŽ: 43896485 -> 44505514
DŽ: 43950567 -> 44293574
DŽ: 44296389 -> 44649725
DŽ: 43951339 -> 44303522
DŽ: 44009442 -> 44430291
DŽ: 44068041 -> 44303522
DŽ: 44325512 -> 44408102
DŽ: 44009442 -> 44303522
DŽ: 44009442 -> 44004447
DŽ: 44303522 -> 44633786
DŽ: 43843377 -> 43843377
DŽ: 43891784 -> 44195560
DŽ: 44195560 -> 44195560
DŽ: 43843377 -> 43843377
DŽ: 44094042 -> 44195560
DŽ: 43843377 -> 43843377
DŽ: 43843377 -> 43843377
DŽ: 43935742 -> 44226749
DŽ: 43843377 -> 43843377
DŽ: 43843377 -> 43947953
DŽ: 43843377 -> 43843377
DŽ: 43843377 -> 43843377
DŽ: 43843377 -> 43843377
DŽ: 44011726 -> 44303526
DŽ: 43861662 -> 43939538
DŽ: 44045617 -> 43973262
DŽ: 44195560 -> 44195560

 start over 253206 loops 373 unique solutions 
Approx + random 
DŽ: 47367180 -> 45988502
DŽ: 44735970 -> 44247302
DŽ: 44247302 -> 44173641
DŽ: 43947337 -> 44303526
DŽ: 43843377 -> 43843377
DŽ: 43843377 -> 43843377
DŽ: 43843377 -> 44525824
DŽ: 44424306 -> 44173641
DŽ: 43843377 -> 43843377
DŽ: 44247302 -> 44173641
DŽ: 44244190 -> 44297542
DŽ: 44886166 -> 44374489
DŽ: 43843377 -> 43843377
DŽ: 44374489 -> 44247720
DŽ: 44303526 -> 43896485
DŽ: 44294627 -> 44226749
DŽ: 44127210 -> 43843377
DŽ: 44173641 -> 44173641
DŽ: 44173641 -> 44173641
DŽ: 44139758 -> 44173641
DŽ: 43861662 -> 43973262
DŽ: 43843377 -> 43843377
DŽ: 44177278 -> 44491941
DŽ: 44139758 -> 44491941
DŽ: 43843377 -> 43843377
DŽ: 44226139 -> 44260022
DŽ: 43843377 -> 44173641
DŽ: 43843377 -> 43843377
DŽ: 44260022 -> 44612205
DŽ: 43843377 -> 44313065
DŽ: 44313065 -> 44025000
DŽ: 43843377 -> 43843377
DŽ: 43843377 -> 43843377
DŽ: 43929758 -> 44260022
DŽ: 43843377 -> 43843377
DŽ: 44139758 -> 44260022
DŽ: 43843377 -> 43843377
DŽ: 43843377 -> 43843377
DŽ: 44139758 -> 44525824

 start over 291411 loops 412 unique solutions 
Original + vert_size 0 
DŽ: 45729862 -> 44565602
DŽ: 43843377 -> 43843377
DŽ: 43843377 -> 43843377
DŽ: 44145742 -> 44139758
DŽ: 43843377 -> 43843377
DŽ: 43843377 -> 43843377
DŽ: 43843377 -> 43843377
DŽ: 43843377 -> 43843377
DŽ: 43843377 -> 43843377
DŽ: 43843377 -> 43843377
DŽ: 43843377 -> 43843377
DŽ: 43843377 -> 43843377
DŽ: 43843377 -> 44525824
DŽ: 43843377 -> 44303526
DŽ: 43843377 -> 43843377
DŽ: 44179625 -> 44173641
DŽ: 44260022 -> 44612205
DŽ: 44213419 -> 44491941
DŽ: 44145742 -> 44525824
DŽ: 43843377 -> 44319461
DŽ: 43843377 -> 43843377
DŽ: 44451721 -> 44857697
DŽ: 43843377 -> 43843377
DŽ: 43861662 -> 43843377
DŽ: 43843377 -> 43843377
DŽ: 43843377 -> 43843377
DŽ: 44244334 -> 44491941
DŽ: 43843377 -> 43843377
DŽ: 43843377 -> 43843377
DŽ: 43843377 -> 43843377
DŽ: 44308178 -> 44633786
DŽ: 43843377 -> 43973262
DŽ: 43861662 -> 43896485
DŽ: 43843377 -> 43843377
DŽ: 43861662 -> 44195560
DŽ: 44231744 -> 44173641
DŽ: 43843377 -> 44635399
DŽ: 43861662 -> 43843377
DŽ: 43896485 -> 43843377

 start over 329609 loops 438 unique solutions 
Original + vert_size 0 
DŽ: 45729862 -> 44565602
DŽ: 43843377 -> 43843377
DŽ: 44213419 -> 44139758
DŽ: 43843377 -> 44173641
DŽ: 44244334 -> 44612205
DŽ: 43843377 -> 44195560
DŽ: 43843377 -> 43843377
DŽ: 43960149 -> 43843377
DŽ: 43843377 -> 43843377
DŽ: 44487917 -> 44720167
DŽ: 44226139 -> 44578322
DŽ: 43843377 -> 43843377
DŽ: 43843377 -> 43843377
DŽ: 43843377 -> 43843377
DŽ: 43843377 -> 43843377
DŽ: 43843377 -> 43843377
DŽ: 44065950 -> 44281941
DŽ: 44235077 -> 44612205
DŽ: 43992866 -> 44173641
DŽ: 43843377 -> 43843377
DŽ: 44232123 -> 44260022
DŽ: 44255635 -> 43929758
DŽ: 43843377 -> 43843377
DŽ: 44287517 -> 44226139
DŽ: 43843377 -> 43843377
DŽ: 44287517 -> 44260022
DŽ: 44287517 -> 44269643
DŽ: 43849361 -> 44319461
DŽ: 43843377 -> 43843377
DŽ: 43843377 -> 43843377
DŽ: 44232123 -> 44578322
DŽ: 43929758 -> 43929758
DŽ: 43849361 -> 44195560
DŽ: 44139758 -> 44173641
DŽ: 43843377 -> 43843377
DŽ: 43843377 -> 43843377

 start over 364950 loops 480 unique solutions 
Approx + random 
DŽ: 47367180 -> 44973620
DŽ: 44200241 -> 43929758
DŽ: 44272943 -> 44226139
DŽ: 43843377 -> 43843377
DŽ: 43843377 -> 45248557
DŽ: 43849361 -> 43843377
DŽ: 43843377 -> 44195560
DŽ: 43843377 -> 43843377
DŽ: 44299800 -> 44578322
DŽ: 43929758 -> 44111381
DŽ: 43843377 -> 43843377
DŽ: 44200241 -> 44572387
DŽ: 43843377 -> 43843377
DŽ: 44973620 -> 44334711
DŽ: 43843377 -> 43843377
DŽ: 44404433 -> 44173641
DŽ: 43929758 -> 44281941
DŽ: 44194257 -> 43929758
DŽ: 43843377 -> 43843377
DŽ: 44296448 -> 44525824
DŽ: 44185560 -> 44139758
DŽ: 43843377 -> 43843377
DŽ: 43843377 -> 43843377
DŽ: 43843377 -> 43843377
DŽ: 43896485 -> 44525824
DŽ: 43843377 -> 43973262
DŽ: 44107876 -> 44857697
DŽ: 43963465 -> 44173641
DŽ: 43917038 -> 44195560
DŽ: 43843377 -> 43843377
DŽ: 44185560 -> 44578322
DŽ: 44578322 -> 44720167
DŽ: 44173641 -> 44173641
DŽ: 43843377 -> 43843377
DŽ: 44194257 -> 44612205
DŽ: 43843377 -> 43843377
DŽ: 44334101 -> 43929758
DŽ: 43843377 -> 43843377
DŽ: 43861662 -> 43843377
DŽ: 43929758 -> 43929758
DŽ: 44615397 -> 44367984

 start over 404843 loops 521 unique solutions 
Approx + random 
DŽ: 47367180 -> 45862905
DŽ: 45319141 -> 44350718
DŽ: 44185560 -> 43843377
DŽ: 43843377 -> 43843377
DŽ: 43843377 -> 43843377
DŽ: 43843377 -> 43843377
DŽ: 43843377 -> 43896485
DŽ: 43843377 -> 44195560
DŽ: 43843377 -> 43843377
DŽ: 44954729 -> 44933252
DŽ: 43963310 -> 44319461
DŽ: 43843377 -> 43843377
DŽ: 43978416 -> 43973262
DŽ: 43867646 -> 44173641
DŽ: 43929758 -> 43929758
DŽ: 43843377 -> 44195560
DŽ: 43935742 -> 44281941
DŽ: 43843377 -> 43843377
DŽ: 43896485 -> 43843377
DŽ: 43892625 -> 43843377
DŽ: 44314248 -> 44242123
DŽ: 43896485 -> 43843377
DŽ: 43867646 -> 43843377
DŽ: 43843377 -> 43843377
DŽ: 43929758 -> 44242123
DŽ: 43849361 -> 44319461
DŽ: 43843377 -> 43843377
DŽ: 43892625 -> 43973262
DŽ: 44025919 -> 45125701
DŽ: 43935742 -> 43973262
DŽ: 44376270 -> 44487870
DŽ: 43843377 -> 44313065
DŽ: 43843377 -> 44147752
DŽ: 43843377 -> 43843377
DŽ: 43843377 -> 43843377
DŽ: 44025919 -> 44003419
DŽ: 43929758 -> 43929758
DŽ: 44025919 -> 44003419
DŽ: 43849361 -> 43843377
DŽ: 43843377 -> 44981598
DŽ: 43929758 -> 43929758
DŽ: 43843377 -> 44505514

 start over 445665 loops 557 unique solutions 
Original + vert_size 13 
DŽ: 45729862 -> 44793828
DŽ: 43843377 -> 43843377
DŽ: 43901480 -> 44281941
DŽ: 43867646 -> 45304319
DŽ: 43867646 -> 44386517
DŽ: 43950728 -> 44360955
DŽ: 43843377 -> 43843377
DŽ: 43867646 -> 44195560
DŽ: 43843377 -> 43843377
DŽ: 43843377 -> 44195560
DŽ: 43935742 -> 43973262
DŽ: 43843377 -> 43896485
DŽ: 43896485 -> 43843377
DŽ: 43843377 -> 44195560
DŽ: 43843377 -> 43843377
DŽ: 43861662 -> 44303526
DŽ: 43979006 -> 44315784
DŽ: 43843377 -> 43843377
DŽ: 43843377 -> 44505514
DŽ: 44214197 -> 43967278
DŽ: 43843377 -> 43843377
DŽ: 43843377 -> 43843377
DŽ: 43967278 -> 44248668
DŽ: 44232123 -> 44260022
DŽ: 43901480 -> 43973262
DŽ: 44003419 -> 44260022
DŽ: 43843377 -> 43843377
DŽ: 43843377 -> 43843377
DŽ: 43901480 -> 44195560
DŽ: 43843377 -> 44195560
DŽ: 43843377 -> 43843377
DŽ: 44179576 -> 44192866
DŽ: 43849361 -> 44173641
DŽ: 44173641 -> 45311862
DŽ: 43861662 -> 44525824
DŽ: 44260022 -> 45248557
DŽ: 43896485 -> 43843377
DŽ: 44127210 -> 44195560
DŽ: 43843377 -> 43843377
DŽ: 43843377 -> 44195560
DŽ: 43896485 -> 44319461

 start over 485933 loops 604 unique solutions 
Approx + random 
DŽ: 47367180 -> 45227375
DŽ: 43880897 -> 44195560
DŽ: 43843377 -> 44300136
DŽ: 43843377 -> 43843377
DŽ: 44260022 -> 44260022
DŽ: 44003419 -> 43929758
DŽ: 43843377 -> 43843377
DŽ: 43867646 -> 43896485
DŽ: 43843377 -> 43843377
DŽ: 43843377 -> 43843377
DŽ: 43994745 -> 43929758
DŽ: 43843377 -> 44319461
DŽ: 43843377 -> 43843377
DŽ: 43977103 -> 44300136
DŽ: 43843377 -> 43843377
DŽ: 43843377 -> 43843377
DŽ: 43843377 -> 43843377
DŽ: 43929758 -> 44260022
DŽ: 43843377 -> 43843377
DŽ: 43849361 -> 44505514
DŽ: 43867646 -> 43896485
DŽ: 43929758 -> 43929758
DŽ: 43849361 -> 43843377
DŽ: 43843377 -> 43843377
DŽ: 44136618 -> 44075240
DŽ: 43843377 -> 43843377
DŽ: 43849361 -> 43973262
DŽ: 43849361 -> 44195560
DŽ: 43904755 -> 43843377
DŽ: 43929758 -> 43929758
DŽ: 43843377 -> 43843377
DŽ: 43883195 -> 44195560
DŽ: 43883195 -> 44173641
DŽ: 43843377 -> 43843377
DŽ: 43929758 -> 43929758
DŽ: 43843377 -> 43843377
DŽ: 43929758 -> 43929758
DŽ: 43994745 -> 44319461
DŽ: 43843377 -> 43843377
DŽ: 43843377 -> 44525824
DŽ: 43843377 -> 43843377
DŽ: 43843377 -> 44195560

 start over 526763 loops 636 unique solutions 
Approx + random 
DŽ: 47367180 -> 45193074
DŽ: 43843377 -> 43843377
DŽ: 44173641 -> 43929758
DŽ: 43861662 -> 44195560
DŽ: 43843377 -> 43843377
DŽ: 43843377 -> 43843377
DŽ: 43892625 -> 44173641
DŽ: 43843377 -> 43843377
DŽ: 43929758 -> 43929758
DŽ: 43843377 -> 43843377
DŽ: 43843377 -> 43843377
DŽ: 43843377 -> 43843377
DŽ: 43849361 -> 43843377
DŽ: 43843377 -> 43843377
DŽ: 43843377 -> 43843377
DŽ: 43843377 -> 43843377
DŽ: 43843377 -> 43843377
DŽ: 44395061 -> 44226749
DŽ: 43843377 -> 43843377
DŽ: 43843377 -> 44069423
DŽ: 43892625 -> 43843377
DŽ: 43843377 -> 44195560
DŽ: 43843377 -> 43843377
DŽ: 43843377 -> 43843377
DŽ: 43843377 -> 43843377
DŽ: 43843377 -> 43843377
DŽ: 43843377 -> 43843377
DŽ: 43843377 -> 43843377
DŽ: 43843377 -> 44195560
DŽ: 43843377 -> 44195560
DŽ: 43843377 -> 43843377
DŽ: 43843377 -> 43843377
DŽ: 43843377 -> 43896485
DŽ: 44287517 -> 44260022
DŽ: 43969576 -> 43929758
DŽ: 43843377 -> 43843377
DŽ: 43843377 -> 43843377
DŽ: 43843377 -> 43843377
DŽ: 43843377 -> 43843377
DŽ: 44322122 -> 45311862
DŽ: 43861662 -> 44195560
DŽ: 43843377 -> 44944078
DŽ: 43929758 -> 43973262
DŽ: 43843377 -> 43843377

 start over 569584 loops 672 unique solutions 
Approx + random 
DŽ: 47367180 -> 45286016
DŽ: 43861662 -> 44037720
DŽ: 43843377 -> 43843377
DŽ: 43843377 -> 43843377
DŽ: 43843377 -> 43843377
DŽ: 43929758 -> 43896485
DŽ: 44287517 -> 44226749
DŽ: 44226749 -> 44173641
DŽ: 44069423 -> 43992646
DŽ: 43843377 -> 43843377
DŽ: 43843377 -> 43843377
DŽ: 43935742 -> 44248668
DŽ: 44515975 -> 45052040
DŽ: 43843377 -> 43843377
DŽ: 43843377 -> 43843377
DŽ: 43843377 -> 43843377
DŽ: 43843377 -> 43843377
DŽ: 43843377 -> 43843377
DŽ: 44127210 -> 44195560
DŽ: 43843377 -> 43843377
DŽ: 44450350 -> 44411093
DŽ: 44450350 -> 44586462
DŽ: 43929758 -> 43896485
DŽ: 43843377 -> 43843377
DŽ: 44450350 -> 45244318
DŽ: 43843377 -> 43843377
DŽ: 43843377 -> 43843377
DŽ: 44173641 -> 44173641
DŽ: 44151612 -> 43843377
DŽ: 43843377 -> 43843377
DŽ: 43843377 -> 44773210
DŽ: 43843377 -> 43843377
DŽ: 43843377 -> 44281941
DŽ: 44078540 -> 44389903
DŽ: 43935742 -> 43929758
DŽ: 43843377 -> 43843377
DŽ: 43843377 -> 43843377
DŽ: 43843377 -> 43973262
DŽ: 43843377 -> 43843377
DŽ: 43843377 -> 44525824
DŽ: 43902482 -> 44195560
DŽ: 43843377 -> 43843377

 start over 610492 loops 721 unique solutions 
Original + vert_size 0 
DŽ: 45729862 -> 44565602
DŽ: 43843377 -> 43843377
DŽ: 43843377 -> 44525824
DŽ: 43843377 -> 43843377
DŽ: 43843377 -> 43843377
DŽ: 44213419 -> 44139758
DŽ: 43843377 -> 43843377
DŽ: 43843377 -> 43843377
DŽ: 44441307 -> 44710168
DŽ: 43843377 -> 43843377
DŽ: 43843377 -> 43843377
DŽ: 44207004 -> 44269221
DŽ: 43843377 -> 43843377
DŽ: 44452874 -> 44710168
DŽ: 43843377 -> 43843377
DŽ: 43980740 -> 44173641
DŽ: 43843377 -> 43843377
DŽ: 43843377 -> 43843377
DŽ: 43843377 -> 43843377
DŽ: 43843377 -> 43843377
DŽ: 44577098 -> 44487870
DŽ: 44021614 -> 44195560
DŽ: 43843377 -> 43843377
DŽ: 43907079 -> 43947953
DŽ: 43843377 -> 43843377
DŽ: 43980740 -> 43929758
DŽ: 43843377 -> 43843377
DŽ: 43861662 -> 43843377
DŽ: 43843377 -> 43843377
DŽ: 43843377 -> 43843377
DŽ: 44382254 -> 44629415
DŽ: 43843377 -> 43843377
DŽ: 44281941 -> 44281941
DŽ: 43861662 -> 44195560
DŽ: 43963716 -> 43843377
DŽ: 43843377 -> 43843377
DŽ: 44262147 -> 44173641
DŽ: 43917038 -> 43929758

 start over 647774 loops 759 unique solutions 
Original + vert_size 0 
DŽ: 45729862 -> 44565602
DŽ: 43843377 -> 43843377
DŽ: 44357985 -> 44882592
DŽ: 43843377 -> 43843377
DŽ: 44299800 -> 44244334
DŽ: 43843377 -> 44303526
DŽ: 43907079 -> 43843377
DŽ: 44266006 -> 45241069
DŽ: 44139758 -> 44213419
DŽ: 43843377 -> 43843377
DŽ: 44821622 -> 44629415
DŽ: 43843377 -> 43843377
DŽ: 43843377 -> 43843377
DŽ: 43843377 -> 43843377
DŽ: 43983087 -> 43951339
DŽ: 44392085 -> 43929758
DŽ: 43929758 -> 43929758
DŽ: 44299800 -> 44139758
DŽ: 44392085 -> 43973262
DŽ: 44946084 -> 44720757
DŽ: 43843377 -> 43843377
DŽ: 43843377 -> 43843377
DŽ: 43843377 -> 44195560
DŽ: 44213419 -> 44139758
DŽ: 43929758 -> 43929758
DŽ: 43843377 -> 43929758
DŽ: 44357985 -> 44595832
DŽ: 44139758 -> 44173641
DŽ: 44376270 -> 44710168
DŽ: 43843377 -> 43843377
DŽ: 43861662 -> 44965659
DŽ: 43843377 -> 43843377
DŽ: 43883195 -> 44195560
DŽ: 44478971 -> 44444366
DŽ: 43843377 -> 43843377
DŽ: 43843377 -> 43843377
DŽ: 43843377 -> 43843377
DŽ: 43843377 -> 43843377
DŽ: 43843377 -> 43843377
DŽ: 43923022 -> 44195560
DŽ: 44209747 -> 44003419
DŽ: 43843377 -> 43843377
DŽ: 43843377 -> 43843377
DŽ: 43929758 -> 44281941
DŽ: 44299800 -> 44888276

 start over 691290 loops 797 unique solutions 
Approx + random 
DŽ: 47367180 -> 45787229
DŽ: 43843377 -> 43843377
DŽ: 43843377 -> 43843377
DŽ: 45310364 -> 44433474
DŽ: 44407926 -> 44525824
DŽ: 44407926 -> 44281603
DŽ: 44173641 -> 44281941
DŽ: 44232123 -> 44578932
DŽ: 43843377 -> 43843377
DŽ: 43843377 -> 43843377
DŽ: 43843377 -> 43843377
DŽ: 43843377 -> 43843377
DŽ: 44119065 -> 45052019
DŽ: 43843377 -> 43843377
DŽ: 45571695 -> 45500902
DŽ: 43843377 -> 43843377
DŽ: 43843377 -> 43843377
DŽ: 44367280 -> 43917038
DŽ: 43843377 -> 43843377
DŽ: 44702147 -> 44710168
DŽ: 43849361 -> 44525824
DŽ: 43843377 -> 43843377
DŽ: 44096797 -> 44355602
DŽ: 43843377 -> 43843377
DŽ: 43843377 -> 43843377
DŽ: 43843377 -> 43843377
DŽ: 44173641 -> 44303526
DŽ: 44173641 -> 44173641
DŽ: 43843377 -> 43843377
DŽ: 43867646 -> 44195560
DŽ: 44139758 -> 44491941
DŽ: 43843377 -> 44195560
DŽ: 43902469 -> 43951339
DŽ: 44389116 -> 44139758
DŽ: 43935742 -> 44319461
DŽ: 43963465 -> 44173641
DŽ: 43843377 -> 43843377
DŽ: 43843377 -> 43843377
DŽ: 43963465 -> 43843377
DŽ: 44139758 -> 44173641
DŽ: 43843377 -> 44525824
DŽ: 43843377 -> 43843377

 start over 732462 loops 840 unique solutions 
Approx + random 
DŽ: 47367180 -> 45526049
DŽ: 43843377 -> 43973262
DŽ: 43843377 -> 43843377
DŽ: 44665988 -> 44596237
DŽ: 43843377 -> 43843377
DŽ: 43843377 -> 43843377
DŽ: 43843377 -> 43843377
DŽ: 43843377 -> 43843377
DŽ: 45059421 -> 44804399
DŽ: 44377144 -> 44195560
DŽ: 44459799 -> 44021614
DŽ: 43843377 -> 43843377
DŽ: 43897768 -> 43947953
DŽ: 43947953 -> 43843377
DŽ: 43843377 -> 43843377
DŽ: 44311379 -> 44525824
DŽ: 43849361 -> 43843377
DŽ: 43923022 -> 43843377
DŽ: 43947953 -> 43843377
DŽ: 43843377 -> 43843377
DŽ: 43843377 -> 43973262
DŽ: 44133194 -> 44195560
DŽ: 44198850 -> 44173641
DŽ: 43935742 -> 43929758
DŽ: 43843377 -> 43843377
DŽ: 44133194 -> 44195560
DŽ: 43843377 -> 43843377
DŽ: 43843377 -> 43929758
DŽ: 44377144 -> 44525824
DŽ: 43843377 -> 43843377
DŽ: 43914770 -> 43843377
DŽ: 43843377 -> 43843377
DŽ: 43843377 -> 44195560
DŽ: 43891784 -> 44525824
DŽ: 43914770 -> 44195560
DŽ: 43849361 -> 43843377
DŽ: 43843377 -> 44195560
DŽ: 43843377 -> 43843377
DŽ: 43843377 -> 43843377
DŽ: 43843377 -> 43929758
DŽ: 43843377 -> 43843377
DŽ: 43914770 -> 44303522
DŽ: 43951339 -> 44427423
DŽ: 44173641 -> 44922159

 start over 775748 loops 880 unique solutions 
Approx + random 
DŽ: 47367180 -> 45323536
DŽ: 43923022 -> 43951339
DŽ: 43843377 -> 43843377
DŽ: 43843377 -> 43843377
DŽ: 43843377 -> 44281941
DŽ: 43935742 -> 44319461
DŽ: 43843377 -> 44313065
DŽ: 43843377 -> 43843377
DŽ: 43843377 -> 43843377
DŽ: 43843377 -> 44173641
DŽ: 43843377 -> 43843377
DŽ: 43957323 -> 44613476
DŽ: 43843377 -> 43843377
DŽ: 44139777 -> 44233095
DŽ: 43929758 -> 44281941
DŽ: 43963716 -> 43995248
DŽ: 43843377 -> 43843377
DŽ: 43843377 -> 43843377
DŽ: 43843377 -> 43843377
DŽ: 44012717 -> 44037720
DŽ: 43843377 -> 43843377
DŽ: 44012717 -> 44303522
DŽ: 43849361 -> 44195560
DŽ: 43843377 -> 43973262
DŽ: 43904755 -> 44525824
DŽ: 43951339 -> 44303522
DŽ: 43843377 -> 43843377
DŽ: 43843377 -> 43843377
DŽ: 44025000 -> 44303522
DŽ: 43843377 -> 43843377
DŽ: 43843377 -> 44300136
DŽ: 43843377 -> 43843377
DŽ: 43843377 -> 43843377
DŽ: 43843377 -> 43843377
DŽ: 43843377 -> 44226749
DŽ: 43843377 -> 43973262
DŽ: 43843377 -> 43843377
DŽ: 43905166 -> 43843377
DŽ: 43883195 -> 44303522
DŽ: 44182885 -> 44389903
DŽ: 43935742 -> 43929758
DŽ: 43929758 -> 44037720
DŽ: 43843377 -> 44173641

 start over 817484 loops 924 unique solutions 
Original + vert_size 13 
DŽ: 45729862 -> 44791280
DŽ: 43849361 -> 44047500
DŽ: 43924631 -> 44037720
DŽ: 43843377 -> 43843377
DŽ: 44061899 -> 44495317
DŽ: 43889179 -> 43843377
DŽ: 43929758 -> 43929758
DŽ: 43843377 -> 44278217
DŽ: 43904755 -> 44649725
DŽ: 43843377 -> 43843377
DŽ: 43843377 -> 43843377
DŽ: 43843377 -> 43843377
DŽ: 44032593 -> 44281603
DŽ: 44330765 -> 44139758
DŽ: 43843377 -> 43843377
DŽ: 43843377 -> 43843377
DŽ: 43843377 -> 43951339
DŽ: 43889179 -> 43843377
DŽ: 44068474 -> 43967278
DŽ: 43843377 -> 43843377
DŽ: 43843377 -> 43843377
DŽ: 43843377 -> 43843377
DŽ: 43929758 -> 43896485
DŽ: 44471260 -> 44525824
DŽ: 44173641 -> 44281603
DŽ: 43843377 -> 43843377
DŽ: 43843377 -> 43843377
DŽ: 43929758 -> 44248668
DŽ: 43843377 -> 43843377
DŽ: 44235019 -> 44173641
DŽ: 43843377 -> 43843377
DŽ: 43843377 -> 43896485
DŽ: 43843377 -> 43843377
DŽ: 44139758 -> 44244334
DŽ: 43843377 -> 43843377
DŽ: 43843377 -> 44389903
DŽ: 43843377 -> 43843377
DŽ: 43843377 -> 43843377
DŽ: 43843377 -> 43973262
DŽ: 43843377 -> 43843377
DŽ: 43929758 -> 44281941
DŽ: 44139758 -> 44491941
DŽ: 44022732 -> 44281603

 start over 859211 loops 965 unique solutions 
Original + vert_size 13 
DŽ: 45729862 -> 44139758
DŽ: 43861662 -> 44195560
DŽ: 43843377 -> 43843377
DŽ: 43843377 -> 43843377
DŽ: 43843377 -> 43843377
DŽ: 44291126 -> 44226139
DŽ: 43924631 -> 44195560
DŽ: 44291126 -> 44399591
DŽ: 43991136 -> 44281941
DŽ: 43843377 -> 43843377
DŽ: 44049691 -> 43973262
DŽ: 44397209 -> 44785657
DŽ: 43924631 -> 44195560
DŽ: 43901480 -> 43843377
DŽ: 43843377 -> 43843377
DŽ: 43843377 -> 43843377
DŽ: 43843377 -> 43973262
DŽ: 44393202 -> 44247720
DŽ: 43935742 -> 44558622
DŽ: 44247720 -> 44334101
DŽ: 43843377 -> 43843377
DŽ: 43991136 -> 43929758
DŽ: 43861662 -> 43843377
DŽ: 43843377 -> 43843377
DŽ: 43929758 -> 43929758
DŽ: 44247720 -> 44247720
DŽ: 43929758 -> 44355602
DŽ: 44558622 -> 44635399
DŽ: 43843377 -> 43843377
DŽ: 43843377 -> 43843377
DŽ: 43929758 -> 43929758
DŽ: 43843377 -> 43843377
DŽ: 43991136 -> 44281941
DŽ: 43843377 -> 43843377
DŽ: 43929758 -> 44226749
DŽ: 43935742 -> 43929758
DŽ: 43991136 -> 43929758
DŽ: 43991136 -> 44034334
DŽ: 44226139 -> 44378010
DŽ: 43979006 -> 43973262

 start over 898554 loops 1005 unique solutions 
Approx + random 
DŽ: 47367180 -> 44991572
DŽ: 44518910 -> 44025000
DŽ: 43929758 -> 44281941
DŽ: 44027734 -> 44242123
DŽ: 43843377 -> 43843377
DŽ: 43843377 -> 43843377
DŽ: 43991136 -> 43929758
DŽ: 43843377 -> 43843377
DŽ: 44991572 -> 44760555
DŽ: 43892625 -> 44525824
DŽ: 43843377 -> 43843377
DŽ: 43843377 -> 43843377
DŽ: 43843377 -> 43843377
DŽ: 43991136 -> 44281941
DŽ: 43843377 -> 43843377
DŽ: 43843377 -> 43843377
DŽ: 43843377 -> 43843377
DŽ: 43843377 -> 43843377
DŽ: 43843377 -> 43843377
DŽ: 44341963 -> 43973262
DŽ: 44027734 -> 44260022
DŽ: 43843377 -> 43843377
DŽ: 44260022 -> 44612205
DŽ: 43843377 -> 44055915
DŽ: 43935742 -> 44242123
DŽ: 43843377 -> 43843377
DŽ: 44213591 -> 43929758
DŽ: 44192866 -> 44139758
DŽ: 44183015 -> 43843377
DŽ: 43843377 -> 44633786
DŽ: 43843377 -> 43843377
DŽ: 43843377 -> 43843377
DŽ: 43861662 -> 43929758
DŽ: 43843377 -> 43843377
DŽ: 43929758 -> 44248668
DŽ: 43935323 -> 43973262
DŽ: 43843377 -> 43843377

 start over 934454 loops 1045 unique solutions 
Original + vert_size 0 
DŽ: 45729862 -> 44565602
DŽ: 43963465 -> 44195560
DŽ: 43843377 -> 43843377
DŽ: 44287252 -> 43929758
DŽ: 44220507 -> 44281941
DŽ: 43849361 -> 43843377
DŽ: 43843377 -> 43843377
DŽ: 44287252 -> 44260022
DŽ: 43843377 -> 43896485
DŽ: 43843377 -> 43843377
DŽ: 44226139 -> 44578322
DŽ: 43843377 -> 43843377
DŽ: 43843377 -> 43843377
DŽ: 43843377 -> 43843377
DŽ: 43843377 -> 43843377
DŽ: 43843377 -> 43843377
DŽ: 43843377 -> 43843377
DŽ: 43962151 -> 43843377
DŽ: 44281932 -> 44599485
DŽ: 43861662 -> 43843377
DŽ: 44266183 -> 44491941
DŽ: 43843377 -> 43843377
DŽ: 43843377 -> 43843377
DŽ: 44281941 -> 44612205
DŽ: 43910069 -> 43896485
DŽ: 44137532 -> 44303526
DŽ: 44195563 -> 44491941
DŽ: 44197910 -> 44525824
DŽ: 44173641 -> 44173641
DŽ: 44189006 -> 44139758
DŽ: 44137532 -> 43843377
DŽ: 43843377 -> 43843377
DŽ: 44226139 -> 44269643
DŽ: 43843377 -> 43843377
DŽ: 44169665 -> 44173641
DŽ: 44274969 -> 44242123

 start over 969507 loops 1076 unique solutions 
Approx + random 
DŽ: 47367180 -> 44729947
DŽ: 43843377 -> 44195560
DŽ: 44226139 -> 43929758
DŽ: 43843377 -> 43843377
DŽ: 43896485 -> 43917038
DŽ: 44217096 -> 44195560
DŽ: 43843377 -> 43843377
DŽ: 43883195 -> 43843377
DŽ: 43917038 -> 43843377
DŽ: 43843377 -> 43843377
DŽ: 43843377 -> 44195560
DŽ: 43843377 -> 44173641
DŽ: 43843377 -> 43843377
DŽ: 43843377 -> 44195560
DŽ: 43891784 -> 44981598
DŽ: 43843377 -> 43843377
DŽ: 43861662 -> 44248668
DŽ: 43843377 -> 43843377
DŽ: 43843377 -> 43843377
DŽ: 43843377 -> 43843377
DŽ: 43843377 -> 43843377
DŽ: 43896485 -> 43947953
DŽ: 43883195 -> 44195560
DŽ: 43843377 -> 43843377
DŽ: 43891784 -> 44319461
DŽ: 44139758 -> 44630400
DŽ: 43861662 -> 43929758
DŽ: 43843377 -> 43843377
DŽ: 43843377 -> 43843377
DŽ: 43843377 -> 43843377
DŽ: 43843377 -> 43843377
DŽ: 43843377 -> 43843377
DŽ: 44231786 -> 43973262
DŽ: 43929758 -> 43973262
DŽ: 43843377 -> 43843377
DŽ: 44133194 -> 43843377
DŽ: 43935742 -> 43896485
DŽ: 44139758 -> 44260022
DŽ: 43843377 -> 43843377
DŽ: 43883195 -> 43843377
DŽ: 43843377 -> 44857697

 start over 1009865 loops 1110 unique solutions 
Original + vert_size 0 
DŽ: 45729862 -> 44565602
DŽ: 43896485 -> 44281941
DŽ: 43883195 -> 44195560
DŽ: 43843377 -> 43843377
DŽ: 43843377 -> 43843377
DŽ: 43843377 -> 43973262
DŽ: 43843377 -> 43843377
DŽ: 43910910 -> 44195560
DŽ: 43883195 -> 44389903
DŽ: 43843377 -> 43843377
DŽ: 43843377 -> 43843377
DŽ: 43843377 -> 43843377
DŽ: 43843377 -> 44173641
DŽ: 43861662 -> 45230658
DŽ: 43939000 -> 44081224
DŽ: 44972392 -> 44281941
DŽ: 43935742 -> 44281941
DŽ: 43849361 -> 44195560
DŽ: 44081224 -> 44004447
DŽ: 43843377 -> 43843377
DŽ: 43901480 -> 43973262
DŽ: 44119783 -> 44281941
DŽ: 43929758 -> 43929758
DŽ: 43843377 -> 43843377
DŽ: 43843377 -> 43843377
DŽ: 43843377 -> 43917038
DŽ: 43843377 -> 43843377
DŽ: 44281941 -> 44281941
DŽ: 43929758 -> 43929758
DŽ: 43929758 -> 43929758
DŽ: 43843377 -> 43843377
DŽ: 43896485 -> 43973262
DŽ: 43843377 -> 43843377
DŽ: 43901480 -> 44195560
DŽ: 44195560 -> 44195560
DŽ: 43929758 -> 44918293
DŽ: 43929758 -> 44004447
DŽ: 43843377 -> 43843377
DŽ: 43929758 -> 43896485
DŽ: 43861662 -> 43973262
DŽ: 43901480 -> 43843377
DŽ: 43843377 -> 44195560
DŽ: 43929758 -> 44242123

 start over 1051580 loops 1157 unique solutions 
Approx + random 
DŽ: 47367180 -> 45926224
DŽ: 43843377 -> 44173641
DŽ: 43843377 -> 43843377
DŽ: 43849361 -> 43973262
DŽ: 43843377 -> 43843377
DŽ: 44824515 -> 44321381
DŽ: 43929758 -> 44248668
DŽ: 43843377 -> 43843377
DŽ: 43901480 -> 44195560
DŽ: 44281941 -> 44281941
DŽ: 44164027 -> 44226749
DŽ: 43843377 -> 43843377
DŽ: 43973262 -> 43896485
DŽ: 43843377 -> 43947953
DŽ: 43883195 -> 43995248
DŽ: 43843377 -> 43843377
DŽ: 43899182 -> 43843377
DŽ: 44321381 -> 44247720
DŽ: 43896485 -> 43843377
DŽ: 43849361 -> 43973262
DŽ: 43843377 -> 43843377
DŽ: 44139758 -> 44139758
DŽ: 43849361 -> 43843377
DŽ: 43970347 -> 44281941
DŽ: 43899182 -> 44173641
DŽ: 43947953 -> 44857697
DŽ: 44134126 -> 43843377
DŽ: 43843377 -> 43843377
DŽ: 43929758 -> 44319461
DŽ: 44134126 -> 43973262
DŽ: 43843377 -> 43843377
DŽ: 43849361 -> 43896485
DŽ: 43849361 -> 43967278
DŽ: 43843377 -> 43843377
DŽ: 43867646 -> 44195560
DŽ: 43929758 -> 43929758
DŽ: 43904755 -> 43843377
DŽ: 43843377 -> 43843377
DŽ: 43843377 -> 44173641

 start over 1089555 loops 1193 unique solutions 
Original + vert_size 13 
DŽ: 45729862 -> 45069173
DŽ: 43843377 -> 43843377
DŽ: 43843377 -> 44525824
DŽ: 44419733 -> 44192866
DŽ: 43970347 -> 43929758
DŽ: 43843377 -> 43843377
DŽ: 43849361 -> 43843377
DŽ: 44247720 -> 44247720
DŽ: 44175617 -> 43973262
DŽ: 44419733 -> 44300828
DŽ: 43843377 -> 44173641
DŽ: 43904755 -> 43843377
DŽ: 43843377 -> 43843377
DŽ: 43843377 -> 43843377
DŽ: 43849361 -> 44173641
DŽ: 44173641 -> 44525824
DŽ: 44139758 -> 45214674
DŽ: 43843377 -> 43843377
DŽ: 43963310 -> 44195560
DŽ: 44247302 -> 44173641
DŽ: 44162947 -> 43843377
DŽ: 43843377 -> 43843377
DŽ: 43843377 -> 43843377
DŽ: 43843377 -> 43843377
DŽ: 43849361 -> 44173641
DŽ: 43904755 -> 43843377
DŽ: 43843377 -> 43843377
DŽ: 45032276 -> 44173641
DŽ: 43963465 -> 43843377
DŽ: 44173641 -> 44173641
DŽ: 43843377 -> 43843377
DŽ: 43843377 -> 43843377
DŽ: 44173641 -> 44612205
DŽ: 43843377 -> 43843377
DŽ: 43843377 -> 43843377
DŽ: 43843377 -> 43843377
DŽ: 43935742 -> 43896485

 start over 1125128 loops 1225 unique solutions 
Original + vert_size 13 
DŽ: 45729862 -> 44481887
DŽ: 44021568 -> 43843377
DŽ: 44156963 -> 43843377
DŽ: 43963465 -> 44195560
DŽ: 43843377 -> 43843377
DŽ: 43843377 -> 43843377
DŽ: 43843377 -> 43843377
DŽ: 43843377 -> 43843377
DŽ: 43935742 -> 44578932
DŽ: 44173641 -> 44303526
DŽ: 44192866 -> 44139758
DŽ: 44195560 -> 44195560
DŽ: 43935742 -> 44248668
DŽ: 43843377 -> 43843377
DŽ: 43896485 -> 43843377
DŽ: 43843377 -> 43843377
DŽ: 43843377 -> 43843377
DŽ: 43843377 -> 44578932
DŽ: 43843377 -> 43843377
DŽ: 43867646 -> 43843377
DŽ: 43843377 -> 43843377
DŽ: 43843377 -> 43843377
DŽ: 43910190 -> 45026255
DŽ: 43843377 -> 43929758
DŽ: 44266006 -> 44226749
DŽ: 44801541 -> 44427423
DŽ: 43867646 -> 43973262
DŽ: 43843377 -> 43843377
DŽ: 43843377 -> 43843377
DŽ: 43901480 -> 44173641
DŽ: 43973262 -> 43896485
DŽ: 43884197 -> 44525824
DŽ: 43889179 -> 44281941
DŽ: 43843377 -> 43843377
DŽ: 43843377 -> 43843377
DŽ: 43849361 -> 43929758
DŽ: 44266006 -> 44226749

 start over 1161787 loops 1264 unique solutions 
Original + vert_size 13 
DŽ: 45729862 -> 44269221
DŽ: 43843377 -> 44857697
DŽ: 43843377 -> 43843377
DŽ: 44139758 -> 44578322
DŽ: 43843377 -> 43843377
DŽ: 44385890 -> 44226139
DŽ: 44200241 -> 43967278
DŽ: 43849361 -> 43843377
DŽ: 44710168 -> 44393122
DŽ: 43843377 -> 43843377
DŽ: 43843377 -> 43843377
DŽ: 43843377 -> 43843377
DŽ: 43843377 -> 44195560
DŽ: 43843377 -> 43843377
DŽ: 43901480 -> 44173641
DŽ: 43843377 -> 43843377
DŽ: 43843377 -> 43843377
DŽ: 43849361 -> 43843377
DŽ: 43843377 -> 43843377
DŽ: 43904755 -> 44195560
DŽ: 44200241 -> 44248668
DŽ: 43861662 -> 44195560
DŽ: 43929758 -> 44260022
DŽ: 44049221 -> 43929758
DŽ: 43947953 -> 43917038
DŽ: 43904755 -> 43843377
DŽ: 44024970 -> 43929758
DŽ: 44248668 -> 44195560
DŽ: 43843377 -> 43843377
DŽ: 43843377 -> 43843377
DŽ: 43843377 -> 43843377
DŽ: 43883195 -> 44260022
DŽ: 44207004 -> 43917038
DŽ: 43917038 -> 43951339
DŽ: 44357985 -> 44710168
DŽ: 43843377 -> 43843377
DŽ: 43843377 -> 43843377
DŽ: 43843377 -> 43843377
DŽ: 43843377 -> 43843377

 start over 1199828 loops 1304 unique solutions 
Original + vert_size 13 
DŽ: 45729862 -> 45159191
DŽ: 44134126 -> 43843377
DŽ: 43843377 -> 43843377
DŽ: 43843377 -> 43843377
DŽ: 43929758 -> 44248668
DŽ: 43843377 -> 43843377
DŽ: 43843377 -> 43843377
DŽ: 44213845 -> 43917038
DŽ: 44269643 -> 44260022
DŽ: 43843377 -> 43843377
DŽ: 43843377 -> 44173641
DŽ: 43843377 -> 43843377
DŽ: 44487764 -> 44297542
DŽ: 43917038 -> 44720757
DŽ: 43843377 -> 43843377
DŽ: 44260022 -> 44226749
DŽ: 43843377 -> 43843377
DŽ: 44260022 -> 44226749
DŽ: 43941712 -> 44195560
DŽ: 43941712 -> 43843377
DŽ: 43843377 -> 43843377
DŽ: 44158043 -> 44139758
DŽ: 44139758 -> 44139758
DŽ: 43843377 -> 43843377
DŽ: 44203845 -> 44525824
DŽ: 43843377 -> 43843377
DŽ: 43843377 -> 43896485
DŽ: 43843377 -> 43843377
DŽ: 44525824 -> 44599485
DŽ: 43917038 -> 43929758
DŽ: 43843377 -> 43843377
DŽ: 43843377 -> 44195560
DŽ: 43843377 -> 43843377
DŽ: 44211161 -> 44303526
DŽ: 43892625 -> 43929758
DŽ: 44139758 -> 44173641
DŽ: 43843377 -> 43843377
DŽ: 43843377 -> 44195560
DŽ: 44219575 -> 44248668

 start over 1237826 loops 1337 unique solutions 
Approx + random 
DŽ: 47367180 -> 44878060
DŽ: 43930145 -> 43843377
DŽ: 44139758 -> 44139758
DŽ: 43843377 -> 43843377
DŽ: 43843377 -> 44046923
DŽ: 43843377 -> 43843377
DŽ: 43843377 -> 44281941
DŽ: 44194257 -> 43973262
DŽ: 44273484 -> 44173641
DŽ: 43843377 -> 44195560
DŽ: 44551316 -> 44981598
DŽ: 43843377 -> 43843377
DŽ: 44260097 -> 44173641
DŽ: 43907079 -> 43843377
DŽ: 43849361 -> 44195560
DŽ: 43849361 -> 43929758
DŽ: 43843377 -> 43843377
DŽ: 43843377 -> 43843377
DŽ: 43973262 -> 44281941
DŽ: 43969576 -> 43973262
DŽ: 43883195 -> 43843377
DŽ: 43973262 -> 43929758
DŽ: 43843377 -> 43843377
DŽ: 43929758 -> 43929758
DŽ: 43929758 -> 43929758
DŽ: 43843377 -> 44525824
DŽ: 43843377 -> 43843377
DŽ: 43843377 -> 43843377
DŽ: 43843377 -> 43843377
DŽ: 43843377 -> 43843377
DŽ: 43843377 -> 43843377
DŽ: 43843377 -> 43843377
DŽ: 43843377 -> 43843377
DŽ: 43843377 -> 43843377
DŽ: 44173641 -> 44303526
DŽ: 43843377 -> 44077838
DŽ: 43935742 -> 43896485
DŽ: 43843377 -> 43843377

 start over 1274338 loops 1376 unique solutions 
Approx + random 
DŽ: 47367180 -> 45172433
DŽ: 43843377 -> 43843377
DŽ: 43929758 -> 43929758
DŽ: 43843377 -> 44195560
DŽ: 44173641 -> 44303526
DŽ: 44145742 -> 44173641
DŽ: 43883195 -> 43973262
DŽ: 44139758 -> 44173641
DŽ: 43843377 -> 43843377
DŽ: 44139758 -> 44491941
DŽ: 44139758 -> 44226139
DŽ: 43867646 -> 43843377
DŽ: 44226139 -> 45200641
DŽ: 43843377 -> 43843377
DŽ: 43843377 -> 43843377
DŽ: 44207291 -> 44139758
DŽ: 44189006 -> 45310835
DŽ: 43843377 -> 43843377
DŽ: 44786543 -> 44226139
DŽ: 43849361 -> 43843377
DŽ: 44241903 -> 44355852
DŽ: 44241903 -> 44235919
DŽ: 44491941 -> 44491941
DŽ: 43843377 -> 43843377
DŽ: 44210729 -> 44491941
DŽ: 43849361 -> 43843377
DŽ: 44164027 -> 44226139
DŽ: 43843377 -> 43843377
DŽ: 44226139 -> 44260022
DŽ: 44213459 -> 44525824
DŽ: 44241903 -> 43939538
DŽ: 44139758 -> 44247720
DŽ: 44226139 -> 44226139
DŽ: 44139758 -> 44139758
DŽ: 43843377 -> 43843377

 start over 1308931 loops 1411 unique solutions 
Original + vert_size 0 
DŽ: 45729862 -> 44565602
DŽ: 44241903 -> 44565602
DŽ: 44183262 -> 44491941
DŽ: 44139758 -> 44139758
DŽ: 43843377 -> 43843377
DŽ: 44207291 -> 44281603
DŽ: 44490048 -> 44281603
DŽ: 43843377 -> 43929758
DŽ: 43843377 -> 43843377
DŽ: 44226139 -> 44922159
DŽ: 44281603 -> 44757687
DŽ: 43849361 -> 44195560
DŽ: 43843377 -> 44319461
DŽ: 43843377 -> 43951339
DŽ: 43843377 -> 43843377
DŽ: 43843377 -> 43973262
DŽ: 43843377 -> 43843377
DŽ: 43843377 -> 43843377
DŽ: 44171799 -> 43843377
DŽ: 44247302 -> 44173641
DŽ: 44137194 -> 43929758
DŽ: 43843377 -> 43843377
DŽ: 43929758 -> 43896485
DŽ: 43849361 -> 43843377
DŽ: 43843377 -> 43843377
DŽ: 43896485 -> 44857697
DŽ: 44319461 -> 43929758
DŽ: 43861662 -> 44319461
DŽ: 43843377 -> 43843377
DŽ: 43843377 -> 43843377
DŽ: 43843377 -> 43843377
DŽ: 43843377 -> 43843377
DŽ: 43843377 -> 43843377
DŽ: 43843377 -> 44173641
DŽ: 43843377 -> 43843377
DŽ: 43907464 -> 44531999
DŽ: 43843377 -> 43843377
DŽ: 44213419 -> 44235919

 start over 1345361 loops 1445 unique solutions 
Approx + random 
DŽ: 47367180 -> 45286016
DŽ: 43867646 -> 44173641
DŽ: 43929758 -> 43929758
DŽ: 44139758 -> 44578322
DŽ: 43843377 -> 44303522
DŽ: 43843377 -> 43843377
DŽ: 43867646 -> 44835778
DŽ: 43843377 -> 43843377
DŽ: 43843377 -> 43843377
DŽ: 45021259 -> 44720167
DŽ: 43843377 -> 43843377
DŽ: 44139758 -> 44525824
DŽ: 44438906 -> 44653011
DŽ: 43929758 -> 44037720
DŽ: 44416973 -> 44438677
DŽ: 44197861 -> 44247720
DŽ: 43954588 -> 44173641
DŽ: 43843377 -> 43843377
DŽ: 44254205 -> 44525824
DŽ: 44408119 -> 44615842
DŽ: 43954588 -> 43973262
DŽ: 43843377 -> 43843377
DŽ: 43843377 -> 43843377
DŽ: 43935742 -> 43896485
DŽ: 43896485 -> 44195560
DŽ: 44194257 -> 43973262
DŽ: 43935742 -> 44034334
DŽ: 43935742 -> 44558622
DŽ: 43935742 -> 44591895
DŽ: 44158043 -> 44281603
DŽ: 43843377 -> 43843377
DŽ: 43939000 -> 43963310
DŽ: 44138424 -> 44195560
DŽ: 43843377 -> 44505514
DŽ: 44505514 -> 44558622
DŽ: 44107876 -> 43843377
DŽ: 43843377 -> 43843377
DŽ: 43843377 -> 43843377
DŽ: 43843377 -> 43843377
DŽ: 43843377 -> 43843377
DŽ: 43843377 -> 43843377

 start over 1385559 loops 1489 unique solutions 
Original + vert_size 0 
DŽ: 45729862 -> 44565602
DŽ: 44247720 -> 44281603
DŽ: 43843377 -> 43843377
DŽ: 43843377 -> 44195560
DŽ: 43849361 -> 44077838
DŽ: 43843377 -> 43951339
DŽ: 43939000 -> 43843377
DŽ: 43935742 -> 43896485
DŽ: 43843377 -> 43843377
DŽ: 44077838 -> 44248668
DŽ: 44383699 -> 44343881
DŽ: 43849361 -> 44319461
DŽ: 44007096 -> 44389903
DŽ: 43939000 -> 44281941
DŽ: 43896485 -> 43843377
DŽ: 44235919 -> 44139758
DŽ: 43929758 -> 43929758
DŽ: 43849361 -> 43843377
DŽ: 43843377 -> 43843377
DŽ: 43929758 -> 43929758
DŽ: 43880897 -> 44195560
DŽ: 43929758 -> 43929758
DŽ: 43954588 -> 44195560
DŽ: 43861662 -> 43973262
DŽ: 43843377 -> 43843377
DŽ: 43843377 -> 43843377
DŽ: 44173641 -> 43973262
DŽ: 43843377 -> 44303526
DŽ: 43843377 -> 43843377
DŽ: 43843377 -> 43843377
DŽ: 43843377 -> 44195560
DŽ: 43973262 -> 44356630
DŽ: 44232123 -> 44192866
DŽ: 43951339 -> 44613476
DŽ: 43954588 -> 43843377
DŽ: 43843377 -> 43843377
DŽ: 43935742 -> 44242123
DŽ: 43843377 -> 43843377
DŽ: 43935742 -> 44319461
DŽ: 43843377 -> 43843377
DŽ: 43843377 -> 43843377

 start over 1425784 loops 1520 unique solutions 
Original + vert_size 13 
DŽ: 45729862 -> 44313065
DŽ: 43843377 -> 43843377
DŽ: 43843377 -> 43973262
DŽ: 43843377 -> 43843377
DŽ: 44010431 -> 43951339
DŽ: 43843377 -> 44965659
DŽ: 43843377 -> 43843377
DŽ: 43964363 -> 44242123
DŽ: 43880897 -> 43951339
DŽ: 43843377 -> 43843377
DŽ: 43843377 -> 43843377
DŽ: 44465947 -> 44818130
DŽ: 43843377 -> 43843377
DŽ: 44281603 -> 44633786
DŽ: 44038024 -> 44037720
DŽ: 43843377 -> 43843377
DŽ: 43929758 -> 43929758
DŽ: 44204759 -> 44025000
DŽ: 43883195 -> 44281941
DŽ: 43954414 -> 44505514
DŽ: 44276148 -> 44525824
DŽ: 43843377 -> 43973262
DŽ: 43951339 -> 44613476
DŽ: 43867646 -> 43951339
DŽ: 44468192 -> 44710168
DŽ: 43843377 -> 43843377
DŽ: 43929758 -> 43929758
DŽ: 43843377 -> 43843377
DŽ: 43886431 -> 43929758
DŽ: 44468192 -> 44444366
DŽ: 43917038 -> 43843377
DŽ: 43929758 -> 44918293
DŽ: 44355264 -> 44281603
DŽ: 43843377 -> 43973262
DŽ: 44429378 -> 44487870
DŽ: 43843377 -> 43843377
DŽ: 43843377 -> 43843377
DŽ: 44562108 -> 44796211
DŽ: 43843377 -> 43843377
DŽ: 43935742 -> 44281941
DŽ: 44173641 -> 44525824
DŽ: 43843377 -> 43843377

 start over 1466845 loops 1559 unique solutions 
Approx + random 
DŽ: 47367180 -> 45985673
DŽ: 43843377 -> 43843377
DŽ: 44139758 -> 45154078
DŽ: 44357985 -> 44487870
DŽ: 45379603 -> 45496660
DŽ: 45079960 -> 45033340
DŽ: 45201309 -> 45400499
DŽ: 43843377 -> 43843377
DŽ: 44861144 -> 45040432
DŽ: 43843377 -> 43843377
DŽ: 43843377 -> 43843377
DŽ: 45400499 -> 45089560
DŽ: 44043110 -> 43843377
DŽ: 43843377 -> 43843377
DŽ: 45040432 -> 45040432
DŽ: 44828017 -> 44247302
DŽ: 44590549 -> 44269643
DŽ: 43843377 -> 43843377
DŽ: 44266728 -> 44260022
DŽ: 44037126 -> 43843377
DŽ: 43843377 -> 43843377
DŽ: 43843377 -> 44313065
DŽ: 43935742 -> 43967278
DŽ: 44222869 -> 44685866
DŽ: 44584348 -> 44612205
DŽ: 44049846 -> 44346699
DŽ: 43935742 -> 44260022
DŽ: 43963465 -> 43929758
DŽ: 43843377 -> 43843377
DŽ: 43843377 -> 43843377
DŽ: 43969449 -> 44195560
DŽ: 43843377 -> 43843377
DŽ: 43843377 -> 43843377
DŽ: 43969576 -> 44281941
DŽ: 43969576 -> 44248668
DŽ: 43843377 -> 44195560
DŽ: 43843377 -> 43843377
DŽ: 43843377 -> 43843377
DŽ: 43935742 -> 44226749
DŽ: 43843377 -> 43843377
DŽ: 44670359 -> 44465947

 start over 1506936 loops 1603 unique solutions 
Approx + random 
DŽ: 47367180 -> 44853848
DŽ: 43935742 -> 43929758
DŽ: 43843377 -> 44260022
DŽ: 44807879 -> 44947978
DŽ: 43843377 -> 44195560
DŽ: 43963465 -> 44291721
DŽ: 44049846 -> 44242123
DŽ: 43929758 -> 44037720
DŽ: 44022732 -> 44303522
DŽ: 44037720 -> 44389903
DŽ: 43861662 -> 43995248
DŽ: 43843377 -> 43843377
DŽ: 44947978 -> 44947978
DŽ: 44947978 -> 45424062
DŽ: 43849361 -> 43843377
DŽ: 43904755 -> 44173641
DŽ: 43929758 -> 44260022
DŽ: 43843377 -> 43843377
DŽ: 43843377 -> 43843377
DŽ: 44139758 -> 44173641
DŽ: 43969576 -> 44389903
DŽ: 43929758 -> 44281941
DŽ: 43843377 -> 43843377
DŽ: 44046962 -> 44177385
DŽ: 43843377 -> 43843377
DŽ: 44046962 -> 43951339
DŽ: 43951339 -> 44095153
DŽ: 43929758 -> 44260022
DŽ: 43896485 -> 43843377
DŽ: 43843377 -> 43843377
DŽ: 43935742 -> 43896485
DŽ: 44281941 -> 44195560
DŽ: 43867646 -> 43973262
DŽ: 43843377 -> 43843377
DŽ: 43843377 -> 43843377
DŽ: 44764573 -> 45114511
DŽ: 43843377 -> 44195560
DŽ: 43843377 -> 43843377
DŽ: 43867646 -> 43843377
DŽ: 43935742 -> 43929758
DŽ: 44192866 -> 44139758
DŽ: 43843377 -> 43843377

 start over 1547347 loops 1643 unique solutions 
Original + vert_size 13 
DŽ: 45729862 -> 44565602
DŽ: 44173641 -> 44173641
DŽ: 43843377 -> 43843377
DŽ: 43843377 -> 43843377
DŽ: 43969576 -> 43929758
DŽ: 44325632 -> 44139758
DŽ: 43843377 -> 43843377
DŽ: 44325632 -> 44139758
DŽ: 44340620 -> 44260022
DŽ: 43843377 -> 43843377
DŽ: 43929758 -> 43896485
DŽ: 43849361 -> 44325512
DŽ: 43880897 -> 44173641
DŽ: 43843377 -> 43843377
DŽ: 43843377 -> 43843377
DŽ: 44307367 -> 44630400
DŽ: 43843377 -> 43843377
DŽ: 44250939 -> 44491941
DŽ: 44137194 -> 43973262
DŽ: 43843377 -> 43843377
DŽ: 43843377 -> 43843377
DŽ: 43843377 -> 43843377
DŽ: 44201136 -> 44139758
DŽ: 43963465 -> 43843377
DŽ: 44139758 -> 44173641
DŽ: 43935742 -> 43929758
DŽ: 43861662 -> 43929758
DŽ: 43843377 -> 43843377
DŽ: 43843377 -> 43843377
DŽ: 43929758 -> 43843377
DŽ: 43963465 -> 43843377
DŽ: 43929758 -> 43896485
DŽ: 43843377 -> 43843377

 start over 1579181 loops 1671 unique solutions 
Approx + random 
DŽ: 47367180 -> 45144082
DŽ: 43963465 -> 44195560
DŽ: 44216947 -> 44525824
DŽ: 43843377 -> 43843377
DŽ: 43843377 -> 43843377
DŽ: 43843377 -> 43843377
DŽ: 43843377 -> 43843377
DŽ: 43843377 -> 43843377
DŽ: 44226139 -> 44260022
DŽ: 43961472 -> 43843377
DŽ: 43843377 -> 43843377
DŽ: 43961472 -> 44281941
DŽ: 44127210 -> 43951339
DŽ: 43961472 -> 43843377
DŽ: 43969576 -> 43896485
DŽ: 44030954 -> 44077838
DŽ: 43843377 -> 43843377
DŽ: 43843377 -> 43843377
DŽ: 43964363 -> 44260022
DŽ: 43843377 -> 43843377
DŽ: 43843377 -> 44195560
DŽ: 44074923 -> 45248557
DŽ: 43843377 -> 43843377
DŽ: 43843377 -> 43843377
DŽ: 43843377 -> 43843377
DŽ: 43929758 -> 43929758
DŽ: 44076713 -> 44195560
DŽ: 43843377 -> 43843377
DŽ: 43861662 -> 44195560
DŽ: 44329708 -> 44260022
DŽ: 43861662 -> 44195560
DŽ: 43843377 -> 43843377
DŽ: 43843377 -> 43843377
DŽ: 43843377 -> 44195560
DŽ: 43861662 -> 44195560
DŽ: 43843377 -> 44195560
DŽ: 43867646 -> 44173641
DŽ: 43843377 -> 44857697
DŽ: 43843377 -> 43843377
DŽ: 43861662 -> 44505514
DŽ: 43896485 -> 43973262
DŽ: 43843377 -> 44195560

 start over 1620262 loops 1705 unique solutions 
Original + vert_size 13 
DŽ: 45729862 -> 45024107
DŽ: 43843377 -> 43939538
DŽ: 43843377 -> 43843377
DŽ: 43929758 -> 43929758
DŽ: 43880897 -> 43843377
DŽ: 43843377 -> 43843377
DŽ: 43939538 -> 44003419
DŽ: 43843377 -> 43843377
DŽ: 43935742 -> 44260022
DŽ: 43843377 -> 43843377
DŽ: 44260022 -> 44260022
DŽ: 43929758 -> 44281941
DŽ: 43843377 -> 43843377
DŽ: 44076713 -> 43843377
DŽ: 43843377 -> 43843377
DŽ: 43843377 -> 44334711
DŽ: 44158043 -> 44139758
DŽ: 43843377 -> 43843377
DŽ: 43843377 -> 43843377
DŽ: 44281603 -> 44281603
DŽ: 43843377 -> 43843377
DŽ: 43843377 -> 43843377
DŽ: 43843377 -> 43843377
DŽ: 44213591 -> 44242123
DŽ: 44281603 -> 44281603
DŽ: 43941192 -> 44195560
DŽ: 43941192 -> 43843377
DŽ: 43861662 -> 43896485
DŽ: 43843377 -> 43843377
DŽ: 43935742 -> 43896485
DŽ: 43843377 -> 43843377
DŽ: 43843377 -> 43843377
DŽ: 43896485 -> 43843377
DŽ: 44195560 -> 44195560
DŽ: 43924631 -> 44195560
DŽ: 43843377 -> 43843377
DŽ: 43964363 -> 44281941
DŽ: 43861662 -> 44918293
DŽ: 43964363 -> 43929758
DŽ: 43999444 -> 43929758
DŽ: 43892105 -> 44281941
DŽ: 44281603 -> 44281603

 start over 1661496 loops 1749 unique solutions 
Original + vert_size 0 
DŽ: 45729862 -> 44565602
DŽ: 43843377 -> 43843377
DŽ: 43939538 -> 43939538
DŽ: 44119688 -> 43951339
DŽ: 43935742 -> 43896485
DŽ: 43861662 -> 43843377
DŽ: 43935742 -> 43896485
DŽ: 43939538 -> 43843377
DŽ: 43843377 -> 44195560
DŽ: 43843377 -> 43843377
DŽ: 43843377 -> 43843377
DŽ: 43843377 -> 44195560
DŽ: 43843377 -> 43843377
DŽ: 44213419 -> 44226749
DŽ: 43929758 -> 44281941
DŽ: 43843377 -> 43843377
DŽ: 43843377 -> 43843377
DŽ: 43843377 -> 43843377
DŽ: 43843377 -> 43843377
DŽ: 44213419 -> 44281603
DŽ: 44213419 -> 44139758
DŽ: 44139758 -> 44139758
DŽ: 44226749 -> 44173641
DŽ: 43843377 -> 43843377
DŽ: 44145396 -> 43843377
DŽ: 43843377 -> 43843377
DŽ: 43843377 -> 43843377
DŽ: 43935742 -> 43896485
DŽ: 44139758 -> 45527039
DŽ: 43969449 -> 43843377
DŽ: 43843377 -> 43843377
DŽ: 43963465 -> 43843377
DŽ: 44213419 -> 44612205
DŽ: 43843377 -> 43843377
DŽ: 43843377 -> 43843377

 start over 1695294 loops 1786 unique solutions 
Approx + random 
DŽ: 47367180 -> 45430427
DŽ: 43843377 -> 43843377
DŽ: 43843377 -> 43843377
DŽ: 44139758 -> 44525824
DŽ: 44560837 -> 44662276
DŽ: 43843377 -> 43843377
DŽ: 44665925 -> 44334711
DŽ: 43843377 -> 43843377
DŽ: 44662276 -> 44631091
DŽ: 43843377 -> 43843377
DŽ: 44364855 -> 44545049
DŽ: 44213419 -> 44491941
DŽ: 44560837 -> 44300828
DŽ: 43843377 -> 43843377
DŽ: 43843377 -> 43843377
DŽ: 43843377 -> 43843377
DŽ: 44226996 -> 44139758
DŽ: 44370839 -> 44379955
DŽ: 44139758 -> 44139758
DŽ: 43843377 -> 43843377
DŽ: 43843377 -> 43843377
DŽ: 44343067 -> 44525824
DŽ: 44303477 -> 44260022
DŽ: 44226996 -> 44269643
DŽ: 44201136 -> 44173641
DŽ: 44293980 -> 44226139
DŽ: 43843377 -> 43843377
DŽ: 43843377 -> 43843377
DŽ: 43843377 -> 43843377
DŽ: 44222889 -> 44173641
DŽ: 44300828 -> 44334101
DŽ: 44132145 -> 44195560
DŽ: 43843377 -> 43843377

 start over 1727181 loops 1821 unique solutions 
Original + vert_size 0 
DŽ: 45729862 -> 44565602
DŽ: 43843377 -> 43843377
DŽ: 44226139 -> 44192866
DŽ: 44194829 -> 44579324
DŽ: 43843377 -> 43843377
DŽ: 43843377 -> 43843377
DŽ: 44250223 -> 44139758
DŽ: 43843377 -> 43843377
DŽ: 44380905 -> 44334101
DŽ: 44313377 -> 44192866
DŽ: 44213419 -> 44491941
DŽ: 43843377 -> 43843377
DŽ: 44367139 -> 44173641
DŽ: 43843377 -> 43843377
DŽ: 44139758 -> 44442109
DŽ: 43843377 -> 43843377
DŽ: 44156963 -> 43843377
DŽ: 43843377 -> 43843377
DŽ: 44189006 -> 45154078
DŽ: 44049846 -> 43929758
DŽ: 44231933 -> 44587929
DŽ: 43843377 -> 43843377
DŽ: 44380905 -> 44334101
DŽ: 44148248 -> 44195560
DŽ: 43843377 -> 43843377
DŽ: 44008772 -> 44008772
DŽ: 44194257 -> 43929758
DŽ: 44367139 -> 44260022
DŽ: 43843377 -> 43843377
DŽ: 44049846 -> 44260022
DŽ: 44139758 -> 44293574
DŽ: 43892625 -> 44195560
DŽ: 44367139 -> 44173641
DŽ: 43843377 -> 43843377

 start over 1760499 loops 1850 unique solutions 
Original + vert_size 13 
DŽ: 45729862 -> 44842484
DŽ: 44145742 -> 44139758
DŽ: 43843377 -> 44319461
DŽ: 44319461 -> 44281941
DŽ: 44156963 -> 43843377
DŽ: 43843377 -> 43843377
DŽ: 44213419 -> 44173641
DŽ: 43843377 -> 44281941
DŽ: 43843377 -> 43843377
DŽ: 43843377 -> 43843377
DŽ: 44173641 -> 44303526
DŽ: 43902469 -> 44195560
DŽ: 44213419 -> 44173641
DŽ: 43849361 -> 44281603
DŽ: 43843377 -> 43843377
DŽ: 43843377 -> 43843377
DŽ: 43843377 -> 43843377
DŽ: 44319461 -> 44281941
DŽ: 44297613 -> 44291629
DŽ: 44297613 -> 44378620
DŽ: 43979006 -> 44281941
DŽ: 44378620 -> 45400428
DŽ: 44480516 -> 44226139
DŽ: 43910910 -> 44195560
DŽ: 43969576 -> 43896485
DŽ: 43979006 -> 43929758
DŽ: 43935742 -> 43929758
DŽ: 44281603 -> 44281603
DŽ: 44232123 -> 44578932
DŽ: 43935742 -> 44260022
DŽ: 44071427 -> 44185800
DŽ: 43896485 -> 43843377
DŽ: 44305784 -> 44226749
DŽ: 43901480 -> 43843377
DŽ: 43843377 -> 43843377
DŽ: 43896485 -> 43843377
DŽ: 43935742 -> 44319461
DŽ: 43843377 -> 43843377
DŽ: 43929758 -> 43896485
DŽ: 43843377 -> 44173641
DŽ: 43843377 -> 43963310

 start over 1800257 loops 1888 unique solutions 
Original + vert_size 13 
DŽ: 45729862 -> 44565602
DŽ: 44281603 -> 44633786
DŽ: 44192866 -> 44269643
DŽ: 43843377 -> 43843377
DŽ: 43843377 -> 43843377
DŽ: 44145742 -> 44192866
DŽ: 44145742 -> 44139758
DŽ: 43843377 -> 43843377
DŽ: 43843377 -> 43843377
DŽ: 43929758 -> 43929758
DŽ: 43849361 -> 44173641
DŽ: 44071427 -> 43951339
DŽ: 43843377 -> 43843377
DŽ: 43935742 -> 44226749
DŽ: 44145742 -> 44525824
DŽ: 43843377 -> 43843377
DŽ: 44173641 -> 44649725
DŽ: 44139758 -> 44649725
DŽ: 43843377 -> 43843377
DŽ: 44139758 -> 44139758
DŽ: 43843377 -> 43843377
DŽ: 44649725 -> 44612205
DŽ: 43843377 -> 43843377
DŽ: 44281371 -> 44226139
DŽ: 44247720 -> 44281603
DŽ: 43843377 -> 43843377
DŽ: 44158043 -> 44612205
DŽ: 44191926 -> 44173641
DŽ: 44281603 -> 44411488
DŽ: 44311807 -> 44334101
DŽ: 43843377 -> 43843377
DŽ: 44226139 -> 44378010
DŽ: 44185560 -> 44898056
DŽ: 43843377 -> 43843377
DŽ: 44232123 -> 44226139

 start over 1834747 loops 1926 unique solutions 
Approx + random 
DŽ: 47367180 -> 45227375
DŽ: 43843377 -> 43843377
DŽ: 43843377 -> 43843377
DŽ: 43843377 -> 43843377
DŽ: 44145742 -> 44491941
DŽ: 44145742 -> 44313065
DŽ: 44164027 -> 44173641
DŽ: 43843377 -> 43843377
DŽ: 44139758 -> 44173641
DŽ: 44145742 -> 44565602
DŽ: 43995248 -> 43947953
DŽ: 44139758 -> 44491941
DŽ: 43843377 -> 43843377
DŽ: 44259691 -> 44139758
DŽ: 44145742 -> 44139758
DŽ: 43843377 -> 44195560
DŽ: 43849361 -> 44303526
DŽ: 44156963 -> 44173641
DŽ: 44229014 -> 44801895
DŽ: 44262506 -> 44491941
DŽ: 44191568 -> 44195560
DŽ: 44300611 -> 44572387
DŽ: 44229014 -> 44244334
DŽ: 43947953 -> 44195560
DŽ: 44300611 -> 44260022
DŽ: 44213459 -> 44525824
DŽ: 43935742 -> 44331325
DŽ: 44127210 -> 44173641
DŽ: 44107876 -> 43973262
DŽ: 44204745 -> 44139758
DŽ: 43843377 -> 43929758
DŽ: 44156963 -> 43843377
DŽ: 43843377 -> 43843377
DŽ: 44139758 -> 44173641
DŽ: 44127210 -> 43843377
DŽ: 44139758 -> 44525824
DŽ: 43929758 -> 43929758
DŽ: 44262897 -> 44173641
DŽ: 43935742 -> 44004447

 start over 1872831 loops 1956 unique solutions 
Original + vert_size 0 
DŽ: 45729862 -> 44565602
DŽ: 44229014 -> 44491941
DŽ: 44139758 -> 44278217
DŽ: 44107876 -> 43843377
DŽ: 43843377 -> 43843377
DŽ: 44173641 -> 44612205
DŽ: 43981861 -> 43917038
DŽ: 43843377 -> 43843377
DŽ: 44565602 -> 44491941
DŽ: 43898609 -> 43843377
DŽ: 43843377 -> 43843377
DŽ: 44213591 -> 44195560
DŽ: 44271976 -> 44173641
DŽ: 43843377 -> 43843377
DŽ: 44204745 -> 44139758
DŽ: 44139758 -> 44139758
DŽ: 43843377 -> 43843377
DŽ: 44173641 -> 44281941
DŽ: 43843377 -> 43843377
DŽ: 43843377 -> 44173641
DŽ: 44213591 -> 43929758
DŽ: 43843377 -> 43843377
DŽ: 44612205 -> 44612205
DŽ: 43843377 -> 43843377
DŽ: 43843377 -> 43843377
DŽ: 43969576 -> 43843377
DŽ: 44143178 -> 43843377
DŽ: 44179625 -> 44173641
DŽ: 44324771 -> 43917038
DŽ: 43929758 -> 44649725
DŽ: 44049846 -> 44635399
DŽ: 43843377 -> 43843377
DŽ: 43843377 -> 43843377
DŽ: 43964363 -> 43929758

 start over 1905308 loops 1993 unique solutions 
Original + vert_size 13 
DŽ: 45729862 -> 44788929
DŽ: 43843377 -> 43843377
DŽ: 43843377 -> 43843377
DŽ: 43843377 -> 43843377
DŽ: 44246899 -> 44491941
DŽ: 44259691 -> 44173641
DŽ: 44302275 -> 44195560
DŽ: 44179625 -> 44226749
DŽ: 43843377 -> 43843377
DŽ: 43969449 -> 44195560
DŽ: 44139758 -> 44173641
DŽ: 43843377 -> 43843377
DŽ: 44127210 -> 43843377
DŽ: 43843377 -> 43843377
DŽ: 44201136 -> 44139758
DŽ: 43843377 -> 43843377
DŽ: 43987734 -> 43929758
DŽ: 44179625 -> 44173641
DŽ: 44491941 -> 44491941
DŽ: 43843377 -> 43843377
DŽ: 44491941 -> 44491941
DŽ: 43843377 -> 43843377
DŽ: 44302275 -> 44525824
DŽ: 44139758 -> 44139758
DŽ: 43843377 -> 43843377
DŽ: 43843377 -> 43973262
DŽ: 43843377 -> 43843377
DŽ: 43935742 -> 43929758
DŽ: 43843377 -> 43843377
DŽ: 43907464 -> 43843377
DŽ: 43907464 -> 43896485
DŽ: 44188845 -> 44525824
DŽ: 43843377 -> 43843377
DŽ: 43843377 -> 43843377
DŽ: 43963465 -> 43843377
DŽ: 43843377 -> 43843377
DŽ: 43880897 -> 44319461
DŽ: 43935742 -> 44226749
DŽ: 44259221 -> 44226139

 start over 1943286 loops 2026 unique solutions 
Approx + random 
DŽ: 47367180 -> 45267153
DŽ: 45097320 -> 44615842
DŽ: 43843377 -> 43843377
DŽ: 43843377 -> 43843377
DŽ: 44179625 -> 45187961
DŽ: 43843377 -> 43843377
DŽ: 43929758 -> 44004447
DŽ: 43843377 -> 43843377
DŽ: 44201136 -> 44173641
DŽ: 43843377 -> 43843377
DŽ: 43892625 -> 43973262
DŽ: 43843377 -> 43843377
DŽ: 44004447 -> 44427423
DŽ: 44879319 -> 44525824
DŽ: 44879319 -> 44757687
DŽ: 43843377 -> 43843377
DŽ: 43843377 -> 43843377
DŽ: 43843377 -> 43843377
DŽ: 44232123 -> 44260022
DŽ: 43843377 -> 43843377
DŽ: 44402589 -> 44411488
DŽ: 44213459 -> 44649725
DŽ: 44260022 -> 44319461
DŽ: 43843377 -> 43843377
DŽ: 44232123 -> 44572387
DŽ: 43843377 -> 43843377
DŽ: 43970347 -> 44025919
DŽ: 43926249 -> 43947953
DŽ: 44222889 -> 44173641
DŽ: 43843377 -> 43843377
DŽ: 44222889 -> 44633786
DŽ: 43843377 -> 43843377
DŽ: 43935742 -> 44195560
DŽ: 44071427 -> 43951339
DŽ: 43969015 -> 44001061
DŽ: 43902469 -> 43843377
DŽ: 44219575 -> 43967278
DŽ: 43843377 -> 43843377
DŽ: 43843377 -> 43951339
DŽ: 43892625 -> 44195560
DŽ: 44011012 -> 43929758

 start over 1983497 loops 2063 unique solutions 
Original + vert_size 0 
DŽ: 45729862 -> 44565602
DŽ: 43843377 -> 44525824
DŽ: 43849361 -> 44195560
DŽ: 43849361 -> 44635399
DŽ: 43843377 -> 43843377
DŽ: 43843377 -> 43843377
DŽ: 44450350 -> 44444366
DŽ: 43843377 -> 43843377
DŽ: 44366466 -> 44343304
DŽ: 44444366 -> 44444366
DŽ: 43929758 -> 43896485
DŽ: 44597879 -> 44699857
DŽ: 44271989 -> 44281603
DŽ: 44444366 -> 44444366
DŽ: 44444366 -> 44796549
DŽ: 44049691 -> 44371168
DŽ: 43843377 -> 43843377
DŽ: 43935742 -> 43929758
DŽ: 43843377 -> 43843377
DŽ: 43896485 -> 43973262
DŽ: 43843377 -> 43843377
DŽ: 43907464 -> 43843377
DŽ: 44450350 -> 44796549
DŽ: 44444366 -> 44003419
DŽ: 44299369 -> 44003419
DŽ: 43867646 -> 44857697
DŽ: 43935742 -> 43929758
DŽ: 43843377 -> 43843377
DŽ: 43843377 -> 43843377
DŽ: 43929758 -> 44612205
DŽ: 43843377 -> 43843377
DŽ: 43843377 -> 43843377
DŽ: 43867646 -> 43843377
DŽ: 44450350 -> 44003419
DŽ: 43843377 -> 43951339
DŽ: 43867646 -> 44300136
DŽ: 44450350 -> 45274342
DŽ: 43843377 -> 43843377
DŽ: 43951339 -> 43951339
DŽ: 43843377 -> 43843377

 start over 2022304 loops 2105 unique solutions 
Approx + random 
DŽ: 47367180 -> 45030597
DŽ: 43843377 -> 43843377
DŽ: 44444366 -> 44444366
DŽ: 43843377 -> 43843377
DŽ: 43867646 -> 44173641
DŽ: 43843377 -> 43843377
DŽ: 43843377 -> 43843377
DŽ: 43843377 -> 43843377
DŽ: 43843377 -> 43843377
DŽ: 44173641 -> 44260022
DŽ: 43843377 -> 43843377
DŽ: 44479861 -> 44922635
DŽ: 43999444 -> 43929758
DŽ: 44479861 -> 45238866
DŽ: 44127210 -> 43843377
DŽ: 44444366 -> 43929758
DŽ: 44216885 -> 44269221
DŽ: 43843377 -> 43843377
DŽ: 43843377 -> 43843377
DŽ: 44444366 -> 44003419
DŽ: 43929758 -> 43929758
DŽ: 43843377 -> 43843377
DŽ: 44444366 -> 44487870
DŽ: 44173641 -> 44173641
DŽ: 43843377 -> 43843377
DŽ: 43843377 -> 43843377
DŽ: 43923022 -> 43967278
DŽ: 44127210 -> 43843377
DŽ: 43843377 -> 43973262
DŽ: 44003419 -> 44281941
DŽ: 43929758 -> 44366173
DŽ: 44127210 -> 43843377
DŽ: 43843377 -> 43843377
DŽ: 43843377 -> 43843377
DŽ: 43843377 -> 44195560
DŽ: 43963716 -> 43843377
DŽ: 43843377 -> 43843377
DŽ: 43843377 -> 43843377
DŽ: 43843377 -> 43843377
DŽ: 43843377 -> 43843377
DŽ: 43843377 -> 43843377
DŽ: 43843377 -> 43843377

 start over 2063318 loops 2140 unique solutions 
Original + vert_size 0 
DŽ: 45729862 -> 44565602
DŽ: 43849361 -> 43929758
DŽ: 43843377 -> 43843377
DŽ: 44173641 -> 44173641
DŽ: 44003419 -> 44281941
DŽ: 43843377 -> 43843377
DŽ: 43929758 -> 44367984
DŽ: 43923022 -> 43843377
DŽ: 43861662 -> 43973262
DŽ: 43929758 -> 44248668
DŽ: 44137194 -> 43843377
DŽ: 43843377 -> 43843377
DŽ: 43880897 -> 44195560
DŽ: 43843377 -> 43843377
DŽ: 43843377 -> 43843377
DŽ: 43843377 -> 43843377
DŽ: 43929758 -> 43929758
DŽ: 43843377 -> 43973262
DŽ: 43843377 -> 44173641
DŽ: 43843377 -> 43843377
DŽ: 43935742 -> 44242123
DŽ: 43843377 -> 43843377
DŽ: 43843377 -> 43951339
DŽ: 44444366 -> 44107995
DŽ: 44009403 -> 43929758
DŽ: 43843377 -> 43843377
DŽ: 43843377 -> 43843377
DŽ: 44009403 -> 44037720
DŽ: 43929758 -> 44248668
DŽ: 44009403 -> 44281941
DŽ: 44049691 -> 43929758
DŽ: 43843377 -> 43843377
DŽ: 43929758 -> 44281941
DŽ: 43843377 -> 43843377
DŽ: 43843377 -> 43843377
DŽ: 43843377 -> 43843377
DŽ: 43935742 -> 44281941
DŽ: 43929758 -> 43896485

 start over 2100721 loops 2182 unique solutions 
Original + vert_size 0 
DŽ: 45729862 -> 44565602
DŽ: 43929758 -> 44248668
DŽ: 43843377 -> 44975202
DŽ: 43843377 -> 43843377
DŽ: 43929758 -> 43896485
DŽ: 44009403 -> 43929758
DŽ: 43843377 -> 43973262
DŽ: 43899182 -> 43947953
DŽ: 43883195 -> 43843377
DŽ: 43861662 -> 43843377
DŽ: 43843377 -> 44505514
DŽ: 43843377 -> 43843377
DŽ: 43896485 -> 43843377
DŽ: 43843377 -> 43843377
DŽ: 43843377 -> 43843377
DŽ: 44226139 -> 44491941
DŽ: 43899182 -> 44195560
DŽ: 43843377 -> 43843377
DŽ: 43904755 -> 44610090
DŽ: 43883195 -> 44857697
DŽ: 43843377 -> 43843377
DŽ: 43843377 -> 43843377
DŽ: 43843377 -> 43843377
DŽ: 43843377 -> 43843377
DŽ: 43843377 -> 43843377
DŽ: 43899182 -> 44525824
DŽ: 43843377 -> 43843377
DŽ: 43843377 -> 43843377
DŽ: 43843377 -> 43843377
DŽ: 44049846 -> 43896485
DŽ: 43849361 -> 43843377
DŽ: 43843377 -> 43843377
DŽ: 43883195 -> 43843377
DŽ: 43843377 -> 44195560
DŽ: 43843377 -> 44111845
DŽ: 43904755 -> 43973262
DŽ: 43849361 -> 44281941
DŽ: 43843377 -> 43843377
DŽ: 44019270 -> 43973262
DŽ: 43843377 -> 44195560
DŽ: 43843377 -> 43843377

 start over 2140181 loops 2216 unique solutions 
Original + vert_size 0 
DŽ: 45729862 -> 44565602
DŽ: 43899182 -> 43843377
DŽ: 43904755 -> 43843377
DŽ: 43843377 -> 43843377
DŽ: 43843377 -> 44319461
DŽ: 43904755 -> 44195560
DŽ: 43843377 -> 43843377
DŽ: 43843377 -> 43843377
DŽ: 43904755 -> 44300136
DŽ: 43953937 -> 44173641
DŽ: 44139758 -> 44139758
DŽ: 43953937 -> 44281941
DŽ: 43843377 -> 43843377
DŽ: 43929758 -> 44281941
DŽ: 44440800 -> 44173641
DŽ: 44276728 -> 44242123
DŽ: 43941353 -> 43973262
DŽ: 44242123 -> 44346699
DŽ: 43843377 -> 43843377
DŽ: 43843377 -> 43843377
DŽ: 43941353 -> 43947953
DŽ: 43843377 -> 44195560
DŽ: 43843377 -> 44173641
DŽ: 44062490 -> 43929758
DŽ: 43843377 -> 43843377
DŽ: 43843377 -> 43843377
DŽ: 44173641 -> 44303526
DŽ: 43843377 -> 43843377
DŽ: 44034858 -> 43929758
DŽ: 43914770 -> 43843377
DŽ: 43843377 -> 43843377
DŽ: 43843377 -> 43843377
DŽ: 44237573 -> 44525824
DŽ: 44235019 -> 44303526
DŽ: 44179625 -> 44173641
DŽ: 44139758 -> 44801895
DŽ: 43953937 -> 43843377
DŽ: 43843377 -> 43843377

 start over 2177867 loops 2258 unique solutions 
Original + vert_size 0 
DŽ: 45729862 -> 44565602
DŽ: 44226139 -> 44226139
DŽ: 43843377 -> 43843377
DŽ: 43843377 -> 43843377
DŽ: 43867646 -> 43917038
DŽ: 43843377 -> 43843377
DŽ: 43843377 -> 43843377
DŽ: 44211151 -> 44572387
DŽ: 43929758 -> 43929758
DŽ: 43843377 -> 43843377
DŽ: 43843377 -> 43843377
DŽ: 43843377 -> 43843377
DŽ: 44188486 -> 44173641
DŽ: 44061441 -> 43843377
DŽ: 44173641 -> 44173641
DŽ: 44211151 -> 44325512
DŽ: 44194257 -> 43896485
DŽ: 44211151 -> 44525824
DŽ: 43941353 -> 43929758
DŽ: 43843377 -> 43843377
DŽ: 43929758 -> 43896485
DŽ: 44158043 -> 44173641
DŽ: 43843377 -> 43843377
DŽ: 44139758 -> 44139758
DŽ: 44012713 -> 43843377
DŽ: 43843377 -> 43843377
DŽ: 43843377 -> 43843377
DŽ: 44139758 -> 44139758
DŽ: 44173641 -> 44173641
DŽ: 43843377 -> 44195560
DŽ: 43843377 -> 43843377
DŽ: 43929758 -> 44248668
DŽ: 44158043 -> 44192866
DŽ: 43843377 -> 43843377

 start over 2210437 loops 2289 unique solutions 
Original + vert_size 0 
DŽ: 45729862 -> 44565602
DŽ: 44139758 -> 44139758
DŽ: 43843377 -> 43843377
DŽ: 43843377 -> 43843377
DŽ: 44213419 -> 44139758
DŽ: 44139758 -> 44139758
DŽ: 43843377 -> 43843377
DŽ: 44213419 -> 45560922
DŽ: 44139758 -> 44260022
DŽ: 44139758 -> 44525824
DŽ: 44145742 -> 44173641
DŽ: 44226139 -> 44192866
DŽ: 44194257 -> 43973262
DŽ: 44145742 -> 44173641
DŽ: 44139758 -> 44525824
DŽ: 44176297 -> 44195560
DŽ: 44139758 -> 44303522
DŽ: 43843377 -> 44303526
DŽ: 43843377 -> 43843377
DŽ: 43849361 -> 43947953
DŽ: 44219575 -> 43929758
DŽ: 43843377 -> 43843377
DŽ: 43957323 -> 43951339
DŽ: 44192866 -> 44491941
DŽ: 43843377 -> 43843377
DŽ: 43843377 -> 43843377
DŽ: 44111224 -> 43896485
DŽ: 44188999 -> 44195560
DŽ: 43849361 -> 43843377
DŽ: 43843377 -> 43843377
DŽ: 43843377 -> 43843377
DŽ: 44200241 -> 44944078
DŽ: 43908364 -> 43843377
DŽ: 43843377 -> 43843377
DŽ: 44145742 -> 44226139
DŽ: 43843377 -> 44195560

 start over 2245920 loops 2321 unique solutions 
Original + vert_size 13 
DŽ: 45729862 -> 44399106
DŽ: 44127210 -> 43939538
DŽ: 43849361 -> 44195560
DŽ: 43843377 -> 43843377
DŽ: 43929758 -> 44281941
DŽ: 43954003 -> 43843377
DŽ: 43849361 -> 44195560
DŽ: 43929758 -> 43896485
DŽ: 44008772 -> 44008772
DŽ: 44260022 -> 44260022
DŽ: 44213419 -> 44619142
DŽ: 43849361 -> 43929758
DŽ: 44394859 -> 44612205
DŽ: 44237510 -> 44226139
DŽ: 43843377 -> 43843377
DŽ: 43929758 -> 44248668
DŽ: 43843377 -> 43843377
DŽ: 43929758 -> 43929758
DŽ: 43929758 -> 43929758
DŽ: 43941353 -> 43963310
DŽ: 43843377 -> 44173641
DŽ: 43843377 -> 43843377
DŽ: 43843377 -> 44195560
DŽ: 43963310 -> 44425417
DŽ: 44169414 -> 44139758
DŽ: 44211151 -> 44649625
DŽ: 43843377 -> 43843377
DŽ: 43843377 -> 43843377
DŽ: 43849361 -> 44125133
DŽ: 43849361 -> 43843377
DŽ: 44139758 -> 44491941
DŽ: 43974999 -> 44248668
DŽ: 43843377 -> 43843377
DŽ: 43843377 -> 43843377
DŽ: 44260022 -> 44297542
DŽ: 43929758 -> 44319461
DŽ: 44226139 -> 44226139
DŽ: 43843377 -> 43843377
DŽ: 43843377 -> 43843377

 start over 2283605 loops 2365 unique solutions 
Original + vert_size 13 
DŽ: 45729862 -> 44266527
DŽ: 44139758 -> 44173641
DŽ: 43843377 -> 43843377
DŽ: 43929758 -> 44319461
DŽ: 44266959 -> 44578322
DŽ: 43843377 -> 43843377
DŽ: 43849361 -> 43843377
DŽ: 43849361 -> 43843377
DŽ: 44228862 -> 43973262
DŽ: 43843377 -> 43843377
DŽ: 43924631 -> 44195560
DŽ: 43843377 -> 44505514
DŽ: 43843377 -> 43843377
DŽ: 43849361 -> 44629415
DŽ: 43905166 -> 44297542
DŽ: 43929758 -> 43929758
DŽ: 44629415 -> 45073625
DŽ: 43843377 -> 43843377
DŽ: 44158043 -> 44525824
DŽ: 44260744 -> 44226139
DŽ: 43916894 -> 43843377
DŽ: 43929758 -> 43973262
DŽ: 43969449 -> 43896485
DŽ: 43843377 -> 43843377
DŽ: 43973262 -> 43973262
DŽ: 44173641 -> 44173641
DŽ: 43843377 -> 43843377
DŽ: 43935742 -> 43929758
DŽ: 43973262 -> 43896485
DŽ: 44266527 -> 44688249
DŽ: 43843377 -> 43843377
DŽ: 43843377 -> 43843377
DŽ: 44266527 -> 43843377
DŽ: 43843377 -> 43843377
DŽ: 43843377 -> 43843377
DŽ: 44309250 -> 44046923
DŽ: 43843377 -> 43843377

 start over 2319600 loops 2396 unique solutions 
Original + vert_size 13 
DŽ: 45729862 -> 44565602
DŽ: 44466866 -> 44393122
DŽ: 43843377 -> 43843377
DŽ: 44194257 -> 43929758
DŽ: 43843377 -> 43843377
DŽ: 43843377 -> 44260022
DŽ: 43978845 -> 44281941
DŽ: 45073625 -> 45419824
DŽ: 43910910 -> 44303526
DŽ: 43843377 -> 43843377
DŽ: 43973262 -> 43973262
DŽ: 43843377 -> 43843377
DŽ: 43843377 -> 43843377
DŽ: 44194257 -> 44281941
DŽ: 43843377 -> 43843377
DŽ: 43843377 -> 43843377
DŽ: 43929758 -> 44260022
DŽ: 43843377 -> 43843377
DŽ: 44009442 -> 43951339
DŽ: 43929758 -> 44918293
DŽ: 43843377 -> 43843377
DŽ: 43843377 -> 43843377
DŽ: 43929758 -> 43929758
DŽ: 43929758 -> 44281941
DŽ: 44260022 -> 44303526
DŽ: 43843377 -> 43843377
DŽ: 43935742 -> 43896485
DŽ: 44266728 -> 44615842
DŽ: 43843377 -> 43843377
DŽ: 43929758 -> 44319461
DŽ: 43935742 -> 44037720
DŽ: 43929758 -> 43896485
DŽ: 43880897 -> 43843377
DŽ: 43929758 -> 43929758
DŽ: 43843377 -> 43843377
DŽ: 43843377 -> 43843377
DŽ: 43843377 -> 43843377
DŽ: 43935742 -> 44242123

 start over 2356711 loops 2433 unique solutions 
Approx + random 
DŽ: 47367180 -> 45119303
DŽ: 44266728 -> 44260022
DŽ: 43843377 -> 43843377
DŽ: 43843377 -> 43843377
DŽ: 44260022 -> 44260022
DŽ: 43935742 -> 43896485
DŽ: 43935742 -> 43896485
DŽ: 43843377 -> 43843377
DŽ: 44226139 -> 44545049
DŽ: 43843377 -> 43843377
DŽ: 43843377 -> 43843377
DŽ: 44226139 -> 44545049
DŽ: 44919504 -> 44652593
DŽ: 44265957 -> 44578932
DŽ: 43843377 -> 43843377
DŽ: 43843377 -> 43843377
DŽ: 43843377 -> 44195560
DŽ: 43843377 -> 43843377
DŽ: 43843377 -> 43843377
DŽ: 43843377 -> 43843377
DŽ: 44189006 -> 44195560
DŽ: 44126161 -> 43973262
DŽ: 43843377 -> 43843377
DŽ: 44163108 -> 43929758
DŽ: 43963465 -> 43843377
DŽ: 43843377 -> 43843377
DŽ: 43979006 -> 43929758
DŽ: 43843377 -> 43843377
DŽ: 44126161 -> 44195560
DŽ: 43935742 -> 43929758
DŽ: 43899182 -> 43843377
DŽ: 43843377 -> 43843377
DŽ: 44226139 -> 44226139
DŽ: 43929758 -> 43929758
DŽ: 43843377 -> 44981598
DŽ: 43843377 -> 43843377
DŽ: 43929758 -> 43896485

 start over 2392776 loops 2471 unique solutions 
Approx + random 
DŽ: 47367180 -> 45166582
DŽ: 44696594 -> 44037720
DŽ: 44374010 -> 44572387
DŽ: 43843377 -> 43843377
DŽ: 43843377 -> 43843377
DŽ: 43843377 -> 43843377
DŽ: 44572387 -> 44350085
DŽ: 44139758 -> 44599903
DŽ: 44226139 -> 44260022
DŽ: 44223575 -> 45052019
DŽ: 44158043 -> 44173641
DŽ: 43929758 -> 44578932
DŽ: 43843377 -> 43843377
DŽ: 44226139 -> 45017138
DŽ: 44050097 -> 43929758
DŽ: 44158043 -> 44578322
DŽ: 44089915 -> 44226749
DŽ: 44045974 -> 43947953
DŽ: 44367139 -> 44173641
DŽ: 43843377 -> 43843377
DŽ: 44171799 -> 43929758
DŽ: 44171799 -> 44081224
DŽ: 43942275 -> 44195560
DŽ: 43843377 -> 43843377
DŽ: 44195560 -> 44195560
DŽ: 43904755 -> 43843377
DŽ: 43843377 -> 43843377
DŽ: 44018824 -> 44281941
DŽ: 43849361 -> 43947953
DŽ: 43904755 -> 43843377
DŽ: 44043704 -> 44389903
DŽ: 43942275 -> 43843377
DŽ: 44043704 -> 45169545
DŽ: 43929758 -> 43896485
DŽ: 43843377 -> 43843377
DŽ: 43969624 -> 45403116
DŽ: 44171799 -> 44303522

 start over 2428858 loops 2508 unique solutions 
Approx + random 
DŽ: 47367180 -> 45407927
DŽ: 43843377 -> 43843377
DŽ: 43904755 -> 43843377
DŽ: 43843377 -> 43843377
DŽ: 43843377 -> 43951339
DŽ: 44077411 -> 43951339
DŽ: 43929758 -> 43896485
DŽ: 43929758 -> 43896485
DŽ: 43843377 -> 43843377
DŽ: 43843377 -> 43843377
DŽ: 43951339 -> 43951339
DŽ: 44139758 -> 43843377
DŽ: 44264876 -> 43951339
DŽ: 44139758 -> 44139758
DŽ: 43951339 -> 44081224
DŽ: 44223575 -> 44281941
DŽ: 43843377 -> 43843377
DŽ: 43843377 -> 43843377
DŽ: 44158043 -> 44491941
DŽ: 43896485 -> 43973262
DŽ: 43843377 -> 43843377
DŽ: 43843377 -> 43843377
DŽ: 43901480 -> 43843377
DŽ: 43843377 -> 43843377
DŽ: 43964363 -> 43929758
DŽ: 43951339 -> 44281603
DŽ: 44194829 -> 44139758
DŽ: 43843377 -> 43843377
DŽ: 44286809 -> 43951339
DŽ: 43951339 -> 43951339
DŽ: 43843377 -> 43843377
DŽ: 43843377 -> 43843377
DŽ: 43843377 -> 43843377
DŽ: 43843377 -> 43947953
DŽ: 44139758 -> 44139758
DŽ: 43843377 -> 43843377
DŽ: 43843377 -> 43843377
DŽ: 44139758 -> 44139758

 start over 2465373 loops 2536 unique solutions 
Original + vert_size 13 
DŽ: 45729862 -> 44491941
DŽ: 43861662 -> 44313065
DŽ: 43843377 -> 44525824
DŽ: 44062490 -> 43973262
DŽ: 43843377 -> 44525824
DŽ: 43843377 -> 43843377
DŽ: 43910910 -> 43843377
DŽ: 43843377 -> 43843377
DŽ: 43969449 -> 43843377
DŽ: 43969449 -> 44195560
DŽ: 44139758 -> 44491941
DŽ: 43843377 -> 43843377
DŽ: 43843377 -> 43843377
DŽ: 44411943 -> 43843377
DŽ: 43843377 -> 43843377
DŽ: 44382600 -> 44139758
DŽ: 43843377 -> 43843377
DŽ: 43843377 -> 43843377
DŽ: 44221822 -> 45410226
DŽ: 44188164 -> 44389903
DŽ: 44046582 -> 43929758
DŽ: 43843377 -> 43843377
DŽ: 43929758 -> 43929758
DŽ: 43963310 -> 45209042
DŽ: 43843377 -> 44248668
DŽ: 44943914 -> 45356519
DŽ: 44248668 -> 44525824
DŽ: 45356519 -> 45356519
DŽ: 43843377 -> 43843377
DŽ: 45065947 -> 44707447
DŽ: 45070307 -> 44333683
DŽ: 43929758 -> 44281941
DŽ: 43843377 -> 43843377
DŽ: 44164027 -> 45248557
DŽ: 45048321 -> 44303526
DŽ: 44145742 -> 44491941
DŽ: 43843377 -> 43843377
DŽ: 43843377 -> 43929758
DŽ: 44139758 -> 44139758

 start over 2503530 loops 2585 unique solutions 
Original + vert_size 13 
DŽ: 45729862 -> 44213419
DŽ: 43843377 -> 43843377
DŽ: 44479559 -> 44266527
DŽ: 44479559 -> 44300410
DŽ: 44318052 -> 44173641
DŽ: 43843377 -> 43843377
DŽ: 43843377 -> 43843377
DŽ: 43843377 -> 43843377
DŽ: 43843377 -> 43929758
DŽ: 43963465 -> 43843377
DŽ: 43843377 -> 43843377
DŽ: 44225685 -> 45214674
DŽ: 44139758 -> 44173641
DŽ: 44028452 -> 43843377
DŽ: 43889179 -> 44195560
DŽ: 43914348 -> 43843377
DŽ: 44219057 -> 44281941
DŽ: 43963465 -> 44300136
DŽ: 43843377 -> 44195560
DŽ: 43849361 -> 43843377
DŽ: 43849361 -> 44313065
DŽ: 43843377 -> 43843377
DŽ: 43935742 -> 43967278
DŽ: 44177278 -> 44491941
DŽ: 43929758 -> 43896485
DŽ: 43969700 -> 43843377
DŽ: 44090234 -> 44487870
DŽ: 44450350 -> 44411093
DŽ: 43843377 -> 43843377
DŽ: 43843377 -> 44195560
DŽ: 43861662 -> 43843377
DŽ: 43947953 -> 43973262
DŽ: 43947953 -> 43843377
DŽ: 43843377 -> 43843377
DŽ: 44342423 -> 43970146
DŽ: 43843377 -> 43843377
DŽ: 44316207 -> 44226749
DŽ: 43843377 -> 43843377

 start over 2540360 loops 2614 unique solutions 
Original + vert_size 13 
DŽ: 45729862 -> 44916145
DŽ: 44408523 -> 44491941
DŽ: 43929758 -> 43929758
DŽ: 44139758 -> 45187961
DŽ: 43843377 -> 43929758
DŽ: 44139758 -> 44139758
DŽ: 44801895 -> 45187961
DŽ: 43843377 -> 43843377
DŽ: 43843377 -> 43843377
DŽ: 44139758 -> 44173641
DŽ: 43843377 -> 43843377
DŽ: 44916145 -> 44876367
DŽ: 44801895 -> 44953766
DŽ: 44318052 -> 44173641
DŽ: 44851143 -> 45187961
DŽ: 44801895 -> 44801895
DŽ: 44252318 -> 44139758
DŽ: 44271621 -> 43929758
DŽ: 43843377 -> 43843377
DŽ: 44801895 -> 44226139
DŽ: 44139758 -> 44173641
DŽ: 43843377 -> 43843377
DŽ: 44226139 -> 44649725
DŽ: 44226139 -> 44378010
DŽ: 44226139 -> 44247720
DŽ: 44375628 -> 44676963
DŽ: 44139758 -> 44491941
DŽ: 43843377 -> 43843377
DŽ: 43843377 -> 43843377
DŽ: 44935621 -> 44244334
DŽ: 44799775 -> 44740747

 start over 2570853 loops 2650 unique solutions 
Original + vert_size 0 
DŽ: 45729862 -> 44565602
DŽ: 44139758 -> 44139758
DŽ: 44213419 -> 44139758
DŽ: 44764573 -> 44247302
DŽ: 44801895 -> 44888276
DŽ: 44898299 -> 45126813
DŽ: 44139758 -> 44491941
DŽ: 44037126 -> 44195560
DŽ: 44276896 -> 43843377
DŽ: 44156604 -> 43843377
DŽ: 43843377 -> 43843377
DŽ: 43843377 -> 43843377
DŽ: 43867646 -> 43973262
DŽ: 43963310 -> 43843377
DŽ: 44139758 -> 44139758
DŽ: 43843377 -> 43843377
DŽ: 43843377 -> 43843377
DŽ: 43867646 -> 43843377
DŽ: 44139758 -> 44525824
DŽ: 43843377 -> 43843377
DŽ: 44262667 -> 44139758
DŽ: 43963310 -> 44173641
DŽ: 43843377 -> 44303526
DŽ: 44192866 -> 44139758
DŽ: 44107876 -> 44319461
DŽ: 43963310 -> 43843377
DŽ: 43843377 -> 43843377
DŽ: 43843377 -> 43843377
end_heu: 2597572 loops with 2677 unique solutions in 1799.31 s

Calling print_solution
>>> get_solution
  refine_solution: new weight 43843377 (was 43843377) in 0.000346 s
## FINAL WEIGHT 43843377
print_solution: 0.000813 s
