Version: final-94-gfffc3aa rub_all.sh: remove longest prefix
Random seed: 1549748726
Start
>>> save_orig_graph
>> Saved weight 0
Graph loaded
|V| = 1601, |E| = 3120, |R| = 40
First clearance of the input. Calling buy_zero and run_all_heuristics.
  buy_zero: 0 zero edges in 5e-06 s
  handle_small_terminal_degrees: terms 0 in 2e-06 s
  handle_small_Steiner_degrees: steiner 0, suppress 4 in 7e-06 s
  shortest_edge_between_terminals: 0 edges in 2e-06 s
  handle_small_terminal_degrees: terms 0 in 2e-06 s
  handle_small_Steiner_degrees: steiner 0, suppress 0 in 4e-06 s
  shortest_edge_between_terminals: 0 edges in 1e-06 s
Compressed graph 1601 -> 1596
  delete_edges: deleted 4 edges in 0.000116 s and 1 rounds
  handle_small_terminal_degrees: terms 0 in 2e-06 s
  handle_small_Steiner_degrees: steiner 0, suppress 8 in 8e-06 s
  shortest_edge_between_terminals: 0 edges in 1e-06 s
  handle_small_terminal_degrees: terms 0 in 2e-06 s
  handle_small_Steiner_degrees: steiner 0, suppress 0 in 4e-06 s
  shortest_edge_between_terminals: 0 edges in 1e-06 s
Compressed graph 1596 -> 1588
  delete_edges_shortest_path: deleted 8 edges in 0.01161 s
  handle_small_terminal_degrees: terms 0 in 1e-06 s
  handle_small_Steiner_degrees: steiner 0, suppress 12 in 6e-06 s
  shortest_edge_between_terminals: 0 edges in 1e-06 s
  handle_small_terminal_degrees: terms 0 in 1e-06 s
  handle_small_Steiner_degrees: steiner 0, suppress 0 in 3e-06 s
  shortest_edge_between_terminals: 0 edges in 0 s
Compressed graph 1588 -> 1576
  handle_small_terminal_degrees: terms 0 in 2e-06 s
  handle_small_Steiner_degrees: steiner 0, suppress 0 in 3e-06 s
  shortest_edge_between_terminals: 0 edges in 1e-06 s
Compressed graph 1576 -> 1576
  delete_edges_shortest_path: deleted 12 edges in 0.00729 s
  handle_small_terminal_degrees: terms 0 in 1e-06 s
  handle_small_Steiner_degrees: steiner 0, suppress 16 in 7e-06 s
  shortest_edge_between_terminals: 0 edges in 1e-06 s
  handle_small_terminal_degrees: terms 0 in 1e-06 s
  handle_small_Steiner_degrees: steiner 0, suppress 0 in 2e-06 s
  shortest_edge_between_terminals: 0 edges in 1e-06 s
Compressed graph 1576 -> 1560
Compressed graph 1560 -> 1560
>>> save_orig_graph
>> Saved weight 0
### ZEL_LVL=0 PRECISE_STARS=0

Calling `contract_till_the_bitter_end`
|V| = 1560, |E| = 3056, |R| = 40
>>> get_solution
>>> get_solution
  refine_solution: new weight 48294211 (was 48399661) in 0.000377 s
  refine_solution: new weight 48294211 (was 48294211) in 0.000344 s
0,,1560,3056,40,,0,0,,48399661,48294211,0,0,0,,0,0,@@

  delete_edges: deleted 16 edges in 0.00022 s and 3 rounds
  handle_small_Steiner_degrees: steiner 0, suppress 19 in 1e-05 s
Starting round 1
Found 19 isolated vertices
Invalid ratios recomputed: 1541
Best ratio is 189593/1 (189593.0), centered at 1462
Finding the best star... Star with 2 terminals centered in 1498
round took: 0.024356 s
|V| = 1560, |E| = 3018, |R| = 39
>>> get_solution
>>> get_solution
  refine_solution: new weight 48294211 (was 48399661) in 0.00033 s
  refine_solution: new weight 48294211 (was 48294211) in 0.00033 s
1,,1541,3018,39,,1541,0,,48399661,48294211,189593,189593,189593,,189593,2,@@

  handle_small_Steiner_degrees: steiner 0, suppress 0 in 2e-06 s
Starting round 2
Found 21 isolated vertices
Invalid ratios recomputed: 108
Best ratio is 301869/1 (301869.0), centered at 1387
Finding the best star... Star with 2 terminals centered in 1498
round took: 0.001635 s
|V| = 1560, |E| = 3011, |R| = 38
>>> get_solution
>>> get_solution
  refine_solution: new weight 48294211 (was 48399661) in 0.000326 s
  refine_solution: new weight 48294211 (was 48294211) in 0.000324 s
2,,1539,3011,38,,108,0,,48399661,48294211,491462,491462,491462,,301869,2,@@

  handle_small_Steiner_degrees: steiner 0, suppress 0 in 2e-06 s
Starting round 3
Found 26 isolated vertices
Invalid ratios recomputed: 108
Best ratio is 338558/1 (338558.0), centered at 120
Finding the best star... Star with 2 terminals centered in 199
round took: 0.001796 s
|V| = 1560, |E| = 3007, |R| = 37
>>> get_solution
>>> get_solution
  refine_solution: new weight 48230135 (was 48335585) in 0.000327 s
  refine_solution: new weight 48230135 (was 48230135) in 0.000327 s
3,,1534,3007,37,,108,0,,48335585,48230135,830020,830020,830020,,338558,2,@@

  handle_small_Steiner_degrees: steiner 0, suppress 0 in 2e-06 s
Starting round 4
Found 29 isolated vertices
Invalid ratios recomputed: 228
Best ratio is 456813/1 (456813.0), centered at 961
Finding the best star... Star with 2 terminals centered in 1162
round took: 0.004315 s
|V| = 1560, |E| = 3000, |R| = 36
>>> get_solution
>>> get_solution
  refine_solution: new weight 48230135 (was 48335585) in 0.000327 s
  refine_solution: new weight 48230135 (was 48230135) in 0.000324 s
4,,1531,3000,36,,228,0,,48335585,48230135,1286833,1286833,1286833,,456813,2,@@

  handle_small_Steiner_degrees: steiner 0, suppress 0 in 3e-06 s
Starting round 5
Found 35 isolated vertices
Invalid ratios recomputed: 267
Best ratio is 506967/1 (506967.0), centered at 1184
Finding the best star... Star with 2 terminals centered in 1188
round took: 0.00604 s
|V| = 1560, |E| = 2994, |R| = 35
>>> get_solution
>>> get_solution
  refine_solution: new weight 48083425 (was 48188875) in 0.000335 s
  refine_solution: new weight 48083425 (was 48083425) in 0.000327 s
5,,1525,2994,35,,267,0,,48188875,48083425,1793800,1793800,1793800,,506967,2,@@

  handle_small_Steiner_degrees: steiner 0, suppress 0 in 3e-06 s
Starting round 6
Found 40 isolated vertices
Invalid ratios recomputed: 178
Best ratio is 514123/1 (514123.0), centered at 198
Finding the best star... Star with 2 terminals centered in 238
round took: 0.002866 s
|V| = 1560, |E| = 2990, |R| = 34
>>> get_solution
>>> get_solution
  refine_solution: new weight 48083425 (was 48188875) in 0.000333 s
  refine_solution: new weight 48083425 (was 48083425) in 0.000326 s
6,,1520,2990,34,,178,0,,48188875,48083425,2307923,2307923,2307923,,514123,2,@@

  handle_small_Steiner_degrees: steiner 0, suppress 0 in 3e-06 s
Starting round 7
Found 42 isolated vertices
Invalid ratios recomputed: 252
Best ratio is 537904/1 (537904.0), centered at 616
Finding the best star... Star with 2 terminals centered in 657
round took: 0.005386 s
|V| = 1560, |E| = 2987, |R| = 33
>>> get_solution
>>> get_solution
  refine_solution: new weight 48083425 (was 48188875) in 0.000334 s
  refine_solution: new weight 48083425 (was 48083425) in 0.000325 s
7,,1518,2987,33,,252,0,,48188875,48083425,2845827,2845827,2845827,,537904,2,@@

  handle_small_Steiner_degrees: steiner 0, suppress 0 in 2e-06 s
Starting round 8
Found 44 isolated vertices
Invalid ratios recomputed: 213
Best ratio is 553819/1 (553819.0), centered at 908
Finding the best star... Star with 2 terminals centered in 1188
round took: 0.003932 s
|V| = 1560, |E| = 2975, |R| = 32
>>> get_solution
>>> get_solution
  refine_solution: new weight 48083425 (was 48188875) in 0.000333 s
  refine_solution: new weight 48083425 (was 48083425) in 0.000339 s
8,,1516,2975,32,,213,0,,48188875,48083425,3399646,3399646,3399646,,553819,2,@@

  handle_small_Steiner_degrees: steiner 0, suppress 0 in 3e-06 s
Starting round 9
Found 54 isolated vertices
Invalid ratios recomputed: 211
Best ratio is 580983/1 (580983.0), centered at 1036
Finding the best star... Star with 2 terminals centered in 1162
round took: 0.004258 s
|V| = 1560, |E| = 2968, |R| = 31
>>> get_solution
>>> get_solution
  refine_solution: new weight 47969055 (was 48074505) in 0.000337 s
  refine_solution: new weight 47969055 (was 47969055) in 0.000327 s
9,,1506,2968,31,,211,0,,48074505,47969055,3980629,3980629,3980629,,580983,2,@@

  handle_small_Steiner_degrees: steiner 0, suppress 0 in 2e-06 s
Starting round 10
Found 59 isolated vertices
Invalid ratios recomputed: 343
Best ratio is 663895/1 (663895.0), centered at 573
Finding the best star... Star with 2 terminals centered in 657
round took: 0.00856 s
|V| = 1560, |E| = 2963, |R| = 30
>>> get_solution
>>> get_solution
  refine_solution: new weight 48162198 (was 48162198) in 0.000339 s
10,,1501,2963,30,,343,0,,48162198,48162198,4644524,4644524,4644524,,663895,2,@@

  handle_small_Steiner_degrees: steiner 0, suppress 0 in 3e-06 s
Starting round 11
Found 63 isolated vertices
Invalid ratios recomputed: 239
Best ratio is 732944/1 (732944.0), centered at 84
Finding the best star... Star with 2 terminals centered in 87
round took: 0.004791 s
|V| = 1560, |E| = 2957, |R| = 29
>>> get_solution
>>> get_solution
  refine_solution: new weight 48159882 (was 48159882) in 0.000335 s
11,,1497,2957,29,,239,0,,48159882,48159882,5377468,5377468,5377468,,732944,2,@@

  handle_small_Steiner_degrees: steiner 0, suppress 0 in 3e-06 s
Starting round 12
Found 67 isolated vertices
Invalid ratios recomputed: 274
Best ratio is 1541151/2 (770575.5), centered at 1424
Finding the best star... Star with 3 terminals centered in 1498
round took: 0.006092 s
|V| = 1560, |E| = 2944, |R| = 27
>>> get_solution
>>> get_solution
  refine_solution: new weight 48093603 (was 48093603) in 0.000337 s
12,,1493,2944,27,,274,0,,48093603,48093603,6918619,6918619,6918619,,1541151,3,@@

  handle_small_Steiner_degrees: steiner 0, suppress 1 in 3e-06 s
Starting round 13
Found 76 isolated vertices
Invalid ratios recomputed: 143
Best ratio is 850890/1 (850890.0), centered at 1006
Finding the best star... Star with 2 terminals centered in 1087
round took: 0.003283 s
|V| = 1560, |E| = 2938, |R| = 26
>>> get_solution
>>> get_solution
  refine_solution: new weight 48093603 (was 48093603) in 0.000337 s
13,,1484,2938,26,,143,0,,48093603,48093603,7769509,7769509,7769509,,850890,2,@@

  handle_small_Steiner_degrees: steiner 0, suppress 0 in 2e-06 s
Starting round 14
Found 79 isolated vertices
Invalid ratios recomputed: 245
Best ratio is 851284/1 (851284.0), centered at 834
Finding the best star... Star with 2 terminals centered in 1162
round took: 0.006249 s
|V| = 1560, |E| = 2928, |R| = 25
>>> get_solution
>>> get_solution
  refine_solution: new weight 48093603 (was 48093603) in 0.000336 s
14,,1481,2928,25,,245,0,,48093603,48093603,8620793,8620793,8620793,,851284,2,@@

  handle_small_Steiner_degrees: steiner 0, suppress 0 in 3e-06 s
Starting round 15
Found 86 isolated vertices
Invalid ratios recomputed: 381
Best ratio is 864925/1 (864925.0), centered at 410
Finding the best star... Star with 2 terminals centered in 491
round took: 0.010828 s
|V| = 1560, |E| = 2924, |R| = 24
>>> get_solution
>>> get_solution
  refine_solution: new weight 48093603 (was 48093603) in 0.000339 s
15,,1474,2924,24,,381,0,,48093603,48093603,9485718,9485718,9485718,,864925,2,@@

  handle_small_Steiner_degrees: steiner 0, suppress 0 in 2e-06 s
Starting round 16
Found 89 isolated vertices
Invalid ratios recomputed: 192
Best ratio is 926364/1 (926364.0), centered at 1077
Finding the best star... Star with 2 terminals centered in 1277
round took: 0.003842 s
|V| = 1560, |E| = 2916, |R| = 23
>>> get_solution
>>> get_solution
  refine_solution: new weight 48093603 (was 48093603) in 0.000337 s
16,,1471,2916,23,,192,0,,48093603,48093603,10412082,10412082,10412082,,926364,2,@@

  delete_edges: deleted 55 edges in 0.000585 s and 6 rounds
  handle_small_Steiner_degrees: steiner 3, suppress 38 in 2e-05 s
Starting round 17
Found 136 isolated vertices
Invalid ratios recomputed: 372
Best ratio is 943439/1 (943439.0), centered at 52
Finding the best star... Star with 2 terminals centered in 87
round took: 0.012354 s
|V| = 1560, |E| = 2810, |R| = 22
>>> get_solution
>>> get_solution
  refine_solution: new weight 48093603 (was 48093603) in 0.000348 s
17,,1424,2810,22,,372,0,,48093603,48093603,11355521,11355521,11355521,,943439,2,@@

  handle_small_Steiner_degrees: steiner 0, suppress 0 in 3e-06 s
Starting round 18
Found 139 isolated vertices
Invalid ratios recomputed: 272
Best ratio is 1038605/1 (1038605.0), centered at 370
Finding the best star... Star with 2 terminals centered in 374
round took: 0.00661 s
|V| = 1560, |E| = 2804, |R| = 21
>>> get_solution
>>> get_solution
  refine_solution: new weight 48019831 (was 48019831) in 0.000339 s
18,,1421,2804,21,,272,0,,48019831,48019831,12394126,12394126,12394126,,1038605,2,@@

  handle_small_Steiner_degrees: steiner 0, suppress 1 in 4e-06 s
Starting round 19
Found 145 isolated vertices
Invalid ratios recomputed: 215
Best ratio is 1100279/1 (1100279.0), centered at 328
Finding the best star... Star with 2 terminals centered in 374
round took: 0.004652 s
|V| = 1560, |E| = 2797, |R| = 20
>>> get_solution
>>> get_solution
  refine_solution: new weight 48019831 (was 48019831) in 0.000338 s
19,,1415,2797,20,,215,0,,48019831,48019831,13494405,13494405,13494405,,1100279,2,@@

  handle_small_Steiner_degrees: steiner 0, suppress 0 in 2e-06 s
Starting round 20
Found 148 isolated vertices
Invalid ratios recomputed: 242
Best ratio is 2207611/2 (1103805.5), centered at 572
Finding the best star... Star with 3 terminals centered in 812
round took: 0.006248 s
|V| = 1560, |E| = 2782, |R| = 18
>>> get_solution
>>> get_solution
  refine_solution: new weight 47771302 (was 47771302) in 0.000338 s
20,,1412,2782,18,,242,0,,47771302,47771302,15702016,15702016,15702016,,2207611,3,@@

  handle_small_Steiner_degrees: steiner 0, suppress 0 in 2e-06 s
Starting round 21
Found 158 isolated vertices
Invalid ratios recomputed: 465
Best ratio is 1139886/1 (1139886.0), centered at 1100
Finding the best star... Star with 2 terminals centered in 1188
round took: 0.014225 s
|V| = 1560, |E| = 2773, |R| = 17
>>> get_solution
>>> get_solution
  refine_solution: new weight 47525886 (was 47525886) in 0.000342 s
21,,1402,2773,17,,465,0,,47525886,47525886,16841902,16841902,16841902,,1139886,2,@@

  handle_small_Steiner_degrees: steiner 0, suppress 0 in 3e-06 s
Starting round 22
Found 164 isolated vertices
Invalid ratios recomputed: 309
Best ratio is 1160762/1 (1160762.0), centered at 658
Finding the best star... Star with 2 terminals centered in 779
round took: 0.008277 s
|V| = 1560, |E| = 2766, |R| = 16
>>> get_solution
>>> get_solution
  refine_solution: new weight 47439517 (was 47439517) in 0.00034 s
22,,1396,2766,16,,309,0,,47439517,47439517,18002664,18002664,18002664,,1160762,2,@@

  handle_small_Steiner_degrees: steiner 0, suppress 1 in 4e-06 s
Starting round 23
Found 170 isolated vertices
Invalid ratios recomputed: 460
Best ratio is 1193954/1 (1193954.0), centered at 887
Finding the best star... Star with 2 terminals centered in 889
round took: 0.015712 s
|V| = 1560, |E| = 2755, |R| = 15
>>> get_solution
>>> get_solution
  refine_solution: new weight 47439517 (was 47439517) in 0.000341 s
23,,1390,2755,15,,460,0,,47439517,47439517,19196618,19196618,19196618,,1193954,2,@@

  handle_small_Steiner_degrees: steiner 0, suppress 1 in 5e-06 s
Starting round 24
Found 178 isolated vertices
Invalid ratios recomputed: 598
Best ratio is 1306712/1 (1306712.0), centered at 889
Finding the best star... Star with 2 terminals centered in 1277
round took: 0.021011 s
|V| = 1560, |E| = 2746, |R| = 14
>>> get_solution
>>> get_solution
  refine_solution: new weight 47031322 (was 47031322) in 0.000345 s
24,,1382,2746,14,,598,0,,47031322,47031322,20503330,20503330,20503330,,1306712,2,@@

  handle_small_Steiner_degrees: steiner 0, suppress 1 in 4e-06 s
Starting round 25
Found 185 isolated vertices
Invalid ratios recomputed: 739
Best ratio is 1328558/1 (1328558.0), centered at 1188
Finding the best star... Star with 2 terminals centered in 1498
round took: 0.035304 s
|V| = 1560, |E| = 2740, |R| = 13
>>> get_solution
>>> get_solution
  refine_solution: new weight 47031322 (was 47031322) in 0.000344 s
25,,1375,2740,13,,739,0,,47031322,47031322,21831888,21831888,21831888,,1328558,2,@@

  handle_small_Steiner_degrees: steiner 0, suppress 0 in 2e-06 s
Starting round 26
Found 189 isolated vertices
Invalid ratios recomputed: 522
Best ratio is 1414352/1 (1414352.0), centered at 11
Finding the best star... Star with 2 terminals centered in 87
round took: 0.023808 s
|V| = 1560, |E| = 2730, |R| = 12
>>> get_solution
>>> get_solution
  refine_solution: new weight 47031322 (was 47031322) in 0.000344 s
26,,1371,2730,12,,522,0,,47031322,47031322,23246240,23246240,23246240,,1414352,2,@@

  handle_small_Steiner_degrees: steiner 0, suppress 1 in 3e-06 s
Starting round 27
Found 197 isolated vertices
Invalid ratios recomputed: 275
Best ratio is 2921943/2 (1460971.5), centered at 663
Finding the best star... Star with 3 terminals centered in 712
round took: 0.009833 s
|V| = 1560, |E| = 2709, |R| = 10
>>> get_solution
>>> get_solution
  refine_solution: new weight 46532815 (was 46532815) in 0.000344 s
27,,1363,2709,10,,275,0,,46532815,46532815,26168183,26168183,26168183,,2921943,3,@@

  handle_small_Steiner_degrees: steiner 0, suppress 0 in 2e-06 s
Starting round 28
Found 212 isolated vertices
Invalid ratios recomputed: 519
Best ratio is 1335669/1 (1335669.0), centered at 712
Finding the best star... Star with 2 terminals centered in 1498
round took: 0.019414 s
|V| = 1560, |E| = 2701, |R| = 9
>>> get_solution
>>> get_solution
  refine_solution: new weight 46532815 (was 46532815) in 0.000349 s
28,,1348,2701,9,,519,0,,46532815,46532815,27503852,27503852,27503852,,1335669,2,@@

  handle_small_Steiner_degrees: steiner 0, suppress 0 in 2e-06 s
Starting round 29
Found 217 isolated vertices
Invalid ratios recomputed: 754
Best ratio is 1634804/1 (1634804.0), centered at 832
Finding the best star... Star with 2 terminals centered in 1277
round took: 0.042344 s
|V| = 1560, |E| = 2695, |R| = 8
>>> get_solution
>>> get_solution
  refine_solution: new weight 46532815 (was 46532815) in 0.000347 s
29,,1343,2695,8,,754,0,,46532815,46532815,29138656,29138656,29138656,,1634804,2,@@

  handle_small_Steiner_degrees: steiner 0, suppress 0 in 2e-06 s
Starting round 30
Found 220 isolated vertices
Invalid ratios recomputed: 1106
Best ratio is 3303441/2 (1651720.5), centered at 430
Finding the best star... Star with 3 terminals centered in 433
round took: 0.085764 s
|V| = 1560, |E| = 2675, |R| = 6
>>> get_solution
>>> get_solution
  refine_solution: new weight 45759879 (was 45759879) in 0.000355 s
30,,1340,2675,6,,1106,0,,45759879,45759879,32442097,32442097,32442097,,3303441,3,@@

  handle_small_Steiner_degrees: steiner 0, suppress 0 in 2e-06 s
Starting round 31
Found 236 isolated vertices
Invalid ratios recomputed: 1236
Best ratio is 1959036/1 (1959036.0), centered at 433
Finding the best star... Star with 2 terminals centered in 779
round took: 0.114032 s
|V| = 1560, |E| = 2669, |R| = 5
>>> get_solution
>>> get_solution
  refine_solution: new weight 45373188 (was 45373188) in 0.000348 s
31,,1324,2669,5,,1236,0,,45373188,45373188,34401133,34401133,34401133,,1959036,2,@@

  handle_small_Steiner_degrees: steiner 0, suppress 0 in 2e-06 s
Starting round 32
Found 241 isolated vertices
Invalid ratios recomputed: 1319
Best ratio is 2549079/1 (2549079.0), centered at 779
Finding the best star... Star with 2 terminals centered in 1335
round took: 0.149704 s
|V| = 1560, |E| = 2651, |R| = 4
>>> get_solution
>>> get_solution
  refine_solution: new weight 45373188 (was 45373188) in 0.000347 s
32,,1319,2651,4,,1319,0,,45373188,45373188,36950212,36950212,36950212,,2549079,2,@@

  handle_small_Steiner_degrees: steiner 0, suppress 0 in 2e-06 s
Starting round 33
Found 255 isolated vertices
Invalid ratios recomputed: 1305
Best ratio is 2565683/1 (2565683.0), centered at 1204
Finding the best star... Star with 2 terminals centered in 1548
round took: 0.1596 s
|V| = 1560, |E| = 2639, |R| = 3
>>> get_solution
>>> get_solution
  refine_solution: new weight 45373188 (was 45373188) in 0.000352 s
33,,1305,2639,3,,1305,0,,45373188,45373188,39515895,39515895,39515895,,2565683,2,@@

  handle_small_Steiner_degrees: steiner 0, suppress 0 in 2e-06 s
Starting round 34
Found 265 isolated vertices
Invalid ratios recomputed: 1295
Best ratio is 2773162/1 (2773162.0), centered at 174
Finding the best star... Star with 2 terminals centered in 1548
round took: 0.158831 s
|V| = 1560, |E| = 2627, |R| = 2
>>> get_solution
>>> get_solution
  refine_solution: new weight 45373188 (was 45373188) in 0.000349 s
34,,1295,2627,2,,1295,0,,45373188,45373188,42289057,42289057,42289057,,2773162,2,@@

  handle_small_Steiner_degrees: steiner 0, suppress 0 in 1e-06 s
Starting round 35
Found 274 isolated vertices
Invalid ratios recomputed: 1286
Best ratio is 3084131/1 (3084131.0), centered at 87
Finding the best star... Star with 2 terminals centered in 1548
round took: 0.162435 s
|V| = 1560, |E| = 2614, |R| = 1
>>> get_solution
>>> get_solution
  refine_solution: new weight 45373188 (was 45373188) in 0.000351 s
35,,1286,2614,1,,1286,0,,45373188,45373188,45373188,45373188,45373188,,3084131,2,@@

  handle_small_Steiner_degrees: steiner 0, suppress 0 in 2e-06 s
contract_till_the_bitter_end: 1.19492 s

Calling end_heu
>>> get_solution
Saved weight 0
DŽ: 45373188 -> 45289862
  BEST solution improved 45373188 -> 45289862 (vert_size 0, round 1) *
DŽ: 45289862 -> 45289862
DŽ: 45289862 -> 45662058
DŽ: 45289862 -> 45650641
DŽ: 45289862 -> 45499963
DŽ: 45289862 -> 45289862
DŽ: 45289862 -> 45289862
DŽ: 45289862 -> 45293767
DŽ: 45289862 -> 45292178
DŽ: 45289862 -> 45289862
DŽ: 45289862 -> 45289862
DŽ: 45662058 -> 45404232
DŽ: 45292178 -> 45621103
DŽ: 45289862 -> 45289862
DŽ: 45289862 -> 45289862
DŽ: 45289862 -> 45289862
DŽ: 45289862 -> 45289862
DŽ: 45289862 -> 45289862
DŽ: 45514583 -> 45445187
DŽ: 45289862 -> 45289862
DŽ: 45289862 -> 45289862
DŽ: 45289862 -> 45289862
DŽ: 45289862 -> 45330817
DŽ: 45289862 -> 45289862
DŽ: 45289862 -> 45621103
DŽ: 45289862 -> 45623419
DŽ: 45289862 -> 45436572
DŽ: 45289862 -> 45289862
DŽ: 45431376 -> 45981882
DŽ: 45406548 -> 45404232
DŽ: 45289862 -> 45289862
DŽ: 45289862 -> 45621103
DŽ: 45648606 -> 45588448
DŽ: 45289862 -> 45289862
DŽ: 45289862 -> 45289862
DŽ: 45419368 -> 45621103
DŽ: 45404232 -> 45621103
DŽ: 45289862 -> 45289862
DŽ: 45289862 -> 45289862
DŽ: 45289862 -> 45289862

 start over 39719 loops 174 unique solutions 
Original + vert_size 0 
DŽ: 45373188 -> 45289862
DŽ: 45289862 -> 45289862
DŽ: 45449788 -> 45289862
DŽ: 45289862 -> 45289862
DŽ: 45404232 -> 45404232
DŽ: 45289862 -> 45621103
DŽ: 45289862 -> 45289862
DŽ: 45289862 -> 45289862
DŽ: 45289862 -> 45289862
DŽ: 45289862 -> 45289862
DŽ: 45289862 -> 45289862
DŽ: 45289862 -> 45621103
DŽ: 45289862 -> 45289862
DŽ: 45289862 -> 45289862
DŽ: 45289862 -> 45289862
DŽ: 45289862 -> 45289862
DŽ: 45289862 -> 45289862
DŽ: 45289862 -> 45289862
DŽ: 45289862 -> 45650641
DŽ: 45289862 -> 45289862
DŽ: 45289862 -> 45289862
DŽ: 45289862 -> 45289862
DŽ: 45289862 -> 45289862
DŽ: 45289862 -> 45289862
DŽ: 45453807 -> 45404232
DŽ: 45289862 -> 45621103
DŽ: 45289862 -> 45621103
DŽ: 45289862 -> 45289862
DŽ: 45414672 -> 45474078
DŽ: 45289862 -> 45289862
DŽ: 45289862 -> 45289862
DŽ: 45289862 -> 45289862
DŽ: 45289862 -> 45553048
DŽ: 45289862 -> 45289862
DŽ: 45289862 -> 45289862
DŽ: 45289862 -> 45289862
DŽ: 45289862 -> 45289862
DŽ: 45289862 -> 45289862
DŽ: 45289862 -> 45289862
DŽ: 45289862 -> 45542296
DŽ: 45289862 -> 45289862
DŽ: 45542296 -> 45538391
DŽ: 45289862 -> 45621103
DŽ: 45453807 -> 45490848
DŽ: 45289862 -> 45436572
DŽ: 45289862 -> 45289862
DŽ: 45289862 -> 45621103
DŽ: 45650641 -> 45831204
DŽ: 45289862 -> 45289862
DŽ: 45289862 -> 45293767
DŽ: 45289862 -> 45289862
DŽ: 45621103 -> 45621103
DŽ: 45386251 -> 45289862
DŽ: 45289862 -> 45289862
DŽ: 45289862 -> 45621103
DŽ: 45436572 -> 45436572
DŽ: 45289862 -> 45289862
DŽ: 45289862 -> 45289862
DŽ: 45289862 -> 45621103
DŽ: 45289862 -> 45289862
DŽ: 45289862 -> 45621103
DŽ: 45289862 -> 45289862
DŽ: 45289862 -> 45289862
DŽ: 45289862 -> 45289862
DŽ: 45289862 -> 45289862
DŽ: 45289862 -> 45289862
DŽ: 45289862 -> 45289862
DŽ: 45453807 -> 45404232
DŽ: 45386251 -> 45621103

 start over 107182 loops 214 unique solutions 
Original + vert_size 0 
DŽ: 45373188 -> 45289862
DŽ: 45289862 -> 45289862
DŽ: 45289862 -> 45289862
DŽ: 45289862 -> 45650641
DŽ: 45289862 -> 45474078
DŽ: 45289862 -> 45289862
DŽ: 45453807 -> 45621103
DŽ: 45289862 -> 45621103
DŽ: 45289862 -> 45289862
DŽ: 45289862 -> 45289862
DŽ: 45414672 -> 45650641
DŽ: 45330817 -> 45662058
DŽ: 45289862 -> 45289862
DŽ: 45289862 -> 45289862
DŽ: 45644520 -> 45289862
DŽ: 45289862 -> 45289862
DŽ: 45289862 -> 45621103
DŽ: 45289862 -> 45289862
DŽ: 45293767 -> 45436572
DŽ: 45289862 -> 45289862
DŽ: 45289862 -> 45289862
DŽ: 45296083 -> 45621103
DŽ: 45289862 -> 45621103
DŽ: 45289862 -> 45289862
DŽ: 45289862 -> 45289862
DŽ: 45289862 -> 45650641
DŽ: 45289862 -> 45289862
DŽ: 45289862 -> 45621103
DŽ: 45289862 -> 45981882
DŽ: 45289862 -> 45289862
DŽ: 45365097 -> 45289862
DŽ: 45289862 -> 45621103
DŽ: 45590860 -> 45404232
DŽ: 45404232 -> 45621103
DŽ: 45404232 -> 45621103
DŽ: 45499149 -> 45289862
DŽ: 45293767 -> 45289862
DŽ: 45339437 -> 45621103
DŽ: 45404232 -> 45289862
DŽ: 45289862 -> 45289862
DŽ: 45621103 -> 45621103

 start over 147802 loops 274 unique solutions 
Original + vert_size 0 
DŽ: 45373188 -> 45289862
DŽ: 45289862 -> 45289862
DŽ: 45289862 -> 45289862
DŽ: 45289862 -> 45289862
DŽ: 45289862 -> 45289862
DŽ: 45564158 -> 46081328
DŽ: 45289862 -> 45289862
DŽ: 45289862 -> 45289862
DŽ: 45289862 -> 45289862
DŽ: 45436572 -> 45436572
DŽ: 45289862 -> 45621103
DŽ: 45330817 -> 45330817
DŽ: 45289862 -> 45289862
DŽ: 45292178 -> 45289862
DŽ: 45289862 -> 45293767
DŽ: 45289862 -> 45621103
DŽ: 45289862 -> 45289862
DŽ: 45330817 -> 45330817
DŽ: 45289862 -> 45289862
DŽ: 45289862 -> 45621103
DŽ: 45289862 -> 45621103
DŽ: 45289862 -> 45621103
DŽ: 45289862 -> 45293767
DŽ: 45293767 -> 45289862
DŽ: 45289862 -> 45765011
DŽ: 45289862 -> 45621103
DŽ: 45289862 -> 45289862
DŽ: 45289862 -> 45289862
DŽ: 45289862 -> 45289862
DŽ: 45289862 -> 45621103
DŽ: 45289862 -> 45289862
DŽ: 45289862 -> 45289862
DŽ: 45289862 -> 45289862
DŽ: 45289862 -> 45289862
DŽ: 45330817 -> 45330817
DŽ: 45289862 -> 45289862
DŽ: 45289862 -> 45289862
DŽ: 45289862 -> 45289862
DŽ: 45289862 -> 45289862
DŽ: 45289862 -> 45289862
DŽ: 45289862 -> 45289862
DŽ: 45289862 -> 45289862
DŽ: 45289862 -> 45621103
DŽ: 45289862 -> 45621103
DŽ: 45289862 -> 45289862
DŽ: 45289862 -> 45621103
DŽ: 45289862 -> 45289862
DŽ: 45621103 -> 45621103
DŽ: 45289862 -> 45289862
DŽ: 45404232 -> 45408137
DŽ: 45289862 -> 45289862
DŽ: 45289862 -> 45289862
DŽ: 45404232 -> 45621103
DŽ: 45289862 -> 45289862
DŽ: 45289862 -> 45650641
DŽ: 45289862 -> 45289862
DŽ: 45289862 -> 45289862
DŽ: 45289862 -> 45625008
DŽ: 45404232 -> 45404232
DŽ: 45289862 -> 45289862
DŽ: 45289862 -> 45289862
DŽ: 45289862 -> 45289862
DŽ: 45289862 -> 45289862
DŽ: 45289862 -> 45289862
DŽ: 45404232 -> 45474078
DŽ: 45289862 -> 45289862
DŽ: 45289862 -> 45289862
DŽ: 45289862 -> 45289862
DŽ: 45289862 -> 45289862
DŽ: 45289862 -> 45289862
DŽ: 45289862 -> 45289862
DŽ: 45289862 -> 45454597
DŽ: 45408137 -> 45404232
DŽ: 45289862 -> 45289862
DŽ: 45289862 -> 45621103

 start over 221048 loops 328 unique solutions 
Approx + random 
DŽ: 48399661 -> 45939385
DŽ: 45289862 -> 45289862
DŽ: 45289862 -> 45289862
DŽ: 45289862 -> 45289862
DŽ: 45289862 -> 45289862
DŽ: 45289862 -> 45621103
DŽ: 45404232 -> 45404232
DŽ: 45453807 -> 45404232
DŽ: 45453807 -> 45445187
DŽ: 45404232 -> 45981882
DŽ: 45289862 -> 45289862
DŽ: 45289862 -> 45289862
DŽ: 45289862 -> 45289862
DŽ: 45289862 -> 45289862
DŽ: 45289862 -> 45289862
DŽ: 45289862 -> 45621103
DŽ: 45289862 -> 45289862
DŽ: 45289862 -> 45289862
DŽ: 45289862 -> 45289862
DŽ: 45404232 -> 45404232
DŽ: 45289862 -> 45621103
DŽ: 45289862 -> 45289862
DŽ: 45289862 -> 45289862
DŽ: 45293767 -> 45293767
DŽ: 45289862 -> 45289862
DŽ: 45289862 -> 45289862
DŽ: 45414672 -> 45869632
DŽ: 45404232 -> 45621103
DŽ: 45289862 -> 45289862
DŽ: 45289862 -> 45289862
DŽ: 45289862 -> 45621103
DŽ: 45289862 -> 45289862
DŽ: 45289862 -> 45981882
DŽ: 45293767 -> 45293767
DŽ: 45405716 -> 45289862

 start over 255617 loops 382 unique solutions 
Approx + random 
DŽ: 48399661 -> 45937796
DŽ: 45289862 -> 45289862
DŽ: 45289862 -> 45289862
DŽ: 45289862 -> 45289862
DŽ: 45289862 -> 45289862
DŽ: 45289862 -> 45289862
DŽ: 45297672 -> 45625008
DŽ: 45289862 -> 45289862
DŽ: 45289862 -> 45621103
DŽ: 45453807 -> 45404232
DŽ: 45514914 -> 45461434
DŽ: 45289862 -> 45289862
DŽ: 45289862 -> 45289862
DŽ: 45289862 -> 45289862
DŽ: 45289862 -> 45289862
DŽ: 45289862 -> 45289862
DŽ: 45289862 -> 45621103
DŽ: 45289862 -> 45538391
DŽ: 45289862 -> 45621103
DŽ: 45289862 -> 45289862
DŽ: 45289862 -> 45289862
DŽ: 45289862 -> 45289862
DŽ: 45289862 -> 45289862
DŽ: 45289862 -> 45289862
DŽ: 45289862 -> 45289862
DŽ: 45452462 -> 45452462
DŽ: 45289862 -> 45289862
DŽ: 45289862 -> 45289862
DŽ: 45289862 -> 45289862
DŽ: 45289862 -> 45289862
DŽ: 45538391 -> 45869632
DŽ: 45289862 -> 45289862
DŽ: 45289862 -> 45289862
DŽ: 45517689 -> 45293767
DŽ: 45523511 -> 45625008
DŽ: 45414672 -> 45621103
DŽ: 45404232 -> 45621103
DŽ: 45289862 -> 45289862
DŽ: 45289862 -> 45289862
DŽ: 45289862 -> 45289862
DŽ: 45457712 -> 45408137
DŽ: 45621103 -> 45621103
DŽ: 45621103 -> 45404232
DŽ: 45289862 -> 45289862
DŽ: 45408137 -> 45408137
DŽ: 45289862 -> 45650641
DŽ: 45650641 -> 45834857
DŽ: 45523511 -> 45293767
DŽ: 45289862 -> 45289862

 start over 303696 loops 424 unique solutions 
Original + vert_size 0 
DŽ: 45373188 -> 45289862
DŽ: 45289862 -> 45289862
DŽ: 45289862 -> 45289862
DŽ: 45289862 -> 45650641
DŽ: 45289862 -> 45289862
DŽ: 45289862 -> 45650641
DŽ: 45408137 -> 45408137
DŽ: 45289862 -> 45289862
DŽ: 45289862 -> 45289862
DŽ: 45289862 -> 45621103
DŽ: 45289862 -> 45289862
DŽ: 45289862 -> 45650641
DŽ: 45444371 -> 45289862
DŽ: 45289862 -> 45289862
DŽ: 45289862 -> 45289862
DŽ: 45289862 -> 45621103
DŽ: 45289862 -> 45289862
DŽ: 45289862 -> 45289862
DŽ: 45289862 -> 45621103
DŽ: 45289862 -> 45289862
DŽ: 45289862 -> 45289862
DŽ: 45289862 -> 45621103
DŽ: 45534236 -> 45650641
DŽ: 45289862 -> 45621103
DŽ: 45481186 -> 45289862
DŽ: 45289862 -> 45289862
DŽ: 45289862 -> 45289862
DŽ: 45289862 -> 45289862
DŽ: 45289862 -> 45621103
DŽ: 45289862 -> 45289862
DŽ: 45289862 -> 45289862
DŽ: 45289862 -> 45289862
DŽ: 45621103 -> 45621103
DŽ: 45289862 -> 45289862
DŽ: 45289862 -> 45289862
DŽ: 45289862 -> 45289862
DŽ: 45289862 -> 45289862
DŽ: 45514583 -> 45404232
DŽ: 45289862 -> 45289862
DŽ: 45514583 -> 45404232
DŽ: 45289862 -> 45289862
DŽ: 45289862 -> 45289862
DŽ: 45289862 -> 45621103
DŽ: 45289862 -> 45289862
DŽ: 45289862 -> 45289862
DŽ: 45289862 -> 45289862
DŽ: 45289862 -> 45289862
DŽ: 45289862 -> 45621103
DŽ: 45289862 -> 45499963
DŽ: 45289862 -> 45289862
DŽ: 45534236 -> 45289862
DŽ: 45289862 -> 45289862
DŽ: 45289862 -> 45289862
DŽ: 45289862 -> 45289862
DŽ: 45289862 -> 45289862
DŽ: 45289862 -> 45289862
DŽ: 45289862 -> 45289862
DŽ: 45289862 -> 45621103

 start over 360992 loops 473 unique solutions 
Approx + random 
DŽ: 48399661 -> 45761748
DŽ: 45289862 -> 45650641
DŽ: 45615038 -> 45658515
DŽ: 45464360 -> 45788770
DŽ: 45356254 -> 45289862
DŽ: 45289862 -> 45289862
DŽ: 45289862 -> 45289862
DŽ: 45289862 -> 45966958
DŽ: 45289862 -> 45621103
DŽ: 45289862 -> 45981882
DŽ: 45698181 -> 45798549
DŽ: 45289862 -> 45289862
DŽ: 45365097 -> 45538391
DŽ: 45289862 -> 45289862
DŽ: 45289862 -> 45621103
DŽ: 45289862 -> 45289862
DŽ: 45289862 -> 45289862
DŽ: 45289862 -> 45289862
DŽ: 45365097 -> 45289862
DŽ: 45289862 -> 45289862
DŽ: 45689561 -> 46022837
DŽ: 45289862 -> 45289862
DŽ: 45293767 -> 45621103
DŽ: 45289862 -> 45289862
DŽ: 45648606 -> 45404232
DŽ: 45289862 -> 45884289

 start over 385829 loops 520 unique solutions 
Original + vert_size 13 
DŽ: 45373188 -> 45289862
DŽ: 45289862 -> 45289862
DŽ: 45292178 -> 45664374
DŽ: 45289862 -> 45289862
DŽ: 45365097 -> 45796245
DŽ: 45452462 -> 45452462
DŽ: 45289862 -> 45621103
DŽ: 45534236 -> 45621103
DŽ: 45506794 -> 45646673
DŽ: 45289862 -> 45289862
DŽ: 45289862 -> 45289862
DŽ: 45289862 -> 45289862
DŽ: 45289862 -> 45293767
DŽ: 45289862 -> 45289862
DŽ: 45289862 -> 45621103
DŽ: 45534236 -> 45981882
DŽ: 45289862 -> 45621103
DŽ: 45289862 -> 45289862
DŽ: 45289862 -> 45289862
DŽ: 45339437 -> 45289862
DŽ: 45499963 -> 45831204
DŽ: 45289862 -> 45289862
DŽ: 45289862 -> 45621103
DŽ: 45646673 -> 46128592
DŽ: 45621103 -> 45621103
DŽ: 45289862 -> 45289862
DŽ: 45289862 -> 45289862
DŽ: 45499276 -> 45486710
DŽ: 45453807 -> 45404232
DŽ: 45289862 -> 45289862
DŽ: 45289862 -> 45621103
DŽ: 45289862 -> 45289862
DŽ: 45289862 -> 45289862
DŽ: 45598902 -> 45452462
DŽ: 45289862 -> 45289862
DŽ: 45289862 -> 45289862
DŽ: 45289862 -> 45621103
DŽ: 45534236 -> 45981882

 start over 422280 loops 550 unique solutions 
Original + vert_size 0 
DŽ: 45373188 -> 45289862
DŽ: 45289862 -> 46320882
DŽ: 45289862 -> 45289862
DŽ: 45289862 -> 45289862
DŽ: 45292178 -> 45621103
DŽ: 45404232 -> 45404232
DŽ: 45289862 -> 45289862
DŽ: 45404232 -> 45404232
DŽ: 45289862 -> 45621103
DŽ: 45289862 -> 45289862
DŽ: 45289862 -> 45289862
DŽ: 45289862 -> 45289862
DŽ: 45621103 -> 45621103
DŽ: 45598902 -> 45452462
DŽ: 45289862 -> 45289862
DŽ: 45621103 -> 45621103
DŽ: 45598902 -> 45621103
DŽ: 45289862 -> 45650641
DŽ: 45289862 -> 45621103
DŽ: 45289862 -> 45289862
DŽ: 45289862 -> 45289862
DŽ: 45289862 -> 45621103
DŽ: 45289862 -> 45289862
DŽ: 45621103 -> 45981882
DŽ: 45289862 -> 45650641
DŽ: 45289862 -> 45289862
DŽ: 45289862 -> 45289862
DŽ: 45516067 -> 45289862
DŽ: 45289862 -> 45289862
DŽ: 45289862 -> 45621103
DŽ: 45453807 -> 45621103
DŽ: 45404232 -> 45621103
DŽ: 45404232 -> 45404232
DŽ: 45289862 -> 46327737
DŽ: 45289862 -> 45289862
DŽ: 45289862 -> 45289862
DŽ: 45289862 -> 45289862
DŽ: 45289862 -> 45289862
DŽ: 45650641 -> 45981882
DŽ: 45621103 -> 45621103
DŽ: 45500856 -> 45621103
DŽ: 45289862 -> 45621103
DŽ: 45289862 -> 45289862
DŽ: 45621103 -> 45621103
DŽ: 45453807 -> 45404232
DŽ: 45404232 -> 45289862
DŽ: 45621103 -> 45621103
DŽ: 45340930 -> 45289862
DŽ: 45289862 -> 45289862
DŽ: 45404232 -> 45621103
DŽ: 45289862 -> 45289862
DŽ: 45650641 -> 46681661

 start over 473634 loops 581 unique solutions 
Approx + random 
DŽ: 48399661 -> 45604239
DŽ: 45289862 -> 45289862
DŽ: 45365097 -> 45831204
DŽ: 45289862 -> 45621103
DŽ: 45650641 -> 45457529
DŽ: 45404232 -> 45621103
DŽ: 45289862 -> 45289862
DŽ: 45621103 -> 45621103
DŽ: 45289862 -> 45966958
DŽ: 45289862 -> 45289862
DŽ: 45289862 -> 45869632
DŽ: 45289862 -> 45289862
DŽ: 45289862 -> 45289862
DŽ: 45289862 -> 45289862
DŽ: 45289862 -> 45662058
DŽ: 45289862 -> 45289862
DŽ: 45289862 -> 45289862
DŽ: 45289862 -> 45289862
DŽ: 45289862 -> 45289862
DŽ: 45289862 -> 45822089
DŽ: 45623419 -> 45981882
DŽ: 45289862 -> 45621103
DŽ: 45289862 -> 45289862
DŽ: 45289862 -> 45289862
DŽ: 45289862 -> 45289862
DŽ: 45289862 -> 45289862
DŽ: 45289862 -> 45289862
DŽ: 45289862 -> 45289862
DŽ: 45289862 -> 45289862
DŽ: 45289862 -> 45289862
DŽ: 45700991 -> 45700991
DŽ: 45289862 -> 45289862
DŽ: 45289862 -> 45324110
DŽ: 45289862 -> 45289862
DŽ: 45289862 -> 45289862
DŽ: 45289862 -> 45289862
DŽ: 45289862 -> 45289862
DŽ: 45444371 -> 45621103
DŽ: 45289862 -> 45289862
DŽ: 45406548 -> 45404232
DŽ: 45289862 -> 45289862
DŽ: 45493946 -> 45621103
DŽ: 45289862 -> 45289862
DŽ: 45289862 -> 45289862
DŽ: 45289862 -> 45289862
DŽ: 45621103 -> 45621103
DŽ: 45652761 -> 45652761
DŽ: 45444371 -> 45621103
DŽ: 45453807 -> 45621103
DŽ: 45289862 -> 45621103

 start over 522033 loops 641 unique solutions 
Original + vert_size 13 
DŽ: 45373188 -> 45621103
DŽ: 45289862 -> 45623419
DŽ: 45289862 -> 45289862
DŽ: 45289862 -> 45621103
DŽ: 45289862 -> 45289862
DŽ: 45289862 -> 45289862
DŽ: 45635466 -> 45452462
DŽ: 45652761 -> 45652761
DŽ: 45289862 -> 45289862
DŽ: 45289862 -> 45289862
DŽ: 45289862 -> 45289862
DŽ: 45289862 -> 45289862
DŽ: 45289862 -> 45621103
DŽ: 45289862 -> 45966958
DŽ: 45289862 -> 45621103
DŽ: 45289862 -> 45289862
DŽ: 45289862 -> 46056260
DŽ: 45289862 -> 45289862
DŽ: 45289862 -> 45289862
DŽ: 45289862 -> 45650641
DŽ: 45289862 -> 45289862
DŽ: 45457529 -> 45457529
DŽ: 45289862 -> 45289862
DŽ: 45289862 -> 45289862
DŽ: 45289862 -> 45621103
DŽ: 45289862 -> 45289862
DŽ: 45289862 -> 45289862
DŽ: 45289862 -> 45289862
DŽ: 45404232 -> 45621103
DŽ: 45289862 -> 45621103
DŽ: 45289862 -> 45538391
DŽ: 45289862 -> 45289862
DŽ: 45404232 -> 45404232
DŽ: 45289862 -> 45289862
DŽ: 45289862 -> 45621103
DŽ: 45289862 -> 45289862
DŽ: 45289862 -> 45796245
DŽ: 45289862 -> 45289862
DŽ: 45289862 -> 45289862
DŽ: 45363634 -> 45892559
DŽ: 45289862 -> 45289862
DŽ: 45404232 -> 45621103
DŽ: 45289862 -> 45981882
DŽ: 45289862 -> 45289862
DŽ: 45552919 -> 45404232
DŽ: 45289862 -> 45621103
DŽ: 45289862 -> 45289862
DŽ: 45289862 -> 45289862
DŽ: 45785472 -> 45621103
DŽ: 45289862 -> 45621103
DŽ: 45365097 -> 45289862
DŽ: 45289862 -> 45289862
DŽ: 45289862 -> 45289862
DŽ: 45414672 -> 45490848
DŽ: 45289862 -> 45289862
DŽ: 45339437 -> 46422377

 start over 577033 loops 691 unique solutions 
Original + vert_size 13 
DŽ: 45373188 -> 45289862
DŽ: 45289862 -> 45289862
DŽ: 45453807 -> 45404232
DŽ: 45289862 -> 45621103
DŽ: 45289862 -> 45289862
DŽ: 45621103 -> 45625008
DŽ: 45289862 -> 45538391
DŽ: 45538391 -> 45873537
DŽ: 45538391 -> 45571899
DŽ: 45289862 -> 45289862
DŽ: 45538391 -> 45538391
DŽ: 45289862 -> 45798561
DŽ: 45289862 -> 45436572
DŽ: 45289862 -> 45621103
DŽ: 45404232 -> 45452462
DŽ: 45289862 -> 45289862
DŽ: 45453807 -> 45588448
DŽ: 45289862 -> 45981882
DŽ: 45289862 -> 45289862
DŽ: 45289862 -> 45499963
DŽ: 45625008 -> 45625008
DŽ: 45452462 -> 45636678
DŽ: 45292178 -> 45330817
DŽ: 45289862 -> 45289862
DŽ: 45404232 -> 45621103
DŽ: 45289862 -> 45289862
DŽ: 45289862 -> 46320882
DŽ: 45538391 -> 45869632
DŽ: 45356141 -> 45625008
DŽ: 45289862 -> 45289862
DŽ: 45289862 -> 45289862
DŽ: 45657736 -> 45621103
DŽ: 45451184 -> 45621103
DŽ: 45289862 -> 45289862
DŽ: 45289862 -> 45289862
DŽ: 45404232 -> 45404232
DŽ: 45289862 -> 45289862
DŽ: 45873537 -> 45873537
DŽ: 45765011 -> 45765011
DŽ: 45436572 -> 45767813
DŽ: 45289862 -> 45289862

 start over 617540 loops 739 unique solutions 
Approx + random 
DŽ: 48399661 -> 45718609
DŽ: 45365097 -> 45289862
DŽ: 45869632 -> 45792675
DŽ: 45289862 -> 45289862
DŽ: 45289862 -> 45289862
DŽ: 45289862 -> 45621103
DŽ: 45289862 -> 45289862
DŽ: 45289862 -> 45289862
DŽ: 45342847 -> 45621103
DŽ: 45289862 -> 45289862
DŽ: 45289862 -> 45289862
DŽ: 45289862 -> 45289862
DŽ: 45418082 -> 45289862
DŽ: 45289862 -> 45474078
DŽ: 45621103 -> 45621103
DŽ: 45289862 -> 45621103
DŽ: 45353966 -> 45662058
DŽ: 45289862 -> 45289862
DŽ: 45289862 -> 45289862
DŽ: 45408137 -> 45404232
DŽ: 45289862 -> 45289862
DŽ: 45289862 -> 45289862
DŽ: 45289862 -> 45289862
DŽ: 45289862 -> 45289862
DŽ: 45408137 -> 45404232
DŽ: 45289862 -> 45289862
DŽ: 45289862 -> 45621103
DŽ: 45289862 -> 45289862
DŽ: 45404232 -> 45404232
DŽ: 45289862 -> 45289862
DŽ: 45443020 -> 45289862
DŽ: 45289862 -> 45289862
DŽ: 45289862 -> 45289862
DŽ: 45289862 -> 45289862
DŽ: 45289862 -> 45289862
DŽ: 45289862 -> 45289862
DŽ: 45404232 -> 45621103
DŽ: 45289862 -> 45289862
DŽ: 45289862 -> 45662058
DŽ: 45289862 -> 45289862
DŽ: 45289862 -> 45289862
DŽ: 45289862 -> 45289862
DŽ: 45289862 -> 45725019
DŽ: 45289862 -> 45621103
DŽ: 45289862 -> 45289862
DŽ: 45289862 -> 45621103
DŽ: 45718609 -> 45718609
DŽ: 45289862 -> 45289862
DŽ: 45494762 -> 45621103

 start over 665291 loops 783 unique solutions 
Original + vert_size 0 
DŽ: 45373188 -> 45289862
DŽ: 45621103 -> 45854543
DŽ: 45289862 -> 45289862
DŽ: 45289862 -> 45621103
DŽ: 45289862 -> 45621103
DŽ: 45289862 -> 45289862
DŽ: 45718609 -> 45935480
DŽ: 45289862 -> 45289862
DŽ: 45289862 -> 45452462
DŽ: 45289862 -> 45854543
DŽ: 45289862 -> 45289862
DŽ: 45289862 -> 45621103
DŽ: 45476956 -> 45404232
DŽ: 45289862 -> 45621103
DŽ: 45289862 -> 45289862
DŽ: 45289862 -> 45289862
DŽ: 45621103 -> 45981882
DŽ: 45453807 -> 45605218
DŽ: 45289862 -> 45289862
DŽ: 45404232 -> 45621103
DŽ: 45591831 -> 45653448
DŽ: 45289862 -> 45621103
DŽ: 45556001 -> 45489609

 start over 687431 loops 818 unique solutions 
Original + vert_size 0 
DŽ: 45373188 -> 45289862
DŽ: 45470624 -> 45404232
DŽ: 45756453 -> 45700991
DŽ: 45404232 -> 45621103
DŽ: 45289862 -> 45621103
DŽ: 45404232 -> 45625008
DŽ: 45591831 -> 45636678
DŽ: 45289862 -> 45289862
DŽ: 45292178 -> 45289862
DŽ: 45289862 -> 45289862
DŽ: 45289862 -> 45621103
DŽ: 45289862 -> 45289862
DŽ: 45621103 -> 45621103
DŽ: 45289862 -> 45289862
DŽ: 45289862 -> 45289862
DŽ: 45621103 -> 45588448
DŽ: 45289862 -> 45289862
DŽ: 45289862 -> 46230411
DŽ: 45339437 -> 45621103
DŽ: 45289862 -> 45621103
DŽ: 45289862 -> 45289862
DŽ: 45289862 -> 45292178
DŽ: 45289862 -> 45289862
DŽ: 45289862 -> 45289862
DŽ: 45289862 -> 45579346
DŽ: 45289862 -> 45621103
DŽ: 45289862 -> 45289862
DŽ: 45292178 -> 45289862
DŽ: 45289862 -> 45289862
DŽ: 45289862 -> 45289862
DŽ: 45289862 -> 45289862
DŽ: 45289862 -> 45289862
DŽ: 45289862 -> 45404232
DŽ: 45289862 -> 45289862
DŽ: 45289862 -> 45293767
DŽ: 45289862 -> 45289862
DŽ: 45339437 -> 45621103
DŽ: 45289862 -> 45621103
DŽ: 45289862 -> 45289862
DŽ: 45289862 -> 45289862
DŽ: 45289862 -> 45289862
DŽ: 45289862 -> 45474078
DŽ: 45289862 -> 45289862
DŽ: 45621103 -> 45621103
DŽ: 45289862 -> 45621103
DŽ: 46230411 -> 46230411
DŽ: 45289862 -> 45289862
DŽ: 46230411 -> 46230411
DŽ: 45289862 -> 45289862
DŽ: 45289862 -> 45289862
DŽ: 45289862 -> 45289862
DŽ: 45289862 -> 45289862
DŽ: 45289862 -> 45289862
DŽ: 45612135 -> 45788770
DŽ: 45621103 -> 45621103
DŽ: 45689325 -> 45652761
DŽ: 45404232 -> 45981882

 start over 743432 loops 855 unique solutions 
Approx + random 
DŽ: 48399661 -> 45941701
DŽ: 45289862 -> 45289862
DŽ: 45289862 -> 45621103
DŽ: 45289862 -> 45289862
DŽ: 45289862 -> 45621103
DŽ: 45289862 -> 45289862
DŽ: 45289862 -> 45289862
DŽ: 45289862 -> 45289862
DŽ: 45453807 -> 45289862
DŽ: 45289862 -> 45289862
DŽ: 45289862 -> 45289862
DŽ: 45289862 -> 45621103
DŽ: 45289862 -> 45289862
DŽ: 45289862 -> 45289862
DŽ: 45523381 -> 45523381
DŽ: 45404232 -> 45621103
DŽ: 45289862 -> 45289862
DŽ: 45289862 -> 45289862
DŽ: 45289862 -> 45796245
DŽ: 45762922 -> 45985787
DŽ: 45289862 -> 45289862
DŽ: 45289862 -> 45289862
DŽ: 45289862 -> 45289862
DŽ: 45289862 -> 45621103
DŽ: 45453807 -> 46081328
DŽ: 45289862 -> 45289862
DŽ: 45289862 -> 45289862
DŽ: 45453807 -> 45621103
DŽ: 45289862 -> 45621103
DŽ: 45403250 -> 45289862
DŽ: 45404232 -> 45621103
DŽ: 45621103 -> 45981882
DŽ: 45289862 -> 45289862
DŽ: 45289862 -> 45289862
DŽ: 45773695 -> 45767813
DŽ: 45289862 -> 45289862
DŽ: 45399345 -> 45621103
DŽ: 45289862 -> 45621103
DŽ: 45289862 -> 45289862
DŽ: 45598902 -> 45452462
DŽ: 45289862 -> 45289862
DŽ: 45621103 -> 45621103
DŽ: 45339437 -> 45805319

 start over 785410 loops 901 unique solutions 
Original + vert_size 13 
DŽ: 45373188 -> 45767813
DŽ: 45289862 -> 45289862
DŽ: 45289862 -> 45621103
DŽ: 45289862 -> 45293767
DŽ: 45289862 -> 45289862
DŽ: 45289862 -> 45650641
DŽ: 45289862 -> 45289862
DŽ: 45453807 -> 45621103
DŽ: 45289862 -> 45621103
DŽ: 45289862 -> 45289862
DŽ: 45289862 -> 45289862
DŽ: 45289862 -> 45289862
DŽ: 45289862 -> 45621103
DŽ: 45289862 -> 45289862
DŽ: 45289862 -> 45650641
DŽ: 45289862 -> 45621103
DŽ: 45608008 -> 45621103
DŽ: 45289862 -> 45289862
DŽ: 45566832 -> 45621103
DŽ: 45289862 -> 45289862
DŽ: 45289862 -> 45621103
DŽ: 45621103 -> 45621103
DŽ: 45289862 -> 45289862
DŽ: 45289862 -> 45289862
DŽ: 45289862 -> 45330817
DŽ: 45289862 -> 45650641
DŽ: 45289862 -> 45289862
DŽ: 45289862 -> 45289862
DŽ: 45289862 -> 45289862
DŽ: 45289862 -> 45289862
DŽ: 45289862 -> 45289862
DŽ: 45289862 -> 45289862
DŽ: 45499276 -> 45452462
DŽ: 45289862 -> 45289862
DŽ: 45289862 -> 45289862
DŽ: 45621103 -> 45621103
DŽ: 45289862 -> 45289862
DŽ: 45289862 -> 45289862
DŽ: 45404232 -> 45621103
DŽ: 45621103 -> 45621103
DŽ: 45289862 -> 45289862
DŽ: 45453807 -> 45404232
DŽ: 45289862 -> 45289862
DŽ: 45493899 -> 45621103
DŽ: 45289862 -> 45289862
DŽ: 45404232 -> 45404232
DŽ: 45650641 -> 45650641
DŽ: 45289862 -> 45289862
DŽ: 45289862 -> 45289862
DŽ: 45520199 -> 45628913
DŽ: 45289862 -> 45289862
DŽ: 45289862 -> 45289862
DŽ: 45289862 -> 45869632

 start over 837314 loops 946 unique solutions 
Original + vert_size 0 
DŽ: 45373188 -> 45289862
DŽ: 45289862 -> 45289862
DŽ: 45650641 -> 45650641
DŽ: 45289862 -> 45981882
DŽ: 45696836 -> 45621103
DŽ: 45289862 -> 45289862
DŽ: 45289862 -> 45289862
DŽ: 45289862 -> 45869632
DŽ: 45452462 -> 45452462
DŽ: 45289862 -> 45289862
DŽ: 45289862 -> 45289862
DŽ: 45289862 -> 45289862
DŽ: 45452462 -> 45452462
DŽ: 45289862 -> 45289862
DŽ: 45289862 -> 45289862
DŽ: 45630470 -> 45456367
DŽ: 45289862 -> 45621103
DŽ: 45454778 -> 45452462
DŽ: 45289862 -> 45289862
DŽ: 45365097 -> 45538391
DŽ: 45289862 -> 45454597
DŽ: 45289862 -> 45621103
DŽ: 45289862 -> 45289862
DŽ: 45696836 -> 45452462
DŽ: 45538391 -> 45538391
DŽ: 45601149 -> 45452462
DŽ: 45289862 -> 45289862
DŽ: 45289862 -> 45289862
DŽ: 45696836 -> 45869632
DŽ: 45696836 -> 45452462
DŽ: 45289862 -> 45621103
DŽ: 45289862 -> 45289862
DŽ: 45289862 -> 45621103
DŽ: 45365097 -> 45650641
DŽ: 45289862 -> 45289862
DŽ: 45289862 -> 45289862
DŽ: 45289862 -> 45289862
DŽ: 45365097 -> 45289862
DŽ: 45452462 -> 45452462
DŽ: 45696836 -> 45700991
DŽ: 45696836 -> 45621103
DŽ: 45289862 -> 45289862
DŽ: 45289862 -> 45621103
DŽ: 45696836 -> 45452462

 start over 880618 loops 993 unique solutions 
Approx + random 
DŽ: 48399661 -> 46096894
DŽ: 45289862 -> 45293767
DŽ: 45630470 -> 45456367
DŽ: 45289862 -> 45289862
DŽ: 45289862 -> 45289862
DŽ: 45289862 -> 45289862
DŽ: 45813241 -> 45981882
DŽ: 45289862 -> 45289862
DŽ: 45289862 -> 45289862
DŽ: 45289862 -> 45289862
DŽ: 45289862 -> 45289862
DŽ: 45289862 -> 45621103
DŽ: 45289862 -> 45621103
DŽ: 45289862 -> 45289862
DŽ: 45541285 -> 45621103
DŽ: 45289862 -> 45289862
DŽ: 45289862 -> 45981882
DŽ: 45404232 -> 45621103
DŽ: 45289862 -> 45289862
DŽ: 45289862 -> 45621103
DŽ: 45621103 -> 45621103
DŽ: 45289862 -> 45621103
DŽ: 45289862 -> 45289862
DŽ: 45621103 -> 45621103
DŽ: 45621103 -> 45621103
DŽ: 45339437 -> 45457529
DŽ: 45289862 -> 45289862
DŽ: 45289862 -> 45289862
DŽ: 45289862 -> 45650641
DŽ: 45590860 -> 45765011
DŽ: 45289862 -> 45289862
DŽ: 45289862 -> 45289862
DŽ: 45289862 -> 45289862
DŽ: 45452462 -> 45454778
DŽ: 45289862 -> 45289862
DŽ: 45514583 -> 45404232
DŽ: 45404232 -> 45406548
DŽ: 45289862 -> 45289862
DŽ: 45404232 -> 45404232
DŽ: 45514583 -> 45621103
DŽ: 45289862 -> 45289862
DŽ: 45454778 -> 45452462
DŽ: 45289862 -> 45289862
DŽ: 45289862 -> 45289862
DŽ: 45289862 -> 45289862
DŽ: 45621103 -> 45981882
DŽ: 45404232 -> 45404232
DŽ: 45289862 -> 45289862
DŽ: 45453807 -> 45621103
DŽ: 45289862 -> 45289862
DŽ: 45289862 -> 45621103
DŽ: 45541285 -> 45621103
DŽ: 45289862 -> 45289862
DŽ: 45289862 -> 45289862
DŽ: 45461617 -> 45408137

 start over 934031 loops 1040 unique solutions 
Original + vert_size 0 
DŽ: 45373188 -> 45289862
DŽ: 45541285 -> 45404232
DŽ: 45426915 -> 45621103
DŽ: 45289862 -> 45289862
DŽ: 45470624 -> 45771232
DŽ: 45289862 -> 45289862
DŽ: 45289862 -> 45538391
DŽ: 45404232 -> 45621103
DŽ: 45289862 -> 45289862
DŽ: 45289862 -> 45289862
DŽ: 45289862 -> 45289862
DŽ: 45289862 -> 45289862
DŽ: 45289862 -> 45884289
DŽ: 45289862 -> 45289862
DŽ: 45289862 -> 45289862
DŽ: 45289862 -> 45289862
DŽ: 45289862 -> 45289862
DŽ: 45289862 -> 45499963
DŽ: 45289862 -> 45289862
DŽ: 45289862 -> 45621103
DŽ: 45289862 -> 45625008
DŽ: 45289862 -> 45289862
DŽ: 45289862 -> 45621103
DŽ: 45289862 -> 45289862
DŽ: 45289862 -> 45621103
DŽ: 45289862 -> 45289862
DŽ: 45289862 -> 45293767
DŽ: 45289862 -> 45621103
DŽ: 45289862 -> 45289862
DŽ: 45289862 -> 45289862
DŽ: 45289862 -> 45650641
DŽ: 45289862 -> 45289862
DŽ: 45289862 -> 45289862
DŽ: 45667418 -> 45884289
DŽ: 45625008 -> 45621103
DŽ: 45289862 -> 45289862
DŽ: 45289862 -> 45621103
DŽ: 45408137 -> 45656666
DŽ: 45289862 -> 45292178
DŽ: 45289862 -> 45289862
DŽ: 45289862 -> 45621103
DŽ: 45289862 -> 45289862
DŽ: 45625008 -> 45621103
DŽ: 45289862 -> 45289862
DŽ: 45404232 -> 45621103
DŽ: 45621103 -> 45621103
DŽ: 45289862 -> 45293767
DŽ: 45289862 -> 45289862
DŽ: 45289862 -> 45981882
DŽ: 45621103 -> 45621103
DŽ: 45289862 -> 45289862
DŽ: 45289862 -> 45289862
DŽ: 45289862 -> 45289862
DŽ: 45289862 -> 45289862
DŽ: 45289862 -> 45621103
DŽ: 45289862 -> 45289862
DŽ: 45289862 -> 45538391
DŽ: 45289862 -> 45625008

 start over 991501 loops 1094 unique solutions 
Original + vert_size 0 
DŽ: 45373188 -> 45289862
DŽ: 45289862 -> 45452462
DŽ: 45289862 -> 45289862
DŽ: 45598902 -> 45452462
DŽ: 45289862 -> 45289862
DŽ: 45452462 -> 45452462
DŽ: 45289862 -> 45289862
DŽ: 45289862 -> 45289862
DŽ: 45452462 -> 45452462
DŽ: 45289862 -> 45621103
DŽ: 45289862 -> 45289862
DŽ: 45289862 -> 45621103
DŽ: 45289862 -> 45538391
DŽ: 45289862 -> 45289862
DŽ: 45621103 -> 45621103
DŽ: 45289862 -> 45621103
DŽ: 45289862 -> 45650641
DŽ: 45289862 -> 45289862
DŽ: 45289862 -> 45289862
DŽ: 45289862 -> 45289862
DŽ: 45453807 -> 45621103
DŽ: 45289862 -> 45289862
DŽ: 45644520 -> 45621103
DŽ: 45452462 -> 45621103
DŽ: 45289862 -> 45289862
DŽ: 45289862 -> 45289862
DŽ: 45289862 -> 45289862
DŽ: 45452462 -> 45621103
DŽ: 45289862 -> 45805319
DŽ: 45662058 -> 45662058
DŽ: 45511597 -> 45621103
DŽ: 45445187 -> 45330817
DŽ: 45452462 -> 45452462
DŽ: 45452462 -> 45456367
DŽ: 45330817 -> 45970863
DŽ: 45453807 -> 45404232
DŽ: 45453807 -> 45621103

 start over 1027163 loops 1142 unique solutions 
Approx + random 
DŽ: 48399661 -> 46099210
DŽ: 45289862 -> 45289862
DŽ: 45621103 -> 45621103
DŽ: 45452462 -> 45700991
DŽ: 45923769 -> 45862432
DŽ: 45474087 -> 45457529
DŽ: 45289862 -> 45289862
DŽ: 45468265 -> 45457529
DŽ: 45289862 -> 45289862
DŽ: 45289862 -> 45289862
DŽ: 45289862 -> 45289862
DŽ: 45289862 -> 45289862
DŽ: 45542037 -> 45788770
DŽ: 45923769 -> 45858527
DŽ: 45289862 -> 45289862
DŽ: 45289862 -> 45289862
DŽ: 45289862 -> 45289862
DŽ: 45289862 -> 45289862
DŽ: 45474087 -> 45461434
DŽ: 45457529 -> 45457529
DŽ: 45289862 -> 45289862
DŽ: 45461434 -> 46134625
DŽ: 45289862 -> 45621103
DŽ: 45923769 -> 45858527
DŽ: 45289862 -> 45289862
DŽ: 45628305 -> 45571899
DŽ: 45542037 -> 45788770
DŽ: 45516550 -> 45788770
DŽ: 45289862 -> 45538391
DŽ: 45289862 -> 45289862
DŽ: 45788770 -> 45788770
DŽ: 45861629 -> 45627939

 start over 1058031 loops 1176 unique solutions 
Original + vert_size 0 
DŽ: 45373188 -> 45289862
DŽ: 45289862 -> 45289862
DŽ: 45571899 -> 45457529
DŽ: 45799506 -> 45788770
DŽ: 45289862 -> 45289862
DŽ: 45289862 -> 45289862
DŽ: 45289862 -> 45289862
DŽ: 45289862 -> 45289862
DŽ: 45289862 -> 45289862
DŽ: 45474087 -> 45792675
DŽ: 45289862 -> 45289862
DŽ: 45289862 -> 45289862
DŽ: 45292178 -> 45289862
DŽ: 45289862 -> 45289862
DŽ: 45289862 -> 45621103
DŽ: 45289862 -> 45289862
DŽ: 45289862 -> 45289862
DŽ: 45289862 -> 45767813
DŽ: 45482002 -> 45408137
DŽ: 45289862 -> 45289862
DŽ: 45289862 -> 45289862
DŽ: 45289862 -> 45854543
DŽ: 45289862 -> 45289862
DŽ: 45289862 -> 45289862
DŽ: 45367413 -> 45289862
DŽ: 45289862 -> 45289862
DŽ: 45289862 -> 45289862
DŽ: 45289862 -> 45289862
DŽ: 45289862 -> 45289862
DŽ: 45289862 -> 45293767
DŽ: 45289862 -> 45289862
DŽ: 45289862 -> 45289862
DŽ: 45289862 -> 45289862
DŽ: 45289862 -> 45621103
DŽ: 45289862 -> 45289862
DŽ: 45404232 -> 45621103
DŽ: 45289862 -> 45289862
DŽ: 45289862 -> 45289862
DŽ: 45289862 -> 45289862
DŽ: 45289862 -> 45289862
DŽ: 45453807 -> 45741881
DŽ: 45459845 -> 45457529

 start over 1099280 loops 1221 unique solutions 
Original + vert_size 13 
DŽ: 45373188 -> 45292178
DŽ: 45289862 -> 45289862
DŽ: 45461434 -> 45461434
DŽ: 45289862 -> 45289862
DŽ: 45289862 -> 45289862
DŽ: 45289862 -> 45289862
DŽ: 45289862 -> 45621103
DŽ: 45289862 -> 45621103
DŽ: 45336676 -> 45289862
DŽ: 45339437 -> 45289862
DŽ: 45289862 -> 45621103
DŽ: 45289862 -> 45289862
DŽ: 45289862 -> 45289862
DŽ: 45289862 -> 45289862
DŽ: 45289862 -> 45289862
DŽ: 45289862 -> 45289862
DŽ: 45289862 -> 45289862
DŽ: 45289862 -> 45330817
DŽ: 45289862 -> 45289862
DŽ: 45289862 -> 45289862
DŽ: 45289862 -> 45788770
DŽ: 45289862 -> 45621103
DŽ: 45289862 -> 45289862
DŽ: 45289862 -> 45289862
DŽ: 45289862 -> 45289862
DŽ: 45289862 -> 45289862
DŽ: 45289862 -> 45289862
DŽ: 45289862 -> 45621103
DŽ: 45289862 -> 45289862
DŽ: 45289862 -> 45289862
DŽ: 45289862 -> 45289862
DŽ: 45289862 -> 45621103
DŽ: 45621103 -> 45621103
DŽ: 45289862 -> 45289862
DŽ: 45289862 -> 45289862
DŽ: 45404232 -> 45404232
DŽ: 45289862 -> 45289862
DŽ: 45404232 -> 45765011

 start over 1136787 loops 1261 unique solutions 
Original + vert_size 0 
DŽ: 45373188 -> 45289862
DŽ: 45289862 -> 45621103
DŽ: 45289862 -> 45621103
DŽ: 45330817 -> 45330817
DŽ: 45289862 -> 45621103
DŽ: 45289862 -> 45289862
DŽ: 45289862 -> 45474078
DŽ: 45621103 -> 45621103
DŽ: 45289862 -> 45289862
DŽ: 45289862 -> 45289862
DŽ: 45289862 -> 45289862
DŽ: 45289862 -> 45621103
DŽ: 45289862 -> 45621103
DŽ: 45621103 -> 45621103
DŽ: 45565413 -> 45289862
DŽ: 45289862 -> 45289862
DŽ: 45289862 -> 45289862
DŽ: 45289862 -> 45289862
DŽ: 45289862 -> 45621103
DŽ: 45404232 -> 45404232
DŽ: 45365097 -> 45289862
DŽ: 45289862 -> 45289862
DŽ: 45289862 -> 45289862
DŽ: 45289862 -> 45289862
DŽ: 45289862 -> 45869632
DŽ: 45404232 -> 45408137
DŽ: 45289862 -> 45621103
DŽ: 45621103 -> 45621103
DŽ: 45289862 -> 45869632
DŽ: 45289862 -> 45621103
DŽ: 45289862 -> 45289862
DŽ: 45289862 -> 45621103
DŽ: 45289862 -> 45289862
DŽ: 45408137 -> 45408137
DŽ: 45289862 -> 45499963
DŽ: 45404232 -> 46081328
DŽ: 45289862 -> 45289862
DŽ: 45289862 -> 45289862
DŽ: 45289862 -> 45289862
DŽ: 45289862 -> 45289862
DŽ: 45289862 -> 45289862
DŽ: 45289862 -> 45621103
DŽ: 45289862 -> 45289862
DŽ: 45289862 -> 45490848
DŽ: 45621103 -> 45805319
DŽ: 45289862 -> 45289862
DŽ: 45289862 -> 45289862
DŽ: 45441168 -> 45334722
DŽ: 45289862 -> 45289862
DŽ: 45289862 -> 45289862
DŽ: 45293767 -> 45436572
DŽ: 45453807 -> 45404232
DŽ: 45621103 -> 45621103
DŽ: 45404232 -> 45621103
DŽ: 45445187 -> 45445187
DŽ: 45289862 -> 45289862
DŽ: 45289862 -> 45289862
DŽ: 45289862 -> 45289862
DŽ: 45289862 -> 45621103
DŽ: 45289862 -> 45289862
DŽ: 45289862 -> 45289862
DŽ: 45289862 -> 45474078
DŽ: 45289862 -> 45289862

 start over 1198869 loops 1308 unique solutions 
Approx + random 
DŽ: 48399661 -> 46099210
DŽ: 45289862 -> 45289862
DŽ: 45289862 -> 45289862
DŽ: 45453807 -> 45289862
DŽ: 45289862 -> 45289862
DŽ: 45289862 -> 45289862
DŽ: 45289862 -> 45289862
DŽ: 45289862 -> 45621103
DŽ: 45289862 -> 45289862
DŽ: 45578730 -> 45571899
DŽ: 45289862 -> 45289862
DŽ: 45289862 -> 45621103
DŽ: 45289862 -> 45293767
DŽ: 45289862 -> 45289862
DŽ: 45404232 -> 45404232
DŽ: 45289862 -> 45289862
DŽ: 45289862 -> 45621103
DŽ: 45289862 -> 45289862
DŽ: 45289862 -> 45621103
DŽ: 45289862 -> 45289862
DŽ: 45289862 -> 45289862
DŽ: 45289862 -> 45650641
DŽ: 45289862 -> 45289862
DŽ: 45289862 -> 45289862
DŽ: 45289862 -> 45289862
DŽ: 45289862 -> 45289862
DŽ: 45289862 -> 45289862
DŽ: 45289862 -> 45289862
DŽ: 45289862 -> 45289862
DŽ: 45289862 -> 45289862
DŽ: 45289862 -> 45289862
DŽ: 45289862 -> 45289862
DŽ: 45621103 -> 46245068
DŽ: 45289862 -> 45289862
DŽ: 45289862 -> 45289862
DŽ: 45289862 -> 45621103
DŽ: 45289862 -> 45289862
DŽ: 45438480 -> 45621103
DŽ: 45289862 -> 45289862
DŽ: 45289862 -> 45621103
DŽ: 45289862 -> 45289862
DŽ: 45289862 -> 45289862
DŽ: 45289862 -> 45289862
DŽ: 45438480 -> 45404232
DŽ: 45438480 -> 45404232
DŽ: 45438480 -> 45404232
DŽ: 45289862 -> 45289862
DŽ: 45404232 -> 45404232
DŽ: 45438480 -> 45621103
DŽ: 45621103 -> 45662058
DŽ: 45289862 -> 45289862
DŽ: 45289862 -> 45289862
DŽ: 45289862 -> 45289862
DŽ: 45289862 -> 45289862
DŽ: 45289862 -> 45621103

 start over 1252127 loops 1354 unique solutions 
Approx + random 
DŽ: 48399661 -> 46096894
DŽ: 45289862 -> 45621103
DŽ: 45404232 -> 45621103
DŽ: 45289862 -> 45289862
DŽ: 45946216 -> 45939385
DŽ: 45404232 -> 45404232
DŽ: 45514583 -> 45330817
DŽ: 45870445 -> 45829725
DŽ: 45289862 -> 45289862
DŽ: 45289862 -> 45621103
DŽ: 45289862 -> 45289862
DŽ: 45671011 -> 45625008
DŽ: 45289862 -> 45289862
DŽ: 45289862 -> 45621103
DŽ: 45453807 -> 45623419
DŽ: 45621103 -> 45621103
DŽ: 45289862 -> 45289862
DŽ: 45289862 -> 45289862
DŽ: 45682252 -> 45621103
DŽ: 45289862 -> 45289862
DŽ: 45461617 -> 45293767
DŽ: 45289862 -> 45289862
DŽ: 45408023 -> 45654546
DŽ: 45289862 -> 45289862
DŽ: 45289862 -> 45289862
DŽ: 45445187 -> 45550942
DŽ: 45289862 -> 45621103
DŽ: 45404232 -> 45805319
DŽ: 45289862 -> 45289862
DŽ: 45461617 -> 45293767
DŽ: 45289862 -> 45289862
DŽ: 45813062 -> 45628913
DŽ: 45870445 -> 45788770
DŽ: 45289862 -> 45289862
DŽ: 45289862 -> 45289862
DŽ: 45289862 -> 45289862
DŽ: 45289862 -> 45289862
DŽ: 45289862 -> 45289862
DŽ: 45289862 -> 45621103
DŽ: 45289862 -> 45289862
DŽ: 45289862 -> 45289862
DŽ: 45289862 -> 46320882
DŽ: 45404232 -> 45765011

 start over 1294841 loops 1412 unique solutions 
Original + vert_size 0 
DŽ: 45373188 -> 45289862
DŽ: 45289862 -> 45289862
DŽ: 45453807 -> 45289862
DŽ: 45621103 -> 45621103
DŽ: 45337025 -> 45289862
DŽ: 45683633 -> 45788770
DŽ: 45475448 -> 45621103
DŽ: 45289862 -> 45621103
DŽ: 45289862 -> 45289862
DŽ: 45339437 -> 45621103
DŽ: 45289862 -> 45289862
DŽ: 45289862 -> 45621103
DŽ: 45289862 -> 45621103
DŽ: 45289862 -> 45289862
DŽ: 45339437 -> 45289862
DŽ: 45289862 -> 45289862
DŽ: 45289862 -> 45289862
DŽ: 45289862 -> 45289862
DŽ: 45289862 -> 45289862
DŽ: 45404232 -> 45289862
DŽ: 45289862 -> 45625008
DŽ: 45289862 -> 45289862
DŽ: 45339437 -> 45289862
DŽ: 45289862 -> 45289862
DŽ: 45289862 -> 45289862
DŽ: 45289862 -> 45858448
DŽ: 45289862 -> 45767813
DŽ: 45491960 -> 45404232
DŽ: 45442385 -> 45289862
DŽ: 45514583 -> 45404232
DŽ: 45289862 -> 45289862
DŽ: 45289862 -> 45621103
DŽ: 45491960 -> 45614333
DŽ: 45452462 -> 45452462
DŽ: 45404232 -> 45404232
DŽ: 45289862 -> 45289862
DŽ: 45289862 -> 45621103
DŽ: 45289862 -> 45289862
DŽ: 45289862 -> 45289862
DŽ: 45289862 -> 45289862
DŽ: 45529010 -> 45625008

 start over 1334113 loops 1442 unique solutions 
Approx + random 
DŽ: 48399661 -> 46092989
DŽ: 45495244 -> 45621103
DŽ: 45289862 -> 45289862
DŽ: 45339437 -> 45621103
DŽ: 45621103 -> 45981882
DŽ: 45289862 -> 45289862
DŽ: 45289862 -> 45621103
DŽ: 45642196 -> 45571899
DŽ: 45289862 -> 45289862
DŽ: 45289862 -> 45289862
DŽ: 45289862 -> 45436572
DŽ: 45436572 -> 45767813
DŽ: 45289862 -> 45289862
DŽ: 45289862 -> 45289862
DŽ: 45571899 -> 45788770
DŽ: 45289862 -> 45293767
DŽ: 45289862 -> 45289862
DŽ: 45788770 -> 45791086
DŽ: 45289862 -> 45289862
DŽ: 45289862 -> 45289862
DŽ: 45289862 -> 45289862
DŽ: 45289862 -> 45289862
DŽ: 45768885 -> 45620129
DŽ: 45289862 -> 45289862
DŽ: 45289862 -> 45621103
DŽ: 45289862 -> 45621103
DŽ: 45289862 -> 45289862
DŽ: 45453807 -> 45869632
DŽ: 45624530 -> 45538391
DŽ: 45289862 -> 45289862
DŽ: 45289862 -> 45289862
DŽ: 45289862 -> 45621103
DŽ: 45768885 -> 45620129
DŽ: 45590282 -> 45869632
DŽ: 45289862 -> 45289862
DŽ: 45538391 -> 45538391
DŽ: 45624530 -> 45538391
DŽ: 45590282 -> 45538391
DŽ: 45620129 -> 45788770

 start over 1372307 loops 1488 unique solutions 
Approx + random 
DŽ: 48399661 -> 46328745
DŽ: 45289862 -> 45289862
DŽ: 45571899 -> 45571899
DŽ: 45336676 -> 45289862
DŽ: 45768885 -> 45620129
DŽ: 45289862 -> 45981882
DŽ: 45404232 -> 45404232
DŽ: 45404232 -> 45404232
DŽ: 45289862 -> 45289862
DŽ: 45289862 -> 45289862
DŽ: 45289862 -> 45289862
DŽ: 45289862 -> 45289862
DŽ: 45289862 -> 45538391
DŽ: 45289862 -> 45289862
DŽ: 45722929 -> 45614333
DŽ: 45289862 -> 45650641
DŽ: 45404232 -> 45289862
DŽ: 45571899 -> 45571899
DŽ: 45538391 -> 45869632
DŽ: 45404232 -> 46028197

 start over 1391664 loops 1516 unique solutions 
Approx + random 
DŽ: 48399661 -> 46096894
DŽ: 45508597 -> 45788770
DŽ: 45586556 -> 45472186
DŽ: 45289862 -> 45289862
DŽ: 45586540 -> 45722514
DŽ: 45621474 -> 45571899
DŽ: 45289862 -> 45289862
DŽ: 45831151 -> 45575804
DŽ: 45575804 -> 45575804
DŽ: 45289862 -> 45289862
DŽ: 45520199 -> 45406548
DŽ: 45289862 -> 45621103
DŽ: 45621103 -> 45621103
DŽ: 45520086 -> 45289862
DŽ: 45289862 -> 45621103
DŽ: 45621103 -> 45621103
DŽ: 45289862 -> 45289862
DŽ: 45453807 -> 45289862
DŽ: 45571899 -> 46465866
DŽ: 45571899 -> 46465866
DŽ: 45289862 -> 45289862
DŽ: 45289862 -> 45289862
DŽ: 45788770 -> 45788770
DŽ: 45621103 -> 45625008
DŽ: 45289862 -> 45621103
DŽ: 45289862 -> 46320882
DŽ: 45586540 -> 45575804
DŽ: 45289862 -> 45289862
DŽ: 45289862 -> 45289862
DŽ: 45621103 -> 45621103
DŽ: 45289862 -> 45289862
DŽ: 45528289 -> 45620129
DŽ: 45480951 -> 45621103
DŽ: 45621474 -> 45788770
DŽ: 45606147 -> 45788770

 start over 1425517 loops 1538 unique solutions 
Original + vert_size 0 
DŽ: 45373188 -> 45289862
DŽ: 45289862 -> 45289862
DŽ: 45289862 -> 45289862
DŽ: 45289862 -> 45538391
DŽ: 45621103 -> 46298199
DŽ: 45289862 -> 45289862
DŽ: 45289862 -> 45621103
DŽ: 45289862 -> 45289862
DŽ: 45453807 -> 45289862
DŽ: 45289862 -> 45621103
DŽ: 45289862 -> 45289862
DŽ: 45289862 -> 45621103
DŽ: 45289862 -> 45621103
DŽ: 45289862 -> 45289862
DŽ: 45289862 -> 45289862
DŽ: 45621103 -> 45621103
DŽ: 45289862 -> 45553048
DŽ: 45289862 -> 45289862
DŽ: 45289862 -> 45650641
DŽ: 45289862 -> 45289862
DŽ: 45289862 -> 45289862
DŽ: 45289862 -> 45289862
DŽ: 45493194 -> 45621103
DŽ: 45289862 -> 45289862
DŽ: 45289862 -> 45289862
DŽ: 45493194 -> 45289862
DŽ: 45289862 -> 45289862
DŽ: 45289862 -> 45621103
DŽ: 45289862 -> 45289862
DŽ: 45289862 -> 45474078
DŽ: 45289862 -> 45981882
DŽ: 45289862 -> 45289862
DŽ: 45621103 -> 45621103
DŽ: 45289862 -> 45289862
DŽ: 45289862 -> 45289862
DŽ: 45404232 -> 45404232
DŽ: 45453807 -> 45404232
DŽ: 45289862 -> 45289862
DŽ: 45289862 -> 45621103
DŽ: 45289862 -> 45289862
DŽ: 45289862 -> 45725019
DŽ: 45289862 -> 45289862
DŽ: 45289862 -> 45289862
DŽ: 45289862 -> 45289862
DŽ: 45404232 -> 45289862
DŽ: 45289862 -> 45289862
DŽ: 45621103 -> 45854543
DŽ: 45289862 -> 45289862
DŽ: 45621103 -> 45404232
DŽ: 45289862 -> 45289862
DŽ: 45289862 -> 45289862
DŽ: 45289862 -> 45289862
DŽ: 45408137 -> 45289862
DŽ: 45453807 -> 45621103

 start over 1478598 loops 1584 unique solutions 
Approx + random 
DŽ: 48399661 -> 45937796
DŽ: 45404232 -> 45621103
DŽ: 45289862 -> 45289862
DŽ: 45289862 -> 45650641
DŽ: 45289862 -> 45289862
DŽ: 45289862 -> 45289862
DŽ: 45289862 -> 45289862
DŽ: 45621103 -> 45404232
DŽ: 45289862 -> 45289862
DŽ: 45289862 -> 45289862
DŽ: 45289862 -> 45289862
DŽ: 45497121 -> 45289862
DŽ: 45289862 -> 45289862
DŽ: 45598902 -> 45452462
DŽ: 45289862 -> 45289862
DŽ: 45289862 -> 45621103
DŽ: 45289862 -> 45289862
DŽ: 45289862 -> 45621103
DŽ: 45289862 -> 45289862
DŽ: 45289862 -> 45621103
DŽ: 45621103 -> 45621103
DŽ: 45478004 -> 45404232
DŽ: 45289862 -> 45289862
DŽ: 45289862 -> 46298199
DŽ: 45289862 -> 45289862
DŽ: 45407754 -> 45621103
DŽ: 45289862 -> 45289862
DŽ: 45289862 -> 45289862
DŽ: 45289862 -> 45289862
DŽ: 45289862 -> 45289862
DŽ: 45289862 -> 45621103
DŽ: 45289862 -> 45289862
DŽ: 45289862 -> 45293767
DŽ: 45289862 -> 45289862
DŽ: 45404232 -> 45404232
DŽ: 45289862 -> 45289862
DŽ: 45289862 -> 45289862
DŽ: 45289862 -> 45289862
DŽ: 45621103 -> 45621103
DŽ: 45339437 -> 45293767
DŽ: 45289862 -> 45289862
DŽ: 45289862 -> 45289862
DŽ: 45289862 -> 45289862
DŽ: 45621103 -> 45621103
DŽ: 45289862 -> 45289862
DŽ: 45289862 -> 45805319
DŽ: 45289862 -> 45621103
DŽ: 45289862 -> 45289862
DŽ: 45289862 -> 45289862
DŽ: 45339437 -> 45621103
DŽ: 45289862 -> 45289862
DŽ: 45453807 -> 45621103

 start over 1529265 loops 1635 unique solutions 
Approx + random 
DŽ: 48399661 -> 46011486
DŽ: 45472549 -> 45289862
DŽ: 45407754 -> 45474078
DŽ: 45289862 -> 45621103
DŽ: 45289862 -> 45289862
DŽ: 45289862 -> 45289862
DŽ: 45289862 -> 45289862
DŽ: 45621103 -> 45621103
DŽ: 45404232 -> 45588448
DŽ: 45289862 -> 45289862
DŽ: 45289862 -> 45289862
DŽ: 45621103 -> 45621103
DŽ: 45289862 -> 45289862
DŽ: 45453807 -> 45404232
DŽ: 45289862 -> 45289862
DŽ: 45289862 -> 45289862
DŽ: 45289862 -> 45289862
DŽ: 45588448 -> 45970863
DŽ: 45289862 -> 45621103
DŽ: 45404232 -> 45404232
DŽ: 45289862 -> 45621103
DŽ: 45289862 -> 45289862
DŽ: 45289862 -> 45650641
DŽ: 45289862 -> 45404232
DŽ: 45289862 -> 45289862
DŽ: 45289862 -> 45621103
DŽ: 45453807 -> 45404232
DŽ: 45289862 -> 45621103
DŽ: 45289862 -> 45292178
DŽ: 45289862 -> 45621103
DŽ: 45289862 -> 45289862
DŽ: 45289862 -> 45289862
DŽ: 45289862 -> 45538391
DŽ: 45404232 -> 45404232
DŽ: 45289862 -> 45289862
DŽ: 45289862 -> 45289862
DŽ: 45289862 -> 45289862
DŽ: 45289862 -> 45289862
DŽ: 45621103 -> 45621103
DŽ: 45289862 -> 45289862
DŽ: 45538391 -> 45538391
DŽ: 45289862 -> 45289862
DŽ: 45289862 -> 45289862
DŽ: 45289862 -> 45289862
DŽ: 45289862 -> 45621103
DŽ: 45621103 -> 45621103
DŽ: 45289862 -> 45289862
DŽ: 45289862 -> 45289862
DŽ: 45404232 -> 45404232
DŽ: 45289862 -> 45621103
DŽ: 45289862 -> 45289862
DŽ: 45289862 -> 45289862
DŽ: 45621103 -> 45621103
DŽ: 45621103 -> 45621103

 start over 1582048 loops 1675 unique solutions 
Original + vert_size 0 
DŽ: 45373188 -> 45289862
DŽ: 46011486 -> 45792675
DŽ: 45289862 -> 45289862
DŽ: 45289862 -> 45289862
DŽ: 45289862 -> 45289862
DŽ: 45792675 -> 45792675
DŽ: 45289862 -> 45289862
DŽ: 45404232 -> 45404232
DŽ: 45289862 -> 45966958
DŽ: 45289862 -> 45289862
DŽ: 45289862 -> 45289862
DŽ: 45289862 -> 45289862
DŽ: 45289862 -> 45621103
DŽ: 45289862 -> 45289862
DŽ: 45289862 -> 45289862
DŽ: 45289862 -> 45289862
DŽ: 45404232 -> 45289862
DŽ: 45289862 -> 45621103
DŽ: 45289862 -> 45289862
DŽ: 45289862 -> 45289862
DŽ: 45289862 -> 45289862
DŽ: 45792675 -> 46469771
DŽ: 45453807 -> 45404232
DŽ: 45289862 -> 45289862
DŽ: 45404232 -> 45588448
DŽ: 45289862 -> 45289862
DŽ: 45408137 -> 45408137
DŽ: 45788770 -> 45792675

 start over 1609492 loops 1724 unique solutions 
Original + vert_size 13 
DŽ: 45373188 -> 45621103
DŽ: 45289862 -> 45621103
DŽ: 45289862 -> 45289862
DŽ: 45457712 -> 45408137
DŽ: 45289862 -> 45621103
DŽ: 45404232 -> 45289862
DŽ: 45404232 -> 45408137
DŽ: 45289862 -> 45621103
DŽ: 45289862 -> 45621103
DŽ: 45682250 -> 45788770
DŽ: 45289862 -> 46320882
DŽ: 45289862 -> 45436572
DŽ: 45404232 -> 45404232
DŽ: 45289862 -> 45621103
DŽ: 45289862 -> 45289862
DŽ: 45289862 -> 45292178
DŽ: 45324110 -> 45289862
DŽ: 45408137 -> 45625008
DŽ: 45289862 -> 45289862
DŽ: 45292178 -> 45289862
DŽ: 45339437 -> 45621103
DŽ: 45289862 -> 45289862
DŽ: 45289862 -> 45289862
DŽ: 45289862 -> 45289862
DŽ: 45289862 -> 45650641
DŽ: 45289862 -> 45289862
DŽ: 45289862 -> 45289862
DŽ: 45289862 -> 45289862
DŽ: 45289862 -> 45788770
DŽ: 45292178 -> 45289862
DŽ: 45289862 -> 45289862
DŽ: 45289862 -> 45621103
DŽ: 45289862 -> 45289862
DŽ: 45289862 -> 45289862
DŽ: 45289862 -> 45289862
DŽ: 45289862 -> 45621103
DŽ: 45598902 -> 45452462
DŽ: 45289862 -> 45289862
DŽ: 45289862 -> 45289862
DŽ: 45621103 -> 45621103
DŽ: 45621474 -> 45571899
DŽ: 45289862 -> 45621103
DŽ: 45289862 -> 45289862
DŽ: 45452462 -> 45452462
DŽ: 45441047 -> 45289862
DŽ: 45289862 -> 45289862
DŽ: 45289862 -> 45289862
DŽ: 45289862 -> 45981882
DŽ: 45289862 -> 45621103

 start over 1657070 loops 1756 unique solutions 
Approx + random 
DŽ: 48399661 -> 46099210
DŽ: 45289862 -> 45289862
DŽ: 45289862 -> 45289862
DŽ: 45289862 -> 45621103
DŽ: 45289862 -> 45289862
DŽ: 45678034 -> 45621103
DŽ: 45289862 -> 45289862
DŽ: 45578120 -> 45788770
DŽ: 45406052 -> 45293767
DŽ: 45408137 -> 45404232
DŽ: 45289862 -> 45289862
DŽ: 45289862 -> 45538391
DŽ: 45582025 -> 45604239
DŽ: 45289862 -> 45289862
DŽ: 45289862 -> 45474078
DŽ: 45289862 -> 45621103
DŽ: 45289862 -> 45289862
DŽ: 45582025 -> 45571899
DŽ: 45289862 -> 45289862
DŽ: 45414358 -> 45404232
DŽ: 45289862 -> 45289862
DŽ: 45578120 -> 45571899
DŽ: 45289862 -> 45289862
DŽ: 45582025 -> 45575804
DŽ: 45289862 -> 45289862
DŽ: 45582025 -> 45792675
DŽ: 45289862 -> 45289862
DŽ: 45289862 -> 45289862
DŽ: 45578120 -> 45571899
DŽ: 45621103 -> 45621103
DŽ: 45542890 -> 45457529
DŽ: 45578120 -> 45792675
DŽ: 45289862 -> 45289862
DŽ: 45457529 -> 45788770
DŽ: 45404232 -> 45404232
DŽ: 45289862 -> 45621103
DŽ: 45457529 -> 45457529

 start over 1693953 loops 1800 unique solutions 
Original + vert_size 13 
DŽ: 45373188 -> 45440477
DŽ: 45467655 -> 45457529
DŽ: 45293767 -> 45542296
DŽ: 45289862 -> 45289862
DŽ: 45289862 -> 45289862
DŽ: 45289862 -> 45289862
DŽ: 45289862 -> 45289862
DŽ: 45414358 -> 45404232
DŽ: 45293767 -> 45293767
DŽ: 45410453 -> 45625008
DŽ: 45309306 -> 46324787
DŽ: 45289862 -> 45289862
DŽ: 45647691 -> 45625008
DŽ: 45289862 -> 45289862
DŽ: 45289862 -> 45289862
DŽ: 45289862 -> 45289862
DŽ: 45289862 -> 45490848
DŽ: 45457712 -> 45656666
DŽ: 45647691 -> 45625008
DŽ: 45643786 -> 46166098
DŽ: 45647691 -> 45625008
DŽ: 45289862 -> 45621103
DŽ: 45293767 -> 45289862
DŽ: 45643786 -> 45621103
DŽ: 45563977 -> 45625008
DŽ: 45289862 -> 45289862
DŽ: 45289862 -> 45289862
DŽ: 45289862 -> 45289862
DŽ: 45289862 -> 45289862
DŽ: 45289862 -> 45289862
DŽ: 45289862 -> 45621103
DŽ: 45625008 -> 45625008
DŽ: 45621103 -> 45621103
DŽ: 45289862 -> 45621103
DŽ: 45621103 -> 45869632
DŽ: 45702336 -> 45869632
DŽ: 45647691 -> 45625008
DŽ: 45410453 -> 45408137
DŽ: 45289862 -> 45289862

 start over 1731677 loops 1842 unique solutions 
Original + vert_size 0 
DŽ: 45373188 -> 45289862
DŽ: 45293767 -> 45293767
DŽ: 45289862 -> 45289862
DŽ: 45289862 -> 45621103
DŽ: 46324787 -> 46540270
DŽ: 45404118 -> 45293767
DŽ: 45289862 -> 45289862
DŽ: 45289862 -> 45650641
DŽ: 45289862 -> 45621103
DŽ: 45289862 -> 45289862
DŽ: 45293767 -> 45330914
DŽ: 45289862 -> 45289862
DŽ: 45293767 -> 45293767
DŽ: 45289862 -> 45289862
DŽ: 45289862 -> 45289862
DŽ: 45289862 -> 45289862
DŽ: 45289862 -> 45621103
DŽ: 45289862 -> 45621103
DŽ: 45289862 -> 45289862
DŽ: 45289862 -> 45289862
DŽ: 45289862 -> 45621103
DŽ: 45289862 -> 45293767
DŽ: 45289862 -> 45289862
DŽ: 45621103 -> 45621103
DŽ: 45289862 -> 45621103
DŽ: 45475448 -> 45289862
DŽ: 45293767 -> 45625008
DŽ: 45289862 -> 45289862
DŽ: 45289862 -> 45621103
DŽ: 45404232 -> 45408137
DŽ: 45457712 -> 45625008
DŽ: 45289862 -> 45289862
DŽ: 45289862 -> 45289862
DŽ: 45289862 -> 45289862
DŽ: 45479353 -> 45625008
DŽ: 45289862 -> 45289862

 start over 1766181 loops 1875 unique solutions 
Original + vert_size 0 
DŽ: 45373188 -> 45289862
DŽ: 45289862 -> 45289862
DŽ: 45289862 -> 45289862
DŽ: 45289862 -> 45289862
DŽ: 45289862 -> 45289862
DŽ: 45289862 -> 45289862
DŽ: 45289862 -> 45289862
DŽ: 45404118 -> 45461434
DŽ: 45289862 -> 45289862
DŽ: 45289862 -> 45625008
DŽ: 45289862 -> 45289862
DŽ: 45289862 -> 45621103
DŽ: 45289862 -> 45289862
DŽ: 45289862 -> 45454597
DŽ: 45289862 -> 45808521
DŽ: 45289862 -> 45289862
DŽ: 45289862 -> 45289862
DŽ: 45289862 -> 45289862
DŽ: 45289862 -> 45289862
DŽ: 45289862 -> 45289862
DŽ: 45289862 -> 45289862
DŽ: 45289862 -> 45289862
DŽ: 45289862 -> 45289862
DŽ: 45289862 -> 45289862
DŽ: 45289862 -> 45289862
DŽ: 45289862 -> 45293767
DŽ: 45289862 -> 45621103
DŽ: 45289862 -> 45289862
DŽ: 45461434 -> 45792675
DŽ: 45461434 -> 45457529
DŽ: 45289862 -> 45454597
DŽ: 45289862 -> 45621103
DŽ: 45289862 -> 45289862
DŽ: 45289862 -> 45289862
DŽ: 45289862 -> 45289862
DŽ: 45289862 -> 45289862
DŽ: 45289862 -> 45621103
DŽ: 45638291 -> 45788770
DŽ: 45679825 -> 45575804
DŽ: 45289862 -> 46344031
DŽ: 45494762 -> 45767813

 start over 1806368 loops 1912 unique solutions 
Approx + random 
DŽ: 48399661 -> 46096894
DŽ: 45571899 -> 45578120
DŽ: 45418577 -> 45293767
DŽ: 45679825 -> 46336078
DŽ: 45658982 -> 45656666
DŽ: 45609689 -> 45575804
DŽ: 45289862 -> 45289862
DŽ: 45544612 -> 46219392
DŽ: 45289862 -> 45289862
DŽ: 45289862 -> 45289862
DŽ: 45289862 -> 45650641
DŽ: 45289862 -> 45289862
DŽ: 45544612 -> 45873537
DŽ: 45289862 -> 45289862
DŽ: 45289862 -> 45289862
DŽ: 45369002 -> 45461434
DŽ: 45289862 -> 45289862
DŽ: 45289862 -> 45289862
DŽ: 45289862 -> 45289862
DŽ: 45289862 -> 45289862
DŽ: 45289862 -> 45289862
DŽ: 45369002 -> 45293767
DŽ: 45575804 -> 45575804
DŽ: 45289862 -> 45621103
DŽ: 45289862 -> 45289862
DŽ: 45609689 -> 45461434
DŽ: 45289862 -> 45289862
DŽ: 45575804 -> 45792675
DŽ: 45607919 -> 45461434
DŽ: 45873537 -> 45873537
DŽ: 45289862 -> 46161803
DŽ: 45584951 -> 45575804
DŽ: 45511009 -> 45618943
DŽ: 45289862 -> 45289862
DŽ: 45289862 -> 45289862
DŽ: 45461434 -> 45461434
DŽ: 45656666 -> 45656666
DŽ: 45289862 -> 45289862
DŽ: 45461434 -> 45461434
DŽ: 45461434 -> 45792675
DŽ: 45289862 -> 45289862
DŽ: 45289862 -> 45289862
DŽ: 45289862 -> 45289862
DŽ: 45461434 -> 45461434
DŽ: 45461434 -> 45461434
DŽ: 45289862 -> 45289862
DŽ: 45587966 -> 45869632
DŽ: 45289862 -> 45289862
DŽ: 45562646 -> 45625008

 start over 1854350 loops 1954 unique solutions 
Original + vert_size 13 
DŽ: 45373188 -> 45289862
DŽ: 45289862 -> 45289862
DŽ: 45289862 -> 45289862
DŽ: 45289862 -> 45289862
DŽ: 45542296 -> 45546201
DŽ: 45954089 -> 45792675
DŽ: 45495319 -> 45461434
DŽ: 45289862 -> 45289862
DŽ: 45412042 -> 45408137
DŽ: 45289862 -> 45553048
DŽ: 45289862 -> 45289862
DŽ: 45289862 -> 45621103
DŽ: 45289862 -> 45289862
DŽ: 45289862 -> 45621103
DŽ: 45289862 -> 45289862
DŽ: 45719397 -> 45609046
DŽ: 45289862 -> 45289862
DŽ: 45289862 -> 45289862
DŽ: 45792675 -> 45792675
DŽ: 45289862 -> 45621103
DŽ: 45289862 -> 45538391
DŽ: 45289862 -> 45289862
DŽ: 45289862 -> 45289862
DŽ: 45289862 -> 45554929
DŽ: 45408974 -> 46103072
DŽ: 45289862 -> 45289862
DŽ: 45289862 -> 45621103
DŽ: 45289862 -> 45621103
DŽ: 45678226 -> 45652761
DŽ: 45369002 -> 45289862
DŽ: 45289862 -> 45474078
DŽ: 45289862 -> 45289862
DŽ: 45553048 -> 45884289

 start over 1886550 loops 1998 unique solutions 
Approx + random 
DŽ: 48399661 -> 46096894
DŽ: 45289862 -> 45623419
DŽ: 45494676 -> 45457529
DŽ: 45289862 -> 45289862
DŽ: 45289862 -> 45289862
DŽ: 45832976 -> 45622848
DŽ: 45546201 -> 45542296
DŽ: 45289862 -> 45289862
DŽ: 45289862 -> 45289862
DŽ: 45289862 -> 45289862
DŽ: 45289862 -> 45289862
DŽ: 45289862 -> 45289862
DŽ: 45293767 -> 45293767
DŽ: 45289862 -> 45289862
DŽ: 45289862 -> 45621103
DŽ: 45553048 -> 45553048
DŽ: 45289862 -> 45289862
DŽ: 45289862 -> 45289862
DŽ: 45644012 -> 45463750
DŽ: 45289862 -> 45289862
DŽ: 45517840 -> 45457529
DŽ: 45289862 -> 45289862
DŽ: 45289862 -> 45289862
DŽ: 45289862 -> 45292178
DŽ: 45289862 -> 45289862
DŽ: 45604528 -> 45461434
DŽ: 45289862 -> 45289862
DŽ: 45289862 -> 45650641
DŽ: 45289862 -> 45289862
DŽ: 45644520 -> 45625008
DŽ: 45463750 -> 45461434
DŽ: 45648913 -> 45457529
DŽ: 45289862 -> 45289862
DŽ: 45289862 -> 45452462
DŽ: 45289862 -> 45289862
DŽ: 45289862 -> 45289862
DŽ: 45289862 -> 45289862
DŽ: 45289862 -> 45289862
DŽ: 45553048 -> 45737264
DŽ: 45289862 -> 45289862
DŽ: 45457712 -> 45404232
DŽ: 45289862 -> 45289862
DŽ: 45289862 -> 45289862
DŽ: 45289862 -> 45621103
DŽ: 45289862 -> 45289862
DŽ: 45289862 -> 45289862
DŽ: 45289862 -> 45289862
DŽ: 45289862 -> 45650641
DŽ: 45289862 -> 45324110
DŽ: 45289862 -> 45289862
DŽ: 45289862 -> 45289862
DŽ: 45289862 -> 45289862
DŽ: 45289862 -> 45289862
DŽ: 45289862 -> 45289862
DŽ: 45289862 -> 45289862
DŽ: 45293767 -> 45625008
DŽ: 45408137 -> 45985787

 start over 1942118 loops 2040 unique solutions 
Approx + random 
DŽ: 48399661 -> 45604239
DŽ: 45289862 -> 45981882
DŽ: 45289862 -> 45289862
DŽ: 45297672 -> 45330817
DŽ: 45289862 -> 45289862
DŽ: 45507439 -> 45839389
DŽ: 45297672 -> 45289862
DŽ: 45289862 -> 45621103
DŽ: 45289862 -> 45289862
DŽ: 45289862 -> 45289862
DŽ: 45699806 -> 45550942
DŽ: 45289862 -> 45621103
DŽ: 45289862 -> 45289862
DŽ: 45404232 -> 45404232
DŽ: 45289862 -> 45289862
DŽ: 45404232 -> 45667418
DŽ: 45404232 -> 45404232
DŽ: 45404232 -> 45652761
DŽ: 45289862 -> 45289862
DŽ: 45289862 -> 45289862
DŽ: 45438480 -> 45869632
DŽ: 45404232 -> 45621103
DŽ: 45975761 -> 45621103
DŽ: 45698317 -> 45869632
DŽ: 45442385 -> 45550942
DŽ: 45496950 -> 45765011
DŽ: 45404232 -> 45404232
DŽ: 45289862 -> 45289862
DŽ: 45404232 -> 45404232
DŽ: 45289862 -> 45289862
DŽ: 45289862 -> 45289862
DŽ: 45289862 -> 45544850
DŽ: 45404232 -> 45621103
DŽ: 45289862 -> 45289862

 start over 1975181 loops 2078 unique solutions 
Approx + random 
DŽ: 48399661 -> 45862432
DŽ: 45445187 -> 45408137
DŽ: 45461434 -> 45788770
DŽ: 45289862 -> 45289862
DŽ: 45474415 -> 45289862
DŽ: 45289862 -> 45621103
DŽ: 45801301 -> 45843294
DŽ: 45507878 -> 45289862
DŽ: 45470624 -> 45406548
DŽ: 45362586 -> 45289862
DŽ: 45289862 -> 45293767
DŽ: 45404232 -> 45404232
DŽ: 45289862 -> 45966958
DŽ: 45293767 -> 45621103
DŽ: 45289862 -> 45289862
DŽ: 45522402 -> 45404232
DŽ: 45289862 -> 45289862
DŽ: 45538391 -> 45538391
DŽ: 45289862 -> 45289862
DŽ: 45293767 -> 45869632
DŽ: 45313011 -> 45289862
DŽ: 45702336 -> 45869632
DŽ: 45453807 -> 45404232
DŽ: 45289862 -> 45289862
DŽ: 45613626 -> 45869632

 start over 1999946 loops 2112 unique solutions 
Original + vert_size 0 
DŽ: 45373188 -> 45289862
DŽ: 45598902 -> 45813241
DŽ: 45695136 -> 45854622
DŽ: 45473630 -> 45289862
DŽ: 45289862 -> 45289862
DŽ: 45464360 -> 45457529
DŽ: 45788770 -> 45788770
DŽ: 45289862 -> 45289862
DŽ: 45452462 -> 45621103
DŽ: 45289862 -> 45289862
DŽ: 45406548 -> 45765011
DŽ: 45289862 -> 45621103
DŽ: 45289862 -> 45621103
DŽ: 45289862 -> 45621103
DŽ: 45289862 -> 45289862
DŽ: 45687326 -> 45854622
DŽ: 45289862 -> 45621103
DŽ: 45289862 -> 45289862
DŽ: 45289862 -> 45289862
DŽ: 45452462 -> 45452462
DŽ: 45289862 -> 45289862
DŽ: 45621103 -> 45621103
DŽ: 45453807 -> 45884289
DŽ: 45289862 -> 45289862
DŽ: 45404232 -> 45289862
DŽ: 45289862 -> 45289862
DŽ: 45621103 -> 45621103
DŽ: 45453807 -> 45621103
DŽ: 45289862 -> 45289862
DŽ: 45456123 -> 45404232
DŽ: 45289862 -> 45289862
DŽ: 45289862 -> 45289862
DŽ: 45289862 -> 45289862
DŽ: 45289862 -> 45289862
DŽ: 45538391 -> 45973548

 start over 2033924 loops 2140 unique solutions 
Original + vert_size 0 
DŽ: 45373188 -> 45289862
DŽ: 45289862 -> 45289862
DŽ: 45289862 -> 45289862
DŽ: 45289862 -> 45289862
DŽ: 45404232 -> 45404232
DŽ: 45289862 -> 45289862
DŽ: 45561057 -> 45404232
DŽ: 45621474 -> 45571899
DŽ: 45289862 -> 45289862
DŽ: 45289862 -> 45289862
DŽ: 45289862 -> 45289862
DŽ: 45289862 -> 45725019
DŽ: 45289862 -> 45289862
DŽ: 45289862 -> 45289862
DŽ: 45289862 -> 45621103
DŽ: 45289862 -> 45289862
DŽ: 45289862 -> 45621103
DŽ: 45289862 -> 45289862
DŽ: 45289862 -> 45289862
DŽ: 45289862 -> 45621103
DŽ: 45289862 -> 45289862
DŽ: 45289862 -> 45289862
DŽ: 45289862 -> 45289862
DŽ: 45621103 -> 45621103
DŽ: 45289862 -> 45289862
DŽ: 45313428 -> 45289862
DŽ: 45514516 -> 45621103
DŽ: 45289862 -> 45289862
DŽ: 45289862 -> 45289862
DŽ: 45289862 -> 45289862
DŽ: 45289862 -> 45621103
DŽ: 45289862 -> 45289862
DŽ: 45289862 -> 45625008
DŽ: 45289862 -> 45621103
DŽ: 45289862 -> 45289862
DŽ: 45452462 -> 45452462
DŽ: 45404232 -> 45408137
DŽ: 45289862 -> 45289862
DŽ: 45571899 -> 45571899
DŽ: 45289862 -> 45289862
DŽ: 45289862 -> 45289862
DŽ: 45289862 -> 45289862
DŽ: 45289862 -> 45621103
DŽ: 45452462 -> 45452462
DŽ: 45289862 -> 45292178
DŽ: 45289862 -> 45289862
DŽ: 45289862 -> 45289862
DŽ: 45289862 -> 45289862
DŽ: 45621103 -> 45621103
DŽ: 45452462 -> 45452462
DŽ: 45289862 -> 45289862
DŽ: 45289862 -> 45621103
DŽ: 45289862 -> 45289862
DŽ: 45404232 -> 45404232
DŽ: 45289862 -> 45289862

 start over 2087559 loops 2186 unique solutions 
Original + vert_size 0 
DŽ: 45373188 -> 45289862
DŽ: 45289862 -> 45289862
DŽ: 45289862 -> 45289862
DŽ: 45289862 -> 45289862
DŽ: 45404232 -> 45404232
DŽ: 45289862 -> 45454597
DŽ: 45289862 -> 45289862
DŽ: 45289862 -> 45289862
DŽ: 45289862 -> 45289862
DŽ: 45621103 -> 45621103
DŽ: 45289862 -> 45289862
DŽ: 45289862 -> 45289862
DŽ: 45289862 -> 45289862
DŽ: 45289862 -> 45289862
DŽ: 45289862 -> 45650641
DŽ: 45289862 -> 45650641
DŽ: 45289862 -> 45650641
DŽ: 45289862 -> 45289862
DŽ: 45289862 -> 45621103
DŽ: 45289862 -> 45289862
DŽ: 45453807 -> 45404232
DŽ: 45289862 -> 45621103
DŽ: 45289862 -> 45289862
DŽ: 45289862 -> 45621103
DŽ: 45289862 -> 45538391
DŽ: 45293767 -> 45289862
DŽ: 45289862 -> 45621103
DŽ: 45289862 -> 45289862
DŽ: 45289862 -> 45289862
DŽ: 45289862 -> 45289862
DŽ: 45438480 -> 45621103
DŽ: 45289862 -> 45808521
DŽ: 45408137 -> 45404232
DŽ: 45289862 -> 45289862
DŽ: 45488055 -> 45621103
DŽ: 45289862 -> 45289862
DŽ: 45289862 -> 45289862
DŽ: 45289862 -> 45289862
DŽ: 45289862 -> 45289862
DŽ: 45289862 -> 45289862
DŽ: 45404232 -> 45404232
DŽ: 45289862 -> 45289862
DŽ: 45289862 -> 45289862
DŽ: 45408137 -> 45404232
DŽ: 45289862 -> 45476394
DŽ: 45404232 -> 45289862
DŽ: 45438480 -> 45404232
DŽ: 45289862 -> 45289862
DŽ: 45289862 -> 45289862
DŽ: 45621103 -> 45869632

 start over 2136463 loops 2234 unique solutions 
Original + vert_size 0 
DŽ: 45373188 -> 45289862
DŽ: 45404232 -> 45404232
DŽ: 45289862 -> 45289862
DŽ: 45289862 -> 45289862
DŽ: 45289862 -> 45289862
DŽ: 45289862 -> 45289862
DŽ: 45289862 -> 45289862
DŽ: 45289862 -> 45621103
DŽ: 45289862 -> 45289862
DŽ: 45289862 -> 45289862
DŽ: 45289862 -> 45289862
DŽ: 45289862 -> 45621103
DŽ: 45289862 -> 45289862
DŽ: 45289862 -> 45621103
DŽ: 45289862 -> 45621103
DŽ: 45289862 -> 45621103
DŽ: 45289862 -> 45289862
DŽ: 45289862 -> 45289862
DŽ: 45289862 -> 45289862
DŽ: 45289862 -> 45553048
DŽ: 45289862 -> 45650641
DŽ: 45289862 -> 45289862
DŽ: 45289862 -> 45289862
DŽ: 45289862 -> 45289862
DŽ: 45289862 -> 45289862
DŽ: 45289862 -> 45289862
DŽ: 45289862 -> 45289862
DŽ: 45289862 -> 45289862
DŽ: 45289862 -> 45289862
DŽ: 45289862 -> 45289862
DŽ: 45289862 -> 45289862
DŽ: 45289862 -> 45289862
DŽ: 45289862 -> 45625008
DŽ: 45307318 -> 45293767
DŽ: 45289862 -> 45289862
DŽ: 45289862 -> 45289862
DŽ: 45453807 -> 45404232
DŽ: 45289862 -> 45289862
DŽ: 45289862 -> 45289862
DŽ: 45289862 -> 45869632
DŽ: 45414672 -> 45621103
DŽ: 45289862 -> 45289862
DŽ: 45289862 -> 45289862
DŽ: 45289862 -> 45289862
DŽ: 45289862 -> 45289862
DŽ: 45289862 -> 45289862
DŽ: 45553048 -> 46230144
DŽ: 45289862 -> 45289862
DŽ: 45289862 -> 45289862
DŽ: 45414672 -> 45289862
DŽ: 45289862 -> 45289862
DŽ: 45289862 -> 45289862
DŽ: 45453807 -> 45404232
DŽ: 45289862 -> 45621103
DŽ: 45289862 -> 45289862
DŽ: 45289862 -> 45796245
DŽ: 45296083 -> 45289862
DŽ: 45289862 -> 45289862
DŽ: 45289862 -> 45650641
DŽ: 45289862 -> 45289862
DŽ: 45289862 -> 45289862
DŽ: 45289862 -> 45289862
DŽ: 45289862 -> 45292178
DŽ: 45289862 -> 45289862
DŽ: 45289862 -> 45289862
DŽ: 45404232 -> 45621103
DŽ: 45289862 -> 45621103
DŽ: 45292178 -> 45289862
DŽ: 45289862 -> 45289862
DŽ: 45289862 -> 45289862
DŽ: 45289862 -> 45289862
DŽ: 45289862 -> 45289862
DŽ: 45621103 -> 45621103

 start over 2208350 loops 2277 unique solutions 
Original + vert_size 0 
DŽ: 45373188 -> 45289862
DŽ: 45453807 -> 45289862
DŽ: 45621103 -> 45822089
DŽ: 45289862 -> 45289862
DŽ: 45289862 -> 45474078
DŽ: 45301496 -> 45650641
DŽ: 45289862 -> 45289862
DŽ: 45644520 -> 45289862
DŽ: 45289862 -> 45289862
DŽ: 45650641 -> 45981882
DŽ: 45289862 -> 45289862
DŽ: 45289862 -> 45289862
DŽ: 45453807 -> 45289862
DŽ: 45474078 -> 45404232
DŽ: 45289862 -> 45289862
DŽ: 45975761 -> 45621103
DŽ: 45289862 -> 45289862
DŽ: 45695725 -> 45588448
DŽ: 45289862 -> 45621103
DŽ: 45289862 -> 45289862
DŽ: 45289862 -> 45289862
DŽ: 45404232 -> 45404232
DŽ: 45289862 -> 45499963
DŽ: 45404232 -> 45289862
DŽ: 45289862 -> 45289862
DŽ: 45289862 -> 45523302
DŽ: 45289862 -> 45289862
DŽ: 45289862 -> 45289862
DŽ: 45330817 -> 45625008
DŽ: 45289862 -> 45289862
DŽ: 45289862 -> 45621103
DŽ: 45289862 -> 45296083
DŽ: 45445187 -> 45970863
DŽ: 45289862 -> 45436572
DŽ: 45289862 -> 45289862
DŽ: 45747361 -> 45621103
DŽ: 45453807 -> 45404232
DŽ: 45289862 -> 45289862
DŽ: 45621103 -> 45621103

 start over 2246112 loops 2344 unique solutions 
Original + vert_size 13 
DŽ: 45373188 -> 45289862
DŽ: 45520199 -> 45404232
DŽ: 45289862 -> 45621103
DŽ: 45289862 -> 45621103
DŽ: 45289862 -> 45436572
DŽ: 45289862 -> 45289862
DŽ: 45289862 -> 45289862
DŽ: 45289862 -> 45289862
DŽ: 45289862 -> 45289862
DŽ: 45289862 -> 45289862
DŽ: 45289862 -> 45621103
DŽ: 45289862 -> 45289862
DŽ: 45289862 -> 45621103
DŽ: 45289862 -> 45289862
DŽ: 45289862 -> 45289862
DŽ: 45289862 -> 45621103
DŽ: 45289862 -> 45621103
DŽ: 45289862 -> 45289862
DŽ: 45621103 -> 45621103
DŽ: 45289862 -> 45796245
DŽ: 45289862 -> 45289862
DŽ: 45289862 -> 45289862
DŽ: 45289862 -> 45538391
DŽ: 45289862 -> 45289862
DŽ: 45289862 -> 45621103
DŽ: 45452462 -> 45452462
DŽ: 45289862 -> 45289862
DŽ: 45289862 -> 45289862
DŽ: 45289862 -> 45621103
DŽ: 45289862 -> 45621103
DŽ: 45516899 -> 45289862
DŽ: 45408137 -> 45404232
DŽ: 45289862 -> 45289862
DŽ: 45538391 -> 45538391
DŽ: 45289862 -> 45289862
DŽ: 45568063 -> 45621103

 start over 2281270 loops 2381 unique solutions 
Original + vert_size 0 
DŽ: 45373188 -> 45289862
DŽ: 45289862 -> 45289862
DŽ: 45453807 -> 45621103
DŽ: 45365097 -> 45650641
DŽ: 45289862 -> 45289862
DŽ: 45289862 -> 45289862
DŽ: 45404232 -> 45621103
DŽ: 45289862 -> 45289862
DŽ: 45404232 -> 45621103
DŽ: 45289862 -> 45289862
DŽ: 45289862 -> 45289862
DŽ: 45289862 -> 45289862
DŽ: 45289862 -> 45289862
DŽ: 45289862 -> 45289862
DŽ: 45621103 -> 45621103
DŽ: 45328993 -> 45621103
DŽ: 45289862 -> 45621103
DŽ: 45289862 -> 45289862
DŽ: 45289862 -> 45289862
DŽ: 45289862 -> 45621103
DŽ: 45289862 -> 45553048
DŽ: 45404232 -> 45404232
DŽ: 45289862 -> 45289862
DŽ: 45289862 -> 45966958
DŽ: 45289862 -> 45289862
DŽ: 45289862 -> 45289862
DŽ: 45289862 -> 45621103
DŽ: 45289862 -> 45966958
DŽ: 45289862 -> 45289862
DŽ: 45356254 -> 45650641
DŽ: 45289862 -> 45289862
DŽ: 45534236 -> 45621103
DŽ: 45404232 -> 45404232
DŽ: 45454484 -> 45289862
DŽ: 45289862 -> 45289862
DŽ: 45621103 -> 45621103
DŽ: 45514583 -> 45404232
DŽ: 45289862 -> 45289862
DŽ: 45289862 -> 45289862
DŽ: 45404232 -> 45404232
DŽ: 45289862 -> 45293767
DŽ: 45289862 -> 45330817
DŽ: 45289862 -> 45289862

 start over 2323181 loops 2417 unique solutions 
Original + vert_size 0 
DŽ: 45373188 -> 45289862
DŽ: 45621103 -> 45621103
DŽ: 45289862 -> 45621103
DŽ: 45289862 -> 45289862
DŽ: 45289862 -> 45289862
DŽ: 45289862 -> 45289862
DŽ: 45289862 -> 45289862
DŽ: 45289862 -> 45289862
DŽ: 45289862 -> 45289862
DŽ: 45289862 -> 45289862
DŽ: 45289862 -> 45289862
DŽ: 45289862 -> 45289862
DŽ: 45289862 -> 45289862
DŽ: 45289862 -> 45289862
DŽ: 45289862 -> 45289862
DŽ: 45408137 -> 45621103
DŽ: 45289862 -> 45289862
DŽ: 45289862 -> 45289862
DŽ: 45289862 -> 45621103
DŽ: 45289862 -> 45289862
DŽ: 45289862 -> 45621103
DŽ: 45289862 -> 45621103
DŽ: 45293767 -> 45289862
DŽ: 45289862 -> 45289862
DŽ: 45289862 -> 45289862
DŽ: 45289862 -> 45289862
DŽ: 45289862 -> 45289862
DŽ: 45339437 -> 45289862
DŽ: 45289862 -> 45770129
DŽ: 45289862 -> 45289862
DŽ: 45289862 -> 45289862
DŽ: 45289862 -> 45621103
DŽ: 45452462 -> 45452462
DŽ: 45453807 -> 45289862
DŽ: 45404232 -> 45404232
DŽ: 45520804 -> 45404232
DŽ: 45289862 -> 45293767
DŽ: 45598902 -> 45452462
DŽ: 45452462 -> 45452462
DŽ: 45289862 -> 45289862
DŽ: 45289862 -> 45292178
DŽ: 45289862 -> 45289862
DŽ: 45289862 -> 45289862
DŽ: 45289862 -> 45289862
DŽ: 45289862 -> 45289862
DŽ: 45289862 -> 45289862
DŽ: 45356141 -> 45621103

 start over 2369091 loops 2462 unique solutions 
Approx + random 
DŽ: 48399661 -> 45935480
DŽ: 45289862 -> 45289862
DŽ: 45289862 -> 45289862
DŽ: 45453807 -> 45404232
DŽ: 45289862 -> 45289862
DŽ: 45289862 -> 45289862
DŽ: 45289862 -> 45289862
DŽ: 45289862 -> 45621103
DŽ: 45289862 -> 45289862
DŽ: 45289862 -> 45621103
DŽ: 45289862 -> 45289862
DŽ: 45289862 -> 45289862
DŽ: 45289862 -> 45621103
DŽ: 45289862 -> 45289862
DŽ: 45289862 -> 45289862
DŽ: 45289862 -> 45289862
DŽ: 45289862 -> 45621103
DŽ: 45289862 -> 45289862
DŽ: 45289862 -> 45289862
DŽ: 45289862 -> 45538391
DŽ: 45289862 -> 45289862
DŽ: 45718609 -> 45718609
DŽ: 45289862 -> 45289862
DŽ: 45289862 -> 45289862
DŽ: 45289862 -> 45621103
DŽ: 45621103 -> 45621103
DŽ: 45289862 -> 45293767
DŽ: 45289862 -> 45621103
DŽ: 45289862 -> 45621103
DŽ: 45289862 -> 45289862
DŽ: 45493417 -> 45456367
DŽ: 45289862 -> 45621103
DŽ: 45289862 -> 45289862
DŽ: 45289862 -> 45289862
DŽ: 45289862 -> 45292178
DŽ: 45289862 -> 45289862
DŽ: 45289862 -> 45621103
DŽ: 45289862 -> 45289862
DŽ: 45289862 -> 45621103
DŽ: 45538391 -> 45873537
DŽ: 45663201 -> 45538391

 start over 2409451 loops 2503 unique solutions 
Original + vert_size 13 
DŽ: 45373188 -> 45981882
DŽ: 45514583 -> 45404232
DŽ: 45497804 -> 45452462
DŽ: 45289862 -> 45621103
DŽ: 45742178 -> 45452462
DŽ: 45289862 -> 45538391
DŽ: 45289862 -> 45289862
DŽ: 45453807 -> 45404232
DŽ: 45289862 -> 45289862
DŽ: 45289862 -> 45289862
DŽ: 45493899 -> 45813241
DŽ: 45289862 -> 45289862
DŽ: 45289862 -> 45289862
DŽ: 45289862 -> 45289862
DŽ: 45543776 -> 45621103
DŽ: 45621103 -> 45822089
DŽ: 45493899 -> 45621103
DŽ: 45289862 -> 45621103
DŽ: 45289862 -> 45289862
DŽ: 45289862 -> 45289862
DŽ: 45289862 -> 45650641
DŽ: 45289862 -> 45289862
DŽ: 45289862 -> 45289862
DŽ: 45289862 -> 45289862
DŽ: 45687539 -> 45452462
DŽ: 45289862 -> 45538391

 start over 2434324 loops 2540 unique solutions 
Original + vert_size 0 
DŽ: 45373188 -> 45289862
DŽ: 45414672 -> 45621103
DŽ: 45289862 -> 45621103
DŽ: 45289862 -> 45650641
DŽ: 45497804 -> 45452462
DŽ: 45289862 -> 45621103
DŽ: 45289862 -> 45289862
DŽ: 45743650 -> 45452462
DŽ: 45289862 -> 45289862
DŽ: 45289862 -> 45289862
DŽ: 45289862 -> 45289862
DŽ: 45289862 -> 45289862
DŽ: 45289862 -> 45621103
DŽ: 45289862 -> 45289862
DŽ: 45621103 -> 45621103
DŽ: 45289862 -> 45474078
DŽ: 45289862 -> 45289862
DŽ: 45289862 -> 45621103
DŽ: 45289862 -> 45621103
DŽ: 45289862 -> 45289862
DŽ: 45289862 -> 45621103
DŽ: 45289862 -> 45289862
DŽ: 45621103 -> 45621103
DŽ: 45289862 -> 45289862
DŽ: 45289862 -> 45621103
DŽ: 45289862 -> 45289862
DŽ: 45289862 -> 45289862
DŽ: 45453807 -> 45621103
DŽ: 45289862 -> 46133618
DŽ: 45621103 -> 45805319
DŽ: 45289862 -> 45289862
DŽ: 45293767 -> 45623419
DŽ: 45289862 -> 45289862
DŽ: 45289862 -> 45293767
DŽ: 45289862 -> 45289862
DŽ: 45289862 -> 45289862
DŽ: 45514583 -> 45404232
DŽ: 45289862 -> 45289862
DŽ: 45289862 -> 45650641
DŽ: 45289862 -> 45289862
DŽ: 45289862 -> 45289862
DŽ: 45289862 -> 45289862
DŽ: 45289862 -> 45289862
DŽ: 45289862 -> 45474078
DŽ: 45330817 -> 45662058
DŽ: 45289862 -> 45621103
DŽ: 45404232 -> 45404232
DŽ: 45289862 -> 45621103
DŽ: 45289862 -> 45289862
DŽ: 45330817 -> 45330817
DŽ: 45289862 -> 45289862
DŽ: 45621103 -> 45869632

 start over 2485246 loops 2574 unique solutions 
Original + vert_size 0 
DŽ: 45373188 -> 45289862
DŽ: 45453807 -> 45765011
DŽ: 45289862 -> 45289862
DŽ: 45523302 -> 45621103
DŽ: 45662058 -> 46022837
DŽ: 45289862 -> 45625008
DŽ: 45289862 -> 45289862
DŽ: 45296083 -> 45621103
DŽ: 45404232 -> 45404232
DŽ: 45289862 -> 45289862
DŽ: 45424145 -> 45330817
DŽ: 45816567 -> 45662058
DŽ: 45293767 -> 46215322
DŽ: 45289862 -> 45538391
DŽ: 45289862 -> 45289862
DŽ: 45289862 -> 45289862
DŽ: 45289862 -> 45289862
DŽ: 45289862 -> 45289862
DŽ: 45289862 -> 45621103
DŽ: 45634219 -> 46022210
DŽ: 45289862 -> 45621103
DŽ: 45621103 -> 45621103
DŽ: 45289862 -> 45289862
DŽ: 45514583 -> 45404232
DŽ: 45289862 -> 45621103
DŽ: 45289862 -> 45289862
DŽ: 45571899 -> 45571899
DŽ: 45488221 -> 45289862

 start over 2512637 loops 2621 unique solutions 
Approx + random 
DŽ: 48399661 -> 46847274
DŽ: 45289862 -> 45289862
DŽ: 45637672 -> 45408137
DŽ: 45404127 -> 45289862
DŽ: 45404127 -> 45621103
DŽ: 45566474 -> 45404232
DŽ: 45621103 -> 45621103
DŽ: 45650007 -> 45621103
DŽ: 45289862 -> 45457529
DŽ: 45404127 -> 45289862
DŽ: 45817674 -> 45788770
DŽ: 45404127 -> 45289862
DŽ: 45289862 -> 45289862
DŽ: 45289862 -> 45289862
DŽ: 45289862 -> 45289862
DŽ: 45574215 -> 45788770
DŽ: 45289862 -> 45621103
DŽ: 45520199 -> 45623419
DŽ: 45289862 -> 45289862
DŽ: 45289862 -> 45289862
DŽ: 45289862 -> 45621103
DŽ: 45453807 -> 45404232
DŽ: 45527579 -> 45621103
DŽ: 45289862 -> 45289862
DŽ: 45552919 -> 45621103
DŽ: 45289862 -> 45289862
DŽ: 45438480 -> 45404232
DŽ: 45404232 -> 45625008
end_heu: 2539104 loops with 2645 unique solutions in 1799.75 s

Calling print_solution
>>> get_solution
  refine_solution: new weight 45289862 (was 45289862) in 0.000352 s
## FINAL WEIGHT 45289862
print_solution: 0.000791 s
