Version: final-94-gfffc3aa rub_all.sh: remove longest prefix
Random seed: 1549748726
Start
>>> save_orig_graph
>> Saved weight 0
Graph loaded
|V| = 1601, |E| = 3120, |R| = 40
First clearance of the input. Calling buy_zero and run_all_heuristics.
  buy_zero: 0 zero edges in 7e-06 s
  handle_small_terminal_degrees: terms 0 in 3e-06 s
  handle_small_Steiner_degrees: steiner 0, suppress 4 in 9e-06 s
  shortest_edge_between_terminals: 0 edges in 2e-06 s
  handle_small_terminal_degrees: terms 0 in 3e-06 s
  handle_small_Steiner_degrees: steiner 0, suppress 0 in 5e-06 s
  shortest_edge_between_terminals: 0 edges in 1e-06 s
Compressed graph 1601 -> 1596
  delete_edges: deleted 4 edges in 0.000172 s and 1 rounds
  handle_small_terminal_degrees: terms 0 in 3e-06 s
  handle_small_Steiner_degrees: steiner 0, suppress 7 in 1.1e-05 s
  shortest_edge_between_terminals: 0 edges in 1e-06 s
  handle_small_terminal_degrees: terms 0 in 3e-06 s
  handle_small_Steiner_degrees: steiner 0, suppress 0 in 5e-06 s
  shortest_edge_between_terminals: 0 edges in 1e-06 s
Compressed graph 1596 -> 1589
  delete_edges_shortest_path: deleted 7 edges in 0.01169 s
  handle_small_terminal_degrees: terms 0 in 1e-06 s
  handle_small_Steiner_degrees: steiner 0, suppress 10 in 6e-06 s
  shortest_edge_between_terminals: 0 edges in 1e-06 s
  handle_small_terminal_degrees: terms 0 in 1e-06 s
  handle_small_Steiner_degrees: steiner 0, suppress 0 in 2e-06 s
  shortest_edge_between_terminals: 0 edges in 1e-06 s
Compressed graph 1589 -> 1579
  handle_small_terminal_degrees: terms 0 in 1e-06 s
  handle_small_Steiner_degrees: steiner 0, suppress 0 in 2e-06 s
  shortest_edge_between_terminals: 0 edges in 2e-06 s
Compressed graph 1579 -> 1579
  delete_edges_shortest_path: deleted 10 edges in 0.006675 s
  handle_small_terminal_degrees: terms 0 in 2e-06 s
  handle_small_Steiner_degrees: steiner 0, suppress 12 in 7e-06 s
  shortest_edge_between_terminals: 0 edges in 1e-06 s
  handle_small_terminal_degrees: terms 0 in 1e-06 s
  handle_small_Steiner_degrees: steiner 0, suppress 0 in 2e-06 s
  shortest_edge_between_terminals: 0 edges in 1e-06 s
Compressed graph 1579 -> 1567
Compressed graph 1567 -> 1567
>>> save_orig_graph
>> Saved weight 0
### ZEL_LVL=0 PRECISE_STARS=0

Calling `contract_till_the_bitter_end`
|V| = 1567, |E| = 3066, |R| = 40
>>> get_solution
>>> get_solution
  refine_solution: new weight 55985798 (was 56055244) in 0.000384 s
  refine_solution: new weight 55985798 (was 55985798) in 0.000354 s
0,,1567,3066,40,,0,0,,56055244,55985798,0,0,0,,0,0,@@

  delete_edges: deleted 12 edges in 0.000219 s and 3 rounds
  handle_small_Steiner_degrees: steiner 0, suppress 14 in 8e-06 s
Starting round 1
Found 14 isolated vertices
Invalid ratios recomputed: 1553
Best ratio is 211376/1 (211376.0), centered at 1341
Finding the best star... Star with 2 terminals centered in 1422
round took: 0.022366 s
|V| = 1567, |E| = 3036, |R| = 39
>>> get_solution
>>> get_solution
  refine_solution: new weight 55985798 (was 56359757) in 0.000339 s
  refine_solution: new weight 55985798 (was 55985798) in 0.000334 s
1,,1553,3036,39,,1553,0,,56359757,55985798,211376,211376,211376,,211376,2,@@

  handle_small_Steiner_degrees: steiner 0, suppress 0 in 2e-06 s
Starting round 2
Found 17 isolated vertices
Invalid ratios recomputed: 89
Best ratio is 213131/1 (213131.0), centered at 237
Finding the best star... Star with 2 terminals centered in 278
round took: 0.001662 s
|V| = 1567, |E| = 3033, |R| = 38
>>> get_solution
>>> get_solution
  refine_solution: new weight 55985798 (was 56359757) in 0.000333 s
  refine_solution: new weight 55985798 (was 55985798) in 0.000333 s
2,,1550,3033,38,,89,0,,56359757,55985798,424507,424507,424507,,213131,2,@@

  handle_small_Steiner_degrees: steiner 0, suppress 0 in 2e-06 s
Starting round 3
Found 19 isolated vertices
Invalid ratios recomputed: 168
Best ratio is 243288/1 (243288.0), centered at 310
Finding the best star... Star with 2 terminals centered in 390
round took: 0.002685 s
|V| = 1567, |E| = 3029, |R| = 37
>>> get_solution
>>> get_solution
  refine_solution: new weight 55985798 (was 56359757) in 0.000332 s
  refine_solution: new weight 55985798 (was 55985798) in 0.000335 s
3,,1548,3029,37,,168,0,,56359757,55985798,667795,667795,667795,,243288,2,@@

  handle_small_Steiner_degrees: steiner 0, suppress 0 in 2e-06 s
Starting round 4
Found 22 isolated vertices
Invalid ratios recomputed: 103
Best ratio is 452029/1 (452029.0), centered at 738
Finding the best star... Star with 2 terminals centered in 819
round took: 0.00158 s
|V| = 1567, |E| = 3024, |R| = 36
>>> get_solution
>>> get_solution
  refine_solution: new weight 55978220 (was 56352179) in 0.000336 s
  refine_solution: new weight 55978220 (was 55978220) in 0.000335 s
4,,1545,3024,36,,103,0,,56352179,55978220,1119824,1119824,1119824,,452029,2,@@

  handle_small_Steiner_degrees: steiner 0, suppress 0 in 2e-06 s
Starting round 5
Found 25 isolated vertices
Invalid ratios recomputed: 211
Best ratio is 470957/1 (470957.0), centered at 193
Finding the best star... Star with 2 terminals centered in 278
round took: 0.005452 s
|V| = 1567, |E| = 3017, |R| = 35
>>> get_solution
>>> get_solution
  refine_solution: new weight 55952039 (was 56325998) in 0.000342 s
  refine_solution: new weight 55952039 (was 55952039) in 0.000338 s
5,,1542,3017,35,,211,0,,56325998,55952039,1590781,1590781,1590781,,470957,2,@@

  handle_small_Steiner_degrees: steiner 0, suppress 0 in 3e-06 s
Starting round 6
Found 30 isolated vertices
Invalid ratios recomputed: 200
Best ratio is 1003683/2 (501841.5), centered at 1171
Finding the best star... Star with 3 terminals centered in 1132
round took: 0.003635 s
|V| = 1567, |E| = 3010, |R| = 33
>>> get_solution
>>> get_solution
  refine_solution: new weight 55952039 (was 56325998) in 0.000335 s
  refine_solution: new weight 55952039 (was 55952039) in 0.000334 s
6,,1537,3010,33,,200,0,,56325998,55952039,2594464,2594464,2594464,,1003683,3,@@

  handle_small_Steiner_degrees: steiner 0, suppress 0 in 3e-06 s
Starting round 7
Found 34 isolated vertices
Invalid ratios recomputed: 207
Best ratio is 768298/1 (768298.0), centered at 389
Finding the best star... Star with 2 terminals centered in 509
round took: 0.004509 s
|V| = 1567, |E| = 3004, |R| = 32
>>> get_solution
>>> get_solution
  refine_solution: new weight 55952039 (was 56325998) in 0.000335 s
  refine_solution: new weight 55952039 (was 55952039) in 0.000332 s
7,,1533,3004,32,,207,0,,56325998,55952039,3362762,3362762,3362762,,768298,2,@@

  handle_small_Steiner_degrees: steiner 0, suppress 0 in 2e-06 s
Starting round 8
Found 38 isolated vertices
Invalid ratios recomputed: 194
Best ratio is 832880/1 (832880.0), centered at 506
Finding the best star... Star with 2 terminals centered in 509
round took: 0.003263 s
|V| = 1567, |E| = 2998, |R| = 31
>>> get_solution
>>> get_solution
  refine_solution: new weight 55569479 (was 55981290) in 0.000344 s
  refine_solution: new weight 55569479 (was 55569479) in 0.000336 s
8,,1529,2998,31,,194,0,,55981290,55569479,4195642,4195642,4195642,,832880,2,@@

  handle_small_Steiner_degrees: steiner 0, suppress 0 in 2e-06 s
Starting round 9
Found 42 isolated vertices
Invalid ratios recomputed: 202
Best ratio is 840551/1 (840551.0), centered at 1452
Finding the best star... Star with 2 terminals centered in 1454
round took: 0.003853 s
|V| = 1567, |E| = 2994, |R| = 30
>>> get_solution
>>> get_solution
  refine_solution: new weight 55569479 (was 55676777) in 0.000339 s
  refine_solution: new weight 55569479 (was 55569479) in 0.000335 s
9,,1525,2994,30,,202,0,,55676777,55569479,5036193,5036193,5036193,,840551,2,@@

  handle_small_Steiner_degrees: steiner 0, suppress 0 in 2e-06 s
Starting round 10
Found 45 isolated vertices
Invalid ratios recomputed: 143
Best ratio is 979186/1 (979186.0), centered at 95
Finding the best star... Star with 2 terminals centered in 98
round took: 0.002836 s
|V| = 1567, |E| = 2988, |R| = 29
>>> get_solution
>>> get_solution
  refine_solution: new weight 55569479 (was 55676777) in 0.000341 s
  refine_solution: new weight 55569479 (was 55569479) in 0.000338 s
10,,1522,2988,29,,143,0,,55676777,55569479,6015379,6015379,6015379,,979186,2,@@

  handle_small_Steiner_degrees: steiner 0, suppress 0 in 3e-06 s
Starting round 11
Found 50 isolated vertices
Invalid ratios recomputed: 220
Best ratio is 1015808/1 (1015808.0), centered at 18
Finding the best star... Star with 2 terminals centered in 98
round took: 0.004661 s
|V| = 1567, |E| = 2978, |R| = 28
>>> get_solution
>>> get_solution
  refine_solution: new weight 55342019 (was 55449317) in 0.000355 s
  refine_solution: new weight 55342019 (was 55342019) in 0.000336 s
11,,1517,2978,28,,220,0,,55449317,55342019,7031187,7031187,7031187,,1015808,2,@@

  handle_small_Steiner_degrees: steiner 0, suppress 0 in 2e-06 s
Starting round 12
Found 58 isolated vertices
Invalid ratios recomputed: 245
Best ratio is 1066492/1 (1066492.0), centered at 231
Finding the best star... Star with 2 terminals centered in 278
round took: 0.005707 s
|V| = 1567, |E| = 2971, |R| = 27
>>> get_solution
>>> get_solution
  refine_solution: new weight 55342019 (was 55449317) in 0.000342 s
  refine_solution: new weight 55342019 (was 55342019) in 0.000335 s
12,,1509,2971,27,,245,0,,55449317,55342019,8097679,8097679,8097679,,1066492,2,@@

  handle_small_Steiner_degrees: steiner 0, suppress 0 in 2e-06 s
Starting round 13
Found 62 isolated vertices
Invalid ratios recomputed: 301
Best ratio is 1093634/1 (1093634.0), centered at 634
Finding the best star... Star with 2 terminals centered in 754
round took: 0.007082 s
|V| = 1567, |E| = 2965, |R| = 26
>>> get_solution
>>> get_solution
  refine_solution: new weight 55228478 (was 55518763) in 0.000348 s
  refine_solution: new weight 55228478 (was 55228478) in 0.000336 s
13,,1505,2965,26,,301,0,,55518763,55228478,9191313,9191313,9191313,,1093634,2,@@

  handle_small_Steiner_degrees: steiner 0, suppress 0 in 2e-06 s
Starting round 14
Found 67 isolated vertices
Invalid ratios recomputed: 282
Best ratio is 1142262/1 (1142262.0), centered at 366
Finding the best star... Star with 2 terminals centered in 449
round took: 0.006392 s
|V| = 1567, |E| = 2958, |R| = 25
>>> get_solution
>>> get_solution
  refine_solution: new weight 54980029 (was 55270314) in 0.000355 s
  refine_solution: new weight 54980029 (was 54980029) in 0.000339 s
14,,1500,2958,25,,282,0,,55270314,54980029,10333575,10333575,10333575,,1142262,2,@@

  handle_small_Steiner_degrees: steiner 0, suppress 0 in 2e-06 s
Starting round 15
Found 72 isolated vertices
Invalid ratios recomputed: 322
Best ratio is 1326196/1 (1326196.0), centered at 274
Finding the best star... Star with 2 terminals centered in 754
round took: 0.008742 s
|V| = 1567, |E| = 2945, |R| = 24
>>> get_solution
>>> get_solution
  refine_solution: new weight 55232462 (was 55270314) in 0.000341 s
  refine_solution: new weight 55232462 (was 55232462) in 0.000335 s
15,,1495,2945,24,,322,0,,55270314,55232462,11659771,11659771,11659771,,1326196,2,@@

  handle_small_Steiner_degrees: steiner 0, suppress 0 in 2e-06 s
Starting round 16
Found 82 isolated vertices
Invalid ratios recomputed: 379
Best ratio is 2773087/2 (1386543.5), centered at 641
Finding the best star... Star with 3 terminals centered in 681
round took: 0.01095 s
|V| = 1567, |E| = 2933, |R| = 22
>>> get_solution
>>> get_solution
  refine_solution: new weight 54980029 (was 55017881) in 0.000341 s
  refine_solution: new weight 54980029 (was 54980029) in 0.000336 s
16,,1485,2933,22,,379,0,,55017881,54980029,14432858,14432858,14432858,,2773087,3,@@

  delete_edges: deleted 57 edges in 0.00044 s and 4 rounds
  handle_small_Steiner_degrees: steiner 1, suppress 40 in 2e-05 s
Starting round 17
Found 132 isolated vertices
Invalid ratios recomputed: 448
Best ratio is 1390644/1 (1390644.0), centered at 1052
Finding the best star... Star with 2 terminals centered in 1056
round took: 0.015482 s
|V| = 1567, |E| = 2823, |R| = 21
>>> get_solution
>>> get_solution
  refine_solution: new weight 54980029 (was 55017881) in 0.000347 s
  refine_solution: new weight 54980029 (was 54980029) in 0.000355 s
17,,1435,2823,21,,448,0,,55017881,54980029,15823502,15823502,15823502,,1390644,2,@@

  handle_small_Steiner_degrees: steiner 0, suppress 2 in 3e-06 s
Starting round 18
Found 140 isolated vertices
Invalid ratios recomputed: 300
Best ratio is 2826615/2 (1413307.5), centered at 1244
Finding the best star... Star with 3 terminals centered in 1365
round took: 0.007548 s
|V| = 1567, |E| = 2804, |R| = 19
>>> get_solution
>>> get_solution
  refine_solution: new weight 54131694 (was 54169546) in 0.00034 s
  refine_solution: new weight 54131694 (was 54131694) in 0.000338 s
18,,1427,2804,19,,300,0,,54169546,54131694,18650117,18650117,18650117,,2826615,3,@@

  handle_small_Steiner_degrees: steiner 0, suppress 0 in 2e-06 s
Starting round 19
Found 152 isolated vertices
Invalid ratios recomputed: 299
Best ratio is 1438848/1 (1438848.0), centered at 922
Finding the best star... Star with 2 terminals centered in 1365
round took: 0.007275 s
|V| = 1567, |E| = 2796, |R| = 18
>>> get_solution
>>> get_solution
  refine_solution: new weight 54052773 (was 54090625) in 0.000339 s
  refine_solution: new weight 54052773 (was 54052773) in 0.000337 s
19,,1415,2796,18,,299,0,,54090625,54052773,20088965,20088965,20088965,,1438848,2,@@

  handle_small_Steiner_degrees: steiner 0, suppress 0 in 3e-06 s
Starting round 20
Found 158 isolated vertices
Invalid ratios recomputed: 356
Best ratio is 1535889/1 (1535889.0), centered at 98
Finding the best star... Star with 2 terminals centered in 449
round took: 0.01109 s
|V| = 1567, |E| = 2785, |R| = 17
>>> get_solution
>>> get_solution
  refine_solution: new weight 54052773 (was 54090625) in 0.000338 s
  refine_solution: new weight 54052773 (was 54052773) in 0.000339 s
20,,1409,2785,17,,356,0,,54090625,54052773,21624854,21624854,21624854,,1535889,2,@@

  handle_small_Steiner_degrees: steiner 0, suppress 2 in 5e-06 s
Starting round 21
Found 169 isolated vertices
Invalid ratios recomputed: 364
Best ratio is 1646478/1 (1646478.0), centered at 118
Finding the best star... Star with 2 terminals centered in 681
round took: 0.013058 s
|V| = 1567, |E| = 2774, |R| = 16
>>> get_solution
>>> get_solution
  refine_solution: new weight 54052773 (was 54090625) in 0.000339 s
  refine_solution: new weight 54052773 (was 54052773) in 0.000338 s
21,,1398,2774,16,,364,0,,54090625,54052773,23271332,23271332,23271332,,1646478,2,@@

  handle_small_Steiner_degrees: steiner 0, suppress 1 in 3e-06 s
Starting round 22
Found 175 isolated vertices
Invalid ratios recomputed: 555
Best ratio is 1654602/1 (1654602.0), centered at 60
Finding the best star... Star with 2 terminals centered in 68
round took: 0.022899 s
|V| = 1567, |E| = 2760, |R| = 15
>>> get_solution
>>> get_solution
  refine_solution: new weight 53931570 (was 53997203) in 0.000342 s
  refine_solution: new weight 53931570 (was 53931570) in 0.000343 s
22,,1392,2760,15,,555,0,,53997203,53931570,24925934,24925934,24925934,,1654602,2,@@

  handle_small_Steiner_degrees: steiner 0, suppress 2 in 5e-06 s
Starting round 23
Found 186 isolated vertices
Invalid ratios recomputed: 453
Best ratio is 3432011/2 (1716005.5), centered at 1019
Finding the best star... Star with 3 terminals centered in 1024
round took: 0.017887 s
|V| = 1567, |E| = 2739, |R| = 13
>>> get_solution
>>> get_solution
  refine_solution: new weight 53503368 (was 53569001) in 0.000341 s
  refine_solution: new weight 53503368 (was 53503368) in 0.000343 s
23,,1381,2739,13,,453,0,,53569001,53503368,28357945,28357945,28357945,,3432011,3,@@

  handle_small_Steiner_degrees: steiner 0, suppress 1 in 3e-06 s
Starting round 24
Found 201 isolated vertices
Invalid ratios recomputed: 468
Best ratio is 1736259/1 (1736259.0), centered at 681
Finding the best star... Star with 2 terminals centered in 955
round took: 0.018258 s
|V| = 1567, |E| = 2730, |R| = 12
>>> get_solution
>>> get_solution
  refine_solution: new weight 53474313 (was 53502094) in 0.000349 s
  refine_solution: new weight 53474313 (was 53474313) in 0.00034 s
24,,1366,2730,12,,468,0,,53502094,53474313,30094204,30094204,30094204,,1736259,2,@@

  handle_small_Steiner_degrees: steiner 0, suppress 1 in 3e-06 s
Starting round 25
Found 208 isolated vertices
Invalid ratios recomputed: 724
Best ratio is 1737268/1 (1737268.0), centered at 827
Finding the best star... Star with 2 terminals centered in 955
round took: 0.034745 s
|V| = 1567, |E| = 2719, |R| = 11
>>> get_solution
>>> get_solution
  refine_solution: new weight 53474313 (was 53502094) in 0.000349 s
  refine_solution: new weight 53474313 (was 53474313) in 0.00034 s
25,,1359,2719,11,,724,0,,53502094,53474313,31831472,31831472,31831472,,1737268,2,@@

  handle_small_Steiner_degrees: steiner 0, suppress 1 in 3e-06 s
Starting round 26
Found 216 isolated vertices
Invalid ratios recomputed: 728
Best ratio is 1793751/1 (1793751.0), centered at 68
Finding the best star... Star with 2 terminals centered in 503
round took: 0.038213 s
|V| = 1567, |E| = 2704, |R| = 10
>>> get_solution
>>> get_solution
  refine_solution: new weight 53474313 (was 53502094) in 0.000349 s
  refine_solution: new weight 53474313 (was 53474313) in 0.000339 s
26,,1351,2704,10,,728,0,,53502094,53474313,33625223,33625223,33625223,,1793751,2,@@

  handle_small_Steiner_degrees: steiner 0, suppress 1 in 3e-06 s
Starting round 27
Found 228 isolated vertices
Invalid ratios recomputed: 647
Best ratio is 3650607/2 (1825303.5), centered at 882
Finding the best star... Star with 3 terminals centered in 887
round took: 0.037892 s
|V| = 1567, |E| = 2687, |R| = 8
>>> get_solution
>>> get_solution
  refine_solution: new weight 53018178 (was 53045959) in 0.000351 s
  refine_solution: new weight 53018178 (was 53018178) in 0.000351 s
27,,1339,2687,8,,647,0,,53045959,53018178,37275830,37275830,37275830,,3650607,3,@@

  handle_small_Steiner_degrees: steiner 0, suppress 1 in 3e-06 s
Starting round 28
Found 241 isolated vertices
Invalid ratios recomputed: 1019
Best ratio is 1845623/1 (1845623.0), centered at 1024
Finding the best star... Star with 2 terminals centered in 1422
round took: 0.077583 s
|V| = 1567, |E| = 2675, |R| = 7
>>> get_solution
>>> get_solution
  refine_solution: new weight 53018178 (was 53045959) in 0.00035 s
  refine_solution: new weight 53018178 (was 53018178) in 0.00034 s
28,,1326,2675,7,,1019,0,,53045959,53018178,39121453,39121453,39121453,,1845623,2,@@

  handle_small_Steiner_degrees: steiner 0, suppress 0 in 2e-06 s
Starting round 29
Found 249 isolated vertices
Invalid ratios recomputed: 800
Best ratio is 1982489/1 (1982489.0), centered at 1454
Finding the best star... Star with 2 terminals centered in 1565
round took: 0.06102 s
|V| = 1567, |E| = 2663, |R| = 6
>>> get_solution
>>> get_solution
  refine_solution: new weight 53018178 (was 53045959) in 0.000349 s
  refine_solution: new weight 53018178 (was 53018178) in 0.00034 s
29,,1318,2663,6,,800,0,,53045959,53018178,41103942,41103942,41103942,,1982489,2,@@

  handle_small_Steiner_degrees: steiner 0, suppress 1 in 3e-06 s
Starting round 30
Found 258 isolated vertices
Invalid ratios recomputed: 275
Best ratio is 2021208/1 (2021208.0), centered at 443
Finding the best star... Star with 2 terminals centered in 503
round took: 0.016512 s
|V| = 1567, |E| = 2651, |R| = 5
>>> get_solution
>>> get_solution
  refine_solution: new weight 53018178 (was 53045959) in 0.000347 s
  refine_solution: new weight 53018178 (was 53018178) in 0.000337 s
30,,1309,2651,5,,275,0,,53045959,53018178,43125150,43125150,43125150,,2021208,2,@@

  handle_small_Steiner_degrees: steiner 0, suppress 0 in 2e-06 s
Starting round 31
Found 266 isolated vertices
Invalid ratios recomputed: 1211
Best ratio is 4350861/2 (2175430.5), centered at 1291
Finding the best star... Star with 3 terminals centered in 1565
round took: 0.120617 s
|V| = 1567, |E| = 2631, |R| = 3
>>> get_solution
>>> get_solution
  refine_solution: new weight 52906642 (was 52934423) in 0.000352 s
  refine_solution: new weight 52906642 (was 52906642) in 0.000341 s
31,,1301,2631,3,,1211,0,,52934423,52906642,47476011,47476011,47476011,,4350861,3,@@

  handle_small_Steiner_degrees: steiner 0, suppress 0 in 2e-06 s
Starting round 32
Found 280 isolated vertices
Invalid ratios recomputed: 1267
Best ratio is 2291076/1 (2291076.0), centered at 1232
Finding the best star... Star with 2 terminals centered in 1565
round took: 0.151174 s
|V| = 1567, |E| = 2621, |R| = 2
>>> get_solution
>>> get_solution
  refine_solution: new weight 52906642 (was 52934423) in 0.000353 s
  refine_solution: new weight 52906642 (was 52906642) in 0.000342 s
32,,1287,2621,2,,1267,0,,52934423,52906642,49767087,49767087,49767087,,2291076,2,@@

  handle_small_Steiner_degrees: steiner 0, suppress 0 in 2e-06 s
Starting round 33
Found 289 isolated vertices
Invalid ratios recomputed: 1278
Best ratio is 3167336/1 (3167336.0), centered at 1268
Finding the best star... Star with 2 terminals centered in 1500
round took: 0.154376 s
|V| = 1567, |E| = 2608, |R| = 1
>>> get_solution
>>> get_solution
  refine_solution: new weight 52906642 (was 52934423) in 0.000352 s
  refine_solution: new weight 52906642 (was 52906642) in 0.000341 s
33,,1278,2608,1,,1278,0,,52934423,52906642,52934423,52934423,52934423,,3167336,2,@@

  handle_small_Steiner_degrees: steiner 0, suppress 0 in 2e-06 s
contract_till_the_bitter_end: 0.953316 s

Calling end_heu
>>> get_solution
Saved weight 0
DŽ: 52934423 -> 52514834
  BEST solution improved 52934423 -> 52514834 (vert_size 0, round 1) *
  BEST solution improved 52514834 -> 52446664 (vert_size 7, round 11) *
  BEST solution improved 52446664 -> 52331847 (vert_size 4, round 353) *
  BEST solution improved 52331847 -> 52231644 (vert_size 7, round 894) *
DŽ: 52231644 -> 52116827
  BEST solution improved 52231644 -> 52116827 (vert_size 0, round 1001) *
  BEST solution improved 52116827 -> 52081483 (vert_size 4, round 1093) *
  BEST solution improved 52081483 -> 52057869 (vert_size 1, round 1241) *
  BEST solution improved 52057869 -> 51985056 (vert_size 4, round 1565) *
DŽ: 51985056 -> 51985056
  BEST solution improved 51985056 -> 51944665 (vert_size 3, round 2529) *
DŽ: 51944665 -> 51944665
DŽ: 52446664 -> 52116827
DŽ: 51985056 -> 51985056
DŽ: 51985056 -> 52362834
DŽ: 51944665 -> 51944665
DŽ: 51944665 -> 51944665
DŽ: 52116827 -> 52413829
DŽ: 52331847 -> 52116827
DŽ: 51944665 -> 51944665
DŽ: 51944665 -> 51944665
DŽ: 52116827 -> 52116827
DŽ: 51985056 -> 52100726
DŽ: 52116827 -> 52423115
DŽ: 52066205 -> 52066205
DŽ: 51944665 -> 51944665
DŽ: 52066205 -> 52066205
DŽ: 52066205 -> 52066205
DŽ: 51944665 -> 51944665
DŽ: 51944665 -> 51944665
DŽ: 51944665 -> 51944665
DŽ: 51944665 -> 51944665
DŽ: 52066205 -> 52066205
DŽ: 52106596 -> 52227799
DŽ: 52116827 -> 52358456
DŽ: 52106596 -> 52689688
DŽ: 52246345 -> 52018214
DŽ: 51944665 -> 51944665
DŽ: 52106596 -> 52759610
DŽ: 51944665 -> 51944665
DŽ: 52405661 -> 52251290
DŽ: 51944665 -> 51944665
DŽ: 52066205 -> 52251290
DŽ: 51944665 -> 52060335
DŽ: 51944665 -> 51944665
DŽ: 51944665 -> 52133746
DŽ: 51944665 -> 51944665
DŽ: 51944665 -> 51944665
DŽ: 51944665 -> 51944665
DŽ: 51944665 -> 51944665
DŽ: 51944665 -> 52059482
DŽ: 52106596 -> 52149783
DŽ: 51968079 -> 52133031
DŽ: 52126283 -> 52126283
DŽ: 52116827 -> 52116827
DŽ: 51944665 -> 51944665
DŽ: 51944665 -> 51944665

 start over 48577 loops 175 unique solutions 
Approx + random 
DŽ: 56055244 -> 53114010
DŽ: 51944665 -> 51944665
DŽ: 52066205 -> 52066205
DŽ: 51944665 -> 51944665
DŽ: 52251290 -> 52251290
DŽ: 51968079 -> 51944665
DŽ: 52745304 -> 52742955
DŽ: 51944665 -> 51944665
DŽ: 52066205 -> 52251290
DŽ: 51944665 -> 52486143
DŽ: 52486143 -> 52729450
DŽ: 52066205 -> 52076436
DŽ: 52116827 -> 52238030
DŽ: 52066205 -> 52066205
DŽ: 52558956 -> 52845120
DŽ: 52066205 -> 52566543
DŽ: 52558956 -> 52486143
DŽ: 51944665 -> 51944665
DŽ: 51944665 -> 51944665
DŽ: 52566543 -> 52706881
DŽ: 52220928 -> 52251290
DŽ: 51944665 -> 51944665
DŽ: 51944665 -> 51944665
DŽ: 52114048 -> 52066205
DŽ: 52220928 -> 52233893
DŽ: 51944665 -> 51944665
DŽ: 52114048 -> 52678002
DŽ: 51944665 -> 51944665
DŽ: 51944665 -> 52322443
DŽ: 52066205 -> 52066205
DŽ: 52486143 -> 52624706
DŽ: 52220928 -> 52277080
DŽ: 52066205 -> 52076436
DŽ: 52624706 -> 52602072
DŽ: 51944665 -> 51968279
DŽ: 52781914 -> 52521731

 start over 83482 loops 207 unique solutions 
Approx + random 
DŽ: 56055244 -> 54063097
DŽ: 51944665 -> 51944665
DŽ: 53493996 -> 53522456
DŽ: 52558956 -> 52729450
DŽ: 52413574 -> 52318065
DŽ: 51944665 -> 51944665
DŽ: 53211057 -> 52366107
DŽ: 52761467 -> 52626317
DŽ: 52366107 -> 52366107
DŽ: 51944665 -> 51944665
DŽ: 52719219 -> 52729450
DŽ: 53112045 -> 53343874
DŽ: 52524060 -> 52366107
DŽ: 51944665 -> 51944665
DŽ: 51944665 -> 51944665
DŽ: 52422538 -> 52406847
DŽ: 51944665 -> 51968279
DŽ: 51944665 -> 51944665
DŽ: 52524060 -> 52811402
DŽ: 52422538 -> 52066205
DŽ: 52422538 -> 52066205
DŽ: 52066205 -> 52066205
DŽ: 51944665 -> 51944665
DŽ: 52066205 -> 52251290
DŽ: 51944665 -> 51944665
DŽ: 51944665 -> 51944665
DŽ: 51944665 -> 51944665
DŽ: 52524060 -> 52593567
DŽ: 51944665 -> 51944665
DŽ: 51944665 -> 51944665
DŽ: 51944665 -> 52302789
DŽ: 52066205 -> 52066205
DŽ: 51944665 -> 51944665

 start over 115297 loops 245 unique solutions 
Original + vert_size 0 
DŽ: 52934423 -> 52514834
DŽ: 52318065 -> 52809781
DŽ: 53460673 -> 52312891
DŽ: 52558956 -> 52679375
DŽ: 52349921 -> 52251290
DŽ: 52558956 -> 52486143
DŽ: 53050410 -> 53155500
DŽ: 51944665 -> 51944665
DŽ: 51944665 -> 52083228
DŽ: 52514834 -> 52743008
DŽ: 51944665 -> 51944665
DŽ: 51944665 -> 51944665
DŽ: 52083228 -> 52316570
DŽ: 52432882 -> 52133031
DŽ: 51944665 -> 51944665
DŽ: 52604858 -> 52531029
DŽ: 52133031 -> 52133031
DŽ: 51944665 -> 51944665
DŽ: 51944665 -> 51944665
DŽ: 51944665 -> 51968279
DŽ: 51944665 -> 52187972
DŽ: 51944665 -> 51944665
DŽ: 51944665 -> 51944665
DŽ: 52180685 -> 52059482
DŽ: 52119639 -> 52059482
DŽ: 52187972 -> 52694348
DŽ: 52066205 -> 52251290
DŽ: 52059482 -> 52059482
DŽ: 52187972 -> 52244124
DŽ: 52059482 -> 51944665
DŽ: 52012185 -> 52085734
DŽ: 52162266 -> 52542295
DŽ: 52348051 -> 52018214
DŽ: 52604858 -> 52553663
DŽ: 51944665 -> 51944665
DŽ: 51944665 -> 52089482
  BEST solution improved 51944665 -> 51942154 (vert_size 3, round 150415) *
DŽ: 51942154 -> 51942154
DŽ: 51942154 -> 51942154
DŽ: 52743008 -> 52697390

 start over 153697 loops 282 unique solutions 
Original + vert_size 13 
DŽ: 52934423 -> 52474443
DŽ: 51944665 -> 51944665
DŽ: 52251290 -> 52251290
DŽ: 52017478 -> 51944665
DŽ: 52201355 -> 52251290
DŽ: 52251290 -> 52251290
DŽ: 52235104 -> 52224209
DŽ: 51942154 -> 51942154
DŽ: 51942154 -> 51942154
DŽ: 51942154 -> 51942154
DŽ: 51944665 -> 51944665
DŽ: 51942154 -> 51942154
DŽ: 52235104 -> 52109392
DŽ: 52055372 -> 52085734
DŽ: 51944665 -> 52482254
DŽ: 51942154 -> 51942154
DŽ: 51942154 -> 51942154
DŽ: 52235104 -> 52251290
DŽ: 51942154 -> 51942154
DŽ: 52251290 -> 52251290
DŽ: 52251290 -> 52251290
DŽ: 52176471 -> 52370718
DŽ: 52224209 -> 52366107
DŽ: 52251290 -> 52251290
DŽ: 51944665 -> 51944665
DŽ: 51942154 -> 51942154
DŽ: 51942154 -> 51942154
DŽ: 52251290 -> 52251290
DŽ: 52177741 -> 52177741
DŽ: 52349921 -> 52366107
DŽ: 51942154 -> 51942154
DŽ: 51942154 -> 51942154
DŽ: 51944665 -> 51944665
DŽ: 51942154 -> 51942154
DŽ: 51942154 -> 51942154
DŽ: 52181022 -> 52719219

 start over 188552 loops 308 unique solutions 
Approx + random 
DŽ: 56055244 -> 52764410
DŽ: 52220928 -> 52261521
DŽ: 52224209 -> 52181022
DŽ: 52694964 -> 52531038
DŽ: 51944665 -> 52172125
DŽ: 52764410 -> 52531038
DŽ: 52251290 -> 52251290
DŽ: 52181022 -> 52366107
DŽ: 52235104 -> 52119623
DŽ: 51942154 -> 51965768
DŽ: 52248701 -> 52133031
DŽ: 51942154 -> 51942154
DŽ: 51942154 -> 51942154
DŽ: 52697390 -> 52697390
DŽ: 51942154 -> 51965768
DŽ: 52697390 -> 52697390
DŽ: 52181022 -> 52366107
DŽ: 51942154 -> 51942154
DŽ: 52697390 -> 52832540
DŽ: 51942154 -> 51942154
DŽ: 52764410 -> 52416221
DŽ: 51942154 -> 51942154
DŽ: 52102669 -> 52059482
DŽ: 51942154 -> 52185461
DŽ: 52697390 -> 52697390
DŽ: 51942154 -> 51942154
DŽ: 52102669 -> 52133031
DŽ: 51942154 -> 51942154
DŽ: 51942154 -> 51942154
DŽ: 51942154 -> 51942154
DŽ: 51965768 -> 51965768
DŽ: 52133031 -> 52261521
DŽ: 51944665 -> 52257905

 start over 220165 loops 346 unique solutions 
Approx + random 
DŽ: 56055244 -> 53224946
DŽ: 52133031 -> 52018214
DŽ: 52694964 -> 52598558
DŽ: 52102669 -> 52018214
DŽ: 52133031 -> 52018214
DŽ: 51944665 -> 51944665
DŽ: 52598558 -> 52316221
DŽ: 52218339 -> 52018214
DŽ: 52445681 -> 52066205
DŽ: 52643995 -> 52251290
DŽ: 52059482 -> 52288588
DŽ: 52018214 -> 52261521
DŽ: 51942154 -> 51942154
DŽ: 52239959 -> 52376338
DŽ: 51942154 -> 51942154
DŽ: 52193953 -> 52616681
DŽ: 51942154 -> 51942154
DŽ: 51942154 -> 51942154
DŽ: 52376338 -> 52376338
DŽ: 52360152 -> 52261521
DŽ: 51942154 -> 51942154
DŽ: 51942154 -> 51942154
DŽ: 52366107 -> 52366107
DŽ: 52018214 -> 52133031
DŽ: 52292558 -> 52292558
DŽ: 51942154 -> 51942154
DŽ: 51942154 -> 51942154
DŽ: 51942154 -> 51942154
DŽ: 51942154 -> 51942154
DŽ: 51942154 -> 51942154
DŽ: 52059482 -> 52302789
DŽ: 52059482 -> 52302789
DŽ: 51942154 -> 51942154
DŽ: 52018214 -> 52018214
DŽ: 51942154 -> 52060335
DŽ: 52193953 -> 52193953
DŽ: 52059482 -> 52083096
DŽ: 51942154 -> 51942154

 start over 257295 loops 380 unique solutions 
Approx + random 
DŽ: 56055244 -> 54144030
DŽ: 51942154 -> 51965768
DŽ: 52066205 -> 52066205
DŽ: 51942154 -> 51942154
DŽ: 53578958 -> 53513432
DŽ: 52316965 -> 52191253
DŽ: 51965768 -> 52080585
DŽ: 51942154 -> 51942154
DŽ: 51942154 -> 51942154
DŽ: 52677137 -> 52517914
DŽ: 51942154 -> 51942154
DŽ: 52080585 -> 52097362
  BEST solution improved 52097362 -> 51940414 (vert_size 2, round 268026) *
DŽ: 51940414 -> 51940414
DŽ: 52155909 -> 52018214
DŽ: 51940414 -> 51940414
DŽ: 52558305 -> 53409413
DŽ: 51940414 -> 51940414
DŽ: 51940414 -> 51940414
DŽ: 51993083 -> 51979789
DŽ: 51940414 -> 51940414
DŽ: 52863750 -> 52697129
DŽ: 52509174 -> 52587469
DŽ: 51940414 -> 51940414
DŽ: 52469669 -> 53223013
DŽ: 51940414 -> 51940414
DŽ: 51940414 -> 51940414
DŽ: 52469669 -> 52429278
DŽ: 52429278 -> 52130642

 start over 284276 loops 416 unique solutions 
Original + vert_size 13 
DŽ: 52934423 -> 52699919
DŽ: 52590872 -> 52517914
DŽ: 52517914 -> 52517914
DŽ: 52712976 -> 52940436
DŽ: 52452692 -> 52429278
DŽ: 51965768 -> 52171260
DŽ: 52301912 -> 52301912
DŽ: 52429278 -> 52864585
DŽ: 51940414 -> 51940414
DŽ: 51940414 -> 51940414
DŽ: 51940414 -> 51940414
DŽ: 52694259 -> 52670845
DŽ: 51942154 -> 52097362
DŽ: 52806398 -> 52712976
DŽ: 51940414 -> 51940414
DŽ: 52670845 -> 52699900
DŽ: 52736390 -> 52938444
DŽ: 51940414 -> 51940414
DŽ: 51940414 -> 51940414
DŽ: 51940414 -> 51940414
DŽ: 52013227 -> 52120976
DŽ: 52689669 -> 52699900
DŽ: 51964028 -> 52013963
DŽ: 52055738 -> 52344421
DŽ: 52013963 -> 52013963
DŽ: 52764171 -> 53220628
DŽ: 52662354 -> 52750990
DŽ: 51940414 -> 51940414
DŽ: 52043018 -> 52043018

 start over 312487 loops 442 unique solutions 
Original + vert_size 0 
DŽ: 52934423 -> 52514834
DŽ: 52542482 -> 52712976
DŽ: 52013963 -> 52081483
DŽ: 51964028 -> 52207335
DŽ: 52502091 -> 52517914
DŽ: 52569109 -> 52517914
DŽ: 51940414 -> 51940414
DŽ: 52502091 -> 52793309
DŽ: 52197104 -> 52061954
DŽ: 52081483 -> 52526534
DŽ: 51940414 -> 51940414
DŽ: 52197104 -> 52197104
DŽ: 51940414 -> 51940414
DŽ: 51940414 -> 51940414
DŽ: 52187900 -> 52058605
DŽ: 51940414 -> 51940414
DŽ: 52502091 -> 52517914
DŽ: 51940414 -> 52212776
DŽ: 52058605 -> 52085734
DŽ: 52793309 -> 52793309
DŽ: 51940414 -> 51940414
DŽ: 51940414 -> 51940414
DŽ: 52197104 -> 52307961
DŽ: 52655722 -> 52619863
DŽ: 51940414 -> 51940414
DŽ: 52173490 -> 52173490
DŽ: 52078986 -> 52200551
DŽ: 52078986 -> 52156777
DŽ: 51940414 -> 51940414
DŽ: 51940414 -> 51940414
DŽ: 51940414 -> 51940414
DŽ: 51940414 -> 51940414
DŽ: 52549673 -> 52366483

 start over 344700 loops 471 unique solutions 
Approx + random 
DŽ: 56055244 -> 53721956
DŽ: 51940414 -> 51940414
DŽ: 52061954 -> 52247039
DŽ: 52085368 -> 52595308
DŽ: 51940414 -> 51940414
DŽ: 52233234 -> 51944665
DŽ: 52018214 -> 52018214
DŽ: 52081483 -> 52081483
DŽ: 52081483 -> 52013963
DŽ: 52085368 -> 52061954
DŽ: 52502091 -> 52429278
DŽ: 51940414 -> 51940414
DŽ: 52061954 -> 52061954
DŽ: 52502091 -> 52517914
DŽ: 51940414 -> 51940414
DŽ: 52517914 -> 52429278
DŽ: 53235177 -> 52678861
DŽ: 51940414 -> 51940414
DŽ: 51940414 -> 51940414
DŽ: 52516932 -> 52301912
DŽ: 51940414 -> 51940414
DŽ: 52291681 -> 52718393
DŽ: 52291681 -> 52406498
DŽ: 51940414 -> 51940414
DŽ: 52173422 -> 52173422
DŽ: 51940414 -> 51940414
DŽ: 52233579 -> 52173422
DŽ: 52133031 -> 52133031
DŽ: 52595308 -> 52595308
DŽ: 52099873 -> 52099873
DŽ: 51940414 -> 51940414
DŽ: 51940414 -> 51940414
DŽ: 51940414 -> 51940414

 start over 376742 loops 500 unique solutions 
Original + vert_size 0 
DŽ: 52934423 -> 52514834
DŽ: 52173422 -> 52173422
DŽ: 51940414 -> 51940414
DŽ: 52291681 -> 52291681
DŽ: 51940414 -> 51940414
DŽ: 52291681 -> 52291681
DŽ: 51940414 -> 51940414
DŽ: 52231644 -> 52301912
DŽ: 52595308 -> 52595308
DŽ: 52232308 -> 52291681
DŽ: 52516932 -> 52417582
DŽ: 52417582 -> 52261521
DŽ: 52216739 -> 52018214
DŽ: 51940414 -> 51940414
DŽ: 51940414 -> 51940414
DŽ: 52102669 -> 52018214
DŽ: 51940414 -> 51964028
DŽ: 52018214 -> 52018214
DŽ: 52216739 -> 52018214
DŽ: 51940414 -> 51940414
DŽ: 51964028 -> 51964028
DŽ: 51940414 -> 51940414
DŽ: 52407351 -> 52261521
DŽ: 51940414 -> 51940414
DŽ: 52216739 -> 52018214
DŽ: 51964028 -> 52102591
DŽ: 52018214 -> 52018214
DŽ: 51964028 -> 52102591
DŽ: 51964028 -> 52006159
DŽ: 51964028 -> 52227864
DŽ: 51964028 -> 51993083
DŽ: 51940414 -> 51940414
DŽ: 51940414 -> 51940414
DŽ: 51940414 -> 51940414
DŽ: 51940414 -> 51940414
DŽ: 51964028 -> 52242094
DŽ: 51940414 -> 51940414

 start over 412681 loops 538 unique solutions 
Approx + random 
DŽ: 56055244 -> 53093479
DŽ: 52143060 -> 52018214
DŽ: 51940414 -> 51940414
DŽ: 52143060 -> 52028243
DŽ: 51940414 -> 51940414
DŽ: 51940414 -> 51940414
DŽ: 51940414 -> 51940414
DŽ: 51940414 -> 51964028
DŽ: 51964028 -> 51982545
DŽ: 51940414 -> 51940414
DŽ: 52102669 -> 52018214
DŽ: 52018214 -> 52018214
DŽ: 51940414 -> 51940414
DŽ: 51940414 -> 51940414
DŽ: 51940414 -> 52013963
DŽ: 51940414 -> 51940414
DŽ: 52251290 -> 52251290
DŽ: 51940414 -> 51940414
DŽ: 51940414 -> 51940414
DŽ: 51940414 -> 52402442
DŽ: 51940414 -> 52222392
DŽ: 51940414 -> 51940414
DŽ: 51940414 -> 51940414
DŽ: 51940414 -> 51940414
DŽ: 51940414 -> 51940414
DŽ: 51940414 -> 51940414
DŽ: 52177741 -> 52177741
DŽ: 52177741 -> 52177741
DŽ: 51940414 -> 51940414
DŽ: 51940414 -> 51940414
DŽ: 51940414 -> 52007934
DŽ: 52177741 -> 52177741
DŽ: 52331399 -> 52120976
DŽ: 51940414 -> 51940414
DŽ: 52177741 -> 52177741
DŽ: 51940414 -> 52106722
DŽ: 51964028 -> 51940414
DŽ: 51940414 -> 51940414
DŽ: 51940414 -> 51940414
DŽ: 51940414 -> 51940414

 start over 451360 loops 564 unique solutions 
Original + vert_size 0 
DŽ: 52934423 -> 52514834
DŽ: 52514834 -> 52232497
DŽ: 52013963 -> 52081483
DŽ: 51940414 -> 51940414
DŽ: 52232497 -> 52301912
DŽ: 51940414 -> 51940414
DŽ: 51940414 -> 51940414
DŽ: 52295164 -> 52261521
DŽ: 51940414 -> 51964028
DŽ: 51982545 -> 51982545
DŽ: 51940414 -> 51940414
DŽ: 51940414 -> 51940414
DŽ: 52228363 -> 52349566
DŽ: 52228363 -> 53241525
DŽ: 52099873 -> 52059482
DŽ: 51982545 -> 51982545
DŽ: 52068673 -> 51944665
DŽ: 52172686 -> 52173422
DŽ: 51982545 -> 51982545
DŽ: 51940414 -> 51940414
DŽ: 53154023 -> 53100508
DŽ: 51942154 -> 51965768
DŽ: 51942154 -> 51942154
DŽ: 51940414 -> 51940414
DŽ: 52059482 -> 52059482
DŽ: 52116827 -> 52076436
DŽ: 53100508 -> 52705111
DŽ: 52231644 -> 52312456
DŽ: 51940414 -> 51940414
DŽ: 51940414 -> 51940414
DŽ: 52575474 -> 52366794
DŽ: 52205463 -> 52116827
DŽ: 52123487 -> 51985056
DŽ: 52228363 -> 52705582
DŽ: 51940414 -> 51940414
DŽ: 52076436 -> 52455839
DŽ: 52116827 -> 52231644
DŽ: 51944665 -> 52012185
DŽ: 52081483 -> 52081483
DŽ: 51940414 -> 52097362

 start over 490989 loops 617 unique solutions 
Approx + random 
DŽ: 56055244 -> 53090490
DŽ: 51940414 -> 52100726
DŽ: 52068673 -> 52024431
DŽ: 52076436 -> 52261521
DŽ: 51940414 -> 51940414
DŽ: 52066205 -> 52719219
DŽ: 51944665 -> 52187972
DŽ: 51940414 -> 51940414
DŽ: 52076436 -> 52729450
DŽ: 51942154 -> 52229604
DŽ: 51940414 -> 51940414
DŽ: 51940414 -> 51940414
DŽ: 52228363 -> 52301912
DŽ: 51968279 -> 52011466
DŽ: 52014111 -> 52018214
DŽ: 52235104 -> 52411194
DŽ: 52015703 -> 52015703
DŽ: 52024431 -> 52768076
DŽ: 52261521 -> 52261521
DŽ: 51968279 -> 52347682
DŽ: 52015703 -> 52015703
DŽ: 51940414 -> 51940414
DŽ: 51985056 -> 52058605
DŽ: 52178838 -> 52251290
DŽ: 51940414 -> 51940414
DŽ: 51985056 -> 52059482
DŽ: 52059482 -> 52099873
DŽ: 51940414 -> 51940414
DŽ: 52089619 -> 52479421
DŽ: 51940414 -> 51940414
DŽ: 51940414 -> 51940414
DŽ: 52197593 -> 52181022
DŽ: 52059482 -> 51944665
DŽ: 52051857 -> 52480485
DŽ: 51944665 -> 51944665
DŽ: 51944665 -> 51944665
DŽ: 51940414 -> 51940414
DŽ: 52181022 -> 52181022

 start over 527732 loops 647 unique solutions 
Original + vert_size 0 
DŽ: 52934423 -> 52514834
DŽ: 52251290 -> 52251290
DŽ: 51940414 -> 51940414
DŽ: 51968279 -> 51968279
DŽ: 52191253 -> 52076436
DŽ: 52015703 -> 52130520
DŽ: 52076436 -> 52261521
DŽ: 52719219 -> 52729450
DŽ: 51968279 -> 51944665
DŽ: 52130520 -> 52269083
DŽ: 51940414 -> 51940414
DŽ: 51968279 -> 52246345
DŽ: 51940414 -> 51940414
DŽ: 52076436 -> 52116827
DŽ: 51940414 -> 51940414
DŽ: 52060603 -> 52181581
DŽ: 52104339 -> 52130520
DŽ: 51940414 -> 51940414
DŽ: 51940414 -> 51940414
DŽ: 51940414 -> 51940414
DŽ: 51940414 -> 51940414
DŽ: 52106596 -> 52066205
DŽ: 51940414 -> 51940414
DŽ: 51940414 -> 51940414
DŽ: 51940414 -> 52085231
DŽ: 51940414 -> 51940414
DŽ: 52043018 -> 52043018
DŽ: 51940414 -> 51940414
DŽ: 52106596 -> 52221413
DŽ: 52043018 -> 52043018
DŽ: 52123614 -> 52123614
DŽ: 52123614 -> 52241795
DŽ: 51940414 -> 51940414
DŽ: 52241795 -> 52058605
DŽ: 52387706 -> 52058605
DŽ: 51964028 -> 52013963
DŽ: 52076436 -> 52261521
DŽ: 52216739 -> 52018214
DŽ: 51940414 -> 52183721
DŽ: 51940414 -> 51940414
DŽ: 52015703 -> 52130520

 start over 567111 loops 694 unique solutions 
Approx + random 
DŽ: 56055244 -> 53095463
DŽ: 51940414 -> 51940414
DŽ: 51940414 -> 51940414
DŽ: 51940414 -> 51940414
DŽ: 52043018 -> 52043018
DŽ: 51940414 -> 51940414
DŽ: 51940414 -> 51940414
DŽ: 52060603 -> 52652377
DŽ: 52864823 -> 52717112
DŽ: 52251290 -> 52251290
DŽ: 52076436 -> 52191253
DŽ: 51940414 -> 52227864
DŽ: 51940414 -> 51940414
DŽ: 52054962 -> 52060603
DŽ: 51940414 -> 51940414
DŽ: 52202686 -> 52364143
DŽ: 51940414 -> 51940414
DŽ: 52251290 -> 52696917
DŽ: 52323351 -> 52303896
DŽ: 52364143 -> 52200551
DŽ: 51940414 -> 52173490
DŽ: 51940414 -> 51940414
DŽ: 51940414 -> 51940414
DŽ: 52133646 -> 51940414
DŽ: 51940414 -> 51940414
DŽ: 51940414 -> 51940414
DŽ: 52135166 -> 52295941
DŽ: 52017478 -> 52102669
DŽ: 52133646 -> 52078977
DŽ: 52323351 -> 52261521
DŽ: 52102669 -> 52011466
DŽ: 52186377 -> 51987852
DŽ: 51940414 -> 51940414
DŽ: 52640224 -> 52661619
DŽ: 51940414 -> 52440752
DŽ: 52251290 -> 52251290
DŽ: 51940414 -> 51940414
DŽ: 51940414 -> 51940414
DŽ: 51940414 -> 52135166

 start over 605511 loops 723 unique solutions 
Approx + random 
DŽ: 56055244 -> 54514480
DŽ: 51940414 -> 52340669
DŽ: 52312456 -> 52376338
DŽ: 52640224 -> 52251290
DŽ: 51940414 -> 51940414
DŽ: 51940414 -> 51940414
DŽ: 52070445 -> 52170911
DŽ: 52244928 -> 52292558
DŽ: 52345976 -> 52376338
DŽ: 52013963 -> 52295941
DŽ: 52132295 -> 52059482
DŽ: 52376338 -> 52376338
DŽ: 51940414 -> 51940414
DŽ: 52055358 -> 52006159
DŽ: 51940414 -> 52121108
DŽ: 52253167 -> 52480723
DŽ: 52376338 -> 52376338
DŽ: 52331556 -> 52018214
DŽ: 52376338 -> 52261521
DŽ: 52366107 -> 52366107
DŽ: 52143294 -> 52018214
DŽ: 52181022 -> 52437260
DŽ: 52181022 -> 52302225
DŽ: 52133031 -> 52018214
DŽ: 52360152 -> 52076436
DŽ: 51940414 -> 51940414
DŽ: 51940414 -> 51940414
DŽ: 51940414 -> 51940414
DŽ: 52017478 -> 51944665
DŽ: 51940414 -> 51940414
DŽ: 51940414 -> 51940414
DŽ: 52128703 -> 52261521
DŽ: 51940414 -> 51940414
DŽ: 51940414 -> 51940414
DŽ: 52175482 -> 52059482

 start over 639488 loops 763 unique solutions 
Original + vert_size 0 
DŽ: 52934423 -> 52514834
DŽ: 52246303 -> 52183721
DŽ: 52474443 -> 52076436
DŽ: 52013227 -> 51940414
DŽ: 52132295 -> 51985056
DŽ: 52181022 -> 52066205
DŽ: 51940414 -> 51940414
DŽ: 52066205 -> 52066205
DŽ: 51940414 -> 52222392
DŽ: 51940414 -> 51940414
DŽ: 52170911 -> 52170911
DŽ: 52183721 -> 52207335
DŽ: 51940414 -> 51940414
DŽ: 51940414 -> 51940414
DŽ: 51968079 -> 51944665
DŽ: 51944665 -> 51944665
DŽ: 51940414 -> 52007934
DŽ: 52013963 -> 52013963
DŽ: 51940414 -> 51964028
DŽ: 51940414 -> 51940414
DŽ: 51940414 -> 51964028
DŽ: 52037377 -> 52257270
DŽ: 51940414 -> 51940414
DŽ: 52013963 -> 52013963
DŽ: 51940414 -> 51940414
DŽ: 52066205 -> 52066205
DŽ: 51940414 -> 51940414
DŽ: 52066205 -> 52251290
DŽ: 51940414 -> 51940414
DŽ: 52013963 -> 52489173
DŽ: 52037377 -> 52295941
DŽ: 52066205 -> 52719219
DŽ: 52007934 -> 52102591
DŽ: 52013963 -> 52013963
DŽ: 51940414 -> 51940414
DŽ: 51940414 -> 51940414
DŽ: 52013963 -> 52013963
DŽ: 52102591 -> 52078977
DŽ: 52013963 -> 52013963
DŽ: 52013963 -> 52257270
DŽ: 51940414 -> 52013963

 start over 679685 loops 793 unique solutions 
Approx + random 
DŽ: 56055244 -> 54438933
DŽ: 52719219 -> 52834036
DŽ: 51940414 -> 52130336
DŽ: 52719219 -> 52834036
DŽ: 52013963 -> 52013963
DŽ: 52056094 -> 52056094
DŽ: 51940414 -> 52097362
DŽ: 51940414 -> 51940414
DŽ: 51944665 -> 51944665
DŽ: 52008670 -> 52526534
DŽ: 51940414 -> 51940414
DŽ: 52066205 -> 52066205
DŽ: 51940414 -> 51940414
DŽ: 51940414 -> 51940414
DŽ: 52056094 -> 52556432
DŽ: 51940414 -> 51940414
DŽ: 51940414 -> 51940414
DŽ: 51940414 -> 51940414
DŽ: 52071181 -> 51982545
DŽ: 51940414 -> 51940414
DŽ: 52149516 -> 52015703
DŽ: 51940414 -> 52061617
DŽ: 51940414 -> 52031548
DŽ: 51940414 -> 51940414
DŽ: 52057450 -> 52013963
DŽ: 51940414 -> 52106722
DŽ: 52177297 -> 52056094
DŽ: 52059482 -> 52083096
DŽ: 51940414 -> 51969469
DŽ: 51940414 -> 51940414
DŽ: 51940414 -> 51940414
DŽ: 52031548 -> 52813864
DŽ: 52031548 -> 52031548
DŽ: 52031548 -> 52188496
DŽ: 51944665 -> 52283072
DŽ: 52031548 -> 52556190
DŽ: 51940414 -> 51940414
DŽ: 52031548 -> 52102591
DŽ: 51940414 -> 51940414
DŽ: 51940414 -> 52123487
DŽ: 51940414 -> 51969469
DŽ: 52056094 -> 52056094

 start over 720119 loops 832 unique solutions 
Approx + random 
DŽ: 56055244 -> 53053088
DŽ: 51940414 -> 51940414
DŽ: 51940414 -> 51940414
DŽ: 51940414 -> 51940414
DŽ: 52031548 -> 51940414
DŽ: 51940414 -> 51940414
DŽ: 52008670 -> 52242144
DŽ: 52767777 -> 52694964
DŽ: 51940414 -> 52286443
DŽ: 51940414 -> 51940414
DŽ: 52091027 -> 52261521
DŽ: 51940414 -> 51940414
DŽ: 51940414 -> 51940414
DŽ: 51940414 -> 52180271
DŽ: 51940414 -> 51940414
DŽ: 51940414 -> 52222392
DŽ: 52091027 -> 52085734
DŽ: 52058605 -> 52018214
DŽ: 52796373 -> 52796373
DŽ: 51940414 -> 51940414
DŽ: 51940414 -> 51940414
DŽ: 51940414 -> 51940414
DŽ: 52796373 -> 52796373
DŽ: 52767777 -> 52615816
DŽ: 52011466 -> 52085734
DŽ: 51940414 -> 51940414
DŽ: 52767777 -> 52531038
DŽ: 51940414 -> 51940414
DŽ: 51944665 -> 52018214
DŽ: 51940414 -> 51964028
DŽ: 52078977 -> 51940414
DŽ: 52767777 -> 52531038

 start over 751195 loops 866 unique solutions 
Original + vert_size 0 
DŽ: 52934423 -> 52514834
DŽ: 52767777 -> 52531038
DŽ: 52761029 -> 52531038
DŽ: 52116827 -> 52116827
DŽ: 51985056 -> 51985056
DŽ: 52443536 -> 52255550
DŽ: 52931523 -> 52796373
DŽ: 52173422 -> 52673760
DŽ: 51940414 -> 51940414
DŽ: 51940414 -> 51940414
DŽ: 51940414 -> 51940414
DŽ: 52082896 -> 52366107
DŽ: 52173422 -> 52173422
DŽ: 52255550 -> 52139880
DŽ: 51985056 -> 51985056
DŽ: 52492008 -> 52588149
DŽ: 52312456 -> 52076436
DŽ: 52588149 -> 52588149
DŽ: 51940414 -> 51940414
DŽ: 52543367 -> 52473332
DŽ: 51940414 -> 51940414
DŽ: 52076436 -> 52076436
DŽ: 51940414 -> 51940414
DŽ: 52116827 -> 52116827
DŽ: 52076436 -> 52076436
DŽ: 52588149 -> 52588149
DŽ: 52106596 -> 52106596
DŽ: 51940414 -> 51940414
DŽ: 51940414 -> 51940414
DŽ: 51940414 -> 51940414
DŽ: 52133031 -> 52018214
DŽ: 51940414 -> 51940414
DŽ: 52076436 -> 52640924
DŽ: 51940414 -> 51940414
DŽ: 52087660 -> 52015703
DŽ: 51940414 -> 51940414
DŽ: 51940414 -> 51940414
DŽ: 51940414 -> 51940414
DŽ: 52066205 -> 52251290

 start over 789318 loops 905 unique solutions 
Approx + random 
DŽ: 56055244 -> 54348884
DŽ: 52350110 -> 52234440
DŽ: 52473332 -> 52588149
DŽ: 52577918 -> 52577918
DŽ: 51940414 -> 51940414
DŽ: 52412425 -> 52181022
DŽ: 52577918 -> 52595961
DŽ: 52517433 -> 52261521
DŽ: 52082896 -> 52059482
DŽ: 52485238 -> 52634307
DŽ: 52341382 -> 52066205
DŽ: 52577918 -> 52463101
DŽ: 52116827 -> 52251977
DŽ: 52156951 -> 52251290
DŽ: 52182205 -> 52366107
DŽ: 51940414 -> 51940414
DŽ: 52201355 -> 52201355
DŽ: 52096794 -> 52251290
DŽ: 52066205 -> 52109392
DŽ: 52251977 -> 52238030
DŽ: 52109392 -> 52224209
DŽ: 52201355 -> 52312212
DŽ: 52412425 -> 52066205
DŽ: 52066205 -> 52066205
DŽ: 51940414 -> 51940414
DŽ: 52066205 -> 52066205
DŽ: 51940414 -> 51940414
DŽ: 52066205 -> 52066205
DŽ: 51940414 -> 51940414
DŽ: 51940414 -> 51940414
DŽ: 52201355 -> 52248779
DŽ: 51940414 -> 51940414

 start over 820540 loops 938 unique solutions 
Approx + random 
DŽ: 56055244 -> 53494449
DŽ: 52116827 -> 52731982
DŽ: 51940414 -> 51940414
DŽ: 52588149 -> 52473332
DŽ: 52221413 -> 52221413
DŽ: 52463101 -> 52473332
DŽ: 51940414 -> 51940414
DŽ: 52473332 -> 52473332
DŽ: 52116827 -> 52802250
DŽ: 51940414 -> 51940414
DŽ: 51940414 -> 51940414
DŽ: 51940414 -> 51940414
DŽ: 51940414 -> 51964028
DŽ: 51940414 -> 51940414
DŽ: 52221413 -> 52227799
DŽ: 52116827 -> 52301912
DŽ: 52463101 -> 52473332
DŽ: 52116827 -> 52301912
DŽ: 52428550 -> 52674109
DŽ: 51940414 -> 51940414
DŽ: 51940414 -> 51940414
DŽ: 52301912 -> 52261521
DŽ: 51940414 -> 51940414
DŽ: 51940414 -> 51940414
DŽ: 52261521 -> 52707148
DŽ: 51940414 -> 51940414
DŽ: 52116827 -> 52076436
DŽ: 52242539 -> 52116827
DŽ: 52106596 -> 52352603
DŽ: 51940414 -> 51969469
DŽ: 51940414 -> 51940414
DŽ: 51940414 -> 51940414

 start over 851739 loops 967 unique solutions 
Approx + random 
DŽ: 56055244 -> 53007717
DŽ: 52201355 -> 52177741
DŽ: 52428550 -> 52230025
DŽ: 52473332 -> 52230025
DŽ: 51940414 -> 51940414
DŽ: 52473332 -> 52770334
DŽ: 51964028 -> 52238493
DŽ: 52168022 -> 52301912
DŽ: 51940414 -> 51940414
DŽ: 52473332 -> 52463101
DŽ: 52230025 -> 52297545
DŽ: 51940414 -> 51940414
DŽ: 52231644 -> 52076436
DŽ: 52242448 -> 52261521
DŽ: 51940414 -> 51940414
DŽ: 52242448 -> 52231644
DŽ: 52230025 -> 52473332
DŽ: 52066205 -> 52479421
DŽ: 52428550 -> 52230025
DŽ: 51940414 -> 51940414
DŽ: 52322558 -> 52493527
DŽ: 51940414 -> 51940414
DŽ: 51940414 -> 51940414
DŽ: 51940414 -> 51940414
DŽ: 52245335 -> 52261521
DŽ: 52119623 -> 52261521
DŽ: 52245335 -> 52261521
DŽ: 51940414 -> 51940414
DŽ: 51940414 -> 51940414
DŽ: 51940414 -> 51940414
DŽ: 52191253 -> 52191253
DŽ: 52119623 -> 52066205
DŽ: 52066205 -> 52291681

 start over 883645 loops 1003 unique solutions 
Approx + random 
DŽ: 56055244 -> 53053088
DŽ: 52191253 -> 52373438
DŽ: 52247735 -> 52322443
DŽ: 51940414 -> 51940414
DŽ: 52017478 -> 52261653
DŽ: 52463101 -> 52578771
DŽ: 52463101 -> 52463101
DŽ: 52076436 -> 52201355
DŽ: 52066205 -> 52066205
DŽ: 52109392 -> 52109392
DŽ: 51940414 -> 51940414
DŽ: 52230025 -> 52230025
DŽ: 52172129 -> 52877471
DŽ: 51940414 -> 51940414
DŽ: 52177741 -> 52177741
DŽ: 51940414 -> 51940414
DŽ: 52139018 -> 52066205
DŽ: 52066205 -> 52066205
DŽ: 52076436 -> 52073925
DŽ: 52201355 -> 52445608
DŽ: 52073925 -> 52487141
DŽ: 51940414 -> 51940414
DŽ: 51940414 -> 51940414
DŽ: 52877471 -> 52877471
DŽ: 51940414 -> 52173490
DŽ: 51940414 -> 51940414
DŽ: 52135651 -> 52076436
DŽ: 52172129 -> 52066205
DŽ: 52073925 -> 52073925
DŽ: 51940414 -> 51940414
DŽ: 52063694 -> 52248779
DŽ: 52201355 -> 52066205

 start over 914588 loops 1030 unique solutions 
Original + vert_size 0 
DŽ: 52934423 -> 52514834
DŽ: 51940414 -> 51940414
DŽ: 52463101 -> 52577918
DŽ: 52201355 -> 52201355
DŽ: 52081483 -> 52008670
DŽ: 51940414 -> 51940414
DŽ: 52066205 -> 52181022
DŽ: 52181022 -> 53251966
DŽ: 51940414 -> 51964028
DŽ: 51968279 -> 51944665
DŽ: 53251966 -> 53251966
DŽ: 51944665 -> 51944665
DŽ: 51944665 -> 52187972
DŽ: 52649731 -> 52696585
DŽ: 51968279 -> 51968279
DŽ: 51940414 -> 51940414
DŽ: 51944665 -> 52133746
DŽ: 51940414 -> 51940414
DŽ: 52649731 -> 52741987
DŽ: 52066205 -> 52251290
DŽ: 52057869 -> 51985056
DŽ: 52913713 -> 52729450
DŽ: 52558956 -> 52729450
DŽ: 51944665 -> 52486143
DŽ: 51940414 -> 52013963
DŽ: 51940414 -> 51940414
DŽ: 52063694 -> 52181875
DŽ: 52162432 -> 52181022
DŽ: 52066205 -> 52066205
DŽ: 52066205 -> 52109392
DŽ: 52057869 -> 51985056
DŽ: 51944665 -> 51944665
DŽ: 52066205 -> 52066205
DŽ: 52066205 -> 52066205
DŽ: 52063694 -> 52063694

 start over 948767 loops 1063 unique solutions 
Approx + random 
DŽ: 56055244 -> 53630519
DŽ: 51940414 -> 51940414
DŽ: 51940414 -> 51940414
DŽ: 51940414 -> 51940414
DŽ: 51940414 -> 51940414
DŽ: 51940414 -> 51940414
DŽ: 52057869 -> 52008670
DŽ: 52750710 -> 52481103
DŽ: 52696585 -> 52696585
DŽ: 51940414 -> 51940414
DŽ: 51940414 -> 51940414
DŽ: 53630519 -> 52701903
DŽ: 51940414 -> 51940414
DŽ: 51940414 -> 51940414
DŽ: 51940414 -> 51940414
DŽ: 51940414 -> 51940414
DŽ: 52784365 -> 52672851
DŽ: 52198766 -> 52083096
DŽ: 52152542 -> 52083096
DŽ: 51940414 -> 51940414
DŽ: 51940414 -> 51940414
DŽ: 52701903 -> 52419566
DŽ: 52181875 -> 52066205
DŽ: 52076436 -> 52261521
DŽ: 52245335 -> 52870581
DŽ: 52261521 -> 52261521
DŽ: 52083096 -> 52083096
DŽ: 52066205 -> 52251290
DŽ: 52083096 -> 51968279
DŽ: 51940414 -> 51940414
DŽ: 52742955 -> 52579029
DŽ: 52066205 -> 52251290
DŽ: 52546802 -> 52187408

 start over 980106 loops 1091 unique solutions 
Approx + random 
DŽ: 56055244 -> 53153161
DŽ: 53079324 -> 52880799
DŽ: 52083096 -> 52083096
DŽ: 51940414 -> 51940414
DŽ: 52083096 -> 51968279
DŽ: 51968279 -> 51968279
DŽ: 52673162 -> 52876193
DŽ: 52819709 -> 52898630
DŽ: 52673162 -> 52858247
DŽ: 52662931 -> 52662931
DŽ: 52083096 -> 52083096
DŽ: 52673162 -> 52673162
DŽ: 51968279 -> 51968279
DŽ: 51940414 -> 51940414
DŽ: 51968279 -> 51968279
DŽ: 53124106 -> 53083715
DŽ: 51940414 -> 51940414
DŽ: 51940414 -> 51940414
DŽ: 51940414 -> 51940414
DŽ: 51968279 -> 51968279
DŽ: 52678745 -> 52801878
DŽ: 51940414 -> 51940414
DŽ: 51940414 -> 51940414
DŽ: 52673162 -> 52673162
DŽ: 52848016 -> 53277480
DŽ: 52673162 -> 53072148

 start over 1005510 loops 1123 unique solutions 
Original + vert_size 13 
DŽ: 52934423 -> 53127457
DŽ: 52673162 -> 52858247
DŽ: 51940414 -> 51940414
DŽ: 52099850 -> 52076436
DŽ: 52228228 -> 52908158
DŽ: 52605396 -> 52614940
DŽ: 52673162 -> 52673162
DŽ: 52139018 -> 52066205
DŽ: 51940414 -> 51940414
DŽ: 51940414 -> 51940414
DŽ: 52748753 -> 52655331
DŽ: 52139018 -> 52066205
DŽ: 52748753 -> 52655331
DŽ: 53127457 -> 52845120
DŽ: 52076436 -> 52437260
DŽ: 52326403 -> 52191253
DŽ: 52076436 -> 52558523
DŽ: 52809116 -> 52370718
DŽ: 51940414 -> 51940414
DŽ: 52191253 -> 52856872
DŽ: 52191253 -> 52844267
DŽ: 51940414 -> 51940414
DŽ: 52553950 -> 52438280
DŽ: 52312568 -> 52312568
DŽ: 52410387 -> 52191253
DŽ: 52316965 -> 52191253
DŽ: 51940414 -> 51940414
DŽ: 52066205 -> 52066205

 start over 1032482 loops 1149 unique solutions 
Approx + random 
DŽ: 56055244 -> 52979539
DŽ: 52655331 -> 52655331
DŽ: 52312568 -> 52279026
DŽ: 51940414 -> 51940414
DŽ: 52076436 -> 52303896
DŽ: 52517809 -> 52177741
DŽ: 51940414 -> 51940414
DŽ: 52175152 -> 52059482
DŽ: 52059482 -> 51944665
DŽ: 51940414 -> 51940414
DŽ: 52174377 -> 52261521
DŽ: 51940414 -> 51940414
DŽ: 51940414 -> 51940414
DŽ: 52157360 -> 52157360
DŽ: 52066205 -> 52066205
DŽ: 52245996 -> 52553663
DŽ: 51940414 -> 51940414
DŽ: 51944665 -> 52201753
DŽ: 51940414 -> 51940414
DŽ: 52213842 -> 52157360
DŽ: 52059482 -> 52322443
DŽ: 52066205 -> 52181022
DŽ: 51940414 -> 51940414
DŽ: 51940414 -> 51940414
DŽ: 52169858 -> 52303896
DŽ: 51944665 -> 51944665
DŽ: 52076436 -> 52076436
DŽ: 51940414 -> 51940414
DŽ: 52157360 -> 52157360
DŽ: 52066205 -> 52066205
DŽ: 51940414 -> 51940414
DŽ: 52517809 -> 52187972
DŽ: 51940414 -> 51940414
DŽ: 52059482 -> 52059482

 start over 1065766 loops 1175 unique solutions 
Approx + random 
DŽ: 56055244 -> 53508824
DŽ: 51940414 -> 52120976
DŽ: 51940414 -> 52222392
DŽ: 52076436 -> 52076436
DŽ: 51940414 -> 52099873
DŽ: 52078225 -> 52120976
DŽ: 53003923 -> 52755283
DŽ: 52059482 -> 52286942
DŽ: 52059482 -> 52180685
DŽ: 51944665 -> 51968279
DŽ: 52132918 -> 52076436
DŽ: 51940414 -> 51940414
DŽ: 51968279 -> 52035799
DŽ: 51940414 -> 51940414
DŽ: 51940414 -> 51940414
DŽ: 52943766 -> 52743382
DŽ: 52094795 -> 52097362
DŽ: 51940414 -> 51940414
DŽ: 51940414 -> 51940414
DŽ: 51940414 -> 51964028
DŽ: 52085231 -> 51964028
DŽ: 51968279 -> 52600960
DŽ: 51940414 -> 52007934
DŽ: 51987442 -> 52263879
DŽ: 52078225 -> 52384812
DŽ: 51940414 -> 51940414
DŽ: 51964028 -> 52278821
DŽ: 51963828 -> 52246006
DŽ: 52041092 -> 51968279
DŽ: 52054962 -> 52466423
DŽ: 52035799 -> 52313865
DŽ: 52006159 -> 52015703
DŽ: 51964028 -> 51964028
DŽ: 51940414 -> 51940414
DŽ: 51968279 -> 51968279
DŽ: 51968279 -> 51968279
DŽ: 51964028 -> 51964028
DŽ: 52012185 -> 52012185
DŽ: 52078225 -> 51964028
DŽ: 51968279 -> 51968279
DŽ: 51940414 -> 51940414

 start over 1105181 loops 1215 unique solutions 
Original + vert_size 0 
DŽ: 52934423 -> 52514834
DŽ: 51940414 -> 51940414
DŽ: 51964028 -> 51993083
DŽ: 52263879 -> 52246006
DŽ: 52587360 -> 52517914
DŽ: 52246006 -> 52089945
DŽ: 51940414 -> 51940414
DŽ: 51940414 -> 51940414
DŽ: 51940414 -> 51940414
DŽ: 52035799 -> 52035799
DŽ: 53195280 -> 52650181
DŽ: 51944665 -> 51944665
DŽ: 51940414 -> 51940414
DŽ: 51944665 -> 51944665
DŽ: 51940414 -> 51940414
DŽ: 52008670 -> 52272506
DŽ: 51968279 -> 51968279
DŽ: 52008670 -> 52236130
DŽ: 52008670 -> 51968279
DŽ: 52008670 -> 51985056
DŽ: 51940414 -> 51940414
DŽ: 51940414 -> 51940414
DŽ: 51940414 -> 52056971
DŽ: 51940414 -> 52257402
DŽ: 51940414 -> 51940414
DŽ: 52058605 -> 52058605
DŽ: 51940414 -> 51940414
DŽ: 51985056 -> 52173422
DŽ: 51940414 -> 51940414
DŽ: 51940414 -> 51940414
DŽ: 51982545 -> 51942154
DŽ: 52058605 -> 52058605
DŽ: 51985056 -> 52058605
DŽ: 51940414 -> 51940414
DŽ: 51940414 -> 51940414
DŽ: 52008670 -> 52173422
DŽ: 51965768 -> 51965768
DŽ: 51944665 -> 52065868
DŽ: 51940414 -> 52013963
DŽ: 51940414 -> 51940414
DŽ: 52058605 -> 52058605
DŽ: 51940414 -> 52464366

 start over 1146846 loops 1252 unique solutions 
Original + vert_size 13 
DŽ: 52934423 -> 52395291
DŽ: 52076436 -> 52729450
DŽ: 51940414 -> 51940414
DŽ: 51940414 -> 51940414
DŽ: 52051857 -> 52166674
DŽ: 51940414 -> 51940414
DŽ: 52058605 -> 52018214
DŽ: 52058605 -> 52058605
DŽ: 52729450 -> 53490225
DŽ: 52058605 -> 52058605
DŽ: 52058605 -> 52058605
DŽ: 52805871 -> 52486143
DŽ: 52180271 -> 52180271
DŽ: 52058605 -> 52058605
DŽ: 52058605 -> 52018214
DŽ: 51940414 -> 51940414
DŽ: 51940414 -> 51940414
DŽ: 52018214 -> 52018214
DŽ: 51940414 -> 51940414
DŽ: 52486143 -> 52729450
DŽ: 52058605 -> 52173422
DŽ: 52011466 -> 52440094
DŽ: 51940414 -> 51940414
DŽ: 51940414 -> 51940414
DŽ: 52018214 -> 52018214
DŽ: 52312212 -> 52066205
DŽ: 52058605 -> 52594054
DŽ: 52135651 -> 52066205
DŽ: 51940414 -> 51940414
DŽ: 51940414 -> 51940414
DŽ: 51940414 -> 51940414
DŽ: 52166674 -> 52008670
DŽ: 52594054 -> 52571420
DŽ: 52058605 -> 52058605
DŽ: 52156777 -> 52197168
DŽ: 51940414 -> 51940414

 start over 1181412 loops 1283 unique solutions 
Original + vert_size 13 
DŽ: 52934423 -> 52699919
DŽ: 51940414 -> 52006159
DŽ: 52058605 -> 52504545
DŽ: 51940414 -> 52354163
DŽ: 51940414 -> 51964028
DŽ: 52058605 -> 52058605
DŽ: 52106596 -> 52221413
DŽ: 51940414 -> 51940414
DŽ: 52058605 -> 52058605
DŽ: 51940414 -> 51940414
DŽ: 52486143 -> 52600960
DŽ: 51940414 -> 51940414
DŽ: 51940414 -> 51940414
DŽ: 52106596 -> 52106596
DŽ: 51940414 -> 51940414
DŽ: 52719219 -> 52719219
DŽ: 52181022 -> 52834036
DŽ: 52106596 -> 52106596
DŽ: 52106596 -> 52066205
DŽ: 51940414 -> 51940414
DŽ: 51940414 -> 51940414
DŽ: 51940414 -> 51940414
DŽ: 52106596 -> 52291681
DŽ: 51940414 -> 51940414
DŽ: 51940414 -> 51940414
DŽ: 51944665 -> 51944665
DŽ: 51940414 -> 51940414
DŽ: 52106596 -> 52447238
DŽ: 52600960 -> 52600960
DŽ: 52106596 -> 52301912
DŽ: 52251290 -> 52261521

 start over 1211864 loops 1320 unique solutions 
Approx + random 
DŽ: 56055244 -> 53320939
DŽ: 52106596 -> 52464212
DŽ: 52464212 -> 52409335
DŽ: 52181875 -> 52251290
DŽ: 52058605 -> 52018214
DŽ: 52201355 -> 52366107
DŽ: 52011466 -> 52018214
DŽ: 53159060 -> 52644189
DŽ: 52729450 -> 52561372
DŽ: 52996068 -> 52603798
DŽ: 51940414 -> 51940414
DŽ: 52281225 -> 52719219
DŽ: 52387511 -> 52018214
DŽ: 52018214 -> 52018214
DŽ: 52181875 -> 52066205
DŽ: 51940414 -> 51940414
DŽ: 52231644 -> 52231644
DŽ: 52332183 -> 52109392
DŽ: 52231644 -> 52231644
DŽ: 52018214 -> 52261521
DŽ: 52066205 -> 52066205
DŽ: 52123487 -> 52083096
DŽ: 52011466 -> 52018214
DŽ: 52018214 -> 52018214
DŽ: 52123487 -> 52251977
DŽ: 51940414 -> 52246006
DŽ: 51940414 -> 51940414
DŽ: 52719219 -> 52719219
DŽ: 51940414 -> 51940414
DŽ: 51940414 -> 51940414
DŽ: 52109392 -> 52366107
DŽ: 51940414 -> 51940414
DŽ: 51940414 -> 51940414

 start over 1243725 loops 1353 unique solutions 
Approx + random 
DŽ: 56055244 -> 53224946
DŽ: 52018214 -> 52018214
DŽ: 51940414 -> 51940414
DŽ: 52099873 -> 52099873
DŽ: 52059482 -> 52059482
DŽ: 52719219 -> 52759610
DŽ: 52099873 -> 52083096
DŽ: 52181875 -> 52066205
DŽ: 52714227 -> 52478750
DŽ: 51940414 -> 51940414
DŽ: 52018214 -> 52251290
DŽ: 52099873 -> 52343180
DŽ: 52231644 -> 52191253
DŽ: 52348532 -> 52478750
DŽ: 51940414 -> 51940414
DŽ: 52099873 -> 52167393
DŽ: 51940414 -> 51940414
DŽ: 52251290 -> 52411194
DŽ: 52342365 -> 52251290
DŽ: 52251290 -> 52251290
DŽ: 52109392 -> 52669220
DŽ: 52318608 -> 52546802
DŽ: 52099873 -> 52099873
DŽ: 51940414 -> 51940414
DŽ: 51940414 -> 51940414
DŽ: 52099873 -> 52059482
DŽ: 52059482 -> 52343180
DŽ: 52759610 -> 52874427
DŽ: 52379547 -> 52181022
DŽ: 52874427 -> 52874427
DŽ: 51940414 -> 51940414

 start over 1273412 loops 1381 unique solutions 
Original + vert_size 0 
DŽ: 52934423 -> 52514834
DŽ: 52066205 -> 52678002
DŽ: 52251290 -> 52251290
DŽ: 51940414 -> 51940414
DŽ: 51940414 -> 51969469
DŽ: 52514834 -> 52116827
DŽ: 52099873 -> 52099873
DŽ: 52174179 -> 52181022
DŽ: 51940414 -> 51940414
DŽ: 52066205 -> 52719219
DŽ: 51940414 -> 51940414
DŽ: 51940414 -> 51940414
DŽ: 51940414 -> 51940414
DŽ: 52264730 -> 52066205
DŽ: 52099873 -> 51944665
DŽ: 51940414 -> 51940414
DŽ: 52099873 -> 52059482
DŽ: 51940414 -> 51940414
DŽ: 52632836 -> 52632836
DŽ: 52099873 -> 52106259
DŽ: 52251290 -> 52630693
DŽ: 51944665 -> 52018214
DŽ: 51940414 -> 51940414
DŽ: 52834036 -> 52719219
DŽ: 52719219 -> 52719219
DŽ: 51968079 -> 51944665
DŽ: 52372493 -> 52251290
DŽ: 51944665 -> 52065868
DŽ: 52719219 -> 52834889
DŽ: 51940414 -> 51940414
DŽ: 52181022 -> 52366107

 start over 1303977 loops 1406 unique solutions 
Original + vert_size 0 
DŽ: 52934423 -> 52514834
DŽ: 52099873 -> 52720123
DŽ: 52099873 -> 52099873
DŽ: 51940414 -> 51940414
DŽ: 51940414 -> 51940414
DŽ: 52099873 -> 52343180
DŽ: 51940414 -> 51964028
DŽ: 51940414 -> 51940414
DŽ: 52099873 -> 52228363
DŽ: 51940414 -> 51940414
DŽ: 52017478 -> 51944665
DŽ: 52109392 -> 52261521
DŽ: 52017478 -> 52187972
DŽ: 51940414 -> 51940414
DŽ: 52191253 -> 52261521
DŽ: 51940414 -> 51940414
DŽ: 51940414 -> 51940414
DŽ: 51944665 -> 51944665
DŽ: 51940414 -> 51940414
DŽ: 52017478 -> 51985056
DŽ: 52187972 -> 52211586
DŽ: 51940414 -> 51940414
DŽ: 51940414 -> 51940414
DŽ: 51985056 -> 52059482
DŽ: 52060665 -> 52133031
DŽ: 51940414 -> 51964028
DŽ: 52076436 -> 52076436
DŽ: 51964028 -> 51964028
DŽ: 51940414 -> 51940414
DŽ: 52076436 -> 52261521
DŽ: 51940414 -> 51940414
DŽ: 51940414 -> 51940414
DŽ: 52041092 -> 51944665
DŽ: 52076436 -> 52191253
DŽ: 52109392 -> 52109392
DŽ: 52066205 -> 52066205
DŽ: 52099873 -> 52059482
DŽ: 52059482 -> 52191253
DŽ: 52041092 -> 51944665
DŽ: 52109392 -> 52109392

 start over 1342318 loops 1439 unique solutions 
Original + vert_size 13 
DŽ: 52934423 -> 52928050
DŽ: 52059482 -> 52299725
DŽ: 51940414 -> 51940414
DŽ: 51940414 -> 51940414
DŽ: 51940414 -> 51940414
DŽ: 51940414 -> 51940414
DŽ: 52017478 -> 52324068
DŽ: 52017478 -> 51944665
DŽ: 51940414 -> 51993083
DŽ: 52017478 -> 51944665
DŽ: 51944665 -> 52201753
DŽ: 52076436 -> 52489652
DŽ: 51940414 -> 51940414
DŽ: 51940414 -> 51940414
DŽ: 51940414 -> 51969469
DŽ: 51940414 -> 51940414
DŽ: 51940414 -> 51940414
DŽ: 52299725 -> 52434196
DŽ: 51940414 -> 51940414
DŽ: 52506222 -> 52934850
DŽ: 52201753 -> 52316570
DŽ: 52134419 -> 52102669
DŽ: 52303006 -> 52366960
DŽ: 51965768 -> 52209075
DŽ: 52316570 -> 52798218
DŽ: 51940414 -> 51940414
DŽ: 52123487 -> 52123487
DŽ: 51940414 -> 51940414
DŽ: 52299725 -> 52668786
DŽ: 52299725 -> 52299725
DŽ: 51942154 -> 51942154
DŽ: 51940414 -> 51940414
DŽ: 51940414 -> 51940414

 start over 1374722 loops 1477 unique solutions 
Original + vert_size 0 
DŽ: 52934423 -> 52514834
DŽ: 51942154 -> 51942154
DŽ: 51942154 -> 51965768
DŽ: 51944665 -> 52468617
DŽ: 51991693 -> 51968279
DŽ: 51940414 -> 52451498
DŽ: 51944665 -> 52187972
DŽ: 51968279 -> 51968279
DŽ: 52299725 -> 52299725
DŽ: 51992708 -> 52133031
DŽ: 52928050 -> 52631483
DŽ: 51944665 -> 52313726
DŽ: 51968279 -> 51968279
DŽ: 51940414 -> 51940414
DŽ: 51940414 -> 51940414
DŽ: 52139293 -> 52322443
DŽ: 51940414 -> 51940414
DŽ: 51940414 -> 51940414
DŽ: 51940414 -> 51940414
DŽ: 51940414 -> 51940414
DŽ: 51944665 -> 51968279
DŽ: 52076436 -> 52191253
DŽ: 51940414 -> 51940414
DŽ: 52185299 -> 52246345
DŽ: 51968279 -> 51968279
DŽ: 51968279 -> 52018214
DŽ: 51940414 -> 51940414
DŽ: 51940414 -> 51940414
DŽ: 52076436 -> 52018214
DŽ: 51968279 -> 52083096
DŽ: 52033301 -> 51968279
DŽ: 52177741 -> 52201355
DŽ: 51968279 -> 51968279
DŽ: 52201355 -> 52729450
DŽ: 51968279 -> 51968279
DŽ: 51940414 -> 51940414
DŽ: 51968279 -> 52211586
DŽ: 51944665 -> 51944665
DŽ: 51940414 -> 51940414
DŽ: 52076436 -> 52741305

 start over 1413383 loops 1511 unique solutions 
Original + vert_size 13 
DŽ: 52934423 -> 53083715
DŽ: 51940414 -> 51940414
DŽ: 52035799 -> 52035799
DŽ: 52076436 -> 52076436
DŽ: 51968279 -> 51944665
DŽ: 52076436 -> 52475422
DŽ: 52076436 -> 52181875
DŽ: 51940414 -> 51940414
DŽ: 51940414 -> 51940414
DŽ: 51944665 -> 51944665
DŽ: 52076436 -> 52417078
DŽ: 52410834 -> 52978662
DŽ: 51944665 -> 51944665
DŽ: 52280295 -> 52191253
DŽ: 52218132 -> 52218132
DŽ: 51944665 -> 52445003
DŽ: 52132918 -> 52417078
DŽ: 52083096 -> 51968279
DŽ: 52066205 -> 52181022
DŽ: 52066205 -> 52076436
DŽ: 52218132 -> 52457469
DŽ: 51940414 -> 51940414
DŽ: 51940414 -> 51940414
DŽ: 52066205 -> 52719219
DŽ: 51940414 -> 51940414
DŽ: 52218132 -> 52218132
DŽ: 52218132 -> 52106596
DŽ: 51940414 -> 51940414
DŽ: 52218132 -> 52177741
DŽ: 51940414 -> 51940414
DŽ: 51940414 -> 51940414
DŽ: 51940414 -> 51940414
DŽ: 52106596 -> 52427882
DŽ: 52106596 -> 52106596
DŽ: 52107025 -> 52511867
DŽ: 51940414 -> 51940414
DŽ: 51940414 -> 51940414
DŽ: 53083715 -> 52774345
DŽ: 52218132 -> 52218132
DŽ: 52079136 -> 52246345
DŽ: 51940414 -> 51940414

 start over 1453740 loops 1551 unique solutions 
Original + vert_size 13 
DŽ: 52934423 -> 52913820
DŽ: 51940414 -> 51940414
DŽ: 52719219 -> 52623036
DŽ: 51940414 -> 51940414
DŽ: 52107025 -> 52191253
DŽ: 52488040 -> 52177741
DŽ: 52218132 -> 52228363
DŽ: 51944665 -> 51944665
DŽ: 52066205 -> 52066205
DŽ: 52076436 -> 52261521
DŽ: 52177741 -> 52177741
DŽ: 52014967 -> 52311215
DŽ: 52066205 -> 52464212
DŽ: 52155909 -> 52623825
DŽ: 52261521 -> 52261521
DŽ: 52181022 -> 52076436
DŽ: 52076436 -> 52326403
DŽ: 52124302 -> 52376338
DŽ: 51940414 -> 51940414
DŽ: 52259010 -> 52015703
DŽ: 52076436 -> 52076436
DŽ: 52059482 -> 52083096
DŽ: 51940414 -> 51940414
DŽ: 51940414 -> 51940414
DŽ: 51940414 -> 51940414
DŽ: 52076436 -> 52076436
DŽ: 52017478 -> 51944665
DŽ: 52083096 -> 52150616
DŽ: 52366107 -> 52366107
DŽ: 52488040 -> 52201355
DŽ: 52259452 -> 52123487
DŽ: 52150616 -> 52150616
DŽ: 51940414 -> 51940414
DŽ: 52083096 -> 52397889
DŽ: 51940414 -> 51940414
DŽ: 51940414 -> 52099873
DŽ: 52014967 -> 52442492
DŽ: 51942154 -> 51965768
DŽ: 51940414 -> 51940414

 start over 1491181 loops 1591 unique solutions 
Approx + random 
DŽ: 56055244 -> 53508055
DŽ: 52041092 -> 51968279
DŽ: 52150616 -> 52449119
DŽ: 52360152 -> 52376338
DŽ: 52652500 -> 52133031
DŽ: 51940414 -> 51940414
DŽ: 53129255 -> 52261521
DŽ: 51940414 -> 51940414
DŽ: 52150616 -> 52344842
DŽ: 51940414 -> 51940414
DŽ: 52488040 -> 52177741
DŽ: 52083096 -> 52366107
DŽ: 52221659 -> 53002172
DŽ: 52271579 -> 52481103
DŽ: 52083096 -> 52018214
DŽ: 52083096 -> 52083096
DŽ: 51940414 -> 51940414
DŽ: 51940414 -> 51940414
DŽ: 52376338 -> 52376338
DŽ: 51940414 -> 51940414
DŽ: 51940414 -> 51940414
DŽ: 51940414 -> 51940414
DŽ: 52083096 -> 52191253
DŽ: 51940414 -> 51940414
DŽ: 52083096 -> 52089482
DŽ: 52150616 -> 52428682
DŽ: 51940414 -> 51940414
DŽ: 52083096 -> 52083096
DŽ: 51940414 -> 51940414
DŽ: 52083096 -> 52083096
DŽ: 51940414 -> 51940414
DŽ: 51940414 -> 51940414
DŽ: 52059482 -> 52099873
DŽ: 52083096 -> 52106842
DŽ: 51968279 -> 51968279

 start over 1525245 loops 1624 unique solutions 
Approx + random 
DŽ: 56055244 -> 53973665
DŽ: 51940414 -> 51940414
DŽ: 52083096 -> 52083096
DŽ: 52083096 -> 51968279
DŽ: 51940414 -> 52354052
DŽ: 51940414 -> 52106722
DŽ: 52059482 -> 52059482
DŽ: 52083096 -> 52191253
DŽ: 52083096 -> 52059482
DŽ: 51940414 -> 51940414
DŽ: 52059482 -> 51968279
DŽ: 52196951 -> 52133031
DŽ: 52059482 -> 51944665
DŽ: 52059482 -> 52059482
DŽ: 51968279 -> 51968279
DŽ: 52497718 -> 52018214
DŽ: 52059482 -> 52083096
DŽ: 52059482 -> 52198045
DŽ: 52059482 -> 51944665
DŽ: 52197104 -> 52479082
DŽ: 51940414 -> 51964028
DŽ: 51940414 -> 51940414
DŽ: 52479082 -> 52363412
DŽ: 52059482 -> 52059482
DŽ: 51940414 -> 51940414
DŽ: 51964028 -> 51993083
DŽ: 51940414 -> 51940414
DŽ: 51940414 -> 51940414
DŽ: 51965768 -> 52280561
DŽ: 52059482 -> 52059482
DŽ: 52127002 -> 52198045
DŽ: 52059482 -> 51944665
DŽ: 52059482 -> 52059482
DŽ: 52059482 -> 52059482
DŽ: 52472233 -> 52221413
DŽ: 52191253 -> 52211586
DŽ: 51940414 -> 51940414

 start over 1561910 loops 1657 unique solutions 
Original + vert_size 0 
DŽ: 52934423 -> 52514834
DŽ: 52197104 -> 52226159
DŽ: 52083096 -> 52083096
DŽ: 52059482 -> 52059482
DŽ: 52059482 -> 52059482
DŽ: 52226159 -> 52226159
DŽ: 51944665 -> 52486143
DŽ: 52083096 -> 51968279
DŽ: 51940414 -> 52202545
DŽ: 52226159 -> 52571606
DŽ: 52286270 -> 52008670
DŽ: 51940414 -> 51940414
DŽ: 52226159 -> 52226159
DŽ: 52226159 -> 52226159
DŽ: 52059482 -> 52286942
DŽ: 52226159 -> 52313661
DŽ: 51940414 -> 51940414
DŽ: 52198844 -> 52369982
DŽ: 51940414 -> 51940414
DŽ: 52571606 -> 52488626
DŽ: 51942154 -> 52056971
DŽ: 52171668 -> 52248779
DŽ: 52226159 -> 52276094
DŽ: 51940414 -> 51940414
DŽ: 51942154 -> 52113123
DŽ: 51940414 -> 51940414
DŽ: 51940414 -> 51940414
DŽ: 51940414 -> 51940414
DŽ: 51940414 -> 51940414
DŽ: 51940414 -> 52239235
DŽ: 52286942 -> 52059482
DŽ: 51940414 -> 51940414
DŽ: 52276094 -> 52276094
DŽ: 52286942 -> 52286942
DŽ: 52014220 -> 52594460
DŽ: 51942154 -> 51965768
DŽ: 51940414 -> 51940414

 start over 1597336 loops 1692 unique solutions 
Original + vert_size 0 
DŽ: 52934423 -> 52514834
DŽ: 52571606 -> 52431651
DŽ: 52059482 -> 52059482
DŽ: 51942154 -> 52185461
DŽ: 51942154 -> 51965768
DŽ: 51940414 -> 51940414
DŽ: 51942154 -> 51942154
DŽ: 51940414 -> 51940414
DŽ: 51942154 -> 51942154
DŽ: 51940414 -> 51940414
DŽ: 52198844 -> 52198844
DŽ: 51995860 -> 51968279
DŽ: 52226159 -> 52236390
DŽ: 52059482 -> 52302789
DŽ: 52226159 -> 52236390
DŽ: 51940414 -> 51940414
DŽ: 51968279 -> 52486143
DŽ: 52091009 -> 52091009
DŽ: 52185461 -> 52209422
DŽ: 51940414 -> 51940414
DŽ: 51940414 -> 51940414
DŽ: 52063694 -> 52066205
DŽ: 52486143 -> 52486143
DŽ: 51940414 -> 51940414
DŽ: 52058249 -> 52018214
DŽ: 51940414 -> 51940414
DŽ: 51940414 -> 51940414
DŽ: 51940414 -> 52097362
DŽ: 51942154 -> 51942154
DŽ: 51942154 -> 51942154
DŽ: 52038581 -> 51965768
DŽ: 52071181 -> 51982545
DŽ: 52198844 -> 52198844
DŽ: 52063694 -> 52063694
DŽ: 51982545 -> 52187972
DŽ: 51940414 -> 51940414

 start over 1632851 loops 1730 unique solutions 
Approx + random 
DŽ: 56055244 -> 53356192
DŽ: 52038581 -> 51965768
DŽ: 52486143 -> 52486143
DŽ: 51940414 -> 51940414
DŽ: 52198644 -> 52066205
DŽ: 53194313 -> 52593943
DŽ: 52726599 -> 52916584
DŽ: 51942154 -> 52229604
DŽ: 52696576 -> 53101661
DŽ: 52794365 -> 52898630
DŽ: 51940414 -> 51940414
DŽ: 52908050 -> 52706816
DŽ: 52991282 -> 52261521
DŽ: 51940414 -> 51940414
DŽ: 52085149 -> 52015703
DŽ: 52076436 -> 52076436
DŽ: 51940414 -> 51940414
DŽ: 51940414 -> 51940414
DŽ: 52593943 -> 53178851
DŽ: 51940414 -> 51940414
DŽ: 52696576 -> 52858247
DŽ: 52066205 -> 52066205
DŽ: 52673162 -> 52673162
DŽ: 52076436 -> 52489652
DŽ: 52549673 -> 52434003
DŽ: 51940414 -> 51940414

 start over 1657260 loops 1759 unique solutions 
Approx + random 
DŽ: 56055244 -> 53280548
DŽ: 51940414 -> 51940414
DŽ: 52794365 -> 52858247
DŽ: 52401197 -> 52271594
DŽ: 52066205 -> 52066205
DŽ: 52200551 -> 52200551
DŽ: 51940414 -> 51940414
DŽ: 52706816 -> 52706816
DŽ: 52317651 -> 52183154
DŽ: 52150416 -> 52271594
DŽ: 52628810 -> 52880799
DŽ: 52271594 -> 52271594
DŽ: 51940414 -> 51940414
DŽ: 52076436 -> 52261521
DŽ: 52271594 -> 52271594
DŽ: 51940414 -> 51940414
DŽ: 52751772 -> 52995079
DŽ: 51940414 -> 51940414
DŽ: 51940414 -> 51940414
DŽ: 51940414 -> 51940414
DŽ: 52545186 -> 52729450
DŽ: 52038087 -> 52018214
DŽ: 52167393 -> 52200551
DŽ: 52701845 -> 53124106
DŽ: 52127002 -> 52133851
DŽ: 52686013 -> 52524564

 start over 1682600 loops 1778 unique solutions 
Original + vert_size 0 
DŽ: 52934423 -> 52514834
DŽ: 52248205 -> 52200551
DŽ: 52261521 -> 52261521
DŽ: 52127002 -> 52012185
DŽ: 51940414 -> 51940414
DŽ: 51940414 -> 51940414
DŽ: 53000417 -> 52531038
DŽ: 52802518 -> 52644395
DŽ: 51940414 -> 51940414
DŽ: 52561372 -> 52261521
DŽ: 52012185 -> 52035799
DŽ: 52271594 -> 52271594
DŽ: 52271594 -> 52271594
DŽ: 52271594 -> 52156777
DŽ: 52012185 -> 52012185
DŽ: 51940414 -> 51940414
DŽ: 52170189 -> 52085734
DŽ: 52133884 -> 52261521
DŽ: 52184226 -> 52376338
DŽ: 52035799 -> 51968279
DŽ: 52012185 -> 52012185
DŽ: 52083228 -> 52083228
DŽ: 52012185 -> 52553663
DŽ: 52035799 -> 52091951
DŽ: 52100821 -> 52035799
DŽ: 52012185 -> 52012185
DŽ: 51940414 -> 51940414
DŽ: 52133884 -> 52313726
DŽ: 52083228 -> 52083228
DŽ: 52872526 -> 52644395
DŽ: 51944665 -> 52083096
DŽ: 52181022 -> 52191253
DŽ: 52012185 -> 52012185
DŽ: 52012185 -> 52342672

 start over 1715829 loops 1806 unique solutions 
Approx + random 
DŽ: 56055244 -> 53280548
DŽ: 52083228 -> 52751098
DŽ: 52012185 -> 52055372
DŽ: 52100821 -> 52127002
DŽ: 51968279 -> 51944665
DŽ: 52083228 -> 52481235
DŽ: 51940414 -> 51940414
DŽ: 52012185 -> 51944665
DŽ: 51940414 -> 51940414
DŽ: 51940414 -> 51940414
DŽ: 52127002 -> 52127002
DŽ: 52001147 -> 52059482
DŽ: 51940414 -> 51940414
DŽ: 52133148 -> 51944665
DŽ: 52198045 -> 52198045
DŽ: 52059482 -> 52059482
DŽ: 53280548 -> 52603798
DŽ: 52059482 -> 52059482
DŽ: 52342022 -> 52356108
DŽ: 52059482 -> 52187972
DŽ: 52059482 -> 52059482
DŽ: 52187972 -> 52187972
DŽ: 52059482 -> 52065868
DŽ: 51944665 -> 51942154
DŽ: 51940414 -> 51940414
DŽ: 52065868 -> 51968279
DŽ: 52065868 -> 52035799
DŽ: 51944665 -> 52486143
DŽ: 52486143 -> 52486143
DŽ: 52180685 -> 52367340
DŽ: 52017478 -> 51968279
DŽ: 51944665 -> 51944665
DŽ: 51944665 -> 52228363
DŽ: 51940414 -> 51940414
DŽ: 51940414 -> 51940414
DŽ: 51940414 -> 51940414

 start over 1750181 loops 1845 unique solutions 
Approx + random 
DŽ: 56055244 -> 54118699
DŽ: 51944665 -> 52511867
DŽ: 51940414 -> 51940414
DŽ: 54032840 -> 54171655
DŽ: 51940414 -> 51940414
DŽ: 52438869 -> 52181022
DŽ: 51940414 -> 51940414
DŽ: 53387498 -> 53750587
DŽ: 52181022 -> 52366107
DŽ: 51940414 -> 51940414
DŽ: 52428606 -> 52261521
DŽ: 52107025 -> 52729450
DŽ: 51940414 -> 51940414
DŽ: 51940414 -> 51940414
DŽ: 53750587 -> 53522456
DŽ: 52099850 -> 52370718
DŽ: 52245335 -> 52261521
DŽ: 52245335 -> 52376338
DŽ: 52076436 -> 52191253
DŽ: 53901585 -> 53764999
DŽ: 52793443 -> 52181022
DŽ: 52366056 -> 52191253
DŽ: 52181022 -> 52302225
DŽ: 52202148 -> 52076436
DŽ: 52076436 -> 52210608
DŽ: 52477592 -> 52076436
DŽ: 52566228 -> 52177741
DŽ: 52191253 -> 52076436

 start over 1777887 loops 1874 unique solutions 
Original + vert_size 0 
DŽ: 52934423 -> 52514834
DŽ: 52501006 -> 52842610
DŽ: 52191253 -> 52191253
DŽ: 51940414 -> 52509842
DŽ: 52191253 -> 52076436
DŽ: 51940414 -> 51940414
DŽ: 52501006 -> 52363596
DŽ: 51940414 -> 51940414
DŽ: 52589642 -> 52187972
DŽ: 51940414 -> 51940414
DŽ: 52247039 -> 52413347
DŽ: 52721996 -> 52982584
DŽ: 51940414 -> 51940414
DŽ: 52133031 -> 52083096
DŽ: 52133031 -> 52133031
DŽ: 51940414 -> 51940414
DŽ: 52191253 -> 52076436
DŽ: 52076436 -> 52076436
DŽ: 52347109 -> 52191253
DŽ: 51940414 -> 51940414
DŽ: 52083096 -> 52201355
DŽ: 52076436 -> 52066205
DŽ: 52017478 -> 51944665
DŽ: 52177741 -> 52231159
DŽ: 52076436 -> 52066205
DŽ: 51940414 -> 51940414
DŽ: 52076436 -> 52333524
DŽ: 51940414 -> 51940414
DŽ: 51940414 -> 52222392
DŽ: 52133031 -> 52133031
DŽ: 52177741 -> 52312212
DŽ: 52224209 -> 52366107
DŽ: 52247039 -> 52247039
DŽ: 52247039 -> 52403987
DŽ: 52289170 -> 52289170
DŽ: 51940414 -> 51940414
DŽ: 51940414 -> 51940414
DŽ: 51940414 -> 51940414

 start over 1814475 loops 1912 unique solutions 
Approx + random 
DŽ: 56055244 -> 52404089
DŽ: 51940414 -> 51940414
DŽ: 52076436 -> 52844267
DŽ: 52224209 -> 52366107
DŽ: 52799485 -> 52578326
DŽ: 51940414 -> 51940414
DŽ: 52076436 -> 52076436
DŽ: 52041092 -> 52333524
DŽ: 52531038 -> 52377191
DŽ: 52372343 -> 52261521
DŽ: 52261521 -> 52261521
DŽ: 52254773 -> 52326403
DŽ: 52257526 -> 52133031
DŽ: 52156332 -> 52132588
DŽ: 52149783 -> 52289170
DŽ: 51940414 -> 51940414
DŽ: 52326403 -> 52326403
DŽ: 52844267 -> 52706816
DŽ: 52696585 -> 52696585
DŽ: 52326403 -> 52326403
DŽ: 52083096 -> 51968279
DŽ: 52844267 -> 52729450
DŽ: 52844267 -> 52844267
DŽ: 52799485 -> 52657112
DŽ: 52361005 -> 52261521
DŽ: 52187408 -> 52366107
DŽ: 52844267 -> 52706816
DŽ: 52361005 -> 52376338
DŽ: 52248701 -> 52133031
DŽ: 51968279 -> 52195739
DŽ: 52366107 -> 52376338
DŽ: 52041092 -> 52018214

 start over 1845820 loops 1941 unique solutions 
Original + vert_size 0 
DŽ: 52934423 -> 52514834
DŽ: 52126283 -> 52076436
DŽ: 51940414 -> 51940414
DŽ: 51940414 -> 51940414
DŽ: 51940414 -> 51940414
DŽ: 52017478 -> 51968279
DŽ: 52844267 -> 52706816
DŽ: 52017478 -> 52198766
DŽ: 51940414 -> 51940414
DŽ: 52099850 -> 52261521
DŽ: 51940414 -> 51940414
DŽ: 51940414 -> 51940414
DŽ: 52366107 -> 52366107
DŽ: 51940414 -> 51940414
DŽ: 51940414 -> 51940414
DŽ: 51968279 -> 52211586
DŽ: 51968279 -> 51968279
DŽ: 52076436 -> 52066205
DŽ: 51940414 -> 51940414
DŽ: 52297022 -> 52366107
DŽ: 51968279 -> 51968279
DŽ: 51968279 -> 52283072
DŽ: 51940414 -> 51940414
DŽ: 52224209 -> 52366107
DŽ: 52201355 -> 52316172
DŽ: 51940414 -> 51940414
DŽ: 51940414 -> 51940414
DŽ: 51968279 -> 51968279
DŽ: 52201355 -> 52201355
DŽ: 51940414 -> 51940414
DŽ: 51968279 -> 51968279
DŽ: 51968279 -> 51968279
DŽ: 52316172 -> 52316172
DŽ: 52224209 -> 52786142
DŽ: 51940414 -> 51940414

 start over 1879181 loops 1968 unique solutions 
Original + vert_size 13 
DŽ: 52934423 -> 52699919
DŽ: 52076436 -> 52191253
DŽ: 52295164 -> 52301912
DŽ: 52066205 -> 52201355
DŽ: 51968279 -> 51968279
DŽ: 52076436 -> 52604469
DŽ: 51940414 -> 51940414
DŽ: 51940414 -> 52435843
DŽ: 52099850 -> 52417078
DŽ: 51940414 -> 51940414
DŽ: 52221413 -> 52406498
DŽ: 52106596 -> 52106596
DŽ: 52250468 -> 52181022
DŽ: 52116827 -> 52301912
DŽ: 52250468 -> 52181875
DŽ: 52201355 -> 52201355
DŽ: 51940414 -> 51940414
DŽ: 52221413 -> 52221413
DŽ: 52181875 -> 52066205
DŽ: 52271550 -> 52271550
DŽ: 51985056 -> 52076190
DŽ: 52221413 -> 52231644
DŽ: 51940414 -> 51940414
DŽ: 52106596 -> 52241746
DŽ: 51940414 -> 51940414
DŽ: 51940414 -> 51940414
DŽ: 52116827 -> 52076436
DŽ: 52241746 -> 52352603
DŽ: 52076436 -> 52076436
DŽ: 52181875 -> 52251290
DŽ: 52201355 -> 52066205
DŽ: 52106596 -> 52291681
DŽ: 51940414 -> 51940414
DŽ: 51940414 -> 51940414
DŽ: 52106596 -> 52066205
DŽ: 52117400 -> 52181875

 start over 1914254 loops 2002 unique solutions 
Original + vert_size 0 
DŽ: 52934423 -> 52514834
DŽ: 52172686 -> 52099873
DŽ: 52181022 -> 52066205
DŽ: 51940414 -> 51940414
DŽ: 52181022 -> 52366107
DŽ: 51940414 -> 51940414
DŽ: 51940414 -> 51940414
DŽ: 52191253 -> 52076436
DŽ: 52066205 -> 52066205
DŽ: 52099873 -> 52437260
DŽ: 52083096 -> 52083096
DŽ: 51940414 -> 51940414
DŽ: 52155909 -> 52083096
DŽ: 51940414 -> 51940414
DŽ: 52066205 -> 52066205
DŽ: 52201355 -> 52322443
DŽ: 51940414 -> 51940414
DŽ: 52083096 -> 52083096
DŽ: 52066205 -> 52066205
DŽ: 52201355 -> 52066205
DŽ: 52201355 -> 52201355
DŽ: 51940414 -> 51940414
DŽ: 51940414 -> 51940414
DŽ: 51940414 -> 51940414
DŽ: 51940414 -> 51940414
DŽ: 51940414 -> 52246006
DŽ: 51940414 -> 51940414
DŽ: 51940414 -> 51940414
DŽ: 52181022 -> 52406847
DŽ: 52181022 -> 52489652
DŽ: 51940414 -> 51940414
DŽ: 51940414 -> 51940414
DŽ: 52066205 -> 52181022
DŽ: 52066205 -> 52251290
DŽ: 51940414 -> 51940414

 start over 1948714 loops 2042 unique solutions 
Original + vert_size 0 
DŽ: 52934423 -> 52514834
DŽ: 52066205 -> 52066205
DŽ: 51940414 -> 52006159
DŽ: 51940414 -> 51940414
DŽ: 51965768 -> 51965768
DŽ: 51940414 -> 51940414
DŽ: 51940414 -> 51940414
DŽ: 51940414 -> 51940414
DŽ: 52260699 -> 52191253
DŽ: 52066205 -> 52066205
DŽ: 52347314 -> 52486143
DŽ: 52083096 -> 52332789
DŽ: 52066205 -> 52251290
DŽ: 52066205 -> 52066205
DŽ: 52235104 -> 52366107
DŽ: 52099873 -> 52173422
DŽ: 52066205 -> 52066205
DŽ: 52211386 -> 52187972
DŽ: 52486143 -> 52600960
DŽ: 52306734 -> 52222266
DŽ: 51940414 -> 51940414
DŽ: 51940414 -> 51940414
DŽ: 52106596 -> 52106596
DŽ: 52600960 -> 52600960
DŽ: 51965768 -> 51942154
DŽ: 51940414 -> 51940414
DŽ: 52066205 -> 52066205
DŽ: 51940414 -> 51940414
DŽ: 52600960 -> 52463509
DŽ: 52600960 -> 52600960
DŽ: 52305489 -> 52059482
DŽ: 51940414 -> 52222392
DŽ: 52191253 -> 52145991
DŽ: 52059482 -> 52187972
DŽ: 52187972 -> 52076436
DŽ: 52106596 -> 52106596
DŽ: 52066205 -> 52066205

 start over 1984814 loops 2079 unique solutions 
Original + vert_size 0 
DŽ: 52934423 -> 52514834
DŽ: 51944665 -> 52324068
DŽ: 52011466 -> 52018214
DŽ: 51940414 -> 51940414
DŽ: 51940414 -> 51940414
DŽ: 52251290 -> 52251290
DŽ: 52106596 -> 52759610
DŽ: 52759610 -> 52759610
DŽ: 51940414 -> 52036989
DŽ: 51940414 -> 51940414
DŽ: 52759610 -> 52736976
DŽ: 51940414 -> 51940414
DŽ: 52018214 -> 52018214
DŽ: 52191253 -> 52191253
DŽ: 51944665 -> 52187972
DŽ: 51940414 -> 51940414
DŽ: 51944665 -> 52228363
DŽ: 52036989 -> 52036989
DŽ: 52736976 -> 52747207
DŽ: 52228363 -> 51985056
DŽ: 52759610 -> 52875280
DŽ: 51940414 -> 51940414
DŽ: 51940414 -> 51940414
DŽ: 51940414 -> 51993083
DŽ: 52009674 -> 52012185
DŽ: 51985056 -> 51985056
DŽ: 51940414 -> 51940414
DŽ: 52017478 -> 52059482
DŽ: 51944665 -> 51968279
DŽ: 51985056 -> 51944665
DŽ: 51940414 -> 51940414
DŽ: 52658891 -> 52792019
DŽ: 51940414 -> 51940414

 start over 2016999 loops 2115 unique solutions 
Approx + random 
DŽ: 56055244 -> 53636018
DŽ: 52036989 -> 52537327
DŽ: 52220928 -> 52220928
DŽ: 52009674 -> 52009674
DŽ: 51940414 -> 51940414
DŽ: 51940414 -> 51940414
DŽ: 52220928 -> 52177741
DŽ: 51985056 -> 52052576
DŽ: 51944665 -> 52065868
DŽ: 51968279 -> 52083096
DŽ: 52736976 -> 52736976
DŽ: 51940414 -> 51940414
DŽ: 51940414 -> 51940414
DŽ: 52060603 -> 52060603
DŽ: 51940414 -> 51940414
DŽ: 51940414 -> 51940414
DŽ: 52060603 -> 51993083
DŽ: 52335321 -> 52036989
DŽ: 52083096 -> 52427029
DŽ: 51965768 -> 51942154
DŽ: 52036989 -> 52007934
DŽ: 51965768 -> 51965768
DŽ: 52083096 -> 52198766
DŽ: 51940414 -> 51940414
DŽ: 51940414 -> 51940414
DŽ: 51940414 -> 51940414
DŽ: 51995860 -> 51944665
DŽ: 51944665 -> 52065868
DŽ: 51940414 -> 51940414
DŽ: 51940414 -> 51940414
DŽ: 52033288 -> 52311354
DŽ: 51940414 -> 51940414
DŽ: 51940414 -> 51940414
DŽ: 52311354 -> 52083223
DŽ: 52244461 -> 52123614
DŽ: 52052576 -> 52052576
DŽ: 52181022 -> 52181022

 start over 2052562 loops 2147 unique solutions 
Approx + random 
DŽ: 56055244 -> 53007717
DŽ: 52181022 -> 52181022
DŽ: 52052576 -> 52035799
DŽ: 52035799 -> 52313865
DŽ: 51968079 -> 51987852
DŽ: 52316110 -> 52406498
DŽ: 51940414 -> 51940414
DŽ: 52202834 -> 52127855
DŽ: 51995860 -> 52201753
DŽ: 52009674 -> 52009674
DŽ: 52083096 -> 52083096
DŽ: 52181022 -> 52181022
DŽ: 52035599 -> 52012185
DŽ: 51987852 -> 52059482
DŽ: 52092081 -> 52012185
DŽ: 52035799 -> 52035799
DŽ: 51940414 -> 51940414
DŽ: 52012185 -> 52012185
DŽ: 52012185 -> 52012185
DŽ: 51940414 -> 51940414
DŽ: 51940414 -> 51940414
DŽ: 51940414 -> 51940414
DŽ: 52201753 -> 52201753
DŽ: 51940414 -> 51940414
DŽ: 51940414 -> 51940414
DŽ: 51940414 -> 51940414
DŽ: 52012185 -> 52012185
DŽ: 51944665 -> 51944665
DŽ: 52059482 -> 52059482
DŽ: 51940414 -> 51940414
DŽ: 52291681 -> 52251290
DŽ: 51940414 -> 51940414
DŽ: 51987852 -> 52150029
DŽ: 51940414 -> 51964028

 start over 2085239 loops 2170 unique solutions 
Approx + random 
DŽ: 56055244 -> 53734217
DŽ: 52201753 -> 52201753
DŽ: 51940414 -> 51940414
DŽ: 52291681 -> 52291681
DŽ: 52035599 -> 52085734
DŽ: 52291681 -> 52406498
DŽ: 52221413 -> 52406498
DŽ: 51940414 -> 51940414
DŽ: 53007717 -> 52938271
DŽ: 53080023 -> 52418713
DŽ: 51940414 -> 51940414
DŽ: 52264600 -> 52264600
DŽ: 51987852 -> 52345976
DŽ: 52372493 -> 52251290
DŽ: 51940414 -> 51940414
DŽ: 52264600 -> 52406498
DŽ: 51940414 -> 51940414
DŽ: 52204436 -> 52366107
DŽ: 51940414 -> 51940414
DŽ: 51940414 -> 51940414
DŽ: 51940414 -> 51969469
DŽ: 52349921 -> 52366107
DŽ: 52366107 -> 52366107
DŽ: 51940414 -> 51940414
DŽ: 52251290 -> 52366107
DŽ: 52292558 -> 52366107
DŽ: 51940414 -> 51940414
DŽ: 52078986 -> 52078986
DŽ: 52251290 -> 52251290
DŽ: 51940414 -> 51940414
DŽ: 51940414 -> 51940414

 start over 2115756 loops 2205 unique solutions 
Approx + random 
DŽ: 56055244 -> 53335815
DŽ: 51940414 -> 51940414
DŽ: 51940414 -> 51940414
DŽ: 51940414 -> 51940414
DŽ: 51987852 -> 52241232
DŽ: 52251290 -> 52251290
DŽ: 52224209 -> 52181022
DŽ: 52251290 -> 52251290
DŽ: 52264600 -> 52291681
DŽ: 52291681 -> 52291681
DŽ: 51964028 -> 51964028
DŽ: 52323351 -> 52437260
DŽ: 52264600 -> 52274831
DŽ: 51964028 -> 51993083
DŽ: 51964028 -> 51964028
DŽ: 52326403 -> 52191253
DŽ: 51940414 -> 51940414
DŽ: 52316172 -> 52427029
DŽ: 51940414 -> 51940414
DŽ: 52326403 -> 52302789
DŽ: 52289991 -> 52181022
DŽ: 51940414 -> 51940414
DŽ: 51965768 -> 52056971
DŽ: 51940414 -> 51940414
DŽ: 52292558 -> 52292558
DŽ: 51965768 -> 52280561
DŽ: 52292558 -> 52292558
DŽ: 51940414 -> 52893859
DŽ: 52291681 -> 52291681
DŽ: 52177741 -> 52293411
DŽ: 51940414 -> 51940414
DŽ: 52014220 -> 52145991
DŽ: 52014220 -> 52579886
DŽ: 52038581 -> 52015703
DŽ: 52291681 -> 52251290
DŽ: 51964028 -> 52236390

 start over 2150259 loops 2239 unique solutions 
Approx + random 
DŽ: 56055244 -> 53866974
DŽ: 52191253 -> 52376338
DŽ: 52289991 -> 52066205
DŽ: 52241746 -> 52106596
DŽ: 51940414 -> 51940414
DŽ: 51964028 -> 52766695
DŽ: 52624036 -> 52928040
DŽ: 51964028 -> 51964028
DŽ: 52181022 -> 52251290
DŽ: 52165072 -> 52076436
DŽ: 53006202 -> 53087893
DŽ: 51940414 -> 51940414
DŽ: 52076436 -> 52076436
DŽ: 52165072 -> 52376338
DŽ: 52331556 -> 52133031
DŽ: 52251290 -> 52251290
DŽ: 52251290 -> 52251290
DŽ: 51940414 -> 51940414
DŽ: 52251290 -> 52251290
DŽ: 51940414 -> 51940414
DŽ: 52066205 -> 52122357
DŽ: 52304965 -> 52089945
DŽ: 51940414 -> 51940414
DŽ: 51940414 -> 51940414
DŽ: 51940414 -> 51940414
DŽ: 51940414 -> 51940414
DŽ: 51940414 -> 51940414
DŽ: 51940414 -> 51940414
DŽ: 51940414 -> 51940414
DŽ: 52235104 -> 52109392
DŽ: 51968279 -> 52083949
DŽ: 52066205 -> 52479421
DŽ: 51940414 -> 51940414
DŽ: 51940414 -> 51940414

 start over 2183181 loops 2273 unique solutions 
Original + vert_size 0 
DŽ: 52934423 -> 52514834
DŽ: 51940414 -> 51940414
DŽ: 51940414 -> 51940414
DŽ: 51940414 -> 51940414
DŽ: 51940414 -> 51964028
DŽ: 51964028 -> 52097362
DŽ: 51940414 -> 51940414
DŽ: 51940414 -> 51940414
DŽ: 52106596 -> 52221413
DŽ: 51940414 -> 51940414
DŽ: 51964028 -> 52207335
DŽ: 52106596 -> 52291681
DŽ: 52099178 -> 51940414
DŽ: 53001576 -> 52416729
DŽ: 51940414 -> 51940414
DŽ: 52304965 -> 52966786
DŽ: 51940414 -> 51940414
DŽ: 51940414 -> 51940414
DŽ: 52684245 -> 52366107
DŽ: 52076436 -> 52558523
DŽ: 51964028 -> 51964028
DŽ: 51969469 -> 51969469
DŽ: 51940414 -> 51940414
DŽ: 51940414 -> 51940414
DŽ: 52221413 -> 52106596
DŽ: 51940414 -> 51940414
DŽ: 51964028 -> 52438691
DŽ: 52416729 -> 52301912
DŽ: 51940414 -> 52013963
DŽ: 52057869 -> 52228363
DŽ: 51969469 -> 51993083
DŽ: 51940414 -> 51969469
DŽ: 51940414 -> 51940414
DŽ: 52057869 -> 52289441
DŽ: 52221413 -> 52231644
DŽ: 51940414 -> 51940414
DŽ: 51940414 -> 51940414
DŽ: 51940414 -> 51940414
DŽ: 51969469 -> 51993083

 start over 2221744 loops 2306 unique solutions 
Original + vert_size 0 
DŽ: 52934423 -> 52514834
DŽ: 52057869 -> 52438008
DŽ: 51969469 -> 52212776
DŽ: 51940414 -> 51969469
DŽ: 51969469 -> 52202545
DŽ: 51969469 -> 52505466
DŽ: 51940414 -> 51940414
DŽ: 52175230 -> 52177741
DŽ: 51940414 -> 52222392
DŽ: 51969469 -> 52182001
DŽ: 52081483 -> 52058605
DŽ: 51969469 -> 52202545
DŽ: 52057869 -> 52099873
DŽ: 51969469 -> 52056971
DŽ: 52334231 -> 52173422
DŽ: 52042282 -> 51993083
DŽ: 52306923 -> 52191253
DŽ: 51969469 -> 52424518
DŽ: 51940414 -> 51940414
DŽ: 52014220 -> 52014220
DŽ: 51940414 -> 51940414
DŽ: 51944665 -> 52060335
DŽ: 51940414 -> 51940414
DŽ: 51944665 -> 52059482
DŽ: 52060335 -> 52083096
DŽ: 52313661 -> 52424518
DŽ: 52014220 -> 52014220
DŽ: 52083096 -> 52083096
DŽ: 52061954 -> 52247039
DŽ: 52175230 -> 52248779
DŽ: 51940414 -> 51940414
DŽ: 51940414 -> 51940414
DŽ: 52177741 -> 52177741
DŽ: 52059482 -> 51968279

 start over 2254650 loops 2346 unique solutions 
Original + vert_size 0 
DŽ: 52934423 -> 52514834
DŽ: 52248779 -> 52282971
DŽ: 52247039 -> 52529017
DŽ: 52059482 -> 51944665
DŽ: 51940414 -> 51940414
DŽ: 52175230 -> 52198844
DŽ: 51940414 -> 51969469
DŽ: 52177741 -> 52066205
DŽ: 51940414 -> 51940414
DŽ: 52014220 -> 52014220
DŽ: 52014220 -> 52014220
DŽ: 51940414 -> 51940414
DŽ: 51940414 -> 51940414
DŽ: 51942154 -> 51942154
DŽ: 52058605 -> 52058605
DŽ: 51940414 -> 51940414
DŽ: 52032084 -> 52241746
DŽ: 52248779 -> 52248779
DŽ: 52282971 -> 52248779
DŽ: 52061954 -> 52247039
DŽ: 52061954 -> 52403987
DŽ: 52061954 -> 52091009
DŽ: 52091009 -> 52438691
DŽ: 51940414 -> 51940414
DŽ: 51940414 -> 51940414
DŽ: 52326935 -> 52247039
DŽ: 51940414 -> 51940414
DŽ: 51940414 -> 51940414
DŽ: 52247039 -> 52276094
DŽ: 52247039 -> 52276094
DŽ: 52058605 -> 52058605
DŽ: 52282971 -> 52282971

 start over 2285096 loops 2368 unique solutions 
Original + vert_size 0 
DŽ: 52934423 -> 52514834
DŽ: 52014220 -> 52148105
DŽ: 51940414 -> 51940414
DŽ: 52248779 -> 52248779
DŽ: 52091009 -> 52091009
DŽ: 52121924 -> 52033288
DŽ: 52148105 -> 52527508
DŽ: 51940414 -> 51940414
DŽ: 52060603 -> 52060603
DŽ: 52061954 -> 52061954
DŽ: 51940414 -> 51940414
DŽ: 51940414 -> 51940414
DŽ: 52031548 -> 52031548
DŽ: 52033288 -> 52033288
DŽ: 51940414 -> 51940414
DŽ: 52121924 -> 52033288
DŽ: 52031548 -> 52031548
DŽ: 52060603 -> 52168189
DŽ: 52033288 -> 52076625
DŽ: 52033288 -> 52648443
DŽ: 51940414 -> 51940414
DŽ: 52031548 -> 52007934
DŽ: 52168189 -> 52140874
DŽ: 52527508 -> 52148105
DŽ: 51940414 -> 51940414
DŽ: 52076625 -> 52083949
DŽ: 52033288 -> 51965768
DŽ: 52031548 -> 52031548
DŽ: 51940414 -> 51940414
DŽ: 52033288 -> 52009674
DŽ: 52083949 -> 51968279
DŽ: 51940414 -> 52106722
DŽ: 51940414 -> 51940414
DŽ: 52033288 -> 52106842
DŽ: 51940414 -> 51964028
DŽ: 51940414 -> 51940414

 start over 2320776 loops 2401 unique solutions 
Original + vert_size 0 
DŽ: 52934423 -> 52514834
DŽ: 52033288 -> 52080717
DŽ: 51940414 -> 51940414
DŽ: 52047309 -> 51979789
DŽ: 51940414 -> 51940414
DŽ: 51979789 -> 51979789
DŽ: 51940414 -> 51940414
DŽ: 51940414 -> 51940414
DŽ: 52014967 -> 52198844
DŽ: 52031548 -> 52081483
DŽ: 52033288 -> 52033288
DŽ: 51940414 -> 51940414
DŽ: 51940414 -> 51940414
DŽ: 52504603 -> 52106596
DŽ: 52031548 -> 52031548
DŽ: 51979789 -> 51956175
DŽ: 52060603 -> 52060603
DŽ: 51940414 -> 51940414
DŽ: 52106596 -> 52106596
DŽ: 51940414 -> 51940414
DŽ: 52514834 -> 52076436
DŽ: 51979789 -> 51979789
DŽ: 51940414 -> 51940414
DŽ: 52106596 -> 52759610
DŽ: 51940414 -> 51940414
DŽ: 51940414 -> 51940414
DŽ: 51940414 -> 51940414
DŽ: 51940414 -> 52183721
DŽ: 51979789 -> 52333953
DŽ: 51940414 -> 51940414
DŽ: 51940414 -> 51940414
DŽ: 52759610 -> 52759610
DŽ: 51940414 -> 51940414
DŽ: 51964028 -> 51940414

 start over 2353782 loops 2433 unique solutions 
Original + vert_size 13 
DŽ: 52934423 -> 53352277
DŽ: 51940414 -> 51940414
DŽ: 51979789 -> 51979789
DŽ: 51968279 -> 51968279
DŽ: 51940414 -> 51940414
DŽ: 51979789 -> 52143123
DŽ: 51968279 -> 51968279
DŽ: 51940414 -> 51940414
DŽ: 51979789 -> 51979789
DŽ: 51940414 -> 51940414
DŽ: 51964028 -> 52509842
DŽ: 52080717 -> 52222512
DŽ: 51940414 -> 51940414
DŽ: 52554259 -> 52291681
DŽ: 51964028 -> 51940414
DŽ: 51964028 -> 51964028
DŽ: 51940414 -> 51940414
DŽ: 51968279 -> 51968279
DŽ: 51940414 -> 51940414
DŽ: 51940414 -> 52246006
DŽ: 51940414 -> 51940414
DŽ: 51940414 -> 51940414
DŽ: 52143123 -> 51942154
DŽ: 51942154 -> 51942154
DŽ: 51968279 -> 51968279
DŽ: 52224617 -> 52173422
DŽ: 51979789 -> 52212865
DŽ: 52173422 -> 52173422
DŽ: 52173422 -> 52507862
DŽ: 51940414 -> 51940414
DŽ: 51940414 -> 51940414
DŽ: 52099873 -> 52173422
DŽ: 51940414 -> 51940414
DŽ: 51940414 -> 51964028
DŽ: 51940414 -> 51940414
DŽ: 52133031 -> 52018214
DŽ: 52021920 -> 52021920
DŽ: 51940414 -> 51940414
DŽ: 52099873 -> 52289092

 start over 2391364 loops 2473 unique solutions 
Original + vert_size 13 
DŽ: 52934423 -> 52514834
DŽ: 51940414 -> 52212776
DŽ: 52133031 -> 52376338
DŽ: 51940414 -> 51940414
DŽ: 51942154 -> 51942154
DŽ: 52376338 -> 52133031
DŽ: 52133031 -> 52376338
DŽ: 52099873 -> 52173422
DŽ: 51940414 -> 51940414
DŽ: 52218132 -> 52218132
DŽ: 52366107 -> 52366107
DŽ: 52133031 -> 52018214
DŽ: 51940414 -> 51940414
DŽ: 52216739 -> 52018214
DŽ: 51940414 -> 52006159
DŽ: 51965768 -> 52015703
DŽ: 52102669 -> 52292558
DŽ: 52224209 -> 52181022
DŽ: 51940414 -> 51940414
DŽ: 51965768 -> 52080585
DŽ: 51940414 -> 51940414
DŽ: 51940414 -> 51940414
DŽ: 51940414 -> 51940414
DŽ: 52006159 -> 52006159
DŽ: 51940414 -> 52207335
DŽ: 52224209 -> 52366107
DŽ: 52181022 -> 52366107
DŽ: 52059482 -> 52133031
DŽ: 51940414 -> 51940414
DŽ: 52018214 -> 52133031
DŽ: 52006159 -> 52006159
DŽ: 51965768 -> 51965768
DŽ: 51964028 -> 52347247
DŽ: 52177741 -> 52177741
DŽ: 52292558 -> 52181022

 start over 2425451 loops 2500 unique solutions 
Approx + random 
DŽ: 56055244 -> 54022421
DŽ: 51964028 -> 52198766
DŽ: 52006159 -> 52709413
DŽ: 51940414 -> 51940414
DŽ: 53177486 -> 53003153
DŽ: 52065696 -> 52066331
DŽ: 51940414 -> 51940414
DŽ: 52177741 -> 52504960
DŽ: 52102669 -> 52531297
DŽ: 51940414 -> 51940414
DŽ: 51940414 -> 51940414
DŽ: 52083096 -> 52150616
DŽ: 51940414 -> 51940414
DŽ: 52083096 -> 51968279
DŽ: 51940414 -> 51940414
DŽ: 51940414 -> 51940414
DŽ: 51940414 -> 51940414
DŽ: 52201355 -> 52201355
DŽ: 53110773 -> 52991574
DŽ: 52150616 -> 52035799
DŽ: 52201355 -> 52302225
DŽ: 52251290 -> 52251290
DŽ: 52181022 -> 52221413
DŽ: 52035799 -> 52089482
DŽ: 52251290 -> 52251290
DŽ: 52035799 -> 52035799
DŽ: 52235104 -> 52251290
DŽ: 52038581 -> 52229604
DŽ: 51940414 -> 51940414
DŽ: 52220928 -> 52251290
DŽ: 52038581 -> 51965768
DŽ: 51940414 -> 51964028
DŽ: 52251290 -> 52251290
DŽ: 52035799 -> 52151469
DŽ: 51940414 -> 51940414
DŽ: 51965768 -> 52229604
DŽ: 51940414 -> 51940414

 start over 2461181 loops 2542 unique solutions 
Original + vert_size 13 
DŽ: 52934423 -> 52638598
DŽ: 52076436 -> 52076436
DŽ: 51940414 -> 51940414
DŽ: 51944665 -> 52187972
DŽ: 51940414 -> 52318192
DŽ: 52538395 -> 52180271
DŽ: 52017478 -> 52018214
DŽ: 51987852 -> 51987852
DŽ: 52041092 -> 52267738
DŽ: 51940414 -> 51940414
DŽ: 51944665 -> 52486143
DŽ: 52150616 -> 52035799
DŽ: 51940414 -> 51940414
DŽ: 51940414 -> 52120976
DŽ: 52318192 -> 52229133
DŽ: 51940414 -> 51940414
DŽ: 52035799 -> 51968279
DŽ: 51940414 -> 52182001
DŽ: 52177741 -> 52177741
DŽ: 51968279 -> 51968279
DŽ: 52215873 -> 52166674
DŽ: 52035799 -> 52035799
DŽ: 52041092 -> 52018214
DŽ: 52036841 -> 52013963
DŽ: 51940414 -> 51940414
DŽ: 51968279 -> 52486143
DŽ: 51987852 -> 52018214
DŽ: 52008470 -> 52058605
DŽ: 51944665 -> 51944665
DŽ: 51987852 -> 52018214
DŽ: 51944665 -> 52232115
DŽ: 51940414 -> 51940414
DŽ: 52011466 -> 52018214
DŽ: 51940414 -> 51940414
DŽ: 51940414 -> 51940414
DŽ: 51968279 -> 51968279
DŽ: 52267738 -> 52267738
DŽ: 51968279 -> 52106842
DŽ: 52486143 -> 52463509
DŽ: 51940414 -> 51940414

 start over 2500330 loops 2572 unique solutions 
Approx + random 
DŽ: 56055244 -> 53264748
DŽ: 51940414 -> 51940414
DŽ: 52486143 -> 52706816
DŽ: 52011466 -> 52085734
DŽ: 52035799 -> 52078986
DŽ: 52041092 -> 51968279
DŽ: 52853015 -> 52318065
DŽ: 52012185 -> 52012185
DŽ: 51985056 -> 52272506
DŽ: 51940414 -> 51940414
DŽ: 52078986 -> 52085734
DŽ: 51940414 -> 51940414
DŽ: 51940414 -> 51940414
DŽ: 52085734 -> 52133031
DŽ: 52823960 -> 52654107
DŽ: 51940414 -> 51940414
DŽ: 52085734 -> 52313865
DŽ: 52405458 -> 52095763
DŽ: 52095763 -> 52052576
DŽ: 52012185 -> 52012185
DŽ: 52157002 -> 52553663
DŽ: 52095763 -> 52028243
DŽ: 51940414 -> 51940414
DŽ: 52095763 -> 52492680
DŽ: 52095763 -> 52055372
DŽ: 52612231 -> 52385585
DŽ: 52133031 -> 52133031

 start over 2526930 loops 2610 unique solutions 
Approx + random 
DŽ: 56055244 -> 54023291
DŽ: 51940414 -> 51940414
DŽ: 51940414 -> 51940414
DŽ: 52881332 -> 53016849
DŽ: 52012185 -> 52035799
DŽ: 51940414 -> 51940414
DŽ: 51944665 -> 52133031
DŽ: 53401667 -> 53045904
DŽ: 51940414 -> 51940414
DŽ: 51940414 -> 51940414
DŽ: 51940414 -> 51940414
DŽ: 52875256 -> 52603730
DŽ: 51940414 -> 52106722
DŽ: 51940414 -> 51940414
DŽ: 51940414 -> 51940414
DŽ: 53268115 -> 52406847
DŽ: 53550501 -> 52798348
DŽ: 51940414 -> 51940414
DŽ: 51985056 -> 52228363
DŽ: 52644121 -> 52338803
DŽ: 52881332 -> 52754767
DŽ: 51940414 -> 51940414
DŽ: 52035799 -> 52123619
DŽ: 51940414 -> 51940414
DŽ: 51940414 -> 51940414
DŽ: 52035799 -> 51968279
DŽ: 51940414 -> 51940414
DŽ: 51940414 -> 51940414

 start over 2553433 loops 2636 unique solutions 
Original + vert_size 13 
DŽ: 52934423 -> 52699919
DŽ: 52035799 -> 52035799
DŽ: 52017478 -> 51944665
DŽ: 52035799 -> 51968279
DŽ: 51944665 -> 52621415
DŽ: 52494003 -> 52526534
DŽ: 52526534 -> 52526534
DŽ: 51940414 -> 51940414
DŽ: 52526534 -> 52526534
DŽ: 51940414 -> 51940414
DŽ: 52459536 -> 51944665
DŽ: 52621415 -> 52481103
DŽ: 52411540 -> 52458667
DŽ: 51940414 -> 51940414
DŽ: 52035799 -> 52035799
DŽ: 51968279 -> 51968279
DŽ: 52526534 -> 52526534
DŽ: 51940414 -> 51940414
DŽ: 52486143 -> 52463509
DŽ: 52526534 -> 52526534
DŽ: 52285726 -> 52548251
DŽ: 51940414 -> 51940414
DŽ: 51940414 -> 51940414
DŽ: 52035799 -> 52035799
DŽ: 51940414 -> 51940414
DŽ: 52526534 -> 52769841
DŽ: 51940414 -> 51940414
DŽ: 52035799 -> 52035799
DŽ: 51940414 -> 51982545
DŽ: 51940414 -> 51964028

 start over 2582373 loops 2660 unique solutions 
Original + vert_size 0 
DŽ: 52934423 -> 52514834
end_heu: 2582919 loops with 2661 unique solutions in 1799.99 s

Calling print_solution
>>> get_solution
  refine_solution: new weight 51940414 (was 51940414) in 0.00035 s
## FINAL WEIGHT 51940414
print_solution: 0.000756 s
