Version: final-94-gfffc3aa rub_all.sh: remove longest prefix
Random seed: 1549750526
Start
>>> save_orig_graph
>> Saved weight 0
Graph loaded
|V| = 1601, |E| = 3120, |R| = 40
First clearance of the input. Calling buy_zero and run_all_heuristics.
  buy_zero: 0 zero edges in 7e-06 s
  handle_small_terminal_degrees: terms 0 in 3e-06 s
  handle_small_Steiner_degrees: steiner 0, suppress 4 in 9e-06 s
  shortest_edge_between_terminals: 0 edges in 3e-06 s
  handle_small_terminal_degrees: terms 0 in 3e-06 s
  handle_small_Steiner_degrees: steiner 0, suppress 0 in 6e-06 s
  shortest_edge_between_terminals: 0 edges in 2e-06 s
Compressed graph 1601 -> 1596
  delete_edges: deleted 4 edges in 0.000178 s and 1 rounds
  handle_small_terminal_degrees: terms 0 in 4e-06 s
  handle_small_Steiner_degrees: steiner 0, suppress 8 in 1.2e-05 s
  shortest_edge_between_terminals: 0 edges in 1e-06 s
  handle_small_terminal_degrees: terms 0 in 3e-06 s
  handle_small_Steiner_degrees: steiner 0, suppress 0 in 5e-06 s
  shortest_edge_between_terminals: 0 edges in 1e-06 s
Compressed graph 1596 -> 1588
  delete_edges_shortest_path: deleted 8 edges in 0.01064 s
  handle_small_terminal_degrees: terms 0 in 1e-06 s
  handle_small_Steiner_degrees: steiner 0, suppress 12 in 6e-06 s
  shortest_edge_between_terminals: 0 edges in 1e-06 s
  handle_small_terminal_degrees: terms 0 in 1e-06 s
  handle_small_Steiner_degrees: steiner 0, suppress 0 in 2e-06 s
  shortest_edge_between_terminals: 0 edges in 0 s
Compressed graph 1588 -> 1576
  handle_small_terminal_degrees: terms 0 in 2e-06 s
  handle_small_Steiner_degrees: steiner 0, suppress 0 in 2e-06 s
  shortest_edge_between_terminals: 0 edges in 1e-06 s
Compressed graph 1576 -> 1576
  delete_edges_shortest_path: deleted 12 edges in 0.006821 s
  handle_small_terminal_degrees: terms 0 in 1e-06 s
  handle_small_Steiner_degrees: steiner 0, suppress 16 in 7e-06 s
  shortest_edge_between_terminals: 0 edges in 1e-06 s
  handle_small_terminal_degrees: terms 0 in 1e-06 s
  handle_small_Steiner_degrees: steiner 0, suppress 0 in 2e-06 s
  shortest_edge_between_terminals: 0 edges in 1e-06 s
Compressed graph 1576 -> 1560
Compressed graph 1560 -> 1560
>>> save_orig_graph
>> Saved weight 0
### ZEL_LVL=0 PRECISE_STARS=0

Calling `contract_till_the_bitter_end`
|V| = 1560, |E| = 3056, |R| = 40
>>> get_solution
>>> get_solution
  refine_solution: new weight 54734573 (was 54850488) in 0.000416 s
  refine_solution: new weight 54734573 (was 54734573) in 0.000352 s
0,,1560,3056,40,,0,0,,54850488,54734573,0,0,0,,0,0,@@

  delete_edges: deleted 16 edges in 0.000221 s and 3 rounds
  handle_small_Steiner_degrees: steiner 0, suppress 19 in 9e-06 s
Starting round 1
Found 19 isolated vertices
Invalid ratios recomputed: 1541
Best ratio is 163886/1 (163886.0), centered at 482
Finding the best star... Star with 2 terminals centered in 485
round took: 0.021251 s
|V| = 1560, |E| = 3016, |R| = 39
>>> get_solution
>>> get_solution
  refine_solution: new weight 54734573 (was 54850488) in 0.000335 s
  refine_solution: new weight 54734573 (was 54734573) in 0.000338 s
1,,1541,3016,39,,1541,0,,54850488,54734573,163886,163886,163886,,163886,2,@@

  handle_small_Steiner_degrees: steiner 0, suppress 0 in 2e-06 s
Starting round 2
Found 23 isolated vertices
Invalid ratios recomputed: 186
Best ratio is 203268/1 (203268.0), centered at 264
Finding the best star... Star with 2 terminals centered in 265
round took: 0.004519 s
|V| = 1560, |E| = 3013, |R| = 38
>>> get_solution
>>> get_solution
  refine_solution: new weight 54734573 (was 54850488) in 0.000334 s
  refine_solution: new weight 54734573 (was 54734573) in 0.000327 s
2,,1537,3013,38,,186,0,,54850488,54734573,367154,367154,367154,,203268,2,@@

  handle_small_Steiner_degrees: steiner 0, suppress 0 in 3e-06 s
Starting round 3
Found 25 isolated vertices
Invalid ratios recomputed: 105
Best ratio is 387157/1 (387157.0), centered at 660
Finding the best star... Star with 2 terminals centered in 663
round took: 0.001615 s
|V| = 1560, |E| = 3008, |R| = 37
>>> get_solution
>>> get_solution
  refine_solution: new weight 54814590 (was 54814590) in 0.000337 s
3,,1535,3008,37,,105,0,,54814590,54814590,754311,754311,754311,,387157,2,@@

  handle_small_Steiner_degrees: steiner 0, suppress 0 in 3e-06 s
Starting round 4
Found 29 isolated vertices
Invalid ratios recomputed: 139
Best ratio is 485220/1 (485220.0), centered at 265
Finding the best star... Star with 2 terminals centered in 342
round took: 0.002485 s
|V| = 1560, |E| = 3004, |R| = 36
>>> get_solution
>>> get_solution
  refine_solution: new weight 54814590 (was 54814590) in 0.000328 s
4,,1531,3004,36,,139,0,,54814590,54814590,1239531,1239531,1239531,,485220,2,@@

  handle_small_Steiner_degrees: steiner 0, suppress 0 in 2e-06 s
Starting round 5
Found 32 isolated vertices
Invalid ratios recomputed: 122
Best ratio is 575304/1 (575304.0), centered at 341
Finding the best star... Star with 2 terminals centered in 381
round took: 0.00193 s
|V| = 1560, |E| = 3001, |R| = 35
>>> get_solution
>>> get_solution
  refine_solution: new weight 54814590 (was 54814590) in 0.000329 s
5,,1528,3001,35,,122,0,,54814590,54814590,1814835,1814835,1814835,,575304,2,@@

  handle_small_Steiner_degrees: steiner 0, suppress 0 in 3e-06 s
Starting round 6
Found 34 isolated vertices
Invalid ratios recomputed: 135
Best ratio is 621863/1 (621863.0), centered at 1044
Finding the best star... Star with 2 terminals centered in 1086
round took: 0.002773 s
|V| = 1560, |E| = 2997, |R| = 34
>>> get_solution
>>> get_solution
  refine_solution: new weight 54814590 (was 54814590) in 0.00033 s
6,,1526,2997,34,,135,0,,54814590,54814590,2436698,2436698,2436698,,621863,2,@@

  handle_small_Steiner_degrees: steiner 0, suppress 0 in 2e-06 s
Starting round 7
Found 37 isolated vertices
Invalid ratios recomputed: 204
Best ratio is 830054/1 (830054.0), centered at 897
Finding the best star... Star with 2 terminals centered in 1018
round took: 0.004371 s
|V| = 1560, |E| = 2992, |R| = 33
>>> get_solution
>>> get_solution
  refine_solution: new weight 54814590 (was 54814590) in 0.000329 s
7,,1523,2992,33,,204,0,,54814590,54814590,3266752,3266752,3266752,,830054,2,@@

  handle_small_Steiner_degrees: steiner 0, suppress 0 in 2e-06 s
Starting round 8
Found 41 isolated vertices
Invalid ratios recomputed: 127
Best ratio is 840193/1 (840193.0), centered at 629
Finding the best star... Star with 2 terminals centered in 630
round took: 0.002178 s
|V| = 1560, |E| = 2987, |R| = 32
>>> get_solution
>>> get_solution
  refine_solution: new weight 54323356 (was 54323356) in 0.000331 s
8,,1519,2987,32,,127,0,,54323356,54323356,4106945,4106945,4106945,,840193,2,@@

  handle_small_Steiner_degrees: steiner 0, suppress 0 in 2e-06 s
Starting round 9
Found 45 isolated vertices
Invalid ratios recomputed: 183
Best ratio is 1687581/2 (843790.5), centered at 1197
Finding the best star... Star with 3 terminals centered in 1278
round took: 0.00336 s
|V| = 1560, |E| = 2975, |R| = 30
>>> get_solution
>>> get_solution
  refine_solution: new weight 53998095 (was 53998095) in 0.000333 s
9,,1515,2975,30,,183,0,,53998095,53998095,5794526,5794526,5794526,,1687581,3,@@

  handle_small_Steiner_degrees: steiner 0, suppress 0 in 2e-06 s
Starting round 10
Found 54 isolated vertices
Invalid ratios recomputed: 287
Best ratio is 2079707/2 (1039853.5), centered at 48
Finding the best star... Star with 3 terminals centered in 120
round took: 0.006186 s
|V| = 1560, |E| = 2964, |R| = 28
>>> get_solution
>>> get_solution
  refine_solution: new weight 54023318 (was 54023318) in 0.000333 s
10,,1506,2964,28,,287,0,,54023318,54023318,7874233,7874233,7874233,,2079707,3,@@

  handle_small_Steiner_degrees: steiner 0, suppress 1 in 3e-06 s
Starting round 11
Found 63 isolated vertices
Invalid ratios recomputed: 200
Best ratio is 2086048/2 (1043024.0), centered at 1488
Finding the best star... Star with 3 terminals centered in 1525
round took: 0.00393 s
|V| = 1560, |E| = 2951, |R| = 26
>>> get_solution
>>> get_solution
  refine_solution: new weight 53961409 (was 53961409) in 0.000331 s
11,,1497,2951,26,,200,0,,53961409,53961409,9960281,9960281,9960281,,2086048,3,@@

  handle_small_Steiner_degrees: steiner 0, suppress 1 in 3e-06 s
Starting round 12
Found 72 isolated vertices
Invalid ratios recomputed: 142
Best ratio is 2208959/2 (1104479.5), centered at 591
Finding the best star... Star with 3 terminals centered in 630
round took: 0.002527 s
|V| = 1560, |E| = 2937, |R| = 24
>>> get_solution
>>> get_solution
  refine_solution: new weight 53738024 (was 53738024) in 0.000332 s
12,,1488,2937,24,,142,0,,53738024,53738024,12169240,12169240,12169240,,2208959,3,@@

  handle_small_Steiner_degrees: steiner 0, suppress 1 in 3e-06 s
Starting round 13
Found 82 isolated vertices
Invalid ratios recomputed: 357
Best ratio is 1247112/1 (1247112.0), centered at 1192
Finding the best star... Star with 2 terminals centered in 1352
round took: 0.009159 s
|V| = 1560, |E| = 2929, |R| = 23
>>> get_solution
>>> get_solution
  refine_solution: new weight 53364664 (was 53364664) in 0.000333 s
13,,1478,2929,23,,357,0,,53364664,53364664,13416352,13416352,13416352,,1247112,2,@@

  handle_small_Steiner_degrees: steiner 0, suppress 1 in 3e-06 s
Starting round 14
Found 88 isolated vertices
Invalid ratios recomputed: 312
Best ratio is 2553481/2 (1276740.5), centered at 1332
Finding the best star... Star with 3 terminals centered in 1336
round took: 0.008378 s
|V| = 1560, |E| = 2912, |R| = 21
>>> get_solution
>>> get_solution
  refine_solution: new weight 52797342 (was 52797342) in 0.000334 s
14,,1472,2912,21,,312,0,,52797342,52797342,15969833,15969833,15969833,,2553481,3,@@

  handle_small_Steiner_degrees: steiner 0, suppress 1 in 3e-06 s
Starting round 15
Found 101 isolated vertices
Invalid ratios recomputed: 209
Best ratio is 1277204/1 (1277204.0), centered at 932
Finding the best star... Star with 2 terminals centered in 1336
round took: 0.004653 s
|V| = 1560, |E| = 2902, |R| = 20
>>> get_solution
>>> get_solution
  refine_solution: new weight 52503007 (was 52503007) in 0.000337 s
15,,1459,2902,20,,209,0,,52503007,52503007,17247037,17247037,17247037,,1277204,2,@@

  handle_small_Steiner_degrees: steiner 0, suppress 0 in 2e-06 s
Starting round 16
Found 108 isolated vertices
Invalid ratios recomputed: 310
Best ratio is 1287326/1 (1287326.0), centered at 44
Finding the best star... Star with 2 terminals centered in 235
round took: 0.007478 s
|V| = 1560, |E| = 2894, |R| = 19
>>> get_solution
>>> get_solution
  refine_solution: new weight 52503007 (was 52503007) in 0.000336 s
16,,1452,2894,19,,310,0,,52503007,52503007,18534363,18534363,18534363,,1287326,2,@@

  handle_small_Steiner_degrees: steiner 0, suppress 1 in 3e-06 s
Starting round 17
Found 115 isolated vertices
Invalid ratios recomputed: 244
Best ratio is 1288088/1 (1288088.0), centered at 51
Finding the best star... Star with 2 terminals centered in 91
round took: 0.006105 s
|V| = 1560, |E| = 2883, |R| = 18
>>> get_solution
>>> get_solution
  refine_solution: new weight 52503007 (was 52503007) in 0.000335 s
17,,1445,2883,18,,244,0,,52503007,52503007,19822451,19822451,19822451,,1288088,2,@@

  handle_small_Steiner_degrees: steiner 0, suppress 5 in 4e-06 s
Starting round 18
Found 127 isolated vertices
Invalid ratios recomputed: 314
Best ratio is 1328552/1 (1328552.0), centered at 934
Finding the best star... Star with 2 terminals centered in 1018
round took: 0.008756 s
|V| = 1560, |E| = 2868, |R| = 17
>>> get_solution
>>> get_solution
  refine_solution: new weight 52339664 (was 52339664) in 0.000341 s
18,,1433,2868,17,,314,0,,52339664,52339664,21151003,21151003,21151003,,1328552,2,@@

  handle_small_Steiner_degrees: steiner 0, suppress 0 in 2e-06 s
Starting round 19
Found 131 isolated vertices
Invalid ratios recomputed: 357
Best ratio is 1506873/1 (1506873.0), centered at 630
Finding the best star... Star with 2 terminals centered in 630
round took: 0.009961 s
|V| = 1560, |E| = 2860, |R| = 16
>>> get_solution
>>> get_solution
  refine_solution: new weight 51943157 (was 51943157) in 0.000338 s
19,,1429,2860,16,,357,0,,51943157,51943157,22657876,22657876,22657876,,1506873,2,@@

  handle_small_Steiner_degrees: steiner 0, suppress 0 in 2e-06 s
Starting round 20
Found 137 isolated vertices
Invalid ratios recomputed: 543
Best ratio is 1533942/1 (1533942.0), centered at 850
Finding the best star... Star with 2 terminals centered in 1018
round took: 0.016899 s
|V| = 1560, |E| = 2854, |R| = 15
>>> get_solution
>>> get_solution
  refine_solution: new weight 51566800 (was 51566800) in 0.000341 s
20,,1423,2854,15,,543,0,,51566800,51566800,24191818,24191818,24191818,,1533942,2,@@

  handle_small_Steiner_degrees: steiner 0, suppress 0 in 2e-06 s
Starting round 21
Found 141 isolated vertices
Invalid ratios recomputed: 414
Best ratio is 1673614/1 (1673614.0), centered at 1077
Finding the best star... Star with 2 terminals centered in 1086
round took: 0.0142 s
|V| = 1560, |E| = 2841, |R| = 14
>>> get_solution
>>> get_solution
  refine_solution: new weight 51144808 (was 51144808) in 0.00034 s
21,,1419,2841,14,,414,0,,51144808,51144808,25865432,25865432,25865432,,1673614,2,@@

  handle_small_Steiner_degrees: steiner 0, suppress 0 in 2e-06 s
Starting round 22
Found 151 isolated vertices
Invalid ratios recomputed: 487
Best ratio is 1707203/1 (1707203.0), centered at 575
Finding the best star... Star with 2 terminals centered in 1018
round took: 0.018217 s
|V| = 1560, |E| = 2830, |R| = 13
>>> get_solution
>>> get_solution
  refine_solution: new weight 51144808 (was 51144808) in 0.000345 s
22,,1409,2830,13,,487,0,,51144808,51144808,27572635,27572635,27572635,,1707203,2,@@

  handle_small_Steiner_degrees: steiner 0, suppress 1 in 3e-06 s
Starting round 23
Found 161 isolated vertices
Invalid ratios recomputed: 488
Best ratio is 1708346/1 (1708346.0), centered at 1086
Finding the best star... Star with 2 terminals centered in 1086
round took: 0.021876 s
|V| = 1560, |E| = 2822, |R| = 12
>>> get_solution
>>> get_solution
  refine_solution: new weight 51144808 (was 51144808) in 0.000341 s
23,,1399,2822,12,,488,0,,51144808,51144808,29280981,29280981,29280981,,1708346,2,@@

  handle_small_Steiner_degrees: steiner 0, suppress 0 in 2e-06 s
Starting round 24
Found 165 isolated vertices
Invalid ratios recomputed: 720
Best ratio is 3468488/2 (1734244.0), centered at 600
Finding the best star... Star with 3 terminals centered in 800
round took: 0.031026 s
|V| = 1560, |E| = 2804, |R| = 10
>>> get_solution
>>> get_solution
  refine_solution: new weight 50376545 (was 50376545) in 0.000341 s
24,,1395,2804,10,,720,0,,50376545,50376545,32749469,32749469,32749469,,3468488,3,@@

  handle_small_Steiner_degrees: steiner 0, suppress 0 in 2e-06 s
Starting round 25
Found 180 isolated vertices
Invalid ratios recomputed: 845
Best ratio is 1757711/1 (1757711.0), centered at 381
Finding the best star... Star with 2 terminals centered in 800
round took: 0.042063 s
|V| = 1560, |E| = 2795, |R| = 9
>>> get_solution
>>> get_solution
  refine_solution: new weight 50376545 (was 50376545) in 0.000343 s
25,,1380,2795,9,,845,0,,50376545,50376545,34507180,34507180,34507180,,1757711,2,@@

  handle_small_Steiner_degrees: steiner 0, suppress 1 in 4e-06 s
Starting round 26
Found 188 isolated vertices
Invalid ratios recomputed: 837
Best ratio is 1766462/1 (1766462.0), centered at 91
Finding the best star... Star with 2 terminals centered in 209
round took: 0.047967 s
|V| = 1560, |E| = 2786, |R| = 8
>>> get_solution
>>> get_solution
  refine_solution: new weight 50376545 (was 50376545) in 0.000343 s
26,,1372,2786,8,,837,0,,50376545,50376545,36273642,36273642,36273642,,1766462,2,@@

  handle_small_Steiner_degrees: steiner 0, suppress 1 in 3e-06 s
Starting round 27
Found 194 isolated vertices
Invalid ratios recomputed: 558
Best ratio is 1769309/1 (1769309.0), centered at 706
Finding the best star... Star with 2 terminals centered in 946
round took: 0.031684 s
|V| = 1560, |E| = 2775, |R| = 7
>>> get_solution
>>> get_solution
  refine_solution: new weight 50376545 (was 50376545) in 0.000342 s
27,,1366,2775,7,,558,0,,50376545,50376545,38042951,38042951,38042951,,1769309,2,@@

  handle_small_Steiner_degrees: steiner 0, suppress 1 in 3e-06 s
Starting round 28
Found 202 isolated vertices
Invalid ratios recomputed: 968
Best ratio is 1808427/1 (1808427.0), centered at 209
Finding the best star... Star with 2 terminals centered in 209
round took: 0.062758 s
|V| = 1560, |E| = 2762, |R| = 6
>>> get_solution
>>> get_solution
  refine_solution: new weight 50376545 (was 50376545) in 0.000354 s
28,,1358,2762,6,,968,0,,50376545,50376545,39851378,39851378,39851378,,1808427,2,@@

  handle_small_Steiner_degrees: steiner 0, suppress 1 in 4e-06 s
Starting round 29
Found 212 isolated vertices
Invalid ratios recomputed: 1014
Best ratio is 1833607/1 (1833607.0), centered at 209
Finding the best star... Star with 2 terminals centered in 1086
round took: 0.084735 s
|V| = 1560, |E| = 2751, |R| = 5
>>> get_solution
>>> get_solution
  refine_solution: new weight 50376545 (was 50376545) in 0.000343 s
29,,1348,2751,5,,1014,0,,50376545,50376545,41684985,41684985,41684985,,1833607,2,@@

  handle_small_Steiner_degrees: steiner 0, suppress 1 in 4e-06 s
Starting round 30
Found 220 isolated vertices
Invalid ratios recomputed: 1316
Best ratio is 1888249/1 (1888249.0), centered at 1086
Finding the best star... Star with 2 terminals centered in 1086
round took: 0.138742 s
|V| = 1560, |E| = 2742, |R| = 4
>>> get_solution
>>> get_solution
  refine_solution: new weight 50376545 (was 50376545) in 0.000342 s
30,,1340,2742,4,,1316,0,,50376545,50376545,43573234,43573234,43573234,,1888249,2,@@

  handle_small_Steiner_degrees: steiner 0, suppress 1 in 4e-06 s
Starting round 31
Found 226 isolated vertices
Invalid ratios recomputed: 1310
Best ratio is 1969941/1 (1969941.0), centered at 926
Finding the best star... Star with 2 terminals centered in 1018
round took: 0.149743 s
|V| = 1560, |E| = 2730, |R| = 3
>>> get_solution
>>> get_solution
  refine_solution: new weight 50376545 (was 50376545) in 0.000343 s
31,,1334,2730,3,,1310,0,,50376545,50376545,45543175,45543175,45543175,,1969941,2,@@

  handle_small_Steiner_degrees: steiner 0, suppress 1 in 3e-06 s
Starting round 32
Found 234 isolated vertices
Invalid ratios recomputed: 1326
Best ratio is 2090801/1 (2090801.0), centered at 1018
Finding the best star... Star with 2 terminals centered in 1018
round took: 0.172354 s
|V| = 1560, |E| = 2719, |R| = 2
>>> get_solution
>>> get_solution
  refine_solution: new weight 50376545 (was 50376545) in 0.000345 s
32,,1326,2719,2,,1326,0,,50376545,50376545,47633976,47633976,47633976,,2090801,2,@@

  handle_small_Steiner_degrees: steiner 0, suppress 1 in 5e-06 s
Starting round 33
Found 242 isolated vertices
Invalid ratios recomputed: 1318
Best ratio is 2742569/1 (2742569.0), centered at 169
Finding the best star... Star with 2 terminals centered in 179
round took: 0.17012 s
|V| = 1560, |E| = 2704, |R| = 1
>>> get_solution
>>> get_solution
  refine_solution: new weight 50376545 (was 50376545) in 0.000344 s
33,,1318,2704,1,,1318,0,,50376545,50376545,50376545,50376545,50376545,,2742569,2,@@

  handle_small_Steiner_degrees: steiner 0, suppress 1 in 4e-06 s
contract_till_the_bitter_end: 1.15532 s

Calling end_heu
>>> get_solution
Saved weight 0
DŽ: 50376545 -> 50143252
  BEST solution improved 50376545 -> 50143252 (vert_size 0, round 1) *

 start over 181 loops 1 unique solutions 
Approx + random 
DŽ: 54850488 -> 52557248
  BEST solution improved 50374754 -> 49826290 (vert_size 2, round 486) *
  BEST solution improved 49826290 -> 49781995 (vert_size 2, round 493)
  BEST solution improved 49781995 -> 49765042 (vert_size 2, round 554)
  BEST solution improved 49765042 -> 49757799 (vert_size 4, round 719) *
  BEST solution improved 49757799 -> 49753384 (vert_size 2, round 758)
DŽ: 49753384 -> 49753384
DŽ: 49753384 -> 49753384
DŽ: 49753384 -> 49753384
DŽ: 49753384 -> 49753384
DŽ: 49753384 -> 49753384
DŽ: 49753384 -> 49753384
DŽ: 49753384 -> 49753384
DŽ: 49753384 -> 49929264
DŽ: 49753384 -> 49929264
DŽ: 49753384 -> 49753384
DŽ: 49757799 -> 49753384
DŽ: 49753384 -> 49753384
DŽ: 50823037 -> 50489128
DŽ: 49753384 -> 49753384
DŽ: 49767417 -> 49929264
DŽ: 51399469 -> 50507800
DŽ: 49929264 -> 49872716
DŽ: 49922771 -> 49868301
DŽ: 49767417 -> 49753384
DŽ: 49753384 -> 49753384
DŽ: 49753384 -> 49753384
DŽ: 49767417 -> 49753384
DŽ: 49753384 -> 49753384
DŽ: 49757799 -> 49785498
DŽ: 49753384 -> 49868301
DŽ: 49753384 -> 49753384
DŽ: 49872716 -> 49872716
DŽ: 49753384 -> 49753384
DŽ: 49753384 -> 49929264
DŽ: 49753384 -> 49753384
DŽ: 50507800 -> 50507800
DŽ: 49767417 -> 49789913
DŽ: 49753384 -> 49753384
DŽ: 49753384 -> 49753384
DŽ: 49753384 -> 49868301
DŽ: 49753384 -> 50189045
DŽ: 49753384 -> 49868301
DŽ: 49929264 -> 49929264
DŽ: 49753384 -> 49753384
DŽ: 49763002 -> 49753384
DŽ: 49753384 -> 49753384
DŽ: 49753384 -> 49785498
DŽ: 49753384 -> 49753384
DŽ: 49753384 -> 49753384
DŽ: 49753384 -> 49753384
DŽ: 49753384 -> 49753384
DŽ: 50178197 -> 50419461
DŽ: 49753384 -> 49753384

 start over 48380 loops 167 unique solutions 
Approx + random 
DŽ: 54850488 -> 51162820
DŽ: 49778221 -> 49753384
DŽ: 49753384 -> 49753384
DŽ: 49753384 -> 49753384
DŽ: 49753384 -> 49785498
DŽ: 49753384 -> 49753384
DŽ: 49872716 -> 49872716
DŽ: 49872716 -> 49868301
DŽ: 50507800 -> 50749064
DŽ: 50859618 -> 50884433
DŽ: 49753384 -> 49753384
DŽ: 49765042 -> 49785498
DŽ: 49753384 -> 49753384
DŽ: 49753384 -> 49753384
DŽ: 49868301 -> 49868301
DŽ: 49868301 -> 49868301
DŽ: 49765042 -> 49765042
DŽ: 49789879 -> 49765042
DŽ: 49753384 -> 49785498
DŽ: 50094982 -> 49785498
DŽ: 50480807 -> 50151204
DŽ: 49753384 -> 49753384
DŽ: 49789879 -> 49765042
DŽ: 49765042 -> 49765042
DŽ: 49837677 -> 49785498
DŽ: 49785498 -> 49765042
DŽ: 50664040 -> 50749064
DŽ: 49753384 -> 49753384
DŽ: 49978489 -> 49908808
DŽ: 49753384 -> 49753384
DŽ: 50418898 -> 50419461
DŽ: 49785498 -> 49785498
DŽ: 49753384 -> 49868301
DŽ: 49789879 -> 49765042
DŽ: 49753384 -> 49753384
DŽ: 50002610 -> 49977773
DŽ: 49810335 -> 49785498
DŽ: 49977773 -> 50719836
DŽ: 49753384 -> 49753384
DŽ: 49753384 -> 49753384
DŽ: 49765042 -> 49765042

 start over 88774 loops 208 unique solutions 
Original + vert_size 13 
DŽ: 50376545 -> 50529247
DŽ: 49753384 -> 49753384
DŽ: 49807381 -> 49785498
DŽ: 49753384 -> 49753384
DŽ: 49837677 -> 49785498
DŽ: 49753384 -> 49753384
DŽ: 49785498 -> 49785498
DŽ: 49857217 -> 49753384
DŽ: 49765042 -> 49765042
DŽ: 49774660 -> 49765042
DŽ: 49753384 -> 49753384
DŽ: 49765042 -> 49765042
DŽ: 49753384 -> 49753384
DŽ: 49753384 -> 50045279
DŽ: 49753384 -> 49753384
DŽ: 49857217 -> 49753384
DŽ: 49753384 -> 49868301
DŽ: 49785498 -> 49785498
DŽ: 49753384 -> 49753384
DŽ: 49753384 -> 50128082
DŽ: 49753384 -> 49753384
DŽ: 49753384 -> 49753384
DŽ: 49785498 -> 49785498
DŽ: 49785498 -> 49765042
DŽ: 49785498 -> 49765042
DŽ: 49765042 -> 49765042
DŽ: 49753384 -> 49753384
DŽ: 49753384 -> 49753384
DŽ: 49808522 -> 49844038
DŽ: 49753384 -> 49753384
DŽ: 49753384 -> 49868301
DŽ: 49753384 -> 49753384
DŽ: 49753384 -> 49785498
DŽ: 49765042 -> 49765042
DŽ: 49753384 -> 49753384
DŽ: 49753384 -> 49753384
DŽ: 49765042 -> 49765042
DŽ: 49753384 -> 49753384
DŽ: 49753384 -> 49765042
DŽ: 49765042 -> 49765042
DŽ: 49753384 -> 49753384
DŽ: 49753384 -> 49753384
DŽ: 49765042 -> 49769457
DŽ: 49753384 -> 49753384
DŽ: 49753384 -> 49753384
DŽ: 49774660 -> 49785498

 start over 133483 loops 249 unique solutions 
Original + vert_size 13 
DŽ: 50376545 -> 50143252
DŽ: 49753384 -> 49753384
DŽ: 49753384 -> 49753384
DŽ: 49765042 -> 49765042
DŽ: 49765042 -> 49765042
DŽ: 49765042 -> 50478294
DŽ: 49753384 -> 49753384
DŽ: 49765042 -> 49765042
DŽ: 49753384 -> 49753384
DŽ: 49765042 -> 49765042
DŽ: 49753384 -> 49753384
DŽ: 49785498 -> 49785498
DŽ: 49753384 -> 49753384
DŽ: 50143252 -> 50143252
DŽ: 49753384 -> 49753384
DŽ: 49765042 -> 49785498
DŽ: 49785498 -> 49765042
DŽ: 49753384 -> 49753384
DŽ: 50143252 -> 50143252
DŽ: 49753384 -> 49753384
DŽ: 49785498 -> 49785498
DŽ: 49753384 -> 49753384
DŽ: 49753384 -> 49753384
DŽ: 49785498 -> 49765042
DŽ: 49753384 -> 49753384
DŽ: 49774660 -> 49785498
DŽ: 49753384 -> 49753384
DŽ: 49785498 -> 49785498
DŽ: 49785498 -> 49785498
DŽ: 49753384 -> 49753384
DŽ: 49765042 -> 50557290
DŽ: 49785498 -> 49785498
DŽ: 49753384 -> 49753384
DŽ: 49753384 -> 49753384
DŽ: 49785498 -> 49785498
DŽ: 49753384 -> 49868301
DŽ: 49778221 -> 49753384
DŽ: 49753384 -> 49753384
DŽ: 49774660 -> 49765042
DŽ: 50143252 -> 50143252
DŽ: 49753384 -> 49753384
DŽ: 49765042 -> 49765042
DŽ: 49785498 -> 49785498

 start over 175930 loops 293 unique solutions 
Original + vert_size 0 
DŽ: 50376545 -> 50143252
DŽ: 49774660 -> 49785498
DŽ: 49753384 -> 49753384
DŽ: 49765042 -> 49765042
DŽ: 49753384 -> 49753384
DŽ: 50143252 -> 50143252
DŽ: 49785498 -> 49785498
DŽ: 49765042 -> 49765042
DŽ: 49753384 -> 49753384
DŽ: 49753384 -> 49753384
DŽ: 49765042 -> 49765042
DŽ: 49785498 -> 49765042
DŽ: 49765042 -> 50045279
DŽ: 49753384 -> 49753384
DŽ: 49753384 -> 49753384
DŽ: 49753384 -> 49753384
DŽ: 49753384 -> 49785498
DŽ: 49785498 -> 49785498
DŽ: 49753384 -> 49847845
DŽ: 49774660 -> 49765042
DŽ: 49753384 -> 49753384
DŽ: 49765042 -> 49765042
DŽ: 49753384 -> 49753384
DŽ: 49785498 -> 49785498
DŽ: 50143252 -> 50143252
DŽ: 49765042 -> 49765042
DŽ: 49774660 -> 49765042
DŽ: 49753384 -> 49765042
DŽ: 49785498 -> 49785498
DŽ: 49785498 -> 49785498
DŽ: 49753384 -> 49929264
DŽ: 49753384 -> 49753384
DŽ: 49753384 -> 49753384
DŽ: 49753384 -> 49753384
DŽ: 49753384 -> 49753384
DŽ: 49765042 -> 49765042
DŽ: 49753384 -> 49847845
DŽ: 49753384 -> 49868301
DŽ: 49753384 -> 49753384
DŽ: 49753384 -> 49753384
DŽ: 49753384 -> 49753384
DŽ: 49753384 -> 49753384
DŽ: 49846467 -> 49753384
DŽ: 49753384 -> 49753384
DŽ: 49753384 -> 49868301

 start over 219675 loops 330 unique solutions 
Original + vert_size 0 
DŽ: 50376545 -> 50143252
DŽ: 49765042 -> 49844038
DŽ: 49765042 -> 50159525
DŽ: 49785498 -> 49785498
DŽ: 49774660 -> 49765042
DŽ: 49765042 -> 49765042
DŽ: 49765042 -> 49765042
DŽ: 49753384 -> 49929264
DŽ: 49765042 -> 49765042
DŽ: 49765042 -> 49765042
DŽ: 49765042 -> 49765042
DŽ: 49765042 -> 49765042
DŽ: 49785498 -> 49785498
DŽ: 49785498 -> 49785498
DŽ: 49753384 -> 49753384
DŽ: 49782636 -> 49753384
DŽ: 49785498 -> 49785498
DŽ: 49753384 -> 49753384
DŽ: 49802133 -> 49753384
DŽ: 49782636 -> 49753384
DŽ: 49753384 -> 49753384
DŽ: 49753384 -> 49753384
DŽ: 49753384 -> 49753384
DŽ: 49753384 -> 49753384
DŽ: 49765042 -> 49785498
DŽ: 49765042 -> 49765042
DŽ: 49844038 -> 49844038
DŽ: 49753384 -> 49929264
DŽ: 49753384 -> 49753384
DŽ: 49782636 -> 49852260
DŽ: 49856085 -> 49852260
DŽ: 49753384 -> 49753384
DŽ: 49765042 -> 49765042
DŽ: 49765042 -> 49785498
DŽ: 49753384 -> 49753384
DŽ: 49785498 -> 49785498
DŽ: 49757799 -> 49753384
DŽ: 49765042 -> 49765042
DŽ: 49753384 -> 49753384
DŽ: 49753384 -> 49753384
DŽ: 49844038 -> 50203576
DŽ: 49753384 -> 50581553
DŽ: 49753384 -> 49753384
DŽ: 49753384 -> 49753384
DŽ: 49753384 -> 49753384
DŽ: 49844038 -> 49765042

 start over 264656 loops 374 unique solutions 
Original + vert_size 13 
DŽ: 50376545 -> 50145036
DŽ: 49753384 -> 49753384
DŽ: 49753384 -> 49753384
DŽ: 49753384 -> 49753384
DŽ: 49753384 -> 49753384
DŽ: 49785498 -> 49765042
DŽ: 49753384 -> 49753384
DŽ: 49765042 -> 49765042
DŽ: 49753384 -> 49868301
DŽ: 49753384 -> 49753384
DŽ: 49856085 -> 49872716
DŽ: 49765042 -> 49765042
DŽ: 49763002 -> 49785498
DŽ: 49753384 -> 49868301
DŽ: 49753384 -> 49753384
DŽ: 49753384 -> 49753384
DŽ: 49765042 -> 49765042
DŽ: 49765042 -> 49765042
DŽ: 49753384 -> 49753384
DŽ: 49753384 -> 49753384
DŽ: 49753384 -> 49872716
DŽ: 49765042 -> 49765042
DŽ: 49753384 -> 49753384
DŽ: 49753384 -> 49753384
DŽ: 49753384 -> 49929264
DŽ: 49753384 -> 49753384
DŽ: 49753384 -> 49753384
DŽ: 49753384 -> 49753384
DŽ: 49753384 -> 49753384
DŽ: 49753384 -> 49753384
DŽ: 49765042 -> 49785498
DŽ: 49753384 -> 49753384
DŽ: 49753384 -> 49753384
DŽ: 49785498 -> 49785498
DŽ: 49753384 -> 49753384
DŽ: 49753384 -> 49753384
DŽ: 49753384 -> 49753384
DŽ: 49753384 -> 49753384
DŽ: 49753384 -> 49753384
DŽ: 49753384 -> 49753384
DŽ: 49753384 -> 49929264
DŽ: 49753384 -> 49753384
DŽ: 49929264 -> 49929264
DŽ: 49765042 -> 49765042
DŽ: 49765042 -> 49765042
DŽ: 49753384 -> 49753384
DŽ: 49753384 -> 49785498
DŽ: 49753384 -> 50082987
DŽ: 49753384 -> 49753384

 start over 312485 loops 417 unique solutions 
Original + vert_size 0 
DŽ: 50376545 -> 50143252
DŽ: 50134198 -> 50124580
DŽ: 49753384 -> 49753384
DŽ: 49753384 -> 49753384
DŽ: 49753384 -> 49785498
DŽ: 49753384 -> 49868301
DŽ: 49753384 -> 49753384
DŽ: 49753384 -> 49868301
DŽ: 49753384 -> 49753384
DŽ: 49753384 -> 49753384
DŽ: 49753384 -> 49929264
DŽ: 49774660 -> 49765042
DŽ: 49785498 -> 49765042
DŽ: 49753384 -> 49753384
DŽ: 49753384 -> 49753384
DŽ: 49753384 -> 49753384
DŽ: 49774660 -> 49765042
DŽ: 49774660 -> 49765042
DŽ: 49785498 -> 49785498
DŽ: 49765042 -> 49765042
DŽ: 50143252 -> 50511263
DŽ: 49785498 -> 49765042
DŽ: 49753384 -> 50145036
DŽ: 49753384 -> 49929264
DŽ: 49774660 -> 49765042
DŽ: 49753384 -> 49753384
DŽ: 50145036 -> 50145036
DŽ: 49765042 -> 49765042
DŽ: 49929264 -> 49929264
DŽ: 50145036 -> 50124580
DŽ: 50134198 -> 50124580
DŽ: 49774660 -> 49769457
DŽ: 49765042 -> 49765042
DŽ: 49765042 -> 49765042
DŽ: 49753384 -> 49753384
DŽ: 49810335 -> 49789913
DŽ: 49753384 -> 49753384

 start over 348308 loops 452 unique solutions 
Original + vert_size 13 
DŽ: 50376545 -> 50143252
DŽ: 49765042 -> 49765042
DŽ: 49753384 -> 49753384
DŽ: 49753384 -> 49753384
DŽ: 49753384 -> 49753384
DŽ: 49753384 -> 49753384
DŽ: 49753384 -> 49753384
DŽ: 50145036 -> 50145036
DŽ: 49753384 -> 49753384
DŽ: 49753384 -> 49847845
DŽ: 49753384 -> 49753384
DŽ: 49753384 -> 49753384
DŽ: 49753384 -> 49753384
DŽ: 49753384 -> 49753384
DŽ: 49774660 -> 49765042
DŽ: 49774660 -> 49785498
DŽ: 49753384 -> 49753384
DŽ: 49753384 -> 49753384
DŽ: 49753384 -> 49753384
DŽ: 49753384 -> 50841334
DŽ: 49789913 -> 49785498
DŽ: 49753384 -> 49753384
DŽ: 49753384 -> 49753384
DŽ: 49753384 -> 49753384
DŽ: 50145036 -> 50145036
DŽ: 49785498 -> 49765042
DŽ: 49753384 -> 49847845
DŽ: 49753384 -> 49753384
DŽ: 49785498 -> 49785498
DŽ: 49785498 -> 49785498
DŽ: 49753384 -> 49753384
DŽ: 49785498 -> 49765042
DŽ: 49753384 -> 49908808
DŽ: 49753384 -> 49753384
DŽ: 49753384 -> 49753384
DŽ: 49785498 -> 49785498
DŽ: 49753384 -> 49868301
DŽ: 49847845 -> 49868301
DŽ: 49753384 -> 49753384
DŽ: 49753384 -> 49868301
DŽ: 49753384 -> 49753384
DŽ: 49753384 -> 50189045
DŽ: 49763002 -> 49785498

 start over 390386 loops 493 unique solutions 
Original + vert_size 0 
DŽ: 50376545 -> 50143252
DŽ: 49753384 -> 49753384
DŽ: 49765042 -> 49765042
DŽ: 49753384 -> 49753384
DŽ: 49753384 -> 50049694
DŽ: 49785498 -> 49785498
DŽ: 49753384 -> 49753384
DŽ: 49753384 -> 49753384
DŽ: 49753384 -> 49753384
DŽ: 50124580 -> 50124580
DŽ: 49913204 -> 49789913
DŽ: 49753384 -> 49864494
DŽ: 49765042 -> 49765042
DŽ: 49765042 -> 50145036
DŽ: 49753384 -> 49868301
DŽ: 49774660 -> 49765042
DŽ: 49829520 -> 49789913
DŽ: 50145036 -> 50145036
DŽ: 49765042 -> 49765042
DŽ: 49767417 -> 49789913
DŽ: 49753384 -> 49753384
DŽ: 49774660 -> 49765042
DŽ: 49753384 -> 49753384
DŽ: 49767417 -> 49753384
DŽ: 49765042 -> 49765042
DŽ: 49774660 -> 49765042
DŽ: 49774660 -> 49765042
DŽ: 49765042 -> 49765042
DŽ: 49753384 -> 49753384
DŽ: 49765042 -> 49765042
DŽ: 49753384 -> 50640847
DŽ: 49753384 -> 49753384
DŽ: 49765042 -> 49765042
DŽ: 49782636 -> 49753384
DŽ: 49765042 -> 49765042
DŽ: 49765042 -> 49765042
DŽ: 49753384 -> 49753384
DŽ: 49774660 -> 49785498
DŽ: 49753384 -> 49785498
DŽ: 49753384 -> 49753384
DŽ: 49774660 -> 49765042

 start over 430454 loops 529 unique solutions 
Original + vert_size 0 
DŽ: 50376545 -> 50143252
DŽ: 49753384 -> 49753384
DŽ: 49753384 -> 49753384
DŽ: 49765042 -> 49765042
DŽ: 49774660 -> 49789913
DŽ: 49774660 -> 49765042
DŽ: 49774660 -> 49765042
DŽ: 49779075 -> 49765042
DŽ: 49753384 -> 49753384
DŽ: 49753384 -> 49753384
DŽ: 49774660 -> 49785498
DŽ: 49753384 -> 49753384
DŽ: 50143252 -> 50147667
DŽ: 49753384 -> 49753384
DŽ: 49753384 -> 49753384
DŽ: 49753384 -> 49753384
DŽ: 49767417 -> 49753384
DŽ: 49753384 -> 49753384
DŽ: 49774660 -> 49765042
DŽ: 49753384 -> 49753384
DŽ: 49765042 -> 49765042
DŽ: 49753384 -> 49753384
DŽ: 49753384 -> 49753384
DŽ: 49753384 -> 49753384
DŽ: 49753384 -> 49753384
DŽ: 49753384 -> 49753384
DŽ: 49753384 -> 49753384
DŽ: 49753384 -> 49753384
DŽ: 49753384 -> 49753384
DŽ: 49753384 -> 49753384
DŽ: 49753384 -> 49864494
DŽ: 49753384 -> 49753384
DŽ: 49753384 -> 49753384
DŽ: 49753384 -> 49753384
DŽ: 49765042 -> 49765042
DŽ: 49753384 -> 49753384
DŽ: 49765042 -> 49765042
DŽ: 49774660 -> 49765042
DŽ: 50143252 -> 50441064
DŽ: 50143252 -> 50143252
DŽ: 49753384 -> 49868301
DŽ: 50143252 -> 50143252

 start over 471169 loops 565 unique solutions 
Approx + random 
DŽ: 54850488 -> 52495922
DŽ: 49753384 -> 49753384
DŽ: 51431255 -> 50147667
DŽ: 49753384 -> 49753384
DŽ: 49765042 -> 49765042
DŽ: 51829556 -> 51300392
DŽ: 49753384 -> 49753384
DŽ: 50838517 -> 50124580
DŽ: 50407376 -> 49872716
DŽ: 49753384 -> 49753384
DŽ: 49781995 -> 49765042
DŽ: 49753384 -> 49753384
DŽ: 49753384 -> 49753384
DŽ: 49765042 -> 49765042
DŽ: 50143252 -> 50461520
DŽ: 49753384 -> 49753384
DŽ: 49916896 -> 49765042
DŽ: 49834208 -> 49789913
DŽ: 49781995 -> 49765042
DŽ: 49805647 -> 49765042
DŽ: 49753384 -> 49753384
DŽ: 49781995 -> 49785498
DŽ: 49753384 -> 49753384
DŽ: 49753384 -> 49753384
DŽ: 49753384 -> 49753384
DŽ: 49781995 -> 49765042
DŽ: 49774660 -> 50387375
DŽ: 49753384 -> 49753384
DŽ: 49789913 -> 49789913
DŽ: 49774660 -> 49765042
DŽ: 49765042 -> 49765042
DŽ: 49785498 -> 50464967
DŽ: 49774660 -> 49765042
DŽ: 49753384 -> 49753384
DŽ: 49753384 -> 49753384
DŽ: 49757799 -> 49753384
DŽ: 49753384 -> 49785498
DŽ: 49753384 -> 49753384
DŽ: 49765042 -> 49765042
DŽ: 49753384 -> 50466636
DŽ: 49753384 -> 49753384

 start over 511942 loops 613 unique solutions 
Approx + random 
DŽ: 54850488 -> 51925764
DŽ: 49753384 -> 49753384
DŽ: 49753384 -> 49753384
DŽ: 50147667 -> 50515678
DŽ: 49789879 -> 49765042
DŽ: 49765042 -> 50145036
DŽ: 50147667 -> 50143252
DŽ: 49753384 -> 49753384
DŽ: 50243898 -> 49852260
DŽ: 50147667 -> 50147667
DŽ: 49753384 -> 49753384
DŽ: 50334425 -> 50147667
DŽ: 49781995 -> 49765042
DŽ: 50147667 -> 50147667
DŽ: 49753384 -> 49753384
DŽ: 49753384 -> 49847845
DŽ: 49753384 -> 49868301
DŽ: 50147667 -> 50147667
DŽ: 49770337 -> 49868301
DŽ: 49753384 -> 49753384
DŽ: 49770337 -> 49785498
DŽ: 50147667 -> 50507800
DŽ: 50147667 -> 50143252
DŽ: 49757799 -> 49753384
DŽ: 50147667 -> 50954675
DŽ: 49753384 -> 49753384
DŽ: 49791613 -> 49765042
DŽ: 50145036 -> 50149451
DŽ: 49765042 -> 49765042
DŽ: 49765042 -> 49765042
DŽ: 49753384 -> 49753384

 start over 541982 loops 651 unique solutions 
Approx + random 
DŽ: 54850488 -> 51967304
DŽ: 49753384 -> 49753384
DŽ: 49753384 -> 49753384
DŽ: 49753384 -> 49753384
DŽ: 49753384 -> 49753384
DŽ: 49753384 -> 49753384
DŽ: 50176478 -> 50124580
DŽ: 50176478 -> 50691902
DŽ: 49753384 -> 49753384
DŽ: 49753384 -> 49753384
DŽ: 50401337 -> 50124580
DŽ: 49791613 -> 49765042
DŽ: 49753384 -> 49753384
DŽ: 50401337 -> 50124580
DŽ: 49799497 -> 49765042
DŽ: 49870609 -> 49765042
DŽ: 50179108 -> 49852260
DŽ: 50360277 -> 50145036
DŽ: 49753384 -> 49753384
DŽ: 49765042 -> 49765042
DŽ: 50186096 -> 50124580
DŽ: 49753384 -> 49753384
DŽ: 49757799 -> 49753384
DŽ: 49753384 -> 49753384
DŽ: 49753384 -> 49753384
DŽ: 49753384 -> 49753384
DŽ: 49757799 -> 49789913
DŽ: 50360277 -> 50145036
DŽ: 49799497 -> 49765042
DŽ: 49753384 -> 49753384

 start over 570447 loops 677 unique solutions 
Original + vert_size 13 
DŽ: 50376545 -> 50972139
DŽ: 49781995 -> 49765042
DŽ: 49757799 -> 49753384
DŽ: 49753384 -> 49753384
DŽ: 49753384 -> 49753384
DŽ: 49757799 -> 49753384
DŽ: 49753384 -> 49753384
DŽ: 50186096 -> 50124580
DŽ: 49753384 -> 49753384
DŽ: 50196934 -> 50145036
DŽ: 49753384 -> 49753384
DŽ: 49765042 -> 49765042
DŽ: 49753384 -> 49753384
DŽ: 49765042 -> 49765042
DŽ: 50729311 -> 50712358
DŽ: 49765042 -> 49765042
DŽ: 49753384 -> 49753384
DŽ: 50124580 -> 50145036
DŽ: 49753384 -> 49753384
DŽ: 49753384 -> 49753384
DŽ: 50712358 -> 50145036
DŽ: 49753384 -> 49753384
DŽ: 49753384 -> 49753384
DŽ: 49753384 -> 49753384
DŽ: 49753384 -> 49753384
DŽ: 50360277 -> 50124580
DŽ: 49753384 -> 49753384
DŽ: 49753384 -> 49785498
DŽ: 50464628 -> 50145036
DŽ: 49753384 -> 49753384
DŽ: 49753384 -> 49753384
DŽ: 49753384 -> 49753384
DŽ: 49753384 -> 49753384
DŽ: 49753384 -> 49753384
DŽ: 49765042 -> 49765042
DŽ: 49753384 -> 49753384
DŽ: 49753384 -> 49868301
DŽ: 49753384 -> 49753384
DŽ: 49753384 -> 49753384
DŽ: 49753384 -> 49753384
DŽ: 49753384 -> 49785498
DŽ: 49785498 -> 49785498
DŽ: 49753384 -> 49753384
DŽ: 50712358 -> 50145036

 start over 613068 loops 712 unique solutions 
Approx + random 
DŽ: 54850488 -> 50716773
DŽ: 49753384 -> 49753384
DŽ: 49753384 -> 49753384
DŽ: 49753384 -> 49868301
DŽ: 49753384 -> 49753384
DŽ: 49753384 -> 49753384
DŽ: 49753384 -> 49753384
DŽ: 49753384 -> 49753384
DŽ: 49753384 -> 49753384
DŽ: 49753384 -> 49753384
DŽ: 49753384 -> 49753384
DŽ: 49753384 -> 49908808
DŽ: 49753384 -> 49753384
DŽ: 49753384 -> 49753384
DŽ: 49753384 -> 49753384
DŽ: 49753384 -> 49868301
DŽ: 50708855 -> 50124580
DŽ: 49753384 -> 49785498
DŽ: 49753384 -> 49753384
DŽ: 49753384 -> 49868301
DŽ: 49753384 -> 49753384
DŽ: 49753384 -> 49908808
DŽ: 49753384 -> 49753384
DŽ: 49880134 -> 49929264
DŽ: 49753384 -> 49753384
DŽ: 49753384 -> 49753384
DŽ: 49753384 -> 49753384
DŽ: 49753384 -> 49753384
DŽ: 49753384 -> 49753384
DŽ: 49753384 -> 49753384
DŽ: 49757799 -> 49872716
DŽ: 49753384 -> 49753384
DŽ: 49753384 -> 49868301
DŽ: 49753384 -> 49868301
DŽ: 49753384 -> 49753384
DŽ: 49770337 -> 49753384
DŽ: 49753384 -> 49753384
DŽ: 49753384 -> 49929264
DŽ: 49753384 -> 49753384
DŽ: 49753384 -> 49753384
DŽ: 49753384 -> 49753384

 start over 653423 loops 752 unique solutions 
Approx + random 
DŽ: 54850488 -> 52252893
DŽ: 49753384 -> 49753384
DŽ: 50176478 -> 50124580
DŽ: 49763002 -> 49785498
DŽ: 49753384 -> 49753384
DŽ: 50554658 -> 50145036
DŽ: 49753384 -> 49753384
DŽ: 49753384 -> 49753384
DŽ: 50549166 -> 50150163
DŽ: 50078029 -> 49789913
DŽ: 49769457 -> 49765042
DŽ: 50554658 -> 50143252
DŽ: 50055533 -> 50082987
DŽ: 50124580 -> 50124580
DŽ: 49753384 -> 49753384
DŽ: 49765042 -> 49765042
DŽ: 50067191 -> 49785498
DŽ: 50045915 -> 49753384
DŽ: 50377657 -> 49785498
DŽ: 49785498 -> 49785498
DŽ: 49765042 -> 49765042
DŽ: 49785498 -> 49785498
DŽ: 49753384 -> 49753384
DŽ: 49753384 -> 49753384
DŽ: 49774660 -> 50124580
DŽ: 50078029 -> 49785498
DŽ: 49753384 -> 49753384
DŽ: 50055533 -> 49872716
DŽ: 50067191 -> 49765042
DŽ: 49774660 -> 49765042
DŽ: 49753384 -> 49753384
DŽ: 49753384 -> 49753384
DŽ: 50248500 -> 49753384
DŽ: 49753384 -> 49753384
DŽ: 49753384 -> 49753384

 start over 687594 loops 793 unique solutions 
Original + vert_size 0 
DŽ: 50376545 -> 50143252
DŽ: 49774660 -> 49765042
DŽ: 50143252 -> 50143252
DŽ: 49753384 -> 49753384
DŽ: 49765042 -> 49765042
DŽ: 49753384 -> 49753384
DŽ: 49753384 -> 49753384
DŽ: 49753384 -> 49753384
DŽ: 49753384 -> 50464967
DŽ: 49753384 -> 49753384
DŽ: 49753384 -> 49753384
DŽ: 50078029 -> 49785498
DŽ: 49993568 -> 50170619
DŽ: 49774660 -> 49765042
DŽ: 49812538 -> 49785498
DŽ: 49785498 -> 49785498
DŽ: 49993568 -> 49785498
DŽ: 49753384 -> 49753384
DŽ: 49753384 -> 49753384
DŽ: 49993568 -> 49785498
DŽ: 49785498 -> 49785498
DŽ: 49785498 -> 49785498
DŽ: 50143252 -> 50143252
DŽ: 49785498 -> 49785498
DŽ: 50735634 -> 50500222
DŽ: 49785498 -> 49785498
DŽ: 49753384 -> 49753384
DŽ: 49753384 -> 49753384
DŽ: 49774660 -> 49765042
DŽ: 50143252 -> 50143252
DŽ: 49774660 -> 49785498
DŽ: 49765042 -> 49765042
DŽ: 50163417 -> 50473269
DŽ: 49753384 -> 49753384
DŽ: 49753384 -> 49765042

 start over 721937 loops 825 unique solutions 
Original + vert_size 0 
DŽ: 50376545 -> 50143252
DŽ: 49765042 -> 49785498
DŽ: 49778221 -> 49847845
DŽ: 49753384 -> 49847845
DŽ: 49753384 -> 49753384
DŽ: 49802133 -> 49753384
DŽ: 49847845 -> 49847845
DŽ: 49785498 -> 49765042
DŽ: 49753384 -> 49753384
DŽ: 49793697 -> 49753384
DŽ: 49847845 -> 49765042
DŽ: 49753384 -> 49753384
DŽ: 49753384 -> 49753384
DŽ: 49847845 -> 49847845
DŽ: 49753384 -> 49753384
DŽ: 49847845 -> 49852260
DŽ: 49753384 -> 49753384
DŽ: 49765042 -> 49765042
DŽ: 49753384 -> 49785498
DŽ: 49753384 -> 49753384
DŽ: 49765042 -> 49765042
DŽ: 49753384 -> 49753384
DŽ: 49763002 -> 49785498
DŽ: 49753384 -> 49753384
DŽ: 49757799 -> 49753384
DŽ: 49847845 -> 49847845
DŽ: 49847845 -> 50464967
DŽ: 49753384 -> 49868301
DŽ: 49753384 -> 49753384
DŽ: 49753384 -> 49753384
DŽ: 49757799 -> 49785498
DŽ: 49847845 -> 49847845
DŽ: 49753384 -> 49753384
DŽ: 49847845 -> 49769457
DŽ: 49793989 -> 49753384
DŽ: 49763002 -> 49785498
DŽ: 49753384 -> 49753384
DŽ: 49769457 -> 49769457
DŽ: 49753384 -> 49753384
DŽ: 49753384 -> 49753384
DŽ: 49763002 -> 49868301
DŽ: 49774660 -> 49765042
DŽ: 49753384 -> 49753384

 start over 763181 loops 853 unique solutions 
Approx + random 
DŽ: 54850488 -> 51622939
DŽ: 49757799 -> 49789913
DŽ: 49753384 -> 49753384
DŽ: 49763002 -> 49753384
DŽ: 49785498 -> 49765042
DŽ: 49753384 -> 49753384
DŽ: 49753384 -> 49753384
DŽ: 50265787 -> 50288802
DŽ: 49757799 -> 49789913
DŽ: 50727888 -> 50112922
DŽ: 49757799 -> 49789913
DŽ: 49765042 -> 49765042
DŽ: 49789913 -> 49785498
DŽ: 49757799 -> 49852260
DŽ: 50177119 -> 50112922
DŽ: 49789913 -> 50498750
DŽ: 49753384 -> 49753384
DŽ: 49757799 -> 49753384
DŽ: 49789913 -> 49785498
DŽ: 49757799 -> 49753384
DŽ: 49757799 -> 49769457
DŽ: 49753384 -> 49753384
DŽ: 49785498 -> 49785498
DŽ: 49753384 -> 49753384
DŽ: 49753384 -> 49753384
DŽ: 49757799 -> 49753384
DŽ: 49785498 -> 49785498
DŽ: 49785498 -> 49785498
DŽ: 49753384 -> 49753384
DŽ: 49765042 -> 49765042
DŽ: 49753384 -> 49753384
DŽ: 49757799 -> 49753384
DŽ: 49757799 -> 50758531
DŽ: 49753384 -> 49753384
DŽ: 49765042 -> 50464967
DŽ: 49753384 -> 49753384
DŽ: 49757799 -> 50466636
DŽ: 50466636 -> 50466636

 start over 800749 loops 900 unique solutions 
Approx + random 
DŽ: 54850488 -> 51312896
DŽ: 49785498 -> 49785498
DŽ: 49785498 -> 49785498
DŽ: 49789913 -> 49785498
DŽ: 49753384 -> 49753384
DŽ: 49785498 -> 49785498
DŽ: 49757799 -> 49753384
DŽ: 51312896 -> 50948348
DŽ: 50916901 -> 50808997
DŽ: 50808997 -> 50419461
DŽ: 49753384 -> 49753384
DŽ: 50414269 -> 50230470
DŽ: 50414269 -> 50226055
DŽ: 50160071 -> 50160071
DŽ: 50160071 -> 50160071
DŽ: 49785498 -> 49765042
DŽ: 49753384 -> 49868301
DŽ: 49785498 -> 49785498
DŽ: 50410053 -> 50226055
DŽ: 50159550 -> 50143252
DŽ: 49763002 -> 49753384

 start over 820887 loops 941 unique solutions 
Approx + random 
DŽ: 54850488 -> 51345841
DŽ: 49753384 -> 49753384
DŽ: 50460911 -> 50249615
DŽ: 49753384 -> 49753384
DŽ: 49753384 -> 49753384
DŽ: 49753384 -> 49753384
DŽ: 50151204 -> 50151204
DŽ: 49753384 -> 49753384
DŽ: 50471749 -> 50249615
DŽ: 50450361 -> 50287018
DŽ: 49753384 -> 49753384
DŽ: 49785498 -> 49785498
DŽ: 49815265 -> 49765042
DŽ: 49753384 -> 49753384
DŽ: 50151204 -> 50151204
DŽ: 49836768 -> 49785498
DŽ: 49836768 -> 49785498
DŽ: 49753384 -> 49868301
DŽ: 49753384 -> 49753384
DŽ: 50151204 -> 50969588
DŽ: 49753384 -> 49753384
DŽ: 50596267 -> 50151204
DŽ: 49789879 -> 49785498
DŽ: 50596267 -> 50151204
DŽ: 49845561 -> 49785498
DŽ: 49753384 -> 49753384
DŽ: 49774660 -> 49789913
DŽ: 50151204 -> 50536325
DŽ: 49774660 -> 50045279
DŽ: 49826839 -> 49765042
DŽ: 49753384 -> 49753384
DŽ: 49765042 -> 49765042
DŽ: 49826839 -> 49785498
DŽ: 49753384 -> 49753384
DŽ: 49765042 -> 49765042
DŽ: 49753384 -> 49753384
DŽ: 49765042 -> 49785498
DŽ: 49810335 -> 49785498
DŽ: 49753384 -> 49847845
DŽ: 50143252 -> 50143252

 start over 859639 loops 960 unique solutions 
Original + vert_size 13 
DŽ: 50376545 -> 50778999
DŽ: 49753384 -> 49753384
DŽ: 49753384 -> 49753384
DŽ: 49753384 -> 49753384
DŽ: 49753384 -> 49753384
DŽ: 50151204 -> 50045279
DŽ: 49753384 -> 49753384
DŽ: 49753384 -> 49753384
DŽ: 49753384 -> 49753384
DŽ: 49785498 -> 49785498
DŽ: 49765042 -> 49765042
DŽ: 49753384 -> 49753384
DŽ: 49799497 -> 49769457
DŽ: 49826103 -> 49785498
DŽ: 49799497 -> 49765042
DŽ: 49753384 -> 49868301
DŽ: 49785498 -> 49785498
DŽ: 49753384 -> 49753384
DŽ: 49785498 -> 49785498
DŽ: 49753384 -> 49929264
DŽ: 49753384 -> 49753384
DŽ: 49774660 -> 49765042
DŽ: 49753384 -> 49753384
DŽ: 49782636 -> 49753384
DŽ: 49765042 -> 49765042
DŽ: 49753384 -> 49753384
DŽ: 49753384 -> 50466636
DŽ: 49753384 -> 49785498
DŽ: 49753384 -> 49868301
DŽ: 49765042 -> 50045279
DŽ: 49782636 -> 49753384
DŽ: 49857463 -> 49868301
DŽ: 49753384 -> 49753384
DŽ: 49753384 -> 49753384
DŽ: 49753384 -> 49753384
DŽ: 49753384 -> 49753384
DŽ: 49753384 -> 49753384
DŽ: 49753384 -> 49753384
DŽ: 49753384 -> 49753384
DŽ: 49753384 -> 49753384
DŽ: 49753384 -> 49753384
DŽ: 49753384 -> 49753384
DŽ: 49763002 -> 49785498
DŽ: 49753384 -> 49753384

 start over 902956 loops 991 unique solutions 
Approx + random 
DŽ: 54850488 -> 51967921
DŽ: 49785498 -> 49984085
DŽ: 49753384 -> 49753384
DŽ: 49774660 -> 49785498
DŽ: 49753384 -> 49926841
DŽ: 49774660 -> 49765042
DŽ: 49884549 -> 49753384
DŽ: 49753384 -> 49868301
DŽ: 49753384 -> 49753384
DŽ: 49753384 -> 49753384
DŽ: 49753384 -> 49753384
DŽ: 49868301 -> 49847845
DŽ: 49753384 -> 49753384
DŽ: 49753384 -> 49753384
DŽ: 49753384 -> 49753384
DŽ: 49785498 -> 50145036
DŽ: 49753384 -> 49868301
DŽ: 49847845 -> 49847845
DŽ: 50876674 -> 50419144
DŽ: 49789879 -> 49765042
DŽ: 49847845 -> 49868301
DŽ: 49753384 -> 49868301
DŽ: 49785498 -> 49765042
DŽ: 49753384 -> 49753384
DŽ: 49753384 -> 49753384
DŽ: 49753384 -> 49753384
DŽ: 49753384 -> 49753384
DŽ: 49753384 -> 49753384
DŽ: 50419144 -> 49785498
DŽ: 49753384 -> 49753384
DŽ: 49769457 -> 49765042
DŽ: 49753384 -> 50466636
DŽ: 49763002 -> 49785498
DŽ: 49868301 -> 49847845
DŽ: 49753384 -> 49753384
DŽ: 49789879 -> 49765042
DŽ: 49753384 -> 49753384
DŽ: 49765042 -> 49765042
DŽ: 49753384 -> 49868301
DŽ: 49769457 -> 49785498

 start over 941829 loops 1034 unique solutions 
Approx + random 
DŽ: 54850488 -> 51305517
DŽ: 50035111 -> 49789913
DŽ: 49753384 -> 49753384
DŽ: 49757799 -> 49753384
DŽ: 49753384 -> 49753384
DŽ: 49753384 -> 49753384
DŽ: 49753384 -> 49753384
DŽ: 49757799 -> 49753384
DŽ: 49753384 -> 49765042
DŽ: 49753384 -> 49753384
DŽ: 51305517 -> 51525802
DŽ: 49753384 -> 49753384
DŽ: 49753384 -> 49753384
DŽ: 49789879 -> 49785498
DŽ: 49763002 -> 49753384
DŽ: 49753384 -> 49753384
DŽ: 50340186 -> 49929264
DŽ: 49753384 -> 49868301
DŽ: 49753384 -> 49753384
DŽ: 49765042 -> 49765042
DŽ: 49753384 -> 50464967
DŽ: 49785498 -> 50045279
DŽ: 49785498 -> 49785498
DŽ: 49753384 -> 50466636
DŽ: 49753384 -> 49753384
DŽ: 49753384 -> 49753384
DŽ: 50714193 -> 50689356
DŽ: 49763002 -> 49785498
DŽ: 49778221 -> 49753384
DŽ: 49753384 -> 49753384
DŽ: 49774660 -> 49765042
DŽ: 50045279 -> 50045279
DŽ: 49753384 -> 49753384
DŽ: 49757799 -> 49753384
DŽ: 49753384 -> 49753384
DŽ: 49753384 -> 49753384
DŽ: 49774660 -> 49765042
DŽ: 49753384 -> 49929264
DŽ: 49868301 -> 49868301
DŽ: 49774660 -> 49765042
DŽ: 49753384 -> 49753384
DŽ: 49785498 -> 49785498
DŽ: 49753384 -> 49868301

 start over 983236 loops 1072 unique solutions 
Original + vert_size 13 
DŽ: 50376545 -> 50226055
DŽ: 49753384 -> 49785498
DŽ: 49857463 -> 49847845
DŽ: 49753384 -> 49753384
DŽ: 49785498 -> 49785498
DŽ: 49753384 -> 49753384
DŽ: 50729727 -> 51149549
DŽ: 49774660 -> 50464967
DŽ: 49753384 -> 49753384
DŽ: 49765042 -> 49765042
DŽ: 49753384 -> 49753384
DŽ: 49785498 -> 49785498
DŽ: 49928957 -> 49753384
DŽ: 49753384 -> 49753384
DŽ: 49765042 -> 49785498
DŽ: 49774660 -> 49765042
DŽ: 49753384 -> 49929264
DŽ: 49753384 -> 49753384
DŽ: 49753384 -> 49753384
DŽ: 49928957 -> 49753384
DŽ: 49753384 -> 49753384
DŽ: 49753384 -> 49868301
DŽ: 49765042 -> 49765042
DŽ: 49753384 -> 49753384
DŽ: 50199953 -> 50155619
DŽ: 49753384 -> 49868301
DŽ: 50373755 -> 50423876
DŽ: 49753384 -> 49868301
DŽ: 49753384 -> 49753384
DŽ: 49753384 -> 49753384
DŽ: 49785498 -> 49785498
DŽ: 49753384 -> 49753384
DŽ: 49753384 -> 49753384
DŽ: 49785498 -> 49785498
DŽ: 49928957 -> 49785498
DŽ: 49765042 -> 49785498

 start over 1018325 loops 1113 unique solutions 
Original + vert_size 13 
DŽ: 50376545 -> 50143252
DŽ: 49785498 -> 49785498
DŽ: 49785498 -> 49785498
DŽ: 49757799 -> 49769457
DŽ: 49765042 -> 49765042
DŽ: 49774660 -> 49785498
DŽ: 49769457 -> 49789913
DŽ: 49753384 -> 49753384
DŽ: 49847845 -> 49847845
DŽ: 49757799 -> 49929264
DŽ: 49767417 -> 49868301
DŽ: 49785498 -> 49785498
DŽ: 49753384 -> 49753384
DŽ: 49763002 -> 49785498
DŽ: 49757799 -> 49769457
DŽ: 50143252 -> 50778999
DŽ: 49753384 -> 49753384
DŽ: 49753384 -> 49753384
DŽ: 49753384 -> 49753384
DŽ: 49753384 -> 49753384
DŽ: 49757799 -> 49868301
DŽ: 49753384 -> 49753384
DŽ: 50303017 -> 50419461
DŽ: 50143252 -> 50461520
DŽ: 49785498 -> 49785498
DŽ: 49753384 -> 49753384
DŽ: 49785498 -> 49785498
DŽ: 50151204 -> 50151204
DŽ: 50151204 -> 50419461
DŽ: 50143252 -> 50143252
DŽ: 49781995 -> 49765042
DŽ: 49753384 -> 49753384

 start over 1049181 loops 1151 unique solutions 
Original + vert_size 13 
DŽ: 50376545 -> 50143252
DŽ: 49774660 -> 49765042
DŽ: 49785498 -> 50145036
DŽ: 49785498 -> 49785498
DŽ: 49774660 -> 49765042
DŽ: 49774660 -> 49765042
DŽ: 49753384 -> 49753384
DŽ: 49763002 -> 49785498
DŽ: 49753384 -> 49753384
DŽ: 49785498 -> 49785498
DŽ: 49757799 -> 49753384
DŽ: 49774660 -> 49765042
DŽ: 49785498 -> 49785498
DŽ: 49753384 -> 49868301
DŽ: 49753384 -> 49929264
DŽ: 49765042 -> 49765042
DŽ: 49865703 -> 49753384
DŽ: 49774660 -> 49765042
DŽ: 49785498 -> 49785498
DŽ: 50145036 -> 50145036
DŽ: 49774660 -> 49765042
DŽ: 49753384 -> 49753384
DŽ: 50124580 -> 50124580
DŽ: 49765042 -> 49785498
DŽ: 50145036 -> 50124580
DŽ: 49765042 -> 49765042
DŽ: 49753384 -> 49765042
DŽ: 49753384 -> 49753384
DŽ: 50145036 -> 50145036
DŽ: 49753384 -> 49753384

 start over 1078793 loops 1167 unique solutions 
Original + vert_size 0 
DŽ: 50376545 -> 50143252
DŽ: 49774660 -> 49785498
DŽ: 49757799 -> 49785498
DŽ: 50145036 -> 50145036
DŽ: 49765042 -> 49765042
DŽ: 49774660 -> 49785498
DŽ: 49757799 -> 49753384
DŽ: 49765042 -> 49785498
DŽ: 49774660 -> 49765042
DŽ: 49785498 -> 49785498
DŽ: 49763002 -> 49753384
DŽ: 49765042 -> 49765042
DŽ: 49765042 -> 49765042
DŽ: 49765042 -> 49765042
DŽ: 49765042 -> 49769457
DŽ: 49753384 -> 49753384
DŽ: 49753384 -> 49753384
DŽ: 49774660 -> 49765042
DŽ: 49753384 -> 49753384
DŽ: 49763002 -> 49753384
DŽ: 49774660 -> 49765042
DŽ: 49785498 -> 49785498
DŽ: 49785498 -> 50858288
DŽ: 49753384 -> 49753384
DŽ: 49753384 -> 49753384
DŽ: 49753384 -> 49753384
DŽ: 49774660 -> 49769457
DŽ: 49753384 -> 49868301
DŽ: 49857463 -> 50128082
DŽ: 49753384 -> 49753384
DŽ: 49769457 -> 49769457
DŽ: 49910091 -> 49868301
DŽ: 49753384 -> 49753384
DŽ: 49765042 -> 49765042
DŽ: 49774660 -> 50094645
DŽ: 49868301 -> 49868301
DŽ: 49753384 -> 50008260
DŽ: 49785498 -> 49785498
DŽ: 49753384 -> 49753384

 start over 1116564 loops 1210 unique solutions 
Approx + random 
DŽ: 54850488 -> 50391790
DŽ: 49826571 -> 49789913
DŽ: 49774660 -> 49765042
DŽ: 49753384 -> 49753384
DŽ: 49774660 -> 49785498
DŽ: 49774660 -> 49769457
DŽ: 49774660 -> 49765042
DŽ: 49774660 -> 49785498
DŽ: 49753384 -> 49868301
DŽ: 49757799 -> 49785498
DŽ: 49753384 -> 49753384
DŽ: 49753384 -> 49753384
DŽ: 49826571 -> 49753384
DŽ: 49785498 -> 49785498
DŽ: 49765042 -> 49785498
DŽ: 49769457 -> 49765042
DŽ: 49753384 -> 49753384
DŽ: 50387375 -> 50224032
DŽ: 49816953 -> 49785498
DŽ: 49753384 -> 49753384
DŽ: 49753384 -> 49753384
DŽ: 49753384 -> 49868301
DŽ: 49753384 -> 49753384
DŽ: 49753384 -> 49753384
DŽ: 49774660 -> 49765042
DŽ: 49753384 -> 49753384
DŽ: 49753384 -> 49753384
DŽ: 49774752 -> 49785498
DŽ: 49753384 -> 49753384
DŽ: 49753384 -> 49753384
DŽ: 49781995 -> 49785498
DŽ: 49753384 -> 49753384
DŽ: 50387375 -> 50224032
DŽ: 49787290 -> 49753384
DŽ: 49757799 -> 49753384
DŽ: 50053192 -> 49785498
DŽ: 50053192 -> 49785498
DŽ: 49753384 -> 49753384
DŽ: 49774660 -> 49765042
DŽ: 49765042 -> 49765042
DŽ: 49765042 -> 49765042

 start over 1156129 loops 1238 unique solutions 
Approx + random 
DŽ: 54850488 -> 52094671
DŽ: 49753384 -> 49753384
DŽ: 49785498 -> 49785498
DŽ: 49765042 -> 49765042
DŽ: 49753384 -> 49753384
DŽ: 49753384 -> 49753384
DŽ: 49782636 -> 49753384
DŽ: 49753384 -> 49753384
DŽ: 49753384 -> 49868301
DŽ: 49774752 -> 49753384
DŽ: 49827199 -> 49753384
DŽ: 49753384 -> 49785498
DŽ: 49782636 -> 50082987
DŽ: 49757799 -> 49785498
DŽ: 50000374 -> 49753384
DŽ: 49753384 -> 49753384
DŽ: 49753384 -> 49753384
DŽ: 49757799 -> 49753384
DŽ: 49753384 -> 49753384
DŽ: 49753384 -> 49753384
DŽ: 49757799 -> 49785498
DŽ: 49757799 -> 49753384
DŽ: 49785498 -> 49765042
DŽ: 49774660 -> 49765042
DŽ: 49753384 -> 49785498
DŽ: 49753384 -> 49753384
DŽ: 49785498 -> 49785498
DŽ: 49757799 -> 49753384
DŽ: 49753384 -> 49753384
DŽ: 49785498 -> 49785498
DŽ: 49785498 -> 49785498
DŽ: 49753384 -> 49753384
DŽ: 49785498 -> 49785498
DŽ: 49785498 -> 49785498
DŽ: 49753384 -> 49753384
DŽ: 49774660 -> 49765042
DŽ: 49753384 -> 49753384
DŽ: 49781995 -> 49765042

 start over 1193629 loops 1270 unique solutions 
Original + vert_size 0 
DŽ: 50376545 -> 50143252
DŽ: 49785498 -> 49785498
DŽ: 49753384 -> 49753384
DŽ: 49774660 -> 49765042
DŽ: 49774660 -> 49765042
DŽ: 49781995 -> 49785498
DŽ: 49774660 -> 50900628
DŽ: 49765042 -> 49785498
DŽ: 49753384 -> 49753384
DŽ: 49765042 -> 49765042
DŽ: 49785498 -> 49785498
DŽ: 49785498 -> 49785498
DŽ: 49778221 -> 49753384
DŽ: 49774660 -> 49765042
DŽ: 49753384 -> 49947297
DŽ: 49799497 -> 49929264
DŽ: 49785498 -> 49785498
DŽ: 49753384 -> 49868301
DŽ: 49767417 -> 49753384
DŽ: 49785498 -> 49785498
DŽ: 49753384 -> 49753384
DŽ: 49753384 -> 49753384
DŽ: 49753384 -> 49753384
DŽ: 49785498 -> 49785498
DŽ: 49765042 -> 49765042
DŽ: 49785498 -> 49789913
DŽ: 49753384 -> 49753384
DŽ: 49765042 -> 49765042
DŽ: 49753384 -> 49753384
DŽ: 49774660 -> 50478294
DŽ: 50478294 -> 49765042
DŽ: 49753384 -> 49753384
DŽ: 49774660 -> 49765042
DŽ: 49785498 -> 49785498
DŽ: 49753384 -> 49753384
DŽ: 49789879 -> 49844038
DŽ: 49785498 -> 49785498
DŽ: 49753384 -> 49753384

 start over 1230830 loops 1311 unique solutions 
Approx + random 
DŽ: 54850488 -> 51175557
DŽ: 49785498 -> 49785498
DŽ: 49785498 -> 49785498
DŽ: 49753384 -> 49753384
DŽ: 49785498 -> 49765042
DŽ: 49753384 -> 49753384
DŽ: 49753384 -> 49753384
DŽ: 49753384 -> 49785498
DŽ: 49765042 -> 49765042
DŽ: 49785498 -> 49765042
DŽ: 49785498 -> 49785498
DŽ: 49753384 -> 49753384
DŽ: 50808236 -> 50513999
DŽ: 49753384 -> 49753384
DŽ: 49753384 -> 49753384
DŽ: 49785498 -> 49765042
DŽ: 49753384 -> 49753384
DŽ: 49753384 -> 49753384
DŽ: 49753384 -> 49929264
DŽ: 49753384 -> 49753384
DŽ: 49753384 -> 49753384
DŽ: 49785498 -> 49765042
DŽ: 49753384 -> 49753384
DŽ: 49753384 -> 49753384
DŽ: 49753384 -> 49868301
DŽ: 49753384 -> 49753384
DŽ: 49753384 -> 49753384
DŽ: 49785498 -> 49785498
DŽ: 49894167 -> 49753384
DŽ: 49753384 -> 50288802
DŽ: 49753384 -> 49868301
DŽ: 49753384 -> 49753384
DŽ: 49753384 -> 49868301
DŽ: 49778221 -> 49785498
DŽ: 49753384 -> 49753384
DŽ: 49763002 -> 49753384
DŽ: 49753384 -> 49753384
DŽ: 49753384 -> 49753384
DŽ: 49770337 -> 49753384
DŽ: 49753384 -> 49753384
DŽ: 49753384 -> 49785498
DŽ: 50288802 -> 50288802

 start over 1271860 loops 1348 unique solutions 
Original + vert_size 0 
DŽ: 50376545 -> 50143252
DŽ: 49770337 -> 49785498
DŽ: 49753384 -> 49753384
DŽ: 49753384 -> 49753384
DŽ: 49753384 -> 50128082
DŽ: 50128082 -> 50045279
DŽ: 50583319 -> 50145036
DŽ: 49845561 -> 49785498
DŽ: 49845561 -> 49753384
DŽ: 49785498 -> 49785498
DŽ: 49753384 -> 49753384
DŽ: 49753384 -> 49753384
DŽ: 49753384 -> 49753384
DŽ: 49753384 -> 50464967
DŽ: 49785498 -> 49785498
DŽ: 49753384 -> 49753384
DŽ: 49785498 -> 49789913
DŽ: 49753384 -> 49753384
DŽ: 49785498 -> 49785498
DŽ: 49785498 -> 49785498
DŽ: 49753384 -> 49753384
DŽ: 49753384 -> 49868301
DŽ: 49797763 -> 49765042
DŽ: 49753384 -> 49753384
DŽ: 49753384 -> 49908808
DŽ: 49767417 -> 49785498
DŽ: 49753384 -> 49753384
DŽ: 50078029 -> 50045279
DŽ: 49753384 -> 49753384
DŽ: 49785498 -> 49785498
DŽ: 49753384 -> 49753384
DŽ: 49753384 -> 49868301
DŽ: 49785498 -> 49765042
DŽ: 49785498 -> 49785498
DŽ: 49785498 -> 49789913

 start over 1305412 loops 1390 unique solutions 
Original + vert_size 13 
DŽ: 50376545 -> 50143252
DŽ: 49753384 -> 49753384
DŽ: 49753384 -> 49753384
DŽ: 49774660 -> 49765042
DŽ: 49753384 -> 49753384
DŽ: 50062232 -> 50045279
DŽ: 49753384 -> 49868301
DŽ: 49785498 -> 49785498
DŽ: 49785498 -> 49785498
DŽ: 49753384 -> 49908808
DŽ: 49785498 -> 49785498
DŽ: 49753384 -> 49753384
DŽ: 49753384 -> 49753384
DŽ: 50143252 -> 50143252
DŽ: 50583319 -> 50112922
DŽ: 49753384 -> 49753384
DŽ: 49785498 -> 49785498
DŽ: 50635217 -> 50149451
DŽ: 49765042 -> 49765042
DŽ: 49774660 -> 49765042
DŽ: 49753384 -> 49753384
DŽ: 49785498 -> 49785498
DŽ: 49866835 -> 49785498
DŽ: 49871304 -> 49972134
DŽ: 49785498 -> 49765042
DŽ: 49765042 -> 49765042
DŽ: 49785498 -> 49765042
DŽ: 49753384 -> 49753384
DŽ: 49871304 -> 49753384
DŽ: 49753384 -> 49753384
DŽ: 49774660 -> 49785498
DŽ: 49753384 -> 49753384
DŽ: 49753384 -> 49753384
DŽ: 49753384 -> 49753384
DŽ: 49765042 -> 49769457
DŽ: 49765042 -> 49765042
DŽ: 49773840 -> 49785498
DŽ: 49785498 -> 49765042
DŽ: 49765042 -> 49765042

 start over 1343457 loops 1421 unique solutions 
Approx + random 
DŽ: 54850488 -> 51558169
DŽ: 49753384 -> 49753384
DŽ: 49765042 -> 49765042
DŽ: 51005076 -> 51127981
DŽ: 49753384 -> 49753384
DŽ: 49785498 -> 49785498
DŽ: 49753384 -> 49753384
DŽ: 49774660 -> 49765042
DŽ: 49810335 -> 49765042
DŽ: 49785498 -> 49785498
DŽ: 50352820 -> 49785498
DŽ: 49753384 -> 49753384
DŽ: 49765042 -> 49765042
DŽ: 49785498 -> 50145036
DŽ: 49802451 -> 50464967
DŽ: 49765042 -> 49765042
DŽ: 49765042 -> 49765042
DŽ: 50369773 -> 49785498
DŽ: 49753384 -> 49753384
DŽ: 49774660 -> 49765042
DŽ: 50464967 -> 50464967
DŽ: 49774660 -> 49847845
DŽ: 49753384 -> 49753384
DŽ: 49753384 -> 49753384
DŽ: 49753384 -> 49753384
DŽ: 49765042 -> 49765042
DŽ: 49785498 -> 49785498
DŽ: 49785498 -> 49785498
DŽ: 49753384 -> 49847845
DŽ: 49753384 -> 49753384
DŽ: 49909354 -> 49785498
DŽ: 49765042 -> 49785498
DŽ: 49765042 -> 49765042
DŽ: 49765042 -> 49765042
DŽ: 49785498 -> 49785498
DŽ: 49765042 -> 49765042
DŽ: 49753384 -> 49753384
DŽ: 49753384 -> 49868301
DŽ: 49753384 -> 49753384
DŽ: 49753384 -> 49753384
DŽ: 50369773 -> 50942943
DŽ: 49753384 -> 49753384

 start over 1384718 loops 1459 unique solutions 
Original + vert_size 0 
DŽ: 50376545 -> 50143252
DŽ: 49765042 -> 49765042
DŽ: 49753384 -> 49753384
DŽ: 49753384 -> 49753384
DŽ: 49753384 -> 49753384
DŽ: 49765042 -> 49765042
DŽ: 49753384 -> 49753384
DŽ: 49753384 -> 49753384
DŽ: 50447675 -> 49785498
DŽ: 49753384 -> 49753384
DŽ: 49753384 -> 49753384
DŽ: 49753384 -> 49753384
DŽ: 50369773 -> 49769457
DŽ: 49753384 -> 49753384
DŽ: 49753384 -> 49753384
DŽ: 49753384 -> 49929264
DŽ: 49774660 -> 49785498
DŽ: 49753384 -> 49753384
DŽ: 49789879 -> 49765042
DŽ: 49753384 -> 49753384
DŽ: 50712358 -> 50145036
DŽ: 49785498 -> 49785498
DŽ: 49774660 -> 49785498
DŽ: 49753384 -> 49753384
DŽ: 49753384 -> 49753384
DŽ: 49753384 -> 49753384
DŽ: 49774660 -> 49765042
DŽ: 49774660 -> 49765042
DŽ: 49753384 -> 49753384
DŽ: 49753384 -> 49753384
DŽ: 49774660 -> 49785498
DŽ: 49774660 -> 49765042
DŽ: 49753384 -> 49753384

 start over 1416811 loops 1497 unique solutions 
Original + vert_size 0 
DŽ: 50376545 -> 50143252
DŽ: 49753384 -> 49753384
DŽ: 50057573 -> 49765042
DŽ: 49753384 -> 49753384
DŽ: 49785498 -> 49785498
DŽ: 49774660 -> 49765042
DŽ: 49757799 -> 49852260
DŽ: 50143252 -> 50143252
DŽ: 50143252 -> 50143252
DŽ: 49753384 -> 50128082
DŽ: 49753384 -> 49868301
DŽ: 49753384 -> 49753384
DŽ: 49753384 -> 50128082
DŽ: 49753384 -> 49753384
DŽ: 49765042 -> 49765042
DŽ: 49793989 -> 49785498
DŽ: 49774660 -> 49765042
DŽ: 49864494 -> 49785498
DŽ: 49765042 -> 49785498
DŽ: 49774660 -> 49765042
DŽ: 49832380 -> 49753384
DŽ: 49793989 -> 49789913
DŽ: 49864494 -> 49785498
DŽ: 49864494 -> 49753384
DŽ: 49753384 -> 49753384
DŽ: 49753384 -> 49753384
DŽ: 49765042 -> 49765042
DŽ: 50143252 -> 50143252
DŽ: 49753384 -> 49753384
DŽ: 50143252 -> 50143252
DŽ: 49753384 -> 49753384
DŽ: 49753384 -> 49753384
DŽ: 49769457 -> 49769457
DŽ: 49774660 -> 49765042
DŽ: 49765042 -> 49769457
DŽ: 49765042 -> 49765042
DŽ: 49753384 -> 49785498
DŽ: 49753384 -> 49753384

 start over 1453330 loops 1529 unique solutions 
Original + vert_size 13 
DŽ: 50376545 -> 50778999
DŽ: 50143252 -> 50511263
DŽ: 49753384 -> 49765042
DŽ: 49753384 -> 49753384
DŽ: 49753384 -> 49753384
DŽ: 49765042 -> 49765042
DŽ: 49774660 -> 49765042
DŽ: 50143252 -> 50147667
DŽ: 50147667 -> 50143252
DŽ: 49785498 -> 49785498
DŽ: 49753384 -> 49753384
DŽ: 49753384 -> 49868301
DŽ: 49785498 -> 49785498
DŽ: 49753384 -> 49753384
DŽ: 49785498 -> 49785498
DŽ: 49785498 -> 49785498
DŽ: 49785498 -> 49785498
DŽ: 49785498 -> 49785498
DŽ: 49774660 -> 49765042
DŽ: 49889331 -> 49785498
DŽ: 50147667 -> 50778999
DŽ: 49765042 -> 49785498
DŽ: 50143252 -> 50143252
DŽ: 49785498 -> 49785498
DŽ: 49753384 -> 49929264
DŽ: 49802451 -> 49785498
DŽ: 49765042 -> 49765042
DŽ: 49774660 -> 49765042
DŽ: 50143252 -> 50778999
DŽ: 50151204 -> 50143252
DŽ: 49785498 -> 49785498
DŽ: 50151204 -> 50160071
DŽ: 49753384 -> 49753384

 start over 1485280 loops 1563 unique solutions 
Original + vert_size 0 
DŽ: 50376545 -> 50143252
DŽ: 49765042 -> 49765042
DŽ: 49753384 -> 49753384
DŽ: 49765042 -> 49765042
DŽ: 49785498 -> 49789913
DŽ: 50008922 -> 49785498
DŽ: 49785498 -> 49785498
DŽ: 49774660 -> 49769457
DŽ: 50151204 -> 50151204
DŽ: 49753384 -> 49753384
DŽ: 50151204 -> 50151204
DŽ: 49765042 -> 49765042
DŽ: 49753384 -> 49753384
DŽ: 49810335 -> 49785498
DŽ: 49757799 -> 49753384
DŽ: 50147667 -> 50515678
DŽ: 49810335 -> 49785498
DŽ: 49785498 -> 49785498
DŽ: 49765042 -> 49765042
DŽ: 49757799 -> 49769457
DŽ: 49785498 -> 49785498
DŽ: 49774660 -> 49785498
DŽ: 50218510 -> 50143252
DŽ: 49765042 -> 49789913
DŽ: 49774660 -> 49765042
DŽ: 50264144 -> 50143252
DŽ: 49753384 -> 49753384
DŽ: 49763002 -> 50498750
DŽ: 49785498 -> 49765042
DŽ: 49753384 -> 49753384
DŽ: 49757799 -> 49753384

 start over 1515821 loops 1595 unique solutions 
Original + vert_size 0 
DŽ: 50376545 -> 50143252
DŽ: 49753384 -> 49753384
DŽ: 49753384 -> 49753384
DŽ: 49757799 -> 49785498
DŽ: 49753384 -> 49753384
DŽ: 49774660 -> 49765042
DŽ: 49753384 -> 49753384
DŽ: 49753384 -> 49753384
DŽ: 49753384 -> 49753384
DŽ: 49799497 -> 49765042
DŽ: 49774660 -> 49765042
DŽ: 49774660 -> 49765042
DŽ: 49757799 -> 49753384
DŽ: 49753384 -> 49753384
DŽ: 49799497 -> 49765042
DŽ: 50151204 -> 50151204
DŽ: 50143252 -> 50143252
DŽ: 49753384 -> 49753384
DŽ: 49753384 -> 50464967
DŽ: 50151204 -> 50151204
DŽ: 49784370 -> 49785498
DŽ: 49753384 -> 49753384
DŽ: 49799497 -> 50094645
DŽ: 49753384 -> 49753384
DŽ: 49765042 -> 49785498
DŽ: 50151204 -> 50143252
DŽ: 49753384 -> 49753384
DŽ: 49799497 -> 49785498
DŽ: 50143252 -> 50778999
DŽ: 50151204 -> 50151204

 start over 1544482 loops 1623 unique solutions 
Approx + random 
DŽ: 54850488 -> 52100988
DŽ: 50143252 -> 50143252
DŽ: 49753384 -> 49753384
DŽ: 49753384 -> 49753384
DŽ: 50143252 -> 50143252
DŽ: 52100988 -> 51406782
DŽ: 50151204 -> 50151204
DŽ: 50169873 -> 50145036
DŽ: 50682065 -> 50145036
DŽ: 50204818 -> 50509584
DŽ: 51323729 -> 50227839
DŽ: 51135188 -> 50288802
DŽ: 49753384 -> 49753384
DŽ: 49753384 -> 49753384
DŽ: 49781995 -> 50094645
DŽ: 49765042 -> 49765042
DŽ: 50151204 -> 50151204
DŽ: 49753384 -> 49753384
DŽ: 49753384 -> 49753384
DŽ: 49799497 -> 49765042
DŽ: 49765042 -> 50478294
DŽ: 49765042 -> 49765042
DŽ: 49753384 -> 49753384
DŽ: 49789879 -> 49785498
DŽ: 50478294 -> 49765042
DŽ: 49753384 -> 49753384
DŽ: 50193980 -> 50145036
DŽ: 49785498 -> 50498750
DŽ: 49791613 -> 49765042
DŽ: 49753384 -> 49753384
DŽ: 50281065 -> 50227839
DŽ: 49805647 -> 49765042

 start over 1575675 loops 1660 unique solutions 
Original + vert_size 0 
DŽ: 50376545 -> 50143252
DŽ: 49765042 -> 49765042
DŽ: 49794294 -> 49769457
DŽ: 50751865 -> 50124580
DŽ: 49753384 -> 49753384
DŽ: 49753384 -> 49753384
DŽ: 49753384 -> 49753384
DŽ: 50751865 -> 50145036
DŽ: 49753384 -> 49753384
DŽ: 49753384 -> 49753384
DŽ: 49945964 -> 49789913
DŽ: 49753384 -> 49753384
DŽ: 49757799 -> 49753384
DŽ: 50558848 -> 50138505
DŽ: 49789879 -> 49765042
DŽ: 50069820 -> 50049694
DŽ: 49779075 -> 49769457
DŽ: 49794294 -> 49769457
DŽ: 49794294 -> 49769457
DŽ: 49753384 -> 49753384
DŽ: 49757799 -> 49789913
DŽ: 49789879 -> 49785498
DŽ: 49753384 -> 49753384
DŽ: 49753384 -> 49868301
DŽ: 49753384 -> 49753384
DŽ: 49753384 -> 49753384
DŽ: 49769457 -> 49769457
DŽ: 49753384 -> 49753384
DŽ: 49753384 -> 49753384
DŽ: 49785498 -> 49785498
DŽ: 49789879 -> 49765042
DŽ: 49779075 -> 49769457
DŽ: 49794294 -> 49765042
DŽ: 49789879 -> 49765042
DŽ: 49753384 -> 49753384
DŽ: 49757799 -> 49753384
DŽ: 49753384 -> 49753384
DŽ: 49753384 -> 49753384
DŽ: 49753384 -> 49753384
DŽ: 49769457 -> 49765042

 start over 1614256 loops 1691 unique solutions 
Original + vert_size 13 
DŽ: 50376545 -> 50778999
DŽ: 49753384 -> 49753384
DŽ: 49753384 -> 49753384
DŽ: 49753384 -> 49753384
DŽ: 49753384 -> 49753384
DŽ: 50196934 -> 49785498
DŽ: 49753384 -> 49753384
DŽ: 49789879 -> 50094645
DŽ: 49769457 -> 49765042
DŽ: 49753384 -> 49753384
DŽ: 49802451 -> 49785498
DŽ: 49753384 -> 49753384
DŽ: 49802451 -> 49785498
DŽ: 49753384 -> 49753384
DŽ: 49785498 -> 49785498
DŽ: 49802451 -> 49785498
DŽ: 49802451 -> 49789913
DŽ: 49785498 -> 49769457
DŽ: 49769457 -> 49769457
DŽ: 49753384 -> 49753384
DŽ: 49802451 -> 49785498
DŽ: 49753384 -> 49868301
DŽ: 49753384 -> 49753384
DŽ: 49753384 -> 49868301
DŽ: 49753384 -> 49753384
DŽ: 49753384 -> 49753384
DŽ: 49753384 -> 49753384
DŽ: 49797679 -> 50503165
DŽ: 49753384 -> 49847845
DŽ: 49847845 -> 49852260
DŽ: 49785498 -> 49765042
DŽ: 49753384 -> 49753384
DŽ: 49852260 -> 49872716
DŽ: 49785498 -> 49785498
DŽ: 49753384 -> 49753384
DŽ: 49753384 -> 49753384
DŽ: 49872716 -> 49872716
DŽ: 49753384 -> 49753384
DŽ: 49785498 -> 49785498

 start over 1652532 loops 1731 unique solutions 
Original + vert_size 13 
DŽ: 50376545 -> 50143252
DŽ: 49753384 -> 49753384
DŽ: 49753384 -> 49753384
DŽ: 49753384 -> 50045279
DŽ: 49753384 -> 49753384
DŽ: 49753384 -> 49753384
DŽ: 49785498 -> 49785498
DŽ: 49753384 -> 49753384
DŽ: 49785498 -> 49765042
DŽ: 49753384 -> 49753384
DŽ: 49785498 -> 49785498
DŽ: 49785498 -> 49785498
DŽ: 49753384 -> 49753384
DŽ: 49785498 -> 49785498
DŽ: 49791613 -> 49765042
DŽ: 49853656 -> 49765042
DŽ: 49781995 -> 49765042
DŽ: 49753384 -> 49753384
DŽ: 49753384 -> 49753384
DŽ: 49753384 -> 49753384
DŽ: 49802451 -> 49785498
DŽ: 49943106 -> 49769457
DŽ: 49781995 -> 49785498
DŽ: 49943106 -> 49769457
DŽ: 49837677 -> 50758531
DŽ: 49753384 -> 49753384
DŽ: 49753384 -> 49753384
DŽ: 49791613 -> 49844038
DŽ: 49781995 -> 49765042
DŽ: 49753384 -> 49753384
DŽ: 49753384 -> 49753384
DŽ: 49770337 -> 49785498
DŽ: 49753384 -> 49753384
DŽ: 49765042 -> 49765042

 start over 1685629 loops 1761 unique solutions 
Original + vert_size 0 
DŽ: 50376545 -> 50143252
DŽ: 49765042 -> 49765042
DŽ: 49765042 -> 49765042
DŽ: 49774660 -> 49785498
DŽ: 49765042 -> 49765042
DŽ: 49765042 -> 49765042
DŽ: 49753384 -> 49753384
DŽ: 49753384 -> 49753384
DŽ: 49765042 -> 49765042
DŽ: 49753384 -> 49785498
DŽ: 49781995 -> 49765042
DŽ: 49753384 -> 49753384
DŽ: 49791613 -> 49785498
DŽ: 49770337 -> 49753384
DŽ: 49791613 -> 49844038
DŽ: 49753384 -> 49753384
DŽ: 49753384 -> 49753384
DŽ: 49753384 -> 49868301
DŽ: 49765042 -> 49765042
DŽ: 49753384 -> 49753384
DŽ: 49802451 -> 49785498
DŽ: 49789879 -> 49765042
DŽ: 49802451 -> 49785498
DŽ: 49753384 -> 49753384
DŽ: 49753384 -> 49753384
DŽ: 49781995 -> 49765042
DŽ: 49753384 -> 49753384
DŽ: 49857463 -> 49847845
DŽ: 49765042 -> 49765042
DŽ: 49785498 -> 49785498
DŽ: 49791613 -> 49785498
DŽ: 49789879 -> 49765042
DŽ: 49753384 -> 50045279
DŽ: 49785498 -> 49785498
DŽ: 49753384 -> 49753384
DŽ: 49770337 -> 49753384
DŽ: 49765042 -> 49765042
DŽ: 49781995 -> 49765042

 start over 1722640 loops 1788 unique solutions 
Approx + random 
DŽ: 54850488 -> 51404299
DŽ: 50315571 -> 50592995
DŽ: 49753384 -> 49753384
DŽ: 49753384 -> 49753384
DŽ: 50025493 -> 49753384
DŽ: 49753384 -> 49868301
DŽ: 49753384 -> 49753384
DŽ: 49757799 -> 49753384
DŽ: 49781995 -> 49765042
DŽ: 50143252 -> 50143252
DŽ: 49753384 -> 49753384
DŽ: 49765042 -> 49765042
DŽ: 49785498 -> 49785498
DŽ: 49857463 -> 49765042
DŽ: 50645174 -> 49785498
DŽ: 49847845 -> 49847845
DŽ: 49778221 -> 49753384
DŽ: 49753384 -> 49753384
DŽ: 50071606 -> 49769457
DŽ: 49753384 -> 49753384
DŽ: 50025493 -> 49753384
DŽ: 49753384 -> 49753384
DŽ: 49857463 -> 49847845
DŽ: 49847845 -> 49847845
DŽ: 49770337 -> 49753384
DŽ: 49753384 -> 49753384
DŽ: 49847845 -> 49847845
DŽ: 49753384 -> 49753384
DŽ: 49753384 -> 49847845
DŽ: 49757799 -> 49785498
DŽ: 49763002 -> 49753384
DŽ: 49753384 -> 49785498
DŽ: 49753384 -> 49753384
DŽ: 49753384 -> 49785498
DŽ: 49753384 -> 49753384
DŽ: 49757799 -> 49753384
DŽ: 49753384 -> 49753384
DŽ: 49753384 -> 49753384
DŽ: 49847845 -> 49753384

 start over 1760181 loops 1833 unique solutions 
Approx + random 
DŽ: 54850488 -> 51199423
DŽ: 49753384 -> 49753384
DŽ: 49753384 -> 49847845
DŽ: 50143252 -> 50143252
DŽ: 50143252 -> 50778999
DŽ: 49753384 -> 49753384
DŽ: 50143252 -> 50778999
DŽ: 49785498 -> 50094645
DŽ: 50326485 -> 50778999
DŽ: 49753384 -> 49753384
DŽ: 49765042 -> 49765042
DŽ: 49795723 -> 49753384
DŽ: 50326485 -> 50143252
DŽ: 50187102 -> 50151204
DŽ: 49753384 -> 49753384
DŽ: 49795723 -> 49753384
DŽ: 49753384 -> 49753384
DŽ: 49753384 -> 49753384
DŽ: 49786105 -> 49753384
DŽ: 49753384 -> 49753384
DŽ: 49786105 -> 50112922
DŽ: 49753384 -> 49753384
DŽ: 49785498 -> 49765042
DŽ: 49799497 -> 49785498
DŽ: 49753384 -> 49753384
DŽ: 49753384 -> 49929264
DŽ: 49785498 -> 49785498
DŽ: 49774660 -> 49769457
DŽ: 49781995 -> 49765042
DŽ: 49753384 -> 49753384

 start over 1789984 loops 1869 unique solutions 
Approx + random 
DŽ: 54850488 -> 52594399
DŽ: 49785498 -> 49785498
DŽ: 49753384 -> 49753384
DŽ: 50143252 -> 50143252
DŽ: 50644706 -> 50697794
DŽ: 50773732 -> 50418094
DŽ: 50861638 -> 50143252
DŽ: 50330900 -> 50143252
DŽ: 49753384 -> 49753384
DŽ: 50498303 -> 50147667
DŽ: 49753384 -> 49753384
DŽ: 50143252 -> 50143252
DŽ: 49753384 -> 49753384
DŽ: 50143252 -> 50143252

 start over 1802335 loops 1896 unique solutions 
Original + vert_size 13 
DŽ: 50376545 -> 50783414
DŽ: 50419574 -> 50147667
DŽ: 49753384 -> 49753384
DŽ: 50147667 -> 50515157
DŽ: 50147667 -> 50515678
DŽ: 50610389 -> 50147667
DŽ: 50797620 -> 50143252
DŽ: 50340518 -> 50147667
DŽ: 50764114 -> 50686956
DŽ: 50147667 -> 51265116
DŽ: 50470728 -> 50143252
DŽ: 49774660 -> 49753384
DŽ: 50147667 -> 50143252
DŽ: 50182612 -> 50147667
DŽ: 50143252 -> 50143252
DŽ: 49753384 -> 49753384
DŽ: 50212655 -> 49785498
DŽ: 50147667 -> 50147667
DŽ: 49789879 -> 49765042
DŽ: 50182612 -> 50143252
DŽ: 49753384 -> 49753384
DŽ: 50143252 -> 50143252
DŽ: 49753384 -> 49753384
DŽ: 49753384 -> 49753384
DŽ: 49789879 -> 49765042
DŽ: 49789879 -> 49765042

 start over 1827426 loops 1910 unique solutions 
Original + vert_size 13 
DŽ: 50376545 -> 50708125
DŽ: 49753384 -> 49753384
DŽ: 49789879 -> 49769457
DŽ: 50147667 -> 50783414
DŽ: 49789879 -> 49765042
DŽ: 50143252 -> 50143252
DŽ: 49753384 -> 49753384
DŽ: 50147667 -> 50147667
DŽ: 49753384 -> 49753384
DŽ: 50299480 -> 50143252
DŽ: 50143252 -> 50143252
DŽ: 50783414 -> 50515678
DŽ: 50143252 -> 50998601
DŽ: 50143252 -> 50143252
DŽ: 49753384 -> 49753384
DŽ: 50178197 -> 50143252
DŽ: 49753384 -> 49753384
DŽ: 50143252 -> 50778999

 start over 1844494 loops 1933 unique solutions 
Approx + random 
DŽ: 54850488 -> 50772483
DŽ: 50245953 -> 50287018
DŽ: 50147667 -> 50147667
DŽ: 50172504 -> 50515157
DŽ: 49753384 -> 49753384
DŽ: 50187102 -> 50143252
DŽ: 49753384 -> 49753384
DŽ: 50287018 -> 50287018
DŽ: 50147667 -> 50147667
DŽ: 50334437 -> 50423876
DŽ: 49753384 -> 49753384
DŽ: 50287018 -> 50287018
DŽ: 49753384 -> 49753384
DŽ: 50182612 -> 50143252
DŽ: 50147667 -> 50143252
DŽ: 50178197 -> 50143252
DŽ: 49753384 -> 49753384
DŽ: 49753384 -> 49753384
DŽ: 50143252 -> 50143252
DŽ: 50274417 -> 50143252
DŽ: 49753384 -> 49753384
DŽ: 50143252 -> 50511263
DŽ: 49753384 -> 49753384

 start over 1866696 loops 1950 unique solutions 
Approx + random 
DŽ: 54850488 -> 51103488
DŽ: 49753384 -> 49753384
DŽ: 49778221 -> 49753384
DŽ: 49753384 -> 49753384
DŽ: 50143252 -> 50143252
DŽ: 49753384 -> 49753384
DŽ: 50178197 -> 50143252
DŽ: 50147667 -> 50147667
DŽ: 50143252 -> 50143252
DŽ: 49753384 -> 49753384
DŽ: 50143252 -> 50143252
DŽ: 50143252 -> 50143252
DŽ: 50287018 -> 50287018
DŽ: 49753384 -> 49753384
DŽ: 49753384 -> 49753384
DŽ: 50287018 -> 50287018
DŽ: 50178197 -> 50143252
DŽ: 49778221 -> 49753384
DŽ: 49753384 -> 49753384
DŽ: 49778221 -> 49753384
DŽ: 50151204 -> 50151204
DŽ: 49753384 -> 49753384
DŽ: 50143252 -> 50143252
DŽ: 49753384 -> 49753384
DŽ: 50143252 -> 50147667
DŽ: 50143252 -> 50143252

 start over 1891514 loops 1961 unique solutions 
Approx + random 
DŽ: 54850488 -> 51349850
DŽ: 50143252 -> 50287018
DŽ: 49870437 -> 49785498
DŽ: 50226055 -> 50226055
DŽ: 49778221 -> 49753384
DŽ: 50226055 -> 50226055
DŽ: 50772483 -> 50764137
DŽ: 49785498 -> 49785498
DŽ: 49870437 -> 49785498
DŽ: 49753384 -> 49868301
DŽ: 49868301 -> 49852260
DŽ: 50143252 -> 50147667
DŽ: 49765042 -> 49769457
DŽ: 49757799 -> 49789913
DŽ: 50764137 -> 50764137
DŽ: 49753384 -> 49753384
DŽ: 49826103 -> 49785498
DŽ: 50744891 -> 50143252
DŽ: 49785498 -> 50498750
DŽ: 50067535 -> 49864494
DŽ: 49826103 -> 49785498
DŽ: 50566847 -> 50143252
DŽ: 49765042 -> 49765042
DŽ: 49847845 -> 49847845
DŽ: 49765042 -> 49765042
DŽ: 49774660 -> 49785498
DŽ: 49753384 -> 49753384
DŽ: 50212514 -> 50778999
DŽ: 49753384 -> 49753384
DŽ: 49757799 -> 49753384

 start over 1920442 loops 1998 unique solutions 
Original + vert_size 0 
DŽ: 50376545 -> 50143252
DŽ: 49753384 -> 49753384
DŽ: 50226055 -> 50594066
DŽ: 49765042 -> 50124580
DŽ: 49765042 -> 49769457
DŽ: 50226055 -> 50226055
DŽ: 49785498 -> 49785498
DŽ: 49785498 -> 49785498
DŽ: 50143252 -> 50143252
DŽ: 49774660 -> 49765042
DŽ: 49785498 -> 49785498
DŽ: 49765042 -> 49765042
DŽ: 49753384 -> 49753384
DŽ: 49785498 -> 49785498
DŽ: 49753384 -> 49753384
DŽ: 49753384 -> 49753384
DŽ: 50226055 -> 50594066
DŽ: 49753384 -> 49753384
DŽ: 49753384 -> 49753384
DŽ: 50387750 -> 50226055
DŽ: 50197761 -> 50143252
DŽ: 50270002 -> 50143252
DŽ: 49753384 -> 49753384

 start over 1942846 loops 2024 unique solutions 
Original + vert_size 13 
DŽ: 50376545 -> 50143252
DŽ: 50124580 -> 50124580
DŽ: 49765042 -> 49765042
DŽ: 49765042 -> 49769457
DŽ: 49753384 -> 49753384
DŽ: 50143252 -> 50143252
DŽ: 49753384 -> 49753384
DŽ: 49753384 -> 49753384
DŽ: 50197761 -> 50778999
DŽ: 49753384 -> 49868301
DŽ: 50238074 -> 50783414
DŽ: 49753384 -> 49753384
DŽ: 50161989 -> 50145036
DŽ: 50143252 -> 50143252
DŽ: 49753384 -> 49753384
DŽ: 50143252 -> 50143252
DŽ: 50197761 -> 50778999
DŽ: 50143252 -> 50143252
DŽ: 50143252 -> 50143252
DŽ: 50155619 -> 50419461
DŽ: 49753384 -> 49753384
DŽ: 49753384 -> 49753384
DŽ: 49753384 -> 49753384

 start over 1964181 loops 2049 unique solutions 
Approx + random 
DŽ: 54850488 -> 51537017
DŽ: 50143252 -> 50143252
DŽ: 49753384 -> 49753384
DŽ: 49753384 -> 49753384
DŽ: 50238074 -> 50147667
DŽ: 50340462 -> 50112922
DŽ: 50112922 -> 50112922
DŽ: 49799497 -> 49785498
DŽ: 49753384 -> 49868301
DŽ: 50143252 -> 50143252
DŽ: 49753384 -> 49753384
DŽ: 49781995 -> 49765042
DŽ: 51082843 -> 51043048
DŽ: 49753384 -> 49753384
DŽ: 49753384 -> 49753384
DŽ: 49789879 -> 49765042
DŽ: 49868301 -> 49868301
DŽ: 49789879 -> 49765042
DŽ: 50905288 -> 50870343
DŽ: 50675558 -> 51043048
DŽ: 50675558 -> 50507800

 start over 1984356 loops 2066 unique solutions 
Original + vert_size 13 
DŽ: 50376545 -> 50143252
DŽ: 49753384 -> 49753384
DŽ: 49753384 -> 49753384
DŽ: 49789879 -> 49765042
DŽ: 49753384 -> 49753384
DŽ: 50567320 -> 50147667
DŽ: 49782636 -> 49753384
DŽ: 49789879 -> 49765042
DŽ: 49782636 -> 49785498
DŽ: 49753384 -> 49753384
DŽ: 49789879 -> 49765042
DŽ: 49765042 -> 49765042
DŽ: 49753384 -> 49753384
DŽ: 49753384 -> 49753384
DŽ: 49753384 -> 49753384
DŽ: 49753384 -> 49753384
DŽ: 49819086 -> 49753384
DŽ: 50631019 -> 50149451
DŽ: 49753384 -> 49847845
DŽ: 49753384 -> 49753384
DŽ: 49847845 -> 49847845
DŽ: 49753384 -> 49753384
DŽ: 49753384 -> 49847845
DŽ: 49782636 -> 50082987
DŽ: 49753384 -> 49868301
DŽ: 49847845 -> 49868301
DŽ: 49753384 -> 49847845
DŽ: 49753384 -> 49753384
DŽ: 49757799 -> 49868301
DŽ: 49765042 -> 49765042
DŽ: 49765042 -> 49765042
DŽ: 49753384 -> 49753384
DŽ: 49753384 -> 49753384
DŽ: 49868301 -> 49868301
DŽ: 49778221 -> 49753384
DŽ: 49765042 -> 49785498

 start over 2019998 loops 2090 unique solutions 
Original + vert_size 13 
DŽ: 50376545 -> 50529247
DŽ: 49753384 -> 49753384
DŽ: 50365845 -> 50147667
DŽ: 49774660 -> 49765042
DŽ: 49753384 -> 49753384
DŽ: 50178197 -> 50143252
DŽ: 50182612 -> 50147667
DŽ: 50532763 -> 50143252
DŽ: 50147667 -> 50507800
DŽ: 49753384 -> 49753384
DŽ: 50182612 -> 50311010
DŽ: 50147667 -> 50783414
DŽ: 49753384 -> 49753384
DŽ: 49790520 -> 49789913
DŽ: 50168123 -> 50143252
DŽ: 49753384 -> 49753384
DŽ: 49753384 -> 49753384
DŽ: 50528348 -> 50143252
DŽ: 49753384 -> 49868301
DŽ: 50143252 -> 50143252
DŽ: 49753384 -> 49753384
DŽ: 50143252 -> 50778999
DŽ: 50418898 -> 50143252

 start over 2041299 loops 2115 unique solutions 
Original + vert_size 13 
DŽ: 50376545 -> 50178197
DŽ: 50143252 -> 50143252
DŽ: 49753384 -> 49753384
DŽ: 50528348 -> 50143252
DŽ: 50143252 -> 50143252
DŽ: 50532763 -> 50143252
DŽ: 50306595 -> 50143252
DŽ: 49753384 -> 49753384
DŽ: 49753384 -> 49753384
DŽ: 50182612 -> 50143252
DŽ: 50168123 -> 50147667
DŽ: 49785498 -> 49785498
DŽ: 49802451 -> 49785498
DŽ: 50143252 -> 50143252
DŽ: 49753384 -> 49753384
DŽ: 49785498 -> 49789913
DŽ: 49753384 -> 49753384
DŽ: 49774660 -> 49789913
DŽ: 49753384 -> 49753384
DŽ: 50143252 -> 50143252
DŽ: 49774660 -> 49785498
DŽ: 50151204 -> 50151204
DŽ: 49753384 -> 49753384
DŽ: 49753384 -> 49868301
DŽ: 50143252 -> 50598481
DŽ: 49827480 -> 50594496
DŽ: 49785498 -> 49785498
DŽ: 50464639 -> 50186594
DŽ: 49753384 -> 49753384
DŽ: 49753384 -> 49753384

 start over 2070462 loops 2144 unique solutions 
Original + vert_size 0 
DŽ: 50376545 -> 50143252
DŽ: 49753384 -> 49753384
DŽ: 49753384 -> 49753384
DŽ: 49753384 -> 49753384
DŽ: 50326485 -> 50143252
DŽ: 49753384 -> 49753384
DŽ: 49753384 -> 49753384
DŽ: 49774660 -> 49765042
DŽ: 50143252 -> 50778999
DŽ: 49817221 -> 49785498
DŽ: 49765042 -> 49765042
DŽ: 50143252 -> 50143252
DŽ: 50519609 -> 50778999
DŽ: 50166276 -> 50544804
DŽ: 49753384 -> 49753384
DŽ: 50143252 -> 50143252
DŽ: 49753384 -> 49753384
DŽ: 49753384 -> 49753384
DŽ: 49924557 -> 49864494
DŽ: 49781995 -> 49765042
DŽ: 49753384 -> 49753384
DŽ: 49753384 -> 49753384
DŽ: 49789879 -> 49785498

 start over 2092737 loops 2168 unique solutions 
Approx + random 
DŽ: 54850488 -> 52317402
DŽ: 49753384 -> 49753384
DŽ: 49799497 -> 49765042
DŽ: 49753384 -> 49868301
DŽ: 50326485 -> 50143252
DŽ: 49765042 -> 49765042
DŽ: 49785498 -> 49785498
DŽ: 49753384 -> 49753384
DŽ: 49753384 -> 49753384
DŽ: 51828283 -> 51870512
DŽ: 49753384 -> 49753384
DŽ: 49810335 -> 49785498
DŽ: 49753384 -> 49753384
DŽ: 49753384 -> 49753384
DŽ: 49753384 -> 49753384
DŽ: 49765042 -> 49769457
DŽ: 49765042 -> 49765042
DŽ: 49753384 -> 49753384
DŽ: 50030269 -> 49785498
DŽ: 49753384 -> 49753384
DŽ: 49753384 -> 49753384
DŽ: 49753384 -> 49753384
DŽ: 49810335 -> 49785498
DŽ: 49799497 -> 49765042
DŽ: 49799497 -> 49765042
DŽ: 49799497 -> 49765042
DŽ: 49753384 -> 49753384
DŽ: 50856846 -> 50509584
DŽ: 49757799 -> 49753384
DŽ: 49757799 -> 49753384
DŽ: 50856846 -> 50509584
DŽ: 49774660 -> 49765042
DŽ: 49769457 -> 49769457
DŽ: 49753384 -> 49753384

 start over 2125783 loops 2190 unique solutions 
Original + vert_size 0 
DŽ: 50376545 -> 50143252
DŽ: 49769457 -> 49769457
DŽ: 49753384 -> 49753384
DŽ: 49753384 -> 49753384
DŽ: 50445891 -> 50143252
DŽ: 49769457 -> 49785498
DŽ: 50629690 -> 50287018
DŽ: 50193809 -> 50510742
DŽ: 49753384 -> 49753384
DŽ: 49791613 -> 49765042
DŽ: 49916673 -> 49765042
DŽ: 49753384 -> 49753384
DŽ: 49789879 -> 50115101
DŽ: 49799497 -> 49765042
DŽ: 49799497 -> 49785498
DŽ: 49753384 -> 49753384
DŽ: 49799497 -> 50150163
DŽ: 50629690 -> 50717897
DŽ: 49753384 -> 49753384
DŽ: 49753384 -> 49753384

 start over 2144829 loops 2226 unique solutions 
Original + vert_size 13 
DŽ: 50376545 -> 50510742
DŽ: 50233923 -> 50778999
DŽ: 50143252 -> 50143252
DŽ: 50151204 -> 50151204
DŽ: 49753384 -> 49753384
DŽ: 49886377 -> 49844038
DŽ: 50467206 -> 50143252
DŽ: 49753384 -> 49753384
DŽ: 49886377 -> 50124580
DŽ: 49753384 -> 49753384
DŽ: 49789879 -> 49785498
DŽ: 50510742 -> 50778999
DŽ: 49753384 -> 49947297
DŽ: 49797763 -> 49765042
DŽ: 49799497 -> 49765042
DŽ: 50143252 -> 50143252
DŽ: 49753384 -> 49753384
DŽ: 49886377 -> 49864494
DŽ: 49797763 -> 49765042
DŽ: 50201221 -> 50147667
DŽ: 49774660 -> 49765042
DŽ: 49797763 -> 50124580
DŽ: 49774660 -> 49785498
DŽ: 49774660 -> 49785498
DŽ: 49757799 -> 49785498
DŽ: 49753384 -> 49753384
DŽ: 50124580 -> 50124580
DŽ: 49753384 -> 49753384
DŽ: 49774660 -> 49765042
DŽ: 49774660 -> 49765042
DŽ: 49753384 -> 49753384

 start over 2174948 loops 2245 unique solutions 
Original + vert_size 0 
DŽ: 50376545 -> 50143252
DŽ: 49785498 -> 49785498
DŽ: 49753384 -> 49753384
DŽ: 49799497 -> 49785498
DŽ: 49753384 -> 49753384
DŽ: 49753384 -> 49753384
DŽ: 49753384 -> 49753384
DŽ: 50361430 -> 50143252
DŽ: 49878493 -> 49765042
DŽ: 49753384 -> 49753384
DŽ: 49753384 -> 49753384
DŽ: 49797763 -> 49765042
DŽ: 49774660 -> 49785498
DŽ: 49753384 -> 49753384
DŽ: 49753384 -> 49753384
DŽ: 50361430 -> 50143252
DŽ: 49774660 -> 49765042
DŽ: 49774660 -> 49765042
DŽ: 50467206 -> 50143252
DŽ: 49753384 -> 49753384
DŽ: 49753384 -> 49753384
DŽ: 49774660 -> 49785498
DŽ: 49878493 -> 50045279
DŽ: 49753384 -> 50466636
DŽ: 49844038 -> 49765042
DŽ: 49774660 -> 49765042
DŽ: 49770337 -> 49908808
DŽ: 49753384 -> 49753384
DŽ: 49774660 -> 49765042
DŽ: 49753384 -> 49908808
DŽ: 49872716 -> 49868301
DŽ: 49753384 -> 49753384
DŽ: 49853656 -> 49785498
DŽ: 49770337 -> 49753384
DŽ: 49774660 -> 49765042
DŽ: 49774660 -> 49765042
DŽ: 49765042 -> 49765042
DŽ: 49753384 -> 49753384
DŽ: 49770337 -> 49753384

 start over 2212181 loops 2267 unique solutions 
Original + vert_size 13 
DŽ: 50376545 -> 50143252
DŽ: 49765042 -> 49785498
DŽ: 49753384 -> 49753384
DŽ: 50361430 -> 50143252
DŽ: 49753384 -> 49753384
DŽ: 49753384 -> 49753384
DŽ: 49753384 -> 49753384
DŽ: 49774660 -> 49765042
DŽ: 49774660 -> 49765042
DŽ: 49774660 -> 50498750
DŽ: 49853656 -> 49765042
DŽ: 49802451 -> 49785498
DŽ: 49753384 -> 49753384
DŽ: 49785498 -> 49785498
DŽ: 49785498 -> 49765042
DŽ: 49753384 -> 49753384
DŽ: 49785498 -> 49765042
DŽ: 49765042 -> 49765042
DŽ: 49799497 -> 49765042
DŽ: 49753384 -> 49753384
DŽ: 50177569 -> 50143252
DŽ: 49753384 -> 49753384
DŽ: 49753384 -> 49753384
DŽ: 49781995 -> 49785498
DŽ: 49770337 -> 49753384
DŽ: 49753384 -> 49753384
DŽ: 49778221 -> 49785498
DŽ: 49774660 -> 50837832
DŽ: 49753384 -> 49753384
DŽ: 49753384 -> 49753384
DŽ: 49770337 -> 50124580
DŽ: 49770337 -> 49753384
DŽ: 49770337 -> 49753384
DŽ: 49753384 -> 49929264
DŽ: 49778221 -> 49753384

 start over 2246181 loops 2304 unique solutions 
Approx + random 
DŽ: 54850488 -> 52331563
DŽ: 49753384 -> 49753384
DŽ: 49778221 -> 49785498
DŽ: 50143252 -> 50778999
DŽ: 50065457 -> 49765042
DŽ: 49753384 -> 49753384
DŽ: 50178197 -> 50143252
DŽ: 50178197 -> 50693379
DŽ: 49785498 -> 49765042
DŽ: 49753384 -> 49753384
DŽ: 50178197 -> 50419461
DŽ: 49753384 -> 49753384
DŽ: 49778221 -> 49753384
DŽ: 49810335 -> 49785498
DŽ: 49785498 -> 49785498
DŽ: 49753384 -> 49753384
DŽ: 49753384 -> 49753384
DŽ: 49810335 -> 49785498
DŽ: 49753384 -> 49753384
DŽ: 49774660 -> 49785498
DŽ: 49753384 -> 49753384
DŽ: 49753384 -> 49753384
DŽ: 49753384 -> 49753384
DŽ: 50151204 -> 50045279
DŽ: 49774660 -> 49785498
DŽ: 49753384 -> 49753384
DŽ: 50169873 -> 50145036
DŽ: 49753384 -> 49753384
DŽ: 49753384 -> 49753384
DŽ: 49753384 -> 49753384
DŽ: 49753384 -> 50466636
DŽ: 49753384 -> 49753384
DŽ: 49753384 -> 49753384
DŽ: 49753384 -> 49753384
DŽ: 49778221 -> 49785498

 start over 2280125 loops 2344 unique solutions 
Approx + random 
DŽ: 54850488 -> 51714957
DŽ: 49753384 -> 49753384
DŽ: 50711465 -> 51026025
DŽ: 50711465 -> 50958477
DŽ: 50339150 -> 50307376
DŽ: 49753384 -> 49753384
DŽ: 49753384 -> 49753384
DŽ: 49797763 -> 49785498
DŽ: 50178197 -> 50143252
DŽ: 50375048 -> 50726397
DŽ: 50002610 -> 49977773
DŽ: 49753384 -> 49753384
DŽ: 49977773 -> 49977773
DŽ: 50143252 -> 50143252
DŽ: 49757799 -> 50503165
DŽ: 49778221 -> 49785498
DŽ: 49774660 -> 49765042
DŽ: 49753384 -> 49753384
DŽ: 49753384 -> 49753384
DŽ: 50476034 -> 49977773
DŽ: 50467145 -> 50726397
DŽ: 49774752 -> 49789913
DŽ: 49769457 -> 49765042
DŽ: 49753384 -> 49753384
DŽ: 49778221 -> 49785498
DŽ: 50922984 -> 50337311

 start over 2305037 loops 2376 unique solutions 
Original + vert_size 0 
DŽ: 50376545 -> 50143252
DŽ: 49785498 -> 49785498
DŽ: 50447735 -> 50307376
DŽ: 50711465 -> 51026025
DŽ: 50307376 -> 50307376
DŽ: 49753384 -> 49753384
DŽ: 49753384 -> 49753384
DŽ: 49977773 -> 49977773
DŽ: 49825105 -> 49765042
DŽ: 49778221 -> 49753384
DŽ: 50711465 -> 51026025
DŽ: 49753384 -> 49753384
DŽ: 49753384 -> 49753384
DŽ: 50639646 -> 50607004
DŽ: 50351939 -> 50726397
DŽ: 49753384 -> 49753384
DŽ: 49778221 -> 49785498
DŽ: 49753384 -> 49753384
DŽ: 49994726 -> 49977773
DŽ: 50307376 -> 50726397
DŽ: 49753384 -> 49753384
DŽ: 49778221 -> 49753384
DŽ: 49803607 -> 49785498
DŽ: 49753384 -> 49852260
DŽ: 49753384 -> 49753384
DŽ: 49769457 -> 49765042
DŽ: 49753384 -> 49868301
DŽ: 49753384 -> 49753384

 start over 2332181 loops 2402 unique solutions 
Original + vert_size 0 
DŽ: 50376545 -> 50143252
DŽ: 49753384 -> 49765042
DŽ: 50332213 -> 50307376
DŽ: 50332213 -> 50480807
DŽ: 50321409 -> 50307376
DŽ: 50607004 -> 50607004
DŽ: 49782636 -> 49785498
DŽ: 49753384 -> 49753384
DŽ: 50307376 -> 50563610
DŽ: 49753384 -> 49753384
DŽ: 49778221 -> 49753384
DŽ: 50307376 -> 50307376
DŽ: 49753384 -> 49753384
DŽ: 49778221 -> 49929264
DŽ: 49753384 -> 49753384
DŽ: 49782636 -> 49753384
DŽ: 50607004 -> 50607004
DŽ: 49753384 -> 49753384
DŽ: 49856085 -> 49753384
DŽ: 49753384 -> 49753384

 start over 2351952 loops 2424 unique solutions 
Approx + random 
DŽ: 54850488 -> 51848820
DŽ: 49753384 -> 49753384
DŽ: 49753384 -> 49753384
DŽ: 49753384 -> 49753384
DŽ: 49753384 -> 49753384
DŽ: 50274719 -> 49977773
DŽ: 49782636 -> 49769457
DŽ: 49757799 -> 49785498
DŽ: 49753384 -> 49847845
DŽ: 50337311 -> 50337311
DŽ: 49778221 -> 50112922
DŽ: 49753384 -> 49753384
DŽ: 50143252 -> 50511263
DŽ: 49786105 -> 49753384
DŽ: 49977773 -> 49977773
DŽ: 49753384 -> 49753384
DŽ: 49753384 -> 49753384
DŽ: 49753384 -> 49753384
DŽ: 49977773 -> 49977773
DŽ: 49753384 -> 49753384
DŽ: 49753384 -> 49753384
DŽ: 49977773 -> 50685797
DŽ: 49753384 -> 49753384
DŽ: 49753384 -> 49753384
DŽ: 49753384 -> 49753384
DŽ: 49753384 -> 49753384
DŽ: 49778221 -> 49785498
DŽ: 49774660 -> 49765042
DŽ: 50685797 -> 50685797
DŽ: 49753384 -> 49753384
DŽ: 49753384 -> 49847845
DŽ: 49778221 -> 49785498

 start over 2382704 loops 2447 unique solutions 
Approx + random 
DŽ: 54850488 -> 52590953
DŽ: 49753384 -> 49753384
DŽ: 49753384 -> 49753384
DŽ: 50436428 -> 50249615
DŽ: 49753384 -> 49753384
DŽ: 49770337 -> 49785498
DŽ: 49864287 -> 49864494
DŽ: 49753384 -> 49753384
DŽ: 49810335 -> 49785498
DŽ: 49864287 -> 49785498
DŽ: 49810335 -> 49785498
DŽ: 49753384 -> 49753384
DŽ: 49864494 -> 50498750
DŽ: 50182005 -> 49785498
DŽ: 50425590 -> 50224032
DŽ: 49753384 -> 49753384
DŽ: 49753384 -> 49753384
DŽ: 49765042 -> 50045279
DŽ: 49774660 -> 49765042
DŽ: 49753384 -> 49753384
DŽ: 49774660 -> 49765042
DŽ: 49785498 -> 50145036
DŽ: 49864494 -> 49785498
DŽ: 49753384 -> 49753384
DŽ: 49829793 -> 49785498
DŽ: 49753384 -> 49753384
DŽ: 49753384 -> 50276900
DŽ: 49765042 -> 50045279
DŽ: 49785498 -> 49785498
DŽ: 49791613 -> 49765042
DŽ: 49753384 -> 49753384
DŽ: 49753384 -> 49753384
DŽ: 49785498 -> 49785498
DŽ: 49753384 -> 49753384
DŽ: 49753384 -> 49753384
DŽ: 49753384 -> 49753384
DŽ: 49774660 -> 49765042

 start over 2418971 loops 2483 unique solutions 
Original + vert_size 0 
DŽ: 50376545 -> 50143252
DŽ: 49791613 -> 49785498
DŽ: 49802451 -> 49864494
DŽ: 49791613 -> 50478294
DŽ: 49802451 -> 49785498
DŽ: 49753384 -> 49753384
DŽ: 49753384 -> 49868301
DŽ: 49774660 -> 49765042
DŽ: 49802451 -> 49785498
DŽ: 49765042 -> 49765042
DŽ: 49765042 -> 49765042
DŽ: 49765042 -> 49864494
DŽ: 49791613 -> 49864494
DŽ: 49868301 -> 49847845
DŽ: 49753384 -> 49868301
DŽ: 49802451 -> 49789913
DŽ: 49864494 -> 49864494
DŽ: 49753384 -> 49753384
DŽ: 49753384 -> 49753384
DŽ: 49753384 -> 49785498
DŽ: 49868301 -> 49868301
DŽ: 49763002 -> 49785498
DŽ: 49753384 -> 49753384
DŽ: 49753384 -> 49753384
DŽ: 49763002 -> 49785498
DŽ: 49774660 -> 50145036
DŽ: 49753384 -> 49753384
DŽ: 49767417 -> 49753384
DŽ: 49763002 -> 49753384
DŽ: 49785498 -> 49785498
DŽ: 49767417 -> 49753384
DŽ: 49753384 -> 49753384
DŽ: 49753384 -> 49753384
DŽ: 49753384 -> 49753384
DŽ: 49753384 -> 49753384
DŽ: 49753384 -> 49765042
DŽ: 49753384 -> 49753384
DŽ: 49785498 -> 49785498

 start over 2455275 loops 2513 unique solutions 
Original + vert_size 0 
DŽ: 50376545 -> 50143252
DŽ: 50134198 -> 50124580
DŽ: 49847845 -> 49847845
DŽ: 49753384 -> 49753384
DŽ: 49753384 -> 49753384
DŽ: 49765042 -> 49785498
DŽ: 50145036 -> 50145036
DŽ: 49753384 -> 49753384
DŽ: 49791613 -> 49765042
DŽ: 50145036 -> 50145036
DŽ: 50143252 -> 50778999
DŽ: 49753384 -> 49872716
DŽ: 49765042 -> 49765042
DŽ: 49753384 -> 49753384
DŽ: 49753384 -> 49753384
DŽ: 49753384 -> 49753384
DŽ: 49791613 -> 49765042
DŽ: 49753384 -> 49753384
DŽ: 49753384 -> 49753384
DŽ: 50447500 -> 50143252
DŽ: 49753384 -> 49753384
DŽ: 49753384 -> 49753384
DŽ: 49753384 -> 49753384
DŽ: 49753384 -> 49785498
DŽ: 49753384 -> 50464967
DŽ: 49757799 -> 49789913
DŽ: 50145036 -> 50145036
DŽ: 49753384 -> 49753384
DŽ: 49765042 -> 49765042
DŽ: 49753384 -> 49753384
DŽ: 49753384 -> 49753384
DŽ: 49765042 -> 49765042
DŽ: 49757799 -> 49753384

 start over 2487583 loops 2546 unique solutions 
Original + vert_size 13 
DŽ: 50376545 -> 50143252
DŽ: 50143252 -> 50143252
DŽ: 49753384 -> 49753384
DŽ: 49757799 -> 49753384
DŽ: 49753384 -> 49753384
DŽ: 49753384 -> 49868301
DŽ: 49753384 -> 49753384
DŽ: 49757799 -> 49789913
DŽ: 49857463 -> 49847845
DŽ: 50145036 -> 50145036
DŽ: 49753384 -> 49753384
DŽ: 49785498 -> 49785498
DŽ: 49753384 -> 49753384
DŽ: 49753384 -> 49926841
DŽ: 49802451 -> 49785498
DŽ: 49770337 -> 49753384
DŽ: 49785498 -> 49785498
DŽ: 49785498 -> 49785498
DŽ: 50143252 -> 50143252
DŽ: 49753384 -> 49753384
DŽ: 49753384 -> 49753384
DŽ: 49753384 -> 49753384
DŽ: 49753384 -> 49753384
DŽ: 49753384 -> 49785498
DŽ: 49753384 -> 49753384
DŽ: 50143252 -> 50143252
DŽ: 49753384 -> 49753384
DŽ: 49753384 -> 49753384
DŽ: 49753384 -> 49847845
DŽ: 49765042 -> 49765042
DŽ: 50143252 -> 50143252
DŽ: 49753384 -> 49753384
DŽ: 49753384 -> 49753384

 start over 2519181 loops 2574 unique solutions 
Approx + random 
DŽ: 54850488 -> 52275272
DŽ: 49770337 -> 49868301
DŽ: 49774660 -> 49765042
DŽ: 49753384 -> 49753384
DŽ: 49765042 -> 50478294
DŽ: 49774660 -> 49765042
DŽ: 50145036 -> 50145036
DŽ: 49785498 -> 49785498
DŽ: 50143252 -> 50778999
DŽ: 50145036 -> 50145036
DŽ: 49765042 -> 49765042
DŽ: 49753384 -> 49753384
DŽ: 49753384 -> 49753384
DŽ: 49753384 -> 49753384
DŽ: 49753384 -> 49753384
DŽ: 49810335 -> 49785498
DŽ: 49753384 -> 49753384
DŽ: 49789879 -> 49785498
DŽ: 49753384 -> 49753384
DŽ: 50134198 -> 50124580
DŽ: 49765042 -> 49765042
DŽ: 49774660 -> 49785498
DŽ: 49785498 -> 49789913
DŽ: 49753384 -> 49753384
DŽ: 49785498 -> 49785498
DŽ: 49785498 -> 49785498
DŽ: 49774660 -> 49765042
DŽ: 49753384 -> 49753384
DŽ: 49785498 -> 49765042

 start over 2547988 loops 2605 unique solutions 
Original + vert_size 0 
DŽ: 50376545 -> 50143252
DŽ: 49785498 -> 49785498
DŽ: 49785498 -> 49785498
DŽ: 49753384 -> 49753384
DŽ: 49765042 -> 49765042
DŽ: 50143252 -> 50143252
DŽ: 50143252 -> 50143252
DŽ: 49774660 -> 49765042
DŽ: 49765042 -> 49765042
DŽ: 49753384 -> 49753384
DŽ: 49753384 -> 49753384
DŽ: 50143252 -> 51329126
DŽ: 49789879 -> 49765042
DŽ: 49753384 -> 49753384
DŽ: 49765042 -> 49785498
DŽ: 49753384 -> 49753384
DŽ: 49753384 -> 49753384
DŽ: 49785498 -> 49785498
DŽ: 49753384 -> 49753384
DŽ: 49753384 -> 49753384
DŽ: 49799497 -> 49765042
DŽ: 49789879 -> 49765042
DŽ: 50143252 -> 50511263
DŽ: 49789879 -> 49765042
DŽ: 49765042 -> 49765042
DŽ: 49753384 -> 49753384
DŽ: 49753384 -> 49785498
DŽ: 49753384 -> 49753384
DŽ: 50511263 -> 50511263
DŽ: 49753384 -> 49753384
DŽ: 50143252 -> 50778999
DŽ: 49778221 -> 49765042

 start over 2578129 loops 2631 unique solutions 
Original + vert_size 0 
DŽ: 50376545 -> 50143252
DŽ: 49774660 -> 49844038
DŽ: 49789879 -> 49765042
DŽ: 49753384 -> 49753384
DŽ: 49753384 -> 49753384
DŽ: 49753384 -> 49753384
DŽ: 49753384 -> 49868301
DŽ: 49789879 -> 49765042
DŽ: 49785498 -> 49785498
DŽ: 49857463 -> 49868301
DŽ: 50143252 -> 50143252
DŽ: 50143252 -> 50511263
DŽ: 49753384 -> 49753384
DŽ: 49763002 -> 49753384
DŽ: 49753384 -> 49753384
DŽ: 49789879 -> 49765042
DŽ: 49789879 -> 49785498
DŽ: 49753384 -> 49753384
DŽ: 49763002 -> 49753384
DŽ: 49753384 -> 49753384
DŽ: 50143252 -> 50511263
DŽ: 49753384 -> 49753384
DŽ: 49753384 -> 49753384
DŽ: 49753384 -> 49753384
DŽ: 49857463 -> 49852260
DŽ: 49857463 -> 50464967
DŽ: 49781995 -> 49765042
DŽ: 49781995 -> 49765042
DŽ: 49765042 -> 49765042
DŽ: 49763002 -> 49868301
DŽ: 49753384 -> 49753384
DŽ: 49753384 -> 49753384

 start over 2609431 loops 2661 unique solutions 
Original + vert_size 0 
DŽ: 50376545 -> 50143252
DŽ: 49765042 -> 49765042
DŽ: 49765042 -> 49765042
DŽ: 49763002 -> 49753384
DŽ: 50511263 -> 50693379
DŽ: 49753384 -> 49753384
DŽ: 49753384 -> 49753384
DŽ: 49765042 -> 49765042
DŽ: 49785498 -> 49785498
DŽ: 49763002 -> 49785498
DŽ: 49753384 -> 49753384
DŽ: 49785498 -> 49868301
DŽ: 49765042 -> 50478294
DŽ: 49753384 -> 49753384
DŽ: 49753384 -> 49753384
DŽ: 49753384 -> 49753384
DŽ: 49753384 -> 49753384
DŽ: 49789879 -> 49765042
DŽ: 49753384 -> 49753384
DŽ: 49789879 -> 49765042
DŽ: 49753384 -> 49753384
DŽ: 49753384 -> 49753384
end_heu: 2630213 loops with 2696 unique solutions in 1799.8 s

Calling print_solution
>>> get_solution
  refine_solution: new weight 49753384 (was 49753384) in 0.000349 s
## FINAL WEIGHT 49753384
print_solution: 0.000823 s
