Version: final-94-gfffc3aa rub_all.sh: remove longest prefix
Random seed: 1553581382
Start
>>> save_orig_graph
>> Saved weight 0
Graph loaded
|V| = 2501, |E| = 4900, |R| = 50
First clearance of the input. Calling buy_zero and run_all_heuristics.
  buy_zero: 0 zero edges in 9e-06 s
  handle_small_terminal_degrees: terms 0 in 3e-06 s
  handle_small_Steiner_degrees: steiner 0, suppress 4 in 8e-06 s
  shortest_edge_between_terminals: 0 edges in 2e-06 s
  handle_small_terminal_degrees: terms 0 in 3e-06 s
  handle_small_Steiner_degrees: steiner 0, suppress 0 in 6e-06 s
  shortest_edge_between_terminals: 0 edges in 2e-06 s
Compressed graph 2501 -> 2496
  delete_edges: deleted 4 edges in 0.000191 s and 1 rounds
  handle_small_terminal_degrees: terms 0 in 3e-06 s
  handle_small_Steiner_degrees: steiner 0, suppress 8 in 1.1e-05 s
  shortest_edge_between_terminals: 0 edges in 1e-06 s
  handle_small_terminal_degrees: terms 0 in 3e-06 s
  handle_small_Steiner_degrees: steiner 0, suppress 0 in 6e-06 s
  shortest_edge_between_terminals: 0 edges in 2e-06 s
Compressed graph 2496 -> 2488
  delete_edges_shortest_path: deleted 8 edges in 0.013902 s
  handle_small_terminal_degrees: terms 0 in 2e-06 s
  handle_small_Steiner_degrees: steiner 0, suppress 12 in 8e-06 s
  shortest_edge_between_terminals: 0 edges in 2e-06 s
  handle_small_terminal_degrees: terms 0 in 2e-06 s
  handle_small_Steiner_degrees: steiner 0, suppress 0 in 3e-06 s
  shortest_edge_between_terminals: 0 edges in 1e-06 s
Compressed graph 2488 -> 2476
  handle_small_terminal_degrees: terms 0 in 4e-06 s
  handle_small_Steiner_degrees: steiner 0, suppress 0 in 3e-06 s
  shortest_edge_between_terminals: 0 edges in 2e-06 s
Compressed graph 2476 -> 2476
  delete_edges_shortest_path: deleted 12 edges in 0.013365 s
  handle_small_terminal_degrees: terms 0 in 4e-06 s
  handle_small_Steiner_degrees: steiner 0, suppress 15 in 1.2e-05 s
  shortest_edge_between_terminals: 0 edges in 2e-06 s
  handle_small_terminal_degrees: terms 0 in 4e-06 s
  handle_small_Steiner_degrees: steiner 0, suppress 0 in 4e-06 s
  shortest_edge_between_terminals: 0 edges in 1e-06 s
Compressed graph 2476 -> 2461
Compressed graph 2461 -> 2461
>>> save_orig_graph
>> Saved weight 0
### ZEL_LVL=9 PRECISE_STARS=0

Calling `contract_till_the_bitter_end`
|V| = 2461, |E| = 4837, |R| = 50
>> 746004 (985: 785 987 785) (0.001496 s)
>> 523922 (54: 11 52 11) (0.001387 s)
>> 0 (-1: -1 -1 -1) (0.000969 s)
Zelikovsky 0.641863 s
>> 746004 (985: 1184 987 785) (0.618107 s)
>> 523922 (54: 52 105 11) (0.595537 s)
>> 494625 (1459: 1508 1463 1109) (0.587564 s)
>> 471344 (1608: 1508 1762 1603) (0.593282 s)
>> 466024 (1370: 1373 1570 1168) (0.6022 s)
>> 417294 (988: 1184 1238 940) (0.591997 s)
>> 359235 (554: 556 749 404) (0.597669 s)
>> 269778 (1376: 1326 1427 1373) (0.577861 s)
>> 267816 (1786: 1686 1981 1791) (0.58021 s)
>> 246947 (582: 580 1184 232) (0.576807 s)
>> 180947 (1765: 1865 1667 1508) (0.578023 s)
>> 179924 (2324: 2417 2328 2224) (0.605276 s)
>> 166225 (2055: 2105 2048 1957) (0.610331 s)
>> 154930 (849: 897 852 556) (0.601675 s)
>> 121586 (2272: 2271 2457 2417) (0.618852 s)
>> 39502 (519: 669 528 460) (0.605937 s)
>> 28519 (2046: 2105 2343 1892) (0.6097 s)
>> 0 (-1: -1 -1 -1) (0.595948 s)
Zelikovsky- 10.7528 s
>>> get_solution
  refine_solution: new weight 52605814 (was 52605814) in 0.000529 s
>>> get_solution
  refine_solution: new weight 56365073 (was 56365073) in 0.000563 s
0,,2461,4837,50,,0,0,,56365073,56365073,55486903,52605814,52605814,,0,0,@@

  delete_edges: deleted 15 edges in 0.000234 s and 2 rounds
  handle_small_Steiner_degrees: steiner 0, suppress 18 in 1.1e-05 s
Starting round 1
Found 18 isolated vertices
Invalid ratios recomputed: 2443
Best ratio is 557467/1 (557467.0), centered at 1955
Finding the best star... Star with 2 terminals centered in 2105
round took: 0.044573 s
|V| = 2461, |E| = 4798, |R| = 49
>> 746004 (985: 785 987 785) (0.001176 s)
>> 523922 (54: 11 52 11) (0.001094 s)
>> 0 (-1: -1 -1 -1) (0.00076 s)
Zelikovsky 0.576618 s
>> 746004 (985: 1184 987 785) (0.563804 s)
>> 523922 (54: 52 105 11) (0.553758 s)
>> 494625 (1459: 1508 1463 1109) (0.563868 s)
>> 471344 (1608: 1508 1762 1603) (0.581957 s)
>> 466024 (1370: 1373 1570 1168) (0.574085 s)
>> 417294 (988: 1184 1238 940) (0.586714 s)
>> 359235 (554: 556 749 404) (0.592529 s)
>> 269778 (1376: 1326 1427 1373) (0.588784 s)
>> 267816 (1786: 1686 1981 1791) (0.567164 s)
>> 246947 (582: 580 1184 232) (0.563927 s)
>> 180947 (1765: 1865 1667 1508) (0.563567 s)
>> 179924 (2324: 2417 2328 2224) (0.564153 s)
>> 154930 (849: 897 852 556) (0.574517 s)
>> 121586 (2272: 2271 2457 2417) (0.573754 s)
>> 39502 (519: 669 528 460) (0.568857 s)
>> 28519 (2046: 2048 2343 1892) (0.562106 s)
>> 0 (-1: -1 -1 -1) (0.561985 s)
Zelikovsky- 9.71074 s
>>> get_solution
  refine_solution: new weight 52605814 (was 52605814) in 0.000518 s
>>> get_solution
  refine_solution: new weight 56198848 (was 56198848) in 0.000521 s
1,,2443,4798,49,,2443,0,,56198848,56198848,55320678,52605814,52605814,,557467,2,@@

  handle_small_Steiner_degrees: steiner 0, suppress 0 in 4e-06 s
Starting round 2
Found 23 isolated vertices
Invalid ratios recomputed: 227
Best ratio is 586060/1 (586060.0), centered at 1033
Finding the best star... Star with 2 terminals centered in 1184
round took: 0.005776 s
|V| = 2461, |E| = 4793, |R| = 48
>> 746004 (985: 785 987 785) (0.001119 s)
>> 523922 (54: 11 52 11) (0.001054 s)
>> 0 (-1: -1 -1 -1) (0.000749 s)
Zelikovsky 0.542288 s
>> 746004 (985: 1184 987 785) (0.53336 s)
>> 523922 (54: 52 105 11) (0.534068 s)
>> 494625 (1459: 1508 1463 1109) (0.533406 s)
>> 471344 (1608: 1508 1762 1603) (0.543167 s)
>> 466024 (1370: 1373 1570 1168) (0.557803 s)
>> 417294 (988: 1184 1238 940) (0.556047 s)
>> 359235 (554: 556 749 404) (0.557116 s)
>> 269778 (1376: 1326 1427 1373) (0.563392 s)
>> 267816 (1786: 1686 1981 1791) (0.562993 s)
>> 246947 (582: 580 1184 232) (0.559151 s)
>> 180947 (1765: 1865 1667 1508) (0.558687 s)
>> 179924 (2324: 2417 2328 2224) (0.562556 s)
>> 154930 (849: 897 852 556) (0.563181 s)
>> 121586 (2272: 2271 2457 2417) (0.564818 s)
>> 39502 (519: 669 528 460) (0.564597 s)
>> 28519 (2046: 2048 2343 1892) (0.556406 s)
>> 0 (-1: -1 -1 -1) (0.560297 s)
Zelikovsky- 9.43605 s
>>> get_solution
  refine_solution: new weight 52605814 (was 52605814) in 0.000519 s
>>> get_solution
  refine_solution: new weight 56198848 (was 56198848) in 0.000517 s
2,,2438,4793,48,,227,0,,56198848,56198848,55320678,52605814,52605814,,586060,2,@@

  handle_small_Steiner_degrees: steiner 0, suppress 0 in 3e-06 s
Starting round 3
Found 27 isolated vertices
Invalid ratios recomputed: 138
Best ratio is 586589/1 (586589.0), centered at 1326
Finding the best star... Star with 2 terminals centered in 1427
round took: 0.003108 s
|V| = 2461, |E| = 4789, |R| = 47
>> 746004 (985: 785 987 785) (0.001107 s)
>> 523922 (54: 11 52 11) (0.001029 s)
>> 0 (-1: -1 -1 -1) (0.000724 s)
Zelikovsky 0.54057 s
>> 746004 (985: 1184 987 785) (0.533838 s)
>> 523922 (54: 52 105 11) (0.533469 s)
>> 494625 (1459: 1508 1463 1109) (0.532005 s)
>> 471344 (1608: 1508 1762 1603) (0.539169 s)
>> 466024 (1370: 1373 1570 1168) (0.549875 s)
>> 417294 (988: 1184 1238 940) (0.552082 s)
>> 359235 (554: 556 749 404) (0.55388 s)
>> 267816 (1786: 1686 1981 1791) (0.570329 s)
>> 246947 (582: 580 1184 232) (0.558 s)
>> 180947 (1765: 1865 1667 1508) (0.566789 s)
>> 179924 (2324: 2417 2328 2224) (0.563303 s)
>> 154930 (849: 897 852 556) (0.58465 s)
>> 121586 (2272: 2271 2457 2417) (0.593001 s)
>> 39502 (519: 669 528 460) (0.580487 s)
>> 28519 (2046: 2048 2343 1892) (0.580361 s)
>> 0 (-1: -1 -1 -1) (0.593298 s)
Zelikovsky- 8.98937 s
>>> get_solution
  refine_solution: new weight 52605814 (was 52605814) in 0.000522 s
>>> get_solution
  refine_solution: new weight 56198848 (was 56198848) in 0.000517 s
3,,2434,4789,47,,138,0,,56198848,56198848,55320678,52605814,52605814,,586589,2,@@

  handle_small_Steiner_degrees: steiner 0, suppress 0 in 4e-06 s
Starting round 4
Found 30 isolated vertices
Invalid ratios recomputed: 192
Best ratio is 610273/1 (610273.0), centered at 2224
Finding the best star... Star with 2 terminals centered in 2417
round took: 0.004651 s
|V| = 2461, |E| = 4781, |R| = 46
>> 746004 (985: 785 987 785) (0.001052 s)
>> 523922 (54: 11 52 11) (0.001002 s)
>> 0 (-1: -1 -1 -1) (0.000693 s)
Zelikovsky 0.534734 s
>> 746004 (985: 1184 987 785) (0.52935 s)
>> 523922 (54: 52 105 11) (0.529549 s)
>> 494625 (1459: 1508 1463 1109) (0.529622 s)
>> 471344 (1608: 1508 1762 1603) (0.537093 s)
>> 466024 (1370: 1373 1570 1168) (0.547754 s)
>> 417294 (988: 1184 1238 940) (0.550214 s)
>> 359235 (554: 556 749 404) (0.551833 s)
>> 267816 (1786: 1686 1981 1791) (0.557496 s)
>> 246947 (582: 580 1184 232) (0.55485 s)
>> 180947 (1765: 1865 1667 1508) (0.554177 s)
>> 154930 (849: 897 852 556) (0.557816 s)
>> 121586 (2272: 2271 2457 2417) (0.55989 s)
>> 39502 (519: 669 528 460) (0.559664 s)
>> 28519 (2046: 2048 2343 1892) (0.553884 s)
>> 0 (-1: -1 -1 -1) (0.586821 s)
Zelikovsky- 8.26447 s
>>> get_solution
  refine_solution: new weight 52692082 (was 52692082) in 0.000522 s
>>> get_solution
  refine_solution: new weight 56105192 (was 56105192) in 0.00052 s
4,,2431,4781,46,,192,0,,56105192,56105192,55227022,52692082,52692082,,610273,2,@@

  handle_small_Steiner_degrees: steiner 0, suppress 0 in 4e-06 s
Starting round 5
Found 35 isolated vertices
Invalid ratios recomputed: 152
Best ratio is 626353/1 (626353.0), centered at 456
Finding the best star... Star with 2 terminals centered in 460
round took: 0.003244 s
|V| = 2461, |E| = 4774, |R| = 45
>> 746004 (985: 785 987 785) (0.001036 s)
>> 523922 (54: 11 52 11) (0.000963 s)
>> 0 (-1: -1 -1 -1) (0.000678 s)
Zelikovsky 0.570085 s
>> 746004 (985: 1184 987 785) (0.527727 s)
>> 523922 (54: 52 105 11) (0.526715 s)
>> 494625 (1459: 1508 1463 1109) (0.526466 s)
>> 471344 (1608: 1508 1762 1603) (0.534854 s)
>> 466024 (1370: 1373 1570 1168) (0.54584 s)
>> 417294 (988: 1184 1238 940) (0.548833 s)
>> 351612 (400: 300 749 404) (0.550748 s)
>> 296637 (849: 897 852 300) (0.552763 s)
>> 267816 (1786: 1686 1981 1791) (0.556887 s)
>> 246947 (582: 580 1184 232) (0.55522 s)
>> 180947 (1765: 1865 1667 1508) (0.554504 s)
>> 121586 (2272: 2271 2457 2417) (0.55772 s)
>> 39502 (519: 669 528 460) (0.557585 s)
>> 28519 (2046: 2048 2343 1892) (0.551059 s)
>> 0 (-1: -1 -1 -1) (0.555316 s)
Zelikovsky- 8.20663 s
>>> get_solution
  refine_solution: new weight 52503974 (was 52503974) in 0.000521 s
>>> get_solution
  refine_solution: new weight 55909461 (was 55909461) in 0.000517 s
5,,2426,4774,45,,152,0,,55909461,55909461,55031291,52503974,52503974,,626353,2,@@

  handle_small_Steiner_degrees: steiner 0, suppress 0 in 4e-06 s
Starting round 6
Found 41 isolated vertices
Invalid ratios recomputed: 250
Best ratio is 646275/1 (646275.0), centered at 1791
Finding the best star... Star with 2 terminals centered in 1892
round took: 0.005389 s
|V| = 2461, |E| = 4769, |R| = 44
>> 746004 (985: 785 987 785) (0.000998 s)
>> 523922 (54: 11 52 11) (0.000948 s)
>> 0 (-1: -1 -1 -1) (0.000669 s)
Zelikovsky 0.529133 s
>> 746004 (985: 1184 987 785) (0.526162 s)
>> 523922 (54: 52 105 11) (0.525894 s)
>> 494625 (1459: 1508 1463 1109) (0.525395 s)
>> 471344 (1608: 1508 1762 1603) (0.538629 s)
>> 466024 (1370: 1373 1570 1168) (0.547754 s)
>> 417294 (988: 1184 1238 940) (0.552197 s)
>> 351612 (400: 300 749 404) (0.556904 s)
>> 296637 (849: 897 852 300) (0.562624 s)
>> 267816 (1786: 1686 1981 1892) (0.564834 s)
>> 246947 (582: 580 1184 232) (0.568447 s)
>> 180947 (1765: 1865 1667 1508) (0.571344 s)
>> 121586 (2272: 2271 2457 2417) (0.574549 s)
>> 39502 (519: 669 528 460) (0.567395 s)
>> 28519 (2046: 2048 2343 1686) (0.551485 s)
>> 0 (-1: -1 -1 -1) (0.562228 s)
Zelikovsky- 8.30049 s
>>> get_solution
  refine_solution: new weight 52503974 (was 52503974) in 0.000524 s
>>> get_solution
  refine_solution: new weight 55909461 (was 55909461) in 0.000521 s
6,,2420,4769,44,,250,0,,55909461,55909461,55031291,52503974,52503974,,646275,2,@@

  handle_small_Steiner_degrees: steiner 0, suppress 0 in 3e-06 s
Starting round 7
Found 44 isolated vertices
Invalid ratios recomputed: 373
Best ratio is 664395/1 (664395.0), centered at 847
Finding the best star... Star with 2 terminals centered in 852
round took: 0.009629 s
|V| = 2461, |E| = 4762, |R| = 43
>> 746004 (985: 785 987 785) (0.00102 s)
>> 523922 (54: 11 52 11) (0.001142 s)
>> 0 (-1: -1 -1 -1) (0.000818 s)
Zelikovsky 0.548851 s
>> 746004 (985: 1184 987 785) (0.605672 s)
>> 523922 (54: 52 105 11) (0.538978 s)
>> 494625 (1459: 1508 1463 1109) (0.57463 s)
>> 471344 (1608: 1508 1762 1603) (0.565673 s)
>> 466024 (1370: 1373 1570 1168) (0.58349 s)
>> 417294 (988: 1184 1238 940) (0.58332 s)
>> 351612 (400: 300 749 404) (0.574963 s)
>> 267816 (1786: 1686 1981 1892) (0.598965 s)
>> 246947 (582: 580 1184 232) (0.589546 s)
>> 180947 (1765: 1865 1667 1508) (0.591839 s)
>> 121586 (2272: 2271 2457 2417) (0.57548 s)
>> 39502 (519: 669 528 460) (0.604724 s)
>> 28519 (2046: 2048 2343 1686) (0.58375 s)
>> 0 (-1: -1 -1 -1) (0.598353 s)
Zelikovsky- 8.17405 s
>>> get_solution
  refine_solution: new weight 52503974 (was 52503974) in 0.000529 s
>>> get_solution
  refine_solution: new weight 55715938 (was 55715938) in 0.000521 s
7,,2417,4762,43,,373,0,,55715938,55715938,54837768,52503974,52503974,,664395,2,@@

  handle_small_Steiner_degrees: steiner 0, suppress 0 in 4e-06 s
Starting round 8
Found 50 isolated vertices
Invalid ratios recomputed: 276
Best ratio is 665332/1 (665332.0), centered at 360
Finding the best star... Star with 2 terminals centered in 460
round took: 0.0079 s
|V| = 2461, |E| = 4757, |R| = 42
>> 746004 (985: 785 987 785) (0.000944 s)
>> 523922 (54: 11 52 11) (0.000871 s)
>> 0 (-1: -1 -1 -1) (0.000621 s)
Zelikovsky 0.576489 s
>> 746004 (985: 1184 987 785) (0.588485 s)
>> 523922 (54: 52 105 11) (0.583896 s)
>> 494625 (1459: 1508 1463 1109) (0.586599 s)
>> 471344 (1608: 1508 1762 1603) (0.604081 s)
>> 466024 (1370: 1373 1570 1168) (0.603916 s)
>> 417294 (988: 1184 1238 940) (0.572308 s)
>> 351612 (400: 300 749 404) (0.586677 s)
>> 267816 (1786: 1686 1981 1892) (0.58235 s)
>> 246947 (582: 580 1184 232) (0.581699 s)
>> 180947 (1765: 1865 1667 1508) (0.554154 s)
>> 121586 (2272: 2271 2457 2417) (0.572738 s)
>> 39502 (519: 669 528 460) (0.549913 s)
>> 28519 (2046: 2048 2343 1686) (0.544728 s)
>> 0 (-1: -1 -1 -1) (0.547489 s)
Zelikovsky- 8.06401 s
>>> get_solution
  refine_solution: new weight 52503974 (was 52565752) in 0.000529 s
  refine_solution: new weight 52503974 (was 52503974) in 0.000524 s
>>> get_solution
  refine_solution: new weight 55715938 (was 55715938) in 0.000539 s
8,,2411,4757,42,,276,0,,55715938,55715938,54837768,52565752,52503974,,665332,2,@@

  handle_small_Steiner_degrees: steiner 0, suppress 0 in 5e-06 s
Starting round 9
Found 53 isolated vertices
Invalid ratios recomputed: 369
Best ratio is 1342412/2 (671206.0), centered at 2272
Finding the best star... Star with 3 terminals centered in 2417
round took: 0.009831 s
|V| = 2461, |E| = 4745, |R| = 40
>> 746004 (985: 785 987 785) (0.000893 s)
>> 523922 (54: 11 52 11) (0.00083 s)
>> 0 (-1: -1 -1 -1) (0.000588 s)
Zelikovsky 0.518876 s
>> 746004 (985: 1184 987 785) (0.516022 s)
>> 523922 (54: 52 105 11) (0.516487 s)
>> 494625 (1459: 1508 1463 1109) (0.515927 s)
>> 471344 (1608: 1508 1762 1603) (0.527966 s)
>> 466024 (1370: 1373 1570 1168) (0.536305 s)
>> 417294 (988: 1184 1238 940) (0.539721 s)
>> 351612 (400: 300 749 404) (0.552533 s)
>> 267816 (1786: 1686 1981 1892) (0.582908 s)
>> 246947 (582: 580 1184 232) (0.607405 s)
>> 180947 (1765: 1865 1667 1508) (0.560465 s)
>> 39502 (519: 669 528 460) (0.559268 s)
>> 28519 (2046: 2048 2343 1686) (0.568222 s)
>> 0 (-1: -1 -1 -1) (0.602731 s)
Zelikovsky- 7.19074 s
>>> get_solution
  refine_solution: new weight 52503974 (was 52565752) in 0.000676 s
  refine_solution: new weight 52503974 (was 52503974) in 0.000686 s
>>> get_solution
  refine_solution: new weight 55594352 (was 55594352) in 0.000686 s
9,,2408,4745,40,,369,0,,55594352,55594352,54716182,52565752,52503974,,1342412,3,@@

  handle_small_Steiner_degrees: steiner 0, suppress 2 in 6e-06 s
Starting round 10
Found 62 isolated vertices
Invalid ratios recomputed: 200
Best ratio is 688947/1 (688947.0), centered at 694
Finding the best star... Star with 2 terminals centered in 749
round took: 0.006644 s
|V| = 2461, |E| = 4734, |R| = 39
>> 746004 (985: 785 987 785) (0.00088 s)
>> 523922 (54: 11 52 11) (0.000804 s)
>> 0 (-1: -1 -1 -1) (0.000574 s)
Zelikovsky 0.538836 s
>> 746004 (985: 1184 987 785) (0.523766 s)
>> 523922 (54: 52 105 11) (0.520708 s)
>> 494625 (1459: 1508 1463 1109) (0.520341 s)
>> 471344 (1608: 1508 1762 1603) (0.533717 s)
>> 466024 (1370: 1373 1570 1168) (0.540888 s)
>> 417294 (988: 1184 1238 940) (0.543844 s)
>> 351612 (400: 300 749 404) (0.548005 s)
>> 267816 (1786: 1686 1981 1892) (0.553098 s)
>> 246947 (582: 580 1184 232) (0.56909 s)
>> 180947 (1765: 1865 1667 1508) (0.549677 s)
>> 39502 (519: 669 528 460) (0.552199 s)
>> 28519 (2046: 2048 2343 1686) (0.550561 s)
>> 0 (-1: -1 -1 -1) (0.549276 s)
Zelikovsky- 7.05987 s
>>> get_solution
  refine_solution: new weight 52503974 (was 52565752) in 0.000531 s
  refine_solution: new weight 52503974 (was 52503974) in 0.000523 s
>>> get_solution
  refine_solution: new weight 55594352 (was 55594352) in 0.000533 s
10,,2399,4734,39,,200,0,,55594352,55594352,54716182,52565752,52503974,,688947,2,@@

  handle_small_Steiner_degrees: steiner 0, suppress 0 in 4e-06 s
Starting round 11
Found 68 isolated vertices
Invalid ratios recomputed: 281
Best ratio is 774917/1 (774917.0), centered at 404
Finding the best star... Star with 2 terminals centered in 460
round took: 0.00748 s
|V| = 2461, |E| = 4729, |R| = 38
>> 746004 (985: 785 987 785) (0.000841 s)
>> 523922 (54: 11 52 11) (0.000781 s)
>> 0 (-1: -1 -1 -1) (0.000558 s)
Zelikovsky 0.521028 s
>> 746004 (985: 1184 987 785) (0.53086 s)
>> 523922 (54: 52 105 11) (0.520164 s)
>> 494625 (1459: 1508 1463 1109) (0.519751 s)
>> 471344 (1608: 1508 1762 1603) (0.531224 s)
>> 466024 (1370: 1373 1570 1168) (0.545343 s)
>> 417294 (988: 1184 1238 940) (0.545013 s)
>> 351612 (400: 300 749 460) (0.546072 s)
>> 267816 (1786: 1686 1981 1892) (0.549644 s)
>> 246947 (582: 580 1184 232) (0.552396 s)
>> 180947 (1765: 1865 1667 1508) (0.548209 s)
>> 39502 (519: 669 528 300) (0.578056 s)
>> 28519 (2046: 2048 2343 1686) (0.571968 s)
>> 0 (-1: -1 -1 -1) (0.550087 s)
Zelikovsky- 7.09325 s
>>> get_solution
  refine_solution: new weight 52503974 (was 52565752) in 0.000528 s
  refine_solution: new weight 52503974 (was 52503974) in 0.000521 s
>>> get_solution
  refine_solution: new weight 55594352 (was 55594352) in 0.00053 s
11,,2393,4729,38,,281,0,,55594352,55594352,54716182,52565752,52503974,,774917,2,@@

  handle_small_Steiner_degrees: steiner 0, suppress 0 in 4e-06 s
Starting round 12
Found 71 isolated vertices
Invalid ratios recomputed: 424
Best ratio is 1620854/2 (810427.0), centered at 988
Finding the best star... Star with 3 terminals centered in 1238
round took: 0.012041 s
|V| = 2461, |E| = 4717, |R| = 36
>> 723853 (985: 785 1184 785) (0.000794 s)
>> 523922 (54: 11 52 11) (0.00072 s)
>> 0 (-1: -1 -1 -1) (0.000529 s)
Zelikovsky 0.5171 s
>> 723853 (985: 1184 1238 785) (0.508594 s)
>> 523922 (54: 52 105 11) (0.509587 s)
>> 494625 (1459: 1508 1463 1109) (0.510399 s)
>> 471344 (1608: 1508 1762 1603) (0.520034 s)
>> 466024 (1370: 1373 1570 1168) (0.531349 s)
>> 351612 (400: 300 749 460) (0.534636 s)
>> 267816 (1786: 1686 1981 1892) (0.536275 s)
>> 246947 (582: 580 1184 232) (0.536288 s)
>> 180947 (1765: 1865 1667 1508) (0.535756 s)
>> 39502 (519: 669 528 300) (0.53952 s)
>> 28519 (2046: 2048 2343 1686) (0.533347 s)
>> 0 (-1: -1 -1 -1) (0.536537 s)
Zelikovsky- 6.33628 s
>>> get_solution
  refine_solution: new weight 52503974 (was 52565752) in 0.000531 s
  refine_solution: new weight 52503974 (was 52503974) in 0.00052 s
>>> get_solution
  refine_solution: new weight 55403730 (was 55403730) in 0.000542 s
12,,2390,4717,36,,424,0,,55403730,55403730,54298888,52565752,52503974,,1620854,3,@@

  handle_small_Steiner_degrees: steiner 0, suppress 0 in 4e-06 s
Starting round 13
Found 80 isolated vertices
Invalid ratios recomputed: 366
Best ratio is 1630956/2 (815478.0), centered at 301
Finding the best star... Star with 3 terminals centered in 460
round took: 0.010618 s
|V| = 2461, |E| = 4704, |R| = 34
>> 723853 (985: 785 1184 785) (0.000743 s)
>> 523922 (54: 11 52 11) (0.00068 s)
>> 0 (-1: -1 -1 -1) (0.000493 s)
Zelikovsky 0.499629 s
>> 723853 (985: 1184 1238 785) (0.504842 s)
>> 523922 (54: 52 460 11) (0.505726 s)
>> 494625 (1459: 1508 1463 1109) (0.50619 s)
>> 471344 (1608: 1508 1762 1603) (0.51558 s)
>> 466024 (1370: 1373 1570 1168) (0.526581 s)
>> 267816 (1786: 1686 1981 1892) (0.530642 s)
>> 246947 (582: 580 1184 232) (0.530282 s)
>> 180947 (1765: 1865 1667 1508) (0.530411 s)
>> 39502 (519: 669 528 52) (0.535203 s)
>> 28519 (2046: 2048 2343 1686) (0.528466 s)
>> 0 (-1: -1 -1 -1) (0.531802 s)
Zelikovsky- 5.74946 s
>>> get_solution
  refine_solution: new weight 52503974 (was 52565752) in 0.000533 s
  refine_solution: new weight 52503974 (was 52503974) in 0.00052 s
>>> get_solution
  refine_solution: new weight 55403730 (was 55403730) in 0.000527 s
13,,2381,4704,34,,366,0,,55403730,55403730,54298888,52565752,52503974,,1630956,3,@@

  handle_small_Steiner_degrees: steiner 0, suppress 0 in 3e-06 s
Starting round 14
Found 90 isolated vertices
Invalid ratios recomputed: 514
Best ratio is 829579/1 (829579.0), centered at 48
Finding the best star... Star with 2 terminals centered in 140
round took: 0.0169 s
|V| = 2461, |E| = 4697, |R| = 33
>> 723853 (985: 785 1184 785) (0.00072 s)
>> 523922 (54: 11 140 11) (0.000655 s)
>> 0 (-1: -1 -1 -1) (0.000483 s)
Zelikovsky 0.495787 s
>> 723853 (985: 1184 1238 785) (0.501925 s)
>> 523922 (54: 140 460 11) (0.504937 s)
>> 494625 (1459: 1508 1463 1109) (0.51046 s)
>> 471344 (1608: 1508 1762 1603) (0.515615 s)
>> 466024 (1370: 1373 1570 1168) (0.522867 s)
>> 267816 (1786: 1686 1981 1892) (0.527559 s)
>> 246947 (582: 580 1184 232) (0.527607 s)
>> 180947 (1765: 1865 1667 1508) (0.526898 s)
>> 39502 (519: 669 528 140) (0.530569 s)
>> 28519 (2046: 2048 2343 1686) (0.531647 s)
>> 0 (-1: -1 -1 -1) (0.538233 s)
Zelikovsky- 5.74221 s
>>> get_solution
  refine_solution: new weight 52503974 (was 52565752) in 0.000537 s
  refine_solution: new weight 52503974 (was 52503974) in 0.000524 s
>>> get_solution
  refine_solution: new weight 55403730 (was 55546663) in 0.00055 s
  refine_solution: new weight 55403730 (was 55403730) in 0.00052 s
14,,2371,4697,33,,514,0,,55546663,55403730,54298888,52565752,52503974,,829579,2,@@

  handle_small_Steiner_degrees: steiner 0, suppress 0 in 4e-06 s
Starting round 15
Found 96 isolated vertices
Invalid ratios recomputed: 204
Best ratio is 894689/1 (894689.0), centered at 749
Finding the best star... Star with 2 terminals centered in 852
round took: 0.006468 s
|V| = 2461, |E| = 4691, |R| = 32
>> 723853 (985: 785 1184 785) (0.00072 s)
>> 523922 (54: 11 140 11) (0.000639 s)
>> 0 (-1: -1 -1 -1) (0.000468 s)
Zelikovsky 0.50181 s
>> 723853 (985: 1184 1238 785) (0.508009 s)
>> 523922 (54: 140 460 11) (0.506654 s)
>> 494625 (1459: 1508 1463 1109) (0.506679 s)
>> 471344 (1608: 1508 1762 1603) (0.521178 s)
>> 466024 (1370: 1373 1570 1168) (0.524249 s)
>> 267816 (1786: 1686 1981 1892) (0.529882 s)
>> 246947 (582: 580 1184 232) (0.556326 s)
>> 180947 (1765: 1865 1667 1508) (0.581343 s)
>> 39502 (519: 669 528 140) (0.530521 s)
>> 28519 (2046: 2048 2343 1686) (0.52483 s)
>> 0 (-1: -1 -1 -1) (0.528876 s)
Zelikovsky- 5.82235 s
>>> get_solution
  refine_solution: new weight 52503974 (was 52565752) in 0.000535 s
  refine_solution: new weight 52503974 (was 52503974) in 0.000524 s
>>> get_solution
  refine_solution: new weight 55403730 (was 55546663) in 0.000534 s
  refine_solution: new weight 55403730 (was 55403730) in 0.000513 s
15,,2365,4691,32,,204,0,,55546663,55403730,54298888,52565752,52503974,,894689,2,@@

  handle_small_Steiner_degrees: steiner 0, suppress 1 in 6e-06 s
Starting round 16
Found 99 isolated vertices
Invalid ratios recomputed: 517
Best ratio is 906754/1 (906754.0), centered at 1373
Finding the best star... Star with 2 terminals centered in 1427
round took: 0.019612 s
|V| = 2461, |E| = 4684, |R| = 31
>> 723853 (985: 785 1184 785) (0.000674 s)
>> 523922 (54: 11 140 11) (0.00063 s)
>> 0 (-1: -1 -1 -1) (0.000459 s)
Zelikovsky 0.494133 s
>> 723853 (985: 1184 1238 785) (0.500878 s)
>> 523922 (54: 140 460 11) (0.502083 s)
>> 494625 (1459: 1508 1463 1109) (0.512519 s)
>> 471344 (1608: 1508 1762 1603) (0.512839 s)
>> 466024 (1370: 1427 1570 1168) (0.522929 s)
>> 267816 (1786: 1686 1981 1892) (0.559056 s)
>> 246947 (582: 580 1184 232) (0.563123 s)
>> 180947 (1765: 1865 1667 1508) (0.53111 s)
>> 39502 (519: 669 528 140) (0.531653 s)
>> 28519 (2046: 2048 2343 1686) (0.524588 s)
>> 0 (-1: -1 -1 -1) (0.528982 s)
Zelikovsky- 5.79385 s
>>> get_solution
  refine_solution: new weight 52503974 (was 52565752) in 0.000548 s
  refine_solution: new weight 52503974 (was 52503974) in 0.000524 s
>>> get_solution
  refine_solution: new weight 55403730 (was 55546663) in 0.000537 s
  refine_solution: new weight 55403730 (was 55403730) in 0.000522 s
16,,2362,4684,31,,517,0,,55546663,55403730,54298888,52565752,52503974,,906754,2,@@

  delete_edges: deleted 44 edges in 0.000441 s and 3 rounds
  handle_small_Steiner_degrees: steiner 1, suppress 33 in 2e-05 s
Starting round 17
Found 136 isolated vertices
Invalid ratios recomputed: 279
Best ratio is 907741/1 (907741.0), centered at 852
Finding the best star... Star with 2 terminals centered in 852
round took: 0.007245 s
|V| = 2461, |E| = 4591, |R| = 30
>> 723853 (985: 785 852 785) (0.000651 s)
>> 523922 (54: 11 140 11) (0.000588 s)
>> 0 (-1: -1 -1 -1) (0.000447 s)
Zelikovsky 0.484791 s
>> 723853 (985: 1184 852 785) (0.492869 s)
>> 523922 (54: 140 460 11) (0.49589 s)
>> 494625 (1459: 1508 1463 1109) (0.494354 s)
>> 471344 (1608: 1508 1762 1603) (0.503436 s)
>> 466024 (1370: 1427 1570 1168) (0.511481 s)
>> 267816 (1786: 1686 1981 1892) (0.515881 s)
>> 246947 (582: 580 1184 232) (0.51565 s)
>> 180947 (1765: 1865 1667 1508) (0.515498 s)
>> 39502 (519: 669 528 140) (0.518589 s)
>> 28519 (2046: 2048 2343 1686) (0.518984 s)
>> 0 (-1: -1 -1 -1) (0.521231 s)
Zelikovsky- 5.60765 s
>>> get_solution
  refine_solution: new weight 52503974 (was 52565752) in 0.000554 s
  refine_solution: new weight 52503974 (was 52503974) in 0.000531 s
>>> get_solution
  refine_solution: new weight 55403730 (was 55546663) in 0.000535 s
  refine_solution: new weight 55403730 (was 55403730) in 0.000514 s
17,,2325,4591,30,,279,0,,55546663,55403730,54298888,52565752,52503974,,907741,2,@@

  handle_small_Steiner_degrees: steiner 0, suppress 0 in 4e-06 s
Starting round 18
Found 144 isolated vertices
Invalid ratios recomputed: 601
Best ratio is 912972/1 (912972.0), centered at 1665
Finding the best star... Star with 2 terminals centered in 1865
round took: 0.028371 s
|V| = 2461, |E| = 4584, |R| = 29
>> 723853 (985: 785 852 785) (0.000644 s)
>> 523922 (54: 11 140 11) (0.00057 s)
>> 0 (-1: -1 -1 -1) (0.000431 s)
Zelikovsky 0.493815 s
>> 723853 (985: 1184 852 785) (0.49831 s)
>> 523922 (54: 140 460 11) (0.503326 s)
>> 494625 (1459: 1508 1463 1109) (0.491622 s)
>> 471344 (1608: 1508 1762 1603) (0.500876 s)
>> 466024 (1370: 1427 1570 1168) (0.513503 s)
>> 267816 (1786: 1686 1981 1892) (0.539468 s)
>> 246947 (582: 580 1184 232) (0.533423 s)
>> 39502 (519: 669 528 140) (0.511849 s)
>> 28519 (2046: 2048 2343 1686) (0.504554 s)
>> 0 (-1: -1 -1 -1) (0.508758 s)
Zelikovsky- 5.10928 s
>>> get_solution
  refine_solution: new weight 52503974 (was 52565752) in 0.000533 s
  refine_solution: new weight 52503974 (was 52503974) in 0.000521 s
>>> get_solution
  refine_solution: new weight 55405952 (was 55548885) in 0.000537 s
  refine_solution: new weight 55405952 (was 55405952) in 0.000518 s
18,,2317,4584,29,,601,0,,55548885,55405952,54301110,52565752,52503974,,912972,2,@@

  handle_small_Steiner_degrees: steiner 0, suppress 0 in 4e-06 s
Starting round 19
Found 150 isolated vertices
Invalid ratios recomputed: 222
Best ratio is 924217/1 (924217.0), centered at 1892
Finding the best star... Star with 2 terminals centered in 2048
round took: 0.005051 s
|V| = 2461, |E| = 4573, |R| = 28
>> 723853 (985: 785 852 785) (0.000604 s)
>> 523922 (54: 11 140 11) (0.000548 s)
>> 0 (-1: -1 -1 -1) (0.000423 s)
Zelikovsky 0.477573 s
>> 723853 (985: 1184 852 785) (0.489375 s)
>> 523922 (54: 140 460 11) (0.48964 s)
>> 494625 (1459: 1508 1463 1109) (0.489498 s)
>> 471344 (1608: 1508 1762 1603) (0.496911 s)
>> 466024 (1370: 1427 1570 1168) (0.504886 s)
>> 246947 (582: 580 1184 232) (0.509284 s)
>> 234715 (1786: 1686 2048 1981) (0.508617 s)
>> 39502 (519: 669 528 140) (0.509869 s)
>> 0 (-1: -1 -1 -1) (0.504181 s)
Zelikovsky- 4.50545 s
>>> get_solution
  refine_solution: new weight 52503974 (was 52565752) in 0.000531 s
  refine_solution: new weight 52503974 (was 52503974) in 0.000522 s
>>> get_solution
  refine_solution: new weight 55344332 (was 55487265) in 0.000548 s
  refine_solution: new weight 55344332 (was 55344332) in 0.000514 s
19,,2311,4573,28,,222,0,,55487265,55344332,54239490,52565752,52503974,,924217,2,@@

  handle_small_Steiner_degrees: steiner 0, suppress 0 in 4e-06 s
Starting round 20
Found 159 isolated vertices
Invalid ratios recomputed: 504
Best ratio is 1862262/2 (931131.0), centered at 54
Finding the best star... Star with 3 terminals centered in 460
round took: 0.016155 s
|V| = 2461, |E| = 4558, |R| = 26
>> 723853 (985: 785 852 785) (0.000567 s)
>> 494625 (1459: 1109 1463 1109) (0.000518 s)
>> 471344 (1608: 1508 1603 1508) (0.000499 s)
>> 466024 (1370: 1168 1427 1168) (0.00048 s)
>> 361837 (1683: 1184 1686 1184) (0.000448 s)
>> 310068 (519: 460 528 460) (0.000436 s)
>> 0 (-1: -1 -1 -1) (0.000412 s)
Zelikovsky 0.474912 s
>> 723853 (985: 1184 852 785) (0.484431 s)
>> 494625 (1459: 1508 1463 1109) (0.485183 s)
>> 471344 (1608: 1508 1762 1603) (0.493089 s)
>> 466024 (1370: 1427 1570 1168) (0.500834 s)
>> 246947 (582: 580 1184 232) (0.505337 s)
>> 234715 (1786: 1686 2048 1981) (0.507335 s)
>> 39502 (519: 669 528 460) (0.505254 s)
>> 0 (-1: -1 -1 -1) (0.498724 s)
Zelikovsky- 3.98315 s
>>> get_solution
  refine_solution: new weight 52503974 (was 52565752) in 0.000531 s
  refine_solution: new weight 52503974 (was 52503974) in 0.00056 s
>>> get_solution
  refine_solution: new weight 54963343 (was 54963343) in 0.00053 s
20,,2302,4558,26,,504,0,,54963343,54963343,52833568,52565752,52503974,,1862262,3,@@

  handle_small_Steiner_degrees: steiner 0, suppress 4 in 8e-06 s
Starting round 21
Found 173 isolated vertices
Invalid ratios recomputed: 746
Best ratio is 955827/1 (955827.0), centered at 211
Finding the best star... Star with 2 terminals centered in 214
round took: 0.035118 s
|V| = 2461, |E| = 4543, |R| = 25
>> 723853 (985: 785 852 785) (0.000576 s)
>> 494625 (1459: 1109 1463 1109) (0.000506 s)
>> 471344 (1608: 1508 1603 1508) (0.000485 s)
>> 466024 (1370: 1168 1427 1168) (0.000465 s)
>> 361837 (1683: 1184 1686 1184) (0.000445 s)
>> 310068 (519: 214 528 214) (0.000418 s)
>> 0 (-1: -1 -1 -1) (0.000355 s)
Zelikovsky 0.472935 s
>> 723853 (985: 1184 852 785) (0.490799 s)
>> 494625 (1459: 1508 1463 1109) (0.481109 s)
>> 471344 (1608: 1508 1762 1603) (0.484012 s)
>> 466024 (1370: 1427 1570 1168) (0.496562 s)
>> 246947 (582: 580 1184 232) (0.503681 s)
>> 234715 (1786: 1686 2048 1981) (0.539065 s)
>> 39502 (519: 669 528 214) (0.534402 s)
>> 0 (-1: -1 -1 -1) (0.511884 s)
Zelikovsky- 4.04487 s
>>> get_solution
  refine_solution: new weight 52503974 (was 52565752) in 0.00055 s
  refine_solution: new weight 52503974 (was 52503974) in 0.000527 s
>>> get_solution
  refine_solution: new weight 54963343 (was 54963343) in 0.000534 s
21,,2288,4543,25,,746,0,,54963343,54963343,52833568,52565752,52503974,,955827,2,@@

  handle_small_Steiner_degrees: steiner 0, suppress 1 in 6e-06 s
Starting round 22
Found 180 isolated vertices
Invalid ratios recomputed: 747
Best ratio is 974395/1 (974395.0), centered at 1762
Finding the best star... Star with 2 terminals centered in 1865
round took: 0.045211 s
|V| = 2461, |E| = 4536, |R| = 24
>> 723853 (985: 785 852 785) (0.000555 s)
>> 494625 (1459: 1109 1463 1109) (0.000499 s)
>> 471344 (1608: 1508 1603 1508) (0.000471 s)
>> 466024 (1370: 1168 1427 1168) (0.000448 s)
>> 361837 (1683: 1184 1686 1184) (0.00042 s)
>> 310068 (519: 214 528 214) (0.000403 s)
>> 0 (-1: -1 -1 -1) (0.000347 s)
Zelikovsky 0.489795 s
>> 723853 (985: 1184 852 785) (0.493088 s)
>> 494625 (1459: 1508 1463 1109) (0.496652 s)
>> 471344 (1608: 1508 1865 1603) (0.495767 s)
>> 466024 (1370: 1427 1570 1168) (0.495473 s)
>> 246947 (582: 580 1184 232) (0.502271 s)
>> 234715 (1786: 1686 2048 1981) (0.504198 s)
>> 39502 (519: 669 528 214) (0.496797 s)
>> 0 (-1: -1 -1 -1) (0.494465 s)
Zelikovsky- 3.98169 s
>>> get_solution
  refine_solution: new weight 52503974 (was 52565752) in 0.000535 s
  refine_solution: new weight 52503974 (was 52503974) in 0.000541 s
>>> get_solution
  refine_solution: new weight 54963343 (was 54963343) in 0.000551 s
22,,2281,4536,24,,747,0,,54963343,54963343,52833568,52565752,52503974,,974395,2,@@

  handle_small_Steiner_degrees: steiner 0, suppress 1 in 6e-06 s
Starting round 23
Found 184 isolated vertices
Invalid ratios recomputed: 351
Best ratio is 1951383/2 (975691.5), centered at 1512
Finding the best star... Star with 3 terminals centered in 1865
round took: 0.009098 s
|V| = 2461, |E| = 4519, |R| = 22
>> 723853 (985: 785 852 785) (0.000507 s)
>> 466024 (1370: 1168 1427 1168) (0.000463 s)
>> 328593 (659: 214 669 214) (0.00046 s)
>> 0 (-1: -1 -1 -1) (0.000353 s)
Zelikovsky 0.469332 s
>> 723853 (985: 1184 852 785) (0.481368 s)
>> 466024 (1370: 1427 1570 1168) (0.480058 s)
>> 246947 (582: 580 1184 232) (0.485373 s)
>> 234715 (1786: 1686 2048 1981) (0.488745 s)
>> 58557 (1605: 1603 2105 1865) (0.489402 s)
>> 39502 (519: 669 528 214) (0.492133 s)
>> 0 (-1: -1 -1 -1) (0.49037 s)
Zelikovsky- 3.40994 s
>>> get_solution
  refine_solution: new weight 52923806 (was 52985584) in 0.000555 s
  refine_solution: new weight 52923806 (was 52923806) in 0.000526 s
>>> get_solution
  refine_solution: new weight 54508235 (was 54508235) in 0.000537 s
23,,2277,4519,22,,351,0,,54508235,54508235,53685646,52985584,52923806,,1951383,3,@@

  handle_small_Steiner_degrees: steiner 0, suppress 1 in 6e-06 s
Starting round 24
Found 196 isolated vertices
Invalid ratios recomputed: 538
Best ratio is 980882/1 (980882.0), centered at 1567
Finding the best star... Star with 2 terminals centered in 1865
round took: 0.018397 s
|V| = 2461, |E| = 4510, |R| = 21
>> 723853 (985: 785 852 785) (0.000488 s)
>> 310068 (519: 214 528 214) (0.000453 s)
>> 0 (-1: -1 -1 -1) (0.000355 s)
Zelikovsky 0.465518 s
>> 723853 (985: 1184 852 785) (0.479808 s)
>> 275572 (1368: 1865 1427 1168) (0.482218 s)
>> 246947 (582: 580 1184 232) (0.487041 s)
>> 234715 (1786: 1686 2048 1981) (0.488664 s)
>> 58557 (1605: 1603 2105 1865) (0.492677 s)
>> 39502 (519: 669 528 214) (0.492945 s)
>> 0 (-1: -1 -1 -1) (0.494116 s)
Zelikovsky- 3.42003 s
>>> get_solution
  refine_solution: new weight 52923806 (was 52985584) in 0.000537 s
  refine_solution: new weight 52923806 (was 52923806) in 0.00053 s
>>> get_solution
  refine_solution: new weight 54317783 (was 54317783) in 0.000529 s
24,,2265,4510,21,,538,0,,54317783,54317783,53554428,52985584,52923806,,980882,2,@@

  handle_small_Steiner_degrees: steiner 0, suppress 1 in 5e-06 s
Starting round 25
Found 202 isolated vertices
Invalid ratios recomputed: 681
Best ratio is 1104799/1 (1104799.0), centered at 1865
Finding the best star... Star with 2 terminals centered in 2166
round took: 0.02393 s
|V| = 2461, |E| = 4499, |R| = 20
>> 723853 (985: 785 852 785) (0.000477 s)
>> 310068 (519: 214 528 214) (0.000444 s)
>> 0 (-1: -1 -1 -1) (0.000344 s)
Zelikovsky 0.46551 s
>> 723853 (985: 1184 852 785) (0.476024 s)
>> 275572 (1368: 2166 1427 1168) (0.475493 s)
>> 246947 (582: 580 1184 232) (0.479284 s)
>> 234715 (1786: 1686 2048 1981) (0.503531 s)
>> 58557 (1605: 1603 2166 2105) (0.536795 s)
>> 39502 (519: 669 528 214) (0.491065 s)
>> 0 (-1: -1 -1 -1) (0.505716 s)
Zelikovsky- 3.47145 s
>>> get_solution
  refine_solution: new weight 52923806 (was 52985584) in 0.000566 s
  refine_solution: new weight 52923806 (was 52923806) in 0.00054 s
>>> get_solution
  refine_solution: new weight 54317783 (was 54317783) in 0.000594 s
25,,2259,4499,20,,681,0,,54317783,54317783,53554428,52985584,52923806,,1104799,2,@@

  handle_small_Steiner_degrees: steiner 0, suppress 1 in 7e-06 s
Starting round 26
Found 210 isolated vertices
Invalid ratios recomputed: 744
Best ratio is 1121636/1 (1121636.0), centered at 1370
Finding the best star... Star with 2 terminals centered in 2166
round took: 0.029971 s
|V| = 2461, |E| = 4489, |R| = 19
>> 723853 (985: 785 852 785) (0.000482 s)
>> 310068 (519: 214 528 214) (0.000424 s)
>> 0 (-1: -1 -1 -1) (0.000341 s)
Zelikovsky 0.468267 s
>> 723853 (985: 1184 852 785) (0.536478 s)
>> 246947 (582: 580 1184 232) (0.478598 s)
>> 234715 (1786: 1686 2048 1981) (0.478221 s)
>> 58557 (1605: 1603 2166 2105) (0.482398 s)
>> 44341 (1169: 1168 1603 669) (0.490676 s)
>> 0 (-1: -1 -1 -1) (0.49958 s)
Zelikovsky- 2.96859 s
>>> get_solution
  refine_solution: new weight 52980745 (was 52980745) in 0.000555 s
>>> get_solution
  refine_solution: new weight 54042211 (was 54042211) in 0.00053 s
26,,2251,4489,19,,744,0,,54042211,54042211,53278856,52980745,52980745,,1121636,2,@@

  handle_small_Steiner_degrees: steiner 0, suppress 0 in 5e-06 s
Starting round 27
Found 217 isolated vertices
Invalid ratios recomputed: 785
Best ratio is 1121899/1 (1121899.0), centered at 2048
Finding the best star... Star with 2 terminals centered in 2105
round took: 0.03764 s
|V| = 2461, |E| = 4480, |R| = 18
>> 723853 (985: 785 852 785) (0.000442 s)
>> 310068 (519: 214 528 214) (0.0004 s)
>> 0 (-1: -1 -1 -1) (0.000329 s)
Zelikovsky 0.455014 s
>> 723853 (985: 1184 852 785) (0.469561 s)
>> 246947 (582: 580 1184 232) (0.51449 s)
>> 234715 (1786: 1686 2105 1981) (0.473229 s)
>> 58557 (1605: 1603 2166 1686) (0.473118 s)
>> 44341 (1169: 1168 1603 669) (0.473574 s)
>> 0 (-1: -1 -1 -1) (0.488078 s)
Zelikovsky- 2.89451 s
>>> get_solution
  refine_solution: new weight 52980745 (was 52980745) in 0.00054 s
>>> get_solution
  refine_solution: new weight 54042211 (was 54042211) in 0.000532 s
27,,2244,4480,18,,785,0,,54042211,54042211,53278856,52980745,52980745,,1121899,2,@@

  handle_small_Steiner_degrees: steiner 0, suppress 0 in 4e-06 s
Starting round 28
Found 224 isolated vertices
Invalid ratios recomputed: 721
Best ratio is 1184190/1 (1184190.0), centered at 1168
Finding the best star... Star with 2 terminals centered in 2166
round took: 0.034335 s
|V| = 2461, |E| = 4471, |R| = 17
>> 723853 (985: 785 852 785) (0.000434 s)
>> 310068 (519: 214 528 214) (0.000388 s)
>> 0 (-1: -1 -1 -1) (0.00032 s)
Zelikovsky 0.452166 s
>> 723853 (985: 1184 852 785) (0.465282 s)
>> 246947 (582: 580 1184 232) (0.468044 s)
>> 234715 (1786: 1686 2105 1981) (0.469579 s)
>> 58557 (1605: 1603 2166 1686) (0.469783 s)
>> 0 (-1: -1 -1 -1) (0.4726 s)
Zelikovsky- 2.34744 s
>>> get_solution
  refine_solution: new weight 52980745 (was 52980745) in 0.000535 s
>>> get_solution
  refine_solution: new weight 53997870 (was 53997870) in 0.000528 s
28,,2237,4471,17,,721,0,,53997870,53997870,53274017,52980745,52980745,,1184190,2,@@

  handle_small_Steiner_degrees: steiner 0, suppress 0 in 5e-06 s
Starting round 29
Found 230 isolated vertices
Invalid ratios recomputed: 872
Best ratio is 1246039/1 (1246039.0), centered at 1603
Finding the best star... Star with 2 terminals centered in 2166
round took: 0.050485 s
|V| = 2461, |E| = 4457, |R| = 16
>> 723853 (985: 785 852 785) (0.000406 s)
>> 310068 (519: 214 528 214) (0.000369 s)
>> 0 (-1: -1 -1 -1) (0.000318 s)
Zelikovsky 0.450368 s
>> 723853 (985: 1184 852 785) (0.462765 s)
>> 246947 (582: 580 1184 232) (0.465921 s)
>> 234715 (1786: 1686 2105 1981) (0.467008 s)
>> 0 (-1: -1 -1 -1) (0.467361 s)
Zelikovsky- 1.86474 s
>>> get_solution
  refine_solution: new weight 52980745 (was 52980745) in 0.000532 s
>>> get_solution
  refine_solution: new weight 53939313 (was 53939313) in 0.000535 s
29,,2231,4457,16,,872,0,,53939313,53939313,53215460,52980745,52980745,,1246039,2,@@

  handle_small_Steiner_degrees: steiner 0, suppress 1 in 5e-06 s
Starting round 30
Found 240 isolated vertices
Invalid ratios recomputed: 963
Best ratio is 1247826/1 (1247826.0), centered at 2324
Finding the best star... Star with 2 terminals centered in 2328
round took: 0.06627 s
|V| = 2461, |E| = 4448, |R| = 15
>> 723853 (985: 785 852 785) (0.000389 s)
>> 310068 (519: 214 528 214) (0.000362 s)
>> 0 (-1: -1 -1 -1) (0.000305 s)
Zelikovsky 0.446942 s
>> 723853 (985: 1184 852 785) (0.463978 s)
>> 246947 (582: 580 1184 232) (0.465638 s)
>> 234715 (1786: 1686 2105 1981) (0.467308 s)
>> 0 (-1: -1 -1 -1) (0.477104 s)
Zelikovsky- 1.87595 s
>>> get_solution
  refine_solution: new weight 52980745 (was 52980745) in 0.000537 s
>>> get_solution
  refine_solution: new weight 53939313 (was 53939313) in 0.000536 s
30,,2221,4448,15,,963,0,,53939313,53939313,53215460,52980745,52980745,,1247826,2,@@

  handle_small_Steiner_degrees: steiner 0, suppress 1 in 5e-06 s
Starting round 31
Found 246 isolated vertices
Invalid ratios recomputed: 236
Best ratio is 2497246/2 (1248623.0), centered at 985
Finding the best star... Star with 3 terminals centered in 852
round took: 0.018303 s
|V| = 2461, |E| = 4431, |R| = 13
>> 246947 (582: 232 580 232) (0.00039 s)
>> 234715 (1786: 1686 1981 1686) (0.000338 s)
>> 0 (-1: -1 -1 -1) (0.000314 s)
Zelikovsky 0.456349 s
>> 246947 (582: 580 852 232) (0.459263 s)
>> 234715 (1786: 1686 2105 1981) (0.459522 s)
>> 0 (-1: -1 -1 -1) (0.458502 s)
Zelikovsky- 1.379 s
>>> get_solution
  refine_solution: new weight 52980745 (was 52980745) in 0.000538 s
>>> get_solution
  refine_solution: new weight 53215460 (was 53215460) in 0.000532 s
31,,2215,4431,13,,236,0,,53215460,53215460,52980745,52980745,52980745,,2497246,3,@@

  handle_small_Steiner_degrees: steiner 0, suppress 2 in 8e-06 s
Starting round 32
Found 259 isolated vertices
Invalid ratios recomputed: 962
Best ratio is 1284662/1 (1284662.0), centered at 214
Finding the best star... Star with 2 terminals centered in 852
round took: 0.063653 s
|V| = 2461, |E| = 4414, |R| = 12
>> 246947 (582: 232 580 232) (0.000381 s)
>> 0 (-1: -1 -1 -1) (0.000299 s)
Zelikovsky 0.447745 s
>> 246947 (582: 580 852 232) (0.460503 s)
>> 234715 (1786: 1686 2105 1981) (0.46077 s)
>> 0 (-1: -1 -1 -1) (0.46536 s)
Zelikovsky- 1.38839 s
>>> get_solution
  refine_solution: new weight 52980745 (was 52980745) in 0.000548 s
>>> get_solution
  refine_solution: new weight 53215460 (was 53215460) in 0.000528 s
32,,2202,4414,12,,962,0,,53215460,53215460,53215460,52980745,52980745,,1284662,2,@@

  handle_small_Steiner_degrees: steiner 0, suppress 2 in 1.1e-05 s
Starting round 33
Found 270 isolated vertices
Invalid ratios recomputed: 1041
Best ratio is 1295972/1 (1295972.0), centered at 1686
Finding the best star... Star with 2 terminals centered in 2105
round took: 0.097965 s
|V| = 2461, |E| = 4400, |R| = 11
>> 246947 (582: 232 580 232) (0.000359 s)
>> 0 (-1: -1 -1 -1) (0.00029 s)
Zelikovsky 0.448895 s
>> 246947 (582: 580 852 232) (0.462516 s)
>> 0 (-1: -1 -1 -1) (0.462024 s)
Zelikovsky- 0.925992 s
>>> get_solution
  refine_solution: new weight 53005852 (was 53005852) in 0.00054 s
>>> get_solution
  refine_solution: new weight 53005852 (was 53005852) in 0.000526 s
33,,2191,4400,11,,1041,0,,53005852,53005852,53005852,53005852,53005852,,1295972,2,@@

  handle_small_Steiner_degrees: steiner 0, suppress 1 in 7e-06 s
Starting round 34
Found 278 isolated vertices
Invalid ratios recomputed: 1031
Best ratio is 1351273/1 (1351273.0), centered at 1655
Finding the best star... Star with 2 terminals centered in 2105
round took: 0.076228 s
|V| = 2461, |E| = 4388, |R| = 10
>> 246947 (582: 232 580 232) (0.000337 s)
>> 0 (-1: -1 -1 -1) (0.000285 s)
Zelikovsky 0.442993 s
>> 246947 (582: 580 852 232) (0.463795 s)
>> 0 (-1: -1 -1 -1) (0.471888 s)
Zelikovsky- 0.937311 s
>>> get_solution
  refine_solution: new weight 53005852 (was 53005852) in 0.000546 s
>>> get_solution
  refine_solution: new weight 53005852 (was 53005852) in 0.000541 s
34,,2183,4388,10,,1031,0,,53005852,53005852,53005852,53005852,53005852,,1351273,2,@@

  handle_small_Steiner_degrees: steiner 0, suppress 0 in 4e-06 s
Starting round 35
Found 285 isolated vertices
Invalid ratios recomputed: 1331
Best ratio is 1380882/1 (1380882.0), centered at 2096
Finding the best star... Star with 2 terminals centered in 2343
round took: 0.138194 s
|V| = 2461, |E| = 4380, |R| = 9
>> 246947 (582: 232 580 232) (0.000355 s)
>> 0 (-1: -1 -1 -1) (0.000279 s)
Zelikovsky 0.452749 s
>> 246947 (582: 580 852 232) (0.458417 s)
>> 0 (-1: -1 -1 -1) (0.491374 s)
Zelikovsky- 0.951254 s
>>> get_solution
  refine_solution: new weight 53005852 (was 53005852) in 0.000546 s
>>> get_solution
  refine_solution: new weight 53005852 (was 53005852) in 0.000533 s
35,,2176,4380,9,,1331,0,,53005852,53005852,53005852,53005852,53005852,,1380882,2,@@

  handle_small_Steiner_degrees: steiner 0, suppress 0 in 3e-06 s
Starting round 36
Found 291 isolated vertices
Invalid ratios recomputed: 1325
Best ratio is 1460030/1 (1460030.0), centered at 1109
Finding the best star... Star with 2 terminals centered in 2343
round took: 0.149182 s
|V| = 2461, |E| = 4370, |R| = 8
>> 246947 (582: 232 580 232) (0.000321 s)
>> 0 (-1: -1 -1 -1) (0.000273 s)
Zelikovsky 0.446352 s
>> 246947 (582: 580 852 232) (0.457122 s)
>> 0 (-1: -1 -1 -1) (0.458252 s)
Zelikovsky- 0.916453 s
>>> get_solution
  refine_solution: new weight 53005852 (was 53005852) in 0.00054 s
>>> get_solution
  refine_solution: new weight 53005852 (was 53005852) in 0.000524 s
36,,2170,4370,8,,1325,0,,53005852,53005852,53005852,53005852,53005852,,1460030,2,@@

  handle_small_Steiner_degrees: steiner 0, suppress 0 in 3e-06 s
Starting round 37
Found 299 isolated vertices
Invalid ratios recomputed: 1922
Best ratio is 1592778/1 (1592778.0), centered at 231
Finding the best star... Star with 2 terminals centered in 580
round took: 0.26729 s
|V| = 2461, |E| = 4356, |R| = 7
>> 0 (-1: -1 -1 -1) (0.000332 s)
Zelikovsky 0.442663 s
>> 0 (-1: -1 -1 -1) (0.481002 s)
Zelikovsky- 0.482281 s
>>> get_solution
  refine_solution: new weight 53005852 (was 53252799) in 0.000571 s
  refine_solution: new weight 53005852 (was 53005852) in 0.00058 s
>>> get_solution
  refine_solution: new weight 53005852 (was 53252799) in 0.000531 s
  refine_solution: new weight 53005852 (was 53005852) in 0.000515 s
37,,2162,4356,7,,1922,0,,53252799,53005852,53252799,53252799,53005852,,1592778,2,@@

  handle_small_Steiner_degrees: steiner 1, suppress 2 in 1e-05 s
Starting round 38
Found 311 isolated vertices
Invalid ratios recomputed: 430
Best ratio is 1644294/1 (1644294.0), centered at 852
Finding the best star... Star with 2 terminals centered in 2343
round took: 0.058543 s
|V| = 2461, |E| = 4336, |R| = 6
>> 0 (-1: -1 -1 -1) (0.000328 s)
Zelikovsky 0.451423 s
>> 0 (-1: -1 -1 -1) (0.459502 s)
Zelikovsky- 0.46036 s
>>> get_solution
  refine_solution: new weight 53005852 (was 53252799) in 0.000541 s
  refine_solution: new weight 53005852 (was 53005852) in 0.000523 s
>>> get_solution
  refine_solution: new weight 53005852 (was 53252799) in 0.000528 s
  refine_solution: new weight 53005852 (was 53005852) in 0.000514 s
38,,2150,4336,6,,430,0,,53252799,53005852,53252799,53252799,53005852,,1644294,2,@@

  handle_small_Steiner_degrees: steiner 0, suppress 1 in 6e-06 s
Starting round 39
Found 324 isolated vertices
Invalid ratios recomputed: 2094
Best ratio is 1788260/1 (1788260.0), centered at 669
Finding the best star... Star with 2 terminals centered in 2343
round took: 0.401951 s
|V| = 2461, |E| = 4323, |R| = 5
>> 0 (-1: -1 -1 -1) (0.000291 s)
Zelikovsky 0.43973 s
>> 0 (-1: -1 -1 -1) (0.456453 s)
Zelikovsky- 0.457303 s
>>> get_solution
  refine_solution: new weight 53005852 (was 53252799) in 0.000546 s
  refine_solution: new weight 53005852 (was 53005852) in 0.000523 s
>>> get_solution
  refine_solution: new weight 53005852 (was 53252799) in 0.000519 s
  refine_solution: new weight 53005852 (was 53005852) in 0.000507 s
39,,2137,4323,5,,2094,0,,53252799,53005852,53252799,53252799,53005852,,1788260,2,@@

  handle_small_Steiner_degrees: steiner 0, suppress 0 in 4e-06 s
Starting round 40
Found 334 isolated vertices
Invalid ratios recomputed: 2127
Best ratio is 1876375/1 (1876375.0), centered at 2167
Finding the best star... Star with 2 terminals centered in 2328
round took: 0.424926 s
|V| = 2461, |E| = 4312, |R| = 4
>> 0 (-1: -1 -1 -1) (0.000282 s)
Zelikovsky 0.441835 s
>> 0 (-1: -1 -1 -1) (0.458067 s)
Zelikovsky- 0.458952 s
>>> get_solution
  refine_solution: new weight 53005852 (was 53252799) in 0.000541 s
  refine_solution: new weight 53005852 (was 53005852) in 0.000522 s
>>> get_solution
  refine_solution: new weight 53005852 (was 53252799) in 0.000531 s
  refine_solution: new weight 53005852 (was 53005852) in 0.000509 s
40,,2127,4312,4,,2127,0,,53252799,53005852,53252799,53252799,53005852,,1876375,2,@@

  handle_small_Steiner_degrees: steiner 0, suppress 0 in 3e-06 s
Starting round 41
Found 341 isolated vertices
Invalid ratios recomputed: 2120
Best ratio is 1897875/1 (1897875.0), centered at 580
Finding the best star... Star with 2 terminals centered in 2328
round took: 0.439179 s
|V| = 2461, |E| = 4299, |R| = 3
>> 0 (-1: -1 -1 -1) (0.000272 s)
Zelikovsky 0.440333 s
>> 0 (-1: -1 -1 -1) (0.457085 s)
Zelikovsky- 0.457982 s
>>> get_solution
  refine_solution: new weight 53005852 (was 53252799) in 0.00054 s
  refine_solution: new weight 53005852 (was 53005852) in 0.000523 s
>>> get_solution
  refine_solution: new weight 53005852 (was 53252799) in 0.000528 s
  refine_solution: new weight 53005852 (was 53005852) in 0.000507 s
41,,2120,4299,3,,2120,0,,53252799,53005852,53252799,53252799,53005852,,1897875,2,@@

  handle_small_Steiner_degrees: steiner 0, suppress 0 in 3e-06 s
Starting round 42
Found 350 isolated vertices
Invalid ratios recomputed: 2111
Best ratio is 2296936/1 (2296936.0), centered at 519
Finding the best star... Star with 2 terminals centered in 528
round took: 0.448485 s
|V| = 2461, |E| = 4286, |R| = 2
Zelikovsky 0.436156 s
Zelikovsky- 0.000821 s
>>> get_solution
  refine_solution: new weight 53005852 (was 53252799) in 0.000533 s
  refine_solution: new weight 53005852 (was 53005852) in 0.00052 s
>>> get_solution
  refine_solution: new weight 53005852 (was 53252799) in 0.000511 s
  refine_solution: new weight 53005852 (was 53005852) in 0.000507 s
42,,2111,4286,2,,2111,0,,53252799,53005852,53252799,53252799,53005852,,2296936,2,@@

  handle_small_Steiner_degrees: steiner 0, suppress 0 in 3e-06 s
Starting round 43
Found 362 isolated vertices
Invalid ratios recomputed: 2099
Best ratio is 2758296/1 (2758296.0), centered at 528
Finding the best star... Star with 2 terminals centered in 1981
round took: 0.449624 s
|V| = 2461, |E| = 4272, |R| = 1
Zelikovsky 0.435387 s
Zelikovsky- 0.000829 s
>>> get_solution
  refine_solution: new weight 53005852 (was 53252799) in 0.000535 s
  refine_solution: new weight 53005852 (was 53005852) in 0.00052 s
>>> get_solution
  refine_solution: new weight 53005852 (was 53252799) in 0.00055 s
  refine_solution: new weight 53005852 (was 53005852) in 0.000507 s
43,,2099,4272,1,,2099,0,,53252799,53005852,53252799,53252799,53005852,,2758296,2,@@

  handle_small_Steiner_degrees: steiner 0, suppress 0 in 3e-06 s
contract_till_the_bitter_end: 214.23 s

Calling end_heu
>>> get_solution
Saved weight 0
end_heu: 0 loops with 0 unique solutions in 8e-05 s

Calling print_solution
>>> get_solution
  refine_solution: new weight 53005852 (was 53252799) in 0.000526 s
Oops orig weight was 53252799 but we got 53005852
## FINAL WEIGHT 53005852
print_solution: 0.001149 s
