Version: final-94-gfffc3aa rub_all.sh: remove longest prefix
Random seed: 1549754128
Start
>>> save_orig_graph
>> Saved weight 0
Graph loaded
|V| = 2501, |E| = 4900, |R| = 50
First clearance of the input. Calling buy_zero and run_all_heuristics.
  buy_zero: 0 zero edges in 1.3e-05 s
  handle_small_terminal_degrees: terms 0 in 5e-06 s
  handle_small_Steiner_degrees: steiner 0, suppress 4 in 1.3e-05 s
  shortest_edge_between_terminals: 0 edges in 3e-06 s
  handle_small_terminal_degrees: terms 0 in 4e-06 s
  handle_small_Steiner_degrees: steiner 0, suppress 0 in 8e-06 s
  shortest_edge_between_terminals: 0 edges in 2e-06 s
Compressed graph 2501 -> 2496
  delete_edges: deleted 4 edges in 0.000261 s and 1 rounds
  handle_small_terminal_degrees: terms 0 in 4e-06 s
  handle_small_Steiner_degrees: steiner 0, suppress 8 in 1.4e-05 s
  shortest_edge_between_terminals: 0 edges in 2e-06 s
  handle_small_terminal_degrees: terms 0 in 4e-06 s
  handle_small_Steiner_degrees: steiner 0, suppress 0 in 7e-06 s
  shortest_edge_between_terminals: 0 edges in 3e-06 s
Compressed graph 2496 -> 2488
  delete_edges_shortest_path: deleted 8 edges in 0.013739 s
  handle_small_terminal_degrees: terms 0 in 2e-06 s
  handle_small_Steiner_degrees: steiner 0, suppress 12 in 8e-06 s
  shortest_edge_between_terminals: 0 edges in 1e-06 s
  handle_small_terminal_degrees: terms 0 in 2e-06 s
  handle_small_Steiner_degrees: steiner 0, suppress 0 in 4e-06 s
  shortest_edge_between_terminals: 0 edges in 1e-06 s
Compressed graph 2488 -> 2476
  handle_small_terminal_degrees: terms 0 in 1e-06 s
  handle_small_Steiner_degrees: steiner 0, suppress 0 in 3e-06 s
  shortest_edge_between_terminals: 0 edges in 2e-06 s
Compressed graph 2476 -> 2476
  delete_edges_shortest_path: deleted 12 edges in 0.010318 s
  handle_small_terminal_degrees: terms 0 in 2e-06 s
  handle_small_Steiner_degrees: steiner 0, suppress 15 in 9e-06 s
  shortest_edge_between_terminals: 0 edges in 1e-06 s
  handle_small_terminal_degrees: terms 0 in 1e-06 s
  handle_small_Steiner_degrees: steiner 0, suppress 0 in 3e-06 s
  shortest_edge_between_terminals: 0 edges in 1e-06 s
Compressed graph 2476 -> 2461
Compressed graph 2461 -> 2461
>>> save_orig_graph
>> Saved weight 0
### ZEL_LVL=0 PRECISE_STARS=0

Calling `contract_till_the_bitter_end`
|V| = 2461, |E| = 4837, |R| = 50
>>> get_solution
>>> get_solution
  refine_solution: new weight 56365073 (was 56365073) in 0.000587 s
0,,2461,4837,50,,0,0,,56365073,56365073,0,0,0,,0,0,@@

  delete_edges: deleted 15 edges in 0.00023 s and 2 rounds
  handle_small_Steiner_degrees: steiner 0, suppress 18 in 9e-06 s
Starting round 1
Found 18 isolated vertices
Invalid ratios recomputed: 2443
Best ratio is 557467/1 (557467.0), centered at 1955
Finding the best star... Star with 2 terminals centered in 2105
round took: 0.044504 s
|V| = 2461, |E| = 4798, |R| = 49
>>> get_solution
>>> get_solution
  refine_solution: new weight 56198848 (was 56198848) in 0.000518 s
1,,2443,4798,49,,2443,0,,56198848,56198848,557467,557467,557467,,557467,2,@@

  handle_small_Steiner_degrees: steiner 0, suppress 0 in 4e-06 s
Starting round 2
Found 23 isolated vertices
Invalid ratios recomputed: 227
Best ratio is 586060/1 (586060.0), centered at 1033
Finding the best star... Star with 2 terminals centered in 1184
round took: 0.005729 s
|V| = 2461, |E| = 4793, |R| = 48
>>> get_solution
>>> get_solution
  refine_solution: new weight 56198848 (was 56198848) in 0.000509 s
2,,2438,4793,48,,227,0,,56198848,56198848,1143527,1143527,1143527,,586060,2,@@

  handle_small_Steiner_degrees: steiner 0, suppress 0 in 3e-06 s
Starting round 3
Found 27 isolated vertices
Invalid ratios recomputed: 138
Best ratio is 586589/1 (586589.0), centered at 1326
Finding the best star... Star with 2 terminals centered in 1427
round took: 0.00306 s
|V| = 2461, |E| = 4789, |R| = 47
>>> get_solution
>>> get_solution
  refine_solution: new weight 56198848 (was 56198848) in 0.000507 s
3,,2434,4789,47,,138,0,,56198848,56198848,1730116,1730116,1730116,,586589,2,@@

  handle_small_Steiner_degrees: steiner 0, suppress 0 in 4e-06 s
Starting round 4
Found 30 isolated vertices
Invalid ratios recomputed: 192
Best ratio is 610273/1 (610273.0), centered at 2224
Finding the best star... Star with 2 terminals centered in 2417
round took: 0.004587 s
|V| = 2461, |E| = 4781, |R| = 46
>>> get_solution
>>> get_solution
  refine_solution: new weight 56105192 (was 56105192) in 0.000506 s
4,,2431,4781,46,,192,0,,56105192,56105192,2340389,2340389,2340389,,610273,2,@@

  handle_small_Steiner_degrees: steiner 0, suppress 0 in 3e-06 s
Starting round 5
Found 35 isolated vertices
Invalid ratios recomputed: 152
Best ratio is 626353/1 (626353.0), centered at 456
Finding the best star... Star with 2 terminals centered in 460
round took: 0.003197 s
|V| = 2461, |E| = 4774, |R| = 45
>>> get_solution
>>> get_solution
  refine_solution: new weight 55909461 (was 55909461) in 0.000509 s
5,,2426,4774,45,,152,0,,55909461,55909461,2966742,2966742,2966742,,626353,2,@@

  handle_small_Steiner_degrees: steiner 0, suppress 0 in 4e-06 s
Starting round 6
Found 41 isolated vertices
Invalid ratios recomputed: 250
Best ratio is 646275/1 (646275.0), centered at 1791
Finding the best star... Star with 2 terminals centered in 1892
round took: 0.005327 s
|V| = 2461, |E| = 4769, |R| = 44
>>> get_solution
>>> get_solution
  refine_solution: new weight 55909461 (was 55909461) in 0.000507 s
6,,2420,4769,44,,250,0,,55909461,55909461,3613017,3613017,3613017,,646275,2,@@

  handle_small_Steiner_degrees: steiner 0, suppress 0 in 4e-06 s
Starting round 7
Found 44 isolated vertices
Invalid ratios recomputed: 373
Best ratio is 664395/1 (664395.0), centered at 847
Finding the best star... Star with 2 terminals centered in 852
round took: 0.009532 s
|V| = 2461, |E| = 4762, |R| = 43
>>> get_solution
>>> get_solution
  refine_solution: new weight 55715938 (was 55715938) in 0.000513 s
7,,2417,4762,43,,373,0,,55715938,55715938,4277412,4277412,4277412,,664395,2,@@

  handle_small_Steiner_degrees: steiner 0, suppress 0 in 4e-06 s
Starting round 8
Found 50 isolated vertices
Invalid ratios recomputed: 276
Best ratio is 665332/1 (665332.0), centered at 360
Finding the best star... Star with 2 terminals centered in 460
round took: 0.007831 s
|V| = 2461, |E| = 4757, |R| = 42
>>> get_solution
>>> get_solution
  refine_solution: new weight 55715938 (was 55715938) in 0.000509 s
8,,2411,4757,42,,276,0,,55715938,55715938,4942744,4942744,4942744,,665332,2,@@

  handle_small_Steiner_degrees: steiner 0, suppress 0 in 4e-06 s
Starting round 9
Found 53 isolated vertices
Invalid ratios recomputed: 369
Best ratio is 1342412/2 (671206.0), centered at 2272
Finding the best star... Star with 3 terminals centered in 2417
round took: 0.009675 s
|V| = 2461, |E| = 4745, |R| = 40
>>> get_solution
>>> get_solution
  refine_solution: new weight 55594352 (was 55594352) in 0.000508 s
9,,2408,4745,40,,369,0,,55594352,55594352,6285156,6285156,6285156,,1342412,3,@@

  handle_small_Steiner_degrees: steiner 0, suppress 2 in 5e-06 s
Starting round 10
Found 62 isolated vertices
Invalid ratios recomputed: 200
Best ratio is 688947/1 (688947.0), centered at 694
Finding the best star... Star with 2 terminals centered in 749
round took: 0.005123 s
|V| = 2461, |E| = 4734, |R| = 39
>>> get_solution
>>> get_solution
  refine_solution: new weight 55594352 (was 55594352) in 0.000508 s
10,,2399,4734,39,,200,0,,55594352,55594352,6974103,6974103,6974103,,688947,2,@@

  handle_small_Steiner_degrees: steiner 0, suppress 0 in 4e-06 s
Starting round 11
Found 68 isolated vertices
Invalid ratios recomputed: 281
Best ratio is 774917/1 (774917.0), centered at 404
Finding the best star... Star with 2 terminals centered in 460
round took: 0.007375 s
|V| = 2461, |E| = 4729, |R| = 38
>>> get_solution
>>> get_solution
  refine_solution: new weight 55594352 (was 55594352) in 0.000508 s
11,,2393,4729,38,,281,0,,55594352,55594352,7749020,7749020,7749020,,774917,2,@@

  handle_small_Steiner_degrees: steiner 0, suppress 0 in 4e-06 s
Starting round 12
Found 71 isolated vertices
Invalid ratios recomputed: 424
Best ratio is 1620854/2 (810427.0), centered at 988
Finding the best star... Star with 3 terminals centered in 1238
round took: 0.011786 s
|V| = 2461, |E| = 4717, |R| = 36
>>> get_solution
>>> get_solution
  refine_solution: new weight 55403730 (was 55403730) in 0.000509 s
12,,2390,4717,36,,424,0,,55403730,55403730,9369874,9369874,9369874,,1620854,3,@@

  handle_small_Steiner_degrees: steiner 0, suppress 0 in 4e-06 s
Starting round 13
Found 80 isolated vertices
Invalid ratios recomputed: 366
Best ratio is 1630956/2 (815478.0), centered at 301
Finding the best star... Star with 3 terminals centered in 460
round took: 0.010506 s
|V| = 2461, |E| = 4704, |R| = 34
>>> get_solution
>>> get_solution
  refine_solution: new weight 55403730 (was 55403730) in 0.000535 s
13,,2381,4704,34,,366,0,,55403730,55403730,11000830,11000830,11000830,,1630956,3,@@

  handle_small_Steiner_degrees: steiner 0, suppress 0 in 4e-06 s
Starting round 14
Found 90 isolated vertices
Invalid ratios recomputed: 514
Best ratio is 829579/1 (829579.0), centered at 48
Finding the best star... Star with 2 terminals centered in 140
round took: 0.0168 s
|V| = 2461, |E| = 4697, |R| = 33
>>> get_solution
>>> get_solution
  refine_solution: new weight 55403730 (was 55546663) in 0.000515 s
  refine_solution: new weight 55403730 (was 55403730) in 0.000509 s
14,,2371,4697,33,,514,0,,55546663,55403730,11830409,11830409,11830409,,829579,2,@@

  handle_small_Steiner_degrees: steiner 0, suppress 0 in 4e-06 s
Starting round 15
Found 96 isolated vertices
Invalid ratios recomputed: 204
Best ratio is 894689/1 (894689.0), centered at 749
Finding the best star... Star with 2 terminals centered in 852
round took: 0.006371 s
|V| = 2461, |E| = 4691, |R| = 32
>>> get_solution
>>> get_solution
  refine_solution: new weight 55403730 (was 55546663) in 0.000514 s
  refine_solution: new weight 55403730 (was 55403730) in 0.000508 s
15,,2365,4691,32,,204,0,,55546663,55403730,12725098,12725098,12725098,,894689,2,@@

  handle_small_Steiner_degrees: steiner 0, suppress 1 in 5e-06 s
Starting round 16
Found 99 isolated vertices
Invalid ratios recomputed: 517
Best ratio is 906754/1 (906754.0), centered at 1373
Finding the best star... Star with 2 terminals centered in 1427
round took: 0.019515 s
|V| = 2461, |E| = 4684, |R| = 31
>>> get_solution
>>> get_solution
  refine_solution: new weight 55403730 (was 55546663) in 0.000515 s
  refine_solution: new weight 55403730 (was 55403730) in 0.000511 s
16,,2362,4684,31,,517,0,,55546663,55403730,13631852,13631852,13631852,,906754,2,@@

  delete_edges: deleted 44 edges in 0.000431 s and 3 rounds
  handle_small_Steiner_degrees: steiner 1, suppress 33 in 1.8e-05 s
Starting round 17
Found 136 isolated vertices
Invalid ratios recomputed: 279
Best ratio is 907741/1 (907741.0), centered at 852
Finding the best star... Star with 2 terminals centered in 852
round took: 0.00716 s
|V| = 2461, |E| = 4591, |R| = 30
>>> get_solution
>>> get_solution
  refine_solution: new weight 55403730 (was 55546663) in 0.000516 s
  refine_solution: new weight 55403730 (was 55403730) in 0.000514 s
17,,2325,4591,30,,279,0,,55546663,55403730,14539593,14539593,14539593,,907741,2,@@

  handle_small_Steiner_degrees: steiner 0, suppress 0 in 5e-06 s
Starting round 18
Found 144 isolated vertices
Invalid ratios recomputed: 601
Best ratio is 912972/1 (912972.0), centered at 1665
Finding the best star... Star with 2 terminals centered in 1865
round took: 0.028175 s
|V| = 2461, |E| = 4584, |R| = 29
>>> get_solution
>>> get_solution
  refine_solution: new weight 55405952 (was 55548885) in 0.000516 s
  refine_solution: new weight 55405952 (was 55405952) in 0.000511 s
18,,2317,4584,29,,601,0,,55548885,55405952,15452565,15452565,15452565,,912972,2,@@

  handle_small_Steiner_degrees: steiner 0, suppress 0 in 3e-06 s
Starting round 19
Found 150 isolated vertices
Invalid ratios recomputed: 222
Best ratio is 924217/1 (924217.0), centered at 1892
Finding the best star... Star with 2 terminals centered in 2048
round took: 0.004929 s
|V| = 2461, |E| = 4573, |R| = 28
>>> get_solution
>>> get_solution
  refine_solution: new weight 55344332 (was 55487265) in 0.000517 s
  refine_solution: new weight 55344332 (was 55344332) in 0.000512 s
19,,2311,4573,28,,222,0,,55487265,55344332,16376782,16376782,16376782,,924217,2,@@

  handle_small_Steiner_degrees: steiner 0, suppress 0 in 3e-06 s
Starting round 20
Found 159 isolated vertices
Invalid ratios recomputed: 504
Best ratio is 1862262/2 (931131.0), centered at 54
Finding the best star... Star with 3 terminals centered in 460
round took: 0.016017 s
|V| = 2461, |E| = 4558, |R| = 26
>>> get_solution
>>> get_solution
  refine_solution: new weight 54963343 (was 54963343) in 0.000517 s
20,,2302,4558,26,,504,0,,54963343,54963343,18239044,18239044,18239044,,1862262,3,@@

  handle_small_Steiner_degrees: steiner 0, suppress 4 in 7e-06 s
Starting round 21
Found 173 isolated vertices
Invalid ratios recomputed: 746
Best ratio is 955827/1 (955827.0), centered at 211
Finding the best star... Star with 2 terminals centered in 214
round took: 0.035004 s
|V| = 2461, |E| = 4543, |R| = 25
>>> get_solution
>>> get_solution
  refine_solution: new weight 54963343 (was 54963343) in 0.000528 s
21,,2288,4543,25,,746,0,,54963343,54963343,19194871,19194871,19194871,,955827,2,@@

  handle_small_Steiner_degrees: steiner 0, suppress 1 in 5e-06 s
Starting round 22
Found 180 isolated vertices
Invalid ratios recomputed: 747
Best ratio is 974395/1 (974395.0), centered at 1762
Finding the best star... Star with 2 terminals centered in 1865
round took: 0.041944 s
|V| = 2461, |E| = 4536, |R| = 24
>>> get_solution
>>> get_solution
  refine_solution: new weight 54963343 (was 54963343) in 0.00052 s
22,,2281,4536,24,,747,0,,54963343,54963343,20169266,20169266,20169266,,974395,2,@@

  handle_small_Steiner_degrees: steiner 0, suppress 1 in 5e-06 s
Starting round 23
Found 184 isolated vertices
Invalid ratios recomputed: 351
Best ratio is 1951383/2 (975691.5), centered at 1512
Finding the best star... Star with 3 terminals centered in 1865
round took: 0.00886 s
|V| = 2461, |E| = 4519, |R| = 22
>>> get_solution
>>> get_solution
  refine_solution: new weight 54508235 (was 54508235) in 0.00052 s
23,,2277,4519,22,,351,0,,54508235,54508235,22120649,22120649,22120649,,1951383,3,@@

  handle_small_Steiner_degrees: steiner 0, suppress 1 in 5e-06 s
Starting round 24
Found 196 isolated vertices
Invalid ratios recomputed: 538
Best ratio is 980882/1 (980882.0), centered at 1567
Finding the best star... Star with 2 terminals centered in 1865
round took: 0.018007 s
|V| = 2461, |E| = 4510, |R| = 21
>>> get_solution
>>> get_solution
  refine_solution: new weight 54317783 (was 54317783) in 0.000521 s
24,,2265,4510,21,,538,0,,54317783,54317783,23101531,23101531,23101531,,980882,2,@@

  handle_small_Steiner_degrees: steiner 0, suppress 1 in 5e-06 s
Starting round 25
Found 202 isolated vertices
Invalid ratios recomputed: 681
Best ratio is 1104799/1 (1104799.0), centered at 1865
Finding the best star... Star with 2 terminals centered in 2166
round took: 0.023821 s
|V| = 2461, |E| = 4499, |R| = 20
>>> get_solution
>>> get_solution
  refine_solution: new weight 54317783 (was 54317783) in 0.000533 s
25,,2259,4499,20,,681,0,,54317783,54317783,24206330,24206330,24206330,,1104799,2,@@

  handle_small_Steiner_degrees: steiner 0, suppress 1 in 5e-06 s
Starting round 26
Found 210 isolated vertices
Invalid ratios recomputed: 744
Best ratio is 1121636/1 (1121636.0), centered at 1370
Finding the best star... Star with 2 terminals centered in 2166
round took: 0.028805 s
|V| = 2461, |E| = 4489, |R| = 19
>>> get_solution
>>> get_solution
  refine_solution: new weight 54042211 (was 54042211) in 0.000519 s
26,,2251,4489,19,,744,0,,54042211,54042211,25327966,25327966,25327966,,1121636,2,@@

  handle_small_Steiner_degrees: steiner 0, suppress 0 in 4e-06 s
Starting round 27
Found 217 isolated vertices
Invalid ratios recomputed: 785
Best ratio is 1121899/1 (1121899.0), centered at 2048
Finding the best star... Star with 2 terminals centered in 2105
round took: 0.037574 s
|V| = 2461, |E| = 4480, |R| = 18
>>> get_solution
>>> get_solution
  refine_solution: new weight 54042211 (was 54042211) in 0.000523 s
27,,2244,4480,18,,785,0,,54042211,54042211,26449865,26449865,26449865,,1121899,2,@@

  handle_small_Steiner_degrees: steiner 0, suppress 0 in 3e-06 s
Starting round 28
Found 224 isolated vertices
Invalid ratios recomputed: 721
Best ratio is 1184190/1 (1184190.0), centered at 1168
Finding the best star... Star with 2 terminals centered in 2166
round took: 0.034283 s
|V| = 2461, |E| = 4471, |R| = 17
>>> get_solution
>>> get_solution
  refine_solution: new weight 53997870 (was 53997870) in 0.000522 s
28,,2237,4471,17,,721,0,,53997870,53997870,27634055,27634055,27634055,,1184190,2,@@

  handle_small_Steiner_degrees: steiner 0, suppress 0 in 4e-06 s
Starting round 29
Found 230 isolated vertices
Invalid ratios recomputed: 872
Best ratio is 1246039/1 (1246039.0), centered at 1603
Finding the best star... Star with 2 terminals centered in 2166
round took: 0.050357 s
|V| = 2461, |E| = 4457, |R| = 16
>>> get_solution
>>> get_solution
  refine_solution: new weight 53939313 (was 53939313) in 0.000523 s
29,,2231,4457,16,,872,0,,53939313,53939313,28880094,28880094,28880094,,1246039,2,@@

  handle_small_Steiner_degrees: steiner 0, suppress 1 in 4e-06 s
Starting round 30
Found 240 isolated vertices
Invalid ratios recomputed: 963
Best ratio is 1247826/1 (1247826.0), centered at 2324
Finding the best star... Star with 2 terminals centered in 2328
round took: 0.065995 s
|V| = 2461, |E| = 4448, |R| = 15
>>> get_solution
>>> get_solution
  refine_solution: new weight 53939313 (was 53939313) in 0.000523 s
30,,2221,4448,15,,963,0,,53939313,53939313,30127920,30127920,30127920,,1247826,2,@@

  handle_small_Steiner_degrees: steiner 0, suppress 1 in 4e-06 s
Starting round 31
Found 246 isolated vertices
Invalid ratios recomputed: 236
Best ratio is 2497246/2 (1248623.0), centered at 985
Finding the best star... Star with 3 terminals centered in 852
round took: 0.016541 s
|V| = 2461, |E| = 4431, |R| = 13
>>> get_solution
>>> get_solution
  refine_solution: new weight 53215460 (was 53215460) in 0.000526 s
31,,2215,4431,13,,236,0,,53215460,53215460,32625166,32625166,32625166,,2497246,3,@@

  handle_small_Steiner_degrees: steiner 0, suppress 2 in 7e-06 s
Starting round 32
Found 259 isolated vertices
Invalid ratios recomputed: 962
Best ratio is 1284662/1 (1284662.0), centered at 214
Finding the best star... Star with 2 terminals centered in 852
round took: 0.063424 s
|V| = 2461, |E| = 4414, |R| = 12
>>> get_solution
>>> get_solution
  refine_solution: new weight 53215460 (was 53215460) in 0.000525 s
32,,2202,4414,12,,962,0,,53215460,53215460,33909828,33909828,33909828,,1284662,2,@@

  handle_small_Steiner_degrees: steiner 0, suppress 2 in 9e-06 s
Starting round 33
Found 270 isolated vertices
Invalid ratios recomputed: 1041
Best ratio is 1295972/1 (1295972.0), centered at 1686
Finding the best star... Star with 2 terminals centered in 2105
round took: 0.097618 s
|V| = 2461, |E| = 4400, |R| = 11
>>> get_solution
>>> get_solution
  refine_solution: new weight 53005852 (was 53005852) in 0.000529 s
33,,2191,4400,11,,1041,0,,53005852,53005852,35205800,35205800,35205800,,1295972,2,@@

  handle_small_Steiner_degrees: steiner 0, suppress 1 in 5e-06 s
Starting round 34
Found 278 isolated vertices
Invalid ratios recomputed: 1031
Best ratio is 1351273/1 (1351273.0), centered at 1655
Finding the best star... Star with 2 terminals centered in 2105
round took: 0.076192 s
|V| = 2461, |E| = 4388, |R| = 10
>>> get_solution
>>> get_solution
  refine_solution: new weight 53005852 (was 53005852) in 0.000526 s
34,,2183,4388,10,,1031,0,,53005852,53005852,36557073,36557073,36557073,,1351273,2,@@

  handle_small_Steiner_degrees: steiner 0, suppress 0 in 3e-06 s
Starting round 35
Found 285 isolated vertices
Invalid ratios recomputed: 1331
Best ratio is 1380882/1 (1380882.0), centered at 2096
Finding the best star... Star with 2 terminals centered in 2343
round took: 0.13263 s
|V| = 2461, |E| = 4380, |R| = 9
>>> get_solution
>>> get_solution
  refine_solution: new weight 53005852 (was 53005852) in 0.000528 s
35,,2176,4380,9,,1331,0,,53005852,53005852,37937955,37937955,37937955,,1380882,2,@@

  handle_small_Steiner_degrees: steiner 0, suppress 0 in 3e-06 s
Starting round 36
Found 291 isolated vertices
Invalid ratios recomputed: 1325
Best ratio is 1460030/1 (1460030.0), centered at 1109
Finding the best star... Star with 2 terminals centered in 2343
round took: 0.147325 s
|V| = 2461, |E| = 4370, |R| = 8
>>> get_solution
>>> get_solution
  refine_solution: new weight 53005852 (was 53005852) in 0.00053 s
36,,2170,4370,8,,1325,0,,53005852,53005852,39397985,39397985,39397985,,1460030,2,@@

  handle_small_Steiner_degrees: steiner 0, suppress 0 in 3e-06 s
Starting round 37
Found 299 isolated vertices
Invalid ratios recomputed: 1922
Best ratio is 1592778/1 (1592778.0), centered at 231
Finding the best star... Star with 2 terminals centered in 580
round took: 0.266077 s
|V| = 2461, |E| = 4356, |R| = 7
>>> get_solution
>>> get_solution
  refine_solution: new weight 53005852 (was 53252799) in 0.000526 s
  refine_solution: new weight 53005852 (was 53005852) in 0.000512 s
37,,2162,4356,7,,1922,0,,53252799,53005852,40990763,40990763,40990763,,1592778,2,@@

  handle_small_Steiner_degrees: steiner 1, suppress 2 in 4e-06 s
Starting round 38
Found 311 isolated vertices
Invalid ratios recomputed: 430
Best ratio is 1644294/1 (1644294.0), centered at 852
Finding the best star... Star with 2 terminals centered in 2343
round took: 0.055555 s
|V| = 2461, |E| = 4336, |R| = 6
>>> get_solution
>>> get_solution
  refine_solution: new weight 53005852 (was 53252799) in 0.000526 s
  refine_solution: new weight 53005852 (was 53005852) in 0.000519 s
38,,2150,4336,6,,430,0,,53252799,53005852,42635057,42635057,42635057,,1644294,2,@@

  handle_small_Steiner_degrees: steiner 0, suppress 1 in 5e-06 s
Starting round 39
Found 324 isolated vertices
Invalid ratios recomputed: 2094
Best ratio is 1788260/1 (1788260.0), centered at 669
Finding the best star... Star with 2 terminals centered in 2343
round took: 0.396085 s
|V| = 2461, |E| = 4323, |R| = 5
>>> get_solution
>>> get_solution
  refine_solution: new weight 53005852 (was 53252799) in 0.00053 s
  refine_solution: new weight 53005852 (was 53005852) in 0.000516 s
39,,2137,4323,5,,2094,0,,53252799,53005852,44423317,44423317,44423317,,1788260,2,@@

  handle_small_Steiner_degrees: steiner 0, suppress 0 in 3e-06 s
Starting round 40
Found 334 isolated vertices
Invalid ratios recomputed: 2127
Best ratio is 1876375/1 (1876375.0), centered at 2167
Finding the best star... Star with 2 terminals centered in 2328
round took: 0.422795 s
|V| = 2461, |E| = 4312, |R| = 4
>>> get_solution
>>> get_solution
  refine_solution: new weight 53005852 (was 53252799) in 0.000531 s
  refine_solution: new weight 53005852 (was 53005852) in 0.000518 s
40,,2127,4312,4,,2127,0,,53252799,53005852,46299692,46299692,46299692,,1876375,2,@@

  handle_small_Steiner_degrees: steiner 0, suppress 0 in 3e-06 s
Starting round 41
Found 341 isolated vertices
Invalid ratios recomputed: 2120
Best ratio is 1897875/1 (1897875.0), centered at 580
Finding the best star... Star with 2 terminals centered in 2328
round took: 0.436797 s
|V| = 2461, |E| = 4299, |R| = 3
>>> get_solution
>>> get_solution
  refine_solution: new weight 53005852 (was 53252799) in 0.000527 s
  refine_solution: new weight 53005852 (was 53005852) in 0.000513 s
41,,2120,4299,3,,2120,0,,53252799,53005852,48197567,48197567,48197567,,1897875,2,@@

  handle_small_Steiner_degrees: steiner 0, suppress 0 in 3e-06 s
Starting round 42
Found 350 isolated vertices
Invalid ratios recomputed: 2111
Best ratio is 2296936/1 (2296936.0), centered at 519
Finding the best star... Star with 2 terminals centered in 528
round took: 0.446243 s
|V| = 2461, |E| = 4286, |R| = 2
>>> get_solution
>>> get_solution
  refine_solution: new weight 53005852 (was 53252799) in 0.000535 s
  refine_solution: new weight 53005852 (was 53005852) in 0.000515 s
42,,2111,4286,2,,2111,0,,53252799,53005852,50494503,50494503,50494503,,2296936,2,@@

  handle_small_Steiner_degrees: steiner 0, suppress 0 in 3e-06 s
Starting round 43
Found 362 isolated vertices
Invalid ratios recomputed: 2099
Best ratio is 2758296/1 (2758296.0), centered at 528
Finding the best star... Star with 2 terminals centered in 1981
round took: 0.448082 s
|V| = 2461, |E| = 4272, |R| = 1
>>> get_solution
>>> get_solution
  refine_solution: new weight 53005852 (was 53252799) in 0.000533 s
  refine_solution: new weight 53005852 (was 53005852) in 0.000517 s
43,,2099,4272,1,,2099,0,,53252799,53005852,53252799,53252799,53252799,,2758296,2,@@

  handle_small_Steiner_degrees: steiner 0, suppress 0 in 3e-06 s
contract_till_the_bitter_end: 3.66393 s

Calling end_heu
>>> get_solution
Saved weight 0
DŽ: 53252799 -> 51848823
  BEST solution improved 53252799 -> 51848823 (vert_size 0, round 1) *
  BEST solution improved 51848823 -> 51631721 (vert_size 4, round 2)
  BEST solution improved 51631721 -> 51574782 (vert_size 4, round 457) *
DŽ: 51574782 -> 51558546
  BEST solution improved 51574782 -> 51558546 (vert_size 0, round 1001) *
DŽ: 51558546 -> 51558546
DŽ: 51631721 -> 51615485
DŽ: 51558546 -> 51558546
DŽ: 51848823 -> 51615485
DŽ: 51558546 -> 51558546
DŽ: 51558546 -> 51558546
DŽ: 51558546 -> 51558546
DŽ: 51631721 -> 51615485
DŽ: 51558546 -> 51558546
DŽ: 51574782 -> 51558546
DŽ: 51558546 -> 51852668
DŽ: 51558546 -> 51558546
DŽ: 51558546 -> 51558546
DŽ: 51558546 -> 51558546
DŽ: 51558546 -> 51558546
DŽ: 51558546 -> 51558546
DŽ: 51558546 -> 51587065
DŽ: 51558546 -> 51558546
DŽ: 51558546 -> 51558546
DŽ: 51558546 -> 51558546
DŽ: 51587065 -> 51587065
DŽ: 51558546 -> 51558546
DŽ: 51558546 -> 51558546
DŽ: 51558546 -> 51746654
DŽ: 51558546 -> 51558546
DŽ: 51558546 -> 51558546
DŽ: 51587065 -> 51587065
DŽ: 51558546 -> 51558546
DŽ: 51558546 -> 51558546
DŽ: 51558546 -> 51615485
DŽ: 51558546 -> 51558546
DŽ: 51558546 -> 51558546
DŽ: 51558546 -> 51615485
DŽ: 51852668 -> 51852668
DŽ: 51558546 -> 51558546
DŽ: 51587065 -> 51587065
DŽ: 51558546 -> 51615485

 start over 38703 loops 144 unique solutions 
Original + vert_size 13 
DŽ: 53252799 -> 51848823
DŽ: 51615485 -> 51615485
DŽ: 51558546 -> 51558546
DŽ: 51558546 -> 51558546
DŽ: 51558546 -> 51558546
DŽ: 51562055 -> 51615485
DŽ: 51746654 -> 51746654
DŽ: 51746654 -> 51746654
DŽ: 51558546 -> 51615485
DŽ: 51852668 -> 51615485
DŽ: 51558546 -> 51558546
DŽ: 51852668 -> 51852668
DŽ: 51558546 -> 51558546
DŽ: 51558546 -> 51558546
DŽ: 51615485 -> 51615485
DŽ: 51848823 -> 51791884
DŽ: 51558546 -> 51558546
DŽ: 51558546 -> 51558546
DŽ: 51558546 -> 51615485
DŽ: 51631917 -> 51615485
DŽ: 51558546 -> 51615485
DŽ: 51558546 -> 51558546
DŽ: 51558546 -> 51558546
DŽ: 51615485 -> 51644004
DŽ: 51587065 -> 51558546
DŽ: 51615485 -> 51615485
DŽ: 51558546 -> 51558546
DŽ: 51558546 -> 51558546
DŽ: 51558546 -> 51810446
DŽ: 51558546 -> 51558546
DŽ: 51615485 -> 51615485
DŽ: 51615485 -> 51615485
DŽ: 51574782 -> 51558546
DŽ: 51631721 -> 51558546
DŽ: 51558546 -> 51615485
DŽ: 51558546 -> 51558546
DŽ: 51558546 -> 51558546
DŽ: 51578291 -> 52029890
DŽ: 51631721 -> 51615485
DŽ: 51558546 -> 51558546

 start over 77406 loops 178 unique solutions 
Original + vert_size 0 
DŽ: 53252799 -> 51848823
DŽ: 51558546 -> 51558546
DŽ: 51558546 -> 51558546
DŽ: 51587065 -> 51644004
DŽ: 51733282 -> 51890932
DŽ: 51644004 -> 51644004
DŽ: 51631917 -> 51558546
DŽ: 51587065 -> 51644004
DŽ: 51558546 -> 51558546
DŽ: 51558546 -> 51558546
DŽ: 51558546 -> 51558546
DŽ: 51558546 -> 51644004
DŽ: 51558546 -> 51558546
DŽ: 51558546 -> 51558546
DŽ: 51558546 -> 51558546
DŽ: 51558546 -> 51558546
DŽ: 51558546 -> 51558546
DŽ: 51644004 -> 51644004
DŽ: 51558546 -> 51558546
DŽ: 51558546 -> 51558546
DŽ: 51558546 -> 51558546
DŽ: 51558546 -> 51558546
DŽ: 51558546 -> 51615485
DŽ: 51712207 -> 51615485
DŽ: 51558546 -> 51558546
DŽ: 51558546 -> 51558546
DŽ: 51558546 -> 51558546
DŽ: 51558546 -> 51558546
DŽ: 51558546 -> 51558546
DŽ: 51558546 -> 51558546
DŽ: 51558546 -> 51615485
DŽ: 51558546 -> 51558546
DŽ: 51558546 -> 51558546
DŽ: 51712207 -> 51615485
DŽ: 51659826 -> 51615485
DŽ: 51558546 -> 51558546
DŽ: 51615485 -> 51615485
DŽ: 51615485 -> 51644004
DŽ: 51558546 -> 51558546

 start over 115837 loops 213 unique solutions 
Original + vert_size 0 
DŽ: 53252799 -> 51848823
DŽ: 51712207 -> 51644004
DŽ: 51558546 -> 51558546
DŽ: 51558546 -> 51615485
DŽ: 51558546 -> 51558546
DŽ: 51558546 -> 51558546
DŽ: 51558546 -> 51558546
DŽ: 51687960 -> 51615485
DŽ: 51558546 -> 51558546
DŽ: 51631721 -> 51615485
DŽ: 51558546 -> 51558546
DŽ: 51778904 -> 51615485
DŽ: 51558546 -> 51535767
  BEST solution improved 51558546 -> 51535767 (vert_size 0, round 127001) *
DŽ: 51535767 -> 51535767
DŽ: 51603301 -> 51587065
DŽ: 51535767 -> 51535767
DŽ: 51574782 -> 51615485
DŽ: 51558546 -> 51558546
DŽ: 51615485 -> 51615485
DŽ: 51660240 -> 51660240
DŽ: 51535767 -> 51564286
DŽ: 51631721 -> 51615485
DŽ: 51535767 -> 51535767
DŽ: 51535767 -> 51535767
DŽ: 51535767 -> 51535767
DŽ: 51615485 -> 51615485
DŽ: 51631721 -> 51615485
DŽ: 51535767 -> 51535767
DŽ: 51535767 -> 51535767
DŽ: 51615485 -> 51615485
DŽ: 51535767 -> 51535767
DŽ: 51535767 -> 51535767
DŽ: 51603301 -> 51558546
DŽ: 51535767 -> 51535767
DŽ: 51535767 -> 51535767
DŽ: 51564286 -> 51564286

 start over 150838 loops 252 unique solutions 
Original + vert_size 0 
DŽ: 53252799 -> 51848823
DŽ: 51564286 -> 51564286
DŽ: 51564286 -> 51564286
DŽ: 51615485 -> 51615485
DŽ: 51535767 -> 51535767
DŽ: 51564286 -> 51564286
DŽ: 51535767 -> 51535767
DŽ: 51564286 -> 51644004
DŽ: 51535767 -> 51535767
DŽ: 51535767 -> 51535767
DŽ: 51603301 -> 51587065
DŽ: 51615485 -> 51615485
DŽ: 51795140 -> 51615485
DŽ: 51660240 -> 51644004
DŽ: 51587065 -> 51587065
DŽ: 51587065 -> 51587065
DŽ: 51644004 -> 51644004
DŽ: 51562055 -> 51558546
DŽ: 51615485 -> 51615485
DŽ: 51558546 -> 51765590
DŽ: 51587065 -> 51587065
DŽ: 51587065 -> 51587065
DŽ: 51644004 -> 51615485
DŽ: 51587065 -> 51644004
DŽ: 51765590 -> 51615485
DŽ: 51618994 -> 51615485
DŽ: 51644004 -> 51615485
DŽ: 51644004 -> 51644004
DŽ: 51535767 -> 51535767
DŽ: 51535767 -> 51535767
DŽ: 51644004 -> 51644004
DŽ: 51535767 -> 51615485
DŽ: 51644004 -> 51644004
DŽ: 51535767 -> 51535767
DŽ: 51558546 -> 51558546
DŽ: 51587065 -> 51615485

 start over 185711 loops 287 unique solutions 
Original + vert_size 0 
DŽ: 53252799 -> 51848823
DŽ: 51562055 -> 51558546
DŽ: 51535767 -> 51535767
DŽ: 51848823 -> 51848823
DŽ: 51535767 -> 51535767
DŽ: 51535767 -> 51535767
DŽ: 51587065 -> 51587065
DŽ: 51644004 -> 51615485
DŽ: 51659826 -> 51644004
DŽ: 51587065 -> 51587065
DŽ: 51535767 -> 51535767
DŽ: 51535767 -> 51535767
DŽ: 51535767 -> 51535767
DŽ: 51587065 -> 51644004
DŽ: 51535767 -> 51535767
DŽ: 51535767 -> 51535767
DŽ: 51535767 -> 51535767
DŽ: 51535767 -> 51535767
DŽ: 51535767 -> 51615485
DŽ: 51564286 -> 51564286
DŽ: 51535767 -> 51615485
DŽ: 51535767 -> 51535767
DŽ: 51535767 -> 51535767
DŽ: 51562055 -> 51558546
DŽ: 51587065 -> 51587065
DŽ: 51562055 -> 51615485
DŽ: 51562055 -> 51558546
DŽ: 51535767 -> 51535767
DŽ: 51535767 -> 51535767
DŽ: 51558546 -> 51558546
DŽ: 51587065 -> 51587065
DŽ: 51587065 -> 51644004
DŽ: 51587065 -> 51644004
DŽ: 51615485 -> 51615485
DŽ: 51535767 -> 51535767
DŽ: 51535767 -> 51535767

 start over 220799 loops 315 unique solutions 
Original + vert_size 0 
DŽ: 53252799 -> 51848823
DŽ: 51615485 -> 51615485
DŽ: 51587065 -> 51615485
DŽ: 51535767 -> 51535767
DŽ: 51535767 -> 51535767
DŽ: 51737271 -> 51644004
DŽ: 51535767 -> 51535767
DŽ: 51535767 -> 51535767
DŽ: 51535767 -> 51535767
DŽ: 51535767 -> 51535767
DŽ: 51737271 -> 51615485
DŽ: 51558546 -> 51558546
DŽ: 51558546 -> 51558546
DŽ: 51535767 -> 51535767
DŽ: 51535767 -> 51535767
DŽ: 51615485 -> 51615485
DŽ: 51733605 -> 51615485
DŽ: 51535767 -> 51648843
DŽ: 51535767 -> 51535767
DŽ: 51650670 -> 51558546
DŽ: 51535767 -> 51535767
DŽ: 51535767 -> 51535767
DŽ: 51671466 -> 51615485
DŽ: 51627125 -> 51615485
DŽ: 51659826 -> 51615485
DŽ: 51737271 -> 51615485
DŽ: 51535767 -> 51535767
DŽ: 51639030 -> 51615485
DŽ: 51535767 -> 51535767
DŽ: 51535767 -> 51535767
DŽ: 51627125 -> 51615485
DŽ: 51535767 -> 51615485
DŽ: 51671466 -> 51615485

 start over 252126 loops 342 unique solutions 
Approx + random 
DŽ: 56365073 -> 53401686
DŽ: 51615485 -> 51615485
DŽ: 51650670 -> 51615485
DŽ: 51587065 -> 51558546
DŽ: 51535767 -> 51535767
DŽ: 51805850 -> 51615485
DŽ: 51535767 -> 51535767
DŽ: 51650670 -> 51558546
DŽ: 51791409 -> 51775173
DŽ: 51671466 -> 51615485
DŽ: 51615485 -> 51615485
DŽ: 51891468 -> 51832112
DŽ: 51794210 -> 51615485
DŽ: 53322296 -> 52851866
DŽ: 51891468 -> 51775173
DŽ: 51535767 -> 51535767
DŽ: 51891468 -> 51775173
DŽ: 51712930 -> 51693185
DŽ: 51891468 -> 52257433
DŽ: 51863884 -> 51775173
DŽ: 51615485 -> 51615485
DŽ: 51737940 -> 51648843
DŽ: 51766399 -> 51746654
DŽ: 51737940 -> 51721704
DŽ: 51535767 -> 51535767
DŽ: 51587065 -> 51644004
DŽ: 51766399 -> 51803593
DŽ: 51615485 -> 51615485
DŽ: 51535767 -> 51535767
DŽ: 51721704 -> 51721704
DŽ: 51810415 -> 51721704
DŽ: 51535767 -> 51535767
DŽ: 51535767 -> 51535767
DŽ: 51693185 -> 51693185
DŽ: 51535767 -> 51535767
DŽ: 51766399 -> 52292697
DŽ: 51615485 -> 51615485

 start over 288966 loops 386 unique solutions 
Original + vert_size 13 
DŽ: 53252799 -> 52072405
DŽ: 51803593 -> 51803593
DŽ: 51535767 -> 51535767
DŽ: 51766399 -> 51746654
DŽ: 51587065 -> 51587065
DŽ: 51535767 -> 51535767
DŽ: 51587065 -> 51587065
DŽ: 51535767 -> 51535767
DŽ: 51615485 -> 51615485
DŽ: 51535767 -> 51535767
DŽ: 51587065 -> 51587065
DŽ: 51587065 -> 51587065
DŽ: 51615485 -> 51615485
DŽ: 51535767 -> 51535767
DŽ: 51837999 -> 51721704
DŽ: 51766399 -> 51746654
DŽ: 51535767 -> 51535767
DŽ: 51721704 -> 51775173
DŽ: 51562055 -> 51615485
DŽ: 51721704 -> 51775173
DŽ: 51775173 -> 51896759
DŽ: 51535767 -> 51535767
DŽ: 51615485 -> 51615485
DŽ: 51746654 -> 51746654
DŽ: 51535767 -> 51535767
DŽ: 51535767 -> 51535767
DŽ: 51587065 -> 51708651
DŽ: 51837999 -> 52432732
DŽ: 51837999 -> 51775173
DŽ: 51746654 -> 51746654
DŽ: 52432732 -> 51737940
DŽ: 51746654 -> 51746654
DŽ: 51535767 -> 51535767
DŽ: 51535767 -> 51535767
DŽ: 51535767 -> 51535767
DŽ: 51775173 -> 51775173
DŽ: 51535767 -> 51535767
DŽ: 51535767 -> 51535767
DŽ: 51615485 -> 51615485

 start over 326305 loops 419 unique solutions 
Original + vert_size 0 
DŽ: 53252799 -> 51848823
DŽ: 51535767 -> 51535767
DŽ: 51615485 -> 51615485
DŽ: 51535767 -> 51535767
DŽ: 51775173 -> 51746654
DŽ: 51535767 -> 51535767
DŽ: 51775173 -> 51832112
DŽ: 51587065 -> 51587065
DŽ: 51746654 -> 51746654
DŽ: 51737271 -> 51737071
DŽ: 51737940 -> 51791409
DŽ: 51693185 -> 51693185
DŽ: 51558546 -> 51558546
DŽ: 51676062 -> 51615485
DŽ: 51535767 -> 51535767
DŽ: 51746654 -> 51746654
DŽ: 51721965 -> 51558546
DŽ: 51558546 -> 51615485
DŽ: 51615485 -> 51615485
DŽ: 51762890 -> 51746654
DŽ: 51775173 -> 51746654
DŽ: 51615485 -> 51615485
DŽ: 51746654 -> 51746654
DŽ: 51615485 -> 51615485
DŽ: 51558546 -> 51558546
DŽ: 51721965 -> 51558546
DŽ: 51791884 -> 51791884
DŽ: 51721965 -> 51558546
DŽ: 51733282 -> 51558546
DŽ: 51682649 -> 51648843
DŽ: 51535767 -> 51535767
DŽ: 51564286 -> 51535767
DŽ: 51535767 -> 51535767

 start over 358538 loops 454 unique solutions 
Original + vert_size 0 
DŽ: 53252799 -> 51848823
DŽ: 51564286 -> 51564286
DŽ: 51564286 -> 51963917
DŽ: 51615485 -> 51803593
DŽ: 51587065 -> 51587065
DŽ: 51648843 -> 51644004
DŽ: 51558546 -> 51834118
DŽ: 51558546 -> 51558546
DŽ: 51535767 -> 51535767
DŽ: 51775357 -> 51615485
DŽ: 51535767 -> 51535767
DŽ: 51535767 -> 51535767
DŽ: 51535767 -> 51535767
DŽ: 51564286 -> 51644004
DŽ: 51762890 -> 51746654
DŽ: 51631021 -> 51587065
DŽ: 51644004 -> 51644004
DŽ: 51791884 -> 51660240
DŽ: 51535767 -> 51535767
DŽ: 51535767 -> 51535767
DŽ: 51775357 -> 51558546
DŽ: 51535767 -> 51535767
DŽ: 51603301 -> 51558546
DŽ: 51535767 -> 51535767
DŽ: 51615485 -> 51615485
DŽ: 51535767 -> 51535767
DŽ: 51578291 -> 51615485
DŽ: 51631021 -> 51558546
DŽ: 51578291 -> 51753507
DŽ: 51578291 -> 51644004
DŽ: 51535767 -> 51535767
DŽ: 51721965 -> 51615485
DŽ: 51578291 -> 51558546

 start over 390668 loops 478 unique solutions 
Approx + random 
DŽ: 56365073 -> 53091992
DŽ: 51535767 -> 51535767
DŽ: 51578291 -> 51558546
DŽ: 51535767 -> 51535767
DŽ: 51535767 -> 51535767
DŽ: 51795140 -> 51615485
DŽ: 52199862 -> 52303327
DŽ: 51535767 -> 51535767
DŽ: 51929550 -> 51558546
DŽ: 51535767 -> 51535767
DŽ: 51535767 -> 51535767
DŽ: 51829491 -> 51558546
DŽ: 51535767 -> 51535767
DŽ: 51535767 -> 51615485
DŽ: 51963917 -> 51644004
DŽ: 52303327 -> 52303327
DŽ: 51765790 -> 51587065
DŽ: 51535767 -> 51535767
DŽ: 52303327 -> 52303327
DŽ: 51765790 -> 51644004
DŽ: 51535767 -> 51535767
DŽ: 51558546 -> 51558546
DŽ: 51765790 -> 51615485
DŽ: 51753507 -> 51746654
DŽ: 51535767 -> 51535767
DŽ: 51765790 -> 51615485
DŽ: 51737271 -> 51558546
DŽ: 51765790 -> 51587065
DŽ: 51535767 -> 51535767
DŽ: 51535767 -> 51535767
DŽ: 51817755 -> 51615485
DŽ: 51753507 -> 51558546
DŽ: 51765790 -> 51587065

 start over 422466 loops 513 unique solutions 
Original + vert_size 0 
DŽ: 53252799 -> 51848823
DŽ: 51737271 -> 51558546
DŽ: 51535767 -> 51535767
DŽ: 51558546 -> 51558546
DŽ: 51558546 -> 51558546
DŽ: 51535767 -> 51535767
DŽ: 51535767 -> 51535767
DŽ: 51817755 -> 51615485
DŽ: 51535767 -> 51535767
DŽ: 52196353 -> 51753507
DŽ: 51535767 -> 51535767
DŽ: 52152397 -> 51782026
DŽ: 51535767 -> 51535767
DŽ: 51558546 -> 51615485
DŽ: 52225525 -> 52303327
DŽ: 52254044 -> 52096062
DŽ: 52254044 -> 51753507
DŽ: 51558546 -> 51615485
DŽ: 51535767 -> 51535767
DŽ: 52006719 -> 51753507
DŽ: 51535767 -> 51535767
DŽ: 52123878 -> 51782026
DŽ: 52083300 -> 51820403
DŽ: 51535767 -> 51535767
DŽ: 51782026 -> 51587065
DŽ: 51535767 -> 51535767
DŽ: 51782026 -> 51587065
DŽ: 51535767 -> 51535767
DŽ: 51757016 -> 51587065
DŽ: 51535767 -> 51615485
DŽ: 51782026 -> 51644004

 start over 452969 loops 541 unique solutions 
Approx + random 
DŽ: 56365073 -> 53179410
DŽ: 51757016 -> 51753507
DŽ: 51535767 -> 51624892
DŽ: 51683785 -> 51644004
DŽ: 52196353 -> 51810446
DŽ: 51535767 -> 51535767
DŽ: 51558546 -> 51558546
DŽ: 52225525 -> 52303327
DŽ: 51574782 -> 51615485
DŽ: 52815075 -> 52117602
DŽ: 51535767 -> 51535767
DŽ: 51574782 -> 51615485
DŽ: 51558546 -> 51558546
DŽ: 51535767 -> 51535767
DŽ: 51624892 -> 51615485
DŽ: 51676062 -> 51615485
DŽ: 52303327 -> 52303327
DŽ: 51535767 -> 51535767
DŽ: 51535767 -> 51535767
DŽ: 51603301 -> 51558546
DŽ: 51736118 -> 51615485
DŽ: 51753507 -> 51558546
DŽ: 51574782 -> 51558546
DŽ: 51535767 -> 51535767
DŽ: 51535767 -> 51535767
DŽ: 51603301 -> 51587065
DŽ: 52060663 -> 51823480
DŽ: 51535767 -> 51535767
DŽ: 51558546 -> 51615485
DŽ: 51535767 -> 51535767
DŽ: 51671504 -> 51615485
DŽ: 51618994 -> 51848823
DŽ: 51615485 -> 51615485
DŽ: 51615485 -> 51615485
DŽ: 51603301 -> 51587065

 start over 486545 loops 569 unique solutions 
Original + vert_size 0 
DŽ: 53252799 -> 51848823
DŽ: 51535767 -> 51535767
DŽ: 51535767 -> 51535767
DŽ: 51820025 -> 51746654
DŽ: 51535767 -> 51535767
DŽ: 51603301 -> 51587065
DŽ: 51603301 -> 51587065
DŽ: 51535767 -> 51535767
DŽ: 51535767 -> 51535767
DŽ: 51535767 -> 51615485
DŽ: 51558546 -> 51558546
DŽ: 52060663 -> 52060663
DŽ: 52057208 -> 51746654
DŽ: 51848823 -> 51848823
DŽ: 51562055 -> 51558546
DŽ: 51535767 -> 51615485
DŽ: 51535767 -> 51535767
DŽ: 51535767 -> 51535767
DŽ: 51535767 -> 51535767
DŽ: 51535767 -> 51803593
DŽ: 51535767 -> 51535767
DŽ: 51535767 -> 51615485
DŽ: 51587065 -> 51558546
DŽ: 51603301 -> 51587065
DŽ: 51618994 -> 51848823
DŽ: 51535767 -> 51535767
DŽ: 51535767 -> 51535767
DŽ: 51648153 -> 51574782
DŽ: 51558546 -> 51558546
DŽ: 51535767 -> 51535767
DŽ: 51603301 -> 51644004
DŽ: 51535767 -> 51535767

 start over 517305 loops 602 unique solutions 
Approx + random 
DŽ: 56365073 -> 52360266
DŽ: 52060663 -> 52060663
DŽ: 51535767 -> 51535767
DŽ: 51968946 -> 51615485
DŽ: 51854787 -> 51615485
DŽ: 51659826 -> 51615485
DŽ: 51535767 -> 51535767
DŽ: 51659826 -> 51615485
DŽ: 51535767 -> 51535767
DŽ: 51535767 -> 51535767
DŽ: 51535767 -> 51535767
DŽ: 51535767 -> 51535767
DŽ: 51562055 -> 51558546
DŽ: 51615485 -> 51615485
DŽ: 51854787 -> 51615485
DŽ: 51562055 -> 51615485
DŽ: 51535767 -> 51535767
DŽ: 51833991 -> 51587065
DŽ: 51810446 -> 51615485
DŽ: 51753507 -> 51558546
DŽ: 51587065 -> 51587065
DŽ: 51719882 -> 51615485
DŽ: 51535767 -> 51535767
DŽ: 51854787 -> 51615485
DŽ: 51535767 -> 51535767
DŽ: 51535767 -> 51535767
DŽ: 51535767 -> 51535767
DŽ: 51810446 -> 51803593
DŽ: 51535767 -> 51535767
DŽ: 51810446 -> 51615485
DŽ: 51854787 -> 51615485

 start over 547790 loops 627 unique solutions 
Original + vert_size 0 
DŽ: 53252799 -> 51848823
DŽ: 51615485 -> 51615485
DŽ: 51535767 -> 51791884
DŽ: 51646575 -> 51615485
DŽ: 51558546 -> 51589636
DŽ: 51535767 -> 51535767
DŽ: 51595823 -> 51558546
DŽ: 51535767 -> 51644004
DŽ: 51558546 -> 51558546
DŽ: 51833991 -> 51558546
DŽ: 51535767 -> 51535767
DŽ: 51535767 -> 51535767
DŽ: 51753507 -> 51615485
DŽ: 51574782 -> 51558546
DŽ: 51535767 -> 51535767
DŽ: 51659826 -> 51644004
DŽ: 51823245 -> 51615485
DŽ: 51558546 -> 51558546
DŽ: 51729712 -> 51558546
DŽ: 51733282 -> 51615485
DŽ: 51578291 -> 51558546
DŽ: 51558546 -> 51558546
DŽ: 51753507 -> 51558546
DŽ: 51587065 -> 51615485
DŽ: 51648153 -> 51558546
DŽ: 51578291 -> 51615485
DŽ: 51558546 -> 51615485
DŽ: 51644004 -> 51644004
DŽ: 51535767 -> 51535767
DŽ: 51644004 -> 51644004
DŽ: 51535767 -> 51535767
DŽ: 51644004 -> 51644004

 start over 578987 loops 655 unique solutions 
Original + vert_size 0 
DŽ: 53252799 -> 51848823
DŽ: 51535767 -> 51535767
DŽ: 51535767 -> 51535767
DŽ: 51587065 -> 51558546
DŽ: 51631721 -> 51615485
DŽ: 51587065 -> 51644004
DŽ: 51639030 -> 51615485
DŽ: 51535767 -> 51535767
DŽ: 51535767 -> 51535767
DŽ: 51574782 -> 51558546
DŽ: 51535767 -> 51535767
DŽ: 51578291 -> 51737071
DŽ: 51680132 -> 51615485
DŽ: 51595823 -> 51558546
DŽ: 51558546 -> 51558546
DŽ: 51717132 -> 51615485
DŽ: 51535767 -> 51535767
DŽ: 51555512 -> 51535767
DŽ: 51535767 -> 51535767
DŽ: 51535767 -> 51535767
DŽ: 51535767 -> 51535767
DŽ: 51631021 -> 51558546
DŽ: 51535767 -> 51535767
DŽ: 51535767 -> 51535767
DŽ: 51717132 -> 51615485
DŽ: 51659826 -> 51615485
DŽ: 51535767 -> 51535767
DŽ: 51535767 -> 51535767
DŽ: 51615485 -> 51615485
DŽ: 51555512 -> 51535767
DŽ: 51578291 -> 51558546
DŽ: 51535767 -> 51535767
DŽ: 51583653 -> 51558546
DŽ: 51535767 -> 51535767
DŽ: 51535767 -> 51535767

 start over 612355 loops 685 unique solutions 
Original + vert_size 0 
DŽ: 53252799 -> 51848823
DŽ: 51535767 -> 51535767
DŽ: 51587065 -> 51587065
DŽ: 51615485 -> 51615485
DŽ: 51535767 -> 51535767
DŽ: 51676062 -> 51615485
DŽ: 51535767 -> 51535767
DŽ: 51791884 -> 51791884
DŽ: 51535767 -> 51535767
DŽ: 51615485 -> 51615485
DŽ: 51535767 -> 51535767
DŽ: 51535767 -> 51535767
DŽ: 51535767 -> 51535767
DŽ: 51535767 -> 51535767
DŽ: 51535767 -> 51535767
DŽ: 51535767 -> 51535767
DŽ: 51631917 -> 51746654
DŽ: 51659826 -> 51644004
DŽ: 51738201 -> 51558546
DŽ: 51535767 -> 51535767
DŽ: 51579587 -> 51558546
DŽ: 51535767 -> 51535767
DŽ: 51535767 -> 51535767
DŽ: 51746654 -> 51746654
DŽ: 51558546 -> 51615485
DŽ: 51746654 -> 51775173
DŽ: 51587065 -> 51587065
DŽ: 51558546 -> 51615485
DŽ: 51535767 -> 51535767
DŽ: 51535767 -> 51535767
DŽ: 51535767 -> 51535767
DŽ: 51615485 -> 51615485
DŽ: 51647257 -> 52029890
DŽ: 51558546 -> 51558546
DŽ: 51587065 -> 51587065
DŽ: 51631917 -> 51558546
DŽ: 51535767 -> 51535767

 start over 648308 loops 720 unique solutions 
Approx + random 
DŽ: 56365073 -> 52388785
DŽ: 51587065 -> 51558546
DŽ: 51603301 -> 51587065
DŽ: 51558546 -> 51587065
DŽ: 51535767 -> 51535767
DŽ: 51535767 -> 51535767
DŽ: 51721965 -> 51558546
DŽ: 51535767 -> 51535767
DŽ: 51535767 -> 51535767
DŽ: 51603301 -> 52058409
DŽ: 51693185 -> 51693185
DŽ: 51535767 -> 51535767
DŽ: 51574782 -> 51558546
DŽ: 51535767 -> 51535767
DŽ: 51535767 -> 51535767
DŽ: 51645431 -> 51615485
DŽ: 52043985 -> 51587065
DŽ: 51615485 -> 51615485
DŽ: 51535767 -> 51535767
DŽ: 51535767 -> 51535767
DŽ: 51535767 -> 51535767
DŽ: 51673793 -> 51615485
DŽ: 51693185 -> 51693185
DŽ: 51535767 -> 51535767
DŽ: 51693185 -> 51746654
DŽ: 51535767 -> 51535767
DŽ: 51535767 -> 51615485
DŽ: 51693185 -> 51693185
DŽ: 51693185 -> 51832112
DŽ: 51693185 -> 51693185
DŽ: 51603301 -> 51587065
DŽ: 51535767 -> 51535767
DŽ: 51803593 -> 51803593
DŽ: 51693185 -> 51803593

 start over 681745 loops 757 unique solutions 
Original + vert_size 0 
DŽ: 53252799 -> 51848823
DŽ: 51558546 -> 51558546
DŽ: 51535767 -> 51535767
DŽ: 51535767 -> 51535767
DŽ: 51603301 -> 51587065
DŽ: 51535767 -> 51535767
DŽ: 51535767 -> 51535767
DŽ: 51626064 -> 51721704
DŽ: 51587065 -> 51587065
DŽ: 51558546 -> 51558546
DŽ: 51603301 -> 51644004
DŽ: 51644004 -> 51644004
DŽ: 51587065 -> 51644004
DŽ: 51644004 -> 51644004
DŽ: 51535767 -> 51535767
DŽ: 51644004 -> 51644004
DŽ: 51644004 -> 51644004
DŽ: 51587065 -> 51558546
DŽ: 51848823 -> 51848823
DŽ: 51603301 -> 51782026
DŽ: 51535767 -> 51535767
DŽ: 51615485 -> 51615485
DŽ: 51587065 -> 51795729
DŽ: 51587065 -> 51558546
DŽ: 51535767 -> 51535767
DŽ: 51644004 -> 51587065
DŽ: 51644004 -> 51615485
DŽ: 51766720 -> 51587065
DŽ: 51535767 -> 51535767
DŽ: 51535767 -> 51535767
DŽ: 51587065 -> 51644004
DŽ: 51615485 -> 51615485

 start over 712964 loops 790 unique solutions 
Original + vert_size 0 
DŽ: 53252799 -> 51848823
DŽ: 51587065 -> 51587065
DŽ: 51535767 -> 51535767
DŽ: 51587065 -> 51644004
DŽ: 51558546 -> 51558546
DŽ: 51535767 -> 51535767
DŽ: 51562055 -> 51558546
DŽ: 51535767 -> 51564286
DŽ: 51587065 -> 51587065
DŽ: 51644004 -> 51644004
DŽ: 51587065 -> 51558546
DŽ: 51558546 -> 51558546
DŽ: 51778904 -> 51615485
DŽ: 51644004 -> 51644004
DŽ: 51535767 -> 51535767
DŽ: 51587065 -> 51587065
DŽ: 51644004 -> 51644004
DŽ: 51644004 -> 51644004
DŽ: 51644004 -> 51644004
DŽ: 51587065 -> 51587065
DŽ: 51535767 -> 51535767
DŽ: 51558546 -> 51558546
DŽ: 51535767 -> 51535767
DŽ: 51535767 -> 51535767
DŽ: 51683785 -> 51587065
DŽ: 51587065 -> 51644004
DŽ: 51535767 -> 51615485
DŽ: 51535767 -> 51535767
DŽ: 51587065 -> 51587065
DŽ: 51587065 -> 51587065
DŽ: 51679571 -> 51615485
DŽ: 51587065 -> 51587065
DŽ: 51587065 -> 51587065

 start over 744378 loops 808 unique solutions 
Approx + random 
DŽ: 56365073 -> 52513138
DŽ: 51587065 -> 51587065
DŽ: 52513138 -> 52231614
DŽ: 51587065 -> 51587065
DŽ: 51587065 -> 51587065
DŽ: 51558546 -> 51615485
DŽ: 51852987 -> 51708651
DŽ: 51795140 -> 51615485
DŽ: 51954267 -> 51644004
DŽ: 51708651 -> 51708651
DŽ: 51587065 -> 51644004
DŽ: 51838065 -> 51644004
DŽ: 52513138 -> 52110028
DŽ: 51708651 -> 51587065
DŽ: 51535767 -> 51535767
DŽ: 51708651 -> 51765590
DŽ: 51708651 -> 51708651
DŽ: 51587065 -> 51587065
DŽ: 51644004 -> 51644004
DŽ: 51598705 -> 51587065
DŽ: 51683641 -> 51558546
DŽ: 51587065 -> 51587065
DŽ: 51570186 -> 51644004
DŽ: 51535767 -> 51535767
DŽ: 51587065 -> 51587065
DŽ: 51644004 -> 51644004
DŽ: 52141118 -> 51881187
DŽ: 51587065 -> 51587065
DŽ: 51587065 -> 51644004
DŽ: 51644004 -> 51615485
DŽ: 51587065 -> 51587065
DŽ: 51573695 -> 51615485
DŽ: 51598705 -> 51587065
DŽ: 51570186 -> 51615485
DŽ: 51708651 -> 51587065

 start over 778851 loops 840 unique solutions 
Original + vert_size 0 
DŽ: 53252799 -> 51848823
DŽ: 51587065 -> 51558546
DŽ: 51587065 -> 51587065
DŽ: 51535767 -> 51535767
DŽ: 51896723 -> 51558546
DŽ: 51925895 -> 51558546
DŽ: 51558546 -> 51558546
DŽ: 51535767 -> 51535767
DŽ: 51708651 -> 51587065
DŽ: 51535767 -> 51535767
DŽ: 51644004 -> 51644004
DŽ: 51535767 -> 51535767
DŽ: 51535767 -> 51535767
DŽ: 51587065 -> 51644004
DŽ: 51535767 -> 51535767
DŽ: 51631021 -> 51558546
DŽ: 51644004 -> 51644004
DŽ: 51558546 -> 51558546
DŽ: 51634530 -> 51558546
DŽ: 51896723 -> 51587065
DŽ: 51535767 -> 51535767
DŽ: 51631021 -> 51680132
DŽ: 51535767 -> 51535767
DŽ: 51896723 -> 51558546
DŽ: 51680132 -> 51737071
DŽ: 51535767 -> 51535767
DŽ: 51631021 -> 51558546
DŽ: 51535767 -> 51535767
DŽ: 51562055 -> 51558546
DŽ: 51634530 -> 51558546
DŽ: 51535767 -> 51535767
DŽ: 51535767 -> 51535767
DŽ: 51535767 -> 51535767

 start over 810495 loops 879 unique solutions 
Original + vert_size 13 
DŽ: 53252799 -> 51810446
DŽ: 51535767 -> 51615485
DŽ: 51680132 -> 51834118
DŽ: 51535767 -> 51535767
DŽ: 51535767 -> 51535767
DŽ: 51810446 -> 51838965
DŽ: 51535767 -> 51535767
DŽ: 51660193 -> 51615485
DŽ: 51535767 -> 51535767
DŽ: 51660193 -> 51615485
DŽ: 51823659 -> 51644004
DŽ: 51896723 -> 52053089
DŽ: 51615485 -> 51644004
DŽ: 51535767 -> 51535767
DŽ: 51615485 -> 51615485
DŽ: 51704581 -> 51644004
DŽ: 51660240 -> 51615485
DŽ: 51660193 -> 51558546
DŽ: 51660240 -> 51644004
DŽ: 51704581 -> 51908938
DŽ: 51660193 -> 51558546
DŽ: 51535767 -> 51535767
DŽ: 51535767 -> 51535767
DŽ: 51808979 -> 51775173
DŽ: 51535767 -> 51535767
DŽ: 51535767 -> 51535767
DŽ: 51587065 -> 51587065
DŽ: 51644004 -> 51644004
DŽ: 51660193 -> 51558546
DŽ: 51795075 -> 51721704
DŽ: 51848544 -> 51775173
DŽ: 51618994 -> 51615485
DŽ: 51618994 -> 51615485
DŽ: 51535767 -> 51535767
DŽ: 51535767 -> 51535767

 start over 844971 loops 912 unique solutions 
Original + vert_size 0 
DŽ: 53252799 -> 51848823
DŽ: 51659540 -> 51644004
DŽ: 51659540 -> 51644004
DŽ: 51535767 -> 51535767
DŽ: 51659540 -> 51587065
DŽ: 51798530 -> 51798530
DŽ: 51535767 -> 51535767
DŽ: 51693185 -> 51803593
DŽ: 51659826 -> 51615485
DŽ: 51535767 -> 51615485
DŽ: 51618994 -> 51615485
DŽ: 51688712 -> 51644004
DŽ: 51803593 -> 51803593
DŽ: 51659540 -> 51587065
DŽ: 51562055 -> 51935398
DŽ: 51535767 -> 51535767
DŽ: 51660240 -> 52355032
DŽ: 51803593 -> 51803593
DŽ: 51761473 -> 51644004
DŽ: 51746654 -> 51746654
DŽ: 51562055 -> 51558546
DŽ: 51688856 -> 51615485
DŽ: 51671504 -> 51615485
DŽ: 51535767 -> 51535767
DŽ: 51688856 -> 51615485
DŽ: 51535767 -> 51535767
DŽ: 51688856 -> 51558546
DŽ: 51535767 -> 51535767
DŽ: 51615485 -> 51615485
DŽ: 51535767 -> 51535767
DŽ: 51615485 -> 51615485
DŽ: 51615485 -> 51644004

 start over 875682 loops 939 unique solutions 
Original + vert_size 0 
DŽ: 53252799 -> 51848823
DŽ: 51717132 -> 51615485
DŽ: 51535767 -> 51535767
DŽ: 51671504 -> 51615485
DŽ: 51535767 -> 51535767
DŽ: 51795140 -> 51615485
DŽ: 51660240 -> 51587065
DŽ: 51535767 -> 51535767
DŽ: 51761473 -> 51615485
DŽ: 51535767 -> 51535767
DŽ: 51535767 -> 51535767
DŽ: 51721704 -> 51746654
DŽ: 51746654 -> 51746654
DŽ: 51717132 -> 51615485
DŽ: 51721704 -> 51721704
DŽ: 51683785 -> 51587065
DŽ: 51839481 -> 51615485
DŽ: 51535767 -> 51535767
DŽ: 51535767 -> 51535767
DŽ: 51535767 -> 51535767
DŽ: 51535767 -> 51535767
DŽ: 51728443 -> 51615485
DŽ: 51756962 -> 51644004
DŽ: 51659826 -> 51615485
DŽ: 51535767 -> 51535767
DŽ: 51535767 -> 51535767
DŽ: 51696694 -> 51693185
DŽ: 51756962 -> 51615485
DŽ: 51535767 -> 51535767
DŽ: 51535767 -> 51535767
DŽ: 51704581 -> 51644004
DŽ: 51535767 -> 51535767
DŽ: 51535767 -> 51535767

 start over 907181 loops 974 unique solutions 
Original + vert_size 13 
DŽ: 53252799 -> 51819829
DŽ: 51746654 -> 51746654
DŽ: 51721704 -> 51721704
DŽ: 51693185 -> 51693185
DŽ: 51721704 -> 51721704
DŽ: 51746654 -> 51746654
DŽ: 51574782 -> 51615485
DŽ: 51535767 -> 51535767
DŽ: 51746654 -> 51775173
DŽ: 51728443 -> 51631721
DŽ: 51535767 -> 51535767
DŽ: 51660240 -> 51644004
DŽ: 51535767 -> 51535767
DŽ: 51775173 -> 51775173
DŽ: 51535767 -> 51535767
DŽ: 51721704 -> 51721704
DŽ: 51535767 -> 51615485
DŽ: 51746654 -> 51746654
DŽ: 51721704 -> 51775173
DŽ: 51535767 -> 51535767
DŽ: 51587065 -> 51587065
DŽ: 51644004 -> 51644004
DŽ: 51644004 -> 51644004
DŽ: 51587065 -> 51587065
DŽ: 51535767 -> 51535767
DŽ: 51535767 -> 51535767
DŽ: 51746654 -> 51746654
DŽ: 51535767 -> 51535767
DŽ: 51535767 -> 51535767
DŽ: 51587065 -> 51587065
DŽ: 51535767 -> 51535767
DŽ: 51535767 -> 51535767
DŽ: 51535767 -> 51558546
DŽ: 51535767 -> 51535767

 start over 940181 loops 1008 unique solutions 
Approx + random 
DŽ: 56365073 -> 52663758
DŽ: 51587065 -> 51558546
DŽ: 51660240 -> 51644004
DŽ: 51535767 -> 51535767
DŽ: 51535767 -> 51535767
DŽ: 51761803 -> 51746654
DŽ: 51644004 -> 51644004
DŽ: 51644004 -> 51615485
DŽ: 51775173 -> 51775173
DŽ: 51535767 -> 51535767
DŽ: 51775173 -> 51901584
DŽ: 51535767 -> 51535767
DŽ: 51603301 -> 51782026
DŽ: 51535767 -> 51535767
DŽ: 51823480 -> 51823480
DŽ: 51535767 -> 51535767
DŽ: 51535767 -> 51535767
DŽ: 51782026 -> 51587065
DŽ: 51823480 -> 51851999
DŽ: 51574782 -> 51615485
DŽ: 51535767 -> 51535767
DŽ: 51660240 -> 51615485
DŽ: 51535767 -> 51535767
DŽ: 51535767 -> 51535767
DŽ: 51574782 -> 51558546
DŽ: 51851999 -> 51908938
DŽ: 51595823 -> 52029890
DŽ: 51595823 -> 51574782
DŽ: 51613430 -> 51558546
DŽ: 51535767 -> 51535767
DŽ: 51535767 -> 51535767
DŽ: 51737271 -> 51558546
DŽ: 51635426 -> 51615485
DŽ: 51737271 -> 51558546
DŽ: 51613430 -> 51615485

 start over 974420 loops 1037 unique solutions 
Approx + random 
DŽ: 56365073 -> 53213578
DŽ: 51746654 -> 51746654
DŽ: 51631917 -> 51558546
DŽ: 51562055 -> 51587065
DŽ: 51595823 -> 51558546
DŽ: 51535767 -> 51535767
DŽ: 51635426 -> 51558546
DŽ: 51613430 -> 51558546
DŽ: 51535767 -> 51535767
DŽ: 51535767 -> 51535767
DŽ: 51535767 -> 51535767
DŽ: 51535767 -> 51615485
DŽ: 51746654 -> 51746654
DŽ: 51535767 -> 51535767
DŽ: 51603301 -> 51587065
DŽ: 51535767 -> 51535767
DŽ: 51535767 -> 51535767
DŽ: 51535767 -> 51535767
DŽ: 52876794 -> 52201100
DŽ: 51659540 -> 51587065
DŽ: 51716479 -> 51615485
DŽ: 51678350 -> 51558546
DŽ: 51659540 -> 51644004
DŽ: 51587065 -> 51775173
DŽ: 51558546 -> 51558546
DŽ: 51535767 -> 51535767
DŽ: 51674841 -> 51558546
DŽ: 51535767 -> 51535767
DŽ: 51535767 -> 51535767
DŽ: 51678350 -> 51558546
DŽ: 51603301 -> 51587065
DŽ: 51535767 -> 51535767

 start over 1005181 loops 1070 unique solutions 
Original + vert_size 13 
DŽ: 53252799 -> 51848823
DŽ: 51587065 -> 51587065
DŽ: 51535767 -> 51535767
DŽ: 51535767 -> 51535767
DŽ: 51574782 -> 51631721
DŽ: 51574782 -> 51558546
DŽ: 51674841 -> 51558546
DŽ: 51587065 -> 51587065
DŽ: 51603301 -> 51782026
DŽ: 51535767 -> 51535767
DŽ: 51535767 -> 51535767
DŽ: 51603301 -> 51644004
DŽ: 51574782 -> 51615485
DŽ: 51535767 -> 51535767
DŽ: 51574782 -> 51753507
DŽ: 51603301 -> 51644004
DŽ: 51603301 -> 51603301
DŽ: 51579587 -> 51558546
DŽ: 51753507 -> 51558546
DŽ: 51753507 -> 51558546
DŽ: 51578291 -> 51990690
DŽ: 51587065 -> 51587065
DŽ: 51753507 -> 51615485
DŽ: 51535767 -> 51535767
DŽ: 51648153 -> 51558546
DŽ: 51535767 -> 51535767
DŽ: 51587065 -> 51587065
DŽ: 51535767 -> 51535767
DŽ: 51535767 -> 51535767
DŽ: 51535767 -> 51535767
DŽ: 51535767 -> 51535767
DŽ: 51757016 -> 51558546
DŽ: 51631721 -> 51615485
DŽ: 51713476 -> 51558546
DŽ: 51574782 -> 51574782
DŽ: 51713476 -> 51615485

 start over 1040643 loops 1099 unique solutions 
Approx + random 
DŽ: 56365073 -> 53213578
DŽ: 51535767 -> 51535767
DŽ: 52907426 -> 52331846
DŽ: 52562334 -> 51875093
DŽ: 51535767 -> 51535767
DŽ: 52018372 -> 51558546
DŽ: 52018372 -> 51644004
DŽ: 51558546 -> 51558546
DŽ: 51579587 -> 51834118
DŽ: 51535767 -> 51535767
DŽ: 51644004 -> 51644004
DŽ: 51587065 -> 51558546
DŽ: 51765790 -> 51587065
DŽ: 51587065 -> 51558546
DŽ: 51631721 -> 51615485
DŽ: 51875093 -> 51753507
DŽ: 51535767 -> 51535767
DŽ: 51535767 -> 51535767
DŽ: 51765790 -> 51587065
DŽ: 51535767 -> 51535767
DŽ: 51639030 -> 51615485
DŽ: 52562334 -> 51875093
DŽ: 51535767 -> 51535767
DŽ: 51535767 -> 51535767
DŽ: 51535767 -> 51535767
DŽ: 51586422 -> 51558546
DŽ: 51611529 -> 51574782
DŽ: 51535767 -> 51535767
DŽ: 51599889 -> 51615485
DŽ: 51690819 -> 51558546
DŽ: 51535767 -> 51535767
DŽ: 51690819 -> 51558546
DŽ: 51660193 -> 52104589
DŽ: 51644004 -> 51644004
DŽ: 51535767 -> 51535767
DŽ: 51631021 -> 51615485

 start over 1075242 loops 1133 unique solutions 
Approx + random 
DŽ: 56365073 -> 53164503
DŽ: 51587065 -> 51587065
DŽ: 51587065 -> 51558546
DŽ: 51586422 -> 51558546
DŽ: 51765790 -> 51782026
DŽ: 51558546 -> 51558546
DŽ: 51535767 -> 51535767
DŽ: 51639030 -> 51680132
DŽ: 51619123 -> 51558546
DŽ: 51631021 -> 51558546
DŽ: 51791409 -> 51803593
DŽ: 51535767 -> 51535767
DŽ: 51535767 -> 51535767
DŽ: 51746654 -> 51746654
DŽ: 51535767 -> 51535767
DŽ: 51535767 -> 51535767
DŽ: 51558546 -> 51615485
DŽ: 51535767 -> 51535767
DŽ: 51535767 -> 51535767
DŽ: 52027073 -> 51832112
DŽ: 51535767 -> 51535767
DŽ: 51535767 -> 51535767
DŽ: 51693185 -> 51693185
DŽ: 51832112 -> 51832112
DŽ: 51746654 -> 51803593
DŽ: 51535767 -> 51535767
DŽ: 51661050 -> 51558546
DŽ: 51661050 -> 51615485
DŽ: 51535767 -> 51535767
DŽ: 51615485 -> 51615485
DŽ: 51746654 -> 51746654
DŽ: 51717375 -> 51644004
DŽ: 51535767 -> 51535767
DŽ: 51615485 -> 51615485

 start over 1108669 loops 1165 unique solutions 
Original + vert_size 0 
DŽ: 53252799 -> 51848823
DŽ: 51619123 -> 51615485
DŽ: 51587065 -> 51587065
DŽ: 51660436 -> 51587065
DŽ: 51574782 -> 51558546
DŽ: 51746654 -> 51803593
DŽ: 51746654 -> 51746654
DŽ: 51587065 -> 51558546
DŽ: 51535767 -> 51535767
DŽ: 51535767 -> 51535767
DŽ: 51558546 -> 51558546
DŽ: 51558546 -> 51558546
DŽ: 51535767 -> 51535767
DŽ: 51535767 -> 51535767
DŽ: 51693185 -> 51693185
DŽ: 51746654 -> 51746654
DŽ: 51535767 -> 51535767
DŽ: 51587065 -> 51587065
DŽ: 51693185 -> 51693185
DŽ: 51693185 -> 51968757
DŽ: 51535767 -> 51535767
DŽ: 51535767 -> 51535767
DŽ: 51535767 -> 51615485
DŽ: 51693185 -> 51693185
DŽ: 51791409 -> 51775173
DŽ: 51535767 -> 51535767
DŽ: 51791409 -> 51775173
DŽ: 51535767 -> 51620324
DŽ: 51791409 -> 51775173
DŽ: 51721704 -> 51721704
DŽ: 51535767 -> 51535767
DŽ: 51620324 -> 51620324
DŽ: 51535767 -> 51535767
DŽ: 51737940 -> 51721704

 start over 1141406 loops 1191 unique solutions 
Approx + random 
DŽ: 56365073 -> 53091992
DŽ: 51558546 -> 51558546
DŽ: 51535767 -> 51535767
DŽ: 51825982 -> 51615485
DŽ: 51693185 -> 51693185
DŽ: 51693185 -> 51693185
DŽ: 51535767 -> 51535767
DŽ: 51693185 -> 51693185
DŽ: 51558546 -> 51558546
DŽ: 51535767 -> 51535767
DŽ: 51737940 -> 51721704
DŽ: 51535767 -> 51535767
DŽ: 51535767 -> 51535767
DŽ: 51535767 -> 51535767
DŽ: 52122205 -> 51810446
DŽ: 51693185 -> 51803593
DŽ: 51535767 -> 51535767
DŽ: 51535767 -> 51535767
DŽ: 51535767 -> 51535767
DŽ: 51675776 -> 52086829
DŽ: 51535767 -> 51535767
DŽ: 51535767 -> 51535767
DŽ: 51535767 -> 51535767
DŽ: 51615485 -> 51615485
DŽ: 51535767 -> 51535767
DŽ: 51696694 -> 51693185
DŽ: 51693185 -> 51693185
DŽ: 51535767 -> 51535767
DŽ: 51693185 -> 51693185
DŽ: 51535767 -> 51535767
DŽ: 52005217 -> 51810446
DŽ: 51535767 -> 51535767
DŽ: 51675776 -> 51587065
DŽ: 51535767 -> 51535767
DŽ: 51693185 -> 51746654
DŽ: 51535767 -> 51535767

 start over 1176181 loops 1232 unique solutions 
Approx + random 
DŽ: 56365073 -> 52542172
DŽ: 51615485 -> 51615485
DŽ: 51535767 -> 51535767
DŽ: 51587065 -> 51644004
DŽ: 51535767 -> 51535767
DŽ: 51693185 -> 51693185
DŽ: 51535767 -> 51535767
DŽ: 51535767 -> 51535767
DŽ: 51535767 -> 51535767
DŽ: 51603301 -> 51558546
DŽ: 51535767 -> 51535767
DŽ: 51578291 -> 51558546
DŽ: 51535767 -> 51564286
DŽ: 51631721 -> 51615485
DŽ: 51535767 -> 51535767
DŽ: 51675776 -> 51587065
DŽ: 51535767 -> 51615485
DŽ: 51535767 -> 51558546
DŽ: 51535767 -> 51535767
DŽ: 51578291 -> 51558546
DŽ: 51644004 -> 51615485
DŽ: 51603301 -> 51558546
DŽ: 51693185 -> 51803593
DŽ: 51693185 -> 51746654
DŽ: 52091684 -> 51824248
DŽ: 51644004 -> 51644004
DŽ: 51803593 -> 51803593
DŽ: 51535767 -> 51535767
DŽ: 51558546 -> 51558546
DŽ: 51587065 -> 51644004
DŽ: 51587065 -> 51644004
DŽ: 51803593 -> 51803593
DŽ: 51644004 -> 51644004

 start over 1208400 loops 1262 unique solutions 
Original + vert_size 13 
DŽ: 53252799 -> 51631721
DŽ: 51535767 -> 51535767
DŽ: 51578291 -> 51574782
DŽ: 51535767 -> 51535767
DŽ: 51587065 -> 51615485
DŽ: 51535767 -> 51535767
DŽ: 51674694 -> 51644004
DŽ: 51535767 -> 51535767
DŽ: 51603301 -> 51644004
DŽ: 51704196 -> 51810446
DŽ: 51578291 -> 51558546
DŽ: 51578291 -> 51558546
DŽ: 51578291 -> 51558546
DŽ: 51615485 -> 51615485
DŽ: 51674694 -> 51644004
DŽ: 51674694 -> 51644004
DŽ: 51535767 -> 51535767
DŽ: 51578291 -> 51558546
DŽ: 51558546 -> 51558546
DŽ: 51558546 -> 51558546
DŽ: 51693185 -> 51693185
DŽ: 51690930 -> 51644004
DŽ: 51535767 -> 51535767
DŽ: 51535767 -> 51615485
DŽ: 51660240 -> 51644004
DŽ: 51644004 -> 51644004
DŽ: 51674694 -> 51644004
DŽ: 51535767 -> 51535767
DŽ: 51535767 -> 51535767
DŽ: 51690930 -> 51644004
DŽ: 51535767 -> 51535767
DŽ: 51660240 -> 52115348

 start over 1239444 loops 1285 unique solutions 
Approx + random 
DŽ: 56365073 -> 53063473
DŽ: 51689569 -> 51587065
DŽ: 51535767 -> 51535767
DŽ: 51674694 -> 51644004
DŽ: 51693185 -> 51803593
DŽ: 51535767 -> 51535767
DŽ: 51535767 -> 51535767
DŽ: 51535767 -> 51535767
DŽ: 51644004 -> 51644004
DŽ: 51978018 -> 51810446
DŽ: 51535767 -> 51615485
DŽ: 51644004 -> 51644004
DŽ: 51736118 -> 51644004
DŽ: 51644004 -> 51644004
DŽ: 51535767 -> 51535767
DŽ: 51803593 -> 51803593
DŽ: 51644004 -> 51644004
DŽ: 52654195 -> 52769351
DŽ: 51603301 -> 51838965
DŽ: 51676062 -> 51615485
DŽ: 51580522 -> 51564286
DŽ: 51612172 -> 51587065
DŽ: 51535767 -> 51535767
DŽ: 51612172 -> 51558546
DŽ: 51558546 -> 51558546
DŽ: 52225525 -> 51810446
DŽ: 51535767 -> 51535767
DŽ: 51803593 -> 51803593
DŽ: 51558546 -> 51558546
DŽ: 51766720 -> 51660240
DŽ: 51676062 -> 51615485
DŽ: 51644004 -> 51615485
DŽ: 51803593 -> 51803593
DŽ: 51535767 -> 51535767
DŽ: 51535767 -> 51535767

 start over 1273957 loops 1324 unique solutions 
Original + vert_size 0 
DŽ: 53252799 -> 51848823
DŽ: 51535767 -> 51535767
DŽ: 51535767 -> 51535767
DŽ: 51558546 -> 51746654
DŽ: 51644004 -> 51615485
DŽ: 51558546 -> 51558546
DŽ: 51644004 -> 51615485
DŽ: 51535767 -> 51535767
DŽ: 51746654 -> 51803593
DŽ: 51587065 -> 51587065
DŽ: 51535767 -> 51535767
DŽ: 51535767 -> 51535767
DŽ: 51746654 -> 51775173
DŽ: 51746654 -> 51746654
DŽ: 51659826 -> 51644004
DŽ: 51746654 -> 51746654
DŽ: 51535767 -> 51535767
DŽ: 51680867 -> 51615485
DŽ: 51535767 -> 51535767
DŽ: 51746654 -> 51746654
DŽ: 51746654 -> 51746654
DŽ: 51746654 -> 51746654
DŽ: 51535767 -> 51535767
DŽ: 51746654 -> 51558546
DŽ: 51746654 -> 51746654
DŽ: 51746654 -> 51746654
DŽ: 51746654 -> 51746654
DŽ: 51713476 -> 51558546
DŽ: 51535767 -> 51615485
DŽ: 51644004 -> 51615485
DŽ: 51639030 -> 51558546
DŽ: 51535767 -> 51535767

 start over 1304302 loops 1361 unique solutions 
Original + vert_size 0 
DŽ: 53252799 -> 51848823
DŽ: 51535767 -> 51535767
DŽ: 51746654 -> 51746654
DŽ: 51535767 -> 51535767
DŽ: 51535767 -> 51564286
DŽ: 51746654 -> 51746654
DŽ: 51535767 -> 51535767
DŽ: 51535767 -> 51535767
DŽ: 51612172 -> 51644004
DŽ: 51639030 -> 51558546
DŽ: 51615485 -> 51615485
DŽ: 51746654 -> 51746654
DŽ: 51659826 -> 51615485
DŽ: 51535767 -> 51535767
DŽ: 51746654 -> 51746654
DŽ: 51558546 -> 51558546
DŽ: 51810229 -> 51615485
DŽ: 51535767 -> 51535767
DŽ: 51535767 -> 51535767
DŽ: 51535767 -> 51535767
DŽ: 51746654 -> 51746654
DŽ: 51587065 -> 51795729
DŽ: 51558546 -> 51558546
DŽ: 51677810 -> 51644004
DŽ: 51535767 -> 51535767
DŽ: 51615485 -> 51615485
DŽ: 51612172 -> 51587065
DŽ: 51612172 -> 51587065
DŽ: 51746654 -> 51746654
DŽ: 51535767 -> 51535767
DŽ: 51746654 -> 51803593

 start over 1334980 loops 1383 unique solutions 
Original + vert_size 13 
DŽ: 53252799 -> 51631721
DŽ: 51612172 -> 51644004
DŽ: 51795729 -> 51558546
DŽ: 51660436 -> 51587065
DŽ: 51746654 -> 51803593
DŽ: 51669111 -> 51644004
DŽ: 51615485 -> 51615485
DŽ: 51746654 -> 51746654
DŽ: 51612172 -> 51587065
DŽ: 51535767 -> 51535767
DŽ: 51746654 -> 51803593
DŽ: 51535767 -> 51535767
DŽ: 51612172 -> 51587065
DŽ: 51535767 -> 51535767
DŽ: 51535767 -> 51535767
DŽ: 51558546 -> 51644004
DŽ: 51535767 -> 51535767
DŽ: 51558546 -> 51558546
DŽ: 51746654 -> 51803593
DŽ: 51535767 -> 51535767
DŽ: 51535767 -> 51535767
DŽ: 51660436 -> 51644004
DŽ: 51535767 -> 51535767
DŽ: 51660436 -> 51708651
DŽ: 51535767 -> 51535767
DŽ: 51660436 -> 51587065
DŽ: 51535767 -> 51535767
DŽ: 51558546 -> 51558546
DŽ: 51612172 -> 51587065
DŽ: 51535767 -> 51535767
DŽ: 51558546 -> 51615485
DŽ: 51746654 -> 51746654

 start over 1365570 loops 1413 unique solutions 
Approx + random 
DŽ: 56365073 -> 52388785
DŽ: 51746654 -> 51746654
DŽ: 51535767 -> 51535767
DŽ: 51746654 -> 51746654
DŽ: 51746654 -> 51746654
DŽ: 51535767 -> 51535767
DŽ: 51574782 -> 51615485
DŽ: 51574782 -> 51615485
DŽ: 51660436 -> 51587065
DŽ: 51535767 -> 51535767
DŽ: 52192236 -> 51838965
DŽ: 51535767 -> 51535767
DŽ: 51766720 -> 51587065
DŽ: 51535767 -> 51535767
DŽ: 51535767 -> 51535767
DŽ: 51574782 -> 51558546
DŽ: 51535767 -> 51535767
DŽ: 51535767 -> 51535767
DŽ: 51535767 -> 51535767
DŽ: 52005389 -> 51810446
DŽ: 51574782 -> 51558546
DŽ: 51535767 -> 51535767
DŽ: 51535767 -> 51535767
DŽ: 51535767 -> 51535767
DŽ: 51587065 -> 51558546
DŽ: 51707698 -> 51782026
DŽ: 51535767 -> 51535767
DŽ: 51535767 -> 51535767
DŽ: 51605872 -> 51589636
DŽ: 51535767 -> 51535767
DŽ: 51660240 -> 51644004
DŽ: 51574782 -> 51558546
DŽ: 51535767 -> 51535767

 start over 1397447 loops 1445 unique solutions 
Approx + random 
DŽ: 56365073 -> 53280100
DŽ: 51535767 -> 51535767
DŽ: 51535767 -> 51535767
DŽ: 51535767 -> 51535767
DŽ: 51717132 -> 51615485
DŽ: 51574782 -> 51558546
DŽ: 51717132 -> 51810446
DŽ: 51535767 -> 51535767
DŽ: 51535767 -> 51535767
DŽ: 52068659 -> 51803593
DŽ: 52005389 -> 51810446
DŽ: 51766720 -> 51587065
DŽ: 51660240 -> 51644004
DŽ: 51535767 -> 51535767
DŽ: 51717132 -> 51615485
DŽ: 51704581 -> 51615485
DŽ: 51717132 -> 51644004
DŽ: 51764637 -> 51615485
DŽ: 51615485 -> 51615485
DŽ: 51660240 -> 51615485
DŽ: 51660240 -> 51644004
DŽ: 51578291 -> 51787900
DŽ: 52168718 -> 51803593
DŽ: 51535767 -> 51535767
DŽ: 51803593 -> 51803593
DŽ: 51717132 -> 51615485
DŽ: 51535767 -> 51535767
DŽ: 51597194 -> 51558546
DŽ: 51535767 -> 51535767
DŽ: 51660240 -> 51615485
DŽ: 51579587 -> 51558546
DŽ: 51597194 -> 51615485
DŽ: 51713476 -> 51615485
DŽ: 51535767 -> 51535767
DŽ: 51535767 -> 51535767

 start over 1431364 loops 1469 unique solutions 
Original + vert_size 13 
DŽ: 53252799 -> 51877342
DŽ: 51535767 -> 51535767
DŽ: 51579587 -> 51558546
DŽ: 51558546 -> 52081509
DŽ: 51535767 -> 51535767
DŽ: 51535767 -> 51535767
DŽ: 51535767 -> 51535767
DŽ: 51558546 -> 51558546
DŽ: 51707698 -> 51587065
DŽ: 51535767 -> 51535767
DŽ: 51603301 -> 51587065
DŽ: 51535767 -> 51535767
DŽ: 51558546 -> 51558546
DŽ: 51685347 -> 51644004
DŽ: 51535767 -> 51535767
DŽ: 51535767 -> 51535767
DŽ: 51707698 -> 51587065
DŽ: 51603301 -> 51587065
DŽ: 51707698 -> 51615485
DŽ: 51764637 -> 51644004
DŽ: 51558546 -> 51558546
DŽ: 51535767 -> 51535767
DŽ: 51535767 -> 51535767
DŽ: 51535767 -> 51535767
DŽ: 51615485 -> 51615485
DŽ: 51707698 -> 51558546
DŽ: 51620871 -> 51587065
DŽ: 51660240 -> 51644004
DŽ: 51704581 -> 51644004
DŽ: 51535767 -> 51535767
DŽ: 51603301 -> 51587065
DŽ: 51635230 -> 51615485

 start over 1462247 loops 1502 unique solutions 
Approx + random 
DŽ: 56365073 -> 53033760
DŽ: 51910505 -> 51615485
DŽ: 51558546 -> 51558546
DŽ: 51535767 -> 51535767
DŽ: 51707698 -> 51644004
DŽ: 52126803 -> 51932032
DŽ: 51535767 -> 51535767
DŽ: 52032091 -> 51615485
DŽ: 51707698 -> 51587065
DŽ: 51660240 -> 51644004
DŽ: 51660240 -> 51644004
DŽ: 51535767 -> 51535767
DŽ: 51631721 -> 51615485
DŽ: 51535767 -> 51535767
DŽ: 51660240 -> 51832112
DŽ: 51676062 -> 51644004
DŽ: 51535767 -> 51535767
DŽ: 51535767 -> 51535767
DŽ: 51644004 -> 51644004
DŽ: 51721704 -> 51721704
DŽ: 51775173 -> 51746654
DŽ: 51775173 -> 51775173
DŽ: 51775173 -> 51775173
DŽ: 51535767 -> 51535767
DŽ: 51535767 -> 51535767
DŽ: 51558546 -> 51558546
DŽ: 51832112 -> 51775173
DŽ: 51775173 -> 51832112
DŽ: 51832112 -> 51832112
DŽ: 51535767 -> 51535767
DŽ: 51578291 -> 51615485
DŽ: 51693185 -> 51693185
DŽ: 51721704 -> 51721704
DŽ: 51635230 -> 51615485
DŽ: 51775173 -> 51803593

 start over 1496115 loops 1540 unique solutions 
Approx + random 
DŽ: 56365073 -> 52747554
DŽ: 51535767 -> 51535767
DŽ: 51676062 -> 51644004
DŽ: 51693185 -> 51746654
DŽ: 51535767 -> 51535767
DŽ: 51775173 -> 51775173
DŽ: 51660240 -> 51644004
DŽ: 51676062 -> 51615485
DŽ: 51535767 -> 51535767
DŽ: 51535767 -> 51535767
DŽ: 51635230 -> 51615485
DŽ: 51660240 -> 51644004
DŽ: 51535767 -> 51535767
DŽ: 52057485 -> 51644004
DŽ: 51781826 -> 51765590
DŽ: 51535767 -> 51535767
DŽ: 51644004 -> 51644004
DŽ: 51574782 -> 51615485
DŽ: 51644004 -> 51615485
DŽ: 51535767 -> 51535767
DŽ: 51644004 -> 51644004
DŽ: 51667549 -> 51587065
DŽ: 52511770 -> 51644004
DŽ: 51724887 -> 51644004
DŽ: 51667549 -> 51558546
DŽ: 51644004 -> 51644004
DŽ: 51669647 -> 51587065
DŽ: 51535767 -> 51535767
DŽ: 51724887 -> 51862637
DŽ: 51660240 -> 51644004
DŽ: 51669647 -> 51587065
DŽ: 51535767 -> 51535767
DŽ: 51667549 -> 51644004

 start over 1528973 loops 1569 unique solutions 
Approx + random 
DŽ: 56365073 -> 52660015
DŽ: 51644004 -> 51644004
DŽ: 51535767 -> 51535767
DŽ: 51644004 -> 51644004
DŽ: 51878548 -> 51765590
DŽ: 51535767 -> 51535767
DŽ: 51781826 -> 51765590
DŽ: 51535767 -> 51535767
DŽ: 51659540 -> 51832112
DŽ: 51603301 -> 51587065
DŽ: 51724887 -> 51765590
DŽ: 51644004 -> 51644004
DŽ: 51558546 -> 51615485
DŽ: 51781826 -> 51960551
DŽ: 51535767 -> 51535767
DŽ: 51765590 -> 51765590
DŽ: 51680132 -> 51680132
DŽ: 51765590 -> 51765590
DŽ: 51803593 -> 51803593
DŽ: 51535767 -> 51535767
DŽ: 51688345 -> 51615485
DŽ: 51765590 -> 51644004
DŽ: 51731080 -> 51803593
DŽ: 51832112 -> 51832112
DŽ: 51535767 -> 51535767
DŽ: 51832112 -> 51832112
DŽ: 51587065 -> 51558546
DŽ: 51587065 -> 51644004
DŽ: 51535767 -> 51535767
DŽ: 51535767 -> 51535767
DŽ: 51535767 -> 51535767
DŽ: 51644004 -> 51644004
DŽ: 51635230 -> 51558546
DŽ: 51688345 -> 51644004

 start over 1561927 loops 1602 unique solutions 
Approx + random 
DŽ: 56365073 -> 52907143
DŽ: 51535767 -> 51535767
DŽ: 51535767 -> 51535767
DŽ: 52351393 -> 51852668
DŽ: 51765590 -> 51765590
DŽ: 51535767 -> 51535767
DŽ: 51535767 -> 51535767
DŽ: 51708651 -> 51644004
DŽ: 51807102 -> 51803593
DŽ: 51765590 -> 51765590
DŽ: 51535767 -> 51535767
DŽ: 51708651 -> 51765590
DŽ: 51803593 -> 51803593
DŽ: 51708651 -> 51708651
DŽ: 51677810 -> 51644004
DŽ: 51587065 -> 51558546
DŽ: 51535767 -> 51535767
DŽ: 51535767 -> 51535767
DŽ: 51677810 -> 51644004
DŽ: 51990121 -> 51615485
DŽ: 51708651 -> 51708651
DŽ: 51680132 -> 51680132
DŽ: 51852668 -> 51852668
DŽ: 51535767 -> 51535767
DŽ: 51708651 -> 51708651
DŽ: 51535767 -> 51535767
DŽ: 51535767 -> 51535767
DŽ: 51708651 -> 51881187
DŽ: 51535767 -> 51535767
DŽ: 51737071 -> 51615485
DŽ: 51535767 -> 51535767
DŽ: 51535767 -> 51535767
DŽ: 51615485 -> 51615485
DŽ: 51881187 -> 51644004
DŽ: 51708651 -> 51708651

 start over 1595472 loops 1634 unique solutions 
Approx + random 
DŽ: 56365073 -> 53251581
DŽ: 51680132 -> 51615485
DŽ: 51535767 -> 51535767
DŽ: 51708651 -> 51918724
DŽ: 51587065 -> 51587065
DŽ: 51587065 -> 51587065
DŽ: 51680132 -> 51680132
DŽ: 51535767 -> 51535767
DŽ: 51535767 -> 51535767
DŽ: 51535767 -> 51535767
DŽ: 51737071 -> 51615485
DŽ: 52054793 -> 51803593
DŽ: 51587065 -> 51558546
DŽ: 51683641 -> 51535767
DŽ: 51964676 -> 51558546
DŽ: 52848018 -> 51998554
DŽ: 51677810 -> 51644004
DŽ: 51644004 -> 51644004
DŽ: 51535767 -> 51535767
DŽ: 51615485 -> 51644004
DŽ: 51535767 -> 51535767
DŽ: 51762890 -> 51746654
DŽ: 51587065 -> 51587065
DŽ: 51746654 -> 51746654
DŽ: 51535767 -> 51620324
DŽ: 51864170 -> 51803593
DŽ: 51574782 -> 51615485
DŽ: 51535767 -> 51535767
DŽ: 51644004 -> 51615485
DŽ: 51587065 -> 51775173
DŽ: 51644004 -> 51615485
DŽ: 51535767 -> 51535767
DŽ: 51562055 -> 51558546

 start over 1627807 loops 1661 unique solutions 
Original + vert_size 13 
DŽ: 53252799 -> 51877342
DŽ: 51819829 -> 51803593
DŽ: 51535767 -> 51535767
DŽ: 51535767 -> 51535767
DŽ: 51603301 -> 51587065
DŽ: 51535767 -> 51535767
DŽ: 51558546 -> 51558546
DŽ: 51762890 -> 51803593
DŽ: 51721704 -> 51721704
DŽ: 51587065 -> 51587065
DŽ: 51603301 -> 51587065
DŽ: 51803593 -> 51803593
DŽ: 51803593 -> 51803593
DŽ: 51756962 -> 51644004
DŽ: 51535767 -> 51535767
DŽ: 51535767 -> 51615485
DŽ: 51535767 -> 51535767
DŽ: 51535767 -> 51535767
DŽ: 51803593 -> 51803593
DŽ: 51693185 -> 51693185
DŽ: 51693185 -> 51803593
DŽ: 51535767 -> 51535767
DŽ: 51803593 -> 51803593
DŽ: 51587065 -> 51644004
DŽ: 51535767 -> 51535767
DŽ: 51746654 -> 51693185
DŽ: 51746654 -> 51746654
DŽ: 51535767 -> 51535767
DŽ: 51721704 -> 51832112
DŽ: 51721704 -> 51693185
DŽ: 51746654 -> 51775173
DŽ: 51803593 -> 51832112

 start over 1658239 loops 1688 unique solutions 
Original + vert_size 13 
DŽ: 53252799 -> 51644004
DŽ: 51535767 -> 51535767
DŽ: 51721704 -> 51721704
DŽ: 51756962 -> 51644004
DŽ: 51603301 -> 51587065
DŽ: 51535767 -> 51535767
DŽ: 51587065 -> 51587065
DŽ: 51746654 -> 51803593
DŽ: 51803593 -> 51803593
DŽ: 51587065 -> 51587065
DŽ: 51535767 -> 51535767
DŽ: 51587065 -> 51644004
DŽ: 51603301 -> 51558546
DŽ: 51562055 -> 51558546
DŽ: 51644004 -> 51644004
DŽ: 51535767 -> 51535767
DŽ: 51587065 -> 51587065
DŽ: 51562055 -> 51680132
DŽ: 51587065 -> 51587065
DŽ: 51659826 -> 51615485
DŽ: 51535767 -> 51535767
DŽ: 51587065 -> 51587065
DŽ: 51535767 -> 51535767
DŽ: 51659826 -> 51615485
DŽ: 51578291 -> 51558546
DŽ: 51603301 -> 51587065
DŽ: 51558546 -> 51558546
DŽ: 51535767 -> 51535767
DŽ: 51558546 -> 51615485
DŽ: 51721704 -> 51775173
DŽ: 51659826 -> 51615485

 start over 1688360 loops 1718 unique solutions 
Original + vert_size 13 
DŽ: 53252799 -> 51810446
DŽ: 51659826 -> 51615485
DŽ: 51680132 -> 51680132
DŽ: 51535767 -> 51535767
DŽ: 51535767 -> 51535767
DŽ: 51535767 -> 51535767
DŽ: 51644004 -> 51644004
DŽ: 51535767 -> 51535767
DŽ: 51535767 -> 51535767
DŽ: 51535767 -> 51535767
DŽ: 51535767 -> 51535767
DŽ: 51644004 -> 51644004
DŽ: 51721704 -> 51721704
DŽ: 51639030 -> 51558546
DŽ: 51562055 -> 51615485
DŽ: 51721704 -> 51721704
DŽ: 51618994 -> 51615485
DŽ: 51721704 -> 51803593
DŽ: 51803593 -> 51803593
DŽ: 51535767 -> 51535767
DŽ: 51535767 -> 51535767
DŽ: 51535767 -> 51535767
end_heu: 1709699 loops with 1738 unique solutions in 1799.27 s

Calling print_solution
>>> get_solution
  refine_solution: new weight 51535767 (was 51535767) in 0.000522 s
## FINAL WEIGHT 51535767
print_solution: 0.001184 s
