Version: final-94-gfffc3aa rub_all.sh: remove longest prefix
Random seed: 1552024205
Start
>>> save_orig_graph
>> Saved weight 0
Graph loaded
|V| = 2501, |E| = 4900, |R| = 50
First clearance of the input. Calling buy_zero and run_all_heuristics.
  buy_zero: 0 zero edges in 1.2e-05 s
  handle_small_terminal_degrees: terms 0 in 5e-06 s
  handle_small_Steiner_degrees: steiner 0, suppress 4 in 1.2e-05 s
  shortest_edge_between_terminals: 0 edges in 4e-06 s
  handle_small_terminal_degrees: terms 0 in 5e-06 s
  handle_small_Steiner_degrees: steiner 0, suppress 0 in 8e-06 s
  shortest_edge_between_terminals: 0 edges in 2e-06 s
Compressed graph 2501 -> 2496
  delete_edges: deleted 4 edges in 0.000274 s and 1 rounds
  handle_small_terminal_degrees: terms 0 in 5e-06 s
  handle_small_Steiner_degrees: steiner 0, suppress 8 in 1.4e-05 s
  shortest_edge_between_terminals: 0 edges in 2e-06 s
  handle_small_terminal_degrees: terms 0 in 5e-06 s
  handle_small_Steiner_degrees: steiner 0, suppress 0 in 8e-06 s
  shortest_edge_between_terminals: 0 edges in 3e-06 s
Compressed graph 2496 -> 2488
  delete_edges_shortest_path: deleted 8 edges in 0.01416 s
  handle_small_terminal_degrees: terms 0 in 2e-06 s
  handle_small_Steiner_degrees: steiner 0, suppress 12 in 8e-06 s
  shortest_edge_between_terminals: 0 edges in 1e-06 s
  handle_small_terminal_degrees: terms 0 in 2e-06 s
  handle_small_Steiner_degrees: steiner 0, suppress 0 in 4e-06 s
  shortest_edge_between_terminals: 0 edges in 1e-06 s
Compressed graph 2488 -> 2476
  handle_small_terminal_degrees: terms 0 in 2e-06 s
  handle_small_Steiner_degrees: steiner 0, suppress 0 in 3e-06 s
  shortest_edge_between_terminals: 0 edges in 2e-06 s
Compressed graph 2476 -> 2476
  delete_edges_shortest_path: deleted 12 edges in 0.010293 s
  handle_small_terminal_degrees: terms 0 in 2e-06 s
  handle_small_Steiner_degrees: steiner 0, suppress 15 in 9e-06 s
  shortest_edge_between_terminals: 0 edges in 1e-06 s
  handle_small_terminal_degrees: terms 0 in 2e-06 s
  handle_small_Steiner_degrees: steiner 0, suppress 0 in 3e-06 s
  shortest_edge_between_terminals: 0 edges in 1e-06 s
Compressed graph 2476 -> 2461
Compressed graph 2461 -> 2461
>>> save_orig_graph
>> Saved weight 0
### ZEL_LVL=0 PRECISE_STARS=1

Calling `contract_till_the_bitter_end`
|V| = 2461, |E| = 4837, |R| = 50
>>> get_solution
>>> get_solution
  refine_solution: new weight 56365073 (was 56365073) in 0.000578 s
0,,2461,4837,50,,0,0,,56365073,56365073,0,0,0,,0,0,@@

  delete_edges: deleted 15 edges in 0.000231 s and 2 rounds
  handle_small_Steiner_degrees: steiner 0, suppress 18 in 1e-05 s
Starting round 1
Found 18 isolated vertices
Invalid ratios recomputed: 2443
Best ratio is 557467/1 (557467.0), centered at 1955
Finding the best star... Star with 2 terminals centered in 2105
round took: 0.133153 s
|V| = 2461, |E| = 4798, |R| = 49
>>> get_solution
>>> get_solution
  refine_solution: new weight 56198848 (was 56198848) in 0.000517 s
1,,2443,4798,49,,2443,0,,56198848,56198848,557467,557467,557467,,557467,2,@@

  handle_small_Steiner_degrees: steiner 0, suppress 0 in 4e-06 s
Starting round 2
Found 23 isolated vertices
Invalid ratios recomputed: 1494
Best ratio is 586060/1 (586060.0), centered at 1033
Finding the best star... Star with 2 terminals centered in 1184
round took: 0.11536 s
|V| = 2461, |E| = 4793, |R| = 48
>>> get_solution
>>> get_solution
  refine_solution: new weight 56198848 (was 56198848) in 0.00052 s
2,,2438,4793,48,,1494,0,,56198848,56198848,1143527,1143527,1143527,,586060,2,@@

  handle_small_Steiner_degrees: steiner 0, suppress 0 in 3e-06 s
Starting round 3
Found 27 isolated vertices
Invalid ratios recomputed: 1059
Best ratio is 586589/1 (586589.0), centered at 1326
Finding the best star... Star with 2 terminals centered in 1427
round took: 0.099125 s
|V| = 2461, |E| = 4789, |R| = 47
>>> get_solution
>>> get_solution
  refine_solution: new weight 56198848 (was 56198848) in 0.000513 s
3,,2434,4789,47,,1059,0,,56198848,56198848,1730116,1730116,1730116,,586589,2,@@

  handle_small_Steiner_degrees: steiner 0, suppress 0 in 5e-06 s
Starting round 4
Found 30 isolated vertices
Invalid ratios recomputed: 1110
Best ratio is 610273/1 (610273.0), centered at 2224
Finding the best star... Star with 2 terminals centered in 2417
round took: 0.103984 s
|V| = 2461, |E| = 4781, |R| = 46
>>> get_solution
>>> get_solution
  refine_solution: new weight 56105192 (was 56105192) in 0.000514 s
4,,2431,4781,46,,1110,0,,56105192,56105192,2340389,2340389,2340389,,610273,2,@@

  handle_small_Steiner_degrees: steiner 0, suppress 0 in 4e-06 s
Starting round 5
Found 35 isolated vertices
Invalid ratios recomputed: 958
Best ratio is 626353/1 (626353.0), centered at 456
Finding the best star... Star with 2 terminals centered in 460
round took: 0.091332 s
|V| = 2461, |E| = 4774, |R| = 45
>>> get_solution
>>> get_solution
  refine_solution: new weight 55909461 (was 55909461) in 0.000519 s
5,,2426,4774,45,,958,0,,55909461,55909461,2966742,2966742,2966742,,626353,2,@@

  handle_small_Steiner_degrees: steiner 0, suppress 0 in 4e-06 s
Starting round 6
Found 41 isolated vertices
Invalid ratios recomputed: 1622
Best ratio is 646275/1 (646275.0), centered at 1791
Finding the best star... Star with 2 terminals centered in 1892
round took: 0.128438 s
|V| = 2461, |E| = 4769, |R| = 44
>>> get_solution
>>> get_solution
  refine_solution: new weight 55909461 (was 55909461) in 0.000516 s
6,,2420,4769,44,,1622,0,,55909461,55909461,3613017,3613017,3613017,,646275,2,@@

  handle_small_Steiner_degrees: steiner 0, suppress 0 in 4e-06 s
Starting round 7
Found 44 isolated vertices
Invalid ratios recomputed: 1541
Best ratio is 664395/1 (664395.0), centered at 847
Finding the best star... Star with 2 terminals centered in 852
round took: 0.13809 s
|V| = 2461, |E| = 4762, |R| = 43
>>> get_solution
>>> get_solution
  refine_solution: new weight 55715938 (was 55715938) in 0.000516 s
7,,2417,4762,43,,1541,0,,55715938,55715938,4277412,4277412,4277412,,664395,2,@@

  handle_small_Steiner_degrees: steiner 0, suppress 0 in 4e-06 s
Starting round 8
Found 50 isolated vertices
Invalid ratios recomputed: 1899
Best ratio is 665332/1 (665332.0), centered at 360
Finding the best star... Star with 2 terminals centered in 460
round took: 0.154246 s
|V| = 2461, |E| = 4757, |R| = 42
>>> get_solution
>>> get_solution
  refine_solution: new weight 55715938 (was 55715938) in 0.000514 s
8,,2411,4757,42,,1899,0,,55715938,55715938,4942744,4942744,4942744,,665332,2,@@

  handle_small_Steiner_degrees: steiner 0, suppress 0 in 4e-06 s
Starting round 9
Found 53 isolated vertices
Invalid ratios recomputed: 1770
Best ratio is 1342412/2 (671206.0), centered at 2272
Finding the best star... Star with 3 terminals centered in 2417
round took: 0.149496 s
|V| = 2461, |E| = 4745, |R| = 40
>>> get_solution
>>> get_solution
  refine_solution: new weight 55594352 (was 55594352) in 0.000514 s
9,,2408,4745,40,,1770,0,,55594352,55594352,6285156,6285156,6285156,,1342412,3,@@

  handle_small_Steiner_degrees: steiner 0, suppress 2 in 5e-06 s
Starting round 10
Found 62 isolated vertices
Invalid ratios recomputed: 1123
Best ratio is 688947/1 (688947.0), centered at 694
Finding the best star... Star with 2 terminals centered in 749
round took: 0.121398 s
|V| = 2461, |E| = 4734, |R| = 39
>>> get_solution
>>> get_solution
  refine_solution: new weight 55594352 (was 55594352) in 0.000518 s
10,,2399,4734,39,,1123,0,,55594352,55594352,6974103,6974103,6974103,,688947,2,@@

  handle_small_Steiner_degrees: steiner 0, suppress 0 in 4e-06 s
Starting round 11
Found 68 isolated vertices
Invalid ratios recomputed: 1903
Best ratio is 774917/1 (774917.0), centered at 404
Finding the best star... Star with 2 terminals centered in 460
round took: 0.163853 s
|V| = 2461, |E| = 4729, |R| = 38
>>> get_solution
>>> get_solution
  refine_solution: new weight 55594352 (was 55594352) in 0.00052 s
11,,2393,4729,38,,1903,0,,55594352,55594352,7749020,7749020,7749020,,774917,2,@@

  handle_small_Steiner_degrees: steiner 0, suppress 0 in 3e-06 s
Starting round 12
Found 71 isolated vertices
Invalid ratios recomputed: 1852
Best ratio is 1620854/2 (810427.0), centered at 938
Finding the best star... Star with 3 terminals centered in 1238
round took: 0.162544 s
|V| = 2461, |E| = 4717, |R| = 36
>>> get_solution
>>> get_solution
  refine_solution: new weight 55403730 (was 55403730) in 0.000517 s
12,,2390,4717,36,,1852,0,,55403730,55403730,9369874,9369874,9369874,,1620854,3,@@

  handle_small_Steiner_degrees: steiner 0, suppress 0 in 4e-06 s
Starting round 13
Found 80 isolated vertices
Invalid ratios recomputed: 1875
Best ratio is 1630956/2 (815478.0), centered at 105
Finding the best star... Star with 3 terminals centered in 460
round took: 0.170002 s
|V| = 2461, |E| = 4704, |R| = 34
>>> get_solution
>>> get_solution
  refine_solution: new weight 55403730 (was 55403730) in 0.00053 s
13,,2381,4704,34,,1875,0,,55403730,55403730,11000830,11000830,11000830,,1630956,3,@@

  handle_small_Steiner_degrees: steiner 0, suppress 0 in 3e-06 s
Starting round 14
Found 90 isolated vertices
Invalid ratios recomputed: 1896
Best ratio is 829579/1 (829579.0), centered at 48
Finding the best star... Star with 2 terminals centered in 140
round took: 0.177007 s
|V| = 2461, |E| = 4697, |R| = 33
>>> get_solution
>>> get_solution
  refine_solution: new weight 55403730 (was 55546663) in 0.000522 s
  refine_solution: new weight 55403730 (was 55403730) in 0.000515 s
14,,2371,4697,33,,1896,0,,55546663,55403730,11830409,11830409,11830409,,829579,2,@@

  handle_small_Steiner_degrees: steiner 0, suppress 0 in 4e-06 s
Starting round 15
Found 96 isolated vertices
Invalid ratios recomputed: 1651
Best ratio is 894689/1 (894689.0), centered at 749
Finding the best star... Star with 2 terminals centered in 852
round took: 0.167681 s
|V| = 2461, |E| = 4691, |R| = 32
>>> get_solution
>>> get_solution
  refine_solution: new weight 55403730 (was 55546663) in 0.00052 s
  refine_solution: new weight 55403730 (was 55403730) in 0.000519 s
15,,2365,4691,32,,1651,0,,55546663,55403730,12725098,12725098,12725098,,894689,2,@@

  handle_small_Steiner_degrees: steiner 0, suppress 1 in 5e-06 s
Starting round 16
Found 99 isolated vertices
Invalid ratios recomputed: 2004
Best ratio is 906754/1 (906754.0), centered at 1373
Finding the best star... Star with 2 terminals centered in 1427
round took: 0.191698 s
|V| = 2461, |E| = 4684, |R| = 31
>>> get_solution
>>> get_solution
  refine_solution: new weight 55403730 (was 55546663) in 0.00052 s
  refine_solution: new weight 55403730 (was 55403730) in 0.000513 s
16,,2362,4684,31,,2004,0,,55546663,55403730,13631852,13631852,13631852,,906754,2,@@

  delete_edges: deleted 43 edges in 0.000432 s and 3 rounds
  handle_small_Steiner_degrees: steiner 1, suppress 33 in 1.8e-05 s
Starting round 17
Found 136 isolated vertices
Invalid ratios recomputed: 1446
Best ratio is 907741/1 (907741.0), centered at 852
Finding the best star... Star with 2 terminals centered in 852
round took: 0.161112 s
|V| = 2461, |E| = 4593, |R| = 30
>>> get_solution
>>> get_solution
  refine_solution: new weight 55403730 (was 55546663) in 0.00052 s
  refine_solution: new weight 55403730 (was 55403730) in 0.000514 s
17,,2325,4593,30,,1446,0,,55546663,55403730,14539593,14539593,14539593,,907741,2,@@

  handle_small_Steiner_degrees: steiner 0, suppress 0 in 4e-06 s
Starting round 18
Found 144 isolated vertices
Invalid ratios recomputed: 1988
Best ratio is 912972/1 (912972.0), centered at 1665
Finding the best star... Star with 2 terminals centered in 1865
round took: 0.200313 s
|V| = 2461, |E| = 4586, |R| = 29
>>> get_solution
>>> get_solution
  refine_solution: new weight 55405952 (was 55548885) in 0.000522 s
  refine_solution: new weight 55405952 (was 55405952) in 0.000509 s
18,,2317,4586,29,,1988,0,,55548885,55405952,15452565,15452565,15452565,,912972,2,@@

  handle_small_Steiner_degrees: steiner 0, suppress 0 in 3e-06 s
Starting round 19
Found 150 isolated vertices
Invalid ratios recomputed: 1761
Best ratio is 924217/1 (924217.0), centered at 1892
Finding the best star... Star with 2 terminals centered in 2048
round took: 0.18638 s
|V| = 2461, |E| = 4575, |R| = 28
>>> get_solution
>>> get_solution
  refine_solution: new weight 55344332 (was 55487265) in 0.00052 s
  refine_solution: new weight 55344332 (was 55344332) in 0.000513 s
19,,2311,4575,28,,1761,0,,55487265,55344332,16376782,16376782,16376782,,924217,2,@@

  handle_small_Steiner_degrees: steiner 0, suppress 0 in 3e-06 s
Starting round 20
Found 159 isolated vertices
Invalid ratios recomputed: 1851
Best ratio is 1862262/2 (931131.0), centered at 53
Finding the best star... Star with 3 terminals centered in 460
round took: 0.202384 s
|V| = 2461, |E| = 4560, |R| = 26
>>> get_solution
>>> get_solution
  refine_solution: new weight 54963343 (was 54963343) in 0.000521 s
20,,2302,4560,26,,1851,0,,54963343,54963343,18239044,18239044,18239044,,1862262,3,@@

  handle_small_Steiner_degrees: steiner 0, suppress 4 in 6e-06 s
Starting round 21
Found 173 isolated vertices
Invalid ratios recomputed: 1964
Best ratio is 955827/1 (955827.0), centered at 211
Finding the best star... Star with 2 terminals centered in 214
round took: 0.226464 s
|V| = 2461, |E| = 4545, |R| = 25
>>> get_solution
>>> get_solution
  refine_solution: new weight 54963343 (was 54963343) in 0.000526 s
21,,2288,4545,25,,1964,0,,54963343,54963343,19194871,19194871,19194871,,955827,2,@@

  handle_small_Steiner_degrees: steiner 0, suppress 1 in 5e-06 s
Starting round 22
Found 180 isolated vertices
Invalid ratios recomputed: 1957
Best ratio is 974395/1 (974395.0), centered at 1762
Finding the best star... Star with 2 terminals centered in 1865
round took: 0.264293 s
|V| = 2461, |E| = 4538, |R| = 24
>>> get_solution
>>> get_solution
  refine_solution: new weight 54963343 (was 54963343) in 0.000527 s
22,,2281,4538,24,,1957,0,,54963343,54963343,20169266,20169266,20169266,,974395,2,@@

  handle_small_Steiner_degrees: steiner 0, suppress 1 in 5e-06 s
Starting round 23
Found 184 isolated vertices
Invalid ratios recomputed: 2006
Best ratio is 1951383/2 (975691.5), centered at 1508
Finding the best star... Star with 3 terminals centered in 1865
round took: 0.266904 s
|V| = 2461, |E| = 4520, |R| = 22
>>> get_solution
>>> get_solution
  refine_solution: new weight 54687684 (was 54687684) in 0.000524 s
23,,2277,4520,22,,2006,0,,54687684,54687684,22120649,22120649,22120649,,1951383,3,@@

  handle_small_Steiner_degrees: steiner 0, suppress 2 in 6e-06 s
Starting round 24
Found 197 isolated vertices
Invalid ratios recomputed: 2024
Best ratio is 980882/1 (980882.0), centered at 1567
Finding the best star... Star with 2 terminals centered in 1865
round took: 0.262952 s
|V| = 2461, |E| = 4509, |R| = 21
>>> get_solution
>>> get_solution
  refine_solution: new weight 54497232 (was 54497232) in 0.000527 s
24,,2264,4509,21,,2024,0,,54497232,54497232,23101531,23101531,23101531,,980882,2,@@

  handle_small_Steiner_degrees: steiner 0, suppress 2 in 5e-06 s
Starting round 25
Found 204 isolated vertices
Invalid ratios recomputed: 2017
Best ratio is 1104799/1 (1104799.0), centered at 1865
Finding the best star... Star with 2 terminals centered in 2166
round took: 0.275755 s
|V| = 2461, |E| = 4496, |R| = 20
>>> get_solution
>>> get_solution
  refine_solution: new weight 54497232 (was 54497232) in 0.000526 s
25,,2257,4496,20,,2017,0,,54497232,54497232,24206330,24206330,24206330,,1104799,2,@@

  handle_small_Steiner_degrees: steiner 0, suppress 1 in 5e-06 s
Starting round 26
Found 212 isolated vertices
Invalid ratios recomputed: 2030
Best ratio is 1121636/1 (1121636.0), centered at 1370
Finding the best star... Star with 2 terminals centered in 2166
round took: 0.285708 s
|V| = 2461, |E| = 4486, |R| = 19
>>> get_solution
>>> get_solution
  refine_solution: new weight 54221660 (was 54221660) in 0.000522 s
26,,2249,4486,19,,2030,0,,54221660,54221660,25327966,25327966,25327966,,1121636,2,@@

  handle_small_Steiner_degrees: steiner 0, suppress 0 in 3e-06 s
Starting round 27
Found 219 isolated vertices
Invalid ratios recomputed: 2023
Best ratio is 1121899/1 (1121899.0), centered at 2048
Finding the best star... Star with 2 terminals centered in 2105
round took: 0.297664 s
|V| = 2461, |E| = 4477, |R| = 18
>>> get_solution
>>> get_solution
  refine_solution: new weight 54221660 (was 54221660) in 0.000526 s
27,,2242,4477,18,,2023,0,,54221660,54221660,26449865,26449865,26449865,,1121899,2,@@

  handle_small_Steiner_degrees: steiner 0, suppress 0 in 3e-06 s
Starting round 28
Found 226 isolated vertices
Invalid ratios recomputed: 2008
Best ratio is 1184190/1 (1184190.0), centered at 1168
Finding the best star... Star with 2 terminals centered in 2166
round took: 0.315019 s
|V| = 2461, |E| = 4468, |R| = 17
>>> get_solution
>>> get_solution
  refine_solution: new weight 54177319 (was 54177319) in 0.000526 s
28,,2235,4468,17,,2008,0,,54177319,54177319,27634055,27634055,27634055,,1184190,2,@@

  handle_small_Steiner_degrees: steiner 0, suppress 0 in 3e-06 s
Starting round 29
Found 232 isolated vertices
Invalid ratios recomputed: 2030
Best ratio is 1247826/1 (1247826.0), centered at 2324
Finding the best star... Star with 2 terminals centered in 2328
round took: 0.347104 s
|V| = 2461, |E| = 4461, |R| = 16
>>> get_solution
>>> get_solution
  refine_solution: new weight 54177319 (was 54177319) in 0.000523 s
29,,2229,4461,16,,2030,0,,54177319,54177319,28881881,28881881,28881881,,1247826,2,@@

  handle_small_Steiner_degrees: steiner 0, suppress 0 in 3e-06 s
Starting round 30
Found 237 isolated vertices
Invalid ratios recomputed: 1946
Best ratio is 2497246/2 (1248623.0), centered at 785
Finding the best star... Star with 3 terminals centered in 852
round took: 0.345957 s
|V| = 2461, |E| = 4446, |R| = 14
>>> get_solution
>>> get_solution
  refine_solution: new weight 53453466 (was 53453466) in 0.000525 s
30,,2224,4446,14,,1946,0,,53453466,53453466,31379127,31379127,31379127,,2497246,3,@@

  handle_small_Steiner_degrees: steiner 0, suppress 1 in 6e-06 s
Starting round 31
Found 249 isolated vertices
Invalid ratios recomputed: 2183
Best ratio is 1284662/1 (1284662.0), centered at 214
Finding the best star... Star with 2 terminals centered in 852
round took: 0.399319 s
|V| = 2461, |E| = 4431, |R| = 13
>>> get_solution
>>> get_solution
  refine_solution: new weight 53453466 (was 53453466) in 0.000523 s
31,,2212,4431,13,,2183,0,,53453466,53453466,32663789,32663789,32663789,,1284662,2,@@

  handle_small_Steiner_degrees: steiner 0, suppress 1 in 8e-06 s
Starting round 32
Found 259 isolated vertices
Invalid ratios recomputed: 2173
Best ratio is 1295972/1 (1295972.0), centered at 1686
Finding the best star... Star with 2 terminals centered in 2105
round took: 0.433849 s
|V| = 2461, |E| = 4419, |R| = 12
>>> get_solution
>>> get_solution
  refine_solution: new weight 53243858 (was 53243858) in 0.000535 s
32,,2202,4419,12,,2173,0,,53243858,53243858,33959761,33959761,33959761,,1295972,2,@@

  handle_small_Steiner_degrees: steiner 0, suppress 1 in 6e-06 s
Starting round 33
Found 267 isolated vertices
Invalid ratios recomputed: 2167
Best ratio is 2597312/2 (1298656.0), centered at 1754
Finding the best star... Star with 3 terminals centered in 2105
round took: 0.449021 s
|V| = 2461, |E| = 4396, |R| = 10
>>> get_solution
>>> get_solution
  refine_solution: new weight 53005852 (was 53005852) in 0.00053 s
33,,2194,4396,10,,2167,0,,53005852,53005852,36557073,36557073,36557073,,2597312,3,@@

  handle_small_Steiner_degrees: steiner 0, suppress 0 in 3e-06 s
Starting round 34
Found 283 isolated vertices
Invalid ratios recomputed: 2151
Best ratio is 1380882/1 (1380882.0), centered at 2096
Finding the best star... Star with 2 terminals centered in 2343
round took: 0.472655 s
|V| = 2461, |E| = 4388, |R| = 9
>>> get_solution
>>> get_solution
  refine_solution: new weight 53005852 (was 53005852) in 0.000531 s
34,,2178,4388,9,,2151,0,,53005852,53005852,37937955,37937955,37937955,,1380882,2,@@

  handle_small_Steiner_degrees: steiner 0, suppress 0 in 3e-06 s
Starting round 35
Found 289 isolated vertices
Invalid ratios recomputed: 2145
Best ratio is 1460030/1 (1460030.0), centered at 1109
Finding the best star... Star with 2 terminals centered in 2343
round took: 0.508316 s
|V| = 2461, |E| = 4378, |R| = 8
>>> get_solution
>>> get_solution
  refine_solution: new weight 53005852 (was 53005852) in 0.000531 s
35,,2172,4378,8,,2145,0,,53005852,53005852,39397985,39397985,39397985,,1460030,2,@@

  handle_small_Steiner_degrees: steiner 0, suppress 0 in 3e-06 s
Starting round 36
Found 297 isolated vertices
Invalid ratios recomputed: 2137
Best ratio is 1592778/1 (1592778.0), centered at 231
Finding the best star... Star with 2 terminals centered in 580
round took: 0.542783 s
|V| = 2461, |E| = 4364, |R| = 7
>>> get_solution
>>> get_solution
  refine_solution: new weight 53005852 (was 53252799) in 0.000532 s
  refine_solution: new weight 53005852 (was 53005852) in 0.00053 s
36,,2164,4364,7,,2137,0,,53252799,53005852,40990763,40990763,40990763,,1592778,2,@@

  handle_small_Steiner_degrees: steiner 1, suppress 2 in 5e-06 s
Starting round 37
Found 309 isolated vertices
Invalid ratios recomputed: 2002
Best ratio is 1644294/1 (1644294.0), centered at 852
Finding the best star... Star with 2 terminals centered in 2343
round took: 0.514504 s
|V| = 2461, |E| = 4344, |R| = 6
>>> get_solution
>>> get_solution
  refine_solution: new weight 53005852 (was 53252799) in 0.000532 s
  refine_solution: new weight 53005852 (was 53005852) in 0.000517 s
37,,2152,4344,6,,2002,0,,53252799,53005852,42635057,42635057,42635057,,1644294,2,@@

  handle_small_Steiner_degrees: steiner 0, suppress 1 in 5e-06 s
Starting round 38
Found 322 isolated vertices
Invalid ratios recomputed: 2139
Best ratio is 1788260/1 (1788260.0), centered at 669
Finding the best star... Star with 2 terminals centered in 2343
round took: 0.543976 s
|V| = 2461, |E| = 4331, |R| = 5
>>> get_solution
>>> get_solution
  refine_solution: new weight 53005852 (was 53252799) in 0.000535 s
  refine_solution: new weight 53005852 (was 53005852) in 0.000518 s
38,,2139,4331,5,,2139,0,,53252799,53005852,44423317,44423317,44423317,,1788260,2,@@

  handle_small_Steiner_degrees: steiner 0, suppress 0 in 4e-06 s
Starting round 39
Found 332 isolated vertices
Invalid ratios recomputed: 2129
Best ratio is 1876375/1 (1876375.0), centered at 2167
Finding the best star... Star with 2 terminals centered in 2328
round took: 0.527288 s
|V| = 2461, |E| = 4319, |R| = 4
>>> get_solution
>>> get_solution
  refine_solution: new weight 53005852 (was 53252799) in 0.000539 s
  refine_solution: new weight 53005852 (was 53005852) in 0.000516 s
39,,2129,4319,4,,2129,0,,53252799,53005852,46299692,46299692,46299692,,1876375,2,@@

  handle_small_Steiner_degrees: steiner 0, suppress 0 in 3e-06 s
Starting round 40
Found 339 isolated vertices
Invalid ratios recomputed: 2122
Best ratio is 1897875/1 (1897875.0), centered at 580
Finding the best star... Star with 2 terminals centered in 2328
round took: 0.521631 s
|V| = 2461, |E| = 4306, |R| = 3
>>> get_solution
>>> get_solution
  refine_solution: new weight 53005852 (was 53252799) in 0.000533 s
  refine_solution: new weight 53005852 (was 53005852) in 0.000515 s
40,,2122,4306,3,,2122,0,,53252799,53005852,48197567,48197567,48197567,,1897875,2,@@

  handle_small_Steiner_degrees: steiner 0, suppress 0 in 3e-06 s
Starting round 41
Found 348 isolated vertices
Invalid ratios recomputed: 2113
Best ratio is 2296936/1 (2296936.0), centered at 519
Finding the best star... Star with 2 terminals centered in 528
round took: 0.526823 s
|V| = 2461, |E| = 4293, |R| = 2
>>> get_solution
>>> get_solution
  refine_solution: new weight 53005852 (was 53252799) in 0.000532 s
  refine_solution: new weight 53005852 (was 53005852) in 0.000518 s
41,,2113,4293,2,,2113,0,,53252799,53005852,50494503,50494503,50494503,,2296936,2,@@

  handle_small_Steiner_degrees: steiner 0, suppress 0 in 3e-06 s
Starting round 42
Found 360 isolated vertices
Invalid ratios recomputed: 2101
Best ratio is 2758296/1 (2758296.0), centered at 528
Finding the best star... Star with 2 terminals centered in 1981
round took: 0.500459 s
|V| = 2461, |E| = 4279, |R| = 1
>>> get_solution
>>> get_solution
  refine_solution: new weight 53005852 (was 53252799) in 0.000535 s
  refine_solution: new weight 53005852 (was 53005852) in 0.000517 s
42,,2101,4279,1,,2101,0,,53252799,53005852,53252799,53252799,53252799,,2758296,2,@@

  handle_small_Steiner_degrees: steiner 0, suppress 0 in 3e-06 s
contract_till_the_bitter_end: 11.9313 s

Calling end_heu
>>> get_solution
Saved weight 0
DŽ: 53252799 -> 52072405
  BEST solution improved 53252799 -> 52072405 (vert_size 0, round 1) *
  BEST solution improved 52072405 -> 51848823 (vert_size 2, round 18)
  BEST solution improved 51848823 -> 51731780 (vert_size 3, round 448) *
  BEST solution improved 51731780 -> 51674841 (vert_size 7, round 663) *
  BEST solution improved 51674841 -> 51603301 (vert_size 4, round 701)
DŽ: 51603301 -> 51558546
  BEST solution improved 51603301 -> 51558546 (vert_size 0, round 1001) *
DŽ: 51558546 -> 51558546
DŽ: 51558546 -> 51558546
DŽ: 51558546 -> 51615485
DŽ: 51558546 -> 51558546
DŽ: 51558546 -> 51615485
DŽ: 51587065 -> 51558546
DŽ: 51615485 -> 51644004
DŽ: 51558546 -> 51558546
DŽ: 51615485 -> 51615485
DŽ: 51848823 -> 51877342
DŽ: 51674841 -> 51558546
DŽ: 51558546 -> 51558546
DŽ: 51558546 -> 51558546
DŽ: 51615485 -> 51558546
DŽ: 51558546 -> 51558546
DŽ: 51558546 -> 51615485
DŽ: 51558546 -> 51558546
DŽ: 51558546 -> 51558546
DŽ: 51558546 -> 51558546
DŽ: 51558546 -> 51558546
DŽ: 51558546 -> 51558546
DŽ: 51558546 -> 51558546
DŽ: 51558546 -> 51558546
DŽ: 51558546 -> 51558546
DŽ: 51558546 -> 51558546
DŽ: 51558546 -> 51615485
DŽ: 51558546 -> 51615485
DŽ: 51615485 -> 51615485
DŽ: 51558546 -> 51558546
DŽ: 51558546 -> 51558546
DŽ: 51558546 -> 51782026
DŽ: 51615485 -> 51615485
DŽ: 51558546 -> 51558546
DŽ: 51574782 -> 51558546
DŽ: 51558546 -> 51558546
DŽ: 51603301 -> 51587065
DŽ: 51615485 -> 51615485
DŽ: 51558546 -> 51644004
DŽ: 51558546 -> 51558546

 start over 40181 loops 136 unique solutions 
Approx + random 
DŽ: 56365073 -> 52597449
DŽ: 51558546 -> 51558546
DŽ: 51558546 -> 51558546
DŽ: 51587065 -> 51587065
DŽ: 51587065 -> 51558546
DŽ: 51558546 -> 51644004
DŽ: 51558546 -> 51558546
DŽ: 51603301 -> 51644004
DŽ: 51615485 -> 51615485
DŽ: 51558546 -> 51558546
DŽ: 51603301 -> 51644004
DŽ: 51558546 -> 51615485
DŽ: 51558546 -> 51558546
DŽ: 51562055 -> 51558546
DŽ: 51940612 -> 51558546
DŽ: 51587065 -> 51644004
DŽ: 51587065 -> 51587065
DŽ: 51644004 -> 51644004
DŽ: 51587065 -> 51644004
DŽ: 51562055 -> 51587065
DŽ: 51558546 -> 51558546
DŽ: 51558546 -> 51558546
DŽ: 51587065 -> 51587065
DŽ: 51562055 -> 51558546
DŽ: 51558546 -> 51558546
DŽ: 51644004 -> 51644004
DŽ: 51587065 -> 51644004
DŽ: 51615485 -> 51615485
DŽ: 51558546 -> 51558546
DŽ: 51644004 -> 51644004
DŽ: 51587065 -> 51644004
DŽ: 51558546 -> 51558546
DŽ: 51615485 -> 51615485
DŽ: 51612172 -> 51587065
DŽ: 51558546 -> 51558546
DŽ: 51558546 -> 51558546
DŽ: 51644004 -> 51644004
DŽ: 51558546 -> 51558546
DŽ: 51558546 -> 51558546

 start over 78897 loops 185 unique solutions 
Original + vert_size 0 
DŽ: 53252799 -> 52072405
DŽ: 51558546 -> 51558546
DŽ: 51587065 -> 51558546
DŽ: 51587065 -> 51587065
DŽ: 51562055 -> 51558546
DŽ: 51558546 -> 51558546
DŽ: 51587065 -> 51587065
DŽ: 51558546 -> 51558546
DŽ: 52072405 -> 51848823
DŽ: 51558546 -> 51558546
DŽ: 51644004 -> 51644004
DŽ: 51615485 -> 51803593
DŽ: 51558546 -> 51558546
DŽ: 51558546 -> 51615485
DŽ: 51644004 -> 51644004
DŽ: 51562055 -> 51558546
DŽ: 51700023 -> 51644004
DŽ: 51894269 -> 51615485
DŽ: 51558546 -> 51558546
DŽ: 51558546 -> 51558546
DŽ: 51587065 -> 51587065
DŽ: 51558546 -> 51558546
DŽ: 51574782 -> 51753507
DŽ: 51558546 -> 51558546
DŽ: 51558546 -> 51558546
DŽ: 51658605 -> 51558546
DŽ: 51558546 -> 51558546
DŽ: 51803593 -> 51803593
DŽ: 51558546 -> 51558546
DŽ: 51558546 -> 51558546
DŽ: 51715544 -> 51615485
DŽ: 51574782 -> 51574782
DŽ: 51558546 -> 51558546
DŽ: 51558546 -> 51558546
DŽ: 51558546 -> 51558546
DŽ: 51558546 -> 51615485
DŽ: 51671504 -> 51558546

 start over 114572 loops 221 unique solutions 
Approx + random 
DŽ: 56365073 -> 53675067
DŽ: 51558546 -> 51558546
DŽ: 51558546 -> 51558546
DŽ: 53675067 -> 52515196
DŽ: 52325217 -> 52360266
DŽ: 52006719 -> 51753507
DŽ: 52325217 -> 52360266
DŽ: 51558546 -> 51558546
DŽ: 51558546 -> 51558546
DŽ: 51558546 -> 51558546
DŽ: 52006719 -> 51810446
DŽ: 52092177 -> 51838965
DŽ: 51558546 -> 51558546
DŽ: 51558546 -> 51558546
DŽ: 51558546 -> 51558546
DŽ: 52435806 -> 51810446
DŽ: 51558546 -> 51558546
DŽ: 51558546 -> 51558546
DŽ: 51558546 -> 51558546
DŽ: 51558546 -> 51558546
DŽ: 51813955 -> 51615485
DŽ: 52092177 -> 52027073
DŽ: 51850229 -> 51615485
DŽ: 51558546 -> 51558546
DŽ: 52063658 -> 51810446
DŽ: 51819829 -> 51803593
DŽ: 51558546 -> 51558546
DŽ: 51753507 -> 51832112
DŽ: 51558546 -> 51558546
DŽ: 51753507 -> 51558546
DŽ: 51753507 -> 51587065
DŽ: 51753507 -> 51615485
DŽ: 51558546 -> 51558546
DŽ: 51631721 -> 51615485
DŽ: 51574782 -> 51558546
DŽ: 51615485 -> 51615485
DŽ: 51558546 -> 51558546

 start over 150545 loops 261 unique solutions 
Approx + random 
DŽ: 56365073 -> 53700246
DŽ: 51679179 -> 51631721
DŽ: 51753507 -> 51558546
DŽ: 51558546 -> 51558546
DŽ: 51558546 -> 51558546
DŽ: 51753507 -> 51810446
DŽ: 53700246 -> 53700246
DŽ: 51558546 -> 51558546
DŽ: 51753507 -> 51558546
DŽ: 51810446 -> 51615485
DŽ: 51738201 -> 51558546
DŽ: 51558546 -> 51558546
DŽ: 52075041 -> 51587065
DŽ: 51558546 -> 51558546
DŽ: 51558546 -> 51558546
DŽ: 53295640 -> 52562816
DŽ: 51558546 -> 51558546
DŽ: 51558546 -> 51558546
DŽ: 51631721 -> 51558546
DŽ: 51558546 -> 51558546
DŽ: 51558546 -> 51558546
DŽ: 51558546 -> 51558546
DŽ: 51558546 -> 51558546
DŽ: 52355127 -> 51708651
DŽ: 51558546 -> 51558546
DŽ: 51558546 -> 51558546
DŽ: 51599889 -> 51558546
DŽ: 51615485 -> 51615485
DŽ: 51558546 -> 51558546
DŽ: 51685347 -> 51644004
DŽ: 51558546 -> 51558546
DŽ: 51558546 -> 51615485
DŽ: 51558546 -> 51558546
DŽ: 51599889 -> 51753507
DŽ: 51685347 -> 51644004
DŽ: 51656828 -> 51615485
DŽ: 51558546 -> 51558546
DŽ: 51558546 -> 51558546
DŽ: 51615485 -> 51615485

 start over 188575 loops 291 unique solutions 
Original + vert_size 0 
DŽ: 53252799 -> 52072405
DŽ: 51599889 -> 51768619
DŽ: 51558546 -> 51558546
DŽ: 51656828 -> 51615485
DŽ: 51558546 -> 51558546
DŽ: 51558546 -> 51558546
DŽ: 51558546 -> 51558546
DŽ: 51558546 -> 51558546
DŽ: 52075041 -> 51587065
DŽ: 51558546 -> 51558546
DŽ: 51558546 -> 51558546
DŽ: 51558546 -> 51558546
DŽ: 51558546 -> 51558546
DŽ: 51945545 -> 51848823
DŽ: 52253566 -> 51765590
DŽ: 51558546 -> 51558546
DŽ: 51644004 -> 51615485
DŽ: 51558546 -> 51558546
DŽ: 51615485 -> 51615485
DŽ: 51615485 -> 51615485
DŽ: 51574782 -> 51615485
DŽ: 52066257 -> 51881187
DŽ: 51558546 -> 51558546
DŽ: 51558546 -> 51834118
DŽ: 51558546 -> 51558546
DŽ: 51644004 -> 51615485
DŽ: 51558546 -> 51680132
DŽ: 51644004 -> 51644004
DŽ: 51824248 -> 51587065
DŽ: 51558546 -> 51558546
DŽ: 51558546 -> 51558546
DŽ: 51558546 -> 51558546
DŽ: 51558546 -> 51558546
DŽ: 51558546 -> 51558546
DŽ: 51558546 -> 51558546
DŽ: 51558546 -> 51558546
DŽ: 51558546 -> 51558546
DŽ: 51558546 -> 51558546
DŽ: 51631917 -> 51558546
DŽ: 51587065 -> 51587065
DŽ: 51558546 -> 51558546
DŽ: 51708651 -> 51708651

 start over 229546 loops 325 unique solutions 
Approx + random 
DŽ: 56365073 -> 52976395
DŽ: 51558546 -> 51558546
DŽ: 51558546 -> 51558546
DŽ: 51574782 -> 51558546
DŽ: 51558546 -> 51558546
DŽ: 51558546 -> 51558546
DŽ: 51558546 -> 51558546
DŽ: 51658605 -> 51558546
DŽ: 51856177 -> 51852668
DŽ: 51872005 -> 51558546
DŽ: 51558546 -> 51558546
DŽ: 51768619 -> 51587065
DŽ: 51852668 -> 51852668
DŽ: 51768619 -> 51558546
DŽ: 51558546 -> 51558546
DŽ: 51587065 -> 51644004
DŽ: 51558546 -> 51558546
DŽ: 51558546 -> 51558546
DŽ: 51558546 -> 51558546
DŽ: 51587065 -> 51587065
DŽ: 51558546 -> 51558546
DŽ: 51587065 -> 51587065
DŽ: 51558546 -> 51558546
DŽ: 51558546 -> 51615485
DŽ: 51587065 -> 51558546
DŽ: 51558546 -> 51558546
DŽ: 51558546 -> 51558546
DŽ: 51558546 -> 51615485
DŽ: 51587065 -> 51644004
DŽ: 51587065 -> 51587065
DŽ: 51558546 -> 51558546
DŽ: 51558546 -> 51558546
DŽ: 51562055 -> 51558546
DŽ: 51558546 -> 51558546

 start over 262785 loops 364 unique solutions 
Approx + random 
DŽ: 56365073 -> 53185059
DŽ: 51644004 -> 51644004
DŽ: 51558546 -> 51558546
DŽ: 51587065 -> 51558546
DŽ: 51587065 -> 51644004
DŽ: 51658605 -> 51558546
DŽ: 51587065 -> 51644004
DŽ: 51558546 -> 51558546
DŽ: 51644004 -> 51644004
DŽ: 51658605 -> 51558546
DŽ: 51644004 -> 51644004
DŽ: 51788404 -> 51644004
DŽ: 51558546 -> 51558546
DŽ: 51558546 -> 51558546
DŽ: 51644004 -> 51644004
DŽ: 51558546 -> 51558546
DŽ: 51840083 -> 51644004
DŽ: 51840083 -> 51644004
DŽ: 51658605 -> 51615485
DŽ: 51558546 -> 51558546
DŽ: 51558546 -> 51558546
DŽ: 51558546 -> 51558546
DŽ: 51558546 -> 51558546
DŽ: 51587162 -> 51558546
DŽ: 51558546 -> 51558546
DŽ: 51558546 -> 51615485
DŽ: 51558546 -> 51558546
DŽ: 51587065 -> 51587065
DŽ: 51558546 -> 51558546
DŽ: 51558546 -> 51558546
DŽ: 52313651 -> 52133108
DŽ: 51558546 -> 51558546
DŽ: 51644004 -> 51644004
DŽ: 51558546 -> 51558546
DŽ: 51587065 -> 51615485
DŽ: 51558546 -> 51558546
DŽ: 51558546 -> 51558546

 start over 298649 loops 394 unique solutions 
Original + vert_size 0 
DŽ: 53252799 -> 52072405
DŽ: 51644004 -> 51644004
DŽ: 51558546 -> 51558546
DŽ: 51558546 -> 51558546
DŽ: 51558546 -> 51558546
DŽ: 51558546 -> 51558546
DŽ: 51644004 -> 51644004
DŽ: 51558546 -> 51558546
DŽ: 51558546 -> 51558546
DŽ: 51558546 -> 51558546
DŽ: 51558546 -> 51558546
DŽ: 51618994 -> 51803593
DŽ: 51644004 -> 51644004
DŽ: 51587065 -> 51587065
DŽ: 51587065 -> 51587065
DŽ: 52072405 -> 51615485
DŽ: 52060494 -> 51615485
DŽ: 51558546 -> 51558546
DŽ: 51587065 -> 51558546
DŽ: 51644004 -> 51644004
DŽ: 51587065 -> 51587065
DŽ: 51558546 -> 51558546
DŽ: 51615485 -> 51615485
DŽ: 51558546 -> 51615485
DŽ: 51558546 -> 51558546
DŽ: 51558546 -> 51558546
DŽ: 51587065 -> 51587065
DŽ: 51558546 -> 51558546
DŽ: 51558546 -> 51558546
DŽ: 51615485 -> 51615485
DŽ: 51587065 -> 51587065
DŽ: 51615485 -> 51615485
DŽ: 51587065 -> 51862637
DŽ: 51558546 -> 51558546
DŽ: 51587065 -> 51587065
DŽ: 51587065 -> 51644004
DŽ: 51558546 -> 51558546
DŽ: 51659540 -> 51587065
DŽ: 51558546 -> 51615485

 start over 336455 loops 426 unique solutions 
Original + vert_size 0 
DŽ: 53252799 -> 52072405
DŽ: 51587065 -> 51644004
DŽ: 51558546 -> 51615485
DŽ: 51558546 -> 51558546
DŽ: 51587065 -> 51644004
DŽ: 51587065 -> 51587065
DŽ: 51558546 -> 51558546
DŽ: 51945545 -> 51810446
DŽ: 51587065 -> 51881187
DŽ: 51631721 -> 51615485
DŽ: 51676062 -> 51615485
DŽ: 51558546 -> 51558546
DŽ: 51558546 -> 51558546
DŽ: 51599889 -> 51587065
DŽ: 51558546 -> 51558546
DŽ: 51631721 -> 51615485
DŽ: 51738201 -> 51615485
DŽ: 51558546 -> 51558546
DŽ: 51558546 -> 51558546
DŽ: 51558546 -> 51558546
DŽ: 51810446 -> 51644004
DŽ: 51738201 -> 52029890
DŽ: 51587065 -> 51587065
DŽ: 51587065 -> 51587065
DŽ: 51587065 -> 51644004
DŽ: 51558546 -> 51558546
DŽ: 51558546 -> 51558546
DŽ: 51583653 -> 51782026
DŽ: 51587065 -> 51587065
DŽ: 51587065 -> 51644004
DŽ: 51587065 -> 51615485
DŽ: 51587065 -> 51535767
  BEST solution improved 51587065 -> 51535767 (vert_size 0, round 367001) *
DŽ: 51535767 -> 51535767
DŽ: 51535767 -> 51535767
DŽ: 51535767 -> 51535767
DŽ: 51945545 -> 51848823

 start over 371766 loops 457 unique solutions 
Approx + random 
DŽ: 56365073 -> 52352531
DŽ: 51615485 -> 51615485
DŽ: 51644004 -> 51644004
DŽ: 51558546 -> 51558546
DŽ: 51583653 -> 51558546
DŽ: 51558546 -> 51558546
DŽ: 51753507 -> 51558546
DŽ: 51558546 -> 51558546
DŽ: 51587065 -> 51587065
DŽ: 51644004 -> 51615485
DŽ: 51824248 -> 51795729
DŽ: 51824248 -> 51644004
DŽ: 51599889 -> 51587065
DŽ: 51615485 -> 51615485
DŽ: 51558546 -> 51558546
DŽ: 51824248 -> 51644004
DŽ: 51535767 -> 51535767
DŽ: 51535767 -> 51535767
DŽ: 51535767 -> 51535767
DŽ: 51587065 -> 51587065
DŽ: 51535767 -> 51535767
DŽ: 51644004 -> 51644004
DŽ: 51644004 -> 51644004
DŽ: 51644004 -> 51644004
DŽ: 51824248 -> 51881187
DŽ: 51799238 -> 51811965
DŽ: 51824248 -> 51587065
DŽ: 51535767 -> 51535767
DŽ: 51587065 -> 51558546
DŽ: 51615485 -> 51615485
DŽ: 51615485 -> 51615485
DŽ: 51558546 -> 51558546
DŽ: 51615485 -> 51615485
DŽ: 51562055 -> 51615485

 start over 404126 loops 491 unique solutions 
Approx + random 
DŽ: 56365073 -> 53128249
DŽ: 51535767 -> 51615485
DŽ: 51535767 -> 51535767
DŽ: 51644004 -> 51644004
DŽ: 52662225 -> 52425042
DŽ: 51562055 -> 51558546
DŽ: 51603301 -> 51644004
DŽ: 51824248 -> 51587065
DŽ: 51535767 -> 51535767
DŽ: 51535767 -> 51535767
DŽ: 51535767 -> 51535767
DŽ: 51587065 -> 51558546
DŽ: 51824248 -> 51824248
DŽ: 51535767 -> 51535767
DŽ: 51535767 -> 51535767
DŽ: 51535767 -> 51535767
DŽ: 51960606 -> 51746654
DŽ: 51795729 -> 51852668
DŽ: 51587065 -> 51587065
DŽ: 51562055 -> 51558546
DŽ: 51603301 -> 51587065
DŽ: 51535767 -> 51535767
DŽ: 51558546 -> 51615485
DŽ: 51615485 -> 51615485
DŽ: 51615485 -> 51615485
DŽ: 51562055 -> 51558546
DŽ: 51535767 -> 51535767
DŽ: 51746654 -> 51746654
DŽ: 51562055 -> 51558546
DŽ: 51579587 -> 51615485
DŽ: 51558546 -> 51558546
DŽ: 51746654 -> 51746654
DŽ: 51535767 -> 51535767
DŽ: 51535767 -> 51535767
DŽ: 51535767 -> 51535767
DŽ: 51562055 -> 51558546

 start over 439258 loops 524 unique solutions 
Original + vert_size 13 
DŽ: 53252799 -> 52072405
DŽ: 51615485 -> 51615485
DŽ: 51535767 -> 51535767
DŽ: 51587065 -> 51644004
DŽ: 51535767 -> 51535767
DŽ: 51535767 -> 51535767
DŽ: 51535767 -> 51535767
DŽ: 51795729 -> 51615485
DŽ: 51765790 -> 51644004
DŽ: 51535767 -> 51535767
DŽ: 51713476 -> 51558546
DŽ: 51535767 -> 51535767
DŽ: 51535767 -> 51535767
DŽ: 51535767 -> 51535767
DŽ: 51765790 -> 51587065
DŽ: 51535767 -> 51535767
DŽ: 51535767 -> 51620324
DŽ: 51558546 -> 51558546
DŽ: 51535767 -> 51535767
DŽ: 51535767 -> 51535767
DŽ: 51558546 -> 51558546
DŽ: 51535767 -> 51535767
DŽ: 51535767 -> 51535767
DŽ: 51823539 -> 51615485
DŽ: 51765790 -> 51587065
DŽ: 51535767 -> 51535767
DŽ: 51737271 -> 51558546
DŽ: 51837330 -> 51558546
DŽ: 51535767 -> 51535767
DŽ: 51535767 -> 51535767
DŽ: 51535767 -> 51535767

 start over 469610 loops 559 unique solutions 
Original + vert_size 13 
DŽ: 53252799 -> 52072405
DŽ: 51765790 -> 51838965
DŽ: 51535767 -> 51535767
DŽ: 51558546 -> 51558546
DŽ: 51535767 -> 51535767
DŽ: 51535767 -> 51535767
DŽ: 51737271 -> 51615485
DŽ: 51535767 -> 51535767
DŽ: 51535767 -> 51535767
DŽ: 51535767 -> 51615485
DŽ: 51737271 -> 51615485
DŽ: 51535767 -> 51535767
DŽ: 51535767 -> 51535767
DŽ: 51535767 -> 51535767
DŽ: 51535767 -> 51535767
DŽ: 51535767 -> 51535767
DŽ: 51535767 -> 51535767
DŽ: 51765790 -> 51753507
DŽ: 51535767 -> 51535767
DŽ: 51635230 -> 51615485
DŽ: 51635230 -> 51810446
DŽ: 51679179 -> 51615485
DŽ: 51535767 -> 51535767
DŽ: 51535767 -> 51535767
DŽ: 51535767 -> 51535767
DŽ: 51753507 -> 51558546
DŽ: 51578291 -> 51558546
DŽ: 51535767 -> 51535767
DŽ: 51535767 -> 51535767
DŽ: 51535767 -> 51535767
DŽ: 51615485 -> 51615485
DŽ: 51615485 -> 51615485
DŽ: 51679179 -> 51615485
DŽ: 51615485 -> 51644004
DŽ: 51558546 -> 51615485

 start over 503677 loops 582 unique solutions 
Original + vert_size 0 
DŽ: 53252799 -> 52072405
DŽ: 51535767 -> 51535767
DŽ: 51535767 -> 51615485
DŽ: 51535767 -> 51615485
DŽ: 51535767 -> 51535767
DŽ: 51562055 -> 51558546
DŽ: 51535767 -> 51558546
DŽ: 51719882 -> 51615485
DŽ: 51615485 -> 51615485
DŽ: 51615485 -> 51615485
DŽ: 51535767 -> 51535767
DŽ: 51715544 -> 51615485
DŽ: 51615485 -> 51615485
DŽ: 51535767 -> 51535767
DŽ: 51721965 -> 51558546
DŽ: 51558546 -> 51615485
DŽ: 51558546 -> 51558546
DŽ: 51878963 -> 51615485
DŽ: 51535767 -> 51564286
DŽ: 51558546 -> 51615485
DŽ: 51662943 -> 51558546
DŽ: 51535767 -> 51535767
DŽ: 51558546 -> 51558546
DŽ: 51558546 -> 51615485
DŽ: 51615485 -> 51615485
DŽ: 51535767 -> 51535767
DŽ: 51564286 -> 51644004
DŽ: 51535767 -> 51535767
DŽ: 51615485 -> 51615485
DŽ: 51535767 -> 51615485
DŽ: 51615485 -> 51615485
DŽ: 51615485 -> 51615485

 start over 534907 loops 610 unique solutions 
Approx + random 
DŽ: 56365073 -> 53321346
DŽ: 51558546 -> 51587065
DŽ: 51535767 -> 51535767
DŽ: 51721965 -> 51558546
DŽ: 51535767 -> 51535767
DŽ: 51558546 -> 51558546
DŽ: 51662943 -> 51746654
DŽ: 51535767 -> 51535767
DŽ: 51535767 -> 51535767
DŽ: 51558546 -> 51615485
DŽ: 51615485 -> 51615485
DŽ: 51746654 -> 51746654
DŽ: 51662943 -> 51615485
DŽ: 51587065 -> 51587065
DŽ: 51746654 -> 51746654
DŽ: 51911440 -> 51644004
DŽ: 51558546 -> 51558546
DŽ: 51535767 -> 51535767
DŽ: 51746654 -> 51803593
DŽ: 51721704 -> 51721704
DŽ: 51535767 -> 51644004
DŽ: 51746654 -> 51746654
DŽ: 51558546 -> 51615485
DŽ: 51721704 -> 51721704
DŽ: 51721704 -> 51721704
DŽ: 51535767 -> 51535767
DŽ: 51746654 -> 51746654
DŽ: 51746654 -> 51746654
DŽ: 51911440 -> 51644004
DŽ: 51535767 -> 51535767
DŽ: 51644004 -> 51644004
DŽ: 51746654 -> 51746654
DŽ: 51535767 -> 51535767
DŽ: 51535767 -> 51535767
DŽ: 51535767 -> 51564286

 start over 568803 loops 650 unique solutions 
Approx + random 
DŽ: 56365073 -> 52392755
DŽ: 51558546 -> 51587065
DŽ: 51615485 -> 51615485
DŽ: 51558546 -> 51558546
DŽ: 51535767 -> 51535767
DŽ: 51535767 -> 51535767
DŽ: 51721704 -> 51693185
DŽ: 51746654 -> 51746654
DŽ: 51746654 -> 51803593
DŽ: 51535767 -> 51535767
DŽ: 52059018 -> 51615485
DŽ: 51587065 -> 51644004
DŽ: 51535767 -> 51535767
DŽ: 51587065 -> 51587065
DŽ: 51535767 -> 51535767
DŽ: 51746654 -> 51803593
DŽ: 51644004 -> 51615485
DŽ: 51558546 -> 51558546
DŽ: 51535767 -> 51535767
DŽ: 51535767 -> 51535767
DŽ: 51535767 -> 51535767
DŽ: 51558546 -> 51615485
DŽ: 51587065 -> 51587065
DŽ: 51644004 -> 51644004
DŽ: 51587065 -> 51558546
DŽ: 51558546 -> 51558546
DŽ: 52215177 -> 51881187
DŽ: 51535767 -> 51535767
DŽ: 51535767 -> 51535767
DŽ: 51618994 -> 51615485
DŽ: 51535767 -> 51535767
DŽ: 51587065 -> 51587065

 start over 599629 loops 680 unique solutions 
Original + vert_size 0 
DŽ: 53252799 -> 52072405
DŽ: 51535767 -> 51535767
DŽ: 51535767 -> 51535767
DŽ: 51587065 -> 51644004
DŽ: 51535767 -> 51535767
DŽ: 51535767 -> 51535767
DŽ: 51746654 -> 51746654
DŽ: 51746654 -> 51558546
DŽ: 51558546 -> 51558546
DŽ: 51778904 -> 51615485
DŽ: 51535767 -> 51535767
DŽ: 51535767 -> 51535767
DŽ: 51535767 -> 51535767
DŽ: 51535767 -> 51535767
DŽ: 51618994 -> 51615485
DŽ: 51794210 -> 51615485
DŽ: 51631721 -> 51615485
DŽ: 51746654 -> 51803593
DŽ: 51746654 -> 51775173
DŽ: 51558546 -> 51558546
DŽ: 51894269 -> 51615485
DŽ: 51535767 -> 51535767
DŽ: 51746654 -> 51775173
DŽ: 51746654 -> 51746654
DŽ: 51803593 -> 51803593
DŽ: 51775173 -> 51832112
DŽ: 51775173 -> 51832112
DŽ: 51746654 -> 51803593
DŽ: 51832112 -> 51803593
DŽ: 51615485 -> 51615485
DŽ: 51535767 -> 51535767
DŽ: 51535767 -> 51535767
DŽ: 51535767 -> 51535767
DŽ: 51615485 -> 51615485
DŽ: 51803593 -> 51803593

 start over 633709 loops 714 unique solutions 
Approx + random 
DŽ: 56365073 -> 53185059
DŽ: 51832112 -> 51644004
DŽ: 52039604 -> 51644004
DŽ: 51803593 -> 51803593
DŽ: 51535767 -> 51535767
DŽ: 51746654 -> 51746654
DŽ: 51746654 -> 51746654
DŽ: 51746654 -> 51803593
DŽ: 51737271 -> 51558546
DŽ: 51737271 -> 51558546
DŽ: 51746654 -> 51746654
DŽ: 51535767 -> 51535767
DŽ: 51913314 -> 51558546
DŽ: 51535767 -> 51535767
DŽ: 51587065 -> 51797138
DŽ: 52276787 -> 51615485
DŽ: 51535767 -> 51615485
DŽ: 51535767 -> 51535767
DŽ: 51615485 -> 51615485
DŽ: 51809746 -> 51587065
DŽ: 51737271 -> 51558546
DŽ: 51809746 -> 51558546
DŽ: 51535767 -> 51535767
DŽ: 51535767 -> 51535767
DŽ: 51535767 -> 51535767
DŽ: 51535767 -> 51535767
DŽ: 51558546 -> 51558546
DŽ: 51660436 -> 51644004
DŽ: 51535767 -> 51535767
DŽ: 51558546 -> 51615485
DŽ: 51535767 -> 51564286
DŽ: 51587065 -> 51587065
DŽ: 51535767 -> 51615485
DŽ: 51535767 -> 51535767
DŽ: 51765790 -> 51558546
DŽ: 51746654 -> 51746654

 start over 668118 loops 745 unique solutions 
Approx + random 
DŽ: 56365073 -> 52663758
DŽ: 52052353 -> 52002773
DŽ: 51535767 -> 51535767
DŽ: 51746654 -> 51746654
DŽ: 52002773 -> 51644004
DŽ: 51737271 -> 51587065
DŽ: 51535767 -> 51535767
DŽ: 51535767 -> 51535767
DŽ: 52218280 -> 52036117
DŽ: 51644004 -> 51644004
DŽ: 51737271 -> 51558546
DŽ: 51746654 -> 51803593
DŽ: 51746654 -> 51746654
DŽ: 51535767 -> 51535767
DŽ: 51746654 -> 51746654
DŽ: 51535767 -> 51535767
DŽ: 51737271 -> 51558546
DŽ: 51954558 -> 51881187
DŽ: 52052353 -> 52036117
DŽ: 51746654 -> 51803593
DŽ: 51535767 -> 51535767
DŽ: 51737271 -> 51615485
DŽ: 51535767 -> 51535767
DŽ: 51535767 -> 51535767
DŽ: 51535767 -> 51535767
DŽ: 51824248 -> 51852668
DŽ: 51693185 -> 51693185
DŽ: 51535767 -> 51535767
DŽ: 51535767 -> 51535767
DŽ: 51746654 -> 51746654
DŽ: 51535767 -> 51535767
DŽ: 51535767 -> 51535767
DŽ: 51852668 -> 51852668

 start over 700328 loops 787 unique solutions 
Original + vert_size 0 
DŽ: 53252799 -> 52072405
DŽ: 51639030 -> 51615485
DŽ: 51535767 -> 51535767
DŽ: 51824248 -> 51615485
DŽ: 52072405 -> 51615485
DŽ: 51824248 -> 51644004
DŽ: 51535767 -> 51535767
DŽ: 51639030 -> 51558546
DŽ: 52072405 -> 51615485
DŽ: 51615485 -> 51615485
DŽ: 51662943 -> 51558546
DŽ: 51693185 -> 51693185
DŽ: 51639030 -> 51615485
DŽ: 51693185 -> 51693185
DŽ: 51644004 -> 51615485
DŽ: 51721965 -> 51615485
DŽ: 51535767 -> 51535767
DŽ: 51535767 -> 51535767
DŽ: 51721965 -> 51558546
DŽ: 51587065 -> 51644004
DŽ: 51535767 -> 51535767
DŽ: 51721965 -> 51558546
DŽ: 51535767 -> 51535767
DŽ: 51659826 -> 51615485
DŽ: 51795729 -> 51615485
DŽ: 51721965 -> 51615485
DŽ: 51659826 -> 51615485
DŽ: 51721965 -> 51558546
DŽ: 51562055 -> 51535767
DŽ: 51587065 -> 51587065
DŽ: 51639030 -> 51558546
DŽ: 51535767 -> 51535767
DŽ: 51558546 -> 51558546

 start over 732660 loops 803 unique solutions 
Approx + random 
DŽ: 56365073 -> 53185059
DŽ: 51587065 -> 51881187
DŽ: 51535767 -> 51535767
DŽ: 51587065 -> 51615485
DŽ: 51615485 -> 51615485
DŽ: 51721965 -> 51558546
DŽ: 51535767 -> 51535767
DŽ: 51631021 -> 51558546
DŽ: 51535767 -> 51535767
DŽ: 51535767 -> 51535767
DŽ: 51574782 -> 51558546
DŽ: 51535767 -> 51535767
DŽ: 51535767 -> 51535767
DŽ: 51562055 -> 51558546
DŽ: 51535767 -> 51535767
DŽ: 51738201 -> 51558546
DŽ: 51662943 -> 51615485
DŽ: 51558546 -> 51558546
DŽ: 51631021 -> 51615485
DŽ: 51574782 -> 51615485
DŽ: 51558546 -> 51558546
DŽ: 51558546 -> 51746654
DŽ: 51558546 -> 51558546
DŽ: 51535767 -> 51535767
DŽ: 51574782 -> 51753507
DŽ: 51535767 -> 51535767
DŽ: 51535767 -> 51535767
DŽ: 51535767 -> 51535767
DŽ: 51535767 -> 51535767
DŽ: 51605872 -> 51589636
DŽ: 51574782 -> 51615485
DŽ: 51631021 -> 51558546
DŽ: 51535767 -> 51535767
DŽ: 51535767 -> 51535767
DŽ: 51535767 -> 51615485

 start over 766726 loops 836 unique solutions 
Original + vert_size 0 
DŽ: 53252799 -> 52072405
DŽ: 51746654 -> 51746654
DŽ: 51605872 -> 51558546
DŽ: 51558546 -> 51615485
DŽ: 51558546 -> 51587065
DŽ: 51535767 -> 51535767
DŽ: 51574782 -> 51615485
DŽ: 51558546 -> 51558546
DŽ: 51746654 -> 51746654
DŽ: 51535767 -> 51535767
DŽ: 51535767 -> 51535767
DŽ: 51535767 -> 51535767
DŽ: 51574782 -> 51558546
DŽ: 51746654 -> 51803593
DŽ: 51535767 -> 51535767
DŽ: 51615485 -> 51615485
DŽ: 51631021 -> 51615485
DŽ: 51587065 -> 51558546
DŽ: 51587065 -> 51587065
DŽ: 51746654 -> 51746654
DŽ: 51535767 -> 51535767
DŽ: 51535767 -> 51535767
DŽ: 51535767 -> 51535767
DŽ: 51535767 -> 51535767
DŽ: 51535767 -> 51535767
DŽ: 51535767 -> 51535767
DŽ: 51746654 -> 51803593
DŽ: 51535767 -> 51535767
DŽ: 51615485 -> 51615485
DŽ: 51746654 -> 51746654
DŽ: 51535767 -> 51535767

 start over 796976 loops 877 unique solutions 
Original + vert_size 0 
DŽ: 53252799 -> 52072405
DŽ: 51535767 -> 51535767
DŽ: 51746654 -> 51746654
DŽ: 51535767 -> 51535767
DŽ: 51746654 -> 51746654
DŽ: 51746654 -> 51746654
DŽ: 51693185 -> 51693185
DŽ: 51535767 -> 51535767
DŽ: 51535767 -> 51535767
DŽ: 51667250 -> 51615485
DŽ: 51535767 -> 51535767
DŽ: 51746654 -> 51746654
DŽ: 51558546 -> 51615485
DŽ: 51615485 -> 51615485
DŽ: 51535767 -> 51535767
DŽ: 51535767 -> 51535767
DŽ: 51791884 -> 51753507
DŽ: 51535767 -> 51535767
DŽ: 51746654 -> 51746654
DŽ: 51574782 -> 51753507
DŽ: 52027548 -> 51848823
DŽ: 51746654 -> 51803593
DŽ: 51746654 -> 51746654
DŽ: 51753507 -> 51587065
DŽ: 51535767 -> 51535767
DŽ: 51753507 -> 51615485
DŽ: 51667250 -> 51558546
DŽ: 51791884 -> 51574782
DŽ: 51631721 -> 51615485
DŽ: 51535767 -> 51535767
DŽ: 51746654 -> 51746654
DŽ: 51631721 -> 51615485
DŽ: 51535767 -> 51535767

 start over 828803 loops 907 unique solutions 
Original + vert_size 0 
DŽ: 53252799 -> 52072405
DŽ: 51746654 -> 51746654
DŽ: 51848823 -> 51810446
DŽ: 51693185 -> 51803593
DŽ: 51535767 -> 51564286
DŽ: 51535767 -> 51535767
DŽ: 51646175 -> 51615485
DŽ: 51838551 -> 51615485
DŽ: 51535767 -> 51535767
DŽ: 51658605 -> 51615485
DŽ: 51810446 -> 51615485
DŽ: 51794210 -> 51615485
DŽ: 51615485 -> 51615485
DŽ: 51535767 -> 51535767
DŽ: 51535767 -> 51535767
DŽ: 51676062 -> 51615485
DŽ: 51535767 -> 51535767
DŽ: 51535767 -> 51535767
DŽ: 51693185 -> 51721704
DŽ: 51535767 -> 51535767
DŽ: 51615485 -> 51615485
DŽ: 51574782 -> 51558546
DŽ: 51583653 -> 51615485
DŽ: 51535767 -> 51535767
DŽ: 51631721 -> 51615485
DŽ: 51659826 -> 51615485
DŽ: 51972346 -> 51615485
DŽ: 51631721 -> 51615485
DŽ: 51676062 -> 51615485
DŽ: 51535767 -> 51535767
DŽ: 51615485 -> 51615485
DŽ: 51676062 -> 52081509

 start over 859451 loops 931 unique solutions 
Original + vert_size 0 
DŽ: 53252799 -> 52072405
DŽ: 51535767 -> 51535767
DŽ: 51583653 -> 51615485
DŽ: 51574782 -> 51558546
DŽ: 51615485 -> 51615485
DŽ: 51535767 -> 51615485
DŽ: 51574782 -> 51558546
DŽ: 51676062 -> 51615485
DŽ: 51535767 -> 51615485
DŽ: 51535767 -> 51615485
DŽ: 51810446 -> 51935273
DŽ: 51583653 -> 51558546
DŽ: 51535767 -> 51535767
DŽ: 51535767 -> 51535767
DŽ: 51535767 -> 51615485
DŽ: 51658605 -> 51558546
DŽ: 51823245 -> 51615485
DŽ: 51676062 -> 51615485
DŽ: 51945545 -> 51848823
DŽ: 51688345 -> 51644004
DŽ: 51535767 -> 51535767
DŽ: 51663335 -> 51615485
DŽ: 51535767 -> 51535767
DŽ: 51763002 -> 51558546
DŽ: 51535767 -> 51535767
DŽ: 51848823 -> 52168736
DŽ: 51615485 -> 51615485
DŽ: 51535767 -> 51535767
DŽ: 51618994 -> 51615485
DŽ: 51639030 -> 51615485
DŽ: 51535767 -> 51535767
DŽ: 51535767 -> 51615485
DŽ: 51618994 -> 51615485

 start over 891335 loops 954 unique solutions 
Original + vert_size 0 
DŽ: 53252799 -> 52072405
DŽ: 51535767 -> 51535767
DŽ: 51644004 -> 51644004
DŽ: 51587065 -> 51587065
DŽ: 51945545 -> 51848823
DŽ: 51659826 -> 51615485
DŽ: 51644004 -> 51644004
DŽ: 51535767 -> 51535767
DŽ: 51535767 -> 51535767
DŽ: 51615485 -> 51935398
DŽ: 51535767 -> 51535767
DŽ: 51535767 -> 51535767
DŽ: 51935398 -> 52125850
DŽ: 51535767 -> 51535767
DŽ: 51640592 -> 51615485
DŽ: 51535767 -> 51535767
DŽ: 51535767 -> 51535767
DŽ: 51732301 -> 51615485
DŽ: 51535767 -> 51535767
DŽ: 52057688 -> 51615485
DŽ: 51587065 -> 51587065
DŽ: 51618994 -> 51615485
DŽ: 51535767 -> 51535767
DŽ: 51535767 -> 51535767
DŽ: 51659540 -> 51644004
DŽ: 51558546 -> 51558546
DŽ: 51587065 -> 51587065
DŽ: 51535767 -> 51535767
DŽ: 51535767 -> 51535767
DŽ: 51587065 -> 51644004
DŽ: 51558546 -> 51558546
DŽ: 51535767 -> 51535767
DŽ: 51644004 -> 51644004
DŽ: 51587065 -> 51587065

 start over 924880 loops 991 unique solutions 
Original + vert_size 0 
DŽ: 53252799 -> 52072405
DŽ: 51535767 -> 51535767
DŽ: 51644004 -> 51644004
DŽ: 51587065 -> 51587065
DŽ: 51587065 -> 51587065
DŽ: 51535767 -> 51535767
DŽ: 51864072 -> 51644004
DŽ: 51535767 -> 51535767
DŽ: 51933677 -> 51838965
DŽ: 51558546 -> 51644004
DŽ: 51635230 -> 51852668
DŽ: 51535767 -> 51535767
DŽ: 51535767 -> 51535767
DŽ: 51535767 -> 51615485
DŽ: 51535767 -> 51535767
DŽ: 51635230 -> 51631721
DŽ: 51612172 -> 51587065
DŽ: 51535767 -> 51535767
DŽ: 51636526 -> 51615485
DŽ: 51618994 -> 51615485
DŽ: 51535767 -> 51535767
DŽ: 51705092 -> 51615485
DŽ: 51628408 -> 51587065
DŽ: 51618994 -> 51615485
DŽ: 51535767 -> 51535767
DŽ: 51635230 -> 51615485
DŽ: 51615485 -> 51615485
DŽ: 51628408 -> 51587065
DŽ: 51558546 -> 51615485
DŽ: 51535767 -> 51535767
DŽ: 51535767 -> 51535767
DŽ: 51587065 -> 51587065
DŽ: 51578291 -> 51558546

 start over 956678 loops 1016 unique solutions 
Original + vert_size 13 
DŽ: 53252799 -> 52072405
DŽ: 51535767 -> 51615485
DŽ: 51535767 -> 51535767
DŽ: 51535767 -> 51564286
DŽ: 51535767 -> 51535767
DŽ: 51631721 -> 51615485
DŽ: 51535767 -> 51535767
DŽ: 51587065 -> 51587065
DŽ: 51631021 -> 51558546
DŽ: 51631721 -> 51615485
DŽ: 51535767 -> 51535767
DŽ: 51635230 -> 51615485
DŽ: 51535767 -> 51535767
DŽ: 51535767 -> 51535767
DŽ: 51644004 -> 51644004
DŽ: 51535767 -> 51615485
DŽ: 51535767 -> 51535767
DŽ: 51535767 -> 51535767
DŽ: 51535767 -> 51535767
DŽ: 51644004 -> 51644004
DŽ: 51535767 -> 51535767
DŽ: 51562055 -> 51558546
DŽ: 51603301 -> 51587065
DŽ: 51615485 -> 51615485
DŽ: 51535767 -> 51535767
DŽ: 51535767 -> 51535767
DŽ: 51535767 -> 51535767
DŽ: 51535767 -> 51535767
DŽ: 51535767 -> 51535767
DŽ: 51535767 -> 51615485
DŽ: 51615485 -> 51615485
DŽ: 51535767 -> 51535767
DŽ: 51562055 -> 51558546
DŽ: 51599889 -> 51558546

 start over 989538 loops 1048 unique solutions 
Approx + random 
DŽ: 56365073 -> 52360266
DŽ: 51558546 -> 51558546
DŽ: 51535767 -> 51535767
DŽ: 51644004 -> 51644004
DŽ: 51635230 -> 51615485
DŽ: 51535767 -> 51535767
DŽ: 51535767 -> 51535767
DŽ: 52005217 -> 51810446
DŽ: 51905158 -> 51810446
DŽ: 51615485 -> 51558546
DŽ: 51701169 -> 51615485
DŽ: 51736118 -> 51631721
DŽ: 51535767 -> 51535767
DŽ: 51810446 -> 51644004
DŽ: 51535767 -> 51535767
DŽ: 52001880 -> 51998554
DŽ: 51647257 -> 51558546
DŽ: 51558546 -> 51558546
DŽ: 51647257 -> 51615485
DŽ: 51647257 -> 51574782
DŽ: 51675776 -> 51644004
DŽ: 51675776 -> 51587065
DŽ: 51535767 -> 51535767
DŽ: 51535767 -> 51535767
DŽ: 51675776 -> 51587065
DŽ: 51675776 -> 51660240
DŽ: 51762890 -> 51762890
DŽ: 51675776 -> 51587065
DŽ: 51739627 -> 51631721
DŽ: 51762890 -> 51746654
DŽ: 51762890 -> 51746654
DŽ: 51535767 -> 51535767

 start over 1020497 loops 1081 unique solutions 
Original + vert_size 0 
DŽ: 53252799 -> 52072405
DŽ: 51535767 -> 51535767
DŽ: 51757016 -> 51587065
DŽ: 51758836 -> 51558546
DŽ: 51675776 -> 52110028
DŽ: 51535767 -> 51535767
DŽ: 52072405 -> 51615485
DŽ: 51709421 -> 51693185
DŽ: 51535767 -> 51535767
DŽ: 51558546 -> 51615485
DŽ: 51945545 -> 51848823
DŽ: 51757016 -> 51558546
DŽ: 51675776 -> 51587065
DŽ: 51655268 -> 51615485
DŽ: 51635230 -> 51615485
DŽ: 52072405 -> 51848823
DŽ: 51741710 -> 51558546
DŽ: 51757016 -> 51558546
DŽ: 51535767 -> 51535767
DŽ: 51812266 -> 51615485
DŽ: 51558546 -> 51558546
DŽ: 51603301 -> 51587065
DŽ: 51810446 -> 51615485
DŽ: 51603301 -> 51644004
DŽ: 51693185 -> 51803593
DŽ: 51558546 -> 51558546
DŽ: 51812266 -> 51615485
DŽ: 51535767 -> 51535767
DŽ: 51738201 -> 51558546
DŽ: 51738201 -> 51558546
DŽ: 51721965 -> 51558546
DŽ: 51721965 -> 51558546
DŽ: 51795140 -> 51615485
DŽ: 51715544 -> 51615485

 start over 1053257 loops 1110 unique solutions 
Approx + random 
DŽ: 56365073 -> 52747554
DŽ: 51603301 -> 51558546
DŽ: 51535767 -> 51535767
DŽ: 51535767 -> 51535767
DŽ: 51688712 -> 51644004
DŽ: 52664827 -> 52169215
DŽ: 51535767 -> 51535767
DŽ: 51755729 -> 51558546
DŽ: 51535767 -> 51535767
DŽ: 52183490 -> 51782026
DŽ: 51535767 -> 51535767
DŽ: 52249119 -> 51782026
DŽ: 51618994 -> 51644004
DŽ: 51603301 -> 51587065
DŽ: 51535767 -> 51535767
DŽ: 51644004 -> 51644004
DŽ: 51766720 -> 51574782
DŽ: 51618994 -> 51615485
DŽ: 51587065 -> 51587065
DŽ: 51535767 -> 51535767
DŽ: 51535767 -> 51535767
DŽ: 51603301 -> 51803593
DŽ: 51578291 -> 51574782
DŽ: 51535767 -> 51535767
DŽ: 51535767 -> 51535767
DŽ: 52209336 -> 51838965
DŽ: 51603301 -> 51587065
DŽ: 51587065 -> 51587065
DŽ: 51535767 -> 51535767
DŽ: 51603301 -> 51587065
DŽ: 51587065 -> 51644004
DŽ: 51764637 -> 51644004
DŽ: 51535767 -> 51535767
DŽ: 51535767 -> 51535767
DŽ: 51746654 -> 51746654
DŽ: 51644004 -> 51615485

 start over 1088824 loops 1148 unique solutions 
Original + vert_size 0 
DŽ: 53252799 -> 52072405
DŽ: 51644004 -> 51644004
DŽ: 51535767 -> 51535767
DŽ: 51803593 -> 51803593
DŽ: 51738201 -> 51558546
DŽ: 51535767 -> 51535767
DŽ: 51719882 -> 51615485
DŽ: 51637107 -> 51587065
DŽ: 51535767 -> 51535767
DŽ: 51765790 -> 51824248
DŽ: 51719882 -> 51615485
DŽ: 51587065 -> 51587065
DŽ: 51535767 -> 51535767
DŽ: 51637107 -> 51644004
DŽ: 51715544 -> 51615485
DŽ: 51535767 -> 51535767
DŽ: 51535767 -> 51535767
DŽ: 51659826 -> 51615485
DŽ: 51662943 -> 51558546
DŽ: 51562055 -> 51615485
DŽ: 51719882 -> 51615485
DŽ: 51535767 -> 51535767
DŽ: 51587065 -> 51558546
DŽ: 51719882 -> 51615485
DŽ: 51535767 -> 51535767
DŽ: 51615485 -> 51615485
DŽ: 51535767 -> 51535767
DŽ: 51570186 -> 51558546
DŽ: 51535767 -> 51535767
DŽ: 51687124 -> 51587065
DŽ: 51535767 -> 51535767
DŽ: 51535767 -> 51535767
DŽ: 51535767 -> 51535767

 start over 1120645 loops 1173 unique solutions 
Original + vert_size 13 
DŽ: 53252799 -> 52072405
DŽ: 51578291 -> 51615485
DŽ: 51535767 -> 51535767
DŽ: 51659826 -> 51615485
DŽ: 51535767 -> 51535767
DŽ: 51620871 -> 51644004
DŽ: 51535767 -> 51535767
DŽ: 51659826 -> 51615485
DŽ: 51535767 -> 51535767
DŽ: 51715544 -> 51615485
DŽ: 51535767 -> 51535767
DŽ: 51535767 -> 51535767
DŽ: 51535767 -> 51535767
DŽ: 51583653 -> 51558546
DŽ: 51558546 -> 51558546
DŽ: 51687124 -> 51644004
DŽ: 51687124 -> 51587065
DŽ: 51535767 -> 51535767
DŽ: 51535767 -> 51535767
DŽ: 51824248 -> 51852668
DŽ: 51535767 -> 51535767
DŽ: 51562055 -> 51558546
DŽ: 51535767 -> 51535767
DŽ: 51535767 -> 51535767
DŽ: 51644004 -> 51615485
DŽ: 51558546 -> 51877342
DŽ: 51763002 -> 51558546
DŽ: 51578291 -> 51558546
DŽ: 51535767 -> 51535767
DŽ: 51558546 -> 51558546
DŽ: 51578291 -> 51615485
DŽ: 51822729 -> 51644004

 start over 1151740 loops 1200 unique solutions 
Approx + random 
DŽ: 56365073 -> 52839413
DŽ: 51765790 -> 51644004
DŽ: 52670676 -> 52019209
DŽ: 51574782 -> 51558546
DŽ: 51535767 -> 51535767
DŽ: 51620871 -> 51587065
DŽ: 51535767 -> 51535767
DŽ: 51574782 -> 51615485
DŽ: 51949213 -> 51782026
DŽ: 51535767 -> 51535767
DŽ: 51578291 -> 51558546
DŽ: 51535767 -> 51535767
DŽ: 51535767 -> 51535767
DŽ: 51655266 -> 51558546
DŽ: 51535767 -> 51535767
DŽ: 51635230 -> 51737071
DŽ: 52670676 -> 52540510
DŽ: 51840484 -> 51615485
DŽ: 51603301 -> 51644004
DŽ: 51840484 -> 51587065
DŽ: 51676062 -> 51615485
DŽ: 51587065 -> 51587065
DŽ: 51535767 -> 51535767
DŽ: 51737071 -> 51737071
DŽ: 51535767 -> 51535767
DŽ: 51795729 -> 51615485
DŽ: 51615485 -> 51615485
DŽ: 51558546 -> 51852668
DŽ: 51535767 -> 51535767
DŽ: 51535767 -> 51535767
DŽ: 51660240 -> 51644004
DŽ: 51795729 -> 51795729
DŽ: 51795729 -> 51852668
DŽ: 51852668 -> 51615485

 start over 1184126 loops 1240 unique solutions 
Approx + random 
DŽ: 56365073 -> 52203095
DŽ: 51892451 -> 51795729
DŽ: 51840484 -> 51810446
DŽ: 51631721 -> 51615485
DŽ: 51795729 -> 51795729
DŽ: 51635230 -> 51615485
DŽ: 51587065 -> 51587065
DŽ: 51708651 -> 52291582
DŽ: 51558546 -> 51587065
DŽ: 51535767 -> 51535767
DŽ: 51574782 -> 51615485
DŽ: 51574782 -> 51558546
DŽ: 51795729 -> 51558546
DŽ: 51631021 -> 51558546
DŽ: 51535767 -> 51535767
DŽ: 51631021 -> 51558546
DŽ: 51810446 -> 51615485
DŽ: 51535767 -> 51535767
DŽ: 51562055 -> 51558546
DŽ: 51615485 -> 51615485
DŽ: 51708651 -> 51737071
DŽ: 52291582 -> 52081509
DŽ: 51804529 -> 51615485
DŽ: 51535767 -> 51535767
DŽ: 51795729 -> 51558546
DŽ: 51558546 -> 51558546
DŽ: 51587065 -> 51587065
DŽ: 51558546 -> 51615485
DŽ: 51535767 -> 51535767
DŽ: 51535767 -> 51535767
DŽ: 51558546 -> 51558546
DŽ: 51535767 -> 51535767
DŽ: 51535767 -> 51535767

 start over 1216555 loops 1269 unique solutions 
Approx + random 
DŽ: 56365073 -> 52947876
DŽ: 52674991 -> 52674991
DŽ: 51535767 -> 51535767
DŽ: 51535767 -> 51535767
DŽ: 51535767 -> 51535767
DŽ: 51804529 -> 51558546
DŽ: 51535767 -> 51535767
DŽ: 51866685 -> 51615485
DŽ: 51535767 -> 51535767
DŽ: 51795729 -> 51558546
DŽ: 52564359 -> 52124482
DŽ: 51535767 -> 51535767
DŽ: 51535767 -> 51535767
DŽ: 52796577 -> 52320811
DŽ: 52564359 -> 52439207
DŽ: 52230247 -> 52081509
DŽ: 51535767 -> 51535767
DŽ: 51535767 -> 51535767
DŽ: 51809746 -> 51558546
DŽ: 51895857 -> 51615485
DŽ: 51535767 -> 51535767
DŽ: 51740677 -> 51558546
DŽ: 51535767 -> 51535767
DŽ: 51631021 -> 51558546
DŽ: 52230247 -> 52081509
DŽ: 51535767 -> 51535767
DŽ: 51716479 -> 51644004
DŽ: 51535767 -> 51535767
DŽ: 51535767 -> 51615485
DŽ: 51535767 -> 51535767
DŽ: 51535767 -> 51615485
DŽ: 51794210 -> 51615485
DŽ: 51535767 -> 51535767
DŽ: 51558546 -> 51558546
DŽ: 51895857 -> 51644004

 start over 1250725 loops 1305 unique solutions 
Approx + random 
DŽ: 56365073 -> 52597449
DŽ: 51558546 -> 51558546
DŽ: 51535767 -> 51535767
DŽ: 51809746 -> 52024570
DŽ: 51687960 -> 51615485
DŽ: 51631021 -> 51615485
DŽ: 51737271 -> 51615485
DŽ: 51535767 -> 51535767
DŽ: 51535767 -> 51535767
DŽ: 51535767 -> 51535767
DŽ: 51535767 -> 51535767
DŽ: 51583653 -> 51558546
DŽ: 51660193 -> 51558546
DŽ: 51583653 -> 51558546
DŽ: 51905158 -> 51810446
DŽ: 51583653 -> 51558546
DŽ: 51535767 -> 51535767
DŽ: 51535767 -> 51564286
DŽ: 51562055 -> 51558546
DŽ: 51535767 -> 51535767
DŽ: 51938546 -> 51615485
DŽ: 51535767 -> 51535767
DŽ: 51659826 -> 51935398
DŽ: 51535767 -> 51535767
DŽ: 51535767 -> 51615485
DŽ: 51535767 -> 51535767
DŽ: 51535767 -> 51535767
DŽ: 51535767 -> 51620324
DŽ: 51558546 -> 51558546
DŽ: 51535767 -> 51535767
DŽ: 51782712 -> 51615485
DŽ: 51634530 -> 51558546
DŽ: 51685300 -> 51558546

 start over 1282626 loops 1336 unique solutions 
Approx + random 
DŽ: 56365073 -> 52636782
DŽ: 51535767 -> 51535767
DŽ: 51583653 -> 51558546
DŽ: 51564286 -> 51644004
DŽ: 51762330 -> 51615485
DŽ: 51535767 -> 51615485
DŽ: 51615485 -> 51615485
DŽ: 51558546 -> 51558546
DŽ: 51659826 -> 51615485
DŽ: 51738201 -> 51558546
DŽ: 51753507 -> 51615485
DŽ: 51535767 -> 51535767
DŽ: 51535767 -> 51535767
DŽ: 51738201 -> 51558546
DŽ: 51583653 -> 51558546
DŽ: 51646175 -> 51615485
DŽ: 51713476 -> 51558546
DŽ: 51587065 -> 51587065
DŽ: 51615485 -> 51615485
DŽ: 51713476 -> 51615485
DŽ: 51738201 -> 51558546
DŽ: 51535767 -> 51535767
DŽ: 52161649 -> 52360266
DŽ: 51535767 -> 51535767
DŽ: 51558546 -> 51558546
DŽ: 51737271 -> 51615485
DŽ: 51615485 -> 51615485
DŽ: 51646175 -> 51615485
DŽ: 51615485 -> 51615485
DŽ: 51758312 -> 51558546
DŽ: 51758312 -> 51558546

 start over 1312712 loops 1358 unique solutions 
Approx + random 
DŽ: 56365073 -> 52318692
DŽ: 51758312 -> 51615485
DŽ: 51615485 -> 51615485
DŽ: 51615485 -> 51615485
DŽ: 51558546 -> 51558546
DŽ: 51615485 -> 51615485
DŽ: 51738201 -> 51558546
DŽ: 51535767 -> 51535767
DŽ: 51535767 -> 51535767
DŽ: 51535767 -> 51535767
DŽ: 51535767 -> 51535767
DŽ: 51659826 -> 51615485
DŽ: 51646175 -> 51615485
DŽ: 51761473 -> 51615485
DŽ: 51687960 -> 51615485
DŽ: 51631021 -> 51615485
DŽ: 51634530 -> 51558546
DŽ: 51535767 -> 51535767
DŽ: 51558546 -> 51558546
DŽ: 51634530 -> 51558546
DŽ: 51535767 -> 51615485
DŽ: 51761473 -> 51615485
DŽ: 52161649 -> 51753507
DŽ: 51659540 -> 51832112
DŽ: 51535767 -> 51535767
DŽ: 51535767 -> 51535767
DŽ: 51535767 -> 51535767
DŽ: 51775173 -> 51832112
DŽ: 51535767 -> 51535767
DŽ: 51615485 -> 51615485
DŽ: 51535767 -> 51535767
DŽ: 51535767 -> 51535767
DŽ: 51631021 -> 51558546
DŽ: 51558546 -> 51615485
DŽ: 51631021 -> 51558546
DŽ: 51740677 -> 51558546

 start over 1347521 loops 1392 unique solutions 
Original + vert_size 0 
DŽ: 53252799 -> 52072405
DŽ: 51535767 -> 51535767
DŽ: 51535767 -> 51535767
DŽ: 51535767 -> 51535767
DŽ: 51535767 -> 51615485
DŽ: 51659540 -> 51587065
DŽ: 51631021 -> 51558546
DŽ: 51587065 -> 51558546
DŽ: 51558546 -> 51558546
DŽ: 51658605 -> 51558546
DŽ: 51535767 -> 51535767
DŽ: 51535767 -> 51535767
DŽ: 51587065 -> 51558546
DŽ: 51615485 -> 51615485
DŽ: 51660193 -> 51615485
DŽ: 51535767 -> 51535767
DŽ: 51878963 -> 51644004
DŽ: 51666452 -> 51587065
DŽ: 51535767 -> 51615485
DŽ: 51618994 -> 51615485
DŽ: 51535767 -> 51535767
DŽ: 51666452 -> 51558546
DŽ: 51660436 -> 51587065
DŽ: 51583653 -> 51558546
DŽ: 51587065 -> 51587065
DŽ: 51535767 -> 51535767
DŽ: 51663335 -> 51644004
DŽ: 51535767 -> 51535767
DŽ: 51658605 -> 51587065
DŽ: 51535767 -> 51535767
DŽ: 51658605 -> 51746654
DŽ: 51662114 -> 51644004
DŽ: 51535767 -> 51535767

 start over 1379300 loops 1426 unique solutions 
Original + vert_size 0 
DŽ: 53252799 -> 52072405
DŽ: 51535767 -> 51558546
DŽ: 51558546 -> 51558546
DŽ: 51535767 -> 51535767
DŽ: 51558546 -> 51558546
DŽ: 51587162 -> 51558546
DŽ: 51535767 -> 51615485
DŽ: 51894269 -> 51615485
DŽ: 51535767 -> 51535767
DŽ: 51662114 -> 51558546
DŽ: 51615485 -> 51615485
DŽ: 51615485 -> 51615485
DŽ: 51535767 -> 51535767
DŽ: 51669111 -> 51644004
DŽ: 51535767 -> 51615485
DŽ: 51612172 -> 51587065
DŽ: 51535767 -> 51535767
DŽ: 51535767 -> 51535767
DŽ: 51587065 -> 52294129
DŽ: 51669111 -> 51615485
DŽ: 51644004 -> 51644004
DŽ: 51535767 -> 51535767
DŽ: 51587065 -> 51644004
DŽ: 51535767 -> 51535767
DŽ: 51612172 -> 51644004
DŽ: 51535767 -> 51535767
DŽ: 51612172 -> 51587065
DŽ: 51535767 -> 51535767
DŽ: 51558546 -> 51558546
DŽ: 51644004 -> 51644004
DŽ: 51535767 -> 51535767
DŽ: 51667549 -> 51644004
DŽ: 51535767 -> 51535767

 start over 1411960 loops 1461 unique solutions 
Original + vert_size 13 
DŽ: 53252799 -> 52072405
DŽ: 51644004 -> 51644004
DŽ: 51587065 -> 51587065
DŽ: 51677810 -> 51615485
DŽ: 51587065 -> 51587065
DŽ: 51669111 -> 51644004
DŽ: 51644004 -> 51644004
DŽ: 51535767 -> 51535767
DŽ: 51618994 -> 51615485
DŽ: 51644004 -> 51644004
DŽ: 51677810 -> 51644004
DŽ: 51558546 -> 51615485
DŽ: 51535767 -> 51535767
DŽ: 51558546 -> 51615485
DŽ: 51535767 -> 51535767
DŽ: 51644004 -> 51644004
DŽ: 51644004 -> 51644004
DŽ: 51644004 -> 51615485
DŽ: 51535767 -> 51535767
DŽ: 51558546 -> 51615485
DŽ: 51644004 -> 51615485
DŽ: 51644004 -> 51644004
DŽ: 51535767 -> 51535767
DŽ: 51535767 -> 51535767
DŽ: 51587065 -> 51587065
DŽ: 51701355 -> 51644004
DŽ: 51667549 -> 51644004
DŽ: 51677810 -> 51644004
DŽ: 51785219 -> 51644004
DŽ: 51677810 -> 51644004
DŽ: 51644004 -> 51644004
DŽ: 51535767 -> 51535767
DŽ: 51535767 -> 51535767

 start over 1443631 loops 1483 unique solutions 
Original + vert_size 0 
DŽ: 53252799 -> 52072405
DŽ: 51644004 -> 51615485
DŽ: 51535767 -> 51535767
DŽ: 51667549 -> 51644004
DŽ: 51535767 -> 51535767
DŽ: 51535767 -> 51535767
DŽ: 51535767 -> 51535767
DŽ: 51535767 -> 51535767
DŽ: 51562055 -> 51615485
DŽ: 51644004 -> 51615485
DŽ: 51535767 -> 51535767
DŽ: 51644004 -> 51644004
DŽ: 51618994 -> 51615485
DŽ: 51535767 -> 51535767
DŽ: 51587065 -> 51587065
DŽ: 51587065 -> 51644004
DŽ: 51864282 -> 51615485
DŽ: 51535767 -> 51535767
DŽ: 51864282 -> 51615485
DŽ: 51856535 -> 51644004
DŽ: 51535767 -> 51535767
DŽ: 51612172 -> 51587065
DŽ: 51535767 -> 51535767
DŽ: 51612172 -> 51587065
DŽ: 51763002 -> 51558546
DŽ: 51612172 -> 51878960
DŽ: 51700023 -> 51587065
DŽ: 51612172 -> 51587065
DŽ: 51819941 -> 51615485
DŽ: 51659826 -> 51615485
DŽ: 51535767 -> 51535767
DŽ: 51759885 -> 51615485

 start over 1474501 loops 1521 unique solutions 
Original + vert_size 13 
DŽ: 53252799 -> 52072405
DŽ: 51759885 -> 51615485
DŽ: 51535767 -> 51535767
DŽ: 51662114 -> 51558546
DŽ: 51535767 -> 51535767
DŽ: 51535767 -> 51535767
DŽ: 51658605 -> 51558546
DŽ: 51535767 -> 51535767
DŽ: 51535767 -> 51535767
DŽ: 51615485 -> 51615485
DŽ: 51684933 -> 51615485
DŽ: 51763002 -> 51644004
DŽ: 51737271 -> 51558546
DŽ: 51659826 -> 51615485
DŽ: 51558546 -> 51558546
DŽ: 51535767 -> 51535767
DŽ: 51615485 -> 51615485
DŽ: 51794995 -> 51644004
DŽ: 51822024 -> 51558546
DŽ: 51535767 -> 51615485
DŽ: 51535767 -> 51535767
DŽ: 51587065 -> 51587065
DŽ: 51763002 -> 51587065
DŽ: 51535767 -> 51535767
DŽ: 51794210 -> 51615485
DŽ: 51794210 -> 51615485
DŽ: 51535767 -> 51535767
DŽ: 51620871 -> 51587065
DŽ: 51794210 -> 51615485
DŽ: 51535767 -> 51535767
DŽ: 51535767 -> 51535767
DŽ: 51535767 -> 51535767

 start over 1505726 loops 1553 unique solutions 
Original + vert_size 0 
DŽ: 53252799 -> 52072405
DŽ: 51535767 -> 51535767
DŽ: 51535767 -> 51535767
DŽ: 51535767 -> 51535767
DŽ: 51794210 -> 51615485
DŽ: 51535767 -> 51535767
DŽ: 51794210 -> 51615485
DŽ: 51748401 -> 51644004
DŽ: 51848823 -> 51877342
DŽ: 51872368 -> 51848823
DŽ: 52072405 -> 51848823
DŽ: 51794210 -> 51615485
DŽ: 51535767 -> 51615485
DŽ: 51660240 -> 51644004
DŽ: 51841187 -> 51644004
DŽ: 51535767 -> 51535767
DŽ: 51848823 -> 51848823
DŽ: 51635230 -> 51615485
DŽ: 51558546 -> 51558546
DŽ: 51753507 -> 51558546
DŽ: 51535767 -> 51535767
DŽ: 51658775 -> 51631721
DŽ: 51820403 -> 51820403
DŽ: 51658775 -> 51558546
DŽ: 51558546 -> 51615485
DŽ: 51535767 -> 51535767
DŽ: 51737271 -> 51558546
DŽ: 51848823 -> 51848823
DŽ: 51587065 -> 51587065
DŽ: 51578291 -> 51615485
DŽ: 51848823 -> 51848823
DŽ: 51615485 -> 51615485
DŽ: 51587065 -> 51644004
DŽ: 51535767 -> 51615485
DŽ: 51820403 -> 51782026
DŽ: 51615485 -> 51615485
DŽ: 51535767 -> 51535767

 start over 1541817 loops 1584 unique solutions 
Approx + random 
DŽ: 56365073 -> 53380500
DŽ: 51535767 -> 51535767
DŽ: 51535767 -> 51535767
DŽ: 51535767 -> 51535767
DŽ: 51558546 -> 51558546
DŽ: 51535767 -> 51535767
DŽ: 51635230 -> 51615485
DŽ: 51535767 -> 51535767
DŽ: 51535767 -> 51535767
DŽ: 51737271 -> 51558546
DŽ: 51558546 -> 51558546
DŽ: 51562055 -> 51558546
DŽ: 51535767 -> 51535767
DŽ: 51535767 -> 51535767
DŽ: 51894269 -> 51615485
DŽ: 51820403 -> 51820403
DŽ: 51782026 -> 51587065
DŽ: 51558546 -> 51558546
DŽ: 51558546 -> 51558546
DŽ: 51535767 -> 51535767
DŽ: 51587065 -> 51587065
DŽ: 51587065 -> 51615485
DŽ: 51562055 -> 51558546
DŽ: 51720930 -> 51644004
DŽ: 51753507 -> 51558546
DŽ: 51535767 -> 51535767
DŽ: 51535767 -> 51535767
DŽ: 51620871 -> 51587065
DŽ: 51753507 -> 51558546
DŽ: 51535767 -> 51535767
DŽ: 51782026 -> 51782026
DŽ: 51753507 -> 51558546
DŽ: 51587065 -> 51587065
DŽ: 51535767 -> 51535767
DŽ: 51587065 -> 51587065

 start over 1575128 loops 1618 unique solutions 
Original + vert_size 0 
DŽ: 53252799 -> 52072405
DŽ: 51603301 -> 51587065
DŽ: 51535767 -> 51535767
DŽ: 51535767 -> 51535767
DŽ: 51753507 -> 51558546
DŽ: 51587065 -> 51587065
DŽ: 51753507 -> 51558546
DŽ: 51949054 -> 51810446
DŽ: 51810446 -> 51746654
DŽ: 51753507 -> 51558546
DŽ: 51558546 -> 51795729
DŽ: 51558546 -> 51558546
DŽ: 51535767 -> 51615485
DŽ: 51535767 -> 51535767
DŽ: 51795729 -> 51852668
DŽ: 51587065 -> 51644004
DŽ: 51587065 -> 51587065
DŽ: 51587065 -> 51587065
DŽ: 51562055 -> 51558546
DŽ: 51615485 -> 51615485
DŽ: 51676062 -> 51615485
DŽ: 51535767 -> 51644004
DŽ: 51587065 -> 51644004
DŽ: 51852332 -> 51848823
DŽ: 51795729 -> 51852668
DŽ: 51852332 -> 51615485
DŽ: 51535767 -> 51535767
DŽ: 51535767 -> 51535767
DŽ: 51535767 -> 51535767
DŽ: 51587065 -> 51587065
DŽ: 51746654 -> 51746654

 start over 1605581 loops 1657 unique solutions 
Original + vert_size 13 
DŽ: 53252799 -> 52301759
DŽ: 51535767 -> 51535767
DŽ: 51746654 -> 51803593
DŽ: 51715544 -> 51615485
DŽ: 51746654 -> 51746654
DŽ: 51715544 -> 51615485
DŽ: 51631721 -> 51615485
DŽ: 51535767 -> 51535767
DŽ: 51535767 -> 51535767
DŽ: 51719053 -> 51615485
DŽ: 51535767 -> 51615485
DŽ: 51558546 -> 51615485
DŽ: 51535767 -> 51535767
DŽ: 51535767 -> 51535767
DŽ: 51746654 -> 51558546
DŽ: 51535767 -> 51535767
DŽ: 51535767 -> 51535767
DŽ: 51715544 -> 51615485
DŽ: 51535767 -> 51535767
DŽ: 51535767 -> 51535767
DŽ: 51535767 -> 51535767
DŽ: 51719882 -> 51615485
DŽ: 51535767 -> 51535767
DŽ: 51878963 -> 51587065
DŽ: 51558546 -> 51558546
DŽ: 51587065 -> 51587065
DŽ: 51778904 -> 51615485
DŽ: 51719882 -> 51615485
DŽ: 51894269 -> 51803593
DŽ: 51721965 -> 51558546
DŽ: 51615485 -> 51615485
DŽ: 51535767 -> 51535767

 start over 1636638 loops 1684 unique solutions 
Approx + random 
DŽ: 56365073 -> 52625968
DŽ: 51535767 -> 51535767
DŽ: 51535767 -> 51535767
DŽ: 51721965 -> 51615485
DŽ: 52234733 -> 51644004
DŽ: 51615485 -> 51644004
DŽ: 51615485 -> 51644004
DŽ: 51820403 -> 51820403
DŽ: 51662943 -> 51587065
DŽ: 51615485 -> 51615485
DŽ: 51660193 -> 51558546
DŽ: 51757016 -> 51615485
DŽ: 51753507 -> 51558546
DŽ: 51759238 -> 51558546
DŽ: 51535767 -> 51535767
DŽ: 51757016 -> 51558546
DŽ: 51562055 -> 51587065
DŽ: 51703360 -> 51587065
DŽ: 51757016 -> 51746654
DŽ: 51535767 -> 51535767
DŽ: 51535767 -> 51535767
DŽ: 51535767 -> 51535767
DŽ: 51803593 -> 51803593
DŽ: 51644004 -> 51644004
DŽ: 51535767 -> 51535767
DŽ: 51753507 -> 51558546
DŽ: 51535767 -> 51535767
DŽ: 51757016 -> 51558546
DŽ: 51803593 -> 51803593
DŽ: 51675013 -> 51558546
DŽ: 51803593 -> 51803593
DŽ: 51631021 -> 51615485
DŽ: 51535767 -> 51535767

 start over 1668297 loops 1708 unique solutions 
Approx + random 
DŽ: 56365073 -> 52976908
DŽ: 51535767 -> 51535767
DŽ: 51535767 -> 51535767
DŽ: 51687124 -> 51587065
DŽ: 52159229 -> 52025083
DŽ: 51535767 -> 51535767
DŽ: 51535767 -> 51535767
DŽ: 51820836 -> 51852668
DŽ: 51535767 -> 51535767
DŽ: 51558546 -> 51558546
DŽ: 51660193 -> 51795729
DŽ: 51535767 -> 51535767
DŽ: 51820836 -> 51795729
DŽ: 51535767 -> 51535767
DŽ: 51535767 -> 51535767
DŽ: 51558546 -> 51615485
DŽ: 51535767 -> 51535767
DŽ: 51535767 -> 51535767
DŽ: 51535767 -> 51535767
DŽ: 51535767 -> 51535767
DŽ: 51795729 -> 51620324
DŽ: 51587065 -> 51587065
DŽ: 51535767 -> 51535767
DŽ: 51535767 -> 51535767
DŽ: 51535767 -> 51535767
DŽ: 51535767 -> 51535767
DŽ: 51535767 -> 51535767
DŽ: 51820836 -> 51824248
DŽ: 51535767 -> 51535767
DŽ: 51795729 -> 51558546
DŽ: 51535767 -> 51535767
DŽ: 51535767 -> 51535767
DŽ: 51795729 -> 51795729

 start over 1700389 loops 1745 unique solutions 
Approx + random 
DŽ: 56365073 -> 52912174
DŽ: 51737271 -> 51558546
DŽ: 51795729 -> 51558546
DŽ: 51894269 -> 51615485
DŽ: 51535767 -> 51535767
DŽ: 51535767 -> 51535767
DŽ: 51794210 -> 51615485
DŽ: 51587065 -> 51587065
end_heu: 1707706 loops with 1751 unique solutions in 1799.01 s

Calling print_solution
>>> get_solution
  refine_solution: new weight 51535767 (was 51535767) in 0.000512 s
## FINAL WEIGHT 51535767
print_solution: 0.001094 s
