Version: final-94-gfffc3aa rub_all.sh: remove longest prefix
Random seed: 1549761341
Start
>>> save_orig_graph
>> Saved weight 0
Graph loaded
|V| = 3601, |E| = 7080, |R| = 60
First clearance of the input. Calling buy_zero and run_all_heuristics.
  buy_zero: 0 zero edges in 1.8e-05 s
  handle_small_terminal_degrees: terms 0 in 6e-06 s
  handle_small_Steiner_degrees: steiner 0, suppress 4 in 1.5e-05 s
  shortest_edge_between_terminals: 0 edges in 4e-06 s
  handle_small_terminal_degrees: terms 0 in 7e-06 s
  handle_small_Steiner_degrees: steiner 0, suppress 0 in 1.2e-05 s
  shortest_edge_between_terminals: 0 edges in 3e-06 s
Compressed graph 3601 -> 3596
  delete_edges: deleted 4 edges in 0.000374 s and 1 rounds
  handle_small_terminal_degrees: terms 0 in 6e-06 s
  handle_small_Steiner_degrees: steiner 0, suppress 8 in 1.9e-05 s
  shortest_edge_between_terminals: 0 edges in 3e-06 s
  handle_small_terminal_degrees: terms 0 in 7e-06 s
  handle_small_Steiner_degrees: steiner 0, suppress 0 in 1.2e-05 s
  shortest_edge_between_terminals: 0 edges in 3e-06 s
Compressed graph 3596 -> 3588
  delete_edges_shortest_path: deleted 8 edges in 0.016349 s
  handle_small_terminal_degrees: terms 0 in 2e-06 s
  handle_small_Steiner_degrees: steiner 0, suppress 12 in 9e-06 s
  shortest_edge_between_terminals: 0 edges in 1e-06 s
  handle_small_terminal_degrees: terms 0 in 2e-06 s
  handle_small_Steiner_degrees: steiner 0, suppress 0 in 5e-06 s
  shortest_edge_between_terminals: 0 edges in 1e-06 s
Compressed graph 3588 -> 3576
  handle_small_terminal_degrees: terms 0 in 3e-06 s
  handle_small_Steiner_degrees: steiner 0, suppress 0 in 5e-06 s
  shortest_edge_between_terminals: 0 edges in 2e-06 s
Compressed graph 3576 -> 3576
  delete_edges_shortest_path: deleted 12 edges in 0.01571 s
  handle_small_terminal_degrees: terms 0 in 2e-06 s
  handle_small_Steiner_degrees: steiner 0, suppress 16 in 1e-05 s
  shortest_edge_between_terminals: 0 edges in 2e-06 s
  handle_small_terminal_degrees: terms 0 in 3e-06 s
  handle_small_Steiner_degrees: steiner 0, suppress 0 in 5e-06 s
  shortest_edge_between_terminals: 0 edges in 1e-06 s
Compressed graph 3576 -> 3560
Compressed graph 3560 -> 3560
>>> save_orig_graph
>> Saved weight 0
### ZEL_LVL=0 PRECISE_STARS=0

Calling `contract_till_the_bitter_end`
|V| = 3560, |E| = 7016, |R| = 60
>>> get_solution
>>> get_solution
  refine_solution: new weight 64598779 (was 64631274) in 0.000818 s
  refine_solution: new weight 64598779 (was 64598779) in 0.000775 s
0,,3560,7016,60,,0,0,,64631274,64598779,0,0,0,,0,0,@@

  delete_edges: deleted 16 edges in 0.000329 s and 2 rounds
  handle_small_Steiner_degrees: steiner 0, suppress 18 in 1.2e-05 s
Starting round 1
Found 18 isolated vertices
Invalid ratios recomputed: 3542
Best ratio is 143825/1 (143825.0), centered at 320
Finding the best star... Star with 2 terminals centered in 321
round took: 0.070539 s
|V| = 3560, |E| = 6979, |R| = 59
>>> get_solution
>>> get_solution
  refine_solution: new weight 64621812 (was 64654307) in 0.000767 s
  refine_solution: new weight 64621812 (was 64621812) in 0.000737 s
1,,3542,6979,59,,3542,0,,64654307,64621812,143825,143825,143825,,143825,2,@@

  handle_small_Steiner_degrees: steiner 0, suppress 0 in 5e-06 s
Starting round 2
Found 20 isolated vertices
Invalid ratios recomputed: 248
Best ratio is 171091/1 (171091.0), centered at 2969
Finding the best star... Star with 2 terminals centered in 3030
round took: 0.00571 s
|V| = 3560, |E| = 6976, |R| = 58
>>> get_solution
>>> get_solution
  refine_solution: new weight 64621812 (was 64654307) in 0.00076 s
  refine_solution: new weight 64621812 (was 64621812) in 0.00074 s
2,,3540,6976,58,,248,0,,64654307,64621812,314916,314916,314916,,171091,2,@@

  handle_small_Steiner_degrees: steiner 0, suppress 0 in 4e-06 s
Starting round 3
Found 22 isolated vertices
Invalid ratios recomputed: 343
Best ratio is 172985/1 (172985.0), centered at 2282
Finding the best star... Star with 2 terminals centered in 2342
round took: 0.010458 s
|V| = 3560, |E| = 6972, |R| = 57
>>> get_solution
>>> get_solution
  refine_solution: new weight 64621812 (was 64654307) in 0.000762 s
  refine_solution: new weight 64621812 (was 64621812) in 0.000739 s
3,,3538,6972,57,,343,0,,64654307,64621812,487901,487901,487901,,172985,2,@@

  handle_small_Steiner_degrees: steiner 0, suppress 0 in 4e-06 s
Starting round 4
Found 25 isolated vertices
Invalid ratios recomputed: 247
Best ratio is 183816/1 (183816.0), centered at 3066
Finding the best star... Star with 2 terminals centered in 3127
round took: 0.007895 s
|V| = 3560, |E| = 6969, |R| = 56
>>> get_solution
>>> get_solution
  refine_solution: new weight 64621812 (was 64654307) in 0.000768 s
  refine_solution: new weight 64621812 (was 64621812) in 0.000756 s
4,,3535,6969,56,,247,0,,64654307,64621812,671717,671717,671717,,183816,2,@@

  handle_small_Steiner_degrees: steiner 0, suppress 0 in 5e-06 s
Starting round 5
Found 27 isolated vertices
Invalid ratios recomputed: 326
Best ratio is 297364/1 (297364.0), centered at 1856
Finding the best star... Star with 2 terminals centered in 1860
round took: 0.008628 s
|V| = 3560, |E| = 6963, |R| = 55
>>> get_solution
>>> get_solution
  refine_solution: new weight 64617718 (was 64650213) in 0.000765 s
  refine_solution: new weight 64617718 (was 64617718) in 0.000752 s
5,,3533,6963,55,,326,0,,64650213,64617718,969081,969081,969081,,297364,2,@@

  handle_small_Steiner_degrees: steiner 0, suppress 0 in 6e-06 s
Starting round 6
Found 32 isolated vertices
Invalid ratios recomputed: 305
Best ratio is 611485/2 (305742.5), centered at 1077
Finding the best star... Star with 3 terminals centered in 1081
round took: 0.009954 s
|V| = 3560, |E| = 6951, |R| = 53
>>> get_solution
>>> get_solution
  refine_solution: new weight 64444007 (was 64476502) in 0.000766 s
  refine_solution: new weight 64444007 (was 64444007) in 0.000756 s
6,,3528,6951,53,,305,0,,64476502,64444007,1580566,1580566,1580566,,611485,3,@@

  handle_small_Steiner_degrees: steiner 0, suppress 0 in 6e-06 s
Starting round 7
Found 41 isolated vertices
Invalid ratios recomputed: 286
Best ratio is 343223/1 (343223.0), centered at 3125
Finding the best star... Star with 2 terminals centered in 3305
round took: 0.008427 s
|V| = 3560, |E| = 6944, |R| = 52
>>> get_solution
>>> get_solution
  refine_solution: new weight 64397241 (was 64397241) in 0.000765 s
7,,3519,6944,52,,286,0,,64397241,64397241,1923789,1923789,1923789,,343223,2,@@

  handle_small_Steiner_degrees: steiner 0, suppress 0 in 6e-06 s
Starting round 8
Found 46 isolated vertices
Invalid ratios recomputed: 355
Best ratio is 471674/1 (471674.0), centered at 914
Finding the best star... Star with 2 terminals centered in 917
round took: 0.010105 s
|V| = 3560, |E| = 6938, |R| = 51
>>> get_solution
>>> get_solution
  refine_solution: new weight 64397241 (was 64397241) in 0.000765 s
8,,3514,6938,51,,355,0,,64397241,64397241,2395463,2395463,2395463,,471674,2,@@

  handle_small_Steiner_degrees: steiner 0, suppress 0 in 4e-06 s
Starting round 9
Found 51 isolated vertices
Invalid ratios recomputed: 270
Best ratio is 478289/1 (478289.0), centered at 2538
Finding the best star... Star with 2 terminals centered in 2658
round took: 0.009748 s
|V| = 3560, |E| = 6934, |R| = 50
>>> get_solution
>>> get_solution
  refine_solution: new weight 64267442 (was 64267442) in 0.000768 s
9,,3509,6934,50,,270,0,,64267442,64267442,2873752,2873752,2873752,,478289,2,@@

  handle_small_Steiner_degrees: steiner 0, suppress 0 in 4e-06 s
Starting round 10
Found 54 isolated vertices
Invalid ratios recomputed: 368
Best ratio is 510237/1 (510237.0), centered at 3238
Finding the best star... Star with 2 terminals centered in 3305
round took: 0.01074 s
|V| = 3560, |E| = 6925, |R| = 49
>>> get_solution
>>> get_solution
  refine_solution: new weight 64267442 (was 64267442) in 0.000767 s
10,,3506,6925,49,,368,0,,64267442,64267442,3383989,3383989,3383989,,510237,2,@@

  handle_small_Steiner_degrees: steiner 0, suppress 0 in 6e-06 s
Starting round 11
Found 61 isolated vertices
Invalid ratios recomputed: 412
Best ratio is 625715/1 (625715.0), centered at 2682
Finding the best star... Star with 2 terminals centered in 2863
round took: 0.013976 s
|V| = 3560, |E| = 6919, |R| = 48
>>> get_solution
>>> get_solution
  refine_solution: new weight 64267442 (was 64267442) in 0.000771 s
11,,3499,6919,48,,412,0,,64267442,64267442,4009704,4009704,4009704,,625715,2,@@

  handle_small_Steiner_degrees: steiner 0, suppress 0 in 5e-06 s
Starting round 12
Found 65 isolated vertices
Invalid ratios recomputed: 237
Best ratio is 677863/1 (677863.0), centered at 2468
Finding the best star... Star with 2 terminals centered in 2592
round took: 0.006647 s
|V| = 3560, |E| = 6912, |R| = 47
>>> get_solution
>>> get_solution
  refine_solution: new weight 64267442 (was 64267442) in 0.000768 s
12,,3495,6912,47,,237,0,,64267442,64267442,4687567,4687567,4687567,,677863,2,@@

  handle_small_Steiner_degrees: steiner 0, suppress 0 in 5e-06 s
Starting round 13
Found 71 isolated vertices
Invalid ratios recomputed: 367
Best ratio is 706863/1 (706863.0), centered at 1631
Finding the best star... Star with 2 terminals centered in 1633
round took: 0.012001 s
|V| = 3560, |E| = 6907, |R| = 46
>>> get_solution
>>> get_solution
  refine_solution: new weight 63700920 (was 63700920) in 0.000767 s
13,,3489,6907,46,,367,0,,63700920,63700920,5394430,5394430,5394430,,706863,2,@@

  handle_small_Steiner_degrees: steiner 0, suppress 0 in 4e-06 s
Starting round 14
Found 75 isolated vertices
Invalid ratios recomputed: 318
Best ratio is 754334/1 (754334.0), centered at 1244
Finding the best star... Star with 2 terminals centered in 1367
round took: 0.011279 s
|V| = 3560, |E| = 6901, |R| = 45
>>> get_solution
>>> get_solution
  refine_solution: new weight 63700920 (was 63700920) in 0.000768 s
14,,3485,6901,45,,318,0,,63700920,63700920,6148764,6148764,6148764,,754334,2,@@

  handle_small_Steiner_degrees: steiner 0, suppress 0 in 6e-06 s
Starting round 15
Found 80 isolated vertices
Invalid ratios recomputed: 271
Best ratio is 820758/1 (820758.0), centered at 2419
Finding the best star... Star with 2 terminals centered in 2424
round took: 0.010724 s
|V| = 3560, |E| = 6892, |R| = 44
>>> get_solution
>>> get_solution
  refine_solution: new weight 63548954 (was 63548954) in 0.00077 s
15,,3480,6892,44,,271,0,,63548954,63548954,6969522,6969522,6969522,,820758,2,@@

  handle_small_Steiner_degrees: steiner 0, suppress 0 in 5e-06 s
Starting round 16
Found 87 isolated vertices
Invalid ratios recomputed: 453
Best ratio is 826087/1 (826087.0), centered at 1532
Finding the best star... Star with 2 terminals centered in 1832
round took: 0.015148 s
|V| = 3560, |E| = 6885, |R| = 43
>>> get_solution
>>> get_solution
  refine_solution: new weight 63595396 (was 63595396) in 0.000777 s
16,,3473,6885,43,,453,0,,63595396,63595396,7795609,7795609,7795609,,826087,2,@@

  delete_edges: deleted 47 edges in 0.000567 s and 3 rounds
  handle_small_Steiner_degrees: steiner 0, suppress 34 in 1.9e-05 s
Starting round 17
Found 127 isolated vertices
Invalid ratios recomputed: 348
Best ratio is 1668103/2 (834051.5), centered at 3232
Finding the best star... Star with 3 terminals centered in 3305
round took: 0.009098 s
|V| = 3560, |E| = 6780, |R| = 41
>>> get_solution
>>> get_solution
  refine_solution: new weight 63595396 (was 63595396) in 0.000772 s
17,,3433,6780,41,,348,0,,63595396,63595396,9463712,9463712,9463712,,1668103,3,@@

  handle_small_Steiner_degrees: steiner 0, suppress 0 in 6e-06 s
Starting round 18
Found 145 isolated vertices
Invalid ratios recomputed: 507
Best ratio is 1769708/2 (884854.0), centered at 1471
Finding the best star... Star with 3 terminals centered in 1832
round took: 0.02152 s
|V| = 3560, |E| = 6764, |R| = 39
>>> get_solution
>>> get_solution
  refine_solution: new weight 63142304 (was 63142304) in 0.000776 s
18,,3415,6764,39,,507,0,,63142304,63142304,11233420,11233420,11233420,,1769708,3,@@

  handle_small_Steiner_degrees: steiner 0, suppress 0 in 6e-06 s
Starting round 19
Found 157 isolated vertices
Invalid ratios recomputed: 462
Best ratio is 891287/1 (891287.0), centered at 3027
Finding the best star... Star with 2 terminals centered in 3443
round took: 0.016569 s
|V| = 3560, |E| = 6752, |R| = 38
>>> get_solution
>>> get_solution
  refine_solution: new weight 63488676 (was 63488676) in 0.000772 s
19,,3403,6752,38,,462,0,,63488676,63488676,12124707,12124707,12124707,,891287,2,@@

  handle_small_Steiner_degrees: steiner 0, suppress 0 in 4e-06 s
Starting round 20
Found 167 isolated vertices
Invalid ratios recomputed: 392
Best ratio is 913138/1 (913138.0), centered at 2424
Finding the best star... Star with 2 terminals centered in 2424
round took: 0.014188 s
|V| = 3560, |E| = 6744, |R| = 37
>>> get_solution
>>> get_solution
  refine_solution: new weight 63488676 (was 63488676) in 0.00077 s
20,,3393,6744,37,,392,0,,63488676,63488676,13037845,13037845,13037845,,913138,2,@@

  handle_small_Steiner_degrees: steiner 0, suppress 0 in 4e-06 s
Starting round 21
Found 173 isolated vertices
Invalid ratios recomputed: 731
Best ratio is 929490/1 (929490.0), centered at 321
Finding the best star... Star with 2 terminals centered in 683
round took: 0.030641 s
|V| = 3560, |E| = 6731, |R| = 36
>>> get_solution
>>> get_solution
  refine_solution: new weight 63767328 (was 63767328) in 0.000775 s
21,,3387,6731,36,,731,0,,63767328,63767328,13967335,13967335,13967335,,929490,2,@@

  handle_small_Steiner_degrees: steiner 0, suppress 0 in 6e-06 s
Starting round 22
Found 181 isolated vertices
Invalid ratios recomputed: 337
Best ratio is 936588/1 (936588.0), centered at 109
Finding the best star... Star with 2 terminals centered in 113
round took: 0.010251 s
|V| = 3560, |E| = 6724, |R| = 35
>>> get_solution
>>> get_solution
  refine_solution: new weight 63767328 (was 63812033) in 0.000773 s
  refine_solution: new weight 63767328 (was 63767328) in 0.000747 s
22,,3379,6724,35,,337,0,,63812033,63767328,14903923,14903923,14903923,,936588,2,@@

  handle_small_Steiner_degrees: steiner 0, suppress 0 in 4e-06 s
Starting round 23
Found 187 isolated vertices
Invalid ratios recomputed: 201
Best ratio is 1969253/2 (984626.5), centered at 1315
Finding the best star... Star with 3 terminals centered in 1323
round took: 0.005022 s
|V| = 3560, |E| = 6704, |R| = 33
>>> get_solution
>>> get_solution
  refine_solution: new weight 64047133 (was 64091838) in 0.000772 s
  refine_solution: new weight 64047133 (was 64047133) in 0.000761 s
23,,3373,6704,33,,201,0,,64091838,64047133,16873176,16873176,16873176,,1969253,3,@@

  handle_small_Steiner_degrees: steiner 0, suppress 0 in 4e-06 s
Starting round 24
Found 203 isolated vertices
Invalid ratios recomputed: 712
Best ratio is 2010794/2 (1005397.0), centered at 117
Finding the best star... Star with 3 terminals centered in 68
round took: 0.030215 s
|V| = 3560, |E| = 6684, |R| = 31
>>> get_solution
>>> get_solution
  refine_solution: new weight 63806417 (was 63806417) in 0.000776 s
24,,3357,6684,31,,712,0,,63806417,63806417,18883970,18883970,18883970,,2010794,3,@@

  handle_small_Steiner_degrees: steiner 0, suppress 0 in 5e-06 s
Starting round 25
Found 219 isolated vertices
Invalid ratios recomputed: 398
Best ratio is 1012161/1 (1012161.0), centered at 68
Finding the best star... Star with 2 terminals centered in 68
round took: 0.01485 s
|V| = 3560, |E| = 6677, |R| = 30
>>> get_solution
>>> get_solution
  refine_solution: new weight 63806417 (was 63806417) in 0.00077 s
25,,3341,6677,30,,398,0,,63806417,63806417,19896131,19896131,19896131,,1012161,2,@@

  handle_small_Steiner_degrees: steiner 0, suppress 1 in 6e-06 s
Starting round 26
Found 224 isolated vertices
Invalid ratios recomputed: 409
Best ratio is 1050919/1 (1050919.0), centered at 2744
Finding the best star... Star with 2 terminals centered in 2748
round took: 0.017825 s
|V| = 3560, |E| = 6669, |R| = 29
>>> get_solution
>>> get_solution
  refine_solution: new weight 63651280 (was 63651280) in 0.000774 s
26,,3336,6669,29,,409,0,,63651280,63651280,20947050,20947050,20947050,,1050919,2,@@

  handle_small_Steiner_degrees: steiner 0, suppress 0 in 5e-06 s
Starting round 27
Found 229 isolated vertices
Invalid ratios recomputed: 518
Best ratio is 1055884/1 (1055884.0), centered at 3443
Finding the best star... Star with 2 terminals centered in 3559
round took: 0.021776 s
|V| = 3560, |E| = 6656, |R| = 28
>>> get_solution
>>> get_solution
  refine_solution: new weight 63651280 (was 63651280) in 0.000776 s
27,,3331,6656,28,,518,0,,63651280,63651280,22002934,22002934,22002934,,1055884,2,@@

  handle_small_Steiner_degrees: steiner 0, suppress 0 in 5e-06 s
Starting round 28
Found 239 isolated vertices
Invalid ratios recomputed: 384
Best ratio is 1080840/1 (1080840.0), centered at 514
Finding the best star... Star with 2 terminals centered in 577
round took: 0.019221 s
|V| = 3560, |E| = 6651, |R| = 27
>>> get_solution
>>> get_solution
  refine_solution: new weight 63651280 (was 63651280) in 0.000777 s
28,,3321,6651,27,,384,0,,63651280,63651280,23083774,23083774,23083774,,1080840,2,@@

  handle_small_Steiner_degrees: steiner 0, suppress 0 in 4e-06 s
Starting round 29
Found 243 isolated vertices
Invalid ratios recomputed: 240
Best ratio is 2167904/2 (1083952.0), centered at 2288
Finding the best star... Star with 3 terminals centered in 2170
round took: 0.006324 s
|V| = 3560, |E| = 6637, |R| = 25
>>> get_solution
>>> get_solution
  refine_solution: new weight 63109946 (was 63109946) in 0.000775 s
29,,3317,6637,25,,240,0,,63109946,63109946,25251678,25251678,25251678,,2167904,3,@@

  handle_small_Steiner_degrees: steiner 0, suppress 0 in 4e-06 s
Starting round 30
Found 254 isolated vertices
Invalid ratios recomputed: 997
Best ratio is 1143216/1 (1143216.0), centered at 2748
Finding the best star... Star with 2 terminals centered in 3305
round took: 0.055974 s
|V| = 3560, |E| = 6630, |R| = 24
>>> get_solution
>>> get_solution
  refine_solution: new weight 63109946 (was 63109946) in 0.000777 s
30,,3306,6630,24,,997,0,,63109946,63109946,26394894,26394894,26394894,,1143216,2,@@

  handle_small_Steiner_degrees: steiner 0, suppress 0 in 4e-06 s
Starting round 31
Found 258 isolated vertices
Invalid ratios recomputed: 726
Best ratio is 1178736/1 (1178736.0), centered at 1323
Finding the best star... Star with 2 terminals centered in 1860
round took: 0.046485 s
|V| = 3560, |E| = 6621, |R| = 23
>>> get_solution
>>> get_solution
  refine_solution: new weight 62956056 (was 63008400) in 0.000789 s
  refine_solution: new weight 62956056 (was 62956056) in 0.000748 s
31,,3302,6621,23,,726,0,,63008400,62956056,27573630,27573630,27573630,,1178736,2,@@

  handle_small_Steiner_degrees: steiner 0, suppress 0 in 4e-06 s
Starting round 32
Found 264 isolated vertices
Invalid ratios recomputed: 907
Best ratio is 1184460/1 (1184460.0), centered at 1713
Finding the best star... Star with 2 terminals centered in 1718
round took: 0.05479 s
|V| = 3560, |E| = 6613, |R| = 22
>>> get_solution
>>> get_solution
  refine_solution: new weight 62623143 (was 62675487) in 0.00078 s
  refine_solution: new weight 62623143 (was 62623143) in 0.00075 s
32,,3296,6613,22,,907,0,,62675487,62623143,28758090,28758090,28758090,,1184460,2,@@

  delete_edges: deleted 100 edges in 0.001299 s and 5 rounds
  handle_small_Steiner_degrees: steiner 2, suppress 67 in 3.7e-05 s
Starting round 33
Found 339 isolated vertices
Invalid ratios recomputed: 505
Best ratio is 1190468/1 (1190468.0), centered at 31
Finding the best star... Star with 2 terminals centered in 683
round took: 0.021646 s
|V| = 3560, |E| = 6424, |R| = 21
>>> get_solution
>>> get_solution
  refine_solution: new weight 62232405 (was 62284749) in 0.00078 s
  refine_solution: new weight 62232405 (was 62232405) in 0.000753 s
33,,3221,6424,21,,505,0,,62284749,62232405,29948558,29948558,29948558,,1190468,2,@@

  handle_small_Steiner_degrees: steiner 0, suppress 2 in 8e-06 s
Starting round 34
Found 351 isolated vertices
Invalid ratios recomputed: 554
Best ratio is 1201089/1 (1201089.0), centered at 568
Finding the best star... Star with 2 terminals centered in 748
round took: 0.021023 s
|V| = 3560, |E| = 6412, |R| = 20
>>> get_solution
>>> get_solution
  refine_solution: new weight 61855021 (was 61907365) in 0.000778 s
  refine_solution: new weight 61855021 (was 61855021) in 0.00075 s
34,,3209,6412,20,,554,0,,61907365,61855021,31149647,31149647,31149647,,1201089,2,@@

  handle_small_Steiner_degrees: steiner 0, suppress 0 in 6e-06 s
Starting round 35
Found 360 isolated vertices
Invalid ratios recomputed: 368
Best ratio is 1208684/1 (1208684.0), centered at 2122
Finding the best star... Star with 2 terminals centered in 2170
round took: 0.012856 s
|V| = 3560, |E| = 6405, |R| = 19
>>> get_solution
>>> get_solution
  refine_solution: new weight 61855021 (was 61907365) in 0.000776 s
  refine_solution: new weight 61855021 (was 61855021) in 0.000748 s
35,,3200,6405,19,,368,0,,61907365,61855021,32358331,32358331,32358331,,1208684,2,@@

  handle_small_Steiner_degrees: steiner 0, suppress 0 in 4e-06 s
Starting round 36
Found 365 isolated vertices
Invalid ratios recomputed: 1150
Best ratio is 1223607/1 (1223607.0), centered at 2806
Finding the best star... Star with 2 terminals centered in 3345
round took: 0.078765 s
|V| = 3560, |E| = 6393, |R| = 18
>>> get_solution
>>> get_solution
  refine_solution: new weight 61855021 (was 61907365) in 0.000781 s
  refine_solution: new weight 61855021 (was 61855021) in 0.000778 s
36,,3195,6393,18,,1150,0,,61907365,61855021,33581938,33581938,33581938,,1223607,2,@@

  handle_small_Steiner_degrees: steiner 0, suppress 0 in 4e-06 s
Starting round 37
Found 375 isolated vertices
Invalid ratios recomputed: 722
Best ratio is 1309762/1 (1309762.0), centered at 1718
Finding the best star... Star with 2 terminals centered in 2076
round took: 0.054114 s
|V| = 3560, |E| = 6385, |R| = 17
>>> get_solution
>>> get_solution
  refine_solution: new weight 61855021 (was 61907365) in 0.00078 s
  refine_solution: new weight 61855021 (was 61855021) in 0.000769 s
37,,3185,6385,17,,722,0,,61907365,61855021,34891700,34891700,34891700,,1309762,2,@@

  handle_small_Steiner_degrees: steiner 0, suppress 0 in 6e-06 s
Starting round 38
Found 381 isolated vertices
Invalid ratios recomputed: 553
Best ratio is 1311276/1 (1311276.0), centered at 309
Finding the best star... Star with 2 terminals centered in 683
round took: 0.031299 s
|V| = 3560, |E| = 6372, |R| = 16
>>> get_solution
>>> get_solution
  refine_solution: new weight 61317209 (was 61534702) in 0.000795 s
  refine_solution: new weight 61317209 (was 61317209) in 0.00075 s
38,,3179,6372,16,,553,0,,61534702,61317209,36202976,36202976,36202976,,1311276,2,@@

  handle_small_Steiner_degrees: steiner 0, suppress 0 in 5e-06 s
Starting round 39
Found 392 isolated vertices
Invalid ratios recomputed: 740
Best ratio is 1319163/1 (1319163.0), centered at 578
Finding the best star... Star with 2 terminals centered in 819
round took: 0.034335 s
|V| = 3560, |E| = 6363, |R| = 15
>>> get_solution
>>> get_solution
  refine_solution: new weight 61284714 (was 61502207) in 0.000784 s
  refine_solution: new weight 61284714 (was 61284714) in 0.000748 s
39,,3168,6363,15,,740,0,,61502207,61284714,37522139,37522139,37522139,,1319163,2,@@

  handle_small_Steiner_degrees: steiner 0, suppress 1 in 7e-06 s
Starting round 40
Found 399 isolated vertices
Invalid ratios recomputed: 500
Best ratio is 1329741/1 (1329741.0), centered at 624
Finding the best star... Star with 2 terminals centered in 819
round took: 0.024077 s
|V| = 3560, |E| = 6353, |R| = 14
>>> get_solution
>>> get_solution
  refine_solution: new weight 61284714 (was 61502207) in 0.000784 s
  refine_solution: new weight 61284714 (was 61284714) in 0.000752 s
40,,3161,6353,14,,500,0,,61502207,61284714,38851880,38851880,38851880,,1329741,2,@@

  handle_small_Steiner_degrees: steiner 0, suppress 1 in 7e-06 s
Starting round 41
Found 405 isolated vertices
Invalid ratios recomputed: 907
Best ratio is 1340704/1 (1340704.0), centered at 2170
Finding the best star... Star with 2 terminals centered in 3196
round took: 0.059783 s
|V| = 3560, |E| = 6339, |R| = 13
>>> get_solution
>>> get_solution
  refine_solution: new weight 60880905 (was 61155835) in 0.000791 s
  refine_solution: new weight 60880905 (was 60880905) in 0.000754 s
41,,3155,6339,13,,907,0,,61155835,60880905,40192584,40192584,40192584,,1340704,2,@@

  handle_small_Steiner_degrees: steiner 0, suppress 0 in 4e-06 s
Starting round 42
Found 416 isolated vertices
Invalid ratios recomputed: 1472
Best ratio is 2905201/2 (1452600.5), centered at 1870
Finding the best star... Star with 3 terminals centered in 3196
round took: 0.123255 s
|V| = 3560, |E| = 6318, |R| = 11
>>> get_solution
>>> get_solution
  refine_solution: new weight 60557090 (was 60779676) in 0.000784 s
  refine_solution: new weight 60557090 (was 60557090) in 0.00075 s
42,,3144,6318,11,,1472,0,,60779676,60557090,43097785,43097785,43097785,,2905201,3,@@

  handle_small_Steiner_degrees: steiner 0, suppress 0 in 4e-06 s
Starting round 43
Found 434 isolated vertices
Invalid ratios recomputed: 2157
Best ratio is 1456468/1 (1456468.0), centered at 68
Finding the best star... Star with 2 terminals centered in 819
round took: 0.277232 s
|V| = 3560, |E| = 6297, |R| = 10
>>> get_solution
>>> get_solution
  refine_solution: new weight 60557090 (was 60779676) in 0.000785 s
  refine_solution: new weight 60557090 (was 60557090) in 0.000756 s
43,,3126,6297,10,,2157,0,,60779676,60557090,44554253,44554253,44554253,,1456468,2,@@

  handle_small_Steiner_degrees: steiner 0, suppress 0 in 4e-06 s
Starting round 44
Found 449 isolated vertices
Invalid ratios recomputed: 982
Best ratio is 3002554/2 (1501277.0), centered at 833
Finding the best star... Star with 3 terminals centered in 3196
round took: 0.095793 s
|V| = 3560, |E| = 6277, |R| = 8
>>> get_solution
>>> get_solution
  refine_solution: new weight 60125639 (was 60348225) in 0.000783 s
  refine_solution: new weight 60125639 (was 60125639) in 0.000752 s
44,,3111,6277,8,,982,0,,60348225,60125639,47556807,47556807,47556807,,3002554,3,@@

  handle_small_Steiner_degrees: steiner 0, suppress 1 in 7e-06 s
Starting round 45
Found 466 isolated vertices
Invalid ratios recomputed: 2945
Best ratio is 1553336/1 (1553336.0), centered at 3068
Finding the best star... Star with 2 terminals centered in 3196
round took: 0.619762 s
|V| = 3560, |E| = 6263, |R| = 7
>>> get_solution
>>> get_solution
  refine_solution: new weight 60125639 (was 60348225) in 0.00079 s
  refine_solution: new weight 60125639 (was 60125639) in 0.000752 s
45,,3094,6263,7,,2945,0,,60348225,60125639,49110143,49110143,49110143,,1553336,2,@@

  handle_small_Steiner_degrees: steiner 0, suppress 0 in 4e-06 s
Starting round 46
Found 475 isolated vertices
Invalid ratios recomputed: 2960
Best ratio is 1598246/1 (1598246.0), centered at 2002
Finding the best star... Star with 2 terminals centered in 2006
round took: 0.766557 s
|V| = 3560, |E| = 6256, |R| = 6
>>> get_solution
>>> get_solution
  refine_solution: new weight 60125639 (was 60348225) in 0.00079 s
  refine_solution: new weight 60125639 (was 60125639) in 0.000765 s
46,,3085,6256,6,,2960,0,,60348225,60125639,50708389,50708389,50708389,,1598246,2,@@

  handle_small_Steiner_degrees: steiner 0, suppress 0 in 5e-06 s
Starting round 47
Found 481 isolated vertices
Invalid ratios recomputed: 3079
Best ratio is 1644798/1 (1644798.0), centered at 1826
Finding the best star... Star with 2 terminals centered in 2076
round took: 0.829664 s
|V| = 3560, |E| = 6244, |R| = 5
>>> get_solution
>>> get_solution
  refine_solution: new weight 60125639 (was 60348225) in 0.000799 s
  refine_solution: new weight 60125639 (was 60125639) in 0.000755 s
47,,3079,6244,5,,3079,0,,60348225,60125639,52353187,52353187,52353187,,1644798,2,@@

  handle_small_Steiner_degrees: steiner 0, suppress 0 in 4e-06 s
Starting round 48
Found 490 isolated vertices
Invalid ratios recomputed: 3070
Best ratio is 1771268/1 (1771268.0), centered at 2076
Finding the best star... Star with 2 terminals centered in 3559
round took: 0.908713 s
|V| = 3560, |E| = 6233, |R| = 4
>>> get_solution
>>> get_solution
  refine_solution: new weight 60125639 (was 60348225) in 0.000804 s
  refine_solution: new weight 60125639 (was 60125639) in 0.000754 s
48,,3070,6233,4,,3070,0,,60348225,60125639,54124455,54124455,54124455,,1771268,2,@@

  handle_small_Steiner_degrees: steiner 0, suppress 0 in 4e-06 s
Starting round 49
Found 499 isolated vertices
Invalid ratios recomputed: 3061
Best ratio is 1778630/1 (1778630.0), centered at 1367
Finding the best star... Star with 2 terminals centered in 3559
round took: 0.964484 s
|V| = 3560, |E| = 6223, |R| = 3
>>> get_solution
>>> get_solution
  refine_solution: new weight 60125639 (was 60348225) in 0.000804 s
  refine_solution: new weight 60125639 (was 60125639) in 0.000751 s
49,,3061,6223,3,,3061,0,,60348225,60125639,55903085,55903085,55903085,,1778630,2,@@

  handle_small_Steiner_degrees: steiner 0, suppress 1 in 6e-06 s
Starting round 50
Found 508 isolated vertices
Invalid ratios recomputed: 3052
Best ratio is 1853967/1 (1853967.0), centered at 917
Finding the best star... Star with 2 terminals centered in 3559
round took: 0.998062 s
|V| = 3560, |E| = 6208, |R| = 2
>>> get_solution
>>> get_solution
  refine_solution: new weight 60125639 (was 60348225) in 0.000797 s
  refine_solution: new weight 60125639 (was 60125639) in 0.000754 s
50,,3052,6208,2,,3052,0,,60348225,60125639,57757052,57757052,57757052,,1853967,2,@@

  handle_small_Steiner_degrees: steiner 0, suppress 0 in 4e-06 s
Starting round 51
Found 519 isolated vertices
Invalid ratios recomputed: 3041
Best ratio is 2591173/1 (2591173.0), centered at 2200
Finding the best star... Star with 2 terminals centered in 3559
round took: 1.00478 s
|V| = 3560, |E| = 6195, |R| = 1
>>> get_solution
>>> get_solution
  refine_solution: new weight 60125639 (was 60348225) in 0.000794 s
  refine_solution: new weight 60125639 (was 60125639) in 0.000751 s
51,,3041,6195,1,,3041,0,,60348225,60125639,60348225,60348225,60348225,,2591173,2,@@

  handle_small_Steiner_degrees: steiner 0, suppress 0 in 4e-06 s
contract_till_the_bitter_end: 7.68578 s

Calling end_heu
>>> get_solution
Saved weight 0
DŽ: 60348225 -> 59758421
  BEST solution improved 60348225 -> 59758421 (vert_size 0, round 1) *
DŽ: 59758421 -> 59758421
  BEST solution improved 59758421 -> 59657065 (vert_size 2, round 1069) *
DŽ: 59657065 -> 59657065
  BEST solution improved 59657065 -> 59623137 (vert_size 3, round 2104) *
  BEST solution improved 59623137 -> 59542241 (vert_size 1, round 2163) *
  BEST solution improved 59542241 -> 59442544 (vert_size 2, round 2220)
DŽ: 59442544 -> 59442544
  BEST solution improved 59442544 -> 59319399 (vert_size 3, round 3368) *
  BEST solution improved 59319399 -> 59211934 (vert_size 4, round 3467) *
  BEST solution improved 59211934 -> 59197205 (vert_size 1, round 3478)
DŽ: 59197205 -> 59144861
  BEST solution improved 59197205 -> 59144861 (vert_size 0, round 4001) *
DŽ: 59144861 -> 59144861
DŽ: 59758421 -> 59758421
DŽ: 59552274 -> 59442544
DŽ: 59144861 -> 59144861
DŽ: 59144861 -> 59144861
DŽ: 59758421 -> 59758421
DŽ: 59144861 -> 59144861
DŽ: 59758421 -> 59758421
DŽ: 59144861 -> 59144861
DŽ: 59144861 -> 59144861
DŽ: 59758421 -> 60104793
  BEST solution improved 59144861 -> 59144411 (vert_size 2, round 15165) *
DŽ: 59144411 -> 59144411
DŽ: 59144411 -> 59144411
DŽ: 59144411 -> 59144411
DŽ: 59689560 -> 59657065
DŽ: 59144411 -> 59144411
DŽ: 59671794 -> 60003437
DŽ: 59689560 -> 59657065
DŽ: 59415820 -> 59359382
DŽ: 59144411 -> 59144411
DŽ: 59144411 -> 59144411
DŽ: 59144861 -> 59144861
DŽ: 59144411 -> 59490783
DŽ: 59144411 -> 59144411
DŽ: 59197205 -> 59144861
DŽ: 59144861 -> 59144861
DŽ: 59144411 -> 59144411
DŽ: 59144411 -> 59144411
DŽ: 59144861 -> 59337608
DŽ: 59542241 -> 59442544
DŽ: 59144411 -> 59144411
DŽ: 59144861 -> 59144861
DŽ: 59144861 -> 59144861
DŽ: 59144861 -> 59144861
DŽ: 59144411 -> 59144411
DŽ: 59144411 -> 59144411

 start over 40651 loops 166 unique solutions 
Approx + random 
DŽ: 64631274 -> 60730383
DŽ: 59359382 -> 59624643
DŽ: 59442544 -> 59442094
DŽ: 59144861 -> 59410122
DŽ: 59144411 -> 59144411
DŽ: 59415820 -> 59406372
DŽ: 59144411 -> 59144411
DŽ: 59144411 -> 59144411
DŽ: 59165700 -> 59337608
DŽ: 59144411 -> 59144411
DŽ: 59314549 -> 59579355
DŽ: 59148955 -> 59144861
DŽ: 59144411 -> 59144411
DŽ: 59144411 -> 59538223
DŽ: 59327289 -> 59218381
DŽ: 59144411 -> 59144411
DŽ: 59144411 -> 59144411
DŽ: 59144411 -> 59144411
DŽ: 59337608 -> 59511319
DŽ: 59247745 -> 59191851
DŽ: 59144411 -> 59144411
DŽ: 59144411 -> 59144411
DŽ: 59177356 -> 59191851
DŽ: 59144411 -> 59756494
DŽ: 59144411 -> 59144411
DŽ: 59246426 -> 59538223
DŽ: 59144411 -> 59144411
DŽ: 59144411 -> 59144411
DŽ: 59144411 -> 59144411
DŽ: 59144411 -> 59144411
DŽ: 59144411 -> 59144411
DŽ: 59144411 -> 59144411
DŽ: 59144411 -> 59144411
DŽ: 59199436 -> 59144861
DŽ: 59144411 -> 59144411
DŽ: 59442094 -> 59442094
DŽ: 59144411 -> 59144411
DŽ: 59144411 -> 59144411
DŽ: 59144411 -> 59144411
DŽ: 59144411 -> 59409672
DŽ: 59144411 -> 59144411
DŽ: 59144411 -> 59144411
DŽ: 59144411 -> 59466924
DŽ: 59144411 -> 59144411
DŽ: 59144411 -> 59144411
DŽ: 59144861 -> 59144861
DŽ: 59442094 -> 59442094
DŽ: 59144411 -> 59144411
DŽ: 59144411 -> 59176906
DŽ: 59144411 -> 59409672
DŽ: 59144411 -> 59144411
DŽ: 59199436 -> 59144861
DŽ: 59144411 -> 59144411

 start over 92454 loops 214 unique solutions 
Approx + random 
DŽ: 64631274 -> 60974810
DŽ: 60378021 -> 60156151
DŽ: 59144411 -> 59409672
DŽ: 59144861 -> 59144861
DŽ: 59406372 -> 59671633
DŽ: 59144411 -> 59144411
DŽ: 60879247 -> 60065434
DŽ: 59144411 -> 59144411
DŽ: 60667244 -> 60032108
DŽ: 60195306 -> 59438193
DŽ: 59432902 -> 59432902
DŽ: 59676339 -> 59552129
DŽ: 59576060 -> 59725840
DŽ: 59144411 -> 59144411
DŽ: 60213621 -> 59438193
DŽ: 59693337 -> 59432902
DŽ: 59432902 -> 59779274
DŽ: 59980623 -> 59885267
DŽ: 59432902 -> 59432902
DŽ: 59359382 -> 59359382
DŽ: 59144411 -> 59144411
DŽ: 59144411 -> 59144411
DŽ: 59432902 -> 59432902
DŽ: 59144411 -> 59703895
DŽ: 59144411 -> 59144411
DŽ: 60270556 -> 59977312
DŽ: 59144411 -> 59144411
DŽ: 59541360 -> 59551679
DŽ: 59432902 -> 59432452
DŽ: 59144411 -> 59144411
DŽ: 59541360 -> 59432452
DŽ: 59144411 -> 59144411
DŽ: 59144411 -> 59144411
DŽ: 59144411 -> 59144411
DŽ: 59144411 -> 59144411
DŽ: 59432902 -> 59432902
DŽ: 59144411 -> 59144411
DŽ: 59376127 -> 59359382
DŽ: 59358932 -> 59358932
DŽ: 59358932 -> 59358932
DŽ: 59144411 -> 59144411

 start over 132403 loops 259 unique solutions 
Approx + random 
DŽ: 64631274 -> 62292408
DŽ: 59144411 -> 59144411
DŽ: 60999117 -> 60044623
DŽ: 59162240 -> 59147511
DŽ: 59980623 -> 59735876
DŽ: 59376127 -> 59359382
DŽ: 61639291 -> 60388890
DŽ: 59280744 -> 59191851
DŽ: 59459289 -> 59442544
DŽ: 59224306 -> 59147511
DŽ: 59191401 -> 59191401
DŽ: 59147511 -> 59222891
DŽ: 60014819 -> 59792207
DŽ: 59361539 -> 59457112
DŽ: 59144411 -> 59144411
DŽ: 59578987 -> 59384598
DŽ: 59331160 -> 59403248
DŽ: 59144861 -> 59934602
DŽ: 60598393 -> 59965812
DŽ: 59162240 -> 59147511
DŽ: 60636780 -> 60020387
DŽ: 59564038 -> 60102714
DŽ: 59144861 -> 59144411
DŽ: 59431253 -> 59191851
DŽ: 59144411 -> 59144411
DŽ: 59144411 -> 59144411
DŽ: 59191401 -> 59191401
DŽ: 59144861 -> 59144411
DŽ: 59144411 -> 59144411
DŽ: 59556515 -> 59543900
DŽ: 59461367 -> 59543450
DŽ: 59191401 -> 59191401
DŽ: 59144411 -> 59144411
DŽ: 59191401 -> 59456662
DŽ: 59147511 -> 59147511
DŽ: 59216365 -> 59763795
DŽ: 59144411 -> 59409672
DŽ: 59144411 -> 59144411
DŽ: 59191401 -> 59456662
DŽ: 59191401 -> 59191401
DŽ: 59321389 -> 59147061

 start over 172483 loops 294 unique solutions 
Approx + random 
DŽ: 64631274 -> 62225133
DŽ: 59191851 -> 59191851
DŽ: 59144411 -> 59144411
DŽ: 60089205 -> 59650905
DŽ: 59144411 -> 59144411
DŽ: 59144411 -> 59144411
DŽ: 59191401 -> 59513914
DŽ: 59144411 -> 59144411
  BEST solution improved 59151039 -> 59104646 (vert_size 1, round 179907) *
DŽ: 59104646 -> 59104646
DŽ: 59191851 -> 59191851
DŽ: 59479952 -> 59258923
DŽ: 59104646 -> 59104646
DŽ: 59258923 -> 59258923
DŽ: 59191851 -> 59457112
DŽ: 60691398 -> 60463018
DŽ: 59104646 -> 59104646
DŽ: 59258923 -> 59258923
DŽ: 59104646 -> 59380543
DŽ: 59144411 -> 59144411
DŽ: 59332443 -> 59332443
DŽ: 59220627 -> 59104646
DŽ: 59104646 -> 59104646
DŽ: 59104646 -> 59104646
DŽ: 59104646 -> 59457808
DŽ: 59104646 -> 59104646
DŽ: 59104646 -> 59104646
DŽ: 59332443 -> 59332443
DŽ: 59104646 -> 59104646
DŽ: 59332443 -> 59332443
DŽ: 59104646 -> 59104646
DŽ: 59104646 -> 59104646
DŽ: 59220627 -> 59191401
DŽ: 59104646 -> 59104646
DŽ: 59332443 -> 59332443
DŽ: 59144411 -> 59144411
DŽ: 59332443 -> 59285453
DŽ: 59104646 -> 59104646
DŽ: 59104646 -> 59104646
DŽ: 59380543 -> 59410599
DŽ: 59332443 -> 59332443
DŽ: 59468711 -> 59332443
DŽ: 59104646 -> 59104646
DŽ: 59104646 -> 59104646
DŽ: 59104646 -> 59104646
DŽ: 59104646 -> 59104646
DŽ: 60498235 -> 60296419
DŽ: 59104646 -> 59104646
DŽ: 59332443 -> 59451670
DŽ: 59104646 -> 59104646
DŽ: 59104646 -> 59104646
DŽ: 59104646 -> 59308029
DŽ: 59332443 -> 59451670

 start over 223490 loops 343 unique solutions 
Original + vert_size 0 
DŽ: 60348225 -> 59758421
DŽ: 59104646 -> 59902720
DŽ: 59104646 -> 59104646
DŽ: 60691398 -> 60731739
  BEST solution improved 59115530 -> 59076814 (vert_size 2, round 226795) *
DŽ: 59076814 -> 59075495
  BEST solution improved 59076814 -> 59075495 (vert_size 0, round 227001) *
DŽ: 59075495 -> 59075495
DŽ: 59104646 -> 59104646
DŽ: 59075495 -> 59278878
DŽ: 59075495 -> 59075495
DŽ: 59076814 -> 59075495
DŽ: 59075495 -> 59075495
DŽ: 59075495 -> 59276860
DŽ: 59191851 -> 59191851
DŽ: 59075495 -> 59351392
DŽ: 59075495 -> 59075495
DŽ: 59075495 -> 59075495
DŽ: 59075495 -> 59351392
DŽ: 59075495 -> 59075495
DŽ: 59075495 -> 59075495
DŽ: 59208596 -> 59730970
DŽ: 59674628 -> 59459528
DŽ: 59075495 -> 59075495
DŽ: 59674628 -> 59384148
DŽ: 59372796 -> 59340301
DŽ: 59546892 -> 59384598
DŽ: 59075495 -> 59075495
DŽ: 59075495 -> 59075495
DŽ: 59075495 -> 59075495
DŽ: 59340751 -> 59340751
DŽ: 59340751 -> 59340301
DŽ: 59372796 -> 59340301
DŽ: 59340301 -> 59459528
DŽ: 59340301 -> 59340301
DŽ: 59459528 -> 59459528
DŽ: 59191851 -> 59751335
DŽ: 59751335 -> 59751335
DŽ: 59075495 -> 59280954
DŽ: 59360064 -> 59360064
DŽ: 59075495 -> 59351392
DŽ: 59075495 -> 59075495
DŽ: 59384598 -> 59384598
DŽ: 59075495 -> 59075495
DŽ: 59340301 -> 59459528
DŽ: 59075495 -> 59079589
DŽ: 59075495 -> 59075495
DŽ: 59372796 -> 59340301
DŽ: 59340301 -> 59559755
DŽ: 59075495 -> 59075495
DŽ: 59075495 -> 59075495
DŽ: 59075495 -> 59075495
DŽ: 59228515 -> 59503093
DŽ: 59674628 -> 59384598
DŽ: 59278878 -> 59278878
DŽ: 59374279 -> 59340751
DŽ: 59226746 -> 59226746
DŽ: 59340751 -> 59340751
DŽ: 59360064 -> 59384148
DŽ: 59075495 -> 59075495
DŽ: 59075495 -> 59075495
DŽ: 59208596 -> 59191851
DŽ: 59264921 -> 59264921
DŽ: 59075495 -> 59276860
DŽ: 59226746 -> 59226746
DŽ: 59075495 -> 59075495
DŽ: 59075495 -> 59075495
DŽ: 59075495 -> 59075495
DŽ: 59075495 -> 59075495
DŽ: 59075495 -> 59075495
DŽ: 59075495 -> 59075495
DŽ: 59278878 -> 59278878

 start over 292990 loops 409 unique solutions 
Approx + random 
DŽ: 64631274 -> 62242824
DŽ: 59151039 -> 59191401
DŽ: 59340301 -> 59805900
DŽ: 59191401 -> 59191401
DŽ: 59359100 -> 59264921
DŽ: 59340751 -> 59340751
DŽ: 59189050 -> 59308277
DŽ: 59075495 -> 59075495
DŽ: 59075495 -> 59075495
DŽ: 59104646 -> 59639429
DŽ: 59075495 -> 59075495
DŽ: 59075495 -> 59075495
DŽ: 59075495 -> 59075495
DŽ: 59075495 -> 59075495
DŽ: 59636654 -> 59635335
DŽ: 59075495 -> 59075495
DŽ: 59075495 -> 59075495
DŽ: 59075495 -> 59075495
DŽ: 59075495 -> 59294268
DŽ: 59075495 -> 59075495
DŽ: 59075495 -> 59075495
DŽ: 59075495 -> 59075495
DŽ: 59075495 -> 59075495
DŽ: 59075495 -> 59351392
DŽ: 59075495 -> 59075495
DŽ: 59075495 -> 59075495
DŽ: 59075495 -> 59075495
DŽ: 59191401 -> 59538223
DŽ: 59191851 -> 59191851
DŽ: 59246426 -> 59191851
DŽ: 59075495 -> 59075495
DŽ: 59075495 -> 59075495
DŽ: 59075495 -> 59075495
DŽ: 59075495 -> 59075495
DŽ: 59191851 -> 59191851
DŽ: 59075495 -> 59075495
DŽ: 59189050 -> 59189050
DŽ: 59075495 -> 59075495
DŽ: 59191401 -> 59191401
DŽ: 59075495 -> 59079589
DŽ: 59075495 -> 59075495
DŽ: 59075495 -> 59075495
DŽ: 59075495 -> 59536802
DŽ: 59075495 -> 59276860
DŽ: 59075495 -> 59075495
DŽ: 59191401 -> 59191401
DŽ: 59189050 -> 59390415
DŽ: 59075495 -> 59075495
DŽ: 59264921 -> 59384148
DŽ: 59075495 -> 59075495
DŽ: 59075495 -> 59634979
DŽ: 59075495 -> 59075495
DŽ: 59075495 -> 59351392
DŽ: 59189500 -> 59189050
DŽ: 59075495 -> 59075495
DŽ: 59075495 -> 59290016
DŽ: 59191401 -> 59191401
DŽ: 59075495 -> 59075495
DŽ: 59075495 -> 59075495
DŽ: 59075495 -> 59634979
DŽ: 59189500 -> 59403571
DŽ: 59191401 -> 59456662
DŽ: 59075495 -> 59075495
DŽ: 59075495 -> 59075495
DŽ: 59075495 -> 59075495
DŽ: 59191401 -> 59191401
DŽ: 59075495 -> 59075495
DŽ: 59443427 -> 59273739
DŽ: 59189050 -> 59403571
DŽ: 59191401 -> 59191401
DŽ: 59075495 -> 59075495
DŽ: 59191401 -> 59191401
DŽ: 59075495 -> 59075495

 start over 364943 loops 475 unique solutions 
Approx + random 
DŽ: 64631274 -> 60845192
DŽ: 59189500 -> 59309842
DŽ: 59075495 -> 59075495
DŽ: 59075495 -> 59290016
DŽ: 60492860 -> 60061439
DŽ: 59309842 -> 59308277
DŽ: 59075495 -> 59075495
DŽ: 59075495 -> 59276860
DŽ: 59075495 -> 59075495
DŽ: 59075495 -> 59075495
DŽ: 59226746 -> 59786230
DŽ: 59075495 -> 59075495
DŽ: 59075495 -> 59075495
DŽ: 59075495 -> 59075495
DŽ: 59075495 -> 59075495
DŽ: 59075495 -> 59075495
DŽ: 59075495 -> 59075495
DŽ: 59075495 -> 59079589
DŽ: 59075495 -> 59075495
DŽ: 59075495 -> 59075495
DŽ: 59075495 -> 59075495
DŽ: 59075495 -> 59075495
DŽ: 59075495 -> 59075495
DŽ: 59272125 -> 59316013
DŽ: 59079589 -> 59079589
DŽ: 59079589 -> 58978043
  BEST solution improved 59079589 -> 58978043 (vert_size 0, round 389001) *
DŽ: 58978043 -> 58978043
DŽ: 60581475 -> 59804651
DŽ: 58978043 -> 58978043
DŽ: 59075495 -> 59075495
DŽ: 59075495 -> 59075495
DŽ: 59075495 -> 59075495
DŽ: 58978043 -> 58978043
DŽ: 58978043 -> 58978043
DŽ: 59075495 -> 59075495
DŽ: 59592244 -> 59432902
DŽ: 58978043 -> 58978043
DŽ: 59075495 -> 59075495
DŽ: 59075495 -> 59075495
DŽ: 58978043 -> 58978043
DŽ: 58978043 -> 58978043
DŽ: 59079589 -> 59277310
DŽ: 59075495 -> 59075495
DŽ: 58978043 -> 58978043
DŽ: 58978043 -> 58978043
DŽ: 58978043 -> 58978043
DŽ: 58978043 -> 59253940
DŽ: 58978043 -> 58978043
DŽ: 59072351 -> 58978043
DŽ: 58978043 -> 58978043
DŽ: 59075495 -> 59996906
DŽ: 59657517 -> 59535225
DŽ: 58978043 -> 59311052
DŽ: 58978043 -> 59179408
DŽ: 59309842 -> 59308277
DŽ: 58978043 -> 58978043
DŽ: 58978043 -> 58978043
DŽ: 58978043 -> 58978043
DŽ: 59079589 -> 59079589
DŽ: 58978043 -> 58978043
DŽ: 59189050 -> 59315771
DŽ: 59592244 -> 59479442
DŽ: 59479442 -> 59432452
DŽ: 59075495 -> 59079589
DŽ: 59075495 -> 59079589
DŽ: 58978043 -> 58978043
DŽ: 59075495 -> 59079589
DŽ: 58978043 -> 58978043
DŽ: 58978043 -> 58978043
DŽ: 58978043 -> 58978043
DŽ: 59309842 -> 59189050
DŽ: 59558954 -> 59479442
DŽ: 58978043 -> 58978043
DŽ: 58978043 -> 58978043
DŽ: 59042651 -> 58978043
DŽ: 58978043 -> 59899454
DŽ: 59181426 -> 59181426

 start over 440872 loops 551 unique solutions 
Approx + random 
DŽ: 64631274 -> 60766381
DŽ: 59189050 -> 59189050
DŽ: 59075495 -> 59294268
DŽ: 59866932 -> 60414827
DŽ: 58978043 -> 58978043
DŽ: 59278878 -> 59278878
DŽ: 59075495 -> 59075495
DŽ: 59189050 -> 59566708
DŽ: 59075495 -> 59075495
DŽ: 59544207 -> 59511319
DŽ: 59294268 -> 59226746
DŽ: 58978043 -> 58978043
DŽ: 59075495 -> 59075495
DŽ: 59337608 -> 59659671
DŽ: 59075495 -> 59075495
DŽ: 58978043 -> 58978043
DŽ: 59115530 -> 59527050
DŽ: 59189050 -> 59189050
DŽ: 59151039 -> 59151039
DŽ: 59075495 -> 59075495
DŽ: 59189050 -> 59308277
DŽ: 59075495 -> 59075495
DŽ: 59075495 -> 59079589
DŽ: 59075495 -> 59075495
DŽ: 60414827 -> 59801220
DŽ: 58978043 -> 58978043
DŽ: 58978043 -> 58978043
DŽ: 59527050 -> 59527050
DŽ: 58978043 -> 58978043
DŽ: 59075495 -> 59075495
DŽ: 59527050 -> 59527050
DŽ: 59075495 -> 59075495
DŽ: 59264430 -> 59189050
DŽ: 59075495 -> 59276860
DŽ: 59308277 -> 59308277
DŽ: 59264430 -> 59189050
DŽ: 59189050 -> 59189050
DŽ: 59075495 -> 59075495
DŽ: 59075495 -> 59075495
DŽ: 58978043 -> 58978043
DŽ: 59264430 -> 59289277
DŽ: 58978043 -> 58978043
DŽ: 58978043 -> 58978043
DŽ: 58978043 -> 58978043
DŽ: 59189050 -> 59189050
DŽ: 59353411 -> 59337158
DŽ: 58978043 -> 58978043
DŽ: 59337158 -> 59337158
DŽ: 59075495 -> 59075495
DŽ: 58978043 -> 58978043
DŽ: 59189050 -> 59189050
DŽ: 59326839 -> 59217931
DŽ: 59189050 -> 59189050
DŽ: 58978043 -> 58978043
DŽ: 58978043 -> 58978043
DŽ: 59353411 -> 59337158

 start over 495559 loops 612 unique solutions 
Original + vert_size 0 
DŽ: 60348225 -> 59758421
DŽ: 59104646 -> 59380543
DŽ: 59189050 -> 59189050
DŽ: 58978043 -> 58978043
DŽ: 59075495 -> 59075495
DŽ: 59115530 -> 59720230
DŽ: 58978043 -> 58978043
DŽ: 58978043 -> 58978043
DŽ: 58978043 -> 58978043
DŽ: 59516731 -> 59340301
DŽ: 58978043 -> 58978043
DŽ: 59308277 -> 59308277
DŽ: 58978043 -> 59253940
DŽ: 59274334 -> 59104646
DŽ: 59308277 -> 59308277
DŽ: 58978043 -> 58978043
DŽ: 59671794 -> 59657065
DŽ: 59380543 -> 59380543
DŽ: 59104646 -> 59281719
DŽ: 58978043 -> 58978043
DŽ: 59657065 -> 59657065
DŽ: 58978043 -> 59253940
DŽ: 58978043 -> 58978043
DŽ: 59657065 -> 60005555
DŽ: 59274334 -> 59672566
DŽ: 58978043 -> 58978043
DŽ: 58978043 -> 58978043
DŽ: 58978043 -> 58978043
DŽ: 58978043 -> 58978043
DŽ: 59711640 -> 59657065
DŽ: 58978043 -> 58978043
DŽ: 58978043 -> 59537527
DŽ: 58978043 -> 59192564
DŽ: 59720230 -> 59678069
DŽ: 59104646 -> 59451018
DŽ: 58978043 -> 58978043
DŽ: 58978043 -> 58978043
DŽ: 58978043 -> 58978043
DŽ: 59657065 -> 59657065
DŽ: 58978043 -> 58978043
DŽ: 58978043 -> 58978043
DŽ: 59085508 -> 58978043
DŽ: 59711640 -> 59758421
DŽ: 58978043 -> 58978043
DŽ: 58978043 -> 58978043
DŽ: 58978043 -> 58978043
DŽ: 58978043 -> 58978043
DŽ: 58978043 -> 58978043
DŽ: 59657065 -> 60003437
DŽ: 58978043 -> 58978043
DŽ: 58978043 -> 58978043
DŽ: 59115530 -> 59115530
DŽ: 59758421 -> 60405509
DŽ: 58978043 -> 58978043
DŽ: 59711640 -> 59657065
DŽ: 59104646 -> 59266781
DŽ: 59432048 -> 59561674

 start over 551197 loops 660 unique solutions 
Approx + random 
DŽ: 64631274 -> 60445935
DŽ: 58978043 -> 58978043
DŽ: 58978043 -> 59253940
DŽ: 58978043 -> 58978043
DŽ: 59508726 -> 59490642
DŽ: 59297958 -> 59189050
DŽ: 58978043 -> 58978043
DŽ: 58978043 -> 58978043
DŽ: 60125474 -> 59849292
DŽ: 59689319 -> 59289277
DŽ: 58978043 -> 58978043
DŽ: 59278878 -> 59289277
DŽ: 59289277 -> 59415998
DŽ: 59533434 -> 59522798
DŽ: 59533434 -> 59497493
DŽ: 58978043 -> 58978043
DŽ: 58978043 -> 58978043
DŽ: 58978043 -> 58978043
DŽ: 59572873 -> 59597312
DŽ: 59522798 -> 59522798
DŽ: 58978043 -> 58978043
DŽ: 59289277 -> 59293371
DŽ: 59282972 -> 59891422
DŽ: 59891422 -> 59789876
DŽ: 59282972 -> 59308147
DŽ: 59360916 -> 59278878
DŽ: 59360916 -> 59075495
DŽ: 59321688 -> 59321688
DŽ: 59395947 -> 59525573
DŽ: 59075495 -> 59278878
DŽ: 59360916 -> 58978043
DŽ: 58978043 -> 58978043
DŽ: 59321688 -> 59321688
DŽ: 59395947 -> 59698569
DŽ: 59493399 -> 59623025
DŽ: 59321688 -> 59437773
DŽ: 58978043 -> 58978043
DŽ: 58978043 -> 58978043
DŽ: 58978043 -> 58978043
DŽ: 58978043 -> 58978043
DŽ: 59321688 -> 59321688
DŽ: 58978043 -> 58978043
DŽ: 58978043 -> 58978043
DŽ: 58978043 -> 59181426
DŽ: 58978043 -> 58978043
DŽ: 58978043 -> 58978043
DŽ: 59321688 -> 59321688
DŽ: 59442937 -> 59395947
DŽ: 58978043 -> 58978043
DŽ: 58978043 -> 58978043
DŽ: 58978043 -> 59380661
DŽ: 59308147 -> 59308147
DŽ: 58978043 -> 58978043
DŽ: 59442937 -> 59395947
DŽ: 59321688 -> 59321688

 start over 605939 loops 724 unique solutions 
Original + vert_size 13 
DŽ: 60348225 -> 60100932
DŽ: 58978043 -> 58978043
DŽ: 58978043 -> 58978043
DŽ: 59321688 -> 59321688
DŽ: 59497493 -> 59623025
DŽ: 58978043 -> 58978043
DŽ: 59189050 -> 59308277
DŽ: 58978043 -> 58978043
DŽ: 59336315 -> 59383241
DŽ: 58978043 -> 58978043
DŽ: 59493399 -> 59493399
DŽ: 58978043 -> 58978043
DŽ: 58978043 -> 58978043
DŽ: 58978043 -> 58978043
DŽ: 59308277 -> 59308277
DŽ: 58978043 -> 58978043
DŽ: 58978043 -> 59179408
DŽ: 59336315 -> 59278878
DŽ: 59308277 -> 59509642
DŽ: 59308277 -> 60199295
DŽ: 58978043 -> 58978043
DŽ: 59297958 -> 59189050
DŽ: 58978043 -> 58978043
DŽ: 59308277 -> 59308277
DŽ: 58978043 -> 58978043
DŽ: 59236451 -> 59311052
DŽ: 59459528 -> 59459528
DŽ: 59189050 -> 59189050
DŽ: 58978043 -> 59253940
DŽ: 58978043 -> 58978043
DŽ: 58978043 -> 58978043
DŽ: 58978043 -> 58978043
DŽ: 59181426 -> 59181426
DŽ: 59001076 -> 59253940
DŽ: 58978043 -> 58978043
DŽ: 58978043 -> 59253940
DŽ: 58978043 -> 58978043
DŽ: 58978043 -> 58978043
DŽ: 59085508 -> 58978043
DŽ: 58978043 -> 58978043
DŽ: 58978043 -> 58978043
DŽ: 59361383 -> 59360064
DŽ: 59360064 -> 59360064
DŽ: 58978043 -> 58978043
DŽ: 58978043 -> 59537527
DŽ: 58978043 -> 58978043
DŽ: 58978043 -> 58978043
DŽ: 59181426 -> 59181426
DŽ: 58978043 -> 58978043
DŽ: 59189050 -> 59308277
DŽ: 58978043 -> 58978043
DŽ: 59313074 -> 59337158
DŽ: 59493399 -> 59623025
DŽ: 58978043 -> 58978043
DŽ: 58978043 -> 58978043
DŽ: 58978043 -> 59181426

 start over 660588 loops 780 unique solutions 
Approx + random 
DŽ: 64631274 -> 61270950
DŽ: 58978043 -> 58978043
DŽ: 58978043 -> 58978043
DŽ: 58978043 -> 58978043
DŽ: 58978043 -> 58978043
DŽ: 58978043 -> 58978043
DŽ: 60564754 -> 59753310
DŽ: 58978043 -> 58978043
DŽ: 58978043 -> 58978043
DŽ: 58978043 -> 58978043
DŽ: 59292077 -> 59292077
DŽ: 58978043 -> 59253940
DŽ: 58978043 -> 58978043
DŽ: 59736565 -> 59599119
DŽ: 59736565 -> 59674499
DŽ: 58978043 -> 58978043
DŽ: 58978043 -> 58978043
DŽ: 58978043 -> 58978043
DŽ: 58978043 -> 58978043
DŽ: 58978043 -> 58978043
DŽ: 58978043 -> 58978043
DŽ: 59599119 -> 61031834
DŽ: 58978043 -> 58978043
DŽ: 58978043 -> 58978043
DŽ: 59615251 -> 59505893
DŽ: 58978043 -> 58978043
DŽ: 58978043 -> 58978043
DŽ: 58978043 -> 58978043
DŽ: 58978043 -> 58978043
DŽ: 58978043 -> 58978043
DŽ: 58978043 -> 58978043
DŽ: 58978043 -> 58978043
DŽ: 58978043 -> 58978043
DŽ: 58978043 -> 58978043
DŽ: 58978043 -> 58978043
DŽ: 58978043 -> 58978043
DŽ: 58978043 -> 59253940
DŽ: 58978043 -> 58978043
DŽ: 58978043 -> 58978043
DŽ: 58978043 -> 59253940
DŽ: 58978043 -> 58978043
DŽ: 58978043 -> 59342513
DŽ: 58978043 -> 58978043
DŽ: 58978043 -> 58978043
DŽ: 58978043 -> 59181426
DŽ: 58978043 -> 58978043
DŽ: 58978043 -> 59253940
DŽ: 59599119 -> 59599119
DŽ: 58978043 -> 58978043
DŽ: 58978043 -> 58978043
DŽ: 59603213 -> 59945491
DŽ: 59599119 -> 59599119
DŽ: 58978043 -> 58978043
DŽ: 59582620 -> 59551679
DŽ: 58978043 -> 58978043
DŽ: 58978043 -> 58978043
DŽ: 58978043 -> 58978043
DŽ: 59292077 -> 59292077

 start over 717576 loops 827 unique solutions 
Original + vert_size 13 
DŽ: 60348225 -> 59758421
DŽ: 58978043 -> 58978043
DŽ: 59615251 -> 59852715
DŽ: 58978043 -> 58978043
DŽ: 58978043 -> 58978043
DŽ: 58978043 -> 58978043
DŽ: 59599119 -> 59599119
DŽ: 58978043 -> 59181426
DŽ: 59758421 -> 59758421
DŽ: 58978043 -> 58978043
DŽ: 58978043 -> 58978043
DŽ: 59479892 -> 59479892
DŽ: 58978043 -> 58978043
DŽ: 59494328 -> 59384598
DŽ: 59724493 -> 59543900
DŽ: 58978043 -> 58978043
DŽ: 58978043 -> 58978043
DŽ: 58978043 -> 59537107
DŽ: 59181426 -> 59282972
DŽ: 59543900 -> 59543900
DŽ: 59278878 -> 59408504
DŽ: 58978043 -> 58978043
DŽ: 59464947 -> 59432452
DŽ: 59325868 -> 59480243
DŽ: 59278878 -> 59278878
DŽ: 59384598 -> 59459978
DŽ: 59480243 -> 59480243
DŽ: 58978043 -> 59253940
DŽ: 59311299 -> 59278878
DŽ: 58978043 -> 58978043
DŽ: 59442544 -> 59442544
DŽ: 59275404 -> 59384598
DŽ: 59384598 -> 59384598
DŽ: 58978043 -> 58978043
DŽ: 59278878 -> 59408504
DŽ: 58978043 -> 58978043
DŽ: 59384598 -> 59384598
DŽ: 59373829 -> 59264921
DŽ: 59724493 -> 59575945
DŽ: 59384598 -> 59384148
DŽ: 59292077 -> 59311052
DŽ: 58978043 -> 58978043
DŽ: 58978043 -> 58978043
DŽ: 58978043 -> 58978043
DŽ: 58978043 -> 58978043
DŽ: 58978043 -> 58978043
DŽ: 59442544 -> 59543900

 start over 763878 loops 883 unique solutions 
Original + vert_size 0 
DŽ: 60348225 -> 59758421
DŽ: 58978043 -> 58978043
DŽ: 58978043 -> 58978043
DŽ: 59457273 -> 59442544
DŽ: 58978043 -> 58978043
DŽ: 58978043 -> 58978043
DŽ: 59494328 -> 59384598
DŽ: 58978043 -> 58978043
DŽ: 58978043 -> 58978043
DŽ: 59442544 -> 59442544
DŽ: 58978043 -> 58978043
DŽ: 58978043 -> 58978043
DŽ: 58978043 -> 59179408
DŽ: 58978043 -> 58978043
DŽ: 59151039 -> 59484048
DŽ: 58978043 -> 58978043
DŽ: 58978043 -> 58978043
DŽ: 58978043 -> 58978043
DŽ: 59384598 -> 59384598
DŽ: 58978043 -> 58978043
DŽ: 58978043 -> 58978043
DŽ: 58978043 -> 58978043
DŽ: 58978043 -> 58978043
DŽ: 58978043 -> 58978043
DŽ: 58978043 -> 58978043
DŽ: 58978043 -> 59253940
DŽ: 59027524 -> 58978043
DŽ: 58978043 -> 58978043
DŽ: 59027524 -> 58978043
DŽ: 58978043 -> 59179408
DŽ: 59442544 -> 59543900
DŽ: 58978043 -> 58978043
DŽ: 58978043 -> 58978043
DŽ: 58978043 -> 58978043
DŽ: 58978043 -> 58978043
DŽ: 58978043 -> 58978043
DŽ: 59384598 -> 59384598
DŽ: 58978043 -> 58978043
DŽ: 58978043 -> 58978043
DŽ: 58978043 -> 58978043
DŽ: 58978043 -> 58978043
DŽ: 59384598 -> 59730970
DŽ: 58978043 -> 58978043
DŽ: 58978043 -> 58978043
DŽ: 59374279 -> 59384598
DŽ: 58978043 -> 59181426
DŽ: 58978043 -> 59192564
DŽ: 59442544 -> 59442544
DŽ: 59442544 -> 59442544
DŽ: 58978043 -> 58978043
DŽ: 58978043 -> 59537527
DŽ: 58978043 -> 58978043
DŽ: 59181426 -> 59382791
DŽ: 58978043 -> 58978043
DŽ: 59374279 -> 59392092
DŽ: 59442544 -> 59442094
DŽ: 58978043 -> 58978043
DŽ: 59442544 -> 59442544
DŽ: 58978043 -> 58978043
DŽ: 58978043 -> 58978043
DŽ: 58978043 -> 59383566
DŽ: 58978043 -> 58978043
DŽ: 59050142 -> 58978043
DŽ: 58978043 -> 58978043
DŽ: 59442094 -> 59543450

 start over 827319 loops 930 unique solutions 
Original + vert_size 13 
DŽ: 60348225 -> 60059137
DŽ: 58978043 -> 58978043
DŽ: 58978043 -> 58978043
DŽ: 59354422 -> 59385294
DŽ: 58978043 -> 58978043
DŽ: 58978043 -> 58978043
DŽ: 58978043 -> 58978043
DŽ: 60059137 -> 59986623
DŽ: 59444221 -> 59359382
DŽ: 59442544 -> 59442544
DŽ: 58978043 -> 58978043
DŽ: 59915259 -> 59725840
DŽ: 58978043 -> 59253940
DŽ: 58978043 -> 58978043
DŽ: 58978043 -> 58978043
DŽ: 59893579 -> 59986623
DŽ: 58978043 -> 58978043
DŽ: 58978043 -> 58978043
DŽ: 59899891 -> 59757971
DŽ: 59671344 -> 59757971
DŽ: 58978043 -> 58978043
DŽ: 59757971 -> 59757971
DŽ: 59899441 -> 59757971
DŽ: 58978043 -> 58978043
DŽ: 58978043 -> 58978043
DŽ: 59757971 -> 59757971
DŽ: 58978043 -> 58978043
DŽ: 58978043 -> 58978043
DŽ: 58978043 -> 58978043
DŽ: 59893579 -> 59885267
DŽ: 59893579 -> 60231639
DŽ: 58978043 -> 58978043
DŽ: 58978043 -> 58978043
DŽ: 59893579 -> 59885267
DŽ: 58978043 -> 58978043
DŽ: 58978043 -> 58978043
DŽ: 59757971 -> 59757971
DŽ: 58978043 -> 58978043
DŽ: 59566553 -> 59543900
DŽ: 60231639 -> 59885267
DŽ: 58978043 -> 59181426
DŽ: 58978043 -> 58978043
DŽ: 59757971 -> 59757971
DŽ: 59884817 -> 59884817

 start over 870531 loops 990 unique solutions 
Original + vert_size 13 
DŽ: 60348225 -> 59757971
DŽ: 58978043 -> 58978043
DŽ: 58978043 -> 58978043
DŽ: 58978043 -> 58978043
DŽ: 58978043 -> 58978043
DŽ: 58978043 -> 58978043
DŽ: 58978043 -> 59537527
DŽ: 59537527 -> 59537527
DŽ: 59986623 -> 59986623
DŽ: 58978043 -> 59420334
DŽ: 59757971 -> 59757971
DŽ: 58978043 -> 58978043
DŽ: 58978043 -> 58978043
DŽ: 59770667 -> 59432902
DŽ: 59307115 -> 59079589
DŽ: 58978043 -> 58978043
DŽ: 59946257 -> 59432902
DŽ: 58978043 -> 58978043
DŽ: 59879575 -> 59432902
DŽ: 59770667 -> 59479892
DŽ: 58978043 -> 58978043
DŽ: 59757971 -> 59757971
DŽ: 58978043 -> 58978043
DŽ: 58978043 -> 59253940
DŽ: 58978043 -> 58978043
DŽ: 58978043 -> 59253940
DŽ: 58978043 -> 58978043
DŽ: 58978043 -> 58978043
DŽ: 58978043 -> 59181426
DŽ: 59757971 -> 59757971
DŽ: 58978043 -> 58978043
DŽ: 59072351 -> 59253940
DŽ: 59072351 -> 58978043
DŽ: 58978043 -> 58978043
DŽ: 58978043 -> 58978043
DŽ: 59432902 -> 59511713
DŽ: 58978043 -> 58978043
DŽ: 58978043 -> 58978043
DŽ: 58978043 -> 58978043
DŽ: 58978043 -> 58978043
DŽ: 58978043 -> 58978043
DŽ: 58978043 -> 58978043
DŽ: 59757971 -> 59757971
DŽ: 58978043 -> 58978043
DŽ: 58978043 -> 58978043
DŽ: 59181426 -> 59181426
DŽ: 58978043 -> 58978043
DŽ: 59181426 -> 59311052
DŽ: 58978043 -> 58978043
DŽ: 58978043 -> 58978043
DŽ: 59479892 -> 59432902
DŽ: 58978043 -> 58978043
DŽ: 58978043 -> 58978043
DŽ: 58978043 -> 58978043
DŽ: 59181426 -> 59311052
DŽ: 59671344 -> 59656615
DŽ: 59671344 -> 59757971
DŽ: 58978043 -> 58978043
DŽ: 59494968 -> 59638434

 start over 928082 loops 1040 unique solutions 
Original + vert_size 13 
DŽ: 60348225 -> 59758421
DŽ: 58978043 -> 58978043
DŽ: 59757971 -> 59757971
DŽ: 58978043 -> 58978043
DŽ: 58978043 -> 59192564
DŽ: 58978043 -> 58978043
DŽ: 58978043 -> 60095298
DŽ: 59656615 -> 59884817
DŽ: 58978043 -> 58978043
DŽ: 58978043 -> 58978043
DŽ: 58978043 -> 59253940
DŽ: 58978043 -> 58978043
DŽ: 58978043 -> 58978043
DŽ: 58978043 -> 58978043
DŽ: 58978043 -> 59179858
DŽ: 58978043 -> 58978043
DŽ: 58978043 -> 58978043
DŽ: 59253940 -> 59311052
DŽ: 59151489 -> 59459978
DŽ: 58978043 -> 59179408
DŽ: 58978043 -> 59181426
DŽ: 58978043 -> 58978043
DŽ: 58978043 -> 58978043
DŽ: 58978043 -> 59181426
DŽ: 58978043 -> 59179408
DŽ: 59151489 -> 59151489
DŽ: 58978043 -> 58978043
DŽ: 59181426 -> 59308147
DŽ: 58978043 -> 58978043
DŽ: 59275734 -> 59181426
DŽ: 59181426 -> 59181426
DŽ: 58978043 -> 59179408
DŽ: 58978043 -> 59181426
DŽ: 58978043 -> 58978043
DŽ: 59181426 -> 59181426
DŽ: 59711304 -> 59711304
DŽ: 58978043 -> 58978043
DŽ: 58978043 -> 58978043
DŽ: 59191825 -> 59191825
DŽ: 58978043 -> 58978043
DŽ: 58978043 -> 58978043
DŽ: 59459978 -> 59459528
DŽ: 59181426 -> 59311052
DŽ: 59238863 -> 59181426
DŽ: 59121841 -> 59104646
DŽ: 59711304 -> 59710854
DŽ: 59181426 -> 59354422
DŽ: 58978043 -> 58978043
DŽ: 58978043 -> 58978043
DŽ: 58978043 -> 58978043
DŽ: 59181426 -> 59437773
DŽ: 58978043 -> 58978043
DŽ: 58978043 -> 58978043

 start over 980771 loops 1092 unique solutions 
Original + vert_size 0 
DŽ: 60348225 -> 59758421
DŽ: 59181426 -> 59181426
DŽ: 58978043 -> 58978043
DŽ: 58978043 -> 58978043
DŽ: 58978043 -> 58978043
DŽ: 58978043 -> 58978043
DŽ: 58978043 -> 58978043
DŽ: 59121841 -> 59105096
DŽ: 59181426 -> 59512417
DŽ: 59121841 -> 59105096
DŽ: 58978043 -> 58978043
DŽ: 58978043 -> 58978043
DŽ: 58978043 -> 58978043
DŽ: 58978043 -> 59079589
DŽ: 58978043 -> 58978043
DŽ: 58978043 -> 58978043
DŽ: 58978043 -> 58978043
DŽ: 59075495 -> 59075495
DŽ: 59354422 -> 59459528
DŽ: 59354422 -> 59354422
DŽ: 59075495 -> 59075495
DŽ: 58978043 -> 58978043
DŽ: 58978043 -> 58978043
DŽ: 58978043 -> 58978043
DŽ: 59354422 -> 59459528
DŽ: 58978043 -> 59079589
DŽ: 58978043 -> 58978043
DŽ: 58978043 -> 58978043
DŽ: 59459528 -> 59806350
DŽ: 58978043 -> 58978043
DŽ: 58978043 -> 58978043
DŽ: 58978043 -> 58978043
DŽ: 59181426 -> 59512417
DŽ: 58978043 -> 58978043
DŽ: 58978043 -> 59181426
DŽ: 58978043 -> 58978043
DŽ: 58978043 -> 59750030
DŽ: 58978043 -> 58978043
DŽ: 59181426 -> 59181426
DŽ: 59354422 -> 59459528
DŽ: 58978043 -> 58978043
DŽ: 59105096 -> 59459528
DŽ: 59181426 -> 59181426
DŽ: 59181426 -> 59181426
DŽ: 59459528 -> 59777672
DŽ: 59304317 -> 59507512
DŽ: 59075495 -> 59460696
DŽ: 58978043 -> 58978043
DŽ: 58978043 -> 58978043
DŽ: 58978043 -> 58978043
DŽ: 58978043 -> 59245026
DŽ: 58978043 -> 58978043
DŽ: 58978043 -> 58978043
DŽ: 58978043 -> 58978043
DŽ: 59104646 -> 59266781
DŽ: 59354422 -> 59308029

 start over 1035838 loops 1143 unique solutions 
Approx + random 
DŽ: 64631274 -> 61662974
DŽ: 59115530 -> 59316895
DŽ: 58978043 -> 58978043
DŽ: 59181426 -> 59181426
DŽ: 58978043 -> 58978043
DŽ: 59354422 -> 59654851
DŽ: 59076814 -> 59075495
DŽ: 58978043 -> 58978043
DŽ: 58978043 -> 58978043
DŽ: 58978043 -> 58978043
DŽ: 59079589 -> 58978043
DŽ: 58978043 -> 58978043
DŽ: 58978043 -> 58978043
DŽ: 59076814 -> 59075495
DŽ: 58978043 -> 58978043
DŽ: 58978043 -> 58978043
DŽ: 58978043 -> 59253940
DŽ: 58978043 -> 59181426
DŽ: 58978043 -> 58978043
DŽ: 59075495 -> 59075495
DŽ: 58978043 -> 58978043
DŽ: 59181426 -> 59308147
DŽ: 58978043 -> 59181426
DŽ: 58978043 -> 59729613
DŽ: 59072351 -> 59179408
DŽ: 58978043 -> 58978043
DŽ: 58978043 -> 59079589
DŽ: 59308029 -> 59413374
DŽ: 58978043 -> 58978043
DŽ: 58978043 -> 58978043
DŽ: 59075495 -> 59075495
DŽ: 59075495 -> 59075495
DŽ: 59413374 -> 59413374
DŽ: 58978043 -> 58978043
DŽ: 58978043 -> 58978043
DŽ: 59151039 -> 59151039
DŽ: 59075495 -> 59075495
DŽ: 59308029 -> 59413374
DŽ: 58978043 -> 58978043
DŽ: 59181426 -> 59181426
DŽ: 58978043 -> 58978043
DŽ: 58978043 -> 58978043
DŽ: 59413374 -> 59413374
DŽ: 59072351 -> 58978043
DŽ: 58978043 -> 58978043
DŽ: 58978043 -> 59253940
DŽ: 58978043 -> 58978043
DŽ: 58978043 -> 59738892
DŽ: 58978043 -> 59485112
DŽ: 59181426 -> 59181426
DŽ: 58978043 -> 58978043
DŽ: 58978043 -> 58978043
DŽ: 58978043 -> 59253940
DŽ: 59075495 -> 59075495
DŽ: 58978043 -> 58978043
DŽ: 58978043 -> 58978043
DŽ: 59308029 -> 59308029
DŽ: 58978043 -> 58978043
DŽ: 59654851 -> 59413824
DŽ: 59413374 -> 59410599

 start over 1094327 loops 1205 unique solutions 
Approx + random 
DŽ: 64631274 -> 61023757
DŽ: 59253940 -> 59311052
DŽ: 61023757 -> 60014816
DŽ: 59181426 -> 59311052
DŽ: 59294147 -> 59294147
DŽ: 59243492 -> 59395947
DŽ: 59243492 -> 59753343
DŽ: 58978043 -> 58978043
DŽ: 58978043 -> 58978043
DŽ: 59623717 -> 59623717
DŽ: 59532680 -> 59395234
DŽ: 60416183 -> 59609755
DŽ: 59395947 -> 59597312
DŽ: 58978043 -> 58978043
DŽ: 58978043 -> 58978043
DŽ: 59395947 -> 59395947
DŽ: 58978043 -> 58978043
DŽ: 58978043 -> 58978043
DŽ: 58978043 -> 58978043
DŽ: 59374279 -> 59384598
DŽ: 59395234 -> 59394784
DŽ: 59410599 -> 59340301
DŽ: 58978043 -> 58978043
DŽ: 58978043 -> 59079589
DŽ: 59395947 -> 59525573
DŽ: 58978043 -> 58978043
DŽ: 59311225 -> 59181426
DŽ: 59474045 -> 59802312
DŽ: 58978043 -> 58978043
DŽ: 59263682 -> 59181426
DŽ: 59243492 -> 59181426
DŽ: 58978043 -> 58978043
DŽ: 59243492 -> 59181426
DŽ: 59441271 -> 59510869
DŽ: 59371617 -> 59354872
DŽ: 58978043 -> 58978043
DŽ: 58978043 -> 58978043
DŽ: 58978043 -> 58978043
DŽ: 58978043 -> 58978043
DŽ: 58978043 -> 58978043
DŽ: 59404682 -> 59464329
DŽ: 58978043 -> 58978043
DŽ: 59181426 -> 59181426
DŽ: 59181426 -> 59181426
DŽ: 59181426 -> 59181426

 start over 1138116 loops 1252 unique solutions 
Original + vert_size 13 
DŽ: 60348225 -> 60039433
DŽ: 59871421 -> 60317905
DŽ: 58978043 -> 58978043
DŽ: 58978043 -> 58978043
DŽ: 58978043 -> 58978043
end_heu: 1142011 loops with 1261 unique solutions in 1799.23 s

Calling print_solution
>>> get_solution
  refine_solution: new weight 58978043 (was 58978043) in 0.000769 s
## FINAL WEIGHT 58978043
print_solution: 0.00165 s
