Version: final-94-gfffc3aa rub_all.sh: remove longest prefix
Random seed: 1549763151
Start
>>> save_orig_graph
>> Saved weight 0
Graph loaded
|V| = 3601, |E| = 7080, |R| = 60
First clearance of the input. Calling buy_zero and run_all_heuristics.
  buy_zero: 0 zero edges in 1.9e-05 s
  handle_small_terminal_degrees: terms 0 in 7e-06 s
  handle_small_Steiner_degrees: steiner 0, suppress 4 in 1.6e-05 s
  shortest_edge_between_terminals: 0 edges in 4e-06 s
  handle_small_terminal_degrees: terms 0 in 6e-06 s
  handle_small_Steiner_degrees: steiner 0, suppress 0 in 1.1e-05 s
  shortest_edge_between_terminals: 0 edges in 2e-06 s
Compressed graph 3601 -> 3596
  delete_edges: deleted 4 edges in 0.000421 s and 1 rounds
  handle_small_terminal_degrees: terms 0 in 6e-06 s
  handle_small_Steiner_degrees: steiner 0, suppress 8 in 1.9e-05 s
  shortest_edge_between_terminals: 0 edges in 3e-06 s
  handle_small_terminal_degrees: terms 0 in 6e-06 s
  handle_small_Steiner_degrees: steiner 0, suppress 0 in 1.2e-05 s
  shortest_edge_between_terminals: 0 edges in 3e-06 s
Compressed graph 3596 -> 3588
  delete_edges_shortest_path: deleted 8 edges in 0.015752 s
  handle_small_terminal_degrees: terms 0 in 3e-06 s
  handle_small_Steiner_degrees: steiner 0, suppress 11 in 9e-06 s
  shortest_edge_between_terminals: 0 edges in 1e-06 s
  handle_small_terminal_degrees: terms 0 in 3e-06 s
  handle_small_Steiner_degrees: steiner 0, suppress 0 in 5e-06 s
  shortest_edge_between_terminals: 0 edges in 1e-06 s
Compressed graph 3588 -> 3577
  handle_small_terminal_degrees: terms 0 in 3e-06 s
  handle_small_Steiner_degrees: steiner 0, suppress 0 in 4e-06 s
  shortest_edge_between_terminals: 0 edges in 2e-06 s
Compressed graph 3577 -> 3577
  delete_edges_shortest_path: deleted 11 edges in 0.015277 s
  handle_small_terminal_degrees: terms 0 in 3e-06 s
  handle_small_Steiner_degrees: steiner 0, suppress 14 in 1e-05 s
  shortest_edge_between_terminals: 0 edges in 2e-06 s
  handle_small_terminal_degrees: terms 0 in 3e-06 s
  handle_small_Steiner_degrees: steiner 0, suppress 0 in 4e-06 s
  shortest_edge_between_terminals: 0 edges in 1e-06 s
Compressed graph 3577 -> 3563
Compressed graph 3563 -> 3563
>>> save_orig_graph
>> Saved weight 0
### ZEL_LVL=0 PRECISE_STARS=0

Calling `contract_till_the_bitter_end`
|V| = 3563, |E| = 7020, |R| = 60
>>> get_solution
>>> get_solution
  refine_solution: new weight 63269643 (was 63269643) in 0.000818 s
0,,3563,7020,60,,0,0,,63269643,63269643,0,0,0,,0,0,@@

  delete_edges: deleted 14 edges in 0.000336 s and 2 rounds
  handle_small_Steiner_degrees: steiner 0, suppress 17 in 1.2e-05 s
Starting round 1
Found 17 isolated vertices
Invalid ratios recomputed: 3546
Best ratio is 210514/1 (210514.0), centered at 1770
Finding the best star... Star with 2 terminals centered in 1830
round took: 0.073676 s
|V| = 3563, |E| = 6986, |R| = 59
>>> get_solution
>>> get_solution
  refine_solution: new weight 63269643 (was 63269643) in 0.000755 s
1,,3546,6986,59,,3546,0,,63269643,63269643,210514,210514,210514,,210514,2,@@

  handle_small_Steiner_degrees: steiner 0, suppress 0 in 6e-06 s
Starting round 2
Found 19 isolated vertices
Invalid ratios recomputed: 220
Best ratio is 364004/1 (364004.0), centered at 3362
Finding the best star... Star with 2 terminals centered in 3419
round took: 0.006766 s
|V| = 3563, |E| = 6983, |R| = 58
>>> get_solution
>>> get_solution
  refine_solution: new weight 63269643 (was 63269643) in 0.000745 s
2,,3544,6983,58,,220,0,,63269643,63269643,574518,574518,574518,,364004,2,@@

  handle_small_Steiner_degrees: steiner 0, suppress 0 in 6e-06 s
Starting round 3
Found 21 isolated vertices
Invalid ratios recomputed: 200
Best ratio is 434274/1 (434274.0), centered at 1481
Finding the best star... Star with 2 terminals centered in 1482
round took: 0.004539 s
|V| = 3563, |E| = 6978, |R| = 57
>>> get_solution
>>> get_solution
  refine_solution: new weight 63121258 (was 63121258) in 0.000742 s
3,,3542,6978,57,,200,0,,63121258,63121258,1008792,1008792,1008792,,434274,2,@@

  handle_small_Steiner_degrees: steiner 0, suppress 3 in 8e-06 s
Starting round 4
Found 28 isolated vertices
Invalid ratios recomputed: 151
Best ratio is 473781/1 (473781.0), centered at 673
Finding the best star... Star with 2 terminals centered in 676
round took: 0.004788 s
|V| = 3563, |E| = 6966, |R| = 56
>>> get_solution
>>> get_solution
  refine_solution: new weight 63121258 (was 63121258) in 0.000751 s
4,,3535,6966,56,,151,0,,63121258,63121258,1482573,1482573,1482573,,473781,2,@@

  handle_small_Steiner_degrees: steiner 0, suppress 0 in 5e-06 s
Starting round 5
Found 34 isolated vertices
Invalid ratios recomputed: 360
Best ratio is 542885/1 (542885.0), centered at 2121
Finding the best star... Star with 2 terminals centered in 2241
round took: 0.01161 s
|V| = 3563, |E| = 6962, |R| = 55
>>> get_solution
>>> get_solution
  refine_solution: new weight 63121258 (was 63121258) in 0.00074 s
5,,3529,6962,55,,360,0,,63121258,63121258,2025458,2025458,2025458,,542885,2,@@

  handle_small_Steiner_degrees: steiner 0, suppress 0 in 6e-06 s
Starting round 6
Found 37 isolated vertices
Invalid ratios recomputed: 314
Best ratio is 553543/1 (553543.0), centered at 2974
Finding the best star... Star with 2 terminals centered in 2978
round took: 0.009457 s
|V| = 3563, |E| = 6956, |R| = 54
>>> get_solution
>>> get_solution
  refine_solution: new weight 63121258 (was 63121258) in 0.000738 s
6,,3526,6956,54,,314,0,,63121258,63121258,2579001,2579001,2579001,,553543,2,@@

  handle_small_Steiner_degrees: steiner 0, suppress 0 in 6e-06 s
Starting round 7
Found 42 isolated vertices
Invalid ratios recomputed: 327
Best ratio is 608945/1 (608945.0), centered at 1251
Finding the best star... Star with 2 terminals centered in 1312
round took: 0.01341 s
|V| = 3563, |E| = 6953, |R| = 53
>>> get_solution
>>> get_solution
  refine_solution: new weight 63121258 (was 63121258) in 0.000742 s
7,,3521,6953,53,,327,0,,63121258,63121258,3187946,3187946,3187946,,608945,2,@@

  handle_small_Steiner_degrees: steiner 0, suppress 0 in 5e-06 s
Starting round 8
Found 44 isolated vertices
Invalid ratios recomputed: 407
Best ratio is 617495/1 (617495.0), centered at 725
Finding the best star... Star with 2 terminals centered in 908
round took: 0.012841 s
|V| = 3563, |E| = 6946, |R| = 52
>>> get_solution
>>> get_solution
  refine_solution: new weight 63121258 (was 63121258) in 0.00074 s
8,,3519,6946,52,,407,0,,63121258,63121258,3805441,3805441,3805441,,617495,2,@@

  handle_small_Steiner_degrees: steiner 0, suppress 0 in 6e-06 s
Starting round 9
Found 50 isolated vertices
Invalid ratios recomputed: 279
Best ratio is 632019/1 (632019.0), centered at 3263
Finding the best star... Star with 2 terminals centered in 3494
round took: 0.009383 s
|V| = 3563, |E| = 6939, |R| = 51
>>> get_solution
>>> get_solution
  refine_solution: new weight 62980117 (was 62980117) in 0.000744 s
9,,3513,6939,51,,279,0,,62980117,62980117,4437460,4437460,4437460,,632019,2,@@

  handle_small_Steiner_degrees: steiner 0, suppress 0 in 5e-06 s
Starting round 10
Found 56 isolated vertices
Invalid ratios recomputed: 315
Best ratio is 657923/1 (657923.0), centered at 2289
Finding the best star... Star with 2 terminals centered in 2530
round took: 0.010896 s
|V| = 3563, |E| = 6932, |R| = 50
>>> get_solution
>>> get_solution
  refine_solution: new weight 62980117 (was 62980117) in 0.000749 s
10,,3507,6932,50,,315,0,,62980117,62980117,5095383,5095383,5095383,,657923,2,@@

  handle_small_Steiner_degrees: steiner 0, suppress 0 in 6e-06 s
Starting round 11
Found 61 isolated vertices
Invalid ratios recomputed: 265
Best ratio is 1338889/2 (669444.5), centered at 1887
Finding the best star... Star with 3 terminals centered in 1947
round took: 0.008032 s
|V| = 3563, |E| = 6920, |R| = 48
>>> get_solution
>>> get_solution
  refine_solution: new weight 62476382 (was 62476382) in 0.000746 s
11,,3502,6920,48,,265,0,,62476382,62476382,6434272,6434272,6434272,,1338889,3,@@

  handle_small_Steiner_degrees: steiner 0, suppress 0 in 5e-06 s
Starting round 12
Found 70 isolated vertices
Invalid ratios recomputed: 433
Best ratio is 735975/1 (735975.0), centered at 2530
Finding the best star... Star with 2 terminals centered in 2591
round took: 0.014734 s
|V| = 3563, |E| = 6917, |R| = 47
>>> get_solution
>>> get_solution
  refine_solution: new weight 62476382 (was 62476382) in 0.000767 s
12,,3493,6917,47,,433,0,,62476382,62476382,7170247,7170247,7170247,,735975,2,@@

  handle_small_Steiner_degrees: steiner 0, suppress 0 in 4e-06 s
Starting round 13
Found 72 isolated vertices
Invalid ratios recomputed: 303
Best ratio is 744295/1 (744295.0), centered at 1829
Finding the best star... Star with 2 terminals centered in 1830
round took: 0.009831 s
|V| = 3563, |E| = 6912, |R| = 46
>>> get_solution
>>> get_solution
  refine_solution: new weight 62476382 (was 62476382) in 0.000748 s
13,,3491,6912,46,,303,0,,62476382,62476382,7914542,7914542,7914542,,744295,2,@@

  handle_small_Steiner_degrees: steiner 0, suppress 1 in 6e-06 s
Starting round 14
Found 75 isolated vertices
Invalid ratios recomputed: 563
Best ratio is 756928/1 (756928.0), centered at 242
Finding the best star... Star with 2 terminals centered in 307
round took: 0.021756 s
|V| = 3563, |E| = 6902, |R| = 45
>>> get_solution
>>> get_solution
  refine_solution: new weight 62876066 (was 62876066) in 0.000755 s
14,,3488,6902,45,,563,0,,62876066,62876066,8671470,8671470,8671470,,756928,2,@@

  handle_small_Steiner_degrees: steiner 0, suppress 0 in 6e-06 s
Starting round 15
Found 81 isolated vertices
Invalid ratios recomputed: 265
Best ratio is 1523395/2 (761697.5), centered at 1236
Finding the best star... Star with 3 terminals centered in 1416
round took: 0.007111 s
|V| = 3563, |E| = 6888, |R| = 43
>>> get_solution
>>> get_solution
  refine_solution: new weight 62789960 (was 62789960) in 0.000753 s
15,,3482,6888,43,,265,0,,62789960,62789960,10194865,10194865,10194865,,1523395,3,@@

  handle_small_Steiner_degrees: steiner 0, suppress 0 in 6e-06 s
Starting round 16
Found 92 isolated vertices
Invalid ratios recomputed: 466
Best ratio is 1553429/2 (776714.5), centered at 3195
Finding the best star... Star with 3 terminals centered in 3315
round took: 0.016899 s
|V| = 3563, |E| = 6875, |R| = 41
>>> get_solution
>>> get_solution
  refine_solution: new weight 62417353 (was 62417353) in 0.000752 s
16,,3471,6875,41,,466,0,,62417353,62417353,11748294,11748294,11748294,,1553429,3,@@

  delete_edges: deleted 52 edges in 0.000578 s and 3 rounds
  handle_small_Steiner_degrees: steiner 2, suppress 39 in 2e-05 s
Starting round 17
Found 143 isolated vertices
Invalid ratios recomputed: 358
Best ratio is 801930/1 (801930.0), centered at 2
Finding the best star... Star with 2 terminals centered in 52
round took: 0.01089 s
|V| = 3563, |E| = 6773, |R| = 40
>>> get_solution
>>> get_solution
  refine_solution: new weight 62417353 (was 62417353) in 0.000753 s
17,,3420,6773,40,,358,0,,62417353,62417353,12550224,12550224,12550224,,801930,2,@@

  handle_small_Steiner_degrees: steiner 0, suppress 0 in 6e-06 s
Starting round 18
Found 148 isolated vertices
Invalid ratios recomputed: 165
Best ratio is 832986/1 (832986.0), centered at 1012
Finding the best star... Star with 2 terminals centered in 1312
round took: 0.00409 s
|V| = 3563, |E| = 6764, |R| = 39
>>> get_solution
>>> get_solution
  refine_solution: new weight 62227191 (was 62236577) in 0.000749 s
  refine_solution: new weight 62227191 (was 62227191) in 0.000741 s
18,,3415,6764,39,,165,0,,62236577,62227191,13383210,13383210,13383210,,832986,2,@@

  handle_small_Steiner_degrees: steiner 0, suppress 0 in 6e-06 s
Starting round 19
Found 155 isolated vertices
Invalid ratios recomputed: 450
Best ratio is 1698171/2 (849085.5), centered at 2146
Finding the best star... Star with 3 terminals centered in 2330
round took: 0.015612 s
|V| = 3563, |E| = 6749, |R| = 37
>>> get_solution
>>> get_solution
  refine_solution: new weight 61510032 (was 61519418) in 0.000756 s
  refine_solution: new weight 61510032 (was 61510032) in 0.000731 s
19,,3408,6749,37,,450,0,,61519418,61510032,15081381,15081381,15081381,,1698171,3,@@

  handle_small_Steiner_degrees: steiner 0, suppress 0 in 6e-06 s
Starting round 20
Found 166 isolated vertices
Invalid ratios recomputed: 298
Best ratio is 856346/1 (856346.0), centered at 52
Finding the best star... Star with 2 terminals centered in 52
round took: 0.009623 s
|V| = 3563, |E| = 6741, |R| = 36
>>> get_solution
>>> get_solution
  refine_solution: new weight 61491636 (was 61501022) in 0.000753 s
  refine_solution: new weight 61491636 (was 61491636) in 0.000747 s
20,,3397,6741,36,,298,0,,61501022,61491636,15937727,15937727,15937727,,856346,2,@@

  handle_small_Steiner_degrees: steiner 0, suppress 0 in 5e-06 s
Starting round 21
Found 172 isolated vertices
Invalid ratios recomputed: 202
Best ratio is 872575/1 (872575.0), centered at 432
Finding the best star... Star with 2 terminals centered in 676
round took: 0.00674 s
|V| = 3563, |E| = 6733, |R| = 35
>>> get_solution
>>> get_solution
  refine_solution: new weight 61491636 (was 61501022) in 0.000753 s
  refine_solution: new weight 61491636 (was 61491636) in 0.000733 s
21,,3391,6733,35,,202,0,,61501022,61491636,16810302,16810302,16810302,,872575,2,@@

  handle_small_Steiner_degrees: steiner 0, suppress 0 in 5e-06 s
Starting round 22
Found 177 isolated vertices
Invalid ratios recomputed: 370
Best ratio is 876665/1 (876665.0), centered at 995
Finding the best star... Star with 2 terminals centered in 1416
round took: 0.014111 s
|V| = 3563, |E| = 6727, |R| = 34
>>> get_solution
>>> get_solution
  refine_solution: new weight 61491636 (was 61501022) in 0.000756 s
  refine_solution: new weight 61491636 (was 61491636) in 0.00073 s
22,,3386,6727,34,,370,0,,61501022,61491636,17686967,17686967,17686967,,876665,2,@@

  handle_small_Steiner_degrees: steiner 0, suppress 1 in 6e-06 s
Starting round 23
Found 182 isolated vertices
Invalid ratios recomputed: 502
Best ratio is 1787189/2 (893594.5), centered at 603
Finding the best star... Star with 3 terminals centered in 908
round took: 0.020341 s
|V| = 3563, |E| = 6707, |R| = 32
>>> get_solution
>>> get_solution
  refine_solution: new weight 60994322 (was 61003708) in 0.000758 s
  refine_solution: new weight 60994322 (was 60994322) in 0.000736 s
23,,3381,6707,32,,502,0,,61003708,60994322,19474156,19474156,19474156,,1787189,3,@@

  handle_small_Steiner_degrees: steiner 0, suppress 0 in 6e-06 s
Starting round 24
Found 196 isolated vertices
Invalid ratios recomputed: 554
Best ratio is 901887/1 (901887.0), centered at 2817
Finding the best star... Star with 2 terminals centered in 3117
round took: 0.023681 s
|V| = 3563, |E| = 6699, |R| = 31
>>> get_solution
>>> get_solution
  refine_solution: new weight 60878540 (was 60887926) in 0.00076 s
  refine_solution: new weight 60878540 (was 60878540) in 0.000733 s
24,,3367,6699,31,,554,0,,60887926,60878540,20376043,20376043,20376043,,901887,2,@@

  handle_small_Steiner_degrees: steiner 0, suppress 0 in 6e-06 s
Starting round 25
Found 203 isolated vertices
Invalid ratios recomputed: 304
Best ratio is 919496/1 (919496.0), centered at 773
Finding the best star... Star with 2 terminals centered in 1312
round took: 0.008097 s
|V| = 3563, |E| = 6693, |R| = 30
>>> get_solution
>>> get_solution
  refine_solution: new weight 60878540 (was 60887926) in 0.000758 s
  refine_solution: new weight 60878540 (was 60878540) in 0.000732 s
25,,3360,6693,30,,304,0,,60887926,60878540,21295539,21295539,21295539,,919496,2,@@

  handle_small_Steiner_degrees: steiner 0, suppress 0 in 4e-06 s
Starting round 26
Found 207 isolated vertices
Invalid ratios recomputed: 771
Best ratio is 1874614/2 (937307.0), centered at 517
Finding the best star... Star with 3 terminals centered in 579
round took: 0.034168 s
|V| = 3563, |E| = 6675, |R| = 28
>>> get_solution
>>> get_solution
  refine_solution: new weight 60068746 (was 60078132) in 0.000762 s
  refine_solution: new weight 60068746 (was 60068746) in 0.000763 s
26,,3356,6675,28,,771,0,,60078132,60068746,23170153,23170153,23170153,,1874614,3,@@

  handle_small_Steiner_degrees: steiner 0, suppress 0 in 5e-06 s
Starting round 27
Found 221 isolated vertices
Invalid ratios recomputed: 389
Best ratio is 955428/1 (955428.0), centered at 2586
Finding the best star... Star with 2 terminals centered in 2591
round took: 0.014485 s
|V| = 3563, |E| = 6668, |R| = 27
>>> get_solution
>>> get_solution
  refine_solution: new weight 60046413 (was 60055799) in 0.000767 s
  refine_solution: new weight 60046413 (was 60046413) in 0.000759 s
27,,3342,6668,27,,389,0,,60055799,60046413,24125581,24125581,24125581,,955428,2,@@

  handle_small_Steiner_degrees: steiner 0, suppress 0 in 5e-06 s
Starting round 28
Found 226 isolated vertices
Invalid ratios recomputed: 478
Best ratio is 1979991/2 (989995.5), centered at 3356
Finding the best star... Star with 3 terminals centered in 3419
round took: 0.017019 s
|V| = 3563, |E| = 6650, |R| = 25
>>> get_solution
>>> get_solution
  refine_solution: new weight 59825219 (was 59834605) in 0.000761 s
  refine_solution: new weight 59825219 (was 59825219) in 0.000755 s
28,,3337,6650,25,,478,0,,59834605,59825219,26105572,26105572,26105572,,1979991,3,@@

  handle_small_Steiner_degrees: steiner 0, suppress 0 in 4e-06 s
Starting round 29
Found 240 isolated vertices
Invalid ratios recomputed: 375
Best ratio is 991622/1 (991622.0), centered at 2747
Finding the best star... Star with 2 terminals centered in 3048
round took: 0.014162 s
|V| = 3563, |E| = 6642, |R| = 24
>>> get_solution
>>> get_solution
  refine_solution: new weight 59825219 (was 59834605) in 0.000762 s
  refine_solution: new weight 59825219 (was 59825219) in 0.000758 s
29,,3323,6642,24,,375,0,,59834605,59825219,27097194,27097194,27097194,,991622,2,@@

  handle_small_Steiner_degrees: steiner 0, suppress 0 in 4e-06 s
Starting round 30
Found 246 isolated vertices
Invalid ratios recomputed: 395
Best ratio is 1016026/1 (1016026.0), centered at 1830
Finding the best star... Star with 2 terminals centered in 1830
round took: 0.01382 s
|V| = 3563, |E| = 6633, |R| = 23
>>> get_solution
>>> get_solution
  refine_solution: new weight 59825219 (was 59834605) in 0.000762 s
  refine_solution: new weight 59825219 (was 59825219) in 0.000762 s
30,,3317,6633,23,,395,0,,59834605,59825219,28113220,28113220,28113220,,1016026,2,@@

  handle_small_Steiner_degrees: steiner 0, suppress 0 in 4e-06 s
Starting round 31
Found 254 isolated vertices
Invalid ratios recomputed: 725
Best ratio is 1034719/1 (1034719.0), centered at 1830
Finding the best star... Star with 2 terminals centered in 2484
round took: 0.033625 s
|V| = 3563, |E| = 6625, |R| = 22
>>> get_solution
>>> get_solution
  refine_solution: new weight 59435405 (was 59444791) in 0.000768 s
  refine_solution: new weight 59435405 (was 59435405) in 0.000758 s
31,,3309,6625,22,,725,0,,59444791,59435405,29147939,29147939,29147939,,1034719,2,@@

  handle_small_Steiner_degrees: steiner 0, suppress 0 in 4e-06 s
Starting round 32
Found 261 isolated vertices
Invalid ratios recomputed: 850
Best ratio is 1044061/1 (1044061.0), centered at 2480
Finding the best star... Star with 2 terminals centered in 2720
round took: 0.044841 s
|V| = 3563, |E| = 6618, |R| = 21
>>> get_solution
>>> get_solution
  refine_solution: new weight 59070894 (was 59080280) in 0.000772 s
  refine_solution: new weight 59070894 (was 59070894) in 0.000757 s
32,,3302,6618,21,,850,0,,59080280,59070894,30192000,30192000,30192000,,1044061,2,@@

  delete_edges: deleted 91 edges in 0.001208 s and 5 rounds
  handle_small_Steiner_degrees: steiner 4, suppress 63 in 3.4e-05 s
Starting round 33
Found 333 isolated vertices
Invalid ratios recomputed: 907
Best ratio is 1051234/1 (1051234.0), centered at 579
Finding the best star... Star with 2 terminals centered in 1416
round took: 0.052587 s
|V| = 3563, |E| = 6447, |R| = 20
>>> get_solution
>>> get_solution
  refine_solution: new weight 59070894 (was 59080280) in 0.000766 s
  refine_solution: new weight 59070894 (was 59070894) in 0.000741 s
33,,3230,6447,20,,907,0,,59080280,59070894,31243234,31243234,31243234,,1051234,2,@@

  handle_small_Steiner_degrees: steiner 0, suppress 1 in 7e-06 s
Starting round 34
Found 341 isolated vertices
Invalid ratios recomputed: 921
Best ratio is 1067494/1 (1067494.0), centered at 1241
Finding the best star... Star with 2 terminals centered in 1482
round took: 0.056206 s
|V| = 3563, |E| = 6438, |R| = 19
>>> get_solution
>>> get_solution
  refine_solution: new weight 59070894 (was 59080280) in 0.000767 s
  refine_solution: new weight 59070894 (was 59070894) in 0.000742 s
34,,3222,6438,19,,921,0,,59080280,59070894,32310728,32310728,32310728,,1067494,2,@@

  handle_small_Steiner_degrees: steiner 0, suppress 1 in 6e-06 s
Starting round 35
Found 347 isolated vertices
Invalid ratios recomputed: 929
Best ratio is 1109059/1 (1109059.0), centered at 1231
Finding the best star... Star with 2 terminals centered in 2720
round took: 0.07143 s
|V| = 3563, |E| = 6423, |R| = 18
>>> get_solution
>>> get_solution
  refine_solution: new weight 59070894 (was 59080280) in 0.000845 s
  refine_solution: new weight 59070894 (was 59070894) in 0.000779 s
35,,3216,6423,18,,929,0,,59080280,59070894,33419787,33419787,33419787,,1109059,2,@@

  handle_small_Steiner_degrees: steiner 0, suppress 2 in 9e-06 s
Starting round 36
Found 360 isolated vertices
Invalid ratios recomputed: 1207
Best ratio is 1136976/1 (1136976.0), centered at 1098
Finding the best star... Star with 2 terminals centered in 1698
round took: 0.109077 s
|V| = 3563, |E| = 6407, |R| = 17
>>> get_solution
>>> get_solution
  refine_solution: new weight 59066984 (was 59076370) in 0.000771 s
  refine_solution: new weight 59066984 (was 59066984) in 0.000761 s
36,,3203,6407,17,,1207,0,,59076370,59066984,34556763,34556763,34556763,,1136976,2,@@

  handle_small_Steiner_degrees: steiner 0, suppress 1 in 7e-06 s
Starting round 37
Found 372 isolated vertices
Invalid ratios recomputed: 1098
Best ratio is 2307507/2 (1153753.5), centered at 2580
Finding the best star... Star with 3 terminals centered in 2591
round took: 0.094313 s
|V| = 3563, |E| = 6387, |R| = 15
>>> get_solution
>>> get_solution
  refine_solution: new weight 58464630 (was 58474016) in 0.00078 s
  refine_solution: new weight 58464630 (was 58464630) in 0.000756 s
37,,3191,6387,15,,1098,0,,58474016,58464630,36864270,36864270,36864270,,2307507,3,@@

  handle_small_Steiner_degrees: steiner 0, suppress 1 in 7e-06 s
Starting round 38
Found 387 isolated vertices
Invalid ratios recomputed: 1403
Best ratio is 1182405/1 (1182405.0), centered at 676
Finding the best star... Star with 2 terminals centered in 1698
round took: 0.127786 s
|V| = 3563, |E| = 6372, |R| = 14
>>> get_solution
>>> get_solution
  refine_solution: new weight 58464630 (was 58474016) in 0.000776 s
  refine_solution: new weight 58464630 (was 58464630) in 0.000767 s
38,,3176,6372,14,,1403,0,,58474016,58464630,38046675,38046675,38046675,,1182405,2,@@

  handle_small_Steiner_degrees: steiner 0, suppress 1 in 7e-06 s
Starting round 39
Found 397 isolated vertices
Invalid ratios recomputed: 1291
Best ratio is 2406079/2 (1203039.5), centered at 2594
Finding the best star... Star with 3 terminals centered in 2720
round took: 0.131741 s
|V| = 3563, |E| = 6352, |R| = 12
>>> get_solution
>>> get_solution
  refine_solution: new weight 58194369 (was 58203755) in 0.000778 s
  refine_solution: new weight 58194369 (was 58194369) in 0.000762 s
39,,3166,6352,12,,1291,0,,58203755,58194369,40452754,40452754,40452754,,2406079,3,@@

  handle_small_Steiner_degrees: steiner 0, suppress 0 in 4e-06 s
Starting round 40
Found 411 isolated vertices
Invalid ratios recomputed: 2061
Best ratio is 1241045/1 (1241045.0), centered at 2330
Finding the best star... Star with 2 terminals centered in 3048
round took: 0.313887 s
|V| = 3563, |E| = 6344, |R| = 11
>>> get_solution
>>> get_solution
  refine_solution: new weight 58194369 (was 58203755) in 0.000801 s
  refine_solution: new weight 58194369 (was 58194369) in 0.000769 s
40,,3152,6344,11,,2061,0,,58203755,58194369,41693799,41693799,41693799,,1241045,2,@@

  handle_small_Steiner_degrees: steiner 0, suppress 0 in 5e-06 s
Starting round 41
Found 418 isolated vertices
Invalid ratios recomputed: 1343
Best ratio is 1357149/1 (1357149.0), centered at 1312
Finding the best star... Star with 2 terminals centered in 1501
round took: 0.209616 s
|V| = 3563, |E| = 6330, |R| = 10
>>> get_solution
>>> get_solution
  refine_solution: new weight 58112184 (was 58112184) in 0.000777 s
41,,3145,6330,10,,1343,0,,58112184,58112184,43050948,43050948,43050948,,1357149,2,@@

  handle_small_Steiner_degrees: steiner 0, suppress 1 in 6e-06 s
Starting round 42
Found 431 isolated vertices
Invalid ratios recomputed: 871
Best ratio is 1374357/1 (1374357.0), centered at 593
Finding the best star... Star with 2 terminals centered in 908
round took: 0.060917 s
|V| = 3563, |E| = 6319, |R| = 9
>>> get_solution
>>> get_solution
  refine_solution: new weight 57529352 (was 57529352) in 0.000783 s
42,,3132,6319,9,,871,0,,57529352,57529352,44425305,44425305,44425305,,1374357,2,@@

  handle_small_Steiner_degrees: steiner 0, suppress 0 in 6e-06 s
Starting round 43
Found 439 isolated vertices
Invalid ratios recomputed: 1167
Best ratio is 2777519/2 (1388759.5), centered at 2335
Finding the best star... Star with 3 terminals centered in 2720
round took: 0.115738 s
|V| = 3563, |E| = 6298, |R| = 7
>>> get_solution
>>> get_solution
  refine_solution: new weight 57348529 (was 57357915) in 0.00078 s
  refine_solution: new weight 57348529 (was 57348529) in 0.000747 s
43,,3124,6298,7,,1167,0,,57357915,57348529,47202824,47202824,47202824,,2777519,3,@@

  handle_small_Steiner_degrees: steiner 0, suppress 0 in 6e-06 s
Starting round 44
Found 455 isolated vertices
Invalid ratios recomputed: 2699
Best ratio is 1411515/1 (1411515.0), centered at 848
Finding the best star... Star with 2 terminals centered in 1698
round took: 0.517779 s
|V| = 3563, |E| = 6290, |R| = 6
>>> get_solution
>>> get_solution
  refine_solution: new weight 57348529 (was 57357915) in 0.000788 s
  refine_solution: new weight 57348529 (was 57348529) in 0.000754 s
44,,3108,6290,6,,2699,0,,57357915,57348529,48614339,48614339,48614339,,1411515,2,@@

  handle_small_Steiner_degrees: steiner 0, suppress 0 in 5e-06 s
Starting round 45
Found 461 isolated vertices
Invalid ratios recomputed: 2692
Best ratio is 1446659/1 (1446659.0), centered at 1579
Finding the best star... Star with 2 terminals centered in 2720
round took: 0.583782 s
|V| = 3563, |E| = 6279, |R| = 5
>>> get_solution
>>> get_solution
  refine_solution: new weight 57348529 (was 57357915) in 0.000811 s
  refine_solution: new weight 57348529 (was 57348529) in 0.000749 s
45,,3102,6279,5,,2692,0,,57357915,57348529,50060998,50060998,50060998,,1446659,2,@@

  handle_small_Steiner_degrees: steiner 0, suppress 0 in 5e-06 s
Starting round 46
Found 469 isolated vertices
Invalid ratios recomputed: 2988
Best ratio is 1599103/1 (1599103.0), centered at 2720
Finding the best star... Star with 2 terminals centered in 3494
round took: 0.862318 s
|V| = 3563, |E| = 6269, |R| = 4
>>> get_solution
>>> get_solution
  refine_solution: new weight 57348529 (was 57357915) in 0.0008 s
  refine_solution: new weight 57348529 (was 57348529) in 0.00075 s
46,,3094,6269,4,,2988,0,,57357915,57348529,51660101,51660101,51660101,,1599103,2,@@

  handle_small_Steiner_degrees: steiner 0, suppress 0 in 4e-06 s
Starting round 47
Found 476 isolated vertices
Invalid ratios recomputed: 3087
Best ratio is 1603685/1 (1603685.0), centered at 52
Finding the best star... Star with 2 terminals centered in 3494
round took: 0.941884 s
|V| = 3563, |E| = 6253, |R| = 3
>>> get_solution
>>> get_solution
  refine_solution: new weight 57348529 (was 57357915) in 0.000814 s
  refine_solution: new weight 57348529 (was 57348529) in 0.000752 s
47,,3087,6253,3,,3087,0,,57357915,57348529,53263786,53263786,53263786,,1603685,2,@@

  handle_small_Steiner_degrees: steiner 0, suppress 4 in 1.1e-05 s
Starting round 48
Found 493 isolated vertices
Invalid ratios recomputed: 3070
Best ratio is 1851181/1 (1851181.0), centered at 209
Finding the best star... Star with 2 terminals centered in 3494
round took: 0.962462 s
|V| = 3563, |E| = 6235, |R| = 2
>>> get_solution
>>> get_solution
  refine_solution: new weight 57348529 (was 57357915) in 0.000792 s
  refine_solution: new weight 57348529 (was 57348529) in 0.000766 s
48,,3070,6235,2,,3070,0,,57357915,57348529,55114967,55114967,55114967,,1851181,2,@@

  handle_small_Steiner_degrees: steiner 0, suppress 0 in 4e-06 s
Starting round 49
Found 502 isolated vertices
Invalid ratios recomputed: 3061
Best ratio is 2242948/1 (2242948.0), centered at 2978
Finding the best star... Star with 2 terminals centered in 2978
round took: 0.989171 s
|V| = 3563, |E| = 6217, |R| = 1
>>> get_solution
>>> get_solution
  refine_solution: new weight 57348529 (was 57357915) in 0.000816 s
  refine_solution: new weight 57348529 (was 57348529) in 0.000746 s
49,,3061,6217,1,,3061,0,,57357915,57348529,57357915,57357915,57357915,,2242948,2,@@

  handle_small_Steiner_degrees: steiner 0, suppress 0 in 4e-06 s
contract_till_the_bitter_end: 6.88064 s

Calling end_heu
>>> get_solution
Saved weight 0
DŽ: 57357915 -> 57074305
  BEST solution improved 57357915 -> 57074305 (vert_size 0, round 1) *
  BEST solution improved 57074305 -> 56878539 (vert_size 2, round 27)
  BEST solution improved 56878539 -> 56873821 (vert_size 4, round 105)
DŽ: 56873821 -> 56865109
  BEST solution improved 56873821 -> 56865109 (vert_size 0, round 1001) *
  BEST solution improved 56865109 -> 56831083 (vert_size 2, round 1122) *
DŽ: 56831083 -> 56745919
  BEST solution improved 56831083 -> 56745919 (vert_size 0, round 2001) *
DŽ: 56745919 -> 56745919
DŽ: 56745919 -> 56745919
DŽ: 56831083 -> 56745919
DŽ: 56873821 -> 57485613
DŽ: 56745919 -> 56745919
DŽ: 56745919 -> 56941685
DŽ: 56745919 -> 56745919
DŽ: 56745919 -> 56745919
DŽ: 57074305 -> 57369441
DŽ: 56745919 -> 56745919
DŽ: 56745919 -> 56745919
DŽ: 56873821 -> 57060875
DŽ: 56745919 -> 56745919
DŽ: 56936251 -> 57402782
DŽ: 56941685 -> 56941685
DŽ: 56912402 -> 56745919
DŽ: 56745919 -> 56745919
DŽ: 56745919 -> 56745919
DŽ: 56865109 -> 56865109
DŽ: 56745919 -> 56745919
DŽ: 56745919 -> 56745919
DŽ: 56745919 -> 56745919
DŽ: 56745919 -> 56745919
DŽ: 56865109 -> 56865109
DŽ: 56865109 -> 56865109
DŽ: 56745919 -> 56745919
DŽ: 56745919 -> 56745919
DŽ: 56865109 -> 56865109
DŽ: 56745919 -> 56745919
DŽ: 56745919 -> 56745919
DŽ: 56745919 -> 56745919
DŽ: 56745919 -> 56745919
DŽ: 56745919 -> 56955772
DŽ: 56745919 -> 56745919
DŽ: 56745919 -> 56745919
DŽ: 56745919 -> 56817061
DŽ: 56745919 -> 56745919
DŽ: 56745919 -> 56745919
DŽ: 56865109 -> 57060875
DŽ: 57060875 -> 57060875
DŽ: 57060875 -> 57065438
DŽ: 56865109 -> 56865109
DŽ: 56745919 -> 56745919
DŽ: 56745919 -> 56745919
DŽ: 56745919 -> 56745919
DŽ: 56831083 -> 56745919
DŽ: 56745919 -> 56745919
DŽ: 56745919 -> 56745919

 start over 50299 loops 179 unique solutions 
Approx + random 
DŽ: 63269643 -> 58135518
DŽ: 56873821 -> 56865109
DŽ: 56745919 -> 56745919
DŽ: 56745919 -> 56745919
DŽ: 56865109 -> 57187473
DŽ: 56745919 -> 56745919
DŽ: 56745919 -> 56745919
DŽ: 56831083 -> 56745919
DŽ: 56745919 -> 56745919
DŽ: 56912402 -> 56745919
DŽ: 56745919 -> 56745919
DŽ: 56865109 -> 56865109
DŽ: 56745919 -> 56750482
  BEST solution improved 56750482 -> 56688833 (vert_size 2, round 62433) *
  BEST solution improved 56688833 -> 56684270 (vert_size 1, round 62468) *
  BEST solution improved 56684270 -> 56677270 (vert_size 4, round 62505)
DŽ: 56677270 -> 56622581
  BEST solution improved 56677270 -> 56622581 (vert_size 0, round 63001) *
DŽ: 56622581 -> 56622581
DŽ: 56622581 -> 56622581
DŽ: 56745919 -> 56745919
DŽ: 56831083 -> 56745919
DŽ: 56622581 -> 56622581
DŽ: 56745919 -> 56941685
DŽ: 56745919 -> 56745919
DŽ: 56745919 -> 57188305
DŽ: 56750482 -> 56745919
DŽ: 56745919 -> 56941685
DŽ: 56622581 -> 56622581
DŽ: 56622581 -> 56622581
DŽ: 56622581 -> 56708687
DŽ: 56622581 -> 56622581
DŽ: 56622581 -> 56622581
DŽ: 56622581 -> 56622581
DŽ: 56745919 -> 56745919
DŽ: 56622581 -> 56622581
DŽ: 56622581 -> 56622581
DŽ: 56745919 -> 56941685
DŽ: 56622581 -> 56627144
DŽ: 56622581 -> 56622581
DŽ: 56622581 -> 56622581
DŽ: 56622581 -> 57148259
DŽ: 56622581 -> 56622581
DŽ: 56622581 -> 56622581
DŽ: 56622581 -> 56622581
DŽ: 56873821 -> 56865109
DŽ: 56622581 -> 56622581
DŽ: 56622581 -> 56622581
DŽ: 56745919 -> 56745919
DŽ: 56622581 -> 56622581
DŽ: 56622581 -> 56622581
DŽ: 56622581 -> 56622581
DŽ: 56622581 -> 56622581
DŽ: 56622581 -> 56622581
DŽ: 56622581 -> 56622581
DŽ: 57097443 -> 57089112

 start over 101288 loops 225 unique solutions 
Original + vert_size 13 
DŽ: 57357915 -> 57074305
DŽ: 56622581 -> 56622581
DŽ: 57097443 -> 56622581
DŽ: 56622581 -> 56622581
DŽ: 57045022 -> 57160245
DŽ: 56745919 -> 56745919
DŽ: 56622581 -> 56622581
DŽ: 57160245 -> 57160245
DŽ: 56967105 -> 57132017
DŽ: 56926798 -> 56990120
DŽ: 56622581 -> 56622581
DŽ: 56892208 -> 56865109
DŽ: 57160245 -> 57160245
DŽ: 56622581 -> 56622581
DŽ: 56887087 -> 56878539
DŽ: 56622581 -> 56622581
DŽ: 57132017 -> 57012827
DŽ: 56865109 -> 56865109
DŽ: 56622581 -> 56622581
DŽ: 56622581 -> 56622581
DŽ: 56622581 -> 56622581
DŽ: 56622581 -> 56622581
DŽ: 56785907 -> 56759349
DŽ: 56865109 -> 56865109
DŽ: 56622581 -> 56622581
DŽ: 56865109 -> 56865109
DŽ: 56622581 -> 56622581
DŽ: 56622581 -> 56622581
DŽ: 56785907 -> 56759349
DŽ: 56622581 -> 56622581
DŽ: 56622581 -> 56622581
DŽ: 56622581 -> 56622581
DŽ: 56622581 -> 56622581
DŽ: 56622581 -> 56622581
DŽ: 56882369 -> 56865109
DŽ: 56622581 -> 56622581
DŽ: 56622581 -> 56622581
DŽ: 56622581 -> 56622581
DŽ: 56759349 -> 57054485
DŽ: 56622581 -> 56622581
DŽ: 56622581 -> 56622581
DŽ: 56622581 -> 56622581
DŽ: 56622581 -> 56622581
DŽ: 56869019 -> 57060875
DŽ: 56622581 -> 56622581
DŽ: 56887087 -> 56878539

 start over 146319 loops 270 unique solutions 
Original + vert_size 0 
DŽ: 57357915 -> 57074305
DŽ: 56865109 -> 56865109
DŽ: 56622581 -> 56741771
DŽ: 56622581 -> 56622581
DŽ: 56622581 -> 56622581
DŽ: 56878539 -> 56817061
DŽ: 56741771 -> 56741771
DŽ: 56622581 -> 56622581
DŽ: 56887251 -> 57060875
DŽ: 56622581 -> 56622581
DŽ: 56622581 -> 56622581
DŽ: 56622581 -> 56622581
DŽ: 56887087 -> 57088392
DŽ: 56622581 -> 56622581
DŽ: 56622581 -> 56622581
DŽ: 56817061 -> 56817061
DŽ: 56622581 -> 56622581
DŽ: 56622581 -> 56622581
DŽ: 56622581 -> 56622581
DŽ: 56622581 -> 56622581
DŽ: 56741771 -> 56741771
DŽ: 56622581 -> 56622581
DŽ: 56622581 -> 56622581
DŽ: 56622581 -> 56622581
DŽ: 56622581 -> 56622581
DŽ: 56622581 -> 56622581
DŽ: 56622581 -> 56622581
DŽ: 56622581 -> 56622581
DŽ: 56622581 -> 56622581
DŽ: 56622581 -> 56622581
DŽ: 56622581 -> 56622581
DŽ: 56622581 -> 56622581
DŽ: 56622581 -> 56622581
DŽ: 56622581 -> 56622581
DŽ: 56622581 -> 56918540
DŽ: 56873821 -> 56865109
DŽ: 56622581 -> 56622581
DŽ: 56622581 -> 56832434
DŽ: 56622581 -> 56622581
DŽ: 56741771 -> 56741771
DŽ: 56622581 -> 56622581
DŽ: 56741771 -> 56741771
DŽ: 56622581 -> 56622581
DŽ: 56759349 -> 56969202
DŽ: 56622581 -> 56622581
DŽ: 56622581 -> 56622581
DŽ: 56622581 -> 56622581
DŽ: 56622581 -> 56622581
DŽ: 56622581 -> 56622581
DŽ: 56622581 -> 56622581
DŽ: 56622581 -> 56622581
DŽ: 56622581 -> 56622581
DŽ: 56622581 -> 56622581
DŽ: 56622581 -> 56622581
DŽ: 56865109 -> 56865109
DŽ: 56622581 -> 56622581
DŽ: 56622581 -> 56622581
DŽ: 56622581 -> 56622581

 start over 203524 loops 322 unique solutions 
Approx + random 
DŽ: 63269643 -> 57322986
DŽ: 56622581 -> 56622581
DŽ: 56622581 -> 56622581
DŽ: 56622581 -> 56767653
DŽ: 56622581 -> 56622581
DŽ: 56832434 -> 56622581
DŽ: 56622581 -> 56622581
DŽ: 56622581 -> 56622581
DŽ: 56622581 -> 56622581
DŽ: 56622581 -> 56622581
DŽ: 56878539 -> 57074305
DŽ: 56622581 -> 56622581
DŽ: 56622581 -> 56622581
DŽ: 56622581 -> 56622581
DŽ: 56622581 -> 56622581
DŽ: 56622581 -> 56622581
DŽ: 57045022 -> 56878539
DŽ: 56622581 -> 56622581
DŽ: 56767653 -> 56908794
DŽ: 56622581 -> 56622581
DŽ: 56622581 -> 56622581
DŽ: 56622581 -> 56622581
DŽ: 56908794 -> 56767653
DŽ: 56622581 -> 56622581
DŽ: 56622581 -> 56622581
DŽ: 56878539 -> 56878539
DŽ: 56622581 -> 56622581
DŽ: 56622581 -> 56622581
DŽ: 56622581 -> 56622581
DŽ: 56622581 -> 56622581
DŽ: 56873821 -> 56865109
DŽ: 56622581 -> 56622581
DŽ: 56622581 -> 56622581
DŽ: 56622581 -> 56622581
DŽ: 56622581 -> 56622581
DŽ: 56622581 -> 56622581
DŽ: 56622581 -> 56622581
DŽ: 56622581 -> 56622581
DŽ: 56622581 -> 56832434
DŽ: 56622581 -> 56622581
DŽ: 56878539 -> 57412937
DŽ: 56622581 -> 56622581
DŽ: 56622581 -> 56622581
DŽ: 56908794 -> 56767653
DŽ: 56622581 -> 56917717
DŽ: 56622581 -> 56622581
DŽ: 56622581 -> 56622581
DŽ: 56622581 -> 56622581
DŽ: 56622581 -> 56622581
DŽ: 57020914 -> 56941685
DŽ: 56622581 -> 56622581
DŽ: 56622581 -> 56622581
DŽ: 56622581 -> 56622581
DŽ: 56622581 -> 56622581
DŽ: 56622581 -> 56622581
DŽ: 56622581 -> 56622581
DŽ: 56622581 -> 56622581

 start over 259798 loops 373 unique solutions 
Original + vert_size 0 
DŽ: 57357915 -> 57074305
DŽ: 56622581 -> 56622581
DŽ: 56622581 -> 56622581
DŽ: 56622581 -> 56622581
DŽ: 56622581 -> 56622581
DŽ: 56622581 -> 56622581
DŽ: 56622581 -> 56622581
DŽ: 56622581 -> 56627144
DŽ: 56622581 -> 56622581
DŽ: 56622581 -> 56622581
DŽ: 56622581 -> 56622581
DŽ: 56622581 -> 56622581
DŽ: 56622581 -> 56627144
DŽ: 56622581 -> 56622581
DŽ: 56622581 -> 56622581
DŽ: 56622581 -> 56622581
DŽ: 56622581 -> 56622581
DŽ: 56622581 -> 56622581
DŽ: 56622581 -> 56622581
DŽ: 56622581 -> 56622581
DŽ: 56622581 -> 56622581
DŽ: 56622581 -> 56622581
DŽ: 56622581 -> 56622581
DŽ: 56622581 -> 56622581
DŽ: 56622581 -> 56622581
DŽ: 56622581 -> 56622581
DŽ: 56622581 -> 56622581
DŽ: 56622581 -> 56622581
DŽ: 56622581 -> 56622581
DŽ: 56622581 -> 56622581
DŽ: 56622581 -> 56622581
DŽ: 56622581 -> 56622581
DŽ: 56622581 -> 56622581
DŽ: 56622581 -> 56917717
DŽ: 56622581 -> 56622581
DŽ: 56702271 -> 56693723
DŽ: 56622581 -> 56622581
DŽ: 56622581 -> 56622581
DŽ: 56917717 -> 56917717
DŽ: 56622581 -> 56622581
DŽ: 56622581 -> 56622581
DŽ: 56622581 -> 56622581
DŽ: 56622581 -> 56622581
DŽ: 56636011 -> 56636011
DŽ: 56622581 -> 56622581
DŽ: 56622581 -> 56622581
DŽ: 56622581 -> 56693723
DŽ: 56658344 -> 56693723
DŽ: 56622581 -> 56622581
DŽ: 56622581 -> 56622581
DŽ: 56622581 -> 56622581
DŽ: 56622581 -> 56622581
DŽ: 56622581 -> 56622581
DŽ: 56622581 -> 56622581
DŽ: 56622581 -> 56622581
DŽ: 56622581 -> 56622581

 start over 314515 loops 424 unique solutions 
Approx + random 
DŽ: 63269643 -> 57748231
DŽ: 57748231 -> 57748231
DŽ: 56622581 -> 56622581
DŽ: 56622581 -> 56622581
DŽ: 56622581 -> 56622581
DŽ: 56622581 -> 56622581
DŽ: 57348392 -> 57243899
DŽ: 57348392 -> 57243899
DŽ: 56622581 -> 56622581
DŽ: 56622581 -> 56622581
DŽ: 57558309 -> 57243899
DŽ: 57118545 -> 56865109
DŽ: 56622581 -> 56622581
DŽ: 56622581 -> 56622581
DŽ: 56622581 -> 56622581
DŽ: 56622581 -> 56622581
DŽ: 56865109 -> 56865109
DŽ: 56622581 -> 56622581
DŽ: 56865109 -> 56865109
DŽ: 56622581 -> 56622581
DŽ: 56622581 -> 56622581
DŽ: 56622581 -> 56622581
DŽ: 57152328 -> 57036546
DŽ: 57685801 -> 57439665
DŽ: 56622581 -> 56622581
DŽ: 56622581 -> 56622581
DŽ: 56622581 -> 56622581
DŽ: 56865109 -> 56865109
DŽ: 56622581 -> 56622581
DŽ: 56622581 -> 56622581
DŽ: 56622581 -> 56622581
DŽ: 56622581 -> 56622581
DŽ: 56865109 -> 56865109
DŽ: 57036546 -> 57036546
DŽ: 56622581 -> 56622581
DŽ: 56622581 -> 56622581
DŽ: 56622581 -> 56622581
DŽ: 56865109 -> 56865109
DŽ: 56622581 -> 56622581
DŽ: 56959153 -> 56745919
DŽ: 56622581 -> 56622581
DŽ: 56622581 -> 56693723

 start over 355767 loops 469 unique solutions 
Approx + random 
DŽ: 63269643 -> 58065349
DŽ: 56622581 -> 56622581
DŽ: 56622581 -> 56622581
DŽ: 56947082 -> 56865109
DŽ: 56865109 -> 56745919
DŽ: 56865109 -> 56865109
DŽ: 56865109 -> 56865109
DŽ: 56865109 -> 56865109
DŽ: 56865109 -> 56865109
DŽ: 56622581 -> 56622581
DŽ: 56622581 -> 56622581
DŽ: 56622581 -> 56622581
DŽ: 56865109 -> 56865109
DŽ: 56865109 -> 56865109
DŽ: 56622581 -> 56622581
DŽ: 56622581 -> 56622581
DŽ: 56622581 -> 56622581
DŽ: 56865109 -> 56865109
DŽ: 56865109 -> 56865109
DŽ: 56622581 -> 56622581
DŽ: 56865109 -> 56865109
DŽ: 56865109 -> 56865109
DŽ: 56865109 -> 56936251
DŽ: 56622581 -> 56622581
DŽ: 57735843 -> 57490913
DŽ: 56622581 -> 56622581
DŽ: 56622581 -> 56622581
DŽ: 56622581 -> 56622581
DŽ: 56622581 -> 56622581
DŽ: 56622581 -> 56622581
DŽ: 56622581 -> 56622581
DŽ: 56622581 -> 56622581
DŽ: 56622581 -> 56622581
DŽ: 56892208 -> 56865109
DŽ: 56905097 -> 56936251
DŽ: 56622581 -> 56622581
DŽ: 56622581 -> 57535769
DŽ: 56622581 -> 56622581
DŽ: 56622581 -> 56622581

 start over 393875 loops 511 unique solutions 
Original + vert_size 0 
DŽ: 57357915 -> 57074305
DŽ: 56622581 -> 56622581
DŽ: 56622581 -> 56622581
DŽ: 56622581 -> 56622581
DŽ: 56622581 -> 56622581
DŽ: 56936251 -> 57160245
DŽ: 57160245 -> 57160245
DŽ: 56936251 -> 56936251
DŽ: 57735843 -> 57490913
DŽ: 56622581 -> 56622581
DŽ: 56622581 -> 56622581
DŽ: 56991679 -> 56865109
DŽ: 56622581 -> 56622581
DŽ: 56622581 -> 56622581
DŽ: 56622581 -> 56622581
DŽ: 56745919 -> 56941685
DŽ: 56622581 -> 56622581
DŽ: 56622581 -> 56622581
DŽ: 56622581 -> 56622581
DŽ: 56622581 -> 56622581
DŽ: 56622581 -> 56622581
DŽ: 56622581 -> 56622581
DŽ: 56622581 -> 56622581
DŽ: 56622581 -> 56622581
DŽ: 56622581 -> 56622581
DŽ: 56622581 -> 57051246
DŽ: 56622581 -> 56622581
DŽ: 56745919 -> 56745919
DŽ: 56622581 -> 56622581
DŽ: 56622581 -> 56622581
DŽ: 56878539 -> 56745919
DŽ: 56622581 -> 56622581
DŽ: 56865109 -> 56865109
DŽ: 56622581 -> 56622581
DŽ: 56745919 -> 56745919
DŽ: 56873821 -> 56865109
DŽ: 56622581 -> 56622581
DŽ: 56622581 -> 56622581
DŽ: 56622581 -> 56622581
DŽ: 56622581 -> 56622581
DŽ: 56622581 -> 56622581
DŽ: 56745919 -> 56745919
DŽ: 56622581 -> 56622581
DŽ: 56745919 -> 56745919
DŽ: 56622581 -> 56622581
DŽ: 56622581 -> 56622581
DŽ: 56622581 -> 56622581

 start over 439638 loops 554 unique solutions 
Approx + random 
DŽ: 63269643 -> 57997829
DŽ: 56912402 -> 56745919
DŽ: 56745919 -> 56745919
DŽ: 56622581 -> 56622581
DŽ: 56622581 -> 57064967
DŽ: 56622581 -> 56622581
DŽ: 57705719 -> 57356141
DŽ: 56622581 -> 56622581
DŽ: 56622581 -> 56622581
DŽ: 56622581 -> 56622581
DŽ: 56745919 -> 56745919
DŽ: 56745919 -> 56745919
DŽ: 56622581 -> 56622581
DŽ: 57841522 -> 57841522
DŽ: 56622581 -> 56622581
DŽ: 56622581 -> 56917717
DŽ: 57516814 -> 57331987
DŽ: 56745919 -> 56745919
DŽ: 56745919 -> 56745919
DŽ: 56622581 -> 56622581
DŽ: 56622581 -> 56622581
DŽ: 56622581 -> 56622581
DŽ: 56622581 -> 56622581
DŽ: 56622581 -> 56622581
DŽ: 56644723 -> 56636011
DŽ: 56622581 -> 56622581
DŽ: 56622581 -> 56622581
DŽ: 56745919 -> 56745919
DŽ: 57519948 -> 57356141
DŽ: 56622581 -> 56622581
DŽ: 56622581 -> 56622581
DŽ: 56622581 -> 56622581
DŽ: 56622581 -> 56622581
DŽ: 57331987 -> 57331987
DŽ: 56622581 -> 56622581
DŽ: 56622581 -> 56622581
DŽ: 56622581 -> 56832434
DŽ: 56622581 -> 56622581
DŽ: 56622581 -> 56622581
DŽ: 57505084 -> 57356141
DŽ: 56622581 -> 56622581
DŽ: 56745919 -> 56745919
DŽ: 57356141 -> 57356141
DŽ: 56745919 -> 56745919
DŽ: 56622581 -> 56622581
DŽ: 56622581 -> 56622581
DŽ: 56622581 -> 56622581

 start over 485360 loops 600 unique solutions 
Original + vert_size 0 
DŽ: 57357915 -> 57074305
DŽ: 56745919 -> 56745919
DŽ: 56745919 -> 56941685
DŽ: 57516814 -> 57356141
DŽ: 56622581 -> 56622581
DŽ: 56745919 -> 57278136
DŽ: 56622581 -> 56622581
DŽ: 56745919 -> 56745919
DŽ: 56622581 -> 56622581
DŽ: 57095585 -> 56955772
DŽ: 56622581 -> 56622581
DŽ: 56622581 -> 56622581
DŽ: 56622581 -> 56622581
DŽ: 56622581 -> 56622581
DŽ: 56745919 -> 56745919
DŽ: 56622581 -> 56622581
DŽ: 56622581 -> 56622581
DŽ: 56745919 -> 56745919
DŽ: 56622581 -> 56622581
DŽ: 56622581 -> 56622581
DŽ: 56745919 -> 56745919
DŽ: 56622581 -> 56622581
DŽ: 56622581 -> 57001371
DŽ: 56745919 -> 56745919
DŽ: 56745919 -> 56745919
DŽ: 56704554 -> 56622581
DŽ: 56622581 -> 56622581
DŽ: 56704554 -> 56622581
DŽ: 56622581 -> 56622581
DŽ: 56622581 -> 56622581
DŽ: 56622581 -> 56622581
DŽ: 56745919 -> 56745919
DŽ: 56622581 -> 56622581
DŽ: 56745919 -> 56941685
DŽ: 56745919 -> 56745919
DŽ: 56622581 -> 56622581
DŽ: 56804518 -> 56745919
DŽ: 56745919 -> 56946248
DŽ: 56622581 -> 56622581
DŽ: 56622581 -> 56622581
DŽ: 56622581 -> 56622581
DŽ: 56745919 -> 56745919
DŽ: 56622581 -> 56622581
DŽ: 56745919 -> 56745919
DŽ: 56745919 -> 56955772
DŽ: 56622581 -> 56622581
DŽ: 56622581 -> 56622581
DŽ: 56622581 -> 56622581
DŽ: 56622581 -> 56622581
DŽ: 56622581 -> 56622581
DŽ: 56745919 -> 56745919
DŽ: 56622581 -> 56622581
DŽ: 56622581 -> 56622581

 start over 537848 loops 647 unique solutions 
Original + vert_size 13 
DŽ: 57357915 -> 57078868
DŽ: 56622581 -> 56622581
DŽ: 56622581 -> 56622581
DŽ: 56622581 -> 56622581
DŽ: 56622581 -> 56622581
DŽ: 56745919 -> 56745919
DŽ: 56745919 -> 56745919
DŽ: 56745919 -> 56745919
DŽ: 56745919 -> 56745919
DŽ: 56622581 -> 56622581
DŽ: 56622581 -> 56622581
DŽ: 56745919 -> 56745919
DŽ: 56622581 -> 56622581
DŽ: 56622581 -> 56622581
DŽ: 56745919 -> 56745919
DŽ: 56745919 -> 56745919
DŽ: 56622581 -> 56622581
DŽ: 56745919 -> 56817061
DŽ: 56622581 -> 56622581
DŽ: 56745919 -> 56745919
DŽ: 56745919 -> 57118526
DŽ: 56745919 -> 56745919
DŽ: 56622581 -> 56622581
DŽ: 56622581 -> 56622581
DŽ: 56622581 -> 56622581
DŽ: 56745919 -> 56745919
DŽ: 56622581 -> 56622581
DŽ: 56622581 -> 56622581
DŽ: 56622581 -> 56622581
DŽ: 56622581 -> 56741771
DŽ: 56745919 -> 56745919
DŽ: 56622581 -> 57089112
DŽ: 56622581 -> 56908794
DŽ: 56622581 -> 56622581
DŽ: 56622581 -> 56622581
DŽ: 56745919 -> 56745919
DŽ: 56622581 -> 56622581
DŽ: 56745919 -> 56745919
DŽ: 56622581 -> 56622581
DŽ: 56622581 -> 56622581
DŽ: 56622581 -> 56622581
DŽ: 56745919 -> 56750482
DŽ: 56622581 -> 56622581
DŽ: 56622581 -> 56622581
DŽ: 56622581 -> 56622581
DŽ: 56622581 -> 56622581
DŽ: 56745919 -> 56745919
DŽ: 56741771 -> 56741771
DŽ: 56622581 -> 56622581
DŽ: 56622581 -> 56622581
DŽ: 56622581 -> 56622581
DŽ: 56622581 -> 56622581
DŽ: 56622581 -> 56622581
DŽ: 57118526 -> 57118526

 start over 590817 loops 706 unique solutions 
Approx + random 
DŽ: 63269643 -> 58326046
DŽ: 56622581 -> 56622581
DŽ: 58102277 -> 58102277
DŽ: 57383628 -> 57292943
DŽ: 56745919 -> 56745919
DŽ: 56622581 -> 56622581
DŽ: 56745919 -> 56745919
DŽ: 57186352 -> 57186352
DŽ: 56950872 -> 56950872
DŽ: 57027850 -> 57027850
DŽ: 57041280 -> 57041280
DŽ: 56950872 -> 56950872
DŽ: 57027850 -> 57027850
DŽ: 56745919 -> 56745919
DŽ: 56745919 -> 56745919
DŽ: 56622581 -> 56622581
DŽ: 56745919 -> 56750482
DŽ: 57036562 -> 57027850
DŽ: 57041280 -> 57336416
DŽ: 57541888 -> 57126886

 start over 609464 loops 740 unique solutions 
Approx + random 
DŽ: 63269643 -> 58325800
DŽ: 57690889 -> 57382654
DŽ: 57734211 -> 57382654
DŽ: 56622581 -> 56622581
DŽ: 57481258 -> 57186352
DŽ: 56622581 -> 56622581
DŽ: 56622581 -> 56622581
DŽ: 56622581 -> 56622581
DŽ: 58098211 -> 57346954
DŽ: 57059615 -> 57027850
DŽ: 56622581 -> 56622581
DŽ: 56622581 -> 56622581
DŽ: 57186352 -> 57172922
DŽ: 56622581 -> 56622581
DŽ: 57689612 -> 57456515
DŽ: 56622581 -> 56622581
DŽ: 57186352 -> 57172922
DŽ: 57805274 -> 57382654
DŽ: 56622581 -> 56622581
DŽ: 57027850 -> 57027850
DŽ: 57172922 -> 57172922

 start over 629056 loops 759 unique solutions 
Original + vert_size 0 
DŽ: 57357915 -> 57074305
DŽ: 56622581 -> 56622581
DŽ: 56622581 -> 56622581
DŽ: 57689612 -> 57489245
DŽ: 56873821 -> 56865109
DŽ: 56622581 -> 56622581
DŽ: 57712963 -> 57346954
DŽ: 57682612 -> 57382654
DŽ: 56622581 -> 56622581
DŽ: 57682612 -> 57489245
DŽ: 56622581 -> 56622581
DŽ: 56873821 -> 57060875
DŽ: 56622581 -> 56622581
DŽ: 56622581 -> 56622581
DŽ: 56622581 -> 56622581
DŽ: 56622581 -> 56622581
DŽ: 56622581 -> 56622581
DŽ: 56622581 -> 56622581
DŽ: 56873821 -> 56865109
DŽ: 56622581 -> 56622581
DŽ: 56622581 -> 56622581
DŽ: 56873821 -> 56865109
DŽ: 56873821 -> 57354474
DŽ: 56622581 -> 56622581
DŽ: 56622581 -> 56622581
DŽ: 56622581 -> 56622581
DŽ: 56622581 -> 56622581
DŽ: 56622581 -> 56622581
DŽ: 56622581 -> 56622581
DŽ: 56622581 -> 56627144
DŽ: 56622581 -> 56622581
DŽ: 56622581 -> 56622581
DŽ: 57382654 -> 57382654
DŽ: 56622581 -> 56622581
DŽ: 56622581 -> 57064967
DŽ: 56622581 -> 56622581
DŽ: 56622581 -> 56622581
DŽ: 56873821 -> 56865109
DŽ: 56622581 -> 56622581
DŽ: 56622581 -> 56622581
DŽ: 56622581 -> 56622581
DŽ: 56627144 -> 56627144
DŽ: 56622581 -> 56622581
DŽ: 56622581 -> 56622581
DŽ: 56622581 -> 56622581
DŽ: 56622581 -> 56622581
DŽ: 56622581 -> 56622581
DŽ: 56622581 -> 56622581
DŽ: 56622581 -> 56622581
DŽ: 56622581 -> 56622581
DŽ: 56622581 -> 56622581
DŽ: 56622581 -> 56622581
DŽ: 56622581 -> 56622581
DŽ: 56622581 -> 56622581
DŽ: 56622581 -> 56622581
DŽ: 56622581 -> 56622581
DŽ: 56622581 -> 56622581
DŽ: 56865109 -> 57074962
DŽ: 56622581 -> 56622581
DŽ: 56622581 -> 56622581
DŽ: 56622581 -> 56622581
DŽ: 56622581 -> 56622581
DŽ: 56873821 -> 56745919

 start over 691114 loops 788 unique solutions 
Original + vert_size 0 
DŽ: 57357915 -> 57074305
DŽ: 56622581 -> 57064967
DŽ: 56622581 -> 56622581
DŽ: 56622581 -> 56622581
DŽ: 56622581 -> 56622581
DŽ: 57382654 -> 57382654
DŽ: 56622581 -> 56622581
DŽ: 56622581 -> 56622581
DŽ: 56622581 -> 56622581
DŽ: 56622581 -> 56622581
DŽ: 56622581 -> 56622581
DŽ: 56873821 -> 56941685
DŽ: 57074305 -> 57465572
DŽ: 56622581 -> 56622581
DŽ: 56622581 -> 56622581
DŽ: 56865109 -> 56865109
DŽ: 56622581 -> 56622581
DŽ: 56622581 -> 56622581
DŽ: 56622581 -> 56622581
DŽ: 56622581 -> 56622581
DŽ: 56622581 -> 56622581
DŽ: 56622581 -> 56622581
DŽ: 56941685 -> 56941685
DŽ: 57074305 -> 57074305
DŽ: 56622581 -> 56622581
DŽ: 56875199 -> 56745919
DŽ: 56622581 -> 56622581
DŽ: 56622581 -> 56622581
DŽ: 56622581 -> 56622581
DŽ: 56622581 -> 56622581
DŽ: 56622581 -> 56622581
DŽ: 56622581 -> 56622581
DŽ: 56622581 -> 56622581
DŽ: 56622581 -> 56622581
DŽ: 56873821 -> 56865109
DŽ: 56873821 -> 56865109
DŽ: 56622581 -> 56622581
DŽ: 56622581 -> 56622581
DŽ: 56622581 -> 56622581
DŽ: 56622581 -> 56622581
DŽ: 56868199 -> 56865109
DŽ: 56865109 -> 56745919
DŽ: 56622581 -> 56622581

 start over 733181 loops 841 unique solutions 
Approx + random 
DŽ: 63269643 -> 58312295
DŽ: 56622581 -> 56622581
DŽ: 56622581 -> 56622581
DŽ: 56622581 -> 56622581
DŽ: 56868199 -> 56865109
DŽ: 56622581 -> 56622581
DŽ: 56622581 -> 56622581
DŽ: 56745919 -> 56745919
DŽ: 56873821 -> 57439665
DŽ: 56622581 -> 56622581
DŽ: 56745919 -> 56745919
DŽ: 56937138 -> 56878539
DŽ: 56622581 -> 56622581
DŽ: 56622581 -> 56622581
DŽ: 57283591 -> 56865109
DŽ: 56622581 -> 56708687
DŽ: 56622581 -> 56622581
DŽ: 56708687 -> 56622581
DŽ: 56622581 -> 56622581
DŽ: 56622581 -> 56622581
DŽ: 56878539 -> 56941685
DŽ: 56622581 -> 56622581
DŽ: 56622581 -> 56622581
DŽ: 56622581 -> 56622581
DŽ: 56622581 -> 56622581
DŽ: 56745919 -> 56745919
DŽ: 56622581 -> 56622581
DŽ: 56745919 -> 57041055
DŽ: 56622581 -> 56622581
DŽ: 56745919 -> 56745919
DŽ: 56877207 -> 56759349
DŽ: 56622581 -> 57156979
DŽ: 56745919 -> 56745919
DŽ: 56622581 -> 56622581
DŽ: 56745919 -> 56745919
DŽ: 56622581 -> 56622581
DŽ: 56622581 -> 56622581
DŽ: 56622581 -> 56622581
DŽ: 56754631 -> 56745919
DŽ: 56622581 -> 56622581
DŽ: 56622581 -> 56622581
DŽ: 56622581 -> 56622581

 start over 774396 loops 887 unique solutions 
Original + vert_size 0 
DŽ: 57357915 -> 57074305
DŽ: 56622581 -> 56622581
DŽ: 56622581 -> 56622581
DŽ: 56745919 -> 56745919
DŽ: 56622581 -> 56622581
DŽ: 56622581 -> 56622581
DŽ: 56622581 -> 56622581
DŽ: 56745919 -> 56745919
DŽ: 56622581 -> 56622581
DŽ: 56622581 -> 56627144
DŽ: 56622581 -> 56622581
DŽ: 56622581 -> 56622581
DŽ: 56745919 -> 56745919
DŽ: 56745919 -> 57280317
DŽ: 56745919 -> 56745919
DŽ: 56622581 -> 56622581
DŽ: 56745919 -> 56745919
DŽ: 56745919 -> 56745919
DŽ: 56622581 -> 56622581
DŽ: 56622581 -> 56622581
DŽ: 56627144 -> 56622581
DŽ: 56745919 -> 56745919
DŽ: 56745919 -> 56745919
DŽ: 56745919 -> 57328379
DŽ: 56745919 -> 56745919
DŽ: 56622581 -> 56622581
DŽ: 56745919 -> 56745919
DŽ: 56622581 -> 56622581
DŽ: 56745919 -> 56745919
DŽ: 56745919 -> 56745919
DŽ: 56745919 -> 56745919
DŽ: 57187238 -> 57187238
DŽ: 56622581 -> 56622581
DŽ: 56622581 -> 56622581
DŽ: 56627144 -> 56941685
DŽ: 56622581 -> 56622581
DŽ: 56622581 -> 56622581
DŽ: 56745919 -> 56745919
DŽ: 56745919 -> 57212450
DŽ: 56622581 -> 57001371
DŽ: 56745919 -> 56955772
DŽ: 56622581 -> 56944945

 start over 815370 loops 932 unique solutions 
Original + vert_size 0 
DŽ: 57357915 -> 57074305
DŽ: 56745919 -> 56745919
DŽ: 56745919 -> 56745919
DŽ: 56622581 -> 56622581
DŽ: 57187238 -> 57187238
DŽ: 56745919 -> 56941685
DŽ: 56622581 -> 56622581
DŽ: 56745919 -> 56745919
DŽ: 56745919 -> 56745919
DŽ: 56622581 -> 56622581
DŽ: 56745919 -> 56745919
DŽ: 56745919 -> 56745919
DŽ: 56622581 -> 56622581
DŽ: 56760783 -> 56745919
DŽ: 56622581 -> 56622581
DŽ: 56622581 -> 56622581
DŽ: 56745919 -> 56745919
DŽ: 56622581 -> 56622581
DŽ: 56745919 -> 57051246
DŽ: 56760783 -> 56745919
DŽ: 56760783 -> 56745919
DŽ: 56745919 -> 57124709
DŽ: 56745919 -> 56745919
DŽ: 56622581 -> 56622581
DŽ: 56622581 -> 56622581
DŽ: 56754467 -> 57041055
DŽ: 56745919 -> 56745919
DŽ: 56622581 -> 56622581
DŽ: 56745919 -> 56745919
DŽ: 56622581 -> 56622581
DŽ: 56804518 -> 56745919
DŽ: 56745919 -> 56745919
DŽ: 56622581 -> 56622581
DŽ: 56760783 -> 56745919
DŽ: 56745919 -> 57250251
DŽ: 57124709 -> 57124709
DŽ: 56622581 -> 56622581

 start over 851990 loops 959 unique solutions 
Approx + random 
DŽ: 63269643 -> 57973727
DŽ: 56622581 -> 56622581
DŽ: 56622581 -> 56622581
DŽ: 56622581 -> 56622581
DŽ: 56760783 -> 56745919
DŽ: 57187238 -> 57187238
DŽ: 57187238 -> 57187238
DŽ: 56745919 -> 56745919
DŽ: 56622581 -> 56622581
DŽ: 56622581 -> 56917717
DŽ: 56622581 -> 56622581
DŽ: 56745919 -> 56817061
DŽ: 56622581 -> 56622581
DŽ: 56839963 -> 56745919
DŽ: 56622581 -> 56622581
DŽ: 56622581 -> 56622581
DŽ: 56622581 -> 56622581
DŽ: 56745919 -> 56745919
DŽ: 56622581 -> 56622581
DŽ: 56622581 -> 56622581
DŽ: 56622581 -> 56622581
DŽ: 56917717 -> 56917717
DŽ: 56622581 -> 56622581
DŽ: 56653107 -> 56622581
DŽ: 56622581 -> 56622581
DŽ: 56762581 -> 56636011
DŽ: 56745919 -> 56745919
DŽ: 56745919 -> 56745919
DŽ: 56622581 -> 56622581
DŽ: 56622581 -> 56627144
DŽ: 56622581 -> 56622581
DŽ: 56745919 -> 56745919
DŽ: 56622581 -> 56832434
DŽ: 56636011 -> 56636011
DŽ: 56622581 -> 56622581
DŽ: 56745919 -> 56745919
DŽ: 56622581 -> 56622581
DŽ: 56745919 -> 56745919
DŽ: 56622581 -> 56622581
DŽ: 56745919 -> 56745919
DŽ: 56622581 -> 56622581
DŽ: 56745919 -> 56745919
DŽ: 56622581 -> 56622581
DŽ: 56773018 -> 57068283

 start over 894635 loops 1001 unique solutions 
Original + vert_size 0 
DŽ: 57357915 -> 57074305
DŽ: 56622581 -> 56622581
DŽ: 56622581 -> 56622581
DŽ: 56622581 -> 56622581
DŽ: 56622581 -> 56622581
DŽ: 56937138 -> 57160245
DŽ: 57160245 -> 57160245
DŽ: 56622581 -> 56693723
DŽ: 56622581 -> 56622581
DŽ: 56745919 -> 56745919
DŽ: 56622581 -> 56622581
DŽ: 56622581 -> 56622581
DŽ: 56622581 -> 56627144
DŽ: 56622581 -> 56622581
DŽ: 56745919 -> 56745919
DŽ: 56622581 -> 56622581
DŽ: 56622581 -> 56622581
DŽ: 56745919 -> 56832025
DŽ: 56865109 -> 56865109
DŽ: 56745919 -> 56941685
DŽ: 56622581 -> 56622581
DŽ: 56745919 -> 56745919
DŽ: 57160245 -> 56936251
DŽ: 56622581 -> 56622581
DŽ: 56622581 -> 56832434
DŽ: 56745919 -> 56745919
DŽ: 56745919 -> 56745919
DŽ: 56622581 -> 56622581
DŽ: 56745919 -> 57484264
DŽ: 56745919 -> 57002190
DŽ: 56745919 -> 56745919
DŽ: 56622581 -> 56622581
DŽ: 56622581 -> 56622581
DŽ: 56622581 -> 56622581
DŽ: 56745919 -> 56745919
DŽ: 56622581 -> 56622581
DŽ: 56622581 -> 56622581
DŽ: 56622581 -> 56622581
DŽ: 56622581 -> 56622581
DŽ: 56912402 -> 56745919
DŽ: 56745919 -> 56745919
DŽ: 56622581 -> 56622581
DŽ: 56622581 -> 56622581
DŽ: 56622581 -> 56622581
DŽ: 56622581 -> 56622581
DŽ: 56745919 -> 56745919
DŽ: 56622581 -> 56622581
DŽ: 56622581 -> 56622581
DŽ: 56622581 -> 56622581
DŽ: 56622581 -> 56622581
DŽ: 56865109 -> 56865109
DŽ: 56745919 -> 56745919
DŽ: 56622581 -> 56622581
DŽ: 56622581 -> 56622581

 start over 947360 loops 1053 unique solutions 
Original + vert_size 0 
DŽ: 57357915 -> 57074305
DŽ: 56622581 -> 56622581
DŽ: 56622581 -> 56622581
DŽ: 57160245 -> 57160245
DŽ: 56622581 -> 56622581
DŽ: 56865109 -> 56865109
DŽ: 56622581 -> 56622581
DŽ: 56622581 -> 56622581
DŽ: 56622581 -> 56836997
DŽ: 56622581 -> 56622581
DŽ: 56622581 -> 56622581
DŽ: 56622581 -> 56767653
DŽ: 57074305 -> 57074305
DŽ: 56622581 -> 56622581
DŽ: 56622581 -> 56622581
DŽ: 56622581 -> 56622581
DŽ: 56622581 -> 56622581
DŽ: 56622581 -> 56622581
DŽ: 56622581 -> 56931147
DŽ: 56622581 -> 56622581
DŽ: 56622581 -> 56622581
DŽ: 56622581 -> 56622581
DŽ: 56622581 -> 56622581
DŽ: 56622581 -> 56622581
DŽ: 56865109 -> 56865109
DŽ: 56865109 -> 56865109
DŽ: 56622581 -> 56622581
DŽ: 56622581 -> 56622581
DŽ: 56878539 -> 56865109
DŽ: 56622581 -> 56622581
DŽ: 56622581 -> 56622581
DŽ: 56622581 -> 56622581
DŽ: 56622581 -> 56622581
DŽ: 56622581 -> 56622581
DŽ: 56873821 -> 56865109
DŽ: 56622581 -> 56622581
DŽ: 56622581 -> 56622581
DŽ: 56622581 -> 56622581
DŽ: 56622581 -> 56622581
DŽ: 56622581 -> 56622581
DŽ: 56873821 -> 57060875
DŽ: 56865109 -> 57060875
DŽ: 56622581 -> 56622581
DŽ: 56622581 -> 56622581
DŽ: 56622581 -> 56622581

 start over 991481 loops 1099 unique solutions 
Original + vert_size 0 
DŽ: 57357915 -> 57074305
DŽ: 56622581 -> 56622581
DŽ: 56622581 -> 56622581
DŽ: 56622581 -> 56622581
DŽ: 56622581 -> 56622581
DŽ: 56622581 -> 56622581
DŽ: 56832434 -> 56832434
DŽ: 56622581 -> 56622581
DŽ: 56622581 -> 56622581
DŽ: 56832434 -> 56832434
DŽ: 56622581 -> 56622581
DŽ: 57014052 -> 56865109
DŽ: 56767653 -> 56767653
DŽ: 56622581 -> 56622581
DŽ: 56865109 -> 56865109
DŽ: 56622581 -> 56741771
DŽ: 56865109 -> 56865109
DŽ: 56878539 -> 56865109
DŽ: 56622581 -> 56622581
DŽ: 56865109 -> 56865109
DŽ: 56622581 -> 56622581
DŽ: 56741771 -> 56741771
DŽ: 56865109 -> 56865109
DŽ: 56622581 -> 56622581
DŽ: 56622581 -> 56622581
DŽ: 56622581 -> 56708687
DŽ: 56622581 -> 56622581
DŽ: 56622581 -> 56622581
DŽ: 56865109 -> 56865109
DŽ: 56741771 -> 56741771
DŽ: 56622581 -> 56622581
DŽ: 56622581 -> 56622581
DŽ: 56865109 -> 56865109
DŽ: 56622581 -> 56622581
DŽ: 56622581 -> 56622581
DŽ: 56832434 -> 56832434
DŽ: 56865109 -> 56865109
DŽ: 56865109 -> 56865109

 start over 1028098 loops 1137 unique solutions 
Approx + random 
DŽ: 63269643 -> 58354028
DŽ: 57911642 -> 57292067
DŽ: 56622581 -> 56622581
DŽ: 56622581 -> 56622581
DŽ: 56741771 -> 56746334
DŽ: 56622581 -> 56622581
DŽ: 56622581 -> 56622581
DŽ: 56622581 -> 56622581
DŽ: 56746334 -> 56817476
DŽ: 56622581 -> 56622581
DŽ: 57029059 -> 57029059
DŽ: 56622581 -> 56622581
DŽ: 56622581 -> 57064967
DŽ: 56622581 -> 56622581
DŽ: 56622581 -> 56622581
DŽ: 57029059 -> 57029059
DŽ: 56622581 -> 56622581
DŽ: 56989743 -> 57027791
DŽ: 56622581 -> 56622581
DŽ: 56622581 -> 56622581
DŽ: 56971347 -> 56745919
DŽ: 56622581 -> 56622581
DŽ: 56741771 -> 57060875
DŽ: 56622581 -> 56622581
DŽ: 56745919 -> 56745919
DŽ: 57212761 -> 57167717
DŽ: 56622581 -> 56622581
DŽ: 56745919 -> 56941685
DŽ: 56622581 -> 56622581
DŽ: 56622581 -> 56622581
DŽ: 56745919 -> 56745919
DŽ: 56622581 -> 56622581
DŽ: 56622581 -> 56622581
DŽ: 56746334 -> 56746334
DŽ: 56622581 -> 56622581
DŽ: 56980059 -> 56832025
DŽ: 56745919 -> 56745919
DŽ: 57060875 -> 57096575
DŽ: 56971347 -> 56832025
DŽ: 56622581 -> 56622581
DŽ: 56832025 -> 56745919
DŽ: 56741771 -> 57060875
DŽ: 56622581 -> 56622581

 start over 1070685 loops 1181 unique solutions 
Original + vert_size 0 
DŽ: 57357915 -> 57074305
DŽ: 56622581 -> 56622581
DŽ: 56622581 -> 56622581
DŽ: 56622581 -> 56622581
DŽ: 56741771 -> 56741771
DŽ: 56745919 -> 56745919
DŽ: 56622581 -> 56622581
DŽ: 56741771 -> 57064135
DŽ: 56622581 -> 56622581
DŽ: 56622581 -> 56622581
DŽ: 56622581 -> 56622581
DŽ: 56622581 -> 56622581
DŽ: 56862219 -> 56741771
DŽ: 56862219 -> 56944945
DŽ: 57074305 -> 57074305
DŽ: 56622581 -> 56622581
DŽ: 57261761 -> 57167717
DŽ: 56862219 -> 56741771
DŽ: 56622581 -> 56622581
DŽ: 56622581 -> 56622581
DŽ: 56622581 -> 56622581
DŽ: 56622581 -> 56622581
DŽ: 56622581 -> 56622581
DŽ: 56622581 -> 56622581
DŽ: 56622581 -> 56622581
DŽ: 56741771 -> 56741771
DŽ: 56622581 -> 56622581
DŽ: 56622581 -> 56622581
DŽ: 56622581 -> 56622581
DŽ: 56622581 -> 56622581
DŽ: 57074305 -> 57074305
DŽ: 56745919 -> 56745919
DŽ: 56944945 -> 56944945
DŽ: 56622581 -> 56622581
DŽ: 56741771 -> 56741771
DŽ: 56622581 -> 56622581
DŽ: 56622581 -> 56622581
DŽ: 56622581 -> 56622581
DŽ: 56622581 -> 56622581
DŽ: 56622581 -> 56622581
DŽ: 56622581 -> 56622581
DŽ: 56622581 -> 56622581
DŽ: 56741771 -> 56741771
DŽ: 56641946 -> 56627144
DŽ: 56627144 -> 56627144
DŽ: 56741771 -> 56622581
DŽ: 56622581 -> 56622581
DŽ: 56741771 -> 56622581
DŽ: 56622581 -> 56622581
DŽ: 57045022 -> 56878539

 start over 1119457 loops 1217 unique solutions 
Approx + random 
DŽ: 63269643 -> 58291825
DŽ: 56622581 -> 56622581
DŽ: 57663357 -> 57361105
DŽ: 57672820 -> 57210318
DŽ: 56622581 -> 56622581
DŽ: 57174169 -> 57784044
DŽ: 56622581 -> 56622581
DŽ: 57174169 -> 57405141
DŽ: 57167717 -> 57167717
DŽ: 57509435 -> 57139176
DŽ: 56865109 -> 56865109
DŽ: 56622581 -> 56622581
DŽ: 56622581 -> 56622581
DŽ: 56622581 -> 56693723
DŽ: 57139176 -> 57139176
DŽ: 56622581 -> 56622581
DŽ: 57486993 -> 57139176
DŽ: 57167717 -> 57167717
DŽ: 56961050 -> 56941685
DŽ: 56622581 -> 56622581
DŽ: 57114962 -> 57096575
DŽ: 56622581 -> 56622581

 start over 1140373 loops 1261 unique solutions 
Approx + random 
DŽ: 63269643 -> 58697652
DŽ: 56865109 -> 56865109
DŽ: 56941685 -> 56941685
DŽ: 57784044 -> 57532590
DŽ: 56622581 -> 56622581
DŽ: 56622581 -> 56622581
DŽ: 56622581 -> 56622581
DŽ: 57791033 -> 57642090
DŽ: 57811828 -> 57764224
DŽ: 56928257 -> 56745919
DŽ: 56622581 -> 56622581
DŽ: 56865109 -> 56865109
DŽ: 56865109 -> 56865109
DŽ: 57322753 -> 57164618
DŽ: 56865109 -> 56865109
end_heu: 1154654 loops with 1282 unique solutions in 1799.04 s

Calling print_solution
>>> get_solution
  refine_solution: new weight 56622581 (was 56622581) in 0.000763 s
## FINAL WEIGHT 56622581
print_solution: 0.001726 s
