Version: final-94-gfffc3aa rub_all.sh: remove longest prefix
Random seed: 1553586810
Start
>>> save_orig_graph
>> Saved weight 0
Graph loaded
|V| = 3601, |E| = 7080, |R| = 60
First clearance of the input. Calling buy_zero and run_all_heuristics.
  buy_zero: 0 zero edges in 1.4e-05 s
  handle_small_terminal_degrees: terms 0 in 5e-06 s
  handle_small_Steiner_degrees: steiner 0, suppress 4 in 1.2e-05 s
  shortest_edge_between_terminals: 0 edges in 4e-06 s
  handle_small_terminal_degrees: terms 0 in 4e-06 s
  handle_small_Steiner_degrees: steiner 0, suppress 0 in 8e-06 s
  shortest_edge_between_terminals: 0 edges in 2e-06 s
Compressed graph 3601 -> 3596
  delete_edges: deleted 4 edges in 0.000273 s and 1 rounds
  handle_small_terminal_degrees: terms 0 in 5e-06 s
  handle_small_Steiner_degrees: steiner 0, suppress 8 in 1.2e-05 s
  shortest_edge_between_terminals: 0 edges in 3e-06 s
  handle_small_terminal_degrees: terms 0 in 4e-06 s
  handle_small_Steiner_degrees: steiner 0, suppress 0 in 8e-06 s
  shortest_edge_between_terminals: 0 edges in 2e-06 s
Compressed graph 3596 -> 3588
  delete_edges_shortest_path: deleted 8 edges in 0.020074 s
  handle_small_terminal_degrees: terms 0 in 3e-06 s
  handle_small_Steiner_degrees: steiner 0, suppress 12 in 1e-05 s
  shortest_edge_between_terminals: 0 edges in 2e-06 s
  handle_small_terminal_degrees: terms 0 in 3e-06 s
  handle_small_Steiner_degrees: steiner 0, suppress 0 in 5e-06 s
  shortest_edge_between_terminals: 0 edges in 1e-06 s
Compressed graph 3588 -> 3576
  handle_small_terminal_degrees: terms 0 in 6e-06 s
  handle_small_Steiner_degrees: steiner 0, suppress 0 in 4e-06 s
  shortest_edge_between_terminals: 0 edges in 3e-06 s
Compressed graph 3576 -> 3576
  delete_edges_shortest_path: deleted 12 edges in 0.022628 s
  handle_small_terminal_degrees: terms 0 in 5e-06 s
  handle_small_Steiner_degrees: steiner 0, suppress 15 in 1.5e-05 s
  shortest_edge_between_terminals: 0 edges in 3e-06 s
  handle_small_terminal_degrees: terms 0 in 5e-06 s
  handle_small_Steiner_degrees: steiner 0, suppress 0 in 6e-06 s
  shortest_edge_between_terminals: 0 edges in 2e-06 s
Compressed graph 3576 -> 3561
Compressed graph 3561 -> 3561
>>> save_orig_graph
>> Saved weight 0
### ZEL_LVL=9 PRECISE_STARS=0

Calling `contract_till_the_bitter_end`
|V| = 3561, |E| = 7017, |R| = 60
>> 530355 (2067: 1945 2070 1945) (0.001735 s)
>> 453873 (3065: 2765 3070 2765) (0.001591 s)
>> 452471 (770: 650 775 650) (0.001593 s)
>> 437806 (3113: 2993 3116 2993) (0.00156 s)
>> 454011 (1571: 1513 1562 1513) (0.001518 s)
>> 412211 (2592: 2112 2596 2112) (0.001503 s)
>> 375903 (3197: 2957 3204 2957) (0.00149 s)
>> 325413 (2207: 1787 2201 1787) (0.001463 s)
>> 308347 (1305: 1005 1309 1005) (0.001456 s)
>> 288586 (1639: 1459 1631 1459) (0.001433 s)
>> 274182 (741: 494 746 494) (0.001418 s)
>> 185549 (247: 22 244 22) (0.001409 s)
>> 0 (-1: -1 -1 -1) (0.001158 s)
Zelikovsky 1.25115 s
>> 530355 (2067: 2367 2070 1945) (1.19623 s)
>> 453873 (3065: 3243 3070 2765) (1.20075 s)
>> 452471 (770: 650 943 775) (1.20128 s)
>> 437806 (3113: 2993 3347 3116) (1.20475 s)
>> 412211 (2592: 2648 2596 2112) (1.20417 s)
>> 381831 (1519: 1459 1702 1513) (1.21404 s)
>> 381098 (2075: 2195 2367 1897) (1.25757 s)
>> 375903 (3197: 3431 3204 2957) (1.22834 s)
>> 337031 (1571: 1631 1562 1459) (1.22836 s)
>> 325413 (2207: 2201 2271 1787) (1.24045 s)
>> 230270 (741: 746 921 494) (1.23711 s)
>> 224331 (3238: 2993 3469 3243) (1.25224 s)
>> 210298 (777: 837 650 540) (1.24903 s)
>> 185549 (247: 22 609 244) (1.25184 s)
>> 176700 (2495: 2496 2853 2195) (1.24966 s)
>> 169781 (1305: 1309 1722 1005) (1.25883 s)
>> 168313 (391: 99 449 399) (1.28153 s)
>> 168104 (448: 99 746 328) (1.26631 s)
>> 146103 (1199: 1139 1631 1194) (1.32992 s)
>> 133806 (2717: 2648 3431 2723) (1.33974 s)
>> 112221 (241: 124 837 22) (1.27672 s)
>> 70334 (2646: 2526 2993 2648) (1.28266 s)
>> 60595 (2913: 2912 3334 2496) (1.30661 s)
>> 31150 (1941: 2000 2912 1139) (1.34975 s)
>> 11638 (1312: 1372 2000 1309) (1.35205 s)
>> 0 (-1: -1 -1 -1) (1.34021 s)
Zelikovsky- 32.8125 s
>>> get_solution
  refine_solution: new weight 55591881 (was 55591881) in 0.000756 s
>>> get_solution
  refine_solution: new weight 59758197 (was 59915143) in 0.000803 s
  refine_solution: new weight 59758197 (was 59758197) in 0.000777 s
0,,3561,7017,60,,0,0,,59915143,59758197,57266771,55591881,55591881,,0,0,@@

  delete_edges: deleted 15 edges in 0.000336 s and 2 rounds
  handle_small_Steiner_degrees: steiner 0, suppress 18 in 1.3e-05 s
Starting round 1
Found 18 isolated vertices
Invalid ratios recomputed: 3543
Best ratio is 237776/1 (237776.0), centered at 3345
Finding the best star... Star with 2 terminals centered in 3510
round took: 0.071775 s
|V| = 3561, |E| = 6977, |R| = 59
>> 530355 (2067: 1945 2070 1945) (0.001643 s)
>> 453873 (3065: 2765 3070 2765) (0.001551 s)
>> 452471 (770: 650 775 650) (0.001539 s)
>> 437806 (3113: 2993 3116 2993) (0.001524 s)
>> 454011 (1571: 1513 1562 1513) (0.001472 s)
>> 412211 (2592: 2112 2596 2112) (0.001491 s)
>> 375903 (3197: 2957 3204 2957) (0.001439 s)
>> 325413 (2207: 1787 2201 1787) (0.001438 s)
>> 308347 (1305: 1005 1309 1005) (0.001416 s)
>> 288586 (1639: 1459 1631 1459) (0.001417 s)
>> 274182 (741: 494 746 494) (0.001395 s)
>> 185549 (247: 22 244 22) (0.001386 s)
>> 0 (-1: -1 -1 -1) (0.001148 s)
Zelikovsky 1.22472 s
>> 530355 (2067: 2367 2070 1945) (1.18152 s)
>> 453873 (3065: 3243 3070 2765) (1.20452 s)
>> 452471 (770: 650 943 775) (1.19223 s)
>> 437806 (3113: 2993 3510 3116) (1.19603 s)
>> 412211 (2592: 2648 2596 2112) (1.19538 s)
>> 381831 (1519: 1459 1702 1513) (1.23642 s)
>> 381098 (2075: 2195 2367 1897) (1.22673 s)
>> 375903 (3197: 3431 3204 2957) (1.21455 s)
>> 337031 (1571: 1631 1562 1459) (1.21915 s)
>> 325413 (2207: 2201 2271 1787) (1.22718 s)
>> 230270 (741: 746 921 494) (1.22305 s)
>> 224331 (3238: 2993 3469 3243) (1.23822 s)
>> 210298 (777: 837 650 540) (1.24111 s)
>> 185549 (247: 22 609 244) (1.2428 s)
>> 176700 (2495: 2496 2853 2195) (1.24376 s)
>> 169781 (1305: 1309 1722 1005) (1.24121 s)
>> 168313 (391: 99 449 399) (1.25441 s)
>> 168104 (448: 99 746 328) (1.26222 s)
>> 146103 (1199: 1139 1631 1194) (1.26263 s)
>> 133806 (2717: 2648 3431 2723) (1.2595 s)
>> 112221 (241: 124 837 22) (1.26676 s)
>> 70334 (2646: 2526 2993 2648) (1.26884 s)
>> 60595 (2913: 2912 3334 2496) (1.28552 s)
>> 31150 (1941: 2000 2912 1139) (1.27599 s)
>> 11638 (1312: 1372 2000 1309) (1.2957 s)
>> 0 (-1: -1 -1 -1) (1.31059 s)
Zelikovsky- 32.2783 s
>>> get_solution
  refine_solution: new weight 55591881 (was 55591881) in 0.000754 s
>>> get_solution
  refine_solution: new weight 59758197 (was 59930440) in 0.000809 s
  refine_solution: new weight 59758197 (was 59758197) in 0.00075 s
1,,3543,6977,59,,3543,0,,59930440,59758197,57266771,55591881,55591881,,237776,2,@@

  handle_small_Steiner_degrees: steiner 0, suppress 0 in 5e-06 s
Starting round 2
Found 23 isolated vertices
Invalid ratios recomputed: 163
Best ratio is 269406/1 (269406.0), centered at 1309
Finding the best star... Star with 2 terminals centered in 1372
round took: 0.00427 s
|V| = 3561, |E| = 6972, |R| = 58
>> 530355 (2067: 1945 2070 1945) (0.00161 s)
>> 453873 (3065: 2765 3070 2765) (0.001534 s)
>> 452471 (770: 650 775 650) (0.001496 s)
>> 437806 (3113: 2993 3116 2993) (0.0015 s)
>> 454011 (1571: 1513 1562 1513) (0.001443 s)
>> 412211 (2592: 2112 2596 2112) (0.001442 s)
>> 375903 (3197: 2957 3204 2957) (0.001417 s)
>> 325413 (2207: 1787 2201 1787) (0.001407 s)
>> 296709 (1305: 1005 1372 1005) (0.001381 s)
>> 288586 (1639: 1459 1631 1459) (0.00137 s)
>> 274182 (741: 494 746 494) (0.00137 s)
>> 185549 (247: 22 244 22) (0.001333 s)
>> 0 (-1: -1 -1 -1) (0.001122 s)
Zelikovsky 1.22045 s
>> 530355 (2067: 2367 2070 1945) (1.17772 s)
>> 453873 (3065: 3243 3070 2765) (1.18958 s)
>> 452471 (770: 650 943 775) (1.18684 s)
>> 437806 (3113: 2993 3510 3116) (1.18442 s)
>> 412211 (2592: 2648 2596 2112) (1.18639 s)
>> 381831 (1519: 1459 1702 1513) (1.19479 s)
>> 381098 (2075: 2195 2367 1897) (1.20911 s)
>> 375903 (3197: 3431 3204 2957) (1.21066 s)
>> 325413 (2207: 2201 2271 1787) (1.21048 s)
>> 325393 (1571: 1631 1562 1459) (1.22966 s)
>> 230270 (741: 746 921 494) (1.24396 s)
>> 224331 (3238: 2993 3469 3243) (1.24879 s)
>> 210298 (777: 837 650 540) (1.24522 s)
>> 185549 (247: 22 609 244) (1.25426 s)
>> 176700 (2495: 2496 2853 2195) (1.25041 s)
>> 169781 (1305: 1372 1722 1005) (1.25014 s)
>> 168313 (391: 99 449 399) (1.25471 s)
>> 168104 (448: 99 746 328) (1.24971 s)
>> 146103 (1199: 1139 1631 1194) (1.26606 s)
>> 133806 (2717: 2648 3431 2723) (1.29575 s)
>> 112221 (241: 124 837 22) (1.26896 s)
>> 70334 (2646: 2526 2993 2648) (1.28322 s)
>> 60595 (2913: 2912 3334 2496) (1.27405 s)
>> 31150 (1941: 2000 2912 1139) (1.28036 s)
>> 0 (-1: -1 -1 -1) (1.29505 s)
Zelikovsky- 30.9521 s
>>> get_solution
  refine_solution: new weight 55603519 (was 55603519) in 0.00075 s
>>> get_solution
  refine_solution: new weight 59758197 (was 59930440) in 0.000795 s
  refine_solution: new weight 59758197 (was 59758197) in 0.000733 s
2,,3538,6972,58,,163,0,,59930440,59758197,57266771,55603519,55603519,,269406,2,@@

  handle_small_Steiner_degrees: steiner 0, suppress 0 in 6e-06 s
Starting round 3
Found 27 isolated vertices
Invalid ratios recomputed: 170
Best ratio is 295015/1 (295015.0), centered at 2852
Finding the best star... Star with 2 terminals centered in 2912
round took: 0.003795 s
|V| = 3561, |E| = 6969, |R| = 57
>> 530355 (2067: 1945 2070 1945) (0.001595 s)
>> 453873 (3065: 2765 3070 2765) (0.001488 s)
>> 452471 (770: 650 775 650) (0.001466 s)
>> 437806 (3113: 2993 3116 2993) (0.001462 s)
>> 454011 (1571: 1513 1562 1513) (0.001431 s)
>> 412211 (2592: 2112 2596 2112) (0.001402 s)
>> 375903 (3197: 2957 3204 2957) (0.001375 s)
>> 325413 (2207: 1787 2201 1787) (0.001369 s)
>> 296709 (1305: 1005 1372 1005) (0.00138 s)
>> 288586 (1639: 1459 1631 1459) (0.00134 s)
>> 274182 (741: 494 746 494) (0.001316 s)
>> 185549 (247: 22 244 22) (0.001314 s)
>> 0 (-1: -1 -1 -1) (0.001076 s)
Zelikovsky 1.21685 s
>> 530355 (2067: 2367 2070 1945) (1.17899 s)
>> 453873 (3065: 3243 3070 2765) (1.19493 s)
>> 452471 (770: 650 943 775) (1.18582 s)
>> 437806 (3113: 2993 3510 3116) (1.18502 s)
>> 412211 (2592: 2648 2596 2112) (1.19358 s)
>> 381831 (1519: 1459 1702 1513) (1.19666 s)
>> 381098 (2075: 2195 2367 1897) (1.21068 s)
>> 375903 (3197: 3431 3204 2957) (1.20987 s)
>> 325413 (2207: 2201 2271 1787) (1.22195 s)
>> 325393 (1571: 1631 1562 1459) (1.21592 s)
>> 230270 (741: 746 921 494) (1.22645 s)
>> 224331 (3238: 2993 3469 3243) (1.24328 s)
>> 210298 (777: 837 650 540) (1.23171 s)
>> 185549 (247: 22 609 244) (1.23577 s)
>> 176700 (2495: 2496 2912 2195) (1.2289 s)
>> 169781 (1305: 1372 1722 1005) (1.23217 s)
>> 168313 (391: 99 449 399) (1.25067 s)
>> 168104 (448: 99 746 328) (1.24513 s)
>> 146103 (1199: 1139 1631 1194) (1.24444 s)
>> 133806 (2717: 2648 3431 2723) (1.25383 s)
>> 112221 (241: 124 837 22) (1.25801 s)
>> 70334 (2646: 2526 2993 2648) (1.26662 s)
>> 31150 (1941: 2000 2496 1139) (1.2726 s)
>> 0 (-1: -1 -1 -1) (1.30014 s)
Zelikovsky- 29.4939 s
>>> get_solution
  refine_solution: new weight 55603519 (was 55664114) in 0.000749 s
  refine_solution: new weight 55603519 (was 55603519) in 0.000732 s
>>> get_solution
  refine_solution: new weight 59758197 (was 59991035) in 0.000798 s
  refine_solution: new weight 59758197 (was 59758197) in 0.00073 s
3,,3534,6969,57,,170,0,,59991035,59758197,57327366,55664114,55603519,,295015,2,@@

  handle_small_Steiner_degrees: steiner 0, suppress 0 in 7e-06 s
Starting round 4
Found 29 isolated vertices
Invalid ratios recomputed: 242
Best ratio is 325082/1 (325082.0), centered at 943
Finding the best star... Star with 2 terminals centered in 1005
round took: 0.005475 s
|V| = 3561, |E| = 6965, |R| = 56
>> 530355 (2067: 1945 2070 1945) (0.001531 s)
>> 453873 (3065: 2765 3070 2765) (0.001461 s)
>> 452471 (770: 650 775 650) (0.001441 s)
>> 437806 (3113: 2993 3116 2993) (0.001438 s)
>> 454011 (1571: 1513 1562 1513) (0.001386 s)
>> 412211 (2592: 2112 2596 2112) (0.001395 s)
>> 375903 (3197: 2957 3204 2957) (0.00136 s)
>> 325413 (2207: 1787 2201 1787) (0.001339 s)
>> 296709 (1305: 1005 1372 1005) (0.001326 s)
>> 470075 (741: 494 746 494) (0.001302 s)
>> 288586 (1639: 1459 1631 1459) (0.001318 s)
>> 185549 (247: 22 244 22) (0.00128 s)
>> 0 (-1: -1 -1 -1) (0.001091 s)
Zelikovsky 1.20968 s
>> 530355 (2067: 2367 2070 1945) (1.17102 s)
>> 453873 (3065: 3243 3070 2765) (1.19491 s)
>> 452471 (770: 650 1005 775) (1.18582 s)
>> 437806 (3113: 2993 3510 3116) (1.19082 s)
>> 412211 (2592: 2648 2596 2112) (1.18557 s)
>> 381831 (1519: 1459 1702 1513) (1.18978 s)
>> 381098 (2075: 2195 2367 1897) (1.21015 s)
>> 375903 (3197: 3431 3204 2957) (1.21153 s)
>> 325413 (2207: 2201 2271 1787) (1.20814 s)
>> 325393 (1571: 1631 1562 1459) (1.20718 s)
>> 230270 (741: 746 921 494) (1.217 s)
>> 224331 (3238: 2993 3469 3243) (1.23279 s)
>> 210298 (777: 837 650 540) (1.23105 s)
>> 185549 (247: 22 609 244) (1.23191 s)
>> 176700 (2495: 2496 2912 2195) (1.22996 s)
>> 169781 (1305: 1372 1722 837) (1.23313 s)
>> 168313 (391: 99 449 399) (1.24735 s)
>> 168104 (448: 99 746 328) (1.2458 s)
>> 146103 (1199: 1139 1631 1194) (1.24783 s)
>> 133806 (2717: 2648 3431 2723) (1.25628 s)
>> 112221 (241: 124 1372 22) (1.25951 s)
>> 70334 (2646: 2526 2993 2648) (1.26884 s)
>> 31150 (1941: 2000 2496 1139) (1.27377 s)
>> 0 (-1: -1 -1 -1) (1.29751 s)
Zelikovsky- 29.4384 s
>>> get_solution
  refine_solution: new weight 55603519 (was 55664114) in 0.000762 s
  refine_solution: new weight 55603519 (was 55603519) in 0.000729 s
>>> get_solution
  refine_solution: new weight 59758197 (was 59991035) in 0.000804 s
  refine_solution: new weight 59758197 (was 59758197) in 0.000755 s
4,,3532,6965,56,,242,0,,59991035,59758197,57327366,55664114,55603519,,325082,2,@@

  handle_small_Steiner_degrees: steiner 0, suppress 0 in 6e-06 s
Starting round 5
Found 32 isolated vertices
Invalid ratios recomputed: 203
Best ratio is 350137/1 (350137.0), centered at 1940
Finding the best star... Star with 2 terminals centered in 1945
round took: 0.005491 s
|V| = 3561, |E| = 6958, |R| = 55
>> 530355 (2067: 1945 2070 1945) (0.0015 s)
>> 510623 (2592: 2112 2596 2112) (0.001405 s)
>> 453873 (3065: 2765 3070 2765) (0.001392 s)
>> 452471 (770: 650 775 650) (0.001351 s)
>> 437806 (3113: 2993 3116 2993) (0.001358 s)
>> 454011 (1571: 1513 1562 1513) (0.001299 s)
>> 375903 (3197: 2957 3204 2957) (0.001305 s)
>> 325413 (2207: 1787 2201 1787) (0.001286 s)
>> 296709 (1305: 1005 1372 1005) (0.001262 s)
>> 470075 (741: 494 746 494) (0.001253 s)
>> 288586 (1639: 1459 1631 1459) (0.00123 s)
>> 185549 (247: 22 244 22) (0.001217 s)
>> 0 (-1: -1 -1 -1) (0.001027 s)
Zelikovsky 1.20013 s
>> 530355 (2067: 2367 2070 1945) (1.17338 s)
>> 453873 (3065: 3243 3070 2765) (1.29387 s)
>> 452471 (770: 650 1005 775) (1.26657 s)
>> 437806 (3113: 2993 3510 3116) (1.20955 s)
>> 412211 (2592: 2648 2596 2112) (1.19061 s)
>> 381831 (1519: 1459 1702 1513) (1.18326 s)
>> 381098 (2075: 2195 2367 1897) (1.21082 s)
>> 375903 (3197: 3431 3204 2957) (1.25706 s)
>> 325413 (2207: 2201 2271 1787) (1.27974 s)
>> 325393 (1571: 1631 1562 1459) (1.22588 s)
>> 230270 (741: 746 921 494) (1.21999 s)
>> 224331 (3238: 2993 3469 3243) (1.22887 s)
>> 210298 (777: 837 650 540) (1.23183 s)
>> 185549 (247: 22 609 244) (1.22693 s)
>> 176700 (2495: 2496 2912 2195) (1.22506 s)
>> 169781 (1305: 1372 1722 837) (1.23525 s)
>> 168313 (391: 99 449 399) (1.24918 s)
>> 168104 (448: 99 746 328) (1.24967 s)
>> 146103 (1199: 1139 1631 1194) (1.24306 s)
>> 133806 (2717: 2648 3431 2723) (1.25839 s)
>> 112221 (241: 124 1372 22) (1.25601 s)
>> 70334 (2646: 2526 2993 2648) (1.27121 s)
>> 0 (-1: -1 -1 -1) (1.27227 s)
Zelikovsky- 28.4694 s
>>> get_solution
  refine_solution: new weight 55484257 (was 55544852) in 0.000751 s
  refine_solution: new weight 55484257 (was 55484257) in 0.000727 s
>>> get_solution
  refine_solution: new weight 59618336 (was 59851174) in 0.000796 s
  refine_solution: new weight 59618336 (was 59618336) in 0.000744 s
5,,3529,6958,55,,203,0,,59851174,59618336,57187505,55544852,55484257,,350137,2,@@

  handle_small_Steiner_degrees: steiner 0, suppress 0 in 7e-06 s
Starting round 6
Found 38 isolated vertices
Invalid ratios recomputed: 206
Best ratio is 356521/1 (356521.0), centered at 1278
Finding the best star... Star with 2 terminals centered in 1459
round took: 0.005419 s
|V| = 3561, |E| = 6953, |R| = 54
>> 530355 (2067: 1945 2070 1945) (0.001445 s)
>> 510623 (2592: 2112 2596 2112) (0.001379 s)
>> 453873 (3065: 2765 3070 2765) (0.001334 s)
>> 452471 (770: 650 775 650) (0.001323 s)
>> 437806 (3113: 2993 3116 2993) (0.001336 s)
>> 454011 (1571: 1513 1562 1513) (0.001264 s)
>> 375903 (3197: 2957 3204 2957) (0.00127 s)
>> 325413 (2207: 1787 2201 1787) (0.00124 s)
>> 296709 (1305: 1005 1372 1005) (0.001234 s)
>> 470075 (741: 494 746 494) (0.00121 s)
>> 288586 (1638: 1459 1631 1459) (0.001199 s)
>> 296819 (839: 540 837 540) (0.001177 s)
>> 185549 (247: 22 244 22) (0.001134 s)
>> 0 (-1: -1 -1 -1) (0.000973 s)
Zelikovsky 1.20159 s
>> 530355 (2067: 2367 2070 1945) (1.16447 s)
>> 453873 (3065: 3243 3070 2765) (1.17581 s)
>> 452471 (770: 650 1005 775) (1.17723 s)
>> 437806 (3113: 2993 3510 3116) (1.19233 s)
>> 412211 (2592: 2648 2596 2112) (1.1938 s)
>> 381098 (2075: 2195 2367 1897) (1.20359 s)
>> 375903 (3197: 3431 3204 2957) (1.19653 s)
>> 327168 (1518: 1459 1702 1513) (1.1831 s)
>> 325413 (2207: 2201 2271 1787) (1.20567 s)
>> 325393 (1571: 1631 1562 1459) (1.20522 s)
>> 230270 (741: 746 921 494) (1.21478 s)
>> 224331 (3238: 2993 3469 3243) (1.23047 s)
>> 210298 (777: 837 650 540) (1.22924 s)
>> 185549 (247: 22 609 244) (1.2365 s)
>> 176700 (2495: 2496 2912 2195) (1.24528 s)
>> 169781 (1305: 1372 1722 837) (1.24736 s)
>> 168313 (391: 99 449 399) (1.26997 s)
>> 168104 (448: 99 746 328) (1.25689 s)
>> 146103 (1199: 1139 1631 1194) (1.26934 s)
>> 133806 (2717: 2648 3431 2723) (1.26538 s)
>> 112221 (241: 124 1372 22) (1.27833 s)
>> 70334 (2646: 2526 2993 2648) (1.27742 s)
>> 0 (-1: -1 -1 -1) (1.27203 s)
Zelikovsky- 28.2019 s
>>> get_solution
  refine_solution: new weight 55484257 (was 55544852) in 0.000754 s
  refine_solution: new weight 55484257 (was 55484257) in 0.000739 s
>>> get_solution
  refine_solution: new weight 59618336 (was 59851174) in 0.000796 s
  refine_solution: new weight 59618336 (was 59618336) in 0.000768 s
6,,3523,6953,54,,206,0,,59851174,59618336,57242168,55544852,55484257,,356521,2,@@

  handle_small_Steiner_degrees: steiner 0, suppress 0 in 6e-06 s
Starting round 7
Found 42 isolated vertices
Invalid ratios recomputed: 315
Best ratio is 368963/1 (368963.0), centered at 328
Finding the best star... Star with 2 terminals centered in 449
round took: 0.010308 s
|V| = 3561, |E| = 6949, |R| = 53
>> 530355 (2067: 1945 2070 1945) (0.001422 s)
>> 510623 (2592: 2112 2596 2112) (0.001348 s)
>> 453873 (3065: 2765 3070 2765) (0.001307 s)
>> 452471 (770: 650 775 650) (0.00129 s)
>> 437806 (3113: 2993 3116 2993) (0.001287 s)
>> 454011 (1571: 1513 1562 1513) (0.001235 s)
>> 375903 (3197: 2957 3204 2957) (0.001241 s)
>> 325413 (2207: 1787 2201 1787) (0.001223 s)
>> 296709 (1305: 1005 1372 1005) (0.001195 s)
>> 470075 (741: 494 746 494) (0.001162 s)
>> 288586 (1638: 1459 1631 1459) (0.001167 s)
>> 296819 (839: 540 837 540) (0.001124 s)
>> 185549 (247: 22 244 22) (0.00112 s)
>> 0 (-1: -1 -1 -1) (0.000948 s)
Zelikovsky 1.19694 s
>> 530355 (2067: 2367 2070 1945) (1.1678 s)
>> 453873 (3065: 3243 3070 2765) (1.18217 s)
>> 452471 (770: 650 1005 775) (1.18372 s)
>> 437806 (3113: 2993 3510 3116) (1.24574 s)
>> 412211 (2592: 2648 2596 2112) (1.23412 s)
>> 381098 (2075: 2195 2367 1897) (1.24739 s)
>> 375903 (3197: 3431 3204 2957) (1.18387 s)
>> 327168 (1518: 1459 1702 1513) (1.18165 s)
>> 325413 (2207: 2201 2271 1787) (1.20378 s)
>> 325393 (1571: 1631 1562 1459) (1.20361 s)
>> 230270 (741: 746 921 494) (1.21303 s)
>> 224331 (3238: 2993 3469 3243) (1.22855 s)
>> 210298 (777: 837 650 540) (1.22678 s)
>> 185549 (247: 22 609 244) (1.23489 s)
>> 176700 (2495: 2496 2912 2195) (1.22693 s)
>> 169781 (1305: 1372 1722 837) (1.22989 s)
>> 146103 (1199: 1139 1631 1194) (1.30134 s)
>> 133806 (2717: 2648 3431 2723) (1.26591 s)
>> 119793 (219: 220 399 99) (1.29464 s)
>> 112221 (241: 124 1372 22) (1.28486 s)
>> 70334 (2646: 2526 2993 2648) (1.31913 s)
>> 0 (-1: -1 -1 -1) (1.28839 s)
Zelikovsky- 27.1586 s
>>> get_solution
  refine_solution: new weight 55532777 (was 55593372) in 0.000761 s
  refine_solution: new weight 55532777 (was 55532777) in 0.000734 s
>>> get_solution
  refine_solution: new weight 59618336 (was 59851174) in 0.000784 s
  refine_solution: new weight 59618336 (was 59618336) in 0.000786 s
7,,3519,6949,53,,315,0,,59851174,59618336,57242168,55593372,55532777,,368963,2,@@

  handle_small_Steiner_degrees: steiner 0, suppress 0 in 7e-06 s
Starting round 8
Found 45 isolated vertices
Invalid ratios recomputed: 309
Best ratio is 466997/1 (466997.0), centered at 2201
Finding the best star... Star with 2 terminals centered in 2384
round took: 0.008759 s
|V| = 3561, |E| = 6940, |R| = 52
>> 530355 (2067: 1945 2070 1945) (0.001424 s)
>> 510623 (2592: 2112 2596 2112) (0.001311 s)
>> 453873 (3065: 2765 3070 2765) (0.001325 s)
>> 452471 (770: 650 775 650) (0.001253 s)
>> 437806 (3113: 2993 3116 2993) (0.001282 s)
>> 454011 (1571: 1513 1562 1513) (0.001207 s)
>> 375903 (3197: 2957 3204 2957) (0.001241 s)
>> 296709 (1305: 1005 1372 1005) (0.001205 s)
>> 470075 (741: 494 746 494) (0.001162 s)
>> 288586 (1638: 1459 1631 1459) (0.001155 s)
>> 296819 (839: 540 837 540) (0.001144 s)
>> 279324 (1782: 1722 1787 1722) (0.001101 s)
>> 185549 (247: 22 244 22) (0.001087 s)
>> 0 (-1: -1 -1 -1) (0.000952 s)
Zelikovsky 1.21603 s
>> 530355 (2067: 2367 2070 1945) (1.19982 s)
>> 453873 (3065: 3243 3070 2765) (1.18688 s)
>> 452471 (770: 650 1005 775) (1.17239 s)
>> 437806 (3113: 2993 3510 3116) (1.21316 s)
>> 412211 (2592: 2648 2596 2112) (1.22195 s)
>> 381098 (2075: 2195 2367 1897) (1.21171 s)
>> 375903 (3197: 3431 3204 2957) (1.18547 s)
>> 327168 (1518: 1459 1702 1513) (1.19064 s)
>> 325393 (1571: 1631 1562 1459) (1.20117 s)
>> 279324 (1782: 1787 2384 1722) (1.21117 s)
>> 230270 (741: 746 921 494) (1.21128 s)
>> 224331 (3238: 2993 3469 3243) (1.22782 s)
>> 210298 (777: 837 650 540) (1.23284 s)
>> 185549 (247: 22 609 244) (1.22963 s)
>> 176700 (2495: 2496 2912 2195) (1.22488 s)
>> 169781 (1305: 1372 1787 837) (1.22833 s)
>> 146103 (1199: 1139 1631 1194) (1.24498 s)
>> 133806 (2717: 2648 3431 2723) (1.24767 s)
>> 119793 (219: 220 399 99) (1.25418 s)
>> 112221 (241: 124 1372 22) (1.25263 s)
>> 70334 (2646: 2526 2993 2648) (1.26351 s)
>> 0 (-1: -1 -1 -1) (1.26664 s)
Zelikovsky- 26.8889 s
>>> get_solution
  refine_solution: new weight 55438148 (was 55540741) in 0.000752 s
  refine_solution: new weight 55438148 (was 55438148) in 0.000732 s
>>> get_solution
  refine_solution: new weight 59314560 (was 59679632) in 0.000786 s
  refine_solution: new weight 59272562 (was 59314560) in 0.000739 s
  refine_solution: new weight 59272562 (was 59272562) in 0.000724 s
8,,3516,6940,52,,309,0,,59679632,59272562,57189537,55540741,55438148,,466997,2,@@

  handle_small_Steiner_degrees: steiner 0, suppress 0 in 5e-06 s
Starting round 9
Found 51 isolated vertices
Invalid ratios recomputed: 341
Best ratio is 484061/1 (484061.0), centered at 1192
Finding the best star... Star with 2 terminals centered in 1194
round took: 0.011097 s
|V| = 3561, |E| = 6933, |R| = 51
>> 530355 (2067: 1945 2070 1945) (0.001339 s)
>> 510623 (2592: 2112 2596 2112) (0.00126 s)
>> 453873 (3065: 2765 3070 2765) (0.001229 s)
>> 452471 (770: 650 775 650) (0.001219 s)
>> 437806 (3113: 2993 3116 2993) (0.001238 s)
>> 454011 (1571: 1513 1562 1513) (0.001175 s)
>> 375903 (3197: 2957 3204 2957) (0.001167 s)
>> 296709 (1305: 1005 1194 1005) (0.001158 s)
>> 574611 (741: 494 746 494) (0.001106 s)
>> 288586 (1638: 1459 1631 1459) (0.001116 s)
>> 384146 (839: 540 837 540) (0.001084 s)
>> 279324 (1782: 1722 1787 1722) (0.001066 s)
>> 185549 (247: 22 244 22) (0.001062 s)
>> 0 (-1: -1 -1 -1) (0.000894 s)
Zelikovsky 1.18156 s
>> 530355 (2067: 2367 2070 1945) (1.15491 s)
>> 453873 (3065: 3243 3070 2765) (1.16647 s)
>> 452471 (770: 650 1005 775) (1.16961 s)
>> 437806 (3113: 2993 3510 3116) (1.17092 s)
>> 412211 (2592: 2648 2596 2112) (1.17237 s)
>> 381098 (2075: 2195 2367 1897) (1.17559 s)
>> 375903 (3197: 3431 3204 2957) (1.17556 s)
>> 327168 (1518: 1459 1702 1513) (1.17483 s)
>> 325393 (1571: 1631 1562 1459) (1.19915 s)
>> 279324 (1782: 1787 2384 1722) (1.20947 s)
>> 230270 (741: 746 921 494) (1.21162 s)
>> 224331 (3238: 2993 3469 3243) (1.22598 s)
>> 210298 (777: 837 650 540) (1.22399 s)
>> 185549 (247: 22 609 244) (1.2236 s)
>> 176700 (2495: 2496 2912 2195) (1.22346 s)
>> 169781 (1305: 1194 1787 837) (1.22566 s)
>> 146103 (1199: 1139 1631 1194) (1.23801 s)
>> 133806 (2717: 2648 3431 2723) (1.24515 s)
>> 119793 (219: 220 399 99) (1.24763 s)
>> 112221 (241: 124 1139 22) (1.25022 s)
>> 70334 (2646: 2526 2993 2648) (1.269 s)
>> 0 (-1: -1 -1 -1) (1.29561 s)
Zelikovsky- 26.6589 s
>>> get_solution
  refine_solution: new weight 55438148 (was 55540741) in 0.000753 s
  refine_solution: new weight 55438148 (was 55438148) in 0.00073 s
>>> get_solution
  refine_solution: new weight 59314560 (was 59679632) in 0.000779 s
  refine_solution: new weight 59272562 (was 59314560) in 0.000737 s
  refine_solution: new weight 59272562 (was 59272562) in 0.000719 s
9,,3510,6933,51,,341,0,,59679632,59272562,57189537,55540741,55438148,,484061,2,@@

  handle_small_Steiner_degrees: steiner 0, suppress 0 in 5e-06 s
Starting round 10
Found 56 isolated vertices
Invalid ratios recomputed: 215
Best ratio is 484466/1 (484466.0), centered at 3116
Finding the best star... Star with 2 terminals centered in 3469
round took: 0.005427 s
|V| = 3561, |E| = 6921, |R| = 50
>> 530355 (2067: 1945 2070 1945) (0.001384 s)
>> 510623 (2592: 2112 2596 2112) (0.001242 s)
>> 453873 (3065: 2765 3070 2765) (0.001206 s)
>> 452471 (770: 650 775 650) (0.001198 s)
>> 375903 (3197: 2957 3204 2957) (0.001196 s)
>> 345443 (3113: 2993 3469 2993) (0.0012 s)
>> 454011 (1571: 1513 1562 1513) (0.00114 s)
>> 296709 (1305: 1005 1194 1005) (0.001136 s)
>> 574611 (741: 494 746 494) (0.001107 s)
>> 288586 (1638: 1459 1631 1459) (0.001085 s)
>> 384146 (839: 540 837 540) (0.001114 s)
>> 279324 (1782: 1722 1787 1722) (0.001058 s)
>> 185549 (247: 22 244 22) (0.001032 s)
>> 0 (-1: -1 -1 -1) (0.000898 s)
Zelikovsky 1.19727 s
>> 530355 (2067: 2367 2070 1945) (1.14897 s)
>> 453873 (3065: 3243 3070 2765) (1.16039 s)
>> 452471 (770: 650 1005 775) (1.16126 s)
>> 412211 (2592: 2648 2596 2112) (1.16585 s)
>> 381098 (2075: 2195 2367 1897) (1.16863 s)
>> 375903 (3197: 3431 3204 2957) (1.16928 s)
>> 345443 (3113: 2993 3510 3469) (1.16774 s)
>> 327168 (1518: 1459 1702 1513) (1.17541 s)
>> 325393 (1571: 1631 1562 1459) (1.27473 s)
>> 279324 (1782: 1787 2384 1722) (1.27799 s)
>> 230270 (741: 746 921 494) (1.26839 s)
>> 210298 (777: 837 650 540) (1.29082 s)
>> 185549 (247: 22 609 244) (1.28378 s)
>> 176700 (2495: 2496 2912 2195) (1.29973 s)
>> 169781 (1305: 1194 1787 837) (1.22253 s)
>> 146103 (1199: 1139 1631 1194) (1.29976 s)
>> 133806 (2717: 2648 3431 2723) (1.31502 s)
>> 119793 (219: 220 399 99) (1.27215 s)
>> 112221 (241: 124 1139 22) (1.28627 s)
>> 70334 (2646: 2526 3243 2648) (1.35145 s)
>> 0 (-1: -1 -1 -1) (1.33203 s)
Zelikovsky- 26.1024 s
>>> get_solution
  refine_solution: new weight 55463976 (was 55643635) in 0.000758 s
  refine_solution: new weight 55463976 (was 55463976) in 0.000733 s
>>> get_solution
  refine_solution: new weight 59185780 (was 59535555) in 0.000799 s
  refine_solution: new weight 59143782 (was 59185780) in 0.000726 s
  refine_solution: new weight 59143782 (was 59143782) in 0.000725 s
10,,3505,6921,50,,215,0,,59535555,59143782,57137823,55643635,55463976,,484466,2,@@

  handle_small_Steiner_degrees: steiner 0, suppress 0 in 5e-06 s
Starting round 11
Found 64 isolated vertices
Invalid ratios recomputed: 278
Best ratio is 530232/1 (530232.0), centered at 2526
Finding the best star... Star with 2 terminals centered in 2648
round took: 0.00714 s
|V| = 3561, |E| = 6916, |R| = 49
>> 530355 (2067: 1945 2070 1945) (0.001308 s)
>> 510623 (2592: 2112 2596 2112) (0.001211 s)
>> 453873 (3065: 2765 3070 2765) (0.001187 s)
>> 452471 (770: 650 775 650) (0.001157 s)
>> 375903 (3197: 2957 3204 2957) (0.001162 s)
>> 345443 (3113: 2993 3469 2993) (0.001164 s)
>> 454011 (1571: 1513 1562 1513) (0.001105 s)
>> 296709 (1305: 1005 1194 1005) (0.001111 s)
>> 574611 (741: 494 746 494) (0.001076 s)
>> 288586 (1638: 1459 1631 1459) (0.001055 s)
>> 384146 (839: 540 837 540) (0.001076 s)
>> 279324 (1782: 1722 1787 1722) (0.001013 s)
>> 185549 (247: 22 244 22) (0.000998 s)
>> 0 (-1: -1 -1 -1) (0.000863 s)
Zelikovsky 1.21221 s
>> 530355 (2067: 2367 2070 1945) (1.1625 s)
>> 453873 (3065: 3243 3070 2765) (1.16855 s)
>> 452471 (770: 650 1005 775) (1.16305 s)
>> 412211 (2592: 2648 2596 2112) (1.16402 s)
>> 381098 (2075: 2195 2367 1897) (1.18173 s)
>> 375903 (3197: 3431 3204 2957) (1.18735 s)
>> 345443 (3113: 2993 3510 3469) (1.22689 s)
>> 327168 (1518: 1459 1702 1513) (1.24252 s)
>> 325393 (1571: 1631 1562 1459) (1.27964 s)
>> 279324 (1782: 1787 2384 1722) (1.20827 s)
>> 230270 (741: 746 921 494) (1.20288 s)
>> 210298 (777: 837 650 540) (1.21852 s)
>> 185549 (247: 22 609 244) (1.21766 s)
>> 176700 (2495: 2496 2912 2195) (1.21783 s)
>> 169781 (1305: 1194 1787 837) (1.22178 s)
>> 146103 (1199: 1139 1631 1194) (1.23422 s)
>> 133806 (2717: 2648 3431 2723) (1.28337 s)
>> 119793 (219: 220 399 99) (1.30877 s)
>> 112221 (241: 124 1139 22) (1.34651 s)
>> 0 (-1: -1 -1 -1) (1.32696 s)
Zelikovsky- 24.5731 s
>>> get_solution
  refine_solution: new weight 55463976 (was 55643635) in 0.000781 s
  refine_solution: new weight 55463976 (was 55463976) in 0.000739 s
>>> get_solution
  refine_solution: new weight 59185780 (was 59535555) in 0.000807 s
  refine_solution: new weight 59143782 (was 59185780) in 0.000743 s
  refine_solution: new weight 59143782 (was 59143782) in 0.000725 s
11,,3497,6916,49,,278,0,,59535555,59143782,57137823,55643635,55463976,,530232,2,@@

  handle_small_Steiner_degrees: steiner 0, suppress 0 in 6e-06 s
Starting round 12
Found 68 isolated vertices
Invalid ratios recomputed: 344
Best ratio is 536948/1 (536948.0), centered at 124
Finding the best star... Star with 2 terminals centered in 244
round took: 0.014931 s
|V| = 3561, |E| = 6910, |R| = 48
>> 530355 (2067: 1945 2070 1945) (0.001465 s)
>> 510623 (2592: 2112 2596 2112) (0.001184 s)
>> 453873 (3065: 2765 3070 2765) (0.001144 s)
>> 452471 (770: 650 775 650) (0.001119 s)
>> 375903 (3197: 2957 3204 2957) (0.001128 s)
>> 345443 (3113: 2993 3469 2993) (0.001122 s)
>> 454011 (1571: 1513 1562 1513) (0.001069 s)
>> 296709 (1305: 1005 1194 1005) (0.001058 s)
>> 574611 (741: 494 746 494) (0.001047 s)
>> 288586 (1638: 1459 1631 1459) (0.00101 s)
>> 384146 (839: 540 837 540) (0.000998 s)
>> 279324 (1782: 1722 1787 1722) (0.000995 s)
>> 185549 (247: 22 244 22) (0.000968 s)
>> 0 (-1: -1 -1 -1) (0.000824 s)
Zelikovsky 1.29604 s
>> 530355 (2067: 2367 2070 1945) (1.25079 s)
>> 453873 (3065: 3243 3070 2765) (1.16045 s)
>> 452471 (770: 650 1005 775) (1.16053 s)
>> 412211 (2592: 2648 2596 2112) (1.166 s)
>> 381098 (2075: 2195 2367 1897) (1.16989 s)
>> 375903 (3197: 3431 3204 2957) (1.166 s)
>> 345443 (3113: 2993 3510 3469) (1.16063 s)
>> 327168 (1518: 1459 1702 1513) (1.16551 s)
>> 325393 (1571: 1631 1562 1459) (1.18821 s)
>> 279324 (1782: 1787 2384 1722) (1.19823 s)
>> 230270 (741: 746 921 494) (1.19865 s)
>> 210298 (777: 837 650 540) (1.21469 s)
>> 185549 (247: 22 609 244) (1.21485 s)
>> 176700 (2495: 2496 2912 2195) (1.21395 s)
>> 169781 (1305: 1194 1787 837) (1.21712 s)
>> 146103 (1199: 1139 1631 1194) (1.2305 s)
>> 133806 (2717: 2648 3431 2723) (1.243 s)
>> 119793 (219: 220 399 99) (1.24645 s)
>> 0 (-1: -1 -1 -1) (1.26355 s)
Zelikovsky- 22.8381 s
>>> get_solution
  refine_solution: new weight 55463976 (was 55643635) in 0.000762 s
  refine_solution: new weight 55463976 (was 55463976) in 0.000751 s
>>> get_solution
  refine_solution: new weight 59185780 (was 59535555) in 0.000805 s
  refine_solution: new weight 59143782 (was 59185780) in 0.000762 s
  refine_solution: new weight 59143782 (was 59143782) in 0.000725 s
12,,3493,6910,48,,344,0,,59535555,59143782,57137823,55643635,55463976,,536948,2,@@

  handle_small_Steiner_degrees: steiner 0, suppress 0 in 6e-06 s
Starting round 13
Found 73 isolated vertices
Invalid ratios recomputed: 227
Best ratio is 589214/1 (589214.0), centered at 2645
Finding the best star... Star with 2 terminals centered in 2765
round took: 0.006705 s
|V| = 3561, |E| = 6905, |R| = 47
>> 530355 (2067: 1945 2070 1945) (0.001238 s)
>> 510623 (2592: 2112 2596 2112) (0.001151 s)
>> 453873 (3065: 2765 3070 2765) (0.001118 s)
>> 452471 (770: 650 775 650) (0.001089 s)
>> 375903 (3197: 2957 3204 2957) (0.001095 s)
>> 345443 (3113: 2993 3469 2993) (0.001067 s)
>> 454011 (1571: 1513 1562 1513) (0.00104 s)
>> 296709 (1305: 1005 1194 1005) (0.001045 s)
>> 574611 (741: 494 746 494) (0.001009 s)
>> 288586 (1638: 1459 1631 1459) (0.000988 s)
>> 384146 (839: 540 837 540) (0.000983 s)
>> 279324 (1782: 1722 1787 1722) (0.00096 s)
>> 185549 (247: 22 244 22) (0.000931 s)
>> 0 (-1: -1 -1 -1) (0.00081 s)
Zelikovsky 1.16571 s
>> 530355 (2067: 2367 2070 1945) (1.16064 s)
>> 453873 (3065: 3243 3070 2765) (1.22065 s)
>> 452471 (770: 650 1005 775) (1.15568 s)
>> 412211 (2592: 3243 2596 2112) (1.15405 s)
>> 381098 (2075: 2195 2367 1897) (1.1662 s)
>> 375903 (3197: 3431 3204 2957) (1.16066 s)
>> 345443 (3113: 2993 3510 3469) (1.15974 s)
>> 327168 (1518: 1459 1702 1513) (1.16562 s)
>> 325393 (1571: 1631 1562 1459) (1.18825 s)
>> 279324 (1782: 1787 2384 1722) (1.19947 s)
>> 230270 (741: 746 921 494) (1.1991 s)
>> 210298 (777: 837 650 540) (1.21515 s)
>> 185549 (247: 22 609 244) (1.21524 s)
>> 176700 (2495: 2496 2912 2195) (1.21888 s)
>> 169781 (1305: 1194 1787 837) (1.23254 s)
>> 146103 (1199: 1139 1631 1194) (1.25383 s)
>> 133806 (2717: 3243 3431 2723) (1.25149 s)
>> 119793 (219: 220 399 99) (1.24696 s)
>> 0 (-1: -1 -1 -1) (1.24897 s)
Zelikovsky- 22.8222 s
>>> get_solution
  refine_solution: new weight 55463976 (was 55643635) in 0.000753 s
  refine_solution: new weight 55463976 (was 55463976) in 0.000732 s
>>> get_solution
  refine_solution: new weight 59185780 (was 59535555) in 0.000784 s
  refine_solution: new weight 59143782 (was 59185780) in 0.000749 s
  refine_solution: new weight 59143782 (was 59143782) in 0.000722 s
13,,3488,6905,47,,227,0,,59535555,59143782,57137823,55643635,55463976,,589214,2,@@

  handle_small_Steiner_degrees: steiner 0, suppress 0 in 6e-06 s
Starting round 14
Found 76 isolated vertices
Invalid ratios recomputed: 378
Best ratio is 641751/1 (641751.0), centered at 489
Finding the best star... Star with 2 terminals centered in 494
round took: 0.01573 s
|V| = 3561, |E| = 6897, |R| = 46
>> 530355 (2067: 1945 2070 1945) (0.001194 s)
>> 510623 (2592: 2112 2596 2112) (0.001119 s)
>> 453873 (3065: 2765 3070 2765) (0.001085 s)
>> 452471 (770: 650 775 650) (0.001082 s)
>> 375903 (3197: 2957 3204 2957) (0.001058 s)
>> 345443 (3113: 2993 3469 2993) (0.001043 s)
>> 454011 (1571: 1513 1562 1513) (0.001009 s)
>> 296709 (1305: 1005 1194 1005) (0.001009 s)
>> 574611 (741: 494 746 494) (0.000984 s)
>> 288586 (1638: 1459 1631 1459) (0.000959 s)
>> 384146 (839: 540 837 540) (0.000945 s)
>> 279324 (1782: 1722 1787 1722) (0.000925 s)
>> 176700 (2196: 1897 2195 1897) (0.00091 s)
>> 119793 (219: 99 220 99) (0.000881 s)
>> 282931 (398: 399 449 399) (0.00089 s)
>> 33962 (2386: 2271 2384 2271) (0.000866 s)
>> 0 (-1: -1 -1 -1) (0.000816 s)
Zelikovsky 1.15338 s
>> 530355 (2067: 2367 2070 1945) (1.1335 s)
>> 453873 (3065: 3243 3070 2765) (1.14478 s)
>> 452471 (770: 650 1005 775) (1.16007 s)
>> 412211 (2592: 3243 2596 2112) (1.15739 s)
>> 381098 (2075: 2195 2367 1897) (1.16807 s)
>> 375903 (3197: 3431 3204 2957) (1.16898 s)
>> 345443 (3113: 2993 3510 3469) (1.21363 s)
>> 327168 (1518: 1459 1702 1513) (1.27278 s)
>> 325393 (1571: 1631 1562 1459) (1.21504 s)
>> 279324 (1782: 1787 2384 1722) (1.21456 s)
>> 230270 (741: 746 921 494) (1.19294 s)
>> 210298 (777: 837 650 540) (1.22359 s)
>> 185549 (247: 22 746 244) (1.22059 s)
>> 176700 (2495: 2496 2912 2195) (1.22529 s)
>> 169781 (1305: 1194 1787 837) (1.22288 s)
>> 146103 (1199: 1139 1631 1194) (1.22416 s)
>> 133806 (2717: 3243 3431 2723) (1.26677 s)
>> 119793 (219: 220 399 99) (1.28328 s)
>> 0 (-1: -1 -1 -1) (1.26345 s)
Zelikovsky- 22.9816 s
>>> get_solution
  refine_solution: new weight 55339489 (was 55519148) in 0.000759 s
  refine_solution: new weight 55339489 (was 55339489) in 0.000732 s
>>> get_solution
  refine_solution: new weight 59146659 (was 59384213) in 0.000816 s
  refine_solution: new weight 59104661 (was 59146659) in 0.000737 s
  refine_solution: new weight 59104661 (was 59104661) in 0.000725 s
14,,3485,6897,46,,378,0,,59384213,59104661,57000606,55519148,55339489,,641751,2,@@

  handle_small_Steiner_degrees: steiner 0, suppress 0 in 6e-06 s
Starting round 15
Found 83 isolated vertices
Invalid ratios recomputed: 328
Best ratio is 643623/1 (643623.0), centered at 2596
Finding the best star... Star with 2 terminals centered in 2723
round took: 0.010526 s
|V| = 3561, |E| = 6887, |R| = 45
>> 530355 (2067: 1945 2070 1945) (0.001173 s)
>> 460540 (2592: 2112 2723 2112) (0.001087 s)
>> 453873 (3065: 2765 3070 2765) (0.001062 s)
>> 454011 (1571: 1513 1562 1513) (0.001021 s)
>> 452471 (770: 650 775 650) (0.001005 s)
>> 375903 (3197: 2957 3204 2957) (0.001009 s)
>> 345443 (3113: 2993 3469 2993) (0.000992 s)
>> 296709 (1305: 1005 1194 1005) (0.000967 s)
>> 574611 (741: 494 746 494) (0.000962 s)
>> 288586 (1638: 1459 1631 1459) (0.000932 s)
>> 384146 (839: 540 837 540) (0.000904 s)
>> 279324 (1782: 1722 1787 1722) (0.00089 s)
>> 176700 (2196: 1897 2195 1897) (0.000863 s)
>> 119793 (219: 99 220 99) (0.000842 s)
>> 282931 (398: 399 449 399) (0.000836 s)
>> 33962 (2386: 2271 2384 2271) (0.000819 s)
>> 0 (-1: -1 -1 -1) (0.000786 s)
Zelikovsky 1.15035 s
>> 530355 (2067: 2367 2070 1945) (1.14144 s)
>> 453873 (3065: 3243 3070 2765) (1.14559 s)
>> 452471 (770: 650 1005 775) (1.14819 s)
>> 381098 (2075: 2195 2367 1897) (1.14586 s)
>> 375903 (3197: 3431 3204 2957) (1.1665 s)
>> 345443 (3113: 2993 3510 3469) (1.20552 s)
>> 327168 (1518: 1459 1702 1513) (1.1554 s)
>> 325393 (1571: 1631 1562 1459) (1.18571 s)
>> 304906 (2592: 3243 2723 2112) (1.18956 s)
>> 279324 (1782: 1787 2384 1722) (1.18034 s)
>> 230270 (741: 746 921 494) (1.18093 s)
>> 210298 (777: 837 650 540) (1.21317 s)
>> 185549 (247: 22 746 244) (1.25445 s)
>> 176700 (2495: 2496 2912 2195) (1.20511 s)
>> 169781 (1305: 1194 1787 837) (1.20373 s)
>> 146103 (1199: 1139 1631 1194) (1.22673 s)
>> 119793 (219: 220 399 99) (1.23392 s)
>> 0 (-1: -1 -1 -1) (1.23401 s)
Zelikovsky- 21.4251 s
>>> get_solution
  refine_solution: new weight 55339489 (was 55519148) in 0.000754 s
  refine_solution: new weight 55339489 (was 55339489) in 0.000731 s
>>> get_solution
  refine_solution: new weight 59062936 (was 59255765) in 0.000806 s
  refine_solution: new weight 59020938 (was 59062936) in 0.000731 s
  refine_solution: new weight 59020938 (was 59020938) in 0.000724 s
15,,3478,6887,45,,328,0,,59255765,59020938,56922241,55519148,55339489,,643623,2,@@

  handle_small_Steiner_degrees: steiner 0, suppress 0 in 7e-06 s
Starting round 16
Found 92 isolated vertices
Invalid ratios recomputed: 371
Best ratio is 697752/1 (697752.0), centered at 775
Finding the best star... Star with 2 terminals centered in 837
round took: 0.011293 s
|V| = 3561, |E| = 6883, |R| = 44
>> 530355 (2067: 1945 2070 1945) (0.001136 s)
>> 460540 (2592: 2112 2723 2112) (0.001067 s)
>> 453873 (3065: 2765 3070 2765) (0.001036 s)
>> 454011 (1571: 1513 1562 1513) (0.001006 s)
>> 375903 (3197: 2957 3204 2957) (0.000985 s)
>> 345443 (3113: 2993 3469 2993) (0.000975 s)
>> 315364 (770: 650 837 650) (0.000949 s)
>> 621255 (741: 494 746 494) (0.000932 s)
>> 296709 (1305: 1005 1194 1005) (0.000919 s)
>> 288586 (1638: 1459 1631 1459) (0.000908 s)
>> 279324 (1782: 1722 1787 1722) (0.000868 s)
>> 176700 (2196: 1897 2195 1897) (0.000855 s)
>> 119793 (219: 99 220 99) (0.000842 s)
>> 282931 (398: 399 449 399) (0.000825 s)
>> 33962 (2386: 2271 2384 2271) (0.000819 s)
>> 0 (-1: -1 -1 -1) (0.000776 s)
Zelikovsky 1.13459 s
>> 530355 (2067: 2367 2070 1945) (1.12139 s)
>> 453873 (3065: 3243 3070 2765) (1.13043 s)
>> 381098 (2075: 2195 2367 1897) (1.13294 s)
>> 375903 (3197: 3431 3204 2957) (1.13258 s)
>> 345443 (3113: 2993 3510 3469) (1.13337 s)
>> 327168 (1518: 1459 1702 1513) (1.14016 s)
>> 325393 (1571: 1631 1562 1459) (1.16178 s)
>> 315364 (770: 650 1005 837) (1.17609 s)
>> 304906 (2592: 3243 2723 2112) (1.18182 s)
>> 279324 (1782: 1787 2384 1722) (1.18129 s)
>> 230270 (741: 746 921 494) (1.18175 s)
>> 185549 (247: 22 746 244) (1.19576 s)
>> 176700 (2495: 2496 2912 2195) (1.19613 s)
>> 169781 (1305: 1194 1787 650) (1.19884 s)
>> 146103 (1199: 1139 1631 1194) (1.20487 s)
>> 119793 (219: 220 399 99) (1.21626 s)
>> 0 (-1: -1 -1 -1) (1.21863 s)
Zelikovsky- 19.9119 s
>>> get_solution
  refine_solution: new weight 55549787 (was 55729446) in 0.00075 s
  refine_solution: new weight 55549787 (was 55549787) in 0.00073 s
>>> get_solution
  refine_solution: new weight 59378300 (was 59571129) in 0.000808 s
  refine_solution: new weight 59336302 (was 59378300) in 0.000737 s
  refine_solution: new weight 59336302 (was 59336302) in 0.000728 s
16,,3469,6883,44,,371,0,,59571129,59336302,56922241,55729446,55549787,,697752,2,@@

  delete_edges: deleted 59 edges in 0.000392 s and 2 rounds
  handle_small_Steiner_degrees: steiner 4, suppress 41 in 2.7e-05 s
Starting round 17
Found 140 isolated vertices
Invalid ratios recomputed: 393
Best ratio is 707515/1 (707515.0), centered at 2263
Finding the best star... Star with 2 terminals centered in 2271
round took: 0.011038 s
|V| = 3561, |E| = 6766, |R| = 43
>> 530355 (2067: 1945 2070 1945) (0.001111 s)
>> 460540 (2592: 2112 2723 2112) (0.001032 s)
>> 453873 (3065: 2765 3070 2765) (0.000994 s)
>> 454011 (1571: 1513 1562 1513) (0.000959 s)
>> 375903 (3197: 2957 3204 2957) (0.000953 s)
>> 345443 (3113: 2993 3469 2993) (0.00094 s)
>> 315364 (770: 650 837 650) (0.000914 s)
>> 621255 (741: 494 746 494) (0.000895 s)
>> 296709 (1305: 1005 1194 1005) (0.000885 s)
>> 288586 (1638: 1459 1631 1459) (0.000876 s)
>> 176700 (2196: 1897 2195 1897) (0.000841 s)
>> 119793 (219: 99 220 99) (0.000819 s)
>> 282931 (398: 399 449 399) (0.000799 s)
>> 48514 (1782: 1722 1787 1722) (0.000779 s)
>> 0 (-1: -1 -1 -1) (0.000787 s)
Zelikovsky 1.09356 s
>> 530355 (2067: 2367 2070 1945) (1.09849 s)
>> 453873 (3065: 3243 3070 2765) (1.10825 s)
>> 381098 (2075: 2195 2367 1897) (1.09726 s)
>> 375903 (3197: 3431 3204 2957) (1.09638 s)
>> 345443 (3113: 2993 3510 3469) (1.09769 s)
>> 327168 (1518: 1459 1702 1513) (1.10224 s)
>> 325393 (1571: 1631 1562 1459) (1.12488 s)
>> 315364 (770: 650 1005 837) (1.13843 s)
>> 304906 (2592: 3243 2723 2112) (1.14379 s)
>> 230270 (741: 746 921 494) (1.14737 s)
>> 185549 (247: 22 746 244) (1.16648 s)
>> 176700 (2495: 2496 2912 2195) (1.16294 s)
>> 169781 (1305: 1194 1722 650) (1.15881 s)
>> 146103 (1199: 1139 1631 1194) (1.1659 s)
>> 119793 (219: 220 399 99) (1.17929 s)
>> 48514 (1782: 1787 2271 1139) (1.18547 s)
>> 0 (-1: -1 -1 -1) (1.18064 s)
Zelikovsky- 19.3621 s
>>> get_solution
  refine_solution: new weight 55549787 (was 55729446) in 0.00075 s
  refine_solution: new weight 55549787 (was 55549787) in 0.00073 s
>>> get_solution
  refine_solution: new weight 59366734 (was 59469327) in 0.000781 s
  refine_solution: new weight 59366734 (was 59366734) in 0.00074 s
17,,3421,6766,43,,393,0,,59469327,59366734,56750699,55729446,55549787,,707515,2,@@

  handle_small_Steiner_degrees: steiner 0, suppress 1 in 7e-06 s
Starting round 18
Found 150 isolated vertices
Invalid ratios recomputed: 419
Best ratio is 1426242/2 (713121.0), centered at 2196
Finding the best star... Star with 3 terminals centered in 1897
round took: 0.018268 s
|V| = 3561, |E| = 6749, |R| = 41
>> 530355 (2067: 1945 2070 1945) (0.001062 s)
>> 460540 (2592: 2112 2723 2112) (0.000989 s)
>> 453873 (3065: 2765 3070 2765) (0.000936 s)
>> 454011 (1571: 1513 1562 1513) (0.000906 s)
>> 375903 (3197: 2957 3204 2957) (0.000905 s)
>> 345443 (3113: 2993 3469 2993) (0.000885 s)
>> 315364 (770: 650 837 650) (0.000854 s)
>> 621255 (741: 494 746 494) (0.000856 s)
>> 296709 (1305: 1005 1194 1005) (0.000821 s)
>> 288586 (1638: 1459 1631 1459) (0.000811 s)
>> 119793 (219: 99 220 99) (0.000781 s)
>> 282931 (398: 399 449 399) (0.000787 s)
>> 48514 (1782: 1722 1787 1722) (0.000745 s)
>> 0 (-1: -1 -1 -1) (0.000739 s)
Zelikovsky 1.0954 s
>> 530355 (2067: 2367 2070 1945) (1.08325 s)
>> 453873 (3065: 3243 3070 2765) (1.09333 s)
>> 375903 (3197: 3431 3204 2957) (1.09017 s)
>> 345443 (3113: 2993 3510 3469) (1.0895 s)
>> 327168 (1518: 1459 1702 1513) (1.09498 s)
>> 325393 (1571: 1631 1562 1459) (1.11627 s)
>> 315364 (770: 650 1005 837) (1.12992 s)
>> 304906 (2592: 3243 2723 2112) (1.13302 s)
>> 230270 (741: 746 921 494) (1.13393 s)
>> 185549 (247: 22 746 244) (1.15053 s)
>> 169781 (1305: 1194 1722 650) (1.15302 s)
>> 146103 (1199: 1139 1631 1194) (1.15432 s)
>> 119793 (219: 220 399 99) (1.16536 s)
>> 48514 (1782: 1787 2271 1139) (1.16727 s)
>> 0 (-1: -1 -1 -1) (1.17002 s)
Zelikovsky- 16.9319 s
>>> get_solution
  refine_solution: new weight 55798151 (was 55977810) in 0.000752 s
  refine_solution: new weight 55798151 (was 55798151) in 0.000727 s
>>> get_solution
  refine_solution: new weight 59438398 (was 59540991) in 0.0008 s
  refine_solution: new weight 59438398 (was 59438398) in 0.000734 s
18,,3411,6749,41,,419,0,,59540991,59438398,56617965,55977810,55798151,,1426242,3,@@

  handle_small_Steiner_degrees: steiner 0, suppress 0 in 5e-06 s
Starting round 19
Found 162 isolated vertices
Invalid ratios recomputed: 391
Best ratio is 775062/1 (775062.0), centered at 240
Finding the best star... Star with 2 terminals centered in 540
round took: 0.012771 s
|V| = 3561, |E| = 6741, |R| = 40
>> 530355 (2067: 1945 2070 1945) (0.001007 s)
>> 460540 (2592: 2112 2723 2112) (0.00094 s)
>> 453873 (3065: 2765 3070 2765) (0.000933 s)
>> 454011 (1571: 1513 1562 1513) (0.000889 s)
>> 375903 (3197: 2957 3204 2957) (0.000877 s)
>> 345443 (3113: 2993 3469 2993) (0.000861 s)
>> 315364 (770: 650 837 650) (0.000845 s)
>> 621255 (741: 494 746 494) (0.000829 s)
>> 296709 (1305: 1005 1194 1005) (0.000803 s)
>> 288586 (1638: 1459 1631 1459) (0.000809 s)
>> 119793 (219: 99 220 99) (0.000765 s)
>> 282931 (398: 399 449 399) (0.000749 s)
>> 48514 (1782: 1722 1787 1722) (0.000745 s)
>> 0 (-1: -1 -1 -1) (0.000742 s)
Zelikovsky 1.0756 s
>> 530355 (2067: 2367 2070 1945) (1.07458 s)
>> 453873 (3065: 3243 3070 2765) (1.08251 s)
>> 375903 (3197: 3431 3204 2957) (1.08462 s)
>> 345443 (3113: 2993 3510 3469) (1.08498 s)
>> 327168 (1518: 1459 1702 1513) (1.09042 s)
>> 325393 (1571: 1631 1562 1459) (1.11147 s)
>> 315364 (770: 650 1005 837) (1.12601 s)
>> 304906 (2592: 3243 2723 2112) (1.12945 s)
>> 230270 (741: 746 921 494) (1.13014 s)
>> 185549 (247: 22 746 540) (1.14515 s)
>> 169781 (1305: 1194 1722 650) (1.14461 s)
>> 146103 (1199: 1139 1631 1194) (1.15266 s)
>> 119793 (219: 220 399 99) (1.16718 s)
>> 48514 (1782: 1787 2271 1139) (1.18266 s)
>> 0 (-1: -1 -1 -1) (1.18096 s)
Zelikovsky- 16.8944 s
>>> get_solution
  refine_solution: new weight 55798151 (was 55977810) in 0.000755 s
  refine_solution: new weight 55798151 (was 55798151) in 0.000729 s
>>> get_solution
  refine_solution: new weight 59438398 (was 59540991) in 0.000787 s
  refine_solution: new weight 59438398 (was 59438398) in 0.000741 s
19,,3399,6741,40,,391,0,,59540991,59438398,56617965,55977810,55798151,,775062,2,@@

  handle_small_Steiner_degrees: steiner 0, suppress 0 in 6e-06 s
Starting round 20
Found 168 isolated vertices
Invalid ratios recomputed: 329
Best ratio is 782383/1 (782383.0), centered at 219
Finding the best star... Star with 2 terminals centered in 399
round took: 0.010545 s
|V| = 3561, |E| = 6736, |R| = 39
>> 530355 (2067: 1945 2070 1945) (0.001016 s)
>> 460540 (2592: 2112 2723 2112) (0.000926 s)
>> 453873 (3065: 2765 3070 2765) (0.000897 s)
>> 454011 (1571: 1513 1562 1513) (0.000888 s)
>> 375903 (3197: 2957 3204 2957) (0.000856 s)
>> 345443 (3113: 2993 3469 2993) (0.000836 s)
>> 315364 (770: 650 837 650) (0.000816 s)
>> 621255 (741: 494 746 494) (0.000804 s)
>> 296709 (1305: 1005 1194 1005) (0.000783 s)
>> 288586 (1638: 1459 1631 1459) (0.000759 s)
>> 81275 (211: 99 399 99) (0.000751 s)
>> 748858 (929: 449 921 449) (0.000731 s)
>> 48514 (1782: 1722 1787 1722) (0.00072 s)
>> 0 (-1: -1 -1 -1) (0.00069 s)
Zelikovsky 1.07306 s
>> 530355 (2067: 2367 2070 1945) (1.10736 s)
>> 453873 (3065: 3243 3070 2765) (1.09657 s)
>> 375903 (3197: 3431 3204 2957) (1.09896 s)
>> 345443 (3113: 2993 3510 3469) (1.08764 s)
>> 327168 (1518: 1459 1702 1513) (1.10551 s)
>> 325393 (1571: 1631 1562 1459) (1.11703 s)
>> 315364 (770: 650 1005 837) (1.13589 s)
>> 304906 (2592: 3243 2723 2112) (1.15568 s)
>> 230270 (741: 746 921 494) (1.18896 s)
>> 185549 (247: 22 746 540) (1.17192 s)
>> 169781 (1305: 1194 1722 650) (1.165 s)
>> 146103 (1199: 1139 1631 1194) (1.16276 s)
>> 81275 (211: 99 449 399) (1.1709 s)
>> 48514 (1782: 1787 2271 1139) (1.18212 s)
>> 0 (-1: -1 -1 -1) (1.17592 s)
Zelikovsky- 17.1297 s
>>> get_solution
  refine_solution: new weight 55716876 (was 55896535) in 0.000759 s
  refine_solution: new weight 55716876 (was 55716876) in 0.000742 s
>>> get_solution
  refine_solution: new weight 59318605 (was 59421198) in 0.000794 s
  refine_solution: new weight 59318605 (was 59318605) in 0.000729 s
20,,3393,6736,39,,329,0,,59421198,59318605,57817009,55896535,55716876,,782383,2,@@

  handle_small_Steiner_degrees: steiner 0, suppress 3 in 9e-06 s
Starting round 21
Found 175 isolated vertices
Invalid ratios recomputed: 172
Best ratio is 818917/1 (818917.0), centered at 2723
Finding the best star... Star with 2 terminals centered in 2957
round took: 0.004694 s
|V| = 3561, |E| = 6725, |R| = 38
>> 530355 (2067: 1945 2070 1945) (0.00098 s)
>> 460540 (2592: 2112 2765 2112) (0.000914 s)
>> 390255 (3075: 2957 3070 2957) (0.000872 s)
>> 345443 (3113: 2993 3469 2993) (0.000851 s)
>> 454011 (1571: 1513 1562 1513) (0.00082 s)
>> 315364 (770: 650 837 650) (0.000825 s)
>> 621255 (741: 494 746 494) (0.000802 s)
>> 296709 (1305: 1005 1194 1005) (0.000788 s)
>> 288586 (1638: 1459 1631 1459) (0.000781 s)
>> 81275 (211: 99 399 99) (0.000743 s)
>> 748858 (929: 449 921 449) (0.000729 s)
>> 48514 (1782: 1722 1787 1722) (0.000713 s)
>> 0 (-1: -1 -1 -1) (0.000706 s)
Zelikovsky 1.06954 s
>> 530355 (2067: 2367 2070 1945) (1.08804 s)
>> 453873 (3065: 3243 3070 2765) (1.09744 s)
>> 375903 (3197: 3431 3204 2957) (1.09831 s)
>> 345443 (3113: 2993 3510 3469) (1.0929 s)
>> 327168 (1518: 1459 1702 1513) (1.0972 s)
>> 325393 (1571: 1631 1562 1459) (1.11795 s)
>> 315364 (770: 650 1005 837) (1.13512 s)
>> 304906 (2592: 3243 3431 2112) (1.14269 s)
>> 230270 (741: 746 921 494) (1.15592 s)
>> 185549 (247: 22 746 540) (1.17036 s)
>> 169781 (1305: 1194 1722 650) (1.15707 s)
>> 146103 (1199: 1139 1631 1194) (1.16378 s)
>> 81275 (211: 99 449 399) (1.18325 s)
>> 48514 (1782: 1787 2271 1139) (1.19915 s)
>> 0 (-1: -1 -1 -1) (1.25745 s)
Zelikovsky- 17.1645 s
>>> get_solution
  refine_solution: new weight 55716876 (was 55896535) in 0.000759 s
  refine_solution: new weight 55716876 (was 55716876) in 0.000948 s
>>> get_solution
  refine_solution: new weight 59318605 (was 59421198) in 0.000811 s
  refine_solution: new weight 59318605 (was 59318605) in 0.000732 s
21,,3386,6725,38,,172,0,,59421198,59318605,58075045,55896535,55716876,,818917,2,@@

  handle_small_Steiner_degrees: steiner 0, suppress 0 in 6e-06 s
Starting round 22
Found 179 isolated vertices
Invalid ratios recomputed: 426
Best ratio is 839824/1 (839824.0), centered at 1897
Finding the best star... Star with 2 terminals centered in 1897
round took: 0.014518 s
|V| = 3561, |E| = 6715, |R| = 37
>> 530355 (2067: 1897 1945 1897) (0.000968 s)
>> 460540 (2592: 2112 2765 2112) (0.000883 s)
>> 390255 (3075: 2957 3070 2957) (0.000849 s)
>> 345443 (3113: 2993 3469 2993) (0.00084 s)
>> 454011 (1571: 1513 1562 1513) (0.000804 s)
>> 315364 (770: 650 837 650) (0.000792 s)
>> 621255 (741: 494 746 494) (0.000789 s)
>> 296709 (1305: 1005 1194 1005) (0.000774 s)
>> 288586 (1638: 1459 1631 1459) (0.000735 s)
>> 81275 (211: 99 399 99) (0.00072 s)
>> 748858 (929: 449 921 449) (0.000745 s)
>> 48514 (1782: 1722 1787 1722) (0.000685 s)
>> 0 (-1: -1 -1 -1) (0.000664 s)
Zelikovsky 1.08494 s
>> 530355 (2067: 2367 1945 1897) (1.07333 s)
>> 453873 (3065: 3243 3070 2765) (1.1423 s)
>> 375903 (3197: 3431 3204 2957) (1.0821 s)
>> 345443 (3113: 2993 3510 3469) (1.08168 s)
>> 327168 (1518: 1459 1702 1513) (1.09203 s)
>> 325393 (1571: 1631 1562 1459) (1.16584 s)
>> 315364 (770: 650 1005 837) (1.24189 s)
>> 304906 (2592: 3243 3431 2112) (1.26148 s)
>> 230270 (741: 746 921 494) (1.25156 s)
>> 185549 (247: 22 746 540) (1.23382 s)
>> 169781 (1305: 1194 1722 650) (1.13608 s)
>> 146103 (1199: 1139 1631 1194) (1.14492 s)
>> 81275 (211: 99 449 399) (1.16059 s)
>> 48514 (1782: 1787 2271 1139) (1.16776 s)
>> 0 (-1: -1 -1 -1) (1.17281 s)
Zelikovsky- 17.416 s
>>> get_solution
  refine_solution: new weight 55716876 (was 55896535) in 0.000779 s
  refine_solution: new weight 55716876 (was 55716876) in 0.000734 s
>>> get_solution
  refine_solution: new weight 59318605 (was 59421198) in 0.000794 s
  refine_solution: new weight 59318605 (was 59318605) in 0.000741 s
22,,3382,6715,37,,426,0,,59421198,59318605,58075045,55896535,55716876,,839824,2,@@

  handle_small_Steiner_degrees: steiner 0, suppress 1 in 8e-06 s
Starting round 23
Found 187 isolated vertices
Invalid ratios recomputed: 400
Best ratio is 1747739/2 (873869.5), centered at 3197
Finding the best star... Star with 3 terminals centered in 3204
round took: 0.015206 s
|V| = 3561, |E| = 6692, |R| = 35
>> 530355 (2067: 1897 1945 1897) (0.000906 s)
>> 460540 (2592: 2112 2765 2112) (0.000835 s)
>> 345443 (3113: 2993 3469 2993) (0.000803 s)
>> 454011 (1571: 1513 1562 1513) (0.000775 s)
>> 315364 (770: 650 837 650) (0.000767 s)
>> 621255 (741: 494 746 494) (0.000756 s)
>> 296709 (1305: 1005 1194 1005) (0.000733 s)
>> 288586 (1638: 1459 1631 1459) (0.000713 s)
>> 81275 (211: 99 399 99) (0.000696 s)
>> 748858 (929: 449 921 449) (0.000682 s)
>> 48514 (1782: 1722 1787 1722) (0.000655 s)
>> 0 (-1: -1 -1 -1) (0.000651 s)
Zelikovsky 1.04532 s
>> 530355 (2067: 2367 1945 1897) (1.05488 s)
>> 362128 (2592: 2765 3204 2112) (1.06032 s)
>> 345443 (3113: 2993 3510 3469) (1.06891 s)
>> 327168 (1518: 1459 1702 1513) (1.07246 s)
>> 325393 (1571: 1631 1562 1459) (1.09386 s)
>> 315364 (770: 650 1005 837) (1.10583 s)
>> 230270 (741: 746 921 494) (1.11861 s)
>> 185549 (247: 22 746 540) (1.13502 s)
>> 169781 (1305: 1194 1722 650) (1.14587 s)
>> 165319 (3065: 3243 3070 2765) (1.14327 s)
>> 146103 (1199: 1139 1631 1194) (1.15221 s)
>> 81275 (211: 99 449 399) (1.15314 s)
>> 48514 (1782: 1787 2271 1139) (1.17658 s)
>> 0 (-1: -1 -1 -1) (1.17626 s)
Zelikovsky- 15.664 s
>>> get_solution
  refine_solution: new weight 55716876 (was 55896535) in 0.000757 s
  refine_solution: new weight 55716876 (was 55716876) in 0.000733 s
>>> get_solution
  refine_solution: new weight 58673952 (was 58776545) in 0.000796 s
  refine_solution: new weight 58673952 (was 58673952) in 0.000731 s
23,,3374,6692,35,,400,0,,58776545,58673952,57982328,55896535,55716876,,1747739,3,@@

  handle_small_Steiner_degrees: steiner 0, suppress 1 in 8e-06 s
Starting round 24
Found 205 isolated vertices
Invalid ratios recomputed: 571
Best ratio is 1844286/2 (922143.0), centered at 2363
Finding the best star... Star with 3 terminals centered in 2367
round took: 0.024358 s
|V| = 3561, |E| = 6669, |R| = 33
>> 362128 (2592: 2112 2367 2112) (0.000864 s)
>> 545694 (3065: 2765 3070 2765) (0.000788 s)
>> 454011 (1571: 1513 1562 1513) (0.000744 s)
>> 345443 (3113: 2993 3469 2993) (0.000731 s)
>> 315364 (770: 650 837 650) (0.000709 s)
>> 621255 (741: 494 746 494) (0.000707 s)
>> 296709 (1305: 1005 1194 1005) (0.00068 s)
>> 288586 (1638: 1459 1631 1459) (0.000674 s)
>> 81275 (211: 99 399 99) (0.000639 s)
>> 748858 (929: 449 921 449) (0.000636 s)
>> 48514 (1782: 1722 1787 1722) (0.00061 s)
>> 0 (-1: -1 -1 -1) (0.000598 s)
Zelikovsky 1.04226 s
>> 362128 (2592: 2765 2367 2112) (1.06148 s)
>> 345443 (3113: 2993 3510 3469) (1.06938 s)
>> 327168 (1518: 1459 1702 1513) (1.07126 s)
>> 325393 (1571: 1631 1562 1459) (1.09039 s)
>> 315364 (770: 650 1005 837) (1.10101 s)
>> 230270 (741: 746 921 494) (1.10594 s)
>> 185549 (247: 22 746 540) (1.11942 s)
>> 169781 (1305: 1194 1722 650) (1.11884 s)
>> 165319 (3065: 3243 3070 2765) (1.12707 s)
>> 146103 (1199: 1139 1631 1194) (1.12678 s)
>> 81275 (211: 99 449 399) (1.14467 s)
>> 48514 (1782: 1787 2271 1139) (1.15166 s)
>> 0 (-1: -1 -1 -1) (1.15 s)
Zelikovsky- 14.4443 s
>>> get_solution
  refine_solution: new weight 55772286 (was 55951945) in 0.000763 s
  refine_solution: new weight 55772286 (was 55772286) in 0.000732 s
>>> get_solution
  refine_solution: new weight 58199007 (was 58301600) in 0.000791 s
  refine_solution: new weight 58199007 (was 58199007) in 0.000732 s
24,,3356,6669,33,,571,0,,58301600,58199007,57872419,55951945,55772286,,1844286,3,@@

  handle_small_Steiner_degrees: steiner 0, suppress 0 in 6e-06 s
Starting round 25
Found 221 isolated vertices
Invalid ratios recomputed: 700
Best ratio is 924649/1 (924649.0), centered at 3237
Finding the best star... Star with 2 terminals centered in 3243
round took: 0.037326 s
|V| = 3561, |E| = 6661, |R| = 32
>> 362128 (2592: 2112 2367 2112) (0.000818 s)
>> 545694 (3065: 2765 3070 2765) (0.000768 s)
>> 454011 (1571: 1513 1562 1513) (0.000735 s)
>> 345443 (3113: 2993 3243 2993) (0.000709 s)
>> 315364 (770: 650 837 650) (0.000685 s)
>> 621255 (741: 494 746 494) (0.000692 s)
>> 296709 (1305: 1005 1194 1005) (0.000677 s)
>> 288586 (1638: 1459 1631 1459) (0.000638 s)
>> 81275 (211: 99 399 99) (0.000616 s)
>> 748858 (929: 449 921 449) (0.000629 s)
>> 48514 (1782: 1722 1787 1722) (0.000615 s)
>> 0 (-1: -1 -1 -1) (0.000584 s)
Zelikovsky 1.03479 s
>> 362128 (2592: 2765 2367 2112) (1.06472 s)
>> 345443 (3113: 2993 3510 3243) (1.06444 s)
>> 327168 (1518: 1459 1702 1513) (1.06456 s)
>> 325393 (1571: 1631 1562 1459) (1.08204 s)
>> 315364 (770: 650 1005 837) (1.1042 s)
>> 230270 (741: 746 921 494) (1.0977 s)
>> 185549 (247: 22 746 540) (1.1126 s)
>> 169781 (1305: 1194 1722 650) (1.11764 s)
>> 165319 (3065: 2993 3070 2765) (1.1395 s)
>> 146103 (1199: 1139 1631 1194) (1.1351 s)
>> 81275 (211: 99 449 399) (1.13263 s)
>> 48514 (1782: 1787 2271 1139) (1.13982 s)
>> 0 (-1: -1 -1 -1) (1.14135 s)
Zelikovsky- 14.4029 s
>>> get_solution
  refine_solution: new weight 55772286 (was 55951945) in 0.000791 s
  refine_solution: new weight 55772286 (was 55772286) in 0.000783 s
>>> get_solution
  refine_solution: new weight 58199007 (was 58301600) in 0.000789 s
  refine_solution: new weight 58199007 (was 58199007) in 0.000732 s
25,,3340,6661,32,,700,0,,58301600,58199007,57872419,55951945,55772286,,924649,2,@@

  handle_small_Steiner_degrees: steiner 0, suppress 1 in 6e-06 s
Starting round 26
Found 229 isolated vertices
Invalid ratios recomputed: 395
Best ratio is 954220/1 (954220.0), centered at 22
Finding the best star... Star with 2 terminals centered in 494
round took: 0.015298 s
|V| = 3561, |E| = 6644, |R| = 31
>> 362128 (2592: 2112 2367 2112) (0.000813 s)
>> 545694 (3065: 2765 3070 2765) (0.000745 s)
>> 454011 (1571: 1513 1562 1513) (0.000706 s)
>> 345443 (3113: 2993 3243 2993) (0.00069 s)
>> 315364 (770: 650 837 650) (0.000666 s)
>> 621255 (741: 494 746 494) (0.000662 s)
>> 296709 (1305: 1005 1194 1005) (0.000648 s)
>> 288586 (1638: 1459 1631 1459) (0.000614 s)
>> 81275 (211: 99 399 99) (0.000604 s)
>> 0 (-1: -1 -1 -1) (0.00055 s)
Zelikovsky 1.03032 s
>> 362128 (2592: 2765 2367 2112) (1.04901 s)
>> 345443 (3113: 2993 3510 3243) (1.0907 s)
>> 327168 (1518: 1459 1702 1513) (1.08266 s)
>> 325393 (1571: 1631 1562 1459) (1.09212 s)
>> 315364 (770: 650 1005 837) (1.09178 s)
>> 230270 (741: 746 921 494) (1.111 s)
>> 169781 (1305: 1194 1722 650) (1.11511 s)
>> 165319 (3065: 2993 3070 2765) (1.12218 s)
>> 146103 (1199: 1139 1631 1194) (1.11453 s)
>> 81275 (211: 99 449 399) (1.17336 s)
>> 48514 (1782: 1787 2271 1139) (1.12999 s)
>> 0 (-1: -1 -1 -1) (1.13479 s)
Zelikovsky- 13.3135 s
>>> get_solution
  refine_solution: new weight 55772286 (was 55994571) in 0.000759 s
  refine_solution: new weight 55772286 (was 55772286) in 0.000735 s
>>> get_solution
  refine_solution: new weight 58086786 (was 58232005) in 0.0008 s
  refine_solution: new weight 58086786 (was 58086786) in 0.000739 s
26,,3332,6644,31,,395,0,,58232005,58086786,56498197,55994571,55772286,,954220,2,@@

  handle_small_Steiner_degrees: steiner 0, suppress 0 in 4e-06 s
Starting round 27
Found 239 isolated vertices
Invalid ratios recomputed: 426
Best ratio is 971454/1 (971454.0), centered at 1897
Finding the best star... Star with 2 terminals centered in 1897
round took: 0.015058 s
|V| = 3561, |E| = 6632, |R| = 30
>> 362128 (2592: 2112 2367 2112) (0.000767 s)
>> 545694 (3065: 2765 3070 2765) (0.000712 s)
>> 454011 (1571: 1513 1562 1513) (0.000674 s)
>> 345443 (3113: 2993 3243 2993) (0.000667 s)
>> 315364 (770: 650 837 650) (0.000646 s)
>> 621255 (741: 494 746 494) (0.000641 s)
>> 296709 (1305: 1005 1194 1005) (0.000617 s)
>> 288586 (1638: 1459 1631 1459) (0.000603 s)
>> 81275 (211: 99 399 99) (0.000597 s)
>> 0 (-1: -1 -1 -1) (0.000543 s)
Zelikovsky 1.01676 s
>> 362128 (2592: 2765 2367 2112) (1.03669 s)
>> 345443 (3113: 2993 3510 3243) (1.05043 s)
>> 327168 (1518: 1459 1702 1513) (1.049 s)
>> 325393 (1571: 1631 1562 1459) (1.0683 s)
>> 315364 (770: 650 1005 837) (1.07919 s)
>> 230270 (741: 746 921 494) (1.08334 s)
>> 169781 (1305: 1194 1722 650) (1.10053 s)
>> 165319 (3065: 2993 3070 2765) (1.10467 s)
>> 146103 (1199: 1139 1631 1194) (1.10195 s)
>> 81275 (211: 99 449 399) (1.11566 s)
>> 48514 (1782: 1787 2271 1139) (1.12193 s)
>> 0 (-1: -1 -1 -1) (1.12142 s)
Zelikovsky- 13.0389 s
>>> get_solution
  refine_solution: new weight 55772286 (was 55994571) in 0.00076 s
  refine_solution: new weight 55772286 (was 55772286) in 0.000735 s
>>> get_solution
  refine_solution: new weight 58086786 (was 58232005) in 0.00082 s
  refine_solution: new weight 58086786 (was 58086786) in 0.000736 s
27,,3322,6632,30,,426,0,,58232005,58086786,56498197,55994571,55772286,,971454,2,@@

  handle_small_Steiner_degrees: steiner 0, suppress 1 in 9e-06 s
Starting round 28
Found 249 isolated vertices
Invalid ratios recomputed: 500
Best ratio is 978133/1 (978133.0), centered at 650
Finding the best star... Star with 2 terminals centered in 837
round took: 0.024699 s
|V| = 3561, |E| = 6623, |R| = 29
>> 362128 (2592: 2112 2367 2112) (0.000761 s)
>> 545694 (3065: 2765 3070 2765) (0.000698 s)
>> 454011 (1571: 1513 1562 1513) (0.00067 s)
>> 345443 (3113: 2993 3243 2993) (0.00065 s)
>> 296709 (1305: 1005 1194 1005) (0.000625 s)
>> 356187 (741: 494 746 494) (0.000613 s)
>> 288586 (1638: 1459 1631 1459) (0.0006 s)
>> 182931 (839: 540 837 540) (0.000579 s)
>> 81275 (211: 99 399 99) (0.000575 s)
>> 0 (-1: -1 -1 -1) (0.00053 s)
Zelikovsky 1.01245 s
>> 362128 (2592: 2765 2367 2112) (1.03383 s)
>> 345443 (3113: 2993 3510 3243) (1.04387 s)
>> 327168 (1518: 1459 1702 1513) (1.04526 s)
>> 325393 (1571: 1631 1562 1459) (1.06423 s)
>> 230270 (741: 746 921 494) (1.07707 s)
>> 169781 (1305: 1194 1722 1005) (1.09285 s)
>> 165319 (3065: 2993 3070 2765) (1.09344 s)
>> 146103 (1199: 1139 1631 1194) (1.09069 s)
>> 81275 (211: 99 449 399) (1.10309 s)
>> 48514 (1782: 1787 2271 1139) (1.10946 s)
>> 0 (-1: -1 -1 -1) (1.1082 s)
Zelikovsky- 11.8674 s
>>> get_solution
  refine_solution: new weight 55772286 (was 55994571) in 0.000766 s
  refine_solution: new weight 55772286 (was 55772286) in 0.000734 s
>>> get_solution
  refine_solution: new weight 57771422 (was 57916641) in 0.000825 s
  refine_solution: new weight 57771422 (was 57771422) in 0.000734 s
28,,3312,6623,29,,500,0,,57916641,57771422,56498197,55994571,55772286,,978133,2,@@

  handle_small_Steiner_degrees: steiner 0, suppress 0 in 5e-06 s
Starting round 29
Found 256 isolated vertices
Invalid ratios recomputed: 399
Best ratio is 985534/1 (985534.0), centered at 765
Finding the best star... Star with 2 terminals centered in 1005
round took: 0.014729 s
|V| = 3561, |E| = 6612, |R| = 28
>> 362128 (2592: 2112 2367 2112) (0.000748 s)
>> 545694 (3065: 2765 3070 2765) (0.000679 s)
>> 454011 (1571: 1513 1562 1513) (0.00064 s)
>> 345443 (3113: 2993 3243 2993) (0.000642 s)
>> 296709 (1305: 1005 1194 1005) (0.000612 s)
>> 621255 (741: 494 746 494) (0.000597 s)
>> 288586 (1638: 1459 1631 1459) (0.000577 s)
>> 81275 (211: 99 399 99) (0.000563 s)
>> 0 (-1: -1 -1 -1) (0.00053 s)
Zelikovsky 1.00675 s
>> 362128 (2592: 2765 2367 2112) (1.02897 s)
>> 345443 (3113: 2993 3510 3243) (1.03942 s)
>> 327168 (1518: 1459 1702 1513) (1.04232 s)
>> 325393 (1571: 1631 1562 1459) (1.06049 s)
>> 230270 (741: 746 921 494) (1.07226 s)
>> 169781 (1305: 1194 1722 1005) (1.08871 s)
>> 165319 (3065: 2993 3070 2765) (1.09375 s)
>> 146103 (1199: 1139 1631 1194) (1.09188 s)
>> 81275 (211: 99 449 399) (1.1047 s)
>> 48514 (1782: 1787 2271 1139) (1.11037 s)
>> 0 (-1: -1 -1 -1) (1.10963 s)
Zelikovsky- 11.8479 s
>>> get_solution
  refine_solution: new weight 55772286 (was 55994571) in 0.000759 s
  refine_solution: new weight 55772286 (was 55772286) in 0.000732 s
>>> get_solution
  refine_solution: new weight 57771422 (was 57916641) in 0.00081 s
  refine_solution: new weight 57771422 (was 57771422) in 0.000732 s
29,,3305,6612,28,,399,0,,57916641,57771422,56498197,55994571,55772286,,985534,2,@@

  handle_small_Steiner_degrees: steiner 0, suppress 0 in 5e-06 s
Starting round 30
Found 264 isolated vertices
Invalid ratios recomputed: 416
Best ratio is 991208/1 (991208.0), centered at 1511
Finding the best star... Star with 2 terminals centered in 1631
round took: 0.018684 s
|V| = 3561, |E| = 6607, |R| = 27
>> 362128 (2592: 2112 2367 2112) (0.000716 s)
>> 545694 (3065: 2765 3070 2765) (0.000669 s)
>> 345443 (3113: 2993 3243 2993) (0.00063 s)
>> 327168 (1518: 1459 1631 1459) (0.000605 s)
>> 621255 (741: 494 746 494) (0.000588 s)
>> 296709 (1305: 1005 1194 1005) (0.000587 s)
>> 81275 (211: 99 399 99) (0.000564 s)
>> 0 (-1: -1 -1 -1) (0.000511 s)
Zelikovsky 1.00513 s
>> 362128 (2592: 2765 2367 2112) (1.0294 s)
>> 345443 (3113: 2993 3510 3243) (1.04167 s)
>> 327168 (1518: 1459 1702 1631) (1.04456 s)
>> 230270 (741: 746 921 494) (1.06207 s)
>> 169781 (1305: 1194 1722 1005) (1.07936 s)
>> 165319 (3065: 2993 3070 2765) (1.086 s)
>> 146103 (1199: 1139 1562 1194) (1.09649 s)
>> 81275 (211: 99 449 399) (1.11262 s)
>> 48514 (1782: 1787 2271 1139) (1.11553 s)
>> 0 (-1: -1 -1 -1) (1.12595 s)
Zelikovsky- 10.7988 s
>>> get_solution
  refine_solution: new weight 55772286 (was 55994571) in 0.000764 s
  refine_solution: new weight 55772286 (was 55772286) in 0.000735 s
>>> get_solution
  refine_solution: new weight 57725353 (was 57870572) in 0.000816 s
  refine_solution: new weight 57725353 (was 57725353) in 0.000731 s
30,,3297,6607,27,,416,0,,57870572,57725353,56116366,55994571,55772286,,991208,2,@@

  handle_small_Steiner_degrees: steiner 0, suppress 0 in 6e-06 s
Starting round 31
Found 268 isolated vertices
Invalid ratios recomputed: 322
Best ratio is 1003228/1 (1003228.0), centered at 245
Finding the best star... Star with 2 terminals centered in 494
round took: 0.011528 s
|V| = 3561, |E| = 6602, |R| = 26
>> 362128 (2592: 2112 2367 2112) (0.000707 s)
>> 545694 (3065: 2765 3070 2765) (0.000647 s)
>> 345443 (3113: 2993 3243 2993) (0.000622 s)
>> 327168 (1518: 1459 1631 1459) (0.000606 s)
>> 621255 (741: 494 746 494) (0.000577 s)
>> 296709 (1305: 1005 1194 1005) (0.000563 s)
>> 81275 (211: 99 399 99) (0.000558 s)
>> 0 (-1: -1 -1 -1) (0.000509 s)
Zelikovsky 1.00282 s
>> 362128 (2592: 2765 2367 2112) (1.02831 s)
>> 345443 (3113: 2993 3510 3243) (1.03935 s)
>> 327168 (1518: 1459 1702 1631) (1.04212 s)
>> 230270 (741: 746 921 494) (1.06001 s)
>> 169781 (1305: 1194 1722 1005) (1.08362 s)
>> 165319 (3065: 2993 3070 2765) (1.09951 s)
>> 146103 (1199: 1139 1562 1194) (1.09954 s)
>> 81275 (211: 99 449 399) (1.10005 s)
>> 48514 (1782: 1787 2271 1139) (1.09558 s)
>> 0 (-1: -1 -1 -1) (1.10148 s)
Zelikovsky- 10.7546 s
>>> get_solution
  refine_solution: new weight 55772286 (was 55994571) in 0.000779 s
  refine_solution: new weight 55772286 (was 55772286) in 0.000737 s
>>> get_solution
  refine_solution: new weight 57725353 (was 57870572) in 0.000784 s
  refine_solution: new weight 57725353 (was 57725353) in 0.000731 s
31,,3293,6602,26,,322,0,,57870572,57725353,56116366,55994571,55772286,,1003228,2,@@

  handle_small_Steiner_degrees: steiner 0, suppress 1 in 8e-06 s
Starting round 32
Found 273 isolated vertices
Invalid ratios recomputed: 700
Best ratio is 1003464/1 (1003464.0), centered at 1722
Finding the best star... Star with 2 terminals centered in 1787
round took: 0.036988 s
|V| = 3561, |E| = 6593, |R| = 25
>> 362128 (2592: 2112 2367 2112) (0.000691 s)
>> 545694 (3065: 2765 3070 2765) (0.000631 s)
>> 345443 (3113: 2993 3243 2993) (0.000601 s)
>> 327168 (1518: 1459 1631 1459) (0.000576 s)
>> 621255 (741: 494 746 494) (0.000574 s)
>> 205202 (1305: 1005 1194 1005) (0.000548 s)
>> 81275 (211: 99 399 99) (0.000542 s)
>> 0 (-1: -1 -1 -1) (0.000503 s)
Zelikovsky 0.998516 s
>> 362128 (2592: 2765 2367 2112) (1.02416 s)
>> 345443 (3113: 2993 3510 3243) (1.03493 s)
>> 327168 (1518: 1459 1702 1631) (1.03733 s)
>> 230270 (741: 746 921 494) (1.05553 s)
>> 189085 (1305: 1194 1787 1005) (1.07878 s)
>> 165319 (3065: 2993 3070 2765) (1.08458 s)
>> 146103 (1199: 1139 1562 1194) (1.08365 s)
>> 81275 (211: 99 449 399) (1.084 s)
>> 0 (-1: -1 -1 -1) (1.08919 s)
Zelikovsky- 9.5764 s
>>> get_solution
  refine_solution: new weight 55632983 (was 55855268) in 0.000754 s
  refine_solution: new weight 55632983 (was 55632983) in 0.000733 s
>>> get_solution
  refine_solution: new weight 57556840 (was 57702059) in 0.000787 s
  refine_solution: new weight 57556840 (was 57556840) in 0.000728 s
32,,3288,6593,25,,700,0,,57702059,57556840,56001371,55855268,55632983,,1003464,2,@@

  delete_edges: deleted 105 edges in 0.001437 s and 6 rounds
  handle_small_Steiner_degrees: steiner 1, suppress 66 in 4.5e-05 s
Starting round 33
Found 346 isolated vertices
Invalid ratios recomputed: 418
Best ratio is 2030720/2 (1015360.0), centered at 3113
Finding the best star... Star with 3 terminals centered in 3243
round took: 0.015561 s
|V| = 3561, |E| = 6393, |R| = 23
>> 362128 (2592: 2112 2367 2112) (0.000643 s)
>> 545694 (3065: 2765 3070 2765) (0.000594 s)
>> 327168 (1518: 1459 1631 1459) (0.000567 s)
>> 621255 (741: 494 746 494) (0.000561 s)
>> 205202 (1305: 1005 1194 1005) (0.000533 s)
>> 81275 (211: 99 399 99) (0.000531 s)
>> 0 (-1: -1 -1 -1) (0.000484 s)
Zelikovsky 0.953668 s
>> 362128 (2592: 2765 2367 2112) (0.981852 s)
>> 327168 (1518: 1459 1702 1631) (0.990988 s)
>> 230270 (741: 746 921 494) (1.00727 s)
>> 189085 (1305: 1194 1787 1005) (1.0306 s)
>> 165319 (3065: 3243 3070 2765) (1.03452 s)
>> 146103 (1199: 1139 1562 1194) (1.05284 s)
>> 81275 (211: 99 449 399) (1.03696 s)
>> 0 (-1: -1 -1 -1) (1.04013 s)
Zelikovsky- 8.17934 s
>>> get_solution
  refine_solution: new weight 55632983 (was 55855268) in 0.000771 s
  refine_solution: new weight 55632983 (was 55632983) in 0.000735 s
>>> get_solution
  refine_solution: new weight 57134331 (was 57356616) in 0.0008 s
  refine_solution: new weight 57134331 (was 57134331) in 0.000733 s
33,,3215,6393,23,,418,0,,57356616,57134331,56001371,55855268,55632983,,2030720,3,@@

  handle_small_Steiner_degrees: steiner 0, suppress 1 in 9e-06 s
Starting round 34
Found 361 isolated vertices
Invalid ratios recomputed: 497
Best ratio is 1021394/1 (1021394.0), centered at 1897
Finding the best star... Star with 2 terminals centered in 3334
round took: 0.025298 s
|V| = 3561, |E| = 6381, |R| = 22
>> 362128 (2592: 2112 2367 2112) (0.000635 s)
>> 545694 (3065: 2765 3070 2765) (0.000587 s)
>> 327168 (1518: 1459 1631 1459) (0.000554 s)
>> 621255 (741: 494 746 494) (0.000536 s)
>> 205202 (1305: 1005 1194 1005) (0.000531 s)
>> 81275 (211: 99 399 99) (0.000506 s)
>> 0 (-1: -1 -1 -1) (0.000465 s)
Zelikovsky 0.945142 s
>> 362128 (2592: 2765 2367 2112) (0.972895 s)
>> 327168 (1518: 1459 1702 1631) (0.981479 s)
>> 230270 (741: 746 921 494) (0.998172 s)
>> 189085 (1305: 1194 1787 1005) (1.02113 s)
>> 165319 (3065: 3243 3070 2765) (1.02574 s)
>> 146103 (1199: 1139 1562 1194) (1.02903 s)
>> 81275 (211: 99 449 399) (1.03079 s)
>> 0 (-1: -1 -1 -1) (1.03797 s)
Zelikovsky- 8.10143 s
>>> get_solution
  refine_solution: new weight 55632983 (was 55855268) in 0.00077 s
  refine_solution: new weight 55632983 (was 55632983) in 0.000732 s
>>> get_solution
  refine_solution: new weight 57134331 (was 57356616) in 0.000777 s
  refine_solution: new weight 57134331 (was 57134331) in 0.000762 s
34,,3200,6381,22,,497,0,,57356616,57134331,56001371,55855268,55632983,,1021394,2,@@

  handle_small_Steiner_degrees: steiner 0, suppress 0 in 6e-06 s
Starting round 35
Found 370 isolated vertices
Invalid ratios recomputed: 495
Best ratio is 1054631/1 (1054631.0), centered at 1787
Finding the best star... Star with 2 terminals centered in 2271
round took: 0.03387 s
|V| = 3561, |E| = 6371, |R| = 21
>> 362128 (2592: 2112 2367 2112) (0.000643 s)
>> 545694 (3065: 2765 3070 2765) (0.000571 s)
>> 327168 (1518: 1459 1631 1459) (0.000539 s)
>> 621255 (741: 494 746 494) (0.000519 s)
>> 205202 (1305: 1005 1194 1005) (0.000511 s)
>> 81275 (211: 99 399 99) (0.000542 s)
>> 0 (-1: -1 -1 -1) (0.000462 s)
Zelikovsky 0.947245 s
>> 362128 (2592: 2765 2367 2112) (0.982484 s)
>> 327168 (1518: 1459 1702 1631) (0.979497 s)
>> 230270 (741: 746 921 494) (0.994089 s)
>> 189085 (1305: 1194 2271 1005) (1.02354 s)
>> 165319 (3065: 3243 3070 2765) (1.02469 s)
>> 146103 (1199: 1139 1562 1194) (1.04704 s)
>> 81275 (211: 99 449 399) (1.03429 s)
>> 0 (-1: -1 -1 -1) (1.03174 s)
Zelikovsky- 8.12177 s
>>> get_solution
  refine_solution: new weight 55632983 (was 55855268) in 0.00077 s
  refine_solution: new weight 55632983 (was 55632983) in 0.000736 s
>>> get_solution
  refine_solution: new weight 57134331 (was 57356616) in 0.000779 s
  refine_solution: new weight 57134331 (was 57134331) in 0.000733 s
35,,3191,6371,21,,495,0,,57356616,57134331,56001371,55855268,55632983,,1054631,2,@@

  handle_small_Steiner_degrees: steiner 0, suppress 0 in 7e-06 s
Starting round 36
Found 378 isolated vertices
Invalid ratios recomputed: 573
Best ratio is 1067925/1 (1067925.0), centered at 1134
Finding the best star... Star with 2 terminals centered in 1139
round took: 0.0336 s
|V| = 3561, |E| = 6363, |R| = 20
>> 362128 (2592: 2112 2367 2112) (0.000608 s)
>> 545694 (3065: 2765 3070 2765) (0.000554 s)
>> 327168 (1518: 1459 1631 1459) (0.000524 s)
>> 621255 (741: 494 746 494) (0.000506 s)
>> 148188 (1305: 1005 1139 1005) (0.000494 s)
>> 81275 (211: 99 399 99) (0.000479 s)
>> 0 (-1: -1 -1 -1) (0.00045 s)
Zelikovsky 0.936716 s
>> 362128 (2592: 2765 2367 2112) (0.968349 s)
>> 327168 (1518: 1459 1702 1631) (0.97491 s)
>> 214153 (741: 746 921 494) (0.99669 s)
>> 165319 (3065: 3243 3070 2765) (1.01416 s)
>> 148188 (1305: 1139 2271 1005) (1.00886 s)
>> 81275 (211: 99 449 399) (1.02148 s)
>> 0 (-1: -1 -1 -1) (1.02745 s)
Zelikovsky- 7.01579 s
>>> get_solution
  refine_solution: new weight 55779086 (was 56001371) in 0.000767 s
  refine_solution: new weight 55779086 (was 55779086) in 0.000736 s
>>> get_solution
  refine_solution: new weight 57077317 (was 57299602) in 0.000785 s
  refine_solution: new weight 57077317 (was 57077317) in 0.000736 s
36,,3183,6363,20,,573,0,,57299602,57077317,56001371,56001371,55779086,,1067925,2,@@

  handle_small_Steiner_degrees: steiner 0, suppress 0 in 6e-06 s
Starting round 37
Found 384 isolated vertices
Invalid ratios recomputed: 576
Best ratio is 2271342/2 (1135671.0), centered at 1518
Finding the best star... Star with 3 terminals centered in 1702
round took: 0.028249 s
|V| = 3561, |E| = 6346, |R| = 18
>> 362128 (2592: 2112 2367 2112) (0.000574 s)
>> 545694 (3065: 2765 3070 2765) (0.000531 s)
>> 214153 (741: 494 746 494) (0.000503 s)
>> 148188 (1305: 1005 1139 1005) (0.000487 s)
>> 81275 (211: 99 399 99) (0.00047 s)
>> 0 (-1: -1 -1 -1) (0.000449 s)
Zelikovsky 0.948434 s
>> 362128 (2592: 2765 2367 2112) (0.978962 s)
>> 214153 (741: 746 921 494) (0.981793 s)
>> 165319 (3065: 3243 3070 2765) (1.00395 s)
>> 148188 (1305: 1139 2271 1005) (1.00152 s)
>> 81275 (211: 99 449 399) (1.01465 s)
>> 0 (-1: -1 -1 -1) (1.01984 s)
Zelikovsky- 6.00376 s
>>> get_solution
  refine_solution: new weight 55779086 (was 56001371) in 0.000755 s
  refine_solution: new weight 55779086 (was 55779086) in 0.000731 s
>>> get_solution
  refine_solution: new weight 56750149 (was 56972434) in 0.000776 s
  refine_solution: new weight 56750149 (was 56750149) in 0.000732 s
37,,3177,6346,18,,576,0,,56972434,56750149,56001371,56001371,55779086,,2271342,3,@@

  handle_small_Steiner_degrees: steiner 0, suppress 0 in 4e-06 s
Starting round 38
Found 397 isolated vertices
Invalid ratios recomputed: 826
Best ratio is 2308561/2 (1154280.5), centered at 2592
Finding the best star... Star with 3 terminals centered in 2367
round took: 0.053448 s
|V| = 3561, |E| = 6326, |R| = 16
>> 214153 (741: 494 746 494) (0.000546 s)
>> 165319 (3065: 2367 3070 2367) (0.000493 s)
>> 148188 (1305: 1005 1139 1005) (0.000506 s)
>> 81275 (211: 99 399 99) (0.000462 s)
>> 0 (-1: -1 -1 -1) (0.000423 s)
Zelikovsky 0.935702 s
>> 214153 (741: 746 921 494) (0.967884 s)
>> 165319 (3065: 3243 3070 2367) (0.989971 s)
>> 148188 (1305: 1139 2271 1005) (0.987981 s)
>> 81275 (211: 99 449 399) (1.00134 s)
>> 0 (-1: -1 -1 -1) (1.00682 s)
Zelikovsky- 4.95664 s
>>> get_solution
  refine_solution: new weight 55779086 (was 56001371) in 0.000764 s
  refine_solution: new weight 55779086 (was 55779086) in 0.000736 s
>>> get_solution
  refine_solution: new weight 56388021 (was 56610306) in 0.000765 s
  refine_solution: new weight 56388021 (was 56388021) in 0.000729 s
38,,3164,6326,16,,826,0,,56610306,56388021,56001371,56001371,55779086,,2308561,3,@@

  handle_small_Steiner_degrees: steiner 0, suppress 0 in 4e-06 s
Starting round 39
Found 414 isolated vertices
Invalid ratios recomputed: 1419
Best ratio is 2392863/2 (1196431.5), centered at 3065
Finding the best star... Star with 3 terminals centered in 3070
round took: 0.120277 s
|V| = 3561, |E| = 6306, |R| = 14
>> 214153 (741: 494 746 494) (0.000517 s)
>> 148188 (1305: 1005 1139 1005) (0.000469 s)
>> 81275 (211: 99 399 99) (0.000454 s)
>> 0 (-1: -1 -1 -1) (0.000415 s)
Zelikovsky 0.925248 s
>> 214153 (741: 746 921 494) (0.958512 s)
>> 148188 (1305: 1139 2271 1005) (0.978015 s)
>> 81275 (211: 99 449 399) (0.994481 s)
>> 0 (-1: -1 -1 -1) (1.00823 s)
Zelikovsky- 3.94194 s
>>> get_solution
  refine_solution: new weight 55779086 (was 56001371) in 0.000768 s
  refine_solution: new weight 55779086 (was 55779086) in 0.000731 s
>>> get_solution
  refine_solution: new weight 56222702 (was 56444987) in 0.00078 s
  refine_solution: new weight 56222702 (was 56222702) in 0.000738 s
39,,3147,6306,14,,1419,0,,56444987,56222702,56001371,56001371,55779086,,2392863,3,@@

  handle_small_Steiner_degrees: steiner 0, suppress 0 in 5e-06 s
Starting round 40
Found 429 isolated vertices
Invalid ratios recomputed: 1759
Best ratio is 1217198/1 (1217198.0), centered at 1702
Finding the best star... Star with 2 terminals centered in 3070
round took: 0.201028 s
|V| = 3561, |E| = 6301, |R| = 13
>> 214153 (741: 494 746 494) (0.000533 s)
>> 148188 (1305: 1005 1139 1005) (0.000463 s)
>> 81275 (211: 99 399 99) (0.000437 s)
>> 0 (-1: -1 -1 -1) (0.000408 s)
Zelikovsky 0.944963 s
>> 214153 (741: 746 921 494) (0.977621 s)
>> 148188 (1305: 1139 2271 1005) (1.06149 s)
>> 81275 (211: 99 449 399) (1.0012 s)
>> 0 (-1: -1 -1 -1) (1.0147 s)
Zelikovsky- 4.05777 s
>>> get_solution
  refine_solution: new weight 55779086 (was 56001371) in 0.000766 s
  refine_solution: new weight 55779086 (was 55779086) in 0.000737 s
>>> get_solution
  refine_solution: new weight 56222702 (was 56444987) in 0.000787 s
  refine_solution: new weight 56222702 (was 56222702) in 0.000735 s
40,,3132,6301,13,,1759,0,,56444987,56222702,56001371,56001371,55779086,,1217198,2,@@

  handle_small_Steiner_degrees: steiner 0, suppress 1 in 8e-06 s
Starting round 41
Found 434 isolated vertices
Invalid ratios recomputed: 1922
Best ratio is 1228857/1 (1228857.0), centered at 1139
Finding the best star... Star with 2 terminals centered in 1562
round took: 0.280556 s
|V| = 3561, |E| = 6287, |R| = 12
>> 214153 (741: 494 746 494) (0.00052 s)
>> 148188 (1305: 1005 1562 1005) (0.000451 s)
>> 81275 (211: 99 399 99) (0.000424 s)
>> 0 (-1: -1 -1 -1) (0.000401 s)
Zelikovsky 0.999358 s
>> 214153 (741: 746 921 494) (0.973335 s)
>> 148188 (1305: 1562 2271 1005) (0.9949 s)
>> 81275 (211: 99 449 399) (0.999098 s)
>> 0 (-1: -1 -1 -1) (1.00256 s)
Zelikovsky- 3.97258 s
>>> get_solution
  refine_solution: new weight 55779086 (was 56001371) in 0.000764 s
  refine_solution: new weight 55779086 (was 55779086) in 0.000731 s
>>> get_solution
  refine_solution: new weight 56222702 (was 56444987) in 0.000778 s
  refine_solution: new weight 56222702 (was 56222702) in 0.00073 s
41,,3127,6287,12,,1922,0,,56444987,56222702,56001371,56001371,55779086,,1228857,2,@@

  handle_small_Steiner_degrees: steiner 0, suppress 0 in 6e-06 s
Starting round 42
Found 444 isolated vertices
Invalid ratios recomputed: 1666
Best ratio is 1308565/1 (1308565.0), centered at 97
Finding the best star... Star with 2 terminals centered in 99
round took: 0.228875 s
|V| = 3561, |E| = 6279, |R| = 11
>> 214153 (741: 494 746 494) (0.000489 s)
>> 148188 (1305: 1005 1562 1005) (0.000439 s)
>> 0 (-1: -1 -1 -1) (0.000417 s)
Zelikovsky 0.931682 s
>> 214153 (741: 746 921 494) (0.967609 s)
>> 148188 (1305: 1562 2271 1005) (0.986197 s)
>> 0 (-1: -1 -1 -1) (0.993537 s)
Zelikovsky- 2.94929 s
>>> get_solution
  refine_solution: new weight 55860361 (was 56082646) in 0.000767 s
  refine_solution: new weight 55860361 (was 55860361) in 0.000742 s
>>> get_solution
  refine_solution: new weight 56222702 (was 56444987) in 0.000769 s
  refine_solution: new weight 56222702 (was 56222702) in 0.000728 s
42,,3117,6279,11,,1666,0,,56444987,56222702,56082646,56082646,55860361,,1308565,2,@@

  handle_small_Steiner_degrees: steiner 0, suppress 0 in 5e-06 s
Starting round 43
Found 450 isolated vertices
Invalid ratios recomputed: 354
Best ratio is 1404259/1 (1404259.0), centered at 99
Finding the best star... Star with 2 terminals centered in 399
round took: 0.014414 s
|V| = 3561, |E| = 6267, |R| = 10
>> 214153 (741: 494 746 494) (0.000473 s)
>> 148188 (1305: 1005 1562 1005) (0.00045 s)
>> 0 (-1: -1 -1 -1) (0.000413 s)
Zelikovsky 0.93001 s
>> 214153 (741: 746 921 494) (0.966519 s)
>> 148188 (1305: 1562 2271 1005) (0.986589 s)
>> 0 (-1: -1 -1 -1) (1.00272 s)
Zelikovsky- 2.9583 s
>>> get_solution
  refine_solution: new weight 55860361 (was 56082646) in 0.000776 s
  refine_solution: new weight 55860361 (was 55860361) in 0.000729 s
>>> get_solution
  refine_solution: new weight 56222702 (was 56444987) in 0.000785 s
  refine_solution: new weight 56222702 (was 56222702) in 0.000733 s
43,,3111,6267,10,,354,0,,56444987,56222702,56082646,56082646,55860361,,1404259,2,@@

  handle_small_Steiner_degrees: steiner 0, suppress 1 in 8e-06 s
Starting round 44
Found 459 isolated vertices
Invalid ratios recomputed: 396
Best ratio is 1423142/1 (1423142.0), centered at 741
Finding the best star... Star with 2 terminals centered in 921
round took: 0.020312 s
|V| = 3561, |E| = 6256, |R| = 9
>> 148188 (1305: 1005 1562 1005) (0.000486 s)
>> 0 (-1: -1 -1 -1) (0.000423 s)
Zelikovsky 0.939393 s
>> 148188 (1305: 1562 2271 1005) (0.979143 s)
>> 0 (-1: -1 -1 -1) (1.00227 s)
Zelikovsky- 1.98364 s
>>> get_solution
  refine_solution: new weight 55860361 (was 56082646) in 0.000811 s
  refine_solution: new weight 55860361 (was 55860361) in 0.000857 s
>>> get_solution
  refine_solution: new weight 56008549 (was 56230834) in 0.000875 s
  refine_solution: new weight 56008549 (was 56008549) in 0.00076 s
44,,3102,6256,9,,396,0,,56230834,56008549,56082646,56082646,55860361,,1423142,2,@@

  handle_small_Steiner_degrees: steiner 0, suppress 1 in 9e-06 s
Starting round 45
Found 468 isolated vertices
Invalid ratios recomputed: 638
Best ratio is 1462693/1 (1462693.0), centered at 399
Finding the best star... Star with 2 terminals centered in 921
round took: 0.048982 s
|V| = 3561, |E| = 6245, |R| = 8
>> 148188 (1305: 1005 1562 1005) (0.000463 s)
>> 0 (-1: -1 -1 -1) (0.000415 s)
Zelikovsky 0.931596 s
>> 148188 (1305: 1562 2271 1005) (0.969364 s)
>> 0 (-1: -1 -1 -1) (0.982848 s)
Zelikovsky- 1.95374 s
>>> get_solution
  refine_solution: new weight 55860361 (was 56082646) in 0.000764 s
  refine_solution: new weight 55860361 (was 55860361) in 0.000734 s
>>> get_solution
  refine_solution: new weight 56008549 (was 56230834) in 0.000801 s
  refine_solution: new weight 56008549 (was 56008549) in 0.000729 s
45,,3093,6245,8,,638,0,,56230834,56008549,56082646,56082646,55860361,,1462693,2,@@

  handle_small_Steiner_degrees: steiner 0, suppress 1 in 7e-06 s
Starting round 46
Found 477 isolated vertices
Invalid ratios recomputed: 709
Best ratio is 1468656/1 (1468656.0), centered at 494
Finding the best star... Star with 2 terminals centered in 494
round took: 0.068996 s
|V| = 3561, |E| = 6234, |R| = 7
>> 148188 (1305: 494 1562 494) (0.000446 s)
>> 0 (-1: -1 -1 -1) (0.00039 s)
Zelikovsky 0.927809 s
>> 148188 (1305: 1562 2271 494) (0.965064 s)
>> 0 (-1: -1 -1 -1) (0.980562 s)
Zelikovsky- 1.94719 s
>>> get_solution
  refine_solution: new weight 55860361 (was 56082646) in 0.000758 s
  refine_solution: new weight 55860361 (was 55860361) in 0.000734 s
>>> get_solution
  refine_solution: new weight 56008549 (was 56230834) in 0.000768 s
  refine_solution: new weight 56008549 (was 56008549) in 0.00073 s
46,,3084,6234,7,,709,0,,56230834,56008549,56082646,56082646,55860361,,1468656,2,@@

  handle_small_Steiner_degrees: steiner 0, suppress 1 in 6e-06 s
Starting round 47
Found 486 isolated vertices
Invalid ratios recomputed: 924
Best ratio is 1497697/1 (1497697.0), centered at 1562
Finding the best star... Star with 2 terminals centered in 3070
round took: 0.081263 s
|V| = 3561, |E| = 6224, |R| = 6
>> 148188 (1305: 494 2271 494) (0.000433 s)
>> 0 (-1: -1 -1 -1) (0.000397 s)
Zelikovsky 0.947454 s
>> 148188 (1305: 3070 2271 494) (0.976042 s)
>> 0 (-1: -1 -1 -1) (1.01014 s)
Zelikovsky- 1.98779 s
>>> get_solution
  refine_solution: new weight 55860361 (was 56082646) in 0.000772 s
  refine_solution: new weight 55860361 (was 55860361) in 0.000728 s
>>> get_solution
  refine_solution: new weight 56008549 (was 56230834) in 0.000771 s
  refine_solution: new weight 56008549 (was 56008549) in 0.000733 s
47,,3075,6224,6,,924,0,,56230834,56008549,56082646,56082646,55860361,,1497697,2,@@

  handle_small_Steiner_degrees: steiner 0, suppress 1 in 9e-06 s
Starting round 48
Found 495 isolated vertices
Invalid ratios recomputed: 2629
Best ratio is 1543766/1 (1543766.0), centered at 1367
Finding the best star... Star with 2 terminals centered in 2271
round took: 0.457903 s
|V| = 3561, |E| = 6212, |R| = 5
>> 0 (-1: -1 -1 -1) (0.000426 s)
Zelikovsky 0.928771 s
>> 0 (-1: -1 -1 -1) (0.97539 s)
Zelikovsky- 0.977037 s
>>> get_solution
  refine_solution: new weight 55860361 (was 56082646) in 0.000784 s
  refine_solution: new weight 55860361 (was 55860361) in 0.000776 s
>>> get_solution
  refine_solution: new weight 55860361 (was 56082646) in 0.000777 s
  refine_solution: new weight 55860361 (was 55860361) in 0.000728 s
48,,3066,6212,5,,2629,0,,56082646,55860361,56082646,56082646,55860361,,1543766,2,@@

  handle_small_Steiner_degrees: steiner 0, suppress 0 in 5e-06 s
Starting round 49
Found 503 isolated vertices
Invalid ratios recomputed: 2717
Best ratio is 1697272/1 (1697272.0), centered at 494
Finding the best star... Star with 2 terminals centered in 921
round took: 0.562965 s
|V| = 3561, |E| = 6198, |R| = 4
>> 0 (-1: -1 -1 -1) (0.000442 s)
Zelikovsky 1.00371 s
>> 0 (-1: -1 -1 -1) (0.961424 s)
Zelikovsky- 0.96342 s
>>> get_solution
  refine_solution: new weight 55860361 (was 56082646) in 0.000775 s
  refine_solution: new weight 55860361 (was 55860361) in 0.000747 s
>>> get_solution
  refine_solution: new weight 55860361 (was 56082646) in 0.000786 s
  refine_solution: new weight 55860361 (was 55860361) in 0.000725 s
49,,3058,6198,4,,2717,0,,56082646,55860361,56082646,56082646,55860361,,1697272,2,@@

  handle_small_Steiner_degrees: steiner 0, suppress 1 in 8e-06 s
Starting round 50
Found 515 isolated vertices
Invalid ratios recomputed: 2640
Best ratio is 1722340/1 (1722340.0), centered at 921
Finding the best star... Star with 2 terminals centered in 2271
round took: 0.5979 s
|V| = 3561, |E| = 6185, |R| = 3
>> 0 (-1: -1 -1 -1) (0.000428 s)
Zelikovsky 0.972367 s
>> 0 (-1: -1 -1 -1) (1.00776 s)
Zelikovsky- 1.0091 s
>>> get_solution
  refine_solution: new weight 55860361 (was 56082646) in 0.001849 s
  refine_solution: new weight 55860361 (was 55860361) in 0.001888 s
>>> get_solution
  refine_solution: new weight 55860361 (was 56082646) in 0.001525 s
  refine_solution: new weight 55860361 (was 55860361) in 0.000724 s
50,,3046,6185,3,,2640,0,,56082646,55860361,56082646,56082646,55860361,,1722340,2,@@

  handle_small_Steiner_degrees: steiner 0, suppress 1 in 1e-05 s
Starting round 51
Found 524 isolated vertices
Invalid ratios recomputed: 3037
Best ratio is 1767204/1 (1767204.0), centered at 2067
Finding the best star... Star with 2 terminals centered in 3334
round took: 0.930115 s
|V| = 3561, |E| = 6173, |R| = 2
Zelikovsky 0.991348 s
Zelikovsky- 0.00127 s
>>> get_solution
  refine_solution: new weight 55860361 (was 56082646) in 0.00077 s
  refine_solution: new weight 55860361 (was 55860361) in 0.000737 s
>>> get_solution
  refine_solution: new weight 55860361 (was 56082646) in 0.000809 s
  refine_solution: new weight 55860361 (was 55860361) in 0.000729 s
51,,3037,6173,2,,3037,0,,56082646,55860361,56082646,56082646,55860361,,1767204,2,@@

  handle_small_Steiner_degrees: steiner 0, suppress 0 in 4e-06 s
Starting round 52
Found 532 isolated vertices
Invalid ratios recomputed: 3029
Best ratio is 2161759/1 (2161759.0), centered at 398
Finding the best star... Star with 2 terminals centered in 1118
round took: 1.02027 s
|V| = 3561, |E| = 6158, |R| = 1
Zelikovsky 0.989256 s
Zelikovsky- 0.001286 s
>>> get_solution
  refine_solution: new weight 55860361 (was 56082646) in 0.000767 s
  refine_solution: new weight 55860361 (was 55860361) in 0.000738 s
>>> get_solution
  refine_solution: new weight 55860361 (was 56082646) in 0.00081 s
  refine_solution: new weight 55860361 (was 55860361) in 0.000727 s
52,,3029,6158,1,,3029,0,,56082646,55860361,56082646,56082646,55860361,,2161759,2,@@

  handle_small_Steiner_degrees: steiner 0, suppress 0 in 5e-06 s
contract_till_the_bitter_end: 816.437 s

Calling end_heu
>>> get_solution
Saved weight 0
end_heu: 0 loops with 0 unique solutions in 0.000101 s

Calling print_solution
>>> get_solution
  refine_solution: new weight 55860361 (was 56082646) in 0.000748 s
Oops orig weight was 56082646 but we got 55860361
## FINAL WEIGHT 55860361
print_solution: 0.00162 s
