Version: final-94-gfffc3aa rub_all.sh: remove longest prefix
Random seed: 1549766772
Start
>>> save_orig_graph
>> Saved weight 0
Graph loaded
|V| = 4901, |E| = 9660, |R| = 70
First clearance of the input. Calling buy_zero and run_all_heuristics.
  buy_zero: 0 zero edges in 1.1e-05 s
  handle_small_terminal_degrees: terms 0 in 3e-06 s
  handle_small_Steiner_degrees: steiner 0, suppress 4 in 8e-06 s
  shortest_edge_between_terminals: 0 edges in 2e-06 s
  handle_small_terminal_degrees: terms 0 in 3e-06 s
  handle_small_Steiner_degrees: steiner 0, suppress 0 in 7e-06 s
  shortest_edge_between_terminals: 0 edges in 1e-06 s
Compressed graph 4901 -> 4896
  delete_edges: deleted 4 edges in 0.000222 s and 1 rounds
  handle_small_terminal_degrees: terms 0 in 4e-06 s
  handle_small_Steiner_degrees: steiner 0, suppress 8 in 9e-06 s
  shortest_edge_between_terminals: 0 edges in 2e-06 s
  handle_small_terminal_degrees: terms 0 in 4e-06 s
  handle_small_Steiner_degrees: steiner 0, suppress 0 in 6e-06 s
  shortest_edge_between_terminals: 0 edges in 1e-06 s
Compressed graph 4896 -> 4888
  delete_edges_shortest_path: deleted 8 edges in 0.022515 s
  handle_small_terminal_degrees: terms 0 in 4e-06 s
  handle_small_Steiner_degrees: steiner 0, suppress 12 in 1.1e-05 s
  shortest_edge_between_terminals: 0 edges in 2e-06 s
  handle_small_terminal_degrees: terms 0 in 3e-06 s
  handle_small_Steiner_degrees: steiner 0, suppress 0 in 7e-06 s
  shortest_edge_between_terminals: 0 edges in 1e-06 s
Compressed graph 4888 -> 4876
  handle_small_terminal_degrees: terms 0 in 4e-06 s
  handle_small_Steiner_degrees: steiner 0, suppress 0 in 5e-06 s
  shortest_edge_between_terminals: 0 edges in 3e-06 s
Compressed graph 4876 -> 4876
  delete_edges_shortest_path: deleted 12 edges in 0.022318 s
  handle_small_terminal_degrees: terms 0 in 4e-06 s
  handle_small_Steiner_degrees: steiner 0, suppress 16 in 1.2e-05 s
  shortest_edge_between_terminals: 0 edges in 2e-06 s
  handle_small_terminal_degrees: terms 0 in 4e-06 s
  handle_small_Steiner_degrees: steiner 0, suppress 0 in 6e-06 s
  shortest_edge_between_terminals: 0 edges in 1e-06 s
Compressed graph 4876 -> 4860
Compressed graph 4860 -> 4860
>>> save_orig_graph
>> Saved weight 0
### ZEL_LVL=0 PRECISE_STARS=0

Calling `contract_till_the_bitter_end`
|V| = 4860, |E| = 9596, |R| = 70
>>> get_solution
>>> get_solution
  refine_solution: new weight 69361025 (was 69361025) in 0.001117 s
0,,4860,9596,70,,0,0,,69361025,69361025,0,0,0,,0,0,@@

  delete_edges: deleted 16 edges in 0.000448 s and 2 rounds
  handle_small_Steiner_degrees: steiner 0, suppress 20 in 1.5e-05 s
Starting round 1
Found 20 isolated vertices
Invalid ratios recomputed: 4840
Best ratio is 225758/1 (225758.0), centered at 3163
Finding the best star... Star with 2 terminals centered in 3303
round took: 0.1125 s
|V| = 4860, |E| = 9555, |R| = 69
>>> get_solution
>>> get_solution
  refine_solution: new weight 69150103 (was 69150103) in 0.001076 s
1,,4840,9555,69,,4840,0,,69150103,69150103,225758,225758,225758,,225758,2,@@

  handle_small_Steiner_degrees: steiner 0, suppress 0 in 7e-06 s
Starting round 2
Found 24 isolated vertices
Invalid ratios recomputed: 476
Best ratio is 259141/1 (259141.0), centered at 3121
Finding the best star... Star with 2 terminals centered in 3262
round took: 0.015665 s
|V| = 4860, |E| = 9551, |R| = 68
>>> get_solution
>>> get_solution
  refine_solution: new weight 69150103 (was 69150103) in 0.00107 s
2,,4836,9551,68,,476,0,,69150103,69150103,484899,484899,484899,,259141,2,@@

  handle_small_Steiner_degrees: steiner 0, suppress 0 in 6e-06 s
Starting round 3
Found 27 isolated vertices
Invalid ratios recomputed: 295
Best ratio is 338071/1 (338071.0), centered at 458
Finding the best star... Star with 2 terminals centered in 530
round took: 0.009826 s
|V| = 4860, |E| = 9547, |R| = 67
>>> get_solution
>>> get_solution
  refine_solution: new weight 69150103 (was 69150103) in 0.001062 s
3,,4833,9547,67,,295,0,,69150103,69150103,822970,822970,822970,,338071,2,@@

  handle_small_Steiner_degrees: steiner 0, suppress 0 in 8e-06 s
Starting round 4
Found 30 isolated vertices
Invalid ratios recomputed: 320
Best ratio is 363929/1 (363929.0), centered at 2075
Finding the best star... Star with 2 terminals centered in 2149
round took: 0.007742 s
|V| = 4860, |E| = 9541, |R| = 66
>>> get_solution
>>> get_solution
  refine_solution: new weight 69041818 (was 69041818) in 0.001066 s
4,,4830,9541,66,,320,0,,69041818,69041818,1186899,1186899,1186899,,363929,2,@@

  handle_small_Steiner_degrees: steiner 0, suppress 0 in 6e-06 s
Starting round 5
Found 35 isolated vertices
Invalid ratios recomputed: 255
Best ratio is 378838/1 (378838.0), centered at 4278
Finding the best star... Star with 2 terminals centered in 4424
round took: 0.007455 s
|V| = 4860, |E| = 9530, |R| = 65
>>> get_solution
>>> get_solution
  refine_solution: new weight 69037444 (was 69037444) in 0.001069 s
5,,4825,9530,65,,255,0,,69037444,69037444,1565737,1565737,1565737,,378838,2,@@

  handle_small_Steiner_degrees: steiner 0, suppress 0 in 6e-06 s
Starting round 6
Found 43 isolated vertices
Invalid ratios recomputed: 315
Best ratio is 383985/1 (383985.0), centered at 843
Finding the best star... Star with 2 terminals centered in 1053
round took: 0.009323 s
|V| = 4860, |E| = 9525, |R| = 64
>>> get_solution
>>> get_solution
  refine_solution: new weight 68862533 (was 69014397) in 0.001068 s
  refine_solution: new weight 68862533 (was 68862533) in 0.001004 s
6,,4817,9525,64,,315,0,,69014397,68862533,1949722,1949722,1949722,,383985,2,@@

  handle_small_Steiner_degrees: steiner 0, suppress 0 in 8e-06 s
Starting round 7
Found 47 isolated vertices
Invalid ratios recomputed: 264
Best ratio is 799108/2 (399554.0), centered at 1405
Finding the best star... Star with 3 terminals centered in 1475
round took: 0.008866 s
|V| = 4860, |E| = 9514, |R| = 62
>>> get_solution
>>> get_solution
  refine_solution: new weight 68697210 (was 68849074) in 0.001063 s
  refine_solution: new weight 68697210 (was 68697210) in 0.00102 s
7,,4813,9514,62,,264,0,,68849074,68697210,2748830,2748830,2748830,,799108,3,@@

  handle_small_Steiner_degrees: steiner 0, suppress 0 in 6e-06 s
Starting round 8
Found 55 isolated vertices
Invalid ratios recomputed: 458
Best ratio is 401433/1 (401433.0), centered at 3447
Finding the best star... Star with 2 terminals centered in 3519
round took: 0.017551 s
|V| = 4860, |E| = 9510, |R| = 61
>>> get_solution
>>> get_solution
  refine_solution: new weight 68697210 (was 68849074) in 0.00106 s
  refine_solution: new weight 68697210 (was 68697210) in 0.001002 s
8,,4805,9510,61,,458,0,,68849074,68697210,3150263,3150263,3150263,,401433,2,@@

  handle_small_Steiner_degrees: steiner 0, suppress 0 in 8e-06 s
Starting round 9
Found 58 isolated vertices
Invalid ratios recomputed: 442
Best ratio is 439315/1 (439315.0), centered at 3303
Finding the best star... Star with 2 terminals centered in 3519
round took: 0.015272 s
|V| = 4860, |E| = 9503, |R| = 60
>>> get_solution
>>> get_solution
  refine_solution: new weight 68697210 (was 68849074) in 0.001063 s
  refine_solution: new weight 68697210 (was 68697210) in 0.001004 s
9,,4802,9503,60,,442,0,,68849074,68697210,3589578,3589578,3589578,,439315,2,@@

  handle_small_Steiner_degrees: steiner 0, suppress 0 in 7e-06 s
Starting round 10
Found 64 isolated vertices
Invalid ratios recomputed: 566
Best ratio is 454203/1 (454203.0), centered at 3345
Finding the best star... Star with 2 terminals centered in 3555
round took: 0.021916 s
|V| = 4860, |E| = 9498, |R| = 59
>>> get_solution
>>> get_solution
  refine_solution: new weight 68516288 (was 68668152) in 0.001074 s
  refine_solution: new weight 68516288 (was 68516288) in 0.001005 s
10,,4796,9498,59,,566,0,,68668152,68516288,4043781,4043781,4043781,,454203,2,@@

  handle_small_Steiner_degrees: steiner 0, suppress 0 in 7e-06 s
Starting round 11
Found 68 isolated vertices
Invalid ratios recomputed: 232
Best ratio is 483725/1 (483725.0), centered at 4424
Finding the best star... Star with 2 terminals centered in 4498
round took: 0.006977 s
|V| = 4860, |E| = 9491, |R| = 58
>>> get_solution
>>> get_solution
  refine_solution: new weight 68516288 (was 68668152) in 0.001076 s
  refine_solution: new weight 68516288 (was 68516288) in 0.001004 s
11,,4792,9491,58,,232,0,,68668152,68516288,4527506,4527506,4527506,,483725,2,@@

  handle_small_Steiner_degrees: steiner 0, suppress 0 in 6e-06 s
Starting round 12
Found 73 isolated vertices
Invalid ratios recomputed: 401
Best ratio is 509901/1 (509901.0), centered at 586
Finding the best star... Star with 2 terminals centered in 730
round took: 0.013935 s
|V| = 4860, |E| = 9483, |R| = 57
>>> get_solution
>>> get_solution
  refine_solution: new weight 68472888 (was 68624752) in 0.001083 s
  refine_solution: new weight 68472888 (was 68472888) in 0.001017 s
12,,4787,9483,57,,401,0,,68624752,68472888,5037407,5037407,5037407,,509901,2,@@

  handle_small_Steiner_degrees: steiner 0, suppress 0 in 7e-06 s
Starting round 13
Found 79 isolated vertices
Invalid ratios recomputed: 256
Best ratio is 520420/1 (520420.0), centered at 3684
Finding the best star... Star with 2 terminals centered in 3824
round took: 0.006781 s
|V| = 4860, |E| = 9477, |R| = 56
>>> get_solution
>>> get_solution
  refine_solution: new weight 68387291 (was 68539155) in 0.001071 s
  refine_solution: new weight 68387291 (was 68387291) in 0.001008 s
13,,4781,9477,56,,256,0,,68539155,68387291,5557827,5557827,5557827,,520420,2,@@

  handle_small_Steiner_degrees: steiner 0, suppress 0 in 7e-06 s
Starting round 14
Found 84 isolated vertices
Invalid ratios recomputed: 328
Best ratio is 536146/1 (536146.0), centered at 2573
Finding the best star... Star with 2 terminals centered in 2784
round took: 0.01075 s
|V| = 4860, |E| = 9471, |R| = 55
>>> get_solution
>>> get_solution
  refine_solution: new weight 68333039 (was 68484903) in 0.001076 s
  refine_solution: new weight 68333039 (was 68333039) in 0.001004 s
14,,4776,9471,55,,328,0,,68484903,68333039,6093973,6093973,6093973,,536146,2,@@

  handle_small_Steiner_degrees: steiner 0, suppress 0 in 6e-06 s
Starting round 15
Found 88 isolated vertices
Invalid ratios recomputed: 271
Best ratio is 612020/1 (612020.0), centered at 4549
Finding the best star... Star with 2 terminals centered in 4621
round took: 0.007172 s
|V| = 4860, |E| = 9466, |R| = 54
>>> get_solution
>>> get_solution
  refine_solution: new weight 68279068 (was 68430932) in 0.001071 s
  refine_solution: new weight 68279068 (was 68279068) in 0.001019 s
15,,4772,9466,54,,271,0,,68430932,68279068,6705993,6705993,6705993,,612020,2,@@

  handle_small_Steiner_degrees: steiner 0, suppress 0 in 7e-06 s
Starting round 16
Found 92 isolated vertices
Invalid ratios recomputed: 251
Best ratio is 615018/1 (615018.0), centered at 2955
Finding the best star... Star with 2 terminals centered in 2962
round took: 0.008656 s
|V| = 4860, |E| = 9454, |R| = 53
>>> get_solution
>>> get_solution
  refine_solution: new weight 68165770 (was 68317634) in 0.001069 s
  refine_solution: new weight 68165770 (was 68165770) in 0.001009 s
16,,4768,9454,53,,251,0,,68317634,68165770,7321011,7321011,7321011,,615018,2,@@

  delete_edges: deleted 65 edges in 0.00076 s and 3 rounds
  handle_small_Steiner_degrees: steiner 2, suppress 46 in 2.8e-05 s
Starting round 17
Found 150 isolated vertices
Invalid ratios recomputed: 647
Best ratio is 642007/1 (642007.0), centered at 4621
Finding the best star... Star with 2 terminals centered in 4758
round took: 0.0293 s
|V| = 4860, |E| = 9330, |R| = 52
>>> get_solution
>>> get_solution
  refine_solution: new weight 68132181 (was 68284045) in 0.001085 s
  refine_solution: new weight 68132181 (was 68132181) in 0.00101 s
17,,4710,9330,52,,647,0,,68284045,68132181,7963018,7963018,7963018,,642007,2,@@

  handle_small_Steiner_degrees: steiner 0, suppress 0 in 7e-06 s
Starting round 18
Found 157 isolated vertices
Invalid ratios recomputed: 277
Best ratio is 651475/1 (651475.0), centered at 2275
Finding the best star... Star with 2 terminals centered in 2419
round took: 0.01077 s
|V| = 4860, |E| = 9321, |R| = 51
>>> get_solution
>>> get_solution
  refine_solution: new weight 68132181 (was 68284045) in 0.001072 s
  refine_solution: new weight 68132181 (was 68132181) in 0.001002 s
18,,4703,9321,51,,277,0,,68284045,68132181,8614493,8614493,8614493,,651475,2,@@

  handle_small_Steiner_degrees: steiner 0, suppress 0 in 6e-06 s
Starting round 19
Found 163 isolated vertices
Invalid ratios recomputed: 417
Best ratio is 656390/1 (656390.0), centered at 1634
Finding the best star... Star with 2 terminals centered in 1844
round took: 0.01431 s
|V| = 4860, |E| = 9314, |R| = 50
>>> get_solution
>>> get_solution
  refine_solution: new weight 68132181 (was 68284045) in 0.001083 s
  refine_solution: new weight 68132181 (was 68132181) in 0.001002 s
19,,4697,9314,50,,417,0,,68284045,68132181,9270883,9270883,9270883,,656390,2,@@

  handle_small_Steiner_degrees: steiner 0, suppress 0 in 6e-06 s
Starting round 20
Found 169 isolated vertices
Invalid ratios recomputed: 355
Best ratio is 661172/1 (661172.0), centered at 378
Finding the best star... Star with 2 terminals centered in 730
round took: 0.016741 s
|V| = 4860, |E| = 9310, |R| = 49
>>> get_solution
>>> get_solution
  refine_solution: new weight 68132181 (was 68284045) in 0.00107 s
  refine_solution: new weight 68132181 (was 68132181) in 0.001005 s
20,,4691,9310,49,,355,0,,68284045,68132181,9932055,9932055,9932055,,661172,2,@@

  handle_small_Steiner_degrees: steiner 0, suppress 0 in 8e-06 s
Starting round 21
Found 172 isolated vertices
Invalid ratios recomputed: 303
Best ratio is 669491/1 (669491.0), centered at 991
Finding the best star... Star with 2 terminals centered in 1140
round took: 0.01039 s
|V| = 4860, |E| = 9295, |R| = 48
>>> get_solution
>>> get_solution
  refine_solution: new weight 68042392 (was 68194256) in 0.001067 s
  refine_solution: new weight 68042392 (was 68042392) in 0.001006 s
21,,4688,9295,48,,303,0,,68194256,68042392,10601546,10601546,10601546,,669491,2,@@

  handle_small_Steiner_degrees: steiner 0, suppress 0 in 8e-06 s
Starting round 22
Found 183 isolated vertices
Invalid ratios recomputed: 442
Best ratio is 684733/1 (684733.0), centered at 4498
Finding the best star... Star with 2 terminals centered in 4835
round took: 0.017228 s
|V| = 4860, |E| = 9284, |R| = 47
>>> get_solution
>>> get_solution
  refine_solution: new weight 68008576 (was 68160440) in 0.00107 s
  refine_solution: new weight 68008576 (was 68008576) in 0.001014 s
22,,4677,9284,47,,442,0,,68160440,68008576,11286279,11286279,11286279,,684733,2,@@

  handle_small_Steiner_degrees: steiner 0, suppress 1 in 9e-06 s
Starting round 23
Found 192 isolated vertices
Invalid ratios recomputed: 471
Best ratio is 688695/1 (688695.0), centered at 2297
Finding the best star... Star with 2 terminals centered in 2298
round took: 0.019006 s
|V| = 4860, |E| = 9279, |R| = 46
>>> get_solution
>>> get_solution
  refine_solution: new weight 67912142 (was 68064006) in 0.001066 s
  refine_solution: new weight 67912142 (was 67912142) in 0.001 s
23,,4668,9279,46,,471,0,,68064006,67912142,11974974,11974974,11974974,,688695,2,@@

  handle_small_Steiner_degrees: steiner 0, suppress 0 in 6e-06 s
Starting round 24
Found 195 isolated vertices
Invalid ratios recomputed: 305
Best ratio is 690036/1 (690036.0), centered at 220
Finding the best star... Star with 2 terminals centered in 296
round took: 0.008593 s
|V| = 4860, |E| = 9270, |R| = 45
>>> get_solution
>>> get_solution
  refine_solution: new weight 67760695 (was 67912559) in 0.001087 s
  refine_solution: new weight 67760695 (was 67760695) in 0.001002 s
24,,4665,9270,45,,305,0,,67912559,67760695,12665010,12665010,12665010,,690036,2,@@

  handle_small_Steiner_degrees: steiner 0, suppress 0 in 6e-06 s
Starting round 25
Found 203 isolated vertices
Invalid ratios recomputed: 291
Best ratio is 1440347/2 (720173.5), centered at 4223
Finding the best star... Star with 3 terminals centered in 4835
round took: 0.010941 s
|V| = 4860, |E| = 9253, |R| = 43
>>> get_solution
>>> get_solution
  refine_solution: new weight 67760695 (was 67912559) in 0.001071 s
  refine_solution: new weight 67760695 (was 67760695) in 0.001011 s
25,,4657,9253,43,,291,0,,67912559,67760695,14105357,14105357,14105357,,1440347,3,@@

  handle_small_Steiner_degrees: steiner 0, suppress 0 in 6e-06 s
Starting round 26
Found 216 isolated vertices
Invalid ratios recomputed: 646
Best ratio is 727109/1 (727109.0), centered at 13
Finding the best star... Star with 2 terminals centered in 14
round took: 0.032867 s
|V| = 4860, |E| = 9250, |R| = 42
>>> get_solution
>>> get_solution
  refine_solution: new weight 67760695 (was 67912559) in 0.001072 s
  refine_solution: new weight 67760695 (was 67760695) in 0.001001 s
26,,4644,9250,42,,646,0,,67912559,67760695,14832466,14832466,14832466,,727109,2,@@

  handle_small_Steiner_degrees: steiner 0, suppress 0 in 5e-06 s
Starting round 27
Found 218 isolated vertices
Invalid ratios recomputed: 239
Best ratio is 1496103/2 (748051.5), centered at 810
Finding the best star... Star with 3 terminals centered in 953
round took: 0.009091 s
|V| = 4860, |E| = 9234, |R| = 40
>>> get_solution
>>> get_solution
  refine_solution: new weight 67460419 (was 67612283) in 0.001071 s
  refine_solution: new weight 67460419 (was 67460419) in 0.001018 s
27,,4642,9234,40,,239,0,,67612283,67460419,16328569,16328569,16328569,,1496103,3,@@

  handle_small_Steiner_degrees: steiner 0, suppress 0 in 5e-06 s
Starting round 28
Found 231 isolated vertices
Invalid ratios recomputed: 439
Best ratio is 774909/1 (774909.0), centered at 1053
Finding the best star... Star with 2 terminals centered in 1475
round took: 0.015881 s
|V| = 4860, |E| = 9228, |R| = 39
>>> get_solution
>>> get_solution
  refine_solution: new weight 67460419 (was 67612283) in 0.001071 s
  refine_solution: new weight 67460419 (was 67460419) in 0.001012 s
28,,4629,9228,39,,439,0,,67612283,67460419,17103478,17103478,17103478,,774909,2,@@

  handle_small_Steiner_degrees: steiner 0, suppress 0 in 6e-06 s
Starting round 29
Found 236 isolated vertices
Invalid ratios recomputed: 652
Best ratio is 823532/1 (823532.0), centered at 1743
Finding the best star... Star with 2 terminals centered in 1954
round took: 0.030545 s
|V| = 4860, |E| = 9222, |R| = 38
>>> get_solution
>>> get_solution
  refine_solution: new weight 67760146 (was 67929632) in 0.001074 s
  refine_solution: new weight 67760146 (was 67760146) in 0.001015 s
29,,4624,9222,38,,652,0,,67929632,67760146,17927010,17927010,17927010,,823532,2,@@

  handle_small_Steiner_degrees: steiner 0, suppress 0 in 6e-06 s
Starting round 30
Found 240 isolated vertices
Invalid ratios recomputed: 327
Best ratio is 831081/1 (831081.0), centered at 2691
Finding the best star... Star with 2 terminals centered in 2693
round took: 0.015051 s
|V| = 4860, |E| = 9218, |R| = 37
>>> get_solution
>>> get_solution
  refine_solution: new weight 67760146 (was 67929632) in 0.00107 s
  refine_solution: new weight 67760146 (was 67760146) in 0.001005 s
30,,4620,9218,37,,327,0,,67929632,67760146,18758091,18758091,18758091,,831081,2,@@

  handle_small_Steiner_degrees: steiner 0, suppress 0 in 6e-06 s
Starting round 31
Found 243 isolated vertices
Invalid ratios recomputed: 463
Best ratio is 832381/1 (832381.0), centered at 2530
Finding the best star... Star with 2 terminals centered in 2962
round took: 0.020545 s
|V| = 4860, |E| = 9203, |R| = 36
>>> get_solution
>>> get_solution
  refine_solution: new weight 67726191 (was 67895677) in 0.00107 s
  refine_solution: new weight 67726191 (was 67726191) in 0.001023 s
31,,4617,9203,36,,463,0,,67895677,67726191,19590472,19590472,19590472,,832381,2,@@

  handle_small_Steiner_degrees: steiner 0, suppress 1 in 8e-06 s
Starting round 32
Found 255 isolated vertices
Invalid ratios recomputed: 816
Best ratio is 838092/1 (838092.0), centered at 2784
Finding the best star... Star with 2 terminals centered in 3555
round took: 0.050722 s
|V| = 4860, |E| = 9190, |R| = 35
>>> get_solution
>>> get_solution
  refine_solution: new weight 67726191 (was 67895677) in 0.001077 s
  refine_solution: new weight 67726191 (was 67726191) in 0.001012 s
32,,4605,9190,35,,816,0,,67895677,67726191,20428564,20428564,20428564,,838092,2,@@

  delete_edges: deleted 76 edges in 0.001491 s and 5 rounds
  handle_small_Steiner_degrees: steiner 3, suppress 50 in 2.9e-05 s
Starting round 33
Found 317 isolated vertices
Invalid ratios recomputed: 364
Best ratio is 856760/1 (856760.0), centered at 2298
Finding the best star... Star with 2 terminals centered in 2298
round took: 0.012046 s
|V| = 4860, |E| = 9051, |R| = 34
>>> get_solution
>>> get_solution
  refine_solution: new weight 67726191 (was 67895677) in 0.001078 s
  refine_solution: new weight 67726191 (was 67726191) in 0.001012 s
33,,4543,9051,34,,364,0,,67895677,67726191,21285324,21285324,21285324,,856760,2,@@

  handle_small_Steiner_degrees: steiner 0, suppress 0 in 6e-06 s
Starting round 34
Found 323 isolated vertices
Invalid ratios recomputed: 480
Best ratio is 1780970/2 (890485.0), centered at 802
Finding the best star... Star with 3 terminals centered in 953
round took: 0.020291 s
|V| = 4860, |E| = 9034, |R| = 32
>>> get_solution
>>> get_solution
  refine_solution: new weight 67175147 (was 67344633) in 0.001075 s
  refine_solution: new weight 67175147 (was 67175147) in 0.001014 s
34,,4537,9034,32,,480,0,,67344633,67175147,23066294,23066294,23066294,,1780970,3,@@

  handle_small_Steiner_degrees: steiner 0, suppress 0 in 6e-06 s
Starting round 35
Found 336 isolated vertices
Invalid ratios recomputed: 694
Best ratio is 988527/1 (988527.0), centered at 984
Finding the best star... Star with 2 terminals centered in 1140
round took: 0.038002 s
|V| = 4860, |E| = 9024, |R| = 31
>>> get_solution
>>> get_solution
  refine_solution: new weight 67175147 (was 67344633) in 0.001077 s
  refine_solution: new weight 67175147 (was 67175147) in 0.001008 s
35,,4524,9024,31,,694,0,,67344633,67175147,24054821,24054821,24054821,,988527,2,@@

  handle_small_Steiner_degrees: steiner 0, suppress 1 in 9e-06 s
Starting round 36
Found 345 isolated vertices
Invalid ratios recomputed: 896
Best ratio is 1035796/1 (1035796.0), centered at 4417
Finding the best star... Star with 2 terminals centered in 4758
round took: 0.05764 s
|V| = 4860, |E| = 9012, |R| = 30
>>> get_solution
>>> get_solution
  refine_solution: new weight 67175147 (was 67344633) in 0.001075 s
  refine_solution: new weight 67175147 (was 67175147) in 0.00102 s
36,,4515,9012,30,,896,0,,67344633,67175147,25090617,25090617,25090617,,1035796,2,@@

  handle_small_Steiner_degrees: steiner 0, suppress 1 in 7e-06 s
Starting round 37
Found 353 isolated vertices
Invalid ratios recomputed: 716
Best ratio is 2075546/2 (1037773.0), centered at 4052
Finding the best star... Star with 3 terminals centered in 4125
round took: 0.044255 s
|V| = 4860, |E| = 8998, |R| = 28
>>> get_solution
>>> get_solution
  refine_solution: new weight 66797777 (was 66967263) in 0.001113 s
  refine_solution: new weight 66797777 (was 66797777) in 0.001007 s
37,,4507,8998,28,,716,0,,66967263,66797777,27166163,27166163,27166163,,2075546,3,@@

  handle_small_Steiner_degrees: steiner 0, suppress 0 in 8e-06 s
Starting round 38
Found 362 isolated vertices
Invalid ratios recomputed: 761
Best ratio is 1058801/1 (1058801.0), centered at 2866
Finding the best star... Star with 2 terminals centered in 2870
round took: 0.042647 s
|V| = 4860, |E| = 8991, |R| = 27
>>> get_solution
>>> get_solution
  refine_solution: new weight 66679366 (was 66848852) in 0.001075 s
  refine_solution: new weight 66679366 (was 66679366) in 0.001023 s
38,,4498,8991,27,,761,0,,66848852,66679366,28224964,28224964,28224964,,1058801,2,@@

  handle_small_Steiner_degrees: steiner 0, suppress 0 in 6e-06 s
Starting round 39
Found 368 isolated vertices
Invalid ratios recomputed: 648
Best ratio is 1125849/1 (1125849.0), centered at 1660
Finding the best star... Star with 2 terminals centered in 2150
round took: 0.043215 s
|V| = 4860, |E| = 8982, |R| = 26
>>> get_solution
>>> get_solution
  refine_solution: new weight 66679366 (was 66848852) in 0.001076 s
  refine_solution: new weight 66679366 (was 66679366) in 0.001016 s
39,,4492,8982,26,,648,0,,66848852,66679366,29350813,29350813,29350813,,1125849,2,@@

  handle_small_Steiner_degrees: steiner 0, suppress 0 in 6e-06 s
Starting round 40
Found 376 isolated vertices
Invalid ratios recomputed: 432
Best ratio is 2282192/2 (1141096.0), centered at 2697
Finding the best star... Star with 3 terminals centered in 3262
round took: 0.017772 s
|V| = 4860, |E| = 8959, |R| = 24
>>> get_solution
>>> get_solution
  refine_solution: new weight 66429959 (was 66599445) in 0.001073 s
  refine_solution: new weight 66429959 (was 66429959) in 0.00101 s
40,,4484,8959,24,,432,0,,66599445,66429959,31633005,31633005,31633005,,2282192,3,@@

  handle_small_Steiner_degrees: steiner 0, suppress 0 in 6e-06 s
Starting round 41
Found 394 isolated vertices
Invalid ratios recomputed: 780
Best ratio is 1183176/1 (1183176.0), centered at 1902
Finding the best star... Star with 2 terminals centered in 2962
round took: 0.052869 s
|V| = 4860, |E| = 8948, |R| = 23
>>> get_solution
>>> get_solution
  refine_solution: new weight 66429959 (was 66599445) in 0.001079 s
  refine_solution: new weight 66429959 (was 66429959) in 0.001018 s
41,,4466,8948,23,,780,0,,66599445,66429959,32816181,32816181,32816181,,1183176,2,@@

  handle_small_Steiner_degrees: steiner 0, suppress 0 in 5e-06 s
Starting round 42
Found 403 isolated vertices
Invalid ratios recomputed: 1225
Best ratio is 1195699/1 (1195699.0), centered at 619
Finding the best star... Star with 2 terminals centered in 1321
round took: 0.107604 s
|V| = 4860, |E| = 8934, |R| = 22
>>> get_solution
>>> get_solution
  refine_solution: new weight 66429959 (was 66599445) in 0.001088 s
  refine_solution: new weight 66429959 (was 66429959) in 0.001019 s
42,,4457,8934,22,,1225,0,,66599445,66429959,34011880,34011880,34011880,,1195699,2,@@

  handle_small_Steiner_degrees: steiner 0, suppress 0 in 6e-06 s
Starting round 43
Found 415 isolated vertices
Invalid ratios recomputed: 421
Best ratio is 1214626/1 (1214626.0), centered at 181
Finding the best star... Star with 2 terminals centered in 953
round took: 0.021591 s
|V| = 4860, |E| = 8926, |R| = 21
>>> get_solution
>>> get_solution
  refine_solution: new weight 66429959 (was 66599445) in 0.001077 s
  refine_solution: new weight 66429959 (was 66429959) in 0.001011 s
43,,4445,8926,21,,421,0,,66599445,66429959,35226506,35226506,35226506,,1214626,2,@@

  handle_small_Steiner_degrees: steiner 0, suppress 0 in 6e-06 s
Starting round 44
Found 420 isolated vertices
Invalid ratios recomputed: 775
Best ratio is 1245515/1 (1245515.0), centered at 1588
Finding the best star... Star with 2 terminals centered in 2149
round took: 0.057823 s
|V| = 4860, |E| = 8917, |R| = 20
>>> get_solution
>>> get_solution
  refine_solution: new weight 66429959 (was 66599445) in 0.001073 s
  refine_solution: new weight 66429959 (was 66429959) in 0.001015 s
44,,4440,8917,20,,775,0,,66599445,66429959,36472021,36472021,36472021,,1245515,2,@@

  handle_small_Steiner_degrees: steiner 0, suppress 1 in 8e-06 s
Starting round 45
Found 428 isolated vertices
Invalid ratios recomputed: 647
Best ratio is 1247664/1 (1247664.0), centered at 4125
Finding the best star... Star with 2 terminals centered in 4758
round took: 0.044148 s
|V| = 4860, |E| = 8899, |R| = 19
>>> get_solution
>>> get_solution
  refine_solution: new weight 66429959 (was 66599445) in 0.001095 s
  refine_solution: new weight 66429959 (was 66429959) in 0.001011 s
45,,4432,8899,19,,647,0,,66599445,66429959,37719685,37719685,37719685,,1247664,2,@@

  handle_small_Steiner_degrees: steiner 0, suppress 1 in 9e-06 s
Starting round 46
Found 439 isolated vertices
Invalid ratios recomputed: 985
Best ratio is 1260113/1 (1260113.0), centered at 2139
Finding the best star... Star with 2 terminals centered in 2149
round took: 0.082422 s
|V| = 4860, |E| = 8884, |R| = 18
>>> get_solution
>>> get_solution
  refine_solution: new weight 66429959 (was 66599445) in 0.001075 s
  refine_solution: new weight 66429959 (was 66429959) in 0.001015 s
46,,4421,8884,18,,985,0,,66599445,66429959,38979798,38979798,38979798,,1260113,2,@@

  handle_small_Steiner_degrees: steiner 0, suppress 2 in 1e-05 s
Starting round 47
Found 451 isolated vertices
Invalid ratios recomputed: 974
Best ratio is 1260249/1 (1260249.0), centered at 3972
Finding the best star... Star with 2 terminals centered in 4758
round took: 0.092714 s
|V| = 4860, |E| = 8869, |R| = 17
>>> get_solution
>>> get_solution
  refine_solution: new weight 66429959 (was 66599445) in 0.001096 s
  refine_solution: new weight 66429959 (was 66429959) in 0.001003 s
47,,4409,8869,17,,974,0,,66599445,66429959,40240047,40240047,40240047,,1260249,2,@@

  handle_small_Steiner_degrees: steiner 0, suppress 1 in 7e-06 s
Starting round 48
Found 461 isolated vertices
Invalid ratios recomputed: 986
Best ratio is 1292525/1 (1292525.0), centered at 2870
Finding the best star... Star with 2 terminals centered in 2962
round took: 0.097073 s
|V| = 4860, |E| = 8850, |R| = 16
>>> get_solution
>>> get_solution
  refine_solution: new weight 66429959 (was 66599445) in 0.001074 s
  refine_solution: new weight 66429959 (was 66429959) in 0.001016 s
48,,4399,8850,16,,986,0,,66599445,66429959,41532572,41532572,41532572,,1292525,2,@@

  handle_small_Steiner_degrees: steiner 0, suppress 2 in 9e-06 s
Starting round 49
Found 478 isolated vertices
Invalid ratios recomputed: 1674
Best ratio is 1339142/1 (1339142.0), centered at 2150
Finding the best star... Star with 2 terminals centered in 2298
round took: 0.203081 s
|V| = 4860, |E| = 8835, |R| = 15
>>> get_solution
>>> get_solution
  refine_solution: new weight 66429959 (was 66599445) in 0.001078 s
  refine_solution: new weight 66429959 (was 66429959) in 0.001016 s
49,,4382,8835,15,,1674,0,,66599445,66429959,42871714,42871714,42871714,,1339142,2,@@

  handle_small_Steiner_degrees: steiner 0, suppress 1 in 7e-06 s
Starting round 50
Found 488 isolated vertices
Invalid ratios recomputed: 915
Best ratio is 1351456/1 (1351456.0), centered at 296
Finding the best star... Star with 2 terminals centered in 1140
round took: 0.079543 s
|V| = 4860, |E| = 8820, |R| = 14
>>> get_solution
>>> get_solution
  refine_solution: new weight 66379253 (was 66548739) in 0.001081 s
  refine_solution: new weight 66379253 (was 66379253) in 0.001009 s
50,,4372,8820,14,,915,0,,66548739,66379253,44223170,44223170,44223170,,1351456,2,@@

  handle_small_Steiner_degrees: steiner 0, suppress 1 in 8e-06 s
Starting round 51
Found 499 isolated vertices
Invalid ratios recomputed: 1335
Best ratio is 1403782/1 (1403782.0), centered at 3824
Finding the best star... Star with 2 terminals centered in 4386
round took: 0.129889 s
|V| = 4860, |E| = 8807, |R| = 13
>>> get_solution
>>> get_solution
  refine_solution: new weight 66379253 (was 66548739) in 0.001088 s
  refine_solution: new weight 66379253 (was 66379253) in 0.001008 s
51,,4361,8807,13,,1335,0,,66548739,66379253,45626952,45626952,45626952,,1403782,2,@@

  handle_small_Steiner_degrees: steiner 0, suppress 1 in 7e-06 s
Starting round 52
Found 510 isolated vertices
Invalid ratios recomputed: 690
Best ratio is 2827899/2 (1413949.5), centered at 1144
Finding the best star... Star with 3 terminals centered in 1844
round took: 0.057305 s
|V| = 4860, |E| = 8778, |R| = 11
>>> get_solution
>>> get_solution
  refine_solution: new weight 65914055 (was 66083541) in 0.00109 s
  refine_solution: new weight 65914055 (was 65914055) in 0.00101 s
52,,4350,8778,11,,690,0,,66083541,65914055,48454851,48454851,48454851,,2827899,3,@@

  handle_small_Steiner_degrees: steiner 0, suppress 1 in 1e-05 s
Starting round 53
Found 532 isolated vertices
Invalid ratios recomputed: 1781
Best ratio is 2941418/2 (1470709.0), centered at 2969
Finding the best star... Star with 3 terminals centered in 3739
round took: 0.300683 s
|V| = 4860, |E| = 8750, |R| = 9
>>> get_solution
>>> get_solution
  refine_solution: new weight 65497298 (was 65666784) in 0.001082 s
  refine_solution: new weight 65497298 (was 65497298) in 0.001018 s
53,,4328,8750,9,,1781,0,,65666784,65497298,51396269,51396269,51396269,,2941418,3,@@

  handle_small_Steiner_degrees: steiner 0, suppress 0 in 6e-06 s
Starting round 54
Found 555 isolated vertices
Invalid ratios recomputed: 3061
Best ratio is 1539448/1 (1539448.0), centered at 3263
Finding the best star... Star with 2 terminals centered in 4386
round took: 0.609376 s
|V| = 4860, |E| = 8739, |R| = 8
>>> get_solution
>>> get_solution
  refine_solution: new weight 65497298 (was 65666784) in 0.001084 s
  refine_solution: new weight 65497298 (was 65497298) in 0.001016 s
54,,4305,8739,8,,3061,0,,65666784,65497298,52935717,52935717,52935717,,1539448,2,@@

  handle_small_Steiner_degrees: steiner 0, suppress 0 in 6e-06 s
Starting round 55
Found 563 isolated vertices
Invalid ratios recomputed: 3176
Best ratio is 3115482/2 (1557741.0), centered at 1741
Finding the best star... Star with 3 terminals centered in 2298
round took: 0.751886 s
|V| = 4860, |E| = 8714, |R| = 6
>>> get_solution
>>> get_solution
  refine_solution: new weight 65198762 (was 65350626) in 0.001087 s
  refine_solution: new weight 65198762 (was 65198762) in 0.001012 s
55,,4297,8714,6,,3176,0,,65350626,65198762,56051199,56051199,56051199,,3115482,3,@@

  handle_small_Steiner_degrees: steiner 0, suppress 2 in 8e-06 s
Starting round 56
Found 584 isolated vertices
Invalid ratios recomputed: 1565
Best ratio is 1586975/1 (1586975.0), centered at 14
Finding the best star... Star with 2 terminals centered in 1844
round took: 0.36142 s
|V| = 4860, |E| = 8694, |R| = 5
>>> get_solution
>>> get_solution
  refine_solution: new weight 65198762 (was 65350626) in 0.001097 s
  refine_solution: new weight 65198762 (was 65198762) in 0.001023 s
56,,4276,8694,5,,1565,0,,65350626,65198762,57638174,57638174,57638174,,1586975,2,@@

  handle_small_Steiner_degrees: steiner 0, suppress 0 in 7e-06 s
Starting round 57
Found 598 isolated vertices
Invalid ratios recomputed: 2768
Best ratio is 3461857/2 (1730928.5), centered at 1895
Finding the best star... Star with 3 terminals centered in 4386
round took: 0.754829 s
|V| = 4860, |E| = 8666, |R| = 3
>>> get_solution
>>> get_solution
  refine_solution: new weight 64886889 (was 65038753) in 0.001081 s
  refine_solution: new weight 64886889 (was 64886889) in 0.001011 s
57,,4262,8666,3,,2768,0,,65038753,64886889,61100031,61100031,61100031,,3461857,3,@@

  handle_small_Steiner_degrees: steiner 0, suppress 0 in 5e-06 s
Starting round 58
Found 622 isolated vertices
Invalid ratios recomputed: 4197
Best ratio is 1789609/1 (1789609.0), centered at 3735
Finding the best star... Star with 2 terminals centered in 4758
round took: 1.78541 s
|V| = 4860, |E| = 8650, |R| = 2
>>> get_solution
>>> get_solution
  refine_solution: new weight 64886889 (was 65038753) in 0.001087 s
  refine_solution: new weight 64886889 (was 64886889) in 0.001007 s
58,,4238,8650,2,,4197,0,,65038753,64886889,62889640,62889640,62889640,,1789609,2,@@

  handle_small_Steiner_degrees: steiner 0, suppress 1 in 1e-05 s
Starting round 59
Found 634 isolated vertices
Invalid ratios recomputed: 4226
Best ratio is 2149113/1 (2149113.0), centered at 4226
Finding the best star... Star with 2 terminals centered in 4720
round took: 2.06322 s
|V| = 4860, |E| = 8628, |R| = 1
>>> get_solution
>>> get_solution
  refine_solution: new weight 64886889 (was 65038753) in 0.001094 s
  refine_solution: new weight 64886889 (was 64886889) in 0.001012 s
59,,4226,8628,1,,4226,0,,65038753,64886889,65038753,65038753,65038753,,2149113,2,@@

  handle_small_Steiner_degrees: steiner 0, suppress 1 in 9e-06 s
contract_till_the_bitter_end: 8.79789 s

Calling end_heu
>>> get_solution
Saved weight 0
DŽ: 65038753 -> 63787625
  BEST solution improved 65038753 -> 63787625 (vert_size 0, round 1) *
  BEST solution improved 63787625 -> 63714692 (vert_size 4, round 107) *
  BEST solution improved 63714692 -> 63677816 (vert_size 3, round 192)
DŽ: 63677816 -> 63677816
  BEST solution improved 63677816 -> 63620944 (vert_size 3, round 1109) *
  BEST solution improved 63620944 -> 63597897 (vert_size 3, round 1138)
  BEST solution improved 63597897 -> 63579803 (vert_size 4, round 1361)
DŽ: 63579803 -> 63579803
DŽ: 63714692 -> 63677816
DŽ: 63579803 -> 64139468
  BEST solution improved 63579803 -> 63470151 (vert_size 2, round 4696) *
DŽ: 63470151 -> 63439896
  BEST solution improved 63470151 -> 63439896 (vert_size 0, round 5001) *
DŽ: 63439896 -> 63439896
DŽ: 63439896 -> 63439896
DŽ: 63439896 -> 63439896
DŽ: 63439896 -> 63439896
DŽ: 63439896 -> 63439896
DŽ: 63439896 -> 63439896
DŽ: 63439896 -> 63830308
DŽ: 63439896 -> 63439896
DŽ: 63439896 -> 63439896
DŽ: 63830308 -> 63830308
DŽ: 63439896 -> 63439896
  BEST solution improved 63439896 -> 63396959 (vert_size 2, round 16023)
DŽ: 63396959 -> 63396959
DŽ: 63493120 -> 63439896
DŽ: 63439896 -> 63439896
DŽ: 63710484 -> 63439896
DŽ: 63579803 -> 63347736
  BEST solution improved 63579803 -> 63347736 (vert_size 0, round 21001) *
  BEST solution improved 63347736 -> 63308835 (vert_size 2, round 21070) *
  BEST solution improved 63308835 -> 63271959 (vert_size 2, round 21679) *
DŽ: 63271959 -> 63271959
DŽ: 63579803 -> 63579803
DŽ: 63271959 -> 63271959
DŽ: 63439896 -> 63439896
DŽ: 63439896 -> 63830308
DŽ: 63439896 -> 63439896
DŽ: 63271959 -> 63271959
DŽ: 63308835 -> 63662371
DŽ: 63579803 -> 63970215
DŽ: 63597897 -> 63832929
DŽ: 63559104 -> 63372330
  BEST solution improved 63372330 -> 63264831 (vert_size 2, round 32076) *
  BEST solution improved 63264831 -> 63230876 (vert_size 2, round 32184) *
  BEST solution improved 63230876 -> 63191975 (vert_size 4, round 32592)
DŽ: 63191975 -> 63155099
  BEST solution improved 63191975 -> 63155099 (vert_size 0, round 33001) *
DŽ: 63155099 -> 63155099
DŽ: 63155099 -> 63155099
  BEST solution improved 63155099 -> 63142475 (vert_size 1, round 35346) *
DŽ: 63142475 -> 63132052
  BEST solution improved 63142475 -> 63132052 (vert_size 0, round 36001) *
DŽ: 63132052 -> 63132052
  BEST solution improved 63132052 -> 63038768 (vert_size 4, round 37160) *
DŽ: 63038768 -> 63038768
DŽ: 63439896 -> 63439896
DŽ: 63396959 -> 63536330
DŽ: 63308835 -> 63271959
DŽ: 63439896 -> 63733028
DŽ: 63581051 -> 63581051
DŽ: 63439896 -> 63830308
DŽ: 63439896 -> 63731751
DŽ: 63677816 -> 63351878

 start over 46413 loops 166 unique solutions 
Approx + random 
DŽ: 69361025 -> 65230363
DŽ: 63396959 -> 63901403
DŽ: 63038768 -> 63038768
DŽ: 63038768 -> 63114545
DŽ: 63677816 -> 63912848
DŽ: 63439896 -> 63830308
DŽ: 63038768 -> 63038768
DŽ: 63396959 -> 63439896
DŽ: 63442397 -> 63901234
DŽ: 63536057 -> 63439896
DŽ: 63611844 -> 63439896
DŽ: 63599201 -> 63471050
DŽ: 63599201 -> 63761135
DŽ: 63038768 -> 63038768
DŽ: 63779564 -> 63439896
DŽ: 63513935 -> 63838406
DŽ: 63597897 -> 63597897
DŽ: 63038768 -> 63038768
DŽ: 63114545 -> 63114545
DŽ: 63038768 -> 63038768
DŽ: 63830308 -> 63830308
DŽ: 63038768 -> 63398739
DŽ: 63599201 -> 63471050
DŽ: 63610957 -> 63610957
DŽ: 63038768 -> 63038768
DŽ: 63216693 -> 63171624
DŽ: 63038768 -> 63038768
DŽ: 63610957 -> 64072840
DŽ: 63471050 -> 63471050
DŽ: 63699482 -> 64250328
DŽ: 63038768 -> 63038768
DŽ: 63885620 -> 63692489
DŽ: 63439896 -> 63439896
DŽ: 63038768 -> 63038768
DŽ: 63471050 -> 63761135
DŽ: 63457518 -> 63817447
DŽ: 63731809 -> 63293979
DŽ: 63038768 -> 63038768

 start over 83181 loops 211 unique solutions 
Approx + random 
DŽ: 69361025 -> 65131605
DŽ: 64769145 -> 64483854
DŽ: 63038768 -> 63038768
DŽ: 64034455 -> 63883468
DŽ: 63473551 -> 63471050
DŽ: 64034455 -> 64152710
DŽ: 63471050 -> 63471050
DŽ: 63599201 -> 63471050
DŽ: 63038768 -> 63171624
DŽ: 63038768 -> 63038768
DŽ: 63524303 -> 63471050
DŽ: 63471050 -> 63761135
DŽ: 63038768 -> 63609539
DŽ: 63038768 -> 63038768
DŽ: 63307397 -> 63390421
DŽ: 63309681 -> 63234524
DŽ: 63609539 -> 63429180
DŽ: 63307397 -> 63349219
DŽ: 63038768 -> 63038768
DŽ: 63471050 -> 63959623
DŽ: 63220512 -> 63038768
DŽ: 63656817 -> 63874645
DŽ: 63656817 -> 63693408
DŽ: 63038768 -> 63416319
  BEST solution improved 63039388 -> 63011255 (vert_size 4, round 106361) *
DŽ: 63011255 -> 62986135
  BEST solution improved 63011255 -> 62986135 (vert_size 0, round 107001) *
DŽ: 62986135 -> 62986135
DŽ: 63874645 -> 63874645
DŽ: 62986135 -> 62986135
DŽ: 62986135 -> 63460422
DŽ: 63811364 -> 63784582
DŽ: 63883468 -> 63959245
DŽ: 64590381 -> 63993277
DŽ: 63390421 -> 63489126
DŽ: 63309681 -> 63451036
DŽ: 63450225 -> 63453801
DŽ: 63811364 -> 63966628
DŽ: 63656817 -> 63831064
DŽ: 63273442 -> 63273442
DŽ: 63348660 -> 63460422

 start over 121401 loops 245 unique solutions 
Approx + random 
DŽ: 69361025 -> 65041077
DŽ: 63471050 -> 63471050
DŽ: 63390421 -> 63234524
DŽ: 63348203 -> 63273442
DŽ: 62986135 -> 62986135
DŽ: 62986135 -> 63384645
DŽ: 62986135 -> 62986135
DŽ: 63241795 -> 63522753
DŽ: 63471050 -> 63471050
DŽ: 62986135 -> 62986135
DŽ: 62986135 -> 63043007
DŽ: 62986135 -> 62986135
DŽ: 62986135 -> 63276220
DŽ: 63038768 -> 63038768
DŽ: 63158747 -> 63158747
DŽ: 63241795 -> 63847274
DŽ: 62986135 -> 62986135
DŽ: 62986135 -> 62986135
DŽ: 62986135 -> 62986135
DŽ: 62986135 -> 63203366
DŽ: 62986135 -> 62986135
DŽ: 62986135 -> 62986135
DŽ: 62986135 -> 63565004
DŽ: 63203366 -> 63061912
DŽ: 63567612 -> 63643389
DŽ: 62986135 -> 62986135
DŽ: 63522753 -> 63522753
DŽ: 62986135 -> 62986135
DŽ: 62986135 -> 62986135
DŽ: 63262862 -> 63363694
DŽ: 62986135 -> 63384645
DŽ: 63423506 -> 63276220
DŽ: 62986135 -> 63384645
DŽ: 62986135 -> 63276220
DŽ: 65041077 -> 64635171
DŽ: 62986135 -> 62986135
DŽ: 63158747 -> 63438409
DŽ: 64330564 -> 64200477
DŽ: 63273442 -> 63273442
DŽ: 62986135 -> 63276220
DŽ: 62986135 -> 62986135
DŽ: 63718232 -> 63662769
DŽ: 64502041 -> 64370815
DŽ: 62986135 -> 62986135
DŽ: 63537261 -> 63651956
DŽ: 62986135 -> 62986135
DŽ: 62986135 -> 62986135
DŽ: 62986135 -> 62986135
DŽ: 62986135 -> 63061912
DŽ: 62986135 -> 62986135
DŽ: 62986135 -> 62986135
DŽ: 62986135 -> 62986135

 start over 172515 loops 294 unique solutions 
Original + vert_size 13 
DŽ: 65038753 -> 63461687
DŽ: 62986135 -> 62986135
DŽ: 62986135 -> 62986135
DŽ: 62986135 -> 62986135
DŽ: 62986135 -> 62986135
DŽ: 62986135 -> 62986135
DŽ: 62986135 -> 63384645
DŽ: 63273442 -> 63273442
DŽ: 63038768 -> 63429180
DŽ: 62986135 -> 62986135
DŽ: 62986135 -> 62986135
DŽ: 62986135 -> 62986135
DŽ: 63348203 -> 63273442
DŽ: 62986135 -> 62986135
DŽ: 63273442 -> 63349219
DŽ: 63429180 -> 63429180
DŽ: 63348203 -> 63273442
DŽ: 62986135 -> 62986135
DŽ: 62986135 -> 62986135
DŽ: 63348203 -> 63581340
DŽ: 62986135 -> 63384645
DŽ: 62986135 -> 62986135
DŽ: 63348203 -> 63273442
DŽ: 62986135 -> 62986135
DŽ: 63444783 -> 63625142
DŽ: 62986135 -> 62986135
DŽ: 62986135 -> 63664940
DŽ: 62986135 -> 63460422
DŽ: 62986135 -> 63276220
DŽ: 62986135 -> 62986135
DŽ: 62986135 -> 62986135
DŽ: 62986135 -> 63276220
DŽ: 63276247 -> 63223422
DŽ: 62986135 -> 62986135
DŽ: 62986135 -> 63384645
DŽ: 62986135 -> 62986135
DŽ: 62986135 -> 62986135
DŽ: 62986135 -> 62986135
DŽ: 62986135 -> 62986135
DŽ: 62986135 -> 62986135
DŽ: 63134929 -> 63346612
DŽ: 63265783 -> 63518992
DŽ: 63265783 -> 63228907
DŽ: 63134929 -> 63538989

 start over 215968 loops 339 unique solutions 
Approx + random 
DŽ: 69361025 -> 64897082
DŽ: 63228907 -> 63228907
DŽ: 62986135 -> 63384645
DŽ: 62986135 -> 63384645
DŽ: 63348660 -> 62986135
DŽ: 62986135 -> 62986135
DŽ: 63348203 -> 63273442
DŽ: 63038768 -> 63128831
DŽ: 62986135 -> 63674730
DŽ: 63134929 -> 63660110
DŽ: 63461687 -> 63461687
DŽ: 62986135 -> 62986135
DŽ: 62986135 -> 62986135
DŽ: 63384645 -> 63384645
DŽ: 63425634 -> 62986135
DŽ: 63453722 -> 63351878
DŽ: 62986135 -> 62986135
DŽ: 63228907 -> 63228907
DŽ: 63351878 -> 63351878
DŽ: 63228907 -> 63228907
DŽ: 62986135 -> 62986135
DŽ: 62986135 -> 63276220
DŽ: 62986135 -> 62986135
DŽ: 62986135 -> 62986135
DŽ: 63228907 -> 63674730
DŽ: 62986135 -> 62986135
DŽ: 62986135 -> 62986135
DŽ: 62986135 -> 63460422
DŽ: 62986135 -> 62986135
DŽ: 63384645 -> 63745419
DŽ: 62986135 -> 62986135
DŽ: 62986135 -> 62986135
DŽ: 63422210 -> 63845066
DŽ: 63384645 -> 63384645
DŽ: 63384645 -> 63719589
DŽ: 63659317 -> 63647461
DŽ: 63643700 -> 63643700
DŽ: 63395238 -> 63276220
DŽ: 63719589 -> 63719589
DŽ: 62986135 -> 63061912
DŽ: 63228907 -> 63228907
DŽ: 63228907 -> 63777890
DŽ: 63551416 -> 63551416
DŽ: 63777890 -> 63610513
DŽ: 63303668 -> 63304684
DŽ: 63065550 -> 63288930
DŽ: 62986135 -> 62986135
DŽ: 62986135 -> 62986135
DŽ: 62986135 -> 62986135
DŽ: 63351878 -> 63448312

 start over 264205 loops 387 unique solutions 
Original + vert_size 13 
DŽ: 65038753 -> 64178037
DŽ: 62986135 -> 62986135
DŽ: 63731618 -> 63760728
DŽ: 62986135 -> 62986135
DŽ: 63888739 -> 63905141
DŽ: 62986135 -> 62986135
DŽ: 63690195 -> 63743509
DŽ: 63724015 -> 63487519
DŽ: 63731618 -> 63826724
DŽ: 64125022 -> 63787625
DŽ: 62986135 -> 62986135
DŽ: 63958684 -> 63461687
DŽ: 62986135 -> 62986135
DŽ: 63228907 -> 63228907
DŽ: 63743509 -> 63743509
DŽ: 63704259 -> 64077049
DŽ: 63905141 -> 63951577
DŽ: 62986135 -> 62986135
DŽ: 63659722 -> 63427655
DŽ: 62986135 -> 62986135
DŽ: 63686637 -> 63686637
DŽ: 63706437 -> 64076555
DŽ: 63731618 -> 63711571
DŽ: 62986135 -> 62986135
DŽ: 62986135 -> 62986135
DŽ: 62986135 -> 62986135
DŽ: 63648698 -> 64054002
DŽ: 63659722 -> 64015425
DŽ: 63722193 -> 63722193
DŽ: 64054002 -> 64207438
DŽ: 62986135 -> 62986135
DŽ: 63690195 -> 63723095
DŽ: 63659722 -> 64412736
DŽ: 62986135 -> 62986135
DŽ: 63743509 -> 63743509
DŽ: 62986135 -> 62986135
DŽ: 63743509 -> 63743509
DŽ: 62986135 -> 62986135
DŽ: 62986135 -> 62986135
DŽ: 62986135 -> 62986135

 start over 303500 loops 431 unique solutions 
Original + vert_size 0 
DŽ: 65038753 -> 63461687
DŽ: 62986135 -> 62986135
DŽ: 62986135 -> 63776461
DŽ: 63430417 -> 63416297
DŽ: 63805980 -> 63922959
DŽ: 63651225 -> 63833271
DŽ: 62986135 -> 63155196
DŽ: 63425917 -> 63602040
DŽ: 63492751 -> 63742290
DŽ: 63369500 -> 63818067
DŽ: 62986135 -> 62986135
DŽ: 63482210 -> 63386049
DŽ: 63416297 -> 64004616
DŽ: 62986135 -> 62986135
DŽ: 63839172 -> 63899787
DŽ: 62986135 -> 62986135
DŽ: 63742290 -> 63742290
DŽ: 63079419 -> 63079419
DŽ: 63601570 -> 63746144
DŽ: 63502537 -> 63532293
DŽ: 63368120 -> 63271959
DŽ: 63742290 -> 63742290
DŽ: 62986135 -> 62986135
DŽ: 62986135 -> 62986135
DŽ: 62986135 -> 62986135
DŽ: 62986135 -> 62986135
DŽ: 63448039 -> 63461687
DŽ: 62986135 -> 62986135
DŽ: 63565785 -> 63641562
DŽ: 63502537 -> 63351878
DŽ: 63351878 -> 63351878
DŽ: 62986135 -> 62986135
DŽ: 63368120 -> 63295006
DŽ: 63601570 -> 63641562
DŽ: 62986135 -> 62986135
DŽ: 62986135 -> 62986135
DŽ: 62986135 -> 63565004
DŽ: 63351878 -> 63742290

 start over 340845 loops 466 unique solutions 
Original + vert_size 0 
DŽ: 65038753 -> 63461687
DŽ: 62986135 -> 62986135
DŽ: 63351878 -> 63650006
DŽ: 63351878 -> 63741189
DŽ: 63425917 -> 63742290
DŽ: 63677816 -> 63677816
DŽ: 63677816 -> 63677816
DŽ: 62986135 -> 62986135
DŽ: 63232094 -> 63211971
DŽ: 62986135 -> 62986135
DŽ: 62986135 -> 63519432
DŽ: 63714692 -> 63677816
DŽ: 63211971 -> 63321780
DŽ: 62986135 -> 62986135
DŽ: 62986135 -> 62986135
DŽ: 62986135 -> 63276220
DŽ: 63211971 -> 63321780
DŽ: 62986135 -> 63164896
DŽ: 62986135 -> 63061912
DŽ: 62986135 -> 62986135
DŽ: 62986135 -> 63166550
DŽ: 63164896 -> 63164896
DŽ: 63211971 -> 63602383
DŽ: 63602383 -> 63602383
DŽ: 63049158 -> 62986135
DŽ: 62986135 -> 62986135
DŽ: 62986135 -> 62986135
DŽ: 63061912 -> 63351997
DŽ: 62986135 -> 62986135
DŽ: 62986135 -> 62986135
DŽ: 62986135 -> 62986135
DŽ: 63677816 -> 63677816
DŽ: 63039388 -> 63474708
DŽ: 63677816 -> 63677816
DŽ: 63211971 -> 63771636
DŽ: 63211971 -> 63287748
DŽ: 62986135 -> 62986135
DŽ: 63321780 -> 63647718
DŽ: 62986135 -> 62986135
DŽ: 62986135 -> 63061912
DŽ: 62986135 -> 62986135
DŽ: 63166550 -> 63342257
DŽ: 63291926 -> 63497555

 start over 382941 loops 505 unique solutions 
Approx + random 
DŽ: 69361025 -> 64295710
DŽ: 62986135 -> 62986135
DŽ: 62986135 -> 63674730
DŽ: 63308132 -> 64030995
DŽ: 63423558 -> 62986135
DŽ: 62986135 -> 62986135
DŽ: 63602383 -> 63602383
DŽ: 62986135 -> 62986135
DŽ: 62986135 -> 62986135
DŽ: 63385621 -> 63462700
DŽ: 63423558 -> 63384645
DŽ: 63384645 -> 63384645
DŽ: 62986135 -> 62986135
DŽ: 63423558 -> 63166550
DŽ: 63450406 -> 63678160
DŽ: 63475667 -> 63287748
DŽ: 63232668 -> 63384645
DŽ: 63551444 -> 63287748
DŽ: 62986135 -> 62986135
DŽ: 63446404 -> 63287748
DŽ: 62986135 -> 62986135
DŽ: 63232668 -> 63232668
DŽ: 63287748 -> 63818067
DŽ: 63248847 -> 64040762
DŽ: 63371897 -> 63366283
DŽ: 63598366 -> 63887547
DŽ: 62986135 -> 62986135
DŽ: 62986135 -> 62986135
DŽ: 63322162 -> 63460422
DŽ: 62986135 -> 62986135
DŽ: 62986135 -> 62986135
DŽ: 63232668 -> 63228907
DŽ: 63228907 -> 63523361
DŽ: 62986135 -> 62986135
DŽ: 63303668 -> 63563851
DŽ: 62986135 -> 62986135
DŽ: 63287748 -> 63287748
DŽ: 63274994 -> 64215147
DŽ: 63166550 -> 63900004
DŽ: 62986135 -> 62986135
DŽ: 63232668 -> 63567612
DŽ: 62986135 -> 62986135

 start over 423688 loops 547 unique solutions 
Original + vert_size 13 
DŽ: 65038753 -> 64358396
DŽ: 62986135 -> 62986135
DŽ: 62986135 -> 62986135
DŽ: 63384645 -> 63719589
DŽ: 63446404 -> 63602383
DŽ: 63166550 -> 63456635
DŽ: 62986135 -> 62986135
DŽ: 62986135 -> 63276220
DŽ: 62986135 -> 62986135
DŽ: 62986135 -> 62986135
DŽ: 64305381 -> 64037787
DŽ: 62986135 -> 62986135
DŽ: 63240425 -> 63456635
DŽ: 63620375 -> 64010787
DŽ: 62986135 -> 63384645
DŽ: 63289784 -> 63228907
DŽ: 62986135 -> 62986135
DŽ: 62986135 -> 63061912
DŽ: 62986135 -> 62986135
DŽ: 63010478 -> 62986135
DŽ: 63010478 -> 63384645
DŽ: 62986135 -> 62986135
DŽ: 62986135 -> 62986135
DŽ: 63010478 -> 62986135
DŽ: 63638469 -> 63638469
DŽ: 63010478 -> 63351997
DŽ: 62986135 -> 62986135
DŽ: 62986135 -> 62986135
DŽ: 62986135 -> 62986135
DŽ: 62986135 -> 63545800
DŽ: 62986135 -> 63545800
DŽ: 63383454 -> 63718398
DŽ: 63613771 -> 63487519
DŽ: 62986135 -> 62986135
DŽ: 63232668 -> 63232668
DŽ: 63289784 -> 63304684
DŽ: 63228907 -> 63228907
DŽ: 62986135 -> 63061815
DŽ: 63449156 -> 63449156
DŽ: 62986135 -> 62986135
DŽ: 63232668 -> 63372575
DŽ: 62986135 -> 63384645
DŽ: 63977269 -> 63677816
DŽ: 62986135 -> 62986135
DŽ: 63920397 -> 64085257
DŽ: 63010478 -> 62986135

 start over 468231 loops 591 unique solutions 
Approx + random 
DŽ: 69361025 -> 64369941
DŽ: 63398195 -> 63692446
DŽ: 63855741 -> 64178037
DŽ: 63774546 -> 64188181
DŽ: 62986135 -> 63655609
DŽ: 62986135 -> 63061912
DŽ: 63398195 -> 63377811
DŽ: 62986135 -> 62986135
DŽ: 62986135 -> 62986135
DŽ: 62986135 -> 62986135
DŽ: 63289331 -> 63061912
DŽ: 62986135 -> 62986135
DŽ: 62986135 -> 62986135
DŽ: 63010478 -> 62986135
DŽ: 63398195 -> 63302034
DŽ: 63358811 -> 63095944
DŽ: 63398195 -> 63302034
DŽ: 63010478 -> 63452227
DŽ: 62986135 -> 62986135
DŽ: 62986135 -> 62986135
DŽ: 63061912 -> 63351997
DŽ: 62986135 -> 62986135
DŽ: 62986135 -> 63276220
DŽ: 63211971 -> 63211971
DŽ: 63302034 -> 63245162
DŽ: 62986135 -> 62986135
DŽ: 62986135 -> 62986135
DŽ: 62986135 -> 63360676
DŽ: 64188181 -> 64186990
DŽ: 62986135 -> 62986135
DŽ: 63302034 -> 63302034
DŽ: 63398195 -> 63302034
DŽ: 62986135 -> 62986135
DŽ: 63155099 -> 63155099
DŽ: 63211971 -> 63566475
DŽ: 63155099 -> 63132052
DŽ: 63401958 -> 63337479
DŽ: 63132052 -> 63132052
DŽ: 62986135 -> 62986135
DŽ: 62986135 -> 62986135
DŽ: 63155099 -> 63132052

 start over 508145 loops 623 unique solutions 
Original + vert_size 13 
DŽ: 65038753 -> 63461687
DŽ: 63302034 -> 63302034
DŽ: 62986135 -> 62986135
DŽ: 63351878 -> 63351878
DŽ: 62986135 -> 62986135
DŽ: 62986135 -> 62986135
DŽ: 62986135 -> 62986135
DŽ: 62986135 -> 63664307
DŽ: 62986135 -> 63061912
DŽ: 62986135 -> 63196699
DŽ: 63351878 -> 63456648
DŽ: 62986135 -> 62986135
DŽ: 62986135 -> 62986135
DŽ: 63398195 -> 63302034
DŽ: 63883468 -> 64152710
DŽ: 63947395 -> 64534130
DŽ: 62986135 -> 62986135
DŽ: 63259594 -> 63259594
DŽ: 63070591 -> 63384645
DŽ: 64438171 -> 64353715
DŽ: 62986135 -> 62986135
DŽ: 63384645 -> 63441517
DŽ: 63902457 -> 63867539
DŽ: 62986135 -> 62986135
DŽ: 63351878 -> 63351878
DŽ: 64438171 -> 64429492
DŽ: 62986135 -> 62986135
DŽ: 63384815 -> 63431077
DŽ: 63605496 -> 64320771
DŽ: 62986135 -> 62986135
DŽ: 63431077 -> 63431077
DŽ: 62986135 -> 62986135
DŽ: 63947395 -> 64262519
DŽ: 63431077 -> 63611436
DŽ: 62986135 -> 62986135
DŽ: 62986135 -> 62986135
DŽ: 63181898 -> 63164276
DŽ: 62986135 -> 63061912

 start over 545539 loops 666 unique solutions 
Approx + random 
DŽ: 69361025 -> 65453382
DŽ: 63202722 -> 63202722
DŽ: 63061912 -> 64471012
DŽ: 63679552 -> 63908116
DŽ: 62986135 -> 62986135
DŽ: 62986135 -> 62986135
DŽ: 64210158 -> 63838949
DŽ: 63582112 -> 63859688
DŽ: 64471012 -> 64622342
DŽ: 63718398 -> 63998060
DŽ: 63922038 -> 64136098
DŽ: 63967026 -> 64156744
DŽ: 63396199 -> 63383454
DŽ: 62986135 -> 62986135
DŽ: 63565437 -> 63469276
DŽ: 63582112 -> 63526382
DŽ: 63589063 -> 63697784
DŽ: 62986135 -> 62986135
DŽ: 63055359 -> 63146793
DŽ: 64136486 -> 63955739
DŽ: 63092405 -> 63207172
DŽ: 63718398 -> 63718398
DŽ: 63092405 -> 63041332
DŽ: 63092405 -> 63041332
DŽ: 62986135 -> 62986135
DŽ: 63922038 -> 63620795
DŽ: 63228907 -> 63518992
DŽ: 63041332 -> 63117109
DŽ: 63041332 -> 63041332
DŽ: 63061912 -> 63061912
DŽ: 62986135 -> 62986135
DŽ: 63041332 -> 63098204
DŽ: 62986135 -> 62986135
DŽ: 63686497 -> 63686497
DŽ: 63383454 -> 63383454
DŽ: 62986135 -> 63061815
DŽ: 63092405 -> 63041332
DŽ: 62986135 -> 62986135
DŽ: 63565437 -> 63579085
DŽ: 63303668 -> 63304684
DŽ: 62986135 -> 62986135
DŽ: 63010478 -> 62986135
DŽ: 63281754 -> 63127042

 start over 587281 loops 705 unique solutions 
Approx + random 
DŽ: 69361025 -> 65103639
DŽ: 63383454 -> 63718398
DŽ: 63523917 -> 63449156
DŽ: 63092405 -> 63041332
DŽ: 63582112 -> 63859688
DŽ: 62986135 -> 62986135
DŽ: 63041332 -> 63041332
DŽ: 63565437 -> 63469276
DŽ: 62986135 -> 62986135
DŽ: 63718398 -> 63718398
DŽ: 62986135 -> 63166550
DŽ: 62986135 -> 62986135
DŽ: 62986135 -> 63384645
DŽ: 63710285 -> 63639628
DŽ: 63041332 -> 63117109
DŽ: 63443101 -> 63416319
DŽ: 62986135 -> 62986135
DŽ: 62986135 -> 63061912
DŽ: 63377289 -> 63126234
DŽ: 62986135 -> 62986135
DŽ: 63302391 -> 63202011
DŽ: 63126234 -> 63524744
DŽ: 62986135 -> 62986135
DŽ: 63377289 -> 63934274
DŽ: 63449156 -> 63589255
DŽ: 63387363 -> 63416319
DŽ: 62986135 -> 62986135
DŽ: 63477066 -> 63329177
DŽ: 63882840 -> 63858497
DŽ: 63126234 -> 63481673
DŽ: 63126234 -> 63405896
DŽ: 63410236 -> 63383454
DŽ: 62986135 -> 62986135
DŽ: 63065675 -> 63774786
DŽ: 63480535 -> 63594938
DŽ: 63480535 -> 63914885
DŽ: 62986135 -> 63079419
DŽ: 63625342 -> 63449156
DŽ: 63157759 -> 63524552
DŽ: 63882840 -> 63934274
DŽ: 62986135 -> 62986135
DŽ: 63372575 -> 63448352
DŽ: 62986135 -> 62986135

 start over 629452 loops 753 unique solutions 
Approx + random 
DŽ: 69361025 -> 65060513
DŽ: 63472203 -> 63449156
DŽ: 63410236 -> 63383454
DŽ: 63387363 -> 63524744
DŽ: 62986135 -> 62986135
DŽ: 62986135 -> 62986135
DŽ: 63710285 -> 63639628
DŽ: 62986135 -> 62986135
DŽ: 62986135 -> 62986135
DŽ: 62986135 -> 62986135
DŽ: 63546134 -> 63558965
DŽ: 63557441 -> 63449156
DŽ: 62986135 -> 62986135
DŽ: 63307302 -> 63421997
DŽ: 62986135 -> 62986135
DŽ: 62986135 -> 62986135
DŽ: 63307302 -> 63421997
DŽ: 63273442 -> 63273442
DŽ: 62986135 -> 63384645
DŽ: 62986135 -> 62986135
DŽ: 63421997 -> 63421997
DŽ: 63296489 -> 63296489
DŽ: 63421997 -> 63421997
DŽ: 62986135 -> 62986135
DŽ: 65060513 -> 65005316
DŽ: 62986135 -> 62986135
DŽ: 63600715 -> 63794175
DŽ: 63718398 -> 63718398
DŽ: 63449156 -> 63663470
DŽ: 62986135 -> 62986135
DŽ: 62986135 -> 62986135
DŽ: 62986135 -> 62986135
DŽ: 63595847 -> 63838467
DŽ: 63273442 -> 63273442
DŽ: 63296489 -> 63273442
DŽ: 63473990 -> 63558965
DŽ: 62986135 -> 62986135
DŽ: 62986135 -> 62986135
DŽ: 63558965 -> 63558965
DŽ: 63838467 -> 63831946
DŽ: 63838467 -> 64073499

 start over 669912 loops 786 unique solutions 
Approx + random 
DŽ: 69361025 -> 65471322
DŽ: 65421262 -> 64853567
DŽ: 64853567 -> 64673208
DŽ: 65005316 -> 64573917
DŽ: 62986135 -> 63166494
DŽ: 62986135 -> 62986135
DŽ: 63273442 -> 63273442
DŽ: 64215898 -> 64049541
DŽ: 64304675 -> 64304675
DŽ: 62986135 -> 62986135
DŽ: 63473990 -> 63638874
DŽ: 64215898 -> 64327002
DŽ: 64573917 -> 64708704
DŽ: 63995198 -> 64242773
DŽ: 64194866 -> 64304675
DŽ: 63986906 -> 64256148
DŽ: 64186579 -> 64121693
DŽ: 64129742 -> 64335057
DŽ: 64230510 -> 63829282
DŽ: 64186579 -> 64101601
DŽ: 62986135 -> 62986135
DŽ: 62986135 -> 62986135
DŽ: 63680126 -> 63881131
DŽ: 63989911 -> 63824140
DŽ: 62986135 -> 62986135
DŽ: 62986135 -> 62986135
DŽ: 62986135 -> 62986135
DŽ: 62986135 -> 62986135
DŽ: 62986135 -> 63061912
DŽ: 64242773 -> 64318550
DŽ: 64853567 -> 64673208
DŽ: 64101601 -> 63961502
DŽ: 62986135 -> 62986135
DŽ: 62986135 -> 62986135
DŽ: 64242773 -> 64242773
DŽ: 62986135 -> 62986135
DŽ: 64008317 -> 64209322

 start over 705702 loops 832 unique solutions 
Approx + random 
DŽ: 69361025 -> 65006119
DŽ: 63864226 -> 63927470
DŽ: 64117736 -> 63986906
DŽ: 63719453 -> 63719453
DŽ: 64194866 -> 64194866
DŽ: 62986135 -> 62986135
DŽ: 62986135 -> 63384645
DŽ: 64194866 -> 64464108
DŽ: 64230510 -> 63969381
DŽ: 64295362 -> 64661908
DŽ: 64159350 -> 64159350
DŽ: 64151385 -> 64606772
DŽ: 63400586 -> 63400586
DŽ: 62986135 -> 62986135
DŽ: 63490649 -> 63490649
DŽ: 63719453 -> 63579546
DŽ: 63579546 -> 63579546
DŽ: 63969381 -> 64384226
DŽ: 62986135 -> 62986135
DŽ: 62986135 -> 62986135
DŽ: 63927470 -> 64023904
DŽ: 62986135 -> 62986135
DŽ: 63609801 -> 63579546
DŽ: 63400586 -> 63275078
DŽ: 62986135 -> 62986135
DŽ: 63719453 -> 63719453
DŽ: 62986135 -> 63061912
DŽ: 63061912 -> 63276220
DŽ: 64926333 -> 64851572
DŽ: 62986135 -> 63076198
DŽ: 63571457 -> 63490649
DŽ: 63490649 -> 63490649
DŽ: 63275078 -> 63389773
DŽ: 63959478 -> 64030696
DŽ: 63400586 -> 63400586

 start over 739470 loops 861 unique solutions 
Original + vert_size 0 
DŽ: 65038753 -> 63461687
DŽ: 62986135 -> 62986135
DŽ: 62986135 -> 62986135
DŽ: 63490649 -> 63600458
DŽ: 63579546 -> 63747198
DŽ: 63747198 -> 63747198
DŽ: 64926333 -> 64616898
DŽ: 63719453 -> 63412254
DŽ: 63747198 -> 63747198
DŽ: 62986135 -> 62986135
DŽ: 62986135 -> 62986135
DŽ: 63412254 -> 63412254
DŽ: 63719453 -> 63579546
DŽ: 63888569 -> 63851693
DŽ: 63281261 -> 63179675
DŽ: 63220344 -> 63202722
DŽ: 64201493 -> 63556667
DŽ: 62986135 -> 62986135
DŽ: 63202722 -> 63202722
DŽ: 62986135 -> 62986135
DŽ: 62986135 -> 62986135
DŽ: 62986135 -> 62986135
DŽ: 62986135 -> 62986135
DŽ: 63919899 -> 63556667
DŽ: 62986135 -> 63276220
DŽ: 62986135 -> 62986135
DŽ: 63579546 -> 63655323
DŽ: 63579546 -> 63579546
DŽ: 63322191 -> 63412254
DŽ: 63322191 -> 63397968
DŽ: 63202722 -> 63202722
DŽ: 62986135 -> 62986135
DŽ: 62986135 -> 62986135
DŽ: 63179675 -> 63179675
DŽ: 63202722 -> 63202722
DŽ: 63322191 -> 63489483

 start over 774913 loops 889 unique solutions 
Original + vert_size 0 
DŽ: 65038753 -> 63787625
DŽ: 63259139 -> 63202722
DŽ: 63202722 -> 63202722
DŽ: 62986135 -> 62986135
DŽ: 62986135 -> 62986135
DŽ: 62986135 -> 63474708
DŽ: 63202722 -> 63758231
DŽ: 62986135 -> 62986135
DŽ: 63747198 -> 63747198
DŽ: 63220344 -> 63202722
DŽ: 62986135 -> 62986135
DŽ: 62986135 -> 62986135
DŽ: 63468146 -> 63579706
DŽ: 63474708 -> 63474708
DŽ: 62986135 -> 62986135
DŽ: 63359425 -> 63359425
DŽ: 63271054 -> 63219326
DŽ: 63393731 -> 63689393
DŽ: 63359425 -> 63449488
DŽ: 62986135 -> 62986135
DŽ: 63354604 -> 63341918
DŽ: 63689393 -> 64123458
DŽ: 63663558 -> 63782677
DŽ: 63449488 -> 63584275
DŽ: 63650492 -> 63803334
DŽ: 63275078 -> 63275078
DŽ: 63275078 -> 63350855
DŽ: 63533944 -> 63739573
DŽ: 63359425 -> 63359425
DŽ: 62986135 -> 62986135
DŽ: 62986135 -> 62986135
DŽ: 63350855 -> 63350855
DŽ: 63039437 -> 63146793
DŽ: 62986135 -> 62986135
DŽ: 62986135 -> 62986135
DŽ: 62986135 -> 62986135
DŽ: 62986135 -> 62986135
DŽ: 62986135 -> 62986135
DŽ: 63449488 -> 63525265
DŽ: 62986135 -> 62986135
DŽ: 62986135 -> 62986135

 start over 814910 loops 933 unique solutions 
Original + vert_size 0 
DŽ: 65038753 -> 63787625
DŽ: 63486364 -> 63449488
DŽ: 62986135 -> 63460422
DŽ: 63358472 -> 63455664
DŽ: 62986135 -> 62986135
DŽ: 63449488 -> 63449488
DŽ: 63350203 -> 63854647
DŽ: 62986135 -> 62986135
DŽ: 62986135 -> 62986135
DŽ: 63277288 -> 63164635
DŽ: 63164635 -> 63164635
DŽ: 62986135 -> 62986135
DŽ: 62986135 -> 62986135
DŽ: 63164635 -> 63800077
DŽ: 63397993 -> 63707899
DŽ: 63397993 -> 63816620
DŽ: 63308445 -> 63061912
DŽ: 63816620 -> 63816620
DŽ: 62986135 -> 62986135
DŽ: 63277288 -> 63240412
DŽ: 62986135 -> 62986135
DŽ: 63449488 -> 63449488
DŽ: 63517270 -> 63887105
DŽ: 62986135 -> 62986135
DŽ: 62986135 -> 62986135
DŽ: 63414755 -> 63412254
DŽ: 63588757 -> 63676400
DŽ: 63462098 -> 63462098
DŽ: 63351474 -> 63537875
DŽ: 62986135 -> 63076198
DŽ: 63264664 -> 63141588
DŽ: 62986135 -> 62986135
DŽ: 63397993 -> 63309389
DŽ: 63449488 -> 63707899
DŽ: 62986135 -> 62986135
DŽ: 63816620 -> 63951407
DŽ: 63164635 -> 63519139
DŽ: 63350203 -> 63350203
DŽ: 62986135 -> 63351997
end_heu: 852702 loops with 970 unique solutions in 1799.09 s

Calling print_solution
>>> get_solution
  refine_solution: new weight 62986135 (was 62986135) in 0.001035 s
## FINAL WEIGHT 62986135
print_solution: 0.00223 s
