Version: final-94-gfffc3aa rub_all.sh: remove longest prefix
Random seed: 1552041823
Start
>>> save_orig_graph
>> Saved weight 0
Graph loaded
|V| = 6401, |E| = 12640, |R| = 80
First clearance of the input. Calling buy_zero and run_all_heuristics.
  buy_zero: 0 zero edges in 1.6e-05 s
  handle_small_terminal_degrees: terms 0 in 4e-06 s
  handle_small_Steiner_degrees: steiner 0, suppress 4 in 1e-05 s
  shortest_edge_between_terminals: 0 edges in 4e-06 s
  handle_small_terminal_degrees: terms 0 in 5e-06 s
  handle_small_Steiner_degrees: steiner 0, suppress 0 in 8e-06 s
  shortest_edge_between_terminals: 0 edges in 2e-06 s
Compressed graph 6401 -> 6396
  delete_edges: deleted 4 edges in 0.000289 s and 1 rounds
  handle_small_terminal_degrees: terms 0 in 5e-06 s
  handle_small_Steiner_degrees: steiner 0, suppress 7 in 1.1e-05 s
  shortest_edge_between_terminals: 0 edges in 3e-06 s
  handle_small_terminal_degrees: terms 0 in 4e-06 s
  handle_small_Steiner_degrees: steiner 0, suppress 0 in 8e-06 s
  shortest_edge_between_terminals: 0 edges in 2e-06 s
Compressed graph 6396 -> 6389
  delete_edges_shortest_path: deleted 7 edges in 0.032223 s
  handle_small_terminal_degrees: terms 0 in 5e-06 s
  handle_small_Steiner_degrees: steiner 0, suppress 10 in 1.2e-05 s
  shortest_edge_between_terminals: 0 edges in 2e-06 s
  handle_small_terminal_degrees: terms 0 in 5e-06 s
  handle_small_Steiner_degrees: steiner 0, suppress 0 in 8e-06 s
  shortest_edge_between_terminals: 0 edges in 2e-06 s
Compressed graph 6389 -> 6379
  handle_small_terminal_degrees: terms 0 in 4e-06 s
  handle_small_Steiner_degrees: steiner 0, suppress 0 in 7e-06 s
  shortest_edge_between_terminals: 0 edges in 4e-06 s
Compressed graph 6379 -> 6379
  delete_edges_shortest_path: deleted 10 edges in 0.031842 s
  handle_small_terminal_degrees: terms 0 in 5e-06 s
  handle_small_Steiner_degrees: steiner 0, suppress 13 in 1.3e-05 s
  shortest_edge_between_terminals: 0 edges in 2e-06 s
  handle_small_terminal_degrees: terms 0 in 5e-06 s
  handle_small_Steiner_degrees: steiner 0, suppress 0 in 8e-06 s
  shortest_edge_between_terminals: 0 edges in 2e-06 s
Compressed graph 6379 -> 6366
Compressed graph 6366 -> 6366
>>> save_orig_graph
>> Saved weight 0
### ZEL_LVL=0 PRECISE_STARS=1

Calling `contract_till_the_bitter_end`
|V| = 6366, |E| = 12585, |R| = 80
>>> get_solution
>>> get_solution
  refine_solution: new weight 78213577 (was 78213577) in 0.001456 s
0,,6366,12585,80,,0,0,,78213577,78213577,0,0,0,,0,0,@@

  delete_edges: deleted 13 edges in 0.000591 s and 2 rounds
  handle_small_Steiner_degrees: steiner 0, suppress 15 in 1.6e-05 s
Starting round 1
Found 15 isolated vertices
Invalid ratios recomputed: 6351
Best ratio is 236123/1 (236123.0), centered at 1926
Finding the best star... Star with 2 terminals centered in 2008
round took: 0.395566 s
|V| = 6366, |E| = 12553, |R| = 79
>>> get_solution
>>> get_solution
  refine_solution: new weight 78213577 (was 78213577) in 0.001387 s
1,,6351,12553,79,,6351,0,,78213577,78213577,236123,236123,236123,,236123,2,@@

  handle_small_Steiner_degrees: steiner 0, suppress 0 in 8e-06 s
Starting round 2
Found 18 isolated vertices
Invalid ratios recomputed: 2444
Best ratio is 270110/1 (270110.0), centered at 550
Finding the best star... Star with 2 terminals centered in 870
round took: 0.219953 s
|V| = 6366, |E| = 12547, |R| = 78
>>> get_solution
>>> get_solution
  refine_solution: new weight 78200121 (was 78200121) in 0.001378 s
2,,6348,12547,78,,2444,0,,78200121,78200121,506233,506233,506233,,270110,2,@@

  handle_small_Steiner_degrees: steiner 0, suppress 0 in 8e-06 s
Starting round 3
Found 23 isolated vertices
Invalid ratios recomputed: 1853
Best ratio is 274231/1 (274231.0), centered at 856
Finding the best star... Star with 2 terminals centered in 859
round took: 0.172609 s
|V| = 6366, |E| = 12541, |R| = 77
>>> get_solution
>>> get_solution
  refine_solution: new weight 77953168 (was 77953168) in 0.001367 s
3,,6343,12541,77,,1853,0,,77953168,77953168,780464,780464,780464,,274231,2,@@

  handle_small_Steiner_degrees: steiner 0, suppress 0 in 8e-06 s
Starting round 4
Found 28 isolated vertices
Invalid ratios recomputed: 1135
Best ratio is 277096/1 (277096.0), centered at 70
Finding the best star... Star with 2 terminals centered in 218
round took: 0.1008 s
|V| = 6366, |E| = 12537, |R| = 76
>>> get_solution
>>> get_solution
  refine_solution: new weight 77953168 (was 77953168) in 0.00137 s
4,,6338,12537,76,,1135,0,,77953168,77953168,1057560,1057560,1057560,,277096,2,@@

  handle_small_Steiner_degrees: steiner 0, suppress 0 in 8e-06 s
Starting round 5
Found 31 isolated vertices
Invalid ratios recomputed: 1068
Best ratio is 338183/1 (338183.0), centered at 6204
Finding the best star... Star with 2 terminals centered in 6286
round took: 0.094518 s
|V| = 6366, |E| = 12530, |R| = 75
>>> get_solution
>>> get_solution
  refine_solution: new weight 77949997 (was 77949997) in 0.001362 s
5,,6335,12530,75,,1068,0,,77949997,77949997,1395743,1395743,1395743,,338183,2,@@

  handle_small_Steiner_degrees: steiner 0, suppress 0 in 8e-06 s
Starting round 6
Found 37 isolated vertices
Invalid ratios recomputed: 1059
Best ratio is 347556/1 (347556.0), centered at 1165
Finding the best star... Star with 2 terminals centered in 1169
round took: 0.095677 s
|V| = 6366, |E| = 12524, |R| = 74
>>> get_solution
>>> get_solution
  refine_solution: new weight 77949997 (was 77949997) in 0.001364 s
6,,6329,12524,74,,1059,0,,77949997,77949997,1743299,1743299,1743299,,347556,2,@@

  handle_small_Steiner_degrees: steiner 0, suppress 0 in 8e-06 s
Starting round 7
Found 42 isolated vertices
Invalid ratios recomputed: 1440
Best ratio is 402114/1 (402114.0), centered at 6052
Finding the best star... Star with 2 terminals centered in 6057
round took: 0.131052 s
|V| = 6366, |E| = 12515, |R| = 73
>>> get_solution
>>> get_solution
  refine_solution: new weight 77949997 (was 77949997) in 0.001368 s
7,,6324,12515,73,,1440,0,,77949997,77949997,2145413,2145413,2145413,,402114,2,@@

  handle_small_Steiner_degrees: steiner 0, suppress 0 in 1e-05 s
Starting round 8
Found 49 isolated vertices
Invalid ratios recomputed: 1170
Best ratio is 420882/1 (420882.0), centered at 3432
Finding the best star... Star with 2 terminals centered in 3752
round took: 0.110277 s
|V| = 6366, |E| = 12508, |R| = 72
>>> get_solution
>>> get_solution
  refine_solution: new weight 77865314 (was 77865314) in 0.001361 s
8,,6317,12508,72,,1170,0,,77865314,77865314,2566295,2566295,2566295,,420882,2,@@

  handle_small_Steiner_degrees: steiner 0, suppress 0 in 8e-06 s
Starting round 9
Found 55 isolated vertices
Invalid ratios recomputed: 2329
Best ratio is 497096/1 (497096.0), centered at 2351
Finding the best star... Star with 2 terminals centered in 2353
round took: 0.211686 s
|V| = 6366, |E| = 12504, |R| = 71
>>> get_solution
>>> get_solution
  refine_solution: new weight 77766888 (was 77766888) in 0.001367 s
9,,6311,12504,71,,2329,0,,77766888,77766888,3063391,3063391,3063391,,497096,2,@@

  handle_small_Steiner_degrees: steiner 0, suppress 0 in 8e-06 s
Starting round 10
Found 58 isolated vertices
Invalid ratios recomputed: 2217
Best ratio is 525451/1 (525451.0), centered at 2868
Finding the best star... Star with 2 terminals centered in 2953
round took: 0.210879 s
|V| = 6366, |E| = 12497, |R| = 70
>>> get_solution
>>> get_solution
  refine_solution: new weight 77766888 (was 77766888) in 0.001369 s
10,,6308,12497,70,,2217,0,,77766888,77766888,3588842,3588842,3588842,,525451,2,@@

  handle_small_Steiner_degrees: steiner 0, suppress 0 in 8e-06 s
Starting round 11
Found 64 isolated vertices
Invalid ratios recomputed: 2322
Best ratio is 564290/1 (564290.0), centered at 1877
Finding the best star... Star with 2 terminals centered in 2198
round took: 0.216118 s
|V| = 6366, |E| = 12490, |R| = 69
>>> get_solution
>>> get_solution
  refine_solution: new weight 77664313 (was 77664313) in 0.001378 s
11,,6302,12490,69,,2322,0,,77664313,77664313,4153132,4153132,4153132,,564290,2,@@

  handle_small_Steiner_degrees: steiner 0, suppress 0 in 7e-06 s
Starting round 12
Found 69 isolated vertices
Invalid ratios recomputed: 2134
Best ratio is 1138334/2 (569167.0), centered at 2353
Finding the best star... Star with 3 terminals centered in 2836
round took: 0.205608 s
|V| = 6366, |E| = 12474, |R| = 67
>>> get_solution
>>> get_solution
  refine_solution: new weight 77453479 (was 77453479) in 0.001374 s
12,,6297,12474,67,,2134,0,,77453479,77453479,5291466,5291466,5291466,,1138334,3,@@

  handle_small_Steiner_degrees: steiner 0, suppress 0 in 8e-06 s
Starting round 13
Found 82 isolated vertices
Invalid ratios recomputed: 2411
Best ratio is 570331/1 (570331.0), centered at 4039
Finding the best star... Star with 2 terminals centered in 4042
round took: 0.229783 s
|V| = 6366, |E| = 12468, |R| = 66
>>> get_solution
>>> get_solution
  refine_solution: new weight 77247045 (was 77247045) in 0.001387 s
13,,6284,12468,66,,2411,0,,77247045,77247045,5861797,5861797,5861797,,570331,2,@@

  handle_small_Steiner_degrees: steiner 0, suppress 0 in 8e-06 s
Starting round 14
Found 87 isolated vertices
Invalid ratios recomputed: 2262
Best ratio is 582578/1 (582578.0), centered at 4382
Finding the best star... Star with 2 terminals centered in 4463
round took: 0.214554 s
|V| = 6366, |E| = 12465, |R| = 65
>>> get_solution
>>> get_solution
  refine_solution: new weight 77150542 (was 77150542) in 0.001387 s
14,,6279,12465,65,,2262,0,,77150542,77150542,6444375,6444375,6444375,,582578,2,@@

  handle_small_Steiner_degrees: steiner 0, suppress 0 in 8e-06 s
Starting round 15
Found 89 isolated vertices
Invalid ratios recomputed: 1806
Best ratio is 645765/1 (645765.0), centered at 1380
Finding the best star... Star with 2 terminals centered in 1620
round took: 0.172248 s
|V| = 6366, |E| = 12460, |R| = 64
>>> get_solution
>>> get_solution
  refine_solution: new weight 77140721 (was 77140721) in 0.001382 s
15,,6277,12460,64,,1806,0,,77140721,77140721,7090140,7090140,7090140,,645765,2,@@

  handle_small_Steiner_degrees: steiner 0, suppress 0 in 7e-06 s
Starting round 16
Found 93 isolated vertices
Invalid ratios recomputed: 2437
Best ratio is 648172/1 (648172.0), centered at 2603
Finding the best star... Star with 2 terminals centered in 2608
round took: 0.250499 s
|V| = 6366, |E| = 12453, |R| = 63
>>> get_solution
>>> get_solution
  refine_solution: new weight 76994242 (was 76994242) in 0.001392 s
16,,6273,12453,63,,2437,0,,76994242,76994242,7738312,7738312,7738312,,648172,2,@@

  delete_edges: deleted 52 edges in 0.000656 s and 2 rounds
  handle_small_Steiner_degrees: steiner 0, suppress 42 in 2.8e-05 s
Starting round 17
Found 141 isolated vertices
Invalid ratios recomputed: 2384
Best ratio is 658572/1 (658572.0), centered at 659
Finding the best star... Star with 2 terminals centered in 1620
round took: 0.246796 s
|V| = 6366, |E| = 12342, |R| = 62
>>> get_solution
>>> get_solution
  refine_solution: new weight 76838778 (was 76884815) in 0.001387 s
  refine_solution: new weight 76838778 (was 76838778) in 0.001319 s
17,,6225,12342,62,,2384,0,,76884815,76838778,8396884,8396884,8396884,,658572,2,@@

  handle_small_Steiner_degrees: steiner 0, suppress 0 in 8e-06 s
Starting round 18
Found 151 isolated vertices
Invalid ratios recomputed: 2454
Best ratio is 661264/1 (661264.0), centered at 4851
Finding the best star... Star with 2 terminals centered in 4858
round took: 0.283297 s
|V| = 6366, |E| = 12332, |R| = 61
>>> get_solution
>>> get_solution
  refine_solution: new weight 76659955 (was 76705992) in 0.001383 s
  refine_solution: new weight 76659955 (was 76659955) in 0.00132 s
18,,6215,12332,61,,2454,0,,76705992,76659955,9058148,9058148,9058148,,661264,2,@@

  handle_small_Steiner_degrees: steiner 0, suppress 0 in 7e-06 s
Starting round 19
Found 160 isolated vertices
Invalid ratios recomputed: 1984
Best ratio is 661645/1 (661645.0), centered at 5370
Finding the best star... Star with 2 terminals centered in 5375
round took: 0.228381 s
|V| = 6366, |E| = 12325, |R| = 60
>>> get_solution
>>> get_solution
  refine_solution: new weight 76659955 (was 76705992) in 0.001387 s
  refine_solution: new weight 76659955 (was 76659955) in 0.001319 s
19,,6206,12325,60,,1984,0,,76705992,76659955,9719793,9719793,9719793,,661645,2,@@

  handle_small_Steiner_degrees: steiner 0, suppress 0 in 7e-06 s
Starting round 20
Found 166 isolated vertices
Invalid ratios recomputed: 2114
Best ratio is 669303/1 (669303.0), centered at 2953
Finding the best star... Star with 2 terminals centered in 3752
round took: 0.240734 s
|V| = 6366, |E| = 12319, |R| = 59
>>> get_solution
>>> get_solution
  refine_solution: new weight 76459823 (was 76505860) in 0.001394 s
  refine_solution: new weight 76459823 (was 76459823) in 0.001319 s
20,,6200,12319,59,,2114,0,,76505860,76459823,10389096,10389096,10389096,,669303,2,@@

  handle_small_Steiner_degrees: steiner 0, suppress 0 in 8e-06 s
Starting round 21
Found 171 isolated vertices
Invalid ratios recomputed: 2832
Best ratio is 1356577/2 (678288.5), centered at 228
Finding the best star... Star with 3 terminals centered in 476
round took: 0.298116 s
|V| = 6366, |E| = 12301, |R| = 57
>>> get_solution
>>> get_solution
  refine_solution: new weight 76174716 (was 76220753) in 0.001396 s
  refine_solution: new weight 76174716 (was 76174716) in 0.001315 s
21,,6195,12301,57,,2832,0,,76220753,76174716,11745673,11745673,11745673,,1356577,3,@@

  handle_small_Steiner_degrees: steiner 0, suppress 0 in 1e-05 s
Starting round 22
Found 184 isolated vertices
Invalid ratios recomputed: 2014
Best ratio is 685597/1 (685597.0), centered at 3564
Finding the best star... Star with 2 terminals centered in 3573
round took: 0.252246 s
|V| = 6366, |E| = 12290, |R| = 56
>>> get_solution
>>> get_solution
  refine_solution: new weight 76166166 (was 76212203) in 0.001385 s
  refine_solution: new weight 76166166 (was 76166166) in 0.001318 s
22,,6182,12290,56,,2014,0,,76212203,76166166,12431270,12431270,12431270,,685597,2,@@

  handle_small_Steiner_degrees: steiner 0, suppress 0 in 8e-06 s
Starting round 23
Found 194 isolated vertices
Invalid ratios recomputed: 2467
Best ratio is 686014/1 (686014.0), centered at 2491
Finding the best star... Star with 2 terminals centered in 2732
round took: 0.289997 s
|V| = 6366, |E| = 12285, |R| = 55
>>> get_solution
>>> get_solution
  refine_solution: new weight 76025237 (was 76071274) in 0.001391 s
  refine_solution: new weight 76025237 (was 76025237) in 0.001326 s
23,,6172,12285,55,,2467,0,,76071274,76025237,13117284,13117284,13117284,,686014,2,@@

  handle_small_Steiner_degrees: steiner 0, suppress 0 in 8e-06 s
Starting round 24
Found 198 isolated vertices
Invalid ratios recomputed: 3030
Best ratio is 691448/1 (691448.0), centered at 859
Finding the best star... Star with 2 terminals centered in 1169
round took: 0.349559 s
|V| = 6366, |E| = 12275, |R| = 54
>>> get_solution
>>> get_solution
  refine_solution: new weight 76025237 (was 76071274) in 0.001392 s
  refine_solution: new weight 76025237 (was 76025237) in 0.00132 s
24,,6168,12275,54,,3030,0,,76071274,76025237,13808732,13808732,13808732,,691448,2,@@

  handle_small_Steiner_degrees: steiner 0, suppress 0 in 8e-06 s
Starting round 25
Found 207 isolated vertices
Invalid ratios recomputed: 2205
Best ratio is 1383401/2 (691700.5), centered at 3912
Finding the best star... Star with 3 terminals centered in 4077
round took: 0.287605 s
|V| = 6366, |E| = 12255, |R| = 52
>>> get_solution
>>> get_solution
  refine_solution: new weight 75831479 (was 75877516) in 0.001402 s
  refine_solution: new weight 75831479 (was 75831479) in 0.001317 s
25,,6159,12255,52,,2205,0,,75877516,75831479,15192133,15192133,15192133,,1383401,3,@@

  handle_small_Steiner_degrees: steiner 0, suppress 0 in 8e-06 s
Starting round 26
Found 224 isolated vertices
Invalid ratios recomputed: 3176
Best ratio is 695068/1 (695068.0), centered at 4686
Finding the best star... Star with 2 terminals centered in 4858
round took: 0.369264 s
|V| = 6366, |E| = 12245, |R| = 51
>>> get_solution
>>> get_solution
  refine_solution: new weight 75831479 (was 75877516) in 0.001394 s
  refine_solution: new weight 75831479 (was 75831479) in 0.001321 s
26,,6142,12245,51,,3176,0,,75877516,75831479,15887201,15887201,15887201,,695068,2,@@

  handle_small_Steiner_degrees: steiner 0, suppress 0 in 8e-06 s
Starting round 27
Found 231 isolated vertices
Invalid ratios recomputed: 2410
Best ratio is 727971/1 (727971.0), centered at 2732
Finding the best star... Star with 2 terminals centered in 3056
round took: 0.306958 s
|V| = 6366, |E| = 12234, |R| = 50
>>> get_solution
>>> get_solution
  refine_solution: new weight 75831479 (was 75877516) in 0.00141 s
  refine_solution: new weight 75831479 (was 75831479) in 0.001321 s
27,,6135,12234,50,,2410,0,,75877516,75831479,16615172,16615172,16615172,,727971,2,@@

  handle_small_Steiner_degrees: steiner 0, suppress 0 in 7e-06 s
Starting round 28
Found 239 isolated vertices
Invalid ratios recomputed: 3404
Best ratio is 758599/1 (758599.0), centered at 2265
Finding the best star... Star with 2 terminals centered in 2836
round took: 0.424843 s
|V| = 6366, |E| = 12225, |R| = 49
>>> get_solution
>>> get_solution
  refine_solution: new weight 75831479 (was 75877516) in 0.001388 s
  refine_solution: new weight 75831479 (was 75831479) in 0.001319 s
28,,6127,12225,49,,3404,0,,75877516,75831479,17373771,17373771,17373771,,758599,2,@@

  handle_small_Steiner_degrees: steiner 0, suppress 0 in 8e-06 s
Starting round 29
Found 246 isolated vertices
Invalid ratios recomputed: 3457
Best ratio is 765731/1 (765731.0), centered at 6057
Finding the best star... Star with 2 terminals centered in 6057
round took: 0.446943 s
|V| = 6366, |E| = 12216, |R| = 48
>>> get_solution
>>> get_solution
  refine_solution: new weight 75831479 (was 75877516) in 0.001402 s
  refine_solution: new weight 75831479 (was 75831479) in 0.001313 s
29,,6120,12216,48,,3457,0,,75877516,75831479,18139502,18139502,18139502,,765731,2,@@

  handle_small_Steiner_degrees: steiner 0, suppress 0 in 8e-06 s
Starting round 30
Found 254 isolated vertices
Invalid ratios recomputed: 2138
Best ratio is 800446/1 (800446.0), centered at 2119
Finding the best star... Star with 2 terminals centered in 2121
round took: 0.292959 s
|V| = 6366, |E| = 12211, |R| = 47
>>> get_solution
>>> get_solution
  refine_solution: new weight 75831479 (was 75877516) in 0.001385 s
  refine_solution: new weight 75831479 (was 75831479) in 0.001327 s
30,,6112,12211,47,,2138,0,,75877516,75831479,18939948,18939948,18939948,,800446,2,@@

  handle_small_Steiner_degrees: steiner 0, suppress 0 in 8e-06 s
Starting round 31
Found 257 isolated vertices
Invalid ratios recomputed: 3441
Best ratio is 808974/1 (808974.0), centered at 3573
Finding the best star... Star with 2 terminals centered in 3573
round took: 0.467438 s
|V| = 6366, |E| = 12201, |R| = 46
>>> get_solution
>>> get_solution
  refine_solution: new weight 75569836 (was 75731715) in 0.001393 s
  refine_solution: new weight 75569836 (was 75569836) in 0.001321 s
31,,6109,12201,46,,3441,0,,75731715,75569836,19748922,19748922,19748922,,808974,2,@@

  handle_small_Steiner_degrees: steiner 0, suppress 0 in 8e-06 s
Starting round 32
Found 264 isolated vertices
Invalid ratios recomputed: 2743
Best ratio is 1658302/2 (829151.0), centered at 1500
Finding the best star... Star with 3 terminals centered in 1745
round took: 0.411682 s
|V| = 6366, |E| = 12188, |R| = 44
>>> get_solution
>>> get_solution
  refine_solution: new weight 75337394 (was 75499273) in 0.001409 s
  refine_solution: new weight 75337394 (was 75337394) in 0.001326 s
32,,6102,12188,44,,2743,0,,75499273,75337394,21407224,21407224,21407224,,1658302,3,@@

  delete_edges: deleted 91 edges in 0.001136 s and 3 rounds
  handle_small_Steiner_degrees: steiner 1, suppress 61 in 3.8e-05 s
Starting round 33
Found 336 isolated vertices
Invalid ratios recomputed: 3026
Best ratio is 839090/1 (839090.0), centered at 5570
Finding the best star... Star with 2 terminals centered in 6057
round took: 0.440379 s
|V| = 6366, |E| = 12024, |R| = 43
>>> get_solution
>>> get_solution
  refine_solution: new weight 75337394 (was 75499273) in 0.001395 s
  refine_solution: new weight 75337394 (was 75337394) in 0.001328 s
33,,6030,12024,43,,3026,0,,75499273,75337394,22246314,22246314,22246314,,839090,2,@@

  handle_small_Steiner_degrees: steiner 0, suppress 1 in 8e-06 s
Starting round 34
Found 345 isolated vertices
Invalid ratios recomputed: 2524
Best ratio is 1706111/2 (853055.5), centered at 5038
Finding the best star... Star with 3 terminals centered in 5121
round took: 0.417571 s
|V| = 6366, |E| = 12010, |R| = 41
>>> get_solution
>>> get_solution
  refine_solution: new weight 75069399 (was 75231278) in 0.001393 s
  refine_solution: new weight 75069399 (was 75069399) in 0.001321 s
34,,6021,12010,41,,2524,0,,75231278,75069399,23952425,23952425,23952425,,1706111,3,@@

  handle_small_Steiner_degrees: steiner 0, suppress 1 in 9e-06 s
Starting round 35
Found 355 isolated vertices
Invalid ratios recomputed: 3070
Best ratio is 858009/1 (858009.0), centered at 2121
Finding the best star... Star with 2 terminals centered in 2608
round took: 0.472593 s
|V| = 6366, |E| = 11996, |R| = 40
>>> get_solution
>>> get_solution
  refine_solution: new weight 75041765 (was 75203644) in 0.001406 s
  refine_solution: new weight 75041765 (was 75041765) in 0.001319 s
35,,6011,11996,40,,3070,0,,75203644,75041765,24810434,24810434,24810434,,858009,2,@@

  handle_small_Steiner_degrees: steiner 0, suppress 0 in 8e-06 s
Starting round 36
Found 363 isolated vertices
Invalid ratios recomputed: 3667
Best ratio is 861115/1 (861115.0), centered at 1683
Finding the best star... Star with 2 terminals centered in 2008
round took: 0.57631 s
|V| = 6366, |E| = 11988, |R| = 39
>>> get_solution
>>> get_solution
  refine_solution: new weight 75041765 (was 75203644) in 0.001404 s
  refine_solution: new weight 75041765 (was 75041765) in 0.001329 s
36,,6003,11988,39,,3667,0,,75203644,75041765,25671549,25671549,25671549,,861115,2,@@

  handle_small_Steiner_degrees: steiner 0, suppress 0 in 7e-06 s
Starting round 37
Found 369 isolated vertices
Invalid ratios recomputed: 3759
Best ratio is 865576/1 (865576.0), centered at 3122
Finding the best star... Star with 2 terminals centered in 3365
round took: 0.586905 s
|V| = 6366, |E| = 11979, |R| = 38
>>> get_solution
>>> get_solution
  refine_solution: new weight 74972703 (was 75134582) in 0.001397 s
  refine_solution: new weight 74972703 (was 74972703) in 0.001317 s
37,,5997,11979,38,,3759,0,,75134582,74972703,26537125,26537125,26537125,,865576,2,@@

  handle_small_Steiner_degrees: steiner 0, suppress 0 in 8e-06 s
Starting round 38
Found 375 isolated vertices
Invalid ratios recomputed: 3895
Best ratio is 1738302/2 (869151.0), centered at 5629
Finding the best star... Star with 3 terminals centered in 5866
round took: 0.597318 s
|V| = 6366, |E| = 11960, |R| = 36
>>> get_solution
>>> get_solution
  refine_solution: new weight 74739773 (was 74901652) in 0.001394 s
  refine_solution: new weight 74739773 (was 74739773) in 0.001329 s
38,,5991,11960,36,,3895,0,,74901652,74739773,28275427,28275427,28275427,,1738302,3,@@

  handle_small_Steiner_degrees: steiner 0, suppress 0 in 1e-05 s
Starting round 39
Found 391 isolated vertices
Invalid ratios recomputed: 2835
Best ratio is 891087/1 (891087.0), centered at 5375
Finding the best star... Star with 2 terminals centered in 5929
round took: 0.515263 s
|V| = 6366, |E| = 11950, |R| = 35
>>> get_solution
>>> get_solution
  refine_solution: new weight 74431703 (was 74593582) in 0.001401 s
  refine_solution: new weight 74431703 (was 74431703) in 0.001322 s
39,,5975,11950,35,,2835,0,,74593582,74431703,29166514,29166514,29166514,,891087,2,@@

  handle_small_Steiner_degrees: steiner 0, suppress 0 in 1e-05 s
Starting round 40
Found 398 isolated vertices
Invalid ratios recomputed: 2853
Best ratio is 923921/1 (923921.0), centered at 3708
Finding the best star... Star with 2 terminals centered in 3874
round took: 0.504484 s
|V| = 6366, |E| = 11939, |R| = 34
>>> get_solution
>>> get_solution
  refine_solution: new weight 73999205 (was 74161084) in 0.001408 s
  refine_solution: new weight 73999205 (was 73999205) in 0.001333 s
40,,5968,11939,34,,2853,0,,74161084,73999205,30090435,30090435,30090435,,923921,2,@@

  handle_small_Steiner_degrees: steiner 0, suppress 0 in 1e-05 s
Starting round 41
Found 406 isolated vertices
Invalid ratios recomputed: 3641
Best ratio is 926127/1 (926127.0), centered at 3903
Finding the best star... Star with 2 terminals centered in 4463
round took: 0.684791 s
|V| = 6366, |E| = 11930, |R| = 33
>>> get_solution
>>> get_solution
  refine_solution: new weight 73999205 (was 74161084) in 0.001397 s
  refine_solution: new weight 73999205 (was 73999205) in 0.00132 s
41,,5960,11930,33,,3641,0,,74161084,73999205,31016562,31016562,31016562,,926127,2,@@

  handle_small_Steiner_degrees: steiner 0, suppress 0 in 1e-05 s
Starting round 42
Found 413 isolated vertices
Invalid ratios recomputed: 4014
Best ratio is 1878804/2 (939402.0), centered at 3057
Finding the best star... Star with 3 terminals centered in 3224
round took: 0.700066 s
|V| = 6366, |E| = 11915, |R| = 31
>>> get_solution
>>> get_solution
  refine_solution: new weight 73703707 (was 73865586) in 0.001408 s
  refine_solution: new weight 73703707 (was 73703707) in 0.001323 s
42,,5953,11915,31,,4014,0,,73865586,73703707,32895366,32895366,32895366,,1878804,3,@@

  handle_small_Steiner_degrees: steiner 0, suppress 0 in 9e-06 s
Starting round 43
Found 424 isolated vertices
Invalid ratios recomputed: 4987
Best ratio is 946160/1 (946160.0), centered at 476
Finding the best star... Star with 2 terminals centered in 476
round took: 0.927486 s
|V| = 6366, |E| = 11903, |R| = 30
>>> get_solution
>>> get_solution
  refine_solution: new weight 73703707 (was 73865586) in 0.001407 s
  refine_solution: new weight 73703707 (was 73703707) in 0.001322 s
43,,5942,11903,30,,4987,0,,73865586,73703707,33841526,33841526,33841526,,946160,2,@@

  handle_small_Steiner_degrees: steiner 0, suppress 0 in 8e-06 s
Starting round 44
Found 435 isolated vertices
Invalid ratios recomputed: 3817
Best ratio is 972942/1 (972942.0), centered at 1054
Finding the best star... Star with 2 terminals centered in 1620
round took: 0.783166 s
|V| = 6366, |E| = 11896, |R| = 29
>>> get_solution
>>> get_solution
  refine_solution: new weight 73703707 (was 73865586) in 0.001395 s
  refine_solution: new weight 73703707 (was 73703707) in 0.001333 s
44,,5931,11896,29,,3817,0,,73865586,73703707,34814468,34814468,34814468,,972942,2,@@

  handle_small_Steiner_degrees: steiner 0, suppress 1 in 1.1e-05 s
Starting round 45
Found 442 isolated vertices
Invalid ratios recomputed: 4238
Best ratio is 978055/1 (978055.0), centered at 3573
Finding the best star... Star with 2 terminals centered in 3573
round took: 0.903564 s
|V| = 6366, |E| = 11882, |R| = 28
>>> get_solution
>>> get_solution
  refine_solution: new weight 73703707 (was 73865586) in 0.001419 s
  refine_solution: new weight 73703707 (was 73703707) in 0.001323 s
45,,5924,11882,28,,4238,0,,73865586,73703707,35792523,35792523,35792523,,978055,2,@@

  handle_small_Steiner_degrees: steiner 0, suppress 0 in 8e-06 s
Starting round 46
Found 449 isolated vertices
Invalid ratios recomputed: 4497
Best ratio is 2063691/2 (1031845.5), centered at 476
Finding the best star... Star with 3 terminals centered in 724
round took: 1.01285 s
|V| = 6366, |E| = 11866, |R| = 26
>>> get_solution
>>> get_solution
  refine_solution: new weight 73426224 (was 73588103) in 0.001401 s
  refine_solution: new weight 73426224 (was 73426224) in 0.001329 s
46,,5917,11866,26,,4497,0,,73588103,73426224,37856214,37856214,37856214,,2063691,3,@@

  handle_small_Steiner_degrees: steiner 0, suppress 0 in 7e-06 s
Starting round 47
Found 462 isolated vertices
Invalid ratios recomputed: 4418
Best ratio is 1034723/1 (1034723.0), centered at 4253
Finding the best star... Star with 2 terminals centered in 4262
round took: 1.07249 s
|V| = 6366, |E| = 11855, |R| = 25
>>> get_solution
>>> get_solution
  refine_solution: new weight 73291441 (was 73453320) in 0.001416 s
  refine_solution: new weight 73291441 (was 73291441) in 0.00132 s
47,,5904,11855,25,,4418,0,,73453320,73291441,38890937,38890937,38890937,,1034723,2,@@

  handle_small_Steiner_degrees: steiner 0, suppress 0 in 1e-05 s
Starting round 48
Found 472 isolated vertices
Invalid ratios recomputed: 5058
Best ratio is 1051973/1 (1051973.0), centered at 2008
Finding the best star... Star with 2 terminals centered in 3224
round took: 1.20965 s
|V| = 6366, |E| = 11843, |R| = 24
>>> get_solution
>>> get_solution
  refine_solution: new weight 73291441 (was 73453320) in 0.001405 s
  refine_solution: new weight 73291441 (was 73291441) in 0.001322 s
48,,5894,11843,24,,5058,0,,73453320,73291441,39942910,39942910,39942910,,1051973,2,@@

  delete_edges: deleted 129 edges in 0.002341 s and 5 rounds
  handle_small_Steiner_degrees: steiner 2, suppress 80 in 5.4e-05 s
Starting round 49
Found 563 isolated vertices
Invalid ratios recomputed: 5250
Best ratio is 2297143/2 (1148571.5), centered at 5361
Finding the best star... Star with 3 terminals centered in 5929
round took: 1.33908 s
|V| = 6366, |E| = 11605, |R| = 22
>>> get_solution
>>> get_solution
  refine_solution: new weight 73059010 (was 73220889) in 0.001427 s
  refine_solution: new weight 73059010 (was 73059010) in 0.001324 s
49,,5803,11605,22,,5250,0,,73220889,73059010,42240053,42240053,42240053,,2297143,3,@@

  handle_small_Steiner_degrees: steiner 0, suppress 2 in 1.1e-05 s
Starting round 50
Found 583 isolated vertices
Invalid ratios recomputed: 4648
Best ratio is 1206491/1 (1206491.0), centered at 218
Finding the best star... Star with 2 terminals centered in 1169
round took: 1.36003 s
|V| = 6366, |E| = 11588, |R| = 21
>>> get_solution
>>> get_solution
  refine_solution: new weight 73059010 (was 73220889) in 0.001411 s
  refine_solution: new weight 73059010 (was 73059010) in 0.001333 s
50,,5783,11588,21,,4648,0,,73220889,73059010,43446544,43446544,43446544,,1206491,2,@@

  handle_small_Steiner_degrees: steiner 0, suppress 1 in 8e-06 s
Starting round 51
Found 593 isolated vertices
Invalid ratios recomputed: 4642
Best ratio is 1213215/1 (1213215.0), centered at 3355
Finding the best star... Star with 2 terminals centered in 3365
round took: 1.44224 s
|V| = 6366, |E| = 11573, |R| = 20
>>> get_solution
>>> get_solution
  refine_solution: new weight 73059010 (was 73220889) in 0.001411 s
  refine_solution: new weight 73059010 (was 73059010) in 0.001328 s
51,,5773,11573,20,,4642,0,,73220889,73059010,44659759,44659759,44659759,,1213215,2,@@

  handle_small_Steiner_degrees: steiner 0, suppress 1 in 8e-06 s
Starting round 52
Found 604 isolated vertices
Invalid ratios recomputed: 5585
Best ratio is 1215473/1 (1215473.0), centered at 5771
Finding the best star... Star with 2 terminals centered in 5777
round took: 1.70181 s
|V| = 6366, |E| = 11562, |R| = 19
>>> get_solution
>>> get_solution
  refine_solution: new weight 73059010 (was 73220889) in 0.001408 s
  refine_solution: new weight 73059010 (was 73059010) in 0.001337 s
52,,5762,11562,19,,5585,0,,73220889,73059010,45875232,45875232,45875232,,1215473,2,@@

  handle_small_Steiner_degrees: steiner 0, suppress 1 in 8e-06 s
Starting round 53
Found 612 isolated vertices
Invalid ratios recomputed: 5023
Best ratio is 1236256/1 (1236256.0), centered at 724
Finding the best star... Star with 2 terminals centered in 3224
round took: 1.70247 s
|V| = 6366, |E| = 11548, |R| = 18
>>> get_solution
>>> get_solution
  refine_solution: new weight 73035376 (was 73197255) in 0.001408 s
  refine_solution: new weight 73035376 (was 73035376) in 0.001331 s
53,,5754,11548,18,,5023,0,,73197255,73035376,47111488,47111488,47111488,,1236256,2,@@

  handle_small_Steiner_degrees: steiner 0, suppress 1 in 9e-06 s
Starting round 54
Found 624 isolated vertices
Invalid ratios recomputed: 5638
Best ratio is 1245679/1 (1245679.0), centered at 3224
Finding the best star... Star with 2 terminals centered in 4262
round took: 1.87768 s
|V| = 6366, |E| = 11532, |R| = 17
>>> get_solution
>>> get_solution
  refine_solution: new weight 73035376 (was 73197255) in 0.001416 s
  refine_solution: new weight 73035376 (was 73035376) in 0.001333 s
54,,5742,11532,17,,5638,0,,73197255,73035376,48357167,48357167,48357167,,1245679,2,@@

  handle_small_Steiner_degrees: steiner 0, suppress 1 in 8e-06 s
Starting round 55
Found 637 isolated vertices
Invalid ratios recomputed: 5633
Best ratio is 1265278/1 (1265278.0), centered at 2608
Finding the best star... Star with 2 terminals centered in 3573
round took: 1.98981 s
|V| = 6366, |E| = 11515, |R| = 16
>>> get_solution
>>> get_solution
  refine_solution: new weight 73035376 (was 73197255) in 0.001417 s
  refine_solution: new weight 73035376 (was 73035376) in 0.001332 s
55,,5729,11515,16,,5633,0,,73197255,73035376,49622445,49622445,49622445,,1265278,2,@@

  handle_small_Steiner_degrees: steiner 0, suppress 2 in 1e-05 s
Starting round 56
Found 651 isolated vertices
Invalid ratios recomputed: 5651
Best ratio is 1271640/1 (1271640.0), centered at 3573
Finding the best star... Star with 2 terminals centered in 4590
round took: 2.10574 s
|V| = 6366, |E| = 11501, |R| = 15
>>> get_solution
>>> get_solution
  refine_solution: new weight 73035376 (was 73197255) in 0.001419 s
  refine_solution: new weight 73035376 (was 73035376) in 0.001328 s
56,,5715,11501,15,,5651,0,,73197255,73035376,50894085,50894085,50894085,,1271640,2,@@

  handle_small_Steiner_degrees: steiner 0, suppress 2 in 1.1e-05 s
Starting round 57
Found 662 isolated vertices
Invalid ratios recomputed: 5643
Best ratio is 1299368/1 (1299368.0), centered at 1044
Finding the best star... Star with 2 terminals centered in 1620
round took: 2.45735 s
|V| = 6366, |E| = 11485, |R| = 14
>>> get_solution
>>> get_solution
  refine_solution: new weight 73035376 (was 73197255) in 0.001407 s
  refine_solution: new weight 73035376 (was 73035376) in 0.001324 s
57,,5704,11485,14,,5643,0,,73197255,73035376,52193453,52193453,52193453,,1299368,2,@@

  handle_small_Steiner_degrees: steiner 0, suppress 0 in 8e-06 s
Starting round 58
Found 673 isolated vertices
Invalid ratios recomputed: 5529
Best ratio is 2637615/2 (1318807.5), centered at 3847
Finding the best star... Star with 3 terminals centered in 1620
round took: 2.54165 s
|V| = 6366, |E| = 11455, |R| = 12
>>> get_solution
>>> get_solution
  refine_solution: new weight 72840103 (was 73001982) in 0.001419 s
  refine_solution: new weight 72840103 (was 72840103) in 0.001327 s
58,,5693,11455,12,,5529,0,,73001982,72840103,54831068,54831068,54831068,,2637615,3,@@

  handle_small_Steiner_degrees: steiner 0, suppress 0 in 7e-06 s
Starting round 59
Found 698 isolated vertices
Invalid ratios recomputed: 5528
Best ratio is 1437035/1 (1437035.0), centered at 4858
Finding the best star... Star with 2 terminals centered in 6057
round took: 2.68947 s
|V| = 6366, |E| = 11445, |R| = 11
>>> get_solution
>>> get_solution
  refine_solution: new weight 72840103 (was 73001982) in 0.001408 s
  refine_solution: new weight 72840103 (was 72840103) in 0.001322 s
59,,5668,11445,11,,5528,0,,73001982,72840103,56268103,56268103,56268103,,1437035,2,@@

  handle_small_Steiner_degrees: steiner 0, suppress 0 in 9e-06 s
Starting round 60
Found 706 isolated vertices
Invalid ratios recomputed: 5612
Best ratio is 1438348/1 (1438348.0), centered at 5029
Finding the best star... Star with 2 terminals centered in 5189
round took: 3.01193 s
|V| = 6366, |E| = 11436, |R| = 10
>>> get_solution
>>> get_solution
  refine_solution: new weight 72821307 (was 72983186) in 0.00142 s
  refine_solution: new weight 72821307 (was 72821307) in 0.001331 s
60,,5660,11436,10,,5612,0,,72983186,72821307,57706451,57706451,57706451,,1438348,2,@@

  handle_small_Steiner_degrees: steiner 0, suppress 0 in 7e-06 s
Starting round 61
Found 714 isolated vertices
Invalid ratios recomputed: 5214
Best ratio is 1444088/1 (1444088.0), centered at 1620
Finding the best star... Star with 2 terminals centered in 5189
round took: 3.04349 s
|V| = 6366, |E| = 11421, |R| = 9
>>> get_solution
>>> get_solution
  refine_solution: new weight 72821307 (was 72983186) in 0.00143 s
  refine_solution: new weight 72821307 (was 72821307) in 0.001325 s
61,,5652,11421,9,,5214,0,,72983186,72821307,59150539,59150539,59150539,,1444088,2,@@

  handle_small_Steiner_degrees: steiner 0, suppress 0 in 1e-05 s
Starting round 62
Found 727 isolated vertices
Invalid ratios recomputed: 5492
Best ratio is 1487022/1 (1487022.0), centered at 3965
Finding the best star... Star with 2 terminals centered in 6057
round took: 3.38314 s
|V| = 6366, |E| = 11406, |R| = 8
>>> get_solution
>>> get_solution
  refine_solution: new weight 72821307 (was 72983186) in 0.001424 s
  refine_solution: new weight 72821307 (was 72821307) in 0.001325 s
62,,5639,11406,8,,5492,0,,72983186,72821307,60637561,60637561,60637561,,1487022,2,@@

  handle_small_Steiner_degrees: steiner 0, suppress 1 in 1e-05 s
Starting round 63
Found 739 isolated vertices
Invalid ratios recomputed: 5627
Best ratio is 4590729/3 (1530243.0), centered at 425
Finding the best star... Star with 4 terminals centered in 5189
round took: 3.58945 s
|V| = 6366, |E| = 11368, |R| = 5
>>> get_solution
>>> get_solution
  refine_solution: new weight 72194476 (was 72356355) in 0.001432 s
  refine_solution: new weight 72194476 (was 72194476) in 0.001327 s
63,,5627,11368,5,,5627,0,,72356355,72194476,65228290,65228290,65228290,,4590729,4,@@

  handle_small_Steiner_degrees: steiner 0, suppress 0 in 8e-06 s
Starting round 64
Found 770 isolated vertices
Invalid ratios recomputed: 5596
Best ratio is 1662979/1 (1662979.0), centered at 5189
Finding the best star... Star with 2 terminals centered in 5866
round took: 3.95096 s
|V| = 6366, |E| = 11357, |R| = 4
>>> get_solution
>>> get_solution
  refine_solution: new weight 72194476 (was 72356355) in 0.00143 s
  refine_solution: new weight 72194476 (was 72194476) in 0.001347 s
64,,5596,11357,4,,5596,0,,72356355,72194476,66891269,66891269,66891269,,1662979,2,@@

  handle_small_Steiner_degrees: steiner 0, suppress 0 in 8e-06 s
Starting round 65
Found 780 isolated vertices
Invalid ratios recomputed: 5586
Best ratio is 1680586/1 (1680586.0), centered at 5636
Finding the best star... Star with 2 terminals centered in 6057
round took: 4.01143 s
|V| = 6366, |E| = 11343, |R| = 3
>>> get_solution
>>> get_solution
  refine_solution: new weight 72194476 (was 72356355) in 0.001444 s
  refine_solution: new weight 72194476 (was 72194476) in 0.001356 s
65,,5586,11343,3,,5586,0,,72356355,72194476,68571855,68571855,68571855,,1680586,2,@@

  handle_small_Steiner_degrees: steiner 0, suppress 0 in 8e-06 s
Starting round 66
Found 791 isolated vertices
Invalid ratios recomputed: 5575
Best ratio is 1845851/1 (1845851.0), centered at 5181
Finding the best star... Star with 2 terminals centered in 6291
round took: 4.11947 s
|V| = 6366, |E| = 11313, |R| = 2
>>> get_solution
>>> get_solution
  refine_solution: new weight 72194476 (was 72356355) in 0.001459 s
  refine_solution: new weight 72194476 (was 72194476) in 0.00135 s
66,,5575,11313,2,,5575,0,,72356355,72194476,70417706,70417706,70417706,,1845851,2,@@

  handle_small_Steiner_degrees: steiner 0, suppress 2 in 2.2e-05 s
Starting round 67
Found 815 isolated vertices
Invalid ratios recomputed: 5551
Best ratio is 1938649/1 (1938649.0), centered at 1169
Finding the best star... Star with 2 terminals centered in 6291
round took: 4.02037 s
|V| = 6366, |E| = 11291, |R| = 1
>>> get_solution
>>> get_solution
  refine_solution: new weight 72194476 (was 72356355) in 0.001439 s
  refine_solution: new weight 72194476 (was 72194476) in 0.001353 s
67,,5551,11291,1,,5551,0,,72356355,72194476,72356355,72356355,72356355,,1938649,2,@@

  handle_small_Steiner_degrees: steiner 0, suppress 2 in 2.3e-05 s
contract_till_the_bitter_end: 70.3674 s

Calling end_heu
>>> get_solution
Saved weight 0
DŽ: 72356355 -> 71790277
  BEST solution improved 72356355 -> 71790277 (vert_size 0, round 1) *
  BEST solution improved 71790277 -> 71772206 (vert_size 2, round 121)
DŽ: 71772206 -> 71772206
DŽ: 71772206 -> 71791002
  BEST solution improved 71791002 -> 71756570 (vert_size 7, round 2146) *
DŽ: 71756570 -> 71749014
  BEST solution improved 71756570 -> 71749014 (vert_size 0, round 3001) *
  BEST solution improved 71749014 -> 71669147 (vert_size 4, round 3452) *
DŽ: 71669147 -> 71669147
DŽ: 71669147 -> 71669147
DŽ: 71669147 -> 71669147
  BEST solution improved 71669147 -> 71606552 (vert_size 4, round 6768) *
DŽ: 71606552 -> 71606552
DŽ: 71772206 -> 71772206
DŽ: 71606552 -> 71606552
  BEST solution improved 71606552 -> 71587756 (vert_size 7, round 9868) *
DŽ: 71587756 -> 71587756
DŽ: 71587756 -> 71587756
DŽ: 71606552 -> 71606552
DŽ: 71669147 -> 71669147
DŽ: 71606552 -> 71686419
DŽ: 71669147 -> 71606552
DŽ: 71756570 -> 71669147
DŽ: 71587756 -> 71587756
DŽ: 71669147 -> 71669147
DŽ: 71587756 -> 71587756
DŽ: 71606552 -> 71868195
DŽ: 71686419 -> 71686419
DŽ: 71587756 -> 71587756
  BEST solution improved 71587756 -> 71575240 (vert_size 3, round 22735) *
DŽ: 71575240 -> 71575240
  BEST solution improved 71575240 -> 71563953 (vert_size 2, round 23031) *
  BEST solution improved 71563953 -> 71529396 (vert_size 4, round 23449) *
DŽ: 71529396 -> 71475284
  BEST solution improved 71529396 -> 71475284 (vert_size 0, round 24001) *
DŽ: 71475284 -> 71475284
DŽ: 71475284 -> 71475284
DŽ: 71606552 -> 71705614
  BEST solution improved 71562205 -> 71460477 (vert_size 4, round 27784) *
DŽ: 71460477 -> 71440503
  BEST solution improved 71460477 -> 71440503 (vert_size 0, round 28001) *
DŽ: 71440503 -> 71440503
DŽ: 71572358 -> 71440503
  BEST solution improved 71440503 -> 71421707 (vert_size 1, round 30136) *
DŽ: 71421707 -> 71421707
DŽ: 71686419 -> 71606552
DŽ: 71421707 -> 71421707
DŽ: 71606552 -> 71928539
DŽ: 71421707 -> 71421707
DŽ: 71440503 -> 71729942
DŽ: 71475284 -> 71475284
DŽ: 71552296 -> 71487800
DŽ: 71421707 -> 71421707
DŽ: 71606552 -> 71669147
DŽ: 71440503 -> 71645896
DŽ: 71421707 -> 71687686
  BEST solution improved 71425174 -> 71345055 (vert_size 4, round 42193) *
  BEST solution improved 71396689 -> 71331894 (vert_size 4, round 42454) *
  BEST solution improved 71331894 -> 71296209 (vert_size 4, round 42458)
  BEST solution improved 71296209 -> 71271710 (vert_size 3, round 42673) *
DŽ: 71271710 -> 71195218
  BEST solution improved 71271710 -> 71195218 (vert_size 0, round 43001) *
DŽ: 71195218 -> 71195218
DŽ: 71195218 -> 71195218
  BEST solution improved 71195218 -> 71177611 (vert_size 4, round 45224) *
DŽ: 71177611 -> 71170055
  BEST solution improved 71177611 -> 71170055 (vert_size 0, round 46001) *
DŽ: 71170055 -> 71170055
DŽ: 71170055 -> 71170055
DŽ: 71572358 -> 71716735
DŽ: 71195218 -> 71279102
DŽ: 71572358 -> 71834402
DŽ: 71587756 -> 71718906
DŽ: 71834402 -> 71834402
DŽ: 71546273 -> 71440503
DŽ: 71475284 -> 71618082
DŽ: 71170055 -> 71170055
DŽ: 71546273 -> 71544629
DŽ: 71508951 -> 71501395

 start over 58103 loops 180 unique solutions 
Approx + random 
DŽ: 78213577 -> 72525338
DŽ: 71772206 -> 71863128
DŽ: 71863128 -> 72427521
DŽ: 71928539 -> 71977287
DŽ: 71487800 -> 71606552
DŽ: 71587756 -> 71587756
DŽ: 71606552 -> 71606552
DŽ: 71730218 -> 71991861
DŽ: 71170055 -> 71170055
DŽ: 71863128 -> 71949977
DŽ: 71606552 -> 71606552
DŽ: 71772206 -> 71843414
DŽ: 71756570 -> 71887772
DŽ: 71876697 -> 71828122
DŽ: 71606552 -> 71882784
DŽ: 72400645 -> 72385533
DŽ: 71170055 -> 71170055
DŽ: 71170055 -> 71170055
DŽ: 71991861 -> 71991861
DŽ: 71170055 -> 71170055
DŽ: 71170055 -> 71170055
DŽ: 71170055 -> 71170055
DŽ: 71170055 -> 71170055
DŽ: 71606552 -> 71606552
DŽ: 71170055 -> 71170055
DŽ: 71170055 -> 71170055
DŽ: 71606552 -> 71606552

 start over 84737 loops 210 unique solutions 
Approx + random 
DŽ: 78213577 -> 73036460
DŽ: 72237925 -> 71912155
DŽ: 71606552 -> 71606552
DŽ: 71847038 -> 71606552
DŽ: 71606552 -> 71606552
DŽ: 71587756 -> 71587756
DŽ: 72821600 -> 72390106
DŽ: 71170055 -> 71170055
DŽ: 71759186 -> 71502314
DŽ: 71170055 -> 71170055
DŽ: 71477940 -> 71419450
DŽ: 71349071 -> 71300698
DŽ: 71231316 -> 71113374
  BEST solution improved 71231316 -> 71113374 (vert_size 0, round 96001) *
DŽ: 71113374 -> 71113374
DŽ: 72126249 -> 71712452
DŽ: 71113374 -> 71113374
DŽ: 71280810 -> 71119635
DŽ: 71606552 -> 71606552
DŽ: 71606552 -> 71606552
DŽ: 71113374 -> 71113374
  BEST solution improved 71113374 -> 71073598 (vert_size 4, round 103147) *
DŽ: 71073598 -> 71073598
DŽ: 71170055 -> 71170055
DŽ: 71334571 -> 71188957
DŽ: 71073598 -> 71073598
DŽ: 71113374 -> 71280359
DŽ: 71073598 -> 71055991
  BEST solution improved 71073598 -> 71055991 (vert_size 0, round 109001) *
DŽ: 71055991 -> 71048435
  BEST solution improved 71055991 -> 71048435 (vert_size 0, round 110001) *
DŽ: 71048435 -> 71048435
DŽ: 71149181 -> 71149181
DŽ: 71606552 -> 71724681
DŽ: 71280359 -> 71280359
DŽ: 71210205 -> 71300698
DŽ: 71149181 -> 71149181
DŽ: 71048435 -> 71048435
DŽ: 71048435 -> 71048435
DŽ: 71048435 -> 71048435
DŽ: 71048435 -> 71048435
DŽ: 71048435 -> 71048435
DŽ: 71149181 -> 71335241
DŽ: 71082148 -> 71343791
DŽ: 71343791 -> 71343791
DŽ: 71293121 -> 71131445

 start over 125945 loops 251 unique solutions 
Original + vert_size 0 
DŽ: 72356355 -> 71790277
DŽ: 71219411 -> 71183399
DŽ: 71149181 -> 71124018
DŽ: 71113374 -> 71589073
DŽ: 71450656 -> 71440503
DŽ: 71048435 -> 71048435
DŽ: 71149181 -> 71810940
DŽ: 71048435 -> 71048435
DŽ: 71073598 -> 71073598
DŽ: 71282063 -> 71383567
DŽ: 71170055 -> 71170055
DŽ: 71265449 -> 71113374
DŽ: 71220626 -> 71119635
DŽ: 71278975 -> 71113374
DŽ: 71048435 -> 71048435
DŽ: 71265449 -> 71673580
DŽ: 71410824 -> 71073598
DŽ: 71048435 -> 71048435
DŽ: 71110966 -> 71093257
DŽ: 71048435 -> 71048435
DŽ: 71265449 -> 71113374
DŽ: 71048435 -> 71048435
DŽ: 71073598 -> 71549297
DŽ: 71048435 -> 71048435
DŽ: 71113374 -> 71113374
DŽ: 71113374 -> 71375017
DŽ: 71203954 -> 71113032
DŽ: 71142332 -> 71073598
DŽ: 71265449 -> 71589073
DŽ: 71048435 -> 71549297
DŽ: 71064541 -> 71048435
DŽ: 71048435 -> 71048435
DŽ: 71048435 -> 71048435
DŽ: 71048435 -> 71088211
DŽ: 71048435 -> 71048435

 start over 159868 loops 279 unique solutions 
Approx + random 
DŽ: 78213577 -> 73830034
DŽ: 73277824 -> 72261584
DŽ: 71278975 -> 71232126
DŽ: 71048435 -> 71048435
DŽ: 71048435 -> 71048435
DŽ: 71048435 -> 71048435
DŽ: 73277824 -> 72097671
DŽ: 71048435 -> 71048435
DŽ: 71444043 -> 71307367
DŽ: 71048435 -> 71048435
DŽ: 71048435 -> 71048435
DŽ: 71048435 -> 71048435
DŽ: 71307367 -> 71474352
DŽ: 71425247 -> 71288571
DŽ: 71307367 -> 71474352
DŽ: 71124018 -> 71207902
DŽ: 71048435 -> 71310078
DŽ: 71554426 -> 71436461
DŽ: 71307367 -> 71307367
DŽ: 71124018 -> 71124018
DŽ: 71048435 -> 71048435
DŽ: 71048435 -> 71328149
DŽ: 71048435 -> 71048435
DŽ: 71554426 -> 71231530
DŽ: 71277284 -> 71188615
DŽ: 71048435 -> 71048435
DŽ: 71320965 -> 71170055
DŽ: 71344651 -> 71316166
DŽ: 71048435 -> 71048435
DŽ: 71320965 -> 71385760
DŽ: 71390617 -> 71536637
DŽ: 71048435 -> 71048435
DŽ: 71355600 -> 71468796
DŽ: 71242727 -> 71188615
DŽ: 71048435 -> 71048435

 start over 193912 loops 318 unique solutions 
Original + vert_size 13 
DŽ: 72356355 -> 72229691
DŽ: 71495206 -> 71213289
DŽ: 71048435 -> 71048435
DŽ: 71048435 -> 71048435
DŽ: 71048435 -> 71549297
DŽ: 71363250 -> 71249137
DŽ: 71133782 -> 71157482
DŽ: 71048435 -> 71633181
DŽ: 71213114 -> 71188615
DŽ: 71048435 -> 71048435
DŽ: 71048435 -> 71048435
DŽ: 71149181 -> 71149181
DŽ: 71113128 -> 71055991
DŽ: 71174982 -> 71157482
DŽ: 71219336 -> 71157482
DŽ: 71219336 -> 71207241
DŽ: 72229691 -> 72372489
DŽ: 71048435 -> 71048435
DŽ: 71055991 -> 71048435
DŽ: 71093206 -> 71073598
DŽ: 71073598 -> 71073598
DŽ: 71073598 -> 71273730
DŽ: 71073598 -> 71549297
DŽ: 71135452 -> 71242405
DŽ: 71073598 -> 71048435
DŽ: 71073598 -> 71073598
DŽ: 71157482 -> 71276234
DŽ: 71073598 -> 71456145
DŽ: 71149181 -> 71142089
DŽ: 71048435 -> 71167187
DŽ: 71082148 -> 71073598
DŽ: 72213514 -> 72171526
DŽ: 71073598 -> 71073598
DŽ: 71048435 -> 71048435
DŽ: 71149181 -> 71149181
DŽ: 71048435 -> 71048435
DŽ: 71048435 -> 71048435
DŽ: 71073598 -> 71048435
DŽ: 71073598 -> 71073598

 start over 231253 loops 346 unique solutions 
Approx + random 
DŽ: 78213577 -> 73742468
DŽ: 71073598 -> 71073598
DŽ: 71048435 -> 71048435
DŽ: 71689492 -> 71228391
DŽ: 72207818 -> 71292499
DŽ: 72207818 -> 71292499
DŽ: 72846353 -> 71717553
DŽ: 73111227 -> 72098280
DŽ: 72098280 -> 72090724
DŽ: 71048435 -> 71048435
DŽ: 71048435 -> 71048435
DŽ: 71547802 -> 71228391
DŽ: 71048435 -> 71048435
DŽ: 72115217 -> 71415688
DŽ: 71048435 -> 71048435
DŽ: 71048435 -> 71048435
DŽ: 71703252 -> 71228391
DŽ: 71693099 -> 71228391
DŽ: 71689492 -> 71468998
DŽ: 71295660 -> 71267933
DŽ: 71048435 -> 71048435
DŽ: 71228391 -> 71365214
DŽ: 72525985 -> 71662260
DŽ: 71048435 -> 71048435
DŽ: 71579394 -> 71502902
DŽ: 71579394 -> 71703034
DŽ: 71579394 -> 71502902
DŽ: 71502902 -> 71502902
DŽ: 71398888 -> 71124018
DŽ: 71048435 -> 71048435
DŽ: 71444112 -> 71458553

 start over 261660 loops 382 unique solutions 
Original + vert_size 0 
DŽ: 72356355 -> 71790277
DŽ: 71210663 -> 71124018
DŽ: 71109099 -> 71139259
DŽ: 71908064 -> 71488157
DŽ: 73163239 -> 71825793
DŽ: 71173605 -> 71163452
DŽ: 71048435 -> 71048435
DŽ: 72846353 -> 71816446
DŽ: 71488157 -> 71575613
DŽ: 71048435 -> 71048435
DŽ: 71048435 -> 71048435
DŽ: 71048435 -> 71048435
DŽ: 71048435 -> 71007444
  BEST solution improved 71048435 -> 71007444 (vert_size 0, round 273001) *
DŽ: 71007444 -> 71007444
DŽ: 72012961 -> 71488157
DŽ: 71007444 -> 71007444
DŽ: 71007444 -> 71007444
DŽ: 71419984 -> 71394211
DŽ: 71007444 -> 71007444
DŽ: 71798375 -> 71798375
DŽ: 71007444 -> 71174429
DŽ: 71731230 -> 71592173
DŽ: 71007444 -> 71007444
DŽ: 71007444 -> 71007444
DŽ: 71007444 -> 71007444
DŽ: 71007444 -> 71007444
DŽ: 71124018 -> 71142089
DŽ: 71007444 -> 71007444
DŽ: 71174429 -> 71174429
DŽ: 71460449 -> 71313970
DŽ: 71473421 -> 71586617
DŽ: 71124018 -> 71124018

 start over 292220 loops 412 unique solutions 
Original + vert_size 13 
DŽ: 72356355 -> 72157292
DŽ: 71386073 -> 71386073
DŽ: 72157292 -> 72418265
DŽ: 71578800 -> 71149181
DŽ: 71007444 -> 71007444
DŽ: 71748289 -> 71767085
DŽ: 71575613 -> 71195218
DŽ: 71926060 -> 71926060
DŽ: 71578800 -> 71149645
DŽ: 71007444 -> 71174429
DŽ: 71149181 -> 71149181
DŽ: 71007444 -> 71007444
DŽ: 72291634 -> 71985710
DŽ: 71083936 -> 71007444
DŽ: 71007444 -> 71007444
DŽ: 71007444 -> 71007444
DŽ: 71007444 -> 71007444
DŽ: 71007444 -> 71007444
DŽ: 71149645 -> 71066506
DŽ: 72022126 -> 72076021
DŽ: 71007444 -> 71007444
DŽ: 71131574 -> 71124018
DŽ: 71007444 -> 71007444
DŽ: 71007444 -> 71072423
DŽ: 71131574 -> 71291003
DŽ: 71669147 -> 71782343
DŽ: 71007444 -> 71007444
DŽ: 71055991 -> 71345377
DŽ: 71194161 -> 71087869
DŽ: 71007444 -> 71007444
DŽ: 71926060 -> 72287554

 start over 322968 loops 440 unique solutions 
Original + vert_size 0 
DŽ: 72356355 -> 71790277
DŽ: 71007444 -> 71007444
DŽ: 71007444 -> 71007444
DŽ: 71007444 -> 71007444
DŽ: 71979494 -> 71773060
DŽ: 71007444 -> 71007444
DŽ: 71807933 -> 71584478
DŽ: 71131574 -> 71291003
DŽ: 71291003 -> 71291003
DŽ: 71007444 -> 71007444
DŽ: 71007444 -> 71007444
DŽ: 71131574 -> 71124018
DŽ: 71149181 -> 71149181
DŽ: 71745426 -> 71630262
DŽ: 71007444 -> 71007444
DŽ: 71007444 -> 71007444
DŽ: 71007444 -> 71007444
DŽ: 71007444 -> 71007444
DŽ: 71291003 -> 71374887
DŽ: 71630262 -> 71829742
DŽ: 71630262 -> 71437759
DŽ: 71726416 -> 71674854
DŽ: 71550395 -> 71769020
DŽ: 71007444 -> 71007444
DŽ: 71007444 -> 71007444
DŽ: 71726416 -> 71550395
DŽ: 71007444 -> 71007444
DŽ: 71007444 -> 71007444
DŽ: 71816591 -> 71761323

 start over 350802 loops 468 unique solutions 
Original + vert_size 0 
DŽ: 72356355 -> 71790277
DŽ: 71007444 -> 71007444
DŽ: 71007444 -> 71007444
DŽ: 71007444 -> 71007444
DŽ: 71007444 -> 71007444
DŽ: 71807933 -> 71749014
DŽ: 71007444 -> 71007444
DŽ: 71425507 -> 71427891
DŽ: 71007444 -> 71007444
DŽ: 71007444 -> 71087311
DŽ: 71007444 -> 71007444
DŽ: 71250510 -> 71124018
DŽ: 71731169 -> 71630262
DŽ: 71007444 -> 71007444
DŽ: 71669147 -> 72131386
DŽ: 71007444 -> 71007444
DŽ: 71842860 -> 71668524
DŽ: 71749014 -> 71687218
DŽ: 71007444 -> 71007444
DŽ: 71484372 -> 71600337
DŽ: 71669147 -> 71669147
DŽ: 71007444 -> 71007444
DŽ: 71007444 -> 71207576
DŽ: 71381129 -> 71615698
DŽ: 71007444 -> 71007444
DŽ: 71630262 -> 71487800
DŽ: 71630262 -> 71550395
DŽ: 71007444 -> 71007444
DŽ: 71007444 -> 71007444
DŽ: 71007444 -> 71007444
DŽ: 71007444 -> 71007444
DŽ: 71559955 -> 71399114

 start over 381339 loops 493 unique solutions 
Original + vert_size 13 
DŽ: 72356355 -> 72463037
DŽ: 71007444 -> 71007444
DŽ: 71630262 -> 71630262
DŽ: 71007444 -> 71007444
DŽ: 71007444 -> 71007444
DŽ: 71860933 -> 71592919
DŽ: 71007444 -> 71007444
DŽ: 71755985 -> 71705252
DŽ: 71007444 -> 71007444
DŽ: 71690609 -> 71745347
DŽ: 71931853 -> 71683130
DŽ: 71007444 -> 71007444
DŽ: 71592919 -> 71592919
DŽ: 71852083 -> 72095047
DŽ: 71662721 -> 71592919
DŽ: 71832774 -> 71630262
DŽ: 71662721 -> 71487800
DŽ: 71461714 -> 71451561
DŽ: 71007444 -> 71007444
DŽ: 71007444 -> 71007444
DŽ: 71565285 -> 71450121
DŽ: 71441804 -> 71406152
DŽ: 71007444 -> 71007444
DŽ: 71859623 -> 71672250
DŽ: 71007444 -> 71007444
DŽ: 71565285 -> 71729468
DŽ: 71007444 -> 71007444
DŽ: 71578361 -> 71508753
DŽ: 71554254 -> 71315230

 start over 409863 loops 525 unique solutions 
Original + vert_size 13 
DŽ: 72356355 -> 72235902
DŽ: 71007444 -> 71007444
DŽ: 71558022 -> 71913550
DŽ: 71508753 -> 71508753
DŽ: 71007444 -> 71007444
DŽ: 71487800 -> 71487800
DŽ: 71859623 -> 71672250
DŽ: 71489071 -> 71315230
DŽ: 71791688 -> 71529889
DŽ: 71558221 -> 71446005
DŽ: 71007444 -> 71007444
DŽ: 72217831 -> 72331027
DŽ: 71007444 -> 71007444
DŽ: 71860933 -> 71550077
DŽ: 71558221 -> 71676915
DŽ: 71739531 -> 71369282
DŽ: 71640708 -> 71342221
DŽ: 71007444 -> 71007444
DŽ: 71007444 -> 71007444
DŽ: 71007444 -> 71007444
DŽ: 71486232 -> 71412858
DŽ: 71007444 -> 71007444
DŽ: 71007444 -> 71007444
DŽ: 71007444 -> 71508306
DŽ: 71256026 -> 71124018
DŽ: 71256026 -> 71124018
DŽ: 71741929 -> 71408034
DŽ: 71007444 -> 71007444
DŽ: 71007444 -> 71067628

 start over 437126 loops 557 unique solutions 
Approx + random 
DŽ: 78213577 -> 72678340
DŽ: 71487800 -> 71503098
DŽ: 71007444 -> 71007444
DŽ: 71256026 -> 71746735
DŽ: 71620216 -> 71271036
DŽ: 71007444 -> 71007444
DŽ: 71619597 -> 71404969
DŽ: 71345853 -> 71149181
DŽ: 71007444 -> 71007444
DŽ: 71392185 -> 71149181
DŽ: 71681324 -> 71453610
DŽ: 72217831 -> 72217831
DŽ: 71707022 -> 71377653
DŽ: 71007444 -> 71007444
DŽ: 71377653 -> 71377653
DŽ: 71007444 -> 71007444
DŽ: 71372691 -> 71485887
DŽ: 71372691 -> 71288807
DŽ: 71007444 -> 71007444
DŽ: 71377653 -> 71178356
DŽ: 71345853 -> 71529576
DŽ: 71305810 -> 71253939
DŽ: 71007444 -> 71007444
DŽ: 71177611 -> 71544894
DŽ: 71007444 -> 71007444
DŽ: 71197219 -> 71431698
DŽ: 71453610 -> 71453610
DŽ: 71115091 -> 71094472
DŽ: 71007444 -> 71007444
DŽ: 71722966 -> 71240042
DŽ: 71616100 -> 71402816
DŽ: 71007444 -> 71007444
DŽ: 71722966 -> 71425122

 start over 469934 loops 583 unique solutions 
Approx + random 
DŽ: 78213577 -> 72789764
DŽ: 71407297 -> 71316166
DŽ: 71377547 -> 71349313
DŽ: 71007444 -> 71007444
DŽ: 71007444 -> 71007444
DŽ: 71177611 -> 71431698
DŽ: 72633210 -> 72708928
DŽ: 71399236 -> 71284072
DŽ: 71007444 -> 71007444
DŽ: 71528613 -> 71456735
DŽ: 71487892 -> 71666436
DŽ: 71007444 -> 71007444
DŽ: 71345853 -> 71149181
DŽ: 71858537 -> 71554260
DŽ: 71638802 -> 71523638
DŽ: 71620216 -> 71271036
DŽ: 71448823 -> 71595521
DŽ: 71218480 -> 71316166
DŽ: 71007444 -> 71007444
DŽ: 71316166 -> 71316166
DŽ: 71007444 -> 71007444
DŽ: 71349313 -> 71256123
DŽ: 71007444 -> 71007444
DŽ: 71007444 -> 71007444
DŽ: 71599368 -> 71748857
DŽ: 71399236 -> 71284072
DŽ: 71399236 -> 71426870
DŽ: 71386647 -> 71606059
DŽ: 71007444 -> 71007444
DŽ: 71426870 -> 71426870

 start over 498318 loops 609 unique solutions 
Approx + random 
DŽ: 78213577 -> 72979967
DŽ: 71007444 -> 71007444
DŽ: 71007444 -> 71007444
DŽ: 71007444 -> 71007444
DŽ: 71858537 -> 71554260
DŽ: 72636604 -> 71943014
DŽ: 71899338 -> 72047867
DŽ: 71451605 -> 71441452
DŽ: 71399236 -> 71284072
DŽ: 71007444 -> 71007444
DŽ: 71007444 -> 71007444
DŽ: 71649658 -> 71459523
DŽ: 71451605 -> 71441452
DŽ: 72474584 -> 71838967
DŽ: 71007444 -> 71007444
DŽ: 71451605 -> 71513978
DŽ: 71899338 -> 71847735
DŽ: 71284072 -> 71284072
DŽ: 71621773 -> 71402824
DŽ: 71007444 -> 71007444
DŽ: 71007444 -> 71007444
DŽ: 71007444 -> 71007444
DŽ: 71426870 -> 71748857
DŽ: 71284072 -> 71402824
DŽ: 71451605 -> 71676095
DŽ: 71451605 -> 71554648
DŽ: 71007444 -> 71007444
DŽ: 71007444 -> 71007444
DŽ: 71007444 -> 71007444
DŽ: 71683293 -> 71284072
DŽ: 71007444 -> 71007444

 start over 528181 loops 637 unique solutions 
Approx + random 
DŽ: 78213577 -> 72806541
DŽ: 71747360 -> 71537577
DŽ: 71007444 -> 71096190
DŽ: 71007444 -> 71007444
DŽ: 71284072 -> 71284072
DŽ: 71007444 -> 71007444
DŽ: 72758811 -> 72954358
DŽ: 71759227 -> 71284072
DŽ: 71703463 -> 71542228
DŽ: 71820227 -> 71802749
DŽ: 71007444 -> 71007444
DŽ: 71907942 -> 71712687
DŽ: 71785882 -> 71245580
DŽ: 71506743 -> 71254854
DŽ: 71196062 -> 71048435
DŽ: 71007444 -> 71007444
DŽ: 71007444 -> 71007444
DŽ: 71007444 -> 71357833
DŽ: 71007444 -> 71007444
DŽ: 71423806 -> 71087869
DŽ: 71284072 -> 71284072
DŽ: 71279710 -> 71184700
DŽ: 71252822 -> 71007444
DŽ: 71007444 -> 71007444
DŽ: 71279710 -> 71275193
DŽ: 71007444 -> 71007444
DŽ: 71308593 -> 71254854
DŽ: 71048435 -> 71048435
DŽ: 71048435 -> 71048435
DŽ: 71220219 -> 71275193
DŽ: 71007444 -> 71007444
DŽ: 71210398 -> 71094472
DŽ: 71057031 -> 71046878

 start over 560746 loops 670 unique solutions 
Original + vert_size 0 
DŽ: 72356355 -> 71790277
DŽ: 71210398 -> 71247102
DŽ: 71133906 -> 71458855
DŽ: 71007444 -> 71007444
DŽ: 71007444 -> 71174429
DŽ: 71370067 -> 71254854
DŽ: 71626080 -> 71919363
DŽ: 71509029 -> 71509029
DŽ: 71133906 -> 71133906
DŽ: 71174429 -> 71174429
DŽ: 71196062 -> 71048435
DŽ: 71374692 -> 71171753
DŽ: 71132942 -> 71382283
DŽ: 71727232 -> 71727232
DŽ: 71611492 -> 71527100
DŽ: 71087869 -> 71288001
DŽ: 71772206 -> 71791002
DŽ: 71254854 -> 71312230
DŽ: 71025153 -> 71007444
DŽ: 71458662 -> 71231295
DŽ: 71603574 -> 71509029
DŽ: 71112543 -> 71066506
DŽ: 71007444 -> 71007444
DŽ: 71017597 -> 71374561
DŽ: 71174429 -> 71192500
DŽ: 71169546 -> 71460684
DŽ: 71094472 -> 71094472
DŽ: 71201212 -> 71112543
DŽ: 71519182 -> 71709161
DŽ: 71007444 -> 71007444
DŽ: 71007444 -> 71007444
DŽ: 71007444 -> 71007444
DŽ: 71791002 -> 72052645

 start over 592490 loops 700 unique solutions 
Approx + random 
DŽ: 78213577 -> 73145498
DŽ: 73145498 -> 73028159
DŽ: 71094472 -> 71094472
DŽ: 73145498 -> 72941223
DŽ: 72309543 -> 71976675
DŽ: 72525343 -> 71823233
DŽ: 72240943 -> 71550824
DŽ: 71007444 -> 71007444
DŽ: 72891825 -> 72411398
DŽ: 71839432 -> 71689966
DŽ: 71007444 -> 71007444
DŽ: 71007444 -> 71007444
DŽ: 71548059 -> 71548059
DŽ: 71487124 -> 71386073
DŽ: 71432107 -> 71149181
DŽ: 71728110 -> 71502642
DŽ: 71007444 -> 71007444
DŽ: 71839432 -> 71689966
DŽ: 71539362 -> 71355615
DŽ: 71094472 -> 71094472
DŽ: 71921045 -> 71645896
DŽ: 71007444 -> 71007444
DŽ: 71094472 -> 71413356
DŽ: 71355615 -> 71149181
DŽ: 71007444 -> 71007444
DŽ: 71157731 -> 71406111
DŽ: 71231384 -> 71149181
DŽ: 71157731 -> 71149181
DŽ: 71149181 -> 71149181
DŽ: 71007444 -> 71007444
DŽ: 71149181 -> 71291003
DŽ: 71149181 -> 71351817
DŽ: 71007444 -> 71007444
DŽ: 71007444 -> 71007444

 start over 625638 loops 733 unique solutions 
Original + vert_size 13 
DŽ: 72356355 -> 71933075
DŽ: 71007444 -> 71007444
DŽ: 71386073 -> 71386073
DŽ: 71495615 -> 71289181
DŽ: 71007444 -> 71007444
DŽ: 71289181 -> 71289181
DŽ: 71849004 -> 71640395
DŽ: 71150090 -> 71073598
DŽ: 71887370 -> 71709611
DŽ: 71402686 -> 71385079
DŽ: 71772206 -> 71668422
DŽ: 71728110 -> 71529988
DŽ: 71073598 -> 71743760
DŽ: 71728110 -> 71502642
DŽ: 71073598 -> 71073598
DŽ: 71668422 -> 71668422
DŽ: 71283597 -> 71170429
end_heu: 641125 loops with 751 unique solutions in 1799.46 s

Calling print_solution
>>> get_solution
  refine_solution: new weight 71007444 (was 71007444) in 0.00139 s
## FINAL WEIGHT 71007444
print_solution: 0.003102 s
