Version: final-94-gfffc3aa rub_all.sh: remove longest prefix
Random seed: 1549774041
Start
>>> save_orig_graph
>> Saved weight 0
Graph loaded
|V| = 6401, |E| = 12640, |R| = 80
First clearance of the input. Calling buy_zero and run_all_heuristics.
  buy_zero: 0 zero edges in 1.5e-05 s
  handle_small_terminal_degrees: terms 0 in 5e-06 s
  handle_small_Steiner_degrees: steiner 0, suppress 4 in 1e-05 s
  shortest_edge_between_terminals: 0 edges in 2e-06 s
  handle_small_terminal_degrees: terms 0 in 5e-06 s
  handle_small_Steiner_degrees: steiner 0, suppress 0 in 8e-06 s
  shortest_edge_between_terminals: 0 edges in 1e-06 s
Compressed graph 6401 -> 6396
  delete_edges: deleted 4 edges in 0.000288 s and 1 rounds
  handle_small_terminal_degrees: terms 0 in 4e-06 s
  handle_small_Steiner_degrees: steiner 0, suppress 8 in 1.1e-05 s
  shortest_edge_between_terminals: 0 edges in 2e-06 s
  handle_small_terminal_degrees: terms 0 in 5e-06 s
  handle_small_Steiner_degrees: steiner 0, suppress 0 in 8e-06 s
  shortest_edge_between_terminals: 0 edges in 2e-06 s
Compressed graph 6396 -> 6388
  delete_edges_shortest_path: deleted 8 edges in 0.030202 s
  handle_small_terminal_degrees: terms 0 in 5e-06 s
  handle_small_Steiner_degrees: steiner 0, suppress 12 in 1.3e-05 s
  shortest_edge_between_terminals: 0 edges in 3e-06 s
  handle_small_terminal_degrees: terms 0 in 5e-06 s
  handle_small_Steiner_degrees: steiner 0, suppress 0 in 8e-06 s
  shortest_edge_between_terminals: 0 edges in 2e-06 s
Compressed graph 6388 -> 6376
  handle_small_terminal_degrees: terms 0 in 5e-06 s
  handle_small_Steiner_degrees: steiner 0, suppress 0 in 7e-06 s
  shortest_edge_between_terminals: 0 edges in 4e-06 s
Compressed graph 6376 -> 6376
  delete_edges_shortest_path: deleted 12 edges in 0.029991 s
  handle_small_terminal_degrees: terms 0 in 5e-06 s
  handle_small_Steiner_degrees: steiner 0, suppress 16 in 1.4e-05 s
  shortest_edge_between_terminals: 0 edges in 2e-06 s
  handle_small_terminal_degrees: terms 0 in 5e-06 s
  handle_small_Steiner_degrees: steiner 0, suppress 0 in 8e-06 s
  shortest_edge_between_terminals: 0 edges in 2e-06 s
Compressed graph 6376 -> 6360
Compressed graph 6360 -> 6360
>>> save_orig_graph
>> Saved weight 0
### ZEL_LVL=0 PRECISE_STARS=0

Calling `contract_till_the_bitter_end`
|V| = 6360, |E| = 12576, |R| = 80
>>> get_solution
>>> get_solution
  refine_solution: new weight 73275081 (was 73628556) in 0.0016 s
  refine_solution: new weight 73275081 (was 73275081) in 0.001322 s
0,,6360,12576,80,,0,0,,73628556,73275081,0,0,0,,0,0,@@

  delete_edges: deleted 16 edges in 0.000591 s and 2 rounds
  handle_small_Steiner_degrees: steiner 0, suppress 19 in 1.7e-05 s
Starting round 1
Found 19 isolated vertices
Invalid ratios recomputed: 6341
Best ratio is 74741/1 (74741.0), centered at 4724
Finding the best star... Star with 2 terminals centered in 4725
round took: 0.173214 s
|V| = 6360, |E| = 12538, |R| = 79
>>> get_solution
>>> get_solution
  refine_solution: new weight 73273148 (was 73626623) in 0.001407 s
  refine_solution: new weight 73273148 (was 73273148) in 0.001315 s
1,,6341,12538,79,,6341,0,,73626623,73273148,74741,74741,74741,,74741,2,@@

  handle_small_Steiner_degrees: steiner 0, suppress 0 in 8e-06 s
Starting round 2
Found 21 isolated vertices
Invalid ratios recomputed: 321
Best ratio is 233441/1 (233441.0), centered at 4206
Finding the best star... Star with 2 terminals centered in 4291
round took: 0.009854 s
|V| = 6360, |E| = 12531, |R| = 78
>>> get_solution
>>> get_solution
  refine_solution: new weight 73195591 (was 73549066) in 0.001382 s
  refine_solution: new weight 73195591 (was 73195591) in 0.001307 s
2,,6339,12531,78,,321,0,,73549066,73195591,308182,308182,308182,,233441,2,@@

  handle_small_Steiner_degrees: steiner 0, suppress 0 in 1.1e-05 s
Starting round 3
Found 27 isolated vertices
Invalid ratios recomputed: 580
Best ratio is 233821/1 (233821.0), centered at 2655
Finding the best star... Star with 2 terminals centered in 2735
round took: 0.021015 s
|V| = 6360, |E| = 12528, |R| = 77
>>> get_solution
>>> get_solution
  refine_solution: new weight 73129138 (was 73482613) in 0.001399 s
  refine_solution: new weight 73129138 (was 73129138) in 0.00131 s
3,,6333,12528,77,,580,0,,73482613,73129138,542003,542003,542003,,233821,2,@@

  handle_small_Steiner_degrees: steiner 0, suppress 0 in 8e-06 s
Starting round 4
Found 29 isolated vertices
Invalid ratios recomputed: 417
Best ratio is 241611/1 (241611.0), centered at 3953
Finding the best star... Star with 2 terminals centered in 3954
round took: 0.017306 s
|V| = 6360, |E| = 12524, |R| = 76
>>> get_solution
>>> get_solution
  refine_solution: new weight 73129138 (was 73482613) in 0.001392 s
  refine_solution: new weight 73129138 (was 73129138) in 0.001311 s
4,,6331,12524,76,,417,0,,73482613,73129138,783614,783614,783614,,241611,2,@@

  handle_small_Steiner_degrees: steiner 0, suppress 0 in 8e-06 s
Starting round 5
Found 32 isolated vertices
Invalid ratios recomputed: 365
Best ratio is 242432/1 (242432.0), centered at 1496
Finding the best star... Star with 2 terminals centered in 1499
round took: 0.017236 s
|V| = 6360, |E| = 12518, |R| = 75
>>> get_solution
>>> get_solution
  refine_solution: new weight 73129138 (was 73482613) in 0.001373 s
  refine_solution: new weight 73129138 (was 73129138) in 0.001324 s
5,,6328,12518,75,,365,0,,73482613,73129138,1026046,1026046,1026046,,242432,2,@@

  handle_small_Steiner_degrees: steiner 0, suppress 0 in 8e-06 s
Starting round 6
Found 37 isolated vertices
Invalid ratios recomputed: 200
Best ratio is 255080/1 (255080.0), centered at 2734
Finding the best star... Star with 2 terminals centered in 2814
round took: 0.007012 s
|V| = 6360, |E| = 12514, |R| = 74
>>> get_solution
>>> get_solution
  refine_solution: new weight 73129138 (was 73492171) in 0.001392 s
  refine_solution: new weight 73129138 (was 73129138) in 0.00131 s
6,,6323,12514,74,,200,0,,73492171,73129138,1281126,1281126,1281126,,255080,2,@@

  handle_small_Steiner_degrees: steiner 0, suppress 0 in 7e-06 s
Starting round 7
Found 39 isolated vertices
Invalid ratios recomputed: 469
Best ratio is 268528/1 (268528.0), centered at 1683
Finding the best star... Star with 2 terminals centered in 1846
round took: 0.020921 s
|V| = 6360, |E| = 12508, |R| = 73
>>> get_solution
>>> get_solution
  refine_solution: new weight 73129138 (was 73492171) in 0.001377 s
  refine_solution: new weight 73129138 (was 73129138) in 0.001316 s
7,,6321,12508,73,,469,0,,73492171,73129138,1549654,1549654,1549654,,268528,2,@@

  handle_small_Steiner_degrees: steiner 0, suppress 0 in 8e-06 s
Starting round 8
Found 44 isolated vertices
Invalid ratios recomputed: 489
Best ratio is 324465/1 (324465.0), centered at 4049
Finding the best star... Star with 2 terminals centered in 4291
round took: 0.023772 s
|V| = 6360, |E| = 12503, |R| = 72
>>> get_solution
>>> get_solution
  refine_solution: new weight 73129138 (was 73492171) in 0.001378 s
  refine_solution: new weight 73129138 (was 73129138) in 0.001315 s
8,,6316,12503,72,,489,0,,73492171,73129138,1874119,1874119,1874119,,324465,2,@@

  handle_small_Steiner_degrees: steiner 0, suppress 0 in 8e-06 s
Starting round 9
Found 47 isolated vertices
Invalid ratios recomputed: 628
Best ratio is 784815/2 (392407.5), centered at 2287
Finding the best star... Star with 3 terminals centered in 2290
round took: 0.027237 s
|V| = 6360, |E| = 12487, |R| = 70
>>> get_solution
>>> get_solution
  refine_solution: new weight 73067248 (was 73461226) in 0.00138 s
  refine_solution: new weight 73067248 (was 73067248) in 0.001323 s
9,,6313,12487,70,,628,0,,73461226,73067248,2658934,2658934,2658934,,784815,3,@@

  handle_small_Steiner_degrees: steiner 0, suppress 0 in 1e-05 s
Starting round 10
Found 59 isolated vertices
Invalid ratios recomputed: 497
Best ratio is 402133/1 (402133.0), centered at 2898
Finding the best star... Star with 2 terminals centered in 2983
round took: 0.020978 s
|V| = 6360, |E| = 12479, |R| = 69
>>> get_solution
>>> get_solution
  refine_solution: new weight 73067248 (was 73461226) in 0.001377 s
  refine_solution: new weight 73067248 (was 73067248) in 0.001315 s
10,,6301,12479,69,,497,0,,73461226,73067248,3061067,3061067,3061067,,402133,2,@@

  handle_small_Steiner_degrees: steiner 0, suppress 0 in 8e-06 s
Starting round 11
Found 65 isolated vertices
Invalid ratios recomputed: 474
Best ratio is 806942/2 (403471.0), centered at 4721
Finding the best star... Star with 3 terminals centered in 4961
round took: 0.019537 s
|V| = 6360, |E| = 12462, |R| = 67
>>> get_solution
>>> get_solution
  refine_solution: new weight 72678222 (was 73072200) in 0.001375 s
  refine_solution: new weight 72678222 (was 72678222) in 0.001331 s
11,,6295,12462,67,,474,0,,73072200,72678222,3868009,3868009,3868009,,806942,3,@@

  handle_small_Steiner_degrees: steiner 0, suppress 0 in 8e-06 s
Starting round 12
Found 76 isolated vertices
Invalid ratios recomputed: 480
Best ratio is 412312/1 (412312.0), centered at 3346
Finding the best star... Star with 2 terminals centered in 3666
round took: 0.018161 s
|V| = 6360, |E| = 12456, |R| = 66
>>> get_solution
>>> get_solution
  refine_solution: new weight 72678222 (was 73072200) in 0.001398 s
  refine_solution: new weight 72678222 (was 72678222) in 0.001318 s
12,,6284,12456,66,,480,0,,73072200,72678222,4280321,4280321,4280321,,412312,2,@@

  handle_small_Steiner_degrees: steiner 0, suppress 0 in 9e-06 s
Starting round 13
Found 81 isolated vertices
Invalid ratios recomputed: 370
Best ratio is 432350/1 (432350.0), centered at 2382
Finding the best star... Star with 2 terminals centered in 2385
round took: 0.017686 s
|V| = 6360, |E| = 12451, |R| = 65
>>> get_solution
>>> get_solution
  refine_solution: new weight 72550929 (was 72944907) in 0.001384 s
  refine_solution: new weight 72550929 (was 72550929) in 0.001312 s
13,,6279,12451,65,,370,0,,72944907,72550929,4712671,4712671,4712671,,432350,2,@@

  handle_small_Steiner_degrees: steiner 0, suppress 0 in 8e-06 s
Starting round 14
Found 85 isolated vertices
Invalid ratios recomputed: 334
Best ratio is 459192/1 (459192.0), centered at 5851
Finding the best star... Star with 2 terminals centered in 5853
round took: 0.012695 s
|V| = 6360, |E| = 12447, |R| = 64
>>> get_solution
>>> get_solution
  refine_solution: new weight 72550929 (was 72944907) in 0.001377 s
  refine_solution: new weight 72550929 (was 72550929) in 0.001316 s
14,,6275,12447,64,,334,0,,72944907,72550929,5171863,5171863,5171863,,459192,2,@@

  handle_small_Steiner_degrees: steiner 0, suppress 0 in 8e-06 s
Starting round 15
Found 88 isolated vertices
Invalid ratios recomputed: 275
Best ratio is 476653/1 (476653.0), centered at 5049
Finding the best star... Star with 2 terminals centered in 5052
round took: 0.009824 s
|V| = 6360, |E| = 12442, |R| = 63
>>> get_solution
>>> get_solution
  refine_solution: new weight 72729688 (was 73123666) in 0.001381 s
  refine_solution: new weight 72729688 (was 72729688) in 0.001325 s
15,,6272,12442,63,,275,0,,73123666,72729688,5648516,5648516,5648516,,476653,2,@@

  handle_small_Steiner_degrees: steiner 0, suppress 0 in 8e-06 s
Starting round 16
Found 92 isolated vertices
Invalid ratios recomputed: 357
Best ratio is 501748/1 (501748.0), centered at 4284
Finding the best star... Star with 2 terminals centered in 4291
round took: 0.014419 s
|V| = 6360, |E| = 12436, |R| = 62
>>> get_solution
>>> get_solution
  refine_solution: new weight 72729688 (was 73114467) in 0.00138 s
  refine_solution: new weight 72729688 (was 72729688) in 0.001319 s
16,,6268,12436,62,,357,0,,73114467,72729688,6150264,6150264,6150264,,501748,2,@@

  delete_edges: deleted 58 edges in 0.000645 s and 2 rounds
  handle_small_Steiner_degrees: steiner 2, suppress 44 in 3e-05 s
Starting round 17
Found 142 isolated vertices
Invalid ratios recomputed: 684
Best ratio is 505266/1 (505266.0), centered at 4631
Finding the best star... Star with 2 terminals centered in 4875
round took: 0.038027 s
|V| = 6360, |E| = 12319, |R| = 61
>>> get_solution
>>> get_solution
  refine_solution: new weight 72529004 (was 72882838) in 0.001386 s
  refine_solution: new weight 72529004 (was 72529004) in 0.001313 s
17,,6218,12319,61,,684,0,,72882838,72529004,6655530,6655530,6655530,,505266,2,@@

  handle_small_Steiner_degrees: steiner 0, suppress 0 in 8e-06 s
Starting round 18
Found 149 isolated vertices
Invalid ratios recomputed: 566
Best ratio is 530360/1 (530360.0), centered at 3785
Finding the best star... Star with 2 terminals centered in 3869
round took: 0.026941 s
|V| = 6360, |E| = 12312, |R| = 60
>>> get_solution
>>> get_solution
  refine_solution: new weight 72345021 (was 72698855) in 0.001386 s
  refine_solution: new weight 72345021 (was 72345021) in 0.001318 s
18,,6211,12312,60,,566,0,,72698855,72345021,7185890,7185890,7185890,,530360,2,@@

  handle_small_Steiner_degrees: steiner 0, suppress 0 in 1e-05 s
Starting round 19
Found 154 isolated vertices
Invalid ratios recomputed: 553
Best ratio is 1123644/2 (561822.0), centered at 3196
Finding the best star... Star with 3 terminals centered in 3596
round took: 0.02355 s
|V| = 6360, |E| = 12297, |R| = 58
>>> get_solution
>>> get_solution
  refine_solution: new weight 72172270 (was 72526104) in 0.00138 s
  refine_solution: new weight 72172270 (was 72172270) in 0.001316 s
19,,6206,12297,58,,553,0,,72526104,72172270,8309534,8309534,8309534,,1123644,3,@@

  handle_small_Steiner_degrees: steiner 0, suppress 0 in 1e-05 s
Starting round 20
Found 166 isolated vertices
Invalid ratios recomputed: 654
Best ratio is 581969/1 (581969.0), centered at 2210
Finding the best star... Star with 2 terminals centered in 2212
round took: 0.032756 s
|V| = 6360, |E| = 12292, |R| = 57
>>> get_solution
>>> get_solution
  refine_solution: new weight 72172270 (was 72526104) in 0.001386 s
  refine_solution: new weight 72172270 (was 72172270) in 0.001316 s
20,,6194,12292,57,,654,0,,72526104,72172270,8891503,8891503,8891503,,581969,2,@@

  handle_small_Steiner_degrees: steiner 0, suppress 1 in 1.2e-05 s
Starting round 21
Found 170 isolated vertices
Invalid ratios recomputed: 609
Best ratio is 582314/1 (582314.0), centered at 3869
Finding the best star... Star with 2 terminals centered in 3954
round took: 0.030367 s
|V| = 6360, |E| = 12283, |R| = 56
>>> get_solution
>>> get_solution
  refine_solution: new weight 72172270 (was 72526104) in 0.001382 s
  refine_solution: new weight 72172270 (was 72172270) in 0.001313 s
21,,6190,12283,56,,609,0,,72526104,72172270,9473817,9473817,9473817,,582314,2,@@

  handle_small_Steiner_degrees: steiner 0, suppress 0 in 1.1e-05 s
Starting round 22
Found 175 isolated vertices
Invalid ratios recomputed: 700
Best ratio is 593586/1 (593586.0), centered at 4875
Finding the best star... Star with 2 terminals centered in 4961
round took: 0.038592 s
|V| = 6360, |E| = 12277, |R| = 55
>>> get_solution
>>> get_solution
  refine_solution: new weight 72172270 (was 72526104) in 0.001379 s
  refine_solution: new weight 72172270 (was 72172270) in 0.001318 s
22,,6185,12277,55,,700,0,,72526104,72172270,10067403,10067403,10067403,,593586,2,@@

  handle_small_Steiner_degrees: steiner 0, suppress 0 in 1e-05 s
Starting round 23
Found 181 isolated vertices
Invalid ratios recomputed: 742
Best ratio is 657435/1 (657435.0), centered at 1341
Finding the best star... Star with 2 terminals centered in 1744
round took: 0.044266 s
|V| = 6360, |E| = 12266, |R| = 54
>>> get_solution
>>> get_solution
  refine_solution: new weight 72172270 (was 72526104) in 0.001386 s
  refine_solution: new weight 72172270 (was 72172270) in 0.001313 s
23,,6179,12266,54,,742,0,,72526104,72172270,10724838,10724838,10724838,,657435,2,@@

  handle_small_Steiner_degrees: steiner 0, suppress 0 in 8e-06 s
Starting round 24
Found 189 isolated vertices
Invalid ratios recomputed: 256
Best ratio is 1315111/2 (657555.5), centered at 1202
Finding the best star... Star with 3 terminals centered in 1846
round took: 0.00812 s
|V| = 6360, |E| = 12251, |R| = 52
>>> get_solution
>>> get_solution
  refine_solution: new weight 72041371 (was 72395205) in 0.001371 s
  refine_solution: new weight 72041371 (was 72041371) in 0.001332 s
24,,6171,12251,52,,256,0,,72395205,72041371,12039949,12039949,12039949,,1315111,3,@@

  handle_small_Steiner_degrees: steiner 0, suppress 0 in 9e-06 s
Starting round 25
Found 200 isolated vertices
Invalid ratios recomputed: 796
Best ratio is 672719/1 (672719.0), centered at 5639
Finding the best star... Star with 2 terminals centered in 5802
round took: 0.04549 s
|V| = 6360, |E| = 12245, |R| = 51
>>> get_solution
>>> get_solution
  refine_solution: new weight 72041371 (was 72395205) in 0.001384 s
  refine_solution: new weight 72041371 (was 72041371) in 0.00133 s
25,,6160,12245,51,,796,0,,72395205,72041371,12712668,12712668,12712668,,672719,2,@@

  handle_small_Steiner_degrees: steiner 0, suppress 0 in 8e-06 s
Starting round 26
Found 205 isolated vertices
Invalid ratios recomputed: 321
Best ratio is 1348267/2 (674133.5), centered at 2897
Finding the best star... Star with 3 terminals centered in 3537
round took: 0.011057 s
|V| = 6360, |E| = 12228, |R| = 49
>>> get_solution
>>> get_solution
  refine_solution: new weight 71642875 (was 71996709) in 0.001386 s
  refine_solution: new weight 71642875 (was 71642875) in 0.001316 s
26,,6155,12228,49,,321,0,,71996709,71642875,14060935,14060935,14060935,,1348267,3,@@

  handle_small_Steiner_degrees: steiner 0, suppress 2 in 1.2e-05 s
Starting round 27
Found 220 isolated vertices
Invalid ratios recomputed: 964
Best ratio is 683852/1 (683852.0), centered at 1744
Finding the best star... Star with 2 terminals centered in 2385
round took: 0.062049 s
|V| = 6360, |E| = 12214, |R| = 48
>>> get_solution
>>> get_solution
  refine_solution: new weight 71642875 (was 71996709) in 0.001392 s
  refine_solution: new weight 71642875 (was 71642875) in 0.001319 s
27,,6140,12214,48,,964,0,,71996709,71642875,14744787,14744787,14744787,,683852,2,@@

  handle_small_Steiner_degrees: steiner 0, suppress 0 in 8e-06 s
Starting round 28
Found 228 isolated vertices
Invalid ratios recomputed: 457
Best ratio is 687158/1 (687158.0), centered at 2385
Finding the best star... Star with 2 terminals centered in 2548
round took: 0.020455 s
|V| = 6360, |E| = 12207, |R| = 47
>>> get_solution
>>> get_solution
  refine_solution: new weight 71569435 (was 71923269) in 0.001391 s
  refine_solution: new weight 71569435 (was 71569435) in 0.001326 s
28,,6132,12207,47,,457,0,,71923269,71569435,15431945,15431945,15431945,,687158,2,@@

  handle_small_Steiner_degrees: steiner 0, suppress 0 in 8e-06 s
Starting round 29
Found 233 isolated vertices
Invalid ratios recomputed: 541
Best ratio is 1434127/2 (717063.5), centered at 4729
Finding the best star... Star with 3 terminals centered in 5052
round took: 0.030674 s
|V| = 6360, |E| = 12188, |R| = 45
>>> get_solution
>>> get_solution
  refine_solution: new weight 71224683 (was 71578517) in 0.001387 s
  refine_solution: new weight 71224683 (was 71224683) in 0.001323 s
29,,6127,12188,45,,541,0,,71578517,71224683,16866072,16866072,16866072,,1434127,3,@@

  handle_small_Steiner_degrees: steiner 0, suppress 0 in 7e-06 s
Starting round 30
Found 247 isolated vertices
Invalid ratios recomputed: 987
Best ratio is 729072/1 (729072.0), centered at 5221
Finding the best star... Star with 2 terminals centered in 5464
round took: 0.080779 s
|V| = 6360, |E| = 12181, |R| = 44
>>> get_solution
>>> get_solution
  refine_solution: new weight 71543098 (was 71808255) in 0.001383 s
  refine_solution: new weight 71543098 (was 71543098) in 0.00133 s
30,,6113,12181,44,,987,0,,71808255,71543098,17595144,17595144,17595144,,729072,2,@@

  handle_small_Steiner_degrees: steiner 0, suppress 0 in 8e-06 s
Starting round 31
Found 253 isolated vertices
Invalid ratios recomputed: 818
Best ratio is 1468187/2 (734093.5), centered at 670
Finding the best star... Star with 3 terminals centered in 751
round took: 0.059936 s
|V| = 6360, |E| = 12170, |R| = 42
>>> get_solution
>>> get_solution
  refine_solution: new weight 71197928 (was 71488081) in 0.00139 s
  refine_solution: new weight 71197928 (was 71197928) in 0.001314 s
31,,6107,12170,42,,818,0,,71488081,71197928,19063331,19063331,19063331,,1468187,3,@@

  handle_small_Steiner_degrees: steiner 0, suppress 0 in 8e-06 s
Starting round 32
Found 261 isolated vertices
Invalid ratios recomputed: 480
Best ratio is 626829/1 (626829.0), centered at 511
Finding the best star... Star with 2 terminals centered in 515
round took: 0.017817 s
|V| = 6360, |E| = 12163, |R| = 41
>>> get_solution
>>> get_solution
  refine_solution: new weight 71295360 (was 71628184) in 0.001388 s
  refine_solution: new weight 71295360 (was 71295360) in 0.001319 s
32,,6099,12163,41,,480,0,,71628184,71295360,19690160,19690160,19690160,,626829,2,@@

  delete_edges: deleted 101 edges in 0.002215 s and 6 rounds
  handle_small_Steiner_degrees: steiner 5, suppress 62 in 4e-05 s
Starting round 33
Found 333 isolated vertices
Invalid ratios recomputed: 510
Best ratio is 751224/1 (751224.0), centered at 3947
Finding the best star... Star with 2 terminals centered in 4587
round took: 0.021156 s
|V| = 6360, |E| = 11980, |R| = 40
>>> get_solution
>>> get_solution
  refine_solution: new weight 71295360 (was 71628184) in 0.00139 s
  refine_solution: new weight 71295360 (was 71295360) in 0.001314 s
33,,6027,11980,40,,510,0,,71628184,71295360,20441384,20441384,20441384,,751224,2,@@

  handle_small_Steiner_degrees: steiner 0, suppress 0 in 1e-05 s
Starting round 34
Found 342 isolated vertices
Invalid ratios recomputed: 958
Best ratio is 775056/1 (775056.0), centered at 6148
Finding the best star... Star with 2 terminals centered in 6153
round took: 0.068107 s
|V| = 6360, |E| = 11973, |R| = 39
>>> get_solution
>>> get_solution
  refine_solution: new weight 71072144 (was 71404968) in 0.001395 s
  refine_solution: new weight 71072144 (was 71072144) in 0.001317 s
34,,6018,11973,39,,958,0,,71404968,71072144,21216440,21216440,21216440,,775056,2,@@

  handle_small_Steiner_degrees: steiner 0, suppress 0 in 7e-06 s
Starting round 35
Found 348 isolated vertices
Invalid ratios recomputed: 323
Best ratio is 780073/1 (780073.0), centered at 1194
Finding the best star... Star with 2 terminals centered in 1846
round took: 0.019233 s
|V| = 6360, |E| = 11965, |R| = 38
>>> get_solution
>>> get_solution
  refine_solution: new weight 71072144 (was 71404968) in 0.001387 s
  refine_solution: new weight 71072144 (was 71072144) in 0.001314 s
35,,6012,11965,38,,323,0,,71404968,71072144,21996513,21996513,21996513,,780073,2,@@

  handle_small_Steiner_degrees: steiner 0, suppress 0 in 8e-06 s
Starting round 36
Found 355 isolated vertices
Invalid ratios recomputed: 887
Best ratio is 784933/1 (784933.0), centered at 5559
Finding the best star... Star with 2 terminals centered in 5802
round took: 0.076119 s
|V| = 6360, |E| = 11962, |R| = 37
>>> get_solution
>>> get_solution
  refine_solution: new weight 70974535 (was 71307359) in 0.001383 s
  refine_solution: new weight 70974535 (was 70974535) in 0.001331 s
36,,6005,11962,37,,887,0,,71307359,70974535,22781446,22781446,22781446,,784933,2,@@

  handle_small_Steiner_degrees: steiner 0, suppress 1 in 1e-05 s
Starting round 37
Found 358 isolated vertices
Invalid ratios recomputed: 526
Best ratio is 790027/1 (790027.0), centered at 5
Finding the best star... Star with 2 terminals centered in 6
round took: 0.022097 s
|V| = 6360, |E| = 11954, |R| = 36
>>> get_solution
>>> get_solution
  refine_solution: new weight 70974535 (was 71321759) in 0.001388 s
  refine_solution: new weight 70974535 (was 70974535) in 0.001318 s
37,,6002,11954,36,,526,0,,71321759,70974535,23571473,23571473,23571473,,790027,2,@@

  handle_small_Steiner_degrees: steiner 0, suppress 0 in 1e-05 s
Starting round 38
Found 364 isolated vertices
Invalid ratios recomputed: 309
Best ratio is 803228/1 (803228.0), centered at 5317
Finding the best star... Star with 2 terminals centered in 5802
round took: 0.016958 s
|V| = 6360, |E| = 11947, |R| = 35
>>> get_solution
>>> get_solution
  refine_solution: new weight 70795728 (was 71142952) in 0.001382 s
  refine_solution: new weight 70795728 (was 70795728) in 0.00132 s
38,,5996,11947,35,,309,0,,71142952,70795728,24374701,24374701,24374701,,803228,2,@@

  handle_small_Steiner_degrees: steiner 0, suppress 0 in 9e-06 s
Starting round 39
Found 369 isolated vertices
Invalid ratios recomputed: 744
Best ratio is 867459/1 (867459.0), centered at 3173
Finding the best star... Star with 2 terminals centered in 3177
round took: 0.046064 s
|V| = 6360, |E| = 11940, |R| = 34
>>> get_solution
>>> get_solution
  refine_solution: new weight 70795728 (was 71142952) in 0.001383 s
  refine_solution: new weight 70795728 (was 70795728) in 0.001324 s
39,,5991,11940,34,,744,0,,71142952,70795728,25242160,25242160,25242160,,867459,2,@@

  handle_small_Steiner_degrees: steiner 0, suppress 0 in 8e-06 s
Starting round 40
Found 375 isolated vertices
Invalid ratios recomputed: 601
Best ratio is 1774096/2 (887048.0), centered at 1001
Finding the best star... Star with 3 terminals centered in 1008
round took: 0.037636 s
|V| = 6360, |E| = 11922, |R| = 32
>>> get_solution
>>> get_solution
  refine_solution: new weight 70541738 (was 70633363) in 0.001384 s
  refine_solution: new weight 70541738 (was 70541738) in 0.001321 s
40,,5985,11922,32,,601,0,,70633363,70541738,27016256,27016256,27016256,,1774096,3,@@

  handle_small_Steiner_degrees: steiner 0, suppress 0 in 1e-05 s
Starting round 41
Found 389 isolated vertices
Invalid ratios recomputed: 629
Best ratio is 903961/1 (903961.0), centered at 4584
Finding the best star... Star with 2 terminals centered in 5464
round took: 0.026531 s
|V| = 6360, |E| = 11908, |R| = 31
>>> get_solution
>>> get_solution
  refine_solution: new weight 70541738 (was 70633363) in 0.001379 s
  refine_solution: new weight 70541738 (was 70541738) in 0.001336 s
41,,5971,11908,31,,629,0,,70633363,70541738,27920217,27920217,27920217,,903961,2,@@

  handle_small_Steiner_degrees: steiner 0, suppress 1 in 1.1e-05 s
Starting round 42
Found 401 isolated vertices
Invalid ratios recomputed: 1525
Best ratio is 1819470/2 (909735.0), centered at 6020
Finding the best star... Star with 3 terminals centered in 6324
round took: 0.142631 s
|V| = 6360, |E| = 11883, |R| = 29
>>> get_solution
>>> get_solution
  refine_solution: new weight 70227873 (was 70276827) in 0.001393 s
  refine_solution: new weight 70227873 (was 70227873) in 0.001315 s
42,,5959,11883,29,,1525,0,,70276827,70227873,29739687,29739687,29739687,,1819470,3,@@

  handle_small_Steiner_degrees: steiner 0, suppress 0 in 1e-05 s
Starting round 43
Found 420 isolated vertices
Invalid ratios recomputed: 552
Best ratio is 910316/1 (910316.0), centered at 2984
Finding the best star... Star with 2 terminals centered in 5464
round took: 0.038339 s
|V| = 6360, |E| = 11867, |R| = 28
>>> get_solution
>>> get_solution
  refine_solution: new weight 70227873 (was 70276827) in 0.001396 s
  refine_solution: new weight 70227873 (was 70227873) in 0.001317 s
43,,5940,11867,28,,552,0,,70276827,70227873,30650003,30650003,30650003,,910316,2,@@

  handle_small_Steiner_degrees: steiner 0, suppress 1 in 1e-05 s
Starting round 44
Found 433 isolated vertices
Invalid ratios recomputed: 2264
Best ratio is 955714/1 (955714.0), centered at 3447
Finding the best star... Star with 2 terminals centered in 5464
round took: 0.262657 s
|V| = 6360, |E| = 11854, |R| = 27
>>> get_solution
>>> get_solution
  refine_solution: new weight 70227873 (was 70276827) in 0.0014 s
  refine_solution: new weight 70227873 (was 70227873) in 0.001316 s
44,,5927,11854,27,,2264,0,,70276827,70227873,31605717,31605717,31605717,,955714,2,@@

  handle_small_Steiner_degrees: steiner 0, suppress 0 in 9e-06 s
Starting round 45
Found 443 isolated vertices
Invalid ratios recomputed: 2457
Best ratio is 994225/1 (994225.0), centered at 5052
Finding the best star... Star with 2 terminals centered in 5464
round took: 0.309663 s
|V| = 6360, |E| = 11841, |R| = 26
>>> get_solution
>>> get_solution
  refine_solution: new weight 70227873 (was 70276827) in 0.001402 s
  refine_solution: new weight 70227873 (was 70227873) in 0.001315 s
45,,5917,11841,26,,2457,0,,70276827,70227873,32599942,32599942,32599942,,994225,2,@@

  handle_small_Steiner_degrees: steiner 0, suppress 0 in 8e-06 s
Starting round 46
Found 454 isolated vertices
Invalid ratios recomputed: 2701
Best ratio is 1003799/1 (1003799.0), centered at 515
Finding the best star... Star with 2 terminals centered in 1008
round took: 0.455028 s
|V| = 6360, |E| = 11831, |R| = 25
>>> get_solution
>>> get_solution
  refine_solution: new weight 70227873 (was 70251831) in 0.001389 s
  refine_solution: new weight 70227873 (was 70227873) in 0.001315 s
46,,5906,11831,25,,2701,0,,70251831,70227873,33603741,33603741,33603741,,1003799,2,@@

  handle_small_Steiner_degrees: steiner 0, suppress 0 in 7e-06 s
Starting round 47
Found 462 isolated vertices
Invalid ratios recomputed: 851
Best ratio is 1026609/1 (1026609.0), centered at 3199
Finding the best star... Star with 2 terminals centered in 5464
round took: 0.050369 s
|V| = 6360, |E| = 11816, |R| = 24
>>> get_solution
>>> get_solution
  refine_solution: new weight 70227873 (was 70251831) in 0.001391 s
  refine_solution: new weight 70227873 (was 70227873) in 0.001317 s
47,,5898,11816,24,,851,0,,70251831,70227873,34630350,34630350,34630350,,1026609,2,@@

  handle_small_Steiner_degrees: steiner 0, suppress 0 in 8e-06 s
Starting round 48
Found 474 isolated vertices
Invalid ratios recomputed: 2941
Best ratio is 2089268/2 (1044634.0), centered at 2121
Finding the best star... Star with 3 terminals centered in 2212
round took: 0.557412 s
|V| = 6360, |E| = 11791, |R| = 22
>>> get_solution
>>> get_solution
  refine_solution: new weight 69954893 (was 69978851) in 0.001386 s
  refine_solution: new weight 69954893 (was 69954893) in 0.001311 s
48,,5886,11791,22,,2941,0,,69978851,69954893,36719618,36719618,36719618,,2089268,3,@@

  delete_edges: deleted 133 edges in 0.005541 s and 8 rounds
  handle_small_Steiner_degrees: steiner 5, suppress 86 in 6.2e-05 s
Starting round 49
Found 587 isolated vertices
Invalid ratios recomputed: 1438
Best ratio is 2116156/2 (1058078.0), centered at 2032
Finding the best star... Star with 3 terminals centered in 2212
round took: 0.150777 s
|V| = 6360, |E| = 11535, |R| = 20
>>> get_solution
>>> get_solution
  refine_solution: new weight 69954893 (was 69978851) in 0.001401 s
  refine_solution: new weight 69954893 (was 69954893) in 0.001323 s
49,,5773,11535,20,,1438,0,,69978851,69954893,38835774,38835774,38835774,,2116156,3,@@

  handle_small_Steiner_degrees: steiner 0, suppress 1 in 1.4e-05 s
Starting round 50
Found 609 isolated vertices
Invalid ratios recomputed: 3200
Best ratio is 1170362/1 (1170362.0), centered at 2016
Finding the best star... Star with 2 terminals centered in 5464
round took: 0.647813 s
|V| = 6360, |E| = 11519, |R| = 19
>>> get_solution
>>> get_solution
  refine_solution: new weight 69440237 (was 69464195) in 0.001395 s
  refine_solution: new weight 69440237 (was 69440237) in 0.00132 s
50,,5751,11519,19,,3200,0,,69464195,69440237,40006136,40006136,40006136,,1170362,2,@@

  handle_small_Steiner_degrees: steiner 0, suppress 0 in 1e-05 s
Starting round 51
Found 623 isolated vertices
Invalid ratios recomputed: 4292
Best ratio is 1173089/1 (1173089.0), centered at 3187
Finding the best star... Star with 2 terminals centered in 5464
round took: 1.30343 s
|V| = 6360, |E| = 11509, |R| = 18
>>> get_solution
>>> get_solution
  refine_solution: new weight 69395683 (was 69419641) in 0.00139 s
  refine_solution: new weight 69395683 (was 69395683) in 0.001325 s
51,,5737,11509,18,,4292,0,,69419641,69395683,41179225,41179225,41179225,,1173089,2,@@

  handle_small_Steiner_degrees: steiner 0, suppress 0 in 9e-06 s
Starting round 52
Found 631 isolated vertices
Invalid ratios recomputed: 4482
Best ratio is 1189373/1 (1189373.0), centered at 2548
Finding the best star... Star with 2 terminals centered in 5464
round took: 1.45823 s
|V| = 6360, |E| = 11498, |R| = 17
>>> get_solution
>>> get_solution
  refine_solution: new weight 69395683 (was 69419641) in 0.001409 s
  refine_solution: new weight 69395683 (was 69395683) in 0.001326 s
52,,5729,11498,17,,4482,0,,69419641,69395683,42368598,42368598,42368598,,1189373,2,@@

  handle_small_Steiner_degrees: steiner 0, suppress 0 in 1e-05 s
Starting round 53
Found 639 isolated vertices
Invalid ratios recomputed: 4538
Best ratio is 1268558/1 (1268558.0), centered at 819
Finding the best star... Star with 2 terminals centered in 5464
round took: 1.65605 s
|V| = 6360, |E| = 11481, |R| = 16
>>> get_solution
>>> get_solution
  refine_solution: new weight 69395683 (was 69419641) in 0.001404 s
  refine_solution: new weight 69395683 (was 69395683) in 0.001317 s
53,,5721,11481,16,,4538,0,,69419641,69395683,43637156,43637156,43637156,,1268558,2,@@

  handle_small_Steiner_degrees: steiner 0, suppress 1 in 1.1e-05 s
Starting round 54
Found 654 isolated vertices
Invalid ratios recomputed: 4555
Best ratio is 1286007/1 (1286007.0), centered at 3177
Finding the best star... Star with 2 terminals centered in 4291
round took: 1.76039 s
|V| = 6360, |E| = 11464, |R| = 15
>>> get_solution
>>> get_solution
  refine_solution: new weight 69395683 (was 69419641) in 0.001402 s
  refine_solution: new weight 69395683 (was 69395683) in 0.001322 s
54,,5706,11464,15,,4555,0,,69419641,69395683,44923163,44923163,44923163,,1286007,2,@@

  handle_small_Steiner_degrees: steiner 0, suppress 2 in 1.1e-05 s
Starting round 55
Found 669 isolated vertices
Invalid ratios recomputed: 1331
Best ratio is 2669287/2 (1334643.5), centered at 4277
Finding the best star... Star with 3 terminals centered in 5802
round took: 0.368767 s
|V| = 6360, |E| = 11428, |R| = 13
>>> get_solution
>>> get_solution
  refine_solution: new weight 69074413 (was 69098371) in 0.001389 s
  refine_solution: new weight 69074413 (was 69074413) in 0.001316 s
55,,5691,11428,13,,1331,0,,69098371,69074413,47592450,47592450,47592450,,2669287,3,@@

  handle_small_Steiner_degrees: steiner 0, suppress 1 in 1e-05 s
Starting round 56
Found 697 isolated vertices
Invalid ratios recomputed: 5214
Best ratio is 1365640/1 (1365640.0), centered at 209
Finding the best star... Star with 2 terminals centered in 5802
round took: 2.51425 s
|V| = 6360, |E| = 11415, |R| = 12
>>> get_solution
>>> get_solution
  refine_solution: new weight 68989329 (was 69013287) in 0.001399 s
  refine_solution: new weight 68989329 (was 68989329) in 0.00132 s
56,,5663,11415,12,,5214,0,,69013287,68989329,48958090,48958090,48958090,,1365640,2,@@

  handle_small_Steiner_degrees: steiner 0, suppress 0 in 9e-06 s
Starting round 57
Found 707 isolated vertices
Invalid ratios recomputed: 5230
Best ratio is 1366557/1 (1366557.0), centered at 1499
Finding the best star... Star with 2 terminals centered in 5802
round took: 2.60934 s
|V| = 6360, |E| = 11403, |R| = 11
>>> get_solution
>>> get_solution
  refine_solution: new weight 68989329 (was 69013287) in 0.001413 s
  refine_solution: new weight 68989329 (was 68989329) in 0.001317 s
57,,5653,11403,11,,5230,0,,69013287,68989329,50324647,50324647,50324647,,1366557,2,@@

  handle_small_Steiner_degrees: steiner 0, suppress 0 in 8e-06 s
Starting round 58
Found 718 isolated vertices
Invalid ratios recomputed: 5219
Best ratio is 1369799/1 (1369799.0), centered at 6
Finding the best star... Star with 2 terminals centered in 6
round took: 2.72295 s
|V| = 6360, |E| = 11392, |R| = 10
>>> get_solution
>>> get_solution
  refine_solution: new weight 68989329 (was 69013287) in 0.001517 s
  refine_solution: new weight 68989329 (was 68989329) in 0.001322 s
58,,5642,11392,10,,5219,0,,69013287,68989329,51694446,51694446,51694446,,1369799,2,@@

  handle_small_Steiner_degrees: steiner 0, suppress 0 in 8e-06 s
Starting round 59
Found 726 isolated vertices
Invalid ratios recomputed: 2399
Best ratio is 1465294/1 (1465294.0), centered at 1846
Finding the best star... Star with 2 terminals centered in 5802
round took: 1.24391 s
|V| = 6360, |E| = 11377, |R| = 9
>>> get_solution
>>> get_solution
  refine_solution: new weight 68989329 (was 69013287) in 0.001418 s
  refine_solution: new weight 68989329 (was 68989329) in 0.001319 s
59,,5634,11377,9,,2399,0,,69013287,68989329,53159740,53159740,53159740,,1465294,2,@@

  handle_small_Steiner_degrees: steiner 0, suppress 0 in 1e-05 s
Starting round 60
Found 738 isolated vertices
Invalid ratios recomputed: 5390
Best ratio is 1703702/1 (1703702.0), centered at 287
Finding the best star... Star with 2 terminals centered in 299
round took: 3.06921 s
|V| = 6360, |E| = 11361, |R| = 8
>>> get_solution
>>> get_solution
  refine_solution: new weight 68989329 (was 69013287) in 0.001447 s
  refine_solution: new weight 68989329 (was 68989329) in 0.001319 s
60,,5622,11361,8,,5390,0,,69013287,68989329,54863442,54863442,54863442,,1703702,2,@@

  handle_small_Steiner_degrees: steiner 0, suppress 0 in 7e-06 s
Starting round 61
Found 751 isolated vertices
Invalid ratios recomputed: 5377
Best ratio is 1720598/1 (1720598.0), centered at 6
Finding the best star... Star with 2 terminals centered in 6
round took: 3.07034 s
|V| = 6360, |E| = 11347, |R| = 7
>>> get_solution
>>> get_solution
  refine_solution: new weight 68989329 (was 69013287) in 0.001449 s
  refine_solution: new weight 68989329 (was 68989329) in 0.001335 s
61,,5609,11347,7,,5377,0,,69013287,68989329,56584040,56584040,56584040,,1720598,2,@@

  handle_small_Steiner_degrees: steiner 0, suppress 0 in 1e-05 s
Starting round 62
Found 763 isolated vertices
Invalid ratios recomputed: 5386
Best ratio is 1723371/1 (1723371.0), centered at 5917
Finding the best star... Star with 2 terminals centered in 6324
round took: 3.18293 s
|V| = 6360, |E| = 11327, |R| = 6
>>> get_solution
>>> get_solution
  refine_solution: new weight 68989329 (was 69013287) in 0.001465 s
  refine_solution: new weight 68989329 (was 68989329) in 0.00134 s
62,,5597,11327,6,,5386,0,,69013287,68989329,58307411,58307411,58307411,,1723371,2,@@

  handle_small_Steiner_degrees: steiner 0, suppress 0 in 1e-05 s
Starting round 63
Found 780 isolated vertices
Invalid ratios recomputed: 5022
Best ratio is 1743190/1 (1743190.0), centered at 6
Finding the best star... Star with 2 terminals centered in 6324
round took: 2.97788 s
|V| = 6360, |E| = 11318, |R| = 5
>>> get_solution
>>> get_solution
  refine_solution: new weight 68989329 (was 69013287) in 0.001459 s
  refine_solution: new weight 68989329 (was 68989329) in 0.001341 s
63,,5580,11318,5,,5022,0,,69013287,68989329,60050601,60050601,60050601,,1743190,2,@@

  handle_small_Steiner_degrees: steiner 0, suppress 0 in 9e-06 s
Starting round 64
Found 787 isolated vertices
Invalid ratios recomputed: 5564
Best ratio is 3518292/2 (1759146.0), centered at 5814
Finding the best star... Star with 3 terminals centered in 6133
round took: 3.52961 s
|V| = 6360, |E| = 11291, |R| = 3
>>> get_solution
>>> get_solution
  refine_solution: new weight 68518926 (was 68542884) in 0.001469 s
  refine_solution: new weight 68518926 (was 68518926) in 0.001378 s
64,,5573,11291,3,,5564,0,,68542884,68518926,63568893,63568893,63568893,,3518292,3,@@

  handle_small_Steiner_degrees: steiner 0, suppress 0 in 8e-06 s
Starting round 65
Found 809 isolated vertices
Invalid ratios recomputed: 5551
Best ratio is 1972014/1 (1972014.0), centered at 7
Finding the best star... Star with 2 terminals centered in 97
round took: 3.57441 s
|V| = 6360, |E| = 11270, |R| = 2
>>> get_solution
>>> get_solution
  refine_solution: new weight 68518926 (was 68542884) in 0.001422 s
  refine_solution: new weight 68518926 (was 68518926) in 0.001326 s
65,,5551,11270,2,,5551,0,,68542884,68518926,65540907,65540907,65540907,,1972014,2,@@

  handle_small_Steiner_degrees: steiner 0, suppress 18 in 2.9e-05 s
Starting round 66
Found 846 isolated vertices
Invalid ratios recomputed: 5514
Best ratio is 3001977/1 (3001977.0), centered at 97
Finding the best star... Star with 2 terminals centered in 97
round took: 3.52983 s
|V| = 6360, |E| = 11209, |R| = 1
>>> get_solution
>>> get_solution
  refine_solution: new weight 68518926 (was 68542884) in 0.001421 s
  refine_solution: new weight 68518926 (was 68518926) in 0.001331 s
66,,5514,11209,1,,5514,0,,68542884,68518926,68542884,68542884,68542884,,3001977,2,@@

  handle_small_Steiner_degrees: steiner 0, suppress 0 in 8e-06 s
contract_till_the_bitter_end: 42.9411 s

Calling end_heu
>>> get_solution
Saved weight 0
DŽ: 68542884 -> 68070840
  BEST solution improved 68542884 -> 68070840 (vert_size 0, round 1) *

 start over 181 loops 1 unique solutions 
Approx + random 
DŽ: 73628556 -> 70019887
DŽ: 68070840 -> 68070840
  BEST solution improved 68070840 -> 68064429 (vert_size 7, round 1114) *
DŽ: 68064429 -> 68053384
  BEST solution improved 68064429 -> 68053384 (vert_size 0, round 2001) *
DŽ: 68053384 -> 68053384
DŽ: 69565909 -> 68956085
DŽ: 68053384 -> 68053384
DŽ: 68053384 -> 68053384
DŽ: 68053384 -> 68053384
DŽ: 68053384 -> 68053384
DŽ: 68053384 -> 68053384
DŽ: 68053384 -> 68053384
DŽ: 68064429 -> 68234180
DŽ: 68053384 -> 68234180
DŽ: 68053384 -> 68053384
DŽ: 68070840 -> 68070840
DŽ: 68053384 -> 68053384
DŽ: 68234180 -> 68234180
DŽ: 69042929 -> 68109944
DŽ: 69085637 -> 68802646
DŽ: 68053384 -> 68053384
DŽ: 68053384 -> 68053384
DŽ: 68053384 -> 68053384
DŽ: 68965880 -> 68109944
DŽ: 68053384 -> 68053384
DŽ: 68053384 -> 68053384
DŽ: 68053384 -> 68320111
DŽ: 68053384 -> 68053384
DŽ: 68109944 -> 68109944
DŽ: 68070840 -> 68070840
DŽ: 68053384 -> 68053384
DŽ: 68053384 -> 68053384
DŽ: 68070840 -> 68201739
DŽ: 68053384 -> 68053384
DŽ: 68070840 -> 68070840
DŽ: 68070840 -> 68342654
DŽ: 68053384 -> 68121761
DŽ: 68053384 -> 68053384
DŽ: 68053384 -> 68053384
DŽ: 68053384 -> 68053384
DŽ: 68053384 -> 68053384
DŽ: 68234180 -> 68500907
DŽ: 68053384 -> 68053384
DŽ: 68053384 -> 68053384
DŽ: 68053384 -> 68053384
DŽ: 68109944 -> 68478316
DŽ: 68053384 -> 68053384
DŽ: 68053384 -> 68325198
DŽ: 68053384 -> 68053384
DŽ: 68053384 -> 68217142
DŽ: 68325198 -> 68325198
DŽ: 68956085 -> 68954744
DŽ: 68053384 -> 68091539
DŽ: 68053384 -> 68053384
DŽ: 68053384 -> 68217142
DŽ: 68053384 -> 68053384
DŽ: 68053384 -> 68053384
DŽ: 68185448 -> 68070840
DŽ: 68293941 -> 68053384

 start over 57378 loops 183 unique solutions 
Original + vert_size 0 
DŽ: 68542884 -> 68070840
DŽ: 68053384 -> 68053384
DŽ: 68053384 -> 68217142
DŽ: 68053384 -> 68053384
DŽ: 68053384 -> 68053384
DŽ: 68111271 -> 68070840
DŽ: 68121761 -> 68121761
DŽ: 68053384 -> 68053384
DŽ: 68053384 -> 68217142
DŽ: 68053384 -> 68053384
DŽ: 68053384 -> 68053384
DŽ: 68053384 -> 68053384
DŽ: 68053384 -> 68053384
DŽ: 68053384 -> 68053384
DŽ: 68053384 -> 68325198
DŽ: 68053384 -> 68234180
DŽ: 68053384 -> 68053384
DŽ: 68053384 -> 68217142
DŽ: 68053384 -> 68053384
DŽ: 68053384 -> 68053384
DŽ: 68053384 -> 68091539
DŽ: 68053384 -> 68091539
DŽ: 68091539 -> 68091539
DŽ: 68053384 -> 68053384
DŽ: 68053384 -> 68053384
DŽ: 68091539 -> 68358266
DŽ: 68053384 -> 68053384
DŽ: 68053384 -> 68053384
DŽ: 68053384 -> 68053384
DŽ: 68053384 -> 68053384
DŽ: 68053384 -> 68092488
DŽ: 68053384 -> 68234180
DŽ: 68053384 -> 68053384
DŽ: 68053384 -> 68325198
DŽ: 68053384 -> 68053384
DŽ: 68053384 -> 68053384
DŽ: 68234180 -> 68234180
DŽ: 68053384 -> 68053384
DŽ: 68251973 -> 68091539
DŽ: 68092488 -> 68092488
DŽ: 68053384 -> 68053384
DŽ: 68053384 -> 68217142
DŽ: 68053384 -> 68325198
DŽ: 68062804 -> 68053384
DŽ: 68053384 -> 68053384
DŽ: 68053384 -> 68091539
DŽ: 68142674 -> 68053384
DŽ: 68091539 -> 68130643
DŽ: 68053384 -> 68053384
DŽ: 68053384 -> 68277045
DŽ: 68276600 -> 68091539
DŽ: 68053384 -> 68053384
DŽ: 68092488 -> 68130643
DŽ: 68053384 -> 68091539
DŽ: 68127981 -> 68388548
DŽ: 68053384 -> 68070840
DŽ: 68053384 -> 68053384
DŽ: 68092488 -> 68256246
DŽ: 68053384 -> 68053384
DŽ: 68053384 -> 68053384
DŽ: 68053384 -> 68053384
DŽ: 68053384 -> 68217142
DŽ: 68127981 -> 68053384
DŽ: 68053384 -> 68053384
DŽ: 68053384 -> 68053384
DŽ: 68053384 -> 68053384
DŽ: 68053384 -> 68217142
DŽ: 68091539 -> 68527111
DŽ: 68053384 -> 68053384
DŽ: 68053384 -> 68053384
DŽ: 68053384 -> 68053384
DŽ: 68053384 -> 68320111
DŽ: 68053384 -> 68529050
DŽ: 68053384 -> 68053384
DŽ: 68091539 -> 68091539
DŽ: 68091539 -> 68255297
DŽ: 68091539 -> 68091539

 start over 133459 loops 257 unique solutions 
Approx + random 
DŽ: 73628556 -> 69726092
DŽ: 68053384 -> 68053384
DŽ: 68053384 -> 68070840
DŽ: 68091539 -> 68091539
DŽ: 68053384 -> 68217142
DŽ: 68127981 -> 68315958
DŽ: 68251973 -> 68053384
DŽ: 68053384 -> 68053384
DŽ: 68070840 -> 68108995
DŽ: 68053384 -> 68188362
DŽ: 68053384 -> 68456097
DŽ: 68941845 -> 68692893
DŽ: 68070840 -> 68070840
DŽ: 68088601 -> 68053384
DŽ: 68053384 -> 68053384
DŽ: 68108995 -> 68214399
DŽ: 68053384 -> 68053384
DŽ: 68053384 -> 68217142
DŽ: 68070840 -> 68342654
DŽ: 68091539 -> 68091539
  BEST solution improved 68091539 -> 68032068 (vert_size 4, round 152454) *
DŽ: 68032068 -> 68022648
  BEST solution improved 68032068 -> 68022648 (vert_size 0, round 153001) *
DŽ: 68022648 -> 68022648
DŽ: 68032068 -> 68022648
DŽ: 68053384 -> 68294501
DŽ: 68022648 -> 68022648
DŽ: 68070840 -> 68070840
DŽ: 68022648 -> 68022648
DŽ: 68022648 -> 68022648
DŽ: 68022648 -> 68022648
DŽ: 68022648 -> 68022648
DŽ: 68022648 -> 68022648
DŽ: 68070840 -> 68499078
DŽ: 68924389 -> 68653789
DŽ: 68144937 -> 68070840
DŽ: 68022648 -> 68022648
DŽ: 68499078 -> 68499078
DŽ: 68022648 -> 68294462
DŽ: 68022648 -> 68022648
DŽ: 68022648 -> 68022648
DŽ: 68022648 -> 68022648
DŽ: 68463380 -> 68585386
DŽ: 68022648 -> 68022648
DŽ: 68022648 -> 68022648
DŽ: 68022648 -> 68022648
DŽ: 68088601 -> 68053384
DŽ: 68088601 -> 68053384
DŽ: 68022648 -> 68022648
DŽ: 68022648 -> 68022648
DŽ: 68022648 -> 68022648
DŽ: 68022648 -> 68294462
DŽ: 68053384 -> 68053384
DŽ: 68022648 -> 68022648
DŽ: 68022648 -> 68022648
DŽ: 68022648 -> 68022648
DŽ: 69427513 -> 68692893
DŽ: 68380809 -> 68380809
DŽ: 68311918 -> 68311918
DŽ: 68053384 -> 68091539
DŽ: 68022648 -> 68022648
DŽ: 68463380 -> 68363353
DŽ: 68169348 -> 68380809
DŽ: 68053384 -> 68158788
DŽ: 68108995 -> 68108995
DŽ: 68022648 -> 68022648
DŽ: 68380809 -> 68380809
DŽ: 68099315 -> 68040104
DŽ: 68022648 -> 68022648
DŽ: 68022648 -> 68022648

 start over 200181 loops 326 unique solutions 
Original + vert_size 0 
DŽ: 68542884 -> 68070840
DŽ: 68022648 -> 68022648
DŽ: 68022648 -> 68022648
DŽ: 68022648 -> 68344869
DŽ: 68022648 -> 68022648
DŽ: 68022648 -> 68091539
DŽ: 68091539 -> 68091539
DŽ: 68022648 -> 68022648
DŽ: 68091539 -> 68436093
DŽ: 68085960 -> 68022648
DŽ: 68085960 -> 68022648
DŽ: 68022648 -> 68022648
DŽ: 68022648 -> 68022648
DŽ: 68022648 -> 68022648
DŽ: 68022648 -> 68022648
DŽ: 68022648 -> 68022648
DŽ: 68022648 -> 68294462
DŽ: 68022648 -> 68091539
DŽ: 68037341 -> 68022648
DŽ: 68091539 -> 68567930
DŽ: 68436093 -> 68436093
DŽ: 68436093 -> 68436093
DŽ: 68022648 -> 68022648
DŽ: 68022648 -> 68022648
DŽ: 68022648 -> 68022648
DŽ: 68022648 -> 68022648
DŽ: 68126756 -> 68363353
DŽ: 68022648 -> 68186406
DŽ: 68097245 -> 68022648
DŽ: 68022648 -> 68022648
DŽ: 68022648 -> 68022648
DŽ: 68022648 -> 68022648
DŽ: 68081859 -> 68022648
DŽ: 68022648 -> 68022648
DŽ: 68057865 -> 68040104
DŽ: 68022648 -> 68022648
DŽ: 68022648 -> 68040104
DŽ: 68091539 -> 68091539
DŽ: 68022648 -> 68022648
DŽ: 68091539 -> 68091539
DŽ: 68040104 -> 68408476
DŽ: 68022648 -> 68022648
DŽ: 68057865 -> 68022648
DŽ: 68091539 -> 68091539
DŽ: 68081859 -> 68022648
DŽ: 68091539 -> 68355772
DŽ: 68022648 -> 68022648
DŽ: 68022648 -> 68108995
DŽ: 68022648 -> 68294462
DŽ: 68022648 -> 68022648
DŽ: 68292734 -> 68367202
DŽ: 68022648 -> 68022648
DŽ: 68091539 -> 68222438
DŽ: 68022648 -> 68492650
DŽ: 68262039 -> 68022648
DŽ: 68022648 -> 68040104
DŽ: 68022648 -> 68022648
DŽ: 68022648 -> 68022648
DŽ: 68040104 -> 68492650
DŽ: 68022648 -> 68022648
DŽ: 68057865 -> 68022648
DŽ: 68022648 -> 68022648
DŽ: 68022648 -> 68022648
DŽ: 68022648 -> 68022648
DŽ: 68085960 -> 68022648
DŽ: 68091539 -> 68091539
DŽ: 68022648 -> 68022648
DŽ: 68022648 -> 68022648
DŽ: 68307552 -> 68272335
DŽ: 68022648 -> 68022648
DŽ: 68057865 -> 68399577
DŽ: 68091539 -> 68091539

 start over 271595 loops 387 unique solutions 
Approx + random 
DŽ: 73628556 -> 69297577
DŽ: 68145171 -> 68186406
DŽ: 68022648 -> 68022648
DŽ: 68040104 -> 68481929
DŽ: 68022648 -> 68022648
DŽ: 68022648 -> 68022648
DŽ: 68022648 -> 68022648
DŽ: 68022648 -> 68203444
DŽ: 68091539 -> 68363353
DŽ: 68022648 -> 68022648
DŽ: 68022648 -> 68022648
DŽ: 68022648 -> 68022648
DŽ: 68022648 -> 68061752
DŽ: 68022648 -> 68022648
DŽ: 68091539 -> 68255297
DŽ: 68022648 -> 68022648
DŽ: 68022648 -> 68022648
DŽ: 68040104 -> 69462666
DŽ: 68022648 -> 68022648
DŽ: 68040104 -> 68255046
DŽ: 68022648 -> 68091539
DŽ: 68655787 -> 68220900
DŽ: 68022648 -> 68022648
DŽ: 68022648 -> 68022648
DŽ: 68022648 -> 68022648
DŽ: 68022648 -> 68475258
DŽ: 68022648 -> 68246309
DŽ: 68596576 -> 68351799
DŽ: 68203444 -> 68367202
DŽ: 68759462 -> 68830149
DŽ: 68022648 -> 68040104
DŽ: 68246309 -> 68246309
DŽ: 68022648 -> 68022648
DŽ: 68108995 -> 68108995
DŽ: 68022648 -> 68022648
DŽ: 68022648 -> 68186406
DŽ: 68022648 -> 68022648
DŽ: 68363353 -> 68612526
DŽ: 68318205 -> 68296116
DŽ: 68022648 -> 68022648
DŽ: 68236260 -> 68022648
DŽ: 68842121 -> 68289791
DŽ: 68022648 -> 68186406
DŽ: 68856419 -> 68711591
DŽ: 68022648 -> 68022648
DŽ: 69200377 -> 68989104
DŽ: 68022648 -> 68022648
DŽ: 68335661 -> 68220900
DŽ: 68022648 -> 68022648
DŽ: 68746408 -> 68685419

 start over 320831 loops 451 unique solutions 
Approx + random 
DŽ: 73628556 -> 69196462
DŽ: 68022648 -> 68022648
DŽ: 68236260 -> 68022648
DŽ: 68335661 -> 68492714
DŽ: 68022648 -> 68186406
DŽ: 68022648 -> 68022648
DŽ: 68081859 -> 68022648
DŽ: 68022648 -> 68237590
DŽ: 68091539 -> 68091539
DŽ: 68105219 -> 68186406
DŽ: 68091539 -> 68131995
DŽ: 68037341 -> 68186406
DŽ: 68091539 -> 68296116
DŽ: 68115320 -> 68262904
DŽ: 68091539 -> 68255297
DŽ: 68022648 -> 68022648
DŽ: 68022648 -> 68022648
DŽ: 68022648 -> 68022648
DŽ: 68022648 -> 68022648
DŽ: 68022648 -> 68022648
DŽ: 68115320 -> 68091539
DŽ: 68022648 -> 68022648
DŽ: 68022648 -> 68022648
DŽ: 68022648 -> 68022648
DŽ: 68022648 -> 68294462
DŽ: 68022648 -> 68022648
DŽ: 68126756 -> 68380809
DŽ: 68091539 -> 68091539
DŽ: 68022648 -> 68186406
DŽ: 68022648 -> 68289375
DŽ: 68022648 -> 68186406
DŽ: 68114701 -> 68306831
DŽ: 68022648 -> 68458220
DŽ: 68091539 -> 68091539
DŽ: 68091539 -> 68091539
DŽ: 68022648 -> 68022648
DŽ: 68022648 -> 68227225
DŽ: 68129000 -> 68022648
DŽ: 68162610 -> 68577141
DŽ: 68022648 -> 68022648
DŽ: 68091539 -> 68091539
DŽ: 68304337 -> 68263765
DŽ: 68022648 -> 68022648
DŽ: 68091539 -> 68091539
DŽ: 68071049 -> 68040104
DŽ: 68195239 -> 68311918
DŽ: 68129000 -> 68203444
DŽ: 68040104 -> 68040104
DŽ: 68085732 -> 68022648
DŽ: 68022648 -> 68022648
DŽ: 68022648 -> 68022648
DŽ: 68022648 -> 68022648
DŽ: 68091539 -> 68091539
DŽ: 68071049 -> 68764464
DŽ: 68022648 -> 68022648
DŽ: 68236666 -> 68022648
DŽ: 68040104 -> 68040104
DŽ: 68071049 -> 68108995
DŽ: 68129000 -> 68022648
DŽ: 68022648 -> 68022648
DŽ: 68131333 -> 68040104
DŽ: 68022648 -> 68022648
DŽ: 68022648 -> 68022648
DŽ: 68022648 -> 68040104
DŽ: 68022648 -> 68022648
DŽ: 68022648 -> 68022648
DŽ: 68091539 -> 68841372
DŽ: 68022648 -> 68022648
DŽ: 68022648 -> 68022648
DŽ: 68022648 -> 68186406

 start over 389521 loops 514 unique solutions 
Original + vert_size 0 
DŽ: 68542884 -> 68070840
DŽ: 68022648 -> 68022648
DŽ: 68022648 -> 68759377
DŽ: 68022648 -> 68220900
DŽ: 68022648 -> 68022648
DŽ: 68091539 -> 68091539
DŽ: 68057865 -> 68289375
DŽ: 68022648 -> 68022648
DŽ: 68022648 -> 68022648
DŽ: 68091539 -> 68091539
DŽ: 68022648 -> 68022648
DŽ: 68022648 -> 68022648
DŽ: 68022648 -> 68022648
DŽ: 68022648 -> 68022648
DŽ: 68022648 -> 68040104
DŽ: 68022648 -> 68022648
DŽ: 68070840 -> 68108995
DŽ: 68022648 -> 68022648
DŽ: 68070840 -> 68108995
DŽ: 68022648 -> 68289375
DŽ: 68022648 -> 68294462
DŽ: 68022648 -> 68022648
DŽ: 68108995 -> 68108995
DŽ: 68022648 -> 68022648
DŽ: 68289375 -> 68289215
DŽ: 68022648 -> 68022648
DŽ: 68108995 -> 68108995
DŽ: 68085960 -> 68022648
DŽ: 68022648 -> 68673446
DŽ: 68022648 -> 68334556
DŽ: 68248336 -> 68022648
DŽ: 68022648 -> 68022648
DŽ: 68022648 -> 68022648
DŽ: 68185340 -> 68108995
DŽ: 68022648 -> 68022648
DŽ: 68137713 -> 68108995
DŽ: 68022648 -> 68040104
DŽ: 68022648 -> 68022648
DŽ: 68091539 -> 68091539
DŽ: 68262804 -> 68186406
DŽ: 68022648 -> 68022648
DŽ: 68022648 -> 68022648
DŽ: 68022648 -> 68022648
DŽ: 68108995 -> 68108995
DŽ: 68235593 -> 68300267
DŽ: 68022648 -> 68022648
DŽ: 68091539 -> 68255297
DŽ: 68022648 -> 68022648
DŽ: 68022648 -> 68022648
DŽ: 68235593 -> 68244681
DŽ: 68255297 -> 68527111
DŽ: 68022648 -> 68022648
DŽ: 68022648 -> 68022648
DŽ: 68022648 -> 68022648
DŽ: 68022648 -> 68022648
DŽ: 68022648 -> 68022648
DŽ: 68167884 -> 68222438
DŽ: 68040104 -> 68108481
DŽ: 68022648 -> 68022648
DŽ: 68022648 -> 68022648
DŽ: 68022648 -> 68022648
DŽ: 68091539 -> 68255297
DŽ: 68022648 -> 68022648
DŽ: 68022648 -> 68022648
DŽ: 68022648 -> 68022648
DŽ: 68022648 -> 68022648
DŽ: 68022648 -> 68022648
DŽ: 68022648 -> 68022648
DŽ: 68022648 -> 68022648
DŽ: 68022648 -> 68294462
DŽ: 68108995 -> 68108995
DŽ: 68022648 -> 68022648
DŽ: 68022648 -> 68022648
DŽ: 68022648 -> 68022648
DŽ: 68022648 -> 68022648
DŽ: 68022648 -> 68022648
DŽ: 68022648 -> 68022648
DŽ: 68091539 -> 68091539

 start over 466519 loops 581 unique solutions 
Original + vert_size 0 
DŽ: 68542884 -> 68070840
DŽ: 68301908 -> 68333566
DŽ: 68022648 -> 68022648
DŽ: 68022648 -> 68022648
DŽ: 68022648 -> 68022648
DŽ: 68022648 -> 68091539
DŽ: 68256117 -> 68220900
DŽ: 68022648 -> 68022648
DŽ: 68022648 -> 68022648
DŽ: 68220900 -> 68220900
DŽ: 68022648 -> 68022648
DŽ: 68022648 -> 68394095
DŽ: 68022648 -> 68022648
DŽ: 68022648 -> 68022648
DŽ: 68022648 -> 68022648
DŽ: 68022648 -> 68022648
DŽ: 68220900 -> 68220900
DŽ: 68022648 -> 68022648
DŽ: 68022648 -> 68040104
DŽ: 68022648 -> 68022648
DŽ: 68022648 -> 68022648
DŽ: 68022648 -> 68186406
DŽ: 68203444 -> 68203444
DŽ: 68203444 -> 68203444
DŽ: 68022648 -> 68022648
DŽ: 68040104 -> 68040104
DŽ: 68022648 -> 68022648
DŽ: 68022648 -> 68022648
DŽ: 68220900 -> 68589272
DŽ: 68022648 -> 68022648
DŽ: 68220900 -> 68220900
DŽ: 68022648 -> 68022648
DŽ: 68022648 -> 68237590
DŽ: 68022648 -> 68022648
DŽ: 68220900 -> 68220900
DŽ: 68022648 -> 68022648
DŽ: 68589272 -> 68966201
DŽ: 68022648 -> 68022648
DŽ: 68022648 -> 68022648
DŽ: 68022648 -> 68022648
DŽ: 68022648 -> 68040104
DŽ: 68022648 -> 68022648
DŽ: 68022648 -> 68022648
DŽ: 68040104 -> 68040104
DŽ: 68040104 -> 68040104
DŽ: 68022648 -> 68022648
DŽ: 68022648 -> 68022648
DŽ: 68022648 -> 68186406
DŽ: 68057865 -> 68237590
DŽ: 68022648 -> 68022648
DŽ: 68022648 -> 68022648
DŽ: 68057865 -> 68040104
DŽ: 68100959 -> 68426643
DŽ: 68022648 -> 68022648
DŽ: 68022648 -> 68022648
DŽ: 68070840 -> 68337567
DŽ: 68220900 -> 68516495
DŽ: 68335699 -> 68380809
DŽ: 68022648 -> 68022648
DŽ: 68022648 -> 68022648
DŽ: 68022648 -> 68022648
DŽ: 68022648 -> 68186406
DŽ: 68040104 -> 68040104
DŽ: 68022648 -> 68040104
DŽ: 68022648 -> 68022648
DŽ: 68022648 -> 68022648
DŽ: 68057865 -> 68272335
DŽ: 68022648 -> 68022648
DŽ: 68022648 -> 68294462
DŽ: 68294462 -> 68294462
DŽ: 68966201 -> 69072758
DŽ: 68667583 -> 68658163

 start over 537420 loops 656 unique solutions 
Original + vert_size 0 
DŽ: 68542884 -> 68070840
DŽ: 68022648 -> 68022648
DŽ: 68159916 -> 68214399
DŽ: 68022648 -> 68186406
DŽ: 68196943 -> 68196943
DŽ: 68022648 -> 68022648
DŽ: 68022648 -> 68022648
DŽ: 68022648 -> 68022648
DŽ: 68022648 -> 68022648
DŽ: 68070840 -> 68070840
DŽ: 68070840 -> 68070840
DŽ: 68214399 -> 68196943
DŽ: 68022648 -> 68022648
DŽ: 68070840 -> 68393061
DŽ: 68128052 -> 68128052
DŽ: 68022648 -> 68022648
DŽ: 68022648 -> 68022648
DŽ: 68053384 -> 68070840
DŽ: 68022648 -> 68022648
DŽ: 68022648 -> 68022648
DŽ: 68214399 -> 68214399
DŽ: 68210031 -> 68342654
DŽ: 68022648 -> 68040104
DŽ: 68022648 -> 68022648
DŽ: 68070840 -> 68070840
DŽ: 68070840 -> 68108995
DŽ: 68022648 -> 68203444
DŽ: 68070840 -> 68070840
DŽ: 68022648 -> 68022648
DŽ: 68022648 -> 68022648
DŽ: 68022648 -> 68022648
DŽ: 68040104 -> 68040104
DŽ: 68040104 -> 68040104
DŽ: 68022648 -> 68022648
DŽ: 68022648 -> 68255046
DŽ: 68022648 -> 68022648
DŽ: 68022648 -> 68022648
DŽ: 68022648 -> 68294462
DŽ: 68022648 -> 68394095
DŽ: 68070840 -> 68070840
DŽ: 68022648 -> 68022648
DŽ: 68218765 -> 68070840
DŽ: 68304934 -> 68237590
DŽ: 68294462 -> 68294462
DŽ: 68143020 -> 68255297
DŽ: 68214399 -> 68486213
DŽ: 68486213 -> 68449186
DŽ: 68022648 -> 68022648
DŽ: 68022648 -> 68022648
DŽ: 68072558 -> 68022648
DŽ: 68070840 -> 68070840
DŽ: 68070840 -> 68342654
DŽ: 68342654 -> 68380809
DŽ: 68022648 -> 68022648
DŽ: 68022648 -> 68022648
DŽ: 68196943 -> 68196943

 start over 592213 loops 717 unique solutions 
Approx + random 
DŽ: 73628556 -> 70936516
DŽ: 68080260 -> 68705939
DŽ: 70016825 -> 69407853
DŽ: 68022648 -> 68022648
DŽ: 68022648 -> 68022648
DŽ: 68022648 -> 68022648
DŽ: 68889642 -> 68380809
DŽ: 68889642 -> 68380809
DŽ: 68349552 -> 68108995
DŽ: 68194427 -> 68108995
DŽ: 68022648 -> 68255046
DŽ: 68022648 -> 68022648
DŽ: 68022648 -> 68022648
DŽ: 68118415 -> 68280360
DŽ: 68891865 -> 68494252
DŽ: 68022648 -> 68022648
DŽ: 68891865 -> 68494252
DŽ: 68022648 -> 68453133
DŽ: 68394104 -> 68153547
DŽ: 68097245 -> 68022648
DŽ: 68022648 -> 68022648
DŽ: 68022648 -> 68022648
DŽ: 68494252 -> 68658010
DŽ: 69160573 -> 68418572
DŽ: 68022648 -> 68022648
DŽ: 68097245 -> 68022648
DŽ: 68022648 -> 68022648
DŽ: 68022648 -> 68022648
DŽ: 68022648 -> 68022648
DŽ: 68022648 -> 68022648
DŽ: 68022648 -> 68022648
DŽ: 68022648 -> 68022648
DŽ: 68022648 -> 68022648
DŽ: 68022648 -> 68022648
DŽ: 69825189 -> 69185783
DŽ: 68425361 -> 68425361
DŽ: 68022648 -> 68022648
DŽ: 68022648 -> 68022648
DŽ: 68022648 -> 68022648
DŽ: 68841436 -> 68703731
DŽ: 68022648 -> 68022648
DŽ: 68022648 -> 68022648
DŽ: 68924859 -> 68789637

 start over 634031 loops 764 unique solutions 
Original + vert_size 0 
DŽ: 68542884 -> 68070840
DŽ: 68022648 -> 68022648
DŽ: 68022648 -> 68022648
DŽ: 68022648 -> 68022648
DŽ: 68022648 -> 68022648
DŽ: 69739381 -> 69185783
DŽ: 68022648 -> 68022648
DŽ: 68022648 -> 68022648
end_heu: 641838 loops with 782 unique solutions in 1799.9 s

Calling print_solution
>>> get_solution
  refine_solution: new weight 68022648 (was 68022648) in 0.001641 s
## FINAL WEIGHT 68022648
print_solution: 0.003273 s
