Version: final-94-gfffc3aa rub_all.sh: remove longest prefix
Random seed: 1549772207
Start
>>> save_orig_graph
>> Saved weight 0
Graph loaded
|V| = 6401, |E| = 12640, |R| = 80
First clearance of the input. Calling buy_zero and run_all_heuristics.
  buy_zero: 0 zero edges in 1.4e-05 s
  handle_small_terminal_degrees: terms 0 in 5e-06 s
  handle_small_Steiner_degrees: steiner 0, suppress 4 in 1e-05 s
  shortest_edge_between_terminals: 0 edges in 3e-06 s
  handle_small_terminal_degrees: terms 0 in 5e-06 s
  handle_small_Steiner_degrees: steiner 0, suppress 0 in 8e-06 s
  shortest_edge_between_terminals: 0 edges in 1e-06 s
Compressed graph 6401 -> 6396
  delete_edges: deleted 4 edges in 0.000289 s and 1 rounds
  handle_small_terminal_degrees: terms 0 in 5e-06 s
  handle_small_Steiner_degrees: steiner 0, suppress 7 in 1.1e-05 s
  shortest_edge_between_terminals: 0 edges in 2e-06 s
  handle_small_terminal_degrees: terms 0 in 4e-06 s
  handle_small_Steiner_degrees: steiner 0, suppress 0 in 8e-06 s
  shortest_edge_between_terminals: 0 edges in 2e-06 s
Compressed graph 6396 -> 6389
  delete_edges_shortest_path: deleted 7 edges in 0.032381 s
  handle_small_terminal_degrees: terms 0 in 4e-06 s
  handle_small_Steiner_degrees: steiner 0, suppress 10 in 1.2e-05 s
  shortest_edge_between_terminals: 0 edges in 2e-06 s
  handle_small_terminal_degrees: terms 0 in 5e-06 s
  handle_small_Steiner_degrees: steiner 0, suppress 0 in 8e-06 s
  shortest_edge_between_terminals: 0 edges in 2e-06 s
Compressed graph 6389 -> 6379
  handle_small_terminal_degrees: terms 0 in 5e-06 s
  handle_small_Steiner_degrees: steiner 0, suppress 0 in 8e-06 s
  shortest_edge_between_terminals: 0 edges in 4e-06 s
Compressed graph 6379 -> 6379
  delete_edges_shortest_path: deleted 10 edges in 0.031962 s
  handle_small_terminal_degrees: terms 0 in 5e-06 s
  handle_small_Steiner_degrees: steiner 0, suppress 13 in 1.3e-05 s
  shortest_edge_between_terminals: 0 edges in 2e-06 s
  handle_small_terminal_degrees: terms 0 in 4e-06 s
  handle_small_Steiner_degrees: steiner 0, suppress 0 in 8e-06 s
  shortest_edge_between_terminals: 0 edges in 2e-06 s
Compressed graph 6379 -> 6366
Compressed graph 6366 -> 6366
>>> save_orig_graph
>> Saved weight 0
### ZEL_LVL=0 PRECISE_STARS=0

Calling `contract_till_the_bitter_end`
|V| = 6366, |E| = 12585, |R| = 80
>>> get_solution
>>> get_solution
  refine_solution: new weight 78213577 (was 78213577) in 0.001418 s
0,,6366,12585,80,,0,0,,78213577,78213577,0,0,0,,0,0,@@

  delete_edges: deleted 13 edges in 0.000592 s and 2 rounds
  handle_small_Steiner_degrees: steiner 0, suppress 15 in 1.6e-05 s
Starting round 1
Found 15 isolated vertices
Invalid ratios recomputed: 6351
Best ratio is 236123/1 (236123.0), centered at 1926
Finding the best star... Star with 2 terminals centered in 2008
round took: 0.165443 s
|V| = 6366, |E| = 12553, |R| = 79
>>> get_solution
>>> get_solution
  refine_solution: new weight 78213577 (was 78213577) in 0.001362 s
1,,6351,12553,79,,6351,0,,78213577,78213577,236123,236123,236123,,236123,2,@@

  handle_small_Steiner_degrees: steiner 0, suppress 0 in 1.1e-05 s
Starting round 2
Found 18 isolated vertices
Invalid ratios recomputed: 330
Best ratio is 270110/1 (270110.0), centered at 550
Finding the best star... Star with 2 terminals centered in 870
round took: 0.011737 s
|V| = 6366, |E| = 12547, |R| = 78
>>> get_solution
>>> get_solution
  refine_solution: new weight 78200121 (was 78200121) in 0.001363 s
2,,6348,12547,78,,330,0,,78200121,78200121,506233,506233,506233,,270110,2,@@

  handle_small_Steiner_degrees: steiner 0, suppress 0 in 8e-06 s
Starting round 3
Found 23 isolated vertices
Invalid ratios recomputed: 369
Best ratio is 274231/1 (274231.0), centered at 856
Finding the best star... Star with 2 terminals centered in 859
round took: 0.010483 s
|V| = 6366, |E| = 12541, |R| = 77
>>> get_solution
>>> get_solution
  refine_solution: new weight 77953168 (was 77953168) in 0.001354 s
3,,6343,12541,77,,369,0,,77953168,77953168,780464,780464,780464,,274231,2,@@

  handle_small_Steiner_degrees: steiner 0, suppress 0 in 8e-06 s
Starting round 4
Found 28 isolated vertices
Invalid ratios recomputed: 307
Best ratio is 277096/1 (277096.0), centered at 70
Finding the best star... Star with 2 terminals centered in 218
round took: 0.010761 s
|V| = 6366, |E| = 12537, |R| = 76
>>> get_solution
>>> get_solution
  refine_solution: new weight 77953168 (was 77953168) in 0.001357 s
4,,6338,12537,76,,307,0,,77953168,77953168,1057560,1057560,1057560,,277096,2,@@

  handle_small_Steiner_degrees: steiner 0, suppress 0 in 8e-06 s
Starting round 5
Found 31 isolated vertices
Invalid ratios recomputed: 190
Best ratio is 338183/1 (338183.0), centered at 6204
Finding the best star... Star with 2 terminals centered in 6286
round took: 0.007473 s
|V| = 6366, |E| = 12530, |R| = 75
>>> get_solution
>>> get_solution
  refine_solution: new weight 77949997 (was 77949997) in 0.001354 s
5,,6335,12530,75,,190,0,,77949997,77949997,1395743,1395743,1395743,,338183,2,@@

  handle_small_Steiner_degrees: steiner 0, suppress 0 in 8e-06 s
Starting round 6
Found 37 isolated vertices
Invalid ratios recomputed: 298
Best ratio is 347556/1 (347556.0), centered at 1165
Finding the best star... Star with 2 terminals centered in 1169
round took: 0.008235 s
|V| = 6366, |E| = 12524, |R| = 74
>>> get_solution
>>> get_solution
  refine_solution: new weight 77949997 (was 77949997) in 0.00137 s
6,,6329,12524,74,,298,0,,77949997,77949997,1743299,1743299,1743299,,347556,2,@@

  handle_small_Steiner_degrees: steiner 0, suppress 0 in 8e-06 s
Starting round 7
Found 42 isolated vertices
Invalid ratios recomputed: 544
Best ratio is 402114/1 (402114.0), centered at 6052
Finding the best star... Star with 2 terminals centered in 6057
round took: 0.021635 s
|V| = 6366, |E| = 12515, |R| = 73
>>> get_solution
>>> get_solution
  refine_solution: new weight 77949997 (was 77949997) in 0.001355 s
7,,6324,12515,73,,544,0,,77949997,77949997,2145413,2145413,2145413,,402114,2,@@

  handle_small_Steiner_degrees: steiner 0, suppress 0 in 8e-06 s
Starting round 8
Found 49 isolated vertices
Invalid ratios recomputed: 294
Best ratio is 420882/1 (420882.0), centered at 3432
Finding the best star... Star with 2 terminals centered in 3752
round took: 0.008428 s
|V| = 6366, |E| = 12508, |R| = 72
>>> get_solution
>>> get_solution
  refine_solution: new weight 77865314 (was 77865314) in 0.001362 s
8,,6317,12508,72,,294,0,,77865314,77865314,2566295,2566295,2566295,,420882,2,@@

  handle_small_Steiner_degrees: steiner 0, suppress 0 in 8e-06 s
Starting round 9
Found 55 isolated vertices
Invalid ratios recomputed: 411
Best ratio is 497096/1 (497096.0), centered at 2351
Finding the best star... Star with 2 terminals centered in 2353
round took: 0.012977 s
|V| = 6366, |E| = 12504, |R| = 71
>>> get_solution
>>> get_solution
  refine_solution: new weight 77766888 (was 77766888) in 0.001358 s
9,,6311,12504,71,,411,0,,77766888,77766888,3063391,3063391,3063391,,497096,2,@@

  handle_small_Steiner_degrees: steiner 0, suppress 0 in 8e-06 s
Starting round 10
Found 58 isolated vertices
Invalid ratios recomputed: 312
Best ratio is 525451/1 (525451.0), centered at 2868
Finding the best star... Star with 2 terminals centered in 2953
round took: 0.008937 s
|V| = 6366, |E| = 12497, |R| = 70
>>> get_solution
>>> get_solution
  refine_solution: new weight 77766888 (was 77766888) in 0.001362 s
10,,6308,12497,70,,312,0,,77766888,77766888,3588842,3588842,3588842,,525451,2,@@

  handle_small_Steiner_degrees: steiner 0, suppress 0 in 1.6e-05 s
Starting round 11
Found 64 isolated vertices
Invalid ratios recomputed: 417
Best ratio is 564290/1 (564290.0), centered at 1877
Finding the best star... Star with 2 terminals centered in 2198
round took: 0.017583 s
|V| = 6366, |E| = 12490, |R| = 69
>>> get_solution
>>> get_solution
  refine_solution: new weight 77664313 (was 77664313) in 0.001363 s
11,,6302,12490,69,,417,0,,77664313,77664313,4153132,4153132,4153132,,564290,2,@@

  handle_small_Steiner_degrees: steiner 0, suppress 0 in 8e-06 s
Starting round 12
Found 69 isolated vertices
Invalid ratios recomputed: 412
Best ratio is 1138334/2 (569167.0), centered at 2356
Finding the best star... Star with 3 terminals centered in 2836
round took: 0.016046 s
|V| = 6366, |E| = 12474, |R| = 67
>>> get_solution
>>> get_solution
  refine_solution: new weight 77453479 (was 77453479) in 0.00137 s
12,,6297,12474,67,,412,0,,77453479,77453479,5291466,5291466,5291466,,1138334,3,@@

  handle_small_Steiner_degrees: steiner 0, suppress 0 in 1e-05 s
Starting round 13
Found 82 isolated vertices
Invalid ratios recomputed: 601
Best ratio is 570331/1 (570331.0), centered at 4039
Finding the best star... Star with 2 terminals centered in 4042
round took: 0.025411 s
|V| = 6366, |E| = 12468, |R| = 66
>>> get_solution
>>> get_solution
  refine_solution: new weight 77247045 (was 77247045) in 0.001365 s
13,,6284,12468,66,,601,0,,77247045,77247045,5861797,5861797,5861797,,570331,2,@@

  handle_small_Steiner_degrees: steiner 0, suppress 0 in 8e-06 s
Starting round 14
Found 87 isolated vertices
Invalid ratios recomputed: 393
Best ratio is 582578/1 (582578.0), centered at 4382
Finding the best star... Star with 2 terminals centered in 4463
round took: 0.013861 s
|V| = 6366, |E| = 12465, |R| = 65
>>> get_solution
>>> get_solution
  refine_solution: new weight 77150542 (was 77150542) in 0.001376 s
14,,6279,12465,65,,393,0,,77150542,77150542,6444375,6444375,6444375,,582578,2,@@

  handle_small_Steiner_degrees: steiner 0, suppress 0 in 7e-06 s
Starting round 15
Found 89 isolated vertices
Invalid ratios recomputed: 255
Best ratio is 645765/1 (645765.0), centered at 1380
Finding the best star... Star with 2 terminals centered in 1620
round took: 0.008833 s
|V| = 6366, |E| = 12460, |R| = 64
>>> get_solution
>>> get_solution
  refine_solution: new weight 77140721 (was 77140721) in 0.001369 s
15,,6277,12460,64,,255,0,,77140721,77140721,7090140,7090140,7090140,,645765,2,@@

  handle_small_Steiner_degrees: steiner 0, suppress 0 in 8e-06 s
Starting round 16
Found 93 isolated vertices
Invalid ratios recomputed: 372
Best ratio is 648172/1 (648172.0), centered at 2603
Finding the best star... Star with 2 terminals centered in 2608
round took: 0.012559 s
|V| = 6366, |E| = 12453, |R| = 63
>>> get_solution
>>> get_solution
  refine_solution: new weight 76994242 (was 76994242) in 0.001378 s
16,,6273,12453,63,,372,0,,76994242,76994242,7738312,7738312,7738312,,648172,2,@@

  delete_edges: deleted 52 edges in 0.000655 s and 2 rounds
  handle_small_Steiner_degrees: steiner 0, suppress 42 in 2.8e-05 s
Starting round 17
Found 141 isolated vertices
Invalid ratios recomputed: 426
Best ratio is 658572/1 (658572.0), centered at 659
Finding the best star... Star with 2 terminals centered in 1620
round took: 0.019078 s
|V| = 6366, |E| = 12342, |R| = 62
>>> get_solution
>>> get_solution
  refine_solution: new weight 76838778 (was 76884815) in 0.001381 s
  refine_solution: new weight 76838778 (was 76838778) in 0.001321 s
17,,6225,12342,62,,426,0,,76884815,76838778,8396884,8396884,8396884,,658572,2,@@

  handle_small_Steiner_degrees: steiner 0, suppress 0 in 7e-06 s
Starting round 18
Found 151 isolated vertices
Invalid ratios recomputed: 478
Best ratio is 661264/1 (661264.0), centered at 4851
Finding the best star... Star with 2 terminals centered in 4858
round took: 0.018565 s
|V| = 6366, |E| = 12332, |R| = 61
>>> get_solution
>>> get_solution
  refine_solution: new weight 76659955 (was 76705992) in 0.001388 s
  refine_solution: new weight 76659955 (was 76659955) in 0.001315 s
18,,6215,12332,61,,478,0,,76705992,76659955,9058148,9058148,9058148,,661264,2,@@

  handle_small_Steiner_degrees: steiner 0, suppress 0 in 8e-06 s
Starting round 19
Found 160 isolated vertices
Invalid ratios recomputed: 317
Best ratio is 661645/1 (661645.0), centered at 5370
Finding the best star... Star with 2 terminals centered in 5375
round took: 0.010998 s
|V| = 6366, |E| = 12325, |R| = 60
>>> get_solution
>>> get_solution
  refine_solution: new weight 76659955 (was 76705992) in 0.00138 s
  refine_solution: new weight 76659955 (was 76659955) in 0.001312 s
19,,6206,12325,60,,317,0,,76705992,76659955,9719793,9719793,9719793,,661645,2,@@

  handle_small_Steiner_degrees: steiner 0, suppress 0 in 8e-06 s
Starting round 20
Found 166 isolated vertices
Invalid ratios recomputed: 416
Best ratio is 669303/1 (669303.0), centered at 2953
Finding the best star... Star with 2 terminals centered in 3752
round took: 0.013438 s
|V| = 6366, |E| = 12319, |R| = 59
>>> get_solution
>>> get_solution
  refine_solution: new weight 76459823 (was 76505860) in 0.001391 s
  refine_solution: new weight 76459823 (was 76459823) in 0.001313 s
20,,6200,12319,59,,416,0,,76505860,76459823,10389096,10389096,10389096,,669303,2,@@

  handle_small_Steiner_degrees: steiner 0, suppress 0 in 1e-05 s
Starting round 21
Found 171 isolated vertices
Invalid ratios recomputed: 605
Best ratio is 1356577/2 (678288.5), centered at 470
Finding the best star... Star with 3 terminals centered in 476
round took: 0.026596 s
|V| = 6366, |E| = 12301, |R| = 57
>>> get_solution
>>> get_solution
  refine_solution: new weight 76174716 (was 76220753) in 0.001382 s
  refine_solution: new weight 76174716 (was 76174716) in 0.001316 s
21,,6195,12301,57,,605,0,,76220753,76174716,11745673,11745673,11745673,,1356577,3,@@

  handle_small_Steiner_degrees: steiner 0, suppress 0 in 8e-06 s
Starting round 22
Found 184 isolated vertices
Invalid ratios recomputed: 428
Best ratio is 685597/1 (685597.0), centered at 3564
Finding the best star... Star with 2 terminals centered in 3573
round took: 0.01557 s
|V| = 6366, |E| = 12290, |R| = 56
>>> get_solution
>>> get_solution
  refine_solution: new weight 76166166 (was 76212203) in 0.001382 s
  refine_solution: new weight 76166166 (was 76166166) in 0.001321 s
22,,6182,12290,56,,428,0,,76212203,76166166,12431270,12431270,12431270,,685597,2,@@

  handle_small_Steiner_degrees: steiner 0, suppress 0 in 7e-06 s
Starting round 23
Found 194 isolated vertices
Invalid ratios recomputed: 504
Best ratio is 686014/1 (686014.0), centered at 2491
Finding the best star... Star with 2 terminals centered in 2732
round took: 0.021442 s
|V| = 6366, |E| = 12285, |R| = 55
>>> get_solution
>>> get_solution
  refine_solution: new weight 76025237 (was 76071274) in 0.001384 s
  refine_solution: new weight 76025237 (was 76025237) in 0.00132 s
23,,6172,12285,55,,504,0,,76071274,76025237,13117284,13117284,13117284,,686014,2,@@

  handle_small_Steiner_degrees: steiner 0, suppress 0 in 7e-06 s
Starting round 24
Found 198 isolated vertices
Invalid ratios recomputed: 429
Best ratio is 691448/1 (691448.0), centered at 859
Finding the best star... Star with 2 terminals centered in 1169
round took: 0.016521 s
|V| = 6366, |E| = 12275, |R| = 54
>>> get_solution
>>> get_solution
  refine_solution: new weight 76025237 (was 76071274) in 0.001385 s
  refine_solution: new weight 76025237 (was 76025237) in 0.001315 s
24,,6168,12275,54,,429,0,,76071274,76025237,13808732,13808732,13808732,,691448,2,@@

  handle_small_Steiner_degrees: steiner 0, suppress 0 in 8e-06 s
Starting round 25
Found 207 isolated vertices
Invalid ratios recomputed: 579
Best ratio is 1383401/2 (691700.5), centered at 3912
Finding the best star... Star with 3 terminals centered in 4077
round took: 0.029024 s
|V| = 6366, |E| = 12255, |R| = 52
>>> get_solution
>>> get_solution
  refine_solution: new weight 75831479 (was 75877516) in 0.0014 s
  refine_solution: new weight 75831479 (was 75831479) in 0.001317 s
25,,6159,12255,52,,579,0,,75877516,75831479,15192133,15192133,15192133,,1383401,3,@@

  handle_small_Steiner_degrees: steiner 0, suppress 0 in 7e-06 s
Starting round 26
Found 224 isolated vertices
Invalid ratios recomputed: 741
Best ratio is 695068/1 (695068.0), centered at 4686
Finding the best star... Star with 2 terminals centered in 4858
round took: 0.043465 s
|V| = 6366, |E| = 12245, |R| = 51
>>> get_solution
>>> get_solution
  refine_solution: new weight 75831479 (was 75877516) in 0.00139 s
  refine_solution: new weight 75831479 (was 75831479) in 0.001314 s
26,,6142,12245,51,,741,0,,75877516,75831479,15887201,15887201,15887201,,695068,2,@@

  handle_small_Steiner_degrees: steiner 0, suppress 0 in 7e-06 s
Starting round 27
Found 231 isolated vertices
Invalid ratios recomputed: 395
Best ratio is 727971/1 (727971.0), centered at 2732
Finding the best star... Star with 2 terminals centered in 3056
round took: 0.01857 s
|V| = 6366, |E| = 12234, |R| = 50
>>> get_solution
>>> get_solution
  refine_solution: new weight 75831479 (was 75877516) in 0.001385 s
  refine_solution: new weight 75831479 (was 75831479) in 0.001323 s
27,,6135,12234,50,,395,0,,75877516,75831479,16615172,16615172,16615172,,727971,2,@@

  handle_small_Steiner_degrees: steiner 0, suppress 0 in 8e-06 s
Starting round 28
Found 239 isolated vertices
Invalid ratios recomputed: 516
Best ratio is 758599/1 (758599.0), centered at 2265
Finding the best star... Star with 2 terminals centered in 2836
round took: 0.023423 s
|V| = 6366, |E| = 12225, |R| = 49
>>> get_solution
>>> get_solution
  refine_solution: new weight 75831479 (was 75877516) in 0.001397 s
  refine_solution: new weight 75831479 (was 75831479) in 0.001314 s
28,,6127,12225,49,,516,0,,75877516,75831479,17373771,17373771,17373771,,758599,2,@@

  handle_small_Steiner_degrees: steiner 0, suppress 0 in 7e-06 s
Starting round 29
Found 246 isolated vertices
Invalid ratios recomputed: 733
Best ratio is 765731/1 (765731.0), centered at 6057
Finding the best star... Star with 2 terminals centered in 6057
round took: 0.037166 s
|V| = 6366, |E| = 12216, |R| = 48
>>> get_solution
>>> get_solution
  refine_solution: new weight 75831479 (was 75877516) in 0.00139 s
  refine_solution: new weight 75831479 (was 75831479) in 0.00132 s
29,,6120,12216,48,,733,0,,75877516,75831479,18139502,18139502,18139502,,765731,2,@@

  handle_small_Steiner_degrees: steiner 0, suppress 0 in 8e-06 s
Starting round 30
Found 254 isolated vertices
Invalid ratios recomputed: 368
Best ratio is 800446/1 (800446.0), centered at 2119
Finding the best star... Star with 2 terminals centered in 2121
round took: 0.012735 s
|V| = 6366, |E| = 12211, |R| = 47
>>> get_solution
>>> get_solution
  refine_solution: new weight 75831479 (was 75877516) in 0.001389 s
  refine_solution: new weight 75831479 (was 75831479) in 0.001314 s
30,,6112,12211,47,,368,0,,75877516,75831479,18939948,18939948,18939948,,800446,2,@@

  handle_small_Steiner_degrees: steiner 0, suppress 0 in 8e-06 s
Starting round 31
Found 257 isolated vertices
Invalid ratios recomputed: 916
Best ratio is 808974/1 (808974.0), centered at 3573
Finding the best star... Star with 2 terminals centered in 3573
round took: 0.05427 s
|V| = 6366, |E| = 12201, |R| = 46
>>> get_solution
>>> get_solution
  refine_solution: new weight 75569836 (was 75731715) in 0.00139 s
  refine_solution: new weight 75569836 (was 75569836) in 0.001327 s
31,,6109,12201,46,,916,0,,75731715,75569836,19748922,19748922,19748922,,808974,2,@@

  handle_small_Steiner_degrees: steiner 0, suppress 0 in 8e-06 s
Starting round 32
Found 264 isolated vertices
Invalid ratios recomputed: 710
Best ratio is 1658302/2 (829151.0), centered at 1505
Finding the best star... Star with 3 terminals centered in 1745
round took: 0.03842 s
|V| = 6366, |E| = 12188, |R| = 44
>>> get_solution
>>> get_solution
  refine_solution: new weight 75337394 (was 75499273) in 0.001389 s
  refine_solution: new weight 75337394 (was 75337394) in 0.001322 s
32,,6102,12188,44,,710,0,,75499273,75337394,21407224,21407224,21407224,,1658302,3,@@

  delete_edges: deleted 91 edges in 0.001133 s and 3 rounds
  handle_small_Steiner_degrees: steiner 1, suppress 61 in 3.8e-05 s
Starting round 33
Found 336 isolated vertices
Invalid ratios recomputed: 592
Best ratio is 839090/1 (839090.0), centered at 5570
Finding the best star... Star with 2 terminals centered in 6057
round took: 0.033069 s
|V| = 6366, |E| = 12024, |R| = 43
>>> get_solution
>>> get_solution
  refine_solution: new weight 75337394 (was 75499273) in 0.001388 s
  refine_solution: new weight 75337394 (was 75337394) in 0.001332 s
33,,6030,12024,43,,592,0,,75499273,75337394,22246314,22246314,22246314,,839090,2,@@

  handle_small_Steiner_degrees: steiner 0, suppress 1 in 1.1e-05 s
Starting round 34
Found 345 isolated vertices
Invalid ratios recomputed: 450
Best ratio is 1706111/2 (853055.5), centered at 5038
Finding the best star... Star with 3 terminals centered in 5121
round took: 0.021551 s
|V| = 6366, |E| = 12010, |R| = 41
>>> get_solution
>>> get_solution
  refine_solution: new weight 75069399 (was 75231278) in 0.001389 s
  refine_solution: new weight 75069399 (was 75069399) in 0.001322 s
34,,6021,12010,41,,450,0,,75231278,75069399,23952425,23952425,23952425,,1706111,3,@@

  handle_small_Steiner_degrees: steiner 0, suppress 1 in 9e-06 s
Starting round 35
Found 355 isolated vertices
Invalid ratios recomputed: 499
Best ratio is 858009/1 (858009.0), centered at 2121
Finding the best star... Star with 2 terminals centered in 2608
round took: 0.021176 s
|V| = 6366, |E| = 11996, |R| = 40
>>> get_solution
>>> get_solution
  refine_solution: new weight 75041765 (was 75203644) in 0.001387 s
  refine_solution: new weight 75041765 (was 75041765) in 0.001316 s
35,,6011,11996,40,,499,0,,75203644,75041765,24810434,24810434,24810434,,858009,2,@@

  handle_small_Steiner_degrees: steiner 0, suppress 0 in 7e-06 s
Starting round 36
Found 363 isolated vertices
Invalid ratios recomputed: 1070
Best ratio is 861115/1 (861115.0), centered at 1683
Finding the best star... Star with 2 terminals centered in 2008
round took: 0.090351 s
|V| = 6366, |E| = 11988, |R| = 39
>>> get_solution
>>> get_solution
  refine_solution: new weight 75041765 (was 75203644) in 0.001391 s
  refine_solution: new weight 75041765 (was 75041765) in 0.001323 s
36,,6003,11988,39,,1070,0,,75203644,75041765,25671549,25671549,25671549,,861115,2,@@

  handle_small_Steiner_degrees: steiner 0, suppress 0 in 8e-06 s
Starting round 37
Found 369 isolated vertices
Invalid ratios recomputed: 527
Best ratio is 865576/1 (865576.0), centered at 3122
Finding the best star... Star with 2 terminals centered in 3365
round took: 0.027544 s
|V| = 6366, |E| = 11979, |R| = 38
>>> get_solution
>>> get_solution
  refine_solution: new weight 74972703 (was 75134582) in 0.00139 s
  refine_solution: new weight 74972703 (was 74972703) in 0.001311 s
37,,5997,11979,38,,527,0,,75134582,74972703,26537125,26537125,26537125,,865576,2,@@

  handle_small_Steiner_degrees: steiner 0, suppress 0 in 8e-06 s
Starting round 38
Found 375 isolated vertices
Invalid ratios recomputed: 558
Best ratio is 1738302/2 (869151.0), centered at 5629
Finding the best star... Star with 3 terminals centered in 5866
round took: 0.033616 s
|V| = 6366, |E| = 11960, |R| = 36
>>> get_solution
>>> get_solution
  refine_solution: new weight 74739773 (was 74901652) in 0.001388 s
  refine_solution: new weight 74739773 (was 74739773) in 0.001324 s
38,,5991,11960,36,,558,0,,74901652,74739773,28275427,28275427,28275427,,1738302,3,@@

  handle_small_Steiner_degrees: steiner 0, suppress 0 in 1e-05 s
Starting round 39
Found 391 isolated vertices
Invalid ratios recomputed: 444
Best ratio is 891087/1 (891087.0), centered at 5375
Finding the best star... Star with 2 terminals centered in 5929
round took: 0.023425 s
|V| = 6366, |E| = 11950, |R| = 35
>>> get_solution
>>> get_solution
  refine_solution: new weight 74431703 (was 74593582) in 0.001397 s
  refine_solution: new weight 74431703 (was 74431703) in 0.001319 s
39,,5975,11950,35,,444,0,,74593582,74431703,29166514,29166514,29166514,,891087,2,@@

  handle_small_Steiner_degrees: steiner 0, suppress 0 in 7e-06 s
Starting round 40
Found 398 isolated vertices
Invalid ratios recomputed: 504
Best ratio is 923921/1 (923921.0), centered at 3708
Finding the best star... Star with 2 terminals centered in 3874
round took: 0.020736 s
|V| = 6366, |E| = 11939, |R| = 34
>>> get_solution
>>> get_solution
  refine_solution: new weight 73999205 (was 74161084) in 0.001399 s
  refine_solution: new weight 73999205 (was 73999205) in 0.001324 s
40,,5968,11939,34,,504,0,,74161084,73999205,30090435,30090435,30090435,,923921,2,@@

  handle_small_Steiner_degrees: steiner 0, suppress 0 in 7e-06 s
Starting round 41
Found 406 isolated vertices
Invalid ratios recomputed: 717
Best ratio is 926127/1 (926127.0), centered at 3903
Finding the best star... Star with 2 terminals centered in 4463
round took: 0.042299 s
|V| = 6366, |E| = 11930, |R| = 33
>>> get_solution
>>> get_solution
  refine_solution: new weight 73999205 (was 74161084) in 0.001409 s
  refine_solution: new weight 73999205 (was 73999205) in 0.00132 s
41,,5960,11930,33,,717,0,,74161084,73999205,31016562,31016562,31016562,,926127,2,@@

  handle_small_Steiner_degrees: steiner 0, suppress 0 in 8e-06 s
Starting round 42
Found 413 isolated vertices
Invalid ratios recomputed: 845
Best ratio is 1878804/2 (939402.0), centered at 3218
Finding the best star... Star with 3 terminals centered in 3224
round took: 0.06586 s
|V| = 6366, |E| = 11916, |R| = 31
>>> get_solution
>>> get_solution
  refine_solution: new weight 73703707 (was 73865586) in 0.001418 s
  refine_solution: new weight 73703707 (was 73703707) in 0.001325 s
42,,5953,11916,31,,845,0,,73865586,73703707,32895366,32895366,32895366,,1878804,3,@@

  handle_small_Steiner_degrees: steiner 0, suppress 0 in 8e-06 s
Starting round 43
Found 424 isolated vertices
Invalid ratios recomputed: 815
Best ratio is 946160/1 (946160.0), centered at 476
Finding the best star... Star with 2 terminals centered in 476
round took: 0.053179 s
|V| = 6366, |E| = 11904, |R| = 30
>>> get_solution
>>> get_solution
  refine_solution: new weight 73703707 (was 73865586) in 0.001403 s
  refine_solution: new weight 73703707 (was 73703707) in 0.001332 s
43,,5942,11904,30,,815,0,,73865586,73703707,33841526,33841526,33841526,,946160,2,@@

  handle_small_Steiner_degrees: steiner 0, suppress 0 in 8e-06 s
Starting round 44
Found 435 isolated vertices
Invalid ratios recomputed: 750
Best ratio is 972942/1 (972942.0), centered at 1054
Finding the best star... Star with 2 terminals centered in 1620
round took: 0.053525 s
|V| = 6366, |E| = 11897, |R| = 29
>>> get_solution
>>> get_solution
  refine_solution: new weight 73703707 (was 73865586) in 0.001393 s
  refine_solution: new weight 73703707 (was 73703707) in 0.001325 s
44,,5931,11897,29,,750,0,,73865586,73703707,34814468,34814468,34814468,,972942,2,@@

  handle_small_Steiner_degrees: steiner 0, suppress 1 in 1e-05 s
Starting round 45
Found 442 isolated vertices
Invalid ratios recomputed: 616
Best ratio is 978055/1 (978055.0), centered at 3573
Finding the best star... Star with 2 terminals centered in 3573
round took: 0.036076 s
|V| = 6366, |E| = 11883, |R| = 28
>>> get_solution
>>> get_solution
  refine_solution: new weight 73703707 (was 73865586) in 0.001399 s
  refine_solution: new weight 73703707 (was 73703707) in 0.001317 s
45,,5924,11883,28,,616,0,,73865586,73703707,35792523,35792523,35792523,,978055,2,@@

  handle_small_Steiner_degrees: steiner 0, suppress 0 in 1e-05 s
Starting round 46
Found 449 isolated vertices
Invalid ratios recomputed: 1339
Best ratio is 2063691/2 (1031845.5), centered at 480
Finding the best star... Star with 3 terminals centered in 724
round took: 0.119925 s
|V| = 6366, |E| = 11867, |R| = 26
>>> get_solution
>>> get_solution
  refine_solution: new weight 73426224 (was 73588103) in 0.001405 s
  refine_solution: new weight 73426224 (was 73426224) in 0.001328 s
46,,5917,11867,26,,1339,0,,73588103,73426224,37856214,37856214,37856214,,2063691,3,@@

  handle_small_Steiner_degrees: steiner 0, suppress 0 in 7e-06 s
Starting round 47
Found 462 isolated vertices
Invalid ratios recomputed: 1107
Best ratio is 1034723/1 (1034723.0), centered at 4253
Finding the best star... Star with 2 terminals centered in 4262
round took: 0.102956 s
|V| = 6366, |E| = 11856, |R| = 25
>>> get_solution
>>> get_solution
  refine_solution: new weight 73291441 (was 73453320) in 0.001404 s
  refine_solution: new weight 73291441 (was 73291441) in 0.001327 s
47,,5904,11856,25,,1107,0,,73453320,73291441,38890937,38890937,38890937,,1034723,2,@@

  handle_small_Steiner_degrees: steiner 0, suppress 0 in 7e-06 s
Starting round 48
Found 472 isolated vertices
Invalid ratios recomputed: 516
Best ratio is 1051973/1 (1051973.0), centered at 2008
Finding the best star... Star with 2 terminals centered in 3224
round took: 0.030384 s
|V| = 6366, |E| = 11844, |R| = 24
>>> get_solution
>>> get_solution
  refine_solution: new weight 73291441 (was 73453320) in 0.001401 s
  refine_solution: new weight 73291441 (was 73291441) in 0.001322 s
48,,5894,11844,24,,516,0,,73453320,73291441,39942910,39942910,39942910,,1051973,2,@@

  delete_edges: deleted 129 edges in 0.002327 s and 5 rounds
  handle_small_Steiner_degrees: steiner 1, suppress 82 in 5.9e-05 s
Starting round 49
Found 564 isolated vertices
Invalid ratios recomputed: 1541
Best ratio is 2297143/2 (1148571.5), centered at 5361
Finding the best star... Star with 3 terminals centered in 5929
round took: 0.151106 s
|V| = 6366, |E| = 11606, |R| = 22
>>> get_solution
>>> get_solution
  refine_solution: new weight 73059010 (was 73220889) in 0.001399 s
  refine_solution: new weight 73059010 (was 73059010) in 0.001335 s
49,,5802,11606,22,,1541,0,,73220889,73059010,42240053,42240053,42240053,,2297143,3,@@

  handle_small_Steiner_degrees: steiner 0, suppress 2 in 1e-05 s
Starting round 50
Found 584 isolated vertices
Invalid ratios recomputed: 914
Best ratio is 1206491/1 (1206491.0), centered at 218
Finding the best star... Star with 2 terminals centered in 1169
round took: 0.062448 s
|V| = 6366, |E| = 11589, |R| = 21
>>> get_solution
>>> get_solution
  refine_solution: new weight 73059010 (was 73220889) in 0.001397 s
  refine_solution: new weight 73059010 (was 73059010) in 0.001323 s
50,,5782,11589,21,,914,0,,73220889,73059010,43446544,43446544,43446544,,1206491,2,@@

  handle_small_Steiner_degrees: steiner 0, suppress 1 in 1.1e-05 s
Starting round 51
Found 594 isolated vertices
Invalid ratios recomputed: 652
Best ratio is 1213215/1 (1213215.0), centered at 3355
Finding the best star... Star with 2 terminals centered in 3365
round took: 0.056231 s
|V| = 6366, |E| = 11574, |R| = 20
>>> get_solution
>>> get_solution
  refine_solution: new weight 73059010 (was 73220889) in 0.001394 s
  refine_solution: new weight 73059010 (was 73059010) in 0.00132 s
51,,5772,11574,20,,652,0,,73220889,73059010,44659759,44659759,44659759,,1213215,2,@@

  handle_small_Steiner_degrees: steiner 0, suppress 1 in 1.1e-05 s
Starting round 52
Found 605 isolated vertices
Invalid ratios recomputed: 1082
Best ratio is 1215473/1 (1215473.0), centered at 5771
Finding the best star... Star with 2 terminals centered in 5777
round took: 0.136818 s
|V| = 6366, |E| = 11563, |R| = 19
>>> get_solution
>>> get_solution
  refine_solution: new weight 73059010 (was 73220889) in 0.001399 s
  refine_solution: new weight 73059010 (was 73059010) in 0.001315 s
52,,5761,11563,19,,1082,0,,73220889,73059010,45875232,45875232,45875232,,1215473,2,@@

  handle_small_Steiner_degrees: steiner 0, suppress 1 in 1.1e-05 s
Starting round 53
Found 613 isolated vertices
Invalid ratios recomputed: 1058
Best ratio is 1236256/1 (1236256.0), centered at 724
Finding the best star... Star with 2 terminals centered in 3224
round took: 0.092702 s
|V| = 6366, |E| = 11549, |R| = 18
>>> get_solution
>>> get_solution
  refine_solution: new weight 73035376 (was 73197255) in 0.001396 s
  refine_solution: new weight 73035376 (was 73035376) in 0.001334 s
53,,5753,11549,18,,1058,0,,73197255,73035376,47111488,47111488,47111488,,1236256,2,@@

  handle_small_Steiner_degrees: steiner 0, suppress 1 in 1.2e-05 s
Starting round 54
Found 625 isolated vertices
Invalid ratios recomputed: 2242
Best ratio is 1245679/1 (1245679.0), centered at 3224
Finding the best star... Star with 2 terminals centered in 4262
round took: 0.349052 s
|V| = 6366, |E| = 11532, |R| = 17
>>> get_solution
>>> get_solution
  refine_solution: new weight 73035376 (was 73197255) in 0.0014 s
  refine_solution: new weight 73035376 (was 73035376) in 0.00133 s
54,,5741,11532,17,,2242,0,,73197255,73035376,48357167,48357167,48357167,,1245679,2,@@

  handle_small_Steiner_degrees: steiner 0, suppress 1 in 8e-06 s
Starting round 55
Found 638 isolated vertices
Invalid ratios recomputed: 2450
Best ratio is 1265278/1 (1265278.0), centered at 2608
Finding the best star... Star with 2 terminals centered in 3573
round took: 0.433358 s
|V| = 6366, |E| = 11515, |R| = 16
>>> get_solution
>>> get_solution
  refine_solution: new weight 73035376 (was 73197255) in 0.001404 s
  refine_solution: new weight 73035376 (was 73035376) in 0.001324 s
55,,5728,11515,16,,2450,0,,73197255,73035376,49622445,49622445,49622445,,1265278,2,@@

  handle_small_Steiner_degrees: steiner 0, suppress 2 in 1.2e-05 s
Starting round 56
Found 652 isolated vertices
Invalid ratios recomputed: 1935
Best ratio is 1271640/1 (1271640.0), centered at 3573
Finding the best star... Star with 2 terminals centered in 4590
round took: 0.268811 s
|V| = 6366, |E| = 11501, |R| = 15
>>> get_solution
>>> get_solution
  refine_solution: new weight 73035376 (was 73197255) in 0.001409 s
  refine_solution: new weight 73035376 (was 73035376) in 0.001327 s
56,,5714,11501,15,,1935,0,,73197255,73035376,50894085,50894085,50894085,,1271640,2,@@

  handle_small_Steiner_degrees: steiner 0, suppress 2 in 1.4e-05 s
Starting round 57
Found 663 isolated vertices
Invalid ratios recomputed: 1992
Best ratio is 1299368/1 (1299368.0), centered at 1044
Finding the best star... Star with 2 terminals centered in 1620
round took: 0.331284 s
|V| = 6366, |E| = 11485, |R| = 14
>>> get_solution
>>> get_solution
  refine_solution: new weight 73035376 (was 73197255) in 0.001407 s
  refine_solution: new weight 73035376 (was 73035376) in 0.001327 s
57,,5703,11485,14,,1992,0,,73197255,73035376,52193453,52193453,52193453,,1299368,2,@@

  handle_small_Steiner_degrees: steiner 0, suppress 0 in 8e-06 s
Starting round 58
Found 674 isolated vertices
Invalid ratios recomputed: 2943
Best ratio is 2637615/2 (1318807.5), centered at 4247
Finding the best star... Star with 3 terminals centered in 1620
round took: 0.63423 s
|V| = 6366, |E| = 11454, |R| = 12
>>> get_solution
>>> get_solution
  refine_solution: new weight 72840103 (was 73001982) in 0.001417 s
  refine_solution: new weight 72840103 (was 72840103) in 0.001324 s
58,,5692,11454,12,,2943,0,,73001982,72840103,54831068,54831068,54831068,,2637615,3,@@

  handle_small_Steiner_degrees: steiner 0, suppress 0 in 7e-06 s
Starting round 59
Found 699 isolated vertices
Invalid ratios recomputed: 3405
Best ratio is 1437035/1 (1437035.0), centered at 4858
Finding the best star... Star with 2 terminals centered in 6057
round took: 0.996357 s
|V| = 6366, |E| = 11444, |R| = 11
>>> get_solution
>>> get_solution
  refine_solution: new weight 72840103 (was 73001982) in 0.001417 s
  refine_solution: new weight 72840103 (was 72840103) in 0.001324 s
59,,5667,11444,11,,3405,0,,73001982,72840103,56268103,56268103,56268103,,1437035,2,@@

  handle_small_Steiner_degrees: steiner 0, suppress 0 in 8e-06 s
Starting round 60
Found 707 isolated vertices
Invalid ratios recomputed: 1601
Best ratio is 1438348/1 (1438348.0), centered at 5029
Finding the best star... Star with 2 terminals centered in 5189
round took: 0.273213 s
|V| = 6366, |E| = 11435, |R| = 10
>>> get_solution
>>> get_solution
  refine_solution: new weight 72821307 (was 72983186) in 0.001409 s
  refine_solution: new weight 72821307 (was 72821307) in 0.001338 s
60,,5659,11435,10,,1601,0,,72983186,72821307,57706451,57706451,57706451,,1438348,2,@@

  handle_small_Steiner_degrees: steiner 0, suppress 0 in 8e-06 s
Starting round 61
Found 715 isolated vertices
Invalid ratios recomputed: 3130
Best ratio is 1444088/1 (1444088.0), centered at 1620
Finding the best star... Star with 2 terminals centered in 5189
round took: 0.874855 s
|V| = 6366, |E| = 11420, |R| = 9
>>> get_solution
>>> get_solution
  refine_solution: new weight 72821307 (was 72983186) in 0.001418 s
  refine_solution: new weight 72821307 (was 72821307) in 0.001325 s
61,,5651,11420,9,,3130,0,,72983186,72821307,59150539,59150539,59150539,,1444088,2,@@

  handle_small_Steiner_degrees: steiner 0, suppress 0 in 7e-06 s
Starting round 62
Found 728 isolated vertices
Invalid ratios recomputed: 3818
Best ratio is 1487022/1 (1487022.0), centered at 3965
Finding the best star... Star with 2 terminals centered in 6057
round took: 1.42704 s
|V| = 6366, |E| = 11405, |R| = 8
>>> get_solution
>>> get_solution
  refine_solution: new weight 72821307 (was 72983186) in 0.001427 s
  refine_solution: new weight 72821307 (was 72821307) in 0.001328 s
62,,5638,11405,8,,3818,0,,72983186,72821307,60637561,60637561,60637561,,1487022,2,@@

  handle_small_Steiner_degrees: steiner 0, suppress 1 in 1e-05 s
Starting round 63
Found 740 isolated vertices
Invalid ratios recomputed: 3758
Best ratio is 1548615/1 (1548615.0), centered at 1303
Finding the best star... Star with 2 terminals centered in 1307
round took: 1.25494 s
|V| = 6366, |E| = 11397, |R| = 7
>>> get_solution
>>> get_solution
  refine_solution: new weight 72730814 (was 72892693) in 0.001415 s
  refine_solution: new weight 72730814 (was 72730814) in 0.001324 s
63,,5626,11397,7,,3758,0,,72892693,72730814,62186176,62186176,62186176,,1548615,2,@@

  handle_small_Steiner_degrees: steiner 0, suppress 0 in 7e-06 s
Starting round 64
Found 745 isolated vertices
Invalid ratios recomputed: 4760
Best ratio is 1582198/1 (1582198.0), centered at 112
Finding the best star... Star with 2 terminals centered in 1307
round took: 1.936 s
|V| = 6366, |E| = 11377, |R| = 6
>>> get_solution
>>> get_solution
  refine_solution: new weight 72516463 (was 72678342) in 0.001425 s
  refine_solution: new weight 72516463 (was 72516463) in 0.001334 s
64,,5621,11377,6,,4760,0,,72678342,72516463,63768374,63768374,63768374,,1582198,2,@@

  handle_small_Steiner_degrees: steiner 1, suppress 2 in 1.4e-05 s
Starting round 65
Found 763 isolated vertices
Invalid ratios recomputed: 4777
Best ratio is 1662979/1 (1662979.0), centered at 1307
Finding the best star... Star with 2 terminals centered in 5866
round took: 2.01876 s
|V| = 6366, |E| = 11361, |R| = 5
>>> get_solution
>>> get_solution
  refine_solution: new weight 72516463 (was 72678342) in 0.001426 s
  refine_solution: new weight 72516463 (was 72516463) in 0.00133 s
65,,5603,11361,5,,4777,0,,72678342,72516463,65431353,65431353,65431353,,1662979,2,@@

  handle_small_Steiner_degrees: steiner 0, suppress 0 in 7e-06 s
Starting round 66
Found 773 isolated vertices
Invalid ratios recomputed: 5114
Best ratio is 1680586/1 (1680586.0), centered at 5636
Finding the best star... Star with 2 terminals centered in 6057
round took: 2.44898 s
|V| = 6366, |E| = 11347, |R| = 4
>>> get_solution
>>> get_solution
  refine_solution: new weight 72516463 (was 72678342) in 0.001427 s
  refine_solution: new weight 72516463 (was 72516463) in 0.001355 s
66,,5593,11347,4,,5114,0,,72678342,72516463,67111939,67111939,67111939,,1680586,2,@@

  handle_small_Steiner_degrees: steiner 0, suppress 0 in 8e-06 s
Starting round 67
Found 784 isolated vertices
Invalid ratios recomputed: 5532
Best ratio is 1781903/1 (1781903.0), centered at 424
Finding the best star... Star with 2 terminals centered in 432
round took: 3.40462 s
|V| = 6366, |E| = 11336, |R| = 3
>>> get_solution
>>> get_solution
  refine_solution: new weight 72516463 (was 72678342) in 0.001439 s
  refine_solution: new weight 72516463 (was 72516463) in 0.001343 s
67,,5582,11336,3,,5532,0,,72678342,72516463,68893842,68893842,68893842,,1781903,2,@@

  handle_small_Steiner_degrees: steiner 0, suppress 0 in 7e-06 s
Starting round 68
Found 793 isolated vertices
Invalid ratios recomputed: 5573
Best ratio is 1845851/1 (1845851.0), centered at 432
Finding the best star... Star with 2 terminals centered in 6291
round took: 3.56195 s
|V| = 6366, |E| = 11308, |R| = 2
>>> get_solution
>>> get_solution
  refine_solution: new weight 72516463 (was 72678342) in 0.001431 s
  refine_solution: new weight 72516463 (was 72516463) in 0.001379 s
68,,5573,11308,2,,5573,0,,72678342,72516463,70739693,70739693,70739693,,1845851,2,@@

  handle_small_Steiner_degrees: steiner 0, suppress 1 in 1.8e-05 s
Starting round 69
Found 816 isolated vertices
Invalid ratios recomputed: 5550
Best ratio is 1938649/1 (1938649.0), centered at 1169
Finding the best star... Star with 2 terminals centered in 6291
round took: 3.58051 s
|V| = 6366, |E| = 11289, |R| = 1
>>> get_solution
>>> get_solution
  refine_solution: new weight 72516463 (was 72678342) in 0.001407 s
  refine_solution: new weight 72516463 (was 72516463) in 0.001356 s
69,,5550,11289,1,,5550,0,,72678342,72516463,72678342,72678342,72678342,,1938649,2,@@

  handle_small_Steiner_degrees: steiner 0, suppress 0 in 7e-06 s
contract_till_the_bitter_end: 26.2343 s

Calling end_heu
>>> get_solution
Saved weight 0
DŽ: 72678342 -> 72112264
  BEST solution improved 72678342 -> 72112264 (vert_size 0, round 1) *
  BEST solution improved 72112264 -> 72110487 (vert_size 1, round 19)
  BEST solution improved 72110487 -> 72071711 (vert_size 2, round 38)
  BEST solution improved 72071711 -> 72067844 (vert_size 4, round 77)
  BEST solution improved 72067844 -> 71965343 (vert_size 4, round 140)
  BEST solution improved 71965343 -> 71699027 (vert_size 2, round 181)
  BEST solution improved 71699027 -> 71691471 (vert_size 3, round 260) *
  BEST solution improved 71691471 -> 71673400 (vert_size 7, round 530) *
DŽ: 71673400 -> 71537041
  BEST solution improved 71673400 -> 71537041 (vert_size 0, round 1001) *
  BEST solution improved 71537041 -> 71525754 (vert_size 4, round 1012)
  BEST solution improved 71525754 -> 71437085 (vert_size 1, round 1072)
DŽ: 71437085 -> 71437085
  BEST solution improved 71437085 -> 71395097 (vert_size 2, round 2741) *
DŽ: 71395097 -> 71239647
  BEST solution improved 71395097 -> 71239647 (vert_size 0, round 3001) *
DŽ: 71239647 -> 71239647
DŽ: 71965343 -> 71415650
DŽ: 71673400 -> 71499070
DŽ: 71239647 -> 71239647
DŽ: 71437085 -> 71361502
DŽ: 71361502 -> 71474698
DŽ: 71423507 -> 71399114
DŽ: 71402432 -> 71390023
DŽ: 71239647 -> 71239647
DŽ: 71239647 -> 71519361
DŽ: 71323780 -> 71512310
DŽ: 71381424 -> 71474698
DŽ: 71378736 -> 71290067
DŽ: 71443429 -> 71333301
DŽ: 71290067 -> 71790929
DŽ: 71239647 -> 71239647
DŽ: 71407664 -> 71417185
DŽ: 71239647 -> 71239647
DŽ: 71399114 -> 71399114
DŽ: 71361502 -> 71395585
DŽ: 71239647 -> 71239647
  BEST solution improved 71395585 -> 71195453 (vert_size 4, round 24465) *
DŽ: 71195453 -> 71195453
DŽ: 71315230 -> 71594944
DŽ: 71391722 -> 71837663
DŽ: 71437085 -> 71437085
DŽ: 71395585 -> 71681322
DŽ: 71401076 -> 71401872
DŽ: 71195453 -> 71195453
DŽ: 71341880 -> 71195453
DŽ: 71378736 -> 71290067
DŽ: 71195453 -> 71195453
DŽ: 71335849 -> 71439689
DŽ: 71391722 -> 71315230
DŽ: 71195453 -> 71195453
DŽ: 71395585 -> 71195453
DŽ: 71239647 -> 71358399

 start over 39880 loops 160 unique solutions 
Original + vert_size 13 
DŽ: 72678342 -> 72112264
DŽ: 71487759 -> 71622910
DŽ: 71239647 -> 71715346
DŽ: 71195453 -> 71195453
DŽ: 71487759 -> 71315230
DŽ: 71827086 -> 71555837
DŽ: 71195453 -> 71195453
DŽ: 71845157 -> 71671212
DŽ: 71239647 -> 71273730
DŽ: 71845157 -> 71555112
DŽ: 71978117 -> 71867375
DŽ: 71419478 -> 71411922
DŽ: 71239647 -> 71239647
DŽ: 71625779 -> 71625779
DŽ: 71526905 -> 71559467
DŽ: 71845157 -> 71493441
DŽ: 71195453 -> 71195453
DŽ: 71239647 -> 71323531
DŽ: 71715944 -> 71788090
DŽ: 71195453 -> 71195453
DŽ: 71343051 -> 71290067
DŽ: 71195453 -> 71195453
  BEST solution improved 71195453 -> 71153465 (vert_size 4, round 60320) *
DŽ: 71153465 -> 71073598
  BEST solution improved 71153465 -> 71073598 (vert_size 0, round 61001) *
  BEST solution improved 71073598 -> 71055991 (vert_size 4, round 61457) *
  BEST solution improved 71055991 -> 71048435 (vert_size 3, round 61921) *
DŽ: 71048435 -> 71048435
DŽ: 71290067 -> 71324150
DŽ: 71195453 -> 71195453
DŽ: 71290067 -> 71457052
DŽ: 71048435 -> 71048435
DŽ: 71048435 -> 71549297
DŽ: 71316139 -> 71318862
DŽ: 71048435 -> 71048435
DŽ: 71048435 -> 71048435
DŽ: 71073598 -> 71335241
DŽ: 71073598 -> 71448437
DŽ: 71073598 -> 71073598
DŽ: 71048435 -> 71048435
DŽ: 71239647 -> 71273730
DŽ: 71048435 -> 71048435
DŽ: 71109162 -> 71073598
DŽ: 71048435 -> 71048435

 start over 78753 loops 208 unique solutions 
Approx + random 
DŽ: 78213577 -> 72507392
DŽ: 71314566 -> 71290067
DŽ: 71577872 -> 71428426
DŽ: 71048435 -> 71048435
DŽ: 71315230 -> 71468065
DŽ: 71048435 -> 71048435
DŽ: 71322122 -> 71290067
DŽ: 71184896 -> 71251071
DŽ: 71577872 -> 71663449
DŽ: 71239647 -> 71239647
DŽ: 71239647 -> 71239647
DŽ: 71719528 -> 71833673
DŽ: 71386184 -> 71336933
DŽ: 71048435 -> 71048435
DŽ: 71406801 -> 71320805
DŽ: 71427094 -> 71320805
DŽ: 71048435 -> 71066506
DŽ: 71048435 -> 71048435
DŽ: 71048435 -> 71310078
DŽ: 71428968 -> 71320784
DŽ: 71048435 -> 71048435
DŽ: 71048435 -> 71048435
DŽ: 71428968 -> 71442402
DŽ: 71066506 -> 71066506
DŽ: 71179929 -> 71547763
DŽ: 71066506 -> 71066506
DŽ: 71315230 -> 71576873
DŽ: 71290067 -> 71324150
DŽ: 71048435 -> 71048435
DŽ: 71568735 -> 71602818
DŽ: 71134171 -> 71124018
DŽ: 71048435 -> 71048435
DŽ: 71048435 -> 71048435
DŽ: 71048435 -> 71048435
DŽ: 71066506 -> 71066506
DŽ: 71048435 -> 71048435
DŽ: 71134171 -> 71124018
DŽ: 71203571 -> 71324150
DŽ: 71179929 -> 71048435
DŽ: 71048435 -> 71048435
DŽ: 71066506 -> 71066506
DŽ: 71048435 -> 71048435

 start over 119232 loops 241 unique solutions 
Original + vert_size 0 
DŽ: 72678342 -> 72112264
DŽ: 71048435 -> 71048435
DŽ: 71048435 -> 71048435
DŽ: 71048435 -> 71248567
DŽ: 71315230 -> 71315230
DŽ: 71048435 -> 71048435
DŽ: 71438396 -> 71220828
DŽ: 71048435 -> 71048435
DŽ: 71048435 -> 71048435
DŽ: 71521838 -> 71790102
DŽ: 71048435 -> 71048435
DŽ: 71309518 -> 71220849
DŽ: 71274961 -> 71220849
DŽ: 71170297 -> 71048435
DŽ: 71048435 -> 71048435
DŽ: 71315230 -> 71315230
DŽ: 71048435 -> 71048435
DŽ: 71048435 -> 71048435
DŽ: 71048435 -> 71048435
DŽ: 71048435 -> 71048435
DŽ: 71588598 -> 71953700
DŽ: 71048435 -> 71048435
DŽ: 71170297 -> 71215420
DŽ: 71315230 -> 71315230
DŽ: 71897467 -> 71586936
DŽ: 71048435 -> 71048435
DŽ: 71048435 -> 71048435
DŽ: 71048435 -> 71048435
DŽ: 71220828 -> 71124018
DŽ: 71749316 -> 71592957
DŽ: 71297623 -> 71508692

 start over 149839 loops 271 unique solutions 
Original + vert_size 0 
DŽ: 72678342 -> 72112264
DŽ: 71489660 -> 71530446
DŽ: 71271809 -> 71255833
DŽ: 71048435 -> 71139357
DŽ: 71315230 -> 71349313
DŽ: 71631127 -> 71617443
DŽ: 71048435 -> 71048435
DŽ: 71631127 -> 71705190
DŽ: 71048435 -> 71048435
DŽ: 71048435 -> 71048435
DŽ: 71489030 -> 71361267
DŽ: 71048435 -> 71048435
DŽ: 71361267 -> 71512375
DŽ: 71255833 -> 71517476
DŽ: 71255833 -> 71149181
DŽ: 71048435 -> 71048435
DŽ: 71048435 -> 71048435
DŽ: 71391722 -> 71576873
DŽ: 71048435 -> 71048435
DŽ: 71580697 -> 71379338
DŽ: 71705190 -> 71586438
DŽ: 71586438 -> 71604509
DŽ: 71124018 -> 71124018
DŽ: 71412341 -> 71333301
DŽ: 71521664 -> 71471168
DŽ: 71048435 -> 71048435
DŽ: 71437876 -> 71246012
DŽ: 71467188 -> 71480019
DŽ: 71511104 -> 71536637
DŽ: 71048435 -> 71048435
DŽ: 71338872 -> 71405047
DŽ: 71124018 -> 71124018
DŽ: 71315230 -> 71349313
DŽ: 71048435 -> 71048435

 start over 182544 loops 305 unique solutions 
Approx + random 
DŽ: 78213577 -> 73217526
DŽ: 71382917 -> 71532679
DŽ: 71271036 -> 71271036
DŽ: 71048435 -> 71048435
DŽ: 71271036 -> 71471008
DŽ: 73217526 -> 72377303
DŽ: 71149181 -> 71149181
DŽ: 71219991 -> 71124018
DŽ: 71888113 -> 71591944
DŽ: 71591944 -> 71734742
DŽ: 71048435 -> 71048435
DŽ: 71048435 -> 71048435
DŽ: 71734742 -> 71734742
DŽ: 71048435 -> 71048435
DŽ: 71048435 -> 71048435
DŽ: 71554308 -> 71849131
DŽ: 71716285 -> 71568300
DŽ: 71591944 -> 71665602
DŽ: 71676919 -> 71270678
DŽ: 71048435 -> 71048435
DŽ: 71048435 -> 71048435
DŽ: 71734742 -> 72056729
DŽ: 71048435 -> 71048435
DŽ: 71048435 -> 71048435
DŽ: 71387848 -> 71281196
DŽ: 71048435 -> 71048435
DŽ: 71048435 -> 71048435
DŽ: 71048435 -> 71048435
DŽ: 71048435 -> 71048435
DŽ: 71048435 -> 71048435
DŽ: 71048435 -> 71048435
DŽ: 71048435 -> 71048435
DŽ: 71048435 -> 71048435
DŽ: 71387848 -> 71487957
DŽ: 71082148 -> 71192350
DŽ: 71048435 -> 71048435
DŽ: 71399138 -> 71281196
DŽ: 71048435 -> 71048435
DŽ: 71273058 -> 71273058

 start over 220268 loops 336 unique solutions 
Original + vert_size 0 
DŽ: 72678342 -> 72112264
DŽ: 71127559 -> 71073598
DŽ: 71048435 -> 71048435
DŽ: 71082148 -> 71186794
DŽ: 71103975 -> 71167187
DŽ: 71315702 -> 71073598
DŽ: 71927889 -> 71631720
DŽ: 71149181 -> 71149181
DŽ: 71568300 -> 71240583
DŽ: 71591944 -> 71818788
DŽ: 72112264 -> 72070276
DŽ: 71734742 -> 71527144
DŽ: 71927889 -> 71442592
DŽ: 71797703 -> 71493441
DŽ: 71048435 -> 71048435
DŽ: 71048435 -> 71048435
DŽ: 71048435 -> 71048435
DŽ: 71073598 -> 71091669
DŽ: 71048435 -> 71048435
DŽ: 71048435 -> 71048435
DŽ: 71073598 -> 71073598
DŽ: 71527144 -> 71527144
DŽ: 71048435 -> 71048435
DŽ: 71048435 -> 71048435
DŽ: 71048435 -> 71048435
DŽ: 71048435 -> 71167187
DŽ: 71739407 -> 71415186
DŽ: 71599356 -> 71415186
DŽ: 71048435 -> 71048435
DŽ: 71073598 -> 71073598
DŽ: 71048435 -> 71048435
DŽ: 71048435 -> 71161631
DŽ: 71048435 -> 71048435
DŽ: 71149181 -> 71149181
DŽ: 71048435 -> 71048435
DŽ: 71527144 -> 71527144

 start over 255863 loops 369 unique solutions 
Original + vert_size 0 
DŽ: 72678342 -> 72112264
DŽ: 71048435 -> 71132319
DŽ: 71048435 -> 71048435
DŽ: 71064541 -> 71132319
DŽ: 71048435 -> 71048435
DŽ: 71048435 -> 71048435
DŽ: 71132319 -> 71132319
DŽ: 71375414 -> 71315230
DŽ: 71110289 -> 71310078
DŽ: 71679223 -> 71602510
DŽ: 71310078 -> 71385661
DŽ: 71110289 -> 71167187
DŽ: 71048435 -> 71048435
DŽ: 71076593 -> 71048435
DŽ: 71202470 -> 71048435
DŽ: 71330452 -> 71292825
DŽ: 71257965 -> 71389129
DŽ: 71048435 -> 71048435
DŽ: 71076593 -> 71132319
DŽ: 71048435 -> 71048435
DŽ: 71087965 -> 71048435
DŽ: 71048435 -> 71048435
DŽ: 71076593 -> 71048435
DŽ: 71048435 -> 71048435
DŽ: 71048435 -> 71048435
DŽ: 71048435 -> 71048435
DŽ: 71355024 -> 71142089
DŽ: 71048435 -> 71048435
DŽ: 71157703 -> 71242770
DŽ: 71315230 -> 71399114
DŽ: 71292825 -> 71292825
DŽ: 71048435 -> 71048435
DŽ: 71158341 -> 71220828
DŽ: 71124018 -> 71124018
DŽ: 71048435 -> 71048435
DŽ: 71150277 -> 71385661
DŽ: 71048435 -> 71132319
DŽ: 71124018 -> 71124018

 start over 292643 loops 404 unique solutions 
Approx + random 
DŽ: 78213577 -> 72328066
DŽ: 71335849 -> 71315230
DŽ: 71076593 -> 71132319
DŽ: 71048435 -> 71048435
DŽ: 71048435 -> 71048435
DŽ: 71797019 -> 71329307
DŽ: 71048435 -> 71048435
DŽ: 71329307 -> 71321751
DŽ: 71797019 -> 71321751
DŽ: 71048435 -> 71048435
DŽ: 71340605 -> 71426979
DŽ: 71048435 -> 71048435
DŽ: 71048435 -> 71048435
DŽ: 71048435 -> 71048435
DŽ: 71087965 -> 71066506
DŽ: 71048435 -> 71048435
DŽ: 71329307 -> 71321751
DŽ: 71048435 -> 71048435
DŽ: 71132319 -> 71132319
DŽ: 71048435 -> 71048435
DŽ: 71048435 -> 71048435
DŽ: 71048435 -> 71048435
DŽ: 71329307 -> 71339822
DŽ: 71056985 -> 71161631
DŽ: 71048435 -> 71048435
DŽ: 71543748 -> 71679704
DŽ: 71048435 -> 71048435
DŽ: 71048435 -> 71549297
DŽ: 71329307 -> 71384346
DŽ: 71048435 -> 71048435
DŽ: 71048435 -> 71048435
DŽ: 71346286 -> 71073598
DŽ: 71048435 -> 71048435
DŽ: 71087965 -> 71549297

 start over 325604 loops 434 unique solutions 
Approx + random 
DŽ: 78213577 -> 72951849
DŽ: 71329307 -> 71321751
DŽ: 71048435 -> 71048435
DŽ: 71048435 -> 71048435
DŽ: 71048435 -> 71048435
DŽ: 71048435 -> 71048435
DŽ: 71048435 -> 71048435
DŽ: 71048435 -> 71676599
DŽ: 71048435 -> 71048435
DŽ: 71473588 -> 71192350
DŽ: 71048435 -> 71048435
DŽ: 72239659 -> 71843756
DŽ: 71048435 -> 71167187
DŽ: 71048435 -> 71048435
DŽ: 71048435 -> 71048435
DŽ: 71048435 -> 71048435
DŽ: 71832469 -> 71943932
DŽ: 71048435 -> 71048435
DŽ: 71522463 -> 71170429
DŽ: 71599974 -> 71170429
DŽ: 71048435 -> 71048435
DŽ: 71048435 -> 71048435
DŽ: 71048435 -> 71087869
DŽ: 71048435 -> 71048435
DŽ: 71048435 -> 71048435
DŽ: 71048435 -> 71048435
DŽ: 71783872 -> 71824006
DŽ: 71170429 -> 71170429
DŽ: 71106647 -> 71073598
DŽ: 71048435 -> 71048435
DŽ: 71048435 -> 71248567
DŽ: 71048435 -> 71048435
DŽ: 71048435 -> 71048435
DŽ: 71087869 -> 71087869
DŽ: 71073598 -> 71073598

 start over 359781 loops 466 unique solutions 
Approx + random 
DŽ: 78213577 -> 72848263
DŽ: 71722889 -> 71289181
DŽ: 71048435 -> 71048435
DŽ: 71176984 -> 71192350
DŽ: 71073598 -> 71048435
DŽ: 71048435 -> 71048435
DŽ: 71106647 -> 71273730
DŽ: 71048435 -> 71048435
DŽ: 71073598 -> 71335241
DŽ: 71555524 -> 71323059
DŽ: 71722889 -> 71270385
DŽ: 71048435 -> 71048435
DŽ: 71170429 -> 71170429
DŽ: 71048435 -> 71048435
DŽ: 71195951 -> 71162344
DŽ: 71195951 -> 71113032
DŽ: 71073598 -> 71073598
DŽ: 71150090 -> 71175553
DŽ: 71073598 -> 71073598
DŽ: 71048435 -> 71048435
DŽ: 71259098 -> 71170429
DŽ: 71210274 -> 71353312
DŽ: 71113032 -> 71113032
DŽ: 71048435 -> 71048435
DŽ: 71321751 -> 71321751
DŽ: 71299002 -> 71257438
DŽ: 71048435 -> 71048435
DŽ: 71113032 -> 71231784
DŽ: 71231784 -> 71431916
DŽ: 71298766 -> 71206621
DŽ: 71205092 -> 71073598
DŽ: 71431916 -> 71271560
DŽ: 71152719 -> 71440715
DŽ: 71224236 -> 71113032
DŽ: 71048435 -> 71048435

 start over 393538 loops 501 unique solutions 
Original + vert_size 13 
DŽ: 72678342 -> 72112264
DŽ: 71073598 -> 71073598
DŽ: 71321751 -> 71321751
DŽ: 71048435 -> 71048435
DŽ: 71048435 -> 71048435
DŽ: 71153476 -> 71073598
DŽ: 71113032 -> 71423987
DŽ: 71073598 -> 71073598
DŽ: 71048435 -> 71048435
DŽ: 71048435 -> 71048435
DŽ: 71321751 -> 71321751
DŽ: 71321751 -> 71321751
DŽ: 71048435 -> 71048435
DŽ: 71321751 -> 71329307
DŽ: 71569568 -> 71633811
DŽ: 71321751 -> 71321751
DŽ: 71374675 -> 71374675
DŽ: 71198236 -> 71549297
DŽ: 71321751 -> 71321751
DŽ: 71048435 -> 71048435
DŽ: 71048435 -> 71048435
DŽ: 71321751 -> 71321751
DŽ: 71048435 -> 71048435
DŽ: 71321751 -> 71321751
DŽ: 71494171 -> 71315230
DŽ: 71198236 -> 71073598
DŽ: 71321751 -> 71605929
DŽ: 71321751 -> 71321751
DŽ: 71048435 -> 71048435
DŽ: 71048435 -> 71048435
DŽ: 71048435 -> 71066506
DŽ: 71321751 -> 71339822
DŽ: 71048435 -> 71048435
DŽ: 71529439 -> 71521883
DŽ: 71048435 -> 71048435
DŽ: 71321751 -> 71521883

 start over 428314 loops 534 unique solutions 
Approx + random 
DŽ: 78213577 -> 73344797
DŽ: 71048435 -> 71048435
DŽ: 71321751 -> 71440503
DŽ: 71048435 -> 71048435
DŽ: 71048435 -> 71048435
DŽ: 71048435 -> 71048435
DŽ: 71048435 -> 71048435
DŽ: 71569568 -> 71415186
DŽ: 72041627 -> 71462724
DŽ: 71198236 -> 71073598
DŽ: 71048435 -> 71048435
DŽ: 71440503 -> 71440503
DŽ: 71048435 -> 71048435
DŽ: 72999386 -> 72462639
DŽ: 71462724 -> 71474082
DŽ: 71440503 -> 71440503
DŽ: 71337259 -> 71485368
DŽ: 71418366 -> 71268498
DŽ: 71418366 -> 71202685
DŽ: 71048435 -> 71048435
DŽ: 71363540 -> 71195218
DŽ: 71048435 -> 71048435
DŽ: 71337259 -> 71337259
DŽ: 71195218 -> 71195218
DŽ: 71048435 -> 71048435
DŽ: 71195218 -> 71119635
DŽ: 71272280 -> 71272280
DŽ: 71278061 -> 71219931
DŽ: 71254673 -> 71247117
DŽ: 71048435 -> 71048435
DŽ: 71048435 -> 71048435
DŽ: 71129443 -> 71032607
  BEST solution improved 71129443 -> 71032607 (vert_size 0, round 459001) *
DŽ: 71032607 -> 71032607
DŽ: 71032607 -> 71032607
DŽ: 71032607 -> 71032607
DŽ: 71032607 -> 71032607
DŽ: 71185591 -> 71032607
DŽ: 71254673 -> 71580186

 start over 465632 loops 569 unique solutions 
Original + vert_size 13 
DŽ: 72678342 -> 72053358
DŽ: 71440503 -> 71440503
DŽ: 71195218 -> 71119635
DŽ: 71286125 -> 71078644
DŽ: 71991109 -> 71642895
DŽ: 71252363 -> 71213322
DŽ: 71048435 -> 71150390
DŽ: 71576171 -> 71707701
DŽ: 71655411 -> 71431090
DŽ: 71078644 -> 71175454
DŽ: 71642895 -> 71720502
DŽ: 71440503 -> 71440503
DŽ: 71576171 -> 71427987
DŽ: 71570878 -> 71570878
DŽ: 72035287 -> 71993299
DŽ: 71032607 -> 71032607
DŽ: 71720502 -> 71982145
DŽ: 71618159 -> 71431090
DŽ: 71598256 -> 72006761
DŽ: 71431090 -> 71431090
DŽ: 71032607 -> 71032607
DŽ: 71556976 -> 71402824
DŽ: 71440503 -> 71645896
DŽ: 71470292 -> 71402824
DŽ: 71515898 -> 71631222
DŽ: 71564532 -> 71402824
DŽ: 71309235 -> 71309235
DŽ: 71309235 -> 71631222
DŽ: 71376311 -> 71321751
DŽ: 71213322 -> 71213322
DŽ: 71175454 -> 71118420
DŽ: 71032607 -> 71032607
DŽ: 71564532 -> 71402824
DŽ: 71570878 -> 71570878
DŽ: 71032607 -> 71032607
DŽ: 71631222 -> 72049262
DŽ: 71291628 -> 71701187
DŽ: 71032607 -> 71032607
DŽ: 71291628 -> 71284072

 start over 503610 loops 603 unique solutions 
Original + vert_size 0 
DŽ: 72678342 -> 72112264
DŽ: 71515898 -> 71713676
DŽ: 71440503 -> 71371510
DŽ: 71032607 -> 71032607
DŽ: 71032607 -> 71032607
DŽ: 71032607 -> 71032607
DŽ: 71032607 -> 71032607
DŽ: 71291628 -> 71426870
DŽ: 71426870 -> 71284072
DŽ: 71430257 -> 71421707
DŽ: 71032607 -> 71032607
DŽ: 72112264 -> 71990409
DŽ: 71032607 -> 71032607
DŽ: 71309235 -> 71309235
DŽ: 71551998 -> 71499070
DŽ: 71032607 -> 71032607
DŽ: 71032607 -> 71032607
DŽ: 71213322 -> 71219931
DŽ: 71321751 -> 71321751
DŽ: 71032607 -> 71032607
DŽ: 71032607 -> 71032607
DŽ: 71323780 -> 71315230
DŽ: 71032607 -> 71032607
DŽ: 71551998 -> 71592957
DŽ: 71383964 -> 71349313
DŽ: 71321751 -> 71521883
DŽ: 71349313 -> 71349313
DŽ: 71032607 -> 71032607
DŽ: 71321751 -> 71321751
DŽ: 71321751 -> 71321751
DŽ: 71032607 -> 71032607
DŽ: 71032607 -> 71199592
DŽ: 71032607 -> 71032607
DŽ: 71321751 -> 71321751

 start over 536728 loops 638 unique solutions 
Approx + random 
DŽ: 78213577 -> 72671207
DŽ: 71032607 -> 71032607
DŽ: 71399114 -> 71399114
DŽ: 71383964 -> 71874878
DŽ: 71032607 -> 71032607
DŽ: 71551998 -> 71415186
DŽ: 72320274 -> 71638333
DŽ: 71032607 -> 71032607
DŽ: 71321751 -> 71762490
DŽ: 71032607 -> 71032607
DŽ: 71780655 -> 71463210
DŽ: 71032607 -> 71769949
DŽ: 71321751 -> 71616054
DŽ: 71032607 -> 71032607
DŽ: 71032607 -> 71032607
DŽ: 71321751 -> 71643738
DŽ: 71599412 -> 71258174
DŽ: 71032607 -> 71097586
DŽ: 71321751 -> 71440503
DŽ: 71440503 -> 71440503
DŽ: 71032607 -> 71032607
DŽ: 71321751 -> 71321751
DŽ: 71363254 -> 71371392
DŽ: 71032607 -> 71032607
DŽ: 71032607 -> 71032607
DŽ: 71032607 -> 71032607
DŽ: 71097586 -> 71097586
DŽ: 71715557 -> 71431572
DŽ: 71032607 -> 71032607
DŽ: 71339172 -> 71331616
DŽ: 71032607 -> 71032607
DŽ: 71032607 -> 71032607
DŽ: 71367657 -> 71331616
DŽ: 71097586 -> 71573285
DŽ: 71131574 -> 71131574
DŽ: 71032607 -> 71032607
DŽ: 71032607 -> 71032607
DŽ: 71371392 -> 71509321
DŽ: 71032607 -> 71032607
DŽ: 71331616 -> 71498601
DŽ: 71032607 -> 71294250

 start over 576237 loops 674 unique solutions 
Original + vert_size 0 
DŽ: 72678342 -> 72112264
DŽ: 71397827 -> 71364989
DŽ: 71032607 -> 71032607
DŽ: 71032607 -> 71032607
DŽ: 71404745 -> 71192350
DŽ: 71579163 -> 71592957
DŽ: 71032607 -> 71032607
DŽ: 71032607 -> 71032607
DŽ: 71032607 -> 71199592
DŽ: 71032607 -> 71032607
DŽ: 71032607 -> 71032607
DŽ: 71032607 -> 71032607
DŽ: 71545933 -> 71651573
DŽ: 71740879 -> 71423434
DŽ: 71556907 -> 71415186
DŽ: 71032607 -> 71032607
DŽ: 71032607 -> 71116491
DŽ: 71032607 -> 71032607
DŽ: 71032607 -> 71294250
DŽ: 71032607 -> 71032607
DŽ: 71032607 -> 71032607
DŽ: 71032607 -> 71032607
DŽ: 71041157 -> 71015000
  BEST solution improved 71041157 -> 71015000 (vert_size 0, round 598001) *
DŽ: 71015000 -> 71007444
  BEST solution improved 71015000 -> 71007444 (vert_size 0, round 599001) *
DŽ: 71007444 -> 71007444
DŽ: 71158281 -> 71173554
DŽ: 71032607 -> 71364006
DŽ: 71131506 -> 71192350
DŽ: 71007444 -> 71007444
DŽ: 71007444 -> 71007444
DŽ: 71007444 -> 71007444
DŽ: 71007444 -> 71007444
DŽ: 71162267 -> 71073598
DŽ: 71007444 -> 71007444
DŽ: 71121353 -> 71032607
DŽ: 71032607 -> 71032607
DŽ: 71007444 -> 71007444
DŽ: 71007444 -> 71007444
DŽ: 71007444 -> 71007444
DŽ: 71032607 -> 71232739
DŽ: 71072834 -> 71477457
DŽ: 71007444 -> 71007444
DŽ: 71007444 -> 71007444
DŽ: 71015000 -> 71007444

 start over 619360 loops 709 unique solutions 
Approx + random 
DŽ: 78213577 -> 73639023
DŽ: 71007444 -> 71007444
DŽ: 71072834 -> 71032607
DŽ: 71007444 -> 71007444
DŽ: 71357807 -> 71290067
DŽ: 72533282 -> 72125115
DŽ: 73251845 -> 72657703
DŽ: 71556907 -> 71517824
DŽ: 72506908 -> 72149348
DŽ: 72083519 -> 71837856
DŽ: 71007444 -> 71007444
DŽ: 71908522 -> 71919069
DŽ: 71533143 -> 71375939
DŽ: 71032607 -> 71508306
DŽ: 71609105 -> 71609105
DŽ: 71007444 -> 71007444
DŽ: 71352594 -> 71234652
DŽ: 71007444 -> 71007444
DŽ: 71305295 -> 71192350
DŽ: 71920250 -> 71765221
DŽ: 71634245 -> 71577902
DŽ: 71518612 -> 71609105
DŽ: 71007444 -> 71007444
end_heu: 641945 loops with 752 unique solutions in 1799.6 s

Calling print_solution
>>> get_solution
  refine_solution: new weight 71007444 (was 71007444) in 0.001367 s
## FINAL WEIGHT 71007444
print_solution: 0.003046 s
