Version: final-94-gfffc3aa rub_all.sh: remove longest prefix
Random seed: 1552050076
Start
>>> save_orig_graph
>> Saved weight 0
Graph loaded
|V| = 8101, |E| = 16020, |R| = 90
First clearance of the input. Calling buy_zero and run_all_heuristics.
  buy_zero: 0 zero edges in 1.9e-05 s
  handle_small_terminal_degrees: terms 0 in 6e-06 s
  handle_small_Steiner_degrees: steiner 0, suppress 4 in 1.3e-05 s
  shortest_edge_between_terminals: 0 edges in 4e-06 s
  handle_small_terminal_degrees: terms 0 in 6e-06 s
  handle_small_Steiner_degrees: steiner 0, suppress 0 in 1e-05 s
  shortest_edge_between_terminals: 0 edges in 2e-06 s
Compressed graph 8101 -> 8096
  delete_edges: deleted 4 edges in 0.000366 s and 1 rounds
  handle_small_terminal_degrees: terms 0 in 6e-06 s
  handle_small_Steiner_degrees: steiner 0, suppress 8 in 1.3e-05 s
  shortest_edge_between_terminals: 0 edges in 2e-06 s
  handle_small_terminal_degrees: terms 0 in 6e-06 s
  handle_small_Steiner_degrees: steiner 0, suppress 0 in 1e-05 s
  shortest_edge_between_terminals: 0 edges in 1e-06 s
Compressed graph 8096 -> 8088
  delete_edges_shortest_path: deleted 8 edges in 0.041674 s
  handle_small_terminal_degrees: terms 0 in 6e-06 s
  handle_small_Steiner_degrees: steiner 0, suppress 11 in 1.5e-05 s
  shortest_edge_between_terminals: 0 edges in 3e-06 s
  handle_small_terminal_degrees: terms 0 in 6e-06 s
  handle_small_Steiner_degrees: steiner 0, suppress 0 in 1.1e-05 s
  shortest_edge_between_terminals: 0 edges in 2e-06 s
Compressed graph 8088 -> 8077
  handle_small_terminal_degrees: terms 0 in 6e-06 s
  handle_small_Steiner_degrees: steiner 0, suppress 0 in 9e-06 s
  shortest_edge_between_terminals: 0 edges in 4e-06 s
Compressed graph 8077 -> 8077
  delete_edges_shortest_path: deleted 11 edges in 0.041197 s
  handle_small_terminal_degrees: terms 0 in 6e-06 s
  handle_small_Steiner_degrees: steiner 0, suppress 14 in 1.5e-05 s
  shortest_edge_between_terminals: 0 edges in 3e-06 s
  handle_small_terminal_degrees: terms 0 in 6e-06 s
  handle_small_Steiner_degrees: steiner 0, suppress 0 in 1e-05 s
  shortest_edge_between_terminals: 0 edges in 1e-06 s
Compressed graph 8077 -> 8063
Compressed graph 8063 -> 8063
>>> save_orig_graph
>> Saved weight 0
### ZEL_LVL=0 PRECISE_STARS=1

Calling `contract_till_the_bitter_end`
|V| = 8063, |E| = 15960, |R| = 90
>>> get_solution
>>> get_solution
  refine_solution: new weight 75276457 (was 75387449) in 0.0018 s
  refine_solution: new weight 75276457 (was 75276457) in 0.001634 s
0,,8063,15960,90,,0,0,,75387449,75276457,0,0,0,,0,0,@@

  delete_edges: deleted 14 edges in 0.00075 s and 2 rounds
  handle_small_Steiner_degrees: steiner 0, suppress 17 in 1.9e-05 s
Starting round 1
Found 17 isolated vertices
Invalid ratios recomputed: 8046
Best ratio is 71107/1 (71107.0), centered at 6023
Finding the best star... Star with 2 terminals centered in 6025
round took: 0.550476 s
|V| = 8063, |E| = 15925, |R| = 89
>>> get_solution
>>> get_solution
  refine_solution: new weight 75276457 (was 75387449) in 0.001728 s
  refine_solution: new weight 75276457 (was 75276457) in 0.001621 s
1,,8046,15925,89,,8046,0,,75387449,75276457,71107,71107,71107,,71107,2,@@

  handle_small_Steiner_degrees: steiner 0, suppress 0 in 1e-05 s
Starting round 2
Found 20 isolated vertices
Invalid ratios recomputed: 2013
Best ratio is 105723/1 (105723.0), centered at 3591
Finding the best star... Star with 2 terminals centered in 3771
round took: 0.199655 s
|V| = 8063, |E| = 15921, |R| = 88
>>> get_solution
>>> get_solution
  refine_solution: new weight 75276457 (was 75387449) in 0.001726 s
  refine_solution: new weight 75276457 (was 75276457) in 0.00162 s
2,,8043,15921,88,,2013,0,,75387449,75276457,176830,176830,176830,,105723,2,@@

  handle_small_Steiner_degrees: steiner 0, suppress 0 in 1e-05 s
Starting round 3
Found 23 isolated vertices
Invalid ratios recomputed: 1726
Best ratio is 196387/1 (196387.0), centered at 5566
Finding the best star... Star with 2 terminals centered in 5659
round took: 0.212737 s
|V| = 8063, |E| = 15916, |R| = 87
>>> get_solution
>>> get_solution
  refine_solution: new weight 75276457 (was 75387449) in 0.001724 s
  refine_solution: new weight 75276457 (was 75276457) in 0.001618 s
3,,8040,15916,87,,1726,0,,75387449,75276457,373217,373217,373217,,196387,2,@@

  handle_small_Steiner_degrees: steiner 0, suppress 0 in 1e-05 s
Starting round 4
Found 27 isolated vertices
Invalid ratios recomputed: 2107
Best ratio is 209471/1 (209471.0), centered at 3550
Finding the best star... Star with 2 terminals centered in 3733
round took: 0.238898 s
|V| = 8063, |E| = 15910, |R| = 86
>>> get_solution
>>> get_solution
  refine_solution: new weight 75276457 (was 75387449) in 0.001723 s
  refine_solution: new weight 75276457 (was 75276457) in 0.001637 s
4,,8036,15910,86,,2107,0,,75387449,75276457,582688,582688,582688,,209471,2,@@

  handle_small_Steiner_degrees: steiner 0, suppress 0 in 1e-05 s
Starting round 5
Found 32 isolated vertices
Invalid ratios recomputed: 2746
Best ratio is 213783/1 (213783.0), centered at 3080
Finding the best star... Star with 2 terminals centered in 3351
round took: 0.314351 s
|V| = 8063, |E| = 15904, |R| = 85
>>> get_solution
>>> get_solution
  refine_solution: new weight 75265078 (was 75376070) in 0.00172 s
  refine_solution: new weight 75265078 (was 75265078) in 0.001619 s
5,,8031,15904,85,,2746,0,,75376070,75265078,796471,796471,796471,,213783,2,@@

  handle_small_Steiner_degrees: steiner 0, suppress 0 in 1e-05 s
Starting round 6
Found 36 isolated vertices
Invalid ratios recomputed: 2736
Best ratio is 275408/1 (275408.0), centered at 2066
Finding the best star... Star with 2 terminals centered in 2068
round took: 0.3477 s
|V| = 8063, |E| = 15900, |R| = 84
>>> get_solution
>>> get_solution
  refine_solution: new weight 75238208 (was 75349200) in 0.001728 s
  refine_solution: new weight 75238208 (was 75238208) in 0.001623 s
6,,8027,15900,84,,2736,0,,75349200,75238208,1071879,1071879,1071879,,275408,2,@@

  handle_small_Steiner_degrees: steiner 0, suppress 0 in 1e-05 s
Starting round 7
Found 39 isolated vertices
Invalid ratios recomputed: 2143
Best ratio is 300799/1 (300799.0), centered at 2478
Finding the best star... Star with 2 terminals centered in 2571
round took: 0.281154 s
|V| = 8063, |E| = 15894, |R| = 83
>>> get_solution
>>> get_solution
  refine_solution: new weight 75238208 (was 75349200) in 0.001728 s
  refine_solution: new weight 75238208 (was 75238208) in 0.001622 s
7,,8024,15894,83,,2143,0,,75349200,75238208,1372678,1372678,1372678,,300799,2,@@

  handle_small_Steiner_degrees: steiner 0, suppress 0 in 1e-05 s
Starting round 8
Found 43 isolated vertices
Invalid ratios recomputed: 2825
Best ratio is 313215/1 (313215.0), centered at 5384
Finding the best star... Star with 2 terminals centered in 5659
round took: 0.311691 s
|V| = 8063, |E| = 15887, |R| = 82
>>> get_solution
>>> get_solution
  refine_solution: new weight 75232012 (was 75343004) in 0.00173 s
  refine_solution: new weight 75232012 (was 75232012) in 0.001625 s
8,,8020,15887,82,,2825,0,,75343004,75232012,1685893,1685893,1685893,,313215,2,@@

  handle_small_Steiner_degrees: steiner 0, suppress 0 in 9e-06 s
Starting round 9
Found 47 isolated vertices
Invalid ratios recomputed: 2321
Best ratio is 320948/1 (320948.0), centered at 4710
Finding the best star... Star with 2 terminals centered in 4891
round took: 0.292756 s
|V| = 8063, |E| = 15883, |R| = 81
>>> get_solution
>>> get_solution
  refine_solution: new weight 75495157 (was 75606149) in 0.001742 s
  refine_solution: new weight 75495157 (was 75495157) in 0.001631 s
9,,8016,15883,81,,2321,0,,75606149,75495157,2006841,2006841,2006841,,320948,2,@@

  handle_small_Steiner_degrees: steiner 0, suppress 0 in 1e-05 s
Starting round 10
Found 50 isolated vertices
Invalid ratios recomputed: 2768
Best ratio is 334270/1 (334270.0), centered at 5771
Finding the best star... Star with 2 terminals centered in 6312
round took: 0.358044 s
|V| = 8063, |E| = 15874, |R| = 80
>>> get_solution
>>> get_solution
  refine_solution: new weight 75478577 (was 75554908) in 0.001746 s
  refine_solution: new weight 75478577 (was 75478577) in 0.001641 s
10,,8013,15874,80,,2768,0,,75554908,75478577,2341111,2341111,2341111,,334270,2,@@

  handle_small_Steiner_degrees: steiner 0, suppress 0 in 1e-05 s
Starting round 11
Found 57 isolated vertices
Invalid ratios recomputed: 2630
Best ratio is 376119/1 (376119.0), centered at 2571
Finding the best star... Star with 2 terminals centered in 2842
round took: 0.340602 s
|V| = 8063, |E| = 15867, |R| = 79
>>> get_solution
>>> get_solution
  refine_solution: new weight 75442355 (was 75518686) in 0.001728 s
  refine_solution: new weight 75442355 (was 75442355) in 0.001634 s
11,,8006,15867,79,,2630,0,,75518686,75442355,2717230,2717230,2717230,,376119,2,@@

  handle_small_Steiner_degrees: steiner 0, suppress 0 in 1e-05 s
Starting round 12
Found 61 isolated vertices
Invalid ratios recomputed: 2961
Best ratio is 391112/1 (391112.0), centered at 7347
Finding the best star... Star with 2 terminals centered in 7619
round took: 0.345561 s
|V| = 8063, |E| = 15860, |R| = 78
>>> get_solution
>>> get_solution
  refine_solution: new weight 75368799 (was 75445130) in 0.001748 s
  refine_solution: new weight 75368799 (was 75368799) in 0.001636 s
12,,8002,15860,78,,2961,0,,75445130,75368799,3108342,3108342,3108342,,391112,2,@@

  handle_small_Steiner_degrees: steiner 0, suppress 0 in 1.3e-05 s
Starting round 13
Found 66 isolated vertices
Invalid ratios recomputed: 1797
Best ratio is 864766/2 (432383.0), centered at 6019
Finding the best star... Star with 3 terminals centered in 6470
round took: 0.227907 s
|V| = 8063, |E| = 15842, |R| = 76
>>> get_solution
>>> get_solution
  refine_solution: new weight 75278457 (was 75354788) in 0.001749 s
  refine_solution: new weight 75278457 (was 75278457) in 0.001631 s
13,,7997,15842,76,,1797,0,,75354788,75278457,3973108,3973108,3973108,,864766,3,@@

  handle_small_Steiner_degrees: steiner 0, suppress 0 in 1e-05 s
Starting round 14
Found 79 isolated vertices
Invalid ratios recomputed: 2628
Best ratio is 438138/1 (438138.0), centered at 7187
Finding the best star... Star with 2 terminals centered in 7638
round took: 0.344691 s
|V| = 8063, |E| = 15835, |R| = 75
>>> get_solution
>>> get_solution
  refine_solution: new weight 75278457 (was 75354788) in 0.001747 s
  refine_solution: new weight 75278457 (was 75278457) in 0.001634 s
14,,7984,15835,75,,2628,0,,75354788,75278457,4411246,4411246,4411246,,438138,2,@@

  handle_small_Steiner_degrees: steiner 0, suppress 0 in 1e-05 s
Starting round 15
Found 85 isolated vertices
Invalid ratios recomputed: 2256
Best ratio is 454948/1 (454948.0), centered at 4018
Finding the best star... Star with 2 terminals centered in 4022
round took: 0.309214 s
|V| = 8063, |E| = 15827, |R| = 74
>>> get_solution
>>> get_solution
  refine_solution: new weight 75094633 (was 75170964) in 0.001728 s
  refine_solution: new weight 75094633 (was 75094633) in 0.001646 s
15,,7978,15827,74,,2256,0,,75170964,75094633,4866194,4866194,4866194,,454948,2,@@

  handle_small_Steiner_degrees: steiner 0, suppress 0 in 1e-05 s
Starting round 16
Found 92 isolated vertices
Invalid ratios recomputed: 2720
Best ratio is 470153/1 (470153.0), centered at 5945
Finding the best star... Star with 2 terminals centered in 6312
round took: 0.340652 s
|V| = 8063, |E| = 15819, |R| = 73
>>> get_solution
>>> get_solution
  refine_solution: new weight 75035345 (was 75111676) in 0.001735 s
  refine_solution: new weight 75035345 (was 75035345) in 0.001645 s
16,,7971,15819,73,,2720,0,,75111676,75035345,5336347,5336347,5336347,,470153,2,@@

  delete_edges: deleted 50 edges in 0.000815 s and 2 rounds
  handle_small_Steiner_degrees: steiner 0, suppress 35 in 2.7e-05 s
Starting round 17
Found 133 isolated vertices
Invalid ratios recomputed: 3120
Best ratio is 480380/1 (480380.0), centered at 5096
Finding the best star... Star with 2 terminals centered in 5283
round took: 0.404735 s
|V| = 8063, |E| = 15723, |R| = 72
>>> get_solution
>>> get_solution
  refine_solution: new weight 74877689 (was 74954020) in 0.001764 s
  refine_solution: new weight 74877689 (was 74877689) in 0.001641 s
17,,7930,15723,72,,3120,0,,74954020,74877689,5816727,5816727,5816727,,480380,2,@@

  handle_small_Steiner_degrees: steiner 0, suppress 0 in 1e-05 s
Starting round 18
Found 142 isolated vertices
Invalid ratios recomputed: 2759
Best ratio is 485963/1 (485963.0), centered at 1626
Finding the best star... Star with 2 terminals centered in 1809
round took: 0.355971 s
|V| = 8063, |E| = 15717, |R| = 71
>>> get_solution
>>> get_solution
  refine_solution: new weight 74877689 (was 74954020) in 0.00176 s
  refine_solution: new weight 74877689 (was 74877689) in 0.001633 s
18,,7921,15717,71,,2759,0,,74954020,74877689,6302690,6302690,6302690,,485963,2,@@

  handle_small_Steiner_degrees: steiner 0, suppress 0 in 1e-05 s
Starting round 19
Found 147 isolated vertices
Invalid ratios recomputed: 2894
Best ratio is 491034/1 (491034.0), centered at 5944
Finding the best star... Star with 2 terminals centered in 6394
round took: 0.372471 s
|V| = 8063, |E| = 15710, |R| = 70
>>> get_solution
>>> get_solution
  refine_solution: new weight 74877689 (was 74954020) in 0.001987 s
  refine_solution: new weight 74877689 (was 74877689) in 0.001634 s
19,,7916,15710,70,,2894,0,,74954020,74877689,6793724,6793724,6793724,,491034,2,@@

  handle_small_Steiner_degrees: steiner 0, suppress 0 in 1.3e-05 s
Starting round 20
Found 153 isolated vertices
Invalid ratios recomputed: 3222
Best ratio is 1038966/2 (519483.0), centered at 5526
Finding the best star... Star with 3 terminals centered in 6251
round took: 0.448134 s
|V| = 8063, |E| = 15685, |R| = 68
>>> get_solution
>>> get_solution
  refine_solution: new weight 74659467 (was 74735798) in 0.001758 s
  refine_solution: new weight 74659467 (was 74659467) in 0.001635 s
20,,7910,15685,68,,3222,0,,74735798,74659467,7832690,7832690,7832690,,1038966,3,@@

  handle_small_Steiner_degrees: steiner 0, suppress 0 in 1.3e-05 s
Starting round 21
Found 175 isolated vertices
Invalid ratios recomputed: 3441
Best ratio is 1060246/2 (530123.0), centered at 1739
Finding the best star... Star with 3 terminals centered in 1914
round took: 0.467194 s
|V| = 8063, |E| = 15669, |R| = 66
>>> get_solution
>>> get_solution
  refine_solution: new weight 74718520 (was 74718520) in 0.001746 s
21,,7888,15669,66,,3441,0,,74718520,74718520,8892936,8892936,8892936,,1060246,3,@@

  handle_small_Steiner_degrees: steiner 0, suppress 0 in 1e-05 s
Starting round 22
Found 188 isolated vertices
Invalid ratios recomputed: 3720
Best ratio is 551643/1 (551643.0), centered at 7467
Finding the best star... Star with 2 terminals centered in 7470
round took: 0.491912 s
|V| = 8063, |E| = 15662, |R| = 65
>>> get_solution
>>> get_solution
  refine_solution: new weight 74718520 (was 74982225) in 0.001754 s
  refine_solution: new weight 74718520 (was 74718520) in 0.001645 s
22,,7875,15662,65,,3720,0,,74982225,74718520,9444579,9444579,9444579,,551643,2,@@

  handle_small_Steiner_degrees: steiner 0, suppress 0 in 1e-05 s
Starting round 23
Found 194 isolated vertices
Invalid ratios recomputed: 2337
Best ratio is 561566/1 (561566.0), centered at 6898
Finding the best star... Star with 2 terminals centered in 7619
round took: 0.351998 s
|V| = 8063, |E| = 15653, |R| = 64
>>> get_solution
>>> get_solution
  refine_solution: new weight 74635555 (was 74899260) in 0.001767 s
  refine_solution: new weight 74635555 (was 74635555) in 0.001645 s
23,,7869,15653,64,,2337,0,,74899260,74635555,10006145,10006145,10006145,,561566,2,@@

  handle_small_Steiner_degrees: steiner 0, suppress 0 in 1e-05 s
Starting round 24
Found 201 isolated vertices
Invalid ratios recomputed: 2338
Best ratio is 562161/1 (562161.0), centered at 4095
Finding the best star... Star with 2 terminals centered in 4099
round took: 0.346456 s
|V| = 8063, |E| = 15647, |R| = 63
>>> get_solution
>>> get_solution
  refine_solution: new weight 74544524 (was 74808229) in 0.001743 s
  refine_solution: new weight 74544524 (was 74544524) in 0.001657 s
24,,7862,15647,63,,2338,0,,74808229,74544524,10568306,10568306,10568306,,562161,2,@@

  handle_small_Steiner_degrees: steiner 0, suppress 0 in 1.3e-05 s
Starting round 25
Found 206 isolated vertices
Invalid ratios recomputed: 3876
Best ratio is 563896/1 (563896.0), centered at 6248
Finding the best star... Star with 2 terminals centered in 6788
round took: 0.56052 s
|V| = 8063, |E| = 15636, |R| = 62
>>> get_solution
>>> get_solution
  refine_solution: new weight 74649959 (was 74913664) in 0.001744 s
  refine_solution: new weight 74649959 (was 74649959) in 0.001666 s
25,,7857,15636,62,,3876,0,,74913664,74649959,11132202,11132202,11132202,,563896,2,@@

  handle_small_Steiner_degrees: steiner 0, suppress 0 in 1e-05 s
Starting round 26
Found 215 isolated vertices
Invalid ratios recomputed: 3648
Best ratio is 581259/1 (581259.0), centered at 518
Finding the best star... Star with 2 terminals centered in 522
round took: 0.559806 s
|V| = 8063, |E| = 15628, |R| = 61
>>> get_solution
>>> get_solution
  refine_solution: new weight 74373084 (was 74636789) in 0.001746 s
  refine_solution: new weight 74373084 (was 74373084) in 0.001652 s
26,,7848,15628,61,,3648,0,,74636789,74373084,11713461,11713461,11713461,,581259,2,@@

  handle_small_Steiner_degrees: steiner 0, suppress 0 in 9e-06 s
Starting round 27
Found 221 isolated vertices
Invalid ratios recomputed: 1640
Best ratio is 1202043/2 (601021.5), centered at 2764
Finding the best star... Star with 3 terminals centered in 3035
round took: 0.245332 s
|V| = 8063, |E| = 15616, |R| = 59
>>> get_solution
>>> get_solution
  refine_solution: new weight 74373084 (was 74636789) in 0.001755 s
  refine_solution: new weight 74373084 (was 74373084) in 0.001647 s
27,,7842,15616,59,,1640,0,,74636789,74373084,12915504,12915504,12915504,,1202043,3,@@

  handle_small_Steiner_degrees: steiner 0, suppress 0 in 1.3e-05 s
Starting round 28
Found 230 isolated vertices
Invalid ratios recomputed: 3715
Best ratio is 611513/1 (611513.0), centered at 7460
Finding the best star... Star with 2 terminals centered in 7470
round took: 0.546362 s
|V| = 8063, |E| = 15606, |R| = 58
>>> get_solution
>>> get_solution
  refine_solution: new weight 74636789 (was 74636789) in 0.001771 s
28,,7833,15606,58,,3715,0,,74636789,74636789,13527017,13527017,13527017,,611513,2,@@

  handle_small_Steiner_degrees: steiner 0, suppress 0 in 1e-05 s
Starting round 29
Found 238 isolated vertices
Invalid ratios recomputed: 2834
Best ratio is 611968/1 (611968.0), centered at 5862
Finding the best star... Star with 2 terminals centered in 5866
round took: 0.470532 s
|V| = 8063, |E| = 15599, |R| = 57
>>> get_solution
>>> get_solution
  refine_solution: new weight 74636789 (was 74636789) in 0.001753 s
29,,7825,15599,57,,2834,0,,74636789,74636789,14138985,14138985,14138985,,611968,2,@@

  handle_small_Steiner_degrees: steiner 0, suppress 0 in 1e-05 s
Starting round 30
Found 243 isolated vertices
Invalid ratios recomputed: 3863
Best ratio is 1228913/2 (614456.5), centered at 2394
Finding the best star... Star with 3 terminals centered in 3035
round took: 0.629445 s
|V| = 8063, |E| = 15584, |R| = 55
>>> get_solution
>>> get_solution
  refine_solution: new weight 74295234 (was 74295234) in 0.001767 s
30,,7820,15584,55,,3863,0,,74295234,74295234,15367898,15367898,15367898,,1228913,3,@@

  handle_small_Steiner_degrees: steiner 0, suppress 0 in 1e-05 s
Starting round 31
Found 256 isolated vertices
Invalid ratios recomputed: 4004
Best ratio is 653731/1 (653731.0), centered at 1353
Finding the best star... Star with 2 terminals centered in 1809
round took: 0.662439 s
|V| = 8063, |E| = 15576, |R| = 54
>>> get_solution
>>> get_solution
  refine_solution: new weight 74295234 (was 74295234) in 0.001764 s
31,,7807,15576,54,,4004,0,,74295234,74295234,16021629,16021629,16021629,,653731,2,@@

  handle_small_Steiner_degrees: steiner 0, suppress 0 in 1e-05 s
Starting round 32
Found 262 isolated vertices
Invalid ratios recomputed: 3888
Best ratio is 664272/1 (664272.0), centered at 6930
Finding the best star... Star with 2 terminals centered in 7470
round took: 0.668908 s
|V| = 8063, |E| = 15566, |R| = 53
>>> get_solution
>>> get_solution
  refine_solution: new weight 74295234 (was 74295234) in 0.00175 s
32,,7801,15566,53,,3888,0,,74295234,74295234,16685901,16685901,16685901,,664272,2,@@

  delete_edges: deleted 103 edges in 0.001861 s and 4 rounds
  handle_small_Steiner_degrees: steiner 2, suppress 64 in 4e-05 s
Starting round 33
Found 336 isolated vertices
Invalid ratios recomputed: 3730
Best ratio is 667523/1 (667523.0), centered at 2915
Finding the best star... Star with 2 terminals centered in 3733
round took: 0.70761 s
|V| = 8063, |E| = 15377, |R| = 52
>>> get_solution
>>> get_solution
  refine_solution: new weight 74295234 (was 74295234) in 0.001771 s
33,,7727,15377,52,,3730,0,,74295234,74295234,17353424,17353424,17353424,,667523,2,@@

  handle_small_Steiner_degrees: steiner 0, suppress 1 in 1.4e-05 s
Starting round 34
Found 349 isolated vertices
Invalid ratios recomputed: 4573
Best ratio is 1427564/2 (713782.0), centered at 1094
Finding the best star... Star with 3 terminals centered in 1187
round took: 0.778283 s
|V| = 8063, |E| = 15358, |R| = 50
>>> get_solution
>>> get_solution
  refine_solution: new weight 74295234 (was 74295234) in 0.001776 s
34,,7714,15358,50,,4573,0,,74295234,74295234,18780988,18780988,18780988,,1427564,3,@@

  handle_small_Steiner_degrees: steiner 0, suppress 0 in 9e-06 s
Starting round 35
Found 363 isolated vertices
Invalid ratios recomputed: 3718
Best ratio is 727330/1 (727330.0), centered at 3433
Finding the best star... Star with 2 terminals centered in 3883
round took: 0.70619 s
|V| = 8063, |E| = 15350, |R| = 49
>>> get_solution
>>> get_solution
  refine_solution: new weight 74295234 (was 74295234) in 0.00176 s
35,,7700,15350,49,,3718,0,,74295234,74295234,19508318,19508318,19508318,,727330,2,@@

  handle_small_Steiner_degrees: steiner 0, suppress 0 in 1e-05 s
Starting round 36
Found 370 isolated vertices
Invalid ratios recomputed: 4745
Best ratio is 1515230/2 (757615.0), centered at 1458
Finding the best star... Star with 3 terminals centered in 2272
round took: 0.911672 s
|V| = 8063, |E| = 15331, |R| = 47
>>> get_solution
>>> get_solution
  refine_solution: new weight 73939399 (was 73939399) in 0.001752 s
36,,7693,15331,47,,4745,0,,73939399,73939399,21023548,21023548,21023548,,1515230,3,@@

  handle_small_Steiner_degrees: steiner 0, suppress 0 in 1.2e-05 s
Starting round 37
Found 385 isolated vertices
Invalid ratios recomputed: 5059
Best ratio is 1572114/2 (786057.0), centered at 1256
Finding the best star... Star with 3 terminals centered in 1809
round took: 0.945987 s
|V| = 8063, |E| = 15307, |R| = 45
>>> get_solution
>>> get_solution
  refine_solution: new weight 73627818 (was 73627818) in 0.001766 s
37,,7678,15307,45,,5059,0,,73627818,73627818,22595662,22595662,22595662,,1572114,3,@@

  handle_small_Steiner_degrees: steiner 0, suppress 0 in 9e-06 s
Starting round 38
Found 403 isolated vertices
Invalid ratios recomputed: 4279
Best ratio is 789489/1 (789489.0), centered at 2642
Finding the best star... Star with 2 terminals centered in 3733
round took: 1.01305 s
|V| = 8063, |E| = 15299, |R| = 44
>>> get_solution
>>> get_solution
  refine_solution: new weight 73627818 (was 73627818) in 0.001763 s
38,,7660,15299,44,,4279,0,,73627818,73627818,23385151,23385151,23385151,,789489,2,@@

  handle_small_Steiner_degrees: steiner 0, suppress 0 in 1.2e-05 s
Starting round 39
Found 409 isolated vertices
Invalid ratios recomputed: 5306
Best ratio is 1581478/2 (790739.0), centered at 6788
Finding the best star... Star with 3 terminals centered in 7419
round took: 1.26992 s
|V| = 8063, |E| = 15275, |R| = 42
>>> get_solution
>>> get_solution
  refine_solution: new weight 73542062 (was 73542062) in 0.001768 s
39,,7654,15275,42,,5306,0,,73542062,73542062,24966629,24966629,24966629,,1581478,3,@@

  handle_small_Steiner_degrees: steiner 0, suppress 0 in 9e-06 s
Starting round 40
Found 428 isolated vertices
Invalid ratios recomputed: 5780
Best ratio is 1597035/2 (798517.5), centered at 81
Finding the best star... Star with 3 terminals centered in 522
round took: 1.40118 s
|V| = 8063, |E| = 15262, |R| = 40
>>> get_solution
>>> get_solution
  refine_solution: new weight 73294727 (was 73294727) in 0.001771 s
40,,7635,15262,40,,5780,0,,73294727,73294727,26563664,26563664,26563664,,1597035,3,@@

  handle_small_Steiner_degrees: steiner 0, suppress 0 in 1e-05 s
Starting round 41
Found 437 isolated vertices
Invalid ratios recomputed: 2912
Best ratio is 799054/1 (799054.0), centered at 7613
Finding the best star... Star with 2 terminals centered in 7619
round took: 0.903318 s
|V| = 8063, |E| = 15252, |R| = 39
>>> get_solution
>>> get_solution
  refine_solution: new weight 73294727 (was 73294727) in 0.001763 s
41,,7626,15252,39,,2912,0,,73294727,73294727,27362718,27362718,27362718,,799054,2,@@

  handle_small_Steiner_degrees: steiner 0, suppress 0 in 1.2e-05 s
Starting round 42
Found 445 isolated vertices
Invalid ratios recomputed: 4773
Best ratio is 833724/1 (833724.0), centered at 1922
Finding the best star... Star with 2 terminals centered in 3733
round took: 1.30871 s
|V| = 8063, |E| = 15242, |R| = 38
>>> get_solution
>>> get_solution
  refine_solution: new weight 73294727 (was 73294727) in 0.001781 s
42,,7618,15242,38,,4773,0,,73294727,73294727,28196442,28196442,28196442,,833724,2,@@

  handle_small_Steiner_degrees: steiner 0, suppress 0 in 9e-06 s
Starting round 43
Found 454 isolated vertices
Invalid ratios recomputed: 6061
Best ratio is 849347/1 (849347.0), centered at 6683
Finding the best star... Star with 2 terminals centered in 7137
round took: 1.68005 s
|V| = 8063, |E| = 15230, |R| = 37
>>> get_solution
>>> get_solution
  refine_solution: new weight 73294727 (was 73294727) in 0.001772 s
43,,7609,15230,37,,6061,0,,73294727,73294727,29045789,29045789,29045789,,849347,2,@@

  handle_small_Steiner_degrees: steiner 0, suppress 0 in 1.2e-05 s
Starting round 44
Found 463 isolated vertices
Invalid ratios recomputed: 5874
Best ratio is 1716081/2 (858040.5), centered at 6468
Finding the best star... Star with 3 terminals centered in 7470
round took: 1.72477 s
|V| = 8063, |E| = 15210, |R| = 35
>>> get_solution
>>> get_solution
  refine_solution: new weight 73024795 (was 73024795) in 0.001772 s
44,,7600,15210,35,,5874,0,,73024795,73024795,30761870,30761870,30761870,,1716081,3,@@

  handle_small_Steiner_degrees: steiner 0, suppress 2 in 1.5e-05 s
Starting round 45
Found 480 isolated vertices
Invalid ratios recomputed: 5531
Best ratio is 1738304/2 (869152.0), centered at 4891
Finding the best star... Star with 3 terminals centered in 7419
round took: 1.74178 s
|V| = 8063, |E| = 15186, |R| = 33
>>> get_solution
>>> get_solution
  refine_solution: new weight 72624868 (was 72624868) in 0.00178 s
45,,7583,15186,33,,5531,0,,72624868,72624868,32500174,32500174,32500174,,1738304,3,@@

  handle_small_Steiner_degrees: steiner 0, suppress 1 in 1.1e-05 s
Starting round 46
Found 495 isolated vertices
Invalid ratios recomputed: 6060
Best ratio is 1751984/2 (875992.0), centered at 582
Finding the best star... Star with 3 terminals centered in 587
round took: 1.92061 s
|V| = 8063, |E| = 15170, |R| = 31
>>> get_solution
>>> get_solution
  refine_solution: new weight 72477864 (was 72477864) in 0.001791 s
46,,7568,15170,31,,6060,0,,72477864,72477864,34252158,34252158,34252158,,1751984,3,@@

  handle_small_Steiner_degrees: steiner 0, suppress 0 in 1.2e-05 s
Starting round 47
Found 506 isolated vertices
Invalid ratios recomputed: 4990
Best ratio is 1784221/2 (892110.5), centered at 4099
Finding the best star... Star with 3 terminals centered in 4645
round took: 1.92128 s
|V| = 8063, |E| = 15153, |R| = 29
>>> get_solution
>>> get_solution
  refine_solution: new weight 72375243 (was 72375243) in 0.00178 s
47,,7557,15153,29,,4990,0,,72375243,72375243,36036379,36036379,36036379,,1784221,3,@@

  handle_small_Steiner_degrees: steiner 0, suppress 1 in 1.5e-05 s
Starting round 48
Found 521 isolated vertices
Invalid ratios recomputed: 6508
Best ratio is 981592/1 (981592.0), centered at 2271
Finding the best star... Star with 2 terminals centered in 3351
round took: 2.46959 s
|V| = 8063, |E| = 15137, |R| = 28
>>> get_solution
>>> get_solution
  refine_solution: new weight 72375243 (was 72375243) in 0.00179 s
48,,7542,15137,28,,6508,0,,72375243,72375243,37017971,37017971,37017971,,981592,2,@@

  delete_edges: deleted 159 edges in 0.003111 s and 5 rounds
  handle_small_Steiner_degrees: steiner 8, suppress 105 in 6.9e-05 s
Starting round 49
Found 645 isolated vertices
Invalid ratios recomputed: 6352
Best ratio is 2052619/2 (1026309.5), centered at 2047
Finding the best star... Star with 3 terminals centered in 3311
round took: 2.53744 s
|V| = 8063, |E| = 14831, |R| = 26
>>> get_solution
>>> get_solution
  refine_solution: new weight 72217583 (was 72217583) in 0.001768 s
49,,7418,14831,26,,6352,0,,72217583,72217583,39070590,39070590,39070590,,2052619,3,@@

  handle_small_Steiner_degrees: steiner 0, suppress 1 in 1.1e-05 s
Starting round 50
Found 666 isolated vertices
Invalid ratios recomputed: 5970
Best ratio is 1029752/1 (1029752.0), centered at 5153
Finding the best star... Star with 2 terminals centered in 7137
round took: 2.60573 s
|V| = 8063, |E| = 14809, |R| = 25
>>> get_solution
>>> get_solution
  refine_solution: new weight 71927646 (was 71927646) in 0.001794 s
50,,7397,14809,25,,5970,0,,71927646,71927646,40100342,40100342,40100342,,1029752,2,@@

  handle_small_Steiner_degrees: steiner 0, suppress 0 in 1.2e-05 s
Starting round 51
Found 685 isolated vertices
Invalid ratios recomputed: 7106
Best ratio is 2076620/2 (1038310.0), centered at 5638
Finding the best star... Star with 3 terminals centered in 7619
round took: 3.13902 s
|V| = 8063, |E| = 14779, |R| = 23
>>> get_solution
>>> get_solution
  refine_solution: new weight 71489072 (was 71489072) in 0.001786 s
51,,7378,14779,23,,7106,0,,71489072,71489072,42176962,42176962,42176962,,2076620,3,@@

  handle_small_Steiner_degrees: steiner 0, suppress 0 in 9e-06 s
Starting round 52
Found 710 isolated vertices
Invalid ratios recomputed: 7042
Best ratio is 1050012/1 (1050012.0), centered at 3345
Finding the best star... Star with 2 terminals centered in 3351
round took: 3.37679 s
|V| = 8063, |E| = 14769, |R| = 22
>>> get_solution
>>> get_solution
  refine_solution: new weight 71489072 (was 71489072) in 0.001775 s
52,,7353,14769,22,,7042,0,,71489072,71489072,43226974,43226974,43226974,,1050012,2,@@

  handle_small_Steiner_degrees: steiner 0, suppress 2 in 1.5e-05 s
Starting round 53
Found 719 isolated vertices
Invalid ratios recomputed: 7093
Best ratio is 1056427/1 (1056427.0), centered at 5284
Finding the best star... Star with 2 terminals centered in 5379
round took: 3.55498 s
|V| = 8063, |E| = 14757, |R| = 21
>>> get_solution
>>> get_solution
  refine_solution: new weight 71489072 (was 71489072) in 0.001787 s
53,,7344,14757,21,,7093,0,,71489072,71489072,44283401,44283401,44283401,,1056427,2,@@

  handle_small_Steiner_degrees: steiner 0, suppress 1 in 1.3e-05 s
Starting round 54
Found 727 isolated vertices
Invalid ratios recomputed: 7015
Best ratio is 1065933/1 (1065933.0), centered at 5379
Finding the best star... Star with 2 terminals centered in 5379
round took: 3.67998 s
|V| = 8063, |E| = 14742, |R| = 20
>>> get_solution
>>> get_solution
  refine_solution: new weight 71489072 (was 71489072) in 0.001795 s
54,,7336,14742,20,,7015,0,,71489072,71489072,45349334,45349334,45349334,,1065933,2,@@

  handle_small_Steiner_degrees: steiner 0, suppress 0 in 9e-06 s
Starting round 55
Found 739 isolated vertices
Invalid ratios recomputed: 7086
Best ratio is 2191947/2 (1095973.5), centered at 4879
Finding the best star... Star with 3 terminals centered in 5379
round took: 3.81449 s
|V| = 8063, |E| = 14718, |R| = 18
>>> get_solution
>>> get_solution
  refine_solution: new weight 71185301 (was 71185301) in 0.001807 s
55,,7324,14718,18,,7086,0,,71185301,71185301,47541281,47541281,47541281,,2191947,3,@@

  handle_small_Steiner_degrees: steiner 0, suppress 0 in 1e-05 s
Starting round 56
Found 758 isolated vertices
Invalid ratios recomputed: 7181
Best ratio is 2203113/2 (1101556.5), centered at 1187
Finding the best star... Star with 3 terminals centered in 1809
round took: 4.32691 s
|V| = 8063, |E| = 14695, |R| = 16
>>> get_solution
>>> get_solution
  refine_solution: new weight 71156771 (was 71156771) in 0.001799 s
56,,7305,14695,16,,7181,0,,71156771,71156771,49744394,49744394,49744394,,2203113,3,@@

  handle_small_Steiner_degrees: steiner 0, suppress 0 in 9e-06 s
Starting round 57
Found 774 isolated vertices
Invalid ratios recomputed: 6876
Best ratio is 1104315/1 (1104315.0), centered at 5379
Finding the best star... Star with 2 terminals centered in 7470
round took: 4.40863 s
|V| = 8063, |E| = 14686, |R| = 15
>>> get_solution
>>> get_solution
  refine_solution: new weight 70985706 (was 70985706) in 0.001809 s
57,,7289,14686,15,,6876,0,,70985706,70985706,50848709,50848709,50848709,,1104315,2,@@

  handle_small_Steiner_degrees: steiner 0, suppress 0 in 1.2e-05 s
Starting round 58
Found 782 isolated vertices
Invalid ratios recomputed: 7230
Best ratio is 2233481/2 (1116740.5), centered at 1809
Finding the best star... Star with 3 terminals centered in 4645
round took: 4.85324 s
|V| = 8063, |E| = 14664, |R| = 13
>>> get_solution
>>> get_solution
  refine_solution: new weight 70800952 (was 70800952) in 0.001789 s
58,,7281,14664,13,,7230,0,,70800952,70800952,53082190,53082190,53082190,,2233481,3,@@

  handle_small_Steiner_degrees: steiner 0, suppress 1 in 1.3e-05 s
Starting round 59
Found 800 isolated vertices
Invalid ratios recomputed: 7263
Best ratio is 1130639/1 (1130639.0), centered at 4536
Finding the best star... Star with 2 terminals centered in 7470
round took: 5.66368 s
|V| = 8063, |E| = 14655, |R| = 12
>>> get_solution
>>> get_solution
  refine_solution: new weight 70800952 (was 70800952) in 0.0018 s
59,,7263,14655,12,,7263,0,,70800952,70800952,54212829,54212829,54212829,,1130639,2,@@

  handle_small_Steiner_degrees: steiner 0, suppress 0 in 1e-05 s
Starting round 60
Found 806 isolated vertices
Invalid ratios recomputed: 7257
Best ratio is 1250358/1 (1250358.0), centered at 386
Finding the best star... Star with 2 terminals centered in 1016
round took: 6.41725 s
|V| = 8063, |E| = 14645, |R| = 11
>>> get_solution
>>> get_solution
  refine_solution: new weight 70693032 (was 70693032) in 0.001783 s
60,,7257,14645,11,,7257,0,,70693032,70693032,55463187,55463187,55463187,,1250358,2,@@

  handle_small_Steiner_degrees: steiner 0, suppress 0 in 1e-05 s
Starting round 61
Found 815 isolated vertices
Invalid ratios recomputed: 7242
Best ratio is 1273749/1 (1273749.0), centered at 901
Finding the best star... Star with 2 terminals centered in 7470
round took: 6.49786 s
|V| = 8063, |E| = 14636, |R| = 10
>>> get_solution
>>> get_solution
  refine_solution: new weight 70693032 (was 70693032) in 0.001797 s
61,,7248,14636,10,,7242,0,,70693032,70693032,56736936,56736936,56736936,,1273749,2,@@

  handle_small_Steiner_degrees: steiner 0, suppress 1 in 1.4e-05 s
Starting round 62
Found 823 isolated vertices
Invalid ratios recomputed: 7240
Best ratio is 1353661/1 (1353661.0), centered at 3212
Finding the best star... Star with 2 terminals centered in 7470
round took: 6.70191 s
|V| = 8063, |E| = 14620, |R| = 9
>>> get_solution
>>> get_solution
  refine_solution: new weight 70693032 (was 70693032) in 0.001788 s
62,,7240,14620,9,,7240,0,,70693032,70693032,58090597,58090597,58090597,,1353661,2,@@

  handle_small_Steiner_degrees: steiner 0, suppress 2 in 1.5e-05 s
Starting round 63
Found 836 isolated vertices
Invalid ratios recomputed: 7227
Best ratio is 2801228/2 (1400614.0), centered at 587
Finding the best star... Star with 3 terminals centered in 7470
round took: 6.83315 s
|V| = 8063, |E| = 14587, |R| = 7
>>> get_solution
>>> get_solution
  refine_solution: new weight 70532941 (was 70609272) in 0.0018 s
  refine_solution: new weight 70425021 (was 70532941) in 0.001667 s
  refine_solution: new weight 70425021 (was 70425021) in 0.001642 s
63,,7227,14587,7,,7227,0,,70609272,70425021,60891825,60891825,60891825,,2801228,3,@@

  handle_small_Steiner_degrees: steiner 0, suppress 0 in 1.3e-05 s
Starting round 64
Found 861 isolated vertices
Invalid ratios recomputed: 7202
Best ratio is 1403036/1 (1403036.0), centered at 6935
Finding the best star... Star with 2 terminals centered in 7921
round took: 6.86731 s
|V| = 8063, |E| = 14564, |R| = 6
>>> get_solution
>>> get_solution
  refine_solution: new weight 70532941 (was 70609272) in 0.001796 s
  refine_solution: new weight 70425021 (was 70532941) in 0.001667 s
  refine_solution: new weight 70425021 (was 70425021) in 0.001647 s
64,,7202,14564,6,,7202,0,,70609272,70425021,62294861,62294861,62294861,,1403036,2,@@

  handle_small_Steiner_degrees: steiner 0, suppress 0 in 1.2e-05 s
Starting round 65
Found 878 isolated vertices
Invalid ratios recomputed: 7185
Best ratio is 1439106/1 (1439106.0), centered at 97
Finding the best star... Star with 2 terminals centered in 7921
round took: 6.90737 s
|V| = 8063, |E| = 14552, |R| = 5
>>> get_solution
>>> get_solution
  refine_solution: new weight 70532941 (was 70609272) in 0.001786 s
  refine_solution: new weight 70425021 (was 70532941) in 0.001672 s
  refine_solution: new weight 70425021 (was 70425021) in 0.001646 s
65,,7185,14552,5,,7185,0,,70609272,70425021,63733967,63733967,63733967,,1439106,2,@@

  handle_small_Steiner_degrees: steiner 0, suppress 0 in 1.1e-05 s
Starting round 66
Found 889 isolated vertices
Invalid ratios recomputed: 7174
Best ratio is 1514101/1 (1514101.0), centered at 2152
Finding the best star... Star with 2 terminals centered in 3771
round took: 6.89468 s
|V| = 8063, |E| = 14529, |R| = 4
>>> get_solution
>>> get_solution
  refine_solution: new weight 70532941 (was 70609272) in 0.001805 s
  refine_solution: new weight 70425021 (was 70532941) in 0.001671 s
  refine_solution: new weight 70425021 (was 70425021) in 0.001647 s
66,,7174,14529,4,,7174,0,,70609272,70425021,65248068,65248068,65248068,,1514101,2,@@

  handle_small_Steiner_degrees: steiner 0, suppress 1 in 1.2e-05 s
Starting round 67
Found 910 isolated vertices
Invalid ratios recomputed: 7153
Best ratio is 1577143/1 (1577143.0), centered at 3771
Finding the best star... Star with 2 terminals centered in 3771
round took: 6.78909 s
|V| = 8063, |E| = 14508, |R| = 3
>>> get_solution
>>> get_solution
  refine_solution: new weight 70532941 (was 70609272) in 0.001816 s
  refine_solution: new weight 70425021 (was 70532941) in 0.001654 s
  refine_solution: new weight 70425021 (was 70425021) in 0.00166 s
67,,7153,14508,3,,7153,0,,70609272,70425021,66825211,66825211,66825211,,1577143,2,@@

  handle_small_Steiner_degrees: steiner 0, suppress 1 in 1.7e-05 s
Starting round 68
Found 928 isolated vertices
Invalid ratios recomputed: 7135
Best ratio is 1657284/1 (1657284.0), centered at 3771
Finding the best star... Star with 2 terminals centered in 3771
round took: 6.69834 s
|V| = 8063, |E| = 14493, |R| = 2
>>> get_solution
>>> get_solution
  refine_solution: new weight 70532941 (was 70609272) in 0.001802 s
  refine_solution: new weight 70425021 (was 70532941) in 0.001657 s
  refine_solution: new weight 70425021 (was 70425021) in 0.001651 s
68,,7135,14493,2,,7135,0,,70609272,70425021,68482495,68482495,68482495,,1657284,2,@@

  handle_small_Steiner_degrees: steiner 0, suppress 0 in 9e-06 s
Starting round 69
Found 940 isolated vertices
Invalid ratios recomputed: 7123
Best ratio is 2126777/1 (2126777.0), centered at 318
Finding the best star... Star with 2 terminals centered in 522
round took: 6.66747 s
|V| = 8063, |E| = 14471, |R| = 1
>>> get_solution
>>> get_solution
  refine_solution: new weight 70532941 (was 70609272) in 0.001822 s
  refine_solution: new weight 70425021 (was 70532941) in 0.00166 s
  refine_solution: new weight 70425021 (was 70425021) in 0.001643 s
69,,7123,14471,1,,7123,0,,70609272,70425021,70609272,70609272,70609272,,2126777,2,@@

  handle_small_Steiner_degrees: steiner 0, suppress 1 in 1.3e-05 s
contract_till_the_bitter_end: 143.734 s

Calling end_heu
>>> get_solution
Saved weight 0
DŽ: 70609272 -> 69801299
  BEST solution improved 70609272 -> 69801299 (vert_size 0, round 1) *
  BEST solution improved 69801299 -> 69785789 (vert_size 4, round 51) *
  BEST solution improved 69785789 -> 69751660 (vert_size 2, round 107) *
  BEST solution improved 69751660 -> 69659020 (vert_size 3, round 172) *
DŽ: 69659020 -> 69659020
DŽ: 69659020 -> 69659020
DŽ: 69659020 -> 69659020
DŽ: 69659020 -> 69659020
DŽ: 69659020 -> 69659020
DŽ: 69785789 -> 69751660
DŽ: 69659020 -> 69659020
DŽ: 69659020 -> 69816952
DŽ: 69659020 -> 69659020
DŽ: 69659020 -> 69659020
DŽ: 69659020 -> 69659020
DŽ: 69659020 -> 69659020
DŽ: 69659020 -> 69942187
DŽ: 69659020 -> 69659020
DŽ: 69659020 -> 69734888
DŽ: 69659020 -> 69734888
DŽ: 69659020 -> 69659020
DŽ: 69659020 -> 69659020
DŽ: 69659020 -> 69659020
DŽ: 69659020 -> 69659020
DŽ: 69659020 -> 69659020
DŽ: 69659020 -> 69974570
DŽ: 69864050 -> 69659020
DŽ: 69974570 -> 69974570
DŽ: 69659020 -> 69734888
DŽ: 69659020 -> 69659020
DŽ: 69665833 -> 69734888
DŽ: 69659020 -> 69659020
DŽ: 69659020 -> 69659020
DŽ: 69659020 -> 69659020
DŽ: 69854077 -> 69694806
DŽ: 69659020 -> 69659020
DŽ: 69659020 -> 69627820
  BEST solution improved 69659020 -> 69627820 (vert_size 0, round 33001) *
  BEST solution improved 69627820 -> 69538772 (vert_size 4, round 33679) *
  BEST solution improved 69538772 -> 69536095 (vert_size 4, round 33783) *
DŽ: 69536095 -> 69536095
DŽ: 69659020 -> 69659020
DŽ: 69659020 -> 69659020
DŽ: 69536095 -> 69538772
  BEST solution improved 69538772 -> 69479043 (vert_size 2, round 37242) *
DŽ: 69479043 -> 69479043
DŽ: 69659020 -> 69659020
DŽ: 69659020 -> 69659020
DŽ: 69479043 -> 69479043
DŽ: 69479043 -> 69554911
DŽ: 69479043 -> 69479043
DŽ: 69816952 -> 69785752
DŽ: 69479043 -> 69479043
DŽ: 69479043 -> 69479043
DŽ: 69732216 -> 69785058
DŽ: 69479043 -> 69479043
DŽ: 69479043 -> 69479043
DŽ: 69479043 -> 69479043
DŽ: 69479043 -> 69570768
DŽ: 69479043 -> 69479043
DŽ: 69517232 -> 69479043
DŽ: 69570768 -> 69570768
DŽ: 69479043 -> 69479043
DŽ: 69479043 -> 69479043
DŽ: 69570768 -> 69570768
DŽ: 69659020 -> 69734888
DŽ: 69659020 -> 69727199
DŽ: 69734888 -> 69942187
DŽ: 69730979 -> 69734888
DŽ: 69479043 -> 69479043
DŽ: 69749653 -> 69659020
DŽ: 69479043 -> 69479043
DŽ: 69659020 -> 69659020
DŽ: 69659020 -> 69974570
DŽ: 69659020 -> 69659020
DŽ: 69479043 -> 69479043
DŽ: 69479043 -> 69479043
DŽ: 69479043 -> 69479043
DŽ: 69479043 -> 69554911
DŽ: 69479043 -> 69479043
DŽ: 69479043 -> 69479043
DŽ: 69659020 -> 69659020
DŽ: 69659020 -> 69659020
DŽ: 69479043 -> 69479043
DŽ: 69659020 -> 69659020
DŽ: 69479043 -> 69479043
DŽ: 69479043 -> 69793410
DŽ: 69659020 -> 69659020
DŽ: 69479043 -> 69479043
DŽ: 69659020 -> 69659020
DŽ: 69479043 -> 69479043
DŽ: 69479043 -> 69479043
DŽ: 69479043 -> 69479043
DŽ: 69659020 -> 69802304

 start over 86616 loops 207 unique solutions 
Original + vert_size 13 
DŽ: 70609272 -> 69842266
DŽ: 69659020 -> 69687550
DŽ: 69659020 -> 69734888
DŽ: 69659020 -> 69651331
DŽ: 69479043 -> 69479043
DŽ: 69479043 -> 69479043
DŽ: 69659020 -> 69627820
DŽ: 69479043 -> 69479043
DŽ: 69479043 -> 69479043
DŽ: 69576424 -> 69611380
DŽ: 69583869 -> 69470160
  BEST solution improved 69583869 -> 69470160 (vert_size 0, round 96001) *
DŽ: 69470160 -> 69470160
DŽ: 69659020 -> 69659020
DŽ: 69627820 -> 69627820
DŽ: 69470160 -> 69470160
DŽ: 69583869 -> 69462471
  BEST solution improved 69583869 -> 69462471 (vert_size 0, round 101001) *
DŽ: 69462471 -> 69462471
DŽ: 69470160 -> 69470160
DŽ: 69627820 -> 69627820
DŽ: 69659020 -> 69659020
DŽ: 69470160 -> 69470160
DŽ: 69462471 -> 69462471
DŽ: 69462471 -> 69462471
DŽ: 69479043 -> 69479043
DŽ: 69470160 -> 69462471
DŽ: 69659020 -> 69659020
DŽ: 69462471 -> 69462471
DŽ: 69659020 -> 69659020
DŽ: 69462471 -> 69462471
DŽ: 69659020 -> 69659020
DŽ: 69462471 -> 69462471
DŽ: 69659020 -> 69734888
DŽ: 69462471 -> 69462471
DŽ: 69659020 -> 70077813
DŽ: 69659020 -> 69734888
DŽ: 69462471 -> 69462471
DŽ: 69462471 -> 69462471
DŽ: 69716457 -> 69659020
DŽ: 69659020 -> 69734888
DŽ: 69627820 -> 69706365
DŽ: 69462471 -> 69462471
DŽ: 69470160 -> 69711336
DŽ: 69462471 -> 69538339
DŽ: 69462471 -> 69462471
DŽ: 69462471 -> 69462471
DŽ: 69479051 -> 69700970
DŽ: 69462471 -> 69462471
DŽ: 69659020 -> 69763418
DŽ: 69462471 -> 69538339
DŽ: 69675600 -> 69768464
DŽ: 69462471 -> 69462471
DŽ: 69470160 -> 69470160
DŽ: 69708659 -> 69708659
DŽ: 69479043 -> 69554911
DŽ: 69462471 -> 69462471
DŽ: 69462471 -> 69462471
DŽ: 69554911 -> 69646636
DŽ: 69646636 -> 69646636
DŽ: 69462471 -> 69462471
DŽ: 69479043 -> 69479043
DŽ: 69627820 -> 69627820
DŽ: 69462471 -> 69462471
DŽ: 69627820 -> 69703688
DŽ: 69462471 -> 69538339
DŽ: 69659020 -> 69659020
DŽ: 69479051 -> 69538339
DŽ: 69462471 -> 69462471
DŽ: 69462471 -> 69462471
DŽ: 69627820 -> 69861620
DŽ: 69554911 -> 69554911
DŽ: 69462471 -> 69462471

 start over 156449 loops 277 unique solutions 
Original + vert_size 13 
DŽ: 70609272 -> 69752152
DŽ: 69462471 -> 70030644
DŽ: 69462471 -> 69462471
DŽ: 69462471 -> 69462471
DŽ: 69659020 -> 69866319
DŽ: 69659020 -> 69734888
DŽ: 69802304 -> 69768628
DŽ: 69462471 -> 69462471
DŽ: 69768628 -> 69768628
DŽ: 69659020 -> 69659020
DŽ: 69659020 -> 69750051
DŽ: 69659020 -> 69754337
DŽ: 69750051 -> 69866319
DŽ: 69742840 -> 69734888
DŽ: 69659020 -> 69659020
DŽ: 69742840 -> 69659020
DŽ: 69814799 -> 69659020
DŽ: 69659020 -> 69659020
DŽ: 69661697 -> 69601968
DŽ: 69462471 -> 69462471
DŽ: 69498256 -> 69462471
DŽ: 69659020 -> 69659020
DŽ: 69659020 -> 69659020
DŽ: 69768628 -> 69768628
DŽ: 69462471 -> 69462471
DŽ: 69462471 -> 69462471
DŽ: 69659020 -> 69659020
DŽ: 69659020 -> 69659020
DŽ: 69659020 -> 69734888
DŽ: 69462471 -> 69462471
DŽ: 69462471 -> 69462471
DŽ: 69750051 -> 69659020
DŽ: 69462471 -> 69462471
DŽ: 69659020 -> 69659020
DŽ: 69462471 -> 69462471
DŽ: 69462471 -> 69462471
DŽ: 69742840 -> 69659020
DŽ: 69462471 -> 69700970
DŽ: 69651331 -> 69727199
DŽ: 69462471 -> 69918494
DŽ: 69462471 -> 69462471
DŽ: 69659020 -> 69659020
DŽ: 69659020 -> 69659020
DŽ: 69659020 -> 69659020
DŽ: 69659020 -> 69659020
DŽ: 69659020 -> 69694806
DŽ: 69462471 -> 69462471
DŽ: 69462471 -> 69462471
DŽ: 69659020 -> 69734888
DŽ: 69768628 -> 69768628
DŽ: 69659020 -> 69659020
DŽ: 69659020 -> 69659020
DŽ: 69659020 -> 69659020
DŽ: 69659020 -> 69659020
DŽ: 69462471 -> 69462471
DŽ: 69462471 -> 69462471
DŽ: 69659020 -> 69866319
DŽ: 69462471 -> 69462471
DŽ: 69462471 -> 69462471
DŽ: 69462471 -> 69462471
DŽ: 69462471 -> 69462471
DŽ: 69462471 -> 69462471
DŽ: 69462471 -> 69462471
DŽ: 69462471 -> 69462471
DŽ: 69659020 -> 69734888
DŽ: 69462471 -> 69462471
DŽ: 69659020 -> 69659020
DŽ: 69659020 -> 69659020

 start over 223700 loops 344 unique solutions 
Original + vert_size 13 
DŽ: 70609272 -> 69801299
DŽ: 69659020 -> 69659020
DŽ: 69659020 -> 69737565
DŽ: 69462471 -> 69778021
DŽ: 69462471 -> 69462471
DŽ: 69462471 -> 69462471
DŽ: 69659020 -> 69816952
DŽ: 69816952 -> 69892820
DŽ: 69601968 -> 69601968
DŽ: 69462471 -> 69462471
DŽ: 69659020 -> 69659020
DŽ: 69462471 -> 69462471
DŽ: 69462471 -> 69462471
DŽ: 69462471 -> 69462471
DŽ: 69462471 -> 69538339
DŽ: 69462471 -> 69462471
DŽ: 69462471 -> 69732403
DŽ: 69462471 -> 69462471
DŽ: 69462471 -> 69462471
DŽ: 69462471 -> 69462471
DŽ: 69462471 -> 69462471
DŽ: 69462471 -> 69462471
DŽ: 69601968 -> 69570768
DŽ: 69479043 -> 69479043
  BEST solution improved 69479043 -> 69346425 (vert_size 4, round 246641) *
DŽ: 69346425 -> 69346425
  BEST solution improved 69346425 -> 69311764 (vert_size 7, round 247143) *
DŽ: 69311764 -> 69311764
DŽ: 69462471 -> 69462471
DŽ: 69311764 -> 69311764
DŽ: 69462471 -> 69538339
DŽ: 69311764 -> 69311764
DŽ: 69462471 -> 69462471
DŽ: 69311764 -> 69311764
DŽ: 69311764 -> 69311764
DŽ: 69311764 -> 69311764
DŽ: 69462471 -> 69462471
DŽ: 69659020 -> 69659020
DŽ: 69311764 -> 69311764
DŽ: 69601968 -> 69601968
DŽ: 69311764 -> 69554911
DŽ: 69479043 -> 69479043
DŽ: 69311764 -> 69554911
DŽ: 69311764 -> 69311764
DŽ: 69311764 -> 69311764
DŽ: 69462471 -> 69462471
DŽ: 69311764 -> 69304075
  BEST solution improved 69311764 -> 69304075 (vert_size 0, round 267001) *
DŽ: 69304075 -> 69304075
DŽ: 69304075 -> 69304075
DŽ: 69601968 -> 69877753
DŽ: 69304075 -> 69304075
DŽ: 69304075 -> 69304075
DŽ: 69462471 -> 69491001
DŽ: 69304075 -> 69304075
DŽ: 69482669 -> 69858630
DŽ: 69479043 -> 69471354
DŽ: 69311764 -> 69311764
DŽ: 69479043 -> 69479043
DŽ: 69479043 -> 69479043
DŽ: 69304075 -> 69304075
DŽ: 69479043 -> 69479043
DŽ: 69479043 -> 69479043
DŽ: 69311764 -> 69311764
DŽ: 69479043 -> 69471354
DŽ: 69601968 -> 69809267
DŽ: 69304075 -> 69304075
DŽ: 69304075 -> 69304075

 start over 287265 loops 417 unique solutions 
Original + vert_size 0 
DŽ: 70609272 -> 69801299
DŽ: 69479043 -> 69479043
DŽ: 69801299 -> 69837085
DŽ: 69304075 -> 69304075
DŽ: 69462471 -> 69462471
DŽ: 69711336 -> 69708659
DŽ: 69462471 -> 69532537
DŽ: 69479043 -> 69479043
DŽ: 69304075 -> 69304075
DŽ: 69816952 -> 69902105
DŽ: 69609150 -> 69472837
DŽ: 69304075 -> 69304075
DŽ: 69665306 -> 69413108
DŽ: 69304075 -> 69304075
DŽ: 69304075 -> 69304075
DŽ: 69621141 -> 69571881
DŽ: 69304075 -> 69304075
DŽ: 69304075 -> 69304075
DŽ: 69304075 -> 69304075
DŽ: 69571881 -> 69694027
DŽ: 69304075 -> 69304075
DŽ: 69304075 -> 69304075
DŽ: 69571881 -> 69571881
DŽ: 69304075 -> 69542574
DŽ: 69304075 -> 69304075
DŽ: 69304075 -> 69304075
DŽ: 69694027 -> 69753678
DŽ: 69304075 -> 69304075
DŽ: 69304075 -> 69304075
DŽ: 69304075 -> 69304075
DŽ: 69632713 -> 69647749
DŽ: 69647749 -> 69886248
DŽ: 69304075 -> 69304075
DŽ: 69304075 -> 69304075
DŽ: 69304075 -> 69304075
DŽ: 69304075 -> 69304075
DŽ: 69304075 -> 69304075
DŽ: 69304075 -> 69304075
DŽ: 69304075 -> 69304075
DŽ: 69304075 -> 69304075
DŽ: 69304075 -> 69304075
DŽ: 69304075 -> 69304075
DŽ: 69304075 -> 69254928
  BEST solution improved 69304075 -> 69254928 (vert_size 0, round 329001) *
DŽ: 69254928 -> 69254928
DŽ: 69254928 -> 69254928
DŽ: 69304075 -> 69931268
DŽ: 69254928 -> 69254928
DŽ: 69304075 -> 69254928
DŽ: 69254928 -> 69254928
DŽ: 69304075 -> 69648155
DŽ: 69479043 -> 69479043
DŽ: 69254928 -> 69254928
DŽ: 69571881 -> 69886248
DŽ: 69254928 -> 69254928
DŽ: 69472837 -> 69472837
DŽ: 69571881 -> 69571881
DŽ: 69788916 -> 69694027
DŽ: 69254928 -> 69254928
DŽ: 69254928 -> 69254928
DŽ: 69571881 -> 69647749
DŽ: 69254928 -> 69254928
DŽ: 69254928 -> 69254928
DŽ: 69479043 -> 69479043
DŽ: 69571881 -> 69571881
DŽ: 69254928 -> 69347568
DŽ: 69479043 -> 69479043
DŽ: 69254928 -> 69254928
DŽ: 69254928 -> 69254928
DŽ: 69254928 -> 69254928
DŽ: 69254928 -> 69254928
DŽ: 69254928 -> 69254928
DŽ: 69254928 -> 69254928
DŽ: 69304075 -> 69304075
DŽ: 69571881 -> 69571881
DŽ: 69479043 -> 69479043
DŽ: 69254928 -> 69254928

 start over 362577 loops 480 unique solutions 
Approx + random 
DŽ: 75387449 -> 71508050
DŽ: 69254928 -> 69254928
DŽ: 69304075 -> 69304075
DŽ: 69304075 -> 69304075
DŽ: 69254928 -> 69254928
DŽ: 70666931 -> 70392427
DŽ: 70666931 -> 70397351
DŽ: 69304075 -> 69547222
DŽ: 69254928 -> 69254928
DŽ: 69304075 -> 69304075
DŽ: 69254928 -> 69254928
DŽ: 69254928 -> 69254928
DŽ: 69254928 -> 69498075
DŽ: 70372360 -> 70348643
DŽ: 69254928 -> 69254928
DŽ: 69254928 -> 69254928
DŽ: 69254928 -> 69254928
DŽ: 69254928 -> 69254928
DŽ: 69254928 -> 69570478
DŽ: 69254928 -> 69254928
DŽ: 70071048 -> 69854446
DŽ: 69931027 -> 69815560
DŽ: 69254928 -> 69254928
DŽ: 69595125 -> 69648661
DŽ: 69254928 -> 69254928
DŽ: 69254928 -> 69254928
DŽ: 69254928 -> 69254928
DŽ: 69254928 -> 69254928
DŽ: 69254928 -> 69254928
DŽ: 69254928 -> 69289589
DŽ: 69254928 -> 69254928
DŽ: 69254928 -> 69559243
DŽ: 69254928 -> 69254928
DŽ: 69254928 -> 69254928
DŽ: 69254928 -> 69254928
DŽ: 69686156 -> 69556936
DŽ: 69254928 -> 69254928
DŽ: 69254928 -> 69254928
DŽ: 69254928 -> 69254928
DŽ: 69254928 -> 69254928
DŽ: 69254928 -> 69289589
DŽ: 69304075 -> 69304075
DŽ: 69254928 -> 69254928
DŽ: 69254928 -> 69254928
DŽ: 69254928 -> 69254928
DŽ: 69254928 -> 69254928
DŽ: 69254928 -> 69254928
DŽ: 69254928 -> 69304075
DŽ: 69254928 -> 69254928
DŽ: 69254928 -> 69493427
DŽ: 69254928 -> 69254928
DŽ: 69254928 -> 69254928
DŽ: 69254928 -> 69254928
DŽ: 69254928 -> 69254928
DŽ: 69931027 -> 69815560
DŽ: 69254928 -> 69254928
DŽ: 69686156 -> 69649576
DŽ: 69692969 -> 69556936
DŽ: 69528406 -> 69528406
DŽ: 69254928 -> 69254928
DŽ: 69254928 -> 69254928
DŽ: 69528406 -> 69528406
DŽ: 69254928 -> 69710951
DŽ: 69254928 -> 69254928
DŽ: 69254928 -> 69254928
DŽ: 69254928 -> 69254928
DŽ: 69254928 -> 69254928
DŽ: 69289589 -> 69528088
DŽ: 69272449 -> 69347568
DŽ: 69528406 -> 69528406
DŽ: 69254928 -> 69254928
DŽ: 69528406 -> 69528406

 start over 433920 loops 555 unique solutions 
Original + vert_size 0 
DŽ: 70609272 -> 69801299
DŽ: 69254928 -> 69254928
DŽ: 69254928 -> 69254928
DŽ: 69254928 -> 69254928
DŽ: 69254928 -> 69254928
DŽ: 69508465 -> 69471354
DŽ: 69254928 -> 69346653
DŽ: 69471354 -> 69471354
DŽ: 69254928 -> 69254928
DŽ: 69254928 -> 69254928
DŽ: 71283444 -> 70991861
DŽ: 69254928 -> 69493427
DŽ: 69254928 -> 69254928
DŽ: 69254928 -> 69736574
DŽ: 69471354 -> 69785721
DŽ: 69254928 -> 69254928
DŽ: 69859794 -> 69755729
DŽ: 69553872 -> 69471354
DŽ: 70038980 -> 69755729
DŽ: 69254928 -> 69254928
DŽ: 69728004 -> 69557804
DŽ: 69755729 -> 69755729
DŽ: 69755729 -> 69755729
DŽ: 69254928 -> 69254928
DŽ: 69755729 -> 69755729
DŽ: 69557804 -> 69557804
DŽ: 69481936 -> 69557804
DŽ: 69692870 -> 69679861
DŽ: 69254928 -> 69254928
DŽ: 69254928 -> 69254928
DŽ: 69549213 -> 69481936
DŽ: 69254928 -> 69254928
DŽ: 69254928 -> 69254928
DŽ: 69254928 -> 69254928
DŽ: 69254928 -> 69254928
DŽ: 69254928 -> 69254928
DŽ: 69755729 -> 69755729
DŽ: 69254928 -> 69254928
DŽ: 69254928 -> 69254928
DŽ: 69254928 -> 69254928
DŽ: 69725658 -> 69679861
DŽ: 69679861 -> 69755729
DŽ: 69686674 -> 69829453
DŽ: 69254928 -> 69254928
DŽ: 69481936 -> 69481936
DŽ: 69254928 -> 69396715
DŽ: 69254928 -> 69254928
DŽ: 69755729 -> 69755729
DŽ: 69471354 -> 69471354
DŽ: 69755729 -> 69758406
DŽ: 69800970 -> 69651331
DŽ: 69626973 -> 69490191
DŽ: 69848304 -> 69755729
DŽ: 69755729 -> 69755729
DŽ: 69755729 -> 69755729
DŽ: 69493427 -> 69668960
DŽ: 69254928 -> 69254928
DŽ: 69254928 -> 69254928
DŽ: 69254928 -> 69609013
DŽ: 69304075 -> 69304075
DŽ: 69254928 -> 69254928
DŽ: 69481936 -> 69797486
DŽ: 69842108 -> 69679861
DŽ: 69254928 -> 69254928
DŽ: 69679861 -> 69679861
DŽ: 69679861 -> 69679861
DŽ: 69254928 -> 69254928

 start over 499503 loops 619 unique solutions 
Approx + random 
DŽ: 75387449 -> 71335717
DŽ: 69755729 -> 69755729
DŽ: 69254928 -> 69254928
DŽ: 69254928 -> 69254928
DŽ: 69254928 -> 69254928
DŽ: 69254928 -> 69254928
DŽ: 69471354 -> 69479043
DŽ: 69254928 -> 69745989
DŽ: 69479043 -> 69479043
DŽ: 69755729 -> 69755729
DŽ: 69528406 -> 69528406
DŽ: 69254928 -> 69254928
DŽ: 69384049 -> 69377853
end_heu: 511670 loops with 654 unique solutions in 1799.05 s

Calling print_solution
>>> get_solution
  refine_solution: new weight 69254928 (was 69254928) in 0.001737 s
## FINAL WEIGHT 69254928
print_solution: 0.003755 s
