Version: final-94-gfffc3aa rub_all.sh: remove longest prefix
Random seed: 1549777723
Start
>>> save_orig_graph
>> Saved weight 0
Graph loaded
|V| = 8101, |E| = 16020, |R| = 90
First clearance of the input. Calling buy_zero and run_all_heuristics.
  buy_zero: 0 zero edges in 1.9e-05 s
  handle_small_terminal_degrees: terms 0 in 6e-06 s
  handle_small_Steiner_degrees: steiner 0, suppress 4 in 1.2e-05 s
  shortest_edge_between_terminals: 0 edges in 3e-06 s
  handle_small_terminal_degrees: terms 0 in 6e-06 s
  handle_small_Steiner_degrees: steiner 0, suppress 0 in 1e-05 s
  shortest_edge_between_terminals: 0 edges in 2e-06 s
Compressed graph 8101 -> 8096
  delete_edges: deleted 4 edges in 0.000365 s and 1 rounds
  handle_small_terminal_degrees: terms 0 in 6e-06 s
  handle_small_Steiner_degrees: steiner 0, suppress 8 in 1.3e-05 s
  shortest_edge_between_terminals: 0 edges in 2e-06 s
  handle_small_terminal_degrees: terms 0 in 6e-06 s
  handle_small_Steiner_degrees: steiner 0, suppress 0 in 1.1e-05 s
  shortest_edge_between_terminals: 0 edges in 1e-06 s
Compressed graph 8096 -> 8088
  delete_edges_shortest_path: deleted 8 edges in 0.039472 s
  handle_small_terminal_degrees: terms 0 in 6e-06 s
  handle_small_Steiner_degrees: steiner 0, suppress 12 in 1.5e-05 s
  shortest_edge_between_terminals: 0 edges in 3e-06 s
  handle_small_terminal_degrees: terms 0 in 6e-06 s
  handle_small_Steiner_degrees: steiner 0, suppress 0 in 1e-05 s
  shortest_edge_between_terminals: 0 edges in 2e-06 s
Compressed graph 8088 -> 8076
  handle_small_terminal_degrees: terms 0 in 6e-06 s
  handle_small_Steiner_degrees: steiner 0, suppress 0 in 1.1e-05 s
  shortest_edge_between_terminals: 0 edges in 4e-06 s
Compressed graph 8076 -> 8076
  delete_edges_shortest_path: deleted 12 edges in 0.039157 s
  handle_small_terminal_degrees: terms 0 in 6e-06 s
  handle_small_Steiner_degrees: steiner 0, suppress 16 in 1.6e-05 s
  shortest_edge_between_terminals: 0 edges in 3e-06 s
  handle_small_terminal_degrees: terms 0 in 6e-06 s
  handle_small_Steiner_degrees: steiner 0, suppress 0 in 1.1e-05 s
  shortest_edge_between_terminals: 0 edges in 1e-06 s
Compressed graph 8076 -> 8060
Compressed graph 8060 -> 8060
>>> save_orig_graph
>> Saved weight 0
### ZEL_LVL=0 PRECISE_STARS=0

Calling `contract_till_the_bitter_end`
|V| = 8060, |E| = 15956, |R| = 90
>>> get_solution
>>> get_solution
  refine_solution: new weight 79563475 (was 79719503) in 0.0018 s
  refine_solution: new weight 79405815 (was 79563475) in 0.001666 s
  refine_solution: new weight 79405815 (was 79405815) in 0.001634 s
0,,8060,15956,90,,0,0,,79719503,79405815,0,0,0,,0,0,@@

  delete_edges: deleted 16 edges in 0.000744 s and 2 rounds
  handle_small_Steiner_degrees: steiner 0, suppress 20 in 2e-05 s
Starting round 1
Found 20 isolated vertices
Invalid ratios recomputed: 8040
Best ratio is 42463/1 (42463.0), centered at 6417
Finding the best star... Star with 2 terminals centered in 6598
round took: 0.247357 s
|V| = 8060, |E| = 15916, |R| = 89
>>> get_solution
>>> get_solution
  refine_solution: new weight 79563475 (was 79719503) in 0.001751 s
  refine_solution: new weight 79405815 (was 79563475) in 0.001648 s
  refine_solution: new weight 79405815 (was 79405815) in 0.001621 s
1,,8040,15916,89,,8040,0,,79719503,79405815,42463,42463,42463,,42463,2,@@

  handle_small_Steiner_degrees: steiner 0, suppress 0 in 1e-05 s
Starting round 2
Found 23 isolated vertices
Invalid ratios recomputed: 372
Best ratio is 99583/1 (99583.0), centered at 3791
Finding the best star... Star with 2 terminals centered in 3882
round took: 0.014484 s
|V| = 8060, |E| = 15913, |R| = 88
>>> get_solution
>>> get_solution
  refine_solution: new weight 79563475 (was 79719503) in 0.001743 s
  refine_solution: new weight 79405815 (was 79563475) in 0.001645 s
  refine_solution: new weight 79405815 (was 79405815) in 0.00163 s
2,,8037,15913,88,,372,0,,79719503,79405815,142046,142046,142046,,99583,2,@@

  handle_small_Steiner_degrees: steiner 0, suppress 0 in 1e-05 s
Starting round 3
Found 25 isolated vertices
Invalid ratios recomputed: 447
Best ratio is 232666/1 (232666.0), centered at 6840
Finding the best star... Star with 2 terminals centered in 6841
round took: 0.021148 s
|V| = 8060, |E| = 15910, |R| = 87
>>> get_solution
>>> get_solution
  refine_solution: new weight 79519301 (was 79675329) in 0.001721 s
  refine_solution: new weight 79361641 (was 79519301) in 0.001663 s
  refine_solution: new weight 79361641 (was 79361641) in 0.001622 s
3,,8035,15910,87,,447,0,,79675329,79361641,374712,374712,374712,,232666,2,@@

  handle_small_Steiner_degrees: steiner 0, suppress 0 in 1e-05 s
Starting round 4
Found 27 isolated vertices
Invalid ratios recomputed: 354
Best ratio is 236408/1 (236408.0), centered at 704
Finding the best star... Star with 2 terminals centered in 976
round took: 0.011724 s
|V| = 8060, |E| = 15902, |R| = 86
>>> get_solution
>>> get_solution
  refine_solution: new weight 79519301 (was 79675329) in 0.001735 s
  refine_solution: new weight 79361641 (was 79519301) in 0.001633 s
  refine_solution: new weight 79361641 (was 79361641) in 0.00163 s
4,,8033,15902,86,,354,0,,79675329,79361641,611120,611120,611120,,236408,2,@@

  handle_small_Steiner_degrees: steiner 0, suppress 0 in 1e-05 s
Starting round 5
Found 32 isolated vertices
Invalid ratios recomputed: 410
Best ratio is 245205/1 (245205.0), centered at 2111
Finding the best star... Star with 2 terminals centered in 2381
round took: 0.014434 s
|V| = 8060, |E| = 15897, |R| = 85
>>> get_solution
>>> get_solution
  refine_solution: new weight 79519301 (was 79675329) in 0.001723 s
  refine_solution: new weight 79361641 (was 79519301) in 0.001649 s
  refine_solution: new weight 79361641 (was 79361641) in 0.001622 s
5,,8028,15897,85,,410,0,,79675329,79361641,856325,856325,856325,,245205,2,@@

  handle_small_Steiner_degrees: steiner 0, suppress 0 in 1e-05 s
Starting round 6
Found 36 isolated vertices
Invalid ratios recomputed: 324
Best ratio is 290736/1 (290736.0), centered at 6101
Finding the best star... Star with 2 terminals centered in 6461
round took: 0.014292 s
|V| = 8060, |E| = 15891, |R| = 84
>>> get_solution
>>> get_solution
  refine_solution: new weight 79519301 (was 79675329) in 0.00172 s
  refine_solution: new weight 79361641 (was 79519301) in 0.001649 s
  refine_solution: new weight 79361641 (was 79361641) in 0.001629 s
6,,8024,15891,84,,324,0,,79675329,79361641,1147061,1147061,1147061,,290736,2,@@

  handle_small_Steiner_degrees: steiner 0, suppress 0 in 1e-05 s
Starting round 7
Found 41 isolated vertices
Invalid ratios recomputed: 238
Best ratio is 325769/1 (325769.0), centered at 2822
Finding the best star... Star with 2 terminals centered in 3092
round took: 0.008772 s
|V| = 8060, |E| = 15886, |R| = 83
>>> get_solution
>>> get_solution
  refine_solution: new weight 79519301 (was 79675329) in 0.001727 s
  refine_solution: new weight 79361641 (was 79519301) in 0.001641 s
  refine_solution: new weight 79361641 (was 79361641) in 0.001642 s
7,,8019,15886,83,,238,0,,79675329,79361641,1472830,1472830,1472830,,325769,2,@@

  handle_small_Steiner_degrees: steiner 0, suppress 0 in 1.2e-05 s
Starting round 8
Found 45 isolated vertices
Invalid ratios recomputed: 414
Best ratio is 331278/1 (331278.0), centered at 2183
Finding the best star... Star with 2 terminals centered in 2189
round took: 0.018129 s
|V| = 8060, |E| = 15878, |R| = 82
>>> get_solution
>>> get_solution
  refine_solution: new weight 79412712 (was 79568740) in 0.001738 s
  refine_solution: new weight 79255052 (was 79412712) in 0.001643 s
  refine_solution: new weight 79255052 (was 79255052) in 0.00164 s
8,,8015,15878,82,,414,0,,79568740,79255052,1804108,1804108,1804108,,331278,2,@@

  handle_small_Steiner_degrees: steiner 0, suppress 0 in 1.3e-05 s
Starting round 9
Found 52 isolated vertices
Invalid ratios recomputed: 574
Best ratio is 430771/1 (430771.0), centered at 7188
Finding the best star... Star with 2 terminals centered in 7459
round took: 0.030325 s
|V| = 8060, |E| = 15873, |R| = 81
>>> get_solution
>>> get_solution
  refine_solution: new weight 79412712 (was 79568740) in 0.001743 s
  refine_solution: new weight 79255052 (was 79412712) in 0.001645 s
  refine_solution: new weight 79255052 (was 79255052) in 0.00165 s
9,,8008,15873,81,,574,0,,79568740,79255052,2234879,2234879,2234879,,430771,2,@@

  handle_small_Steiner_degrees: steiner 0, suppress 0 in 1.3e-05 s
Starting round 10
Found 56 isolated vertices
Invalid ratios recomputed: 360
Best ratio is 485140/1 (485140.0), centered at 3472
Finding the best star... Star with 2 terminals centered in 3655
round took: 0.016162 s
|V| = 8060, |E| = 15867, |R| = 80
>>> get_solution
>>> get_solution
  refine_solution: new weight 79412712 (was 79568740) in 0.001728 s
  refine_solution: new weight 79255052 (was 79412712) in 0.001658 s
  refine_solution: new weight 79255052 (was 79255052) in 0.001625 s
10,,8004,15867,80,,360,0,,79568740,79255052,2720019,2720019,2720019,,485140,2,@@

  handle_small_Steiner_degrees: steiner 0, suppress 0 in 1e-05 s
Starting round 11
Found 61 isolated vertices
Invalid ratios recomputed: 314
Best ratio is 489850/1 (489850.0), centered at 5809
Finding the best star... Star with 2 terminals centered in 5816
round took: 0.011048 s
|V| = 8060, |E| = 15858, |R| = 79
>>> get_solution
>>> get_solution
  refine_solution: new weight 79232349 (was 79388377) in 0.001733 s
  refine_solution: new weight 79074689 (was 79232349) in 0.001652 s
  refine_solution: new weight 79074689 (was 79074689) in 0.001634 s
11,,7999,15858,79,,314,0,,79388377,79074689,3209869,3209869,3209869,,489850,2,@@

  handle_small_Steiner_degrees: steiner 0, suppress 0 in 1e-05 s
Starting round 12
Found 69 isolated vertices
Invalid ratios recomputed: 686
Best ratio is 499500/1 (499500.0), centered at 5213
Finding the best star... Star with 2 terminals centered in 5666
round took: 0.031734 s
|V| = 8060, |E| = 15847, |R| = 78
>>> get_solution
>>> get_solution
  refine_solution: new weight 79055087 (was 79211115) in 0.001744 s
  refine_solution: new weight 78897427 (was 79055087) in 0.001641 s
  refine_solution: new weight 78897427 (was 78897427) in 0.001631 s
12,,7991,15847,78,,686,0,,79211115,78897427,3709369,3709369,3709369,,499500,2,@@

  handle_small_Steiner_degrees: steiner 0, suppress 0 in 1.3e-05 s
Starting round 13
Found 77 isolated vertices
Invalid ratios recomputed: 396
Best ratio is 504799/1 (504799.0), centered at 6297
Finding the best star... Star with 2 terminals centered in 6841
round took: 0.014497 s
|V| = 8060, |E| = 15832, |R| = 77
>>> get_solution
>>> get_solution
  refine_solution: new weight 79000798 (was 79177700) in 0.001741 s
  refine_solution: new weight 78843138 (was 79000798) in 0.001643 s
  refine_solution: new weight 78843138 (was 78843138) in 0.001623 s
13,,7983,15832,77,,396,0,,79177700,78843138,4214168,4214168,4214168,,504799,2,@@

  handle_small_Steiner_degrees: steiner 0, suppress 0 in 1e-05 s
Starting round 14
Found 86 isolated vertices
Invalid ratios recomputed: 555
Best ratio is 537164/1 (537164.0), centered at 5091
Finding the best star... Star with 2 terminals centered in 5816
round took: 0.02447 s
|V| = 8060, |E| = 15822, |R| = 76
>>> get_solution
>>> get_solution
  refine_solution: new weight 79000798 (was 79177700) in 0.001727 s
  refine_solution: new weight 78843138 (was 79000798) in 0.001656 s
  refine_solution: new weight 78843138 (was 78843138) in 0.001624 s
14,,7974,15822,76,,555,0,,79177700,78843138,4751332,4751332,4751332,,537164,2,@@

  handle_small_Steiner_degrees: steiner 0, suppress 0 in 1e-05 s
Starting round 15
Found 94 isolated vertices
Invalid ratios recomputed: 758
Best ratio is 554432/1 (554432.0), centered at 4949
Finding the best star... Star with 2 terminals centered in 4954
round took: 0.039629 s
|V| = 8060, |E| = 15814, |R| = 75
>>> get_solution
>>> get_solution
  refine_solution: new weight 79000798 (was 79177700) in 0.001731 s
  refine_solution: new weight 78843138 (was 79000798) in 0.001654 s
  refine_solution: new weight 78843138 (was 78843138) in 0.001629 s
15,,7966,15814,75,,758,0,,79177700,78843138,5305764,5305764,5305764,,554432,2,@@

  handle_small_Steiner_degrees: steiner 0, suppress 0 in 1e-05 s
Starting round 16
Found 101 isolated vertices
Invalid ratios recomputed: 407
Best ratio is 588941/1 (588941.0), centered at 5421
Finding the best star... Star with 2 terminals centered in 5611
round took: 0.018172 s
|V| = 8060, |E| = 15799, |R| = 74
>>> get_solution
>>> get_solution
  refine_solution: new weight 78899669 (was 79076571) in 0.001724 s
  refine_solution: new weight 78742009 (was 78899669) in 0.001652 s
  refine_solution: new weight 78742009 (was 78742009) in 0.001628 s
16,,7959,15799,74,,407,0,,79076571,78742009,5894705,5894705,5894705,,588941,2,@@

  delete_edges: deleted 60 edges in 0.000815 s and 2 rounds
  handle_small_Steiner_degrees: steiner 1, suppress 37 in 2.8e-05 s
Starting round 17
Found 151 isolated vertices
Invalid ratios recomputed: 598
Best ratio is 1178906/2 (589453.0), centered at 4943
Finding the best star... Star with 3 terminals centered in 4954
round took: 0.027193 s
|V| = 8060, |E| = 15686, |R| = 72
>>> get_solution
>>> get_solution
  refine_solution: new weight 78724551 (was 78901453) in 0.001742 s
  refine_solution: new weight 78566891 (was 78724551) in 0.001647 s
  refine_solution: new weight 78566891 (was 78566891) in 0.001626 s
17,,7909,15686,72,,598,0,,78901453,78566891,7073611,7073611,7073611,,1178906,3,@@

  handle_small_Steiner_degrees: steiner 0, suppress 0 in 1.3e-05 s
Starting round 18
Found 162 isolated vertices
Invalid ratios recomputed: 832
Best ratio is 595910/1 (595910.0), centered at 6668
Finding the best star... Star with 2 terminals centered in 6764
round took: 0.042383 s
|V| = 8060, |E| = 15677, |R| = 71
>>> get_solution
>>> get_solution
  refine_solution: new weight 78566124 (was 78722152) in 0.001751 s
  refine_solution: new weight 78408464 (was 78566124) in 0.00165 s
  refine_solution: new weight 78408464 (was 78408464) in 0.001635 s
18,,7898,15677,71,,832,0,,78722152,78408464,7669521,7669521,7669521,,595910,2,@@

  handle_small_Steiner_degrees: steiner 0, suppress 0 in 1.3e-05 s
Starting round 19
Found 169 isolated vertices
Invalid ratios recomputed: 488
Best ratio is 1199008/2 (599504.0), centered at 7045
Finding the best star... Star with 3 terminals centered in 6598
round took: 0.023601 s
|V| = 8060, |E| = 15658, |R| = 69
>>> get_solution
>>> get_solution
  refine_solution: new weight 78231400 (was 78387428) in 0.001754 s
  refine_solution: new weight 78073740 (was 78231400) in 0.00165 s
  refine_solution: new weight 78073740 (was 78073740) in 0.001649 s
19,,7891,15658,69,,488,0,,78387428,78073740,8868529,8868529,8868529,,1199008,3,@@

  handle_small_Steiner_degrees: steiner 0, suppress 0 in 1e-05 s
Starting round 20
Found 185 isolated vertices
Invalid ratios recomputed: 726
Best ratio is 605661/1 (605661.0), centered at 5611
Finding the best star... Star with 2 terminals centered in 6598
round took: 0.03394 s
|V| = 8060, |E| = 15646, |R| = 68
>>> get_solution
>>> get_solution
  refine_solution: new weight 78080059 (was 78236087) in 0.001761 s
  refine_solution: new weight 77922399 (was 78080059) in 0.001654 s
  refine_solution: new weight 77922399 (was 77922399) in 0.001646 s
20,,7875,15646,68,,726,0,,78236087,77922399,9474190,9474190,9474190,,605661,2,@@

  handle_small_Steiner_degrees: steiner 0, suppress 1 in 1.1e-05 s
Starting round 21
Found 195 isolated vertices
Invalid ratios recomputed: 1005
Best ratio is 620228/1 (620228.0), centered at 5472
Finding the best star... Star with 2 terminals centered in 6461
round took: 0.062922 s
|V| = 8060, |E| = 15635, |R| = 67
>>> get_solution
>>> get_solution
  refine_solution: new weight 78080059 (was 78236087) in 0.001767 s
  refine_solution: new weight 77922399 (was 78080059) in 0.001656 s
  refine_solution: new weight 77922399 (was 77922399) in 0.00164 s
21,,7865,15635,67,,1005,0,,78236087,77922399,10094418,10094418,10094418,,620228,2,@@

  handle_small_Steiner_degrees: steiner 0, suppress 0 in 9e-06 s
Starting round 22
Found 203 isolated vertices
Invalid ratios recomputed: 440
Best ratio is 621673/1 (621673.0), centered at 820
Finding the best star... Star with 2 terminals centered in 1095
round took: 0.022925 s
|V| = 8060, |E| = 15623, |R| = 66
>>> get_solution
>>> get_solution
  refine_solution: new weight 78406406 (was 78501506) in 0.001751 s
  refine_solution: new weight 78406406 (was 78406406) in 0.00166 s
22,,7857,15623,66,,440,0,,78501506,78406406,10716091,10716091,10716091,,621673,2,@@

  handle_small_Steiner_degrees: steiner 0, suppress 0 in 9e-06 s
Starting round 23
Found 211 isolated vertices
Invalid ratios recomputed: 632
Best ratio is 647955/1 (647955.0), centered at 1626
Finding the best star... Star with 2 terminals centered in 1629
round took: 0.029584 s
|V| = 8060, |E| = 15618, |R| = 65
>>> get_solution
>>> get_solution
  refine_solution: new weight 78245804 (was 78340904) in 0.001744 s
  refine_solution: new weight 78245804 (was 78245804) in 0.001679 s
23,,7849,15618,65,,632,0,,78340904,78245804,11364046,11364046,11364046,,647955,2,@@

  handle_small_Steiner_degrees: steiner 0, suppress 0 in 1e-05 s
Starting round 24
Found 215 isolated vertices
Invalid ratios recomputed: 571
Best ratio is 655949/1 (655949.0), centered at 2939
Finding the best star... Star with 2 terminals centered in 2943
round took: 0.025534 s
|V| = 8060, |E| = 15612, |R| = 64
>>> get_solution
>>> get_solution
  refine_solution: new weight 78174837 (was 78269937) in 0.00175 s
  refine_solution: new weight 78174837 (was 78174837) in 0.001665 s
24,,7845,15612,64,,571,0,,78269937,78174837,12019995,12019995,12019995,,655949,2,@@

  handle_small_Steiner_degrees: steiner 0, suppress 0 in 1e-05 s
Starting round 25
Found 220 isolated vertices
Invalid ratios recomputed: 377
Best ratio is 1317090/2 (658545.0), centered at 4757
Finding the best star... Star with 3 terminals centered in 4954
round took: 0.013093 s
|V| = 8060, |E| = 15594, |R| = 62
>>> get_solution
>>> get_solution
  refine_solution: new weight 77966119 (was 78061219) in 0.001752 s
  refine_solution: new weight 77966119 (was 77966119) in 0.001663 s
25,,7840,15594,62,,377,0,,78061219,77966119,13337085,13337085,13337085,,1317090,3,@@

  handle_small_Steiner_degrees: steiner 0, suppress 0 in 1e-05 s
Starting round 26
Found 235 isolated vertices
Invalid ratios recomputed: 1101
Best ratio is 659438/1 (659438.0), centered at 5816
Finding the best star... Star with 2 terminals centered in 6001
round took: 0.073249 s
|V| = 8060, |E| = 15585, |R| = 61
>>> get_solution
>>> get_solution
  refine_solution: new weight 78084745 (was 78179845) in 0.001759 s
  refine_solution: new weight 78084745 (was 78084745) in 0.001665 s
26,,7825,15585,61,,1101,0,,78179845,78084745,13996523,13996523,13996523,,659438,2,@@

  handle_small_Steiner_degrees: steiner 0, suppress 0 in 9e-06 s
Starting round 27
Found 242 isolated vertices
Invalid ratios recomputed: 1007
Best ratio is 663028/1 (663028.0), centered at 4544
Finding the best star... Star with 2 terminals centered in 4724
round took: 0.061648 s
|V| = 8060, |E| = 15578, |R| = 60
>>> get_solution
>>> get_solution
  refine_solution: new weight 77761256 (was 77856356) in 0.001758 s
  refine_solution: new weight 77761256 (was 77761256) in 0.001687 s
27,,7818,15578,60,,1007,0,,77856356,77761256,14659551,14659551,14659551,,663028,2,@@

  handle_small_Steiner_degrees: steiner 0, suppress 0 in 1e-05 s
Starting round 28
Found 248 isolated vertices
Invalid ratios recomputed: 618
Best ratio is 692428/1 (692428.0), centered at 6239
Finding the best star... Star with 2 terminals centered in 6245
round took: 0.036702 s
|V| = 8060, |E| = 15569, |R| = 59
>>> get_solution
>>> get_solution
  refine_solution: new weight 77761256 (was 77856356) in 0.00176 s
  refine_solution: new weight 77761256 (was 77761256) in 0.001663 s
28,,7812,15569,59,,618,0,,77856356,77761256,15351979,15351979,15351979,,692428,2,@@

  handle_small_Steiner_degrees: steiner 0, suppress 0 in 1e-05 s
Starting round 29
Found 255 isolated vertices
Invalid ratios recomputed: 1010
Best ratio is 693778/1 (693778.0), centered at 3655
Finding the best star... Star with 2 terminals centered in 4107
round took: 0.07837 s
|V| = 8060, |E| = 15558, |R| = 58
>>> get_solution
>>> get_solution
  refine_solution: new weight 77625572 (was 77720672) in 0.001757 s
  refine_solution: new weight 77625572 (was 77625572) in 0.001667 s
29,,7805,15558,58,,1010,0,,77720672,77625572,16045757,16045757,16045757,,693778,2,@@

  handle_small_Steiner_degrees: steiner 0, suppress 0 in 1e-05 s
Starting round 30
Found 262 isolated vertices
Invalid ratios recomputed: 507
Best ratio is 726221/1 (726221.0), centered at 1352
Finding the best star... Star with 2 terminals centered in 1629
round took: 0.025403 s
|V| = 8060, |E| = 15548, |R| = 57
>>> get_solution
>>> get_solution
  refine_solution: new weight 77387600 (was 77482700) in 0.001776 s
  refine_solution: new weight 77387600 (was 77387600) in 0.001686 s
30,,7798,15548,57,,507,0,,77482700,77387600,16771978,16771978,16771978,,726221,2,@@

  handle_small_Steiner_degrees: steiner 0, suppress 0 in 1e-05 s
Starting round 31
Found 269 isolated vertices
Invalid ratios recomputed: 688
Best ratio is 727862/1 (727862.0), centered at 2379
Finding the best star... Star with 2 terminals centered in 2469
round took: 0.034682 s
|V| = 8060, |E| = 15543, |R| = 56
>>> get_solution
>>> get_solution
  refine_solution: new weight 77387600 (was 77482700) in 0.001771 s
  refine_solution: new weight 77387600 (was 77387600) in 0.001672 s
31,,7791,15543,56,,688,0,,77482700,77387600,17499840,17499840,17499840,,727862,2,@@

  handle_small_Steiner_degrees: steiner 0, suppress 0 in 9e-06 s
Starting round 32
Found 272 isolated vertices
Invalid ratios recomputed: 398
Best ratio is 727980/1 (727980.0), centered at 2943
Finding the best star... Star with 2 terminals centered in 3395
round took: 0.019529 s
|V| = 8060, |E| = 15534, |R| = 55
>>> get_solution
>>> get_solution
  refine_solution: new weight 77387600 (was 77482700) in 0.001773 s
  refine_solution: new weight 77387600 (was 77387600) in 0.001675 s
32,,7788,15534,55,,398,0,,77482700,77387600,18227820,18227820,18227820,,727980,2,@@

  delete_edges: deleted 104 edges in 0.002737 s and 6 rounds
  handle_small_Steiner_degrees: steiner 3, suppress 69 in 4.9e-05 s
Starting round 33
Found 351 isolated vertices
Invalid ratios recomputed: 483
Best ratio is 1458115/2 (729057.5), centered at 980
Finding the best star... Star with 3 terminals centered in 534
round took: 0.01979 s
|V| = 8060, |E| = 15332, |R| = 53
>>> get_solution
>>> get_solution
  refine_solution: new weight 76967191 (was 77062291) in 0.00178 s
  refine_solution: new weight 76967191 (was 76967191) in 0.001689 s
33,,7709,15332,53,,483,0,,77062291,76967191,19685935,19685935,19685935,,1458115,3,@@

  handle_small_Steiner_degrees: steiner 0, suppress 0 in 1e-05 s
Starting round 34
Found 369 isolated vertices
Invalid ratios recomputed: 584
Best ratio is 742824/1 (742824.0), centered at 2753
Finding the best star... Star with 2 terminals centered in 3395
round took: 0.029461 s
|V| = 8060, |E| = 15320, |R| = 52
>>> get_solution
>>> get_solution
  refine_solution: new weight 76891295 (was 76986395) in 0.001785 s
  refine_solution: new weight 76891295 (was 76891295) in 0.001671 s
34,,7691,15320,52,,584,0,,76986395,76891295,20428759,20428759,20428759,,742824,2,@@

  handle_small_Steiner_degrees: steiner 0, suppress 0 in 9e-06 s
Starting round 35
Found 377 isolated vertices
Invalid ratios recomputed: 607
Best ratio is 780373/1 (780373.0), centered at 3947
Finding the best star... Star with 2 terminals centered in 3955
round took: 0.030661 s
|V| = 8060, |E| = 15309, |R| = 51
>>> get_solution
>>> get_solution
  refine_solution: new weight 76891295 (was 76986395) in 0.001763 s
  refine_solution: new weight 76891295 (was 76891295) in 0.001676 s
35,,7683,15309,51,,607,0,,76986395,76891295,21209132,21209132,21209132,,780373,2,@@

  handle_small_Steiner_degrees: steiner 0, suppress 0 in 1e-05 s
Starting round 36
Found 387 isolated vertices
Invalid ratios recomputed: 1135
Best ratio is 785658/1 (785658.0), centered at 157
Finding the best star... Star with 2 terminals centered in 163
round took: 0.089996 s
|V| = 8060, |E| = 15300, |R| = 50
>>> get_solution
>>> get_solution
  refine_solution: new weight 76891295 (was 76986395) in 0.001775 s
  refine_solution: new weight 76891295 (was 76891295) in 0.001674 s
36,,7673,15300,50,,1135,0,,76986395,76891295,21994790,21994790,21994790,,785658,2,@@

  handle_small_Steiner_degrees: steiner 0, suppress 1 in 1.3e-05 s
Starting round 37
Found 395 isolated vertices
Invalid ratios recomputed: 181
Best ratio is 793861/1 (793861.0), centered at 962
Finding the best star... Star with 2 terminals centered in 1232
round took: 0.006787 s
|V| = 8060, |E| = 15290, |R| = 49
>>> get_solution
>>> get_solution
  refine_solution: new weight 76608132 (was 76774416) in 0.001756 s
  refine_solution: new weight 76608132 (was 76608132) in 0.001682 s
37,,7665,15290,49,,181,0,,76774416,76608132,22788651,22788651,22788651,,793861,2,@@

  handle_small_Steiner_degrees: steiner 0, suppress 1 in 1.3e-05 s
Starting round 38
Found 403 isolated vertices
Invalid ratios recomputed: 359
Best ratio is 810279/1 (810279.0), centered at 3955
Finding the best star... Star with 2 terminals centered in 3955
round took: 0.015254 s
|V| = 8060, |E| = 15277, |R| = 48
>>> get_solution
>>> get_solution
  refine_solution: new weight 76608132 (was 76774416) in 0.001758 s
  refine_solution: new weight 76608132 (was 76608132) in 0.001676 s
38,,7657,15277,48,,359,0,,76774416,76608132,23598930,23598930,23598930,,810279,2,@@

  handle_small_Steiner_degrees: steiner 0, suppress 2 in 1.5e-05 s
Starting round 39
Found 415 isolated vertices
Invalid ratios recomputed: 1200
Best ratio is 816966/1 (816966.0), centered at 3955
Finding the best star... Star with 2 terminals centered in 6841
round took: 0.113627 s
|V| = 8060, |E| = 15263, |R| = 47
>>> get_solution
>>> get_solution
  refine_solution: new weight 76608132 (was 76774416) in 0.001765 s
  refine_solution: new weight 76608132 (was 76608132) in 0.001683 s
39,,7645,15263,47,,1200,0,,76774416,76608132,24415896,24415896,24415896,,816966,2,@@

  handle_small_Steiner_degrees: steiner 0, suppress 1 in 1.3e-05 s
Starting round 40
Found 424 isolated vertices
Invalid ratios recomputed: 1455
Best ratio is 1637670/2 (818835.0), centered at 4332
Finding the best star... Star with 3 terminals centered in 4607
round took: 0.165175 s
|V| = 8060, |E| = 15238, |R| = 45
>>> get_solution
>>> get_solution
  refine_solution: new weight 75993292 (was 76159576) in 0.001805 s
  refine_solution: new weight 75993292 (was 75993292) in 0.001676 s
40,,7636,15238,45,,1455,0,,76159576,75993292,26053566,26053566,26053566,,1637670,3,@@

  handle_small_Steiner_degrees: steiner 0, suppress 1 in 1.5e-05 s
Starting round 41
Found 443 isolated vertices
Invalid ratios recomputed: 790
Best ratio is 788306/1 (788306.0), centered at 4607
Finding the best star... Star with 2 terminals centered in 5326
round took: 0.065468 s
|V| = 8060, |E| = 15227, |R| = 44
>>> get_solution
>>> get_solution
  refine_solution: new weight 75993292 (was 76159576) in 0.001768 s
  refine_solution: new weight 75993292 (was 75993292) in 0.001674 s
41,,7617,15227,44,,790,0,,76159576,75993292,26841872,26841872,26841872,,788306,2,@@

  handle_small_Steiner_degrees: steiner 0, suppress 0 in 1.3e-05 s
Starting round 42
Found 451 isolated vertices
Invalid ratios recomputed: 1354
Best ratio is 849508/1 (849508.0), centered at 314
Finding the best star... Star with 2 terminals centered in 321
round took: 0.133438 s
|V| = 8060, |E| = 15218, |R| = 43
>>> get_solution
>>> get_solution
  refine_solution: new weight 75630994 (was 75887240) in 0.001784 s
  refine_solution: new weight 75630994 (was 75630994) in 0.00169 s
42,,7609,15218,43,,1354,0,,75887240,75630994,27691380,27691380,27691380,,849508,2,@@

  handle_small_Steiner_degrees: steiner 0, suppress 0 in 9e-06 s
Starting round 43
Found 459 isolated vertices
Invalid ratios recomputed: 405
Best ratio is 864076/1 (864076.0), centered at 3092
Finding the best star... Star with 2 terminals centered in 3187
round took: 0.019157 s
|V| = 8060, |E| = 15209, |R| = 42
>>> get_solution
>>> get_solution
  refine_solution: new weight 75480113 (was 75736359) in 0.001767 s
  refine_solution: new weight 75480113 (was 75480113) in 0.001673 s
43,,7601,15209,42,,405,0,,75736359,75480113,28555456,28555456,28555456,,864076,2,@@

  handle_small_Steiner_degrees: steiner 0, suppress 0 in 9e-06 s
Starting round 44
Found 465 isolated vertices
Invalid ratios recomputed: 653
Best ratio is 1728293/2 (864146.5), centered at 648
Finding the best star... Star with 3 terminals centered in 654
round took: 0.032721 s
|V| = 8060, |E| = 15189, |R| = 40
>>> get_solution
>>> get_solution
  refine_solution: new weight 75097655 (was 75353901) in 0.00176 s
  refine_solution: new weight 75097655 (was 75097655) in 0.001676 s
44,,7595,15189,40,,653,0,,75353901,75097655,30283749,30283749,30283749,,1728293,3,@@

  handle_small_Steiner_degrees: steiner 0, suppress 0 in 1e-05 s
Starting round 45
Found 481 isolated vertices
Invalid ratios recomputed: 881
Best ratio is 1734284/2 (867142.0), centered at 7856
Finding the best star... Star with 3 terminals centered in 7860
round took: 0.058769 s
|V| = 8060, |E| = 15166, |R| = 38
>>> get_solution
>>> get_solution
  refine_solution: new weight 74636486 (was 74892732) in 0.001779 s
  refine_solution: new weight 74636486 (was 74636486) in 0.001681 s
45,,7579,15166,38,,881,0,,74892732,74636486,32018033,32018033,32018033,,1734284,3,@@

  handle_small_Steiner_degrees: steiner 0, suppress 0 in 1e-05 s
Starting round 46
Found 498 isolated vertices
Invalid ratios recomputed: 1299
Best ratio is 873736/1 (873736.0), centered at 654
Finding the best star... Star with 2 terminals centered in 654
round took: 0.123859 s
|V| = 8060, |E| = 15153, |R| = 37
>>> get_solution
>>> get_solution
  refine_solution: new weight 74873780 (was 75321233) in 0.001784 s
  refine_solution: new weight 74873780 (was 74873780) in 0.00169 s
46,,7562,15153,37,,1299,0,,75321233,74873780,32891769,32891769,32891769,,873736,2,@@

  handle_small_Steiner_degrees: steiner 0, suppress 0 in 1e-05 s
Starting round 47
Found 509 isolated vertices
Invalid ratios recomputed: 1345
Best ratio is 884344/1 (884344.0), centered at 6841
Finding the best star... Star with 2 terminals centered in 7742
round took: 0.114157 s
|V| = 8060, |E| = 15138, |R| = 36
>>> get_solution
>>> get_solution
  refine_solution: new weight 74748144 (was 75195597) in 0.001767 s
  refine_solution: new weight 74748144 (was 74748144) in 0.001692 s
47,,7551,15138,36,,1345,0,,75195597,74748144,33776113,33776113,33776113,,884344,2,@@

  handle_small_Steiner_degrees: steiner 0, suppress 1 in 1.2e-05 s
Starting round 48
Found 522 isolated vertices
Invalid ratios recomputed: 1536
Best ratio is 912575/1 (912575.0), centered at 6001
Finding the best star... Star with 2 terminals centered in 7170
round took: 0.198966 s
|V| = 8060, |E| = 15121, |R| = 35
>>> get_solution
>>> get_solution
  refine_solution: new weight 74629518 (was 75076971) in 0.001793 s
  refine_solution: new weight 74629518 (was 74629518) in 0.001687 s
48,,7538,15121,35,,1536,0,,75076971,74629518,34688688,34688688,34688688,,912575,2,@@

  delete_edges: deleted 142 edges in 0.003889 s and 6 rounds
  handle_small_Steiner_degrees: steiner 5, suppress 85 in 6.4e-05 s
Starting round 49
Found 625 isolated vertices
Invalid ratios recomputed: 1072
Best ratio is 914458/1 (914458.0), centered at 5326
Finding the best star... Star with 2 terminals centered in 7860
round took: 0.087053 s
|V| = 8060, |E| = 14878, |R| = 34
>>> get_solution
>>> get_solution
  refine_solution: new weight 74629518 (was 75076971) in 0.001784 s
  refine_solution: new weight 74629518 (was 74629518) in 0.001696 s
49,,7435,14878,34,,1072,0,,75076971,74629518,35603146,35603146,35603146,,914458,2,@@

  handle_small_Steiner_degrees: steiner 0, suppress 1 in 1.4e-05 s
Starting round 50
Found 632 isolated vertices
Invalid ratios recomputed: 1748
Best ratio is 1849613/2 (924806.5), centered at 7033
Finding the best star... Star with 3 terminals centered in 7860
round took: 0.253381 s
|V| = 8060, |E| = 14855, |R| = 32
>>> get_solution
>>> get_solution
  refine_solution: new weight 74425572 (was 74873025) in 0.001775 s
  refine_solution: new weight 74425572 (was 74425572) in 0.001686 s
50,,7428,14855,32,,1748,0,,74873025,74425572,37452759,37452759,37452759,,1849613,3,@@

  handle_small_Steiner_degrees: steiner 0, suppress 0 in 1e-05 s
Starting round 51
Found 649 isolated vertices
Invalid ratios recomputed: 2528
Best ratio is 1921354/2 (960677.0), centered at 2518
Finding the best star... Star with 3 terminals centered in 2601
round took: 0.47026 s
|V| = 8060, |E| = 14831, |R| = 30
>>> get_solution
>>> get_solution
  refine_solution: new weight 74237080 (was 74589433) in 0.001779 s
  refine_solution: new weight 74237080 (was 74237080) in 0.001704 s
51,,7411,14831,30,,2528,0,,74589433,74237080,39374113,39374113,39374113,,1921354,3,@@

  handle_small_Steiner_degrees: steiner 0, suppress 0 in 1e-05 s
Starting round 52
Found 670 isolated vertices
Invalid ratios recomputed: 1211
Best ratio is 1974456/2 (987228.0), centered at 1438
Finding the best star... Star with 3 terminals centered in 2601
round took: 0.140555 s
|V| = 8060, |E| = 14811, |R| = 28
>>> get_solution
>>> get_solution
  refine_solution: new weight 74221694 (was 74574047) in 0.001773 s
  refine_solution: new weight 74221694 (was 74221694) in 0.001697 s
52,,7390,14811,28,,1211,0,,74574047,74221694,41348569,41348569,41348569,,1974456,3,@@

  handle_small_Steiner_degrees: steiner 0, suppress 0 in 9e-06 s
Starting round 53
Found 687 isolated vertices
Invalid ratios recomputed: 1837
Best ratio is 992529/1 (992529.0), centered at 6752
Finding the best star... Star with 2 terminals centered in 7860
round took: 0.304808 s
|V| = 8060, |E| = 14800, |R| = 27
>>> get_solution
>>> get_solution
  refine_solution: new weight 74221694 (was 74574047) in 0.001782 s
  refine_solution: new weight 74221694 (was 74221694) in 0.001752 s
53,,7373,14800,27,,1837,0,,74574047,74221694,42341098,42341098,42341098,,992529,2,@@

  handle_small_Steiner_degrees: steiner 0, suppress 1 in 1.6e-05 s
Starting round 54
Found 696 isolated vertices
Invalid ratios recomputed: 2907
Best ratio is 2034693/2 (1017346.5), centered at 4551
Finding the best star... Star with 3 terminals centered in 4107
round took: 0.773882 s
|V| = 8060, |E| = 14774, |R| = 25
>>> get_solution
>>> get_solution
  refine_solution: new weight 73919607 (was 74271960) in 0.001798 s
  refine_solution: new weight 73919607 (was 73919607) in 0.001695 s
54,,7364,14774,25,,2907,0,,74271960,73919607,44375791,44375791,44375791,,2034693,3,@@

  handle_small_Steiner_degrees: steiner 0, suppress 0 in 1.2e-05 s
Starting round 55
Found 717 isolated vertices
Invalid ratios recomputed: 1619
Best ratio is 1029269/1 (1029269.0), centered at 7459
Finding the best star... Star with 2 terminals centered in 7860
round took: 0.206675 s
|V| = 8060, |E| = 14758, |R| = 24
>>> get_solution
>>> get_solution
  refine_solution: new weight 73919607 (was 74271960) in 0.001778 s
  refine_solution: new weight 73919607 (was 73919607) in 0.0017 s
55,,7343,14758,24,,1619,0,,74271960,73919607,45405060,45405060,45405060,,1029269,2,@@

  handle_small_Steiner_degrees: steiner 0, suppress 1 in 1.2e-05 s
Starting round 56
Found 732 isolated vertices
Invalid ratios recomputed: 2912
Best ratio is 1035811/1 (1035811.0), centered at 1420
Finding the best star... Star with 2 terminals centered in 2601
round took: 0.822897 s
|V| = 8060, |E| = 14744, |R| = 23
>>> get_solution
>>> get_solution
  refine_solution: new weight 73919607 (was 74271960) in 0.001785 s
  refine_solution: new weight 73919607 (was 73919607) in 0.00169 s
56,,7328,14744,23,,2912,0,,74271960,73919607,46440871,46440871,46440871,,1035811,2,@@

  handle_small_Steiner_degrees: steiner 0, suppress 0 in 1.2e-05 s
Starting round 57
Found 743 isolated vertices
Invalid ratios recomputed: 1860
Best ratio is 1065766/1 (1065766.0), centered at 7594
Finding the best star... Star with 2 terminals centered in 7598
round took: 0.36163 s
|V| = 8060, |E| = 14735, |R| = 22
>>> get_solution
>>> get_solution
  refine_solution: new weight 73919607 (was 74271960) in 0.001772 s
  refine_solution: new weight 73919607 (was 73919607) in 0.001693 s
57,,7317,14735,22,,1860,0,,74271960,73919607,47506637,47506637,47506637,,1065766,2,@@

  handle_small_Steiner_degrees: steiner 0, suppress 0 in 1e-05 s
Starting round 58
Found 750 isolated vertices
Invalid ratios recomputed: 2985
Best ratio is 2144519/2 (1072259.5), centered at 2813
Finding the best star... Star with 3 terminals centered in 3187
round took: 0.906653 s
|V| = 8060, |E| = 14709, |R| = 20
>>> get_solution
>>> get_solution
  refine_solution: new weight 73711386 (was 74063739) in 0.001795 s
  refine_solution: new weight 73711386 (was 73711386) in 0.00169 s
58,,7310,14709,20,,2985,0,,74063739,73711386,49651156,49651156,49651156,,2144519,3,@@

  handle_small_Steiner_degrees: steiner 0, suppress 0 in 9e-06 s
Starting round 59
Found 771 isolated vertices
Invalid ratios recomputed: 1288
Best ratio is 1075002/1 (1075002.0), centered at 4107
Finding the best star... Star with 2 terminals centered in 4107
round took: 0.211286 s
|V| = 8060, |E| = 14700, |R| = 19
>>> get_solution
>>> get_solution
  refine_solution: new weight 73711386 (was 74063739) in 0.001779 s
  refine_solution: new weight 73711386 (was 73711386) in 0.001704 s
59,,7289,14700,19,,1288,0,,74063739,73711386,50726158,50726158,50726158,,1075002,2,@@

  handle_small_Steiner_degrees: steiner 0, suppress 0 in 9e-06 s
Starting round 60
Found 778 isolated vertices
Invalid ratios recomputed: 1742
Best ratio is 1086517/1 (1086517.0), centered at 7425
Finding the best star... Star with 2 terminals centered in 7956
round took: 0.266281 s
|V| = 8060, |E| = 14691, |R| = 18
>>> get_solution
>>> get_solution
  refine_solution: new weight 73474092 (was 73635238) in 0.001793 s
  refine_solution: new weight 73474092 (was 73474092) in 0.001684 s
60,,7282,14691,18,,1742,0,,73635238,73474092,51812675,51812675,51812675,,1086517,2,@@

  handle_small_Steiner_degrees: steiner 0, suppress 0 in 9e-06 s
Starting round 61
Found 786 isolated vertices
Invalid ratios recomputed: 2800
Best ratio is 1087685/1 (1087685.0), centered at 2467
Finding the best star... Star with 2 terminals centered in 3187
round took: 0.77254 s
|V| = 8060, |E| = 14678, |R| = 17
>>> get_solution
>>> get_solution
  refine_solution: new weight 73474092 (was 73635238) in 0.001798 s
  refine_solution: new weight 73474092 (was 73474092) in 0.001684 s
61,,7274,14678,17,,2800,0,,73635238,73474092,52900360,52900360,52900360,,1087685,2,@@

  handle_small_Steiner_degrees: steiner 0, suppress 1 in 1.2e-05 s
Starting round 62
Found 797 isolated vertices
Invalid ratios recomputed: 1450
Best ratio is 1111172/1 (1111172.0), centered at 34
Finding the best star... Star with 2 terminals centered in 2601
round took: 0.247842 s
|V| = 8060, |E| = 14669, |R| = 16
>>> get_solution
>>> get_solution
  refine_solution: new weight 73474092 (was 73635238) in 0.001799 s
  refine_solution: new weight 73474092 (was 73474092) in 0.001684 s
62,,7263,14669,16,,1450,0,,73635238,73474092,54011532,54011532,54011532,,1111172,2,@@

  handle_small_Steiner_degrees: steiner 0, suppress 0 in 1e-05 s
Starting round 63
Found 803 isolated vertices
Invalid ratios recomputed: 1889
Best ratio is 1111984/1 (1111984.0), centered at 3187
Finding the best star... Star with 2 terminals centered in 3546
round took: 0.505515 s
|V| = 8060, |E| = 14663, |R| = 15
>>> get_solution
>>> get_solution
  refine_solution: new weight 73474092 (was 73635238) in 0.001778 s
  refine_solution: new weight 73474092 (was 73474092) in 0.001686 s
63,,7257,14663,15,,1889,0,,73635238,73474092,55123516,55123516,55123516,,1111984,2,@@

  handle_small_Steiner_degrees: steiner 0, suppress 0 in 9e-06 s
Starting round 64
Found 807 isolated vertices
Invalid ratios recomputed: 2557
Best ratio is 1125547/1 (1125547.0), centered at 163
Finding the best star... Star with 2 terminals centered in 163
round took: 0.590466 s
|V| = 8060, |E| = 14651, |R| = 14
>>> get_solution
>>> get_solution
  refine_solution: new weight 73474092 (was 73635238) in 0.001797 s
  refine_solution: new weight 73474092 (was 73474092) in 0.001687 s
64,,7253,14651,14,,2557,0,,73635238,73474092,56249063,56249063,56249063,,1125547,2,@@

  handle_small_Steiner_degrees: steiner 0, suppress 0 in 9e-06 s
Starting round 65
Found 816 isolated vertices
Invalid ratios recomputed: 564
Best ratio is 1138633/1 (1138633.0), centered at 4426
Finding the best star... Star with 2 terminals centered in 4436
round took: 0.05746 s
|V| = 8060, |E| = 14638, |R| = 13
>>> get_solution
>>> get_solution
  refine_solution: new weight 73474092 (was 73635238) in 0.001796 s
  refine_solution: new weight 73474092 (was 73474092) in 0.001686 s
65,,7244,14638,13,,564,0,,73635238,73474092,57387696,57387696,57387696,,1138633,2,@@

  handle_small_Steiner_degrees: steiner 0, suppress 2 in 1.3e-05 s
Starting round 66
Found 829 isolated vertices
Invalid ratios recomputed: 3560
Best ratio is 1149792/1 (1149792.0), centered at 4107
Finding the best star... Star with 2 terminals centered in 6098
round took: 1.20315 s
|V| = 8060, |E| = 14624, |R| = 12
>>> get_solution
>>> get_solution
  refine_solution: new weight 73474092 (was 73635238) in 0.001796 s
  refine_solution: new weight 73474092 (was 73474092) in 0.0017 s
66,,7231,14624,12,,3560,0,,73635238,73474092,58537488,58537488,58537488,,1149792,2,@@

  handle_small_Steiner_degrees: steiner 0, suppress 0 in 9e-06 s
Starting round 67
Found 837 isolated vertices
Invalid ratios recomputed: 2320
Best ratio is 1165797/1 (1165797.0), centered at 1944
Finding the best star... Star with 2 terminals centered in 3395
round took: 0.480933 s
|V| = 8060, |E| = 14612, |R| = 11
>>> get_solution
>>> get_solution
  refine_solution: new weight 73308121 (was 73469267) in 0.001782 s
  refine_solution: new weight 73308121 (was 73308121) in 0.001687 s
67,,7223,14612,11,,2320,0,,73469267,73308121,59703285,59703285,59703285,,1165797,2,@@

  handle_small_Steiner_degrees: steiner 0, suppress 1 in 1.3e-05 s
Starting round 68
Found 848 isolated vertices
Invalid ratios recomputed: 2080
Best ratio is 1190159/1 (1190159.0), centered at 4436
Finding the best star... Star with 2 terminals centered in 7956
round took: 0.306554 s
|V| = 8060, |E| = 14601, |R| = 10
>>> get_solution
>>> get_solution
  refine_solution: new weight 73308121 (was 73469267) in 0.001782 s
  refine_solution: new weight 73308121 (was 73308121) in 0.001685 s
68,,7212,14601,10,,2080,0,,73469267,73308121,60893444,60893444,60893444,,1190159,2,@@

  handle_small_Steiner_degrees: steiner 0, suppress 0 in 1e-05 s
Starting round 69
Found 855 isolated vertices
Invalid ratios recomputed: 4335
Best ratio is 2381386/2 (1190693.0), centered at 1936
Finding the best star... Star with 3 terminals centered in 3546
round took: 1.73483 s
|V| = 8060, |E| = 14576, |R| = 8
>>> get_solution
>>> get_solution
  refine_solution: new weight 73029108 (was 73190254) in 0.001806 s
  refine_solution: new weight 73029108 (was 73029108) in 0.001686 s
69,,7205,14576,8,,4335,0,,73190254,73029108,63274830,63274830,63274830,,2381386,3,@@

  handle_small_Steiner_degrees: steiner 0, suppress 0 in 9e-06 s
Starting round 70
Found 876 isolated vertices
Invalid ratios recomputed: 4950
Best ratio is 1229501/1 (1229501.0), centered at 2935
Finding the best star... Star with 2 terminals centered in 6098
round took: 1.52596 s
|V| = 8060, |E| = 14566, |R| = 7
>>> get_solution
>>> get_solution
  refine_solution: new weight 73029108 (was 73190254) in 0.001806 s
  refine_solution: new weight 73029108 (was 73029108) in 0.001684 s
70,,7184,14566,7,,4950,0,,73190254,73029108,64504331,64504331,64504331,,1229501,2,@@

  handle_small_Steiner_degrees: steiner 0, suppress 1 in 1.5e-05 s
Starting round 71
Found 884 isolated vertices
Invalid ratios recomputed: 6994
Best ratio is 1243826/1 (1243826.0), centered at 163
Finding the best star... Star with 2 terminals centered in 1232
round took: 3.05302 s
|V| = 8060, |E| = 14551, |R| = 6
>>> get_solution
>>> get_solution
  refine_solution: new weight 73029108 (was 73190254) in 0.001806 s
  refine_solution: new weight 73029108 (was 73029108) in 0.001697 s
71,,7176,14551,6,,6994,0,,73190254,73029108,65748157,65748157,65748157,,1243826,2,@@

  handle_small_Steiner_degrees: steiner 0, suppress 1 in 1.1e-05 s
Starting round 72
Found 894 isolated vertices
Invalid ratios recomputed: 2510
Best ratio is 1312815/1 (1312815.0), centered at 406
Finding the best star... Star with 2 terminals centered in 6098
round took: 0.994206 s
|V| = 8060, |E| = 14536, |R| = 5
>>> get_solution
>>> get_solution
  refine_solution: new weight 73029108 (was 73190254) in 0.001795 s
  refine_solution: new weight 73029108 (was 73029108) in 0.001682 s
72,,7166,14536,5,,2510,0,,73190254,73029108,67060972,67060972,67060972,,1312815,2,@@

  handle_small_Steiner_degrees: steiner 0, suppress 0 in 9e-06 s
Starting round 73
Found 905 isolated vertices
Invalid ratios recomputed: 7109
Best ratio is 1408204/1 (1408204.0), centered at 6098
Finding the best star... Star with 2 terminals centered in 6098
round took: 3.50157 s
|V| = 8060, |E| = 14517, |R| = 4
>>> get_solution
>>> get_solution
  refine_solution: new weight 73029108 (was 73190254) in 0.001818 s
  refine_solution: new weight 73029108 (was 73029108) in 0.001683 s
73,,7155,14517,4,,7109,0,,73190254,73029108,68469176,68469176,68469176,,1408204,2,@@

  handle_small_Steiner_degrees: steiner 0, suppress 1 in 1.8e-05 s
Starting round 74
Found 922 isolated vertices
Invalid ratios recomputed: 7138
Best ratio is 1477874/1 (1477874.0), centered at 1233
Finding the best star... Star with 2 terminals centered in 1869
round took: 5.15867 s
|V| = 8060, |E| = 14498, |R| = 3
>>> get_solution
>>> get_solution
  refine_solution: new weight 73029108 (was 73190254) in 0.00183 s
  refine_solution: new weight 73029108 (was 73029108) in 0.001706 s
74,,7138,14498,3,,7138,0,,73190254,73029108,69947050,69947050,69947050,,1477874,2,@@

  handle_small_Steiner_degrees: steiner 0, suppress 0 in 1e-05 s
Starting round 75
Found 936 isolated vertices
Invalid ratios recomputed: 7124
Best ratio is 1522001/1 (1522001.0), centered at 1869
Finding the best star... Star with 2 terminals centered in 3757
round took: 5.25755 s
|V| = 8060, |E| = 14483, |R| = 2
>>> get_solution
>>> get_solution
  refine_solution: new weight 73029108 (was 73190254) in 0.001825 s
  refine_solution: new weight 73029108 (was 73029108) in 0.001692 s
75,,7124,14483,2,,7124,0,,73190254,73029108,71469051,71469051,71469051,,1522001,2,@@

  handle_small_Steiner_degrees: steiner 0, suppress 0 in 1e-05 s
Starting round 76
Found 948 isolated vertices
Invalid ratios recomputed: 7112
Best ratio is 1721203/1 (1721203.0), centered at 743
Finding the best star... Star with 2 terminals centered in 3757
round took: 5.5126 s
|V| = 8060, |E| = 14463, |R| = 1
>>> get_solution
>>> get_solution
  refine_solution: new weight 73029108 (was 73190254) in 0.001828 s
  refine_solution: new weight 73029108 (was 73029108) in 0.001697 s
76,,7112,14463,1,,7112,0,,73190254,73029108,73190254,73190254,73190254,,1721203,2,@@

  handle_small_Steiner_degrees: steiner 0, suppress 0 in 9e-06 s
contract_till_the_bitter_end: 38.7106 s

Calling end_heu
>>> get_solution
Saved weight 0
DŽ: 73190254 -> 72349380
  BEST solution improved 73190254 -> 72349380 (vert_size 0, round 1) *
  BEST solution improved 72349380 -> 72317805 (vert_size 4, round 71)
  BEST solution improved 72317805 -> 72248649 (vert_size 7, round 72)
  BEST solution improved 72248649 -> 72229103 (vert_size 7, round 85) *
  BEST solution improved 72229103 -> 72184929 (vert_size 4, round 101) *
  BEST solution improved 72184929 -> 72115773 (vert_size 7, round 102)
DŽ: 72115773 -> 72081386
  BEST solution improved 72115773 -> 72081386 (vert_size 0, round 1001) *
  BEST solution improved 72081386 -> 72038151 (vert_size 4, round 1612) *
DŽ: 72038151 -> 72038151
  BEST solution improved 72038151 -> 72036888 (vert_size 4, round 2100) *
DŽ: 72036888 -> 72036888
DŽ: 72036888 -> 72036888
DŽ: 72036888 -> 72036888
DŽ: 72036888 -> 72036888
DŽ: 72036888 -> 72036888
DŽ: 72036888 -> 72036888
DŽ: 72115773 -> 72175718
DŽ: 72036888 -> 72036888
DŽ: 72038151 -> 72038151
DŽ: 72036888 -> 72036888
DŽ: 72107773 -> 72046676
DŽ: 72038151 -> 72340238
DŽ: 72036888 -> 72036888
DŽ: 72107773 -> 72046676
DŽ: 72175718 -> 72430796
DŽ: 72036888 -> 72036888
DŽ: 72036888 -> 72036888
DŽ: 72038151 -> 72082325
DŽ: 72036888 -> 72036888
DŽ: 72036888 -> 72036888
DŽ: 72036888 -> 72382622
DŽ: 72107773 -> 72046676
DŽ: 72036888 -> 72036888
DŽ: 72036888 -> 72291966
DŽ: 72046676 -> 72046676
DŽ: 72036888 -> 72036888
DŽ: 72036888 -> 72036888
DŽ: 72036888 -> 72036888
DŽ: 72036888 -> 72036888
DŽ: 72036888 -> 72106044
DŽ: 72036888 -> 72036888
DŽ: 72036888 -> 72036888
DŽ: 72036888 -> 72036888
DŽ: 72036888 -> 72036888
DŽ: 72308238 -> 72402485
DŽ: 72045413 -> 72045413
DŽ: 72045413 -> 72060503
DŽ: 72036888 -> 72036888
DŽ: 72036888 -> 72036888
DŽ: 72036888 -> 72350572
DŽ: 72036888 -> 72188229
DŽ: 72036888 -> 72036888
DŽ: 72151008 -> 72089911
DŽ: 72207264 -> 72036888
DŽ: 72131988 -> 72272015
DŽ: 72036888 -> 72036888
DŽ: 72036888 -> 72036888
DŽ: 72036888 -> 72036888
DŽ: 72036888 -> 72036888
DŽ: 72036888 -> 72036888
DŽ: 72382622 -> 72548593
DŽ: 72036888 -> 72036888
DŽ: 72036888 -> 72036888
DŽ: 72236819 -> 72191261
DŽ: 72036888 -> 72036888
DŽ: 72036888 -> 72457937
DŽ: 72059472 -> 72059472
DŽ: 72107773 -> 72046676
DŽ: 72036888 -> 72036888
DŽ: 72315626 -> 72236819
DŽ: 72046676 -> 72046676
DŽ: 72036888 -> 72277423
DŽ: 72059472 -> 72060503
DŽ: 72036888 -> 72277423
DŽ: 72059472 -> 72059472
DŽ: 72036888 -> 72036888
DŽ: 72036888 -> 72036888
DŽ: 72315626 -> 72493160

 start over 70699 loops 186 unique solutions 
Original + vert_size 0 
DŽ: 73190254 -> 72259412
DŽ: 72046676 -> 72045413
DŽ: 72046676 -> 72147407
DŽ: 72045858 -> 72045413
DŽ: 72315626 -> 72443485
DŽ: 72036888 -> 72036888
DŽ: 72036888 -> 72036888
DŽ: 72266223 -> 72560308
DŽ: 72036888 -> 72081062
DŽ: 72081062 -> 72081062
DŽ: 72147407 -> 72147407
DŽ: 72045413 -> 72252079
DŽ: 72259412 -> 72259412
DŽ: 72081062 -> 72214437
DŽ: 72036888 -> 72036888
DŽ: 72036888 -> 72036888
DŽ: 72251144 -> 72196754
DŽ: 72036888 -> 72036888
DŽ: 72196754 -> 72578338
DŽ: 72036888 -> 72036888
DŽ: 72147407 -> 72057439
DŽ: 72045413 -> 72045413
DŽ: 72036888 -> 72036888
DŽ: 72045413 -> 72045413
DŽ: 72045413 -> 72285948
DŽ: 72045413 -> 72045413
DŽ: 72045413 -> 72045413
DŽ: 72081062 -> 72145281
DŽ: 72285948 -> 72541026
DŽ: 72081062 -> 72524410
DŽ: 72042915 -> 72133839
DŽ: 72306984 -> 72036888
DŽ: 72036888 -> 72036888
DŽ: 72036888 -> 72036888
DŽ: 72036888 -> 72338975
DŽ: 72147407 -> 72147407
DŽ: 72254040 -> 72084487
DŽ: 72146654 -> 72313139
DŽ: 72036888 -> 72036888
DŽ: 72036888 -> 72277423
DŽ: 72147407 -> 72057439
DŽ: 72277423 -> 72700578
DŽ: 72277423 -> 72309646
DŽ: 72146654 -> 72352459
DŽ: 72348390 -> 72554800
DŽ: 72036888 -> 72036888
DŽ: 72036888 -> 72036888
DŽ: 72036888 -> 72036888
DŽ: 72036888 -> 72036888
DŽ: 72036888 -> 72036888
DŽ: 72036888 -> 72036888
DŽ: 72045413 -> 72441056
DŽ: 72277423 -> 72277423
DŽ: 72285948 -> 72378816
DŽ: 72378816 -> 72560156
DŽ: 72036888 -> 72036888
DŽ: 72277423 -> 72370291
DŽ: 72045413 -> 72045413
DŽ: 72277423 -> 72277423

 start over 128238 loops 251 unique solutions 
Approx + random 
DŽ: 79719503 -> 73309014
DŽ: 72036888 -> 72036888
DŽ: 72045413 -> 72045413
DŽ: 72036888 -> 72036888
DŽ: 72852736 -> 72768624
DŽ: 72042915 -> 72042915
DŽ: 72093088 -> 72093088
DŽ: 72042915 -> 72042915
DŽ: 72036888 -> 72277423
DŽ: 72036888 -> 72382622
DŽ: 72503695 -> 72477208
DŽ: 72036888 -> 72036888
DŽ: 72036888 -> 72036888
DŽ: 72582756 -> 72640491
DŽ: 72042915 -> 72352606
DŽ: 72277423 -> 72370291
DŽ: 72036888 -> 72036888
DŽ: 72036888 -> 72036888
DŽ: 72036888 -> 72036888
DŽ: 72315626 -> 72345212
DŽ: 72036888 -> 72036888
DŽ: 72042915 -> 72042915
DŽ: 72036888 -> 72036888
DŽ: 72036888 -> 72204122
DŽ: 72036888 -> 72036888
DŽ: 72036888 -> 72036888
DŽ: 72036888 -> 72243554
DŽ: 72038151 -> 72299800
DŽ: 72036888 -> 72036888
DŽ: 72036888 -> 72036888
DŽ: 72036888 -> 72277824
DŽ: 72042915 -> 72297993
DŽ: 72036888 -> 72036888
DŽ: 72036888 -> 72036888
DŽ: 72036888 -> 72277423
DŽ: 72036888 -> 72126850
DŽ: 72042915 -> 72042915
DŽ: 72126850 -> 72398470
DŽ: 72036888 -> 72202859
DŽ: 72106473 -> 72036888
DŽ: 72042915 -> 72283450
DŽ: 72289367 -> 72338975
DŽ: 72036888 -> 72036888
DŽ: 72036888 -> 72145281
DŽ: 72145281 -> 72145281
DŽ: 72036888 -> 72338975
DŽ: 72038151 -> 72036888
DŽ: 72036888 -> 72036888
DŽ: 72297993 -> 72598169
DŽ: 72036888 -> 72036888
DŽ: 72036888 -> 72036888
DŽ: 72277423 -> 72277423
DŽ: 72277423 -> 72385816
DŽ: 72382622 -> 72382622
DŽ: 72038151 -> 72082325
DŽ: 72042915 -> 72178252
DŽ: 72036888 -> 72036888
DŽ: 72336959 -> 72321597
DŽ: 72036888 -> 72036888
DŽ: 72291975 -> 72291975

 start over 187445 loops 307 unique solutions 
Original + vert_size 0 
DŽ: 73190254 -> 72349380
DŽ: 72283450 -> 72283450
DŽ: 72036888 -> 72277423
DŽ: 72097353 -> 72097353
DŽ: 72097353 -> 72399440
DŽ: 72477208 -> 72770520
DŽ: 72477208 -> 72640491
DŽ: 72036888 -> 72036888
DŽ: 72036888 -> 72036888
DŽ: 72770520 -> 72839676
DŽ: 72212558 -> 72285544
DŽ: 72673569 -> 72673569
DŽ: 72164593 -> 72136427
DŽ: 72036888 -> 72036888
DŽ: 72277423 -> 72280329
DŽ: 72054118 -> 72054118
DŽ: 72036888 -> 72036888
DŽ: 72036888 -> 72036888
DŽ: 72036888 -> 72036888
DŽ: 72156430 -> 72136427
DŽ: 72283450 -> 72283450
DŽ: 72054118 -> 72080740
DŽ: 72036888 -> 72036888
DŽ: 72036888 -> 72036888
DŽ: 72283450 -> 72315673
DŽ: 72036888 -> 72036888
DŽ: 72036888 -> 72036888
DŽ: 72036888 -> 72036888
DŽ: 72036888 -> 72202859
DŽ: 72036888 -> 72036888
DŽ: 72036888 -> 72289367
DŽ: 72036888 -> 72036888
DŽ: 72036888 -> 72036888
DŽ: 72283450 -> 72283450
DŽ: 72036888 -> 72202859
DŽ: 72036888 -> 72036888
DŽ: 72036888 -> 72036888
DŽ: 72036888 -> 72036888
DŽ: 72136427 -> 72493499
DŽ: 72120913 -> 72093192
DŽ: 72036888 -> 72291966
DŽ: 72036888 -> 72036888
DŽ: 72036888 -> 72036888
DŽ: 72036888 -> 72036888
DŽ: 72036888 -> 72036888
DŽ: 72673569 -> 72839540
DŽ: 72283450 -> 72283450
DŽ: 72036888 -> 72036888
DŽ: 72283450 -> 72343091
DŽ: 72036888 -> 72036888
DŽ: 72275406 -> 72343093
DŽ: 72105328 -> 72093192
DŽ: 72036888 -> 72036888
DŽ: 72036888 -> 72036888
DŽ: 72036888 -> 72036888
DŽ: 72036888 -> 72036888
DŽ: 72036888 -> 72458780
DŽ: 72036888 -> 72036888
DŽ: 72105328 -> 72361157
DŽ: 72036888 -> 72036888
DŽ: 72036888 -> 72036888

 start over 247740 loops 370 unique solutions 
Approx + random 
DŽ: 79719503 -> 74101556
DŽ: 72050947 -> 72202859
DŽ: 72283450 -> 72382514
DŽ: 72283450 -> 72620468
DŽ: 74089995 -> 73815453
DŽ: 73368932 -> 72793826
DŽ: 72036888 -> 72036888
DŽ: 72275406 -> 72293123
DŽ: 72283450 -> 72374374
DŽ: 73600185 -> 73131266
DŽ: 72036888 -> 72036888
DŽ: 72036888 -> 72036888
DŽ: 73244198 -> 73054508
DŽ: 72793134 -> 72552312
DŽ: 72974199 -> 73042695
DŽ: 72589169 -> 72391536
DŽ: 72036888 -> 72036888
DŽ: 72036888 -> 72036888
DŽ: 72036888 -> 72036888
DŽ: 72036888 -> 72036888
DŽ: 72836161 -> 72664246
DŽ: 72036888 -> 72036888
DŽ: 72036888 -> 72036888
DŽ: 72036888 -> 72036888
DŽ: 72036888 -> 72387063
DŽ: 72665194 -> 72811817
DŽ: 72664246 -> 72969553
DŽ: 72571142 -> 72489569
DŽ: 72036888 -> 72566330
DŽ: 72641998 -> 72616981
DŽ: 72665194 -> 72489569
DŽ: 72036888 -> 72036888
DŽ: 72663311 -> 72663311
DŽ: 72036888 -> 72036888
DŽ: 72283450 -> 72283450
DŽ: 72489569 -> 72789745
DŽ: 72036888 -> 72036888
DŽ: 72489569 -> 72490600
DŽ: 72616981 -> 72616981
DŽ: 72036888 -> 72036888
DŽ: 72665194 -> 72707614
DŽ: 72036888 -> 72036888
DŽ: 72036888 -> 72036888
DŽ: 72036888 -> 72036888
DŽ: 72036888 -> 72036888
DŽ: 72036888 -> 72036888
DŽ: 72616981 -> 72616981
DŽ: 72687416 -> 72896508

 start over 294545 loops 422 unique solutions 
Approx + random 
DŽ: 79719503 -> 73705473
DŽ: 72036888 -> 72036888
DŽ: 72036888 -> 72036888
DŽ: 72036888 -> 72036888
DŽ: 72036888 -> 72036888
DŽ: 72036888 -> 72036888
DŽ: 72391536 -> 72391536
DŽ: 72036888 -> 72036888
DŽ: 72036888 -> 72188229
DŽ: 72036888 -> 72036888
DŽ: 72036888 -> 72360377
DŽ: 72552312 -> 72552312
DŽ: 72036888 -> 72036888
DŽ: 72036888 -> 72036888
DŽ: 72036888 -> 72036888
DŽ: 72036888 -> 72036888
DŽ: 72036888 -> 72069111
DŽ: 72036888 -> 72579510
DŽ: 72107398 -> 72038151
DŽ: 72036888 -> 72036888
DŽ: 72069111 -> 72069111
DŽ: 72038151 -> 72038151
DŽ: 72038151 -> 72038151
DŽ: 72107398 -> 72038151
DŽ: 72053560 -> 72548593
DŽ: 72069111 -> 72337076
DŽ: 72036888 -> 72036888
DŽ: 72038151 -> 72038151
DŽ: 72036888 -> 72036888
DŽ: 72036888 -> 72036888
DŽ: 72548593 -> 72548593
DŽ: 72036888 -> 72036888
DŽ: 72171105 -> 72081137
DŽ: 72036888 -> 72036888
DŽ: 72038151 -> 72038151
DŽ: 72036888 -> 72036888
DŽ: 72036888 -> 72036888
DŽ: 72036888 -> 72036888
DŽ: 72038151 -> 72038151
DŽ: 72036888 -> 72314265
DŽ: 72036888 -> 72135952
DŽ: 72221359 -> 72291966
DŽ: 72291966 -> 72532501
DŽ: 72036888 -> 72036888
DŽ: 72275578 -> 72260426
DŽ: 72036888 -> 72036888
DŽ: 72036888 -> 72202859
DŽ: 72036888 -> 72036888
DŽ: 72036888 -> 72036888
DŽ: 72036888 -> 72202859
DŽ: 72036888 -> 72460043
DŽ: 72069111 -> 72069111
DŽ: 72579510 -> 72579510
DŽ: 72036888 -> 72036888
DŽ: 72036888 -> 72036888
DŽ: 72037333 -> 72243554
DŽ: 72149335 -> 72291966
DŽ: 72036888 -> 72036888
DŽ: 72036888 -> 72036888
DŽ: 72036888 -> 72036888
DŽ: 72036888 -> 72036888

 start over 354280 loops 470 unique solutions 
Original + vert_size 0 
DŽ: 73190254 -> 72349380
DŽ: 72077743 -> 72202859
DŽ: 72036888 -> 72036888
DŽ: 72036888 -> 72045413
DŽ: 72221359 -> 72036888
DŽ: 72038151 -> 72204122
DŽ: 72275578 -> 72260426
DŽ: 72038151 -> 72038151
DŽ: 72036888 -> 72036888
DŽ: 72260426 -> 72260426
DŽ: 72036888 -> 72036888
DŽ: 72095362 -> 72202859
DŽ: 72275578 -> 72259163
DŽ: 72036888 -> 72069111
DŽ: 72050947 -> 72306025
DŽ: 72130901 -> 72036888
DŽ: 72036888 -> 72036888
DŽ: 72260426 -> 72448677
DŽ: 72036888 -> 72036888
DŽ: 72322257 -> 72259163
DŽ: 72036888 -> 72036888
DŽ: 72036888 -> 72036888
DŽ: 72259163 -> 72259163
DŽ: 72036888 -> 72036888
DŽ: 72322257 -> 72259163
DŽ: 72202859 -> 72202859
DŽ: 72036888 -> 72036888
DŽ: 72036888 -> 72036888
DŽ: 72036888 -> 72036888
DŽ: 72036888 -> 72036888
DŽ: 72322702 -> 72338884
DŽ: 72036888 -> 72138882
DŽ: 72036888 -> 72036888
DŽ: 72036888 -> 72036888
DŽ: 72036888 -> 72145281
DŽ: 72259163 -> 72390184
DŽ: 72036888 -> 72036888
DŽ: 72259163 -> 72259163
DŽ: 72036888 -> 72036888
DŽ: 72036888 -> 72138882
DŽ: 72036888 -> 72036888
DŽ: 72036888 -> 72036888
DŽ: 72036888 -> 72138882
DŽ: 72288315 -> 72259163
DŽ: 72069111 -> 72069111
DŽ: 72259163 -> 72259163
DŽ: 72036888 -> 72036888
DŽ: 72036888 -> 72036888
DŽ: 72036888 -> 72036888
DŽ: 72036888 -> 72036888

 start over 403945 loops 516 unique solutions 
Approx + random 
DŽ: 79719503 -> 73300832
DŽ: 72036888 -> 72036888
DŽ: 72036888 -> 72186005
DŽ: 72036888 -> 72036888
DŽ: 72036888 -> 72036888
DŽ: 72036888 -> 72036888
DŽ: 72036888 -> 72036888
DŽ: 72036888 -> 72036888
DŽ: 72036888 -> 72036888
DŽ: 72036888 -> 72301923
DŽ: 72036888 -> 72036888
DŽ: 72036888 -> 72036888
DŽ: 72036888 -> 72036888
DŽ: 72295447 -> 72295447
DŽ: 72036888 -> 72036888
DŽ: 72036888 -> 72036888
DŽ: 72036888 -> 72106044
DŽ: 72036888 -> 72036888
DŽ: 72036888 -> 72036888
DŽ: 72292822 -> 72226291
DŽ: 72096633 -> 72045413
DŽ: 72096633 -> 72588035
DŽ: 72036888 -> 72036888
DŽ: 72036888 -> 72036888
DŽ: 72036888 -> 72036888
DŽ: 72036888 -> 72350572
DŽ: 72588035 -> 72588035
DŽ: 72036888 -> 72036888
DŽ: 72096633 -> 72045413
DŽ: 72189540 -> 72487810
DŽ: 72036888 -> 72036888
DŽ: 72476368 -> 72642339
DŽ: 72036888 -> 72036888
DŽ: 72251273 -> 72251273
DŽ: 72036888 -> 72036888
DŽ: 72036888 -> 72036888
DŽ: 72089911 -> 72089911
DŽ: 72036888 -> 72036888
DŽ: 72036888 -> 72277423
DŽ: 72036888 -> 72338975
DŽ: 72036888 -> 72135952
DŽ: 72036888 -> 72036888
DŽ: 72179814 -> 72075962
DŽ: 72036888 -> 72036888
DŽ: 72036888 -> 72073715
DŽ: 72036888 -> 72036888
DŽ: 72465605 -> 72375637
DŽ: 72073715 -> 72328793
DŽ: 72096633 -> 72045413
DŽ: 72036888 -> 72036888
DŽ: 72075962 -> 72075962
DŽ: 72036888 -> 72314250
DŽ: 72588035 -> 72588035
DŽ: 72179814 -> 72418491
DŽ: 72292822 -> 72258514
DŽ: 72036888 -> 72036888
DŽ: 72036888 -> 72036888
DŽ: 72036888 -> 72277423
DŽ: 72045413 -> 72300491
DŽ: 72036888 -> 72036888
DŽ: 72328793 -> 72494764
DŽ: 72036888 -> 72036888

 start over 464341 loops 573 unique solutions 
Original + vert_size 13 
DŽ: 73190254 -> 72413599
DŽ: 72036888 -> 72202859
DŽ: 72036888 -> 72036888
DŽ: 72036888 -> 72291966
DŽ: 72036888 -> 72036888
DŽ: 72036888 -> 72036888
DŽ: 72036888 -> 72036888
DŽ: 72036888 -> 72036888
DŽ: 72036888 -> 72036888
DŽ: 72291966 -> 72291966
DŽ: 72036888 -> 72036888
DŽ: 72036888 -> 72036888
DŽ: 72036888 -> 72036888
DŽ: 72036888 -> 72354200
DŽ: 72036888 -> 72036888
DŽ: 72036888 -> 72299077
DŽ: 72036888 -> 72202859
DŽ: 72036888 -> 72036888
DŽ: 72036888 -> 72036888
DŽ: 72232477 -> 72138882
DŽ: 72036888 -> 72036888
DŽ: 72036888 -> 72036888
DŽ: 72036888 -> 72036888
DŽ: 72036888 -> 72036888
DŽ: 72036888 -> 72036888
DŽ: 72036888 -> 72036888
DŽ: 72036888 -> 72036888
DŽ: 72036888 -> 72350572
DŽ: 72036888 -> 72036888
DŽ: 72036888 -> 72418472
DŽ: 72350572 -> 72652659
DŽ: 72036888 -> 72314265
DŽ: 72036888 -> 72036888
DŽ: 72036888 -> 72036888
DŽ: 72036888 -> 72202859
DŽ: 72066040 -> 72036888
DŽ: 72079654 -> 72050947
DŽ: 72036888 -> 72277423
DŽ: 72076407 -> 72075962
DŽ: 72157536 -> 72306025
DŽ: 72036888 -> 72036888
DŽ: 72171827 -> 72145281
DŽ: 72141196 -> 72382233
end_heu: 506418 loops with 630 unique solutions in 1799.08 s

Calling print_solution
>>> get_solution
  refine_solution: new weight 72036888 (was 72036888) in 0.001711 s
## FINAL WEIGHT 72036888
print_solution: 0.003614 s
