Version: final-96-g3f4a746 add measure_work.sh
Random seed: 1555736676
Start
>>> save_orig_graph
>> Saved weight 0
Graph loaded
|V| = 1992, |E| = 3176, |R| = 51
First clearance of the input. Calling buy_zero and run_all_heuristics.
  buy_zero: 0 zero edges in 7e-06 s
  handle_small_terminal_degrees: terms 0 in 4e-06 s
  handle_small_Steiner_degrees: steiner 6, suppress 4 in 1.2e-05 s
  shortest_edge_between_terminals: 0 edges in 2e-06 s
  handle_small_terminal_degrees: terms 0 in 4e-06 s
  handle_small_Steiner_degrees: steiner 0, suppress 1 in 8e-06 s
  shortest_edge_between_terminals: 0 edges in 2e-06 s
  handle_small_terminal_degrees: terms 0 in 4e-06 s
  handle_small_Steiner_degrees: steiner 0, suppress 0 in 6e-06 s
  shortest_edge_between_terminals: 0 edges in 2e-06 s
Compressed graph 1992 -> 1980
  delete_edges: deleted 191 edges in 0.000866 s and 2 rounds
  handle_small_terminal_degrees: terms 0 in 4e-06 s
  handle_small_Steiner_degrees: steiner 4, suppress 189 in 0.000107 s
  shortest_edge_between_terminals: 0 edges in 2e-06 s
  handle_small_terminal_degrees: terms 0 in 5e-06 s
  handle_small_Steiner_degrees: steiner 0, suppress 11 in 1.2e-05 s
  shortest_edge_between_terminals: 0 edges in 2e-06 s
  handle_small_terminal_degrees: terms 0 in 4e-06 s
  handle_small_Steiner_degrees: steiner 0, suppress 1 in 7e-06 s
  shortest_edge_between_terminals: 0 edges in 2e-06 s
  handle_small_terminal_degrees: terms 0 in 4e-06 s
  handle_small_Steiner_degrees: steiner 0, suppress 0 in 6e-06 s
  shortest_edge_between_terminals: 0 edges in 1e-06 s
Compressed graph 1980 -> 1775
  delete_edges_shortest_path: deleted 318 edges in 0.024928 s
  handle_small_terminal_degrees: terms 22 in 1.4e-05 s
  handle_small_Steiner_degrees: steiner 20, suppress 460 in 9.4e-05 s
  shortest_edge_between_terminals: 0 edges in 1e-06 s
  handle_small_terminal_degrees: terms 6 in 5e-06 s
  handle_small_Steiner_degrees: steiner 0, suppress 12 in 5e-06 s
  shortest_edge_between_terminals: 0 edges in 1e-06 s
  handle_small_terminal_degrees: terms 0 in 2e-06 s
  handle_small_Steiner_degrees: steiner 0, suppress 1 in 3e-06 s
  shortest_edge_between_terminals: 0 edges in 1e-06 s
  handle_small_terminal_degrees: terms 0 in 1e-06 s
  handle_small_Steiner_degrees: steiner 0, suppress 0 in 3e-06 s
  shortest_edge_between_terminals: 0 edges in 0 s
Compressed graph 1775 -> 1254
  handle_small_terminal_degrees: terms 0 in 2e-06 s
  handle_small_Steiner_degrees: steiner 0, suppress 0 in 2e-06 s
  shortest_edge_between_terminals: 2 edges in 3e-06 s
  handle_small_terminal_degrees: terms 0 in 1e-06 s
  handle_small_Steiner_degrees: steiner 0, suppress 1 in 3e-06 s
  shortest_edge_between_terminals: 0 edges in 0 s
  handle_small_terminal_degrees: terms 0 in 1e-06 s
  handle_small_Steiner_degrees: steiner 0, suppress 0 in 2e-06 s
  shortest_edge_between_terminals: 0 edges in 1e-06 s
Compressed graph 1254 -> 1243
  delete_edges_shortest_path: deleted 50 edges in 0.007438 s
  handle_small_terminal_degrees: terms 2 in 2e-06 s
  handle_small_Steiner_degrees: steiner 0, suppress 91 in 2.4e-05 s
  shortest_edge_between_terminals: 0 edges in 1e-06 s
  handle_small_terminal_degrees: terms 0 in 1e-06 s
  handle_small_Steiner_degrees: steiner 0, suppress 1 in 2e-06 s
  shortest_edge_between_terminals: 0 edges in 1e-06 s
  handle_small_terminal_degrees: terms 0 in 1e-06 s
  handle_small_Steiner_degrees: steiner 0, suppress 0 in 2e-06 s
  shortest_edge_between_terminals: 0 edges in 0 s
Compressed graph 1243 -> 1149
Compressed graph 1149 -> 1149
>>> save_orig_graph
>> Saved weight 5920157
### ZEL_LVL=0 PRECISE_STARS=1

Calling `contract_till_the_bitter_end`
|V| = 1149, |E| = 1740, |R| = 49
>>> get_solution
>>> get_solution
  refine_solution: new weight 14454359 (was 14454359) in 0.000328 s
0,,1149,1740,49,,0,0,,14454359,14454359,5920157,5920157,5920157,,0,0,@@

  delete_edges: deleted 8 edges in 0.000118 s and 1 rounds
  handle_small_Steiner_degrees: steiner 0, suppress 14 in 6e-06 s
Starting round 1
Found 14 isolated vertices
Invalid ratios recomputed: 1135
Best ratio is 1545/1 (1545.0), centered at 296
Finding the best star... Star with 2 terminals centered in 296
round took: 0.043522 s
|V| = 1149, |E| = 1712, |R| = 48
>>> get_solution
>>> get_solution
  refine_solution: new weight 14454359 (was 14454359) in 0.000314 s
1,,1135,1712,48,,1135,362090,,14454359,14454359,5921702,5921702,5921702,,1545,2,@@

  handle_small_Steiner_degrees: steiner 0, suppress 2 in 4e-06 s
Starting round 2
Found 20 isolated vertices
Invalid ratios recomputed: 491
Best ratio is 2165/1 (2165.0), centered at 174
Finding the best star... Star with 2 terminals centered in 290
round took: 0.030323 s
|V| = 1149, |E| = 1706, |R| = 47
>>> get_solution
>>> get_solution
  refine_solution: new weight 14454359 (was 14454359) in 0.000294 s
2,,1129,1706,47,,491,256525,,14454359,14454359,5923867,5923867,5923867,,2165,2,@@

  handle_small_Steiner_degrees: steiner 0, suppress 0 in 2e-06 s
Starting round 3
Found 24 isolated vertices
Invalid ratios recomputed: 512
Best ratio is 2233/1 (2233.0), centered at 289
Finding the best star... Star with 2 terminals centered in 289
round took: 0.030496 s
|V| = 1149, |E| = 1700, |R| = 46
>>> get_solution
>>> get_solution
  refine_solution: new weight 14454359 (was 14454359) in 0.000308 s
3,,1125,1700,46,,512,257377,,14454359,14454359,5926100,5926100,5926100,,2233,2,@@

  handle_small_Steiner_degrees: steiner 0, suppress 1 in 4e-06 s
Starting round 4
Found 30 isolated vertices
Invalid ratios recomputed: 510
Best ratio is 4508/2 (2254.0), centered at 284
Finding the best star... Star with 3 terminals centered in 284
round took: 0.03016 s
|V| = 1149, |E| = 1693, |R| = 44
>>> get_solution
>>> get_solution
  refine_solution: new weight 14454359 (was 14454359) in 0.000292 s
4,,1119,1693,44,,510,254018,,14454359,14454359,5930608,5930608,5930608,,4508,3,@@

  handle_small_Steiner_degrees: steiner 0, suppress 1 in 3e-06 s
Starting round 5
Found 36 isolated vertices
Invalid ratios recomputed: 508
Best ratio is 9231/3 (3077.0), centered at 296
Finding the best star... Star with 4 terminals centered in 296
round took: 0.030028 s
|V| = 1149, |E| = 1672, |R| = 41
>>> get_solution
>>> get_solution
  refine_solution: new weight 14454359 (was 14454359) in 0.00029 s
5,,1113,1672,41,,508,254422,,14454359,14454359,5939839,5939839,5939839,,9231,4,@@

  handle_small_Steiner_degrees: steiner 1, suppress 4 in 5e-06 s
Starting round 6
Found 55 isolated vertices
Invalid ratios recomputed: 479
Best ratio is 7456/2 (3728.0), centered at 65
Finding the best star... Star with 3 terminals centered in 284
round took: 0.028457 s
|V| = 1149, |E| = 1654, |R| = 39
>>> get_solution
>>> get_solution
  refine_solution: new weight 14454231 (was 14454231) in 0.000296 s
6,,1094,1654,39,,479,240407,,14454231,14454231,5947295,5947295,5947295,,7456,3,@@

  handle_small_Steiner_degrees: steiner 0, suppress 1 in 3e-06 s
Starting round 7
Found 66 isolated vertices
Invalid ratios recomputed: 478
Best ratio is 3962/1 (3962.0), centered at 162
Finding the best star... Star with 2 terminals centered in 284
round took: 0.027938 s
|V| = 1149, |E| = 1650, |R| = 38
>>> get_solution
>>> get_solution
  refine_solution: new weight 14454067 (was 14454067) in 0.000295 s
7,,1083,1650,38,,478,235759,,14454067,14454067,5951257,5951257,5951257,,3962,2,@@

  handle_small_Steiner_degrees: steiner 0, suppress 0 in 2e-06 s
Starting round 8
Found 69 isolated vertices
Invalid ratios recomputed: 475
Best ratio is 7134/1 (7134.0), centered at 272
Finding the best star... Star with 2 terminals centered in 276
round took: 0.028051 s
|V| = 1149, |E| = 1647, |R| = 37
>>> get_solution
>>> get_solution
  refine_solution: new weight 14452266 (was 14452266) in 0.000293 s
8,,1080,1647,37,,475,238813,,14452266,14452266,5958391,5958391,5958391,,7134,2,@@

  handle_small_Steiner_degrees: steiner 0, suppress 0 in 3e-06 s
Starting round 9
Found 72 isolated vertices
Invalid ratios recomputed: 519
Best ratio is 9601/1 (9601.0), centered at 276
Finding the best star... Star with 2 terminals centered in 276
round took: 0.030952 s
|V| = 1149, |E| = 1640, |R| = 36
>>> get_solution
>>> get_solution
  refine_solution: new weight 14451804 (was 14451804) in 0.0003 s
9,,1077,1640,36,,519,263854,,14451804,14451804,5967992,5967992,5967992,,9601,2,@@

  handle_small_Steiner_degrees: steiner 0, suppress 1 in 2e-06 s
Starting round 10
Found 79 isolated vertices
Invalid ratios recomputed: 526
Best ratio is 10308/1 (10308.0), centered at 277
Finding the best star... Star with 2 terminals centered in 277
round took: 0.03154 s
|V| = 1149, |E| = 1631, |R| = 35
>>> get_solution
>>> get_solution
  refine_solution: new weight 14451804 (was 14451804) in 0.000299 s
10,,1070,1631,35,,526,270803,,14451804,14451804,5978300,5978300,5978300,,10308,2,@@

  handle_small_Steiner_degrees: steiner 0, suppress 0 in 2e-06 s
Starting round 11
Found 86 isolated vertices
Invalid ratios recomputed: 592
Best ratio is 10710/1 (10710.0), centered at 277
Finding the best star... Star with 2 terminals centered in 277
round took: 0.031568 s
|V| = 1149, |E| = 1626, |R| = 34
>>> get_solution
>>> get_solution
  refine_solution: new weight 14451804 (was 14451804) in 0.000295 s
11,,1063,1626,34,,592,268098,,14451804,14451804,5989010,5989010,5989010,,10710,2,@@

  handle_small_Steiner_degrees: steiner 0, suppress 1 in 3e-06 s
Starting round 12
Found 91 isolated vertices
Invalid ratios recomputed: 587
Best ratio is 10791/1 (10791.0), centered at 256
Finding the best star... Star with 2 terminals centered in 256
round took: 0.033513 s
|V| = 1149, |E| = 1615, |R| = 33
>>> get_solution
>>> get_solution
  refine_solution: new weight 14452304 (was 14452304) in 0.000301 s
12,,1058,1615,33,,587,290724,,14452304,14452304,5999801,5999801,5999801,,10791,2,@@

  handle_small_Steiner_degrees: steiner 0, suppress 2 in 4e-06 s
Starting round 13
Found 100 isolated vertices
Invalid ratios recomputed: 319
Best ratio is 11968/1 (11968.0), centered at 248
Finding the best star... Star with 2 terminals centered in 249
round took: 0.020806 s
|V| = 1149, |E| = 1606, |R| = 32
>>> get_solution
>>> get_solution
  refine_solution: new weight 14452304 (was 14452304) in 0.000301 s
13,,1049,1606,32,,319,184575,,14452304,14452304,6011769,6011769,6011769,,11968,2,@@

  handle_small_Steiner_degrees: steiner 0, suppress 2 in 3e-06 s
Starting round 14
Found 108 isolated vertices
Invalid ratios recomputed: 564
Best ratio is 26629/1 (26629.0), centered at 276
Finding the best star... Star with 2 terminals centered in 276
round took: 0.033542 s
|V| = 1149, |E| = 1593, |R| = 31
>>> get_solution
>>> get_solution
  refine_solution: new weight 14452304 (was 14452304) in 0.0003 s
14,,1041,1593,31,,564,293751,,14452304,14452304,6038398,6038398,6038398,,26629,2,@@

  handle_small_Steiner_degrees: steiner 0, suppress 2 in 4e-06 s
Starting round 15
Found 118 isolated vertices
Invalid ratios recomputed: 776
Best ratio is 29472/1 (29472.0), centered at 114
Finding the best star... Star with 2 terminals centered in 242
round took: 0.065133 s
|V| = 1149, |E| = 1574, |R| = 30
>>> get_solution
>>> get_solution
  refine_solution: new weight 14452304 (was 14452304) in 0.000307 s
15,,1031,1574,30,,776,588825,,14452304,14452304,6067870,6067870,6067870,,29472,2,@@

  handle_small_Steiner_degrees: steiner 0, suppress 4 in 5e-06 s
Starting round 16
Found 135 isolated vertices
Invalid ratios recomputed: 742
Best ratio is 117898/2 (58949.0), centered at 206
Finding the best star... Star with 3 terminals centered in 251
round took: 0.061483 s
|V| = 1149, |E| = 1549, |R| = 28
>>> get_solution
>>> get_solution
  refine_solution: new weight 14452304 (was 14452304) in 0.000298 s
16,,1014,1549,28,,742,555756,,14452304,14452304,6185768,6185768,6185768,,117898,3,@@

  delete_edges: deleted 14 edges in 0.000789 s and 8 rounds
  handle_small_Steiner_degrees: steiner 2, suppress 19 in 1.1e-05 s
Starting round 17
Found 173 isolated vertices
Invalid ratios recomputed: 957
Best ratio is 64924/1 (64924.0), centered at 74
Finding the best star... Star with 2 terminals centered in 255
round took: 0.070864 s
|V| = 1149, |E| = 1492, |R| = 27
>>> get_solution
>>> get_solution
  refine_solution: new weight 14454061 (was 14454061) in 0.000304 s
17,,976,1492,27,,957,631889,,14454061,14454061,6250692,6250692,6250692,,64924,2,@@

  handle_small_Steiner_degrees: steiner 0, suppress 4 in 5e-06 s
Starting round 18
Found 193 isolated vertices
Invalid ratios recomputed: 950
Best ratio is 126480/1 (126480.0), centered at 214
Finding the best star... Star with 2 terminals centered in 437
round took: 0.072481 s
|V| = 1149, |E| = 1468, |R| = 26
>>> get_solution
>>> get_solution
  refine_solution: new weight 14454061 (was 14454061) in 0.00031 s
18,,956,1468,26,,950,645515,,14454061,14454061,6377172,6377172,6377172,,126480,2,@@

  handle_small_Steiner_degrees: steiner 0, suppress 2 in 4e-06 s
Starting round 19
Found 210 isolated vertices
Invalid ratios recomputed: 935
Best ratio is 130209/1 (130209.0), centered at 15
Finding the best star... Star with 2 terminals centered in 437
round took: 0.06985 s
|V| = 1149, |E| = 1448, |R| = 25
>>> get_solution
>>> get_solution
  refine_solution: new weight 14454061 (was 14454061) in 0.000298 s
19,,939,1448,25,,935,618470,,14454061,14454061,6507381,6507381,6507381,,130209,2,@@

  handle_small_Steiner_degrees: steiner 3, suppress 0 in 3e-06 s
Starting round 20
Found 225 isolated vertices
Invalid ratios recomputed: 920
Best ratio is 314084/2 (157042.0), centered at 3
Finding the best star... Star with 3 terminals centered in 276
round took: 0.077377 s
|V| = 1149, |E| = 1380, |R| = 23
>>> get_solution
>>> get_solution
  refine_solution: new weight 14422258 (was 14422258) in 0.00031 s
20,,924,1380,23,,920,685285,,14422258,14422258,6821465,6821465,6821465,,314084,3,@@

  handle_small_Steiner_degrees: steiner 1, suppress 7 in 1.2e-05 s
Starting round 21
Found 286 isolated vertices
Invalid ratios recomputed: 859
Best ratio is 161421/1 (161421.0), centered at 192
Finding the best star... Star with 2 terminals centered in 264
round took: 0.052598 s
|V| = 1149, |E| = 1368, |R| = 22
>>> get_solution
>>> get_solution
  refine_solution: new weight 14422258 (was 14422258) in 0.000299 s
21,,863,1368,22,,859,442976,,14422258,14422258,6982886,6982886,6982886,,161421,2,@@

  handle_small_Steiner_degrees: steiner 0, suppress 0 in 2e-06 s
Starting round 22
Found 288 isolated vertices
Invalid ratios recomputed: 857
Best ratio is 178147/1 (178147.0), centered at 143
Finding the best star... Star with 2 terminals centered in 273
round took: 0.053438 s
|V| = 1149, |E| = 1355, |R| = 21
>>> get_solution
>>> get_solution
  refine_solution: new weight 14422258 (was 14422258) in 0.000306 s
22,,861,1355,21,,857,452751,,14422258,14422258,7161033,7161033,7161033,,178147,2,@@

  handle_small_Steiner_degrees: steiner 1, suppress 3 in 8e-06 s
Starting round 23
Found 301 isolated vertices
Invalid ratios recomputed: 844
Best ratio is 196375/1 (196375.0), centered at 20
Finding the best star... Star with 2 terminals centered in 240
round took: 0.05269 s
|V| = 1149, |E| = 1332, |R| = 20
>>> get_solution
>>> get_solution
  refine_solution: new weight 14422258 (was 14422258) in 0.000309 s
23,,848,1332,20,,844,445875,,14422258,14422258,7357408,7357408,7357408,,196375,2,@@

  handle_small_Steiner_degrees: steiner 0, suppress 3 in 5e-06 s
Starting round 24
Found 319 isolated vertices
Invalid ratios recomputed: 826
Best ratio is 230297/1 (230297.0), centered at 240
Finding the best star... Star with 2 terminals centered in 250
round took: 0.048486 s
|V| = 1149, |E| = 1325, |R| = 19
>>> get_solution
>>> get_solution
  refine_solution: new weight 14422258 (was 14422258) in 0.000299 s
24,,830,1325,19,,826,407999,,14422258,14422258,7587705,7587705,7587705,,230297,2,@@

  handle_small_Steiner_degrees: steiner 1, suppress 2 in 6e-06 s
Starting round 25
Found 323 isolated vertices
Invalid ratios recomputed: 822
Best ratio is 242592/1 (242592.0), centered at 246
Finding the best star... Star with 2 terminals centered in 246
round took: 0.048312 s
|V| = 1149, |E| = 1319, |R| = 18
>>> get_solution
>>> get_solution
  refine_solution: new weight 14422258 (was 14422258) in 0.000316 s
25,,826,1319,18,,822,407565,,14422258,14422258,7830297,7830297,7830297,,242592,2,@@

  handle_small_Steiner_degrees: steiner 0, suppress 2 in 5e-06 s
Starting round 26
Found 326 isolated vertices
Invalid ratios recomputed: 819
Best ratio is 246164/1 (246164.0), centered at 246
Finding the best star... Star with 2 terminals centered in 253
round took: 0.048283 s
|V| = 1149, |E| = 1315, |R| = 17
>>> get_solution
>>> get_solution
  refine_solution: new weight 14422258 (was 14422258) in 0.000311 s
26,,823,1315,17,,819,408349,,14422258,14422258,8076461,8076461,8076461,,246164,2,@@

  handle_small_Steiner_degrees: steiner 0, suppress 0 in 2e-06 s
Starting round 27
Found 327 isolated vertices
Invalid ratios recomputed: 818
Best ratio is 257736/1 (257736.0), centered at 253
Finding the best star... Star with 2 terminals centered in 280
round took: 0.049339 s
|V| = 1149, |E| = 1307, |R| = 16
>>> get_solution
>>> get_solution
  refine_solution: new weight 14422258 (was 14422258) in 0.000313 s
27,,822,1307,16,,818,420719,,14422258,14422258,8334197,8334197,8334197,,257736,2,@@

  handle_small_Steiner_degrees: steiner 1, suppress 1 in 3e-06 s
Starting round 28
Found 335 isolated vertices
Invalid ratios recomputed: 810
Best ratio is 548145/2 (274072.5), centered at 198
Finding the best star... Star with 3 terminals centered in 252
round took: 0.046858 s
|V| = 1149, |E| = 1287, |R| = 14
>>> get_solution
>>> get_solution
  refine_solution: new weight 14407337 (was 14407337) in 0.000313 s
28,,814,1287,14,,810,397657,,14407337,14407337,8882342,8882342,8882342,,548145,3,@@

  handle_small_Steiner_degrees: steiner 0, suppress 6 in 6e-06 s
Starting round 29
Found 354 isolated vertices
Invalid ratios recomputed: 428
Best ratio is 280037/1 (280037.0), centered at 185
Finding the best star... Star with 2 terminals centered in 268
round took: 0.023985 s
|V| = 1149, |E| = 1269, |R| = 13
>>> get_solution
>>> get_solution
  refine_solution: new weight 14407337 (was 14407337) in 0.0003 s
29,,795,1269,13,,428,201099,,14407337,14407337,9162379,9162379,9162379,,280037,2,@@

  handle_small_Steiner_degrees: steiner 1, suppress 2 in 9e-06 s
Starting round 30
Found 364 isolated vertices
Invalid ratios recomputed: 767
Best ratio is 299286/1 (299286.0), centered at 252
Finding the best star... Star with 2 terminals centered in 252
round took: 0.043895 s
|V| = 1149, |E| = 1262, |R| = 12
>>> get_solution
>>> get_solution
  refine_solution: new weight 14407337 (was 14407337) in 0.000301 s
30,,785,1262,12,,767,368828,,14407337,14407337,9461665,9461665,9461665,,299286,2,@@

  handle_small_Steiner_degrees: steiner 0, suppress 2 in 3e-06 s
Starting round 31
Found 368 isolated vertices
Invalid ratios recomputed: 712
Best ratio is 306770/1 (306770.0), centered at 268
Finding the best star... Star with 2 terminals centered in 268
round took: 0.054186 s
|V| = 1149, |E| = 1256, |R| = 11
>>> get_solution
>>> get_solution
  refine_solution: new weight 14407337 (was 14407337) in 0.000301 s
31,,781,1256,11,,712,459436,,14407337,14407337,9768435,9768435,9768435,,306770,2,@@

  handle_small_Steiner_degrees: steiner 0, suppress 2 in 5e-06 s
Starting round 32
Found 372 isolated vertices
Invalid ratios recomputed: 777
Best ratio is 308465/1 (308465.0), centered at 150
Finding the best star... Star with 2 terminals centered in 295
round took: 0.05748 s
|V| = 1149, |E| = 1246, |R| = 10
>>> get_solution
>>> get_solution
  refine_solution: new weight 14406471 (was 14406471) in 0.000305 s
32,,777,1246,10,,777,487882,,14406471,14406471,10076900,10076900,10076900,,308465,2,@@

  handle_small_Steiner_degrees: steiner 0, suppress 2 in 5e-06 s
Starting round 33
Found 379 isolated vertices
Invalid ratios recomputed: 770
Best ratio is 326104/1 (326104.0), centered at 244
Finding the best star... Star with 2 terminals centered in 244
round took: 0.055835 s
|V| = 1149, |E| = 1242, |R| = 9
>>> get_solution
>>> get_solution
  refine_solution: new weight 14406471 (was 14406471) in 0.000312 s
33,,770,1242,9,,770,473602,,14406471,14406471,10403004,10403004,10403004,,326104,2,@@

  handle_small_Steiner_degrees: steiner 0, suppress 1 in 4e-06 s
Starting round 34
Found 381 isolated vertices
Invalid ratios recomputed: 768
Best ratio is 326397/1 (326397.0), centered at 154
Finding the best star... Star with 2 terminals centered in 294
round took: 0.055769 s
|V| = 1149, |E| = 1234, |R| = 8
>>> get_solution
>>> get_solution
  refine_solution: new weight 14406471 (was 14406471) in 0.000302 s
34,,768,1234,8,,768,472937,,14406471,14406471,10729401,10729401,10729401,,326397,2,@@

  handle_small_Steiner_degrees: steiner 0, suppress 2 in 4e-06 s
Starting round 35
Found 388 isolated vertices
Invalid ratios recomputed: 761
Best ratio is 357421/1 (357421.0), centered at 260
Finding the best star... Star with 2 terminals centered in 260
round took: 0.054698 s
|V| = 1149, |E| = 1223, |R| = 7
>>> get_solution
>>> get_solution
  refine_solution: new weight 14406471 (was 14406471) in 0.000313 s
35,,761,1223,7,,761,464713,,14406471,14406471,11086822,11086822,11086822,,357421,2,@@

  handle_small_Steiner_degrees: steiner 0, suppress 5 in 8e-06 s
Starting round 36
Found 398 isolated vertices
Invalid ratios recomputed: 751
Best ratio is 391419/1 (391419.0), centered at 171
Finding the best star... Star with 2 terminals centered in 292
round took: 0.054232 s
|V| = 1149, |E| = 1213, |R| = 6
>>> get_solution
>>> get_solution
  refine_solution: new weight 14406471 (was 14406471) in 0.000311 s
36,,751,1213,6,,751,463032,,14406471,14406471,11478241,11478241,11478241,,391419,2,@@

  handle_small_Steiner_degrees: steiner 0, suppress 2 in 6e-06 s
Starting round 37
Found 402 isolated vertices
Invalid ratios recomputed: 747
Best ratio is 437998/1 (437998.0), centered at 269
Finding the best star... Star with 2 terminals centered in 292
round took: 0.056391 s
|V| = 1149, |E| = 1206, |R| = 5
>>> get_solution
>>> get_solution
  refine_solution: new weight 14406471 (was 14406471) in 0.000314 s
37,,747,1206,5,,747,485293,,14406471,14406471,11916239,11916239,11916239,,437998,2,@@

  handle_small_Steiner_degrees: steiner 0, suppress 2 in 5e-06 s
Starting round 38
Found 407 isolated vertices
Invalid ratios recomputed: 742
Best ratio is 1011197/2 (505598.5), centered at 439
Finding the best star... Star with 3 terminals centered in 292
round took: 0.08345 s
|V| = 1149, |E| = 1171, |R| = 3
>>> get_solution
>>> get_solution
  refine_solution: new weight 14183889 (was 14183889) in 0.000297 s
38,,742,1171,3,,742,768426,,14183889,14183889,12927436,12927436,12927436,,1011197,3,@@

  handle_small_Steiner_degrees: steiner 1, suppress 7 in 1.1e-05 s
Starting round 39
Found 439 isolated vertices
Invalid ratios recomputed: 710
Best ratio is 510367/1 (510367.0), centered at 265
Finding the best star... Star with 2 terminals centered in 265
round took: 0.061777 s
|V| = 1149, |E| = 1139, |R| = 2
>>> get_solution
>>> get_solution
  refine_solution: new weight 14183889 (was 14183889) in 0.000299 s
39,,710,1139,2,,710,543287,,14183889,14183889,13437803,13437803,13437803,,510367,2,@@

  handle_small_Steiner_degrees: steiner 0, suppress 3 in 7e-06 s
Starting round 40
Found 461 isolated vertices
Invalid ratios recomputed: 688
Best ratio is 746086/1 (746086.0), centered at 18
Finding the best star... Star with 2 terminals centered in 265
round took: 0.059232 s
|V| = 1149, |E| = 1128, |R| = 1
>>> get_solution
>>> get_solution
  refine_solution: new weight 14183889 (was 14183889) in 0.0003 s
40,,688,1128,1,,688,538084,,14183889,14183889,14183889,14183889,14183889,,746086,2,@@

  handle_small_Steiner_degrees: steiner 0, suppress 1 in 3e-06 s
contract_till_the_bitter_end: 1.95608 s

Calling end_heu
>>> get_solution
Saved weight 5920157
end_heu: 0 loops with 0 unique solutions in 8.5e-05 s

Calling print_solution
>>> get_solution
  refine_solution: new weight 14183889 (was 14183889) in 0.000513 s
## FINAL WEIGHT 14183889
print_solution: 0.001345 s
