Version: final-96-g3f4a746 add measure_work.sh
Random seed: 1555583516
Start
>>> save_orig_graph
>> Saved weight 0
Graph loaded
|V| = 8018, |E| = 14753, |R| = 36
First clearance of the input. Calling buy_zero and run_all_heuristics.
  buy_zero: 0 zero edges in 4.7e-05 s
  handle_small_terminal_degrees: terms 0 in 2.2e-05 s
  handle_small_Steiner_degrees: steiner 0, suppress 4 in 4.1e-05 s
  shortest_edge_between_terminals: 0 edges in 3e-06 s
  handle_small_terminal_degrees: terms 0 in 2.1e-05 s
  handle_small_Steiner_degrees: steiner 0, suppress 0 in 2.4e-05 s
  shortest_edge_between_terminals: 0 edges in 1e-06 s
Compressed graph 8018 -> 8013
  delete_edges: deleted 4 edges in 0.002056 s and 1 rounds
  handle_small_terminal_degrees: terms 0 in 2.1e-05 s
  handle_small_Steiner_degrees: steiner 0, suppress 8 in 3.1e-05 s
  shortest_edge_between_terminals: 0 edges in 2e-06 s
  handle_small_terminal_degrees: terms 0 in 2.2e-05 s
  handle_small_Steiner_degrees: steiner 0, suppress 0 in 2.5e-05 s
  shortest_edge_between_terminals: 0 edges in 1e-06 s
Compressed graph 8013 -> 8005
  delete_edges_shortest_path: deleted 7 edges in 0.051716 s
  handle_small_terminal_degrees: terms 0 in 6e-06 s
  handle_small_Steiner_degrees: steiner 0, suppress 11 in 1.7e-05 s
  shortest_edge_between_terminals: 0 edges in 1e-06 s
  handle_small_terminal_degrees: terms 0 in 6e-06 s
  handle_small_Steiner_degrees: steiner 0, suppress 0 in 9e-06 s
  shortest_edge_between_terminals: 0 edges in 1e-06 s
Compressed graph 8005 -> 7994
  handle_small_terminal_degrees: terms 0 in 1.3e-05 s
  handle_small_Steiner_degrees: steiner 0, suppress 0 in 1.2e-05 s
  shortest_edge_between_terminals: 0 edges in 4e-06 s
Compressed graph 7994 -> 7994
  delete_edges_shortest_path: deleted 11 edges in 0.047829 s
  handle_small_terminal_degrees: terms 0 in 6e-06 s
  handle_small_Steiner_degrees: steiner 0, suppress 15 in 2e-05 s
  shortest_edge_between_terminals: 0 edges in 1e-06 s
  handle_small_terminal_degrees: terms 0 in 6e-06 s
  handle_small_Steiner_degrees: steiner 0, suppress 0 in 1e-05 s
  shortest_edge_between_terminals: 0 edges in 0 s
Compressed graph 7994 -> 7979
Compressed graph 7979 -> 7979
>>> save_orig_graph
>> Saved weight 0
### ZEL_LVL=0 PRECISE_STARS=0

Calling `contract_till_the_bitter_end`
|V| = 7979, |E| = 14693, |R| = 36
>>> get_solution
>>> get_solution
  refine_solution: new weight 22470 (was 22506) in 0.001619 s
  refine_solution: new weight 22470 (was 22470) in 0.001493 s
0,,7979,14693,36,,0,0,,22506,22470,0,0,0,,0,0,@@

  delete_edges: deleted 14 edges in 0.003069 s and 3 rounds
  handle_small_Steiner_degrees: steiner 0, suppress 18 in 3.1e-05 s
Starting round 1
Found 18 isolated vertices
Invalid ratios recomputed: 7961
Best ratio is 133/1 (133.0), centered at 1247
Finding the best star... Star with 2 terminals centered in 1915
round took: 0.868524 s
|V| = 7979, |E| = 14657, |R| = 35
>>> get_solution
>>> get_solution
  refine_solution: new weight 22446 (was 22482) in 0.001688 s
  refine_solution: new weight 22446 (was 22446) in 0.001514 s
1,,7961,14657,35,,7961,6598024,,22482,22446,133,133,133,,133,2,@@

  handle_small_Steiner_degrees: steiner 0, suppress 0 in 1.2e-05 s
Starting round 2
Found 22 isolated vertices
Invalid ratios recomputed: 601
Best ratio is 152/1 (152.0), centered at 576
Finding the best star... Star with 2 terminals centered in 4216
round took: 0.042706 s
|V| = 7979, |E| = 14654, |R| = 34
>>> get_solution
>>> get_solution
  refine_solution: new weight 22446 (was 22482) in 0.001662 s
  refine_solution: new weight 22446 (was 22446) in 0.001516 s
2,,7957,14654,34,,601,316068,,22482,22446,285,285,285,,152,2,@@

  handle_small_Steiner_degrees: steiner 0, suppress 0 in 1e-05 s
Starting round 3
Found 25 isolated vertices
Invalid ratios recomputed: 1138
Best ratio is 173/1 (173.0), centered at 580
Finding the best star... Star with 2 terminals centered in 580
round took: 0.119773 s
|V| = 7979, |E| = 14651, |R| = 33
>>> get_solution
>>> get_solution
  refine_solution: new weight 22446 (was 22482) in 0.00163 s
  refine_solution: new weight 22446 (was 22446) in 0.001511 s
3,,7954,14651,33,,1138,927486,,22482,22446,458,458,458,,173,2,@@

  handle_small_Steiner_degrees: steiner 0, suppress 0 in 9e-06 s
Starting round 4
Found 28 isolated vertices
Invalid ratios recomputed: 866
Best ratio is 184/1 (184.0), centered at 682
Finding the best star... Star with 2 terminals centered in 3225
round took: 0.136918 s
|V| = 7979, |E| = 14648, |R| = 32
>>> get_solution
>>> get_solution
  refine_solution: new weight 22446 (was 22482) in 0.001606 s
  refine_solution: new weight 22446 (was 22446) in 0.001513 s
4,,7951,14648,32,,866,1064917,,22482,22446,642,642,642,,184,2,@@

  handle_small_Steiner_degrees: steiner 0, suppress 0 in 9e-06 s
Starting round 5
Found 31 isolated vertices
Invalid ratios recomputed: 1373
Best ratio is 236/1 (236.0), centered at 1387
Finding the best star... Star with 2 terminals centered in 7851
round took: 0.200942 s
|V| = 7979, |E| = 14637, |R| = 31
>>> get_solution
>>> get_solution
  refine_solution: new weight 22446 (was 22482) in 0.001625 s
  refine_solution: new weight 22446 (was 22446) in 0.001502 s
5,,7948,14637,31,,1373,1576732,,22482,22446,878,878,878,,236,2,@@

  handle_small_Steiner_degrees: steiner 0, suppress 3 in 1.9e-05 s
Starting round 6
Found 42 isolated vertices
Invalid ratios recomputed: 1255
Best ratio is 239/1 (239.0), centered at 62
Finding the best star... Star with 2 terminals centered in 6037
round took: 0.14358 s
|V| = 7979, |E| = 14620, |R| = 30
>>> get_solution
>>> get_solution
  refine_solution: new weight 22446 (was 22482) in 0.001621 s
  refine_solution: new weight 22446 (was 22446) in 0.001507 s
6,,7937,14620,30,,1255,1102387,,22482,22446,1117,1117,1117,,239,2,@@

  handle_small_Steiner_degrees: steiner 0, suppress 3 in 2.1e-05 s
Starting round 7
Found 55 isolated vertices
Invalid ratios recomputed: 1478
Best ratio is 287/1 (287.0), centered at 1604
Finding the best star... Star with 2 terminals centered in 6480
round took: 0.220247 s
|V| = 7979, |E| = 14609, |R| = 29
>>> get_solution
>>> get_solution
  refine_solution: new weight 22446 (was 22446) in 0.001607 s
7,,7924,14609,29,,1478,1706974,,22446,22446,1404,1404,1404,,287,2,@@

  handle_small_Steiner_degrees: steiner 0, suppress 2 in 1.3e-05 s
Starting round 8
Found 63 isolated vertices
Invalid ratios recomputed: 1568
Best ratio is 310/1 (310.0), centered at 184
Finding the best star... Star with 2 terminals centered in 6454
round took: 0.194233 s
|V| = 7979, |E| = 14597, |R| = 28
>>> get_solution
>>> get_solution
  refine_solution: new weight 22440 (was 22440) in 0.001627 s
8,,7916,14597,28,,1568,1490755,,22440,22440,1714,1714,1714,,310,2,@@

  handle_small_Steiner_degrees: steiner 0, suppress 0 in 1.2e-05 s
Starting round 9
Found 70 isolated vertices
Invalid ratios recomputed: 645
Best ratio is 327/1 (327.0), centered at 1708
Finding the best star... Star with 2 terminals centered in 2761
round took: 0.043545 s
|V| = 7979, |E| = 14587, |R| = 27
>>> get_solution
>>> get_solution
  refine_solution: new weight 22440 (was 22440) in 0.001618 s
9,,7909,14587,27,,645,315177,,22440,22440,2041,2041,2041,,327,2,@@

  handle_small_Steiner_degrees: steiner 0, suppress 0 in 1.4e-05 s
Starting round 10
Found 78 isolated vertices
Invalid ratios recomputed: 1163
Best ratio is 696/2 (348.0), centered at 5198
Finding the best star... Star with 3 terminals centered in 6439
round took: 0.125782 s
|V| = 7979, |E| = 14570, |R| = 25
>>> get_solution
>>> get_solution
  refine_solution: new weight 22367 (was 22367) in 0.001609 s
10,,7901,14570,25,,1163,984568,,22367,22367,2737,2737,2737,,696,3,@@

  handle_small_Steiner_degrees: steiner 0, suppress 1 in 1.5e-05 s
Starting round 11
Found 93 isolated vertices
Invalid ratios recomputed: 2071
Best ratio is 384/1 (384.0), centered at 620
Finding the best star... Star with 2 terminals centered in 6480
round took: 0.264885 s
|V| = 7979, |E| = 14556, |R| = 24
>>> get_solution
>>> get_solution
  refine_solution: new weight 22367 (was 22367) in 0.001653 s
11,,7886,14556,24,,2071,2071786,,22367,22367,3121,3121,3121,,384,2,@@

  handle_small_Steiner_degrees: steiner 0, suppress 0 in 1e-05 s
Starting round 12
Found 103 isolated vertices
Invalid ratios recomputed: 1794
Best ratio is 780/2 (390.0), centered at 2759
Finding the best star... Star with 3 terminals centered in 130
round took: 0.257443 s
|V| = 7979, |E| = 14536, |R| = 22
>>> get_solution
>>> get_solution
  refine_solution: new weight 22270 (was 22270) in 0.001636 s
12,,7876,14536,22,,1794,1960085,,22270,22270,3901,3901,3901,,780,3,@@

  handle_small_Steiner_degrees: steiner 0, suppress 3 in 2.1e-05 s
Starting round 13
Found 122 isolated vertices
Invalid ratios recomputed: 1839
Best ratio is 898/2 (449.0), centered at 7102
Finding the best star... Star with 3 terminals centered in 7419
round took: 0.294893 s
|V| = 7979, |E| = 14508, |R| = 20
>>> get_solution
>>> get_solution
  refine_solution: new weight 22270 (was 22270) in 0.001625 s
13,,7857,14508,20,,1839,2230566,,22270,22270,4799,4799,4799,,898,3,@@

  handle_small_Steiner_degrees: steiner 0, suppress 3 in 1.9e-05 s
Starting round 14
Found 145 isolated vertices
Invalid ratios recomputed: 2074
Best ratio is 524/1 (524.0), centered at 153
Finding the best star... Star with 2 terminals centered in 6480
round took: 0.384506 s
|V| = 7979, |E| = 14487, |R| = 19
>>> get_solution
>>> get_solution
  refine_solution: new weight 22246 (was 22246) in 0.001639 s
14,,7834,14487,19,,2074,2941852,,22246,22246,5323,5323,5323,,524,2,@@

  handle_small_Steiner_degrees: steiner 0, suppress 0 in 1.3e-05 s
Starting round 15
Found 158 isolated vertices
Invalid ratios recomputed: 2890
Best ratio is 524/1 (524.0), centered at 906
Finding the best star... Star with 2 terminals centered in 1076
round took: 0.599175 s
|V| = 7979, |E| = 14474, |R| = 18
>>> get_solution
>>> get_solution
  refine_solution: new weight 22246 (was 22246) in 0.001587 s
15,,7821,14474,18,,2890,4503553,,22246,22246,5847,5847,5847,,524,2,@@

  handle_small_Steiner_degrees: steiner 0, suppress 0 in 1.2e-05 s
Starting round 16
Found 170 isolated vertices
Invalid ratios recomputed: 2310
Best ratio is 549/1 (549.0), centered at 148
Finding the best star... Star with 2 terminals centered in 6454
round took: 0.365639 s
|V| = 7979, |E| = 14452, |R| = 17
>>> get_solution
>>> get_solution
  refine_solution: new weight 21960 (was 21960) in 0.00159 s
16,,7809,14452,17,,2310,2825899,,21960,21960,6396,6396,6396,,549,2,@@

  handle_small_Steiner_degrees: steiner 0, suppress 3 in 2.6e-05 s
Starting round 17
Found 189 isolated vertices
Invalid ratios recomputed: 2219
Best ratio is 572/1 (572.0), centered at 1035
Finding the best star... Star with 2 terminals centered in 1076
round took: 0.32496 s
|V| = 7979, |E| = 14435, |R| = 16
>>> get_solution
>>> get_solution
  refine_solution: new weight 21960 (was 21960) in 0.001611 s
17,,7790,14435,16,,2219,2460534,,21960,21960,6968,6968,6968,,572,2,@@

  handle_small_Steiner_degrees: steiner 0, suppress 1 in 1.4e-05 s
Starting round 18
Found 201 isolated vertices
Invalid ratios recomputed: 3305
Best ratio is 582/1 (582.0), centered at 520
Finding the best star... Star with 2 terminals centered in 6480
round took: 0.600918 s
|V| = 7979, |E| = 14419, |R| = 15
>>> get_solution
>>> get_solution
  refine_solution: new weight 21960 (was 21960) in 0.001669 s
18,,7778,14419,15,,3305,4472368,,21960,21960,7550,7550,7550,,582,2,@@

  handle_small_Steiner_degrees: steiner 0, suppress 2 in 2.1e-05 s
Starting round 19
Found 214 isolated vertices
Invalid ratios recomputed: 3392
Best ratio is 602/1 (602.0), centered at 57
Finding the best star... Star with 2 terminals centered in 1076
round took: 0.997817 s
|V| = 7979, |E| = 14401, |R| = 14
>>> get_solution
>>> get_solution
  refine_solution: new weight 21960 (was 21960) in 0.001659 s
19,,7765,14401,14,,3392,7306345,,21960,21960,8152,8152,8152,,602,2,@@

  handle_small_Steiner_degrees: steiner 0, suppress 1 in 1.4e-05 s
Starting round 20
Found 228 isolated vertices
Invalid ratios recomputed: 3329
Best ratio is 608/1 (608.0), centered at 598
Finding the best star... Star with 2 terminals centered in 1076
round took: 0.74921 s
|V| = 7979, |E| = 14386, |R| = 13
>>> get_solution
>>> get_solution
  refine_solution: new weight 21960 (was 21960) in 0.001596 s
20,,7751,14386,13,,3329,5479498,,21960,21960,8760,8760,8760,,608,2,@@

  handle_small_Steiner_degrees: steiner 0, suppress 1 in 1.3e-05 s
Starting round 21
Found 241 isolated vertices
Invalid ratios recomputed: 3901
Best ratio is 1462/2 (731.0), centered at 7517
Finding the best star... Star with 3 terminals centered in 6418
round took: 1.06992 s
|V| = 7979, |E| = 14348, |R| = 11
>>> get_solution
>>> get_solution
  refine_solution: new weight 21634 (was 21634) in 0.001644 s
21,,7738,14348,11,,3901,7739571,,21634,21634,10222,10222,10222,,1462,3,@@

  handle_small_Steiner_degrees: steiner 0, suppress 0 in 1e-05 s
Starting round 22
Found 273 isolated vertices
Invalid ratios recomputed: 4396
Best ratio is 1478/2 (739.0), centered at 6668
Finding the best star... Star with 3 terminals centered in 6418
round took: 1.53782 s
|V| = 7979, |E| = 14316, |R| = 9
>>> get_solution
>>> get_solution
  refine_solution: new weight 21540 (was 21540) in 0.001651 s
22,,7706,14316,9,,4396,11071594,,21540,21540,11700,11700,11700,,1478,3,@@

  handle_small_Steiner_degrees: steiner 0, suppress 4 in 2.4e-05 s
Starting round 23
Found 305 isolated vertices
Invalid ratios recomputed: 5262
Best ratio is 904/1 (904.0), centered at 176
Finding the best star... Star with 2 terminals centered in 6418
round took: 2.60245 s
|V| = 7979, |E| = 14287, |R| = 8
>>> get_solution
>>> get_solution
  refine_solution: new weight 21438 (was 21438) in 0.001633 s
23,,7674,14287,8,,5262,18787755,,21438,21438,12604,12604,12604,,904,2,@@

  handle_small_Steiner_degrees: steiner 0, suppress 1 in 1.4e-05 s
Starting round 24
Found 325 isolated vertices
Invalid ratios recomputed: 6098
Best ratio is 979/1 (979.0), centered at 12
Finding the best star... Star with 2 terminals centered in 6480
round took: 3.51727 s
|V| = 7979, |E| = 14262, |R| = 7
>>> get_solution
>>> get_solution
  refine_solution: new weight 21406 (was 21406) in 0.001657 s
24,,7654,14262,7,,6098,25334131,,21406,21406,13583,13583,13583,,979,2,@@

  handle_small_Steiner_degrees: steiner 0, suppress 0 in 1e-05 s
Starting round 25
Found 346 isolated vertices
Invalid ratios recomputed: 6860
Best ratio is 1032/1 (1032.0), centered at 240
Finding the best star... Star with 2 terminals centered in 2713
round took: 3.90732 s
|V| = 7979, |E| = 14237, |R| = 6
>>> get_solution
>>> get_solution
  refine_solution: new weight 21338 (was 21338) in 0.001639 s
25,,7633,14237,6,,6860,28021816,,21338,21338,14615,14615,14615,,1032,2,@@

  handle_small_Steiner_degrees: steiner 0, suppress 3 in 1.9e-05 s
Starting round 26
Found 372 isolated vertices
Invalid ratios recomputed: 6859
Best ratio is 1090/1 (1090.0), centered at 142
Finding the best star... Star with 2 terminals centered in 2713
round took: 4.14403 s
|V| = 7979, |E| = 14204, |R| = 5
>>> get_solution
>>> get_solution
  refine_solution: new weight 21338 (was 21338) in 0.001652 s
26,,7607,14204,5,,6859,29790745,,21338,21338,15705,15705,15705,,1090,2,@@

  handle_small_Steiner_degrees: steiner 1, suppress 2 in 2.5e-05 s
Starting round 27
Found 398 isolated vertices
Invalid ratios recomputed: 7528
Best ratio is 2515/2 (1257.5), centered at 5879
Finding the best star... Star with 3 terminals centered in 4764
round took: 6.45134 s
|V| = 7979, |E| = 14145, |R| = 3
>>> get_solution
>>> get_solution
  refine_solution: new weight 21040 (was 21040) in 0.00165 s
27,,7581,14145,3,,7528,46003915,,21040,21040,18220,18220,18220,,2515,3,@@

  handle_small_Steiner_degrees: steiner 0, suppress 1 in 1.3e-05 s
Starting round 28
Found 447 isolated vertices
Invalid ratios recomputed: 7532
Best ratio is 1335/1 (1335.0), centered at 254
Finding the best star... Star with 2 terminals centered in 1201
round took: 7.42221 s
|V| = 7979, |E| = 14114, |R| = 2
>>> get_solution
>>> get_solution
  refine_solution: new weight 21040 (was 21040) in 0.001676 s
28,,7532,14114,2,,7532,52741119,,21040,21040,19555,19555,19555,,1335,2,@@

  handle_small_Steiner_degrees: steiner 0, suppress 0 in 9e-06 s
Starting round 29
Found 473 isolated vertices
Invalid ratios recomputed: 7506
Best ratio is 1485/1 (1485.0), centered at 40
Finding the best star... Star with 2 terminals centered in 580
round took: 7.59856 s
|V| = 7979, |E| = 14076, |R| = 1
>>> get_solution
>>> get_solution
  refine_solution: new weight 21040 (was 21040) in 0.001679 s
29,,7506,14076,1,,7506,54097570,,21040,21040,21040,21040,21040,,1485,2,@@

  handle_small_Steiner_degrees: steiner 0, suppress 1 in 1.8e-05 s
contract_till_the_bitter_end: 45.4228 s

Calling end_heu
>>> get_solution
Saved weight 0
end_heu: 0 loops with 0 unique solutions in 0.000148 s

Calling print_solution
>>> get_solution
  refine_solution: new weight 21040 (was 21040) in 0.001556 s
## FINAL WEIGHT 21040
print_solution: 0.003886 s
