Version: final-96-g3f4a746 add measure_work.sh
Random seed: 1555723997
Start
>>> save_orig_graph
>> Saved weight 0
Graph loaded
|V| = 6406, |E| = 10454, |R| = 16
First clearance of the input. Calling buy_zero and run_all_heuristics.
  buy_zero: 0 zero edges in 1.9e-05 s
  handle_small_terminal_degrees: terms 0 in 1e-05 s
  handle_small_Steiner_degrees: steiner 16, suppress 798 in 0.00029 s
  shortest_edge_between_terminals: 6 edges in 1e-05 s
  handle_small_terminal_degrees: terms 0 in 1e-05 s
  handle_small_Steiner_degrees: steiner 0, suppress 9 in 1.4e-05 s
  shortest_edge_between_terminals: 0 edges in 1e-06 s
  handle_small_terminal_degrees: terms 0 in 9e-06 s
  handle_small_Steiner_degrees: steiner 0, suppress 0 in 1.1e-05 s
  shortest_edge_between_terminals: 0 edges in 1e-06 s
Compressed graph 6406 -> 5577
  delete_edges: deleted 53 edges in 0.000824 s and 2 rounds
  handle_small_terminal_degrees: terms 0 in 9e-06 s
  handle_small_Steiner_degrees: steiner 5, suppress 67 in 3.2e-05 s
  shortest_edge_between_terminals: 0 edges in 1e-06 s
  handle_small_terminal_degrees: terms 0 in 8e-06 s
  handle_small_Steiner_degrees: steiner 0, suppress 2 in 1e-05 s
  shortest_edge_between_terminals: 0 edges in 0 s
  handle_small_terminal_degrees: terms 0 in 8e-06 s
  handle_small_Steiner_degrees: steiner 0, suppress 0 in 1e-05 s
  shortest_edge_between_terminals: 0 edges in 0 s
Compressed graph 5577 -> 5503
  delete_edges_shortest_path: deleted 48 edges in 0.024991 s
  handle_small_terminal_degrees: terms 0 in 4e-06 s
  handle_small_Steiner_degrees: steiner 1, suppress 58 in 3.5e-05 s
  shortest_edge_between_terminals: 0 edges in 2e-06 s
  handle_small_terminal_degrees: terms 0 in 4e-06 s
  handle_small_Steiner_degrees: steiner 0, suppress 0 in 6e-06 s
  shortest_edge_between_terminals: 0 edges in 1e-06 s
Compressed graph 5503 -> 5444
  handle_small_terminal_degrees: terms 0 in 4e-06 s
  handle_small_Steiner_degrees: steiner 0, suppress 0 in 5e-06 s
  shortest_edge_between_terminals: 0 edges in 1e-06 s
Compressed graph 5444 -> 5444
  delete_edges_shortest_path: deleted 37 edges in 0.019898 s
  handle_small_terminal_degrees: terms 0 in 4e-06 s
  handle_small_Steiner_degrees: steiner 1, suppress 47 in 2.5e-05 s
  shortest_edge_between_terminals: 0 edges in 1e-06 s
  handle_small_terminal_degrees: terms 0 in 4e-06 s
  handle_small_Steiner_degrees: steiner 0, suppress 1 in 7e-06 s
  shortest_edge_between_terminals: 0 edges in 0 s
  handle_small_terminal_degrees: terms 0 in 4e-06 s
  handle_small_Steiner_degrees: steiner 0, suppress 0 in 6e-06 s
  shortest_edge_between_terminals: 0 edges in 0 s
Compressed graph 5444 -> 5395
Compressed graph 5395 -> 5395
>>> save_orig_graph
>> Saved weight 25
### ZEL_LVL=0 PRECISE_STARS=1

Calling `contract_till_the_bitter_end`
|V| = 5395, |E| = 9294, |R| = 11
>>> get_solution
>>> get_solution
  refine_solution: new weight 2309 (was 2319) in 0.000837 s
  refine_solution: new weight 2309 (was 2309) in 0.000731 s
0,,5395,9294,11,,0,0,,2319,2309,25,25,25,,0,0,@@

  handle_small_Steiner_degrees: steiner 0, suppress 0 in 8e-06 s
Starting round 1
Found 0 isolated vertices
Invalid ratios recomputed: 5395
Best ratio is 15/1 (15.0), centered at 33
Finding the best star... Star with 2 terminals centered in 36
round took: 1.63846 s
|V| = 5395, |E| = 9291, |R| = 10
>>> get_solution
>>> get_solution
  refine_solution: new weight 2309 (was 2319) in 0.00081 s
  refine_solution: new weight 2309 (was 2309) in 0.000736 s
1,,5395,9291,10,,5395,16403704,,2319,2309,40,40,40,,15,2,@@

  handle_small_Steiner_degrees: steiner 0, suppress 0 in 8e-06 s
Starting round 2
Found 3 isolated vertices
Invalid ratios recomputed: 3821
Best ratio is 28/1 (28.0), centered at 16
Finding the best star... Star with 2 terminals centered in 17
round took: 2.02561 s
|V| = 5395, |E| = 9286, |R| = 9
>>> get_solution
>>> get_solution
  refine_solution: new weight 2298 (was 2308) in 0.000833 s
  refine_solution: new weight 2298 (was 2298) in 0.000738 s
2,,5392,9286,9,,3821,20409433,,2308,2298,68,68,68,,28,2,@@

  handle_small_Steiner_degrees: steiner 0, suppress 0 in 8e-06 s
Starting round 3
Found 7 isolated vertices
Invalid ratios recomputed: 4225
Best ratio is 46/1 (46.0), centered at 2443
Finding the best star... Star with 2 terminals centered in 2552
round took: 2.22406 s
|V| = 5395, |E| = 9279, |R| = 8
>>> get_solution
>>> get_solution
  refine_solution: new weight 2300 (was 2300) in 0.000812 s
3,,5388,9279,8,,4225,22447200,,2300,2300,114,114,114,,46,2,@@

  handle_small_Steiner_degrees: steiner 0, suppress 0 in 8e-06 s
Starting round 4
Found 13 isolated vertices
Invalid ratios recomputed: 5065
Best ratio is 101/1 (101.0), centered at 3493
Finding the best star... Star with 2 terminals centered in 3493
round took: 2.54979 s
|V| = 5395, |E| = 9268, |R| = 7
>>> get_solution
>>> get_solution
  refine_solution: new weight 2300 (was 2300) in 0.000817 s
4,,5382,9268,7,,5065,25697978,,2300,2300,215,215,215,,101,2,@@

  handle_small_Steiner_degrees: steiner 0, suppress 0 in 6e-06 s
Starting round 5
Found 22 isolated vertices
Invalid ratios recomputed: 5145
Best ratio is 153/1 (153.0), centered at 3364
Finding the best star... Star with 2 terminals centered in 3493
round took: 2.83471 s
|V| = 5395, |E| = 9243, |R| = 6
>>> get_solution
>>> get_solution
  refine_solution: new weight 2300 (was 2300) in 0.002044 s
5,,5373,9243,6,,5145,28312599,,2300,2300,368,368,368,,153,2,@@

  handle_small_Steiner_degrees: steiner 0, suppress 0 in 2.1e-05 s
Starting round 6
Found 46 isolated vertices
Invalid ratios recomputed: 5271
Best ratio is 222/1 (222.0), centered at 2541
Finding the best star... Star with 2 terminals centered in 2552
round took: 3.30555 s
|V| = 5395, |E| = 9213, |R| = 5
>>> get_solution
>>> get_solution
  refine_solution: new weight 2288 (was 2288) in 0.000813 s
6,,5349,9213,5,,5271,32430387,,2288,2288,590,590,590,,222,2,@@

  handle_small_Steiner_degrees: steiner 0, suppress 2 in 1.3e-05 s
Starting round 7
Found 75 isolated vertices
Invalid ratios recomputed: 5242
Best ratio is 309/1 (309.0), centered at 17
Finding the best star... Star with 2 terminals centered in 2552
round took: 3.57787 s
|V| = 5395, |E| = 9179, |R| = 4
>>> get_solution
>>> get_solution
  refine_solution: new weight 2283 (was 2283) in 0.000826 s
7,,5320,9179,4,,5242,36096219,,2283,2283,899,899,899,,309,2,@@

  handle_small_Steiner_degrees: steiner 0, suppress 3 in 1.2e-05 s
Starting round 8
Found 103 isolated vertices
Invalid ratios recomputed: 5232
Best ratio is 336/1 (336.0), centered at 24
Finding the best star... Star with 2 terminals centered in 80
round took: 3.90596 s
|V| = 5395, |E| = 9118, |R| = 3
>>> get_solution
>>> get_solution
  refine_solution: new weight 2283 (was 2283) in 0.000832 s
8,,5292,9118,3,,5232,39974972,,2283,2283,1235,1235,1235,,336,2,@@

  handle_small_Steiner_degrees: steiner 0, suppress 7 in 1.2e-05 s
Starting round 9
Found 158 isolated vertices
Invalid ratios recomputed: 5237
Best ratio is 466/1 (466.0), centered at 9
Finding the best star... Star with 2 terminals centered in 80
round took: 3.91874 s
|V| = 5395, |E| = 9032, |R| = 2
>>> get_solution
>>> get_solution
  refine_solution: new weight 2283 (was 2283) in 0.000841 s
9,,5237,9032,2,,5237,40372885,,2283,2283,1701,1701,1701,,466,2,@@

  handle_small_Steiner_degrees: steiner 0, suppress 8 in 1.8e-05 s
Starting round 10
Found 233 isolated vertices
Invalid ratios recomputed: 5162
Best ratio is 582/1 (582.0), centered at 80
Finding the best star... Star with 2 terminals centered in 80
round took: 3.57782 s
|V| = 5395, |E| = 8935, |R| = 1
>>> get_solution
>>> get_solution
  refine_solution: new weight 2283 (was 2283) in 0.000828 s
10,,5162,8935,1,,5162,36990378,,2283,2283,2283,2283,2283,,582,2,@@

  handle_small_Steiner_degrees: steiner 0, suppress 5 in 2.9e-05 s
contract_till_the_bitter_end: 29.6095 s

Calling end_heu
>>> get_solution
Saved weight 25
end_heu: 0 loops with 0 unique solutions in 8.2e-05 s

Calling print_solution
>>> get_solution
  refine_solution: new weight 2283 (was 2283) in 0.00092 s
## FINAL WEIGHT 2283
print_solution: 0.00232 s
