Version: final-96-g3f4a746 add measure_work.sh
Random seed: 1555584235
Start
>>> save_orig_graph
>> Saved weight 0
Graph loaded
|V| = 513, |E| = 2304, |R| = 256
First clearance of the input. Calling buy_zero and run_all_heuristics.
  buy_zero: 0 zero edges in 5e-06 s
  handle_small_terminal_degrees: terms 0 in 1e-06 s
  handle_small_Steiner_degrees: steiner 0, suppress 0 in 3e-06 s
  shortest_edge_between_terminals: 0 edges in 1.7e-05 s
Compressed graph 513 -> 512
  delete_edges: deleted 0 edges in 0.000372 s and 1 rounds
  handle_small_terminal_degrees: terms 0 in 1e-06 s
  handle_small_Steiner_degrees: steiner 0, suppress 0 in 3e-06 s
  shortest_edge_between_terminals: 0 edges in 1.5e-05 s
Compressed graph 512 -> 512
  delete_edges_shortest_path: deleted 0 edges in 0.005699 s
  handle_small_terminal_degrees: terms 0 in 1e-06 s
  handle_small_Steiner_degrees: steiner 0, suppress 0 in 2e-06 s
  shortest_edge_between_terminals: 0 edges in 1.3e-05 s
Compressed graph 512 -> 512
  handle_small_terminal_degrees: terms 0 in 1e-06 s
  handle_small_Steiner_degrees: steiner 0, suppress 0 in 2e-06 s
  shortest_edge_between_terminals: 0 edges in 1.5e-05 s
Compressed graph 512 -> 512
  delete_edges_shortest_path: deleted 0 edges in 0.004396 s
  handle_small_terminal_degrees: terms 0 in 1e-06 s
  handle_small_Steiner_degrees: steiner 0, suppress 0 in 1e-06 s
  shortest_edge_between_terminals: 0 edges in 1e-05 s
Compressed graph 512 -> 512
Compressed graph 512 -> 512
>>> save_orig_graph
>> Saved weight 0
### ZEL_LVL=0 PRECISE_STARS=0

Calling `contract_till_the_bitter_end`
|V| = 512, |E| = 2304, |R| = 256
>>> get_solution
>>> get_solution
  refine_solution: new weight 34716 (was 40359) in 0.000858 s
  refine_solution: new weight 34716 (was 34716) in 0.000776 s
0,,512,2304,256,,0,0,,40359,34716,0,0,0,,0,0,@@

  delete_edges: deleted 0 edges in 0.000171 s and 1 rounds
  handle_small_Steiner_degrees: steiner 0, suppress 0 in 2e-06 s
Starting round 1
Found 0 isolated vertices
Invalid ratios recomputed: 512
Best ratio is 921/8 (115.1), centered at 25
Finding the best star... Star with 9 terminals centered in 281
round took: 0.003569 s
|V| = 512, |E| = 2259, |R| = 248
>>> get_solution
>>> get_solution
  refine_solution: new weight 34527 (was 40268) in 0.000817 s
  refine_solution: new weight 34527 (was 34527) in 0.000761 s
1,,512,2259,248,,512,6083,,40268,34527,921,921,921,,921,9,@@

  handle_small_Steiner_degrees: steiner 0, suppress 0 in 2e-06 s
Starting round 2
Found 9 isolated vertices
Invalid ratios recomputed: 46
Best ratio is 921/8 (115.1), centered at 236
Finding the best star... Star with 9 terminals centered in 237
round took: 0.000677 s
|V| = 512, |E| = 2214, |R| = 240
>>> get_solution
>>> get_solution
  refine_solution: new weight 34055 (was 40281) in 0.000809 s
  refine_solution: new weight 34055 (was 34055) in 0.000757 s
2,,503,2214,240,,46,527,,40281,34055,1842,1842,1842,,921,9,@@

  handle_small_Steiner_degrees: steiner 0, suppress 0 in 3e-06 s
Starting round 3
Found 18 isolated vertices
Invalid ratios recomputed: 46
Best ratio is 925/8 (115.6), centered at 336
Finding the best star... Star with 9 terminals centered in 368
round took: 0.000667 s
|V| = 512, |E| = 2169, |R| = 232
>>> get_solution
>>> get_solution
  refine_solution: new weight 33748 (was 39995) in 0.00081 s
  refine_solution: new weight 33748 (was 33748) in 0.000756 s
3,,494,2169,232,,46,533,,39995,33748,2767,2767,2767,,925,9,@@

  handle_small_Steiner_degrees: steiner 0, suppress 0 in 2e-06 s
Starting round 4
Found 27 isolated vertices
Invalid ratios recomputed: 52
Best ratio is 925/8 (115.6), centered at 454
Finding the best star... Star with 9 terminals centered in 470
round took: 0.000727 s
|V| = 512, |E| = 2124, |R| = 224
>>> get_solution
>>> get_solution
  refine_solution: new weight 33559 (was 39910) in 0.000819 s
  refine_solution: new weight 33559 (was 33559) in 0.000756 s
4,,485,2124,224,,52,634,,39910,33559,3692,3692,3692,,925,9,@@

  handle_small_Steiner_degrees: steiner 0, suppress 0 in 3e-06 s
Starting round 5
Found 36 isolated vertices
Invalid ratios recomputed: 49
Best ratio is 926/8 (115.8), centered at 301
Finding the best star... Star with 9 terminals centered in 365
round took: 0.000712 s
|V| = 512, |E| = 2079, |R| = 216
>>> get_solution
>>> get_solution
  refine_solution: new weight 33480 (was 39826) in 0.000852 s
  refine_solution: new weight 33480 (was 33480) in 0.000755 s
5,,476,2079,216,,49,557,,39826,33480,4618,4618,4618,,926,9,@@

  handle_small_Steiner_degrees: steiner 0, suppress 0 in 3e-06 s
Starting round 6
Found 45 isolated vertices
Invalid ratios recomputed: 47
Best ratio is 928/8 (116.0), centered at 151
Finding the best star... Star with 9 terminals centered in 159
round took: 0.000672 s
|V| = 512, |E| = 2034, |R| = 208
>>> get_solution
>>> get_solution
  refine_solution: new weight 33390 (was 39844) in 0.000806 s
  refine_solution: new weight 33390 (was 33390) in 0.000768 s
6,,467,2034,208,,47,531,,39844,33390,5546,5546,5546,,928,9,@@

  handle_small_Steiner_degrees: steiner 0, suppress 0 in 3e-06 s
Starting round 7
Found 54 isolated vertices
Invalid ratios recomputed: 47
Best ratio is 929/8 (116.1), centered at 242
Finding the best star... Star with 9 terminals centered in 498
round took: 0.00068 s
|V| = 512, |E| = 1989, |R| = 200
>>> get_solution
>>> get_solution
  refine_solution: new weight 33389 (was 39660) in 0.000806 s
  refine_solution: new weight 33389 (was 33389) in 0.000756 s
7,,458,1989,200,,47,524,,39660,33389,6475,6475,6475,,929,9,@@

  handle_small_Steiner_degrees: steiner 0, suppress 0 in 2e-06 s
Starting round 8
Found 63 isolated vertices
Invalid ratios recomputed: 48
Best ratio is 929/8 (116.1), centered at 362
Finding the best star... Star with 9 terminals centered in 366
round took: 0.000721 s
|V| = 512, |E| = 1944, |R| = 192
>>> get_solution
>>> get_solution
  refine_solution: new weight 33036 (was 39477) in 0.000804 s
  refine_solution: new weight 33036 (was 33036) in 0.000754 s
8,,449,1944,192,,48,558,,39477,33036,7404,7404,7404,,929,9,@@

  handle_small_Steiner_degrees: steiner 0, suppress 0 in 3e-06 s
Starting round 9
Found 72 isolated vertices
Invalid ratios recomputed: 48
Best ratio is 930/8 (116.2), centered at 128
Finding the best star... Star with 9 terminals centered in 136
round took: 0.000697 s
|V| = 512, |E| = 1899, |R| = 184
>>> get_solution
>>> get_solution
  refine_solution: new weight 33411 (was 39098) in 0.000808 s
  refine_solution: new weight 33411 (was 33411) in 0.000756 s
9,,440,1899,184,,48,553,,39098,33411,8334,8334,8334,,930,9,@@

  handle_small_Steiner_degrees: steiner 0, suppress 0 in 3e-06 s
Starting round 10
Found 81 isolated vertices
Invalid ratios recomputed: 47
Best ratio is 931/8 (116.4), centered at 127
Finding the best star... Star with 9 terminals centered in 255
round took: 0.000698 s
|V| = 512, |E| = 1854, |R| = 176
>>> get_solution
>>> get_solution
  refine_solution: new weight 33339 (was 39014) in 0.000805 s
  refine_solution: new weight 33339 (was 33339) in 0.000753 s
10,,431,1854,176,,47,533,,39014,33339,9265,9265,9265,,931,9,@@

  handle_small_Steiner_degrees: steiner 0, suppress 0 in 2e-06 s
Starting round 11
Found 90 isolated vertices
Invalid ratios recomputed: 43
Best ratio is 931/8 (116.4), centered at 410
Finding the best star... Star with 9 terminals centered in 414
round took: 0.000649 s
|V| = 512, |E| = 1809, |R| = 168
>>> get_solution
>>> get_solution
  refine_solution: new weight 33069 (was 38533) in 0.000824 s
  refine_solution: new weight 33069 (was 33069) in 0.000753 s
11,,422,1809,168,,43,455,,38533,33069,10196,10196,10196,,931,9,@@

  handle_small_Steiner_degrees: steiner 0, suppress 0 in 2e-06 s
Starting round 12
Found 99 isolated vertices
Invalid ratios recomputed: 45
Best ratio is 933/8 (116.6), centered at 501
Finding the best star... Star with 9 terminals centered in 503
round took: 0.000663 s
|V| = 512, |E| = 1764, |R| = 160
>>> get_solution
>>> get_solution
  refine_solution: new weight 33358 (was 38245) in 0.000803 s
  refine_solution: new weight 33358 (was 33358) in 0.000767 s
12,,413,1764,160,,45,476,,38245,33358,11129,11129,11129,,933,9,@@

  handle_small_Steiner_degrees: steiner 0, suppress 0 in 2e-06 s
Starting round 13
Found 108 isolated vertices
Invalid ratios recomputed: 44
Best ratio is 936/8 (117.0), centered at 52
Finding the best star... Star with 9 terminals centered in 308
round took: 0.000665 s
|V| = 512, |E| = 1719, |R| = 152
>>> get_solution
>>> get_solution
  refine_solution: new weight 33471 (was 37964) in 0.000801 s
  refine_solution: new weight 33469 (was 33471) in 0.000755 s
  refine_solution: new weight 33469 (was 33469) in 0.000754 s
13,,404,1719,152,,44,461,,37964,33469,12065,12065,12065,,936,9,@@

  handle_small_Steiner_degrees: steiner 0, suppress 0 in 2e-06 s
Starting round 14
Found 117 isolated vertices
Invalid ratios recomputed: 44
Best ratio is 819/7 (117.0), centered at 463
Finding the best star... Star with 8 terminals centered in 479
round took: 0.000662 s
|V| = 512, |E| = 1676, |R| = 145
>>> get_solution
>>> get_solution
  refine_solution: new weight 33298 (was 37576) in 0.000804 s
  refine_solution: new weight 33296 (was 33298) in 0.00076 s
  refine_solution: new weight 33296 (was 33296) in 0.000745 s
14,,395,1676,145,,44,504,,37576,33296,12884,12884,12884,,819,8,@@

  handle_small_Steiner_degrees: steiner 0, suppress 0 in 3e-06 s
Starting round 15
Found 125 isolated vertices
Invalid ratios recomputed: 70
Best ratio is 937/8 (117.1), centered at 67
Finding the best star... Star with 9 terminals centered in 323
round took: 0.000959 s
|V| = 512, |E| = 1631, |R| = 137
>>> get_solution
>>> get_solution
  refine_solution: new weight 33224 (was 37400) in 0.000806 s
  refine_solution: new weight 33224 (was 33224) in 0.000767 s
15,,387,1631,137,,70,743,,37400,33224,13821,13821,13821,,937,9,@@

  handle_small_Steiner_degrees: steiner 0, suppress 0 in 2e-06 s
Starting round 16
Found 134 isolated vertices
Invalid ratios recomputed: 44
Best ratio is 820/7 (117.1), centered at 220
Finding the best star... Star with 8 terminals centered in 221
round took: 0.000677 s
|V| = 512, |E| = 1588, |R| = 130
>>> get_solution
>>> get_solution
  refine_solution: new weight 33243 (was 37309) in 0.000804 s
  refine_solution: new weight 33243 (was 33243) in 0.000749 s
16,,378,1588,130,,44,527,,37309,33243,14641,14641,14641,,820,8,@@

  delete_edges: deleted 0 edges in 0.000311 s and 1 rounds
  handle_small_Steiner_degrees: steiner 0, suppress 0 in 2e-06 s
Starting round 17
Found 142 isolated vertices
Invalid ratios recomputed: 61
Best ratio is 940/8 (117.5), centered at 14
Finding the best star... Star with 9 terminals centered in 15
round took: 0.000889 s
|V| = 512, |E| = 1543, |R| = 122
>>> get_solution
>>> get_solution
  refine_solution: new weight 33213 (was 36535) in 0.000803 s
  refine_solution: new weight 33213 (was 33213) in 0.00075 s
17,,370,1543,122,,61,594,,36535,33213,15581,15581,15581,,940,9,@@

  handle_small_Steiner_degrees: steiner 0, suppress 0 in 2e-06 s
Starting round 18
Found 151 isolated vertices
Invalid ratios recomputed: 38
Best ratio is 823/7 (117.6), centered at 295
Finding the best star... Star with 8 terminals centered in 311
round took: 0.000632 s
|V| = 512, |E| = 1500, |R| = 115
>>> get_solution
>>> get_solution
  refine_solution: new weight 33598 (was 36449) in 0.0008 s
  refine_solution: new weight 33598 (was 33598) in 0.000747 s
18,,361,1500,115,,38,371,,36449,33598,16404,16404,16404,,823,8,@@

  handle_small_Steiner_degrees: steiner 0, suppress 0 in 2e-06 s
Starting round 19
Found 159 isolated vertices
Invalid ratios recomputed: 69
Best ratio is 944/8 (118.0), centered at 171
Finding the best star... Star with 9 terminals centered in 187
round took: 0.000961 s
|V| = 512, |E| = 1455, |R| = 107
>>> get_solution
>>> get_solution
  refine_solution: new weight 33059 (was 36280) in 0.000805 s
  refine_solution: new weight 33059 (was 33059) in 0.00075 s
19,,353,1455,107,,69,715,,36280,33059,17348,17348,17348,,944,9,@@

  handle_small_Steiner_degrees: steiner 0, suppress 0 in 1e-06 s
Starting round 20
Found 168 isolated vertices
Invalid ratios recomputed: 40
Best ratio is 833/7 (119.0), centered at 457
Finding the best star... Star with 8 terminals centered in 473
round took: 0.000658 s
|V| = 512, |E| = 1411, |R| = 100
>>> get_solution
>>> get_solution
  refine_solution: new weight 32956 (was 35908) in 0.000809 s
  refine_solution: new weight 32956 (was 32956) in 0.00075 s
20,,344,1411,100,,40,397,,35908,32956,18181,18181,18181,,833,8,@@

  handle_small_Steiner_degrees: steiner 0, suppress 0 in 1e-06 s
Starting round 21
Found 176 isolated vertices
Invalid ratios recomputed: 88
Best ratio is 834/7 (119.1), centered at 416
Finding the best star... Star with 8 terminals centered in 480
round took: 0.001286 s
|V| = 512, |E| = 1368, |R| = 93
>>> get_solution
>>> get_solution
  refine_solution: new weight 32852 (was 35529) in 0.000817 s
  refine_solution: new weight 32651 (was 32852) in 0.000756 s
  refine_solution: new weight 32651 (was 32651) in 0.000748 s
21,,336,1368,93,,88,868,,35529,32651,19015,19015,19015,,834,8,@@

  handle_small_Steiner_degrees: steiner 0, suppress 0 in 1e-06 s
Starting round 22
Found 184 isolated vertices
Invalid ratios recomputed: 68
Best ratio is 716/6 (119.3), centered at 412
Finding the best star... Star with 7 terminals centered in 413
round took: 0.001027 s
|V| = 512, |E| = 1325, |R| = 87
>>> get_solution
>>> get_solution
  refine_solution: new weight 32976 (was 35438) in 0.000821 s
  refine_solution: new weight 32869 (was 32976) in 0.000752 s
  refine_solution: new weight 32869 (was 32869) in 0.000747 s
22,,328,1325,87,,68,683,,35438,32869,19731,19731,19731,,716,7,@@

  handle_small_Steiner_degrees: steiner 0, suppress 0 in 2e-06 s
Starting round 23
Found 191 isolated vertices
Invalid ratios recomputed: 104
Best ratio is 836/7 (119.4), centered at 69
Finding the best star... Star with 8 terminals centered in 77
round took: 0.001613 s
|V| = 512, |E| = 1282, |R| = 80
>>> get_solution
>>> get_solution
  refine_solution: new weight 32711 (was 35261) in 0.000808 s
  refine_solution: new weight 32606 (was 32711) in 0.000752 s
  refine_solution: new weight 32606 (was 32606) in 0.000746 s
23,,321,1282,80,,104,995,,35261,32606,20567,20567,20567,,836,8,@@

  handle_small_Steiner_degrees: steiner 0, suppress 0 in 2e-06 s
Starting round 24
Found 199 isolated vertices
Invalid ratios recomputed: 65
Best ratio is 720/6 (120.0), centered at 104
Finding the best star... Star with 7 terminals centered in 120
round took: 0.001059 s
|V| = 512, |E| = 1233, |R| = 74
>>> get_solution
>>> get_solution
  refine_solution: new weight 32640 (was 34879) in 0.000811 s
  refine_solution: new weight 32526 (was 32640) in 0.000755 s
  refine_solution: new weight 32526 (was 32526) in 0.000749 s
24,,313,1233,74,,65,703,,34879,32526,21287,21287,21287,,720,7,@@

  handle_small_Steiner_degrees: steiner 0, suppress 0 in 2e-06 s
Starting round 25
Found 206 isolated vertices
Invalid ratios recomputed: 148
Best ratio is 724/6 (120.7), centered at 379
Finding the best star... Star with 7 terminals centered in 507
round took: 0.002494 s
|V| = 512, |E| = 1179, |R| = 68
>>> get_solution
>>> get_solution
  refine_solution: new weight 32658 (was 34696) in 0.000812 s
  refine_solution: new weight 32644 (was 32658) in 0.000765 s
  refine_solution: new weight 32644 (was 32644) in 0.000749 s
25,,306,1179,68,,148,1530,,34696,32644,22011,22011,22011,,724,7,@@

  handle_small_Steiner_degrees: steiner 0, suppress 0 in 1e-06 s
Starting round 26
Found 213 isolated vertices
Invalid ratios recomputed: 181
Best ratio is 725/6 (120.8), centered at 241
Finding the best star... Star with 7 terminals centered in 249
round took: 0.003156 s
|V| = 512, |E| = 1137, |R| = 62
>>> get_solution
>>> get_solution
  refine_solution: new weight 32635 (was 34112) in 0.000808 s
  refine_solution: new weight 32536 (was 32635) in 0.000749 s
  refine_solution: new weight 32536 (was 32536) in 0.000743 s
26,,299,1137,62,,181,1855,,34112,32536,22736,22736,22736,,725,7,@@

  handle_small_Steiner_degrees: steiner 0, suppress 0 in 1e-06 s
Starting round 27
Found 220 isolated vertices
Invalid ratios recomputed: 79
Best ratio is 727/6 (121.2), centered at 279
Finding the best star... Star with 7 terminals centered in 343
round took: 0.00148 s
|V| = 512, |E| = 1094, |R| = 56
>>> get_solution
>>> get_solution
  refine_solution: new weight 32844 (was 33835) in 0.000808 s
  refine_solution: new weight 32844 (was 32844) in 0.000747 s
27,,292,1094,56,,79,792,,33835,32844,23463,23463,23463,,727,7,@@

  handle_small_Steiner_degrees: steiner 0, suppress 0 in 1e-06 s
Starting round 28
Found 227 isolated vertices
Invalid ratios recomputed: 107
Best ratio is 738/6 (123.0), centered at 446
Finding the best star... Star with 7 terminals centered in 510
round took: 0.001969 s
|V| = 512, |E| = 1045, |R| = 50
>>> get_solution
>>> get_solution
  refine_solution: new weight 32673 (was 33565) in 0.000808 s
  refine_solution: new weight 32673 (was 32673) in 0.000751 s
28,,285,1045,50,,107,1162,,33565,32673,24201,24201,24201,,738,7,@@

  handle_small_Steiner_degrees: steiner 0, suppress 3 in 9e-06 s
Starting round 29
Found 237 isolated vertices
Invalid ratios recomputed: 178
Best ratio is 739/6 (123.2), centered at 50
Finding the best star... Star with 7 terminals centered in 51
round took: 0.003293 s
|V| = 512, |E| = 994, |R| = 44
>>> get_solution
>>> get_solution
  refine_solution: new weight 32688 (was 33196) in 0.000829 s
  refine_solution: new weight 32688 (was 32688) in 0.000751 s
29,,275,994,44,,178,1832,,33196,32688,24940,24940,24940,,739,7,@@

  handle_small_Steiner_degrees: steiner 0, suppress 1 in 5e-06 s
Starting round 30
Found 245 isolated vertices
Invalid ratios recomputed: 115
Best ratio is 620/5 (124.0), centered at 230
Finding the best star... Star with 6 terminals centered in 231
round took: 0.002241 s
|V| = 512, |E| = 839, |R| = 39
>>> get_solution
>>> get_solution
  refine_solution: new weight 32902 (was 33115) in 0.00081 s
  refine_solution: new weight 32902 (was 32902) in 0.000751 s
30,,267,839,39,,115,1134,,33115,32902,25560,25560,25560,,620,6,@@

  handle_small_Steiner_degrees: steiner 1, suppress 30 in 5.2e-05 s
Starting round 31
Found 282 isolated vertices
Invalid ratios recomputed: 205
Best ratio is 620/5 (124.0), centered at 259
Finding the best star... Star with 6 terminals centered in 267
round took: 0.003697 s
|V| = 512, |E| = 739, |R| = 34
>>> get_solution
>>> get_solution
  refine_solution: new weight 32407 (was 32629) in 0.000818 s
  refine_solution: new weight 32407 (was 32407) in 0.000749 s
31,,230,739,34,,205,1822,,32629,32407,26180,26180,26180,,620,6,@@

  handle_small_Steiner_degrees: steiner 0, suppress 7 in 1.5e-05 s
Starting round 32
Found 295 isolated vertices
Invalid ratios recomputed: 125
Best ratio is 625/5 (125.0), centered at 173
Finding the best star... Star with 6 terminals centered in 187
round took: 0.00233 s
|V| = 512, |E| = 557, |R| = 29
>>> get_solution
>>> get_solution
  refine_solution: new weight 31928 (was 32247) in 0.000816 s
  refine_solution: new weight 31928 (was 31928) in 0.000759 s
32,,217,557,29,,125,1143,,32247,31928,26805,26805,26805,,625,6,@@

  delete_edges: deleted 11 edges in 0.002066 s and 11 rounds
  handle_small_Steiner_degrees: steiner 9, suppress 55 in 6e-05 s
Starting round 33
Found 365 isolated vertices
Invalid ratios recomputed: 142
Best ratio is 630/5 (126.0), centered at 348
Finding the best star... Star with 6 terminals centered in 380
round took: 0.001868 s
|V| = 512, |E| = 378, |R| = 24
>>> get_solution
>>> get_solution
  refine_solution: new weight 32043 (was 32069) in 0.000814 s
  refine_solution: new weight 32043 (was 32043) in 0.000747 s
33,,147,378,24,,142,1121,,32069,32043,27435,27435,27435,,630,6,@@

  handle_small_Steiner_degrees: steiner 4, suppress 23 in 2.8e-05 s
Starting round 34
Found 398 isolated vertices
Invalid ratios recomputed: 111
Best ratio is 630/5 (126.0), centered at 433
Finding the best star... Star with 6 terminals centered in 435
round took: 0.001251 s
|V| = 512, |E| = 256, |R| = 19
>>> get_solution
>>> get_solution
  refine_solution: new weight 31463 (was 31588) in 0.000806 s
  refine_solution: new weight 31463 (was 31463) in 0.000748 s
34,,114,256,19,,111,857,,31588,31463,28065,28065,28065,,630,6,@@

  handle_small_Steiner_degrees: steiner 5, suppress 29 in 2.3e-05 s
Starting round 35
Found 438 isolated vertices
Invalid ratios recomputed: 74
Best ratio is 406/3 (135.3), centered at 91
Finding the best star... Star with 4 terminals centered in 219
round took: 0.000633 s
|V| = 512, |E| = 156, |R| = 16
>>> get_solution
>>> get_solution
  refine_solution: new weight 31462 (was 31492) in 0.000809 s
  refine_solution: new weight 31462 (was 31462) in 0.000746 s
35,,74,156,16,,74,529,,31492,31462,28471,28471,28471,,406,4,@@

  handle_small_Steiner_degrees: steiner 3, suppress 17 in 9e-06 s
Starting round 36
Found 462 isolated vertices
Invalid ratios recomputed: 50
Best ratio is 421/3 (140.3), centered at 268
Finding the best star... Star with 4 terminals centered in 15
round took: 0.000372 s
|V| = 512, |E| = 90, |R| = 13
>>> get_solution
>>> get_solution
  refine_solution: new weight 31278 (was 31310) in 0.000796 s
  refine_solution: new weight 31278 (was 31278) in 0.000742 s
36,,50,90,13,,50,333,,31310,31278,28892,28892,28892,,421,4,@@

  handle_small_Steiner_degrees: steiner 5, suppress 12 in 7e-06 s
Starting round 37
Found 483 isolated vertices
Invalid ratios recomputed: 29
Best ratio is 425/3 (141.7), centered at 440
Finding the best star... Star with 4 terminals centered in 504
round took: 0.000201 s
|V| = 512, |E| = 48, |R| = 10
>>> get_solution
>>> get_solution
  refine_solution: new weight 31096 (was 31129) in 0.000792 s
  refine_solution: new weight 31096 (was 31096) in 0.000739 s
37,,29,48,10,,29,177,,31129,31096,29317,29317,29317,,425,4,@@

  handle_small_Steiner_degrees: steiner 3, suppress 0 in 2e-06 s
Starting round 38
Found 490 isolated vertices
Invalid ratios recomputed: 22
Best ratio is 308/2 (154.0), centered at 451
Finding the best star... Star with 3 terminals centered in 483
round took: 0.000157 s
|V| = 512, |E| = 36, |R| = 8
>>> get_solution
>>> get_solution
  refine_solution: new weight 30998 (was 31033) in 0.000792 s
  refine_solution: new weight 30998 (was 30998) in 0.00074 s
38,,22,36,8,,22,133,,31033,30998,29625,29625,29625,,308,3,@@

  handle_small_Steiner_degrees: steiner 1, suppress 2 in 2e-06 s
Starting round 39
Found 496 isolated vertices
Invalid ratios recomputed: 16
Best ratio is 309/2 (154.5), centered at 118
Finding the best star... Star with 3 terminals centered in 374
round took: 0.000138 s
|V| = 512, |E| = 22, |R| = 6
>>> get_solution
>>> get_solution
  refine_solution: new weight 30895 (was 30940) in 0.000796 s
  refine_solution: new weight 30895 (was 30895) in 0.000744 s
39,,16,22,6,,16,95,,30940,30895,29934,29934,29934,,309,3,@@

  handle_small_Steiner_degrees: steiner 1, suppress 2 in 2e-06 s
Starting round 40
Found 502 isolated vertices
Invalid ratios recomputed: 10
Best ratio is 309/2 (154.5), centered at 352
Finding the best star... Star with 3 terminals centered in 356
round took: 9.2e-05 s
|V| = 512, |E| = 8, |R| = 4
>>> get_solution
>>> get_solution
  refine_solution: new weight 30790 (was 30844) in 0.000795 s
  refine_solution: new weight 30790 (was 30790) in 0.000753 s
40,,10,8,4,,10,56,,30844,30790,30243,30243,30243,,309,3,@@

  handle_small_Steiner_degrees: steiner 1, suppress 2 in 2e-06 s
Starting round 41
Found 508 isolated vertices
Invalid ratios recomputed: 4
Best ratio is 400/2 (200.0), centered at 356
Finding the best star... Star with 3 terminals centered in 202
round took: 6e-05 s
|V| = 512, |E| = 1, |R| = 2
>>> get_solution
>>> get_solution
  refine_solution: new weight 30790 (was 30844) in 0.000791 s
  refine_solution: new weight 30790 (was 30790) in 0.000742 s
41,,4,1,2,,4,17,,30844,30790,30643,30643,30643,,400,3,@@

  handle_small_Steiner_degrees: steiner 0, suppress 0 in 1e-06 s
Starting round 42
Found 510 isolated vertices
Invalid ratios recomputed: 2
Best ratio is 201/1 (201.0), centered at 33
Finding the best star... Star with 2 terminals centered in 202
round took: 3.8e-05 s
|V| = 512, |E| = 0, |R| = 1
>>> get_solution
>>> get_solution
  refine_solution: new weight 30790 (was 30844) in 0.000788 s
  refine_solution: new weight 30790 (was 30790) in 0.000749 s
42,,2,0,1,,2,6,,30844,30790,30844,30844,30844,,201,2,@@

  handle_small_Steiner_degrees: steiner 0, suppress 0 in 1e-06 s
contract_till_the_bitter_end: 0.16295 s

Calling end_heu
>>> get_solution
Saved weight 0
end_heu: 0 loops with 0 unique solutions in 7.1e-05 s

Calling print_solution
>>> get_solution
  refine_solution: new weight 30790 (was 30844) in 0.000781 s
Oops orig weight was 30844 but we got 30790
## FINAL WEIGHT 30790
print_solution: 0.001165 s
