Version: final-96-g3f4a746 add measure_work.sh
Random seed: 1555583560
Start
>>> save_orig_graph
>> Saved weight 0
Graph loaded
|V| = 513, |E| = 2304, |R| = 64
First clearance of the input. Calling buy_zero and run_all_heuristics.
  buy_zero: 0 zero edges in 5e-06 s
  handle_small_terminal_degrees: terms 0 in 1e-06 s
  handle_small_Steiner_degrees: steiner 0, suppress 0 in 3e-06 s
  shortest_edge_between_terminals: 0 edges in 6e-06 s
Compressed graph 513 -> 512
  delete_edges: deleted 0 edges in 0.000407 s and 1 rounds
  handle_small_terminal_degrees: terms 0 in 1e-06 s
  handle_small_Steiner_degrees: steiner 0, suppress 0 in 3e-06 s
  shortest_edge_between_terminals: 0 edges in 5e-06 s
Compressed graph 512 -> 512
  delete_edges_shortest_path: deleted 0 edges in 0.007073 s
  handle_small_terminal_degrees: terms 0 in 1e-06 s
  handle_small_Steiner_degrees: steiner 0, suppress 0 in 2e-06 s
  shortest_edge_between_terminals: 0 edges in 4e-06 s
Compressed graph 512 -> 512
  handle_small_terminal_degrees: terms 0 in 1e-06 s
  handle_small_Steiner_degrees: steiner 0, suppress 0 in 2e-06 s
  shortest_edge_between_terminals: 0 edges in 4e-06 s
Compressed graph 512 -> 512
  delete_edges_shortest_path: deleted 0 edges in 0.004707 s
  handle_small_terminal_degrees: terms 0 in 1e-06 s
  handle_small_Steiner_degrees: steiner 0, suppress 0 in 1e-06 s
  shortest_edge_between_terminals: 0 edges in 3e-06 s
Compressed graph 512 -> 512
Compressed graph 512 -> 512
>>> save_orig_graph
>> Saved weight 0
### ZEL_LVL=0 PRECISE_STARS=0

Calling `contract_till_the_bitter_end`
|V| = 512, |E| = 2304, |R| = 64
>>> get_solution
>>> get_solution
  refine_solution: new weight 21948 (was 24696) in 0.000534 s
  refine_solution: new weight 21313 (was 21948) in 0.000524 s
  refine_solution: new weight 20720 (was 21313) in 0.000546 s
  refine_solution: new weight 20425 (was 20720) in 0.000542 s
  refine_solution: new weight 20425 (was 20425) in 0.000554 s
0,,512,2304,64,,0,0,,24696,20425,0,0,0,,0,0,@@

  delete_edges: deleted 0 edges in 0.000172 s and 1 rounds
  handle_small_Steiner_degrees: steiner 0, suppress 0 in 1e-06 s
Starting round 1
Found 0 isolated vertices
Invalid ratios recomputed: 512
Best ratio is 301/1 (301.0), centered at 92
Finding the best star... Star with 2 terminals centered in 92
round took: 0.012827 s
|V| = 512, |E| = 2303, |R| = 63
>>> get_solution
>>> get_solution
  refine_solution: new weight 21948 (was 24696) in 0.000519 s
  refine_solution: new weight 21313 (was 21948) in 0.000519 s
  refine_solution: new weight 20720 (was 21313) in 0.000541 s
  refine_solution: new weight 20425 (was 20720) in 0.000559 s
  refine_solution: new weight 20425 (was 20425) in 0.000533 s
1,,512,2303,63,,512,57036,,24696,20425,301,301,301,,301,2,@@

  handle_small_Steiner_degrees: steiner 0, suppress 0 in 2e-06 s
Starting round 2
Found 1 isolated vertices
Invalid ratios recomputed: 72
Best ratio is 302/1 (302.0), centered at 17
Finding the best star... Star with 2 terminals centered in 17
round took: 0.002055 s
|V| = 512, |E| = 2302, |R| = 62
>>> get_solution
>>> get_solution
  refine_solution: new weight 21948 (was 24696) in 0.000524 s
  refine_solution: new weight 21313 (was 21948) in 0.000519 s
  refine_solution: new weight 20720 (was 21313) in 0.000539 s
  refine_solution: new weight 20425 (was 20720) in 0.000541 s
  refine_solution: new weight 20425 (was 20425) in 0.000531 s
2,,511,2302,62,,72,8471,,24696,20425,603,603,603,,302,2,@@

  handle_small_Steiner_degrees: steiner 0, suppress 0 in 1e-06 s
Starting round 3
Found 2 isolated vertices
Invalid ratios recomputed: 72
Best ratio is 305/1 (305.0), centered at 201
Finding the best star... Star with 2 terminals centered in 201
round took: 0.002064 s
|V| = 512, |E| = 2301, |R| = 61
>>> get_solution
>>> get_solution
  refine_solution: new weight 21948 (was 24696) in 0.00052 s
  refine_solution: new weight 21313 (was 21948) in 0.000518 s
  refine_solution: new weight 20720 (was 21313) in 0.000542 s
  refine_solution: new weight 20425 (was 20720) in 0.000543 s
  refine_solution: new weight 20425 (was 20425) in 0.000545 s
3,,510,2301,61,,72,8504,,24696,20425,908,908,908,,305,2,@@

  handle_small_Steiner_degrees: steiner 0, suppress 0 in 2e-06 s
Starting round 4
Found 3 isolated vertices
Invalid ratios recomputed: 71
Best ratio is 916/3 (305.3), centered at 349
Finding the best star... Star with 4 terminals centered in 92
round took: 0.002132 s
|V| = 512, |E| = 2287, |R| = 58
>>> get_solution
>>> get_solution
  refine_solution: new weight 23364 (was 23894) in 0.000514 s
  refine_solution: new weight 22944 (was 23364) in 0.000508 s
  refine_solution: new weight 22224 (was 22944) in 0.000508 s
  refine_solution: new weight 21617 (was 22224) in 0.000511 s
  refine_solution: new weight 21403 (was 21617) in 0.000527 s
  refine_solution: new weight 21304 (was 21403) in 0.000526 s
  refine_solution: new weight 21304 (was 21304) in 0.000515 s
4,,509,2287,58,,71,8582,,23894,21304,1824,1824,1824,,916,4,@@

  handle_small_Steiner_degrees: steiner 0, suppress 0 in 1e-06 s
Starting round 5
Found 8 isolated vertices
Invalid ratios recomputed: 188
Best ratio is 821/3 (273.7), centered at 268
Finding the best star... Star with 4 terminals centered in 260
round took: 0.005244 s
|V| = 512, |E| = 2272, |R| = 55
>>> get_solution
>>> get_solution
  refine_solution: new weight 22938 (was 23671) in 0.000514 s
  refine_solution: new weight 22220 (was 22938) in 0.000512 s
  refine_solution: new weight 21509 (was 22220) in 0.000516 s
  refine_solution: new weight 20992 (was 21509) in 0.000536 s
  refine_solution: new weight 20704 (was 20992) in 0.000542 s
  refine_solution: new weight 20704 (was 20704) in 0.000539 s
5,,504,2272,55,,188,21568,,23671,20704,2645,2645,2645,,821,4,@@

  handle_small_Steiner_degrees: steiner 0, suppress 0 in 1e-06 s
Starting round 6
Found 13 isolated vertices
Invalid ratios recomputed: 246
Best ratio is 209/1 (209.0), centered at 260
Finding the best star... Star with 2 terminals centered in 260
round took: 0.007051 s
|V| = 512, |E| = 2269, |R| = 54
>>> get_solution
>>> get_solution
  refine_solution: new weight 22938 (was 23671) in 0.000516 s
  refine_solution: new weight 22220 (was 22938) in 0.000513 s
  refine_solution: new weight 21509 (was 22220) in 0.000514 s
  refine_solution: new weight 20992 (was 21509) in 0.000536 s
  refine_solution: new weight 20704 (was 20992) in 0.000542 s
  refine_solution: new weight 20704 (was 20704) in 0.000533 s
6,,499,2269,54,,246,28728,,23671,20704,2854,2854,2854,,209,2,@@

  handle_small_Steiner_degrees: steiner 0, suppress 0 in 2e-06 s
Starting round 7
Found 14 isolated vertices
Invalid ratios recomputed: 246
Best ratio is 911/3 (303.7), centered at 278
Finding the best star... Star with 4 terminals centered in 274
round took: 0.007185 s
|V| = 512, |E| = 2250, |R| = 51
>>> get_solution
>>> get_solution
  refine_solution: new weight 22344 (was 22762) in 0.000551 s
  refine_solution: new weight 21942 (was 22344) in 0.000518 s
  refine_solution: new weight 21344 (was 21942) in 0.000523 s
  refine_solution: new weight 21039 (was 21344) in 0.000534 s
  refine_solution: new weight 21039 (was 21039) in 0.000532 s
7,,498,2250,51,,246,29244,,22762,21039,3765,3765,3765,,911,4,@@

  handle_small_Steiner_degrees: steiner 0, suppress 0 in 2e-06 s
Starting round 8
Found 20 isolated vertices
Invalid ratios recomputed: 315
Best ratio is 204/1 (204.0), centered at 54
Finding the best star... Star with 2 terminals centered in 54
round took: 0.009629 s
|V| = 512, |E| = 2247, |R| = 50
>>> get_solution
>>> get_solution
  refine_solution: new weight 22344 (was 22762) in 0.000535 s
  refine_solution: new weight 21942 (was 22344) in 0.000515 s
  refine_solution: new weight 21344 (was 21942) in 0.000522 s
  refine_solution: new weight 21039 (was 21344) in 0.000533 s
  refine_solution: new weight 21039 (was 21039) in 0.000529 s
8,,492,2247,50,,315,38622,,22762,21039,3969,3969,3969,,204,2,@@

  handle_small_Steiner_degrees: steiner 0, suppress 0 in 1e-06 s
Starting round 9
Found 21 isolated vertices
Invalid ratios recomputed: 314
Best ratio is 207/1 (207.0), centered at 54
Finding the best star... Star with 2 terminals centered in 54
round took: 0.009759 s
|V| = 512, |E| = 2242, |R| = 49
>>> get_solution
>>> get_solution
  refine_solution: new weight 22344 (was 22762) in 0.000535 s
  refine_solution: new weight 21942 (was 22344) in 0.000514 s
  refine_solution: new weight 21344 (was 21942) in 0.000519 s
  refine_solution: new weight 21039 (was 21344) in 0.000537 s
  refine_solution: new weight 21039 (was 21039) in 0.000531 s
9,,491,2242,49,,314,38952,,22762,21039,4176,4176,4176,,207,2,@@

  handle_small_Steiner_degrees: steiner 0, suppress 0 in 2e-06 s
Starting round 10
Found 22 isolated vertices
Invalid ratios recomputed: 313
Best ratio is 303/1 (303.0), centered at 54
Finding the best star... Star with 2 terminals centered in 54
round took: 0.00981 s
|V| = 512, |E| = 2234, |R| = 48
>>> get_solution
>>> get_solution
  refine_solution: new weight 22344 (was 22761) in 0.000541 s
  refine_solution: new weight 21732 (was 22344) in 0.000511 s
  refine_solution: new weight 21432 (was 21732) in 0.000519 s
  refine_solution: new weight 21326 (was 21432) in 0.000519 s
  refine_solution: new weight 21125 (was 21326) in 0.000523 s
  refine_solution: new weight 21125 (was 21125) in 0.00053 s
10,,490,2234,48,,313,39570,,22761,21125,4479,4479,4479,,303,2,@@

  handle_small_Steiner_degrees: steiner 0, suppress 0 in 2e-06 s
Starting round 11
Found 24 isolated vertices
Invalid ratios recomputed: 322
Best ratio is 609/2 (304.5), centered at 406
Finding the best star... Star with 3 terminals centered in 436
round took: 0.010343 s
|V| = 512, |E| = 2217, |R| = 46
>>> get_solution
>>> get_solution
  refine_solution: new weight 22153 (was 22450) in 0.000547 s
  refine_solution: new weight 22153 (was 22153) in 0.000505 s
11,,488,2217,46,,322,41690,,22450,22153,5088,5088,5088,,609,3,@@

  handle_small_Steiner_degrees: steiner 0, suppress 0 in 1e-06 s
Starting round 12
Found 28 isolated vertices
Invalid ratios recomputed: 344
Best ratio is 516/2 (258.0), centered at 468
Finding the best star... Star with 3 terminals centered in 464
round took: 0.011377 s
|V| = 512, |E| = 2205, |R| = 44
>>> get_solution
>>> get_solution
  refine_solution: new weight 22148 (was 22345) in 0.000549 s
  refine_solution: new weight 22148 (was 22148) in 0.000511 s
12,,484,2205,44,,344,46602,,22345,22148,5604,5604,5604,,516,3,@@

  handle_small_Steiner_degrees: steiner 0, suppress 0 in 1e-06 s
Starting round 13
Found 31 isolated vertices
Invalid ratios recomputed: 354
Best ratio is 611/2 (305.5), centered at 12
Finding the best star... Star with 3 terminals centered in 464
round took: 0.011899 s
|V| = 512, |E| = 2190, |R| = 42
>>> get_solution
>>> get_solution
  refine_solution: new weight 22033 (was 22034) in 0.000552 s
  refine_solution: new weight 22033 (was 22033) in 0.000505 s
13,,481,2190,42,,354,49084,,22034,22033,6215,6215,6215,,611,3,@@

  handle_small_Steiner_degrees: steiner 0, suppress 0 in 1e-06 s
Starting round 14
Found 35 isolated vertices
Invalid ratios recomputed: 378
Best ratio is 520/2 (260.0), centered at 132
Finding the best star... Star with 3 terminals centered in 464
round took: 0.013217 s
|V| = 512, |E| = 2175, |R| = 40
>>> get_solution
>>> get_solution
  refine_solution: new weight 21845 (was 21846) in 0.000551 s
  refine_solution: new weight 21845 (was 21845) in 0.000508 s
14,,477,2175,40,,378,55288,,21846,21845,6735,6735,6735,,520,3,@@

  handle_small_Steiner_degrees: steiner 0, suppress 0 in 1e-06 s
Starting round 15
Found 38 isolated vertices
Invalid ratios recomputed: 386
Best ratio is 610/2 (305.0), centered at 136
Finding the best star... Star with 3 terminals centered in 464
round took: 0.013802 s
|V| = 512, |E| = 2159, |R| = 38
>>> get_solution
>>> get_solution
  refine_solution: new weight 21233 (was 21435) in 0.000571 s
  refine_solution: new weight 21233 (was 21233) in 0.000521 s
15,,474,2159,38,,386,58595,,21435,21233,7345,7345,7345,,610,3,@@

  handle_small_Steiner_degrees: steiner 0, suppress 0 in 1e-06 s
Starting round 16
Found 42 isolated vertices
Invalid ratios recomputed: 412
Best ratio is 521/2 (260.5), centered at 232
Finding the best star... Star with 3 terminals centered in 464
round took: 0.01539 s
|V| = 512, |E| = 2148, |R| = 36
>>> get_solution
>>> get_solution
  refine_solution: new weight 21243 (was 21244) in 0.000564 s
  refine_solution: new weight 21243 (was 21243) in 0.000516 s
16,,470,2148,36,,412,66343,,21244,21243,7866,7866,7866,,521,3,@@

  delete_edges: deleted 22 edges in 0.008788 s and 22 rounds
  handle_small_Steiner_degrees: steiner 0, suppress 0 in 2e-06 s
Starting round 17
Found 45 isolated vertices
Invalid ratios recomputed: 426
Best ratio is 834/3 (278.0), centered at 162
Finding the best star... Star with 4 terminals centered in 464
round took: 0.016187 s
|V| = 512, |E| = 2107, |R| = 33
>>> get_solution
>>> get_solution
  refine_solution: new weight 20847 (was 20848) in 0.00057 s
  refine_solution: new weight 20847 (was 20847) in 0.00052 s
17,,467,2107,33,,426,72927,,20848,20847,8700,8700,8700,,834,4,@@

  handle_small_Steiner_degrees: steiner 0, suppress 0 in 1e-06 s
Starting round 18
Found 50 isolated vertices
Invalid ratios recomputed: 430
Best ratio is 607/2 (303.5), centered at 176
Finding the best star... Star with 3 terminals centered in 464
round took: 0.016826 s
|V| = 512, |E| = 2089, |R| = 31
>>> get_solution
>>> get_solution
  refine_solution: new weight 20542 (was 20546) in 0.000569 s
  refine_solution: new weight 20542 (was 20542) in 0.000524 s
18,,462,2089,31,,430,78554,,20546,20542,9307,9307,9307,,607,3,@@

  handle_small_Steiner_degrees: steiner 0, suppress 0 in 1e-06 s
Starting round 19
Found 54 isolated vertices
Invalid ratios recomputed: 429
Best ratio is 520/2 (260.0), centered at 185
Finding the best star... Star with 3 terminals centered in 464
round took: 0.017234 s
|V| = 512, |E| = 2076, |R| = 29
>>> get_solution
>>> get_solution
  refine_solution: new weight 20441 (was 20445) in 0.00057 s
  refine_solution: new weight 20441 (was 20441) in 0.000529 s
19,,458,2076,29,,429,84180,,20445,20441,9827,9827,9827,,520,3,@@

  handle_small_Steiner_degrees: steiner 0, suppress 0 in 1e-06 s
Starting round 20
Found 57 isolated vertices
Invalid ratios recomputed: 429
Best ratio is 611/2 (305.5), centered at 417
Finding the best star... Star with 3 terminals centered in 464
round took: 0.017728 s
|V| = 512, |E| = 2062, |R| = 27
>>> get_solution
>>> get_solution
  refine_solution: new weight 20022 (was 20030) in 0.000577 s
  refine_solution: new weight 20022 (was 20022) in 0.000532 s
20,,455,2062,27,,429,90159,,20030,20022,10438,10438,10438,,611,3,@@

  handle_small_Steiner_degrees: steiner 0, suppress 0 in 1e-06 s
Starting round 21
Found 61 isolated vertices
Invalid ratios recomputed: 432
Best ratio is 608/2 (304.0), centered at 481
Finding the best star... Star with 3 terminals centered in 464
round took: 0.01849 s
|V| = 512, |E| = 2043, |R| = 25
>>> get_solution
>>> get_solution
  refine_solution: new weight 19928 (was 19932) in 0.000583 s
  refine_solution: new weight 19928 (was 19928) in 0.000533 s
21,,451,2043,25,,432,98347,,19932,19928,11046,11046,11046,,608,3,@@

  handle_small_Steiner_degrees: steiner 0, suppress 0 in 1e-06 s
Starting round 22
Found 65 isolated vertices
Invalid ratios recomputed: 432
Best ratio is 1224/4 (306.0), centered at 494
Finding the best star... Star with 5 terminals centered in 464
round took: 0.018935 s
|V| = 512, |E| = 2009, |R| = 21
>>> get_solution
>>> get_solution
  refine_solution: new weight 19624 (was 19628) in 0.000595 s
  refine_solution: new weight 19624 (was 19624) in 0.000542 s
22,,447,2009,21,,432,105660,,19628,19624,12270,12270,12270,,1224,5,@@

  handle_small_Steiner_degrees: steiner 0, suppress 0 in 1e-06 s
Starting round 23
Found 73 isolated vertices
Invalid ratios recomputed: 429
Best ratio is 612/2 (306.0), centered at 215
Finding the best star... Star with 3 terminals centered in 211
round took: 0.019471 s
|V| = 512, |E| = 2003, |R| = 19
>>> get_solution
>>> get_solution
  refine_solution: new weight 19222 (was 19226) in 0.000607 s
  refine_solution: new weight 19222 (was 19222) in 0.000545 s
23,,439,2003,19,,429,118600,,19226,19222,12882,12882,12882,,612,3,@@

  handle_small_Steiner_degrees: steiner 0, suppress 0 in 1e-06 s
Starting round 24
Found 76 isolated vertices
Invalid ratios recomputed: 186
Best ratio is 527/2 (263.5), centered at 407
Finding the best star... Star with 3 terminals centered in 391
round took: 0.008772 s
|V| = 512, |E| = 1978, |R| = 17
>>> get_solution
>>> get_solution
  refine_solution: new weight 19032 (was 19036) in 0.000604 s
  refine_solution: new weight 19032 (was 19032) in 0.000555 s
24,,436,1978,17,,186,54792,,19036,19032,13409,13409,13409,,527,3,@@

  handle_small_Steiner_degrees: steiner 0, suppress 0 in 0 s
Starting round 25
Found 80 isolated vertices
Invalid ratios recomputed: 429
Best ratio is 920/3 (306.7), centered at 96
Finding the best star... Star with 4 terminals centered in 64
round took: 0.020177 s
|V| = 512, |E| = 1951, |R| = 14
>>> get_solution
>>> get_solution
  refine_solution: new weight 18825 (was 18829) in 0.000606 s
  refine_solution: new weight 18825 (was 18825) in 0.000555 s
25,,432,1951,14,,429,131243,,18829,18825,14329,14329,14329,,920,4,@@

  handle_small_Steiner_degrees: steiner 0, suppress 0 in 1e-06 s
Starting round 26
Found 86 isolated vertices
Invalid ratios recomputed: 424
Best ratio is 611/2 (305.5), centered at 113
Finding the best star... Star with 3 terminals centered in 368
round took: 0.020362 s
|V| = 512, |E| = 1929, |R| = 12
>>> get_solution
>>> get_solution
  refine_solution: new weight 18725 (was 18729) in 0.000616 s
  refine_solution: new weight 18725 (was 18725) in 0.000557 s
26,,426,1929,12,,424,140782,,18729,18725,14940,14940,14940,,611,3,@@

  handle_small_Steiner_degrees: steiner 0, suppress 0 in 1e-06 s
Starting round 27
Found 90 isolated vertices
Invalid ratios recomputed: 422
Best ratio is 612/2 (306.0), centered at 355
Finding the best star... Star with 3 terminals centered in 323
round took: 0.020481 s
|V| = 512, |E| = 1911, |R| = 10
>>> get_solution
>>> get_solution
  refine_solution: new weight 18507 (was 18511) in 0.00062 s
  refine_solution: new weight 18507 (was 18507) in 0.000563 s
27,,422,1911,10,,422,148097,,18511,18507,15552,15552,15552,,612,3,@@

  handle_small_Steiner_degrees: steiner 0, suppress 0 in 1e-06 s
Starting round 28
Found 94 isolated vertices
Invalid ratios recomputed: 418
Best ratio is 608/2 (304.0), centered at 103
Finding the best star... Star with 3 terminals centered in 47
round took: 0.020495 s
|V| = 512, |E| = 1886, |R| = 8
>>> get_solution
>>> get_solution
  refine_solution: new weight 18507 (was 18511) in 0.000619 s
  refine_solution: new weight 18507 (was 18507) in 0.00057 s
28,,418,1886,8,,418,153191,,18511,18507,16160,16160,16160,,608,3,@@

  handle_small_Steiner_degrees: steiner 0, suppress 0 in 1e-06 s
Starting round 29
Found 98 isolated vertices
Invalid ratios recomputed: 414
Best ratio is 307/1 (307.0), centered at 47
Finding the best star... Star with 2 terminals centered in 411
round took: 0.020208 s
|V| = 512, |E| = 1873, |R| = 7
>>> get_solution
>>> get_solution
  refine_solution: new weight 18507 (was 18511) in 0.00062 s
  refine_solution: new weight 18507 (was 18507) in 0.000563 s
29,,414,1873,7,,414,158560,,18511,18507,16467,16467,16467,,307,2,@@

  handle_small_Steiner_degrees: steiner 0, suppress 0 in 0 s
Starting round 30
Found 100 isolated vertices
Invalid ratios recomputed: 412
Best ratio is 616/2 (308.0), centered at 411
Finding the best star... Star with 3 terminals centered in 358
round took: 0.020107 s
|V| = 512, |E| = 1854, |R| = 5
>>> get_solution
>>> get_solution
  refine_solution: new weight 18507 (was 18511) in 0.000627 s
  refine_solution: new weight 18507 (was 18507) in 0.00059 s
30,,412,1854,5,,412,160516,,18511,18507,17083,17083,17083,,616,3,@@

  handle_small_Steiner_degrees: steiner 0, suppress 0 in 0 s
Starting round 31
Found 103 isolated vertices
Invalid ratios recomputed: 409
Best ratio is 309/1 (309.0), centered at 21
Finding the best star... Star with 2 terminals centered in 358
round took: 0.019852 s
|V| = 512, |E| = 1852, |R| = 4
>>> get_solution
>>> get_solution
  refine_solution: new weight 18507 (was 18511) in 0.000618 s
  refine_solution: new weight 18507 (was 18507) in 0.000563 s
31,,409,1852,4,,409,161716,,18511,18507,17392,17392,17392,,309,2,@@

  handle_small_Steiner_degrees: steiner 0, suppress 0 in 1e-06 s
Starting round 32
Found 104 isolated vertices
Invalid ratios recomputed: 408
Best ratio is 310/1 (310.0), centered at 107
Finding the best star... Star with 2 terminals centered in 358
round took: 0.019247 s
|V| = 512, |E| = 1842, |R| = 3
>>> get_solution
>>> get_solution
  refine_solution: new weight 18413 (was 18417) in 0.000618 s
  refine_solution: new weight 18413 (was 18413) in 0.000566 s
32,,408,1842,3,,408,162472,,18417,18413,17702,17702,17702,,310,2,@@

  handle_small_Steiner_degrees: steiner 0, suppress 0 in 1e-06 s
Starting round 33
Found 106 isolated vertices
Invalid ratios recomputed: 406
Best ratio is 311/1 (311.0), centered at 11
Finding the best star... Star with 2 terminals centered in 11
round took: 0.018811 s
|V| = 512, |E| = 1831, |R| = 2
>>> get_solution
>>> get_solution
  refine_solution: new weight 18321 (was 18325) in 0.000619 s
  refine_solution: new weight 18321 (was 18321) in 0.000567 s
33,,406,1831,2,,406,162706,,18325,18321,18013,18013,18013,,311,2,@@

  handle_small_Steiner_degrees: steiner 0, suppress 0 in 0 s
Starting round 34
Found 108 isolated vertices
Invalid ratios recomputed: 404
Best ratio is 312/1 (312.0), centered at 11
Finding the best star... Star with 2 terminals centered in 11
round took: 0.018464 s
|V| = 512, |E| = 1819, |R| = 1
>>> get_solution
>>> get_solution
  refine_solution: new weight 18321 (was 18325) in 0.000616 s
  refine_solution: new weight 18321 (was 18321) in 0.000565 s
34,,404,1819,1,,404,162854,,18325,18321,18325,18325,18325,,312,2,@@

  handle_small_Steiner_degrees: steiner 0, suppress 0 in 0 s
contract_till_the_bitter_end: 0.571261 s

Calling end_heu
>>> get_solution
Saved weight 0
end_heu: 0 loops with 0 unique solutions in 3.7e-05 s

Calling print_solution
>>> get_solution
  refine_solution: new weight 18321 (was 18325) in 0.000592 s
Oops orig weight was 18325 but we got 18321
## FINAL WEIGHT 18321
print_solution: 0.000918 s
