Version: final-96-g3f4a746 add measure_work.sh
Random seed: 1555584212
Start
>>> save_orig_graph
>> Saved weight 0
Graph loaded
|V| = 2188, |E| = 15308, |R| = 222
First clearance of the input. Calling buy_zero and run_all_heuristics.
  buy_zero: 0 zero edges in 2.7e-05 s
  handle_small_terminal_degrees: terms 0 in 3e-06 s
  handle_small_Steiner_degrees: steiner 0, suppress 0 in 8e-06 s
  shortest_edge_between_terminals: 0 edges in 2.2e-05 s
Compressed graph 2188 -> 2187
  delete_edges: deleted 0 edges in 0.002994 s and 1 rounds
  handle_small_terminal_degrees: terms 0 in 3e-06 s
  handle_small_Steiner_degrees: steiner 0, suppress 0 in 7e-06 s
  shortest_edge_between_terminals: 0 edges in 3.8e-05 s
Compressed graph 2187 -> 2187
  delete_edges_shortest_path: deleted 0 edges in 0.036544 s
  handle_small_terminal_degrees: terms 0 in 2e-06 s
  handle_small_Steiner_degrees: steiner 0, suppress 0 in 4e-06 s
  shortest_edge_between_terminals: 0 edges in 2.1e-05 s
Compressed graph 2187 -> 2187
  handle_small_terminal_degrees: terms 0 in 2e-06 s
  handle_small_Steiner_degrees: steiner 0, suppress 0 in 4e-06 s
  shortest_edge_between_terminals: 0 edges in 1.7e-05 s
Compressed graph 2187 -> 2187
  delete_edges_shortest_path: deleted 0 edges in 0.036081 s
  handle_small_terminal_degrees: terms 0 in 2e-06 s
  handle_small_Steiner_degrees: steiner 0, suppress 0 in 5e-06 s
  shortest_edge_between_terminals: 0 edges in 2.1e-05 s
Compressed graph 2187 -> 2187
Compressed graph 2187 -> 2187
>>> save_orig_graph
>> Saved weight 0
### ZEL_LVL=0 PRECISE_STARS=0

Calling `contract_till_the_bitter_end`
|V| = 2187, |E| = 15308, |R| = 222
>>> get_solution
>>> get_solution
  refine_solution: new weight 784 (was 800) in 0.005962 s
  refine_solution: new weight 767 (was 784) in 0.005826 s
  refine_solution: new weight 738 (was 767) in 0.005823 s
  refine_solution: new weight 714 (was 738) in 0.005871 s
  refine_solution: new weight 686 (was 714) in 0.00589 s
  refine_solution: new weight 677 (was 686) in 0.005892 s
  refine_solution: new weight 672 (was 677) in 0.005887 s
  refine_solution: new weight 671 (was 672) in 0.00589 s
  refine_solution: new weight 668 (was 671) in 0.005886 s
  refine_solution: new weight 667 (was 668) in 0.005881 s
  refine_solution: new weight 667 (was 667) in 0.005871 s
0,,2187,15308,222,,0,0,,800,667,0,0,0,,0,0,@@

  delete_edges: deleted 0 edges in 0.00198 s and 1 rounds
  handle_small_Steiner_degrees: steiner 0, suppress 0 in 6e-06 s
Starting round 1
Found 0 isolated vertices
Invalid ratios recomputed: 2187
Best ratio is 10/4 (2.5), centered at 655
Finding the best star... Star with 5 terminals centered in 652
round took: 0.154859 s
|V| = 2187, |E| = 15292, |R| = 218
>>> get_solution
>>> get_solution
  refine_solution: new weight 776 (was 792) in 0.005983 s
  refine_solution: new weight 765 (was 776) in 0.005839 s
  refine_solution: new weight 749 (was 765) in 0.00588 s
  refine_solution: new weight 733 (was 749) in 0.005874 s
  refine_solution: new weight 712 (was 733) in 0.005855 s
  refine_solution: new weight 702 (was 712) in 0.005899 s
  refine_solution: new weight 698 (was 702) in 0.005886 s
  refine_solution: new weight 693 (was 698) in 0.005875 s
  refine_solution: new weight 683 (was 693) in 0.005865 s
  refine_solution: new weight 680 (was 683) in 0.005873 s
  refine_solution: new weight 679 (was 680) in 0.005874 s
  refine_solution: new weight 679 (was 679) in 0.005894 s
1,,2187,15292,218,,2187,732312,,792,679,10,10,10,,10,5,@@

  handle_small_Steiner_degrees: steiner 0, suppress 0 in 5e-06 s
Starting round 2
Found 5 isolated vertices
Invalid ratios recomputed: 361
Best ratio is 5/2 (2.5), centered at 682
Finding the best star... Star with 3 terminals centered in 679
round took: 0.027827 s
|V| = 2187, |E| = 15278, |R| = 216
>>> get_solution
>>> get_solution
  refine_solution: new weight 766 (was 783) in 0.005947 s
  refine_solution: new weight 754 (was 766) in 0.005932 s
  refine_solution: new weight 731 (was 754) in 0.005894 s
  refine_solution: new weight 708 (was 731) in 0.005892 s
  refine_solution: new weight 699 (was 708) in 0.005881 s
  refine_solution: new weight 692 (was 699) in 0.005869 s
  refine_solution: new weight 690 (was 692) in 0.005859 s
  refine_solution: new weight 687 (was 690) in 0.005871 s
  refine_solution: new weight 685 (was 687) in 0.005824 s
  refine_solution: new weight 684 (was 685) in 0.005828 s
  refine_solution: new weight 684 (was 684) in 0.00582 s
2,,2182,15278,216,,361,124298,,783,684,15,15,15,,5,3,@@

  handle_small_Steiner_degrees: steiner 0, suppress 0 in 5e-06 s
Starting round 3
Found 8 isolated vertices
Invalid ratios recomputed: 512
Best ratio is 5/2 (2.5), centered at 2113
Finding the best star... Star with 3 terminals centered in 679
round took: 0.039616 s
|V| = 2187, |E| = 15263, |R| = 214
>>> get_solution
>>> get_solution
  refine_solution: new weight 766 (was 782) in 0.005929 s
  refine_solution: new weight 745 (was 766) in 0.005892 s
  refine_solution: new weight 729 (was 745) in 0.005871 s
  refine_solution: new weight 708 (was 729) in 0.00586 s
  refine_solution: new weight 689 (was 708) in 0.005872 s
  refine_solution: new weight 680 (was 689) in 0.005863 s
  refine_solution: new weight 678 (was 680) in 0.005869 s
  refine_solution: new weight 678 (was 678) in 0.005844 s
3,,2179,15263,214,,512,177308,,782,678,20,20,20,,5,3,@@

  handle_small_Steiner_degrees: steiner 0, suppress 0 in 5e-06 s
Starting round 4
Found 11 isolated vertices
Invalid ratios recomputed: 627
Best ratio is 5/2 (2.5), centered at 1627
Finding the best star... Star with 3 terminals centered in 898
round took: 0.049338 s
|V| = 2187, |E| = 15251, |R| = 212
>>> get_solution
>>> get_solution
  refine_solution: new weight 760 (was 777) in 0.006008 s
  refine_solution: new weight 741 (was 760) in 0.005944 s
  refine_solution: new weight 727 (was 741) in 0.005924 s
  refine_solution: new weight 709 (was 727) in 0.005889 s
  refine_solution: new weight 692 (was 709) in 0.005896 s
  refine_solution: new weight 687 (was 692) in 0.005876 s
  refine_solution: new weight 686 (was 687) in 0.005883 s
  refine_solution: new weight 684 (was 686) in 0.005858 s
  refine_solution: new weight 684 (was 684) in 0.005841 s
4,,2176,15251,212,,627,217001,,777,684,25,25,25,,5,3,@@

  handle_small_Steiner_degrees: steiner 0, suppress 0 in 5e-06 s
Starting round 5
Found 14 isolated vertices
Invalid ratios recomputed: 729
Best ratio is 5/2 (2.5), centered at 1951
Finding the best star... Star with 3 terminals centered in 1948
round took: 0.059 s
|V| = 2187, |E| = 15235, |R| = 210
>>> get_solution
>>> get_solution
  refine_solution: new weight 755 (was 773) in 0.005977 s
  refine_solution: new weight 726 (was 755) in 0.005931 s
  refine_solution: new weight 707 (was 726) in 0.005961 s
  refine_solution: new weight 697 (was 707) in 0.005917 s
  refine_solution: new weight 685 (was 697) in 0.005915 s
  refine_solution: new weight 672 (was 685) in 0.005899 s
  refine_solution: new weight 663 (was 672) in 0.005917 s
  refine_solution: new weight 663 (was 663) in 0.005891 s
5,,2173,15235,210,,729,256687,,773,663,30,30,30,,5,3,@@

  handle_small_Steiner_degrees: steiner 0, suppress 0 in 5e-06 s
Starting round 6
Found 17 isolated vertices
Invalid ratios recomputed: 805
Best ratio is 10/4 (2.5), centered at 1762
Finding the best star... Star with 5 terminals centered in 304
round took: 0.066409 s
|V| = 2187, |E| = 15207, |R| = 206
>>> get_solution
>>> get_solution
  refine_solution: new weight 741 (was 763) in 0.006004 s
  refine_solution: new weight 719 (was 741) in 0.00586 s
  refine_solution: new weight 705 (was 719) in 0.00586 s
  refine_solution: new weight 695 (was 705) in 0.005849 s
  refine_solution: new weight 686 (was 695) in 0.005832 s
  refine_solution: new weight 682 (was 686) in 0.005833 s
  refine_solution: new weight 679 (was 682) in 0.005806 s
  refine_solution: new weight 676 (was 679) in 0.005798 s
  refine_solution: new weight 676 (was 676) in 0.005813 s
6,,2170,15207,206,,805,285706,,763,676,40,40,40,,10,5,@@

  handle_small_Steiner_degrees: steiner 0, suppress 0 in 4e-06 s
Starting round 7
Found 23 isolated vertices
Invalid ratios recomputed: 1000
Best ratio is 5/2 (2.5), centered at 1708
Finding the best star... Star with 3 terminals centered in 1707
round took: 0.086411 s
|V| = 2187, |E| = 15190, |R| = 204
>>> get_solution
>>> get_solution
  refine_solution: new weight 738 (was 762) in 0.006007 s
  refine_solution: new weight 724 (was 738) in 0.005922 s
  refine_solution: new weight 708 (was 724) in 0.005844 s
  refine_solution: new weight 699 (was 708) in 0.005874 s
  refine_solution: new weight 690 (was 699) in 0.005862 s
  refine_solution: new weight 679 (was 690) in 0.005859 s
  refine_solution: new weight 675 (was 679) in 0.005836 s
  refine_solution: new weight 672 (was 675) in 0.005843 s
  refine_solution: new weight 667 (was 672) in 0.005821 s
  refine_solution: new weight 661 (was 667) in 0.005848 s
  refine_solution: new weight 658 (was 661) in 0.005818 s
  refine_solution: new weight 658 (was 658) in 0.005839 s
7,,2164,15190,204,,1000,362261,,762,658,45,45,45,,5,3,@@

  handle_small_Steiner_degrees: steiner 0, suppress 0 in 5e-06 s
Starting round 8
Found 26 isolated vertices
Invalid ratios recomputed: 1043
Best ratio is 5/2 (2.5), centered at 979
Finding the best star... Star with 3 terminals centered in 1707
round took: 0.091211 s
|V| = 2187, |E| = 15173, |R| = 202
>>> get_solution
>>> get_solution
  refine_solution: new weight 716 (was 754) in 0.006003 s
  refine_solution: new weight 693 (was 716) in 0.005874 s
  refine_solution: new weight 674 (was 693) in 0.005857 s
  refine_solution: new weight 667 (was 674) in 0.005841 s
  refine_solution: new weight 664 (was 667) in 0.005814 s
  refine_solution: new weight 662 (was 664) in 0.005814 s
  refine_solution: new weight 661 (was 662) in 0.00583 s
  refine_solution: new weight 660 (was 661) in 0.00582 s
  refine_solution: new weight 660 (was 660) in 0.005833 s
8,,2161,15173,202,,1043,381692,,754,660,50,50,50,,5,3,@@

  handle_small_Steiner_degrees: steiner 0, suppress 0 in 5e-06 s
Starting round 9
Found 29 isolated vertices
Invalid ratios recomputed: 1106
Best ratio is 5/2 (2.5), centered at 1843
Finding the best star... Star with 3 terminals centered in 1840
round took: 0.099025 s
|V| = 2187, |E| = 15158, |R| = 200
>>> get_solution
>>> get_solution
  refine_solution: new weight 725 (was 756) in 0.005987 s
  refine_solution: new weight 704 (was 725) in 0.00588 s
  refine_solution: new weight 684 (was 704) in 0.005878 s
  refine_solution: new weight 673 (was 684) in 0.005818 s
  refine_solution: new weight 670 (was 673) in 0.005868 s
  refine_solution: new weight 664 (was 670) in 0.005835 s
  refine_solution: new weight 660 (was 664) in 0.005883 s
  refine_solution: new weight 658 (was 660) in 0.005867 s
  refine_solution: new weight 655 (was 658) in 0.005895 s
  refine_solution: new weight 655 (was 655) in 0.005885 s
9,,2158,15158,200,,1106,410622,,756,655,55,55,55,,5,3,@@

  handle_small_Steiner_degrees: steiner 0, suppress 0 in 5e-06 s
Starting round 10
Found 32 isolated vertices
Invalid ratios recomputed: 1166
Best ratio is 5/2 (2.5), centered at 1114
Finding the best star... Star with 3 terminals centered in 1108
round took: 0.106678 s
|V| = 2187, |E| = 15144, |R| = 198
>>> get_solution
>>> get_solution
  refine_solution: new weight 709 (was 748) in 0.005983 s
  refine_solution: new weight 687 (was 709) in 0.005935 s
  refine_solution: new weight 675 (was 687) in 0.005921 s
  refine_solution: new weight 673 (was 675) in 0.005938 s
  refine_solution: new weight 673 (was 673) in 0.005927 s
10,,2155,15144,198,,1166,438656,,748,673,60,60,60,,5,3,@@

  handle_small_Steiner_degrees: steiner 0, suppress 0 in 4e-06 s
Starting round 11
Found 35 isolated vertices
Invalid ratios recomputed: 1223
Best ratio is 10/4 (2.5), centered at 844
Finding the best star... Star with 5 terminals centered in 838
round took: 0.114004 s
|V| = 2187, |E| = 15109, |R| = 194
>>> get_solution
>>> get_solution
  refine_solution: new weight 711 (was 745) in 0.00598 s
  refine_solution: new weight 696 (was 711) in 0.00585 s
  refine_solution: new weight 678 (was 696) in 0.005848 s
  refine_solution: new weight 670 (was 678) in 0.00585 s
  refine_solution: new weight 670 (was 670) in 0.005855 s
11,,2152,15109,194,,1223,463422,,745,670,70,70,70,,10,5,@@

  handle_small_Steiner_degrees: steiner 0, suppress 0 in 5e-06 s
Starting round 12
Found 41 isolated vertices
Invalid ratios recomputed: 1342
Best ratio is 4/2 (2.0), centered at 838
Finding the best star... Star with 3 terminals centered in 838
round took: 0.128516 s
|V| = 2187, |E| = 15098, |R| = 192
>>> get_solution
>>> get_solution
  refine_solution: new weight 711 (was 745) in 0.005953 s
  refine_solution: new weight 696 (was 711) in 0.00586 s
  refine_solution: new weight 678 (was 696) in 0.005869 s
  refine_solution: new weight 670 (was 678) in 0.005875 s
  refine_solution: new weight 670 (was 670) in 0.005891 s
12,,2146,15098,192,,1342,518654,,745,670,74,74,74,,4,3,@@

  handle_small_Steiner_degrees: steiner 0, suppress 0 in 5e-06 s
Starting round 13
Found 43 isolated vertices
Invalid ratios recomputed: 1340
Best ratio is 7/3 (2.3), centered at 1086
Finding the best star... Star with 4 terminals centered in 1059
round took: 0.129872 s
|V| = 2187, |E| = 15075, |R| = 189
>>> get_solution
>>> get_solution
  refine_solution: new weight 708 (was 737) in 0.005997 s
  refine_solution: new weight 688 (was 708) in 0.005887 s
  refine_solution: new weight 679 (was 688) in 0.005899 s
  refine_solution: new weight 675 (was 679) in 0.005846 s
  refine_solution: new weight 673 (was 675) in 0.00582 s
  refine_solution: new weight 673 (was 673) in 0.005831 s
13,,2144,15075,189,,1340,520445,,737,673,81,81,81,,7,4,@@

  handle_small_Steiner_degrees: steiner 0, suppress 0 in 4e-06 s
Starting round 14
Found 47 isolated vertices
Invalid ratios recomputed: 1383
Best ratio is 5/2 (2.5), centered at 357
Finding the best star... Star with 3 terminals centered in 351
round took: 0.13642 s
|V| = 2187, |E| = 15058, |R| = 187
>>> get_solution
>>> get_solution
  refine_solution: new weight 708 (was 736) in 0.006001 s
  refine_solution: new weight 693 (was 708) in 0.00588 s
  refine_solution: new weight 683 (was 693) in 0.005899 s
  refine_solution: new weight 673 (was 683) in 0.005901 s
  refine_solution: new weight 668 (was 673) in 0.005939 s
  refine_solution: new weight 664 (was 668) in 0.00588 s
  refine_solution: new weight 663 (was 664) in 0.005925 s
  refine_solution: new weight 662 (was 663) in 0.005888 s
  refine_solution: new weight 661 (was 662) in 0.005899 s
  refine_solution: new weight 659 (was 661) in 0.005877 s
  refine_solution: new weight 659 (was 659) in 0.005906 s
14,,2140,15058,187,,1383,543646,,736,659,86,86,86,,5,3,@@

  handle_small_Steiner_degrees: steiner 0, suppress 0 in 4e-06 s
Starting round 15
Found 50 isolated vertices
Invalid ratios recomputed: 1436
Best ratio is 7/3 (2.3), centered at 276
Finding the best star... Star with 4 terminals centered in 351
round took: 0.144338 s
|V| = 2187, |E| = 15032, |R| = 184
>>> get_solution
>>> get_solution
  refine_solution: new weight 698 (was 733) in 0.005989 s
  refine_solution: new weight 682 (was 698) in 0.00591 s
  refine_solution: new weight 672 (was 682) in 0.005889 s
  refine_solution: new weight 669 (was 672) in 0.005855 s
  refine_solution: new weight 665 (was 669) in 0.005847 s
  refine_solution: new weight 663 (was 665) in 0.005839 s
  refine_solution: new weight 661 (was 663) in 0.005832 s
  refine_solution: new weight 661 (was 661) in 0.005841 s
15,,2137,15032,184,,1436,574708,,733,661,93,93,93,,7,4,@@

  handle_small_Steiner_degrees: steiner 0, suppress 0 in 5e-06 s
Starting round 16
Found 54 isolated vertices
Invalid ratios recomputed: 1475
Best ratio is 5/2 (2.5), centered at 853
Finding the best star... Star with 3 terminals centered in 351
round took: 0.151463 s
|V| = 2187, |E| = 15016, |R| = 182
>>> get_solution
>>> get_solution
  refine_solution: new weight 702 (was 731) in 0.005992 s
  refine_solution: new weight 685 (was 702) in 0.00584 s
  refine_solution: new weight 676 (was 685) in 0.005835 s
  refine_solution: new weight 669 (was 676) in 0.005798 s
  refine_solution: new weight 661 (was 669) in 0.005837 s
  refine_solution: new weight 657 (was 661) in 0.005823 s
  refine_solution: new weight 653 (was 657) in 0.005858 s
  refine_solution: new weight 650 (was 653) in 0.005856 s
  refine_solution: new weight 645 (was 650) in 0.005877 s
  refine_solution: new weight 644 (was 645) in 0.005848 s
  refine_solution: new weight 641 (was 644) in 0.005864 s
  refine_solution: new weight 639 (was 641) in 0.00584 s
  refine_solution: new weight 638 (was 639) in 0.005852 s
  refine_solution: new weight 638 (was 638) in 0.005837 s
16,,2133,15016,182,,1475,599371,,731,638,98,98,98,,5,3,@@

  delete_edges: deleted 293 edges in 0.68177 s and 293 rounds
  handle_small_Steiner_degrees: steiner 0, suppress 0 in 5e-06 s
Starting round 17
Found 57 isolated vertices
Invalid ratios recomputed: 1523
Best ratio is 7/3 (2.3), centered at 124
Finding the best star... Star with 4 terminals centered in 43
round took: 0.139041 s
|V| = 2187, |E| = 14709, |R| = 179
>>> get_solution
>>> get_solution
  refine_solution: new weight 712 (was 734) in 0.005929 s
  refine_solution: new weight 689 (was 712) in 0.005819 s
  refine_solution: new weight 675 (was 689) in 0.005803 s
  refine_solution: new weight 671 (was 675) in 0.005796 s
  refine_solution: new weight 669 (was 671) in 0.005819 s
  refine_solution: new weight 668 (was 669) in 0.005841 s
  refine_solution: new weight 668 (was 668) in 0.005862 s
17,,2130,14709,179,,1523,631497,,734,668,105,105,105,,7,4,@@

  handle_small_Steiner_degrees: steiner 0, suppress 0 in 4e-06 s
Starting round 18
Found 61 isolated vertices
Invalid ratios recomputed: 1562
Best ratio is 5/2 (2.5), centered at 2002
Finding the best star... Star with 3 terminals centered in 1975
round took: 0.146825 s
|V| = 2187, |E| = 14700, |R| = 177
>>> get_solution
>>> get_solution
  refine_solution: new weight 705 (was 726) in 0.005947 s
  refine_solution: new weight 689 (was 705) in 0.005877 s
  refine_solution: new weight 673 (was 689) in 0.005855 s
  refine_solution: new weight 665 (was 673) in 0.005828 s
  refine_solution: new weight 661 (was 665) in 0.005842 s
  refine_solution: new weight 654 (was 661) in 0.005853 s
  refine_solution: new weight 647 (was 654) in 0.005831 s
  refine_solution: new weight 647 (was 647) in 0.00583 s
18,,2126,14700,177,,1562,656711,,726,647,110,110,110,,5,3,@@

  handle_small_Steiner_degrees: steiner 0, suppress 0 in 5e-06 s
Starting round 19
Found 64 isolated vertices
Invalid ratios recomputed: 1598
Best ratio is 5/2 (2.5), centered at 1273
Finding the best star... Star with 3 terminals centered in 787
round took: 0.15442 s
|V| = 2187, |E| = 14688, |R| = 175
>>> get_solution
>>> get_solution
  refine_solution: new weight 700 (was 725) in 0.005987 s
  refine_solution: new weight 676 (was 700) in 0.005888 s
  refine_solution: new weight 662 (was 676) in 0.005853 s
  refine_solution: new weight 658 (was 662) in 0.005832 s
  refine_solution: new weight 654 (was 658) in 0.005828 s
  refine_solution: new weight 652 (was 654) in 0.005794 s
  refine_solution: new weight 651 (was 652) in 0.005817 s
  refine_solution: new weight 650 (was 651) in 0.005809 s
  refine_solution: new weight 649 (was 650) in 0.00582 s
  refine_solution: new weight 647 (was 649) in 0.005818 s
  refine_solution: new weight 647 (was 647) in 0.005834 s
19,,2123,14688,175,,1598,682158,,725,647,115,115,115,,5,3,@@

  handle_small_Steiner_degrees: steiner 0, suppress 0 in 5e-06 s
Starting round 20
Found 67 isolated vertices
Invalid ratios recomputed: 1637
Best ratio is 5/2 (2.5), centered at 1435
Finding the best star... Star with 3 terminals centered in 949
round took: 0.161957 s
|V| = 2187, |E| = 14675, |R| = 173
>>> get_solution
>>> get_solution
  refine_solution: new weight 693 (was 719) in 0.005945 s
  refine_solution: new weight 679 (was 693) in 0.005865 s
  refine_solution: new weight 671 (was 679) in 0.005836 s
  refine_solution: new weight 665 (was 671) in 0.005774 s
  refine_solution: new weight 657 (was 665) in 0.005738 s
  refine_solution: new weight 657 (was 657) in 0.005754 s
20,,2120,14675,173,,1637,711873,,719,657,120,120,120,,5,3,@@

  handle_small_Steiner_degrees: steiner 0, suppress 0 in 4e-06 s
Starting round 21
Found 70 isolated vertices
Invalid ratios recomputed: 1672
Best ratio is 5/2 (2.5), centered at 1432
Finding the best star... Star with 3 terminals centered in 1351
round took: 0.168877 s
|V| = 2187, |E| = 14660, |R| = 171
>>> get_solution
>>> get_solution
  refine_solution: new weight 690 (was 715) in 0.005955 s
  refine_solution: new weight 679 (was 690) in 0.005891 s
  refine_solution: new weight 666 (was 679) in 0.005785 s
  refine_solution: new weight 659 (was 666) in 0.005814 s
  refine_solution: new weight 650 (was 659) in 0.00582 s
  refine_solution: new weight 642 (was 650) in 0.005815 s
  refine_solution: new weight 640 (was 642) in 0.005848 s
  refine_solution: new weight 640 (was 640) in 0.005845 s
21,,2117,14660,171,,1672,737369,,715,640,125,125,125,,5,3,@@

  handle_small_Steiner_degrees: steiner 0, suppress 0 in 4e-06 s
Starting round 22
Found 73 isolated vertices
Invalid ratios recomputed: 1709
Best ratio is 7/3 (2.3), centered at 1441
Finding the best star... Star with 4 terminals centered in 1198
round took: 0.175372 s
|V| = 2187, |E| = 14643, |R| = 168
>>> get_solution
>>> get_solution
  refine_solution: new weight 685 (was 713) in 0.005927 s
  refine_solution: new weight 668 (was 685) in 0.005836 s
  refine_solution: new weight 658 (was 668) in 0.005821 s
  refine_solution: new weight 653 (was 658) in 0.005835 s
  refine_solution: new weight 652 (was 653) in 0.005838 s
  refine_solution: new weight 652 (was 652) in 0.005821 s
22,,2114,14643,168,,1709,764246,,713,652,132,132,132,,7,4,@@

  handle_small_Steiner_degrees: steiner 0, suppress 0 in 4e-06 s
Starting round 23
Found 77 isolated vertices
Invalid ratios recomputed: 1737
Best ratio is 5/2 (2.5), centered at 1405
Finding the best star... Star with 3 terminals centered in 1198
round took: 0.184011 s
|V| = 2187, |E| = 14627, |R| = 166
>>> get_solution
>>> get_solution
  refine_solution: new weight 681 (was 714) in 0.005943 s
  refine_solution: new weight 657 (was 681) in 0.005784 s
  refine_solution: new weight 650 (was 657) in 0.005795 s
  refine_solution: new weight 648 (was 650) in 0.005769 s
  refine_solution: new weight 648 (was 648) in 0.005781 s
23,,2110,14627,166,,1737,792147,,714,648,137,137,137,,5,3,@@

  handle_small_Steiner_degrees: steiner 0, suppress 0 in 5e-06 s
Starting round 24
Found 80 isolated vertices
Invalid ratios recomputed: 1744
Best ratio is 8/3 (2.7), centered at 76
Finding the best star... Star with 4 terminals centered in 22
round took: 0.187628 s
|V| = 2187, |E| = 14617, |R| = 163
>>> get_solution
>>> get_solution
  refine_solution: new weight 688 (was 709) in 0.00591 s
  refine_solution: new weight 669 (was 688) in 0.005812 s
  refine_solution: new weight 659 (was 669) in 0.005815 s
  refine_solution: new weight 654 (was 659) in 0.005784 s
  refine_solution: new weight 650 (was 654) in 0.005787 s
  refine_solution: new weight 644 (was 650) in 0.005766 s
  refine_solution: new weight 642 (was 644) in 0.005786 s
  refine_solution: new weight 642 (was 642) in 0.005765 s
24,,2107,14617,163,,1744,806692,,709,642,145,145,145,,8,4,@@

  handle_small_Steiner_degrees: steiner 0, suppress 0 in 5e-06 s
Starting round 25
Found 84 isolated vertices
Invalid ratios recomputed: 363
Best ratio is 5/2 (2.5), centered at 73
Finding the best star... Star with 3 terminals centered in 22
round took: 0.035988 s
|V| = 2187, |E| = 14604, |R| = 161
>>> get_solution
>>> get_solution
  refine_solution: new weight 698 (was 709) in 0.005976 s
  refine_solution: new weight 677 (was 698) in 0.005842 s
  refine_solution: new weight 661 (was 677) in 0.005808 s
  refine_solution: new weight 652 (was 661) in 0.005841 s
  refine_solution: new weight 646 (was 652) in 0.005856 s
  refine_solution: new weight 645 (was 646) in 0.005873 s
  refine_solution: new weight 645 (was 645) in 0.005864 s
25,,2103,14604,161,,363,150446,,709,645,150,150,150,,5,3,@@

  handle_small_Steiner_degrees: steiner 0, suppress 0 in 5e-06 s
Starting round 26
Found 87 isolated vertices
Invalid ratios recomputed: 513
Best ratio is 5/2 (2.5), centered at 55
Finding the best star... Star with 3 terminals centered in 28
round took: 0.051774 s
|V| = 2187, |E| = 14591, |R| = 159
>>> get_solution
>>> get_solution
  refine_solution: new weight 682 (was 703) in 0.005944 s
  refine_solution: new weight 676 (was 682) in 0.005863 s
  refine_solution: new weight 671 (was 676) in 0.005871 s
  refine_solution: new weight 663 (was 671) in 0.005853 s
  refine_solution: new weight 658 (was 663) in 0.00585 s
  refine_solution: new weight 651 (was 658) in 0.005853 s
  refine_solution: new weight 646 (was 651) in 0.005845 s
  refine_solution: new weight 643 (was 646) in 0.005828 s
  refine_solution: new weight 639 (was 643) in 0.00581 s
  refine_solution: new weight 637 (was 639) in 0.005788 s
  refine_solution: new weight 635 (was 637) in 0.005752 s
  refine_solution: new weight 635 (was 635) in 0.005772 s
26,,2100,14591,159,,513,216734,,703,635,155,155,155,,5,3,@@

  handle_small_Steiner_degrees: steiner 0, suppress 0 in 5e-06 s
Starting round 27
Found 90 isolated vertices
Invalid ratios recomputed: 618
Best ratio is 5/2 (2.5), centered at 54
Finding the best star... Star with 3 terminals centered in 28
round took: 0.065421 s
|V| = 2187, |E| = 14577, |R| = 157
>>> get_solution
>>> get_solution
  refine_solution: new weight 699 (was 708) in 0.005906 s
  refine_solution: new weight 683 (was 699) in 0.005847 s
  refine_solution: new weight 673 (was 683) in 0.005825 s
  refine_solution: new weight 667 (was 673) in 0.005842 s
  refine_solution: new weight 664 (was 667) in 0.00582 s
  refine_solution: new weight 664 (was 664) in 0.005831 s
27,,2097,14577,157,,618,276446,,708,664,160,160,160,,5,3,@@

  handle_small_Steiner_degrees: steiner 0, suppress 0 in 5e-06 s
Starting round 28
Found 93 isolated vertices
Invalid ratios recomputed: 720
Best ratio is 5/2 (2.5), centered at 60
Finding the best star... Star with 3 terminals centered in 28
round took: 0.077127 s
|V| = 2187, |E| = 14542, |R| = 155
>>> get_solution
>>> get_solution
  refine_solution: new weight 694 (was 704) in 0.005932 s
  refine_solution: new weight 686 (was 694) in 0.005873 s
  refine_solution: new weight 673 (was 686) in 0.005815 s
  refine_solution: new weight 666 (was 673) in 0.005806 s
  refine_solution: new weight 662 (was 666) in 0.005789 s
  refine_solution: new weight 661 (was 662) in 0.005816 s
  refine_solution: new weight 661 (was 661) in 0.005789 s
28,,2094,14542,155,,720,325045,,704,661,165,165,165,,5,3,@@

  handle_small_Steiner_degrees: steiner 0, suppress 0 in 4e-06 s
Starting round 29
Found 97 isolated vertices
Invalid ratios recomputed: 1860
Best ratio is 5/2 (2.5), centered at 238
Finding the best star... Star with 3 terminals centered in 28
round took: 0.222729 s
|V| = 2187, |E| = 14523, |R| = 153
>>> get_solution
>>> get_solution
  refine_solution: new weight 699 (was 705) in 0.005974 s
  refine_solution: new weight 677 (was 699) in 0.005827 s
  refine_solution: new weight 664 (was 677) in 0.00585 s
  refine_solution: new weight 657 (was 664) in 0.005823 s
  refine_solution: new weight 648 (was 657) in 0.005837 s
  refine_solution: new weight 643 (was 648) in 0.00583 s
  refine_solution: new weight 643 (was 643) in 0.005844 s
29,,2090,14523,153,,1860,959370,,705,643,170,170,170,,5,3,@@

  handle_small_Steiner_degrees: steiner 0, suppress 0 in 4e-06 s
Starting round 30
Found 100 isolated vertices
Invalid ratios recomputed: 1874
Best ratio is 8/3 (2.7), centered at 282
Finding the best star... Star with 4 terminals centered in 255
round took: 0.227833 s
|V| = 2187, |E| = 14503, |R| = 150
>>> get_solution
>>> get_solution
  refine_solution: new weight 683 (was 695) in 0.005979 s
  refine_solution: new weight 668 (was 683) in 0.005817 s
  refine_solution: new weight 658 (was 668) in 0.005809 s
  refine_solution: new weight 650 (was 658) in 0.005749 s
  refine_solution: new weight 645 (was 650) in 0.005748 s
  refine_solution: new weight 640 (was 645) in 0.005737 s
  refine_solution: new weight 639 (was 640) in 0.005759 s
  refine_solution: new weight 639 (was 639) in 0.005737 s
30,,2087,14503,150,,1874,986218,,695,639,178,178,178,,8,4,@@

  handle_small_Steiner_degrees: steiner 0, suppress 0 in 4e-06 s
Starting round 31
Found 105 isolated vertices
Invalid ratios recomputed: 1912
Best ratio is 5/2 (2.5), centered at 287
Finding the best star... Star with 3 terminals centered in 260
round took: 0.240565 s
|V| = 2187, |E| = 14491, |R| = 148
>>> get_solution
>>> get_solution
  refine_solution: new weight 677 (was 691) in 0.005925 s
  refine_solution: new weight 656 (was 677) in 0.005786 s
  refine_solution: new weight 639 (was 656) in 0.005739 s
  refine_solution: new weight 635 (was 639) in 0.005756 s
  refine_solution: new weight 632 (was 635) in 0.00575 s
  refine_solution: new weight 632 (was 632) in 0.005757 s
31,,2082,14491,148,,1912,1043569,,691,632,183,183,183,,5,3,@@

  handle_small_Steiner_degrees: steiner 0, suppress 0 in 4e-06 s
Starting round 32
Found 108 isolated vertices
Invalid ratios recomputed: 1922
Best ratio is 5/2 (2.5), centered at 1745
Finding the best star... Star with 3 terminals centered in 260
round took: 0.24549 s
|V| = 2187, |E| = 14478, |R| = 146
>>> get_solution
>>> get_solution
  refine_solution: new weight 672 (was 688) in 0.005953 s
  refine_solution: new weight 652 (was 672) in 0.005796 s
  refine_solution: new weight 636 (was 652) in 0.005733 s
  refine_solution: new weight 627 (was 636) in 0.005757 s
  refine_solution: new weight 627 (was 627) in 0.005757 s
32,,2079,14478,146,,1922,1071998,,688,627,188,188,188,,5,3,@@

  delete_edges: deleted 300 edges in 0.847709 s and 300 rounds
  handle_small_Steiner_degrees: steiner 0, suppress 0 in 5e-06 s
Starting round 33
Found 111 isolated vertices
Invalid ratios recomputed: 1937
Best ratio is 8/3 (2.7), centered at 201
Finding the best star... Star with 4 terminals centered in 192
round took: 0.230464 s
|V| = 2187, |E| = 14158, |R| = 143
>>> get_solution
>>> get_solution
  refine_solution: new weight 664 (was 676) in 0.005945 s
  refine_solution: new weight 656 (was 664) in 0.005851 s
  refine_solution: new weight 652 (was 656) in 0.005818 s
  refine_solution: new weight 646 (was 652) in 0.005771 s
  refine_solution: new weight 642 (was 646) in 0.005745 s
  refine_solution: new weight 639 (was 642) in 0.005743 s
  refine_solution: new weight 638 (was 639) in 0.005724 s
  refine_solution: new weight 638 (was 638) in 0.005732 s
33,,2076,14158,143,,1937,1102042,,676,638,196,196,196,,8,4,@@

  handle_small_Steiner_degrees: steiner 0, suppress 0 in 4e-06 s
Starting round 34
Found 116 isolated vertices
Invalid ratios recomputed: 1949
Best ratio is 5/2 (2.5), centered at 453
Finding the best star... Star with 3 terminals centered in 192
round took: 0.241547 s
|V| = 2187, |E| = 14146, |R| = 141
>>> get_solution
>>> get_solution
  refine_solution: new weight 662 (was 675) in 0.0059 s
  refine_solution: new weight 644 (was 662) in 0.005794 s
  refine_solution: new weight 641 (was 644) in 0.005779 s
  refine_solution: new weight 641 (was 641) in 0.00579 s
34,,2071,14146,141,,1949,1155366,,675,641,201,201,201,,5,3,@@

  handle_small_Steiner_degrees: steiner 0, suppress 0 in 4e-06 s
Starting round 35
Found 119 isolated vertices
Invalid ratios recomputed: 1958
Best ratio is 5/2 (2.5), centered at 372
Finding the best star... Star with 3 terminals centered in 129
round took: 0.247044 s
|V| = 2187, |E| = 14130, |R| = 139
>>> get_solution
>>> get_solution
  refine_solution: new weight 665 (was 676) in 0.005911 s
  refine_solution: new weight 658 (was 665) in 0.005839 s
  refine_solution: new weight 654 (was 658) in 0.00583 s
  refine_solution: new weight 648 (was 654) in 0.005809 s
  refine_solution: new weight 644 (was 648) in 0.005801 s
  refine_solution: new weight 644 (was 644) in 0.005805 s
35,,2068,14130,139,,1958,1181641,,676,644,206,206,206,,5,3,@@

  handle_small_Steiner_degrees: steiner 0, suppress 0 in 5e-06 s
Starting round 36
Found 122 isolated vertices
Invalid ratios recomputed: 1971
Best ratio is 5/2 (2.5), centered at 1659
Finding the best star... Star with 3 terminals centered in 1656
round took: 0.252862 s
|V| = 2187, |E| = 14117, |R| = 137
>>> get_solution
>>> get_solution
  refine_solution: new weight 659 (was 670) in 0.005902 s
  refine_solution: new weight 652 (was 659) in 0.0058 s
  refine_solution: new weight 648 (was 652) in 0.005784 s
  refine_solution: new weight 645 (was 648) in 0.005825 s
  refine_solution: new weight 640 (was 645) in 0.005811 s
  refine_solution: new weight 636 (was 640) in 0.005822 s
  refine_solution: new weight 634 (was 636) in 0.00581 s
  refine_solution: new weight 632 (was 634) in 0.005808 s
  refine_solution: new weight 632 (was 632) in 0.005827 s
36,,2065,14117,137,,1971,1209395,,670,632,211,211,211,,5,3,@@

  handle_small_Steiner_degrees: steiner 0, suppress 0 in 4e-06 s
Starting round 37
Found 125 isolated vertices
Invalid ratios recomputed: 1975
Best ratio is 7/3 (2.3), centered at 1650
Finding the best star... Star with 4 terminals centered in 1623
round took: 0.258515 s
|V| = 2187, |E| = 14094, |R| = 134
>>> get_solution
>>> get_solution
  refine_solution: new weight 658 (was 669) in 0.00596 s
  refine_solution: new weight 650 (was 658) in 0.0058 s
  refine_solution: new weight 642 (was 650) in 0.005794 s
  refine_solution: new weight 638 (was 642) in 0.005767 s
  refine_solution: new weight 637 (was 638) in 0.005749 s
  refine_solution: new weight 637 (was 637) in 0.00576 s
37,,2062,14094,134,,1975,1239315,,669,637,218,218,218,,7,4,@@

  handle_small_Steiner_degrees: steiner 0, suppress 0 in 4e-06 s
Starting round 38
Found 129 isolated vertices
Invalid ratios recomputed: 1972
Best ratio is 8/3 (2.7), centered at 361
Finding the best star... Star with 4 terminals centered in 334
round took: 0.261504 s
|V| = 2187, |E| = 14072, |R| = 131
>>> get_solution
>>> get_solution
  refine_solution: new weight 654 (was 665) in 0.005891 s
  refine_solution: new weight 648 (was 654) in 0.005841 s
  refine_solution: new weight 645 (was 648) in 0.005802 s
  refine_solution: new weight 645 (was 645) in 0.005804 s
38,,2058,14072,131,,1972,1262721,,665,645,226,226,226,,8,4,@@

  handle_small_Steiner_degrees: steiner 0, suppress 0 in 4e-06 s
Starting round 39
Found 134 isolated vertices
Invalid ratios recomputed: 1976
Best ratio is 5/2 (2.5), centered at 370
Finding the best star... Star with 3 terminals centered in 334
round took: 0.267887 s
|V| = 2187, |E| = 14058, |R| = 129
>>> get_solution
>>> get_solution
  refine_solution: new weight 647 (was 660) in 0.006024 s
  refine_solution: new weight 640 (was 647) in 0.005835 s
  refine_solution: new weight 637 (was 640) in 0.00586 s
  refine_solution: new weight 635 (was 637) in 0.005765 s
  refine_solution: new weight 633 (was 635) in 0.00576 s
  refine_solution: new weight 629 (was 633) in 0.005734 s
  refine_solution: new weight 626 (was 629) in 0.005732 s
  refine_solution: new weight 625 (was 626) in 0.005731 s
  refine_solution: new weight 625 (was 625) in 0.005762 s
39,,2053,14058,129,,1976,1296841,,660,625,231,231,231,,5,3,@@

  handle_small_Steiner_degrees: steiner 0, suppress 0 in 4e-06 s
Starting round 40
Found 137 isolated vertices
Invalid ratios recomputed: 1980
Best ratio is 5/2 (2.5), centered at 371
Finding the best star... Star with 3 terminals centered in 344
round took: 0.272447 s
|V| = 2187, |E| = 14041, |R| = 127
>>> get_solution
>>> get_solution
  refine_solution: new weight 637 (was 657) in 0.005925 s
  refine_solution: new weight 628 (was 637) in 0.005843 s
  refine_solution: new weight 625 (was 628) in 0.005815 s
  refine_solution: new weight 624 (was 625) in 0.005802 s
  refine_solution: new weight 624 (was 624) in 0.005781 s
40,,2050,14041,127,,1980,1319417,,657,624,236,236,236,,5,3,@@

  handle_small_Steiner_degrees: steiner 0, suppress 0 in 5e-06 s
Starting round 41
Found 140 isolated vertices
Invalid ratios recomputed: 1989
Best ratio is 8/3 (2.7), centered at 560
Finding the best star... Star with 4 terminals centered in 506
round took: 0.275639 s
|V| = 2187, |E| = 14017, |R| = 124
>>> get_solution
>>> get_solution
  refine_solution: new weight 647 (was 656) in 0.005868 s
  refine_solution: new weight 642 (was 647) in 0.0058 s
  refine_solution: new weight 640 (was 642) in 0.005794 s
  refine_solution: new weight 637 (was 640) in 0.005807 s
  refine_solution: new weight 637 (was 637) in 0.005783 s
41,,2047,14017,124,,1989,1349929,,656,637,244,244,244,,8,4,@@

  handle_small_Steiner_degrees: steiner 0, suppress 0 in 4e-06 s
Starting round 42
Found 145 isolated vertices
Invalid ratios recomputed: 1989
Best ratio is 8/3 (2.7), centered at 632
Finding the best star... Star with 4 terminals centered in 630
round took: 0.283948 s
|V| = 2187, |E| = 13988, |R| = 121
>>> get_solution
>>> get_solution
  refine_solution: new weight 645 (was 653) in 0.00594 s
  refine_solution: new weight 641 (was 645) in 0.005817 s
  refine_solution: new weight 637 (was 641) in 0.005808 s
  refine_solution: new weight 636 (was 637) in 0.005786 s
  refine_solution: new weight 635 (was 636) in 0.005751 s
  refine_solution: new weight 635 (was 635) in 0.005712 s
42,,2042,13988,121,,1989,1403877,,653,635,252,252,252,,8,4,@@

  handle_small_Steiner_degrees: steiner 0, suppress 0 in 4e-06 s
Starting round 43
Found 150 isolated vertices
Invalid ratios recomputed: 1995
Best ratio is 5/2 (2.5), centered at 146
Finding the best star... Star with 3 terminals centered in 119
round took: 0.291917 s
|V| = 2187, |E| = 13970, |R| = 119
>>> get_solution
>>> get_solution
  refine_solution: new weight 642 (was 650) in 0.00595 s
  refine_solution: new weight 640 (was 642) in 0.005772 s
  refine_solution: new weight 640 (was 640) in 0.005772 s
43,,2037,13970,119,,1995,1463965,,650,640,257,257,257,,5,3,@@

  handle_small_Steiner_degrees: steiner 0, suppress 0 in 4e-06 s
Starting round 44
Found 153 isolated vertices
Invalid ratios recomputed: 1996
Best ratio is 5/2 (2.5), centered at 137
Finding the best star... Star with 3 terminals centered in 119
round took: 0.295638 s
|V| = 2187, |E| = 13952, |R| = 117
>>> get_solution
>>> get_solution
  refine_solution: new weight 639 (was 649) in 0.005836 s
  refine_solution: new weight 637 (was 639) in 0.005728 s
  refine_solution: new weight 637 (was 637) in 0.00572 s
44,,2034,13952,117,,1996,1491759,,649,637,262,262,262,,5,3,@@

  handle_small_Steiner_degrees: steiner 0, suppress 0 in 4e-06 s
Starting round 45
Found 156 isolated vertices
Invalid ratios recomputed: 1993
Best ratio is 8/3 (2.7), centered at 699
Finding the best star... Star with 4 terminals centered in 537
round took: 0.298472 s
|V| = 2187, |E| = 13924, |R| = 114
>>> get_solution
>>> get_solution
  refine_solution: new weight 638 (was 645) in 0.005865 s
  refine_solution: new weight 636 (was 638) in 0.005761 s
  refine_solution: new weight 636 (was 636) in 0.005731 s
45,,2031,13924,114,,1993,1512791,,645,636,270,270,270,,8,4,@@

  handle_small_Steiner_degrees: steiner 0, suppress 0 in 4e-06 s
Starting round 46
Found 161 isolated vertices
Invalid ratios recomputed: 1988
Best ratio is 2/1 (2.0), centered at 537
Finding the best star... Star with 2 terminals centered in 694
round took: 0.303029 s
|V| = 2187, |E| = 13917, |R| = 113
>>> get_solution
>>> get_solution
  refine_solution: new weight 639 (was 646) in 0.005866 s
  refine_solution: new weight 637 (was 639) in 0.005794 s
  refine_solution: new weight 637 (was 637) in 0.005823 s
46,,2026,13917,113,,1988,1556373,,646,637,272,272,272,,2,2,@@

  handle_small_Steiner_degrees: steiner 0, suppress 0 in 4e-06 s
Starting round 47
Found 162 isolated vertices
Invalid ratios recomputed: 1987
Best ratio is 8/3 (2.7), centered at 707
Finding the best star... Star with 4 terminals centered in 653
round took: 0.304036 s
|V| = 2187, |E| = 13886, |R| = 110
>>> get_solution
>>> get_solution
  refine_solution: new weight 632 (was 639) in 0.005871 s
  refine_solution: new weight 628 (was 632) in 0.005737 s
  refine_solution: new weight 627 (was 628) in 0.005758 s
  refine_solution: new weight 627 (was 627) in 0.005745 s
47,,2025,13886,110,,1987,1569480,,639,627,280,280,280,,8,4,@@

  handle_small_Steiner_degrees: steiner 0, suppress 0 in 4e-06 s
Starting round 48
Found 167 isolated vertices
Invalid ratios recomputed: 1984
Best ratio is 8/3 (2.7), centered at 878
Finding the best star... Star with 4 terminals centered in 653
round took: 0.309322 s
|V| = 2187, |E| = 13861, |R| = 107
>>> get_solution
>>> get_solution
  refine_solution: new weight 632 (was 638) in 0.005872 s
  refine_solution: new weight 628 (was 632) in 0.005724 s
  refine_solution: new weight 627 (was 628) in 0.005737 s
  refine_solution: new weight 626 (was 627) in 0.005701 s
  refine_solution: new weight 626 (was 626) in 0.005719 s
48,,2020,13861,107,,1984,1624818,,638,626,288,288,288,,8,4,@@

  delete_edges: deleted 292 edges in 1.02737 s and 292 rounds
  handle_small_Steiner_degrees: steiner 0, suppress 0 in 4e-06 s
Starting round 49
Found 172 isolated vertices
Invalid ratios recomputed: 1993
Best ratio is 7/3 (2.3), centered at 824
Finding the best star... Star with 4 terminals centered in 815
round took: 0.305294 s
|V| = 2187, |E| = 13556, |R| = 104
>>> get_solution
>>> get_solution
  refine_solution: new weight 624 (was 633) in 0.005835 s
  refine_solution: new weight 621 (was 624) in 0.005739 s
  refine_solution: new weight 621 (was 621) in 0.005746 s
49,,2015,13556,104,,1993,1688018,,633,621,295,295,295,,7,4,@@

  handle_small_Steiner_degrees: steiner 0, suppress 0 in 4e-06 s
Starting round 50
Found 176 isolated vertices
Invalid ratios recomputed: 1991
Best ratio is 9/4 (2.2), centered at 1310
Finding the best star... Star with 5 terminals centered in 1309
round took: 0.310802 s
|V| = 2187, |E| = 13530, |R| = 100
>>> get_solution
>>> get_solution
  refine_solution: new weight 625 (was 629) in 0.005838 s
  refine_solution: new weight 625 (was 625) in 0.005714 s
50,,2011,13530,100,,1991,1729224,,629,625,304,304,304,,9,5,@@

  handle_small_Steiner_degrees: steiner 0, suppress 0 in 4e-06 s
Starting round 51
Found 181 isolated vertices
Invalid ratios recomputed: 1987
Best ratio is 8/3 (2.7), centered at 972
Finding the best star... Star with 4 terminals centered in 729
round took: 0.314444 s
|V| = 2187, |E| = 13508, |R| = 97
>>> get_solution
>>> get_solution
  refine_solution: new weight 623 (was 626) in 0.005875 s
  refine_solution: new weight 623 (was 623) in 0.005699 s
51,,2006,13508,97,,1987,1764835,,626,623,312,312,312,,8,4,@@

  handle_small_Steiner_degrees: steiner 0, suppress 0 in 4e-06 s
Starting round 52
Found 186 isolated vertices
Invalid ratios recomputed: 1985
Best ratio is 5/2 (2.5), centered at 974
Finding the best star... Star with 3 terminals centered in 729
round took: 0.321231 s
|V| = 2187, |E| = 13495, |R| = 95
>>> get_solution
>>> get_solution
  refine_solution: new weight 625 (was 627) in 0.005808 s
  refine_solution: new weight 622 (was 625) in 0.005722 s
  refine_solution: new weight 622 (was 622) in 0.005681 s
52,,2001,13495,95,,1985,1818982,,627,622,317,317,317,,5,3,@@

  handle_small_Steiner_degrees: steiner 0, suppress 0 in 4e-06 s
Starting round 53
Found 189 isolated vertices
Invalid ratios recomputed: 1982
Best ratio is 8/3 (2.7), centered at 1262
Finding the best star... Star with 4 terminals centered in 1019
round took: 0.32557 s
|V| = 2187, |E| = 13469, |R| = 92
>>> get_solution
>>> get_solution
  refine_solution: new weight 618 (was 621) in 0.005853 s
  refine_solution: new weight 618 (was 618) in 0.005736 s
53,,1998,13469,92,,1982,1854122,,621,618,325,325,325,,8,4,@@

  handle_small_Steiner_degrees: steiner 0, suppress 0 in 4e-06 s
Starting round 54
Found 194 isolated vertices
Invalid ratios recomputed: 1980
Best ratio is 5/2 (2.5), centered at 1253
Finding the best star... Star with 3 terminals centered in 1252
round took: 0.33031 s
|V| = 2187, |E| = 13451, |R| = 90
>>> get_solution
>>> get_solution
  refine_solution: new weight 615 (was 619) in 0.00585 s
  refine_solution: new weight 613 (was 615) in 0.005763 s
  refine_solution: new weight 613 (was 613) in 0.00574 s
54,,1993,13451,90,,1980,1910674,,619,613,330,330,330,,5,3,@@

  handle_small_Steiner_degrees: steiner 0, suppress 0 in 4e-06 s
Starting round 55
Found 197 isolated vertices
Invalid ratios recomputed: 1978
Best ratio is 5/2 (2.5), centered at 1982
Finding the best star... Star with 3 terminals centered in 1973
round took: 0.334244 s
|V| = 2187, |E| = 13438, |R| = 88
>>> get_solution
>>> get_solution
  refine_solution: new weight 617 (was 620) in 0.005837 s
  refine_solution: new weight 615 (was 617) in 0.005759 s
  refine_solution: new weight 615 (was 615) in 0.005734 s
55,,1990,13438,88,,1978,1940936,,620,615,335,335,335,,5,3,@@

  handle_small_Steiner_degrees: steiner 0, suppress 0 in 4e-06 s
Starting round 56
Found 200 isolated vertices
Invalid ratios recomputed: 1975
Best ratio is 5/2 (2.5), centered at 2063
Finding the best star... Star with 3 terminals centered in 2062
round took: 0.335346 s
|V| = 2187, |E| = 13414, |R| = 86
>>> get_solution
>>> get_solution
  refine_solution: new weight 615 (was 618) in 0.005827 s
  refine_solution: new weight 615 (was 615) in 0.005732 s
56,,1987,13414,86,,1975,1982607,,618,615,340,340,340,,5,3,@@

  handle_small_Steiner_degrees: steiner 0, suppress 0 in 4e-06 s
Starting round 57
Found 203 isolated vertices
Invalid ratios recomputed: 1974
Best ratio is 5/2 (2.5), centered at 2069
Finding the best star... Star with 3 terminals centered in 2067
round took: 0.338207 s
|V| = 2187, |E| = 13400, |R| = 84
>>> get_solution
>>> get_solution
  refine_solution: new weight 610 (was 615) in 0.005836 s
  refine_solution: new weight 610 (was 610) in 0.005768 s
57,,1984,13400,84,,1974,2020326,,615,610,345,345,345,,5,3,@@

  handle_small_Steiner_degrees: steiner 0, suppress 0 in 3e-06 s
Starting round 58
Found 206 isolated vertices
Invalid ratios recomputed: 1972
Best ratio is 8/3 (2.7), centered at 1286
Finding the best star... Star with 4 terminals centered in 800
round took: 0.341459 s
|V| = 2187, |E| = 13370, |R| = 81
>>> get_solution
>>> get_solution
  refine_solution: new weight 603 (was 610) in 0.005811 s
  refine_solution: new weight 603 (was 603) in 0.005678 s
58,,1981,13370,81,,1972,2050139,,610,603,353,353,353,,8,4,@@

  handle_small_Steiner_degrees: steiner 0, suppress 0 in 5e-06 s
Starting round 59
Found 211 isolated vertices
Invalid ratios recomputed: 1968
Best ratio is 5/2 (2.5), centered at 1241
Finding the best star... Star with 3 terminals centered in 800
round took: 0.34826 s
|V| = 2187, |E| = 13352, |R| = 79
>>> get_solution
>>> get_solution
  refine_solution: new weight 603 (was 610) in 0.005862 s
  refine_solution: new weight 603 (was 603) in 0.005728 s
59,,1976,13352,79,,1968,2109915,,610,603,358,358,358,,5,3,@@

  handle_small_Steiner_degrees: steiner 0, suppress 0 in 4e-06 s
Starting round 60
Found 214 isolated vertices
Invalid ratios recomputed: 1965
Best ratio is 8/3 (2.7), centered at 1386
Finding the best star... Star with 4 terminals centered in 900
round took: 0.351164 s
|V| = 2187, |E| = 13321, |R| = 76
>>> get_solution
>>> get_solution
  refine_solution: new weight 605 (was 608) in 0.0059 s
  refine_solution: new weight 605 (was 605) in 0.005741 s
60,,1973,13321,76,,1965,2144304,,608,605,366,366,366,,8,4,@@

  handle_small_Steiner_degrees: steiner 0, suppress 0 in 4e-06 s
Starting round 61
Found 219 isolated vertices
Invalid ratios recomputed: 1960
Best ratio is 8/3 (2.7), centered at 1715
Finding the best star... Star with 4 terminals centered in 1724
round took: 0.354744 s
|V| = 2187, |E| = 13296, |R| = 73
>>> get_solution
>>> get_solution
  refine_solution: new weight 603 (was 604) in 0.005847 s
  refine_solution: new weight 603 (was 603) in 0.005715 s
61,,1968,13296,73,,1960,2202929,,604,603,374,374,374,,8,4,@@

  handle_small_Steiner_degrees: steiner 0, suppress 0 in 4e-06 s
Starting round 62
Found 224 isolated vertices
Invalid ratios recomputed: 1956
Best ratio is 5/2 (2.5), centered at 1472
Finding the best star... Star with 3 terminals centered in 1471
round took: 0.359004 s
|V| = 2187, |E| = 13279, |R| = 71
>>> get_solution
>>> get_solution
  refine_solution: new weight 600 (was 602) in 0.005888 s
  refine_solution: new weight 599 (was 600) in 0.005736 s
  refine_solution: new weight 599 (was 599) in 0.005714 s
62,,1963,13279,71,,1956,2261635,,602,599,379,379,379,,5,3,@@

  handle_small_Steiner_degrees: steiner 0, suppress 0 in 4e-06 s
Starting round 63
Found 227 isolated vertices
Invalid ratios recomputed: 1953
Best ratio is 5/2 (2.5), centered at 1733
Finding the best star... Star with 3 terminals centered in 1490
round took: 0.36011 s
|V| = 2187, |E| = 13260, |R| = 69
>>> get_solution
>>> get_solution
  refine_solution: new weight 601 (was 602) in 0.005934 s
  refine_solution: new weight 600 (was 601) in 0.005762 s
  refine_solution: new weight 600 (was 600) in 0.005775 s
63,,1960,13260,69,,1953,2290468,,602,600,384,384,384,,5,3,@@

  handle_small_Steiner_degrees: steiner 0, suppress 0 in 4e-06 s
Starting round 64
Found 230 isolated vertices
Invalid ratios recomputed: 1950
Best ratio is 8/3 (2.7), centered at 1926
Finding the best star... Star with 4 terminals centered in 1764
round took: 0.363593 s
|V| = 2187, |E| = 13240, |R| = 66
>>> get_solution
>>> get_solution
  refine_solution: new weight 596 (was 598) in 0.005846 s
  refine_solution: new weight 596 (was 596) in 0.005754 s
64,,1957,13240,66,,1950,2333547,,598,596,392,392,392,,8,4,@@

  delete_edges: deleted 317 edges in 1.48127 s and 317 rounds
  handle_small_Steiner_degrees: steiner 0, suppress 0 in 3e-06 s
Starting round 65
Found 235 isolated vertices
Invalid ratios recomputed: 1947
Best ratio is 150/50 (3.0), centered at 1764
Finding the best star... Star with 51 terminals centered in 1593
round took: 0.366214 s
|V| = 2187, |E| = 12344, |R| = 16
>>> get_solution
>>> get_solution
  refine_solution: new weight 589 (was 589) in 0.00588 s
65,,1952,12344,16,,1947,2413921,,589,589,542,542,542,,150,51,@@

  handle_small_Steiner_degrees: steiner 0, suppress 0 in 4e-06 s
Starting round 66
Found 332 isolated vertices
Invalid ratios recomputed: 1854
Best ratio is 8/3 (2.7), centered at 1559
Finding the best star... Star with 4 terminals centered in 1558
round took: 0.392795 s
|V| = 2187, |E| = 12317, |R| = 13
>>> get_solution
>>> get_solution
  refine_solution: new weight 587 (was 587) in 0.005814 s
66,,1855,12317,13,,1854,3279723,,587,587,550,550,550,,8,4,@@

  handle_small_Steiner_degrees: steiner 0, suppress 0 in 3e-06 s
Starting round 67
Found 337 isolated vertices
Invalid ratios recomputed: 1849
Best ratio is 30/10 (3.0), centered at 1558
Finding the best star... Star with 11 terminals centered in 180
round took: 0.393684 s
|V| = 2187, |E| = 12177, |R| = 3
>>> get_solution
>>> get_solution
  refine_solution: new weight 587 (was 587) in 0.005829 s
67,,1850,12177,3,,1849,3333812,,587,587,580,580,580,,30,11,@@

  handle_small_Steiner_degrees: steiner 0, suppress 0 in 3e-06 s
Starting round 68
Found 356 isolated vertices
Invalid ratios recomputed: 1831
Best ratio is 3/1 (3.0), centered at 180
Finding the best star... Star with 2 terminals centered in 180
round took: 0.393153 s
|V| = 2187, |E| = 12174, |R| = 2
>>> get_solution
>>> get_solution
  refine_solution: new weight 587 (was 587) in 0.005869 s
68,,1831,12174,2,,1831,3350202,,587,587,583,583,583,,3,2,@@

  handle_small_Steiner_degrees: steiner 0, suppress 0 in 2e-06 s
Starting round 69
Found 357 isolated vertices
Invalid ratios recomputed: 1830
Best ratio is 4/1 (4.0), centered at 1
Finding the best star... Star with 2 terminals centered in 180
round took: 0.381627 s
|V| = 2187, |E| = 12155, |R| = 1
>>> get_solution
>>> get_solution
  refine_solution: new weight 587 (was 587) in 0.00582 s
69,,1830,12155,1,,1830,3349231,,587,587,587,587,587,,4,2,@@

  handle_small_Steiner_degrees: steiner 0, suppress 0 in 3e-06 s
contract_till_the_bitter_end: 22.6008 s

Calling end_heu
>>> get_solution
Saved weight 0
end_heu: 0 loops with 0 unique solutions in 0.000123 s

Calling print_solution
>>> get_solution
  refine_solution: new weight 587 (was 587) in 0.005792 s
## FINAL WEIGHT 587
print_solution: 0.007546 s
