Version: final-96-g3f4a746 add measure_work.sh
Random seed: 1555584121
Start
>>> save_orig_graph
>> Saved weight 0
Graph loaded
|V| = 33902, |E| = 62816, |R| = 204
First clearance of the input. Calling buy_zero and run_all_heuristics.
  buy_zero: 0 zero edges in 0.000158 s
  handle_small_terminal_degrees: terms 0 in 2.5e-05 s
  handle_small_Steiner_degrees: steiner 4, suppress 645 in 0.000258 s
  shortest_edge_between_terminals: 1 edges in 1.6e-05 s
  handle_small_terminal_degrees: terms 0 in 2.7e-05 s
  handle_small_Steiner_degrees: steiner 0, suppress 0 in 4e-05 s
  shortest_edge_between_terminals: 0 edges in 5e-06 s
Compressed graph 33902 -> 33251
  delete_edges: deleted 25 edges in 0.001601 s and 1 rounds
  handle_small_terminal_degrees: terms 0 in 2.5e-05 s
  handle_small_Steiner_degrees: steiner 0, suppress 46 in 5.2e-05 s
  shortest_edge_between_terminals: 0 edges in 1e-05 s
  handle_small_terminal_degrees: terms 0 in 2.5e-05 s
  handle_small_Steiner_degrees: steiner 0, suppress 0 in 4e-05 s
  shortest_edge_between_terminals: 0 edges in 5e-06 s
Compressed graph 33251 -> 33205
  delete_edges_shortest_path: deleted 46 edges in 0.208283 s
  handle_small_terminal_degrees: terms 0 in 2.5e-05 s
  handle_small_Steiner_degrees: steiner 0, suppress 53 in 6.9e-05 s
  shortest_edge_between_terminals: 0 edges in 2.5e-05 s
  handle_small_terminal_degrees: terms 0 in 2.5e-05 s
  handle_small_Steiner_degrees: steiner 0, suppress 0 in 3.9e-05 s
  shortest_edge_between_terminals: 0 edges in 6e-06 s
Compressed graph 33205 -> 33152
  handle_small_terminal_degrees: terms 0 in 2.7e-05 s
  handle_small_Steiner_degrees: steiner 0, suppress 0 in 3.3e-05 s
  shortest_edge_between_terminals: 0 edges in 2.7e-05 s
Compressed graph 33152 -> 33147
  delete_edges_shortest_path: deleted 55 edges in 0.208086 s
  handle_small_terminal_degrees: terms 0 in 2.5e-05 s
  handle_small_Steiner_degrees: steiner 0, suppress 62 in 7.6e-05 s
  shortest_edge_between_terminals: 0 edges in 2.1e-05 s
  handle_small_terminal_degrees: terms 0 in 2.5e-05 s
  handle_small_Steiner_degrees: steiner 0, suppress 0 in 3.9e-05 s
  shortest_edge_between_terminals: 0 edges in 5e-06 s
Compressed graph 33147 -> 33085
Compressed graph 33085 -> 33085
>>> save_orig_graph
>> Saved weight 78
### ZEL_LVL=0 PRECISE_STARS=0

Calling `contract_till_the_bitter_end`
|V| = 33085, |E| = 61874, |R| = 198
>>> get_solution
>>> get_solution
  refine_solution: new weight 13212 (was 13286) in 0.007198 s
  refine_solution: new weight 13184 (was 13212) in 0.006948 s
  refine_solution: new weight 13174 (was 13184) in 0.006947 s
  refine_solution: new weight 13174 (was 13174) in 0.007013 s
0,,33085,61874,198,,0,0,,13286,13174,78,78,78,,0,0,@@

  delete_edges: deleted 54 edges in 0.005051 s and 3 rounds
  handle_small_Steiner_degrees: steiner 0, suppress 60 in 7.4e-05 s
Starting round 1
Found 60 isolated vertices
Invalid ratios recomputed: 33025
Best ratio is 33/2 (16.5), centered at 3734
Finding the best star... Star with 3 terminals centered in 3736
round took: 4.24273 s
|V| = 33085, |E| = 61753, |R| = 196
>>> get_solution
>>> get_solution
  refine_solution: new weight 13212 (was 13296) in 0.007101 s
  refine_solution: new weight 13184 (was 13212) in 0.006909 s
  refine_solution: new weight 13174 (was 13184) in 0.006841 s
  refine_solution: new weight 13174 (was 13174) in 0.006822 s
1,,33025,61753,196,,33025,40853440,,13296,13174,111,111,111,,33,3,@@

  handle_small_Steiner_degrees: steiner 0, suppress 1 in 5.3e-05 s
Starting round 2
Found 66 isolated vertices
Invalid ratios recomputed: 187
Best ratio is 33/2 (16.5), centered at 28811
Finding the best star... Star with 3 terminals centered in 29056
round took: 0.016232 s
|V| = 33085, |E| = 61747, |R| = 194
>>> get_solution
>>> get_solution
  refine_solution: new weight 13212 (was 13296) in 0.0072 s
  refine_solution: new weight 13184 (was 13212) in 0.007095 s
  refine_solution: new weight 13174 (was 13184) in 0.007053 s
  refine_solution: new weight 13174 (was 13174) in 0.007072 s
2,,33019,61747,194,,187,29298,,13296,13174,144,144,144,,33,3,@@

  handle_small_Steiner_degrees: steiner 0, suppress 1 in 6.2e-05 s
Starting round 3
Found 70 isolated vertices
Invalid ratios recomputed: 461
Best ratio is 36/2 (18.0), centered at 28795
Finding the best star... Star with 3 terminals centered in 28547
round took: 0.040552 s
|V| = 33085, |E| = 61741, |R| = 192
>>> get_solution
>>> get_solution
  refine_solution: new weight 13212 (was 13296) in 0.007281 s
  refine_solution: new weight 13184 (was 13212) in 0.007115 s
  refine_solution: new weight 13174 (was 13184) in 0.007093 s
  refine_solution: new weight 13174 (was 13174) in 0.00703 s
3,,33015,61741,192,,461,296489,,13296,13174,180,180,180,,36,3,@@

  handle_small_Steiner_degrees: steiner 0, suppress 0 in 4e-05 s
Starting round 4
Found 74 isolated vertices
Invalid ratios recomputed: 711
Best ratio is 18/1 (18.0), centered at 5267
Finding the best star... Star with 2 terminals centered in 5522
round took: 0.067394 s
|V| = 33085, |E| = 61738, |R| = 191
>>> get_solution
>>> get_solution
  refine_solution: new weight 13212 (was 13296) in 0.007323 s
  refine_solution: new weight 13184 (was 13212) in 0.006905 s
  refine_solution: new weight 13174 (was 13184) in 0.006773 s
  refine_solution: new weight 13174 (was 13174) in 0.006786 s
4,,33011,61738,191,,711,577325,,13296,13174,198,198,198,,18,2,@@

  handle_small_Steiner_degrees: steiner 0, suppress 1 in 5.2e-05 s
Starting round 5
Found 77 isolated vertices
Invalid ratios recomputed: 368
Best ratio is 18/1 (18.0), centered at 17272
Finding the best star... Star with 2 terminals centered in 17525
round took: 0.034055 s
|V| = 33085, |E| = 61735, |R| = 190
>>> get_solution
>>> get_solution
  refine_solution: new weight 13228 (was 13294) in 0.007398 s
  refine_solution: new weight 13200 (was 13228) in 0.006989 s
  refine_solution: new weight 13190 (was 13200) in 0.006789 s
  refine_solution: new weight 13190 (was 13190) in 0.006773 s
5,,33008,61735,190,,368,205594,,13294,13190,216,216,216,,18,2,@@

  handle_small_Steiner_degrees: steiner 0, suppress 0 in 4e-05 s
Starting round 6
Found 79 isolated vertices
Invalid ratios recomputed: 116
Best ratio is 18/1 (18.0), centered at 17295
Finding the best star... Star with 2 terminals centered in 17545
round took: 0.015938 s
|V| = 33085, |E| = 61732, |R| = 189
>>> get_solution
>>> get_solution
  refine_solution: new weight 13228 (was 13304) in 0.007109 s
  refine_solution: new weight 13200 (was 13228) in 0.006974 s
  refine_solution: new weight 13190 (was 13200) in 0.006853 s
  refine_solution: new weight 13190 (was 13190) in 0.006772 s
6,,33006,61732,189,,116,29982,,13304,13190,234,234,234,,18,2,@@

  handle_small_Steiner_degrees: steiner 0, suppress 1 in 4.6e-05 s
Starting round 7
Found 82 isolated vertices
Invalid ratios recomputed: 426
Best ratio is 18/1 (18.0), centered at 17760
Finding the best star... Star with 2 terminals centered in 18016
round took: 0.045993 s
|V| = 33085, |E| = 61729, |R| = 188
>>> get_solution
>>> get_solution
  refine_solution: new weight 13205 (was 13271) in 0.007091 s
  refine_solution: new weight 13177 (was 13205) in 0.006914 s
  refine_solution: new weight 13167 (was 13177) in 0.006784 s
  refine_solution: new weight 13167 (was 13167) in 0.006808 s
7,,33003,61729,188,,426,324576,,13271,13167,252,252,252,,18,2,@@

  handle_small_Steiner_degrees: steiner 0, suppress 0 in 3.9e-05 s
Starting round 8
Found 84 isolated vertices
Invalid ratios recomputed: 777
Best ratio is 18/1 (18.0), centered at 18305
Finding the best star... Star with 2 terminals centered in 18555
round took: 0.233162 s
|V| = 33085, |E| = 61727, |R| = 187
>>> get_solution
>>> get_solution
  refine_solution: new weight 13228 (was 13304) in 0.007103 s
  refine_solution: new weight 13200 (was 13228) in 0.007344 s
  refine_solution: new weight 13190 (was 13200) in 0.00706 s
  refine_solution: new weight 13190 (was 13190) in 0.006985 s
8,,33001,61727,187,,777,1979265,,13304,13190,270,270,270,,18,2,@@

  handle_small_Steiner_degrees: steiner 0, suppress 0 in 3.9e-05 s
Starting round 9
Found 86 isolated vertices
Invalid ratios recomputed: 547
Best ratio is 18/1 (18.0), centered at 27555
Finding the best star... Star with 2 terminals centered in 27820
round took: 0.07562 s
|V| = 33085, |E| = 61724, |R| = 186
>>> get_solution
>>> get_solution
  refine_solution: new weight 13228 (was 13294) in 0.007384 s
  refine_solution: new weight 13200 (was 13228) in 0.007162 s
  refine_solution: new weight 13190 (was 13200) in 0.007016 s
  refine_solution: new weight 13190 (was 13190) in 0.006804 s
9,,32999,61724,186,,547,615525,,13294,13190,288,288,288,,18,2,@@

  handle_small_Steiner_degrees: steiner 0, suppress 1 in 5.5e-05 s
Starting round 10
Found 89 isolated vertices
Invalid ratios recomputed: 1291
Best ratio is 18/1 (18.0), centered at 28825
Finding the best star... Star with 2 terminals centered in 29068
round took: 0.242083 s
|V| = 33085, |E| = 61720, |R| = 185
>>> get_solution
>>> get_solution
  refine_solution: new weight 13223 (was 13299) in 0.007122 s
  refine_solution: new weight 13195 (was 13223) in 0.006949 s
  refine_solution: new weight 13185 (was 13195) in 0.006887 s
  refine_solution: new weight 13185 (was 13185) in 0.006896 s
10,,32996,61720,185,,1291,2227074,,13299,13185,306,306,306,,18,2,@@

  handle_small_Steiner_degrees: steiner 0, suppress 1 in 4.3e-05 s
Starting round 11
Found 92 isolated vertices
Invalid ratios recomputed: 492
Best ratio is 40/2 (20.0), centered at 28784
Finding the best star... Star with 3 terminals centered in 28788
round took: 0.049572 s
|V| = 33085, |E| = 61711, |R| = 183
>>> get_solution
>>> get_solution
  refine_solution: new weight 13223 (was 13299) in 0.007128 s
  refine_solution: new weight 13195 (was 13223) in 0.006885 s
  refine_solution: new weight 13185 (was 13195) in 0.006849 s
  refine_solution: new weight 13185 (was 13185) in 0.006881 s
11,,32993,61711,183,,492,388254,,13299,13185,346,346,346,,40,3,@@

  handle_small_Steiner_degrees: steiner 0, suppress 0 in 4.5e-05 s
Starting round 12
Found 100 isolated vertices
Invalid ratios recomputed: 805
Best ratio is 20/1 (20.0), centered at 5528
Finding the best star... Star with 2 terminals centered in 5783
round took: 0.0728 s
|V| = 33085, |E| = 61708, |R| = 182
>>> get_solution
>>> get_solution
  refine_solution: new weight 13223 (was 13299) in 0.007263 s
  refine_solution: new weight 13195 (was 13223) in 0.007028 s
  refine_solution: new weight 13185 (was 13195) in 0.007027 s
  refine_solution: new weight 13185 (was 13185) in 0.007014 s
12,,32985,61708,182,,805,631648,,13299,13185,366,366,366,,20,2,@@

  handle_small_Steiner_degrees: steiner 0, suppress 0 in 4.7e-05 s
Starting round 13
Found 103 isolated vertices
Invalid ratios recomputed: 339
Best ratio is 20/1 (20.0), centered at 5537
Finding the best star... Star with 2 terminals centered in 5541
round took: 0.027041 s
|V| = 33085, |E| = 61704, |R| = 181
>>> get_solution
>>> get_solution
  refine_solution: new weight 13208 (was 13284) in 0.00731 s
  refine_solution: new weight 13185 (was 13208) in 0.00702 s
  refine_solution: new weight 13180 (was 13185) in 0.006879 s
  refine_solution: new weight 13180 (was 13180) in 0.006907 s
13,,32982,61704,181,,339,144796,,13284,13180,386,386,386,,20,2,@@

  handle_small_Steiner_degrees: steiner 0, suppress 0 in 3.9e-05 s
Starting round 14
Found 107 isolated vertices
Invalid ratios recomputed: 330
Best ratio is 20/1 (20.0), centered at 16807
Finding the best star... Star with 2 terminals centered in 16810
round took: 0.024486 s
|V| = 33085, |E| = 61701, |R| = 180
>>> get_solution
>>> get_solution
  refine_solution: new weight 13208 (was 13294) in 0.007098 s
  refine_solution: new weight 13185 (was 13208) in 0.006853 s
  refine_solution: new weight 13180 (was 13185) in 0.00679 s
  refine_solution: new weight 13180 (was 13180) in 0.006793 s
14,,32978,61701,180,,330,108442,,13294,13180,406,406,406,,20,2,@@

  handle_small_Steiner_degrees: steiner 0, suppress 0 in 3.9e-05 s
Starting round 15
Found 110 isolated vertices
Invalid ratios recomputed: 354
Best ratio is 20/1 (20.0), centered at 17765
Finding the best star... Star with 2 terminals centered in 17769
round took: 0.03549 s
|V| = 33085, |E| = 61697, |R| = 179
>>> get_solution
>>> get_solution
  refine_solution: new weight 13185 (was 13271) in 0.007172 s
  refine_solution: new weight 13162 (was 13185) in 0.006859 s
  refine_solution: new weight 13157 (was 13162) in 0.006817 s
  refine_solution: new weight 13157 (was 13157) in 0.006793 s
15,,32975,61697,179,,354,228977,,13271,13157,426,426,426,,20,2,@@

  handle_small_Steiner_degrees: steiner 0, suppress 0 in 4.1e-05 s
Starting round 16
Found 114 isolated vertices
Invalid ratios recomputed: 118
Best ratio is 20/1 (20.0), centered at 17780
Finding the best star... Star with 2 terminals centered in 17783
round took: 0.014341 s
|V| = 33085, |E| = 61694, |R| = 178
>>> get_solution
>>> get_solution
  refine_solution: new weight 13208 (was 13284) in 0.007421 s
  refine_solution: new weight 13185 (was 13208) in 0.007276 s
  refine_solution: new weight 13180 (was 13185) in 0.00704 s
  refine_solution: new weight 13180 (was 13180) in 0.007035 s
16,,32971,61694,178,,118,13114,,13284,13180,446,446,446,,20,2,@@

  delete_edges: deleted 61 edges in 0.00503 s and 3 rounds
  handle_small_Steiner_degrees: steiner 0, suppress 61 in 9.4e-05 s
Starting round 17
Found 178 isolated vertices
Invalid ratios recomputed: 248
Best ratio is 20/1 (20.0), centered at 28821
Finding the best star... Star with 2 terminals centered in 29068
round took: 0.0325 s
|V| = 33085, |E| = 61567, |R| = 177
>>> get_solution
>>> get_solution
  refine_solution: new weight 13208 (was 13284) in 0.007185 s
  refine_solution: new weight 13185 (was 13208) in 0.00696 s
  refine_solution: new weight 13180 (was 13185) in 0.006848 s
  refine_solution: new weight 13180 (was 13180) in 0.006824 s
17,,32907,61567,177,,248,202518,,13284,13180,466,466,466,,20,2,@@

  handle_small_Steiner_degrees: steiner 0, suppress 0 in 3.9e-05 s
Starting round 18
Found 182 isolated vertices
Invalid ratios recomputed: 578
Best ratio is 20/1 (20.0), centered at 29078
Finding the best star... Star with 2 terminals centered in 29082
round took: 0.057086 s
|V| = 33085, |E| = 61563, |R| = 176
>>> get_solution
>>> get_solution
  refine_solution: new weight 13208 (was 13294) in 0.007114 s
  refine_solution: new weight 13185 (was 13208) in 0.006988 s
  refine_solution: new weight 13180 (was 13185) in 0.006833 s
  refine_solution: new weight 13180 (was 13180) in 0.006912 s
18,,32903,61563,176,,578,460378,,13294,13180,486,486,486,,20,2,@@

  handle_small_Steiner_degrees: steiner 0, suppress 0 in 3.9e-05 s
Starting round 19
Found 186 isolated vertices
Invalid ratios recomputed: 1404
Best ratio is 66/3 (22.0), centered at 5499
Finding the best star... Star with 4 terminals centered in 5503
round took: 0.185957 s
|V| = 33085, |E| = 61552, |R| = 173
>>> get_solution
>>> get_solution
  refine_solution: new weight 13203 (was 13281) in 0.007496 s
  refine_solution: new weight 13180 (was 13203) in 0.00717 s
  refine_solution: new weight 13175 (was 13180) in 0.007099 s
  refine_solution: new weight 13175 (was 13175) in 0.006819 s
19,,32899,61552,173,,1404,1809658,,13281,13175,547,547,547,,66,4,@@

  handle_small_Steiner_degrees: steiner 0, suppress 2 in 5.2e-05 s
Starting round 20
Found 197 isolated vertices
Invalid ratios recomputed: 782
Best ratio is 23/1 (23.0), centered at 2418
Finding the best star... Star with 2 terminals centered in 2695
round took: 0.068355 s
|V| = 33085, |E| = 61544, |R| = 172
>>> get_solution
>>> get_solution
  refine_solution: new weight 13203 (was 13271) in 0.007134 s
  refine_solution: new weight 13180 (was 13203) in 0.006858 s
  refine_solution: new weight 13175 (was 13180) in 0.006795 s
  refine_solution: new weight 13175 (was 13175) in 0.00681 s
20,,32888,61544,172,,782,588516,,13271,13175,570,570,570,,23,2,@@

  handle_small_Steiner_degrees: steiner 0, suppress 2 in 5.3e-05 s
Starting round 21
Found 202 isolated vertices
Invalid ratios recomputed: 651
Best ratio is 23/1 (23.0), centered at 8972
Finding the best star... Star with 2 terminals centered in 9234
round took: 0.057453 s
|V| = 33085, |E| = 61537, |R| = 171
>>> get_solution
>>> get_solution
  refine_solution: new weight 13193 (was 13261) in 0.007417 s
  refine_solution: new weight 13170 (was 13193) in 0.006958 s
  refine_solution: new weight 13165 (was 13170) in 0.006815 s
  refine_solution: new weight 13165 (was 13165) in 0.006786 s
21,,32883,61537,171,,651,490386,,13261,13165,593,593,593,,23,2,@@

  handle_small_Steiner_degrees: steiner 0, suppress 2 in 5.1e-05 s
Starting round 22
Found 207 isolated vertices
Invalid ratios recomputed: 1204
Best ratio is 23/1 (23.0), centered at 17817
Finding the best star... Star with 2 terminals centered in 18073
round took: 0.140463 s
|V| = 33085, |E| = 61532, |R| = 170
>>> get_solution
>>> get_solution
  refine_solution: new weight 13193 (was 13271) in 0.007096 s
  refine_solution: new weight 13170 (was 13193) in 0.006903 s
  refine_solution: new weight 13165 (was 13170) in 0.006848 s
  refine_solution: new weight 13165 (was 13165) in 0.006831 s
22,,32878,61532,170,,1204,1264738,,13271,13165,616,616,616,,23,2,@@

  handle_small_Steiner_degrees: steiner 0, suppress 0 in 4e-05 s
Starting round 23
Found 209 isolated vertices
Invalid ratios recomputed: 831
Best ratio is 23/1 (23.0), centered at 18009
Finding the best star... Star with 2 terminals centered in 18271
round took: 0.120175 s
|V| = 33085, |E| = 61529, |R| = 169
>>> get_solution
>>> get_solution
  refine_solution: new weight 13193 (was 13271) in 0.007131 s
  refine_solution: new weight 13170 (was 13193) in 0.006893 s
  refine_solution: new weight 13165 (was 13170) in 0.006814 s
  refine_solution: new weight 13165 (was 13165) in 0.006815 s
23,,32876,61529,169,,831,1040001,,13271,13165,639,639,639,,23,2,@@

  handle_small_Steiner_degrees: steiner 0, suppress 0 in 3.9e-05 s
Starting round 24
Found 212 isolated vertices
Invalid ratios recomputed: 1452
Best ratio is 23/1 (23.0), centered at 18066
Finding the best star... Star with 2 terminals centered in 18326
round took: 0.433785 s
|V| = 33085, |E| = 61525, |R| = 168
>>> get_solution
>>> get_solution
  refine_solution: new weight 13183 (was 13261) in 0.007228 s
  refine_solution: new weight 13160 (was 13183) in 0.007022 s
  refine_solution: new weight 13155 (was 13160) in 0.007 s
  refine_solution: new weight 13155 (was 13155) in 0.006996 s
24,,32873,61525,168,,1452,3834730,,13261,13155,662,662,662,,23,2,@@

  handle_small_Steiner_degrees: steiner 0, suppress 2 in 4.7e-05 s
Starting round 25
Found 217 isolated vertices
Invalid ratios recomputed: 843
Best ratio is 23/1 (23.0), centered at 31448
Finding the best star... Star with 2 terminals centered in 31685
round took: 0.115549 s
|V| = 33085, |E| = 61519, |R| = 167
>>> get_solution
>>> get_solution
  refine_solution: new weight 13183 (was 13261) in 0.007154 s
  refine_solution: new weight 13160 (was 13183) in 0.0069 s
  refine_solution: new weight 13155 (was 13160) in 0.006847 s
  refine_solution: new weight 13155 (was 13155) in 0.006879 s
25,,32868,61519,167,,843,1003861,,13261,13155,685,685,685,,23,2,@@

  handle_small_Steiner_degrees: steiner 0, suppress 0 in 3.9e-05 s
Starting round 26
Found 220 isolated vertices
Invalid ratios recomputed: 552
Best ratio is 48/2 (24.0), centered at 5524
Finding the best star... Star with 3 terminals centered in 5783
round took: 0.032373 s
|V| = 33085, |E| = 61512, |R| = 165
>>> get_solution
>>> get_solution
  refine_solution: new weight 13178 (was 13236) in 0.007118 s
  refine_solution: new weight 13173 (was 13178) in 0.006922 s
  refine_solution: new weight 13168 (was 13173) in 0.006884 s
  refine_solution: new weight 13168 (was 13168) in 0.006903 s
26,,32865,61512,165,,552,210027,,13236,13168,733,733,733,,48,3,@@

  handle_small_Steiner_degrees: steiner 0, suppress 2 in 5.2e-05 s
Starting round 27
Found 228 isolated vertices
Invalid ratios recomputed: 641
Best ratio is 50/2 (25.0), centered at 28816
Finding the best star... Star with 3 terminals centered in 29068
round took: 0.049423 s
|V| = 33085, |E| = 61497, |R| = 163
>>> get_solution
>>> get_solution
  refine_solution: new weight 13178 (was 13236) in 0.007204 s
  refine_solution: new weight 13173 (was 13178) in 0.006974 s
  refine_solution: new weight 13168 (was 13173) in 0.006984 s
  refine_solution: new weight 13168 (was 13168) in 0.007022 s
27,,32857,61497,163,,641,347180,,13236,13168,783,783,783,,50,3,@@

  handle_small_Steiner_degrees: steiner 0, suppress 0 in 3.9e-05 s
Starting round 28
Found 238 isolated vertices
Invalid ratios recomputed: 1145
Best ratio is 25/1 (25.0), centered at 5517
Finding the best star... Star with 2 terminals centered in 5783
round took: 0.118876 s
|V| = 33085, |E| = 61492, |R| = 162
>>> get_solution
>>> get_solution
  refine_solution: new weight 13178 (was 13236) in 0.007288 s
  refine_solution: new weight 13173 (was 13178) in 0.006971 s
  refine_solution: new weight 13168 (was 13173) in 0.006919 s
  refine_solution: new weight 13168 (was 13168) in 0.006822 s
28,,32847,61492,162,,1145,1136366,,13236,13168,808,808,808,,25,2,@@

  handle_small_Steiner_degrees: steiner 0, suppress 0 in 4e-05 s
Starting round 29
Found 243 isolated vertices
Invalid ratios recomputed: 741
Best ratio is 25/1 (25.0), centered at 28805
Finding the best star... Star with 2 terminals centered in 29068
round took: 0.061276 s
|V| = 33085, |E| = 61487, |R| = 161
>>> get_solution
>>> get_solution
  refine_solution: new weight 13168 (was 13246) in 0.00712 s
  refine_solution: new weight 13158 (was 13168) in 0.00689 s
  refine_solution: new weight 13153 (was 13158) in 0.006881 s
  refine_solution: new weight 13153 (was 13153) in 0.006828 s
29,,32842,61487,161,,741,458557,,13246,13153,833,833,833,,25,2,@@

  handle_small_Steiner_degrees: steiner 0, suppress 0 in 3.9e-05 s
Starting round 30
Found 248 isolated vertices
Invalid ratios recomputed: 1348
Best ratio is 51/2 (25.5), centered at 17772
Finding the best star... Star with 3 terminals centered in 18029
round took: 0.141062 s
|V| = 33085, |E| = 61477, |R| = 159
>>> get_solution
>>> get_solution
  refine_solution: new weight 13129 (was 13197) in 0.007127 s
  refine_solution: new weight 13119 (was 13129) in 0.006964 s
  refine_solution: new weight 13114 (was 13119) in 0.006943 s
  refine_solution: new weight 13114 (was 13114) in 0.007019 s
30,,32837,61477,159,,1348,1327571,,13197,13114,884,884,884,,51,3,@@

  handle_small_Steiner_degrees: steiner 0, suppress 1 in 5.9e-05 s
Starting round 31
Found 256 isolated vertices
Invalid ratios recomputed: 250
Best ratio is 26/1 (26.0), centered at 14546
Finding the best star... Star with 2 terminals centered in 15070
round took: 0.026221 s
|V| = 33085, |E| = 61473, |R| = 158
>>> get_solution
>>> get_solution
  refine_solution: new weight 13162 (was 13220) in 0.007176 s
  refine_solution: new weight 13157 (was 13162) in 0.006924 s
  refine_solution: new weight 13152 (was 13157) in 0.006825 s
  refine_solution: new weight 13152 (was 13152) in 0.006819 s
31,,32829,61473,158,,250,117632,,13220,13152,910,910,910,,26,2,@@

  handle_small_Steiner_degrees: steiner 0, suppress 0 in 3.9e-05 s
Starting round 32
Found 258 isolated vertices
Invalid ratios recomputed: 292
Best ratio is 26/1 (26.0), centered at 18016
Finding the best star... Star with 2 terminals centered in 18527
round took: 0.021776 s
|V| = 33085, |E| = 61470, |R| = 157
>>> get_solution
>>> get_solution
  refine_solution: new weight 13157 (was 13225) in 0.007269 s
  refine_solution: new weight 13152 (was 13157) in 0.006918 s
  refine_solution: new weight 13147 (was 13152) in 0.006868 s
  refine_solution: new weight 13147 (was 13147) in 0.006839 s
32,,32827,61470,157,,292,84768,,13225,13147,936,936,936,,26,2,@@

  delete_edges: deleted 63 edges in 0.003517 s and 2 rounds
  handle_small_Steiner_degrees: steiner 0, suppress 66 in 7.6e-05 s
Starting round 33
Found 326 isolated vertices
Invalid ratios recomputed: 1097
Best ratio is 26/1 (26.0), centered at 28360
Finding the best star... Star with 2 terminals centered in 28849
round took: 0.282434 s
|V| = 33085, |E| = 61339, |R| = 156
>>> get_solution
>>> get_solution
  refine_solution: new weight 13157 (was 13225) in 0.007262 s
  refine_solution: new weight 13152 (was 13157) in 0.007144 s
  refine_solution: new weight 13147 (was 13152) in 0.00708 s
  refine_solution: new weight 13147 (was 13147) in 0.007067 s
33,,32759,61339,156,,1097,2420145,,13225,13147,962,962,962,,26,2,@@

  handle_small_Steiner_degrees: steiner 0, suppress 0 in 4.6e-05 s
Starting round 34
Found 328 isolated vertices
Invalid ratios recomputed: 1853
Best ratio is 56/2 (28.0), centered at 28830
Finding the best star... Star with 3 terminals centered in 28832
round took: 0.318632 s
|V| = 33085, |E| = 61329, |R| = 154
>>> get_solution
>>> get_solution
  refine_solution: new weight 13157 (was 13225) in 0.007239 s
  refine_solution: new weight 13152 (was 13157) in 0.006938 s
  refine_solution: new weight 13147 (was 13152) in 0.006837 s
  refine_solution: new weight 13147 (was 13147) in 0.006765 s
34,,32757,61329,154,,1853,3054030,,13225,13147,1018,1018,1018,,56,3,@@

  handle_small_Steiner_degrees: steiner 0, suppress 2 in 5.5e-05 s
Starting round 35
Found 338 isolated vertices
Invalid ratios recomputed: 2552
Best ratio is 28/1 (28.0), centered at 19298
Finding the best star... Star with 2 terminals centered in 19301
round took: 0.357302 s
|V| = 33085, |E| = 61321, |R| = 153
>>> get_solution
>>> get_solution
  refine_solution: new weight 13111 (was 13189) in 0.007213 s
  refine_solution: new weight 13101 (was 13111) in 0.007012 s
  refine_solution: new weight 13096 (was 13101) in 0.006993 s
  refine_solution: new weight 13096 (was 13096) in 0.007018 s
35,,32747,61321,153,,2552,3389479,,13189,13096,1046,1046,1046,,28,2,@@

  handle_small_Steiner_degrees: steiner 0, suppress 2 in 4.6e-05 s
Starting round 36
Found 344 isolated vertices
Invalid ratios recomputed: 769
Best ratio is 28/1 (28.0), centered at 28802
Finding the best star... Star with 2 terminals centered in 28832
round took: 0.106512 s
|V| = 33085, |E| = 61312, |R| = 152
>>> get_solution
>>> get_solution
  refine_solution: new weight 13134 (was 13202) in 0.00712 s
  refine_solution: new weight 13124 (was 13134) in 0.006891 s
  refine_solution: new weight 13119 (was 13124) in 0.00686 s
  refine_solution: new weight 13119 (was 13119) in 0.006872 s
36,,32741,61312,152,,769,907807,,13202,13119,1074,1074,1074,,28,2,@@

  handle_small_Steiner_degrees: steiner 0, suppress 2 in 5.5e-05 s
Starting round 37
Found 350 isolated vertices
Invalid ratios recomputed: 2695
Best ratio is 57/2 (28.5), centered at 16796
Finding the best star... Star with 3 terminals centered in 18029
round took: 0.372278 s
|V| = 33085, |E| = 61302, |R| = 150
>>> get_solution
>>> get_solution
  refine_solution: new weight 13139 (was 13207) in 0.007542 s
  refine_solution: new weight 13134 (was 13139) in 0.007163 s
  refine_solution: new weight 13129 (was 13134) in 0.006899 s
  refine_solution: new weight 13129 (was 13129) in 0.006793 s
37,,32735,61302,150,,2695,3547571,,13207,13129,1131,1131,1131,,57,3,@@

  handle_small_Steiner_degrees: steiner 0, suppress 0 in 4e-05 s
Starting round 38
Found 355 isolated vertices
Invalid ratios recomputed: 938
Best ratio is 60/2 (30.0), centered at 18029
Finding the best star... Star with 3 terminals centered in 17783
round took: 0.122406 s
|V| = 33085, |E| = 61291, |R| = 148
>>> get_solution
>>> get_solution
  refine_solution: new weight 13139 (was 13207) in 0.007296 s
  refine_solution: new weight 13134 (was 13139) in 0.006932 s
  refine_solution: new weight 13129 (was 13134) in 0.006789 s
  refine_solution: new weight 13129 (was 13129) in 0.006818 s
38,,32730,61291,148,,938,1009482,,13207,13129,1191,1191,1191,,60,3,@@

  handle_small_Steiner_degrees: steiner 0, suppress 1 in 5e-05 s
Starting round 39
Found 366 isolated vertices
Invalid ratios recomputed: 2030
Best ratio is 30/1 (30.0), centered at 17783
Finding the best star... Star with 2 terminals centered in 17783
round took: 0.389653 s
|V| = 33085, |E| = 61283, |R| = 147
>>> get_solution
>>> get_solution
  refine_solution: new weight 13139 (was 13207) in 0.007406 s
  refine_solution: new weight 13134 (was 13139) in 0.007167 s
  refine_solution: new weight 13129 (was 13134) in 0.007031 s
  refine_solution: new weight 13129 (was 13129) in 0.006994 s
39,,32719,61283,147,,2030,3367334,,13207,13129,1221,1221,1221,,30,2,@@

  handle_small_Steiner_degrees: steiner 0, suppress 1 in 4.9e-05 s
Starting round 40
Found 372 isolated vertices
Invalid ratios recomputed: 2505
Best ratio is 30/1 (30.0), centered at 28843
Finding the best star... Star with 2 terminals centered in 28849
round took: 0.554286 s
|V| = 33085, |E| = 61274, |R| = 146
>>> get_solution
>>> get_solution
  refine_solution: new weight 13139 (was 13207) in 0.007141 s
  refine_solution: new weight 13134 (was 13139) in 0.006946 s
  refine_solution: new weight 13129 (was 13134) in 0.006896 s
  refine_solution: new weight 13129 (was 13129) in 0.006839 s
40,,32713,61274,146,,2505,4887936,,13207,13129,1251,1251,1251,,30,2,@@

  handle_small_Steiner_degrees: steiner 0, suppress 0 in 4.1e-05 s
Starting round 41
Found 378 isolated vertices
Invalid ratios recomputed: 2004
Best ratio is 31/1 (31.0), centered at 2130
Finding the best star... Star with 2 terminals centered in 2680
round took: 0.371818 s
|V| = 33085, |E| = 61270, |R| = 145
>>> get_solution
>>> get_solution
  refine_solution: new weight 13139 (was 13202) in 0.007406 s
  refine_solution: new weight 13134 (was 13139) in 0.007174 s
  refine_solution: new weight 13129 (was 13134) in 0.007044 s
  refine_solution: new weight 13129 (was 13129) in 0.007026 s
41,,32707,61270,145,,2004,3511908,,13202,13129,1282,1282,1282,,31,2,@@

  handle_small_Steiner_degrees: steiner 0, suppress 0 in 4e-05 s
Starting round 42
Found 381 isolated vertices
Invalid ratios recomputed: 698
Best ratio is 66/2 (33.0), centered at 17297
Finding the best star... Star with 3 terminals centered in 17302
round took: 0.047388 s
|V| = 33085, |E| = 61261, |R| = 143
>>> get_solution
>>> get_solution
  refine_solution: new weight 13139 (was 13192) in 0.007397 s
  refine_solution: new weight 13134 (was 13139) in 0.007166 s
  refine_solution: new weight 13129 (was 13134) in 0.006924 s
  refine_solution: new weight 13129 (was 13129) in 0.006765 s
42,,32704,61261,143,,698,368590,,13192,13129,1348,1348,1348,,66,3,@@

  handle_small_Steiner_degrees: steiner 0, suppress 2 in 4.7e-05 s
Starting round 43
Found 391 isolated vertices
Invalid ratios recomputed: 789
Best ratio is 33/1 (33.0), centered at 16032
Finding the best star... Star with 2 terminals centered in 16289
round took: 0.090388 s
|V| = 33085, |E| = 61254, |R| = 142
>>> get_solution
>>> get_solution
  refine_solution: new weight 13139 (was 13192) in 0.007401 s
  refine_solution: new weight 13134 (was 13139) in 0.00714 s
  refine_solution: new weight 13129 (was 13134) in 0.007066 s
  refine_solution: new weight 13129 (was 13129) in 0.007067 s
43,,32694,61254,142,,789,738704,,13192,13129,1381,1381,1381,,33,2,@@

  handle_small_Steiner_degrees: steiner 0, suppress 0 in 3.9e-05 s
Starting round 44
Found 394 isolated vertices
Invalid ratios recomputed: 1656
Best ratio is 33/1 (33.0), centered at 28832
Finding the best star... Star with 2 terminals centered in 29082
round took: 0.394064 s
|V| = 33085, |E| = 61248, |R| = 141
>>> get_solution
>>> get_solution
  refine_solution: new weight 13139 (was 13192) in 0.00714 s
  refine_solution: new weight 13134 (was 13139) in 0.006906 s
  refine_solution: new weight 13129 (was 13134) in 0.006805 s
  refine_solution: new weight 13129 (was 13129) in 0.00687 s
44,,32691,61248,141,,1656,3425250,,13192,13129,1414,1414,1414,,33,2,@@

  handle_small_Steiner_degrees: steiner 0, suppress 0 in 3.9e-05 s
Starting round 45
Found 399 isolated vertices
Invalid ratios recomputed: 3258
Best ratio is 69/2 (34.5), centered at 17563
Finding the best star... Star with 3 terminals centered in 18326
round took: 0.503878 s
|V| = 33085, |E| = 61235, |R| = 139
>>> get_solution
>>> get_solution
  refine_solution: new weight 13109 (was 13172) in 0.007161 s
  refine_solution: new weight 13099 (was 13109) in 0.006876 s
  refine_solution: new weight 13094 (was 13099) in 0.006805 s
  refine_solution: new weight 13094 (was 13094) in 0.006805 s
45,,32686,61235,139,,3258,4735114,,13172,13094,1483,1483,1483,,69,3,@@

  handle_small_Steiner_degrees: steiner 0, suppress 2 in 4.8e-05 s
Starting round 46
Found 410 isolated vertices
Invalid ratios recomputed: 1091
Best ratio is 70/2 (35.0), centered at 5510
Finding the best star... Star with 3 terminals centered in 5783
round took: 0.141411 s
|V| = 33085, |E| = 61218, |R| = 137
>>> get_solution
>>> get_solution
  refine_solution: new weight 13081 (was 13134) in 0.00719 s
  refine_solution: new weight 13076 (was 13081) in 0.006865 s
  refine_solution: new weight 13071 (was 13076) in 0.006841 s
  refine_solution: new weight 13071 (was 13071) in 0.006794 s
46,,32675,61218,137,,1091,1233057,,13134,13071,1553,1553,1553,,70,3,@@

  handle_small_Steiner_degrees: steiner 0, suppress 0 in 3.8e-05 s
Starting round 47
Found 424 isolated vertices
Invalid ratios recomputed: 1444
Best ratio is 70/2 (35.0), centered at 28547
Finding the best star... Star with 3 terminals centered in 29082
round took: 0.127041 s
|V| = 33085, |E| = 61203, |R| = 135
>>> get_solution
>>> get_solution
  refine_solution: new weight 13104 (was 13157) in 0.007135 s
  refine_solution: new weight 13099 (was 13104) in 0.006919 s
  refine_solution: new weight 13094 (was 13099) in 0.006798 s
  refine_solution: new weight 13094 (was 13094) in 0.006832 s
47,,32661,61203,135,,1444,1112231,,13157,13094,1623,1623,1623,,70,3,@@

  handle_small_Steiner_degrees: steiner 0, suppress 1 in 4.3e-05 s
Starting round 48
Found 438 isolated vertices
Invalid ratios recomputed: 3765
Best ratio is 35/1 (35.0), centered at 17302
Finding the best star... Star with 2 terminals centered in 17302
round took: 0.626993 s
|V| = 33085, |E| = 61195, |R| = 134
>>> get_solution
>>> get_solution
  refine_solution: new weight 13099 (was 13162) in 0.007164 s
  refine_solution: new weight 13094 (was 13099) in 0.006868 s
  refine_solution: new weight 13089 (was 13094) in 0.006848 s
  refine_solution: new weight 13089 (was 13089) in 0.006817 s
48,,32647,61195,134,,3765,5844221,,13162,13089,1658,1658,1658,,35,2,@@

  delete_edges: deleted 77 edges in 0.008549 s and 5 rounds
  handle_small_Steiner_degrees: steiner 0, suppress 72 in 8.7e-05 s
Starting round 49
Found 516 isolated vertices
Invalid ratios recomputed: 2216
Best ratio is 35/1 (35.0), centered at 27537
Finding the best star... Star with 2 terminals centered in 27543
round took: 0.402384 s
|V| = 33085, |E| = 61039, |R| = 133
>>> get_solution
>>> get_solution
  refine_solution: new weight 13099 (was 13162) in 0.00744 s
  refine_solution: new weight 13094 (was 13099) in 0.007187 s
  refine_solution: new weight 13089 (was 13094) in 0.006936 s
  refine_solution: new weight 13089 (was 13089) in 0.006842 s
49,,32569,61039,133,,2216,3465472,,13162,13089,1693,1693,1693,,35,2,@@

  handle_small_Steiner_degrees: steiner 0, suppress 2 in 4.2e-05 s
Starting round 50
Found 524 isolated vertices
Invalid ratios recomputed: 1919
Best ratio is 72/2 (36.0), centered at 3746
Finding the best star... Star with 3 terminals centered in 4274
round took: 0.348983 s
|V| = 33085, |E| = 61028, |R| = 131
>>> get_solution
>>> get_solution
  refine_solution: new weight 13099 (was 13162) in 0.007294 s
  refine_solution: new weight 13094 (was 13099) in 0.007086 s
  refine_solution: new weight 13089 (was 13094) in 0.007059 s
  refine_solution: new weight 13089 (was 13089) in 0.007088 s
50,,32561,61028,131,,1919,3282058,,13162,13089,1765,1765,1765,,72,3,@@

  handle_small_Steiner_degrees: steiner 0, suppress 2 in 6.2e-05 s
Starting round 51
Found 533 isolated vertices
Invalid ratios recomputed: 694
Best ratio is 72/2 (36.0), centered at 29082
Finding the best star... Star with 3 terminals centered in 27820
round took: 0.046032 s
|V| = 33085, |E| = 61014, |R| = 129
>>> get_solution
>>> get_solution
  refine_solution: new weight 13095 (was 13158) in 0.007261 s
  refine_solution: new weight 13090 (was 13095) in 0.007009 s
  refine_solution: new weight 13085 (was 13090) in 0.007008 s
  refine_solution: new weight 13085 (was 13085) in 0.006892 s
51,,32552,61014,129,,694,342757,,13158,13085,1837,1837,1837,,72,3,@@

  handle_small_Steiner_degrees: steiner 0, suppress 2 in 6.2e-05 s
Starting round 52
Found 543 isolated vertices
Invalid ratios recomputed: 4050
Best ratio is 36/1 (36.0), centered at 27882
Finding the best star... Star with 2 terminals centered in 28398
round took: 0.77512 s
|V| = 33085, |E| = 61006, |R| = 128
>>> get_solution
>>> get_solution
  refine_solution: new weight 13095 (was 13148) in 0.007457 s
  refine_solution: new weight 13090 (was 13095) in 0.007142 s
  refine_solution: new weight 13085 (was 13090) in 0.007081 s
  refine_solution: new weight 13085 (was 13085) in 0.006859 s
52,,32542,61006,128,,4050,7200168,,13148,13085,1873,1873,1873,,36,2,@@

  handle_small_Steiner_degrees: steiner 0, suppress 1 in 4.2e-05 s
Starting round 53
Found 548 isolated vertices
Invalid ratios recomputed: 1411
Best ratio is 74/2 (37.0), centered at 17788
Finding the best star... Star with 3 terminals centered in 18555
round took: 0.413551 s
|V| = 33085, |E| = 60992, |R| = 126
>>> get_solution
>>> get_solution
  refine_solution: new weight 13087 (was 13140) in 0.007205 s
  refine_solution: new weight 13082 (was 13087) in 0.007036 s
  refine_solution: new weight 13077 (was 13082) in 0.006875 s
  refine_solution: new weight 13077 (was 13077) in 0.006901 s
53,,32537,60992,126,,1411,3866813,,13140,13077,1947,1947,1947,,74,3,@@

  handle_small_Steiner_degrees: steiner 0, suppress 0 in 3.9e-05 s
Starting round 54
Found 558 isolated vertices
Invalid ratios recomputed: 3634
Best ratio is 38/1 (38.0), centered at 17567
Finding the best star... Star with 2 terminals centered in 18073
round took: 0.777759 s
|V| = 33085, |E| = 60985, |R| = 125
>>> get_solution
>>> get_solution
  refine_solution: new weight 13087 (was 13140) in 0.007141 s
  refine_solution: new weight 13082 (was 13087) in 0.006894 s
  refine_solution: new weight 13077 (was 13082) in 0.006814 s
  refine_solution: new weight 13077 (was 13077) in 0.006815 s
54,,32527,60985,125,,3634,6713848,,13140,13077,1985,1985,1985,,38,2,@@

  handle_small_Steiner_degrees: steiner 0, suppress 1 in 4.7e-05 s
Starting round 55
Found 564 isolated vertices
Invalid ratios recomputed: 1807
Best ratio is 39/1 (39.0), centered at 5757
Finding the best star... Star with 2 terminals centered in 6271
round took: 0.392489 s
|V| = 33085, |E| = 60979, |R| = 124
>>> get_solution
>>> get_solution
  refine_solution: new weight 13087 (was 13140) in 0.007316 s
  refine_solution: new weight 13082 (was 13087) in 0.007129 s
  refine_solution: new weight 13077 (was 13082) in 0.007059 s
  refine_solution: new weight 13077 (was 13077) in 0.007085 s
55,,32521,60979,124,,1807,3427132,,13140,13077,2024,2024,2024,,39,2,@@

  handle_small_Steiner_degrees: steiner 0, suppress 3 in 5.3e-05 s
Starting round 56
Found 570 isolated vertices
Invalid ratios recomputed: 1462
Best ratio is 80/2 (40.0), centered at 18555
Finding the best star... Star with 3 terminals centered in 16303
round took: 0.139205 s
|V| = 33085, |E| = 60959, |R| = 122
>>> get_solution
>>> get_solution
  refine_solution: new weight 13087 (was 13150) in 0.007428 s
  refine_solution: new weight 13082 (was 13087) in 0.006959 s
  refine_solution: new weight 13077 (was 13082) in 0.006833 s
  refine_solution: new weight 13077 (was 13077) in 0.006784 s
56,,32515,60959,122,,1462,1227203,,13150,13077,2104,2104,2104,,80,3,@@

  handle_small_Steiner_degrees: steiner 0, suppress 0 in 4e-05 s
Starting round 57
Found 583 isolated vertices
Invalid ratios recomputed: 4231
Best ratio is 40/1 (40.0), centered at 3736
Finding the best star... Star with 2 terminals centered in 4274
round took: 0.980215 s
|V| = 33085, |E| = 60950, |R| = 121
>>> get_solution
>>> get_solution
  refine_solution: new weight 13064 (was 13127) in 0.007135 s
  refine_solution: new weight 13059 (was 13064) in 0.006977 s
  refine_solution: new weight 13054 (was 13059) in 0.006795 s
  refine_solution: new weight 13054 (was 13054) in 0.006844 s
57,,32502,60950,121,,4231,8439058,,13127,13054,2144,2144,2144,,40,2,@@

  handle_small_Steiner_degrees: steiner 0, suppress 1 in 5.2e-05 s
Starting round 58
Found 592 isolated vertices
Invalid ratios recomputed: 836
Best ratio is 40/1 (40.0), centered at 27820
Finding the best star... Star with 2 terminals centered in 28348
round took: 0.051864 s
|V| = 33085, |E| = 60938, |R| = 120
>>> get_solution
>>> get_solution
  refine_solution: new weight 13087 (was 13140) in 0.007255 s
  refine_solution: new weight 13082 (was 13087) in 0.007022 s
  refine_solution: new weight 13077 (was 13082) in 0.006899 s
  refine_solution: new weight 13077 (was 13077) in 0.006901 s
58,,32493,60938,120,,836,389754,,13140,13077,2184,2184,2184,,40,2,@@

  handle_small_Steiner_degrees: steiner 0, suppress 3 in 6.7e-05 s
Starting round 59
Found 603 isolated vertices
Invalid ratios recomputed: 4058
Best ratio is 41/1 (41.0), centered at 16303
Finding the best star... Star with 2 terminals centered in 18803
round took: 0.856068 s
|V| = 33085, |E| = 60928, |R| = 119
>>> get_solution
>>> get_solution
  refine_solution: new weight 13087 (was 13150) in 0.007164 s
  refine_solution: new weight 13082 (was 13087) in 0.00694 s
  refine_solution: new weight 13077 (was 13082) in 0.006919 s
  refine_solution: new weight 13077 (was 13077) in 0.006944 s
59,,32482,60928,119,,4058,7913629,,13150,13077,2225,2225,2225,,41,2,@@

  handle_small_Steiner_degrees: steiner 0, suppress 1 in 4.8e-05 s
Starting round 60
Found 608 isolated vertices
Invalid ratios recomputed: 4347
Best ratio is 41/1 (41.0), centered at 27355
Finding the best star... Star with 2 terminals centered in 27357
round took: 1.02823 s
|V| = 33085, |E| = 60920, |R| = 118
>>> get_solution
>>> get_solution
  refine_solution: new weight 13087 (was 13150) in 0.00739 s
  refine_solution: new weight 13082 (was 13087) in 0.006892 s
  refine_solution: new weight 13077 (was 13082) in 0.006825 s
  refine_solution: new weight 13077 (was 13077) in 0.006824 s
60,,32477,60920,118,,4347,8809175,,13150,13077,2266,2266,2266,,41,2,@@

  handle_small_Steiner_degrees: steiner 0, suppress 1 in 5.3e-05 s
Starting round 61
Found 614 isolated vertices
Invalid ratios recomputed: 1807
Best ratio is 43/1 (43.0), centered at 28348
Finding the best star... Star with 2 terminals centered in 28849
round took: 0.589698 s
|V| = 33085, |E| = 60913, |R| = 117
>>> get_solution
>>> get_solution
  refine_solution: new weight 13087 (was 13140) in 0.007279 s
  refine_solution: new weight 13082 (was 13087) in 0.0071 s
  refine_solution: new weight 13077 (was 13082) in 0.00705 s
  refine_solution: new weight 13077 (was 13077) in 0.007059 s
61,,32471,60913,117,,1807,5472561,,13140,13077,2309,2309,2309,,43,2,@@

  handle_small_Steiner_degrees: steiner 0, suppress 1 in 4.4e-05 s
Starting round 62
Found 620 isolated vertices
Invalid ratios recomputed: 4122
Best ratio is 44/1 (44.0), centered at 3997
Finding the best star... Star with 2 terminals centered in 4514
round took: 0.96576 s
|V| = 33085, |E| = 60907, |R| = 116
>>> get_solution
>>> get_solution
  refine_solution: new weight 13082 (was 13135) in 0.007157 s
  refine_solution: new weight 13077 (was 13082) in 0.006934 s
  refine_solution: new weight 13072 (was 13077) in 0.006867 s
  refine_solution: new weight 13072 (was 13072) in 0.006953 s
62,,32465,60907,116,,4122,8966568,,13135,13072,2353,2353,2353,,44,2,@@

  handle_small_Steiner_degrees: steiner 0, suppress 0 in 4e-05 s
Starting round 63
Found 624 isolated vertices
Invalid ratios recomputed: 935
Best ratio is 44/1 (44.0), centered at 4503
Finding the best star... Star with 2 terminals centered in 6271
round took: 0.056577 s
|V| = 33085, |E| = 60902, |R| = 115
>>> get_solution
>>> get_solution
  refine_solution: new weight 13077 (was 13140) in 0.00734 s
  refine_solution: new weight 13072 (was 13077) in 0.007149 s
  refine_solution: new weight 13067 (was 13072) in 0.006939 s
  refine_solution: new weight 13067 (was 13067) in 0.006814 s
63,,32461,60902,115,,935,432872,,13140,13067,2397,2397,2397,,44,2,@@

  handle_small_Steiner_degrees: steiner 0, suppress 0 in 4e-05 s
Starting round 64
Found 628 isolated vertices
Invalid ratios recomputed: 1668
Best ratio is 45/1 (45.0), centered at 4505
Finding the best star... Star with 2 terminals centered in 4514
round took: 0.159992 s
|V| = 33085, |E| = 60892, |R| = 114
>>> get_solution
>>> get_solution
  refine_solution: new weight 13077 (was 13140) in 0.007234 s
  refine_solution: new weight 13072 (was 13077) in 0.006949 s
  refine_solution: new weight 13067 (was 13072) in 0.006842 s
  refine_solution: new weight 13067 (was 13067) in 0.006882 s
64,,32457,60892,114,,1668,1374784,,13140,13067,2442,2442,2442,,45,2,@@

  delete_edges: deleted 83 edges in 0.007334 s and 4 rounds
  handle_small_Steiner_degrees: steiner 2, suppress 81 in 9.7e-05 s
Starting round 65
Found 720 isolated vertices
Invalid ratios recomputed: 2289
Best ratio is 45/1 (45.0), centered at 10762
Finding the best star... Star with 2 terminals centered in 10771
round took: 0.230179 s
|V| = 33085, |E| = 60715, |R| = 113
>>> get_solution
>>> get_solution
  refine_solution: new weight 13077 (was 13140) in 0.00768 s
  refine_solution: new weight 13072 (was 13077) in 0.007244 s
  refine_solution: new weight 13067 (was 13072) in 0.007108 s
  refine_solution: new weight 13067 (was 13067) in 0.007086 s
65,,32365,60715,113,,2289,1970254,,13140,13067,2487,2487,2487,,45,2,@@

  handle_small_Steiner_degrees: steiner 0, suppress 1 in 4.7e-05 s
Starting round 66
Found 730 isolated vertices
Invalid ratios recomputed: 1208
Best ratio is 92/2 (46.0), centered at 18803
Finding the best star... Star with 3 terminals centered in 16810
round took: 0.162262 s
|V| = 33085, |E| = 60699, |R| = 111
>>> get_solution
>>> get_solution
  refine_solution: new weight 13046 (was 13099) in 0.007519 s
  refine_solution: new weight 13041 (was 13046) in 0.007208 s
  refine_solution: new weight 13036 (was 13041) in 0.007074 s
  refine_solution: new weight 13036 (was 13036) in 0.00692 s
66,,32355,60699,111,,1208,1438960,,13099,13036,2579,2579,2579,,92,3,@@

  handle_small_Steiner_degrees: steiner 0, suppress 0 in 3.8e-05 s
Starting round 67
Found 741 isolated vertices
Invalid ratios recomputed: 4467
Best ratio is 46/1 (46.0), centered at 6249
Finding the best star... Star with 2 terminals centered in 6770
round took: 1.16466 s
|V| = 33085, |E| = 60692, |R| = 110
>>> get_solution
>>> get_solution
  refine_solution: new weight 13060 (was 13123) in 0.00737 s
  refine_solution: new weight 13055 (was 13060) in 0.007161 s
  refine_solution: new weight 13050 (was 13055) in 0.007149 s
  refine_solution: new weight 13050 (was 13050) in 0.007059 s
67,,32344,60692,110,,4467,10039914,,13123,13050,2625,2625,2625,,46,2,@@

  handle_small_Steiner_degrees: steiner 0, suppress 0 in 3.9e-05 s
Starting round 68
Found 747 isolated vertices
Invalid ratios recomputed: 910
Best ratio is 46/1 (46.0), centered at 8446
Finding the best star... Star with 2 terminals centered in 9234
round took: 0.090124 s
|V| = 33085, |E| = 60686, |R| = 109
>>> get_solution
>>> get_solution
  refine_solution: new weight 13060 (was 13123) in 0.007204 s
  refine_solution: new weight 13055 (was 13060) in 0.007023 s
  refine_solution: new weight 13050 (was 13055) in 0.006981 s
  refine_solution: new weight 13050 (was 13050) in 0.007014 s
68,,32338,60686,109,,910,770369,,13123,13050,2671,2671,2671,,46,2,@@

  handle_small_Steiner_degrees: steiner 0, suppress 0 in 3.9e-05 s
Starting round 69
Found 752 isolated vertices
Invalid ratios recomputed: 1401
Best ratio is 46/1 (46.0), centered at 15563
Finding the best star... Star with 2 terminals centered in 16104
round took: 0.180932 s
|V| = 33085, |E| = 60680, |R| = 108
>>> get_solution
>>> get_solution
  refine_solution: new weight 13037 (was 13090) in 0.007176 s
  refine_solution: new weight 13032 (was 13037) in 0.006984 s
  refine_solution: new weight 13027 (was 13032) in 0.006932 s
  refine_solution: new weight 13027 (was 13027) in 0.007013 s
69,,32333,60680,108,,1401,1638677,,13090,13027,2717,2717,2717,,46,2,@@

  handle_small_Steiner_degrees: steiner 0, suppress 0 in 3.8e-05 s
Starting round 70
Found 758 isolated vertices
Invalid ratios recomputed: 504
Best ratio is 48/1 (48.0), centered at 4181
Finding the best star... Star with 2 terminals centered in 4444
round took: 0.052967 s
|V| = 33085, |E| = 60673, |R| = 107
>>> get_solution
>>> get_solution
  refine_solution: new weight 13037 (was 13090) in 0.007475 s
  refine_solution: new weight 13032 (was 13037) in 0.00721 s
  refine_solution: new weight 13027 (was 13032) in 0.00713 s
  refine_solution: new weight 13027 (was 13027) in 0.006929 s
70,,32327,60673,107,,504,385544,,13090,13027,2765,2765,2765,,48,2,@@

  handle_small_Steiner_degrees: steiner 0, suppress 0 in 3.9e-05 s
Starting round 71
Found 765 isolated vertices
Invalid ratios recomputed: 955
Best ratio is 48/1 (48.0), centered at 16810
Finding the best star... Star with 2 terminals centered in 18073
round took: 0.093296 s
|V| = 33085, |E| = 60664, |R| = 106
>>> get_solution
>>> get_solution
  refine_solution: new weight 13037 (was 13100) in 0.007384 s
  refine_solution: new weight 13032 (was 13037) in 0.007085 s
  refine_solution: new weight 13027 (was 13032) in 0.006943 s
  refine_solution: new weight 13027 (was 13027) in 0.006973 s
71,,32320,60664,106,,955,807944,,13100,13027,2813,2813,2813,,48,2,@@

  handle_small_Steiner_degrees: steiner 0, suppress 0 in 4e-05 s
Starting round 72
Found 773 isolated vertices
Invalid ratios recomputed: 4761
Best ratio is 48/1 (48.0), centered at 30478
Finding the best star... Star with 2 terminals centered in 30733
round took: 1.31492 s
|V| = 33085, |E| = 60656, |R| = 105
>>> get_solution
>>> get_solution
  refine_solution: new weight 13037 (was 13090) in 0.007188 s
  refine_solution: new weight 13032 (was 13037) in 0.006951 s
  refine_solution: new weight 13027 (was 13032) in 0.006938 s
  refine_solution: new weight 13027 (was 13027) in 0.006936 s
72,,32312,60656,105,,4761,11587349,,13090,13027,2861,2861,2861,,48,2,@@

  handle_small_Steiner_degrees: steiner 0, suppress 0 in 4e-05 s
Starting round 73
Found 781 isolated vertices
Invalid ratios recomputed: 654
Best ratio is 49/1 (49.0), centered at 2678
Finding the best star... Star with 2 terminals centered in 4514
round took: 0.043499 s
|V| = 33085, |E| = 60649, |R| = 104
>>> get_solution
>>> get_solution
  refine_solution: new weight 13037 (was 13100) in 0.007241 s
  refine_solution: new weight 13032 (was 13037) in 0.006959 s
  refine_solution: new weight 13027 (was 13032) in 0.006808 s
  refine_solution: new weight 13027 (was 13027) in 0.00682 s
73,,32304,60649,104,,654,316510,,13100,13027,2910,2910,2910,,49,2,@@

  handle_small_Steiner_degrees: steiner 0, suppress 1 in 6.3e-05 s
Starting round 74
Found 787 isolated vertices
Invalid ratios recomputed: 2690
Best ratio is 49/1 (49.0), centered at 18073
Finding the best star... Star with 2 terminals centered in 19280
round took: 0.287056 s
|V| = 33085, |E| = 60642, |R| = 103
>>> get_solution
>>> get_solution
  refine_solution: new weight 13037 (was 13100) in 0.007472 s
  refine_solution: new weight 13032 (was 13037) in 0.007111 s
  refine_solution: new weight 13027 (was 13032) in 0.007054 s
  refine_solution: new weight 13027 (was 13027) in 0.006821 s
74,,32298,60642,103,,2690,2467452,,13100,13027,2959,2959,2959,,49,2,@@

  handle_small_Steiner_degrees: steiner 0, suppress 0 in 5e-05 s
Starting round 75
Found 792 isolated vertices
Invalid ratios recomputed: 4835
Best ratio is 49/1 (49.0), centered at 29006
Finding the best star... Star with 2 terminals centered in 29006
round took: 1.45263 s
|V| = 33085, |E| = 60636, |R| = 102
>>> get_solution
>>> get_solution
  refine_solution: new weight 13037 (was 13090) in 0.00749 s
  refine_solution: new weight 13032 (was 13037) in 0.007183 s
  refine_solution: new weight 13027 (was 13032) in 0.006912 s
  refine_solution: new weight 13027 (was 13027) in 0.006763 s
75,,32293,60636,102,,4835,12438280,,13090,13027,3008,3008,3008,,49,2,@@

  handle_small_Steiner_degrees: steiner 0, suppress 0 in 5.1e-05 s
Starting round 76
Found 797 isolated vertices
Invalid ratios recomputed: 2118
Best ratio is 51/1 (51.0), centered at 18804
Finding the best star... Star with 2 terminals centered in 19301
round took: 0.49652 s
|V| = 33085, |E| = 60629, |R| = 101
>>> get_solution
>>> get_solution
  refine_solution: new weight 13037 (was 13090) in 0.007208 s
  refine_solution: new weight 13032 (was 13037) in 0.006896 s
  refine_solution: new weight 13027 (was 13032) in 0.00687 s
  refine_solution: new weight 13027 (was 13027) in 0.006894 s
76,,32288,60629,101,,2118,4674582,,13090,13027,3059,3059,3059,,51,2,@@

  handle_small_Steiner_degrees: steiner 0, suppress 0 in 4.5e-05 s
Starting round 77
Found 802 isolated vertices
Invalid ratios recomputed: 4862
Best ratio is 51/1 (51.0), centered at 27532
Finding the best star... Star with 2 terminals centered in 28849
round took: 1.6343 s
|V| = 33085, |E| = 60621, |R| = 100
>>> get_solution
>>> get_solution
  refine_solution: new weight 13013 (was 13076) in 0.007234 s
  refine_solution: new weight 13008 (was 13013) in 0.007005 s
  refine_solution: new weight 13003 (was 13008) in 0.006867 s
  refine_solution: new weight 13003 (was 13003) in 0.006834 s
77,,32283,60621,100,,4862,13994614,,13076,13003,3110,3110,3110,,51,2,@@

  handle_small_Steiner_degrees: steiner 0, suppress 0 in 3.9e-05 s
Starting round 78
Found 809 isolated vertices
Invalid ratios recomputed: 4488
Best ratio is 104/2 (52.0), centered at 4514
Finding the best star... Star with 3 terminals centered in 5541
round took: 1.08098 s
|V| = 33085, |E| = 60609, |R| = 98
>>> get_solution
>>> get_solution
  refine_solution: new weight 13013 (was 13076) in 0.007182 s
  refine_solution: new weight 13008 (was 13013) in 0.006944 s
  refine_solution: new weight 13003 (was 13008) in 0.006813 s
  refine_solution: new weight 13003 (was 13003) in 0.006852 s
78,,32276,60609,98,,4488,10001113,,13076,13003,3214,3214,3214,,104,3,@@

  handle_small_Steiner_degrees: steiner 0, suppress 0 in 4.5e-05 s
Starting round 79
Found 817 isolated vertices
Invalid ratios recomputed: 2825
Best ratio is 52/1 (52.0), centered at 4444
Finding the best star... Star with 2 terminals centered in 5473
round took: 0.34498 s
|V| = 33085, |E| = 60605, |R| = 97
>>> get_solution
>>> get_solution
  refine_solution: new weight 13009 (was 13072) in 0.007197 s
  refine_solution: new weight 13004 (was 13009) in 0.006911 s
  refine_solution: new weight 12999 (was 13004) in 0.006794 s
  refine_solution: new weight 12999 (was 12999) in 0.006805 s
79,,32268,60605,97,,2825,2985719,,13072,12999,3266,3266,3266,,52,2,@@

  handle_small_Steiner_degrees: steiner 0, suppress 0 in 3.8e-05 s
Starting round 80
Found 821 isolated vertices
Invalid ratios recomputed: 1106
Best ratio is 105/2 (52.5), centered at 27004
Finding the best star... Star with 3 terminals centered in 28849
round took: 0.117981 s
|V| = 33085, |E| = 60587, |R| = 95
>>> get_solution
>>> get_solution
  refine_solution: new weight 12999 (was 13062) in 0.007218 s
  refine_solution: new weight 12994 (was 12999) in 0.007041 s
  refine_solution: new weight 12989 (was 12994) in 0.00694 s
  refine_solution: new weight 12989 (was 12989) in 0.006942 s
80,,32264,60587,95,,1106,1111120,,13062,12989,3371,3371,3371,,105,3,@@

  delete_edges: deleted 103 edges in 0.009911 s and 5 rounds
  handle_small_Steiner_degrees: steiner 2, suppress 105 in 0.000114 s
Starting round 81
Found 941 isolated vertices
Invalid ratios recomputed: 4692
Best ratio is 53/1 (53.0), centered at 16131
Finding the best star... Star with 2 terminals centered in 16387
round took: 1.38483 s
|V| = 33085, |E| = 60365, |R| = 94
>>> get_solution
>>> get_solution
  refine_solution: new weight 13025 (was 13062) in 0.007182 s
  refine_solution: new weight 13020 (was 13025) in 0.006985 s
  refine_solution: new weight 13015 (was 13020) in 0.006856 s
  refine_solution: new weight 13015 (was 13015) in 0.006896 s
81,,32144,60365,94,,4692,12624971,,13062,13015,3424,3424,3424,,53,2,@@

  handle_small_Steiner_degrees: steiner 0, suppress 0 in 3.8e-05 s
Starting round 82
Found 950 isolated vertices
Invalid ratios recomputed: 669
Best ratio is 53/1 (53.0), centered at 30919
Finding the best star... Star with 2 terminals centered in 31167
round took: 0.082038 s
|V| = 33085, |E| = 60358, |R| = 93
>>> get_solution
>>> get_solution
  refine_solution: new weight 13052 (was 13089) in 0.007173 s
  refine_solution: new weight 13047 (was 13052) in 0.007 s
  refine_solution: new weight 13042 (was 13047) in 0.006903 s
  refine_solution: new weight 13042 (was 13042) in 0.006952 s
82,,32135,60358,93,,669,672969,,13089,13042,3477,3477,3477,,53,2,@@

  handle_small_Steiner_degrees: steiner 0, suppress 0 in 3.8e-05 s
Starting round 83
Found 957 isolated vertices
Invalid ratios recomputed: 641
Best ratio is 111/2 (55.5), centered at 3232
Finding the best star... Star with 3 terminals centered in 3242
round took: 0.039982 s
|V| = 33085, |E| = 60336, |R| = 91
>>> get_solution
>>> get_solution
  refine_solution: new weight 13039 (was 13076) in 0.007234 s
  refine_solution: new weight 13034 (was 13039) in 0.007009 s
  refine_solution: new weight 13029 (was 13034) in 0.006912 s
  refine_solution: new weight 13029 (was 13029) in 0.006902 s
83,,32128,60336,91,,641,287790,,13076,13029,3588,3588,3588,,111,3,@@

  handle_small_Steiner_degrees: steiner 0, suppress 2 in 5.4e-05 s
Starting round 84
Found 978 isolated vertices
Invalid ratios recomputed: 3117
Best ratio is 56/1 (56.0), centered at 21356
Finding the best star... Star with 2 terminals centered in 21891
round took: 0.454936 s
|V| = 33085, |E| = 60323, |R| = 90
>>> get_solution
>>> get_solution
  refine_solution: new weight 13026 (was 13063) in 0.007549 s
  refine_solution: new weight 13021 (was 13026) in 0.007225 s
  refine_solution: new weight 13016 (was 13021) in 0.006961 s
  refine_solution: new weight 13016 (was 13016) in 0.006811 s
84,,32107,60323,90,,3117,4021507,,13063,13016,3644,3644,3644,,56,2,@@

  handle_small_Steiner_degrees: steiner 0, suppress 0 in 4.5e-05 s
Starting round 85
Found 986 isolated vertices
Invalid ratios recomputed: 2471
Best ratio is 114/2 (57.0), centered at 30736
Finding the best star... Star with 3 terminals centered in 30995
round took: 0.950015 s
|V| = 33085, |E| = 60306, |R| = 88
>>> get_solution
>>> get_solution
  refine_solution: new weight 12989 (was 13016) in 0.007171 s
  refine_solution: new weight 12984 (was 12989) in 0.006909 s
  refine_solution: new weight 12979 (was 12984) in 0.006874 s
  refine_solution: new weight 12979 (was 12979) in 0.006904 s
85,,32099,60306,88,,2471,8482951,,13016,12979,3758,3758,3758,,114,3,@@

  handle_small_Steiner_degrees: steiner 0, suppress 0 in 4e-05 s
Starting round 86
Found 1001 isolated vertices
Invalid ratios recomputed: 1153
Best ratio is 58/1 (58.0), centered at 27200
Finding the best star... Star with 2 terminals centered in 27476
round took: 0.099853 s
|V| = 33085, |E| = 60295, |R| = 87
>>> get_solution
>>> get_solution
  refine_solution: new weight 12989 (was 13026) in 0.007222 s
  refine_solution: new weight 12984 (was 12989) in 0.00693 s
  refine_solution: new weight 12979 (was 12984) in 0.006875 s
  refine_solution: new weight 12979 (was 12979) in 0.006945 s
86,,32084,60295,87,,1153,873397,,13026,12979,3816,3816,3816,,58,2,@@

  handle_small_Steiner_degrees: steiner 0, suppress 0 in 3.9e-05 s
Starting round 87
Found 1011 isolated vertices
Invalid ratios recomputed: 690
Best ratio is 61/1 (61.0), centered at 4084
Finding the best star... Star with 2 terminals centered in 4091
round took: 0.056739 s
|V| = 33085, |E| = 60286, |R| = 86
>>> get_solution
>>> get_solution
  refine_solution: new weight 12989 (was 13026) in 0.007342 s
  refine_solution: new weight 12984 (was 12989) in 0.007153 s
  refine_solution: new weight 12979 (was 12984) in 0.006999 s
  refine_solution: new weight 12979 (was 12979) in 0.006864 s
87,,32074,60286,86,,690,438282,,13026,12979,3877,3877,3877,,61,2,@@

  handle_small_Steiner_degrees: steiner 0, suppress 0 in 4.4e-05 s
Starting round 88
Found 1020 isolated vertices
Invalid ratios recomputed: 1937
Best ratio is 62/1 (62.0), centered at 3242
Finding the best star... Star with 2 terminals centered in 3242
round took: 0.302771 s
|V| = 33085, |E| = 60280, |R| = 85
>>> get_solution
>>> get_solution
  refine_solution: new weight 12989 (was 13026) in 0.00725 s
  refine_solution: new weight 12984 (was 12989) in 0.006981 s
  refine_solution: new weight 12979 (was 12984) in 0.006807 s
  refine_solution: new weight 12979 (was 12979) in 0.006817 s
88,,32065,60280,85,,1937,3054750,,13026,12979,3939,3939,3939,,62,2,@@

  handle_small_Steiner_degrees: steiner 0, suppress 0 in 4.1e-05 s
Starting round 89
Found 1025 isolated vertices
Invalid ratios recomputed: 3173
Best ratio is 62/1 (62.0), centered at 6590
Finding the best star... Star with 2 terminals centered in 6591
round took: 0.498668 s
|V| = 33085, |E| = 60272, |R| = 84
>>> get_solution
>>> get_solution
  refine_solution: new weight 12979 (was 13016) in 0.007341 s
  refine_solution: new weight 12974 (was 12979) in 0.007167 s
  refine_solution: new weight 12969 (was 12974) in 0.007054 s
  refine_solution: new weight 12969 (was 12969) in 0.007039 s
89,,32060,60272,84,,3173,4440557,,13016,12969,4001,4001,4001,,62,2,@@

  handle_small_Steiner_degrees: steiner 0, suppress 1 in 6.3e-05 s
Starting round 90
Found 1032 isolated vertices
Invalid ratios recomputed: 965
Best ratio is 62/1 (62.0), centered at 9234
Finding the best star... Star with 2 terminals centered in 10254
round took: 0.101008 s
|V| = 33085, |E| = 60265, |R| = 83
>>> get_solution
>>> get_solution
  refine_solution: new weight 12979 (was 13006) in 0.007227 s
  refine_solution: new weight 12974 (was 12979) in 0.006937 s
  refine_solution: new weight 12969 (was 12974) in 0.006871 s
  refine_solution: new weight 12969 (was 12969) in 0.00684 s
90,,32053,60265,83,,965,857183,,13006,12969,4063,4063,4063,,62,2,@@

  handle_small_Steiner_degrees: steiner 0, suppress 0 in 4.5e-05 s
Starting round 91
Found 1038 isolated vertices
Invalid ratios recomputed: 1910
Best ratio is 64/1 (64.0), centered at 26430
Finding the best star... Star with 2 terminals centered in 27237
round took: 0.304602 s
|V| = 33085, |E| = 60254, |R| = 82
>>> get_solution
>>> get_solution
  refine_solution: new weight 12993 (was 13025) in 0.007209 s
  refine_solution: new weight 12988 (was 12993) in 0.006943 s
  refine_solution: new weight 12983 (was 12988) in 0.006831 s
  refine_solution: new weight 12983 (was 12983) in 0.006879 s
91,,32047,60254,82,,1910,2768197,,13025,12983,4127,4127,4127,,64,2,@@

  handle_small_Steiner_degrees: steiner 0, suppress 0 in 4.5e-05 s
Starting round 92
Found 1046 isolated vertices
Invalid ratios recomputed: 4394
Best ratio is 130/2 (65.0), centered at 14258
Finding the best star... Star with 3 terminals centered in 13451
round took: 1.2666 s
|V| = 33085, |E| = 60234, |R| = 80
>>> get_solution
>>> get_solution
  refine_solution: new weight 12961 (was 12986) in 0.007482 s
  refine_solution: new weight 12956 (was 12961) in 0.007217 s
  refine_solution: new weight 12951 (was 12956) in 0.00709 s
  refine_solution: new weight 12951 (was 12951) in 0.006857 s
92,,32039,60234,80,,4394,11604400,,12986,12951,4257,4257,4257,,130,3,@@

  handle_small_Steiner_degrees: steiner 0, suppress 1 in 5.3e-05 s
Starting round 93
Found 1064 isolated vertices
Invalid ratios recomputed: 630
Best ratio is 130/2 (65.0), centered at 13451
Finding the best star... Star with 3 terminals centered in 13727
round took: 0.038598 s
|V| = 33085, |E| = 60214, |R| = 78
>>> get_solution
>>> get_solution
  refine_solution: new weight 12961 (was 12996) in 0.007437 s
  refine_solution: new weight 12956 (was 12961) in 0.007057 s
  refine_solution: new weight 12951 (was 12956) in 0.006794 s
  refine_solution: new weight 12951 (was 12951) in 0.006841 s
93,,32021,60214,78,,630,240460,,12996,12951,4387,4387,4387,,130,3,@@

  handle_small_Steiner_degrees: steiner 0, suppress 0 in 4.5e-05 s
Starting round 94
Found 1081 isolated vertices
Invalid ratios recomputed: 1319
Best ratio is 65/1 (65.0), centered at 26208
Finding the best star... Star with 2 terminals centered in 28849
round took: 0.130202 s
|V| = 33085, |E| = 60208, |R| = 77
>>> get_solution
>>> get_solution
  refine_solution: new weight 12961 (was 12996) in 0.007393 s
  refine_solution: new weight 12956 (was 12961) in 0.007052 s
  refine_solution: new weight 12951 (was 12956) in 0.006836 s
  refine_solution: new weight 12951 (was 12951) in 0.006859 s
94,,32004,60208,77,,1319,1115666,,12996,12951,4452,4452,4452,,65,2,@@

  handle_small_Steiner_degrees: steiner 0, suppress 0 in 4.5e-05 s
Starting round 95
Found 1086 isolated vertices
Invalid ratios recomputed: 4881
Best ratio is 66/1 (66.0), centered at 10246
Finding the best star... Star with 2 terminals centered in 10254
round took: 1.68972 s
|V| = 33085, |E| = 60197, |R| = 76
>>> get_solution
>>> get_solution
  refine_solution: new weight 12961 (was 12986) in 0.007447 s
  refine_solution: new weight 12956 (was 12961) in 0.007264 s
  refine_solution: new weight 12951 (was 12956) in 0.007127 s
  refine_solution: new weight 12951 (was 12951) in 0.006907 s
95,,31999,60197,76,,4881,15275443,,12986,12951,4518,4518,4518,,66,2,@@

  handle_small_Steiner_degrees: steiner 0, suppress 0 in 3.9e-05 s
Starting round 96
Found 1095 isolated vertices
Invalid ratios recomputed: 2238
Best ratio is 133/2 (66.5), centered at 11139
Finding the best star... Star with 3 terminals centered in 12179
round took: 0.506503 s
|V| = 33085, |E| = 60178, |R| = 74
>>> get_solution
>>> get_solution
  refine_solution: new weight 12921 (was 12956) in 0.007325 s
  refine_solution: new weight 12916 (was 12921) in 0.007094 s
  refine_solution: new weight 12911 (was 12916) in 0.007007 s
  refine_solution: new weight 12911 (was 12911) in 0.006885 s
96,,31990,60178,74,,2238,4540240,,12956,12911,4651,4651,4651,,133,3,@@

  delete_edges: deleted 114 edges in 0.006252 s and 3 rounds
  handle_small_Steiner_degrees: steiner 4, suppress 113 in 0.000114 s
Starting round 97
Found 1229 isolated vertices
Invalid ratios recomputed: 974
Best ratio is 67/1 (67.0), centered at 11886
Finding the best star... Star with 2 terminals centered in 13727
round took: 0.111732 s
|V| = 33085, |E| = 59937, |R| = 73
>>> get_solution
>>> get_solution
  refine_solution: new weight 12921 (was 12946) in 0.007284 s
  refine_solution: new weight 12916 (was 12921) in 0.007017 s
  refine_solution: new weight 12911 (was 12916) in 0.00703 s
  refine_solution: new weight 12911 (was 12911) in 0.00703 s
97,,31856,59937,73,,974,1027784,,12946,12911,4718,4718,4718,,67,2,@@

  handle_small_Steiner_degrees: steiner 0, suppress 1 in 4.8e-05 s
Starting round 98
Found 1237 isolated vertices
Invalid ratios recomputed: 1698
Best ratio is 136/2 (68.0), centered at 18392
Finding the best star... Star with 3 terminals centered in 18384
round took: 0.248498 s
|V| = 33085, |E| = 59916, |R| = 71
>>> get_solution
>>> get_solution
  refine_solution: new weight 12891 (was 12916) in 0.007188 s
  refine_solution: new weight 12886 (was 12891) in 0.006975 s
  refine_solution: new weight 12881 (was 12886) in 0.006959 s
  refine_solution: new weight 12881 (was 12881) in 0.006992 s
98,,31848,59916,71,,1698,2192384,,12916,12881,4854,4854,4854,,136,3,@@

  handle_small_Steiner_degrees: steiner 0, suppress 2 in 4.8e-05 s
Starting round 99
Found 1255 isolated vertices
Invalid ratios recomputed: 1208
Best ratio is 68/1 (68.0), centered at 1853
Finding the best star... Star with 2 terminals centered in 3242
round took: 0.300049 s
|V| = 33085, |E| = 59899, |R| = 70
>>> get_solution
>>> get_solution
  refine_solution: new weight 12891 (was 12916) in 0.007291 s
  refine_solution: new weight 12886 (was 12891) in 0.007001 s
  refine_solution: new weight 12881 (was 12886) in 0.006922 s
  refine_solution: new weight 12881 (was 12881) in 0.006875 s
99,,31830,59899,70,,1208,2704522,,12916,12881,4922,4922,4922,,68,2,@@

  handle_small_Steiner_degrees: steiner 0, suppress 1 in 4.5e-05 s
Starting round 100
Found 1268 isolated vertices
Invalid ratios recomputed: 3181
Best ratio is 71/1 (71.0), centered at 17865
Finding the best star... Star with 2 terminals centered in 18384
round took: 0.557081 s
|V| = 33085, |E| = 59885, |R| = 69
>>> get_solution
>>> get_solution
  refine_solution: new weight 12891 (was 12916) in 0.007258 s
  refine_solution: new weight 12886 (was 12891) in 0.006999 s
  refine_solution: new weight 12886 (was 12886) in 0.006952 s
100,,31817,59885,69,,3181,4910626,,12916,12886,4993,4993,4993,,71,2,@@

  handle_small_Steiner_degrees: steiner 0, suppress 0 in 3.9e-05 s
Starting round 101
Found 1279 isolated vertices
Invalid ratios recomputed: 1422
Best ratio is 71/1 (71.0), centered at 26828
Finding the best star... Star with 2 terminals centered in 26837
round took: 0.348257 s
|V| = 33085, |E| = 59872, |R| = 68
>>> get_solution
>>> get_solution
  refine_solution: new weight 12891 (was 12916) in 0.007164 s
  refine_solution: new weight 12886 (was 12891) in 0.006898 s
  refine_solution: new weight 12881 (was 12886) in 0.006792 s
  refine_solution: new weight 12881 (was 12881) in 0.006798 s
101,,31806,59872,68,,1422,3152616,,12916,12881,5064,5064,5064,,71,2,@@

  handle_small_Steiner_degrees: steiner 0, suppress 0 in 4.5e-05 s
Starting round 102
Found 1290 isolated vertices
Invalid ratios recomputed: 2328
Best ratio is 146/2 (73.0), centered at 5739
Finding the best star... Star with 3 terminals centered in 3242
round took: 0.85871 s
|V| = 33085, |E| = 59849, |R| = 66
>>> get_solution
>>> get_solution
  refine_solution: new weight 12865 (was 12900) in 0.00715 s
  refine_solution: new weight 12860 (was 12865) in 0.006923 s
  refine_solution: new weight 12855 (was 12860) in 0.006827 s
  refine_solution: new weight 12855 (was 12855) in 0.006802 s
102,,31795,59849,66,,2328,7930345,,12900,12855,5210,5210,5210,,146,3,@@

  handle_small_Steiner_degrees: steiner 0, suppress 0 in 4.9e-05 s
Starting round 103
Found 1308 isolated vertices
Invalid ratios recomputed: 4199
Best ratio is 76/1 (76.0), centered at 17097
Finding the best star... Star with 2 terminals centered in 17593
round took: 0.9085 s
|V| = 33085, |E| = 59834, |R| = 65
>>> get_solution
>>> get_solution
  refine_solution: new weight 12865 (was 12900) in 0.007119 s
  refine_solution: new weight 12860 (was 12865) in 0.00687 s
  refine_solution: new weight 12855 (was 12860) in 0.006825 s
  refine_solution: new weight 12855 (was 12855) in 0.006927 s
103,,31777,59834,65,,4199,8056516,,12900,12855,5286,5286,5286,,76,2,@@

  handle_small_Steiner_degrees: steiner 0, suppress 2 in 4.7e-05 s
Starting round 104
Found 1322 isolated vertices
Invalid ratios recomputed: 1855
Best ratio is 76/1 (76.0), centered at 19278
Finding the best star... Star with 2 terminals centered in 19793
round took: 0.464977 s
|V| = 33085, |E| = 59817, |R| = 64
>>> get_solution
>>> get_solution
  refine_solution: new weight 12865 (was 12900) in 0.007206 s
  refine_solution: new weight 12860 (was 12865) in 0.006899 s
  refine_solution: new weight 12855 (was 12860) in 0.006783 s
  refine_solution: new weight 12855 (was 12855) in 0.006773 s
104,,31763,59817,64,,1855,4143444,,12900,12855,5362,5362,5362,,76,2,@@

  handle_small_Steiner_degrees: steiner 0, suppress 1 in 5e-05 s
Starting round 105
Found 1335 isolated vertices
Invalid ratios recomputed: 5814
Best ratio is 78/1 (78.0), centered at 16387
Finding the best star... Star with 2 terminals centered in 18384
round took: 2.35486 s
|V| = 33085, |E| = 59806, |R| = 63
>>> get_solution
>>> get_solution
  refine_solution: new weight 12865 (was 12900) in 0.007213 s
  refine_solution: new weight 12860 (was 12865) in 0.0069 s
  refine_solution: new weight 12855 (was 12860) in 0.006802 s
  refine_solution: new weight 12855 (was 12855) in 0.00677 s
105,,31750,59806,63,,5814,20227419,,12900,12855,5440,5440,5440,,78,2,@@

  handle_small_Steiner_degrees: steiner 0, suppress 1 in 4.8e-05 s
Starting round 106
Found 1342 isolated vertices
Invalid ratios recomputed: 1660
Best ratio is 78/1 (78.0), centered at 27237
Finding the best star... Star with 2 terminals centered in 28849
round took: 0.43291 s
|V| = 33085, |E| = 59796, |R| = 62
>>> get_solution
>>> get_solution
  refine_solution: new weight 12865 (was 12900) in 0.007338 s
  refine_solution: new weight 12860 (was 12865) in 0.007111 s
  refine_solution: new weight 12855 (was 12860) in 0.006992 s
  refine_solution: new weight 12855 (was 12855) in 0.007055 s
106,,31743,59796,62,,1660,3831695,,12900,12855,5518,5518,5518,,78,2,@@

  handle_small_Steiner_degrees: steiner 0, suppress 0 in 4.4e-05 s
Starting round 107
Found 1348 isolated vertices
Invalid ratios recomputed: 5263
Best ratio is 80/1 (80.0), centered at 29183
Finding the best star... Star with 2 terminals centered in 30451
round took: 2.06269 s
|V| = 33085, |E| = 59787, |R| = 61
>>> get_solution
>>> get_solution
  refine_solution: new weight 12860 (was 12890) in 0.007233 s
  refine_solution: new weight 12860 (was 12860) in 0.006877 s
107,,31737,59787,61,,5263,18523340,,12890,12860,5598,5598,5598,,80,2,@@

  handle_small_Steiner_degrees: steiner 0, suppress 0 in 3.9e-05 s
Starting round 108
Found 1356 isolated vertices
Invalid ratios recomputed: 1703
Best ratio is 81/1 (81.0), centered at 3242
Finding the best star... Star with 2 terminals centered in 6062
round took: 0.467177 s
|V| = 33085, |E| = 59772, |R| = 60
>>> get_solution
>>> get_solution
  refine_solution: new weight 12860 (was 12890) in 0.007286 s
  refine_solution: new weight 12860 (was 12860) in 0.007013 s
108,,31729,59772,60,,1703,4159604,,12890,12860,5679,5679,5679,,81,2,@@

  handle_small_Steiner_degrees: steiner 0, suppress 0 in 4.5e-05 s
Starting round 109
Found 1369 isolated vertices
Invalid ratios recomputed: 4522
Best ratio is 82/1 (82.0), centered at 13943
Finding the best star... Star with 2 terminals centered in 15006
round took: 1.03581 s
|V| = 33085, |E| = 59761, |R| = 59
>>> get_solution
>>> get_solution
  refine_solution: new weight 12860 (was 12890) in 0.007166 s
  refine_solution: new weight 12860 (was 12860) in 0.006891 s
109,,31716,59761,59,,4522,9058095,,12890,12860,5761,5761,5761,,82,2,@@

  handle_small_Steiner_degrees: steiner 0, suppress 0 in 3.8e-05 s
Starting round 110
Found 1379 isolated vertices
Invalid ratios recomputed: 2534
Best ratio is 165/2 (82.5), centered at 28515
Finding the best star... Star with 3 terminals centered in 28849
round took: 0.790172 s
|V| = 33085, |E| = 59731, |R| = 57
>>> get_solution
>>> get_solution
  refine_solution: new weight 12833 (was 12858) in 0.007173 s
  refine_solution: new weight 12833 (was 12833) in 0.006911 s
110,,31706,59731,57,,2534,6729844,,12858,12833,5926,5926,5926,,165,3,@@

  handle_small_Steiner_degrees: steiner 0, suppress 2 in 6.3e-05 s
Starting round 111
Found 1406 isolated vertices
Invalid ratios recomputed: 5646
Best ratio is 165/2 (82.5), centered at 31181
Finding the best star... Star with 3 terminals centered in 30451
round took: 2.50217 s
|V| = 33085, |E| = 59699, |R| = 55
>>> get_solution
>>> get_solution
  refine_solution: new weight 12820 (was 12845) in 0.007199 s
  refine_solution: new weight 12820 (was 12820) in 0.006902 s
111,,31679,59699,55,,5646,22331338,,12845,12820,6091,6091,6091,,165,3,@@

  handle_small_Steiner_degrees: steiner 0, suppress 0 in 3.8e-05 s
Starting round 112
Found 1431 isolated vertices
Invalid ratios recomputed: 2207
Best ratio is 83/1 (83.0), centered at 3965
Finding the best star... Star with 2 terminals centered in 6062
round took: 0.558293 s
|V| = 33085, |E| = 59689, |R| = 54
>>> get_solution
>>> get_solution
  refine_solution: new weight 12820 (was 12845) in 0.007456 s
  refine_solution: new weight 12820 (was 12820) in 0.007114 s
112,,31654,59689,54,,2207,4995107,,12845,12820,6174,6174,6174,,83,2,@@

  delete_edges: deleted 144 edges in 0.020859 s and 9 rounds
  handle_small_Steiner_degrees: steiner 0, suppress 136 in 0.000132 s
Starting round 113
Found 1574 isolated vertices
Invalid ratios recomputed: 4536
Best ratio is 168/2 (84.0), centered at 30911
Finding the best star... Star with 3 terminals centered in 30451
round took: 1.08618 s
|V| = 33085, |E| = 59383, |R| = 52
>>> get_solution
>>> get_solution
  refine_solution: new weight 12793 (was 12818) in 0.00742 s
  refine_solution: new weight 12793 (was 12793) in 0.00718 s
113,,31511,59383,52,,4536,9614859,,12818,12793,6342,6342,6342,,168,3,@@

  handle_small_Steiner_degrees: steiner 0, suppress 2 in 5.7e-05 s
Starting round 114
Found 1598 isolated vertices
Invalid ratios recomputed: 3227
Best ratio is 85/1 (85.0), centered at 26917
Finding the best star... Star with 2 terminals centered in 28232
round took: 0.994455 s
|V| = 33085, |E| = 59369, |R| = 51
>>> get_solution
>>> get_solution
  refine_solution: new weight 12771 (was 12801) in 0.007391 s
  refine_solution: new weight 12766 (was 12771) in 0.007162 s
  refine_solution: new weight 12766 (was 12766) in 0.006872 s
114,,31487,59369,51,,3227,9094035,,12801,12766,6427,6427,6427,,85,2,@@

  handle_small_Steiner_degrees: steiner 0, suppress 1 in 5.5e-05 s
Starting round 115
Found 1608 isolated vertices
Invalid ratios recomputed: 1723
Best ratio is 88/1 (88.0), centered at 11617
Finding the best star... Star with 2 terminals centered in 11632
round took: 0.451155 s
|V| = 33085, |E| = 59351, |R| = 50
>>> get_solution
>>> get_solution
  refine_solution: new weight 12771 (was 12801) in 0.007292 s
  refine_solution: new weight 12766 (was 12771) in 0.007029 s
  refine_solution: new weight 12766 (was 12766) in 0.007009 s
115,,31477,59351,50,,1723,3980541,,12801,12766,6515,6515,6515,,88,2,@@

  handle_small_Steiner_degrees: steiner 0, suppress 2 in 5e-05 s
Starting round 116
Found 1626 isolated vertices
Invalid ratios recomputed: 2682
Best ratio is 89/1 (89.0), centered at 4131
Finding the best star... Star with 2 terminals centered in 4912
round took: 0.553631 s
|V| = 33085, |E| = 59332, |R| = 49
>>> get_solution
>>> get_solution
  refine_solution: new weight 12763 (was 12793) in 0.007301 s
  refine_solution: new weight 12758 (was 12763) in 0.00692 s
  refine_solution: new weight 12758 (was 12758) in 0.006822 s
116,,31459,59332,49,,2682,4928889,,12793,12758,6604,6604,6604,,89,2,@@

  handle_small_Steiner_degrees: steiner 0, suppress 0 in 3.7e-05 s
Starting round 117
Found 1639 isolated vertices
Invalid ratios recomputed: 2145
Best ratio is 92/1 (92.0), centered at 2908
Finding the best star... Star with 2 terminals centered in 6062
round took: 0.531329 s
|V| = 33085, |E| = 59319, |R| = 48
>>> get_solution
>>> get_solution
  refine_solution: new weight 12763 (was 12793) in 0.007155 s
  refine_solution: new weight 12758 (was 12763) in 0.007023 s
  refine_solution: new weight 12758 (was 12758) in 0.006965 s
117,,31446,59319,48,,2145,5251247,,12793,12758,6696,6696,6696,,92,2,@@

  handle_small_Steiner_degrees: steiner 0, suppress 1 in 6.4e-05 s
Starting round 118
Found 1651 isolated vertices
Invalid ratios recomputed: 4522
Best ratio is 92/1 (92.0), centered at 16104
Finding the best star... Star with 2 terminals centered in 17593
round took: 1.2318 s
|V| = 33085, |E| = 59308, |R| = 47
>>> get_solution
>>> get_solution
  refine_solution: new weight 12749 (was 12769) in 0.00717 s
  refine_solution: new weight 12744 (was 12749) in 0.007028 s
  refine_solution: new weight 12744 (was 12744) in 0.006968 s
118,,31434,59308,47,,4522,10734782,,12769,12744,6788,6788,6788,,92,2,@@

  handle_small_Steiner_degrees: steiner 0, suppress 0 in 3.8e-05 s
Starting round 119
Found 1660 isolated vertices
Invalid ratios recomputed: 3716
Best ratio is 188/2 (94.0), centered at 3808
Finding the best star... Star with 3 terminals centered in 4091
round took: 1.23804 s
|V| = 33085, |E| = 59276, |R| = 45
>>> get_solution
>>> get_solution
  refine_solution: new weight 12710 (was 12740) in 0.007342 s
  refine_solution: new weight 12705 (was 12710) in 0.007217 s
  refine_solution: new weight 12705 (was 12705) in 0.007377 s
119,,31425,59276,45,,3716,10467412,,12740,12705,6976,6976,6976,,188,3,@@

  handle_small_Steiner_degrees: steiner 0, suppress 0 in 4.5e-05 s
Starting round 120
Found 1687 isolated vertices
Invalid ratios recomputed: 3251
Best ratio is 98/1 (98.0), centered at 17593
Finding the best star... Star with 2 terminals centered in 18384
round took: 0.727866 s
|V| = 33085, |E| = 59255, |R| = 44
>>> get_solution
>>> get_solution
  refine_solution: new weight 12710 (was 12740) in 0.007184 s
  refine_solution: new weight 12705 (was 12710) in 0.007026 s
  refine_solution: new weight 12705 (was 12705) in 0.006951 s
120,,31398,59255,44,,3251,7092722,,12740,12705,7074,7074,7074,,98,2,@@

  handle_small_Steiner_degrees: steiner 0, suppress 1 in 4.7e-05 s
Starting round 121
Found 1706 isolated vertices
Invalid ratios recomputed: 4266
Best ratio is 99/1 (99.0), centered at 26837
Finding the best star... Star with 2 terminals centered in 27645
round took: 1.53854 s
|V| = 33085, |E| = 59237, |R| = 43
>>> get_solution
>>> get_solution
  refine_solution: new weight 12710 (was 12740) in 0.007382 s
  refine_solution: new weight 12705 (was 12710) in 0.006997 s
  refine_solution: new weight 12705 (was 12705) in 0.006817 s
121,,31379,59237,43,,4266,12848521,,12740,12705,7173,7173,7173,,99,2,@@

  handle_small_Steiner_degrees: steiner 0, suppress 1 in 5.2e-05 s
Starting round 122
Found 1722 isolated vertices
Invalid ratios recomputed: 3111
Best ratio is 199/2 (99.5), centered at 18091
Finding the best star... Star with 3 terminals centered in 19109
round took: 1.16335 s
|V| = 33085, |E| = 59206, |R| = 41
>>> get_solution
>>> get_solution
  refine_solution: new weight 12669 (was 12699) in 0.007294 s
  refine_solution: new weight 12664 (was 12669) in 0.007143 s
  refine_solution: new weight 12664 (was 12664) in 0.006958 s
122,,31363,59206,41,,3111,10608041,,12699,12664,7372,7372,7372,,199,3,@@

  handle_small_Steiner_degrees: steiner 0, suppress 0 in 3.8e-05 s
Starting round 123
Found 1749 isolated vertices
Invalid ratios recomputed: 8289
Best ratio is 202/2 (101.0), centered at 4313
Finding the best star... Star with 3 terminals centered in 4091
round took: 4.50193 s
|V| = 33085, |E| = 59167, |R| = 39
>>> get_solution
>>> get_solution
  refine_solution: new weight 12656 (was 12676) in 0.00752 s
  refine_solution: new weight 12651 (was 12656) in 0.007238 s
  refine_solution: new weight 12651 (was 12651) in 0.007056 s
123,,31336,59167,39,,8289,37445893,,12676,12651,7574,7574,7574,,202,3,@@

  handle_small_Steiner_degrees: steiner 0, suppress 3 in 5.5e-05 s
Starting round 124
Found 1786 isolated vertices
Invalid ratios recomputed: 3872
Best ratio is 101/1 (101.0), centered at 6062
Finding the best star... Star with 2 terminals centered in 6591
round took: 1.15182 s
|V| = 33085, |E| = 59145, |R| = 38
>>> get_solution
>>> get_solution
  refine_solution: new weight 12656 (was 12686) in 0.007204 s
  refine_solution: new weight 12651 (was 12656) in 0.007 s
  refine_solution: new weight 12651 (was 12651) in 0.006904 s
124,,31299,59145,38,,3872,10566663,,12686,12651,7675,7675,7675,,101,2,@@

  handle_small_Steiner_degrees: steiner 0, suppress 1 in 5.2e-05 s
Starting round 125
Found 1802 isolated vertices
Invalid ratios recomputed: 5906
Best ratio is 101/1 (101.0), centered at 27476
Finding the best star... Star with 2 terminals centered in 28849
round took: 2.01073 s
|V| = 33085, |E| = 59128, |R| = 37
>>> get_solution
>>> get_solution
  refine_solution: new weight 12643 (was 12673) in 0.007481 s
  refine_solution: new weight 12638 (was 12643) in 0.007246 s
  refine_solution: new weight 12638 (was 12638) in 0.007143 s
125,,31283,59128,37,,5906,17323866,,12673,12638,7776,7776,7776,,101,2,@@

  handle_small_Steiner_degrees: steiner 0, suppress 0 in 3.8e-05 s
Starting round 126
Found 1817 isolated vertices
Invalid ratios recomputed: 6199
Best ratio is 102/1 (102.0), centered at 10965
Finding the best star... Star with 2 terminals centered in 12010
round took: 3.04589 s
|V| = 33085, |E| = 59113, |R| = 36
>>> get_solution
>>> get_solution
  refine_solution: new weight 12638 (was 12668) in 0.007244 s
  refine_solution: new weight 12633 (was 12638) in 0.006984 s
  refine_solution: new weight 12633 (was 12633) in 0.006985 s
126,,31268,59113,36,,6199,26263332,,12668,12633,7878,7878,7878,,102,2,@@

  handle_small_Steiner_degrees: steiner 0, suppress 0 in 3.8e-05 s
Starting round 127
Found 1831 isolated vertices
Invalid ratios recomputed: 2628
Best ratio is 205/2 (102.5), centered at 14540
Finding the best star... Star with 3 terminals centered in 15070
round took: 1.21632 s
|V| = 33085, |E| = 59082, |R| = 34
>>> get_solution
>>> get_solution
  refine_solution: new weight 12644 (was 12669) in 0.011733 s
  refine_solution: new weight 12639 (was 12644) in 0.012257 s
  refine_solution: new weight 12639 (was 12639) in 0.012174 s
127,,31254,59082,34,,2628,9591035,,12669,12639,8083,8083,8083,,205,3,@@

  handle_small_Steiner_degrees: steiner 0, suppress 2 in 7.3e-05 s
Starting round 128
Found 1858 isolated vertices
Invalid ratios recomputed: 9805
Best ratio is 207/2 (103.5), centered at 25344
Finding the best star... Star with 3 terminals centered in 28849
round took: 6.49467 s
|V| = 33085, |E| = 59048, |R| = 32
>>> get_solution
>>> get_solution
  refine_solution: new weight 12643 (was 12653) in 0.015369 s
  refine_solution: new weight 12643 (was 12643) in 0.012849 s
128,,31227,59048,32,,9805,50187097,,12653,12643,8290,8290,8290,,207,3,@@

  delete_edges: deleted 134 edges in 0.029909 s and 9 rounds
  handle_small_Steiner_degrees: steiner 4, suppress 125 in 0.000201 s
Starting round 129
Found 2014 isolated vertices
Invalid ratios recomputed: 7253
Best ratio is 209/2 (104.5), centered at 27675
Finding the best star... Star with 3 terminals centered in 27156
round took: 4.79463 s
|V| = 33085, |E| = 58746, |R| = 30
>>> get_solution
>>> get_solution
  refine_solution: new weight 12613 (was 12623) in 0.011388 s
  refine_solution: new weight 12613 (was 12613) in 0.012359 s
129,,31071,58746,30,,7253,38906305,,12623,12613,8499,8499,8499,,209,3,@@

  handle_small_Steiner_degrees: steiner 0, suppress 1 in 7e-05 s
Starting round 130
Found 2044 isolated vertices
Invalid ratios recomputed: 4714
Best ratio is 105/1 (105.0), centered at 4699
Finding the best star... Star with 2 terminals centered in 6591
round took: 2.31256 s
|V| = 33085, |E| = 58723, |R| = 29
>>> get_solution
>>> get_solution
  refine_solution: new weight 12613 (was 12633) in 0.011996 s
  refine_solution: new weight 12613 (was 12613) in 0.012905 s
130,,31041,58723,29,,4714,19131185,,12633,12613,8604,8604,8604,,105,2,@@

  handle_small_Steiner_degrees: steiner 0, suppress 0 in 4.4e-05 s
Starting round 131
Found 2064 isolated vertices
Invalid ratios recomputed: 5992
Best ratio is 214/2 (107.0), centered at 11124
Finding the best star... Star with 3 terminals centered in 15070
round took: 2.42391 s
|V| = 33085, |E| = 58688, |R| = 27
>>> get_solution
>>> get_solution
  refine_solution: new weight 12613 (was 12623) in 0.012013 s
  refine_solution: new weight 12613 (was 12613) in 0.012663 s
131,,31021,58688,27,,5992,20225650,,12623,12613,8818,8818,8818,,214,3,@@

  handle_small_Steiner_degrees: steiner 0, suppress 0 in 5.6e-05 s
Starting round 132
Found 2094 isolated vertices
Invalid ratios recomputed: 11132
Best ratio is 217/2 (108.5), centered at 13164
Finding the best star... Star with 3 terminals centered in 15070
round took: 8.62109 s
|V| = 33085, |E| = 58647, |R| = 25
>>> get_solution
>>> get_solution
  refine_solution: new weight 12600 (was 12620) in 0.012159 s
  refine_solution: new weight 12600 (was 12600) in 0.012625 s
132,,30991,58647,25,,11132,64821908,,12620,12600,9035,9035,9035,,217,3,@@

  handle_small_Steiner_degrees: steiner 0, suppress 1 in 6.4e-05 s
Starting round 133
Found 2131 isolated vertices
Invalid ratios recomputed: 11370
Best ratio is 220/2 (110.0), centered at 28248
Finding the best star... Star with 3 terminals centered in 29739
round took: 9.82648 s
|V| = 33085, |E| = 58614, |R| = 23
>>> get_solution
>>> get_solution
  refine_solution: new weight 12562 (was 12572) in 0.011967 s
  refine_solution: new weight 12562 (was 12562) in 0.012678 s
133,,30954,58614,23,,11370,75728358,,12572,12562,9255,9255,9255,,220,3,@@

  handle_small_Steiner_degrees: steiner 0, suppress 0 in 4.9e-05 s
Starting round 134
Found 2159 isolated vertices
Invalid ratios recomputed: 9104
Best ratio is 110/1 (110.0), centered at 27156
Finding the best star... Star with 2 terminals centered in 27156
round took: 7.2763 s
|V| = 33085, |E| = 58592, |R| = 22
>>> get_solution
>>> get_solution
  refine_solution: new weight 12562 (was 12582) in 0.012003 s
  refine_solution: new weight 12562 (was 12562) in 0.012741 s
134,,30926,58592,22,,9104,56642799,,12582,12562,9365,9365,9365,,110,2,@@

  handle_small_Steiner_degrees: steiner 0, suppress 0 in 4e-05 s
Starting round 135
Found 2181 isolated vertices
Invalid ratios recomputed: 9237
Best ratio is 221/2 (110.5), centered at 30748
Finding the best star... Star with 3 terminals centered in 32652
round took: 7.33266 s
|V| = 33085, |E| = 58565, |R| = 20
>>> get_solution
>>> get_solution
  refine_solution: new weight 12545 (was 12555) in 0.012698 s
  refine_solution: new weight 12545 (was 12545) in 0.013584 s
135,,30904,58565,20,,9237,57119867,,12555,12545,9586,9586,9586,,221,3,@@

  handle_small_Steiner_degrees: steiner 0, suppress 1 in 6e-05 s
Starting round 136
Found 2205 isolated vertices
Invalid ratios recomputed: 11070
Best ratio is 114/1 (114.0), centered at 69
Finding the best star... Star with 2 terminals centered in 6591
round took: 10.494 s
|V| = 33085, |E| = 58549, |R| = 19
>>> get_solution
>>> get_solution
  refine_solution: new weight 12545 (was 12555) in 0.011766 s
  refine_solution: new weight 12545 (was 12545) in 0.012667 s
136,,30880,58549,19,,11070,79003090,,12555,12545,9700,9700,9700,,114,2,@@

  handle_small_Steiner_degrees: steiner 0, suppress 2 in 5.7e-05 s
Starting round 137
Found 2217 isolated vertices
Invalid ratios recomputed: 5980
Best ratio is 114/1 (114.0), centered at 15070
Finding the best star... Star with 2 terminals centered in 15070
round took: 2.58703 s
|V| = 33085, |E| = 58535, |R| = 18
>>> get_solution
>>> get_solution
  refine_solution: new weight 12545 (was 12555) in 0.011719 s
  refine_solution: new weight 12545 (was 12545) in 0.012377 s
137,,30868,58535,18,,5980,21567245,,12555,12545,9814,9814,9814,,114,2,@@

  handle_small_Steiner_degrees: steiner 0, suppress 1 in 5.7e-05 s
Starting round 138
Found 2228 isolated vertices
Invalid ratios recomputed: 16746
Best ratio is 117/1 (117.0), centered at 5793
Finding the best star... Star with 2 terminals centered in 7870
round took: 20.4 s
|V| = 33085, |E| = 58524, |R| = 17
>>> get_solution
>>> get_solution
  refine_solution: new weight 12545 (was 12565) in 0.01135 s
  refine_solution: new weight 12545 (was 12545) in 0.012355 s
138,,30857,58524,17,,16746,147290258,,12565,12545,9931,9931,9931,,117,2,@@

  handle_small_Steiner_degrees: steiner 0, suppress 0 in 4.8e-05 s
Starting round 139
Found 2237 isolated vertices
Invalid ratios recomputed: 6609
Best ratio is 119/1 (119.0), centered at 4091
Finding the best star... Star with 2 terminals centered in 6657
round took: 3.18152 s
|V| = 33085, |E| = 58511, |R| = 16
>>> get_solution
>>> get_solution
  refine_solution: new weight 12545 (was 12565) in 0.011436 s
  refine_solution: new weight 12545 (was 12545) in 0.012318 s
139,,30848,58511,16,,6609,26208804,,12565,12545,10050,10050,10050,,119,2,@@

  handle_small_Steiner_degrees: steiner 0, suppress 1 in 5.9e-05 s
Starting round 140
Found 2249 isolated vertices
Invalid ratios recomputed: 7443
Best ratio is 122/1 (122.0), centered at 27156
Finding the best star... Star with 2 terminals centered in 27156
round took: 4.64671 s
|V| = 33085, |E| = 58486, |R| = 15
>>> get_solution
>>> get_solution
  refine_solution: new weight 12545 (was 12555) in 0.011535 s
  refine_solution: new weight 12545 (was 12545) in 0.012428 s
140,,30836,58486,15,,7443,37069151,,12555,12545,10172,10172,10172,,122,2,@@

  handle_small_Steiner_degrees: steiner 0, suppress 3 in 7.1e-05 s
Starting round 141
Found 2270 isolated vertices
Invalid ratios recomputed: 11221
Best ratio is 249/2 (124.5), centered at 31196
Finding the best star... Star with 3 terminals centered in 32652
round took: 12.6574 s
|V| = 33085, |E| = 58441, |R| = 13
>>> get_solution
>>> get_solution
  refine_solution: new weight 12519 (was 12539) in 0.011813 s
  refine_solution: new weight 12519 (was 12519) in 0.01259 s
141,,30815,58441,13,,11221,92934375,,12539,12519,10421,10421,10421,,249,3,@@

  handle_small_Steiner_degrees: steiner 0, suppress 1 in 6.7e-05 s
Starting round 142
Found 2307 isolated vertices
Invalid ratios recomputed: 17755
Best ratio is 291/2 (145.5), centered at 9357
Finding the best star... Star with 3 terminals centered in 9882
round took: 30.9915 s
|V| = 33085, |E| = 58396, |R| = 11
>>> get_solution
>>> get_solution
  refine_solution: new weight 12465 (was 12485) in 0.009233 s
  refine_solution: new weight 12465 (was 12465) in 0.009275 s
142,,30778,58396,11,,17755,217595835,,12485,12465,10712,10712,10712,,291,3,@@

  handle_small_Steiner_degrees: steiner 0, suppress 3 in 6.2e-05 s
Starting round 143
Found 2347 isolated vertices
Invalid ratios recomputed: 6611
Best ratio is 294/2 (147.0), centered at 9718
Finding the best star... Star with 3 terminals centered in 10254
round took: 4.93718 s
|V| = 33085, |E| = 58347, |R| = 9
>>> get_solution
>>> get_solution
  refine_solution: new weight 12452 (was 12472) in 0.008789 s
  refine_solution: new weight 12452 (was 12452) in 0.008669 s
143,,30738,58347,9,,6611,39111856,,12472,12452,11006,11006,11006,,294,3,@@

  handle_small_Steiner_degrees: steiner 0, suppress 2 in 7.2e-05 s
Starting round 144
Found 2385 isolated vertices
Invalid ratios recomputed: 10739
Best ratio is 300/2 (150.0), centered at 10254
Finding the best star... Star with 3 terminals centered in 6657
round took: 9.0326 s
|V| = 33085, |E| = 58303, |R| = 7
>>> get_solution
>>> get_solution
  refine_solution: new weight 12452 (was 12472) in 0.008292 s
  refine_solution: new weight 12452 (was 12452) in 0.008692 s
144,,30700,58303,7,,10739,69726090,,12472,12452,11306,11306,11306,,300,3,@@

  handle_small_Steiner_degrees: steiner 0, suppress 4 in 7.4e-05 s
Starting round 145
Found 2423 isolated vertices
Invalid ratios recomputed: 13402
Best ratio is 153/1 (153.0), centered at 15070
Finding the best star... Star with 2 terminals centered in 15070
round took: 18.3075 s
|V| = 33085, |E| = 58280, |R| = 6
>>> get_solution
>>> get_solution
  refine_solution: new weight 12452 (was 12472) in 0.008285 s
  refine_solution: new weight 12452 (was 12452) in 0.008693 s
145,,30662,58280,6,,13402,133941294,,12472,12452,11459,11459,11459,,153,2,@@

  handle_small_Steiner_degrees: steiner 0, suppress 0 in 4.9e-05 s
Starting round 146
Found 2436 isolated vertices
Invalid ratios recomputed: 20969
Best ratio is 156/1 (156.0), centered at 6657
Finding the best star... Star with 2 terminals centered in 12010
round took: 54.706 s
|V| = 33085, |E| = 58266, |R| = 5
>>> get_solution
>>> get_solution
  refine_solution: new weight 12452 (was 12472) in 0.009036 s
  refine_solution: new weight 12452 (was 12452) in 0.008723 s
146,,30649,58266,5,,20969,364517579,,12472,12452,11615,11615,11615,,156,2,@@

  handle_small_Steiner_degrees: steiner 0, suppress 0 in 4.8e-05 s
Starting round 147
Found 2448 isolated vertices
Invalid ratios recomputed: 19252
Best ratio is 165/1 (165.0), centered at 9883
Finding the best star... Star with 2 terminals centered in 12494
round took: 43.3758 s
|V| = 33085, |E| = 58246, |R| = 4
>>> get_solution
>>> get_solution
  refine_solution: new weight 12452 (was 12472) in 0.008643 s
  refine_solution: new weight 12452 (was 12452) in 0.008877 s
147,,30637,58246,4,,19252,291094121,,12472,12452,11780,11780,11780,,165,2,@@

  handle_small_Steiner_degrees: steiner 0, suppress 0 in 4.8e-05 s
Starting round 148
Found 2465 isolated vertices
Invalid ratios recomputed: 19235
Best ratio is 174/1 (174.0), centered at 15070
Finding the best star... Star with 2 terminals centered in 15070
round took: 52.8725 s
|V| = 33085, |E| = 58217, |R| = 3
>>> get_solution
>>> get_solution
  refine_solution: new weight 12452 (was 12472) in 0.009665 s
  refine_solution: new weight 12452 (was 12452) in 0.009477 s
148,,30620,58217,3,,19235,343504636,,12472,12452,11954,11954,11954,,174,2,@@

  handle_small_Steiner_degrees: steiner 0, suppress 0 in 3.9e-05 s
Starting round 149
Found 2493 isolated vertices
Invalid ratios recomputed: 28477
Best ratio is 254/1 (254.0), centered at 4092
Finding the best star... Star with 2 terminals centered in 4912
round took: 94.6332 s
|V| = 33085, |E| = 58168, |R| = 2
>>> get_solution
>>> get_solution
  refine_solution: new weight 12452 (was 12472) in 0.008346 s
  refine_solution: new weight 12452 (was 12452) in 0.008592 s
149,,30592,58168,2,,28477,600949907,,12472,12452,12208,12208,12208,,254,2,@@

  handle_small_Steiner_degrees: steiner 0, suppress 1 in 7.8e-05 s
Starting round 150
Found 2540 isolated vertices
Invalid ratios recomputed: 30545
Best ratio is 264/1 (264.0), centered at 4912
Finding the best star... Star with 2 terminals centered in 15070
round took: 114.645 s
|V| = 33085, |E| = 58141, |R| = 1
>>> get_solution
>>> get_solution
  refine_solution: new weight 12452 (was 12472) in 0.00795 s
  refine_solution: new weight 12452 (was 12452) in 0.008305 s
150,,30545,58141,1,,30545,737845447,,12472,12452,12472,12472,12472,,264,2,@@

  handle_small_Steiner_degrees: steiner 0, suppress 0 in 4.4e-05 s
contract_till_the_bitter_end: 605.591 s

Calling end_heu
>>> get_solution
Saved weight 78
end_heu: 0 loops with 0 unique solutions in 0.000665 s

Calling print_solution
>>> get_solution
  refine_solution: new weight 12452 (was 12472) in 0.008918 s
Oops orig weight was 12472 but we got 12452
## FINAL WEIGHT 12452
print_solution: 0.017197 s
