Version: final-96-g3f4a746 add measure_work.sh
Random seed: 1555583631
Start
>>> save_orig_graph
>> Saved weight 0
Graph loaded
|V| = 78835, |E| = 95732, |R| = 88
First clearance of the input. Calling buy_zero and run_all_heuristics.
  buy_zero: 156 zero edges in 0.00061 s
  handle_small_terminal_degrees: terms 0 in 5.9e-05 s
  handle_small_Steiner_degrees: steiner 60, suppress 49485 in 0.012246 s
  shortest_edge_between_terminals: 0 edges in 1e-05 s
  handle_small_terminal_degrees: terms 0 in 6e-05 s
  handle_small_Steiner_degrees: steiner 3, suppress 2694 in 0.00111 s
  shortest_edge_between_terminals: 0 edges in 6e-06 s
  handle_small_terminal_degrees: terms 0 in 5.8e-05 s
  handle_small_Steiner_degrees: steiner 0, suppress 224 in 0.00016 s
  shortest_edge_between_terminals: 0 edges in 4e-06 s
  handle_small_terminal_degrees: terms 0 in 5.9e-05 s
  handle_small_Steiner_degrees: steiner 1, suppress 47 in 0.000104 s
  shortest_edge_between_terminals: 0 edges in 4e-06 s
  handle_small_terminal_degrees: terms 0 in 5.8e-05 s
  handle_small_Steiner_degrees: steiner 0, suppress 34 in 9.9e-05 s
  shortest_edge_between_terminals: 0 edges in 3e-06 s
  handle_small_terminal_degrees: terms 0 in 5.9e-05 s
  handle_small_Steiner_degrees: steiner 0, suppress 19 in 9.4e-05 s
  shortest_edge_between_terminals: 0 edges in 4e-06 s
  handle_small_terminal_degrees: terms 0 in 5.8e-05 s
  handle_small_Steiner_degrees: steiner 0, suppress 14 in 9.3e-05 s
  shortest_edge_between_terminals: 0 edges in 3e-06 s
  handle_small_terminal_degrees: terms 0 in 5.9e-05 s
  handle_small_Steiner_degrees: steiner 0, suppress 10 in 9.1e-05 s
  shortest_edge_between_terminals: 0 edges in 3e-06 s
  handle_small_terminal_degrees: terms 0 in 5.9e-05 s
  handle_small_Steiner_degrees: steiner 0, suppress 7 in 9e-05 s
  shortest_edge_between_terminals: 0 edges in 4e-06 s
  handle_small_terminal_degrees: terms 0 in 5.8e-05 s
  handle_small_Steiner_degrees: steiner 0, suppress 7 in 9e-05 s
  shortest_edge_between_terminals: 0 edges in 4e-06 s
  handle_small_terminal_degrees: terms 0 in 5.8e-05 s
  handle_small_Steiner_degrees: steiner 0, suppress 4 in 9e-05 s
  shortest_edge_between_terminals: 0 edges in 3e-06 s
  handle_small_terminal_degrees: terms 0 in 5.9e-05 s
  handle_small_Steiner_degrees: steiner 0, suppress 5 in 9e-05 s
  shortest_edge_between_terminals: 0 edges in 4e-06 s
  handle_small_terminal_degrees: terms 0 in 5.8e-05 s
  handle_small_Steiner_degrees: steiner 0, suppress 6 in 9e-05 s
  shortest_edge_between_terminals: 0 edges in 4e-06 s
  handle_small_terminal_degrees: terms 0 in 5.8e-05 s
  handle_small_Steiner_degrees: steiner 0, suppress 5 in 9e-05 s
  shortest_edge_between_terminals: 0 edges in 3e-06 s
  handle_small_terminal_degrees: terms 0 in 5.9e-05 s
  handle_small_Steiner_degrees: steiner 0, suppress 4 in 9e-05 s
  shortest_edge_between_terminals: 0 edges in 3e-06 s
  handle_small_terminal_degrees: terms 0 in 5.9e-05 s
  handle_small_Steiner_degrees: steiner 0, suppress 1 in 8.8e-05 s
  shortest_edge_between_terminals: 0 edges in 3e-06 s
  handle_small_terminal_degrees: terms 0 in 5.8e-05 s
  handle_small_Steiner_degrees: steiner 0, suppress 4 in 8.9e-05 s
  shortest_edge_between_terminals: 0 edges in 3e-06 s
  handle_small_terminal_degrees: terms 0 in 5.9e-05 s
  handle_small_Steiner_degrees: steiner 0, suppress 2 in 8.9e-05 s
  shortest_edge_between_terminals: 0 edges in 3e-06 s
  handle_small_terminal_degrees: terms 0 in 5.9e-05 s
  handle_small_Steiner_degrees: steiner 0, suppress 2 in 8.9e-05 s
  shortest_edge_between_terminals: 0 edges in 3e-06 s
  handle_small_terminal_degrees: terms 0 in 5.9e-05 s
  handle_small_Steiner_degrees: steiner 0, suppress 0 in 8.8e-05 s
  shortest_edge_between_terminals: 0 edges in 4e-06 s
Compressed graph 78835 -> 26040
  delete_edges: deleted 1354 edges in 0.014097 s and 4 rounds
  handle_small_terminal_degrees: terms 0 in 2.1e-05 s
  handle_small_Steiner_degrees: steiner 16, suppress 1993 in 0.000598 s
  shortest_edge_between_terminals: 0 edges in 4e-06 s
  handle_small_terminal_degrees: terms 0 in 2e-05 s
  handle_small_Steiner_degrees: steiner 0, suppress 61 in 4.7e-05 s
  shortest_edge_between_terminals: 0 edges in 3e-06 s
  handle_small_terminal_degrees: terms 0 in 1.9e-05 s
  handle_small_Steiner_degrees: steiner 0, suppress 0 in 3e-05 s
  shortest_edge_between_terminals: 0 edges in 2e-06 s
Compressed graph 26040 -> 23970
  delete_edges_shortest_path: deleted 2065 edges in 0.277743 s
  handle_small_terminal_degrees: terms 3 in 2.8e-05 s
  handle_small_Steiner_degrees: steiner 199, suppress 3198 in 0.001058 s
  shortest_edge_between_terminals: 0 edges in 4e-06 s
  handle_small_terminal_degrees: terms 0 in 1.8e-05 s
  handle_small_Steiner_degrees: steiner 3, suppress 193 in 8.5e-05 s
  shortest_edge_between_terminals: 0 edges in 3e-06 s
  handle_small_terminal_degrees: terms 0 in 1.8e-05 s
  handle_small_Steiner_degrees: steiner 2, suppress 17 in 3.2e-05 s
  shortest_edge_between_terminals: 0 edges in 2e-06 s
  handle_small_terminal_degrees: terms 0 in 1.8e-05 s
  handle_small_Steiner_degrees: steiner 0, suppress 5 in 2.9e-05 s
  shortest_edge_between_terminals: 0 edges in 2e-06 s
  handle_small_terminal_degrees: terms 0 in 1.8e-05 s
  handle_small_Steiner_degrees: steiner 0, suppress 1 in 2.8e-05 s
  shortest_edge_between_terminals: 0 edges in 1e-06 s
  handle_small_terminal_degrees: terms 0 in 1.7e-05 s
  handle_small_Steiner_degrees: steiner 0, suppress 0 in 2.8e-05 s
  shortest_edge_between_terminals: 0 edges in 2e-06 s
Compressed graph 23970 -> 20349
  handle_small_terminal_degrees: terms 0 in 1.5e-05 s
  handle_small_Steiner_degrees: steiner 0, suppress 0 in 2e-05 s
  shortest_edge_between_terminals: 0 edges in 6e-06 s
Compressed graph 20349 -> 20348
  delete_edges_shortest_path: deleted 349 edges in 0.192387 s
  handle_small_terminal_degrees: terms 0 in 1.6e-05 s
  handle_small_Steiner_degrees: steiner 12, suppress 620 in 0.000273 s
  shortest_edge_between_terminals: 0 edges in 4e-06 s
  handle_small_terminal_degrees: terms 0 in 2.2e-05 s
  handle_small_Steiner_degrees: steiner 0, suppress 32 in 3.4e-05 s
  shortest_edge_between_terminals: 0 edges in 2e-06 s
  handle_small_terminal_degrees: terms 0 in 2.3e-05 s
  handle_small_Steiner_degrees: steiner 0, suppress 4 in 2.5e-05 s
  shortest_edge_between_terminals: 0 edges in 2e-06 s
  handle_small_terminal_degrees: terms 0 in 1.5e-05 s
  handle_small_Steiner_degrees: steiner 0, suppress 0 in 2.3e-05 s
  shortest_edge_between_terminals: 0 edges in 2e-06 s
Compressed graph 20348 -> 19680
Compressed graph 19680 -> 19680
>>> save_orig_graph
>> Saved weight 97457
### ZEL_LVL=0 PRECISE_STARS=0

Calling `contract_till_the_bitter_end`
|V| = 19680, |E| = 30266, |R| = 88
>>> get_solution
>>> get_solution
  refine_solution: new weight 4963156 (was 5463234) in 0.004993 s
  refine_solution: new weight 4926089 (was 4963156) in 0.00478 s
  refine_solution: new weight 4926089 (was 4926089) in 0.004649 s
0,,19680,30266,88,,0,0,,5463234,4926089,97457,97457,97457,,0,0,@@

  delete_edges: deleted 78 edges in 0.006048 s and 2 rounds
  handle_small_Steiner_degrees: steiner 0, suppress 132 in 7.4e-05 s
Starting round 1
Found 132 isolated vertices
Invalid ratios recomputed: 19548
Best ratio is 23309/1 (23309.0), centered at 17153
Finding the best star... Star with 2 terminals centered in 17153
round took: 6.57563 s
|V| = 19680, |E| = 30050, |R| = 87
>>> get_solution
>>> get_solution
  refine_solution: new weight 4970291 (was 5473162) in 0.005138 s
  refine_solution: new weight 4924877 (was 4970291) in 0.004723 s
  refine_solution: new weight 4924877 (was 4924877) in 0.004674 s
1,,19548,30050,87,,19548,48513586,,5473162,4924877,120766,120766,120766,,23309,2,@@

  handle_small_Steiner_degrees: steiner 0, suppress 6 in 3.3e-05 s
Starting round 2
Found 141 isolated vertices
Invalid ratios recomputed: 670
Best ratio is 26041/1 (26041.0), centered at 2652
Finding the best star... Star with 2 terminals centered in 17197
round took: 0.062872 s
|V| = 19680, |E| = 30031, |R| = 86
>>> get_solution
>>> get_solution
  refine_solution: new weight 4968677 (was 5438493) in 0.00504 s
  refine_solution: new weight 4923263 (was 4968677) in 0.004708 s
  refine_solution: new weight 4923263 (was 4923263) in 0.004629 s
2,,19539,30031,86,,670,457527,,5438493,4923263,146807,146807,146807,,26041,2,@@

  handle_small_Steiner_degrees: steiner 0, suppress 3 in 2.9e-05 s
Starting round 3
Found 153 isolated vertices
Invalid ratios recomputed: 2008
Best ratio is 61227/2 (30613.5), centered at 17288
Finding the best star... Star with 3 terminals centered in 17291
round took: 0.628634 s
|V| = 19680, |E| = 30010, |R| = 84
>>> get_solution
>>> get_solution
  refine_solution: new weight 4966030 (was 5428347) in 0.005016 s
  refine_solution: new weight 4904967 (was 4966030) in 0.004676 s
  refine_solution: new weight 4904967 (was 4904967) in 0.004647 s
3,,19527,30010,84,,2008,4538968,,5428347,4904967,208034,208034,208034,,61227,3,@@

  handle_small_Steiner_degrees: steiner 0, suppress 2 in 5.3e-05 s
Starting round 4
Found 168 isolated vertices
Invalid ratios recomputed: 2782
Best ratio is 27187/1 (27187.0), centered at 5657
Finding the best star... Star with 2 terminals centered in 17302
round took: 0.717077 s
|V| = 19680, |E| = 29998, |R| = 83
>>> get_solution
>>> get_solution
  refine_solution: new weight 4966721 (was 5427076) in 0.005022 s
  refine_solution: new weight 4905658 (was 4966721) in 0.004641 s
  refine_solution: new weight 4905658 (was 4905658) in 0.004595 s
4,,19512,29998,83,,2782,5314262,,5427076,4905658,235221,235221,235221,,27187,2,@@

  handle_small_Steiner_degrees: steiner 0, suppress 3 in 2.8e-05 s
Starting round 5
Found 176 isolated vertices
Invalid ratios recomputed: 3018
Best ratio is 76086/2 (38043.0), centered at 15553
Finding the best star... Star with 3 terminals centered in 17525
round took: 0.800926 s
|V| = 19680, |E| = 29969, |R| = 81
>>> get_solution
>>> get_solution
  refine_solution: new weight 4968217 (was 5410730) in 0.005044 s
  refine_solution: new weight 4907154 (was 4968217) in 0.004686 s
  refine_solution: new weight 4907154 (was 4907154) in 0.004613 s
5,,19504,29969,81,,3018,5944607,,5410730,4907154,311307,311307,311307,,76086,3,@@

  handle_small_Steiner_degrees: steiner 0, suppress 5 in 3.7e-05 s
Starting round 6
Found 200 isolated vertices
Invalid ratios recomputed: 2527
Best ratio is 74013/2 (37006.5), centered at 15526
Finding the best star... Star with 3 terminals centered in 17544
round took: 0.915189 s
|V| = 19680, |E| = 29929, |R| = 79
>>> get_solution
>>> get_solution
  refine_solution: new weight 4961455 (was 5372031) in 0.007452 s
  refine_solution: new weight 4909486 (was 4961455) in 0.007017 s
  refine_solution: new weight 4909486 (was 4909486) in 0.007129 s
6,,19480,29929,79,,2527,6836915,,5372031,4909486,385320,385320,385320,,74013,3,@@

  handle_small_Steiner_degrees: steiner 0, suppress 5 in 8.6e-05 s
Starting round 7
Found 232 isolated vertices
Invalid ratios recomputed: 3367
Best ratio is 154759/4 (38689.8), centered at 18893
Finding the best star... Star with 5 terminals centered in 17361
round took: 1.45401 s
|V| = 19680, |E| = 29849, |R| = 75
>>> get_solution
>>> get_solution
  refine_solution: new weight 4956919 (was 5340095) in 0.005391 s
  refine_solution: new weight 4908064 (was 4956919) in 0.00501 s
  refine_solution: new weight 4908064 (was 4908064) in 0.004889 s
7,,19448,29849,75,,3367,8839362,,5340095,4908064,535071,535071,535071,,154759,5,@@

  handle_small_Steiner_degrees: steiner 2, suppress 6 in 3.7e-05 s
Starting round 8
Found 302 isolated vertices
Invalid ratios recomputed: 3739
Best ratio is 39472/1 (39472.0), centered at 6090
Finding the best star... Star with 2 terminals centered in 17361
round took: 1.22395 s
|V| = 19680, |E| = 29819, |R| = 74
>>> get_solution
>>> get_solution
  refine_solution: new weight 4966505 (was 5356484) in 0.005378 s
  refine_solution: new weight 4918743 (was 4966505) in 0.005027 s
  refine_solution: new weight 4918743 (was 4918743) in 0.004915 s
8,,19378,29819,74,,3739,8894686,,5356484,4918743,574543,574543,574543,,39472,2,@@

  handle_small_Steiner_degrees: steiner 1, suppress 5 in 6.2e-05 s
Starting round 9
Found 322 isolated vertices
Invalid ratios recomputed: 3760
Best ratio is 40396/1 (40396.0), centered at 17202
Finding the best star... Star with 2 terminals centered in 17202
round took: 1.33926 s
|V| = 19680, |E| = 29806, |R| = 73
>>> get_solution
>>> get_solution
  refine_solution: new weight 4986564 (was 5363783) in 0.005329 s
  refine_solution: new weight 4944523 (was 4986564) in 0.004967 s
  refine_solution: new weight 4944523 (was 4944523) in 0.004904 s
9,,19358,29806,73,,3760,9577802,,5363783,4944523,614939,614939,614939,,40396,2,@@

  handle_small_Steiner_degrees: steiner 0, suppress 3 in 3e-05 s
Starting round 10
Found 328 isolated vertices
Invalid ratios recomputed: 1669
Best ratio is 121682/3 (40560.7), centered at 4468
Finding the best star... Star with 4 terminals centered in 17268
round took: 0.465795 s
|V| = 19680, |E| = 29744, |R| = 70
>>> get_solution
>>> get_solution
  refine_solution: new weight 4927880 (was 5330668) in 0.005318 s
  refine_solution: new weight 4885240 (was 4927880) in 0.004997 s
  refine_solution: new weight 4885065 (was 4885240) in 0.004901 s
  refine_solution: new weight 4885065 (was 4885065) in 0.004904 s
10,,19352,29744,70,,1669,3421390,,5330668,4885065,732213,732213,732213,,121682,4,@@

  handle_small_Steiner_degrees: steiner 0, suppress 9 in 4.3e-05 s
Starting round 11
Found 384 isolated vertices
Invalid ratios recomputed: 5117
Best ratio is 40586/1 (40586.0), centered at 17246
Finding the best star... Star with 2 terminals centered in 17246
round took: 2.46699 s
|V| = 19680, |E| = 29726, |R| = 69
>>> get_solution
>>> get_solution
  refine_solution: new weight 4923214 (was 5273921) in 0.005361 s
  refine_solution: new weight 4898263 (was 4923214) in 0.004989 s
  refine_solution: new weight 4898088 (was 4898263) in 0.004881 s
  refine_solution: new weight 4898088 (was 4898088) in 0.004886 s
11,,19296,29726,69,,5117,15811964,,5273921,4898088,772799,772799,772799,,40586,2,@@

  handle_small_Steiner_degrees: steiner 0, suppress 4 in 3.2e-05 s
Starting round 12
Found 392 isolated vertices
Invalid ratios recomputed: 2284
Best ratio is 81480/2 (40740.0), centered at 948
Finding the best star... Star with 3 terminals centered in 17145
round took: 0.942358 s
|V| = 19680, |E| = 29683, |R| = 67
>>> get_solution
>>> get_solution
  refine_solution: new weight 4890734 (was 5220406) in 0.005331 s
  refine_solution: new weight 4867845 (was 4890734) in 0.004975 s
  refine_solution: new weight 4867670 (was 4867845) in 0.004867 s
  refine_solution: new weight 4867670 (was 4867670) in 0.004897 s
12,,19288,29683,67,,2284,6743026,,5220406,4867670,854279,854279,854279,,81480,3,@@

  handle_small_Steiner_degrees: steiner 1, suppress 6 in 6.3e-05 s
Starting round 13
Found 430 isolated vertices
Invalid ratios recomputed: 2397
Best ratio is 38370/1 (38370.0), centered at 951
Finding the best star... Star with 2 terminals centered in 17141
round took: 0.701427 s
|V| = 19680, |E| = 29663, |R| = 66
>>> get_solution
>>> get_solution
  refine_solution: new weight 4899494 (was 5229166) in 0.005337 s
  refine_solution: new weight 4876605 (was 4899494) in 0.004973 s
  refine_solution: new weight 4876430 (was 4876605) in 0.004864 s
  refine_solution: new weight 4876430 (was 4876430) in 0.004903 s
13,,19250,29663,66,,2397,5133044,,5229166,4876430,892649,892649,892649,,38370,2,@@

  handle_small_Steiner_degrees: steiner 0, suppress 3 in 3e-05 s
Starting round 14
Found 442 isolated vertices
Invalid ratios recomputed: 2431
Best ratio is 70461/2 (35230.5), centered at 1065
Finding the best star... Star with 3 terminals centered in 17202
round took: 0.727377 s
|V| = 19680, |E| = 29622, |R| = 64
>>> get_solution
>>> get_solution
  refine_solution: new weight 4895925 (was 5225577) in 0.005367 s
  refine_solution: new weight 4868249 (was 4895925) in 0.004972 s
  refine_solution: new weight 4868074 (was 4868249) in 0.004904 s
  refine_solution: new weight 4868074 (was 4868074) in 0.004876 s
14,,19238,29622,64,,2431,5331743,,5225577,4868074,963110,963110,963110,,70461,3,@@

  handle_small_Steiner_degrees: steiner 0, suppress 6 in 4e-05 s
Starting round 15
Found 481 isolated vertices
Invalid ratios recomputed: 2918
Best ratio is 124708/3 (41569.3), centered at 2555
Finding the best star... Star with 4 terminals centered in 17202
round took: 1.29221 s
|V| = 19680, |E| = 29550, |R| = 61
>>> get_solution
>>> get_solution
  refine_solution: new weight 4894323 (was 5193001) in 0.005338 s
  refine_solution: new weight 4874564 (was 4894323) in 0.00497 s
  refine_solution: new weight 4874389 (was 4874564) in 0.004865 s
  refine_solution: new weight 4874389 (was 4874389) in 0.004877 s
15,,19199,29550,61,,2918,8827770,,5193001,4874389,1086608,1086608,1086608,,124708,4,@@

  handle_small_Steiner_degrees: steiner 0, suppress 6 in 7.2e-05 s
Starting round 16
Found 544 isolated vertices
Invalid ratios recomputed: 6931
Best ratio is 128093/3 (42697.7), centered at 5827
Finding the best star... Star with 4 terminals centered in 17202
round took: 4.75908 s
|V| = 19680, |E| = 29483, |R| = 58
>>> get_solution
>>> get_solution
  refine_solution: new weight 4884388 (was 5174456) in 0.004957 s
  refine_solution: new weight 4864629 (was 4884388) in 0.004608 s
  refine_solution: new weight 4864454 (was 4864629) in 0.004516 s
  refine_solution: new weight 4864454 (was 4864454) in 0.004523 s
16,,19136,29483,58,,6931,32694767,,5174456,4864454,1209964,1209964,1209964,,128093,4,@@

  delete_edges: deleted 76 edges in 0.090602 s and 31 rounds
  handle_small_Steiner_degrees: steiner 4, suppress 101 in 0.00011 s
Starting round 17
Found 703 isolated vertices
Invalid ratios recomputed: 10299
Best ratio is 87270/2 (43635.0), centered at 8545
Finding the best star... Star with 3 terminals centered in 17544
round took: 9.04595 s
|V| = 19680, |E| = 29250, |R| = 56
>>> get_solution
>>> get_solution
  refine_solution: new weight 4891749 (was 5160382) in 0.005171 s
  refine_solution: new weight 4874114 (was 4891749) in 0.004823 s
  refine_solution: new weight 4873939 (was 4874114) in 0.004731 s
  refine_solution: new weight 4873939 (was 4873939) in 0.004731 s
17,,18977,29250,56,,10299,59916784,,5160382,4873939,1297234,1297234,1297234,,87270,3,@@

  handle_small_Steiner_degrees: steiner 0, suppress 9 in 7.5e-05 s
Starting round 18
Found 754 isolated vertices
Invalid ratios recomputed: 3727
Best ratio is 37951/1 (37951.0), centered at 8536
Finding the best star... Star with 2 terminals centered in 17546
round took: 1.61423 s
|V| = 19680, |E| = 29231, |R| = 55
>>> get_solution
>>> get_solution
  refine_solution: new weight 4898439 (was 5175472) in 0.005117 s
  refine_solution: new weight 4881532 (was 4898439) in 0.004767 s
  refine_solution: new weight 4881357 (was 4881532) in 0.004738 s
  refine_solution: new weight 4881357 (was 4881357) in 0.004716 s
18,,18926,29231,55,,3727,11601020,,5175472,4881357,1335185,1335185,1335185,,37951,2,@@

  handle_small_Steiner_degrees: steiner 0, suppress 2 in 2.9e-05 s
Starting round 19
Found 764 isolated vertices
Invalid ratios recomputed: 3723
Best ratio is 43748/1 (43748.0), centered at 5188
Finding the best star... Star with 2 terminals centered in 17522
round took: 1.70965 s
|V| = 19680, |E| = 29198, |R| = 54
>>> get_solution
>>> get_solution
  refine_solution: new weight 4898533 (was 5162281) in 0.005242 s
  refine_solution: new weight 4879300 (was 4898533) in 0.00478 s
  refine_solution: new weight 4879300 (was 4879300) in 0.004643 s
19,,18916,29198,54,,3723,12258787,,5162281,4879300,1378933,1378933,1378933,,43748,2,@@

  handle_small_Steiner_degrees: steiner 0, suppress 6 in 4.6e-05 s
Starting round 20
Found 795 isolated vertices
Invalid ratios recomputed: 10849
Best ratio is 88447/2 (44223.5), centered at 10752
Finding the best star... Star with 3 terminals centered in 17546
round took: 11.8287 s
|V| = 19680, |E| = 29153, |R| = 52
>>> get_solution
>>> get_solution
  refine_solution: new weight 4884587 (was 5134116) in 0.005101 s
  refine_solution: new weight 4852499 (was 4884587) in 0.004719 s
  refine_solution: new weight 4852499 (was 4852499) in 0.004642 s
20,,18885,29153,52,,10849,74738494,,5134116,4852499,1467380,1467380,1467380,,88447,3,@@

  handle_small_Steiner_degrees: steiner 0, suppress 4 in 6.6e-05 s
Starting round 21
Found 833 isolated vertices
Invalid ratios recomputed: 4901
Best ratio is 80169/2 (40084.5), centered at 17483
Finding the best star... Star with 3 terminals centered in 17546
round took: 2.83667 s
|V| = 19680, |E| = 29108, |R| = 50
>>> get_solution
>>> get_solution
  refine_solution: new weight 4850091 (was 5100411) in 0.005084 s
  refine_solution: new weight 4830858 (was 4850091) in 0.004656 s
  refine_solution: new weight 4830858 (was 4830858) in 0.004574 s
21,,18847,29108,50,,4901,19669815,,5100411,4830858,1547549,1547549,1547549,,80169,3,@@

  handle_small_Steiner_degrees: steiner 0, suppress 6 in 3.7e-05 s
Starting round 22
Found 873 isolated vertices
Invalid ratios recomputed: 5272
Best ratio is 37631/1 (37631.0), centered at 2050
Finding the best star... Star with 2 terminals centered in 17475
round took: 3.82697 s
|V| = 19680, |E| = 29081, |R| = 49
>>> get_solution
>>> get_solution
  refine_solution: new weight 4877032 (was 5108581) in 0.00504 s
  refine_solution: new weight 4857799 (was 4877032) in 0.004706 s
  refine_solution: new weight 4857799 (was 4857799) in 0.004601 s
22,,18807,29081,49,,5272,25854650,,5108581,4857799,1585180,1585180,1585180,,37631,2,@@

  handle_small_Steiner_degrees: steiner 0, suppress 0 in 2.3e-05 s
Starting round 23
Found 891 isolated vertices
Invalid ratios recomputed: 5271
Best ratio is 89041/2 (44520.5), centered at 2262
Finding the best star... Star with 3 terminals centered in 17153
round took: 4.26819 s
|V| = 19680, |E| = 29038, |R| = 47
>>> get_solution
>>> get_solution
  refine_solution: new weight 4871886 (was 5084177) in 0.005088 s
  refine_solution: new weight 4868961 (was 4871886) in 0.004687 s
  refine_solution: new weight 4868961 (was 4868961) in 0.004604 s
23,,18789,29038,47,,5271,28999116,,5084177,4868961,1674221,1674221,1674221,,89041,3,@@

  handle_small_Steiner_degrees: steiner 0, suppress 7 in 3.9e-05 s
Starting round 24
Found 937 isolated vertices
Invalid ratios recomputed: 922
Best ratio is 39225/1 (39225.0), centered at 161
Finding the best star... Star with 2 terminals centered in 17097
round took: 0.427822 s
|V| = 19680, |E| = 29015, |R| = 46
>>> get_solution
>>> get_solution
  refine_solution: new weight 4874418 (was 5080230) in 0.005008 s
  refine_solution: new weight 4871493 (was 4874418) in 0.004616 s
  refine_solution: new weight 4871493 (was 4871493) in 0.004543 s
24,,18743,29015,46,,922,2880757,,5080230,4871493,1713446,1713446,1713446,,39225,2,@@

  handle_small_Steiner_degrees: steiner 0, suppress 2 in 3.2e-05 s
Starting round 25
Found 951 isolated vertices
Invalid ratios recomputed: 908
Best ratio is 45826/1 (45826.0), centered at 5487
Finding the best star... Star with 2 terminals centered in 17379
round took: 0.448517 s
|V| = 19680, |E| = 28985, |R| = 45
>>> get_solution
>>> get_solution
  refine_solution: new weight 4863759 (was 5069571) in 0.005058 s
  refine_solution: new weight 4860834 (was 4863759) in 0.00463 s
  refine_solution: new weight 4860834 (was 4860834) in 0.004583 s
25,,18729,28985,45,,908,3004153,,5069571,4860834,1759272,1759272,1759272,,45826,2,@@

  handle_small_Steiner_degrees: steiner 0, suppress 3 in 6.5e-05 s
Starting round 26
Found 978 isolated vertices
Invalid ratios recomputed: 10997
Best ratio is 137951/3 (45983.7), centered at 4182
Finding the best star... Star with 4 terminals centered in 17338
round took: 12.4384 s
|V| = 19680, |E| = 28912, |R| = 42
>>> get_solution
>>> get_solution
  refine_solution: new weight 4854999 (was 5061545) in 0.005011 s
  refine_solution: new weight 4852074 (was 4854999) in 0.004611 s
  refine_solution: new weight 4852074 (was 4852074) in 0.004508 s
26,,18702,28912,42,,10997,81260574,,5061545,4852074,1894807,1894807,1894807,,137951,4,@@

  handle_small_Steiner_degrees: steiner 1, suppress 10 in 6.2e-05 s
Starting round 27
Found 1046 isolated vertices
Invalid ratios recomputed: 11003
Best ratio is 45654/1 (45654.0), centered at 5990
Finding the best star... Star with 2 terminals centered in 17338
round took: 14.7377 s
|V| = 19680, |E| = 28888, |R| = 41
>>> get_solution
>>> get_solution
  refine_solution: new weight 4854999 (was 5061545) in 0.005138 s
  refine_solution: new weight 4852074 (was 4854999) in 0.004716 s
  refine_solution: new weight 4852074 (was 4852074) in 0.004631 s
27,,18634,28888,41,,11003,92538300,,5061545,4852074,1940461,1940461,1940461,,45654,2,@@

  handle_small_Steiner_degrees: steiner 0, suppress 6 in 4.6e-05 s
Starting round 28
Found 1057 isolated vertices
Invalid ratios recomputed: 10992
Best ratio is 93885/2 (46942.5), centered at 185
Finding the best star... Star with 3 terminals centered in 17100
round took: 15.2149 s
|V| = 19680, |E| = 28851, |R| = 39
>>> get_solution
>>> get_solution
  refine_solution: new weight 4846036 (was 5052582) in 0.008553 s
  refine_solution: new weight 4843111 (was 4846036) in 0.007703 s
  refine_solution: new weight 4843111 (was 4843111) in 0.008002 s
28,,18623,28851,39,,10992,93401830,,5052582,4843111,2034346,2034346,2034346,,93885,3,@@

  handle_small_Steiner_degrees: steiner 0, suppress 6 in 5.1e-05 s
Starting round 29
Found 1084 isolated vertices
Invalid ratios recomputed: 1019
Best ratio is 94145/2 (47072.5), centered at 12309
Finding the best star... Star with 3 terminals centered in 17498
round took: 1.04324 s
|V| = 19680, |E| = 28813, |R| = 37
>>> get_solution
>>> get_solution
  refine_solution: new weight 4885592 (was 4974050) in 0.00775 s
  refine_solution: new weight 4863433 (was 4885592) in 0.007417 s
  refine_solution: new weight 4863433 (was 4863433) in 0.008462 s
29,,18596,28813,37,,1019,6222134,,4974050,4863433,2128491,2128491,2128491,,94145,3,@@

  handle_small_Steiner_degrees: steiner 0, suppress 5 in 8e-05 s
Starting round 30
Found 1113 isolated vertices
Invalid ratios recomputed: 6848
Best ratio is 47735/1 (47735.0), centered at 7519
Finding the best star... Star with 2 terminals centered in 17456
round took: 6.86244 s
|V| = 19680, |E| = 28801, |R| = 36
>>> get_solution
>>> get_solution
  refine_solution: new weight 4885592 (was 4974050) in 0.007557 s
  refine_solution: new weight 4863433 (was 4885592) in 0.007655 s
  refine_solution: new weight 4863433 (was 4863433) in 0.007211 s
30,,18567,28801,36,,6848,40568506,,4974050,4863433,2176226,2176226,2176226,,47735,2,@@

  handle_small_Steiner_degrees: steiner 0, suppress 4 in 5.1e-05 s
Starting round 31
Found 1120 isolated vertices
Invalid ratios recomputed: 2689
Best ratio is 95504/2 (47752.0), centered at 4239
Finding the best star... Star with 3 terminals centered in 17251
round took: 1.58301 s
|V| = 19680, |E| = 28750, |R| = 34
>>> get_solution
>>> get_solution
  refine_solution: new weight 4865374 (was 4939231) in 0.008134 s
  refine_solution: new weight 4843215 (was 4865374) in 0.008458 s
  refine_solution: new weight 4843215 (was 4843215) in 0.00668 s
31,,18560,28750,34,,2689,10769052,,4939231,4843215,2271730,2271730,2271730,,95504,3,@@

  handle_small_Steiner_degrees: steiner 1, suppress 7 in 7e-05 s
Starting round 32
Found 1164 isolated vertices
Invalid ratios recomputed: 11335
Best ratio is 96071/2 (48035.5), centered at 10056
Finding the best star... Star with 3 terminals centered in 17452
round took: 16.0031 s
|V| = 19680, |E| = 28709, |R| = 32
>>> get_solution
>>> get_solution
  refine_solution: new weight 4841270 (was 4887508) in 0.008591 s
  refine_solution: new weight 4841270 (was 4841270) in 0.007759 s
32,,18516,28709,32,,11335,95197740,,4887508,4841270,2367801,2367801,2367801,,96071,3,@@

  delete_edges: deleted 87 edges in 0.109209 s and 27 rounds
  handle_small_Steiner_degrees: steiner 3, suppress 114 in 0.000155 s
Starting round 33
Found 1308 isolated vertices
Invalid ratios recomputed: 6983
Best ratio is 48489/1 (48489.0), centered at 8790
Finding the best star... Star with 2 terminals centered in 17452
round took: 7.40718 s
|V| = 19680, |E| = 28465, |R| = 31
>>> get_solution
>>> get_solution
  refine_solution: new weight 4871092 (was 4914595) in 0.009 s
  refine_solution: new weight 4871092 (was 4871092) in 0.007222 s
33,,18372,28465,31,,6983,43854115,,4914595,4871092,2416290,2416290,2416290,,48489,2,@@

  handle_small_Steiner_degrees: steiner 0, suppress 16 in 9.6e-05 s
Starting round 34
Found 1346 isolated vertices
Invalid ratios recomputed: 7369
Best ratio is 48749/1 (48749.0), centered at 11561
Finding the best star... Star with 2 terminals centered in 17509
round took: 8.22183 s
|V| = 19680, |E| = 28416, |R| = 30
>>> get_solution
>>> get_solution
  refine_solution: new weight 4881225 (was 4924728) in 0.007799 s
  refine_solution: new weight 4881225 (was 4881225) in 0.007155 s
34,,18334,28416,30,,7369,48489561,,4924728,4881225,2465039,2465039,2465039,,48749,2,@@

  handle_small_Steiner_degrees: steiner 0, suppress 6 in 8.6e-05 s
Starting round 35
Found 1377 isolated vertices
Invalid ratios recomputed: 7607
Best ratio is 97740/2 (48870.0), centered at 6896
Finding the best star... Star with 3 terminals centered in 17394
round took: 9.67627 s
|V| = 19680, |E| = 28394, |R| = 28
>>> get_solution
>>> get_solution
  refine_solution: new weight 4880056 (was 4917322) in 0.008809 s
  refine_solution: new weight 4880056 (was 4880056) in 0.00769 s
35,,18303,28394,28,,7607,54763578,,4917322,4880056,2562779,2562779,2562779,,97740,3,@@

  handle_small_Steiner_degrees: steiner 0, suppress 3 in 5.4e-05 s
Starting round 36
Found 1392 isolated vertices
Invalid ratios recomputed: 11959
Best ratio is 51239/1 (51239.0), centered at 5086
Finding the best star... Star with 2 terminals centered in 17275
round took: 18.4261 s
|V| = 19680, |E| = 28373, |R| = 27
>>> get_solution
>>> get_solution
  refine_solution: new weight 4880056 (was 4917322) in 0.007831 s
  refine_solution: new weight 4880056 (was 4880056) in 0.007924 s
36,,18288,28373,27,,11959,101059474,,4917322,4880056,2614018,2614018,2614018,,51239,2,@@

  handle_small_Steiner_degrees: steiner 0, suppress 4 in 5e-05 s
Starting round 37
Found 1409 isolated vertices
Invalid ratios recomputed: 11942
Best ratio is 51809/1 (51809.0), centered at 5517
Finding the best star... Star with 2 terminals centered in 17380
round took: 18.8122 s
|V| = 19680, |E| = 28339, |R| = 26
>>> get_solution
>>> get_solution
  refine_solution: new weight 4880056 (was 4917322) in 0.008313 s
  refine_solution: new weight 4880056 (was 4880056) in 0.008043 s
37,,18271,28339,26,,11942,101951149,,4917322,4880056,2665827,2665827,2665827,,51809,2,@@

  handle_small_Steiner_degrees: steiner 0, suppress 11 in 7.5e-05 s
Starting round 38
Found 1441 isolated vertices
Invalid ratios recomputed: 11936
Best ratio is 53229/1 (53229.0), centered at 2635
Finding the best star... Star with 2 terminals centered in 17178
round took: 19.7615 s
|V| = 19680, |E| = 28315, |R| = 25
>>> get_solution
>>> get_solution
  refine_solution: new weight 4880056 (was 4917322) in 0.011046 s
  refine_solution: new weight 4880056 (was 4880056) in 0.010061 s
38,,18239,28315,25,,11936,104711604,,4917322,4880056,2719056,2719056,2719056,,53229,2,@@

  handle_small_Steiner_degrees: steiner 0, suppress 3 in 5.1e-05 s
Starting round 39
Found 1451 isolated vertices
Invalid ratios recomputed: 11926
Best ratio is 107766/2 (53883.0), centered at 13376
Finding the best star... Star with 3 terminals centered in 17515
round took: 19.5657 s
|V| = 19680, |E| = 28247, |R| = 23
>>> get_solution
>>> get_solution
  refine_solution: new weight 4866147 (was 4903413) in 0.008712 s
  refine_solution: new weight 4866147 (was 4866147) in 0.008126 s
39,,18229,28247,23,,11926,106183696,,4903413,4866147,2826822,2826822,2826822,,107766,3,@@

  handle_small_Steiner_degrees: steiner 0, suppress 12 in 0.000123 s
Starting round 40
Found 1520 isolated vertices
Invalid ratios recomputed: 15302
Best ratio is 53951/1 (53951.0), centered at 5501
Finding the best star... Star with 2 terminals centered in 17463
round took: 39.0008 s
|V| = 19680, |E| = 28218, |R| = 22
>>> get_solution
>>> get_solution
  refine_solution: new weight 4866147 (was 4903413) in 0.008642 s
  refine_solution: new weight 4866147 (was 4866147) in 0.007884 s
40,,18160,28218,22,,15302,185492308,,4903413,4866147,2880773,2880773,2880773,,53951,2,@@

  handle_small_Steiner_degrees: steiner 0, suppress 4 in 5.6e-05 s
Starting round 41
Found 1532 isolated vertices
Invalid ratios recomputed: 15534
Best ratio is 55360/1 (55360.0), centered at 74
Finding the best star... Star with 2 terminals centered in 17542
round took: 42.0515 s
|V| = 19680, |E| = 28190, |R| = 21
>>> get_solution
>>> get_solution
  refine_solution: new weight 4866147 (was 4903413) in 0.008826 s
  refine_solution: new weight 4866147 (was 4866147) in 0.0083 s
41,,18148,28190,21,,15534,191342628,,4903413,4866147,2936133,2936133,2936133,,55360,2,@@

  handle_small_Steiner_degrees: steiner 1, suppress 3 in 5.8e-05 s
Starting round 42
Found 1554 isolated vertices
Invalid ratios recomputed: 5556
Best ratio is 116374/2 (58187.0), centered at 17449
Finding the best star... Star with 3 terminals centered in 17409
round took: 13.4545 s
|V| = 19680, |E| = 28155, |R| = 19
>>> get_solution
>>> get_solution
  refine_solution: new weight 4836325 (was 4873591) in 0.008775 s
  refine_solution: new weight 4836325 (was 4836325) in 0.008057 s
42,,18126,28155,19,,5556,55728749,,4873591,4836325,3052507,3052507,3052507,,116374,3,@@

  handle_small_Steiner_degrees: steiner 0, suppress 7 in 8e-05 s
Starting round 43
Found 1587 isolated vertices
Invalid ratios recomputed: 15920
Best ratio is 58524/1 (58524.0), centered at 566
Finding the best star... Star with 2 terminals centered in 17130
round took: 48.3151 s
|V| = 19680, |E| = 28132, |R| = 18
>>> get_solution
>>> get_solution
  refine_solution: new weight 4837078 (was 4847216) in 0.009384 s
  refine_solution: new weight 4837078 (was 4837078) in 0.008754 s
43,,18093,28132,18,,15920,201973834,,4847216,4837078,3111031,3111031,3111031,,58524,2,@@

  handle_small_Steiner_degrees: steiner 0, suppress 3 in 8.6e-05 s
Starting round 44
Found 1598 isolated vertices
Invalid ratios recomputed: 287
Best ratio is 59471/1 (59471.0), centered at 2727
Finding the best star... Star with 2 terminals centered in 17218
round took: 0.327723 s
|V| = 19680, |E| = 28119, |R| = 17
>>> get_solution
>>> get_solution
  refine_solution: new weight 4837078 (was 4847216) in 0.009566 s
  refine_solution: new weight 4837078 (was 4837078) in 0.008865 s
44,,18082,28119,17,,287,1497620,,4847216,4837078,3170502,3170502,3170502,,59471,2,@@

  handle_small_Steiner_degrees: steiner 0, suppress 1 in 3.7e-05 s
Starting round 45
Found 1608 isolated vertices
Invalid ratios recomputed: 15904
Best ratio is 61386/1 (61386.0), centered at 1153
Finding the best star... Star with 2 terminals centered in 17161
round took: 38.5495 s
|V| = 19680, |E| = 28102, |R| = 16
>>> get_solution
>>> get_solution
  refine_solution: new weight 4837078 (was 4847216) in 0.007222 s
  refine_solution: new weight 4837078 (was 4837078) in 0.006442 s
45,,18072,28102,16,,15904,203705853,,4847216,4837078,3231888,3231888,3231888,,61386,2,@@

  handle_small_Steiner_degrees: steiner 0, suppress 4 in 4.8e-05 s
Starting round 46
Found 1626 isolated vertices
Invalid ratios recomputed: 15886
Best ratio is 66376/1 (66376.0), centered at 17232
Finding the best star... Star with 2 terminals centered in 17240
round took: 38.825 s
|V| = 19680, |E| = 28088, |R| = 15
>>> get_solution
>>> get_solution
  refine_solution: new weight 4837078 (was 4847216) in 0.007472 s
  refine_solution: new weight 4837078 (was 4837078) in 0.00684 s
46,,18054,28088,15,,15886,207196911,,4847216,4837078,3298264,3298264,3298264,,66376,2,@@

  handle_small_Steiner_degrees: steiner 0, suppress 4 in 4.8e-05 s
Starting round 47
Found 1634 isolated vertices
Invalid ratios recomputed: 729
Best ratio is 68682/1 (68682.0), centered at 3061
Finding the best star... Star with 2 terminals centered in 17225
round took: 1.97572 s
|V| = 19680, |E| = 28060, |R| = 14
>>> get_solution
>>> get_solution
  refine_solution: new weight 4837078 (was 4847216) in 0.007281 s
  refine_solution: new weight 4837078 (was 4837078) in 0.006578 s
47,,18046,28060,14,,729,10313941,,4847216,4837078,3366946,3366946,3366946,,68682,2,@@

  handle_small_Steiner_degrees: steiner 0, suppress 2 in 5.5e-05 s
Starting round 48
Found 1654 isolated vertices
Invalid ratios recomputed: 15877
Best ratio is 71001/1 (71001.0), centered at 525
Finding the best star... Star with 2 terminals centered in 17115
round took: 41.919 s
|V| = 19680, |E| = 28043, |R| = 13
>>> get_solution
>>> get_solution
  refine_solution: new weight 4837078 (was 4847216) in 0.009515 s
  refine_solution: new weight 4837078 (was 4837078) in 0.009001 s
48,,18026,28043,13,,15877,210439102,,4847216,4837078,3437947,3437947,3437947,,71001,2,@@

  handle_small_Steiner_degrees: steiner 0, suppress 5 in 7.2e-05 s
Starting round 49
Found 1670 isolated vertices
Invalid ratios recomputed: 290
Best ratio is 147753/2 (73876.5), centered at 11308
Finding the best star... Star with 3 terminals centered in 4511
round took: 0.446765 s
|V| = 19680, |E| = 27998, |R| = 11
>>> get_solution
>>> get_solution
  refine_solution: new weight 4806699 (was 4816837) in 0.009424 s
  refine_solution: new weight 4806699 (was 4806699) in 0.008865 s
49,,18010,27998,11,,290,1847735,,4816837,4806699,3585700,3585700,3585700,,147753,3,@@

  handle_small_Steiner_degrees: steiner 0, suppress 4 in 5.7e-05 s
Starting round 50
Found 1708 isolated vertices
Invalid ratios recomputed: 6819
Best ratio is 75528/1 (75528.0), centered at 1124
Finding the best star... Star with 2 terminals centered in 17100
round took: 27.4837 s
|V| = 19680, |E| = 27958, |R| = 10
>>> get_solution
>>> get_solution
  refine_solution: new weight 4806699 (was 4816837) in 0.009598 s
  refine_solution: new weight 4806699 (was 4806699) in 0.009003 s
50,,17972,27958,10,,6819,97760153,,4816837,4806699,3661228,3661228,3661228,,75528,2,@@

  handle_small_Steiner_degrees: steiner 1, suppress 3 in 6.4e-05 s
Starting round 51
Found 1741 isolated vertices
Invalid ratios recomputed: 17939
Best ratio is 80002/1 (80002.0), centered at 5721
Finding the best star... Star with 2 terminals centered in 16959
round took: 62.3885 s
|V| = 19680, |E| = 27938, |R| = 9
>>> get_solution
>>> get_solution
  refine_solution: new weight 4806699 (was 4816837) in 0.009711 s
  refine_solution: new weight 4806699 (was 4806699) in 0.008922 s
51,,17939,27938,9,,17939,251945042,,4816837,4806699,3741230,3741230,3741230,,80002,2,@@

  handle_small_Steiner_degrees: steiner 0, suppress 3 in 4.9e-05 s
Starting round 52
Found 1755 isolated vertices
Invalid ratios recomputed: 17925
Best ratio is 81638/1 (81638.0), centered at 6172
Finding the best star... Star with 2 terminals centered in 16959
round took: 58.7925 s
|V| = 19680, |E| = 27906, |R| = 8
>>> get_solution
>>> get_solution
  refine_solution: new weight 4806699 (was 4816837) in 0.008386 s
  refine_solution: new weight 4806699 (was 4806699) in 0.007703 s
52,,17925,27906,8,,17925,253593015,,4816837,4806699,3822868,3822868,3822868,,81638,2,@@

  handle_small_Steiner_degrees: steiner 0, suppress 4 in 6.5e-05 s
Starting round 53
Found 1782 isolated vertices
Invalid ratios recomputed: 17898
Best ratio is 86141/1 (86141.0), centered at 6666
Finding the best star... Star with 2 terminals centered in 17397
round took: 59.7979 s
|V| = 19680, |E| = 27872, |R| = 7
>>> get_solution
>>> get_solution
  refine_solution: new weight 4806699 (was 4816837) in 0.00784 s
  refine_solution: new weight 4806699 (was 4806699) in 0.007125 s
53,,17898,27872,7,,17898,256649258,,4816837,4806699,3909009,3909009,3909009,,86141,2,@@

  handle_small_Steiner_degrees: steiner 0, suppress 6 in 8.2e-05 s
Starting round 54
Found 1814 isolated vertices
Invalid ratios recomputed: 17866
Best ratio is 96838/1 (96838.0), centered at 3314
Finding the best star... Star with 2 terminals centered in 17240
round took: 53.5172 s
|V| = 19680, |E| = 27840, |R| = 6
>>> get_solution
>>> get_solution
  refine_solution: new weight 4806699 (was 4816837) in 0.007456 s
  refine_solution: new weight 4806699 (was 4806699) in 0.006661 s
54,,17866,27840,6,,17866,260854712,,4816837,4806699,4005847,4005847,4005847,,96838,2,@@

  handle_small_Steiner_degrees: steiner 0, suppress 4 in 0.000102 s
Starting round 55
Found 1837 isolated vertices
Invalid ratios recomputed: 17843
Best ratio is 101289/1 (101289.0), centered at 37
Finding the best star... Star with 2 terminals centered in 17115
round took: 54.0141 s
|V| = 19680, |E| = 27811, |R| = 5
>>> get_solution
>>> get_solution
  refine_solution: new weight 4806699 (was 4816837) in 0.007336 s
  refine_solution: new weight 4806699 (was 4806699) in 0.00677 s
55,,17843,27811,5,,17843,266020238,,4816837,4806699,4107136,4107136,4107136,,101289,2,@@

  handle_small_Steiner_degrees: steiner 0, suppress 4 in 6.7e-05 s
Starting round 56
Found 1860 isolated vertices
Invalid ratios recomputed: 17820
Best ratio is 111217/1 (111217.0), centered at 2654
Finding the best star... Star with 2 terminals centered in 17115
round took: 57.6656 s
|V| = 19680, |E| = 27730, |R| = 4
>>> get_solution
>>> get_solution
  refine_solution: new weight 4806699 (was 4816837) in 0.007796 s
  refine_solution: new weight 4806699 (was 4806699) in 0.006647 s
56,,17820,27730,4,,17820,275648019,,4816837,4806699,4218353,4218353,4218353,,111217,2,@@

  handle_small_Steiner_degrees: steiner 1, suppress 10 in 0.000103 s
Starting round 57
Found 1937 isolated vertices
Invalid ratios recomputed: 17743
Best ratio is 161449/1 (161449.0), centered at 4326
Finding the best star... Star with 2 terminals centered in 17115
round took: 69.5095 s
|V| = 19680, |E| = 27702, |R| = 3
>>> get_solution
>>> get_solution
  refine_solution: new weight 4804765 (was 4814903) in 0.00783 s
  refine_solution: new weight 4804765 (was 4804765) in 0.006845 s
57,,17743,27702,3,,17743,307381663,,4814903,4804765,4379802,4379802,4379802,,161449,2,@@

  handle_small_Steiner_degrees: steiner 0, suppress 2 in 5.5e-05 s
Starting round 58
Found 1952 isolated vertices
Invalid ratios recomputed: 17728
Best ratio is 169068/1 (169068.0), centered at 13221
Finding the best star... Star with 2 terminals centered in 17518
round took: 71.0223 s
|V| = 19680, |E| = 27686, |R| = 2
>>> get_solution
>>> get_solution
  refine_solution: new weight 4804765 (was 4814903) in 0.007934 s
  refine_solution: new weight 4804765 (was 4804765) in 0.007224 s
58,,17728,27686,2,,17728,307855980,,4814903,4804765,4548870,4548870,4548870,,169068,2,@@

  handle_small_Steiner_degrees: steiner 1, suppress 2 in 6.2e-05 s
Starting round 59
Found 1965 isolated vertices
Invalid ratios recomputed: 17715
Best ratio is 266033/1 (266033.0), centered at 176
Finding the best star... Star with 2 terminals centered in 17113
round took: 73.3762 s
|V| = 19680, |E| = 27657, |R| = 1
>>> get_solution
>>> get_solution
  refine_solution: new weight 4804765 (was 4814903) in 0.007553 s
  refine_solution: new weight 4804765 (was 4804765) in 0.006711 s
59,,17715,27657,1,,17715,311518798,,4814903,4804765,4814903,4814903,4814903,,266033,2,@@

  handle_small_Steiner_degrees: steiner 0, suppress 6 in 0.000107 s
contract_till_the_bitter_end: 1086.48 s

Calling end_heu
>>> get_solution
Saved weight 97457
end_heu: 0 loops with 0 unique solutions in 0.000683 s

Calling print_solution
>>> get_solution
  refine_solution: new weight 4804765 (was 4814903) in 0.03095 s
Oops orig weight was 4814903 but we got 4804765
## FINAL WEIGHT 4804765
print_solution: 0.058214 s
