Version: final-96-g3f4a746 add measure_work.sh
Random seed: 1555583555
Start
>>> save_orig_graph
>> Saved weight 0
Graph loaded
|V| = 1332, |E| = 19965, |R| = 61
First clearance of the input. Calling buy_zero and run_all_heuristics.
  buy_zero: 0 zero edges in 2.1e-05 s
  handle_small_terminal_degrees: terms 0 in 1e-06 s
  handle_small_Steiner_degrees: steiner 0, suppress 0 in 2e-06 s
  shortest_edge_between_terminals: 0 edges in 1e-05 s
Compressed graph 1332 -> 1331
  delete_edges: deleted 0 edges in 0.004261 s and 1 rounds
  handle_small_terminal_degrees: terms 0 in 1e-06 s
  handle_small_Steiner_degrees: steiner 0, suppress 0 in 2e-06 s
  shortest_edge_between_terminals: 0 edges in 8e-06 s
Compressed graph 1331 -> 1331
  delete_edges_shortest_path: deleted 0 edges in 0.079017 s
  handle_small_terminal_degrees: terms 0 in 1e-06 s
  handle_small_Steiner_degrees: steiner 0, suppress 0 in 2e-06 s
  shortest_edge_between_terminals: 0 edges in 7e-06 s
Compressed graph 1331 -> 1331
  handle_small_terminal_degrees: terms 0 in 1e-06 s
  handle_small_Steiner_degrees: steiner 0, suppress 0 in 2e-06 s
  shortest_edge_between_terminals: 0 edges in 9e-06 s
Compressed graph 1331 -> 1331
  delete_edges_shortest_path: deleted 0 edges in 0.079323 s
  handle_small_terminal_degrees: terms 0 in 2e-06 s
  handle_small_Steiner_degrees: steiner 0, suppress 0 in 2e-06 s
  shortest_edge_between_terminals: 0 edges in 7e-06 s
Compressed graph 1331 -> 1331
Compressed graph 1331 -> 1331
>>> save_orig_graph
>> Saved weight 0
### ZEL_LVL=0 PRECISE_STARS=0

Calling `contract_till_the_bitter_end`
|V| = 1331, |E| = 19965, |R| = 61
>>> get_solution
>>> get_solution
  refine_solution: new weight 179 (was 231) in 0.006413 s
  refine_solution: new weight 168 (was 179) in 0.006797 s
  refine_solution: new weight 165 (was 168) in 0.00694 s
  refine_solution: new weight 163 (was 165) in 0.00702 s
  refine_solution: new weight 162 (was 163) in 0.007082 s
  refine_solution: new weight 162 (was 162) in 0.007106 s
0,,1331,19965,61,,0,0,,231,162,0,0,0,,0,0,@@

  delete_edges: deleted 0 edges in 0.004299 s and 1 rounds
  handle_small_Steiner_degrees: steiner 0, suppress 0 in 3e-06 s
Starting round 1
Found 0 isolated vertices
Invalid ratios recomputed: 1331
Best ratio is 42/14 (3.0), centered at 123
Finding the best star... Star with 15 terminals centered in 183
round took: 0.237807 s
|V| = 1331, |E| = 19634, |R| = 47
>>> get_solution
>>> get_solution
  refine_solution: new weight 197 (was 201) in 0.00649 s
  refine_solution: new weight 191 (was 197) in 0.006476 s
  refine_solution: new weight 184 (was 191) in 0.006516 s
  refine_solution: new weight 179 (was 184) in 0.006593 s
  refine_solution: new weight 178 (was 179) in 0.006663 s
  refine_solution: new weight 177 (was 178) in 0.006684 s
  refine_solution: new weight 177 (was 177) in 0.006626 s
1,,1331,19634,47,,1331,1712651,,201,177,38,38,38,,42,15,@@

  handle_small_Steiner_degrees: steiner 0, suppress 0 in 3e-06 s
Starting round 2
Found 23 isolated vertices
Invalid ratios recomputed: 1308
Best ratio is 8/3 (2.7), centered at 298
Finding the best star... Star with 4 terminals centered in 300
round took: 0.227851 s
|V| = 1331, |E| = 19555, |R| = 44
>>> get_solution
>>> get_solution
  refine_solution: new weight 176 (was 196) in 0.006632 s
  refine_solution: new weight 174 (was 176) in 0.006695 s
  refine_solution: new weight 174 (was 174) in 0.006658 s
2,,1308,19555,44,,1308,1600210,,196,174,46,46,46,,8,4,@@

  handle_small_Steiner_degrees: steiner 0, suppress 0 in 3e-06 s
Starting round 3
Found 28 isolated vertices
Invalid ratios recomputed: 1303
Best ratio is 5/2 (2.5), centered at 302
Finding the best star... Star with 3 terminals centered in 300
round took: 0.229727 s
|V| = 1331, |E| = 19507, |R| = 42
>>> get_solution
>>> get_solution
  refine_solution: new weight 176 (was 194) in 0.006766 s
  refine_solution: new weight 175 (was 176) in 0.006813 s
  refine_solution: new weight 175 (was 175) in 0.006815 s
3,,1303,19507,42,,1303,1605565,,194,175,51,51,51,,5,3,@@

  handle_small_Steiner_degrees: steiner 0, suppress 0 in 2e-06 s
Starting round 4
Found 31 isolated vertices
Invalid ratios recomputed: 1300
Best ratio is 5/2 (2.5), centered at 307
Finding the best star... Star with 3 terminals centered in 300
round took: 0.230508 s
|V| = 1331, |E| = 19456, |R| = 40
>>> get_solution
>>> get_solution
  refine_solution: new weight 183 (was 197) in 0.006706 s
  refine_solution: new weight 175 (was 183) in 0.006719 s
  refine_solution: new weight 175 (was 175) in 0.006718 s
4,,1300,19456,40,,1300,1609356,,197,175,56,56,56,,5,3,@@

  handle_small_Steiner_degrees: steiner 0, suppress 0 in 3e-06 s
Starting round 5
Found 34 isolated vertices
Invalid ratios recomputed: 1297
Best ratio is 8/3 (2.7), centered at 436
Finding the best star... Star with 4 terminals centered in 300
round took: 0.231481 s
|V| = 1331, |E| = 19371, |R| = 37
>>> get_solution
>>> get_solution
  refine_solution: new weight 197 (was 197) in 0.006689 s
5,,1297,19371,37,,1297,1612508,,197,197,64,64,64,,8,4,@@

  handle_small_Steiner_degrees: steiner 0, suppress 0 in 2e-06 s
Starting round 6
Found 39 isolated vertices
Invalid ratios recomputed: 1292
Best ratio is 5/2 (2.5), centered at 439
Finding the best star... Star with 3 terminals centered in 300
round took: 0.232004 s
|V| = 1331, |E| = 19316, |R| = 35
>>> get_solution
>>> get_solution
  refine_solution: new weight 190 (was 195) in 0.006665 s
  refine_solution: new weight 180 (was 190) in 0.006607 s
  refine_solution: new weight 173 (was 180) in 0.006761 s
  refine_solution: new weight 173 (was 173) in 0.006778 s
6,,1292,19316,35,,1292,1614042,,195,173,69,69,69,,5,3,@@

  handle_small_Steiner_degrees: steiner 0, suppress 0 in 3e-06 s
Starting round 7
Found 42 isolated vertices
Invalid ratios recomputed: 1289
Best ratio is 5/2 (2.5), centered at 458
Finding the best star... Star with 3 terminals centered in 454
round took: 0.232181 s
|V| = 1331, |E| = 19262, |R| = 33
>>> get_solution
>>> get_solution
  refine_solution: new weight 175 (was 192) in 0.006669 s
  refine_solution: new weight 168 (was 175) in 0.006785 s
  refine_solution: new weight 168 (was 168) in 0.006849 s
7,,1289,19262,33,,1289,1613858,,192,168,74,74,74,,5,3,@@

  handle_small_Steiner_degrees: steiner 0, suppress 0 in 2e-06 s
Starting round 8
Found 45 isolated vertices
Invalid ratios recomputed: 1286
Best ratio is 5/2 (2.5), centered at 579
Finding the best star... Star with 3 terminals centered in 573
round took: 0.234022 s
|V| = 1331, |E| = 19208, |R| = 31
>>> get_solution
>>> get_solution
  refine_solution: new weight 169 (was 190) in 0.0068 s
  refine_solution: new weight 165 (was 169) in 0.006827 s
  refine_solution: new weight 165 (was 165) in 0.006845 s
8,,1286,19208,31,,1286,1613417,,190,165,79,79,79,,5,3,@@

  handle_small_Steiner_degrees: steiner 0, suppress 0 in 3e-06 s
Starting round 9
Found 48 isolated vertices
Invalid ratios recomputed: 1283
Best ratio is 5/2 (2.5), centered at 577
Finding the best star... Star with 3 terminals centered in 573
round took: 0.231549 s
|V| = 1331, |E| = 19152, |R| = 29
>>> get_solution
>>> get_solution
  refine_solution: new weight 191 (was 193) in 0.006665 s
  refine_solution: new weight 184 (was 191) in 0.006624 s
  refine_solution: new weight 179 (was 184) in 0.006646 s
  refine_solution: new weight 174 (was 179) in 0.006697 s
  refine_solution: new weight 173 (was 174) in 0.006773 s
  refine_solution: new weight 173 (was 173) in 0.006745 s
9,,1283,19152,29,,1283,1613345,,193,173,84,84,84,,5,3,@@

  handle_small_Steiner_degrees: steiner 0, suppress 0 in 3e-06 s
Starting round 10
Found 51 isolated vertices
Invalid ratios recomputed: 1280
Best ratio is 8/3 (2.7), centered at 1323
Finding the best star... Star with 4 terminals centered in 573
round took: 0.231221 s
|V| = 1331, |E| = 19054, |R| = 26
>>> get_solution
>>> get_solution
  refine_solution: new weight 183 (was 191) in 0.006694 s
  refine_solution: new weight 174 (was 183) in 0.006744 s
  refine_solution: new weight 172 (was 174) in 0.006844 s
  refine_solution: new weight 172 (was 172) in 0.00689 s
10,,1280,19054,26,,1280,1611953,,191,172,92,92,92,,8,4,@@

  handle_small_Steiner_degrees: steiner 0, suppress 0 in 2e-06 s
Starting round 11
Found 56 isolated vertices
Invalid ratios recomputed: 1275
Best ratio is 36/12 (3.0), centered at 11
Finding the best star... Star with 13 terminals centered in 30
round took: 0.231541 s
|V| = 1331, |E| = 18749, |R| = 14
>>> get_solution
>>> get_solution
  refine_solution: new weight 165 (was 165) in 0.006649 s
11,,1275,18749,14,,1275,1608201,,165,165,125,125,125,,36,13,@@

  handle_small_Steiner_degrees: steiner 0, suppress 0 in 2e-06 s
Starting round 12
Found 77 isolated vertices
Invalid ratios recomputed: 1254
Best ratio is 8/3 (2.7), centered at 642
Finding the best star... Star with 4 terminals centered in 30
round took: 0.225581 s
|V| = 1331, |E| = 18673, |R| = 11
>>> get_solution
>>> get_solution
  refine_solution: new weight 162 (was 162) in 0.00681 s
12,,1254,18673,11,,1254,1535628,,162,162,133,133,133,,8,4,@@

  handle_small_Steiner_degrees: steiner 0, suppress 0 in 2e-06 s
Starting round 13
Found 82 isolated vertices
Invalid ratios recomputed: 1249
Best ratio is 5/2 (2.5), centered at 647
Finding the best star... Star with 3 terminals centered in 30
round took: 0.224667 s
|V| = 1331, |E| = 18627, |R| = 9
>>> get_solution
>>> get_solution
  refine_solution: new weight 162 (was 162) in 0.006814 s
13,,1249,18627,9,,1249,1536800,,162,162,138,138,138,,5,3,@@

  handle_small_Steiner_degrees: steiner 0, suppress 0 in 2e-06 s
Starting round 14
Found 85 isolated vertices
Invalid ratios recomputed: 1246
Best ratio is 5/2 (2.5), centered at 763
Finding the best star... Star with 3 terminals centered in 752
round took: 0.22433 s
|V| = 1331, |E| = 18579, |R| = 7
>>> get_solution
>>> get_solution
  refine_solution: new weight 161 (was 161) in 0.006917 s
14,,1246,18579,7,,1246,1538226,,161,161,143,143,143,,5,3,@@

  handle_small_Steiner_degrees: steiner 0, suppress 0 in 2e-06 s
Starting round 15
Found 88 isolated vertices
Invalid ratios recomputed: 1243
Best ratio is 8/3 (2.7), centered at 1141
Finding the best star... Star with 4 terminals centered in 899
round took: 0.222223 s
|V| = 1331, |E| = 18491, |R| = 4
>>> get_solution
>>> get_solution
  refine_solution: new weight 160 (was 160) in 0.006863 s
15,,1243,18491,4,,1243,1536947,,160,160,151,151,151,,8,4,@@

  handle_small_Steiner_degrees: steiner 0, suppress 0 in 2e-06 s
Starting round 16
Found 93 isolated vertices
Invalid ratios recomputed: 1238
Best ratio is 9/3 (3.0), centered at 28
Finding the best star... Star with 4 terminals centered in 899
round took: 0.220395 s
|V| = 1331, |E| = 18374, |R| = 1
>>> get_solution
>>> get_solution
  refine_solution: new weight 160 (was 160) in 0.006893 s
16,,1238,18374,1,,1238,1531113,,160,160,160,160,160,,9,4,@@

  handle_small_Steiner_degrees: steiner 0, suppress 0 in 2e-06 s
contract_till_the_bitter_end: 4.11442 s

Calling end_heu
>>> get_solution
Saved weight 0
end_heu: 0 loops with 0 unique solutions in 4e-05 s

Calling print_solution
>>> get_solution
  refine_solution: new weight 160 (was 160) in 0.006844 s
## FINAL WEIGHT 160
print_solution: 0.009222 s
