Version: final-96-g3f4a746 add measure_work.sh
Random seed: 1555758746
Start
>>> save_orig_graph
>> Saved weight 0
Graph loaded
|V| = 1201, |E| = 10002, |R| = 200
First clearance of the input. Calling buy_zero and run_all_heuristics.
  buy_zero: 0 zero edges in 1.1e-05 s
  handle_small_terminal_degrees: terms 0 in 1e-06 s
  handle_small_Steiner_degrees: steiner 0, suppress 1 in 3e-06 s
  shortest_edge_between_terminals: 0 edges in 2.5e-05 s
  handle_small_terminal_degrees: terms 0 in 1e-06 s
  handle_small_Steiner_degrees: steiner 0, suppress 0 in 2e-06 s
  shortest_edge_between_terminals: 0 edges in 2.5e-05 s
Compressed graph 1201 -> 1199
  delete_edges: deleted 1 edges in 0.001239 s and 1 rounds
  handle_small_terminal_degrees: terms 0 in 1e-06 s
  handle_small_Steiner_degrees: steiner 0, suppress 0 in 2e-06 s
  shortest_edge_between_terminals: 0 edges in 2.5e-05 s
Compressed graph 1199 -> 1199
  delete_edges_shortest_path: deleted 0 edges in 0.015982 s
  handle_small_terminal_degrees: terms 0 in 1e-06 s
  handle_small_Steiner_degrees: steiner 0, suppress 0 in 2e-06 s
  shortest_edge_between_terminals: 0 edges in 2.5e-05 s
Compressed graph 1199 -> 1199
  handle_small_terminal_degrees: terms 0 in 1e-06 s
  handle_small_Steiner_degrees: steiner 0, suppress 0 in 1e-06 s
  shortest_edge_between_terminals: 0 edges in 2.6e-05 s
Compressed graph 1199 -> 1199
  delete_edges_shortest_path: deleted 0 edges in 0.015883 s
  handle_small_terminal_degrees: terms 0 in 1e-06 s
  handle_small_Steiner_degrees: steiner 0, suppress 0 in 1e-06 s
  shortest_edge_between_terminals: 0 edges in 2.5e-05 s
Compressed graph 1199 -> 1199
Compressed graph 1199 -> 1199
>>> save_orig_graph
>> Saved weight 0
### ZEL_LVL=0 PRECISE_STARS=1

Calling `contract_till_the_bitter_end`
|V| = 1199, |E| = 10000, |R| = 200
>>> get_solution
>>> get_solution
  refine_solution: new weight 269 (was 330) in 0.004012 s
  refine_solution: new weight 265 (was 269) in 0.003902 s
  refine_solution: new weight 263 (was 265) in 0.003893 s
  refine_solution: new weight 263 (was 263) in 0.003894 s
0,,1199,10000,200,,0,0,,330,263,0,0,0,,0,0,@@

  delete_edges: deleted 0 edges in 0.001371 s and 1 rounds
  handle_small_Steiner_degrees: steiner 0, suppress 0 in 1e-06 s
Starting round 1
Found 0 isolated vertices
Invalid ratios recomputed: 1199
Best ratio is 19/18 (1.1), centered at 375
Finding the best star... Star with 19 terminals centered in 1125
round took: 0.100859 s
|V| = 1199, |E| = 9633, |R| = 182
>>> get_solution
>>> get_solution
  refine_solution: new weight 269 (was 325) in 0.004017 s
  refine_solution: new weight 268 (was 269) in 0.003896 s
  refine_solution: new weight 268 (was 268) in 0.003888 s
1,,1199,9633,182,,1199,699598,,325,268,19,19,19,,19,19,@@

  handle_small_Steiner_degrees: steiner 0, suppress 0 in 2e-06 s
Starting round 2
Found 19 isolated vertices
Invalid ratios recomputed: 808
Best ratio is 19/18 (1.1), centered at 542
Finding the best star... Star with 19 terminals centered in 1086
round took: 0.094653 s
|V| = 1199, |E| = 9292, |R| = 164
>>> get_solution
>>> get_solution
  refine_solution: new weight 267 (was 324) in 0.004036 s
  refine_solution: new weight 262 (was 267) in 0.003917 s
  refine_solution: new weight 258 (was 262) in 0.003917 s
  refine_solution: new weight 256 (was 258) in 0.003899 s
  refine_solution: new weight 254 (was 256) in 0.003902 s
  refine_solution: new weight 252 (was 254) in 0.003914 s
  refine_solution: new weight 252 (was 252) in 0.003906 s
2,,1180,9292,164,,808,741072,,324,252,38,38,38,,19,19,@@

  handle_small_Steiner_degrees: steiner 0, suppress 0 in 2e-06 s
Starting round 3
Found 38 isolated vertices
Invalid ratios recomputed: 763
Best ratio is 18/17 (1.1), centered at 217
Finding the best star... Star with 18 terminals centered in 1193
round took: 0.090949 s
|V| = 1199, |E| = 8647, |R| = 147
>>> get_solution
>>> get_solution
  refine_solution: new weight 257 (was 318) in 0.004046 s
  refine_solution: new weight 256 (was 257) in 0.003898 s
  refine_solution: new weight 256 (was 256) in 0.003895 s
3,,1161,8647,147,,763,734680,,318,256,56,56,56,,18,18,@@

  handle_small_Steiner_degrees: steiner 0, suppress 2 in 1.4e-05 s
Starting round 4
Found 58 isolated vertices
Invalid ratios recomputed: 991
Best ratio is 17/16 (1.1), centered at 400
Finding the best star... Star with 17 terminals centered in 1120
round took: 0.11312 s
|V| = 1199, |E| = 7370, |R| = 131
>>> get_solution
>>> get_solution
  refine_solution: new weight 260 (was 315) in 0.004041 s
  refine_solution: new weight 257 (was 260) in 0.003907 s
  refine_solution: new weight 256 (was 257) in 0.003902 s
  refine_solution: new weight 256 (was 256) in 0.003889 s
4,,1141,7370,131,,991,996600,,315,256,73,73,73,,17,17,@@

  handle_small_Steiner_degrees: steiner 0, suppress 7 in 3.1e-05 s
Starting round 5
Found 82 isolated vertices
Invalid ratios recomputed: 1096
Best ratio is 16/15 (1.1), centered at 991
Finding the best star... Star with 16 terminals centered in 1001
round took: 0.115175 s
|V| = 1199, |E| = 6630, |R| = 116
>>> get_solution
>>> get_solution
  refine_solution: new weight 262 (was 302) in 0.00404 s
  refine_solution: new weight 257 (was 262) in 0.003912 s
  refine_solution: new weight 257 (was 257) in 0.0039 s
5,,1117,6630,116,,1096,1119632,,302,257,89,89,89,,16,16,@@

  handle_small_Steiner_degrees: steiner 1, suppress 6 in 2.9e-05 s
Starting round 6
Found 105 isolated vertices
Invalid ratios recomputed: 1079
Best ratio is 14/13 (1.1), centered at 414
Finding the best star... Star with 14 terminals centered in 1162
round took: 0.105809 s
|V| = 1199, |E| = 6005, |R| = 103
>>> get_solution
>>> get_solution
  refine_solution: new weight 265 (was 291) in 0.004047 s
  refine_solution: new weight 264 (was 265) in 0.003899 s
  refine_solution: new weight 264 (was 264) in 0.003887 s
6,,1094,6005,103,,1079,1089387,,291,264,103,103,103,,14,14,@@

  handle_small_Steiner_degrees: steiner 2, suppress 15 in 5.7e-05 s
Starting round 7
Found 136 isolated vertices
Invalid ratios recomputed: 1056
Best ratio is 14/13 (1.1), centered at 627
Finding the best star... Star with 14 terminals centered in 1024
round took: 0.097899 s
|V| = 1199, |E| = 5355, |R| = 90
>>> get_solution
>>> get_solution
  refine_solution: new weight 261 (was 289) in 0.004012 s
  refine_solution: new weight 254 (was 261) in 0.003884 s
  refine_solution: new weight 253 (was 254) in 0.003885 s
  refine_solution: new weight 253 (was 253) in 0.003877 s
7,,1063,5355,90,,1056,1046604,,289,253,117,117,117,,14,14,@@

  handle_small_Steiner_degrees: steiner 2, suppress 33 in 0.000131 s
Starting round 8
Found 185 isolated vertices
Invalid ratios recomputed: 1010
Best ratio is 12/11 (1.1), centered at 82
Finding the best star... Star with 12 terminals centered in 1145
round took: 0.086051 s
|V| = 1199, |E| = 4771, |R| = 79
>>> get_solution
>>> get_solution
  refine_solution: new weight 276 (was 284) in 0.004015 s
  refine_solution: new weight 268 (was 276) in 0.003888 s
  refine_solution: new weight 264 (was 268) in 0.003894 s
  refine_solution: new weight 261 (was 264) in 0.003874 s
  refine_solution: new weight 261 (was 261) in 0.003882 s
8,,1014,4771,79,,1010,961610,,284,261,129,129,129,,12,12,@@

  handle_small_Steiner_degrees: steiner 2, suppress 30 in 0.000128 s
Starting round 9
Found 229 isolated vertices
Invalid ratios recomputed: 969
Best ratio is 12/11 (1.1), centered at 966
Finding the best star... Star with 12 terminals centered in 1106
round took: 0.076472 s
|V| = 1199, |E| = 4182, |R| = 68
>>> get_solution
>>> get_solution
  refine_solution: new weight 257 (was 271) in 0.004027 s
  refine_solution: new weight 250 (was 257) in 0.003922 s
  refine_solution: new weight 250 (was 250) in 0.003905 s
9,,970,4182,68,,969,888692,,271,250,141,141,141,,12,12,@@

  handle_small_Steiner_degrees: steiner 3, suppress 49 in 0.0002 s
Starting round 10
Found 293 isolated vertices
Invalid ratios recomputed: 906
Best ratio is 11/10 (1.1), centered at 908
Finding the best star... Star with 11 terminals centered in 1127
round took: 0.064362 s
|V| = 1199, |E| = 3577, |R| = 58
>>> get_solution
>>> get_solution
  refine_solution: new weight 257 (was 263) in 0.004033 s
  refine_solution: new weight 253 (was 257) in 0.003909 s
  refine_solution: new weight 253 (was 253) in 0.003904 s
10,,906,3577,58,,906,780314,,263,253,152,152,152,,11,11,@@

  handle_small_Steiner_degrees: steiner 3, suppress 70 in 0.000266 s
Starting round 11
Found 377 isolated vertices
Invalid ratios recomputed: 822
Best ratio is 9/8 (1.1), centered at 58
Finding the best star... Star with 9 terminals centered in 1021
round took: 0.051474 s
|V| = 1199, |E| = 3082, |R| = 50
>>> get_solution
>>> get_solution
  refine_solution: new weight 253 (was 257) in 0.004011 s
  refine_solution: new weight 249 (was 253) in 0.003918 s
  refine_solution: new weight 245 (was 249) in 0.0039 s
  refine_solution: new weight 245 (was 245) in 0.00389 s
11,,822,3082,50,,822,644797,,257,245,161,161,161,,9,9,@@

  handle_small_Steiner_degrees: steiner 6, suppress 58 in 0.000227 s
Starting round 12
Found 450 isolated vertices
Invalid ratios recomputed: 749
Best ratio is 9/8 (1.1), centered at 358
Finding the best star... Star with 9 terminals centered in 1014
round took: 0.041963 s
|V| = 1199, |E| = 2618, |R| = 42
>>> get_solution
>>> get_solution
  refine_solution: new weight 249 (was 252) in 0.00407 s
  refine_solution: new weight 247 (was 249) in 0.003876 s
  refine_solution: new weight 245 (was 247) in 0.003872 s
  refine_solution: new weight 245 (was 245) in 0.003889 s
12,,749,2618,42,,749,537348,,252,245,170,170,170,,9,9,@@

  handle_small_Steiner_degrees: steiner 8, suppress 73 in 0.000268 s
Starting round 13
Found 540 isolated vertices
Invalid ratios recomputed: 659
Best ratio is 9/8 (1.1), centered at 460
Finding the best star... Star with 9 terminals centered in 1074
round took: 0.031832 s
|V| = 1199, |E| = 2084, |R| = 34
>>> get_solution
>>> get_solution
  refine_solution: new weight 239 (was 244) in 0.004017 s
  refine_solution: new weight 236 (was 239) in 0.0039 s
  refine_solution: new weight 232 (was 236) in 0.003897 s
  refine_solution: new weight 232 (was 232) in 0.003895 s
13,,659,2084,34,,659,417569,,244,232,179,179,179,,9,9,@@

  handle_small_Steiner_degrees: steiner 13, suppress 111 in 0.000313 s
Starting round 14
Found 673 isolated vertices
Invalid ratios recomputed: 526
Best ratio is 8/7 (1.1), centered at 968
Finding the best star... Star with 8 terminals centered in 1090
round took: 0.020517 s
|V| = 1199, |E| = 1560, |R| = 27
>>> get_solution
>>> get_solution
  refine_solution: new weight 239 (was 239) in 0.004018 s
14,,526,1560,27,,526,266769,,239,239,187,187,187,,8,8,@@

  handle_small_Steiner_degrees: steiner 11, suppress 88 in 0.000193 s
Starting round 15
Found 780 isolated vertices
Invalid ratios recomputed: 419
Best ratio is 6/5 (1.2), centered at 208
Finding the best star... Star with 6 terminals centered in 1028
round took: 0.013094 s
|V| = 1199, |E| = 1183, |R| = 22
>>> get_solution
>>> get_solution
  refine_solution: new weight 235 (was 235) in 0.004027 s
15,,419,1183,22,,419,169969,,235,235,193,193,193,,6,6,@@

  handle_small_Steiner_degrees: steiner 6, suppress 97 in 0.000176 s
Starting round 16
Found 889 isolated vertices
Invalid ratios recomputed: 310
Best ratio is 6/5 (1.2), centered at 488
Finding the best star... Star with 6 terminals centered in 1136
round took: 0.00732 s
|V| = 1199, |E| = 804, |R| = 17
>>> get_solution
>>> get_solution
  refine_solution: new weight 229 (was 230) in 0.004003 s
  refine_solution: new weight 229 (was 229) in 0.003901 s
16,,310,804,17,,310,93297,,230,229,199,199,199,,6,6,@@

  handle_small_Steiner_degrees: steiner 13, suppress 88 in 0.000119 s
Starting round 17
Found 996 isolated vertices
Invalid ratios recomputed: 203
Best ratio is 5/4 (1.2), centered at 77
Finding the best star... Star with 5 terminals centered in 1136
round took: 0.003502 s
|V| = 1199, |E| = 510, |R| = 13
>>> get_solution
>>> get_solution
  refine_solution: new weight 228 (was 228) in 0.003989 s
17,,203,510,13,,203,40237,,228,228,204,204,204,,5,5,@@

  handle_small_Steiner_degrees: steiner 6, suppress 59 in 6.3e-05 s
Starting round 18
Found 1066 isolated vertices
Invalid ratios recomputed: 133
Best ratio is 5/4 (1.2), centered at 578
Finding the best star... Star with 5 terminals centered in 1026
round took: 0.001765 s
|V| = 1199, |E| = 283, |R| = 9
>>> get_solution
>>> get_solution
  refine_solution: new weight 225 (was 225) in 0.003981 s
18,,133,283,9,,133,17498,,225,225,209,209,209,,5,5,@@

  handle_small_Steiner_degrees: steiner 13, suppress 60 in 4.8e-05 s
Starting round 19
Found 1144 isolated vertices
Invalid ratios recomputed: 55
Best ratio is 4/3 (1.3), centered at 180
Finding the best star... Star with 4 terminals centered in 1134
round took: 0.000482 s
|V| = 1199, |E| = 112, |R| = 6
>>> get_solution
>>> get_solution
  refine_solution: new weight 223 (was 223) in 0.003967 s
19,,55,112,6,,55,3151,,223,223,213,213,213,,4,4,@@

  handle_small_Steiner_degrees: steiner 4, suppress 21 in 1.7e-05 s
Starting round 20
Found 1173 isolated vertices
Invalid ratios recomputed: 26
Best ratio is 4/3 (1.3), centered at 238
Finding the best star... Star with 4 terminals centered in 1147
round took: 0.000222 s
|V| = 1199, |E| = 31, |R| = 3
>>> get_solution
>>> get_solution
  refine_solution: new weight 221 (was 221) in 0.003981 s
20,,26,31,3,,26,792,,221,221,217,217,217,,4,4,@@

  handle_small_Steiner_degrees: steiner 10, suppress 8 in 1e-05 s
Starting round 21
Found 1195 isolated vertices
Invalid ratios recomputed: 4
Best ratio is 3/2 (1.5), centered at 246
Finding the best star... Star with 3 terminals centered in 1153
round took: 7.6e-05 s
|V| = 1199, |E| = 0, |R| = 1
>>> get_solution
>>> get_solution
  refine_solution: new weight 220 (was 220) in 0.003969 s
21,,4,0,1,,4,20,,220,220,220,220,220,,3,3,@@

  handle_small_Steiner_degrees: steiner 0, suppress 0 in 2e-06 s
contract_till_the_bitter_end: 1.4529 s

Calling end_heu
>>> get_solution
Saved weight 0
end_heu: 0 loops with 0 unique solutions in 5e-05 s

Calling print_solution
>>> get_solution
  refine_solution: new weight 220 (was 220) in 0.003952 s
## FINAL WEIGHT 220
print_solution: 0.005206 s
