Version: final-96-g3f4a746 add measure_work.sh
Random seed: 1555583609
Start
>>> save_orig_graph
>> Saved weight 0
Graph loaded
|V| = 8063, |E| = 14798, |R| = 81
First clearance of the input. Calling buy_zero and run_all_heuristics.
  buy_zero: 0 zero edges in 1.8e-05 s
  handle_small_terminal_degrees: terms 0 in 6e-06 s
  handle_small_Steiner_degrees: steiner 0, suppress 4 in 1.2e-05 s
  shortest_edge_between_terminals: 0 edges in 3e-06 s
  handle_small_terminal_degrees: terms 0 in 6e-06 s
  handle_small_Steiner_degrees: steiner 0, suppress 0 in 1e-05 s
  shortest_edge_between_terminals: 0 edges in 1e-06 s
Compressed graph 8063 -> 8058
  delete_edges: deleted 3 edges in 0.000981 s and 1 rounds
  handle_small_terminal_degrees: terms 0 in 6e-06 s
  handle_small_Steiner_degrees: steiner 0, suppress 6 in 1.3e-05 s
  shortest_edge_between_terminals: 0 edges in 2e-06 s
  handle_small_terminal_degrees: terms 0 in 6e-06 s
  handle_small_Steiner_degrees: steiner 0, suppress 0 in 1e-05 s
  shortest_edge_between_terminals: 0 edges in 1e-06 s
Compressed graph 8058 -> 8052
  delete_edges_shortest_path: deleted 6 edges in 0.038221 s
  handle_small_terminal_degrees: terms 0 in 7e-06 s
  handle_small_Steiner_degrees: steiner 0, suppress 9 in 1.9e-05 s
  shortest_edge_between_terminals: 0 edges in 2e-06 s
  handle_small_terminal_degrees: terms 0 in 7e-06 s
  handle_small_Steiner_degrees: steiner 0, suppress 0 in 1e-05 s
  shortest_edge_between_terminals: 0 edges in 1e-06 s
Compressed graph 8052 -> 8043
  handle_small_terminal_degrees: terms 0 in 6e-06 s
  handle_small_Steiner_degrees: steiner 0, suppress 0 in 8e-06 s
  shortest_edge_between_terminals: 0 edges in 5e-06 s
Compressed graph 8043 -> 8039
  delete_edges_shortest_path: deleted 9 edges in 0.037855 s
  handle_small_terminal_degrees: terms 0 in 6e-06 s
  handle_small_Steiner_degrees: steiner 0, suppress 12 in 2e-05 s
  shortest_edge_between_terminals: 0 edges in 3e-06 s
  handle_small_terminal_degrees: terms 0 in 6e-06 s
  handle_small_Steiner_degrees: steiner 0, suppress 0 in 1e-05 s
  shortest_edge_between_terminals: 0 edges in 1e-06 s
Compressed graph 8039 -> 8027
Compressed graph 8027 -> 8027
>>> save_orig_graph
>> Saved weight 106
### ZEL_LVL=0 PRECISE_STARS=0

Calling `contract_till_the_bitter_end`
|V| = 8027, |E| = 14745, |R| = 80
>>> get_solution
>>> get_solution
  refine_solution: new weight 34456 (was 34474) in 0.001891 s
  refine_solution: new weight 34456 (was 34456) in 0.00177 s
0,,8027,14745,80,,0,0,,34474,34456,106,106,106,,0,0,@@

  delete_edges: deleted 12 edges in 0.003002 s and 3 rounds
  handle_small_Steiner_degrees: steiner 0, suppress 15 in 2.1e-05 s
Starting round 1
Found 15 isolated vertices
Invalid ratios recomputed: 8012
Best ratio is 17/1 (17.0), centered at 6479
Finding the best star... Star with 2 terminals centered in 8019
round took: 0.415184 s
|V| = 8027, |E| = 14717, |R| = 79
>>> get_solution
>>> get_solution
  refine_solution: new weight 34456 (was 34474) in 0.001877 s
  refine_solution: new weight 34456 (was 34456) in 0.001771 s
1,,8012,14717,79,,8012,3073293,,34474,34456,123,123,123,,17,2,@@

  handle_small_Steiner_degrees: steiner 0, suppress 0 in 1.4e-05 s
Starting round 2
Found 16 isolated vertices
Invalid ratios recomputed: 283
Best ratio is 92/1 (92.0), centered at 4425
Finding the best star... Star with 2 terminals centered in 5045
round took: 0.013124 s
|V| = 8027, |E| = 14715, |R| = 78
>>> get_solution
>>> get_solution
  refine_solution: new weight 34456 (was 34474) in 0.001867 s
  refine_solution: new weight 34456 (was 34456) in 0.001754 s
2,,8011,14715,78,,283,78998,,34474,34456,215,215,215,,92,2,@@

  handle_small_Steiner_degrees: steiner 0, suppress 0 in 1.4e-05 s
Starting round 3
Found 18 isolated vertices
Invalid ratios recomputed: 414
Best ratio is 123/1 (123.0), centered at 1560
Finding the best star... Star with 2 terminals centered in 7417
round took: 0.018314 s
|V| = 8027, |E| = 14712, |R| = 77
>>> get_solution
>>> get_solution
  refine_solution: new weight 34456 (was 34474) in 0.001853 s
  refine_solution: new weight 34456 (was 34456) in 0.001769 s
3,,8009,14712,77,,414,119236,,34474,34456,338,338,338,,123,2,@@

  handle_small_Steiner_degrees: steiner 0, suppress 0 in 1.3e-05 s
Starting round 4
Found 21 isolated vertices
Invalid ratios recomputed: 523
Best ratio is 144/1 (144.0), centered at 470
Finding the best star... Star with 2 terminals centered in 3248
round took: 0.037316 s
|V| = 8027, |E| = 14708, |R| = 76
>>> get_solution
>>> get_solution
  refine_solution: new weight 34456 (was 34474) in 0.001865 s
  refine_solution: new weight 34456 (was 34456) in 0.001785 s
4,,8006,14708,76,,523,278338,,34474,34456,482,482,482,,144,2,@@

  handle_small_Steiner_degrees: steiner 0, suppress 0 in 1.3e-05 s
Starting round 5
Found 25 isolated vertices
Invalid ratios recomputed: 563
Best ratio is 153/1 (153.0), centered at 227
Finding the best star... Star with 2 terminals centered in 227
round took: 0.03727 s
|V| = 8027, |E| = 14706, |R| = 75
>>> get_solution
>>> get_solution
  refine_solution: new weight 34456 (was 34474) in 0.001874 s
  refine_solution: new weight 34456 (was 34456) in 0.001757 s
5,,8002,14706,75,,563,280244,,34474,34456,635,635,635,,153,2,@@

  handle_small_Steiner_degrees: steiner 0, suppress 0 in 1.3e-05 s
Starting round 6
Found 27 isolated vertices
Invalid ratios recomputed: 685
Best ratio is 186/1 (186.0), centered at 1091
Finding the best star... Star with 2 terminals centered in 4384
round took: 0.05923 s
|V| = 8027, |E| = 14702, |R| = 74
>>> get_solution
>>> get_solution
  refine_solution: new weight 34487 (was 34505) in 0.001865 s
  refine_solution: new weight 34487 (was 34487) in 0.001747 s
6,,8000,14702,74,,685,457657,,34505,34487,821,821,821,,186,2,@@

  handle_small_Steiner_degrees: steiner 0, suppress 0 in 1.3e-05 s
Starting round 7
Found 31 isolated vertices
Invalid ratios recomputed: 345
Best ratio is 199/1 (199.0), centered at 468
Finding the best star... Star with 2 terminals centered in 6096
round took: 0.018851 s
|V| = 8027, |E| = 14699, |R| = 73
>>> get_solution
>>> get_solution
  refine_solution: new weight 34487 (was 34505) in 0.001867 s
  refine_solution: new weight 34487 (was 34487) in 0.001752 s
7,,7996,14699,73,,345,123172,,34505,34487,1020,1020,1020,,199,2,@@

  handle_small_Steiner_degrees: steiner 0, suppress 0 in 1.3e-05 s
Starting round 8
Found 34 isolated vertices
Invalid ratios recomputed: 232
Best ratio is 217/1 (217.0), centered at 116
Finding the best star... Star with 2 terminals centered in 5045
round took: 0.008883 s
|V| = 8027, |E| = 14688, |R| = 72
>>> get_solution
>>> get_solution
  refine_solution: new weight 34487 (was 34505) in 0.00186 s
  refine_solution: new weight 34487 (was 34487) in 0.00178 s
8,,7993,14688,72,,232,44022,,34505,34487,1237,1237,1237,,217,2,@@

  handle_small_Steiner_degrees: steiner 0, suppress 0 in 1.3e-05 s
Starting round 9
Found 42 isolated vertices
Invalid ratios recomputed: 508
Best ratio is 236/1 (236.0), centered at 456
Finding the best star... Star with 2 terminals centered in 6049
round took: 0.026425 s
|V| = 8027, |E| = 14683, |R| = 71
>>> get_solution
>>> get_solution
  refine_solution: new weight 34456 (was 34474) in 0.001858 s
  refine_solution: new weight 34456 (was 34456) in 0.001755 s
9,,7985,14683,71,,508,181317,,34474,34456,1473,1473,1473,,236,2,@@

  handle_small_Steiner_degrees: steiner 0, suppress 0 in 1.3e-05 s
Starting round 10
Found 47 isolated vertices
Invalid ratios recomputed: 331
Best ratio is 247/1 (247.0), centered at 1123
Finding the best star... Star with 2 terminals centered in 6096
round took: 0.015316 s
|V| = 8027, |E| = 14679, |R| = 70
>>> get_solution
>>> get_solution
  refine_solution: new weight 34456 (was 34474) in 0.00187 s
  refine_solution: new weight 34456 (was 34456) in 0.001792 s
10,,7980,14679,70,,331,92826,,34474,34456,1720,1720,1720,,247,2,@@

  handle_small_Steiner_degrees: steiner 0, suppress 0 in 1.2e-05 s
Starting round 11
Found 51 isolated vertices
Invalid ratios recomputed: 391
Best ratio is 495/2 (247.5), centered at 3209
Finding the best star... Star with 3 terminals centered in 1060
round took: 0.01551 s
|V| = 8027, |E| = 14666, |R| = 68
>>> get_solution
>>> get_solution
  refine_solution: new weight 34268 (was 34286) in 0.001876 s
  refine_solution: new weight 34268 (was 34268) in 0.001762 s
11,,7976,14666,68,,391,92836,,34286,34268,2215,2215,2215,,495,3,@@

  handle_small_Steiner_degrees: steiner 0, suppress 0 in 1.3e-05 s
Starting round 12
Found 61 isolated vertices
Invalid ratios recomputed: 484
Best ratio is 253/1 (253.0), centered at 1223
Finding the best star... Star with 2 terminals centered in 2544
round took: 0.0202 s
|V| = 8027, |E| = 14662, |R| = 67
>>> get_solution
>>> get_solution
  refine_solution: new weight 34304 (was 34322) in 0.001877 s
  refine_solution: new weight 34304 (was 34304) in 0.001791 s
12,,7966,14662,67,,484,127038,,34322,34304,2468,2468,2468,,253,2,@@

  handle_small_Steiner_degrees: steiner 0, suppress 0 in 1.3e-05 s
Starting round 13
Found 65 isolated vertices
Invalid ratios recomputed: 604
Best ratio is 520/2 (260.0), centered at 3786
Finding the best star... Star with 3 terminals centered in 5917
round took: 0.03957 s
|V| = 8027, |E| = 14648, |R| = 65
>>> get_solution
>>> get_solution
  refine_solution: new weight 34282 (was 34300) in 0.001867 s
  refine_solution: new weight 34282 (was 34282) in 0.001786 s
13,,7962,14648,65,,604,290571,,34300,34282,2988,2988,2988,,520,3,@@

  handle_small_Steiner_degrees: steiner 0, suppress 0 in 1.3e-05 s
Starting round 14
Found 76 isolated vertices
Invalid ratios recomputed: 542
Best ratio is 520/2 (260.0), centered at 6585
Finding the best star... Star with 3 terminals centered in 5173
round took: 0.035455 s
|V| = 8027, |E| = 14639, |R| = 63
>>> get_solution
>>> get_solution
  refine_solution: new weight 34183 (was 34201) in 0.001874 s
  refine_solution: new weight 34183 (was 34183) in 0.001751 s
14,,7951,14639,63,,542,251452,,34201,34183,3508,3508,3508,,520,3,@@

  handle_small_Steiner_degrees: steiner 0, suppress 1 in 1.5e-05 s
Starting round 15
Found 85 isolated vertices
Invalid ratios recomputed: 482
Best ratio is 263/1 (263.0), centered at 1046
Finding the best star... Star with 2 terminals centered in 5917
round took: 0.027642 s
|V| = 8027, |E| = 14629, |R| = 62
>>> get_solution
>>> get_solution
  refine_solution: new weight 34183 (was 34201) in 0.001876 s
  refine_solution: new weight 34183 (was 34183) in 0.001755 s
15,,7942,14629,62,,482,182292,,34201,34183,3771,3771,3771,,263,2,@@

  handle_small_Steiner_degrees: steiner 0, suppress 0 in 1.3e-05 s
Starting round 16
Found 93 isolated vertices
Invalid ratios recomputed: 658
Best ratio is 264/1 (264.0), centered at 553
Finding the best star... Star with 2 terminals centered in 7314
round took: 0.044711 s
|V| = 8027, |E| = 14621, |R| = 61
>>> get_solution
>>> get_solution
  refine_solution: new weight 34183 (was 34201) in 0.001866 s
  refine_solution: new weight 34183 (was 34183) in 0.001763 s
16,,7934,14621,61,,658,316251,,34201,34183,4035,4035,4035,,264,2,@@

  delete_edges: deleted 28 edges in 0.003014 s and 3 rounds
  handle_small_Steiner_degrees: steiner 1, suppress 24 in 2.5e-05 s
Starting round 17
Found 125 isolated vertices
Invalid ratios recomputed: 467
Best ratio is 266/1 (266.0), centered at 603
Finding the best star... Star with 2 terminals centered in 1060
round took: 0.025238 s
|V| = 8027, |E| = 14559, |R| = 60
>>> get_solution
>>> get_solution
  refine_solution: new weight 34183 (was 34201) in 0.001889 s
  refine_solution: new weight 34183 (was 34183) in 0.001762 s
17,,7902,14559,60,,467,173426,,34201,34183,4301,4301,4301,,266,2,@@

  handle_small_Steiner_degrees: steiner 0, suppress 1 in 1.5e-05 s
Starting round 18
Found 132 isolated vertices
Invalid ratios recomputed: 1015
Best ratio is 541/2 (270.5), centered at 5998
Finding the best star... Star with 3 terminals centered in 7502
round took: 0.07216 s
|V| = 8027, |E| = 14547, |R| = 58
>>> get_solution
>>> get_solution
  refine_solution: new weight 34183 (was 34201) in 0.001876 s
  refine_solution: new weight 34183 (was 34183) in 0.001799 s
18,,7895,14547,58,,1015,511798,,34201,34183,4842,4842,4842,,541,3,@@

  handle_small_Steiner_degrees: steiner 0, suppress 0 in 1.2e-05 s
Starting round 19
Found 142 isolated vertices
Invalid ratios recomputed: 729
Best ratio is 271/1 (271.0), centered at 1965
Finding the best star... Star with 2 terminals centered in 4841
round took: 0.057296 s
|V| = 8027, |E| = 14540, |R| = 57
>>> get_solution
>>> get_solution
  refine_solution: new weight 34161 (was 34179) in 0.00187 s
  refine_solution: new weight 34161 (was 34161) in 0.001753 s
19,,7885,14540,57,,729,429746,,34179,34161,5113,5113,5113,,271,2,@@

  handle_small_Steiner_degrees: steiner 0, suppress 1 in 1.4e-05 s
Starting round 20
Found 149 isolated vertices
Invalid ratios recomputed: 467
Best ratio is 572/2 (286.0), centered at 3822
Finding the best star... Star with 3 terminals centered in 3956
round took: 0.021524 s
|V| = 8027, |E| = 14519, |R| = 55
>>> get_solution
>>> get_solution
  refine_solution: new weight 34134 (was 34152) in 0.001863 s
  refine_solution: new weight 34134 (was 34134) in 0.001759 s
20,,7878,14519,55,,467,141906,,34152,34134,5685,5685,5685,,572,3,@@

  handle_small_Steiner_degrees: steiner 0, suppress 1 in 1.4e-05 s
Starting round 21
Found 167 isolated vertices
Invalid ratios recomputed: 619
Best ratio is 306/1 (306.0), centered at 341
Finding the best star... Star with 2 terminals centered in 6342
round took: 0.035856 s
|V| = 8027, |E| = 14511, |R| = 54
>>> get_solution
>>> get_solution
  refine_solution: new weight 34063 (was 34089) in 0.001897 s
  refine_solution: new weight 34063 (was 34063) in 0.001755 s
21,,7860,14511,54,,619,255860,,34089,34063,5991,5991,5991,,306,2,@@

  handle_small_Steiner_degrees: steiner 0, suppress 2 in 2.1e-05 s
Starting round 22
Found 174 isolated vertices
Invalid ratios recomputed: 544
Best ratio is 308/1 (308.0), centered at 474
Finding the best star... Star with 2 terminals centered in 784
round took: 0.026955 s
|V| = 8027, |E| = 14498, |R| = 53
>>> get_solution
>>> get_solution
  refine_solution: new weight 34132 (was 34158) in 0.001879 s
  refine_solution: new weight 34132 (was 34132) in 0.001749 s
22,,7853,14498,53,,544,182186,,34158,34132,6299,6299,6299,,308,2,@@

  handle_small_Steiner_degrees: steiner 0, suppress 0 in 1.3e-05 s
Starting round 23
Found 184 isolated vertices
Invalid ratios recomputed: 669
Best ratio is 333/1 (333.0), centered at 956
Finding the best star... Star with 2 terminals centered in 8019
round took: 0.058503 s
|V| = 8027, |E| = 14488, |R| = 52
>>> get_solution
>>> get_solution
  refine_solution: new weight 34132 (was 34158) in 0.001866 s
  refine_solution: new weight 34132 (was 34132) in 0.001755 s
23,,7843,14488,52,,669,430332,,34158,34132,6632,6632,6632,,333,2,@@

  handle_small_Steiner_degrees: steiner 0, suppress 0 in 1.3e-05 s
Starting round 24
Found 193 isolated vertices
Invalid ratios recomputed: 715
Best ratio is 347/1 (347.0), centered at 1027
Finding the best star... Star with 2 terminals centered in 6667
round took: 0.044442 s
|V| = 8027, |E| = 14480, |R| = 51
>>> get_solution
>>> get_solution
  refine_solution: new weight 34132 (was 34158) in 0.001862 s
  refine_solution: new weight 34132 (was 34132) in 0.001763 s
24,,7834,14480,51,,715,307977,,34158,34132,6979,6979,6979,,347,2,@@

  handle_small_Steiner_degrees: steiner 0, suppress 1 in 1.4e-05 s
Starting round 25
Found 200 isolated vertices
Invalid ratios recomputed: 632
Best ratio is 354/1 (354.0), centered at 670
Finding the best star... Star with 2 terminals centered in 5173
round took: 0.03214 s
|V| = 8027, |E| = 14472, |R| = 50
>>> get_solution
>>> get_solution
  refine_solution: new weight 34132 (was 34158) in 0.001853 s
  refine_solution: new weight 34132 (was 34132) in 0.001756 s
25,,7827,14472,50,,632,219693,,34158,34132,7333,7333,7333,,354,2,@@

  handle_small_Steiner_degrees: steiner 0, suppress 0 in 1.3e-05 s
Starting round 26
Found 206 isolated vertices
Invalid ratios recomputed: 1328
Best ratio is 360/1 (360.0), centered at 557
Finding the best star... Star with 2 terminals centered in 2544
round took: 0.119012 s
|V| = 8027, |E| = 14461, |R| = 49
>>> get_solution
>>> get_solution
  refine_solution: new weight 34132 (was 34158) in 0.001877 s
  refine_solution: new weight 34132 (was 34132) in 0.001765 s
26,,7821,14461,49,,1328,831469,,34158,34132,7693,7693,7693,,360,2,@@

  handle_small_Steiner_degrees: steiner 0, suppress 2 in 1.4e-05 s
Starting round 27
Found 217 isolated vertices
Invalid ratios recomputed: 706
Best ratio is 365/1 (365.0), centered at 1839
Finding the best star... Star with 2 terminals centered in 5173
round took: 0.051803 s
|V| = 8027, |E| = 14448, |R| = 48
>>> get_solution
>>> get_solution
  refine_solution: new weight 34132 (was 34158) in 0.001876 s
  refine_solution: new weight 34132 (was 34132) in 0.001749 s
27,,7810,14448,48,,706,383469,,34158,34132,8058,8058,8058,,365,2,@@

  handle_small_Steiner_degrees: steiner 0, suppress 1 in 1.4e-05 s
Starting round 28
Found 227 isolated vertices
Invalid ratios recomputed: 1432
Best ratio is 736/2 (368.0), centered at 3195
Finding the best star... Star with 3 terminals centered in 5410
round took: 0.143932 s
|V| = 8027, |E| = 14429, |R| = 46
>>> get_solution
>>> get_solution
  refine_solution: new weight 33990 (was 34016) in 0.001862 s
  refine_solution: new weight 33990 (was 33990) in 0.001765 s
28,,7800,14429,46,,1432,1006886,,34016,33990,8794,8794,8794,,736,3,@@

  handle_small_Steiner_degrees: steiner 0, suppress 0 in 1.3e-05 s
Starting round 29
Found 241 isolated vertices
Invalid ratios recomputed: 911
Best ratio is 382/1 (382.0), centered at 421
Finding the best star... Star with 2 terminals centered in 421
round took: 0.081317 s
|V| = 8027, |E| = 14421, |R| = 45
>>> get_solution
>>> get_solution
  refine_solution: new weight 33990 (was 34016) in 0.001877 s
  refine_solution: new weight 33990 (was 33990) in 0.001761 s
29,,7786,14421,45,,911,607601,,34016,33990,9176,9176,9176,,382,2,@@

  handle_small_Steiner_degrees: steiner 0, suppress 0 in 1.3e-05 s
Starting round 30
Found 248 isolated vertices
Invalid ratios recomputed: 821
Best ratio is 382/1 (382.0), centered at 559
Finding the best star... Star with 2 terminals centered in 5173
round took: 0.053177 s
|V| = 8027, |E| = 14412, |R| = 44
>>> get_solution
>>> get_solution
  refine_solution: new weight 33990 (was 34016) in 0.00186 s
  refine_solution: new weight 33990 (was 33990) in 0.001769 s
30,,7779,14412,44,,821,380087,,34016,33990,9558,9558,9558,,382,2,@@

  handle_small_Steiner_degrees: steiner 0, suppress 2 in 1.7e-05 s
Starting round 31
Found 257 isolated vertices
Invalid ratios recomputed: 1751
Best ratio is 382/1 (382.0), centered at 2470
Finding the best star... Star with 2 terminals centered in 3248
round took: 0.219036 s
|V| = 8027, |E| = 14399, |R| = 43
>>> get_solution
>>> get_solution
  refine_solution: new weight 33990 (was 34016) in 0.001861 s
  refine_solution: new weight 33990 (was 33990) in 0.00177 s
31,,7770,14399,43,,1751,1517490,,34016,33990,9940,9940,9940,,382,2,@@

  handle_small_Steiner_degrees: steiner 0, suppress 1 in 1.4e-05 s
Starting round 32
Found 267 isolated vertices
Invalid ratios recomputed: 804
Best ratio is 791/2 (395.5), centered at 6289
Finding the best star... Star with 3 terminals centered in 4663
round took: 0.077674 s
|V| = 8027, |E| = 14377, |R| = 41
>>> get_solution
>>> get_solution
  refine_solution: new weight 33942 (was 33968) in 0.001858 s
  refine_solution: new weight 33942 (was 33942) in 0.00176 s
32,,7760,14377,41,,804,584067,,33968,33942,10731,10731,10731,,791,3,@@

  delete_edges: deleted 50 edges in 0.004262 s and 4 rounds
  handle_small_Steiner_degrees: steiner 1, suppress 43 in 3.7e-05 s
Starting round 33
Found 329 isolated vertices
Invalid ratios recomputed: 913
Best ratio is 1195/3 (398.3), centered at 646
Finding the best star... Star with 4 terminals centered in 4384
round took: 0.077498 s
|V| = 8027, |E| = 14253, |R| = 38
>>> get_solution
>>> get_solution
  refine_solution: new weight 33810 (was 33830) in 0.001868 s
  refine_solution: new weight 33810 (was 33810) in 0.001749 s
33,,7698,14253,38,,913,544051,,33830,33810,11924,11924,11924,,1195,4,@@

  handle_small_Steiner_degrees: steiner 0, suppress 1 in 1.4e-05 s
Starting round 34
Found 354 isolated vertices
Invalid ratios recomputed: 1430
Best ratio is 811/2 (405.5), centered at 6827
Finding the best star... Star with 3 terminals centered in 3319
round took: 0.163921 s
|V| = 8027, |E| = 14231, |R| = 36
>>> get_solution
>>> get_solution
  refine_solution: new weight 33810 (was 33830) in 0.001864 s
  refine_solution: new weight 33810 (was 33810) in 0.001756 s
34,,7673,14231,36,,1430,1178022,,33830,33810,12735,12735,12735,,811,3,@@

  handle_small_Steiner_degrees: steiner 0, suppress 2 in 1.6e-05 s
Starting round 35
Found 374 isolated vertices
Invalid ratios recomputed: 2036
Best ratio is 408/1 (408.0), centered at 2644
Finding the best star... Star with 2 terminals centered in 5341
round took: 0.329603 s
|V| = 8027, |E| = 14221, |R| = 35
>>> get_solution
>>> get_solution
  refine_solution: new weight 33810 (was 33830) in 0.001879 s
  refine_solution: new weight 33810 (was 33810) in 0.001754 s
35,,7653,14221,35,,2036,2232059,,33830,33810,13143,13143,13143,,408,2,@@

  handle_small_Steiner_degrees: steiner 0, suppress 2 in 1.5e-05 s
Starting round 36
Found 381 isolated vertices
Invalid ratios recomputed: 1496
Best ratio is 822/2 (411.0), centered at 5970
Finding the best star... Star with 3 terminals centered in 6712
round took: 0.254372 s
|V| = 8027, |E| = 14194, |R| = 33
>>> get_solution
>>> get_solution
  refine_solution: new weight 33722 (was 33742) in 0.00274 s
  refine_solution: new weight 33722 (was 33722) in 0.002739 s
36,,7646,14194,33,,1496,1477701,,33742,33722,13965,13965,13965,,822,3,@@

  handle_small_Steiner_degrees: steiner 0, suppress 3 in 3.2e-05 s
Starting round 37
Found 404 isolated vertices
Invalid ratios recomputed: 953
Best ratio is 414/1 (414.0), centered at 371
Finding the best star... Star with 2 terminals centered in 7455
round took: 0.133633 s
|V| = 8027, |E| = 14180, |R| = 32
>>> get_solution
>>> get_solution
  refine_solution: new weight 33659 (was 33679) in 0.00187 s
  refine_solution: new weight 33659 (was 33659) in 0.001769 s
37,,7623,14180,32,,953,793199,,33679,33659,14379,14379,14379,,414,2,@@

  handle_small_Steiner_degrees: steiner 0, suppress 0 in 1.3e-05 s
Starting round 38
Found 413 isolated vertices
Invalid ratios recomputed: 1118
Best ratio is 425/1 (425.0), centered at 260
Finding the best star... Star with 2 terminals centered in 7006
round took: 0.151029 s
|V| = 8027, |E| = 14168, |R| = 31
>>> get_solution
>>> get_solution
  refine_solution: new weight 33659 (was 33679) in 0.001867 s
  refine_solution: new weight 33659 (was 33659) in 0.00177 s
38,,7614,14168,31,,1118,914357,,33679,33659,14804,14804,14804,,425,2,@@

  handle_small_Steiner_degrees: steiner 0, suppress 0 in 1.3e-05 s
Starting round 39
Found 423 isolated vertices
Invalid ratios recomputed: 413
Best ratio is 430/1 (430.0), centered at 279
Finding the best star... Star with 2 terminals centered in 3319
round took: 0.04384 s
|V| = 8027, |E| = 14154, |R| = 30
>>> get_solution
>>> get_solution
  refine_solution: new weight 33659 (was 33679) in 0.002016 s
  refine_solution: new weight 33659 (was 33659) in 0.001747 s
39,,7604,14154,30,,413,233760,,33679,33659,15234,15234,15234,,430,2,@@

  handle_small_Steiner_degrees: steiner 0, suppress 2 in 2.5e-05 s
Starting round 40
Found 436 isolated vertices
Invalid ratios recomputed: 2245
Best ratio is 430/1 (430.0), centered at 622
Finding the best star... Star with 2 terminals centered in 5410
round took: 0.495304 s
|V| = 8027, |E| = 14143, |R| = 29
>>> get_solution
>>> get_solution
  refine_solution: new weight 33659 (was 33679) in 0.001887 s
  refine_solution: new weight 33659 (was 33659) in 0.00176 s
40,,7591,14143,29,,2245,2690755,,33679,33659,15664,15664,15664,,430,2,@@

  handle_small_Steiner_degrees: steiner 0, suppress 1 in 1.2e-05 s
Starting round 41
Found 444 isolated vertices
Invalid ratios recomputed: 1358
Best ratio is 442/1 (442.0), centered at 2
Finding the best star... Star with 2 terminals centered in 7324
round took: 0.259421 s
|V| = 8027, |E| = 14128, |R| = 28
>>> get_solution
>>> get_solution
  refine_solution: new weight 33668 (was 33722) in 0.001858 s
  refine_solution: new weight 33668 (was 33668) in 0.001754 s
41,,7583,14128,28,,1358,1585237,,33722,33668,16106,16106,16106,,442,2,@@

  handle_small_Steiner_degrees: steiner 0, suppress 5 in 2.2e-05 s
Starting round 42
Found 458 isolated vertices
Invalid ratios recomputed: 304
Best ratio is 446/1 (446.0), centered at 500
Finding the best star... Star with 2 terminals centered in 2866
round took: 0.020815 s
|V| = 8027, |E| = 14111, |R| = 27
>>> get_solution
>>> get_solution
  refine_solution: new weight 33668 (was 33722) in 0.001842 s
  refine_solution: new weight 33668 (was 33668) in 0.001745 s
42,,7569,14111,27,,304,152356,,33722,33668,16552,16552,16552,,446,2,@@

  handle_small_Steiner_degrees: steiner 0, suppress 1 in 1.3e-05 s
Starting round 43
Found 468 isolated vertices
Invalid ratios recomputed: 695
Best ratio is 453/1 (453.0), centered at 67
Finding the best star... Star with 2 terminals centered in 3741
round took: 0.052669 s
|V| = 8027, |E| = 14094, |R| = 26
>>> get_solution
>>> get_solution
  refine_solution: new weight 33664 (was 33718) in 0.001888 s
  refine_solution: new weight 33664 (was 33664) in 0.001757 s
43,,7559,14094,26,,695,382189,,33718,33664,17005,17005,17005,,453,2,@@

  handle_small_Steiner_degrees: steiner 0, suppress 1 in 1.5e-05 s
Starting round 44
Found 483 isolated vertices
Invalid ratios recomputed: 2757
Best ratio is 463/1 (463.0), centered at 266
Finding the best star... Star with 2 terminals centered in 6227
round took: 0.564735 s
|V| = 8027, |E| = 14085, |R| = 25
>>> get_solution
>>> get_solution
  refine_solution: new weight 33622 (was 33676) in 0.001879 s
  refine_solution: new weight 33622 (was 33622) in 0.001746 s
44,,7544,14085,25,,2757,3912821,,33676,33622,17468,17468,17468,,463,2,@@

  handle_small_Steiner_degrees: steiner 0, suppress 0 in 1.2e-05 s
Starting round 45
Found 491 isolated vertices
Invalid ratios recomputed: 1100
Best ratio is 481/1 (481.0), centered at 404
Finding the best star... Star with 2 terminals centered in 4663
round took: 0.146063 s
|V| = 8027, |E| = 14076, |R| = 24
>>> get_solution
>>> get_solution
  refine_solution: new weight 33622 (was 33676) in 0.001864 s
  refine_solution: new weight 33622 (was 33622) in 0.001753 s
45,,7536,14076,24,,1100,1043052,,33676,33622,17949,17949,17949,,481,2,@@

  handle_small_Steiner_degrees: steiner 0, suppress 0 in 1.2e-05 s
Starting round 46
Found 499 isolated vertices
Invalid ratios recomputed: 2111
Best ratio is 494/1 (494.0), centered at 0
Finding the best star... Star with 2 terminals centered in 7455
round took: 0.422695 s
|V| = 8027, |E| = 14066, |R| = 23
>>> get_solution
>>> get_solution
  refine_solution: new weight 33622 (was 33676) in 0.001844 s
  refine_solution: new weight 33622 (was 33622) in 0.001758 s
46,,7528,14066,23,,2111,2934631,,33676,33622,18443,18443,18443,,494,2,@@

  handle_small_Steiner_degrees: steiner 0, suppress 0 in 1.2e-05 s
Starting round 47
Found 507 isolated vertices
Invalid ratios recomputed: 1248
Best ratio is 523/1 (523.0), centered at 891
Finding the best star... Star with 2 terminals centered in 3741
round took: 0.177342 s
|V| = 8027, |E| = 14050, |R| = 22
>>> get_solution
>>> get_solution
  refine_solution: new weight 33622 (was 33676) in 0.001899 s
  refine_solution: new weight 33622 (was 33622) in 0.001748 s
47,,7520,14050,22,,1248,1375913,,33676,33622,18966,18966,18966,,523,2,@@

  handle_small_Steiner_degrees: steiner 0, suppress 4 in 1.8e-05 s
Starting round 48
Found 523 isolated vertices
Invalid ratios recomputed: 3353
Best ratio is 530/1 (530.0), centered at 317
Finding the best star... Star with 2 terminals centered in 2951
round took: 0.933011 s
|V| = 8027, |E| = 14031, |R| = 21
>>> get_solution
>>> get_solution
  refine_solution: new weight 33613 (was 33643) in 0.00187 s
  refine_solution: new weight 33613 (was 33613) in 0.001755 s
48,,7504,14031,21,,3353,6393924,,33643,33613,19496,19496,19496,,530,2,@@

  delete_edges: deleted 71 edges in 0.004739 s and 4 rounds
  handle_small_Steiner_degrees: steiner 2, suppress 66 in 6.2e-05 s
Starting round 49
Found 600 isolated vertices
Invalid ratios recomputed: 756
Best ratio is 1093/2 (546.5), centered at 4628
Finding the best star... Star with 3 terminals centered in 1197
round took: 0.072412 s
|V| = 8027, |E| = 13857, |R| = 19
>>> get_solution
>>> get_solution
  refine_solution: new weight 33535 (was 33569) in 0.001854 s
  refine_solution: new weight 33535 (was 33535) in 0.001744 s
49,,7427,13857,19,,756,521515,,33569,33535,20589,20589,20589,,1093,3,@@

  handle_small_Steiner_degrees: steiner 0, suppress 3 in 2.3e-05 s
Starting round 50
Found 628 isolated vertices
Invalid ratios recomputed: 2436
Best ratio is 535/1 (535.0), centered at 158
Finding the best star... Star with 2 terminals centered in 1197
round took: 0.690771 s
|V| = 8027, |E| = 13840, |R| = 18
>>> get_solution
>>> get_solution
  refine_solution: new weight 33535 (was 33569) in 0.001865 s
  refine_solution: new weight 33535 (was 33535) in 0.001745 s
50,,7399,13840,18,,2436,4731974,,33569,33535,21124,21124,21124,,535,2,@@

  handle_small_Steiner_degrees: steiner 0, suppress 1 in 1.3e-05 s
Starting round 51
Found 641 isolated vertices
Invalid ratios recomputed: 3946
Best ratio is 548/1 (548.0), centered at 79
Finding the best star... Star with 2 terminals centered in 7417
round took: 1.37778 s
|V| = 8027, |E| = 13824, |R| = 17
>>> get_solution
>>> get_solution
  refine_solution: new weight 33535 (was 33569) in 0.001859 s
  refine_solution: new weight 33535 (was 33535) in 0.001757 s
51,,7386,13824,17,,3946,9317388,,33569,33535,21672,21672,21672,,548,2,@@

  handle_small_Steiner_degrees: steiner 0, suppress 1 in 1.3e-05 s
Starting round 52
Found 654 isolated vertices
Invalid ratios recomputed: 1166
Best ratio is 574/1 (574.0), centered at 121
Finding the best star... Star with 2 terminals centered in 1197
round took: 0.197685 s
|V| = 8027, |E| = 13805, |R| = 16
>>> get_solution
>>> get_solution
  refine_solution: new weight 33535 (was 33569) in 0.00184 s
  refine_solution: new weight 33535 (was 33535) in 0.001754 s
52,,7373,13805,16,,1166,1447493,,33569,33535,22246,22246,22246,,574,2,@@

  handle_small_Steiner_degrees: steiner 0, suppress 0 in 9e-06 s
Starting round 53
Found 667 isolated vertices
Invalid ratios recomputed: 3981
Best ratio is 577/1 (577.0), centered at 7
Finding the best star... Star with 2 terminals centered in 7179
round took: 1.45214 s
|V| = 8027, |E| = 13788, |R| = 15
>>> get_solution
>>> get_solution
  refine_solution: new weight 33535 (was 33569) in 0.00185 s
  refine_solution: new weight 33535 (was 33535) in 0.001751 s
53,,7360,13788,15,,3981,10072969,,33569,33535,22823,22823,22823,,577,2,@@

  handle_small_Steiner_degrees: steiner 0, suppress 1 in 1.1e-05 s
Starting round 54
Found 681 isolated vertices
Invalid ratios recomputed: 1091
Best ratio is 1183/2 (591.5), centered at 7148
Finding the best star... Star with 3 terminals centered in 784
round took: 0.345182 s
|V| = 8027, |E| = 13759, |R| = 13
>>> get_solution
>>> get_solution
  refine_solution: new weight 33336 (was 33370) in 0.00186 s
  refine_solution: new weight 33336 (was 33336) in 0.00175 s
54,,7346,13759,13,,1091,2427276,,33370,33336,24006,24006,24006,,1183,3,@@

  handle_small_Steiner_degrees: steiner 0, suppress 0 in 1e-05 s
Starting round 55
Found 704 isolated vertices
Invalid ratios recomputed: 4975
Best ratio is 594/1 (594.0), centered at 252
Finding the best star... Star with 2 terminals centered in 5341
round took: 2.08066 s
|V| = 8027, |E| = 13745, |R| = 12
>>> get_solution
>>> get_solution
  refine_solution: new weight 33336 (was 33370) in 0.001857 s
  refine_solution: new weight 33336 (was 33336) in 0.001758 s
55,,7323,13745,12,,4975,14332523,,33370,33336,24600,24600,24600,,594,2,@@

  handle_small_Steiner_degrees: steiner 0, suppress 0 in 1e-05 s
Starting round 56
Found 717 isolated vertices
Invalid ratios recomputed: 4573
Best ratio is 608/1 (608.0), centered at 137
Finding the best star... Star with 2 terminals centered in 5341
round took: 1.67283 s
|V| = 8027, |E| = 13733, |R| = 11
>>> get_solution
>>> get_solution
  refine_solution: new weight 33336 (was 33370) in 0.001867 s
  refine_solution: new weight 33336 (was 33336) in 0.001748 s
56,,7310,13733,11,,4573,11582063,,33370,33336,25208,25208,25208,,608,2,@@

  handle_small_Steiner_degrees: steiner 0, suppress 0 in 9e-06 s
Starting round 57
Found 727 isolated vertices
Invalid ratios recomputed: 4762
Best ratio is 690/1 (690.0), centered at 71
Finding the best star... Star with 2 terminals centered in 7006
round took: 2.05697 s
|V| = 8027, |E| = 13720, |R| = 10
>>> get_solution
>>> get_solution
  refine_solution: new weight 33336 (was 33370) in 0.001855 s
  refine_solution: new weight 33336 (was 33336) in 0.001753 s
57,,7300,13720,10,,4762,13979780,,33370,33336,25898,25898,25898,,690,2,@@

  handle_small_Steiner_degrees: steiner 0, suppress 0 in 1e-05 s
Starting round 58
Found 738 isolated vertices
Invalid ratios recomputed: 2418
Best ratio is 1411/2 (705.5), centered at 1855
Finding the best star... Star with 3 terminals centered in 784
round took: 1.20056 s
|V| = 8027, |E| = 13690, |R| = 8
>>> get_solution
>>> get_solution
  refine_solution: new weight 33256 (was 33290) in 0.001866 s
  refine_solution: new weight 33256 (was 33256) in 0.001749 s
58,,7289,13690,8,,2418,8278668,,33290,33256,27309,27309,27309,,1411,3,@@

  handle_small_Steiner_degrees: steiner 0, suppress 1 in 1.3e-05 s
Starting round 59
Found 763 isolated vertices
Invalid ratios recomputed: 5946
Best ratio is 707/1 (707.0), centered at 83
Finding the best star... Star with 2 terminals centered in 784
round took: 3.25601 s
|V| = 8027, |E| = 13663, |R| = 7
>>> get_solution
>>> get_solution
  refine_solution: new weight 33256 (was 33290) in 0.001874 s
  refine_solution: new weight 33256 (was 33256) in 0.001749 s
59,,7264,13663,7,,5946,19966799,,33290,33256,28016,28016,28016,,707,2,@@

  handle_small_Steiner_degrees: steiner 0, suppress 2 in 1.9e-05 s
Starting round 60
Found 784 isolated vertices
Invalid ratios recomputed: 6013
Best ratio is 717/1 (717.0), centered at 9
Finding the best star... Star with 2 terminals centered in 7417
round took: 3.3273 s
|V| = 8027, |E| = 13642, |R| = 6
>>> get_solution
>>> get_solution
  refine_solution: new weight 33256 (was 33290) in 0.001878 s
  refine_solution: new weight 33256 (was 33256) in 0.001752 s
60,,7243,13642,6,,6013,22517666,,33290,33256,28733,28733,28733,,717,2,@@

  handle_small_Steiner_degrees: steiner 0, suppress 3 in 1.9e-05 s
Starting round 61
Found 800 isolated vertices
Invalid ratios recomputed: 5871
Best ratio is 734/1 (734.0), centered at 340
Finding the best star... Star with 2 terminals centered in 784
round took: 3.53579 s
|V| = 8027, |E| = 13623, |R| = 5
>>> get_solution
>>> get_solution
  refine_solution: new weight 33256 (was 33290) in 0.001878 s
  refine_solution: new weight 33256 (was 33256) in 0.001763 s
61,,7227,13623,5,,5871,24063752,,33290,33256,29467,29467,29467,,734,2,@@

  handle_small_Steiner_degrees: steiner 0, suppress 1 in 1.4e-05 s
Starting round 62
Found 814 isolated vertices
Invalid ratios recomputed: 6988
Best ratio is 752/1 (752.0), centered at 419
Finding the best star... Star with 2 terminals centered in 784
round took: 5.59704 s
|V| = 8027, |E| = 13608, |R| = 4
>>> get_solution
>>> get_solution
  refine_solution: new weight 33256 (was 33290) in 0.002464 s
  refine_solution: new weight 33256 (was 33256) in 0.00176 s
62,,7213,13608,4,,6988,37431371,,33290,33256,30219,30219,30219,,752,2,@@

  handle_small_Steiner_degrees: steiner 0, suppress 2 in 3.3e-05 s
Starting round 63
Found 827 isolated vertices
Invalid ratios recomputed: 6975
Best ratio is 841/1 (841.0), centered at 245
Finding the best star... Star with 2 terminals centered in 7179
round took: 6.21851 s
|V| = 8027, |E| = 13585, |R| = 3
>>> get_solution
>>> get_solution
  refine_solution: new weight 33256 (was 33290) in 0.002579 s
  refine_solution: new weight 33256 (was 33256) in 0.002413 s
63,,7200,13585,3,,6975,39513482,,33290,33256,31060,31060,31060,,841,2,@@

  handle_small_Steiner_degrees: steiner 0, suppress 2 in 3.7e-05 s
Starting round 64
Found 846 isolated vertices
Invalid ratios recomputed: 6968
Best ratio is 2067/2 (1033.5), centered at 6142
Finding the best star... Star with 3 terminals centered in 7455
round took: 6.69282 s
|V| = 8027, |E| = 13532, |R| = 1
>>> get_solution
>>> get_solution
  refine_solution: new weight 33093 (was 33127) in 0.001905 s
  refine_solution: new weight 33093 (was 33093) in 0.001759 s
64,,7181,13532,1,,6968,44867258,,33127,33093,33127,33127,33127,,2067,3,@@

  handle_small_Steiner_degrees: steiner 0, suppress 2 in 2.7e-05 s
contract_till_the_bitter_end: 46.5807 s

Calling end_heu
>>> get_solution
Saved weight 106
end_heu: 0 loops with 0 unique solutions in 0.000199 s

Calling print_solution
>>> get_solution
  refine_solution: new weight 33093 (was 33127) in 0.001773 s
Oops orig weight was 33127 but we got 33093
## FINAL WEIGHT 33093
print_solution: 0.004099 s
