Version: final-96-g3f4a746 add measure_work.sh
Random seed: 1555742737
Start
>>> save_orig_graph
>> Saved weight 0
Graph loaded
|V| = 671, |E| = 1316, |R| = 62
First clearance of the input. Calling buy_zero and run_all_heuristics.
  buy_zero: 0 zero edges in 4e-06 s
  handle_small_terminal_degrees: terms 1 in 4e-06 s
  handle_small_Steiner_degrees: steiner 0, suppress 0 in 2e-06 s
  shortest_edge_between_terminals: 0 edges in 2e-06 s
  handle_small_terminal_degrees: terms 0 in 2e-06 s
  handle_small_Steiner_degrees: steiner 0, suppress 0 in 2e-06 s
  shortest_edge_between_terminals: 0 edges in 2e-06 s
Compressed graph 671 -> 669
  delete_edges: deleted 0 edges in 0.000121 s and 1 rounds
  handle_small_terminal_degrees: terms 0 in 2e-06 s
  handle_small_Steiner_degrees: steiner 0, suppress 0 in 2e-06 s
  shortest_edge_between_terminals: 0 edges in 2e-06 s
Compressed graph 669 -> 669
  delete_edges_shortest_path: deleted 0 edges in 0.029657 s
  handle_small_terminal_degrees: terms 0 in 1e-06 s
  handle_small_Steiner_degrees: steiner 0, suppress 0 in 1e-06 s
  shortest_edge_between_terminals: 0 edges in 2e-06 s
Compressed graph 669 -> 669
  handle_small_terminal_degrees: terms 0 in 2e-06 s
  handle_small_Steiner_degrees: steiner 0, suppress 0 in 1e-06 s
  shortest_edge_between_terminals: 0 edges in 1e-06 s
Compressed graph 669 -> 669
  delete_edges_shortest_path: deleted 0 edges in 0.027522 s
  handle_small_terminal_degrees: terms 0 in 1e-06 s
  handle_small_Steiner_degrees: steiner 0, suppress 0 in 1e-06 s
  shortest_edge_between_terminals: 0 edges in 2e-06 s
Compressed graph 669 -> 669
Compressed graph 669 -> 669
>>> save_orig_graph
>> Saved weight 100000
### ZEL_LVL=0 PRECISE_STARS=1

Calling `contract_till_the_bitter_end`
|V| = 669, |E| = 1315, |R| = 62
>>> get_solution
>>> get_solution
  refine_solution: new weight 6201196 (was 6203351) in 0.000429 s
  refine_solution: new weight 6201127 (was 6201196) in 0.000371 s
  refine_solution: new weight 6201069 (was 6201127) in 0.000343 s
  refine_solution: new weight 6201065 (was 6201069) in 0.000348 s
  refine_solution: new weight 6201065 (was 6201065) in 0.000341 s
0,,669,1315,62,,0,0,,6203351,6201065,100000,100000,100000,,0,0,@@

  delete_edges: deleted 0 edges in 9e-05 s and 1 rounds
  handle_small_Steiner_degrees: steiner 0, suppress 0 in 2e-06 s
Starting round 1
Found 0 isolated vertices
Invalid ratios recomputed: 669
Best ratio is 3000282/30 (100009.4), centered at 139
Finding the best star... Star with 31 terminals centered in 654
round took: 0.173871 s
|V| = 669, |E| = 1158, |R| = 32
>>> get_solution
>>> get_solution
  refine_solution: new weight 6201558 (was 6203159) in 0.00027 s
  refine_solution: new weight 6201370 (was 6201558) in 0.000251 s
  refine_solution: new weight 6201276 (was 6201370) in 0.000245 s
  refine_solution: new weight 6201276 (was 6201276) in 0.000234 s
1,,669,1158,32,,669,1627394,,6203159,6201276,3100282,3100282,3100282,,3000282,31,@@

  handle_small_Steiner_degrees: steiner 0, suppress 3 in 4e-06 s
Starting round 2
Found 111 isolated vertices
Invalid ratios recomputed: 558
Best ratio is 600118/6 (100019.7), centered at 14
Finding the best star... Star with 7 terminals centered in 639
round took: 0.090681 s
|V| = 669, |E| = 1085, |R| = 26
>>> get_solution
>>> get_solution
  refine_solution: new weight 6201353 (was 6202988) in 0.00028 s
  refine_solution: new weight 6201075 (was 6201353) in 0.000264 s
  refine_solution: new weight 6201069 (was 6201075) in 0.000258 s
  refine_solution: new weight 6201068 (was 6201069) in 0.000249 s
  refine_solution: new weight 6201068 (was 6201068) in 0.000263 s
2,,558,1085,26,,558,937740,,6202988,6201068,3700399,3700399,3700399,,600118,7,@@

  handle_small_Steiner_degrees: steiner 2, suppress 16 in 9e-06 s
Starting round 3
Found 162 isolated vertices
Invalid ratios recomputed: 507
Best ratio is 200036/2 (100018.0), centered at 116
Finding the best star... Star with 3 terminals centered in 651
round took: 0.079815 s
|V| = 669, |E| = 1029, |R| = 24
>>> get_solution
>>> get_solution
  refine_solution: new weight 6201369 (was 6202948) in 0.000285 s
  refine_solution: new weight 6201237 (was 6201369) in 0.000263 s
  refine_solution: new weight 6201154 (was 6201237) in 0.000257 s
  refine_solution: new weight 6201081 (was 6201154) in 0.000254 s
  refine_solution: new weight 6201042 (was 6201081) in 0.000248 s
  refine_solution: new weight 6201039 (was 6201042) in 0.000246 s
  refine_solution: new weight 6201039 (was 6201039) in 0.000242 s
3,,507,1029,24,,507,829610,,6202948,6201039,3900435,3900435,3900435,,200036,3,@@

  handle_small_Steiner_degrees: steiner 3, suppress 5 in 6e-06 s
Starting round 4
Found 181 isolated vertices
Invalid ratios recomputed: 488
Best ratio is 200036/2 (100018.0), centered at 150
Finding the best star... Star with 3 terminals centered in 663
round took: 0.074212 s
|V| = 669, |E| = 995, |R| = 22
>>> get_solution
>>> get_solution
  refine_solution: new weight 6201363 (was 6202811) in 0.000276 s
  refine_solution: new weight 6201176 (was 6201363) in 0.000263 s
  refine_solution: new weight 6201048 (was 6201176) in 0.000256 s
  refine_solution: new weight 6201047 (was 6201048) in 0.000253 s
  refine_solution: new weight 6201047 (was 6201047) in 0.000248 s
4,,488,995,22,,488,783794,,6202811,6201047,4100471,4100471,4100471,,200036,3,@@

  handle_small_Steiner_degrees: steiner 1, suppress 2 in 3e-06 s
Starting round 5
Found 195 isolated vertices
Invalid ratios recomputed: 474
Best ratio is 2000468/20 (100023.4), centered at 34
Finding the best star... Star with 21 terminals centered in 667
round took: 0.082299 s
|V| = 669, |E| = 802, |R| = 2
>>> get_solution
>>> get_solution
  refine_solution: new weight 6201030 (was 6201031) in 0.000288 s
  refine_solution: new weight 6201030 (was 6201030) in 0.000251 s
5,,474,802,2,,474,883595,,6201031,6201030,6100939,6100939,6100939,,2000468,21,@@

  handle_small_Steiner_degrees: steiner 0, suppress 2 in 4e-06 s
Starting round 6
Found 314 isolated vertices
Invalid ratios recomputed: 355
Best ratio is 100092/1 (100092.0), centered at 0
Finding the best star... Star with 2 terminals centered in 607
round took: 0.011702 s
|V| = 669, |E| = 787, |R| = 1
>>> get_solution
>>> get_solution
  refine_solution: new weight 6201030 (was 6201031) in 0.000272 s
  refine_solution: new weight 6201030 (was 6201030) in 0.000248 s
6,,355,787,1,,355,127634,,6201031,6201030,6201031,6201031,6201031,,100092,2,@@

  handle_small_Steiner_degrees: steiner 0, suppress 2 in 3e-06 s
contract_till_the_bitter_end: 0.524933 s

Calling end_heu
>>> get_solution
Saved weight 100000
end_heu: 0 loops with 0 unique solutions in 6.9e-05 s

Calling print_solution
>>> get_solution
  refine_solution: new weight 6201030 (was 6201030) in 0.000246 s
## FINAL WEIGHT 6201030
print_solution: 0.000553 s
