Version: final-96-g3f4a746 add measure_work.sh
Random seed: 1555745600
Start
>>> save_orig_graph
>> Saved weight 0
Graph loaded
|V| = 2077, |E| = 4072, |R| = 99
First clearance of the input. Calling buy_zero and run_all_heuristics.
  buy_zero: 0 zero edges in 4e-06 s
  handle_small_terminal_degrees: terms 1 in 3e-06 s
  handle_small_Steiner_degrees: steiner 0, suppress 39 in 1.4e-05 s
  shortest_edge_between_terminals: 0 edges in 2e-06 s
  handle_small_terminal_degrees: terms 1 in 2e-06 s
  handle_small_Steiner_degrees: steiner 0, suppress 0 in 3e-06 s
  shortest_edge_between_terminals: 0 edges in 1e-06 s
  handle_small_terminal_degrees: terms 0 in 1e-06 s
  handle_small_Steiner_degrees: steiner 0, suppress 0 in 3e-06 s
  shortest_edge_between_terminals: 0 edges in 1e-06 s
Compressed graph 2077 -> 2035
  delete_edges: deleted 2 edges in 0.000189 s and 1 rounds
  handle_small_terminal_degrees: terms 0 in 2e-06 s
  handle_small_Steiner_degrees: steiner 0, suppress 1 in 3e-06 s
  shortest_edge_between_terminals: 0 edges in 1e-06 s
  handle_small_terminal_degrees: terms 0 in 2e-06 s
  handle_small_Steiner_degrees: steiner 0, suppress 0 in 2e-06 s
  shortest_edge_between_terminals: 0 edges in 1e-06 s
Compressed graph 2035 -> 2034
  delete_edges_shortest_path: deleted 1 edges in 0.086467 s
  handle_small_terminal_degrees: terms 0 in 2e-06 s
  handle_small_Steiner_degrees: steiner 0, suppress 1 in 5e-06 s
  shortest_edge_between_terminals: 0 edges in 2e-06 s
  handle_small_terminal_degrees: terms 0 in 2e-06 s
  handle_small_Steiner_degrees: steiner 0, suppress 0 in 2e-06 s
  shortest_edge_between_terminals: 0 edges in 1e-06 s
Compressed graph 2034 -> 2033
  handle_small_terminal_degrees: terms 0 in 2e-06 s
  handle_small_Steiner_degrees: steiner 0, suppress 0 in 2e-06 s
  shortest_edge_between_terminals: 0 edges in 2e-06 s
Compressed graph 2033 -> 2032
  delete_edges_shortest_path: deleted 63 edges in 0.070797 s
  handle_small_terminal_degrees: terms 1 in 2.2e-05 s
  handle_small_Steiner_degrees: steiner 0, suppress 2 in 5e-06 s
  shortest_edge_between_terminals: 0 edges in 2e-06 s
  handle_small_terminal_degrees: terms 0 in 2e-06 s
  handle_small_Steiner_degrees: steiner 0, suppress 0 in 2e-06 s
  shortest_edge_between_terminals: 0 edges in 1e-06 s
Compressed graph 2032 -> 2029
Compressed graph 2029 -> 2029
>>> save_orig_graph
>> Saved weight 2000003
### ZEL_LVL=0 PRECISE_STARS=1

Calling `contract_till_the_bitter_end`
|V| = 2029, |E| = 3956, |R| = 98
>>> get_solution
>>> get_solution
  refine_solution: new weight 99001545 (was 99003550) in 0.00065 s
  refine_solution: new weight 99001397 (was 99001545) in 0.000565 s
  refine_solution: new weight 99001386 (was 99001397) in 0.000546 s
  refine_solution: new weight 99001376 (was 99001386) in 0.000547 s
  refine_solution: new weight 99001371 (was 99001376) in 0.000536 s
  refine_solution: new weight 99001366 (was 99001371) in 0.000537 s
  refine_solution: new weight 99001366 (was 99001366) in 0.00053 s
0,,2029,3956,98,,0,0,,99003550,99001366,2000003,2000003,2000003,,0,0,@@

  delete_edges: deleted 2 edges in 0.00018 s and 1 rounds
  handle_small_Steiner_degrees: steiner 0, suppress 3 in 3e-06 s
Starting round 1
Found 3 isolated vertices
Invalid ratios recomputed: 2026
Best ratio is 61000682/61 (1000011.2), centered at 2025
Finding the best star... Star with 62 terminals centered in 1982
round took: 1.35232 s
|V| = 2029, |E| = 3544, |R| = 37
>>> get_solution
>>> get_solution
  refine_solution: new weight 99001260 (was 99001969) in 0.000592 s
  refine_solution: new weight 99001193 (was 99001260) in 0.000534 s
  refine_solution: new weight 99001193 (was 99001193) in 0.000523 s
1,,2026,3544,37,,2026,13010291,,99001969,99001193,63000658,63000658,63000658,,61000682,62,@@

  handle_small_Steiner_degrees: steiner 0, suppress 17 in 2.2e-05 s
Starting round 2
Found 287 isolated vertices
Invalid ratios recomputed: 1742
Best ratio is 8000085/8 (1000010.6), centered at 833
Finding the best star... Star with 9 terminals centered in 1963
round took: 0.402422 s
|V| = 2029, |E| = 3452, |R| = 29
>>> get_solution
>>> get_solution
  refine_solution: new weight 99001196 (was 99001590) in 0.000571 s
  refine_solution: new weight 99001191 (was 99001196) in 0.000542 s
  refine_solution: new weight 99001191 (was 99001191) in 0.000541 s
2,,1742,3452,29,,1742,3784681,,99001590,99001191,71000743,71000743,71000743,,8000085,9,@@

  handle_small_Steiner_degrees: steiner 0, suppress 7 in 1.1e-05 s
Starting round 3
Found 338 isolated vertices
Invalid ratios recomputed: 1691
Best ratio is 9000105/9 (1000011.7), centered at 1180
Finding the best star... Star with 10 terminals centered in 1946
round took: 0.376051 s
|V| = 2029, |E| = 3380, |R| = 20
>>> get_solution
>>> get_solution
  refine_solution: new weight 99001223 (was 99001276) in 0.000576 s
  refine_solution: new weight 99001206 (was 99001223) in 0.000543 s
  refine_solution: new weight 99001206 (was 99001206) in 0.000532 s
3,,1691,3380,20,,1691,3418758,,99001276,99001206,80000848,80000848,80000848,,9000105,10,@@

  handle_small_Steiner_degrees: steiner 0, suppress 3 in 1.4e-05 s
Starting round 4
Found 383 isolated vertices
Invalid ratios recomputed: 1646
Best ratio is 5000045/5 (1000009.0), centered at 18
Finding the best star... Star with 6 terminals centered in 1939
round took: 0.340985 s
|V| = 2029, |E| = 3358, |R| = 15
>>> get_solution
>>> get_solution
  refine_solution: new weight 99001184 (was 99001190) in 0.000577 s
  refine_solution: new weight 99001184 (was 99001184) in 0.000546 s
4,,1646,3358,15,,1646,3032523,,99001190,99001184,85000893,85000893,85000893,,5000045,6,@@

  handle_small_Steiner_degrees: steiner 0, suppress 4 in 1.3e-05 s
Starting round 5
Found 399 isolated vertices
Invalid ratios recomputed: 1630
Best ratio is 1000013/1 (1000013.0), centered at 161
Finding the best star... Star with 2 terminals centered in 1987
round took: 0.334246 s
|V| = 2029, |E| = 3341, |R| = 14
>>> get_solution
>>> get_solution
  refine_solution: new weight 99001184 (was 99001190) in 0.000567 s
  refine_solution: new weight 99001184 (was 99001184) in 0.00054 s
5,,1630,3341,14,,1630,3010130,,99001190,99001184,86000906,86000906,86000906,,1000013,2,@@

  handle_small_Steiner_degrees: steiner 0, suppress 0 in 2e-06 s
Starting round 6
Found 407 isolated vertices
Invalid ratios recomputed: 1622
Best ratio is 1000015/1 (1000015.0), centered at 76
Finding the best star... Star with 2 terminals centered in 1958
round took: 0.335116 s
|V| = 2029, |E| = 3333, |R| = 13
>>> get_solution
>>> get_solution
  refine_solution: new weight 99001184 (was 99001190) in 0.000567 s
  refine_solution: new weight 99001184 (was 99001184) in 0.000543 s
6,,1622,3333,13,,1622,3028277,,99001190,99001184,87000921,87000921,87000921,,1000015,2,@@

  handle_small_Steiner_degrees: steiner 0, suppress 1 in 8e-06 s
Starting round 7
Found 414 isolated vertices
Invalid ratios recomputed: 1615
Best ratio is 3000046/3 (1000015.3), centered at 0
Finding the best star... Star with 4 terminals centered in 1934
round took: 0.334234 s
|V| = 2029, |E| = 3311, |R| = 10
>>> get_solution
>>> get_solution
  refine_solution: new weight 99001171 (was 99001174) in 0.000567 s
  refine_solution: new weight 99001171 (was 99001171) in 0.000573 s
7,,1615,3311,10,,1615,3020947,,99001174,99001171,90000967,90000967,90000967,,3000046,4,@@

  handle_small_Steiner_degrees: steiner 0, suppress 3 in 1.1e-05 s
Starting round 8
Found 431 isolated vertices
Invalid ratios recomputed: 1598
Best ratio is 1000018/1 (1000018.0), centered at 42
Finding the best star... Star with 2 terminals centered in 1947
round took: 0.330888 s
|V| = 2029, |E| = 3298, |R| = 9
>>> get_solution
>>> get_solution
  refine_solution: new weight 99001171 (was 99001174) in 0.000555 s
  refine_solution: new weight 99001171 (was 99001171) in 0.000537 s
8,,1598,3298,9,,1598,2972558,,99001174,99001171,91000985,91000985,91000985,,1000018,2,@@

  handle_small_Steiner_degrees: steiner 0, suppress 0 in 2e-06 s
Starting round 9
Found 436 isolated vertices
Invalid ratios recomputed: 1593
Best ratio is 1000019/1 (1000019.0), centered at 149
Finding the best star... Star with 2 terminals centered in 1983
round took: 0.333247 s
|V| = 2029, |E| = 3289, |R| = 8
>>> get_solution
>>> get_solution
  refine_solution: new weight 99001171 (was 99001174) in 0.000558 s
  refine_solution: new weight 99001171 (was 99001171) in 0.000538 s
9,,1593,3289,8,,1593,3013405,,99001174,99001171,92001004,92001004,92001004,,1000019,2,@@

  handle_small_Steiner_degrees: steiner 0, suppress 0 in 3e-06 s
Starting round 10
Found 443 isolated vertices
Invalid ratios recomputed: 1586
Best ratio is 5000108/5 (1000021.6), centered at 148
Finding the best star... Star with 6 terminals centered in 2026
round took: 0.333057 s
|V| = 2029, |E| = 3241, |R| = 3
>>> get_solution
>>> get_solution
  refine_solution: new weight 99001171 (was 99001174) in 0.000578 s
  refine_solution: new weight 99001171 (was 99001171) in 0.000536 s
10,,1586,3241,3,,1586,3006266,,99001174,99001171,97001112,97001112,97001112,,5000108,6,@@

  handle_small_Steiner_degrees: steiner 0, suppress 0 in 2e-06 s
Starting round 11
Found 476 isolated vertices
Invalid ratios recomputed: 1553
Best ratio is 1000026/1 (1000026.0), centered at 94
Finding the best star... Star with 2 terminals centered in 1964
round took: 0.294315 s
|V| = 2029, |E| = 3232, |R| = 2
>>> get_solution
>>> get_solution
  refine_solution: new weight 99001171 (was 99001174) in 0.00058 s
  refine_solution: new weight 99001171 (was 99001171) in 0.000537 s
11,,1553,3232,2,,1553,2576227,,99001174,99001171,98001138,98001138,98001138,,1000026,2,@@

  handle_small_Steiner_degrees: steiner 0, suppress 0 in 2e-06 s
Starting round 12
Found 483 isolated vertices
Invalid ratios recomputed: 1546
Best ratio is 1000036/1 (1000036.0), centered at 157
Finding the best star... Star with 2 terminals centered in 1986
round took: 0.283951 s
|V| = 2029, |E| = 3218, |R| = 1
>>> get_solution
>>> get_solution
  refine_solution: new weight 99001171 (was 99001174) in 0.000578 s
  refine_solution: new weight 99001171 (was 99001171) in 0.000553 s
12,,1546,3218,1,,1546,2413647,,99001174,99001171,99001174,99001174,99001174,,1000036,2,@@

  handle_small_Steiner_degrees: steiner 0, suppress 0 in 2e-06 s
contract_till_the_bitter_end: 5.08622 s

Calling end_heu
>>> get_solution
Saved weight 2000003
end_heu: 0 loops with 0 unique solutions in 0.000108 s

Calling print_solution
>>> get_solution
  refine_solution: new weight 99001171 (was 99001174) in 0.00056 s
Oops orig weight was 99001174 but we got 99001171
## FINAL WEIGHT 99001171
print_solution: 0.001221 s
