Version: final-96-g3f4a746 add measure_work.sh
Random seed: 1555583607
Start
>>> save_orig_graph
>> Saved weight 0
Graph loaded
|V| = 321, |E| = 51040, |R| = 80
First clearance of the input. Calling buy_zero and run_all_heuristics.
  buy_zero: 0 zero edges in 6.3e-05 s
  handle_small_terminal_degrees: terms 0 in 0 s
  handle_small_Steiner_degrees: steiner 0, suppress 0 in 1e-06 s
  shortest_edge_between_terminals: 0 edges in 5.6e-05 s
Compressed graph 321 -> 320
  delete_edges: deleted 0 edges in 0.052143 s and 1 rounds
  handle_small_terminal_degrees: terms 0 in 0 s
  handle_small_Steiner_degrees: steiner 0, suppress 0 in 1e-06 s
  shortest_edge_between_terminals: 0 edges in 9.1e-05 s
Compressed graph 320 -> 320
  delete_edges_shortest_path: deleted 0 edges in 0.117814 s
  handle_small_terminal_degrees: terms 0 in 0 s
  handle_small_Steiner_degrees: steiner 0, suppress 0 in 0 s
  shortest_edge_between_terminals: 0 edges in 5.5e-05 s
Compressed graph 320 -> 320
  handle_small_terminal_degrees: terms 0 in 0 s
  handle_small_Steiner_degrees: steiner 0, suppress 0 in 1e-06 s
  shortest_edge_between_terminals: 0 edges in 6.2e-05 s
Compressed graph 320 -> 320
  delete_edges_shortest_path: deleted 0 edges in 0.117758 s
  handle_small_terminal_degrees: terms 0 in 1e-06 s
  handle_small_Steiner_degrees: steiner 0, suppress 0 in 1e-06 s
  shortest_edge_between_terminals: 0 edges in 5.5e-05 s
Compressed graph 320 -> 320
Compressed graph 320 -> 320
>>> save_orig_graph
>> Saved weight 0
### ZEL_LVL=0 PRECISE_STARS=0

Calling `contract_till_the_bitter_end`
|V| = 320, |E| = 51040, |R| = 80
>>> get_solution
>>> get_solution
  refine_solution: new weight 22756 (was 22756) in 0.004379 s
0,,320,51040,80,,0,0,,22756,22756,0,0,0,,0,0,@@

  delete_edges: deleted 0 edges in 0.052198 s and 1 rounds
  handle_small_Steiner_degrees: steiner 0, suppress 0 in 1e-06 s
Starting round 1
Found 0 isolated vertices
Invalid ratios recomputed: 320
Best ratio is 7349/37 (198.6), centered at 140
Finding the best star... Star with 38 terminals centered in 43
round took: 0.084029 s
|V| = 320, |E| = 39621, |R| = 43
>>> get_solution
>>> get_solution
  refine_solution: new weight 15881 (was 15881) in 0.003608 s
1,,320,39621,43,,320,88811,,15881,15881,7349,7349,7349,,7349,38,@@

  handle_small_Steiner_degrees: steiner 0, suppress 0 in 1e-06 s
Starting round 2
Found 38 isolated vertices
Invalid ratios recomputed: 282
Best ratio is 3543/18 (196.8), centered at 197
Finding the best star... Star with 19 terminals centered in 43
round took: 0.059167 s
|V| = 320, |E| = 34453, |R| = 25
>>> get_solution
>>> get_solution
  refine_solution: new weight 15720 (was 15728) in 0.00549 s
  refine_solution: new weight 15720 (was 15720) in 0.005615 s
2,,282,34453,25,,282,71378,,15728,15720,10892,10892,10892,,3543,19,@@

  handle_small_Steiner_degrees: steiner 0, suppress 0 in 1e-06 s
Starting round 3
Found 57 isolated vertices
Invalid ratios recomputed: 263
Best ratio is 197/1 (197.0), centered at 43
Finding the best star... Star with 2 terminals centered in 43
round took: 0.049108 s
|V| = 320, |E| = 34191, |R| = 24
>>> get_solution
>>> get_solution
  refine_solution: new weight 15720 (was 15728) in 0.00516 s
  refine_solution: new weight 15720 (was 15720) in 0.005281 s
3,,263,34191,24,,263,65695,,15728,15720,11089,11089,11089,,197,2,@@

  handle_small_Steiner_degrees: steiner 0, suppress 0 in 1e-06 s
Starting round 4
Found 58 isolated vertices
Invalid ratios recomputed: 262
Best ratio is 396/2 (198.0), centered at 43
Finding the best star... Star with 3 terminals centered in 43
round took: 0.048788 s
|V| = 320, |E| = 33670, |R| = 22
>>> get_solution
>>> get_solution
  refine_solution: new weight 15720 (was 15728) in 0.00516 s
  refine_solution: new weight 15720 (was 15720) in 0.005019 s
4,,262,33670,22,,262,65483,,15728,15720,11485,11485,11485,,396,3,@@

  handle_small_Steiner_degrees: steiner 0, suppress 0 in 1e-06 s
Starting round 5
Found 60 isolated vertices
Invalid ratios recomputed: 260
Best ratio is 1393/7 (199.0), centered at 43
Finding the best star... Star with 8 terminals centered in 43
round took: 0.048282 s
|V| = 320, |E| = 31878, |R| = 15
>>> get_solution
>>> get_solution
  refine_solution: new weight 15720 (was 15728) in 0.005457 s
  refine_solution: new weight 15720 (was 15720) in 0.005605 s
5,,260,31878,15,,260,65065,,15728,15720,12878,12878,12878,,1393,8,@@

  handle_small_Steiner_degrees: steiner 0, suppress 0 in 1e-06 s
Starting round 6
Found 67 isolated vertices
Invalid ratios recomputed: 253
Best ratio is 200/1 (200.0), centered at 37
Finding the best star... Star with 2 terminals centered in 43
round took: 0.044823 s
|V| = 320, |E| = 31626, |R| = 14
>>> get_solution
>>> get_solution
  refine_solution: new weight 15720 (was 15728) in 0.005167 s
  refine_solution: new weight 15720 (was 15720) in 0.005257 s
6,,253,31626,14,,253,63155,,15728,15720,13078,13078,13078,,200,2,@@

  handle_small_Steiner_degrees: steiner 0, suppress 0 in 1e-06 s
Starting round 7
Found 68 isolated vertices
Invalid ratios recomputed: 252
Best ratio is 402/2 (201.0), centered at 43
Finding the best star... Star with 3 terminals centered in 43
round took: 0.044462 s
|V| = 320, |E| = 31125, |R| = 12
>>> get_solution
>>> get_solution
  refine_solution: new weight 15720 (was 15728) in 0.005503 s
  refine_solution: new weight 15720 (was 15720) in 0.005305 s
7,,252,31125,12,,252,62894,,15728,15720,13480,13480,13480,,402,3,@@

  handle_small_Steiner_degrees: steiner 0, suppress 0 in 1e-06 s
Starting round 8
Found 70 isolated vertices
Invalid ratios recomputed: 250
Best ratio is 808/4 (202.0), centered at 43
Finding the best star... Star with 5 terminals centered in 43
round took: 0.043479 s
|V| = 320, |E| = 30135, |R| = 8
>>> get_solution
>>> get_solution
  refine_solution: new weight 15720 (was 15728) in 0.005527 s
  refine_solution: new weight 15720 (was 15720) in 0.005614 s
8,,250,30135,8,,250,62168,,15728,15720,14288,14288,14288,,808,5,@@

  handle_small_Steiner_degrees: steiner 0, suppress 0 in 1e-06 s
Starting round 9
Found 74 isolated vertices
Invalid ratios recomputed: 246
Best ratio is 612/3 (204.0), centered at 43
Finding the best star... Star with 4 terminals centered in 43
round took: 0.041404 s
|V| = 320, |E| = 29403, |R| = 5
>>> get_solution
>>> get_solution
  refine_solution: new weight 15720 (was 15728) in 0.005498 s
  refine_solution: new weight 15720 (was 15720) in 0.005661 s
9,,246,29403,5,,246,60517,,15728,15720,14900,14900,14900,,612,4,@@

  handle_small_Steiner_degrees: steiner 0, suppress 0 in 0 s
Starting round 10
Found 77 isolated vertices
Invalid ratios recomputed: 243
Best ratio is 410/2 (205.0), centered at 43
Finding the best star... Star with 3 terminals centered in 43
round took: 0.039907 s
|V| = 320, |E| = 28920, |R| = 3
>>> get_solution
>>> get_solution
  refine_solution: new weight 15720 (was 15728) in 0.005464 s
  refine_solution: new weight 15720 (was 15720) in 0.005382 s
10,,243,28920,3,,243,59198,,15728,15720,15310,15310,15310,,410,3,@@

  handle_small_Steiner_degrees: steiner 0, suppress 0 in 0 s
Starting round 11
Found 79 isolated vertices
Invalid ratios recomputed: 241
Best ratio is 206/1 (206.0), centered at 33
Finding the best star... Star with 2 terminals centered in 43
round took: 0.038976 s
|V| = 320, |E| = 28680, |R| = 2
>>> get_solution
>>> get_solution
  refine_solution: new weight 15720 (was 15728) in 0.005148 s
  refine_solution: new weight 15720 (was 15720) in 0.005258 s
11,,241,28680,2,,241,58284,,15728,15720,15516,15516,15516,,206,2,@@

  handle_small_Steiner_degrees: steiner 0, suppress 0 in 0 s
Starting round 12
Found 80 isolated vertices
Invalid ratios recomputed: 240
Best ratio is 212/1 (212.0), centered at 40
Finding the best star... Star with 2 terminals centered in 43
round took: 0.038488 s
|V| = 320, |E| = 28441, |R| = 1
>>> get_solution
>>> get_solution
  refine_solution: new weight 15720 (was 15728) in 0.00516 s
  refine_solution: new weight 15720 (was 15720) in 0.005037 s
12,,240,28441,1,,240,57840,,15728,15720,15728,15728,15728,,212,2,@@

  handle_small_Steiner_degrees: steiner 0, suppress 0 in 1e-06 s
contract_till_the_bitter_end: 1.30837 s

Calling end_heu
>>> get_solution
Saved weight 0
end_heu: 0 loops with 0 unique solutions in 3.7e-05 s

Calling print_solution
>>> get_solution
  refine_solution: new weight 15720 (was 15728) in 0.005125 s
Oops orig weight was 15728 but we got 15720
## FINAL WEIGHT 15720
print_solution: 0.027769 s
