Version: final-96-g3f4a746 add measure_work.sh
Random seed: 1555724226
Start
>>> save_orig_graph
>> Saved weight 0
Graph loaded
|V| = 19084, |E| = 35636, |R| = 24
First clearance of the input. Calling buy_zero and run_all_heuristics.
  buy_zero: 0 zero edges in 5.7e-05 s
  handle_small_terminal_degrees: terms 0 in 1.5e-05 s
  handle_small_Steiner_degrees: steiner 0, suppress 4 in 2.5e-05 s
  shortest_edge_between_terminals: 0 edges in 1e-06 s
  handle_small_terminal_degrees: terms 0 in 1.4e-05 s
  handle_small_Steiner_degrees: steiner 0, suppress 0 in 2.1e-05 s
  shortest_edge_between_terminals: 0 edges in 1e-06 s
Compressed graph 19084 -> 19079
  delete_edges: deleted 3 edges in 0.002456 s and 1 rounds
  handle_small_terminal_degrees: terms 0 in 1.4e-05 s
  handle_small_Steiner_degrees: steiner 0, suppress 6 in 2.4e-05 s
  shortest_edge_between_terminals: 0 edges in 0 s
  handle_small_terminal_degrees: terms 0 in 1.4e-05 s
  handle_small_Steiner_degrees: steiner 0, suppress 0 in 2.2e-05 s
  shortest_edge_between_terminals: 0 edges in 0 s
Compressed graph 19079 -> 19073
  delete_edges_shortest_path: deleted 7 edges in 0.112065 s
  handle_small_terminal_degrees: terms 0 in 1.5e-05 s
  handle_small_Steiner_degrees: steiner 0, suppress 11 in 3.1e-05 s
  shortest_edge_between_terminals: 0 edges in 1e-06 s
  handle_small_terminal_degrees: terms 0 in 1.4e-05 s
  handle_small_Steiner_degrees: steiner 0, suppress 0 in 2.2e-05 s
  shortest_edge_between_terminals: 0 edges in 0 s
Compressed graph 19073 -> 19062
  handle_small_terminal_degrees: terms 0 in 1.4e-05 s
  handle_small_Steiner_degrees: steiner 0, suppress 0 in 1.8e-05 s
  shortest_edge_between_terminals: 0 edges in 3e-06 s
Compressed graph 19062 -> 19062
  delete_edges_shortest_path: deleted 11 edges in 0.111522 s
  handle_small_terminal_degrees: terms 0 in 1.4e-05 s
  handle_small_Steiner_degrees: steiner 0, suppress 16 in 3.5e-05 s
  shortest_edge_between_terminals: 0 edges in 1e-06 s
  handle_small_terminal_degrees: terms 0 in 1.5e-05 s
  handle_small_Steiner_degrees: steiner 0, suppress 0 in 2.1e-05 s
  shortest_edge_between_terminals: 0 edges in 0 s
Compressed graph 19062 -> 19046
Compressed graph 19046 -> 19046
>>> save_orig_graph
>> Saved weight 0
### ZEL_LVL=0 PRECISE_STARS=1

Calling `contract_till_the_bitter_end`
|V| = 19046, |E| = 35578, |R| = 24
>>> get_solution
>>> get_solution
  refine_solution: new weight 25623 (was 25631) in 0.003785 s
  refine_solution: new weight 25623 (was 25623) in 0.00351 s
0,,19046,35578,24,,0,0,,25631,25623,0,0,0,,0,0,@@

  delete_edges: deleted 14 edges in 0.00766 s and 3 rounds
  handle_small_Steiner_degrees: steiner 0, suppress 18 in 3.9e-05 s
Starting round 1
Found 18 isolated vertices
Invalid ratios recomputed: 19028
Best ratio is 312/1 (312.0), centered at 2747
Finding the best star... Star with 2 terminals centered in 8541
round took: 16.8281 s
|V| = 19046, |E| = 35537, |R| = 23
>>> get_solution
>>> get_solution
  refine_solution: new weight 25559 (was 25567) in 0.003743 s
  refine_solution: new weight 25559 (was 25559) in 0.003494 s
1,,19028,35537,23,,19028,115149089,,25567,25559,312,312,312,,312,2,@@

  handle_small_Steiner_degrees: steiner 0, suppress 1 in 2.8e-05 s
Starting round 2
Found 27 isolated vertices
Invalid ratios recomputed: 15993
Best ratio is 394/1 (394.0), centered at 916
Finding the best star... Star with 2 terminals centered in 5971
round took: 16.5334 s
|V| = 19046, |E| = 35524, |R| = 22
>>> get_solution
>>> get_solution
  refine_solution: new weight 25559 (was 25567) in 0.003836 s
  refine_solution: new weight 25559 (was 25559) in 0.003498 s
2,,19019,35524,22,,15993,112983243,,25567,25559,706,706,706,,394,2,@@

  handle_small_Steiner_degrees: steiner 0, suppress 0 in 2.7e-05 s
Starting round 3
Found 38 isolated vertices
Invalid ratios recomputed: 13968
Best ratio is 513/1 (513.0), centered at 240
Finding the best star... Star with 2 terminals centered in 14612
round took: 15.5097 s
|V| = 19046, |E| = 35511, |R| = 21
>>> get_solution
>>> get_solution
  refine_solution: new weight 25559 (was 25567) in 0.003742 s
  refine_solution: new weight 25559 (was 25559) in 0.003501 s
3,,19008,35511,21,,13968,106116311,,25567,25559,1219,1219,1219,,513,2,@@

  handle_small_Steiner_degrees: steiner 0, suppress 1 in 2.4e-05 s
Starting round 4
Found 51 isolated vertices
Invalid ratios recomputed: 15133
Best ratio is 685/1 (685.0), centered at 218
Finding the best star... Star with 2 terminals centered in 8541
round took: 17.7155 s
|V| = 19046, |E| = 35492, |R| = 20
>>> get_solution
>>> get_solution
  refine_solution: new weight 25559 (was 25567) in 0.003719 s
  refine_solution: new weight 25559 (was 25559) in 0.003498 s
4,,18995,35492,20,,15133,120694262,,25567,25559,1904,1904,1904,,685,2,@@

  handle_small_Steiner_degrees: steiner 0, suppress 1 in 2.4e-05 s
Starting round 5
Found 66 isolated vertices
Invalid ratios recomputed: 17195
Best ratio is 688/1 (688.0), centered at 223
Finding the best star... Star with 2 terminals centered in 10496
round took: 19.6357 s
|V| = 19046, |E| = 35469, |R| = 19
>>> get_solution
>>> get_solution
  refine_solution: new weight 25531 (was 25545) in 0.003722 s
  refine_solution: new weight 25531 (was 25531) in 0.003474 s
5,,18980,35469,19,,17195,133726874,,25545,25531,2592,2592,2592,,688,2,@@

  handle_small_Steiner_degrees: steiner 0, suppress 1 in 2.8e-05 s
Starting round 6
Found 84 isolated vertices
Invalid ratios recomputed: 17177
Best ratio is 692/1 (692.0), centered at 1586
Finding the best star... Star with 2 terminals centered in 3044
round took: 20.8104 s
|V| = 19046, |E| = 35453, |R| = 18
>>> get_solution
>>> get_solution
  refine_solution: new weight 25429 (was 25443) in 0.003719 s
  refine_solution: new weight 25429 (was 25429) in 0.003622 s
6,,18962,35453,18,,17177,141631463,,25443,25429,3284,3284,3284,,692,2,@@

  handle_small_Steiner_degrees: steiner 0, suppress 0 in 2.1e-05 s
Starting round 7
Found 99 isolated vertices
Invalid ratios recomputed: 17916
Best ratio is 886/1 (886.0), centered at 773
Finding the best star... Star with 2 terminals centered in 14612
round took: 22.558 s
|V| = 19046, |E| = 35429, |R| = 17
>>> get_solution
>>> get_solution
  refine_solution: new weight 25429 (was 25443) in 0.003723 s
  refine_solution: new weight 25429 (was 25429) in 0.003498 s
7,,18947,35429,17,,17916,152918233,,25443,25429,4170,4170,4170,,886,2,@@

  handle_small_Steiner_degrees: steiner 0, suppress 0 in 2.8e-05 s
Starting round 8
Found 120 isolated vertices
Invalid ratios recomputed: 17737
Best ratio is 926/1 (926.0), centered at 2070
Finding the best star... Star with 2 terminals centered in 3044
round took: 23.1234 s
|V| = 19046, |E| = 35406, |R| = 16
>>> get_solution
>>> get_solution
  refine_solution: new weight 25403 (was 25409) in 0.003736 s
  refine_solution: new weight 25395 (was 25403) in 0.003627 s
  refine_solution: new weight 25395 (was 25395) in 0.003503 s
8,,18926,35406,16,,17737,156353639,,25409,25395,5096,5096,5096,,926,2,@@

  handle_small_Steiner_degrees: steiner 0, suppress 2 in 3.7e-05 s
Starting round 9
Found 141 isolated vertices
Invalid ratios recomputed: 17874
Best ratio is 993/1 (993.0), centered at 317
Finding the best star... Star with 2 terminals centered in 10017
round took: 23.8102 s
|V| = 19046, |E| = 35375, |R| = 15
>>> get_solution
>>> get_solution
  refine_solution: new weight 25403 (was 25409) in 0.003753 s
  refine_solution: new weight 25395 (was 25403) in 0.003526 s
  refine_solution: new weight 25395 (was 25395) in 0.003519 s
9,,18905,35375,15,,17874,160653553,,25409,25395,6089,6089,6089,,993,2,@@

  handle_small_Steiner_degrees: steiner 0, suppress 3 in 4.1e-05 s
Starting round 10
Found 167 isolated vertices
Invalid ratios recomputed: 17857
Best ratio is 1001/1 (1001.0), centered at 41
Finding the best star... Star with 2 terminals centered in 14870
round took: 25.206 s
|V| = 19046, |E| = 35347, |R| = 14
>>> get_solution
>>> get_solution
  refine_solution: new weight 25177 (was 25191) in 0.00377 s
  refine_solution: new weight 25177 (was 25177) in 0.003537 s
10,,18879,35347,14,,17857,164642217,,25191,25177,7090,7090,7090,,1001,2,@@

  handle_small_Steiner_degrees: steiner 0, suppress 0 in 2.4e-05 s
Starting round 11
Found 187 isolated vertices
Invalid ratios recomputed: 17837
Best ratio is 1051/1 (1051.0), centered at 416
Finding the best star... Star with 2 terminals centered in 14662
round took: 25.2813 s
|V| = 19046, |E| = 35325, |R| = 13
>>> get_solution
>>> get_solution
  refine_solution: new weight 25177 (was 25191) in 0.003786 s
  refine_solution: new weight 25177 (was 25177) in 0.003545 s
11,,18859,35325,13,,17837,168253220,,25191,25177,8141,8141,8141,,1051,2,@@

  handle_small_Steiner_degrees: steiner 0, suppress 0 in 2.3e-05 s
Starting round 12
Found 206 isolated vertices
Invalid ratios recomputed: 17312
Best ratio is 1057/1 (1057.0), centered at 1334
Finding the best star... Star with 2 terminals centered in 10496
round took: 25.6297 s
|V| = 19046, |E| = 35298, |R| = 12
>>> get_solution
>>> get_solution
  refine_solution: new weight 25177 (was 25191) in 0.00374 s
  refine_solution: new weight 25177 (was 25177) in 0.003546 s
12,,18840,35298,12,,17312,170065543,,25191,25177,9198,9198,9198,,1057,2,@@

  handle_small_Steiner_degrees: steiner 0, suppress 1 in 3.4e-05 s
Starting round 13
Found 232 isolated vertices
Invalid ratios recomputed: 18619
Best ratio is 2165/2 (1082.5), centered at 1192
Finding the best star... Star with 3 terminals centered in 14870
round took: 27.0235 s
|V| = 19046, |E| = 35246, |R| = 10
>>> get_solution
>>> get_solution
  refine_solution: new weight 24843 (was 24849) in 0.003806 s
  refine_solution: new weight 24843 (was 24843) in 0.003489 s
13,,18814,35246,10,,18619,179558819,,24849,24843,11363,11363,11363,,2165,3,@@

  handle_small_Steiner_degrees: steiner 0, suppress 0 in 2.4e-05 s
Starting round 14
Found 278 isolated vertices
Invalid ratios recomputed: 18698
Best ratio is 2244/2 (1122.0), centered at 163
Finding the best star... Star with 3 terminals centered in 11807
round took: 28.3838 s
|V| = 19046, |E| = 35194, |R| = 8
>>> get_solution
>>> get_solution
  refine_solution: new weight 24395 (was 24401) in 0.003722 s
  refine_solution: new weight 24395 (was 24395) in 0.003467 s
14,,18768,35194,8,,18698,188728911,,24401,24395,13607,13607,13607,,2244,3,@@

  handle_small_Steiner_degrees: steiner 0, suppress 2 in 4.1e-05 s
Starting round 15
Found 322 isolated vertices
Invalid ratios recomputed: 18606
Best ratio is 1124/1 (1124.0), centered at 1990
Finding the best star... Star with 2 terminals centered in 14870
round took: 32.3281 s
|V| = 19046, |E| = 35162, |R| = 7
>>> get_solution
>>> get_solution
  refine_solution: new weight 24395 (was 24401) in 0.003716 s
  refine_solution: new weight 24395 (was 24395) in 0.003526 s
15,,18724,35162,7,,18606,214379533,,24401,24395,14731,14731,14731,,1124,2,@@

  handle_small_Steiner_degrees: steiner 0, suppress 2 in 2.8e-05 s
Starting round 16
Found 348 isolated vertices
Invalid ratios recomputed: 18510
Best ratio is 1149/1 (1149.0), centered at 697
Finding the best star... Star with 2 terminals centered in 14870
round took: 34.788 s
|V| = 19046, |E| = 35131, |R| = 6
>>> get_solution
>>> get_solution
  refine_solution: new weight 24395 (was 24401) in 0.003728 s
  refine_solution: new weight 24395 (was 24395) in 0.003482 s
16,,18698,35131,6,,18510,230856943,,24401,24395,15880,15880,15880,,1149,2,@@

  handle_small_Steiner_degrees: steiner 0, suppress 0 in 2.1e-05 s
Starting round 17
Found 373 isolated vertices
Invalid ratios recomputed: 18485
Best ratio is 1283/1 (1283.0), centered at 164
Finding the best star... Star with 2 terminals centered in 11807
round took: 39.836 s
|V| = 19046, |E| = 35103, |R| = 5
>>> get_solution
>>> get_solution
  refine_solution: new weight 24395 (was 24401) in 0.003697 s
  refine_solution: new weight 24395 (was 24395) in 0.003476 s
17,,18673,35103,5,,18485,264013922,,24401,24395,17163,17163,17163,,1283,2,@@

  handle_small_Steiner_degrees: steiner 0, suppress 0 in 2.2e-05 s
Starting round 18
Found 395 isolated vertices
Invalid ratios recomputed: 18314
Best ratio is 1366/1 (1366.0), centered at 79
Finding the best star... Star with 2 terminals centered in 14870
round took: 45.7043 s
|V| = 19046, |E| = 35057, |R| = 4
>>> get_solution
>>> get_solution
  refine_solution: new weight 24395 (was 24401) in 0.0037 s
  refine_solution: new weight 24395 (was 24395) in 0.003475 s
18,,18651,35057,4,,18314,302092827,,24401,24395,18529,18529,18529,,1366,2,@@

  handle_small_Steiner_degrees: steiner 0, suppress 1 in 2.5e-05 s
Starting round 19
Found 432 isolated vertices
Invalid ratios recomputed: 18390
Best ratio is 1740/1 (1740.0), centered at 243
Finding the best star... Star with 2 terminals centered in 11807
round took: 52.8698 s
|V| = 19046, |E| = 35014, |R| = 3
>>> get_solution
>>> get_solution
  refine_solution: new weight 24395 (was 24401) in 0.003717 s
  refine_solution: new weight 24395 (was 24395) in 0.003471 s
19,,18614,35014,3,,18390,346788902,,24401,24395,20269,20269,20269,,1740,2,@@

  handle_small_Steiner_degrees: steiner 0, suppress 3 in 4e-05 s
Starting round 20
Found 469 isolated vertices
Invalid ratios recomputed: 18577
Best ratio is 1859/1 (1859.0), centered at 867
Finding the best star... Star with 2 terminals centered in 14662
round took: 55.6051 s
|V| = 19046, |E| = 34966, |R| = 2
>>> get_solution
>>> get_solution
  refine_solution: new weight 24395 (was 24401) in 0.003682 s
  refine_solution: new weight 24395 (was 24395) in 0.003464 s
20,,18577,34966,2,,18577,366552680,,24401,24395,22128,22128,22128,,1859,2,@@

  handle_small_Steiner_degrees: steiner 0, suppress 6 in 4.8e-05 s
Starting round 21
Found 514 isolated vertices
Invalid ratios recomputed: 18532
Best ratio is 2273/1 (2273.0), centered at 11
Finding the best star... Star with 2 terminals centered in 14662
round took: 57.2869 s
|V| = 19046, |E| = 34901, |R| = 1
>>> get_solution
>>> get_solution
  refine_solution: new weight 24395 (was 24401) in 0.003673 s
  refine_solution: new weight 24395 (was 24395) in 0.003467 s
21,,18532,34901,1,,18532,376577831,,24401,24395,24401,24401,24401,,2273,2,@@

  handle_small_Steiner_degrees: steiner 0, suppress 1 in 2.5e-05 s
contract_till_the_bitter_end: 626.967 s

Calling end_heu
>>> get_solution
Saved weight 0
end_heu: 0 loops with 0 unique solutions in 0.000239 s

Calling print_solution
>>> get_solution
  refine_solution: new weight 24395 (was 24401) in 0.003528 s
Oops orig weight was 24401 but we got 24395
## FINAL WEIGHT 24395
print_solution: 0.009175 s
