Version: final-94-gfffc3aa rub_all.sh: remove longest prefix
Random seed: 1550777343
Start
>>> save_orig_graph
>> Saved weight 0
Graph loaded
|V| = 321, |E| = 10208, |R| = 80
First clearance of the input. Calling buy_zero and run_all_heuristics.
  buy_zero: 0 zero edges in 1.1e-05 s
  handle_small_terminal_degrees: terms 0 in 0 s
  handle_small_Steiner_degrees: steiner 0, suppress 0 in 0 s
  shortest_edge_between_terminals: 0 edges in 1.3e-05 s
Compressed graph 321 -> 320
  delete_edges: deleted 0 edges in 0.010801 s and 1 rounds
  handle_small_terminal_degrees: terms 0 in 0 s
  handle_small_Steiner_degrees: steiner 0, suppress 0 in 1e-06 s
  shortest_edge_between_terminals: 0 edges in 1.3e-05 s
Compressed graph 320 -> 320
  delete_edges_shortest_path: deleted 0 edges in 0.027713 s
  handle_small_terminal_degrees: terms 0 in 0 s
  handle_small_Steiner_degrees: steiner 0, suppress 0 in 1e-06 s
  shortest_edge_between_terminals: 0 edges in 1.3e-05 s
Compressed graph 320 -> 320
  handle_small_terminal_degrees: terms 0 in 0 s
  handle_small_Steiner_degrees: steiner 0, suppress 0 in 0 s
  shortest_edge_between_terminals: 0 edges in 1.3e-05 s
Compressed graph 320 -> 320
  delete_edges_shortest_path: deleted 0 edges in 0.027656 s
  handle_small_terminal_degrees: terms 0 in 0 s
  handle_small_Steiner_degrees: steiner 0, suppress 0 in 1e-06 s
  shortest_edge_between_terminals: 0 edges in 1.3e-05 s
Compressed graph 320 -> 320
Compressed graph 320 -> 320
>>> save_orig_graph
>> Saved weight 0
### ZEL_LVL=9 PRECISE_STARS=0

Calling `contract_till_the_bitter_end`
|V| = 320, |E| = 10208, |R| = 80
>> 32 (298: 3 6 3) (0.005482 s)
>> 29 (131: 60 61 60) (0.005291 s)
>> 27 (162: 22 25 22) (0.005211 s)
>> 27 (107: 2 21 2) (0.005107 s)
>> 24 (98: 7 40 7) (0.004976 s)
>> 24 (200: 28 54 28) (0.004824 s)
>> 24 (285: 12 31 12) (0.004763 s)
>> 22 (191: 53 74 53) (0.004722 s)
>> 21 (273: 15 33 15) (0.004551 s)
>> 20 (176: 10 37 10) (0.004491 s)
>> 20 (302: 14 50 14) (0.004446 s)
>> 22 (253: 17 35 17) (0.00436 s)
>> 22 (103: 23 73 23) (0.004257 s)
>> 22 (82: 20 24 20) (0.004085 s)
>> 21 (82: 30 34 30) (0.003982 s)
>> 21 (194: 32 47 32) (0.003827 s)
>> 20 (280: 18 42 18) (0.003746 s)
>> 19 (157: 4 13 4) (0.003647 s)
>> 19 (82: 58 62 58) (0.003548 s)
>> 20 (188: 44 63 44) (0.003394 s)
>> 18 (263: 8 27 8) (0.003288 s)
>> 19 (177: 43 57 43) (0.00323 s)
>> 20 (129: 16 26 16) (0.003117 s)
>> 19 (101: 0 45 0) (0.002997 s)
>> 0 (-1: -1 -1 -1) (0.002523 s)
Zelikovsky 0.161611 s
>> 32 (298: 3 23 6) (0.041219 s)
>> 101 (162: 3 73 25) (0.039711 s)
>> 97 (191: 3 74 53) (0.038881 s)
>> 94 (189: 3 66 28) (0.038246 s)
>> 94 (230: 3 57 42) (0.037612 s)
>> 95 (182: 3 72 39) (0.036964 s)
>> 90 (110: 3 69 50) (0.03646 s)
>> 90 (260: 3 45 12) (0.036103 s)
>> 88 (263: 3 40 8) (0.035666 s)
>> 83 (209: 3 77 62) (0.03507 s)
>> 76 (160: 3 43 35) (0.034663 s)
>> 8 (212: 3 41 18) (0.034159 s)
>> 0 (-1: -1 -1 -1) (0.033952 s)
Zelikovsky- 0.482973 s
>>> get_solution
  refine_solution: new weight 16603 (was 16603) in 0.001716 s
>>> get_solution
  refine_solution: new weight 23050 (was 23050) in 0.002631 s
0,,320,10208,80,,0,0,,23050,23050,17320,16603,16603,,0,0,@@

  delete_edges: deleted 0 edges in 0.010781 s and 1 rounds
  handle_small_Steiner_degrees: steiner 0, suppress 0 in 1e-06 s
Starting round 1
Found 0 isolated vertices
Invalid ratios recomputed: 320
Best ratio is 4545/22 (206.6), centered at 125
Finding the best star... Star with 23 terminals centered in 8
round took: 0.023947 s
|V| = 320, |E| = 9042, |R| = 58
>> 99 (260: 8 45 8) (0.002019 s)
>> 27 (103: 3 73 3) (0.002886 s)
>> 24 (131: 26 60 26) (0.002789 s)
>> 24 (191: 13 53 13) (0.002716 s)
>> 26 (176: 10 37 10) (0.002651 s)
>> 22 (273: 15 33 15) (0.002581 s)
>> 20 (194: 9 47 9) (0.002517 s)
>> 19 (85: 6 18 6) (0.002372 s)
>> 17 (263: 2 40 2) (0.002296 s)
>> 19 (177: 4 43 4) (0.002232 s)
>> 19 (217: 1 29 1) (0.00211 s)
>> 20 (177: 34 67 34) (0.002025 s)
>> 17 (103: 24 54 24) (0.001949 s)
>> 19 (214: 11 31 11) (0.00187 s)
>> 19 (236: 20 49 20) (0.001778 s)
>> 16 (145: 27 41 27) (0.001705 s)
>> 15 (128: 19 51 19) (0.00163 s)
>> 14 (144: 5 16 5) (0.001542 s)
>> 16 (229: 42 50 42) (0.001475 s)
>> 14 (253: 35 63 35) (0.001404 s)
>> 12 (85: 52 58 52) (0.001307 s)
>> 92 (174: 0 61 0) (0.001236 s)
>> 0 (-1: -1 -1 -1) (0.00108 s)
Zelikovsky 0.082691 s
>> 99 (260: 8 54 45) (0.028926 s)
>> 97 (161: 8 52 49) (0.028154 s)
>> 99 (250: 8 34 33) (0.027661 s)
>> 95 (107: 8 21 2) (0.0274 s)
>> 93 (157: 8 13 4) (0.027149 s)
>> 92 (114: 8 78 16) (0.026802 s)
>> 89 (111: 8 46 18) (0.026557 s)
>> 87 (165: 8 22 11) (0.02628 s)
>> 86 (237: 8 42 1) (0.026148 s)
>> 19 (122: 8 31 15) (0.025906 s)
>> 0 (-1: -1 -1 -1) (0.025685 s)
Zelikovsky- 0.300008 s
>>> get_solution
  refine_solution: new weight 16548 (was 16608) in 0.001621 s
  refine_solution: new weight 16548 (was 16548) in 0.001621 s
>>> get_solution
  refine_solution: new weight 16907 (was 19013) in 0.001731 s
  refine_solution: new weight 16907 (was 16907) in 0.001712 s
1,,320,9042,58,,320,0,,19013,16907,17453,16608,16548,,4545,23,@@

  handle_small_Steiner_degrees: steiner 0, suppress 0 in 1e-06 s
Starting round 2
Found 23 isolated vertices
Invalid ratios recomputed: 285
Best ratio is 3061/15 (204.1), centered at 280
Finding the best star... Star with 16 terminals centered in 8
round took: 0.019804 s
|V| = 320, |E| = 8074, |R| = 43
>> 98 (220: 4 8 4) (0.001012 s)
>> 26 (273: 15 33 15) (0.001639 s)
>> 24 (191: 13 53 13) (0.001576 s)
>> 24 (311: 0 31 0) (0.001539 s)
>> 0 (-1: -1 -1 -1) (0.001175 s)
Zelikovsky 0.032416 s
>> 98 (220: 8 27 4) (0.022512 s)
>> 98 (111: 8 61 46) (0.022168 s)
>> 96 (311: 8 37 29) (0.02192 s)
>> 92 (228: 8 66 22) (0.02176 s)
>> 91 (121: 8 56 13) (0.02154 s)
>> 91 (191: 8 76 53) (0.021425 s)
>> 81 (182: 8 72 34) (0.021242 s)
>> 5 (110: 8 50 2) (0.021128 s)
>> 0 (-1: -1 -1 -1) (0.020955 s)
Zelikovsky- 0.197215 s
>>> get_solution
  refine_solution: new weight 16500 (was 16601) in 0.001558 s
  refine_solution: new weight 16500 (was 16500) in 0.001546 s
>>> get_solution
  refine_solution: new weight 17241 (was 18794) in 0.001335 s
  refine_solution: new weight 17241 (was 17241) in 0.001333 s
2,,297,8074,43,,285,0,,18794,17241,17351,16601,16500,,3061,16,@@

  handle_small_Steiner_degrees: steiner 0, suppress 0 in 1e-06 s
Starting round 3
Found 39 isolated vertices
Invalid ratios recomputed: 276
Best ratio is 2260/11 (205.5), centered at 107
Finding the best star... Star with 12 terminals centered in 8
round took: 0.017766 s
|V| = 320, |E| = 7413, |R| = 32
>> 98 (245: 0 8 0) (0.00055 s)
>> 0 (-1: -1 -1 -1) (0.000813 s)
Zelikovsky 0.021516 s
>> 98 (245: 8 52 0) (0.018655 s)
>> 95 (82: 8 24 20) (0.018479 s)
>> 92 (92: 8 56 46) (0.018345 s)
>> 90 (157: 8 13 4) (0.018236 s)
>> 87 (182: 8 72 31) (0.01817 s)
>> 77 (316: 8 33 22) (0.017984 s)
>> 0 (-1: -1 -1 -1) (0.017939 s)
Zelikovsky- 0.129821 s
>>> get_solution
  refine_solution: new weight 16410 (was 16535) in 0.001505 s
  refine_solution: new weight 16410 (was 16410) in 0.001488 s
>>> get_solution
  refine_solution: new weight 16972 (was 18047) in 0.001299 s
  refine_solution: new weight 16846 (was 16972) in 0.001354 s
  refine_solution: new weight 16846 (was 16846) in 0.00135 s
3,,281,7413,32,,276,0,,18047,16846,17421,16535,16410,,2260,12,@@

  handle_small_Steiner_degrees: steiner 0, suppress 0 in 1e-06 s
Starting round 4
Found 51 isolated vertices
Invalid ratios recomputed: 267
Best ratio is 2460/12 (205.0), centered at 136
Finding the best star... Star with 13 terminals centered in 8
round took: 0.016336 s
|V| = 320, |E| = 6743, |R| = 20
>> 95 (138: 8 33 8) (0.00026 s)
>> 9 (121: 13 56 13) (0.000529 s)
>> 0 (-1: -1 -1 -1) (0.000475 s)
Zelikovsky 0.017939 s
>> 95 (138: 8 66 33) (0.015338 s)
>> 94 (302: 8 56 50) (0.015249 s)
>> 91 (86: 8 20 0) (0.015175 s)
>> 88 (308: 8 78 53) (0.015101 s)
>> 15 (129: 8 16 13) (0.015065 s)
>> 0 (-1: -1 -1 -1) (0.015036 s)
Zelikovsky- 0.092587 s
>>> get_solution
  refine_solution: new weight 16419 (was 16533) in 0.001502 s
  refine_solution: new weight 16419 (was 16419) in 0.001485 s
>>> get_solution
  refine_solution: new weight 17020 (was 17254) in 0.00125 s
  refine_solution: new weight 16821 (was 17020) in 0.001296 s
  refine_solution: new weight 16821 (was 16821) in 0.001297 s
4,,269,6743,20,,267,0,,17254,16821,16970,16533,16419,,2460,13,@@

  handle_small_Steiner_degrees: steiner 0, suppress 0 in 0 s
Starting round 5
Found 64 isolated vertices
Invalid ratios recomputed: 256
Best ratio is 206/1 (206.0), centered at 8
Finding the best star... Star with 2 terminals centered in 8
round took: 0.014699 s
|V| = 320, |E| = 6680, |R| = 19
>> 95 (138: 8 33 8) (0.000243 s)
>> 0 (-1: -1 -1 -1) (0.000494 s)
Zelikovsky 0.016999 s
>> 95 (138: 8 66 33) (0.01502 s)
>> 94 (302: 8 56 50) (0.014966 s)
>> 91 (86: 8 20 0) (0.014903 s)
>> 88 (308: 8 78 53) (0.014896 s)
>> 6 (216: 8 16 15) (0.014804 s)
>> 0 (-1: -1 -1 -1) (0.014822 s)
Zelikovsky- 0.091032 s
>>> get_solution
  refine_solution: new weight 16430 (was 16534) in 0.001501 s
  refine_solution: new weight 16430 (was 16430) in 0.001486 s
>>> get_solution
  refine_solution: new weight 17020 (was 17254) in 0.001247 s
  refine_solution: new weight 16821 (was 17020) in 0.001293 s
  refine_solution: new weight 16821 (was 16821) in 0.001292 s
5,,256,6680,19,,256,0,,17254,16821,17080,16534,16430,,206,2,@@

  handle_small_Steiner_degrees: steiner 0, suppress 0 in 0 s
Starting round 6
Found 65 isolated vertices
Invalid ratios recomputed: 255
Best ratio is 414/2 (207.0), centered at 8
Finding the best star... Star with 3 terminals centered in 8
round took: 0.014601 s
|V| = 320, |E| = 6574, |R| = 17
>> 95 (138: 8 33 8) (0.000217 s)
>> 0 (-1: -1 -1 -1) (0.000433 s)
Zelikovsky 0.016442 s
>> 95 (138: 8 66 33) (0.014563 s)
>> 94 (302: 8 56 50) (0.014536 s)
>> 91 (86: 8 20 0) (0.0145 s)
>> 88 (308: 8 78 53) (0.014478 s)
>> 0 (-1: -1 -1 -1) (0.01445 s)
Zelikovsky- 0.074017 s
>>> get_solution
  refine_solution: new weight 16452 (was 16554) in 0.001451 s
  refine_solution: new weight 16452 (was 16452) in 0.001428 s
>>> get_solution
  refine_solution: new weight 17020 (was 17254) in 0.00125 s
  refine_solution: new weight 16821 (was 17020) in 0.001294 s
  refine_solution: new weight 16821 (was 16821) in 0.001288 s
6,,255,6574,17,,255,0,,17254,16821,17080,16554,16452,,414,3,@@

  handle_small_Steiner_degrees: steiner 0, suppress 0 in 0 s
Starting round 7
Found 67 isolated vertices
Invalid ratios recomputed: 253
Best ratio is 208/1 (208.0), centered at 8
Finding the best star... Star with 2 terminals centered in 8
round took: 0.014393 s
|V| = 320, |E| = 6523, |R| = 16
>> 95 (138: 8 33 8) (0.000205 s)
>> 0 (-1: -1 -1 -1) (0.00041 s)
Zelikovsky 0.016199 s
>> 95 (138: 8 66 33) (0.014373 s)
>> 94 (302: 8 56 50) (0.014357 s)
>> 91 (86: 8 20 0) (0.014324 s)
>> 88 (308: 8 78 53) (0.014313 s)
>> 0 (-1: -1 -1 -1) (0.014269 s)
Zelikovsky- 0.073102 s
>>> get_solution
  refine_solution: new weight 16452 (was 16564) in 0.001444 s
  refine_solution: new weight 16452 (was 16452) in 0.001431 s
>>> get_solution
  refine_solution: new weight 17020 (was 17254) in 0.001248 s
  refine_solution: new weight 16821 (was 17020) in 0.001292 s
  refine_solution: new weight 16821 (was 16821) in 0.001292 s
7,,253,6523,16,,253,0,,17254,16821,17080,16564,16452,,208,2,@@

  handle_small_Steiner_degrees: steiner 0, suppress 0 in 1e-06 s
Starting round 8
Found 68 isolated vertices
Invalid ratios recomputed: 252
Best ratio is 1472/7 (210.3), centered at 86
Finding the best star... Star with 8 terminals centered in 8
round took: 0.014435 s
|V| = 320, |E| = 6122, |R| = 9
>> 94 (260: 8 45 8) (0.000124 s)
>> 0 (-1: -1 -1 -1) (0.000249 s)
Zelikovsky 0.014314 s
>> 94 (260: 8 66 45) (0.012862 s)
>> 88 (308: 8 78 53) (0.012888 s)
>> 86 (129: 8 56 16) (0.012875 s)
>> 0 (-1: -1 -1 -1) (0.012891 s)
Zelikovsky- 0.052754 s
>>> get_solution
  refine_solution: new weight 16431 (was 16555) in 0.001426 s
  refine_solution: new weight 16431 (was 16431) in 0.001409 s
>>> get_solution
  refine_solution: new weight 16854 (was 16904) in 0.001263 s
  refine_solution: new weight 16854 (was 16854) in 0.001248 s
8,,252,6122,9,,252,0,,16904,16854,16805,16555,16431,,1472,8,@@

  handle_small_Steiner_degrees: steiner 0, suppress 0 in 1e-06 s
Starting round 9
Found 76 isolated vertices
Invalid ratios recomputed: 244
Best ratio is 892/4 (223.0), centered at 258
Finding the best star... Star with 5 terminals centered in 8
round took: 0.013348 s
|V| = 320, |E| = 5904, |R| = 5
>> 83 (110: 8 50 8) (9.7e-05 s)
>> 0 (-1: -1 -1 -1) (0.000167 s)
Zelikovsky 0.013456 s
>> 83 (110: 8 66 50) (0.012165 s)
>> 78 (134: 8 53 4) (0.012176 s)
Zelikovsky- 0.025429 s
>>> get_solution
  refine_solution: new weight 16352 (was 16494) in 0.001413 s
  refine_solution: new weight 16352 (was 16352) in 0.001401 s
>>> get_solution
  refine_solution: new weight 16584 (was 16655) in 0.001322 s
  refine_solution: new weight 16584 (was 16584) in 0.001311 s
9,,244,5904,5,,244,0,,16655,16584,16572,16494,16352,,892,5,@@

  handle_small_Steiner_degrees: steiner 0, suppress 0 in 0 s
Starting round 10
Found 81 isolated vertices
Invalid ratios recomputed: 239
Best ratio is 702/3 (234.0), centered at 157
Finding the best star... Star with 4 terminals centered in 8
round took: 0.012567 s
|V| = 320, |E| = 5723, |R| = 2
Zelikovsky 0.012466 s
Zelikovsky- 0.00085 s
>>> get_solution
  refine_solution: new weight 16368 (was 16498) in 0.00137 s
  refine_solution: new weight 16368 (was 16368) in 0.001362 s
>>> get_solution
  refine_solution: new weight 16368 (was 16498) in 0.001359 s
  refine_solution: new weight 16368 (was 16368) in 0.001356 s
10,,239,5723,2,,239,0,,16498,16368,16498,16498,16368,,702,4,@@

  handle_small_Steiner_degrees: steiner 0, suppress 0 in 1e-06 s
Starting round 11
Found 85 isolated vertices
Invalid ratios recomputed: 235
Best ratio is 278/1 (278.0), centered at 8
Finding the best star... Star with 2 terminals centered in 50
round took: 0.011757 s
|V| = 320, |E| = 5622, |R| = 1
Zelikovsky 0.012203 s
Zelikovsky- 0.000833 s
>>> get_solution
  refine_solution: new weight 16368 (was 16498) in 0.001382 s
  refine_solution: new weight 16368 (was 16368) in 0.001356 s
>>> get_solution
  refine_solution: new weight 16368 (was 16498) in 0.001363 s
  refine_solution: new weight 16368 (was 16368) in 0.00135 s
11,,235,5622,1,,235,0,,16498,16368,16498,16498,16368,,278,2,@@

  handle_small_Steiner_degrees: steiner 0, suppress 0 in 1e-06 s
contract_till_the_bitter_end: 2.23445 s

Calling end_heu
>>> get_solution
Saved weight 0
end_heu: 0 loops with 0 unique solutions in 2.4e-05 s

Calling print_solution
>>> get_solution
  refine_solution: new weight 16368 (was 16498) in 0.001357 s
Oops orig weight was 16498 but we got 16368
## FINAL WEIGHT 16368
print_solution: 0.002814 s
