Version: final-94-gfffc3aa rub_all.sh: remove longest prefix
Random seed: 1550085181
Start
>>> save_orig_graph
>> Saved weight 0
Graph loaded
|V| = 667, |E| = 221445, |R| = 174
First clearance of the input. Calling buy_zero and run_all_heuristics.
  buy_zero: 0 zero edges in 0.000746 s
  handle_small_terminal_degrees: terms 0 in 1e-06 s
  handle_small_Steiner_degrees: steiner 0, suppress 0 in 2e-06 s
  shortest_edge_between_terminals: 70 edges in 0.087794 s
  handle_small_terminal_degrees: terms 0 in 0 s
  handle_small_Steiner_degrees: steiner 0, suppress 0 in 2e-06 s
  shortest_edge_between_terminals: 6 edges in 0.010613 s
  handle_small_terminal_degrees: terms 0 in 1e-06 s
  handle_small_Steiner_degrees: steiner 0, suppress 0 in 2e-06 s
  shortest_edge_between_terminals: 0 edges in 0.000499 s
Compressed graph 667 -> 612
  delete_edges: deleted 121770 edges in 181.584 s and 548 rounds
  handle_small_terminal_degrees: terms 0 in 1e-06 s
  handle_small_Steiner_degrees: steiner 0, suppress 0 in 2e-06 s
  shortest_edge_between_terminals: 0 edges in 0.000133 s
Compressed graph 612 -> 612
  delete_edges_shortest_path: deleted 24810 edges in 0.300624 s
  handle_small_terminal_degrees: terms 0 in 0 s
  handle_small_Steiner_degrees: steiner 0, suppress 0 in 2e-06 s
  shortest_edge_between_terminals: 0 edges in 6.1e-05 s
Compressed graph 612 -> 612
  handle_small_terminal_degrees: terms 0 in 1e-06 s
  handle_small_Steiner_degrees: steiner 0, suppress 0 in 2e-06 s
  shortest_edge_between_terminals: 1 edges in 0.000166 s
  handle_small_terminal_degrees: terms 0 in 1e-06 s
  handle_small_Steiner_degrees: steiner 0, suppress 0 in 1e-06 s
  shortest_edge_between_terminals: 0 edges in 5.4e-05 s
Compressed graph 612 -> 597
  delete_edges_shortest_path: deleted 6647 edges in 0.185254 s
  handle_small_terminal_degrees: terms 0 in 1e-06 s
  handle_small_Steiner_degrees: steiner 0, suppress 0 in 2e-06 s
  shortest_edge_between_terminals: 0 edges in 4.6e-05 s
Compressed graph 597 -> 597
Compressed graph 597 -> 597
>>> save_orig_graph
>> Saved weight 30977
### ZEL_LVL=0 PRECISE_STARS=1

Calling `contract_till_the_bitter_end`
|V| = 597, |E| = 32366, |R| = 106
>>> get_solution
>>> get_solution
  refine_solution: new weight 123139 (was 123139) in 0.003937 s
0,,597,32366,106,,0,0,,123139,123139,30977,30977,30977,,0,0,@@

  delete_edges: deleted 0 edges in 0.051169 s and 1 rounds
  handle_small_Steiner_degrees: steiner 0, suppress 0 in 2e-06 s
Starting round 1
Found 0 isolated vertices
Invalid ratios recomputed: 597
Best ratio is 176/1 (176.0), centered at 235
Finding the best star... Star with 2 terminals centered in 241
round took: 0.03384 s
|V| = 597, |E| = 32265, |R| = 105
>>> get_solution
>>> get_solution
  refine_solution: new weight 123139 (was 123139) in 0.003902 s
1,,597,32265,105,,597,0,,123139,123139,31153,31153,31153,,176,2,@@

  handle_small_Steiner_degrees: steiner 0, suppress 0 in 2e-06 s
Starting round 2
Found 1 isolated vertices
Invalid ratios recomputed: 307
Best ratio is 176/1 (176.0), centered at 443
Finding the best star... Star with 2 terminals centered in 446
round took: 0.025595 s
|V| = 597, |E| = 32196, |R| = 104
>>> get_solution
>>> get_solution
  refine_solution: new weight 123139 (was 123139) in 0.003913 s
2,,596,32196,104,,307,0,,123139,123139,31329,31329,31329,,176,2,@@

  handle_small_Steiner_degrees: steiner 0, suppress 0 in 2e-06 s
Starting round 3
Found 2 isolated vertices
Invalid ratios recomputed: 224
Best ratio is 189/1 (189.0), centered at 233
Finding the best star... Star with 2 terminals centered in 241
round took: 0.02023 s
|V| = 597, |E| = 32079, |R| = 103
>>> get_solution
>>> get_solution
  refine_solution: new weight 123139 (was 123139) in 0.003911 s
3,,595,32079,103,,224,0,,123139,123139,31518,31518,31518,,189,2,@@

  handle_small_Steiner_degrees: steiner 0, suppress 0 in 2e-06 s
Starting round 4
Found 3 isolated vertices
Invalid ratios recomputed: 314
Best ratio is 212/1 (212.0), centered at 247
Finding the best star... Star with 2 terminals centered in 249
round took: 0.026671 s
|V| = 597, |E| = 31966, |R| = 102
>>> get_solution
>>> get_solution
  refine_solution: new weight 123139 (was 123139) in 0.00391 s
4,,594,31966,102,,314,0,,123139,123139,31730,31730,31730,,212,2,@@

  handle_small_Steiner_degrees: steiner 0, suppress 0 in 2e-06 s
Starting round 5
Found 4 isolated vertices
Invalid ratios recomputed: 300
Best ratio is 230/1 (230.0), centered at 256
Finding the best star... Star with 2 terminals centered in 263
round took: 0.026287 s
|V| = 597, |E| = 31865, |R| = 101
>>> get_solution
>>> get_solution
  refine_solution: new weight 123139 (was 123139) in 0.003908 s
5,,593,31865,101,,300,0,,123139,123139,31960,31960,31960,,230,2,@@

  handle_small_Steiner_degrees: steiner 0, suppress 0 in 2e-06 s
Starting round 6
Found 5 isolated vertices
Invalid ratios recomputed: 281
Best ratio is 250/1 (250.0), centered at 356
Finding the best star... Star with 2 terminals centered in 356
round took: 0.025601 s
|V| = 597, |E| = 31783, |R| = 100
>>> get_solution
>>> get_solution
  refine_solution: new weight 123139 (was 123139) in 0.003917 s
6,,592,31783,100,,281,0,,123139,123139,32210,32210,32210,,250,2,@@

  handle_small_Steiner_degrees: steiner 0, suppress 0 in 2e-06 s
Starting round 7
Found 6 isolated vertices
Invalid ratios recomputed: 325
Best ratio is 262/1 (262.0), centered at 228
Finding the best star... Star with 2 terminals centered in 241
round took: 0.027811 s
|V| = 597, |E| = 31641, |R| = 99
>>> get_solution
>>> get_solution
  refine_solution: new weight 123139 (was 123139) in 0.003922 s
7,,591,31641,99,,325,0,,123139,123139,32472,32472,32472,,262,2,@@

  handle_small_Steiner_degrees: steiner 0, suppress 0 in 2e-06 s
Starting round 8
Found 7 isolated vertices
Invalid ratios recomputed: 316
Best ratio is 271/1 (271.0), centered at 356
Finding the best star... Star with 2 terminals centered in 372
round took: 0.027669 s
|V| = 597, |E| = 31540, |R| = 98
>>> get_solution
>>> get_solution
  refine_solution: new weight 123139 (was 123139) in 0.003922 s
8,,590,31540,98,,316,0,,123139,123139,32743,32743,32743,,271,2,@@

  handle_small_Steiner_degrees: steiner 0, suppress 0 in 2e-06 s
Starting round 9
Found 8 isolated vertices
Invalid ratios recomputed: 331
Best ratio is 278/1 (278.0), centered at 391
Finding the best star... Star with 2 terminals centered in 393
round took: 0.027928 s
|V| = 597, |E| = 31475, |R| = 97
>>> get_solution
>>> get_solution
  refine_solution: new weight 123139 (was 123139) in 0.00393 s
9,,589,31475,97,,331,0,,123139,123139,33021,33021,33021,,278,2,@@

  handle_small_Steiner_degrees: steiner 0, suppress 0 in 2e-06 s
Starting round 10
Found 9 isolated vertices
Invalid ratios recomputed: 293
Best ratio is 281/1 (281.0), centered at 291
Finding the best star... Star with 2 terminals centered in 372
round took: 0.02606 s
|V| = 597, |E| = 31359, |R| = 96
>>> get_solution
>>> get_solution
  refine_solution: new weight 123139 (was 123139) in 0.003909 s
10,,588,31359,96,,293,0,,123139,123139,33302,33302,33302,,281,2,@@

  handle_small_Steiner_degrees: steiner 0, suppress 0 in 2e-06 s
Starting round 11
Found 10 isolated vertices
Invalid ratios recomputed: 332
Best ratio is 290/1 (290.0), centered at 372
Finding the best star... Star with 2 terminals centered in 374
round took: 0.028247 s
|V| = 597, |E| = 31259, |R| = 95
>>> get_solution
>>> get_solution
  refine_solution: new weight 123139 (was 123139) in 0.003911 s
11,,587,31259,95,,332,0,,123139,123139,33592,33592,33592,,290,2,@@

  handle_small_Steiner_degrees: steiner 0, suppress 0 in 2e-06 s
Starting round 12
Found 11 isolated vertices
Invalid ratios recomputed: 340
Best ratio is 292/1 (292.0), centered at 249
Finding the best star... Star with 2 terminals centered in 263
round took: 0.028742 s
|V| = 597, |E| = 31099, |R| = 94
>>> get_solution
>>> get_solution
  refine_solution: new weight 123139 (was 123139) in 0.0039 s
12,,586,31099,94,,340,0,,123139,123139,33884,33884,33884,,292,2,@@

  handle_small_Steiner_degrees: steiner 0, suppress 0 in 2e-06 s
Starting round 13
Found 12 isolated vertices
Invalid ratios recomputed: 311
Best ratio is 298/1 (298.0), centered at 369
Finding the best star... Star with 2 terminals centered in 378
round took: 0.027494 s
|V| = 597, |E| = 31030, |R| = 93
>>> get_solution
>>> get_solution
  refine_solution: new weight 123139 (was 123139) in 0.003901 s
13,,585,31030,93,,311,0,,123139,123139,34182,34182,34182,,298,2,@@

  handle_small_Steiner_degrees: steiner 0, suppress 0 in 3e-06 s
Starting round 14
Found 13 isolated vertices
Invalid ratios recomputed: 327
Best ratio is 305/1 (305.0), centered at 374
Finding the best star... Star with 2 terminals centered in 377
round took: 0.028402 s
|V| = 597, |E| = 30915, |R| = 92
>>> get_solution
>>> get_solution
  refine_solution: new weight 123139 (was 123139) in 0.003913 s
14,,584,30915,92,,327,0,,123139,123139,34487,34487,34487,,305,2,@@

  handle_small_Steiner_degrees: steiner 0, suppress 0 in 2e-06 s
Starting round 15
Found 14 isolated vertices
Invalid ratios recomputed: 341
Best ratio is 310/1 (310.0), centered at 241
Finding the best star... Star with 2 terminals centered in 318
round took: 0.029357 s
|V| = 597, |E| = 30793, |R| = 91
>>> get_solution
>>> get_solution
  refine_solution: new weight 123139 (was 123139) in 0.003902 s
15,,583,30793,91,,341,0,,123139,123139,34797,34797,34797,,310,2,@@

  handle_small_Steiner_degrees: steiner 0, suppress 0 in 2e-06 s
Starting round 16
Found 15 isolated vertices
Invalid ratios recomputed: 328
Best ratio is 310/1 (310.0), centered at 418
Finding the best star... Star with 2 terminals centered in 472
round took: 0.029119 s
|V| = 597, |E| = 30744, |R| = 90
>>> get_solution
>>> get_solution
  refine_solution: new weight 123139 (was 123139) in 0.003902 s
16,,582,30744,90,,328,0,,123139,123139,35107,35107,35107,,310,2,@@

  delete_edges: deleted 6752 edges in 3.47314 s and 106 rounds
  handle_small_Steiner_degrees: steiner 0, suppress 0 in 2e-06 s
Starting round 17
Found 16 isolated vertices
Invalid ratios recomputed: 182
Best ratio is 323/1 (323.0), centered at 263
Finding the best star... Star with 2 terminals centered in 263
round took: 0.0136 s
|V| = 597, |E| = 23937, |R| = 89
>>> get_solution
>>> get_solution
  refine_solution: new weight 123139 (was 123139) in 0.003913 s
17,,581,23937,89,,182,0,,123139,123139,35430,35430,35430,,323,2,@@

  handle_small_Steiner_degrees: steiner 0, suppress 0 in 2e-06 s
Starting round 18
Found 17 isolated vertices
Invalid ratios recomputed: 333
Best ratio is 325/1 (325.0), centered at 377
Finding the best star... Star with 2 terminals centered in 378
round took: 0.024257 s
|V| = 597, |E| = 23888, |R| = 88
>>> get_solution
>>> get_solution
  refine_solution: new weight 123139 (was 123139) in 0.003929 s
18,,580,23888,88,,333,0,,123139,123139,35755,35755,35755,,325,2,@@

  handle_small_Steiner_degrees: steiner 0, suppress 0 in 2e-06 s
Starting round 19
Found 18 isolated vertices
Invalid ratios recomputed: 346
Best ratio is 355/1 (355.0), centered at 283
Finding the best star... Star with 2 terminals centered in 378
round took: 0.025062 s
|V| = 597, |E| = 23846, |R| = 87
>>> get_solution
>>> get_solution
  refine_solution: new weight 123139 (was 123139) in 0.003915 s
19,,579,23846,87,,346,0,,123139,123139,36110,36110,36110,,355,2,@@

  handle_small_Steiner_degrees: steiner 0, suppress 0 in 2e-06 s
Starting round 20
Found 19 isolated vertices
Invalid ratios recomputed: 347
Best ratio is 356/1 (356.0), centered at 137
Finding the best star... Star with 2 terminals centered in 343
round took: 0.025809 s
|V| = 597, |E| = 23752, |R| = 86
>>> get_solution
>>> get_solution
  refine_solution: new weight 123139 (was 123139) in 0.003925 s
20,,578,23752,86,,347,0,,123139,123139,36466,36466,36466,,356,2,@@

  handle_small_Steiner_degrees: steiner 0, suppress 0 in 2e-06 s
Starting round 21
Found 20 isolated vertices
Invalid ratios recomputed: 313
Best ratio is 362/1 (362.0), centered at 217
Finding the best star... Star with 2 terminals centered in 263
round took: 0.024439 s
|V| = 597, |E| = 23696, |R| = 85
>>> get_solution
>>> get_solution
  refine_solution: new weight 123139 (was 123139) in 0.003931 s
21,,577,23696,85,,313,0,,123139,123139,36828,36828,36828,,362,2,@@

  handle_small_Steiner_degrees: steiner 0, suppress 0 in 3e-06 s
Starting round 22
Found 21 isolated vertices
Invalid ratios recomputed: 343
Best ratio is 380/1 (380.0), centered at 279
Finding the best star... Star with 2 terminals centered in 393
round took: 0.027556 s
|V| = 597, |E| = 23636, |R| = 84
>>> get_solution
>>> get_solution
  refine_solution: new weight 123139 (was 123139) in 0.003917 s
22,,576,23636,84,,343,0,,123139,123139,37208,37208,37208,,380,2,@@

  handle_small_Steiner_degrees: steiner 0, suppress 0 in 2e-06 s
Starting round 23
Found 22 isolated vertices
Invalid ratios recomputed: 333
Best ratio is 394/1 (394.0), centered at 349
Finding the best star... Star with 2 terminals centered in 393
round took: 0.027921 s
|V| = 597, |E| = 23563, |R| = 83
>>> get_solution
>>> get_solution
  refine_solution: new weight 123139 (was 123139) in 0.003916 s
23,,575,23563,83,,333,0,,123139,123139,37602,37602,37602,,394,2,@@

  handle_small_Steiner_degrees: steiner 0, suppress 0 in 2e-06 s
Starting round 24
Found 23 isolated vertices
Invalid ratios recomputed: 332
Best ratio is 402/1 (402.0), centered at 135
Finding the best star... Star with 2 terminals centered in 343
round took: 0.028243 s
|V| = 597, |E| = 23463, |R| = 82
>>> get_solution
>>> get_solution
  refine_solution: new weight 123139 (was 123139) in 0.00392 s
24,,574,23463,82,,332,0,,123139,123139,38004,38004,38004,,402,2,@@

  handle_small_Steiner_degrees: steiner 0, suppress 0 in 2e-06 s
Starting round 25
Found 24 isolated vertices
Invalid ratios recomputed: 339
Best ratio is 416/1 (416.0), centered at 275
Finding the best star... Star with 2 terminals centered in 393
round took: 0.028818 s
|V| = 597, |E| = 23386, |R| = 81
>>> get_solution
>>> get_solution
  refine_solution: new weight 123139 (was 123139) in 0.003909 s
25,,573,23386,81,,339,0,,123139,123139,38420,38420,38420,,416,2,@@

  handle_small_Steiner_degrees: steiner 0, suppress 0 in 2e-06 s
Starting round 26
Found 25 isolated vertices
Invalid ratios recomputed: 343
Best ratio is 424/1 (424.0), centered at 152
Finding the best star... Star with 2 terminals centered in 158
round took: 0.02994 s
|V| = 597, |E| = 23360, |R| = 80
>>> get_solution
>>> get_solution
  refine_solution: new weight 123139 (was 123139) in 0.003929 s
26,,572,23360,80,,343,0,,123139,123139,38844,38844,38844,,424,2,@@

  handle_small_Steiner_degrees: steiner 0, suppress 0 in 2e-06 s
Starting round 27
Found 26 isolated vertices
Invalid ratios recomputed: 223
Best ratio is 426/1 (426.0), centered at 142
Finding the best star... Star with 2 terminals centered in 446
round took: 0.019848 s
|V| = 597, |E| = 23309, |R| = 79
>>> get_solution
>>> get_solution
  refine_solution: new weight 123139 (was 123139) in 0.003924 s
27,,571,23309,79,,223,0,,123139,123139,39270,39270,39270,,426,2,@@

  handle_small_Steiner_degrees: steiner 0, suppress 0 in 2e-06 s
Starting round 28
Found 27 isolated vertices
Invalid ratios recomputed: 339
Best ratio is 436/1 (436.0), centered at 393
Finding the best star... Star with 2 terminals centered in 395
round took: 0.029891 s
|V| = 597, |E| = 23241, |R| = 78
>>> get_solution
>>> get_solution
  refine_solution: new weight 123139 (was 123139) in 0.003922 s
28,,570,23241,78,,339,0,,123139,123139,39706,39706,39706,,436,2,@@

  handle_small_Steiner_degrees: steiner 0, suppress 0 in 2e-06 s
Starting round 29
Found 28 isolated vertices
Invalid ratios recomputed: 351
Best ratio is 448/1 (448.0), centered at 408
Finding the best star... Star with 2 terminals centered in 409
round took: 0.031794 s
|V| = 597, |E| = 23171, |R| = 77
>>> get_solution
>>> get_solution
  refine_solution: new weight 123139 (was 123139) in 0.003917 s
29,,569,23171,77,,351,0,,123139,123139,40154,40154,40154,,448,2,@@

  handle_small_Steiner_degrees: steiner 0, suppress 0 in 2e-06 s
Starting round 30
Found 29 isolated vertices
Invalid ratios recomputed: 363
Best ratio is 905/2 (452.5), centered at 332
Finding the best star... Star with 3 terminals centered in 378
round took: 0.03288 s
|V| = 597, |E| = 22866, |R| = 75
>>> get_solution
>>> get_solution
  refine_solution: new weight 123091 (was 123091) in 0.003965 s
30,,568,22866,75,,363,0,,123091,123091,41059,41059,41059,,905,3,@@

  handle_small_Steiner_degrees: steiner 0, suppress 0 in 1e-06 s
Starting round 31
Found 32 isolated vertices
Invalid ratios recomputed: 359
Best ratio is 476/1 (476.0), centered at 69
Finding the best star... Star with 2 terminals centered in 70
round took: 0.030485 s
|V| = 597, |E| = 22807, |R| = 74
>>> get_solution
>>> get_solution
  refine_solution: new weight 123091 (was 123091) in 0.003965 s
31,,565,22807,74,,359,0,,123091,123091,41535,41535,41535,,476,2,@@

  handle_small_Steiner_degrees: steiner 0, suppress 0 in 2e-06 s
Starting round 32
Found 33 isolated vertices
Invalid ratios recomputed: 139
Best ratio is 486/1 (486.0), centered at 378
Finding the best star... Star with 2 terminals centered in 378
round took: 0.010625 s
|V| = 597, |E| = 22657, |R| = 73
>>> get_solution
>>> get_solution
  refine_solution: new weight 123091 (was 123091) in 0.003976 s
32,,564,22657,73,,139,0,,123091,123091,42021,42021,42021,,486,2,@@

  delete_edges: deleted 4568 edges in 1.64164 s and 81 rounds
  handle_small_Steiner_degrees: steiner 0, suppress 0 in 2e-06 s
Starting round 33
Found 34 isolated vertices
Invalid ratios recomputed: 359
Best ratio is 493/1 (493.0), centered at 206
Finding the best star... Star with 2 terminals centered in 212
round took: 0.02302 s
|V| = 597, |E| = 18046, |R| = 72
>>> get_solution
>>> get_solution
  refine_solution: new weight 123091 (was 123091) in 0.003989 s
33,,563,18046,72,,359,0,,123091,123091,42514,42514,42514,,493,2,@@

  handle_small_Steiner_degrees: steiner 0, suppress 0 in 2e-06 s
Starting round 34
Found 35 isolated vertices
Invalid ratios recomputed: 346
Best ratio is 496/1 (496.0), centered at 212
Finding the best star... Star with 2 terminals centered in 378
round took: 0.022655 s
|V| = 597, |E| = 17920, |R| = 71
>>> get_solution
>>> get_solution
  refine_solution: new weight 123091 (was 123091) in 0.003972 s
34,,562,17920,71,,346,0,,123091,123091,43010,43010,43010,,496,2,@@

  handle_small_Steiner_degrees: steiner 0, suppress 0 in 2e-06 s
Starting round 35
Found 38 isolated vertices
Invalid ratios recomputed: 356
Best ratio is 502/1 (502.0), centered at 378
Finding the best star... Star with 2 terminals centered in 385
round took: 0.022409 s
|V| = 597, |E| = 17889, |R| = 70
>>> get_solution
>>> get_solution
  refine_solution: new weight 123091 (was 123091) in 0.003968 s
35,,559,17889,70,,356,0,,123091,123091,43512,43512,43512,,502,2,@@

  handle_small_Steiner_degrees: steiner 0, suppress 0 in 1e-06 s
Starting round 36
Found 39 isolated vertices
Invalid ratios recomputed: 355
Best ratio is 504/1 (504.0), centered at 195
Finding the best star... Star with 2 terminals centered in 385
round took: 0.022483 s
|V| = 597, |E| = 17834, |R| = 69
>>> get_solution
>>> get_solution
  refine_solution: new weight 123091 (was 123091) in 0.003986 s
36,,558,17834,69,,355,0,,123091,123091,44016,44016,44016,,504,2,@@

  handle_small_Steiner_degrees: steiner 0, suppress 0 in 2e-06 s
Starting round 37
Found 40 isolated vertices
Invalid ratios recomputed: 357
Best ratio is 539/1 (539.0), centered at 455
Finding the best star... Star with 2 terminals centered in 456
round took: 0.022717 s
|V| = 597, |E| = 17798, |R| = 68
>>> get_solution
>>> get_solution
  refine_solution: new weight 123091 (was 123091) in 0.003972 s
37,,557,17798,68,,357,0,,123091,123091,44555,44555,44555,,539,2,@@

  handle_small_Steiner_degrees: steiner 0, suppress 0 in 2e-06 s
Starting round 38
Found 41 isolated vertices
Invalid ratios recomputed: 327
Best ratio is 544/1 (544.0), centered at 409
Finding the best star... Star with 2 terminals centered in 463
round took: 0.020557 s
|V| = 597, |E| = 17760, |R| = 67
>>> get_solution
>>> get_solution
  refine_solution: new weight 123091 (was 123091) in 0.003976 s
38,,556,17760,67,,327,0,,123091,123091,45099,45099,45099,,544,2,@@

  handle_small_Steiner_degrees: steiner 0, suppress 0 in 2e-06 s
Starting round 39
Found 42 isolated vertices
Invalid ratios recomputed: 371
Best ratio is 554/1 (554.0), centered at 51
Finding the best star... Star with 2 terminals centered in 66
round took: 0.022977 s
|V| = 597, |E| = 17696, |R| = 66
>>> get_solution
>>> get_solution
  refine_solution: new weight 123091 (was 123091) in 0.003978 s
39,,555,17696,66,,371,0,,123091,123091,45653,45653,45653,,554,2,@@

  handle_small_Steiner_degrees: steiner 0, suppress 0 in 2e-06 s
Starting round 40
Found 43 isolated vertices
Invalid ratios recomputed: 158
Best ratio is 561/1 (561.0), centered at 128
Finding the best star... Star with 2 terminals centered in 385
round took: 0.010504 s
|V| = 597, |E| = 17647, |R| = 65
>>> get_solution
>>> get_solution
  refine_solution: new weight 123091 (was 123091) in 0.003975 s
40,,554,17647,65,,158,0,,123091,123091,46214,46214,46214,,561,2,@@

  handle_small_Steiner_degrees: steiner 0, suppress 0 in 2e-06 s
Starting round 41
Found 44 isolated vertices
Invalid ratios recomputed: 360
Best ratio is 562/1 (562.0), centered at 456
Finding the best star... Star with 2 terminals centered in 458
round took: 0.023103 s
|V| = 597, |E| = 17600, |R| = 64
>>> get_solution
>>> get_solution
  refine_solution: new weight 123091 (was 123091) in 0.003968 s
41,,553,17600,64,,360,0,,123091,123091,46776,46776,46776,,562,2,@@

  handle_small_Steiner_degrees: steiner 0, suppress 0 in 2e-06 s
Starting round 42
Found 45 isolated vertices
Invalid ratios recomputed: 359
Best ratio is 577/1 (577.0), centered at 504
Finding the best star... Star with 2 terminals centered in 512
round took: 0.023293 s
|V| = 597, |E| = 17554, |R| = 63
>>> get_solution
>>> get_solution
  refine_solution: new weight 123091 (was 123091) in 0.003976 s
42,,552,17554,63,,359,0,,123091,123091,47353,47353,47353,,577,2,@@

  handle_small_Steiner_degrees: steiner 0, suppress 0 in 2e-06 s
Starting round 43
Found 46 isolated vertices
Invalid ratios recomputed: 190
Best ratio is 602/1 (602.0), centered at 343
Finding the best star... Star with 2 terminals centered in 385
round took: 0.013013 s
|V| = 597, |E| = 17495, |R| = 62
>>> get_solution
>>> get_solution
  refine_solution: new weight 123091 (was 123091) in 0.003995 s
43,,551,17495,62,,190,0,,123091,123091,47955,47955,47955,,602,2,@@

  handle_small_Steiner_degrees: steiner 0, suppress 0 in 2e-06 s
Starting round 44
Found 47 isolated vertices
Invalid ratios recomputed: 378
Best ratio is 636/1 (636.0), centered at 132
Finding the best star... Star with 2 terminals centered in 385
round took: 0.025226 s
|V| = 597, |E| = 17452, |R| = 61
>>> get_solution
>>> get_solution
  refine_solution: new weight 123091 (was 123091) in 0.003967 s
44,,550,17452,61,,378,0,,123091,123091,48591,48591,48591,,636,2,@@

  handle_small_Steiner_degrees: steiner 0, suppress 0 in 2e-06 s
Starting round 45
Found 48 isolated vertices
Invalid ratios recomputed: 377
Best ratio is 669/1 (669.0), centered at 158
Finding the best star... Star with 2 terminals centered in 160
round took: 0.026448 s
|V| = 597, |E| = 17433, |R| = 60
>>> get_solution
>>> get_solution
  refine_solution: new weight 123091 (was 123091) in 0.003977 s
45,,549,17433,60,,377,0,,123091,123091,49260,49260,49260,,669,2,@@

  handle_small_Steiner_degrees: steiner 0, suppress 0 in 2e-06 s
Starting round 46
Found 49 isolated vertices
Invalid ratios recomputed: 323
Best ratio is 673/1 (673.0), centered at 164
Finding the best star... Star with 2 terminals centered in 168
round took: 0.023026 s
|V| = 597, |E| = 17418, |R| = 59
>>> get_solution
>>> get_solution
  refine_solution: new weight 123091 (was 123091) in 0.003967 s
46,,548,17418,59,,323,0,,123091,123091,49933,49933,49933,,673,2,@@

  handle_small_Steiner_degrees: steiner 0, suppress 0 in 2e-06 s
Starting round 47
Found 50 isolated vertices
Invalid ratios recomputed: 294
Best ratio is 674/1 (674.0), centered at 385
Finding the best star... Star with 2 terminals centered in 397
round took: 0.021482 s
|V| = 597, |E| = 17379, |R| = 58
>>> get_solution
>>> get_solution
  refine_solution: new weight 123091 (was 123091) in 0.00398 s
47,,547,17379,58,,294,0,,123091,123091,50607,50607,50607,,674,2,@@

  handle_small_Steiner_degrees: steiner 0, suppress 0 in 2e-06 s
Starting round 48
Found 51 isolated vertices
Invalid ratios recomputed: 380
Best ratio is 694/1 (694.0), centered at 458
Finding the best star... Star with 2 terminals centered in 463
round took: 0.027618 s
|V| = 597, |E| = 17268, |R| = 57
>>> get_solution
>>> get_solution
  refine_solution: new weight 123091 (was 123091) in 0.00398 s
48,,546,17268,57,,380,0,,123091,123091,51301,51301,51301,,694,2,@@

  delete_edges: deleted 2072 edges in 0.87687 s and 56 rounds
  handle_small_Steiner_degrees: steiner 0, suppress 0 in 2e-06 s
Starting round 49
Found 53 isolated vertices
Invalid ratios recomputed: 381
Best ratio is 706/1 (706.0), centered at 265
Finding the best star... Star with 2 terminals centered in 265
round took: 0.023556 s
|V| = 597, |E| = 15177, |R| = 56
>>> get_solution
>>> get_solution
  refine_solution: new weight 123091 (was 123091) in 0.003974 s
49,,544,15177,56,,381,0,,123091,123091,52007,52007,52007,,706,2,@@

  handle_small_Steiner_degrees: steiner 0, suppress 0 in 1e-06 s
Starting round 50
Found 54 isolated vertices
Invalid ratios recomputed: 384
Best ratio is 714/1 (714.0), centered at 435
Finding the best star... Star with 2 terminals centered in 446
round took: 0.023855 s
|V| = 597, |E| = 15156, |R| = 55
>>> get_solution
>>> get_solution
  refine_solution: new weight 123091 (was 123091) in 0.003986 s
50,,543,15156,55,,384,0,,123091,123091,52721,52721,52721,,714,2,@@

  handle_small_Steiner_degrees: steiner 0, suppress 0 in 2e-06 s
Starting round 51
Found 55 isolated vertices
Invalid ratios recomputed: 385
Best ratio is 716/1 (716.0), centered at 151
Finding the best star... Star with 2 terminals centered in 151
round took: 0.024354 s
|V| = 597, |E| = 15147, |R| = 54
>>> get_solution
>>> get_solution
  refine_solution: new weight 123091 (was 123091) in 0.003968 s
51,,542,15147,54,,385,0,,123091,123091,53437,53437,53437,,716,2,@@

  handle_small_Steiner_degrees: steiner 0, suppress 0 in 2e-06 s
Starting round 52
Found 56 isolated vertices
Invalid ratios recomputed: 351
Best ratio is 717/1 (717.0), centered at 70
Finding the best star... Star with 2 terminals centered in 72
round took: 0.02181 s
|V| = 597, |E| = 15123, |R| = 53
>>> get_solution
>>> get_solution
  refine_solution: new weight 123091 (was 123091) in 0.003969 s
52,,541,15123,53,,351,0,,123091,123091,54154,54154,54154,,717,2,@@

  handle_small_Steiner_degrees: steiner 0, suppress 0 in 1e-06 s
Starting round 53
Found 57 isolated vertices
Invalid ratios recomputed: 152
Best ratio is 728/1 (728.0), centered at 76
Finding the best star... Star with 2 terminals centered in 79
round took: 0.008835 s
|V| = 597, |E| = 15087, |R| = 52
>>> get_solution
>>> get_solution
  refine_solution: new weight 123091 (was 123091) in 0.003984 s
53,,540,15087,52,,152,0,,123091,123091,54882,54882,54882,,728,2,@@

  handle_small_Steiner_degrees: steiner 0, suppress 0 in 2e-06 s
Starting round 54
Found 58 isolated vertices
Invalid ratios recomputed: 146
Best ratio is 734/1 (734.0), centered at 13
Finding the best star... Star with 2 terminals centered in 48
round took: 0.008575 s
|V| = 597, |E| = 15012, |R| = 51
>>> get_solution
>>> get_solution
  refine_solution: new weight 123091 (was 123091) in 0.00399 s
54,,539,15012,51,,146,0,,123091,123091,55616,55616,55616,,734,2,@@

  handle_small_Steiner_degrees: steiner 0, suppress 0 in 2e-06 s
Starting round 55
Found 59 isolated vertices
Invalid ratios recomputed: 267
Best ratio is 750/1 (750.0), centered at 265
Finding the best star... Star with 2 terminals centered in 446
round took: 0.016722 s
|V| = 597, |E| = 14969, |R| = 50
>>> get_solution
>>> get_solution
  refine_solution: new weight 123091 (was 123091) in 0.003975 s
55,,538,14969,50,,267,0,,123091,123091,56366,56366,56366,,750,2,@@

  handle_small_Steiner_degrees: steiner 0, suppress 0 in 2e-06 s
Starting round 56
Found 60 isolated vertices
Invalid ratios recomputed: 399
Best ratio is 755/1 (755.0), centered at 446
Finding the best star... Star with 2 terminals centered in 463
round took: 0.024687 s
|V| = 597, |E| = 14925, |R| = 49
>>> get_solution
>>> get_solution
  refine_solution: new weight 123091 (was 123091) in 0.004 s
56,,537,14925,49,,399,0,,123091,123091,57121,57121,57121,,755,2,@@

  handle_small_Steiner_degrees: steiner 0, suppress 0 in 1e-06 s
Starting round 57
Found 61 isolated vertices
Invalid ratios recomputed: 404
Best ratio is 756/1 (756.0), centered at 151
Finding the best star... Star with 2 terminals centered in 160
round took: 0.02507 s
|V| = 597, |E| = 14894, |R| = 48
>>> get_solution
>>> get_solution
  refine_solution: new weight 123091 (was 123091) in 0.00398 s
57,,536,14894,48,,404,0,,123091,123091,57877,57877,57877,,756,2,@@

  handle_small_Steiner_degrees: steiner 0, suppress 1 in 5e-06 s
Starting round 58
Found 63 isolated vertices
Invalid ratios recomputed: 286
Best ratio is 775/1 (775.0), centered at 65
Finding the best star... Star with 2 terminals centered in 79
round took: 0.018163 s
|V| = 597, |E| = 14863, |R| = 47
>>> get_solution
>>> get_solution
  refine_solution: new weight 123091 (was 123091) in 0.003994 s
58,,534,14863,47,,286,0,,123091,123091,58652,58652,58652,,775,2,@@

  handle_small_Steiner_degrees: steiner 0, suppress 0 in 2e-06 s
Starting round 59
Found 64 isolated vertices
Invalid ratios recomputed: 275
Best ratio is 791/1 (791.0), centered at 66
Finding the best star... Star with 2 terminals centered in 72
round took: 0.017016 s
|V| = 597, |E| = 14814, |R| = 46
>>> get_solution
>>> get_solution
  refine_solution: new weight 123091 (was 123091) in 0.003995 s
59,,533,14814,46,,275,0,,123091,123091,59443,59443,59443,,791,2,@@

  handle_small_Steiner_degrees: steiner 0, suppress 0 in 1e-06 s
Starting round 60
Found 65 isolated vertices
Invalid ratios recomputed: 281
Best ratio is 802/1 (802.0), centered at 482
Finding the best star... Star with 2 terminals centered in 501
round took: 0.017835 s
|V| = 597, |E| = 14779, |R| = 45
>>> get_solution
>>> get_solution
  refine_solution: new weight 123091 (was 123091) in 0.004003 s
60,,532,14779,45,,281,0,,123091,123091,60245,60245,60245,,802,2,@@

  handle_small_Steiner_degrees: steiner 0, suppress 0 in 2e-06 s
Starting round 61
Found 66 isolated vertices
Invalid ratios recomputed: 295
Best ratio is 808/1 (808.0), centered at 554
Finding the best star... Star with 2 terminals centered in 558
round took: 0.019306 s
|V| = 597, |E| = 14672, |R| = 44
>>> get_solution
>>> get_solution
  refine_solution: new weight 123091 (was 123091) in 0.004011 s
61,,531,14672,44,,295,0,,123091,123091,61053,61053,61053,,808,2,@@

  handle_small_Steiner_degrees: steiner 0, suppress 0 in 2e-06 s
Starting round 62
Found 67 isolated vertices
Invalid ratios recomputed: 280
Best ratio is 811/1 (811.0), centered at 536
Finding the best star... Star with 2 terminals centered in 538
round took: 0.01847 s
|V| = 597, |E| = 14581, |R| = 43
>>> get_solution
>>> get_solution
  refine_solution: new weight 123091 (was 123091) in 0.004004 s
62,,530,14581,43,,280,0,,123091,123091,61864,61864,61864,,811,2,@@

  handle_small_Steiner_degrees: steiner 0, suppress 0 in 2e-06 s
Starting round 63
Found 68 isolated vertices
Invalid ratios recomputed: 274
Best ratio is 831/1 (831.0), centered at 160
Finding the best star... Star with 2 terminals centered in 169
round took: 0.017694 s
|V| = 597, |E| = 14558, |R| = 42
>>> get_solution
>>> get_solution
  refine_solution: new weight 123091 (was 123091) in 0.003983 s
63,,529,14558,42,,274,0,,123091,123091,62695,62695,62695,,831,2,@@

  handle_small_Steiner_degrees: steiner 0, suppress 0 in 2e-06 s
Starting round 64
Found 69 isolated vertices
Invalid ratios recomputed: 314
Best ratio is 852/1 (852.0), centered at 452
Finding the best star... Star with 2 terminals centered in 463
round took: 0.0201 s
|V| = 597, |E| = 14531, |R| = 41
>>> get_solution
>>> get_solution
  refine_solution: new weight 123091 (was 123091) in 0.003979 s
64,,528,14531,41,,314,0,,123091,123091,63547,63547,63547,,852,2,@@

  delete_edges: deleted 2914 edges in 0.752474 s and 68 rounds
  handle_small_Steiner_degrees: steiner 0, suppress 1 in 3e-06 s
Starting round 65
Found 71 isolated vertices
Invalid ratios recomputed: 422
Best ratio is 870/1 (870.0), centered at 508
Finding the best star... Star with 2 terminals centered in 538
round took: 0.024381 s
|V| = 597, |E| = 11569, |R| = 40
>>> get_solution
>>> get_solution
  refine_solution: new weight 123091 (was 123091) in 0.003987 s
65,,526,11569,40,,422,0,,123091,123091,64417,64417,64417,,870,2,@@

  handle_small_Steiner_degrees: steiner 0, suppress 0 in 1e-06 s
Starting round 66
Found 72 isolated vertices
Invalid ratios recomputed: 412
Best ratio is 874/1 (874.0), centered at 72
Finding the best star... Star with 2 terminals centered in 72
round took: 0.023813 s
|V| = 597, |E| = 11506, |R| = 39
>>> get_solution
>>> get_solution
  refine_solution: new weight 123091 (was 123091) in 0.004 s
66,,525,11506,39,,412,0,,123091,123091,65291,65291,65291,,874,2,@@

  handle_small_Steiner_degrees: steiner 0, suppress 0 in 2e-06 s
Starting round 67
Found 73 isolated vertices
Invalid ratios recomputed: 406
Best ratio is 892/1 (892.0), centered at 514
Finding the best star... Star with 2 terminals centered in 518
round took: 0.023248 s
|V| = 597, |E| = 11461, |R| = 38
>>> get_solution
>>> get_solution
  refine_solution: new weight 123091 (was 123091) in 0.003992 s
67,,524,11461,38,,406,0,,123091,123091,66183,66183,66183,,892,2,@@

  handle_small_Steiner_degrees: steiner 0, suppress 0 in 1e-06 s
Starting round 68
Found 74 isolated vertices
Invalid ratios recomputed: 410
Best ratio is 920/1 (920.0), centered at 174
Finding the best star... Star with 2 terminals centered in 183
round took: 0.02383 s
|V| = 597, |E| = 11439, |R| = 37
>>> get_solution
>>> get_solution
  refine_solution: new weight 123091 (was 123091) in 0.003985 s
68,,523,11439,37,,410,0,,123091,123091,67103,67103,67103,,920,2,@@

  handle_small_Steiner_degrees: steiner 0, suppress 0 in 2e-06 s
Starting round 69
Found 75 isolated vertices
Invalid ratios recomputed: 386
Best ratio is 947/1 (947.0), centered at 157
Finding the best star... Star with 2 terminals centered in 169
round took: 0.023407 s
|V| = 597, |E| = 11424, |R| = 36
>>> get_solution
>>> get_solution
  refine_solution: new weight 123091 (was 123091) in 0.003992 s
69,,522,11424,36,,386,0,,123091,123091,68050,68050,68050,,947,2,@@

  handle_small_Steiner_degrees: steiner 0, suppress 0 in 2e-06 s
Starting round 70
Found 76 isolated vertices
Invalid ratios recomputed: 432
Best ratio is 978/1 (978.0), centered at 501
Finding the best star... Star with 2 terminals centered in 512
round took: 0.025308 s
|V| = 597, |E| = 11396, |R| = 35
>>> get_solution
>>> get_solution
  refine_solution: new weight 123091 (was 123091) in 0.003996 s
70,,521,11396,35,,432,0,,123091,123091,69028,69028,69028,,978,2,@@

  handle_small_Steiner_degrees: steiner 0, suppress 0 in 1e-06 s
Starting round 71
Found 77 isolated vertices
Invalid ratios recomputed: 451
Best ratio is 989/1 (989.0), centered at 512
Finding the best star... Star with 2 terminals centered in 512
round took: 0.026247 s
|V| = 597, |E| = 11333, |R| = 34
>>> get_solution
>>> get_solution
  refine_solution: new weight 123091 (was 123091) in 0.004015 s
71,,520,11333,34,,451,0,,123091,123091,70017,70017,70017,,989,2,@@

  handle_small_Steiner_degrees: steiner 0, suppress 0 in 2e-06 s
Starting round 72
Found 78 isolated vertices
Invalid ratios recomputed: 454
Best ratio is 999/1 (999.0), centered at 512
Finding the best star... Star with 2 terminals centered in 518
round took: 0.026473 s
|V| = 597, |E| = 11279, |R| = 33
>>> get_solution
>>> get_solution
  refine_solution: new weight 123091 (was 123091) in 0.003986 s
72,,519,11279,33,,454,0,,123091,123091,71016,71016,71016,,999,2,@@

  handle_small_Steiner_degrees: steiner 0, suppress 0 in 2e-06 s
Starting round 73
Found 79 isolated vertices
Invalid ratios recomputed: 453
Best ratio is 1001/1 (1001.0), centered at 472
Finding the best star... Star with 2 terminals centered in 518
round took: 0.026642 s
|V| = 597, |E| = 11230, |R| = 32
>>> get_solution
>>> get_solution
  refine_solution: new weight 123091 (was 123091) in 0.003996 s
73,,518,11230,32,,453,0,,123091,123091,72017,72017,72017,,1001,2,@@

  handle_small_Steiner_degrees: steiner 0, suppress 0 in 2e-06 s
Starting round 74
Found 80 isolated vertices
Invalid ratios recomputed: 452
Best ratio is 1005/1 (1005.0), centered at 145
Finding the best star... Star with 2 terminals centered in 165
round took: 0.027132 s
|V| = 597, |E| = 11217, |R| = 31
>>> get_solution
>>> get_solution
  refine_solution: new weight 123091 (was 123091) in 0.00398 s
74,,517,11217,31,,452,0,,123091,123091,73022,73022,73022,,1005,2,@@

  handle_small_Steiner_degrees: steiner 0, suppress 0 in 1e-06 s
Starting round 75
Found 81 isolated vertices
Invalid ratios recomputed: 425
Best ratio is 1017/1 (1017.0), centered at 165
Finding the best star... Star with 2 terminals centered in 165
round took: 0.026386 s
|V| = 597, |E| = 11203, |R| = 30
>>> get_solution
>>> get_solution
  refine_solution: new weight 123091 (was 123091) in 0.004006 s
75,,516,11203,30,,425,0,,123091,123091,74039,74039,74039,,1017,2,@@

  handle_small_Steiner_degrees: steiner 0, suppress 0 in 2e-06 s
Starting round 76
Found 82 isolated vertices
Invalid ratios recomputed: 427
Best ratio is 1042/1 (1042.0), centered at 97
Finding the best star... Star with 2 terminals centered in 102
round took: 0.026956 s
|V| = 597, |E| = 11152, |R| = 29
>>> get_solution
>>> get_solution
  refine_solution: new weight 123091 (was 123091) in 0.003989 s
76,,515,11152,29,,427,0,,123091,123091,75081,75081,75081,,1042,2,@@

  handle_small_Steiner_degrees: steiner 0, suppress 0 in 1e-06 s
Starting round 77
Found 83 isolated vertices
Invalid ratios recomputed: 147
Best ratio is 1061/1 (1061.0), centered at 58
Finding the best star... Star with 2 terminals centered in 72
round took: 0.009526 s
|V| = 597, |E| = 11090, |R| = 28
>>> get_solution
>>> get_solution
  refine_solution: new weight 123091 (was 123091) in 0.003983 s
77,,514,11090,28,,147,0,,123091,123091,76142,76142,76142,,1061,2,@@

  handle_small_Steiner_degrees: steiner 0, suppress 0 in 2e-06 s
Starting round 78
Found 84 isolated vertices
Invalid ratios recomputed: 271
Best ratio is 1063/1 (1063.0), centered at 165
Finding the best star... Star with 2 terminals centered in 463
round took: 0.017192 s
|V| = 597, |E| = 11046, |R| = 27
>>> get_solution
>>> get_solution
  refine_solution: new weight 123091 (was 123091) in 0.003983 s
78,,513,11046,27,,271,0,,123091,123091,77205,77205,77205,,1063,2,@@

  handle_small_Steiner_degrees: steiner 0, suppress 0 in 1e-06 s
Starting round 79
Found 85 isolated vertices
Invalid ratios recomputed: 458
Best ratio is 1081/1 (1081.0), centered at 84
Finding the best star... Star with 2 terminals centered in 87
round took: 0.029617 s
|V| = 597, |E| = 10999, |R| = 26
>>> get_solution
>>> get_solution
  refine_solution: new weight 123091 (was 123091) in 0.003993 s
79,,512,10999,26,,458,0,,123091,123091,78286,78286,78286,,1081,2,@@

  handle_small_Steiner_degrees: steiner 0, suppress 0 in 1e-06 s
Starting round 80
Found 86 isolated vertices
Invalid ratios recomputed: 206
Best ratio is 1122/1 (1122.0), centered at 518
Finding the best star... Star with 2 terminals centered in 518
round took: 0.013427 s
|V| = 597, |E| = 10921, |R| = 25
>>> get_solution
>>> get_solution
  refine_solution: new weight 123091 (was 123091) in 0.003986 s
80,,511,10921,25,,206,0,,123091,123091,79408,79408,79408,,1122,2,@@

  delete_edges: deleted 2114 edges in 0.413425 s and 57 rounds
  handle_small_Steiner_degrees: steiner 0, suppress 2 in 3e-06 s
Starting round 81
Found 89 isolated vertices
Invalid ratios recomputed: 458
Best ratio is 1134/1 (1134.0), centered at 91
Finding the best star... Star with 2 terminals centered in 102
round took: 0.028601 s
|V| = 597, |E| = 8782, |R| = 24
>>> get_solution
>>> get_solution
  refine_solution: new weight 123091 (was 123091) in 0.004 s
81,,508,8782,24,,458,0,,123091,123091,80542,80542,80542,,1134,2,@@

  handle_small_Steiner_degrees: steiner 0, suppress 0 in 1e-06 s
Starting round 82
Found 90 isolated vertices
Invalid ratios recomputed: 171
Best ratio is 1162/1 (1162.0), centered at 558
Finding the best star... Star with 2 terminals centered in 563
round took: 0.011492 s
|V| = 597, |E| = 8719, |R| = 23
>>> get_solution
>>> get_solution
  refine_solution: new weight 123091 (was 123091) in 0.004009 s
82,,507,8719,23,,171,0,,123091,123091,81704,81704,81704,,1162,2,@@

  handle_small_Steiner_degrees: steiner 0, suppress 0 in 2e-06 s
Starting round 83
Found 91 isolated vertices
Invalid ratios recomputed: 450
Best ratio is 1172/1 (1172.0), centered at 422
Finding the best star... Star with 2 terminals centered in 563
round took: 0.029101 s
|V| = 597, |E| = 8654, |R| = 22
>>> get_solution
>>> get_solution
  refine_solution: new weight 123091 (was 123091) in 0.003974 s
83,,506,8654,22,,450,0,,123091,123091,82876,82876,82876,,1172,2,@@

  handle_small_Steiner_degrees: steiner 0, suppress 0 in 1e-06 s
Starting round 84
Found 92 isolated vertices
Invalid ratios recomputed: 449
Best ratio is 1179/1 (1179.0), centered at 180
Finding the best star... Star with 2 terminals centered in 183
round took: 0.030648 s
|V| = 597, |E| = 8629, |R| = 21
>>> get_solution
>>> get_solution
  refine_solution: new weight 123091 (was 123091) in 0.003984 s
84,,505,8629,21,,449,0,,123091,123091,84055,84055,84055,,1179,2,@@

  handle_small_Steiner_degrees: steiner 0, suppress 0 in 2e-06 s
Starting round 85
Found 93 isolated vertices
Invalid ratios recomputed: 462
Best ratio is 1265/1 (1265.0), centered at 518
Finding the best star... Star with 2 terminals centered in 518
round took: 0.032414 s
|V| = 597, |E| = 8593, |R| = 20
>>> get_solution
>>> get_solution
  refine_solution: new weight 123091 (was 123091) in 0.003981 s
85,,504,8593,20,,462,0,,123091,123091,85320,85320,85320,,1265,2,@@

  handle_small_Steiner_degrees: steiner 0, suppress 0 in 2e-06 s
Starting round 86
Found 94 isolated vertices
Invalid ratios recomputed: 471
Best ratio is 1328/1 (1328.0), centered at 72
Finding the best star... Star with 2 terminals centered in 87
round took: 0.034299 s
|V| = 597, |E| = 8570, |R| = 19
>>> get_solution
>>> get_solution
  refine_solution: new weight 123091 (was 123091) in 0.003987 s
86,,503,8570,19,,471,0,,123091,123091,86648,86648,86648,,1328,2,@@

  handle_small_Steiner_degrees: steiner 0, suppress 0 in 2e-06 s
Starting round 87
Found 95 isolated vertices
Invalid ratios recomputed: 451
Best ratio is 1345/1 (1345.0), centered at 183
Finding the best star... Star with 2 terminals centered in 183
round took: 0.032959 s
|V| = 597, |E| = 8556, |R| = 18
>>> get_solution
>>> get_solution
  refine_solution: new weight 123091 (was 123091) in 0.003988 s
87,,502,8556,18,,451,0,,123091,123091,87993,87993,87993,,1345,2,@@

  handle_small_Steiner_degrees: steiner 0, suppress 0 in 2e-06 s
Starting round 88
Found 96 isolated vertices
Invalid ratios recomputed: 485
Best ratio is 1347/1 (1347.0), centered at 183
Finding the best star... Star with 2 terminals centered in 193
round took: 0.036535 s
|V| = 597, |E| = 8538, |R| = 17
>>> get_solution
>>> get_solution
  refine_solution: new weight 123091 (was 123091) in 0.004004 s
88,,501,8538,17,,485,0,,123091,123091,89340,89340,89340,,1347,2,@@

  handle_small_Steiner_degrees: steiner 0, suppress 0 in 1e-06 s
Starting round 89
Found 97 isolated vertices
Invalid ratios recomputed: 484
Best ratio is 1404/1 (1404.0), centered at 575
Finding the best star... Star with 2 terminals centered in 589
round took: 0.041517 s
|V| = 597, |E| = 8483, |R| = 16
>>> get_solution
>>> get_solution
  refine_solution: new weight 123091 (was 123091) in 0.004 s
89,,500,8483,16,,484,0,,123091,123091,90744,90744,90744,,1404,2,@@

  handle_small_Steiner_degrees: steiner 0, suppress 0 in 2e-06 s
Starting round 90
Found 98 isolated vertices
Invalid ratios recomputed: 377
Best ratio is 1459/1 (1459.0), centered at 169
Finding the best star... Star with 2 terminals centered in 193
round took: 0.036446 s
|V| = 597, |E| = 8455, |R| = 15
>>> get_solution
>>> get_solution
  refine_solution: new weight 123091 (was 123091) in 0.003986 s
90,,499,8455,15,,377,0,,123091,123091,92203,92203,92203,,1459,2,@@

  handle_small_Steiner_degrees: steiner 0, suppress 0 in 2e-06 s
Starting round 91
Found 99 isolated vertices
Invalid ratios recomputed: 483
Best ratio is 1463/1 (1463.0), centered at 87
Finding the best star... Star with 2 terminals centered in 102
round took: 0.041963 s
|V| = 597, |E| = 8415, |R| = 14
>>> get_solution
>>> get_solution
  refine_solution: new weight 123091 (was 123091) in 0.003994 s
91,,498,8415,14,,483,0,,123091,123091,93666,93666,93666,,1463,2,@@

  handle_small_Steiner_degrees: steiner 0, suppress 0 in 1e-06 s
Starting round 92
Found 100 isolated vertices
Invalid ratios recomputed: 457
Best ratio is 1465/1 (1465.0), centered at 102
Finding the best star... Star with 2 terminals centered in 113
round took: 0.040028 s
|V| = 597, |E| = 8381, |R| = 13
>>> get_solution
>>> get_solution
  refine_solution: new weight 123091 (was 123091) in 0.003991 s
92,,497,8381,13,,457,0,,123091,123091,95131,95131,95131,,1465,2,@@

  handle_small_Steiner_degrees: steiner 0, suppress 0 in 1e-06 s
Starting round 93
Found 101 isolated vertices
Invalid ratios recomputed: 456
Best ratio is 1485/1 (1485.0), centered at 518
Finding the best star... Star with 2 terminals centered in 563
round took: 0.042118 s
|V| = 597, |E| = 8326, |R| = 12
>>> get_solution
>>> get_solution
  refine_solution: new weight 123091 (was 123091) in 0.003992 s
93,,496,8326,12,,456,0,,123091,123091,96616,96616,96616,,1485,2,@@

  handle_small_Steiner_degrees: steiner 0, suppress 0 in 2e-06 s
Starting round 94
Found 102 isolated vertices
Invalid ratios recomputed: 431
Best ratio is 1539/1 (1539.0), centered at 48
Finding the best star... Star with 2 terminals centered in 113
round took: 0.041762 s
|V| = 597, |E| = 8282, |R| = 11
>>> get_solution
>>> get_solution
  refine_solution: new weight 123091 (was 123091) in 0.00401 s
94,,495,8282,11,,431,0,,123091,123091,98155,98155,98155,,1539,2,@@

  handle_small_Steiner_degrees: steiner 0, suppress 0 in 1e-06 s
Starting round 95
Found 103 isolated vertices
Invalid ratios recomputed: 484
Best ratio is 1573/1 (1573.0), centered at 193
Finding the best star... Star with 2 terminals centered in 193
round took: 0.048543 s
|V| = 597, |E| = 8163, |R| = 10
>>> get_solution
>>> get_solution
  refine_solution: new weight 123091 (was 123091) in 0.003981 s
95,,494,8163,10,,484,0,,123091,123091,99728,99728,99728,,1573,2,@@

  handle_small_Steiner_degrees: steiner 0, suppress 0 in 1e-06 s
Starting round 96
Found 104 isolated vertices
Invalid ratios recomputed: 488
Best ratio is 1589/1 (1589.0), centered at 589
Finding the best star... Star with 2 terminals centered in 589
round took: 0.047626 s
|V| = 597, |E| = 8123, |R| = 9
>>> get_solution
>>> get_solution
  refine_solution: new weight 123091 (was 123091) in 0.003991 s
96,,493,8123,9,,488,0,,123091,123091,101317,101317,101317,,1589,2,@@

  handle_small_Steiner_degrees: steiner 0, suppress 0 in 1e-06 s
Starting round 97
Found 105 isolated vertices
Invalid ratios recomputed: 209
Best ratio is 1617/1 (1617.0), centered at 192
Finding the best star... Star with 2 terminals centered in 192
round took: 0.023576 s
|V| = 597, |E| = 8085, |R| = 8
>>> get_solution
>>> get_solution
  refine_solution: new weight 123091 (was 123091) in 0.003996 s
97,,492,8085,8,,209,0,,123091,123091,102934,102934,102934,,1617,2,@@

  handle_small_Steiner_degrees: steiner 0, suppress 0 in 1e-06 s
Starting round 98
Found 106 isolated vertices
Invalid ratios recomputed: 489
Best ratio is 1973/1 (1973.0), centered at 581
Finding the best star... Star with 2 terminals centered in 589
round took: 0.059097 s
|V| = 597, |E| = 8044, |R| = 7
>>> get_solution
>>> get_solution
  refine_solution: new weight 123091 (was 123091) in 0.004 s
98,,491,8044,7,,489,0,,123091,123091,104907,104907,104907,,1973,2,@@

  handle_small_Steiner_degrees: steiner 0, suppress 0 in 1e-06 s
Starting round 99
Found 107 isolated vertices
Invalid ratios recomputed: 490
Best ratio is 2229/1 (2229.0), centered at 587
Finding the best star... Star with 2 terminals centered in 587
round took: 0.05928 s
|V| = 597, |E| = 7998, |R| = 6
>>> get_solution
>>> get_solution
  refine_solution: new weight 123091 (was 123091) in 0.00398 s
99,,490,7998,6,,490,0,,123091,123091,107136,107136,107136,,2229,2,@@

  handle_small_Steiner_degrees: steiner 0, suppress 0 in 2e-06 s
Starting round 100
Found 108 isolated vertices
Invalid ratios recomputed: 489
Best ratio is 2526/1 (2526.0), centered at 192
Finding the best star... Star with 2 terminals centered in 572
round took: 0.059346 s
|V| = 597, |E| = 7917, |R| = 5
>>> get_solution
>>> get_solution
  refine_solution: new weight 123091 (was 123091) in 0.003987 s
100,,489,7917,5,,489,0,,123091,123091,109662,109662,109662,,2526,2,@@

  handle_small_Steiner_degrees: steiner 0, suppress 0 in 1e-06 s
Starting round 101
Found 109 isolated vertices
Invalid ratios recomputed: 488
Best ratio is 2561/1 (2561.0), centered at 113
Finding the best star... Star with 2 terminals centered in 572
round took: 0.058578 s
|V| = 597, |E| = 7780, |R| = 4
>>> get_solution
>>> get_solution
  refine_solution: new weight 123091 (was 123091) in 0.003984 s
101,,488,7780,4,,488,0,,123091,123091,112223,112223,112223,,2561,2,@@

  handle_small_Steiner_degrees: steiner 0, suppress 1 in 8e-06 s
Starting round 102
Found 111 isolated vertices
Invalid ratios recomputed: 486
Best ratio is 2571/1 (2571.0), centered at 572
Finding the best star... Star with 2 terminals centered in 587
round took: 0.055858 s
|V| = 597, |E| = 7646, |R| = 3
>>> get_solution
>>> get_solution
  refine_solution: new weight 123091 (was 123091) in 0.003988 s
102,,486,7646,3,,486,0,,123091,123091,114794,114794,114794,,2571,2,@@

  handle_small_Steiner_degrees: steiner 0, suppress 0 in 1e-06 s
Starting round 103
Found 112 isolated vertices
Invalid ratios recomputed: 485
Best ratio is 2875/1 (2875.0), centered at 0
Finding the best star... Star with 2 terminals centered in 587
round took: 0.05505 s
|V| = 597, |E| = 7549, |R| = 2
>>> get_solution
>>> get_solution
  refine_solution: new weight 123091 (was 123091) in 0.003981 s
103,,485,7549,2,,485,0,,123091,123091,117669,117669,117669,,2875,2,@@

  handle_small_Steiner_degrees: steiner 0, suppress 0 in 1e-06 s
Starting round 104
Found 113 isolated vertices
Invalid ratios recomputed: 484
Best ratio is 5422/1 (5422.0), centered at 587
Finding the best star... Star with 2 terminals centered in 596
round took: 0.053339 s
|V| = 597, |E| = 7486, |R| = 1
>>> get_solution
>>> get_solution
  refine_solution: new weight 123091 (was 123091) in 0.004005 s
104,,484,7486,1,,484,0,,123091,123091,123091,123091,123091,,5422,2,@@

  handle_small_Steiner_degrees: steiner 0, suppress 0 in 1e-06 s
contract_till_the_bitter_end: 13.1145 s

Calling end_heu
>>> get_solution
Saved weight 30977
D: 123091 -> 122713
  BEST solution improved 123091 -> 122713 (vert_size 0, round 1) *
  BEST solution improved 122713 -> 122700 (vert_size 4, round 146)
  BEST solution improved 122700 -> 122657 (vert_size 2, round 164)
  BEST solution improved 122657 -> 122609 (vert_size 2, round 245)
  BEST solution improved 122609 -> 122605 (vert_size 4, round 289)
  BEST solution improved 122605 -> 122574 (vert_size 4, round 415)
  BEST solution improved 122574 -> 122567 (vert_size 4, round 474)
  BEST solution improved 122567 -> 122553 (vert_size 1, round 685) *
  BEST solution improved 122553 -> 122536 (vert_size 3, round 750)
D: 122536 -> 122528
  BEST solution improved 122536 -> 122528 (vert_size 0, round 1001) *
D: 122528 -> 122528
D: 122567 -> 122498
  BEST solution improved 122567 -> 122498 (vert_size 0, round 3001) *
D: 122498 -> 122484
  BEST solution improved 122498 -> 122484 (vert_size 0, round 4001) *
D: 122484 -> 122484
  BEST solution improved 122484 -> 122467 (vert_size 3, round 5006)
D: 122467 -> 122467
D: 122574 -> 122559
D: 122567 -> 122545
D: 122467 -> 122467
D: 122657 -> 122533
D: 122567 -> 122498
D: 122598 -> 122529
D: 122567 -> 122484
D: 122484 -> 122484
D: 122528 -> 122528
D: 122515 -> 122515
D: 122467 -> 122467
D: 122560 -> 122552
D: 122578 -> 122563
D: 122573 -> 122559
D: 122559 -> 122542
D: 122578 -> 122570
D: 122467 -> 122467
D: 122528 -> 122467
D: 122605 -> 122576
D: 122628 -> 122536
D: 122484 -> 122484
D: 122467 -> 122467

 start over 28181 loops 143 unique solutions 
Approx + random 
D: 123139 -> 122689
D: 122594 -> 122587
D: 122536 -> 122528
D: 122578 -> 122570
D: 122467 -> 122467
D: 122587 -> 122580
D: 122689 -> 122709
D: 122574 -> 122559
D: 122484 -> 122484
D: 122607 -> 122612
D: 122560 -> 122552
D: 122467 -> 122467
D: 122467 -> 122467
D: 122467 -> 122467
D: 122628 -> 122587
D: 122498 -> 122484
D: 122467 -> 122467
D: 122556 -> 122549
D: 122528 -> 122528
D: 122528 -> 122488
D: 122602 -> 122551
D: 122709 -> 122699
D: 122542 -> 122611
D: 122612 -> 122612
D: 122594 -> 122533
D: 122580 -> 122580
D: 122578 -> 122467
D: 122555 -> 122535
D: 122505 -> 122587
D: 122576 -> 122617

 start over 57281 loops 177 unique solutions 
Original + vert_size 0 
D: 123091 -> 122641
D: 122576 -> 122528
D: 122584 -> 122542
D: 122543 -> 122965
D: 122559 -> 122498
D: 122565 -> 122528
D: 122597 -> 122584
D: 122594 -> 122594
D: 122543 -> 122528
D: 122586 -> 122512
D: 122572 -> 122559
D: 122467 -> 122467
D: 122542 -> 122481
D: 122566 -> 122566
D: 122548 -> 122528
D: 122548 -> 122535
D: 122587 -> 122519
D: 122552 -> 122545
D: 122570 -> 122570
D: 122467 -> 122467
D: 122467 -> 122467
D: 122570 -> 122514
D: 122467 -> 122467
D: 122575 -> 122549
D: 122586 -> 122538
D: 122528 -> 122528
D: 122585 -> 122498
D: 122467 -> 122467

 start over 84357 loops 201 unique solutions 
Original + vert_size 0 
D: 123091 -> 122730
D: 122566 -> 122566
D: 122612 -> 122540
D: 122599 -> 122542
D: 122467 -> 122467
D: 122467 -> 122467
D: 122582 -> 122530
D: 122556 -> 122525
D: 122559 -> 122580
D: 122484 -> 122481
D: 122534 -> 122528
D: 122512 -> 122498
D: 122509 -> 122500
D: 122488 -> 122573
D: 122467 -> 122467
D: 122583 -> 122518
D: 122622 -> 122795
D: 122572 -> 122498
D: 122467 -> 122467
D: 122650 -> 122631
D: 122590 -> 122523
D: 122559 -> 122833
D: 122467 -> 122467
D: 122530 -> 122531
D: 122467 -> 122467
D: 122711 -> 122601
D: 122467 -> 122467
D: 122467 -> 122467

 start over 111893 loops 225 unique solutions 
Original + vert_size 13 
D: 123091 -> 122744
D: 122669 -> 122467
D: 122500 -> 122505
D: 122566 -> 122528
D: 122502 -> 122502
D: 122649 -> 122517
D: 122572 -> 122545
D: 122467 -> 122467
D: 122657 -> 122643
D: 122670 -> 122602
D: 122602 -> 122602
D: 122573 -> 122573
D: 122519 -> 122498
D: 122467 -> 122467
D: 122467 -> 122467
D: 122467 -> 122467
D: 122467 -> 122467
D: 122506 -> 122488
D: 122686 -> 122576
D: 122467 -> 122467
D: 122467 -> 122467
D: 122519 -> 122498
D: 122567 -> 122538
D: 122467 -> 122467
D: 122551 -> 122507
D: 122467 -> 122467
D: 122514 -> 122467
D: 122467 -> 122467
D: 122467 -> 122467
D: 122560 -> 122522
D: 122539 -> 122488

 start over 141127 loops 249 unique solutions 
Approx + random 
D: 123139 -> 123059
D: 122500 -> 122467
D: 122467 -> 122467
D: 122467 -> 122467
D: 122519 -> 122467
D: 122653 -> 122622
D: 122579 -> 122542
D: 122622 -> 122622
D: 122503 -> 122498
D: 122544 -> 122515
D: 122517 -> 122467
D: 123059 -> 122714
D: 122467 -> 122467
D: 122467 -> 122802
D: 122529 -> 122505
D: 123059 -> 122847
D: 122467 -> 122467
D: 122567 -> 122519
D: 122583 -> 122583
D: 122653 -> 122622
D: 122647 -> 122618
D: 122618 -> 122598
D: 122467 -> 122467
D: 122666 -> 122591
D: 122467 -> 122467
D: 122571 -> 122528
D: 122604 -> 122522
D: 122467 -> 122467
D: 122691 -> 122527

 start over 169590 loops 273 unique solutions 
Approx + random 
D: 123139 -> 122903
D: 122579 -> 122512
D: 122467 -> 122467
D: 122648 -> 122648
D: 122467 -> 122467
D: 122467 -> 122467
D: 122467 -> 122467
D: 122686 -> 122625
D: 122474 -> 122517
D: 122567 -> 122688
D: 122467 -> 122467
D: 122597 -> 122537
D: 122467 -> 122467
D: 122694 -> 122684
D: 122467 -> 122467
D: 122542 -> 122547
D: 122530 -> 122505
D: 122467 -> 122467
D: 122522 -> 122522
D: 123059 -> 123375
D: 122654 -> 122517
D: 122605 -> 122578
D: 122590 -> 122597
D: 122798 -> 122641
D: 122467 -> 122467
D: 122467 -> 122467
D: 122580 -> 122580
D: 122607 -> 122484

 start over 196997 loops 310 unique solutions 
Original + vert_size 0 
D: 123091 -> 122712
D: 122467 -> 122467
D: 122593 -> 122615
D: 122611 -> 122532
D: 122599 -> 122565
D: 122599 -> 122565
D: 122679 -> 122661
D: 122467 -> 122467
D: 122615 -> 122512
D: 122467 -> 122467
D: 122594 -> 122587
D: 122467 -> 122467
D: 122614 -> 122484
D: 122474 -> 122467
D: 122528 -> 122549
D: 122559 -> 122519
D: 122700 -> 122597
end_heu: 212566 loops with 310 unique solutions in 1799.82 s

Calling print_solution
>>> get_solution
  refine_solution: new weight 122467 (was 122467) in 0.072019 s
## FINAL WEIGHT 122467
print_solution: 0.270756 s
