Version: final-94-gfffc3aa rub_all.sh: remove longest prefix
Random seed: 1550087177
Start
>>> save_orig_graph
>> Saved weight 0
Graph loaded
|V| = 44625, |E| = 56205, |R| = 190
First clearance of the input. Calling buy_zero and run_all_heuristics.
  buy_zero: 305 zero edges in 0.000514 s
  handle_small_terminal_degrees: terms 0 in 3.4e-05 s
  handle_small_Steiner_degrees: steiner 34, suppress 25627 in 0.006176 s
  shortest_edge_between_terminals: 0 edges in 1.1e-05 s
  handle_small_terminal_degrees: terms 0 in 3.4e-05 s
  handle_small_Steiner_degrees: steiner 2, suppress 1395 in 0.000441 s
  shortest_edge_between_terminals: 0 edges in 9e-06 s
  handle_small_terminal_degrees: terms 0 in 3.3e-05 s
  handle_small_Steiner_degrees: steiner 0, suppress 108 in 7.9e-05 s
  shortest_edge_between_terminals: 0 edges in 7e-06 s
  handle_small_terminal_degrees: terms 0 in 3.4e-05 s
  handle_small_Steiner_degrees: steiner 0, suppress 16 in 5.6e-05 s
  shortest_edge_between_terminals: 0 edges in 7e-06 s
  handle_small_terminal_degrees: terms 0 in 3.3e-05 s
  handle_small_Steiner_degrees: steiner 0, suppress 15 in 5.5e-05 s
  shortest_edge_between_terminals: 0 edges in 7e-06 s
  handle_small_terminal_degrees: terms 0 in 3.3e-05 s
  handle_small_Steiner_degrees: steiner 0, suppress 11 in 5.4e-05 s
  shortest_edge_between_terminals: 0 edges in 7e-06 s
  handle_small_terminal_degrees: terms 0 in 3.3e-05 s
  handle_small_Steiner_degrees: steiner 0, suppress 13 in 5.4e-05 s
  shortest_edge_between_terminals: 0 edges in 6e-06 s
  handle_small_terminal_degrees: terms 0 in 3.3e-05 s
  handle_small_Steiner_degrees: steiner 0, suppress 11 in 5.4e-05 s
  shortest_edge_between_terminals: 0 edges in 6e-06 s
  handle_small_terminal_degrees: terms 0 in 3.4e-05 s
  handle_small_Steiner_degrees: steiner 0, suppress 6 in 5.2e-05 s
  shortest_edge_between_terminals: 0 edges in 7e-06 s
  handle_small_terminal_degrees: terms 0 in 3.3e-05 s
  handle_small_Steiner_degrees: steiner 0, suppress 4 in 5.2e-05 s
  shortest_edge_between_terminals: 0 edges in 7e-06 s
  handle_small_terminal_degrees: terms 0 in 3.3e-05 s
  handle_small_Steiner_degrees: steiner 0, suppress 2 in 5.2e-05 s
  shortest_edge_between_terminals: 0 edges in 6e-06 s
  handle_small_terminal_degrees: terms 0 in 3.3e-05 s
  handle_small_Steiner_degrees: steiner 0, suppress 3 in 5.2e-05 s
  shortest_edge_between_terminals: 0 edges in 7e-06 s
  handle_small_terminal_degrees: terms 0 in 3.3e-05 s
  handle_small_Steiner_degrees: steiner 0, suppress 3 in 5.2e-05 s
  shortest_edge_between_terminals: 0 edges in 7e-06 s
  handle_small_terminal_degrees: terms 0 in 3.3e-05 s
  handle_small_Steiner_degrees: steiner 0, suppress 3 in 5.2e-05 s
  shortest_edge_between_terminals: 0 edges in 6e-06 s
  handle_small_terminal_degrees: terms 0 in 3.4e-05 s
  handle_small_Steiner_degrees: steiner 0, suppress 1 in 5.1e-05 s
  shortest_edge_between_terminals: 0 edges in 6e-06 s
  handle_small_terminal_degrees: terms 0 in 3.3e-05 s
  handle_small_Steiner_degrees: steiner 0, suppress 0 in 5.1e-05 s
  shortest_edge_between_terminals: 0 edges in 6e-06 s
Compressed graph 44625 -> 17086
  delete_edges: deleted 937 edges in 0.010987 s and 5 rounds
  handle_small_terminal_degrees: terms 0 in 1.3e-05 s
  handle_small_Steiner_degrees: steiner 7, suppress 1115 in 0.000307 s
  shortest_edge_between_terminals: 0 edges in 7e-06 s
  handle_small_terminal_degrees: terms 0 in 1.3e-05 s
  handle_small_Steiner_degrees: steiner 0, suppress 46 in 3.4e-05 s
  shortest_edge_between_terminals: 0 edges in 6e-06 s
  handle_small_terminal_degrees: terms 0 in 1.3e-05 s
  handle_small_Steiner_degrees: steiner 0, suppress 1 in 2.1e-05 s
  shortest_edge_between_terminals: 0 edges in 5e-06 s
  handle_small_terminal_degrees: terms 0 in 1.2e-05 s
  handle_small_Steiner_degrees: steiner 0, suppress 0 in 2.1e-05 s
  shortest_edge_between_terminals: 0 edges in 5e-06 s
Compressed graph 17086 -> 15917
  delete_edges_shortest_path: deleted 1588 edges in 0.161433 s
  handle_small_terminal_degrees: terms 2 in 1.7e-05 s
  handle_small_Steiner_degrees: steiner 170, suppress 2154 in 0.000569 s
  shortest_edge_between_terminals: 0 edges in 6e-06 s
  handle_small_terminal_degrees: terms 2 in 1.4e-05 s
  handle_small_Steiner_degrees: steiner 2, suppress 120 in 5.3e-05 s
  shortest_edge_between_terminals: 0 edges in 5e-06 s
  handle_small_terminal_degrees: terms 0 in 1.2e-05 s
  handle_small_Steiner_degrees: steiner 0, suppress 9 in 2.2e-05 s
  shortest_edge_between_terminals: 0 edges in 5e-06 s
  handle_small_terminal_degrees: terms 0 in 1.2e-05 s
  handle_small_Steiner_degrees: steiner 0, suppress 2 in 2e-05 s
  shortest_edge_between_terminals: 0 edges in 5e-06 s
  handle_small_terminal_degrees: terms 0 in 1.1e-05 s
  handle_small_Steiner_degrees: steiner 0, suppress 0 in 2e-05 s
  shortest_edge_between_terminals: 0 edges in 4e-06 s
Compressed graph 15917 -> 13456
  handle_small_terminal_degrees: terms 0 in 1e-05 s
  handle_small_Steiner_degrees: steiner 0, suppress 0 in 1.5e-05 s
  shortest_edge_between_terminals: 0 edges in 8e-06 s
Compressed graph 13456 -> 13454
  delete_edges_shortest_path: deleted 257 edges in 0.110459 s
  handle_small_terminal_degrees: terms 1 in 1.2e-05 s
  handle_small_Steiner_degrees: steiner 9, suppress 422 in 0.000146 s
  shortest_edge_between_terminals: 0 edges in 6e-06 s
  handle_small_terminal_degrees: terms 0 in 1e-05 s
  handle_small_Steiner_degrees: steiner 0, suppress 23 in 2.3e-05 s
  shortest_edge_between_terminals: 0 edges in 4e-06 s
  handle_small_terminal_degrees: terms 2 in 1.2e-05 s
  handle_small_Steiner_degrees: steiner 0, suppress 3 in 1.8e-05 s
  shortest_edge_between_terminals: 0 edges in 4e-06 s
  handle_small_terminal_degrees: terms 0 in 1e-05 s
  handle_small_Steiner_degrees: steiner 0, suppress 0 in 1.7e-05 s
  shortest_edge_between_terminals: 0 edges in 3e-06 s
Compressed graph 13454 -> 12994
Compressed graph 12994 -> 12994
>>> save_orig_graph
>> Saved weight 43840
### ZEL_LVL=0 PRECISE_STARS=1

Calling `contract_till_the_bitter_end`
|V| = 12994, |E| = 20195, |R| = 189
>>> get_solution
>>> get_solution
  refine_solution: new weight 3709574 (was 3958632) in 0.003394 s
  refine_solution: new weight 3691928 (was 3709574) in 0.003231 s
  refine_solution: new weight 3691928 (was 3691928) in 0.003214 s
0,,12994,20195,189,,0,0,,3958632,3691928,43840,43840,43840,,0,0,@@

  delete_edges: deleted 44 edges in 0.003915 s and 2 rounds
  handle_small_Steiner_degrees: steiner 0, suppress 73 in 4.4e-05 s
Starting round 1
Found 73 isolated vertices
Invalid ratios recomputed: 12921
Best ratio is 11090/1 (11090.0), centered at 5377
Finding the best star... Star with 2 terminals centered in 11312
round took: 2.66505 s
|V| = 12994, |E| = 20056, |R| = 188
>>> get_solution
>>> get_solution
  refine_solution: new weight 3711603 (was 3960661) in 0.003368 s
  refine_solution: new weight 3693957 (was 3711603) in 0.003225 s
  refine_solution: new weight 3693957 (was 3693957) in 0.003196 s
1,,12921,20056,188,,12921,0,,3960661,3693957,54930,54930,54930,,11090,2,@@

  handle_small_Steiner_degrees: steiner 1, suppress 2 in 2e-05 s
Starting round 2
Found 91 isolated vertices
Invalid ratios recomputed: 7798
Best ratio is 57289/5 (11457.8), centered at 2058
Finding the best star... Star with 6 terminals centered in 11222
round took: 2.00852 s
|V| = 12994, |E| = 20015, |R| = 183
>>> get_solution
>>> get_solution
  refine_solution: new weight 3713200 (was 3955883) in 0.003406 s
  refine_solution: new weight 3698657 (was 3713200) in 0.003219 s
  refine_solution: new weight 3698657 (was 3698657) in 0.003196 s
2,,12903,20015,183,,7798,0,,3955883,3698657,112219,112219,112219,,57289,6,@@

  handle_small_Steiner_degrees: steiner 0, suppress 3 in 2.5e-05 s
Starting round 3
Found 127 isolated vertices
Invalid ratios recomputed: 6627
Best ratio is 81890/7 (11698.6), centered at 6763
Finding the best star... Star with 8 terminals centered in 11446
round took: 1.8358 s
|V| = 12994, |E| = 19959, |R| = 176
>>> get_solution
>>> get_solution
  refine_solution: new weight 3700061 (was 3936730) in 0.003395 s
  refine_solution: new weight 3684308 (was 3700061) in 0.003222 s
  refine_solution: new weight 3683372 (was 3684308) in 0.003199 s
  refine_solution: new weight 3683372 (was 3683372) in 0.003183 s
3,,12867,19959,176,,6627,0,,3936730,3683372,194109,194109,194109,,81890,8,@@

  handle_small_Steiner_degrees: steiner 0, suppress 11 in 3.3e-05 s
Starting round 4
Found 181 isolated vertices
Invalid ratios recomputed: 8079
Best ratio is 45996/4 (11499.0), centered at 6160
Finding the best star... Star with 5 terminals centered in 11520
round took: 2.00615 s
|V| = 12994, |E| = 19907, |R| = 172
>>> get_solution
>>> get_solution
  refine_solution: new weight 3703177 (was 3921516) in 0.003382 s
  refine_solution: new weight 3687424 (was 3703177) in 0.003214 s
  refine_solution: new weight 3686488 (was 3687424) in 0.003221 s
  refine_solution: new weight 3686488 (was 3686488) in 0.003201 s
4,,12813,19907,172,,8079,0,,3921516,3686488,240105,240105,240105,,45996,5,@@

  handle_small_Steiner_degrees: steiner 1, suppress 8 in 3e-05 s
Starting round 5
Found 218 isolated vertices
Invalid ratios recomputed: 8409
Best ratio is 24125/2 (12062.5), centered at 2788
Finding the best star... Star with 3 terminals centered in 11077
round took: 2.07886 s
|V| = 12994, |E| = 19874, |R| = 170
>>> get_solution
>>> get_solution
  refine_solution: new weight 3700072 (was 3911625) in 0.003401 s
  refine_solution: new weight 3686537 (was 3700072) in 0.00322 s
  refine_solution: new weight 3685601 (was 3686537) in 0.003192 s
  refine_solution: new weight 3685601 (was 3685601) in 0.003193 s
5,,12776,19874,170,,8409,0,,3911625,3685601,264230,264230,264230,,24125,3,@@

  handle_small_Steiner_degrees: steiner 0, suppress 5 in 2.8e-05 s
Starting round 6
Found 241 isolated vertices
Invalid ratios recomputed: 7779
Best ratio is 35556/3 (11852.0), centered at 2723
Finding the best star... Star with 4 terminals centered in 11077
round took: 2.03535 s
|V| = 12994, |E| = 19840, |R| = 167
>>> get_solution
>>> get_solution
  refine_solution: new weight 3700756 (was 3900857) in 0.003396 s
  refine_solution: new weight 3688431 (was 3700756) in 0.003241 s
  refine_solution: new weight 3688431 (was 3688431) in 0.003195 s
6,,12753,19840,167,,7779,0,,3900857,3688431,299786,299786,299786,,35556,4,@@

  handle_small_Steiner_degrees: steiner 0, suppress 7 in 3e-05 s
Starting round 7
Found 269 isolated vertices
Invalid ratios recomputed: 8224
Best ratio is 72510/6 (12085.0), centered at 6887
Finding the best star... Star with 7 terminals centered in 11526
round took: 2.21354 s
|V| = 12994, |E| = 19776, |R| = 161
>>> get_solution
>>> get_solution
  refine_solution: new weight 3708225 (was 3889314) in 0.003386 s
  refine_solution: new weight 3690307 (was 3708225) in 0.003215 s
  refine_solution: new weight 3690307 (was 3690307) in 0.003181 s
7,,12725,19776,161,,8224,0,,3889314,3690307,372296,372296,372296,,72510,7,@@

  handle_small_Steiner_degrees: steiner 1, suppress 15 in 3.8e-05 s
Starting round 8
Found 326 isolated vertices
Invalid ratios recomputed: 8543
Best ratio is 12593/1 (12593.0), centered at 6723
Finding the best star... Star with 2 terminals centered in 11548
round took: 2.21016 s
|V| = 12994, |E| = 19745, |R| = 160
>>> get_solution
>>> get_solution
  refine_solution: new weight 3708225 (was 3889314) in 0.003373 s
  refine_solution: new weight 3690307 (was 3708225) in 0.003227 s
  refine_solution: new weight 3690307 (was 3690307) in 0.003212 s
8,,12668,19745,160,,8543,0,,3889314,3690307,384889,384889,384889,,12593,2,@@

  handle_small_Steiner_degrees: steiner 1, suppress 8 in 3e-05 s
Starting round 9
Found 339 isolated vertices
Invalid ratios recomputed: 8530
Best ratio is 25439/2 (12719.5), centered at 2360
Finding the best star... Star with 3 terminals centered in 11800
round took: 2.23073 s
|V| = 12994, |E| = 19706, |R| = 158
>>> get_solution
>>> get_solution
  refine_solution: new weight 3708951 (was 3890513) in 0.003379 s
  refine_solution: new weight 3691033 (was 3708951) in 0.003211 s
  refine_solution: new weight 3691033 (was 3691033) in 0.003205 s
9,,12655,19706,158,,8530,0,,3890513,3691033,410328,410328,410328,,25439,3,@@

  handle_small_Steiner_degrees: steiner 1, suppress 3 in 4.5e-05 s
Starting round 10
Found 360 isolated vertices
Invalid ratios recomputed: 5123
Best ratio is 38549/3 (12849.7), centered at 1980
Finding the best star... Star with 4 terminals centered in 11324
round took: 1.75604 s
|V| = 12994, |E| = 19653, |R| = 155
>>> get_solution
>>> get_solution
  refine_solution: new weight 3708636 (was 3884414) in 0.003356 s
  refine_solution: new weight 3690718 (was 3708636) in 0.003226 s
  refine_solution: new weight 3690718 (was 3690718) in 0.003183 s
10,,12634,19653,155,,5123,0,,3884414,3690718,448877,448877,448877,,38549,4,@@

  handle_small_Steiner_degrees: steiner 0, suppress 13 in 3.4e-05 s
Starting round 11
Found 409 isolated vertices
Invalid ratios recomputed: 7611
Best ratio is 78619/6 (13103.2), centered at 7191
Finding the best star... Star with 7 terminals centered in 11620
round took: 2.15953 s
|V| = 12994, |E| = 19579, |R| = 149
>>> get_solution
>>> get_solution
  refine_solution: new weight 3703195 (was 3896977) in 0.00377 s
  refine_solution: new weight 3684067 (was 3703195) in 0.003304 s
  refine_solution: new weight 3683131 (was 3684067) in 0.003204 s
  refine_solution: new weight 3683131 (was 3683131) in 0.003191 s
11,,12585,19579,149,,7611,0,,3896977,3683131,527496,527496,527496,,78619,7,@@

  handle_small_Steiner_degrees: steiner 0, suppress 9 in 3.3e-05 s
Starting round 12
Found 464 isolated vertices
Invalid ratios recomputed: 8421
Best ratio is 13116/1 (13116.0), centered at 11041
Finding the best star... Star with 2 terminals centered in 11041
round took: 2.426 s
|V| = 12994, |E| = 19557, |R| = 148
>>> get_solution
>>> get_solution
  refine_solution: new weight 3703195 (was 3896977) in 0.003387 s
  refine_solution: new weight 3684067 (was 3703195) in 0.003212 s
  refine_solution: new weight 3683131 (was 3684067) in 0.003184 s
  refine_solution: new weight 3683131 (was 3683131) in 0.003178 s
12,,12530,19557,148,,8421,0,,3896977,3683131,540612,540612,540612,,13116,2,@@

  handle_small_Steiner_degrees: steiner 0, suppress 4 in 2.6e-05 s
Starting round 13
Found 473 isolated vertices
Invalid ratios recomputed: 5599
Best ratio is 13221/1 (13221.0), centered at 5608
Finding the best star... Star with 2 terminals centered in 11351
round took: 2.03675 s
|V| = 12994, |E| = 19544, |R| = 147
>>> get_solution
>>> get_solution
  refine_solution: new weight 3704590 (was 3905170) in 0.003389 s
  refine_solution: new weight 3682294 (was 3704590) in 0.003216 s
  refine_solution: new weight 3682294 (was 3682294) in 0.003188 s
13,,12521,19544,147,,5599,0,,3905170,3682294,553833,553833,553833,,13221,2,@@

  handle_small_Steiner_degrees: steiner 0, suppress 2 in 2.4e-05 s
Starting round 14
Found 482 isolated vertices
Invalid ratios recomputed: 7831
Best ratio is 65303/5 (13060.6), centered at 6081
Finding the best star... Star with 6 terminals centered in 11369
round took: 2.40372 s
|V| = 12994, |E| = 19491, |R| = 142
>>> get_solution
>>> get_solution
  refine_solution: new weight 3699783 (was 3883506) in 0.003372 s
  refine_solution: new weight 3686068 (was 3699783) in 0.003212 s
  refine_solution: new weight 3685239 (was 3686068) in 0.003188 s
  refine_solution: new weight 3685239 (was 3685239) in 0.003205 s
14,,12512,19491,142,,7831,0,,3883506,3685239,619136,619136,619136,,65303,6,@@

  handle_small_Steiner_degrees: steiner 0, suppress 12 in 3.9e-05 s
Starting round 15
Found 534 isolated vertices
Invalid ratios recomputed: 8441
Best ratio is 25342/2 (12671.0), centered at 5503
Finding the best star... Star with 3 terminals centered in 11312
round took: 2.66407 s
|V| = 12994, |E| = 19447, |R| = 140
>>> get_solution
>>> get_solution
  refine_solution: new weight 3697754 (was 3881477) in 0.003367 s
  refine_solution: new weight 3684039 (was 3697754) in 0.003206 s
  refine_solution: new weight 3683210 (was 3684039) in 0.00321 s
  refine_solution: new weight 3683210 (was 3683210) in 0.003181 s
15,,12460,19447,140,,8441,0,,3881477,3683210,644478,644478,644478,,25342,3,@@

  handle_small_Steiner_degrees: steiner 0, suppress 7 in 3.3e-05 s
Starting round 16
Found 560 isolated vertices
Invalid ratios recomputed: 8934
Best ratio is 13335/1 (13335.0), centered at 6155
Finding the best star... Star with 2 terminals centered in 11620
round took: 2.82225 s
|V| = 12994, |E| = 19432, |R| = 139
>>> get_solution
>>> get_solution
  refine_solution: new weight 3697754 (was 3881049) in 0.003415 s
  refine_solution: new weight 3684039 (was 3697754) in 0.003218 s
  refine_solution: new weight 3683210 (was 3684039) in 0.003195 s
  refine_solution: new weight 3683210 (was 3683210) in 0.003173 s
16,,12434,19432,139,,8934,0,,3881049,3683210,657813,657813,657813,,13335,2,@@

  delete_edges: deleted 85 edges in 0.046652 s and 26 rounds
  handle_small_Steiner_degrees: steiner 4, suppress 82 in 6.4e-05 s
Starting round 17
Found 653 isolated vertices
Invalid ratios recomputed: 8745
Best ratio is 40513/3 (13504.3), centered at 2813
Finding the best star... Star with 4 terminals centered in 11077
round took: 2.77825 s
|V| = 12994, |E| = 19214, |R| = 136
>>> get_solution
>>> get_solution
  refine_solution: new weight 3694684 (was 3875382) in 0.003368 s
  refine_solution: new weight 3680969 (was 3694684) in 0.003219 s
  refine_solution: new weight 3680140 (was 3680969) in 0.003179 s
  refine_solution: new weight 3680140 (was 3680140) in 0.003175 s
17,,12341,19214,136,,8745,0,,3875382,3680140,698326,698326,698326,,40513,4,@@

  handle_small_Steiner_degrees: steiner 1, suppress 21 in 5.2e-05 s
Starting round 18
Found 701 isolated vertices
Invalid ratios recomputed: 9460
Best ratio is 108718/8 (13589.8), centered at 7362
Finding the best star... Star with 9 terminals centered in 11694
round took: 3.05696 s
|V| = 12994, |E| = 19111, |R| = 128
>>> get_solution
>>> get_solution
  refine_solution: new weight 3693395 (was 3847989) in 0.003373 s
  refine_solution: new weight 3679680 (was 3693395) in 0.003234 s
  refine_solution: new weight 3678851 (was 3679680) in 0.003199 s
  refine_solution: new weight 3678851 (was 3678851) in 0.003199 s
18,,12293,19111,128,,9460,0,,3847989,3678851,806676,806676,806676,,108718,9,@@

  handle_small_Steiner_degrees: steiner 1, suppress 20 in 4.3e-05 s
Starting round 19
Found 777 isolated vertices
Invalid ratios recomputed: 8318
Best ratio is 13806/1 (13806.0), centered at 2349
Finding the best star... Star with 2 terminals centered in 2349
round took: 2.8674 s
|V| = 12994, |E| = 19065, |R| = 127
>>> get_solution
>>> get_solution
  refine_solution: new weight 3691499 (was 3851546) in 0.003361 s
  refine_solution: new weight 3677784 (was 3691499) in 0.003236 s
  refine_solution: new weight 3676955 (was 3677784) in 0.003196 s
  refine_solution: new weight 3676955 (was 3676955) in 0.003184 s
19,,12217,19065,127,,8318,0,,3851546,3676955,820482,820482,820482,,13806,2,@@

  handle_small_Steiner_degrees: steiner 1, suppress 9 in 3.1e-05 s
Starting round 20
Found 797 isolated vertices
Invalid ratios recomputed: 4809
Best ratio is 13899/1 (13899.0), centered at 3218
Finding the best star... Star with 2 terminals centered in 11299
round took: 1.94278 s
|V| = 12994, |E| = 19035, |R| = 126
>>> get_solution
>>> get_solution
  refine_solution: new weight 3691499 (was 3843877) in 0.003408 s
  refine_solution: new weight 3677784 (was 3691499) in 0.003204 s
  refine_solution: new weight 3676955 (was 3677784) in 0.003179 s
  refine_solution: new weight 3676955 (was 3676955) in 0.003178 s
20,,12197,19035,126,,4809,0,,3843877,3676955,834381,834381,834381,,13899,2,@@

  handle_small_Steiner_degrees: steiner 0, suppress 6 in 2.7e-05 s
Starting round 21
Found 813 isolated vertices
Invalid ratios recomputed: 7320
Best ratio is 14025/1 (14025.0), centered at 3201
Finding the best star... Star with 2 terminals centered in 11154
round took: 2.63701 s
|V| = 12994, |E| = 19020, |R| = 125
>>> get_solution
>>> get_solution
  refine_solution: new weight 3690084 (was 3842462) in 0.003401 s
  refine_solution: new weight 3676369 (was 3690084) in 0.003203 s
  refine_solution: new weight 3675540 (was 3676369) in 0.003179 s
  refine_solution: new weight 3675540 (was 3675540) in 0.003178 s
21,,12181,19020,125,,7320,0,,3842462,3675540,848406,848406,848406,,14025,2,@@

  handle_small_Steiner_degrees: steiner 0, suppress 3 in 2.3e-05 s
Starting round 22
Found 821 isolated vertices
Invalid ratios recomputed: 7804
Best ratio is 42630/3 (14210.0), centered at 5499
Finding the best star... Star with 4 terminals centered in 11360
round took: 2.903 s
|V| = 12994, |E| = 18983, |R| = 122
>>> get_solution
>>> get_solution
  refine_solution: new weight 3692329 (was 3840283) in 0.003386 s
  refine_solution: new weight 3674588 (was 3692329) in 0.003201 s
  refine_solution: new weight 3673759 (was 3674588) in 0.003183 s
  refine_solution: new weight 3673759 (was 3673759) in 0.003181 s
22,,12173,18983,122,,7804,0,,3840283,3673759,891036,891036,891036,,42630,4,@@

  handle_small_Steiner_degrees: steiner 0, suppress 8 in 6.7e-05 s
Starting round 23
Found 855 isolated vertices
Invalid ratios recomputed: 9418
Best ratio is 86225/6 (14370.8), centered at 1262
Finding the best star... Star with 7 terminals centered in 11791
round took: 3.19258 s
|V| = 12994, |E| = 18914, |R| = 116
>>> get_solution
>>> get_solution
  refine_solution: new weight 3695910 (was 3804995) in 0.003388 s
  refine_solution: new weight 3680642 (was 3695910) in 0.003209 s
  refine_solution: new weight 3679813 (was 3680642) in 0.00321 s
  refine_solution: new weight 3679813 (was 3679813) in 0.003188 s
23,,12139,18914,116,,9418,0,,3804995,3679813,977261,977261,977261,,86225,7,@@

  handle_small_Steiner_degrees: steiner 0, suppress 11 in 3.6e-05 s
Starting round 24
Found 914 isolated vertices
Invalid ratios recomputed: 7681
Best ratio is 14580/1 (14580.0), centered at 1155
Finding the best star... Star with 2 terminals centered in 11620
round took: 3.05521 s
|V| = 12994, |E| = 18888, |R| = 115
>>> get_solution
>>> get_solution
  refine_solution: new weight 3693052 (was 3802137) in 0.003389 s
  refine_solution: new weight 3677784 (was 3693052) in 0.003208 s
  refine_solution: new weight 3676955 (was 3677784) in 0.003186 s
  refine_solution: new weight 3676955 (was 3676955) in 0.003197 s
24,,12080,18888,115,,7681,0,,3802137,3676955,991841,991841,991841,,14580,2,@@

  handle_small_Steiner_degrees: steiner 0, suppress 3 in 2.6e-05 s
Starting round 25
Found 924 isolated vertices
Invalid ratios recomputed: 9094
Best ratio is 73166/5 (14633.2), centered at 3525
Finding the best star... Star with 6 terminals centered in 10982
round took: 3.25598 s
|V| = 12994, |E| = 18840, |R| = 110
>>> get_solution
>>> get_solution
  refine_solution: new weight 3693052 (was 3804925) in 0.003373 s
  refine_solution: new weight 3677784 (was 3693052) in 0.003241 s
  refine_solution: new weight 3676955 (was 3677784) in 0.003195 s
  refine_solution: new weight 3676955 (was 3676955) in 0.003185 s
25,,12070,18840,110,,9094,0,,3804925,3676955,1065007,1065007,1065007,,73166,6,@@

  handle_small_Steiner_degrees: steiner 0, suppress 10 in 3.9e-05 s
Starting round 26
Found 970 isolated vertices
Invalid ratios recomputed: 9344
Best ratio is 44059/3 (14686.3), centered at 2903
Finding the best star... Star with 4 terminals centered in 11791
round took: 3.46612 s
|V| = 12994, |E| = 18796, |R| = 107
>>> get_solution
>>> get_solution
  refine_solution: new weight 3690409 (was 3796429) in 0.003399 s
  refine_solution: new weight 3675141 (was 3690409) in 0.0032 s
  refine_solution: new weight 3674312 (was 3675141) in 0.003198 s
  refine_solution: new weight 3674312 (was 3674312) in 0.003178 s
26,,12024,18796,107,,9344,0,,3796429,3674312,1109066,1109066,1109066,,44059,4,@@

  handle_small_Steiner_degrees: steiner 0, suppress 7 in 3e-05 s
Starting round 27
Found 1002 isolated vertices
Invalid ratios recomputed: 8490
Best ratio is 14796/1 (14796.0), centered at 6704
Finding the best star... Star with 2 terminals centered in 11561
round took: 3.47588 s
|V| = 12994, |E| = 18776, |R| = 106
>>> get_solution
>>> get_solution
  refine_solution: new weight 3688297 (was 3796300) in 0.003388 s
  refine_solution: new weight 3673029 (was 3688297) in 0.003223 s
  refine_solution: new weight 3672200 (was 3673029) in 0.003196 s
  refine_solution: new weight 3672200 (was 3672200) in 0.003195 s
27,,11992,18776,106,,8490,0,,3796300,3672200,1123862,1123862,1123862,,14796,2,@@

  handle_small_Steiner_degrees: steiner 0, suppress 4 in 2.7e-05 s
Starting round 28
Found 1013 isolated vertices
Invalid ratios recomputed: 7989
Best ratio is 14875/1 (14875.0), centered at 1997
Finding the best star... Star with 2 terminals centered in 10982
round took: 3.50813 s
|V| = 12994, |E| = 18762, |R| = 105
>>> get_solution
>>> get_solution
  refine_solution: new weight 3688297 (was 3796300) in 0.003383 s
  refine_solution: new weight 3673029 (was 3688297) in 0.003201 s
  refine_solution: new weight 3672200 (was 3673029) in 0.003204 s
  refine_solution: new weight 3672200 (was 3672200) in 0.003179 s
28,,11981,18762,105,,7989,0,,3796300,3672200,1138737,1138737,1138737,,14875,2,@@

  handle_small_Steiner_degrees: steiner 0, suppress 4 in 2.8e-05 s
Starting round 29
Found 1023 isolated vertices
Invalid ratios recomputed: 9300
Best ratio is 29885/2 (14942.5), centered at 2469
Finding the best star... Star with 3 terminals centered in 11006
round took: 3.93226 s
|V| = 12994, |E| = 18744, |R| = 103
>>> get_solution
>>> get_solution
  refine_solution: new weight 3687719 (was 3793184) in 0.003385 s
  refine_solution: new weight 3672451 (was 3687719) in 0.003211 s
  refine_solution: new weight 3671622 (was 3672451) in 0.003195 s
  refine_solution: new weight 3671622 (was 3671622) in 0.003211 s
29,,11971,18744,103,,9300,0,,3793184,3671622,1168622,1168622,1168622,,29885,3,@@

  handle_small_Steiner_degrees: steiner 0, suppress 7 in 6e-05 s
Starting round 30
Found 1040 isolated vertices
Invalid ratios recomputed: 7957
Best ratio is 14987/1 (14987.0), centered at 2632
Finding the best star... Star with 2 terminals centered in 11025
round took: 3.68338 s
|V| = 12994, |E| = 18724, |R| = 102
>>> get_solution
>>> get_solution
  refine_solution: new weight 3676788 (was 3782328) in 0.003363 s
  refine_solution: new weight 3661520 (was 3676788) in 0.003209 s
  refine_solution: new weight 3660691 (was 3661520) in 0.003204 s
  refine_solution: new weight 3660691 (was 3660691) in 0.003184 s
30,,11954,18724,102,,7957,0,,3782328,3660691,1183609,1183609,1183609,,14987,2,@@

  handle_small_Steiner_degrees: steiner 0, suppress 1 in 1.9e-05 s
Starting round 31
Found 1048 isolated vertices
Invalid ratios recomputed: 8155
Best ratio is 15078/1 (15078.0), centered at 5894
Finding the best star... Star with 2 terminals centered in 11389
round took: 3.53971 s
|V| = 12994, |E| = 18710, |R| = 101
>>> get_solution
>>> get_solution
  refine_solution: new weight 3671095 (was 3772990) in 0.003373 s
  refine_solution: new weight 3658046 (was 3671095) in 0.003219 s
  refine_solution: new weight 3658046 (was 3658046) in 0.003201 s
31,,11946,18710,101,,8155,0,,3772990,3658046,1198687,1198687,1198687,,15078,2,@@

  handle_small_Steiner_degrees: steiner 0, suppress 2 in 2.7e-05 s
Starting round 32
Found 1060 isolated vertices
Invalid ratios recomputed: 9263
Best ratio is 15117/1 (15117.0), centered at 1011
Finding the best star... Star with 2 terminals centered in 10896
round took: 3.79095 s
|V| = 12994, |E| = 18691, |R| = 100
>>> get_solution
>>> get_solution
  refine_solution: new weight 3672370 (was 3774265) in 0.003374 s
  refine_solution: new weight 3659321 (was 3672370) in 0.003188 s
  refine_solution: new weight 3659321 (was 3659321) in 0.003217 s
32,,11934,18691,100,,9263,0,,3774265,3659321,1213804,1213804,1213804,,15117,2,@@

  delete_edges: deleted 73 edges in 0.034331 s and 18 rounds
  handle_small_Steiner_degrees: steiner 1, suppress 83 in 7.2e-05 s
Starting round 33
Found 1155 isolated vertices
Invalid ratios recomputed: 7400
Best ratio is 30601/2 (15300.5), centered at 6708
Finding the best star... Star with 3 terminals centered in 11592
round took: 3.15383 s
|V| = 12994, |E| = 18499, |R| = 98
>>> get_solution
>>> get_solution
  refine_solution: new weight 3677636 (was 3764424) in 0.003364 s
  refine_solution: new weight 3658994 (was 3677636) in 0.00318 s
  refine_solution: new weight 3658994 (was 3658994) in 0.003181 s
33,,11839,18499,98,,7400,0,,3764424,3658994,1244405,1244405,1244405,,30601,3,@@

  handle_small_Steiner_degrees: steiner 0, suppress 11 in 4.2e-05 s
Starting round 34
Found 1182 isolated vertices
Invalid ratios recomputed: 8474
Best ratio is 77652/5 (15530.4), centered at 6611
Finding the best star... Star with 6 terminals centered in 11463
round took: 3.38416 s
|V| = 12994, |E| = 18434, |R| = 93
>>> get_solution
>>> get_solution
  refine_solution: new weight 3667150 (was 3745757) in 0.003379 s
  refine_solution: new weight 3654101 (was 3667150) in 0.003179 s
  refine_solution: new weight 3654101 (was 3654101) in 0.003177 s
34,,11812,18434,93,,8474,0,,3745757,3654101,1322057,1322057,1322057,,77652,6,@@

  handle_small_Steiner_degrees: steiner 0, suppress 13 in 4.9e-05 s
Starting round 35
Found 1236 isolated vertices
Invalid ratios recomputed: 9469
Best ratio is 15629/1 (15629.0), centered at 6122
Finding the best star... Star with 2 terminals centered in 11421
round took: 4.47581 s
|V| = 12994, |E| = 18408, |R| = 92
>>> get_solution
>>> get_solution
  refine_solution: new weight 3667150 (was 3745757) in 0.003381 s
  refine_solution: new weight 3654101 (was 3667150) in 0.003183 s
  refine_solution: new weight 3654101 (was 3654101) in 0.003168 s
35,,11758,18408,92,,9469,0,,3745757,3654101,1337686,1337686,1337686,,15629,2,@@

  handle_small_Steiner_degrees: steiner 0, suppress 0 in 1.7e-05 s
Starting round 36
Found 1243 isolated vertices
Invalid ratios recomputed: 9462
Best ratio is 31292/2 (15646.0), centered at 2625
Finding the best star... Star with 3 terminals centered in 11421
round took: 4.51694 s
|V| = 12994, |E| = 18391, |R| = 90
>>> get_solution
>>> get_solution
  refine_solution: new weight 3659065 (was 3737672) in 0.003348 s
  refine_solution: new weight 3646016 (was 3659065) in 0.00319 s
  refine_solution: new weight 3646016 (was 3646016) in 0.003192 s
36,,11751,18391,90,,9462,0,,3737672,3646016,1368978,1368978,1368978,,31292,3,@@

  handle_small_Steiner_degrees: steiner 0, suppress 3 in 3e-05 s
Starting round 37
Found 1260 isolated vertices
Invalid ratios recomputed: 9445
Best ratio is 95414/6 (15902.3), centered at 7291
Finding the best star... Star with 7 terminals centered in 11670
round took: 4.65681 s
|V| = 12994, |E| = 18343, |R| = 84
>>> get_solution
>>> get_solution
  refine_solution: new weight 3665898 (was 3723609) in 0.003367 s
  refine_solution: new weight 3652849 (was 3665898) in 0.003175 s
  refine_solution: new weight 3652849 (was 3652849) in 0.003204 s
37,,11734,18343,84,,9445,0,,3723609,3652849,1464392,1464392,1464392,,95414,7,@@

  handle_small_Steiner_degrees: steiner 0, suppress 8 in 4.7e-05 s
Starting round 38
Found 1304 isolated vertices
Invalid ratios recomputed: 9403
Best ratio is 31206/2 (15603.0), centered at 7449
Finding the best star... Star with 3 terminals centered in 11730
round took: 4.85883 s
|V| = 12994, |E| = 18311, |R| = 82
>>> get_solution
>>> get_solution
  refine_solution: new weight 3659346 (was 3717057) in 0.003372 s
  refine_solution: new weight 3646297 (was 3659346) in 0.003192 s
  refine_solution: new weight 3646297 (was 3646297) in 0.003189 s
38,,11690,18311,82,,9403,0,,3717057,3646297,1495598,1495598,1495598,,31206,3,@@

  handle_small_Steiner_degrees: steiner 0, suppress 6 in 4.4e-05 s
Starting round 39
Found 1327 isolated vertices
Invalid ratios recomputed: 9402
Best ratio is 47882/3 (15960.7), centered at 2340
Finding the best star... Star with 4 terminals centered in 10983
round took: 5.06061 s
|V| = 12994, |E| = 18271, |R| = 79
>>> get_solution
>>> get_solution
  refine_solution: new weight 3658558 (was 3707971) in 0.003388 s
  refine_solution: new weight 3645509 (was 3658558) in 0.003202 s
  refine_solution: new weight 3645509 (was 3645509) in 0.003179 s
39,,11667,18271,79,,9402,0,,3707971,3645509,1543480,1543480,1543480,,47882,4,@@

  handle_small_Steiner_degrees: steiner 0, suppress 7 in 3.8e-05 s
Starting round 40
Found 1358 isolated vertices
Invalid ratios recomputed: 9371
Best ratio is 64355/4 (16088.8), centered at 7
Finding the best star... Star with 5 terminals centered in 2935
round took: 5.16827 s
|V| = 12994, |E| = 18226, |R| = 75
>>> get_solution
>>> get_solution
  refine_solution: new weight 3610921 (was 3660334) in 0.003382 s
  refine_solution: new weight 3597872 (was 3610921) in 0.003214 s
  refine_solution: new weight 3597872 (was 3597872) in 0.003189 s
40,,11636,18226,75,,9371,0,,3660334,3597872,1607835,1607835,1607835,,64355,5,@@

  handle_small_Steiner_degrees: steiner 0, suppress 10 in 6.9e-05 s
Starting round 41
Found 1394 isolated vertices
Invalid ratios recomputed: 2639
Best ratio is 16343/1 (16343.0), centered at 6592
Finding the best star... Star with 2 terminals centered in 10983
round took: 1.68872 s
|V| = 12994, |E| = 18204, |R| = 74
>>> get_solution
>>> get_solution
  refine_solution: new weight 3610921 (was 3660334) in 0.003392 s
  refine_solution: new weight 3597872 (was 3610921) in 0.003191 s
  refine_solution: new weight 3597872 (was 3597872) in 0.003196 s
41,,11600,18204,74,,2639,0,,3660334,3597872,1624178,1624178,1624178,,16343,2,@@

  handle_small_Steiner_degrees: steiner 0, suppress 2 in 2.8e-05 s
Starting round 42
Found 1401 isolated vertices
Invalid ratios recomputed: 9322
Best ratio is 16373/1 (16373.0), centered at 3184
Finding the best star... Star with 2 terminals centered in 11184
round took: 5.288 s
|V| = 12994, |E| = 18195, |R| = 73
>>> get_solution
>>> get_solution
  refine_solution: new weight 3610646 (was 3653676) in 0.003401 s
  refine_solution: new weight 3597597 (was 3610646) in 0.003191 s
  refine_solution: new weight 3597597 (was 3597597) in 0.003181 s
42,,11593,18195,73,,9322,0,,3653676,3597597,1640551,1640551,1640551,,16373,2,@@

  handle_small_Steiner_degrees: steiner 0, suppress 1 in 2.3e-05 s
Starting round 43
Found 1408 isolated vertices
Invalid ratios recomputed: 9340
Best ratio is 16378/1 (16378.0), centered at 41
Finding the best star... Star with 2 terminals centered in 42
round took: 5.46405 s
|V| = 12994, |E| = 18186, |R| = 72
>>> get_solution
>>> get_solution
  refine_solution: new weight 3610646 (was 3653676) in 0.003386 s
  refine_solution: new weight 3597597 (was 3610646) in 0.003198 s
  refine_solution: new weight 3597597 (was 3597597) in 0.003173 s
43,,11586,18186,72,,9340,0,,3653676,3597597,1656929,1656929,1656929,,16378,2,@@

  handle_small_Steiner_degrees: steiner 0, suppress 2 in 4.5e-05 s
Starting round 44
Found 1414 isolated vertices
Invalid ratios recomputed: 2539
Best ratio is 49424/3 (16474.7), centered at 2580
Finding the best star... Star with 4 terminals centered in 10983
round took: 1.6123 s
|V| = 12994, |E| = 18156, |R| = 69
>>> get_solution
>>> get_solution
  refine_solution: new weight 3602242 (was 3645272) in 0.003373 s
  refine_solution: new weight 3589193 (was 3602242) in 0.003213 s
  refine_solution: new weight 3589193 (was 3589193) in 0.003172 s
44,,11580,18156,69,,2539,0,,3645272,3589193,1706353,1706353,1706353,,49424,4,@@

  handle_small_Steiner_degrees: steiner 0, suppress 3 in 2.6e-05 s
Starting round 45
Found 1438 isolated vertices
Invalid ratios recomputed: 9397
Best ratio is 16800/1 (16800.0), centered at 3856
Finding the best star... Star with 2 terminals centered in 11244
round took: 5.75353 s
|V| = 12994, |E| = 18142, |R| = 68
>>> get_solution
>>> get_solution
  refine_solution: new weight 3602242 (was 3645272) in 0.003399 s
  refine_solution: new weight 3589193 (was 3602242) in 0.003192 s
  refine_solution: new weight 3589193 (was 3589193) in 0.003181 s
45,,11556,18142,68,,9397,0,,3645272,3589193,1723153,1723153,1723153,,16800,2,@@

  handle_small_Steiner_degrees: steiner 0, suppress 7 in 3.5e-05 s
Starting round 46
Found 1451 isolated vertices
Invalid ratios recomputed: 6101
Best ratio is 34059/2 (17029.5), centered at 2284
Finding the best star... Star with 3 terminals centered in 11284
round took: 3.34754 s
|V| = 12994, |E| = 18113, |R| = 66
>>> get_solution
>>> get_solution
  refine_solution: new weight 3598194 (was 3637267) in 0.003389 s
  refine_solution: new weight 3589171 (was 3598194) in 0.003204 s
  refine_solution: new weight 3589171 (was 3589171) in 0.003173 s
46,,11543,18113,66,,6101,0,,3637267,3589171,1757212,1757212,1757212,,34059,3,@@

  handle_small_Steiner_degrees: steiner 0, suppress 3 in 2.3e-05 s
Starting round 47
Found 1471 isolated vertices
Invalid ratios recomputed: 9644
Best ratio is 17376/1 (17376.0), centered at 2020
Finding the best star... Star with 2 terminals centered in 11006
round took: 5.94053 s
|V| = 12994, |E| = 18092, |R| = 65
>>> get_solution
>>> get_solution
  refine_solution: new weight 3598194 (was 3637267) in 0.00342 s
  refine_solution: new weight 3589171 (was 3598194) in 0.003196 s
  refine_solution: new weight 3589171 (was 3589171) in 0.003173 s
47,,11523,18092,65,,9644,0,,3637267,3589171,1774588,1774588,1774588,,17376,2,@@

  handle_small_Steiner_degrees: steiner 0, suppress 3 in 3e-05 s
Starting round 48
Found 1488 isolated vertices
Invalid ratios recomputed: 9591
Best ratio is 55420/3 (18473.3), centered at 576
Finding the best star... Star with 4 terminals centered in 4785
round took: 5.96083 s
|V| = 12994, |E| = 18055, |R| = 62
>>> get_solution
>>> get_solution
  refine_solution: new weight 3595051 (was 3634124) in 0.003384 s
  refine_solution: new weight 3586028 (was 3595051) in 0.003213 s
  refine_solution: new weight 3586028 (was 3586028) in 0.003184 s
48,,11506,18055,62,,9591,0,,3634124,3586028,1830008,1830008,1830008,,55420,4,@@

  delete_edges: deleted 88 edges in 0.117293 s and 42 rounds
  handle_small_Steiner_degrees: steiner 2, suppress 110 in 0.000133 s
Starting round 49
Found 1630 isolated vertices
Invalid ratios recomputed: 9184
Best ratio is 55951/3 (18650.3), centered at 10893
Finding the best star... Star with 4 terminals centered in 10885
round took: 5.86729 s
|V| = 12994, |E| = 17796, |R| = 59
>>> get_solution
>>> get_solution
  refine_solution: new weight 3595967 (was 3627412) in 0.003395 s
  refine_solution: new weight 3586944 (was 3595967) in 0.003198 s
  refine_solution: new weight 3586944 (was 3586944) in 0.003192 s
49,,11364,17796,59,,9184,0,,3627412,3586944,1885959,1885959,1885959,,55951,4,@@

  handle_small_Steiner_degrees: steiner 0, suppress 16 in 4.8e-05 s
Starting round 50
Found 1677 isolated vertices
Invalid ratios recomputed: 8617
Best ratio is 53215/3 (17738.3), centered at 29
Finding the best star... Star with 4 terminals centered in 11006
round took: 5.79945 s
|V| = 12994, |E| = 17725, |R| = 56
>>> get_solution
>>> get_solution
  refine_solution: new weight 3595967 (was 3627412) in 0.003389 s
  refine_solution: new weight 3586944 (was 3595967) in 0.00319 s
  refine_solution: new weight 3586944 (was 3586944) in 0.003199 s
50,,11317,17725,56,,8617,0,,3627412,3586944,1939174,1939174,1939174,,53215,4,@@

  handle_small_Steiner_degrees: steiner 0, suppress 12 in 6.8e-05 s
Starting round 51
Found 1726 isolated vertices
Invalid ratios recomputed: 9372
Best ratio is 18901/1 (18901.0), centered at 5637
Finding the best star... Star with 2 terminals centered in 11435
round took: 6.20841 s
|V| = 12994, |E| = 17699, |R| = 55
>>> get_solution
>>> get_solution
  refine_solution: new weight 3593635 (was 3625080) in 0.003431 s
  refine_solution: new weight 3584612 (was 3593635) in 0.003207 s
  refine_solution: new weight 3584612 (was 3584612) in 0.003204 s
51,,11268,17699,55,,9372,0,,3625080,3584612,1958075,1958075,1958075,,18901,2,@@

  handle_small_Steiner_degrees: steiner 0, suppress 3 in 3.1e-05 s
Starting round 52
Found 1739 isolated vertices
Invalid ratios recomputed: 9359
Best ratio is 19006/1 (19006.0), centered at 1268
Finding the best star... Star with 2 terminals centered in 11163
round took: 6.17288 s
|V| = 12994, |E| = 17680, |R| = 54
>>> get_solution
>>> get_solution
  refine_solution: new weight 3593635 (was 3625080) in 0.003402 s
  refine_solution: new weight 3584612 (was 3593635) in 0.003199 s
  refine_solution: new weight 3584612 (was 3584612) in 0.003194 s
52,,11255,17680,54,,9359,0,,3625080,3584612,1977081,1977081,1977081,,19006,2,@@

  handle_small_Steiner_degrees: steiner 0, suppress 5 in 4.1e-05 s
Starting round 53
Found 1755 isolated vertices
Invalid ratios recomputed: 9343
Best ratio is 38029/2 (19014.5), centered at 2349
Finding the best star... Star with 3 terminals centered in 11818
round took: 6.21834 s
|V| = 12994, |E| = 17647, |R| = 52
>>> get_solution
>>> get_solution
  refine_solution: new weight 3603055 (was 3621053) in 0.003421 s
  refine_solution: new weight 3594032 (was 3603055) in 0.003218 s
  refine_solution: new weight 3594032 (was 3594032) in 0.003226 s
53,,11239,17647,52,,9343,0,,3621053,3594032,2015110,2015110,2015110,,38029,3,@@

  handle_small_Steiner_degrees: steiner 0, suppress 6 in 3.2e-05 s
Starting round 54
Found 1784 isolated vertices
Invalid ratios recomputed: 6164
Best ratio is 19133/1 (19133.0), centered at 5696
Finding the best star... Star with 2 terminals centered in 11163
round took: 3.64886 s
|V| = 12994, |E| = 17620, |R| = 51
>>> get_solution
>>> get_solution
  refine_solution: new weight 3603055 (was 3621053) in 0.003423 s
  refine_solution: new weight 3594032 (was 3603055) in 0.00322 s
  refine_solution: new weight 3594032 (was 3594032) in 0.003229 s
54,,11210,17620,51,,6164,0,,3621053,3594032,2034243,2034243,2034243,,19133,2,@@

  handle_small_Steiner_degrees: steiner 0, suppress 0 in 1.6e-05 s
Starting round 55
Found 1801 isolated vertices
Invalid ratios recomputed: 9363
Best ratio is 38565/2 (19282.5), centered at 4102
Finding the best star... Star with 3 terminals centered in 11265
round took: 6.35547 s
|V| = 12994, |E| = 17592, |R| = 49
>>> get_solution
>>> get_solution
  refine_solution: new weight 3595810 (was 3613808) in 0.003438 s
  refine_solution: new weight 3586787 (was 3595810) in 0.003223 s
  refine_solution: new weight 3586787 (was 3586787) in 0.003209 s
55,,11193,17592,49,,9363,0,,3613808,3586787,2072808,2072808,2072808,,38565,3,@@

  handle_small_Steiner_degrees: steiner 0, suppress 2 in 3.1e-05 s
Starting round 56
Found 1827 isolated vertices
Invalid ratios recomputed: 9483
Best ratio is 59296/3 (19765.3), centered at 535
Finding the best star... Star with 4 terminals centered in 11726
round took: 6.39081 s
|V| = 12994, |E| = 17547, |R| = 46
>>> get_solution
>>> get_solution
  refine_solution: new weight 3593468 (was 3605723) in 0.003437 s
  refine_solution: new weight 3593468 (was 3593468) in 0.003215 s
56,,11167,17547,46,,9483,0,,3605723,3593468,2132104,2132104,2132104,,59296,4,@@

  handle_small_Steiner_degrees: steiner 0, suppress 8 in 2.9e-05 s
Starting round 57
Found 1868 isolated vertices
Invalid ratios recomputed: 9235
Best ratio is 39642/2 (19821.0), centered at 1397
Finding the best star... Star with 3 terminals centered in 11181
round took: 7.01254 s
|V| = 12994, |E| = 17506, |R| = 44
>>> get_solution
>>> get_solution
  refine_solution: new weight 3589249 (was 3601504) in 0.003418 s
  refine_solution: new weight 3589249 (was 3589249) in 0.003239 s
57,,11126,17506,44,,9235,0,,3601504,3589249,2171746,2171746,2171746,,39642,3,@@

  handle_small_Steiner_degrees: steiner 0, suppress 13 in 5.7e-05 s
Starting round 58
Found 1902 isolated vertices
Invalid ratios recomputed: 9464
Best ratio is 20113/1 (20113.0), centered at 3594
Finding the best star... Star with 2 terminals centered in 11181
round took: 7.23317 s
|V| = 12994, |E| = 17476, |R| = 43
>>> get_solution
>>> get_solution
  refine_solution: new weight 3589249 (was 3601504) in 0.003467 s
  refine_solution: new weight 3589249 (was 3589249) in 0.003253 s
58,,11092,17476,43,,9464,0,,3601504,3589249,2191859,2191859,2191859,,20113,2,@@

  handle_small_Steiner_degrees: steiner 1, suppress 10 in 5e-05 s
Starting round 59
Found 1917 isolated vertices
Invalid ratios recomputed: 9449
Best ratio is 20289/1 (20289.0), centered at 2393
Finding the best star... Star with 2 terminals centered in 2703
round took: 7.34155 s
|V| = 12994, |E| = 17450, |R| = 42
>>> get_solution
>>> get_solution
  refine_solution: new weight 3589249 (was 3601504) in 0.003436 s
  refine_solution: new weight 3589249 (was 3589249) in 0.003245 s
59,,11077,17450,42,,9449,0,,3601504,3589249,2212148,2212148,2212148,,20289,2,@@

  handle_small_Steiner_degrees: steiner 1, suppress 1 in 3.2e-05 s
Starting round 60
Found 1925 isolated vertices
Invalid ratios recomputed: 7508
Best ratio is 20453/1 (20453.0), centered at 6958
Finding the best star... Star with 2 terminals centered in 11609
round took: 5.36909 s
|V| = 12994, |E| = 17434, |R| = 41
>>> get_solution
>>> get_solution
  refine_solution: new weight 3588918 (was 3601173) in 0.003421 s
  refine_solution: new weight 3588918 (was 3588918) in 0.003253 s
60,,11069,17434,41,,7508,0,,3601173,3588918,2232601,2232601,2232601,,20453,2,@@

  handle_small_Steiner_degrees: steiner 0, suppress 2 in 3.2e-05 s
Starting round 61
Found 1939 isolated vertices
Invalid ratios recomputed: 9510
Best ratio is 20867/1 (20867.0), centered at 2524
Finding the best star... Star with 2 terminals centered in 11742
round took: 7.47138 s
|V| = 12994, |E| = 17418, |R| = 40
>>> get_solution
>>> get_solution
  refine_solution: new weight 3587265 (was 3599520) in 0.003448 s
  refine_solution: new weight 3587265 (was 3587265) in 0.003235 s
61,,11055,17418,40,,9510,0,,3599520,3587265,2253468,2253468,2253468,,20867,2,@@

  handle_small_Steiner_degrees: steiner 0, suppress 4 in 2.4e-05 s
Starting round 62
Found 1953 isolated vertices
Invalid ratios recomputed: 5120
Best ratio is 22024/1 (22024.0), centered at 2214
Finding the best star... Star with 2 terminals centered in 10973
round took: 4.36051 s
|V| = 12994, |E| = 17400, |R| = 39
>>> get_solution
>>> get_solution
  refine_solution: new weight 3578933 (was 3596670) in 0.003434 s
  refine_solution: new weight 3578933 (was 3578933) in 0.003236 s
62,,11041,17400,39,,5120,0,,3596670,3578933,2275492,2275492,2275492,,22024,2,@@

  handle_small_Steiner_degrees: steiner 0, suppress 3 in 3.3e-05 s
Starting round 63
Found 1966 isolated vertices
Invalid ratios recomputed: 9541
Best ratio is 44224/2 (22112.0), centered at 3268
Finding the best star... Star with 3 terminals centered in 11169
round took: 7.5376 s
|V| = 12994, |E| = 17382, |R| = 37
>>> get_solution
>>> get_solution
  refine_solution: new weight 3578933 (was 3596670) in 0.003415 s
  refine_solution: new weight 3578933 (was 3578933) in 0.003259 s
63,,11028,17382,37,,9541,0,,3596670,3578933,2319716,2319716,2319716,,44224,3,@@

  handle_small_Steiner_degrees: steiner 1, suppress 6 in 3.6e-05 s
Starting round 64
Found 1982 isolated vertices
Invalid ratios recomputed: 9525
Best ratio is 22390/1 (22390.0), centered at 3047
Finding the best star... Star with 2 terminals centered in 11127
round took: 7.83707 s
|V| = 12994, |E| = 17362, |R| = 36
>>> get_solution
>>> get_solution
  refine_solution: new weight 3578933 (was 3596670) in 0.003421 s
  refine_solution: new weight 3578933 (was 3578933) in 0.003248 s
64,,11012,17362,36,,9525,0,,3596670,3578933,2342106,2342106,2342106,,22390,2,@@

  delete_edges: deleted 80 edges in 0.150971 s and 43 rounds
  handle_small_Steiner_degrees: steiner 0, suppress 94 in 0.000157 s
Starting round 65
Found 2083 isolated vertices
Invalid ratios recomputed: 9431
Best ratio is 67492/3 (22497.3), centered at 3910
Finding the best star... Star with 4 terminals centered in 3318
round took: 7.79082 s
|V| = 12994, |E| = 17124, |R| = 33
>>> get_solution
>>> get_solution
  refine_solution: new weight 3574837 (was 3591123) in 0.003453 s
  refine_solution: new weight 3574837 (was 3574837) in 0.003243 s
65,,10911,17124,33,,9431,0,,3591123,3574837,2409598,2409598,2409598,,67492,4,@@

  handle_small_Steiner_degrees: steiner 0, suppress 12 in 6.4e-05 s
Starting round 66
Found 2136 isolated vertices
Invalid ratios recomputed: 9811
Best ratio is 45164/2 (22582.0), centered at 1286
Finding the best star... Star with 3 terminals centered in 11771
round took: 7.632 s
|V| = 12994, |E| = 17075, |R| = 31
>>> get_solution
>>> get_solution
  refine_solution: new weight 3565653 (was 3584770) in 0.003429 s
  refine_solution: new weight 3565653 (was 3565653) in 0.003264 s
66,,10858,17075,31,,9811,0,,3584770,3565653,2454762,2454762,2454762,,45164,3,@@

  handle_small_Steiner_degrees: steiner 0, suppress 11 in 6.2e-05 s
Starting round 67
Found 2175 isolated vertices
Invalid ratios recomputed: 9294
Best ratio is 22938/1 (22938.0), centered at 1008
Finding the best star... Star with 2 terminals centered in 10915
round took: 7.73363 s
|V| = 12994, |E| = 17052, |R| = 30
>>> get_solution
>>> get_solution
  refine_solution: new weight 3563999 (was 3583116) in 0.003455 s
  refine_solution: new weight 3563999 (was 3563999) in 0.00325 s
67,,10819,17052,30,,9294,0,,3583116,3563999,2477700,2477700,2477700,,22938,2,@@

  handle_small_Steiner_degrees: steiner 0, suppress 2 in 2.9e-05 s
Starting round 68
Found 2180 isolated vertices
Invalid ratios recomputed: 6351
Best ratio is 23121/1 (23121.0), centered at 1931
Finding the best star... Star with 2 terminals centered in 10968
round took: 6.21749 s
|V| = 12994, |E| = 17044, |R| = 29
>>> get_solution
>>> get_solution
  refine_solution: new weight 3563999 (was 3583116) in 0.003449 s
  refine_solution: new weight 3563999 (was 3563999) in 0.003266 s
68,,10814,17044,29,,6351,0,,3583116,3563999,2500821,2500821,2500821,,23121,2,@@

  handle_small_Steiner_degrees: steiner 0, suppress 1 in 2.4e-05 s
Starting round 69
Found 2185 isolated vertices
Invalid ratios recomputed: 9287
Best ratio is 24069/1 (24069.0), centered at 1962
Finding the best star... Star with 2 terminals centered in 10942
round took: 7.80951 s
|V| = 12994, |E| = 17024, |R| = 28
>>> get_solution
>>> get_solution
  refine_solution: new weight 3563999 (was 3583116) in 0.003445 s
  refine_solution: new weight 3563999 (was 3563999) in 0.003236 s
69,,10809,17024,28,,9287,0,,3583116,3563999,2524890,2524890,2524890,,24069,2,@@

  handle_small_Steiner_degrees: steiner 1, suppress 5 in 3.8e-05 s
Starting round 70
Found 2204 isolated vertices
Invalid ratios recomputed: 9268
Best ratio is 24089/1 (24089.0), centered at 4516
Finding the best star... Star with 2 terminals centered in 10361
round took: 7.77673 s
|V| = 12994, |E| = 17006, |R| = 27
>>> get_solution
>>> get_solution
  refine_solution: new weight 3563999 (was 3583116) in 0.003456 s
  refine_solution: new weight 3563999 (was 3563999) in 0.003256 s
70,,10790,17006,27,,9268,0,,3583116,3563999,2548979,2548979,2548979,,24089,2,@@

  handle_small_Steiner_degrees: steiner 0, suppress 3 in 3.6e-05 s
Starting round 71
Found 2216 isolated vertices
Invalid ratios recomputed: 9256
Best ratio is 24226/1 (24226.0), centered at 5174
Finding the best star... Star with 2 terminals centered in 10361
round took: 7.75444 s
|V| = 12994, |E| = 16986, |R| = 26
>>> get_solution
>>> get_solution
  refine_solution: new weight 3563999 (was 3583116) in 0.003455 s
  refine_solution: new weight 3563999 (was 3563999) in 0.003254 s
71,,10778,16986,26,,9256,0,,3583116,3563999,2573205,2573205,2573205,,24226,2,@@

  handle_small_Steiner_degrees: steiner 0, suppress 4 in 4.2e-05 s
Starting round 72
Found 2232 isolated vertices
Invalid ratios recomputed: 9240
Best ratio is 24394/1 (24394.0), centered at 1374
Finding the best star... Star with 2 terminals centered in 10935
round took: 7.82917 s
|V| = 12994, |E| = 16959, |R| = 25
>>> get_solution
>>> get_solution
  refine_solution: new weight 3562423 (was 3581540) in 0.003459 s
  refine_solution: new weight 3562423 (was 3562423) in 0.003261 s
72,,10762,16959,25,,9240,0,,3581540,3562423,2597599,2597599,2597599,,24394,2,@@

  handle_small_Steiner_degrees: steiner 0, suppress 2 in 3.4e-05 s
Starting round 73
Found 2254 isolated vertices
Invalid ratios recomputed: 9342
Best ratio is 24428/1 (24428.0), centered at 541
Finding the best star... Star with 2 terminals centered in 4785
round took: 7.88464 s
|V| = 12994, |E| = 16937, |R| = 24
>>> get_solution
>>> get_solution
  refine_solution: new weight 3556934 (was 3576051) in 0.003456 s
  refine_solution: new weight 3556934 (was 3556934) in 0.003278 s
73,,10740,16937,24,,9342,0,,3576051,3556934,2622027,2622027,2622027,,24428,2,@@

  handle_small_Steiner_degrees: steiner 0, suppress 2 in 3.2e-05 s
Starting round 74
Found 2274 isolated vertices
Invalid ratios recomputed: 9322
Best ratio is 24744/1 (24744.0), centered at 4785
Finding the best star... Star with 2 terminals centered in 4785
round took: 7.7508 s
|V| = 12994, |E| = 16922, |R| = 23
>>> get_solution
>>> get_solution
  refine_solution: new weight 3556934 (was 3576051) in 0.003464 s
  refine_solution: new weight 3556934 (was 3556934) in 0.003247 s
74,,10720,16922,23,,9322,0,,3576051,3556934,2646771,2646771,2646771,,24744,2,@@

  handle_small_Steiner_degrees: steiner 0, suppress 2 in 3.2e-05 s
Starting round 75
Found 2286 isolated vertices
Invalid ratios recomputed: 9310
Best ratio is 25056/1 (25056.0), centered at 42
Finding the best star... Star with 2 terminals centered in 42
round took: 7.88854 s
|V| = 12994, |E| = 16894, |R| = 22
>>> get_solution
>>> get_solution
  refine_solution: new weight 3556934 (was 3576051) in 0.003458 s
  refine_solution: new weight 3556934 (was 3556934) in 0.003263 s
75,,10708,16894,22,,9310,0,,3576051,3556934,2671827,2671827,2671827,,25056,2,@@

  handle_small_Steiner_degrees: steiner 0, suppress 5 in 3.3e-05 s
Starting round 76
Found 2310 isolated vertices
Invalid ratios recomputed: 2891
Best ratio is 25492/1 (25492.0), centered at 2508
Finding the best star... Star with 2 terminals centered in 5594
round took: 2.39574 s
|V| = 12994, |E| = 16882, |R| = 21
>>> get_solution
>>> get_solution
  refine_solution: new weight 3556934 (was 3576051) in 0.003445 s
  refine_solution: new weight 3556934 (was 3556934) in 0.003268 s
76,,10684,16882,21,,2891,0,,3576051,3556934,2697319,2697319,2697319,,25492,2,@@

  handle_small_Steiner_degrees: steiner 0, suppress 3 in 3e-05 s
Starting round 77
Found 2316 isolated vertices
Invalid ratios recomputed: 5114
Best ratio is 25548/1 (25548.0), centered at 3058
Finding the best star... Star with 2 terminals centered in 3318
round took: 4.00045 s
|V| = 12994, |E| = 16854, |R| = 20
>>> get_solution
>>> get_solution
  refine_solution: new weight 3553136 (was 3572253) in 0.00343 s
  refine_solution: new weight 3553136 (was 3553136) in 0.003259 s
77,,10678,16854,20,,5114,0,,3572253,3553136,2722867,2722867,2722867,,25548,2,@@

  handle_small_Steiner_degrees: steiner 0, suppress 3 in 5.7e-05 s
Starting round 78
Found 2340 isolated vertices
Invalid ratios recomputed: 9929
Best ratio is 25898/1 (25898.0), centered at 1051
Finding the best star... Star with 2 terminals centered in 10920
round took: 8.14819 s
|V| = 12994, |E| = 16840, |R| = 19
>>> get_solution
>>> get_solution
  refine_solution: new weight 3553136 (was 3567000) in 0.003439 s
  refine_solution: new weight 3553136 (was 3553136) in 0.003225 s
78,,10654,16840,19,,9929,0,,3567000,3553136,2748765,2748765,2748765,,25898,2,@@

  handle_small_Steiner_degrees: steiner 0, suppress 3 in 2.5e-05 s
Starting round 79
Found 2351 isolated vertices
Invalid ratios recomputed: 9898
Best ratio is 26532/1 (26532.0), centered at 3192
Finding the best star... Star with 2 terminals centered in 4785
round took: 8.69885 s
|V| = 12994, |E| = 16830, |R| = 18
>>> get_solution
>>> get_solution
  refine_solution: new weight 3553136 (was 3567000) in 0.003482 s
  refine_solution: new weight 3553136 (was 3553136) in 0.003241 s
79,,10643,16830,18,,9898,0,,3567000,3553136,2775297,2775297,2775297,,26532,2,@@

  handle_small_Steiner_degrees: steiner 0, suppress 3 in 3e-05 s
Starting round 80
Found 2358 isolated vertices
Invalid ratios recomputed: 9913
Best ratio is 26658/1 (26658.0), centered at 1060
Finding the best star... Star with 2 terminals centered in 3318
round took: 9.52155 s
|V| = 12994, |E| = 16806, |R| = 17
>>> get_solution
>>> get_solution
  refine_solution: new weight 3553136 (was 3567000) in 0.003426 s
  refine_solution: new weight 3553136 (was 3553136) in 0.003239 s
80,,10636,16806,17,,9913,0,,3567000,3553136,2801955,2801955,2801955,,26658,2,@@

  handle_small_Steiner_degrees: steiner 0, suppress 3 in 2.8e-05 s
Starting round 81
Found 2377 isolated vertices
Invalid ratios recomputed: 6460
Best ratio is 28426/1 (28426.0), centered at 4785
Finding the best star... Star with 2 terminals centered in 4785
round took: 6.12155 s
|V| = 12994, |E| = 16790, |R| = 16
>>> get_solution
>>> get_solution
  refine_solution: new weight 3553136 (was 3567000) in 0.003449 s
  refine_solution: new weight 3553136 (was 3553136) in 0.003239 s
81,,10617,16790,16,,6460,0,,3567000,3553136,2830381,2830381,2830381,,28426,2,@@

  handle_small_Steiner_degrees: steiner 0, suppress 1 in 2.6e-05 s
Starting round 82
Found 2388 isolated vertices
Invalid ratios recomputed: 10297
Best ratio is 86298/3 (28766.0), centered at 179
Finding the best star... Star with 4 terminals centered in 11774
round took: 10.8802 s
|V| = 12994, |E| = 16726, |R| = 13
>>> get_solution
>>> get_solution
  refine_solution: new weight 3551899 (was 3561116) in 0.003427 s
  refine_solution: new weight 3551899 (was 3551899) in 0.003243 s
82,,10606,16726,13,,10297,0,,3561116,3551899,2916679,2916679,2916679,,86298,4,@@

  handle_small_Steiner_degrees: steiner 0, suppress 4 in 3e-05 s
Starting round 83
Found 2450 isolated vertices
Invalid ratios recomputed: 10497
Best ratio is 30600/1 (30600.0), centered at 975
Finding the best star... Star with 2 terminals centered in 10915
round took: 12.5721 s
|V| = 12994, |E| = 16705, |R| = 12
>>> get_solution
>>> get_solution
  refine_solution: new weight 3551899 (was 3561116) in 0.003435 s
  refine_solution: new weight 3551899 (was 3551899) in 0.003247 s
83,,10544,16705,12,,10497,0,,3561116,3551899,2947279,2947279,2947279,,30600,2,@@

  handle_small_Steiner_degrees: steiner 0, suppress 4 in 2.6e-05 s
Starting round 84
Found 2464 isolated vertices
Invalid ratios recomputed: 7578
Best ratio is 30693/1 (30693.0), centered at 3203
Finding the best star... Star with 2 terminals centered in 11782
round took: 10.4676 s
|V| = 12994, |E| = 16676, |R| = 11
>>> get_solution
>>> get_solution
  refine_solution: new weight 3546198 (was 3555415) in 0.00345 s
  refine_solution: new weight 3546198 (was 3546198) in 0.003263 s
84,,10530,16676,11,,7578,0,,3555415,3546198,2977972,2977972,2977972,,30693,2,@@

  handle_small_Steiner_degrees: steiner 1, suppress 3 in 2.6e-05 s
Starting round 85
Found 2487 isolated vertices
Invalid ratios recomputed: 10506
Best ratio is 31855/1 (31855.0), centered at 1142
Finding the best star... Star with 2 terminals centered in 5594
round took: 13.8068 s
|V| = 12994, |E| = 16649, |R| = 10
>>> get_solution
>>> get_solution
  refine_solution: new weight 3535829 (was 3545046) in 0.003458 s
  refine_solution: new weight 3535829 (was 3535829) in 0.003246 s
85,,10507,16649,10,,10506,0,,3545046,3535829,3009827,3009827,3009827,,31855,2,@@

  handle_small_Steiner_degrees: steiner 0, suppress 5 in 3e-05 s
Starting round 86
Found 2506 isolated vertices
Invalid ratios recomputed: 10267
Best ratio is 68385/2 (34192.5), centered at 7688
Finding the best star... Star with 3 terminals centered in 11726
round took: 14.3445 s
|V| = 12994, |E| = 16599, |R| = 8
>>> get_solution
>>> get_solution
  refine_solution: new weight 3532816 (was 3542033) in 0.003446 s
  refine_solution: new weight 3532816 (was 3532816) in 0.003239 s
86,,10488,16599,8,,10267,0,,3542033,3532816,3078212,3078212,3078212,,68385,3,@@

  handle_small_Steiner_degrees: steiner 0, suppress 6 in 3.9e-05 s
Starting round 87
Found 2551 isolated vertices
Invalid ratios recomputed: 10442
Best ratio is 38205/1 (38205.0), centered at 638
Finding the best star... Star with 2 terminals centered in 11726
round took: 15.427 s
|V| = 12994, |E| = 16569, |R| = 7
>>> get_solution
>>> get_solution
  refine_solution: new weight 3532816 (was 3542033) in 0.003477 s
  refine_solution: new weight 3532816 (was 3532816) in 0.00324 s
87,,10443,16569,7,,10442,0,,3542033,3532816,3116417,3116417,3116417,,38205,2,@@

  handle_small_Steiner_degrees: steiner 0, suppress 5 in 5.7e-05 s
Starting round 88
Found 2573 isolated vertices
Invalid ratios recomputed: 10420
Best ratio is 41843/1 (41843.0), centered at 1127
Finding the best star... Star with 2 terminals centered in 11782
round took: 16.007 s
|V| = 12994, |E| = 16538, |R| = 6
>>> get_solution
>>> get_solution
  refine_solution: new weight 3531731 (was 3540948) in 0.00343 s
  refine_solution: new weight 3531731 (was 3531731) in 0.003271 s
88,,10421,16538,6,,10420,0,,3540948,3531731,3158260,3158260,3158260,,41843,2,@@

  handle_small_Steiner_degrees: steiner 0, suppress 2 in 2.8e-05 s
Starting round 89
Found 2597 isolated vertices
Invalid ratios recomputed: 10397
Best ratio is 41916/1 (41916.0), centered at 1555
Finding the best star... Star with 2 terminals centered in 11726
round took: 15.9141 s
|V| = 12994, |E| = 16503, |R| = 5
>>> get_solution
>>> get_solution
  refine_solution: new weight 3531731 (was 3540948) in 0.003454 s
  refine_solution: new weight 3531731 (was 3531731) in 0.003267 s
89,,10397,16503,5,,10397,0,,3540948,3531731,3200176,3200176,3200176,,41916,2,@@

  handle_small_Steiner_degrees: steiner 2, suppress 2 in 4.6e-05 s
Starting round 90
Found 2628 isolated vertices
Invalid ratios recomputed: 10366
Best ratio is 49790/1 (49790.0), centered at 2765
Finding the best star... Star with 2 terminals centered in 11726
round took: 16.2754 s
|V| = 12994, |E| = 16481, |R| = 4
>>> get_solution
>>> get_solution
  refine_solution: new weight 3531731 (was 3540948) in 0.003445 s
  refine_solution: new weight 3531731 (was 3531731) in 0.003278 s
90,,10366,16481,4,,10366,0,,3540948,3531731,3249966,3249966,3249966,,49790,2,@@

  handle_small_Steiner_degrees: steiner 0, suppress 3 in 5e-05 s
Starting round 91
Found 2646 isolated vertices
Invalid ratios recomputed: 10348
Best ratio is 50206/1 (50206.0), centered at 1151
Finding the best star... Star with 2 terminals centered in 11726
round took: 16.1904 s
|V| = 12994, |E| = 16458, |R| = 3
>>> get_solution
>>> get_solution
  refine_solution: new weight 3531731 (was 3540948) in 0.003438 s
  refine_solution: new weight 3531731 (was 3531731) in 0.003257 s
91,,10348,16458,3,,10348,0,,3540948,3531731,3300172,3300172,3300172,,50206,2,@@

  handle_small_Steiner_degrees: steiner 0, suppress 4 in 5.7e-05 s
Starting round 92
Found 2667 isolated vertices
Invalid ratios recomputed: 10327
Best ratio is 103849/1 (103849.0), centered at 42
Finding the best star... Star with 2 terminals centered in 11726
round took: 17.4883 s
|V| = 12994, |E| = 16423, |R| = 2
>>> get_solution
>>> get_solution
  refine_solution: new weight 3531731 (was 3540948) in 0.003446 s
  refine_solution: new weight 3531731 (was 3531731) in 0.003241 s
92,,10327,16423,2,,10327,0,,3540948,3531731,3404021,3404021,3404021,,103849,2,@@

  handle_small_Steiner_degrees: steiner 0, suppress 4 in 6.4e-05 s
Starting round 93
Found 2697 isolated vertices
Invalid ratios recomputed: 10297
Best ratio is 136927/1 (136927.0), centered at 362
Finding the best star... Star with 2 terminals centered in 10915
round took: 17.3312 s
|V| = 12994, |E| = 16394, |R| = 1
>>> get_solution
>>> get_solution
  refine_solution: new weight 3531731 (was 3540948) in 0.00343 s
  refine_solution: new weight 3531731 (was 3531731) in 0.003257 s
93,,10297,16394,1,,10297,0,,3540948,3531731,3540948,3540948,3540948,,136927,2,@@

  handle_small_Steiner_degrees: steiner 0, suppress 5 in 4.6e-05 s
contract_till_the_bitter_end: 559.97 s

Calling end_heu
>>> get_solution
Saved weight 43840
D: 3540948 -> 3507244
  BEST solution improved 3540948 -> 3507244 (vert_size 0, round 1) *
  BEST solution improved 3507244 -> 3506419 (vert_size 2, round 307) *
  BEST solution improved 3506419 -> 3505810 (vert_size 2, round 409) *
  BEST solution improved 3505810 -> 3505381 (vert_size 2, round 459) *
  BEST solution improved 3505381 -> 3504496 (vert_size 2, round 489)
  BEST solution improved 3504496 -> 3503907 (vert_size 3, round 683) *
D: 3503907 -> 3502090
  BEST solution improved 3503907 -> 3502090 (vert_size 0, round 1001) *
  BEST solution improved 3502090 -> 3500773 (vert_size 4, round 1046)
  BEST solution improved 3500773 -> 3500414 (vert_size 7, round 1834) *
  BEST solution improved 3500414 -> 3500261 (vert_size 2, round 1836)
  BEST solution improved 3500261 -> 3499503 (vert_size 2, round 1871) *
D: 3499503 -> 3498640
  BEST solution improved 3499503 -> 3498640 (vert_size 0, round 2001) *
D: 3498640 -> 3498640
D: 3505810 -> 3503885
D: 3498640 -> 3498640
  BEST solution improved 3498640 -> 3498084 (vert_size 1, round 5962) *
D: 3498084 -> 3498084
D: 3498084 -> 3498084
D: 3500640 -> 3499550
D: 3498084 -> 3498084
D: 3499550 -> 3499550
D: 3498084 -> 3498084
D: 3499550 -> 3499550
D: 3500640 -> 3506349
D: 3501525 -> 3500435
  BEST solution improved 3499602 -> 3497846 (vert_size 4, round 14644) *
  BEST solution improved 3497846 -> 3496873 (vert_size 1, round 14740) *
D: 3496873 -> 3495747
  BEST solution improved 3496873 -> 3495747 (vert_size 0, round 15001) *
D: 3495747 -> 3495747
  BEST solution improved 3495747 -> 3494862 (vert_size 4, round 16065) *
  BEST solution improved 3494862 -> 3494306 (vert_size 2, round 16127) *
D: 3494306 -> 3494306
D: 3495747 -> 3496657
D: 3494306 -> 3494681
D: 3494306 -> 3494306
D: 3494306 -> 3494306
D: 3494681 -> 3501480
D: 3499550 -> 3499550
D: 3498961 -> 3498640
D: 3494306 -> 3495258
D: 3498640 -> 3498640
D: 3496068 -> 3495747
D: 3494306 -> 3494306
D: 3494306 -> 3498681
D: 3494306 -> 3494306
D: 3498640 -> 3498640
D: 3494306 -> 3494306
D: 3494306 -> 3494306
D: 3494306 -> 3494306
D: 3494306 -> 3494306
D: 3494306 -> 3494306
D: 3498640 -> 3498640
D: 3495191 -> 3497291
D: 3495233 -> 3496207
D: 3494306 -> 3494306
D: 3494306 -> 3494306
D: 3494317 -> 3494303
  BEST solution improved 3494317 -> 3494303 (vert_size 0, round 42001) *
D: 3494303 -> 3494303
D: 3494306 -> 3495258
D: 3494303 -> 3494303
D: 3494306 -> 3494306
D: 3494770 -> 3494306
D: 3494303 -> 3494303
D: 3494303 -> 3494303
D: 3494303 -> 3494303
  BEST solution improved 3494303 -> 3493808 (vert_size 7, round 50091)
  BEST solution improved 3493808 -> 3493543 (vert_size 2, round 50689) *
  BEST solution improved 3493543 -> 3491759 (vert_size 4, round 50712)
D: 3491759 -> 3491210
  BEST solution improved 3491759 -> 3491210 (vert_size 0, round 51001) *
D: 3491210 -> 3491210
D: 3493808 -> 3491924
D: 3491210 -> 3491210
D: 3491924 -> 3499695
D: 3494306 -> 3503471
D: 3498640 -> 3498640
D: 3500773 -> 3506709
D: 3497377 -> 3497377
D: 3499345 -> 3499345
D: 3499345 -> 3499345
D: 3498084 -> 3498084
D: 3498640 -> 3498640
D: 3499345 -> 3499345
D: 3498084 -> 3504883
D: 3491210 -> 3491210
D: 3497377 -> 3497377
D: 3491210 -> 3491210
D: 3495258 -> 3496495
D: 3491210 -> 3491210
D: 3497377 -> 3497377
D: 3491210 -> 3491210
D: 3491210 -> 3491210
D: 3499550 -> 3506349
D: 3491210 -> 3497968
D: 3495258 -> 3496230
D: 3498640 -> 3498640
D: 3498640 -> 3498640
D: 3491210 -> 3491210
D: 3499879 -> 3504762
D: 3494306 -> 3494306

 start over 81621 loops 193 unique solutions 
Approx + random 
D: 3958632 -> 3526956
D: 3491210 -> 3491210
D: 3491924 -> 3491924
D: 3495258 -> 3495258
D: 3491210 -> 3491210
D: 3495191 -> 3495191
D: 3515434 -> 3519579
D: 3491210 -> 3491210
D: 3495191 -> 3495191
D: 3491210 -> 3491210
D: 3491585 -> 3491585
D: 3491585 -> 3492812
D: 3491210 -> 3491210
D: 3491210 -> 3491210
D: 3495191 -> 3495191
D: 3492812 -> 3492812
D: 3495191 -> 3495191
D: 3491210 -> 3492437
D: 3491210 -> 3491210
D: 3499437 -> 3499186
D: 3495191 -> 3498331
D: 3491585 -> 3499125
D: 3491210 -> 3491210
D: 3492437 -> 3492437
D: 3494306 -> 3494306
D: 3496072 -> 3493736
D: 3494859 -> 3494681
D: 3491210 -> 3491210
D: 3491210 -> 3491210
D: 3491210 -> 3491210
D: 3494306 -> 3494306
D: 3491210 -> 3491210
D: 3491210 -> 3491210
D: 3491210 -> 3491210
D: 3491210 -> 3491210
D: 3491210 -> 3491210
D: 3494681 -> 3494681
D: 3491210 -> 3491210
D: 3494306 -> 3494306
D: 3491210 -> 3491210
D: 3491210 -> 3491210
D: 3494306 -> 3494306
D: 3494306 -> 3494306
D: 3494681 -> 3496418
D: 3491210 -> 3493310
D: 3491891 -> 3491210
D: 3491210 -> 3491210
D: 3491891 -> 3491210
D: 3491210 -> 3491210
D: 3494306 -> 3495243
D: 3495191 -> 3495191
D: 3491210 -> 3491210
D: 3491210 -> 3491210
D: 3492812 -> 3492812
D: 3491210 -> 3495628
D: 3499186 -> 3499186
D: 3498585 -> 3506088
D: 3491210 -> 3491210
D: 3498826 -> 3497697
D: 3491585 -> 3491585
D: 3491210 -> 3491210
D: 3494306 -> 3501105
D: 3495191 -> 3496428
D: 3491529 -> 3491549
D: 3494306 -> 3494306
D: 3491210 -> 3491210
D: 3496418 -> 3496418
D: 3491210 -> 3491210
D: 3491210 -> 3491210
D: 3491585 -> 3492822
D: 3491891 -> 3491210
D: 3491210 -> 3491210

 start over 152181 loops 253 unique solutions 
Approx + random 
D: 3958632 -> 3523123
D: 3494681 -> 3497821
D: 3516910 -> 3514484
D: 3491210 -> 3491892
D: 3499186 -> 3499186
D: 3491585 -> 3491585
D: 3491210 -> 3491210
D: 3491210 -> 3491210
D: 3507573 -> 3503157
D: 3491210 -> 3491210
D: 3491210 -> 3491210
D: 3496935 -> 3496900
D: 3496935 -> 3497563
D: 3499086 -> 3500398
D: 3496935 -> 3496900
D: 3499086 -> 3498298
D: 3496900 -> 3496900
D: 3493621 -> 3493555
D: 3491210 -> 3491210
D: 3491210 -> 3491210
D: 3491210 -> 3491210
D: 3491210 -> 3491210
D: 3493555 -> 3498389
D: 3493489 -> 3493423
D: 3495669 -> 3497769
D: 3491210 -> 3491210
D: 3493024 -> 3492285
D: 3491210 -> 3491210
D: 3491210 -> 3498009
D: 3491210 -> 3491210
D: 3493005 -> 3492254
D: 3491915 -> 3491915
D: 3493005 -> 3491915
D: 3491210 -> 3491210
D: 3491210 -> 3491210
D: 3491210 -> 3491210
D: 3491915 -> 3491915
D: 3491915 -> 3491915
D: 3498389 -> 3500898
D: 3491210 -> 3491210
D: 3491210 -> 3491210
D: 3491210 -> 3491210
D: 3491210 -> 3491210
D: 3501688 -> 3497883
D: 3491210 -> 3491210
D: 3495234 -> 3495012
D: 3494681 -> 3494681
D: 3491210 -> 3491210
D: 3491210 -> 3491210
D: 3491915 -> 3491915
D: 3491210 -> 3492120
D: 3491915 -> 3491915
D: 3491210 -> 3491210
D: 3491210 -> 3491210
D: 3491210 -> 3491210
D: 3491210 -> 3491210
D: 3493777 -> 3492989
D: 3491210 -> 3491210
D: 3494681 -> 3494681
D: 3491210 -> 3491210
D: 3491210 -> 3491210
D: 3492989 -> 3492989
D: 3492989 -> 3492989
D: 3491210 -> 3498009
D: 3491915 -> 3491915
D: 3491210 -> 3498009
D: 3491915 -> 3491915
D: 3491210 -> 3491210

 start over 219845 loops 323 unique solutions 
Approx + random 
D: 3958632 -> 3525096
D: 3491915 -> 3491915
D: 3492926 -> 3492152
D: 3491915 -> 3499789
D: 3491210 -> 3491210
D: 3491210 -> 3491210
D: 3492152 -> 3492857
D: 3509148 -> 3510567
D: 3491210 -> 3491210
D: 3519697 -> 3518908
D: 3491210 -> 3491210
D: 3491210 -> 3491210
D: 3491210 -> 3491210
D: 3506244 -> 3504788
D: 3492379 -> 3491915
D: 3491210 -> 3491210
D: 3516763 -> 3516727
D: 3491210 -> 3491210
D: 3502632 -> 3502627
D: 3502632 -> 3509426
D: 3500491 -> 3500491
D: 3500433 -> 3507232
end_heu: 240692 loops with 372 unique solutions in 1799.19 s

Calling print_solution
>>> get_solution
  refine_solution: new weight 3491210 (was 3491210) in 0.011393 s
## FINAL WEIGHT 3491210
print_solution: 0.02313 s
