Version: final-94-gfffc3aa rub_all.sh: remove longest prefix
Random seed: 1550957616
Start
>>> save_orig_graph
>> Saved weight 0
Graph loaded
|V| = 1201, |E| = 10002, |R| = 200
First clearance of the input. Calling buy_zero and run_all_heuristics.
  buy_zero: 0 zero edges in 1.7e-05 s
  handle_small_terminal_degrees: terms 0 in 2e-06 s
  handle_small_Steiner_degrees: steiner 0, suppress 1 in 3e-06 s
  shortest_edge_between_terminals: 0 edges in 4e-05 s
  handle_small_terminal_degrees: terms 0 in 2e-06 s
  handle_small_Steiner_degrees: steiner 0, suppress 0 in 2e-06 s
  shortest_edge_between_terminals: 0 edges in 4e-05 s
Compressed graph 1201 -> 1199
  delete_edges: deleted 1 edges in 0.001962 s and 1 rounds
  handle_small_terminal_degrees: terms 0 in 2e-06 s
  handle_small_Steiner_degrees: steiner 0, suppress 0 in 2e-06 s
  shortest_edge_between_terminals: 0 edges in 4e-05 s
Compressed graph 1199 -> 1199
  delete_edges_shortest_path: deleted 0 edges in 0.015951 s
  handle_small_terminal_degrees: terms 0 in 1e-06 s
  handle_small_Steiner_degrees: steiner 0, suppress 0 in 1e-06 s
  shortest_edge_between_terminals: 0 edges in 2.5e-05 s
Compressed graph 1199 -> 1199
  handle_small_terminal_degrees: terms 0 in 1e-06 s
  handle_small_Steiner_degrees: steiner 0, suppress 0 in 1e-06 s
  shortest_edge_between_terminals: 0 edges in 2.6e-05 s
Compressed graph 1199 -> 1199
  delete_edges_shortest_path: deleted 0 edges in 0.01584 s
  handle_small_terminal_degrees: terms 0 in 1e-06 s
  handle_small_Steiner_degrees: steiner 0, suppress 0 in 2e-06 s
  shortest_edge_between_terminals: 0 edges in 2.5e-05 s
Compressed graph 1199 -> 1199
Compressed graph 1199 -> 1199
>>> save_orig_graph
>> Saved weight 0
### ZEL_LVL=9 PRECISE_STARS=0

Calling `contract_till_the_bitter_end`
|V| = 1199, |E| = 10000, |R| = 200
>> 1 (779: 999 1000 999) (0.034534 s)
>> 0 (-1: -1 -1 -1) (0.020368 s)
Zelikovsky 0.7228 s
>> 1 (0: 1002 1034 1010) (0.361826 s)
>> 1 (1: 1015 1046 1033) (0.363415 s)
>> 1 (2: 1026 1059 1052) (0.365652 s)
>> 1 (3: 1019 1037 1024) (0.368204 s)
>> 1 (4: 1019 1044 1028) (0.372479 s)
>> 1 (5: 1009 1054 1045) (0.374186 s)
>> 1 (6: 1187 1071 1009) (0.375406 s)
>> 1 (7: 1018 1088 1066) (0.373518 s)
>> 1 (8: 1029 1109 1043) (0.373018 s)
>> 1 (9: 1000 1041 1015) (0.372705 s)
>> 1 (10: 1002 1058 1004) (0.373507 s)
>> 1 (11: 1013 1134 1018) (0.372225 s)
>> 1 (12: 1005 1070 1063) (0.369429 s)
>> 1 (13: 1029 1135 1049) (0.366708 s)
>> 1 (14: 1007 1021 1019) (0.363012 s)
>> 1 (15: 1081 1162 1151) (0.359018 s)
>> 1 (16: 1001 1113 1002) (0.354849 s)
>> 1 (17: 1193 1039 1038) (0.349897 s)
>> 1 (18: 1000 1073 1003) (0.3496 s)
>> 1 (19: 1005 1014 1008) (0.346123 s)
>> 1 (20: 1007 1036 1020) (0.341192 s)
>> 1 (21: 999 1055 1005) (0.335986 s)
>> 1 (22: 1013 1061 1047) (0.328887 s)
>> 1 (23: 1198 1098 1007) (0.324744 s)
>> 1 (24: 1131 1067 1001) (0.319181 s)
>> 1 (25: 1031 1105 1032) (0.317802 s)
>> 1 (26: 1027 1124 1121) (0.312577 s)
>> 1 (28: 1175 1006 999) (0.307137 s)
>> 1 (29: 1027 1169 1125) (0.30125 s)
>> 1 (30: 1198 1035 1017) (0.296574 s)
>> 1 (32: 1011 1116 1026) (0.289522 s)
>> 1 (35: 1022 1069 1000) (0.285234 s)
>> 1 (37: 1030 1114 1081) (0.280573 s)
>> 1 (39: 1187 1138 1127) (0.274466 s)
>> 1 (43: 1190 1104 1025) (0.270739 s)
>> 1 (44: 1193 1080 1072) (0.265634 s)
>> 1 (51: 1164 1137 1094) (0.261051 s)
>> 1 (56: 1022 1152 1128) (0.257854 s)
>> 1 (59: 1011 1110 1060) (0.252931 s)
>> 1 (63: 1172 1117 1078) (0.249927 s)
>> 1 (77: 1190 1102 1016) (0.246263 s)
>> 1 (82: 1012 1075 1011) (0.242784 s)
>> 1 (83: 1194 1153 1012) (0.238645 s)
>> 1 (88: 1030 1173 1163) (0.234282 s)
>> 1 (230: 1031 1083 1057) (0.23083 s)
>> 0 (-1: -1 -1 -1) (0.228294 s)
Zelikovsky- 14.6112 s
>>> get_solution
  refine_solution: new weight 245 (was 246) in 0.003828 s
  refine_solution: new weight 245 (was 245) in 0.00381 s
>>> get_solution
  refine_solution: new weight 269 (was 330) in 0.003797 s
  refine_solution: new weight 265 (was 269) in 0.003773 s
  refine_solution: new weight 263 (was 265) in 0.003773 s
  refine_solution: new weight 263 (was 263) in 0.003776 s
0,,1199,10000,200,,0,0,,330,263,333,246,245,,0,0,@@

  delete_edges: deleted 0 edges in 0.00107 s and 1 rounds
  handle_small_Steiner_degrees: steiner 0, suppress 0 in 1e-06 s
Starting round 1
Found 0 isolated vertices
Invalid ratios recomputed: 1199
Best ratio is 19/18 (1.1), centered at 375
Finding the best star... Star with 19 terminals centered in 1125
round took: 0.032325 s
|V| = 1199, |E| = 9633, |R| = 182
>> 1 (779: 999 1000 999) (0.028061 s)
>> 0 (-1: -1 -1 -1) (0.016555 s)
Zelikovsky 0.553036 s
>> 1 (0: 1002 1034 1010) (0.315427 s)
>> 1 (1: 1015 1046 1033) (0.31767 s)
>> 1 (2: 1026 1063 1059) (0.319207 s)
>> 1 (3: 1019 1037 1024) (0.319806 s)
>> 1 (4: 1019 1044 1028) (0.322376 s)
>> 1 (5: 1009 1054 1045) (0.322206 s)
>> 1 (6: 1178 1074 1071) (0.322448 s)
>> 1 (7: 1018 1088 1066) (0.321273 s)
>> 1 (8: 1029 1043 1009) (0.321249 s)
>> 1 (9: 1000 1041 1015) (0.320711 s)
>> 1 (10: 1002 1142 1079) (0.319158 s)
>> 1 (11: 1013 1134 1018) (0.317107 s)
>> 1 (12: 1005 1070 1026) (0.314633 s)
>> 1 (13: 1029 1140 1049) (0.310964 s)
>> 1 (14: 1007 1021 1019) (0.30777 s)
>> 1 (16: 1001 1113 1002) (0.302235 s)
>> 1 (17: 1193 1039 1038) (0.299257 s)
>> 1 (18: 1000 1197 1073) (0.300561 s)
>> 1 (19: 1005 1014 1008) (0.296584 s)
>> 1 (20: 1007 1036 1020) (0.293136 s)
>> 1 (21: 999 1126 1005) (0.287246 s)
>> 1 (22: 1013 1085 1047) (0.283345 s)
>> 1 (23: 1198 1098 1007) (0.281491 s)
>> 1 (24: 1131 1067 1001) (0.276243 s)
>> 1 (25: 1031 1105 1032) (0.274141 s)
>> 1 (26: 1027 1124 1121) (0.269572 s)
>> 1 (28: 1006 1097 999) (0.264493 s)
>> 1 (29: 1027 1176 1169) (0.257886 s)
>> 1 (30: 1006 1035 1017) (0.254018 s)
>> 1 (35: 1022 1069 1000) (0.248395 s)
>> 1 (37: 1030 1114 1081) (0.243746 s)
>> 1 (39: 1178 1138 1127) (0.23934 s)
>> 1 (43: 1190 1104 1025) (0.235754 s)
>> 1 (44: 1193 1080 1072) (0.23201 s)
>> 1 (51: 1164 1137 1094) (0.228469 s)
>> 1 (56: 1022 1152 1128) (0.225315 s)
>> 1 (59: 1011 1060 1006) (0.222028 s)
>> 1 (63: 1172 1117 1078) (0.218051 s)
>> 1 (77: 1190 1102 1016) (0.215595 s)
>> 1 (82: 1012 1084 1011) (0.211946 s)
>> 1 (83: 1194 1153 1012) (0.208533 s)
>> 1 (88: 1030 1173 1163) (0.204494 s)
>> 1 (230: 1031 1083 1057) (0.202081 s)
>> 0 (-1: -1 -1 -1) (0.199396 s)
Zelikovsky- 12.0588 s
>>> get_solution
  refine_solution: new weight 245 (was 245) in 0.003846 s
>>> get_solution
  refine_solution: new weight 269 (was 325) in 0.003819 s
  refine_solution: new weight 268 (was 269) in 0.0038 s
  refine_solution: new weight 268 (was 268) in 0.003788 s
1,,1199,9633,182,,1199,0,,325,268,328,245,245,,19,19,@@

  handle_small_Steiner_degrees: steiner 0, suppress 0 in 2e-06 s
Starting round 2
Found 19 isolated vertices
Invalid ratios recomputed: 808
Best ratio is 19/18 (1.1), centered at 542
Finding the best star... Star with 19 terminals centered in 1086
round took: 0.032183 s
|V| = 1199, |E| = 9292, |R| = 164
>> 1 (779: 999 1000 999) (0.022106 s)
>> 0 (-1: -1 -1 -1) (0.013016 s)
Zelikovsky 0.434336 s
>> 1 (0: 1002 1034 1010) (0.273587 s)
>> 1 (1: 1015 1046 1033) (0.274179 s)
>> 1 (2: 1026 1063 1059) (0.274949 s)
>> 1 (3: 1024 1042 1037) (0.274924 s)
>> 1 (4: 1028 1044 1024) (0.275723 s)
>> 1 (5: 1009 1054 1045) (0.274275 s)
>> 1 (6: 1178 1074 1071) (0.275297 s)
>> 1 (7: 1018 1088 1066) (0.273826 s)
>> 1 (8: 1029 1111 1009) (0.273291 s)
>> 1 (9: 1000 1041 1015) (0.271487 s)
>> 1 (10: 1002 1142 1079) (0.26812 s)
>> 1 (11: 1013 1134 1018) (0.267947 s)
>> 1 (12: 1005 1166 1026) (0.264914 s)
>> 1 (13: 1029 1140 1049) (0.262832 s)
>> 1 (14: 1007 1028 1021) (0.25956 s)
>> 1 (16: 1001 1113 1002) (0.256221 s)
>> 1 (17: 1193 1039 1038) (0.252546 s)
>> 1 (19: 1005 1014 1008) (0.252237 s)
>> 1 (20: 1007 1050 1036) (0.249441 s)
>> 1 (21: 999 1126 1005) (0.246854 s)
>> 1 (22: 1013 1087 1085) (0.243368 s)
>> 1 (23: 1198 1098 1007) (0.240408 s)
>> 1 (24: 1131 1067 1001) (0.236502 s)
>> 1 (25: 1031 1105 1032) (0.233218 s)
>> 1 (26: 1027 1121 1086) (0.229084 s)
>> 1 (28: 1006 1097 1000) (0.224335 s)
>> 1 (29: 1027 1176 1169) (0.221071 s)
>> 1 (30: 1006 1035 1017) (0.216908 s)
>> 1 (35: 1022 1069 1006) (0.213452 s)
>> 1 (37: 1030 1114 1013) (0.20927 s)
>> 1 (39: 1178 1138 1127) (0.206114 s)
>> 1 (43: 1190 1104 1025) (0.203408 s)
>> 1 (44: 1193 1089 1072) (0.199164 s)
>> 1 (51: 1164 1137 1094) (0.196424 s)
>> 1 (56: 1022 1152 1128) (0.193907 s)
>> 1 (59: 1011 1060 1022) (0.191208 s)
>> 1 (63: 1172 1117 1078) (0.187657 s)
>> 1 (77: 1190 1102 1016) (0.185394 s)
>> 1 (83: 1194 1153 999) (0.18282 s)
>> 1 (88: 1030 1173 1163) (0.179679 s)
>> 1 (100: 1191 1084 1057) (0.177396 s)
>> 1 (590: 1195 1083 1077) (0.175444 s)
>> 0 (-1: -1 -1 -1) (0.173492 s)
Zelikovsky- 10.0527 s
>>> get_solution
  refine_solution: new weight 242 (was 244) in 0.003831 s
  refine_solution: new weight 241 (was 242) in 0.00381 s
  refine_solution: new weight 239 (was 241) in 0.003815 s
  refine_solution: new weight 239 (was 239) in 0.003804 s
>>> get_solution
  refine_solution: new weight 267 (was 324) in 0.003817 s
  refine_solution: new weight 262 (was 267) in 0.003787 s
  refine_solution: new weight 258 (was 262) in 0.003779 s
  refine_solution: new weight 256 (was 258) in 0.003788 s
  refine_solution: new weight 254 (was 256) in 0.003778 s
  refine_solution: new weight 252 (was 254) in 0.003791 s
  refine_solution: new weight 252 (was 252) in 0.003798 s
2,,1180,9292,164,,808,0,,324,252,326,244,239,,19,19,@@

  handle_small_Steiner_degrees: steiner 0, suppress 0 in 3e-06 s
Starting round 3
Found 38 isolated vertices
Invalid ratios recomputed: 763
Best ratio is 18/17 (1.1), centered at 217
Finding the best star... Star with 18 terminals centered in 1193
round took: 0.029617 s
|V| = 1199, |E| = 8647, |R| = 147
>> 1 (779: 999 1000 999) (0.017316 s)
>> 0 (-1: -1 -1 -1) (0.010104 s)
Zelikovsky 0.344416 s
>> 1 (0: 1002 1034 1010) (0.231547 s)
>> 1 (1: 1015 1046 1033) (0.230888 s)
>> 1 (2: 1026 1122 1095) (0.229652 s)
>> 1 (3: 1024 1042 1037) (0.227841 s)
>> 1 (4: 1028 1044 1024) (0.227727 s)
>> 1 (5: 1009 1105 1045) (0.225312 s)
>> 1 (6: 1071 1120 1074) (0.223967 s)
>> 1 (7: 1018 1088 1066) (0.223677 s)
>> 1 (8: 1029 1111 1109) (0.221761 s)
>> 1 (9: 1000 1041 1015) (0.219938 s)
>> 1 (10: 1002 1142 1079) (0.219277 s)
>> 1 (11: 1013 1134 1018) (0.216349 s)
>> 1 (12: 1005 1180 1166) (0.213607 s)
>> 1 (16: 1001 1113 1002) (0.210609 s)
>> 1 (17: 1028 1039 1038) (0.207874 s)
>> 1 (18: 1000 1073 1021) (0.20671 s)
>> 1 (19: 1005 1014 1008) (0.204384 s)
>> 1 (20: 1193 1050 1036) (0.202594 s)
>> 1 (21: 999 1126 1005) (0.199973 s)
>> 1 (22: 1013 1087 1085) (0.198423 s)
>> 1 (23: 1198 1098 1028) (0.196103 s)
>> 1 (24: 1193 1082 1067) (0.192363 s)
>> 1 (25: 1031 1032 1009) (0.190235 s)
>> 1 (26: 1027 1129 1121) (0.187504 s)
>> 1 (28: 1006 1097 1000) (0.185718 s)
>> 1 (29: 1027 1176 1169) (0.181587 s)
>> 1 (30: 1006 1035 1017) (0.178757 s)
>> 1 (35: 1022 1069 1006) (0.175993 s)
>> 1 (37: 1030 1114 1013) (0.173679 s)
>> 1 (39: 1178 1138 1127) (0.171358 s)
>> 1 (42: 1193 1140 1089) (0.169715 s)
>> 1 (43: 1193 1104 1025) (0.167135 s)
>> 1 (44: 1072 1147 999) (0.164003 s)
>> 1 (51: 1164 1137 1094) (0.161534 s)
>> 1 (59: 1011 1072 1060) (0.159155 s)
>> 1 (61: 1193 1128 1084) (0.156772 s)
>> 1 (63: 1193 1117 1078) (0.15462 s)
>> 1 (77: 1190 1102 1016) (0.152018 s)
>> 1 (83: 1026 1194 1153) (0.150054 s)
>> 1 (88: 1030 1173 1163) (0.148285 s)
>> 1 (230: 1031 1083 1057) (0.146817 s)
>> 0 (-1: -1 -1 -1) (0.145088 s)
Zelikovsky- 8.06035 s
>>> get_solution
  refine_solution: new weight 244 (was 245) in 0.003823 s
  refine_solution: new weight 244 (was 244) in 0.003789 s
>>> get_solution
  refine_solution: new weight 257 (was 318) in 0.003801 s
  refine_solution: new weight 256 (was 257) in 0.003768 s
  refine_solution: new weight 256 (was 256) in 0.003765 s
3,,1161,8647,147,,763,0,,318,256,313,245,244,,18,18,@@

  handle_small_Steiner_degrees: steiner 0, suppress 2 in 9e-06 s
Starting round 4
Found 58 isolated vertices
Invalid ratios recomputed: 991
Best ratio is 17/16 (1.1), centered at 400
Finding the best star... Star with 17 terminals centered in 1120
round took: 0.035461 s
|V| = 1199, |E| = 7370, |R| = 131
>> 1 (779: 999 1000 999) (0.013405 s)
>> 0 (-1: -1 -1 -1) (0.007521 s)
Zelikovsky 0.277187 s
>> 1 (0: 1002 1034 1010) (0.194039 s)
>> 1 (1: 1033 1120 1046) (0.192163 s)
>> 1 (2: 1026 1095 1033) (0.189775 s)
>> 1 (3: 1024 1037 1026) (0.18662 s)
>> 1 (4: 1028 1044 1024) (0.185291 s)
>> 1 (5: 1009 1045 1028) (0.183041 s)
>> 1 (6: 1074 1148 1009) (0.180968 s)
>> 1 (7: 1018 1155 1066) (0.178696 s)
>> 1 (8: 1029 1111 1074) (0.176451 s)
>> 1 (9: 1000 1041 1029) (0.175052 s)
>> 1 (10: 1002 1142 1079) (0.17293 s)
>> 1 (11: 1013 1134 1000) (0.17181 s)
>> 1 (12: 1005 1166 1013) (0.169493 s)
>> 1 (16: 1001 1113 1002) (0.167889 s)
>> 1 (17: 1168 1038 1001) (0.166193 s)
>> 1 (18: 1190 1073 1021) (0.165256 s)
>> 1 (19: 1005 1014 1008) (0.163548 s)
>> 1 (20: 1143 1036 1005) (0.16178 s)
>> 1 (21: 999 1126 1050) (0.15885 s)
>> 1 (22: 1139 1087 1085) (0.157995 s)
>> 1 (23: 1198 1136 1098) (0.156514 s)
>> 1 (24: 1131 1082 1067) (0.154569 s)
>> 1 (26: 1164 1129 1121) (0.153528 s)
>> 1 (28: 1006 1108 1097) (0.151512 s)
>> 1 (29: 1042 1176 1169) (0.149364 s)
>> 1 (30: 1006 1035 1017) (0.147489 s)
>> 1 (35: 1022 1069 1042) (0.145119 s)
>> 1 (37: 1030 1139 1114) (0.143434 s)
>> 1 (39: 1105 1138 1127) (0.141176 s)
>> 1 (42: 1140 1143 1089) (0.139277 s)
>> 1 (43: 1190 1104 1025) (0.137411 s)
>> 1 (44: 1072 1147 1022) (0.135861 s)
>> 1 (51: 1164 1137 1094) (0.134534 s)
>> 1 (59: 1060 1110 1006) (0.132621 s)
>> 1 (61: 1128 1084 1030) (0.130871 s)
>> 1 (63: 1172 1117 1078) (0.129563 s)
>> 1 (77: 1190 1102 1016) (0.127954 s)
>> 1 (83: 1194 1153 1140) (0.126389 s)
>> 1 (88: 1179 1173 1163) (0.124563 s)
>> 1 (135: 1191 1077 1031) (0.123264 s)
>> 1 (230: 1130 1083 1057) (0.122115 s)
>> 0 (-1: -1 -1 -1) (0.120786 s)
Zelikovsky- 6.53394 s
>>> get_solution
  refine_solution: new weight 242 (was 245) in 0.003815 s
  refine_solution: new weight 242 (was 242) in 0.003795 s
>>> get_solution
  refine_solution: new weight 260 (was 315) in 0.003782 s
  refine_solution: new weight 257 (was 260) in 0.003765 s
  refine_solution: new weight 256 (was 257) in 0.003767 s
  refine_solution: new weight 256 (was 256) in 0.003763 s
4,,1141,7370,131,,991,0,,315,256,310,245,242,,17,17,@@

  handle_small_Steiner_degrees: steiner 0, suppress 7 in 2.3e-05 s
Starting round 5
Found 82 isolated vertices
Invalid ratios recomputed: 1096
Best ratio is 16/15 (1.1), centered at 991
Finding the best star... Star with 16 terminals centered in 1001
round took: 0.042042 s
|V| = 1199, |E| = 6630, |R| = 116
>> 1 (779: 999 1000 999) (0.009092 s)
>> 0 (-1: -1 -1 -1) (0.004756 s)
Zelikovsky 0.202196 s
>> 1 (0: 1001 1010 1002) (0.159596 s)
>> 1 (1: 1001 1046 1033) (0.160888 s)
>> 1 (2: 1001 1122 1026) (0.158813 s)
>> 1 (3: 1001 1037 1024) (0.156782 s)
>> 1 (4: 1001 1044 1028) (0.156669 s)
>> 1 (5: 1001 1045 1009) (0.155444 s)
>> 1 (6: 1001 1148 1074) (0.153555 s)
>> 1 (7: 1001 1155 1018) (0.151013 s)
>> 1 (8: 1001 1172 1111) (0.149386 s)
>> 1 (9: 1000 1041 1001) (0.147317 s)
>> 1 (10: 1191 1079 1000) (0.142345 s)
>> 1 (11: 1179 1139 1134) (0.140427 s)
>> 1 (12: 1166 1191 1005) (0.138564 s)
>> 1 (16: 1192 1113 1034) (0.137153 s)
>> 1 (17: 1168 1039 1038) (0.134736 s)
>> 1 (18: 1190 1073 1021) (0.133556 s)
>> 1 (19: 1162 1166 1014) (0.132075 s)
>> 1 (20: 1143 1050 1036) (0.130309 s)
>> 1 (21: 999 1130 1126) (0.128346 s)
>> 1 (23: 1198 1136 1098) (0.127627 s)
>> 1 (24: 1131 1082 1067) (0.125867 s)
>> 1 (26: 1164 1129 1121) (0.125661 s)
>> 1 (28: 1175 1097 999) (0.123843 s)
>> 1 (30: 1198 1035 1017) (0.121724 s)
>> 1 (35: 1150 1069 1022) (0.120565 s)
>> 1 (37: 1114 1162 1030) (0.119445 s)
>> 1 (42: 1140 1114 1089) (0.117245 s)
>> 1 (43: 1190 1085 1025) (0.115979 s)
>> 1 (44: 1176 1140 1072) (0.114683 s)
>> 1 (51: 1164 1137 1094) (0.11275 s)
>> 1 (59: 1198 1110 1060) (0.111594 s)
>> 1 (61: 1128 1084 1042) (0.110299 s)
>> 1 (63: 1117 1078 1051) (0.10911 s)
>> 1 (77: 1190 1102 1016) (0.107903 s)
>> 1 (83: 1194 1153 1117) (0.107035 s)
>> 1 (230: 1057 1175 1083) (0.105725 s)
>> 1 (322: 1182 1163 1077) (0.104914 s)
>> 0 (-1: -1 -1 -1) (0.103793 s)
Zelikovsky- 4.95969 s
>>> get_solution
  refine_solution: new weight 240 (was 242) in 0.003815 s
  refine_solution: new weight 240 (was 240) in 0.003789 s
>>> get_solution
  refine_solution: new weight 262 (was 302) in 0.003792 s
  refine_solution: new weight 257 (was 262) in 0.003776 s
  refine_solution: new weight 257 (was 257) in 0.003783 s
5,,1117,6630,116,,1096,0,,302,257,299,242,240,,16,16,@@

  handle_small_Steiner_degrees: steiner 1, suppress 6 in 2.5e-05 s
Starting round 6
Found 105 isolated vertices
Invalid ratios recomputed: 1079
Best ratio is 14/13 (1.1), centered at 414
Finding the best star... Star with 14 terminals centered in 1162
round took: 0.035994 s
|V| = 1199, |E| = 6005, |R| = 103
>> 1 (770: 999 1009 999) (0.006822 s)
>> 0 (-1: -1 -1 -1) (0.004511 s)
Zelikovsky 0.189261 s
>> 1 (0: 1002 1034 1010) (0.13984 s)
>> 1 (1: 1033 1145 1046) (0.139415 s)
>> 1 (2: 1026 1139 1122) (0.138085 s)
>> 1 (3: 1024 1042 1037) (0.137031 s)
>> 1 (4: 1028 1044 1024) (0.135758 s)
>> 1 (5: 1009 1105 1045) (0.134318 s)
>> 1 (6: 1074 1162 1148) (0.133608 s)
>> 1 (8: 1109 1172 1111) (0.131331 s)
>> 1 (9: 1188 1103 1026) (0.129908 s)
>> 1 (10: 1002 1142 1079) (0.12875 s)
>> 1 (11: 1018 1134 1074) (0.127582 s)
>> 1 (12: 1005 1166 1018) (0.12613 s)
>> 1 (16: 1192 1113 1002) (0.124456 s)
>> 1 (17: 1028 1040 1038) (0.123269 s)
>> 1 (18: 1190 1073 1021) (0.121923 s)
>> 1 (21: 999 1126 1005) (0.120575 s)
>> 1 (23: 1198 1098 999) (0.119662 s)
>> 1 (24: 1067 1090 1082) (0.117286 s)
>> 1 (26: 1129 1198 1164) (0.116418 s)
>> 1 (28: 1033 1108 1097) (0.115439 s)
>> 1 (30: 1017 1092 1035) (0.114246 s)
>> 1 (35: 1022 1069 1028) (0.112966 s)
>> 1 (37: 1030 1129 1114) (0.112016 s)
>> 1 (42: 1140 1089 1022) (0.110015 s)
>> 1 (43: 1025 1085 1017) (0.109115 s)
>> 1 (44: 1072 1147 1030) (0.108114 s)
>> 1 (48: 1036 1117 1009) (0.106787 s)
>> 1 (51: 1094 1137 1033) (0.105241 s)
>> 1 (59: 1060 1110 1072) (0.104144 s)
>> 1 (61: 1084 1127 1060) (0.102752 s)
>> 1 (63: 1014 1078 1036) (0.101505 s)
>> 1 (77: 1016 1102 1084) (0.100572 s)
>> 1 (83: 1194 1153 1014) (0.099196 s)
>> 1 (230: 1057 1083 1016) (0.098126 s)
>> 1 (322: 1077 1163 1057) (0.097414 s)
>> 0 (-1: -1 -1 -1) (0.096134 s)
Zelikovsky- 4.24514 s
>>> get_solution
  refine_solution: new weight 236 (was 241) in 0.003828 s
  refine_solution: new weight 236 (was 236) in 0.003795 s
>>> get_solution
  refine_solution: new weight 265 (was 291) in 0.003798 s
  refine_solution: new weight 264 (was 265) in 0.003771 s
  refine_solution: new weight 264 (was 264) in 0.003771 s
6,,1094,6005,103,,1079,0,,291,264,288,241,236,,14,14,@@

  handle_small_Steiner_degrees: steiner 2, suppress 15 in 4.8e-05 s
Starting round 7
Found 136 isolated vertices
Invalid ratios recomputed: 1056
Best ratio is 14/13 (1.1), centered at 627
Finding the best star... Star with 14 terminals centered in 1024
round took: 0.038676 s
|V| = 1199, |E| = 5355, |R| = 90
>> 1 (770: 999 1009 999) (0.005443 s)
>> 0 (-1: -1 -1 -1) (0.003308 s)
Zelikovsky 0.146778 s
>> 1 (0: 1002 1024 1010) (0.117346 s)
>> 1 (1: 1190 1046 1002) (0.115523 s)
>> 1 (2: 1190 1122 1026) (0.113907 s)
>> 1 (3: 1154 1042 1037) (0.112622 s)
>> 1 (4: 1181 1044 1028) (0.111288 s)
>> 1 (5: 1009 1119 1105) (0.109985 s)
>> 1 (6: 1148 1190 1074) (0.109063 s)
>> 1 (8: 1172 1111 1109) (0.107846 s)
>> 1 (9: 1188 1106 1103) (0.106435 s)
>> 1 (10: 1191 1142 1079) (0.105354 s)
>> 1 (11: 1018 1139 1134) (0.104513 s)
>> 1 (12: 1005 1166 1148) (0.103437 s)
>> 1 (16: 1192 1113 1005) (0.102206 s)
>> 1 (17: 1040 1181 1051) (0.101256 s)
>> 1 (18: 1021 1172 1073) (0.099926 s)
>> 1 (21: 999 1130 1126) (0.098619 s)
>> 1 (23: 1188 1136 1098) (0.097713 s)
>> 1 (24: 1090 1082 1067) (0.096592 s)
>> 1 (26: 1164 1192 1129) (0.096164 s)
>> 1 (28: 1175 1097 999) (0.095214 s)
>> 1 (30: 1017 1035 1021) (0.094369 s)
>> 1 (37: 1114 1164 1030) (0.094021 s)
>> 1 (42: 1034 1140 1089) (0.092833 s)
>> 1 (43: 1104 1085 1017) (0.092384 s)
>> 1 (44: 1176 1147 1018) (0.09111 s)
>> 1 (51: 1034 1137 1094) (0.0905 s)
>> 1 (56: 1022 1128 1114) (0.089696 s)
>> 1 (59: 1191 1110 1060) (0.088604 s)
>> 1 (61: 1084 1127 1022) (0.087717 s)
>> 1 (63: 1014 1078 1040) (0.08668 s)
>> 1 (77: 1016 1102 1034) (0.085561 s)
>> 1 (83: 1194 1153 1084) (0.084778 s)
>> 1 (322: 1182 1163 1077) (0.084028 s)
>> 0 (-1: -1 -1 -1) (0.083594 s)
Zelikovsky- 3.35656 s
>>> get_solution
  refine_solution: new weight 235 (was 240) in 0.003825 s
  refine_solution: new weight 235 (was 235) in 0.003796 s
>>> get_solution
  refine_solution: new weight 261 (was 289) in 0.00378 s
  refine_solution: new weight 254 (was 261) in 0.003762 s
  refine_solution: new weight 253 (was 254) in 0.00376 s
  refine_solution: new weight 253 (was 253) in 0.003771 s
7,,1063,5355,90,,1056,0,,289,253,281,240,235,,14,14,@@

  handle_small_Steiner_degrees: steiner 2, suppress 33 in 0.000115 s
Starting round 8
Found 185 isolated vertices
Invalid ratios recomputed: 1010
Best ratio is 12/11 (1.1), centered at 82
Finding the best star... Star with 12 terminals centered in 1145
round took: 0.03515 s
|V| = 1199, |E| = 4771, |R| = 79
>> 1 (770: 999 1009 999) (0.004366 s)
>> 0 (-1: -1 -1 -1) (0.002701 s)
Zelikovsky 0.126527 s
>> 1 (0: 1002 1034 1010) (0.097809 s)
>> 1 (2: 1026 1139 1122) (0.097056 s)
>> 1 (3: 1037 1145 1042) (0.096444 s)
>> 1 (4: 1028 1044 1037) (0.095307 s)
>> 1 (5: 1009 1105 1028) (0.093806 s)
>> 1 (6: 1074 1148 1009) (0.092544 s)
>> 1 (8: 1109 1172 1111) (0.091922 s)
>> 1 (9: 1103 1106 1026) (0.090579 s)
>> 1 (10: 1002 1142 1079) (0.09021 s)
>> 1 (11: 1179 1134 1074) (0.089335 s)
>> 1 (12: 1005 1179 1166) (0.087752 s)
>> 1 (16: 1192 1113 1002) (0.086787 s)
>> 1 (17: 1040 1051 1005) (0.086239 s)
>> 1 (18: 1190 1073 1021) (0.084973 s)
>> 1 (21: 999 1126 1040) (0.08396 s)
>> 1 (23: 1188 1136 1098) (0.083838 s)
>> 1 (24: 1067 1090 999) (0.083181 s)
>> 1 (26: 1129 1164 1067) (0.081958 s)
>> 1 (28: 1175 1129 1097) (0.081315 s)
>> 1 (30: 1017 1103 1035) (0.080293 s)
>> 1 (37: 1030 1175 1114) (0.079684 s)
>> 1 (42: 1089 1140 1030) (0.079024 s)
>> 1 (44: 1089 1176 1147) (0.077795 s)
>> 1 (51: 1094 1137 1017) (0.076934 s)
>> 1 (56: 1022 1128 1089) (0.076393 s)
>> 1 (63: 1014 1078 1022) (0.075644 s)
>> 1 (67: 1190 1132 1104) (0.074786 s)
>> 1 (77: 1016 1102 1014) (0.074254 s)
>> 1 (83: 1194 1153 1016) (0.073319 s)
>> 1 (115: 1181 1163 1127) (0.072979 s)
>> 0 (-1: -1 -1 -1) (0.072462 s)
Zelikovsky- 2.61367 s
>>> get_solution
  refine_solution: new weight 236 (was 239) in 0.003816 s
  refine_solution: new weight 236 (was 236) in 0.003797 s
>>> get_solution
  refine_solution: new weight 276 (was 284) in 0.003773 s
  refine_solution: new weight 268 (was 276) in 0.003766 s
  refine_solution: new weight 264 (was 268) in 0.003777 s
  refine_solution: new weight 261 (was 264) in 0.003772 s
  refine_solution: new weight 261 (was 261) in 0.003772 s
8,,1014,4771,79,,1010,0,,284,261,278,239,236,,12,12,@@

  handle_small_Steiner_degrees: steiner 2, suppress 30 in 0.000105 s
Starting round 9
Found 229 isolated vertices
Invalid ratios recomputed: 969
Best ratio is 12/11 (1.1), centered at 966
Finding the best star... Star with 12 terminals centered in 1106
round took: 0.033539 s
|V| = 1199, |E| = 4182, |R| = 68
>> 1 (616: 1002 1009 1002) (0.003017 s)
>> 0 (-1: -1 -1 -1) (0.001825 s)
Zelikovsky 0.099556 s
>> 1 (0: 1002 1034 1010) (0.080635 s)
>> 1 (2: 1026 1122 1106) (0.079879 s)
>> 1 (3: 1037 1042 1026) (0.078692 s)
>> 1 (4: 1028 1044 1037) (0.078102 s)
>> 1 (5: 1009 1105 1028) (0.076939 s)
>> 1 (6: 1074 1148 1009) (0.075974 s)
>> 1 (8: 1172 1111 1074) (0.075274 s)
>> 1 (9: 1103 1188 1139) (0.074349 s)
>> 1 (10: 1002 1191 1142) (0.073635 s)
>> 1 (11: 1179 1134 1103) (0.072869 s)
>> 1 (16: 1192 1113 1002) (0.072395 s)
>> 1 (17: 1040 1172 1051) (0.071646 s)
>> 1 (18: 1021 1073 1040) (0.070638 s)
>> 1 (21: 1158 1126 1021) (0.069991 s)
>> 1 (24: 1067 1158 1090) (0.069411 s)
>> 1 (26: 1164 1129 1067) (0.068644 s)
>> 1 (28: 1175 1130 1097) (0.067933 s)
>> 1 (33: 1014 1166 1164) (0.067386 s)
>> 1 (42: 1140 1089 1014) (0.066933 s)
>> 1 (43: 1035 1140 1104) (0.066341 s)
>> 1 (44: 1176 1147 1035) (0.065902 s)
>> 1 (51: 1094 1176 1137) (0.065258 s)
>> 1 (56: 1022 1128 1094) (0.064824 s)
>> 1 (63: 1078 1117 1022) (0.06408 s)
>> 1 (77: 1016 1102 1078) (0.063653 s)
>> 1 (79: 1030 1153 1016) (0.063069 s)
>> 1 (115: 1181 1163 1127) (0.062617 s)
>> 1 (135: 1077 1136 1030) (0.062304 s)
>> 1 (519: 1053 1194 1077) (0.061645 s)
>> 0 (-1: -1 -1 -1) (0.0613 s)
Zelikovsky- 2.09666 s
>>> get_solution
  refine_solution: new weight 234 (was 237) in 0.003824 s
  refine_solution: new weight 234 (was 234) in 0.003793 s
>>> get_solution
  refine_solution: new weight 257 (was 271) in 0.003788 s
  refine_solution: new weight 250 (was 257) in 0.003778 s
  refine_solution: new weight 250 (was 250) in 0.003773 s
9,,970,4182,68,,969,0,,271,250,268,237,234,,12,12,@@

  handle_small_Steiner_degrees: steiner 3, suppress 49 in 0.000178 s
Starting round 10
Found 293 isolated vertices
Invalid ratios recomputed: 906
Best ratio is 11/10 (1.1), centered at 908
Finding the best star... Star with 11 terminals centered in 1127
round took: 0.030041 s
|V| = 1199, |E| = 3577, |R| = 58
>> 1 (616: 1002 1009 1002) (0.002258 s)
>> 0 (-1: -1 -1 -1) (0.001349 s)
Zelikovsky 0.0769 s
>> 1 (0: 1002 1119 1034) (0.064134 s)
>> 1 (2: 1026 1127 1122) (0.063628 s)
>> 1 (3: 1037 1042 1026) (0.062625 s)
>> 1 (4: 1028 1044 1037) (0.062136 s)
>> 1 (6: 1074 1148 1028) (0.061538 s)
>> 1 (8: 1109 1172 1111) (0.060768 s)
>> 1 (11: 1179 1134 1074) (0.060146 s)
>> 1 (16: 1192 1113 1002) (0.059579 s)
>> 1 (17: 1040 1179 1051) (0.059014 s)
>> 1 (18: 1021 1073 1040) (0.058348 s)
>> 1 (21: 1126 1130 1021) (0.057747 s)
>> 1 (23: 1188 1136 1126) (0.057061 s)
>> 1 (26: 1164 1188 1129) (0.056458 s)
>> 1 (33: 1014 1166 1164) (0.055923 s)
>> 1 (44: 1089 1147 1014) (0.055464 s)
>> 1 (51: 1094 1137 1089) (0.05501 s)
>> 1 (53: 1009 1094 1053) (0.054243 s)
>> 1 (56: 1022 1128 1009) (0.053651 s)
>> 1 (63: 1078 1117 1022) (0.053127 s)
>> 1 (77: 1016 1102 1078) (0.052852 s)
>> 1 (79: 1030 1153 1016) (0.052363 s)
>> 1 (134: 1192 1175 1035) (0.051929 s)
>> 1 (137: 1030 1163 1090) (0.05168 s)
>> 0 (-1: -1 -1 -1) (0.051184 s)
Zelikovsky- 1.37404 s
>>> get_solution
  refine_solution: new weight 231 (was 233) in 0.003814 s
  refine_solution: new weight 231 (was 231) in 0.003783 s
>>> get_solution
  refine_solution: new weight 257 (was 263) in 0.003789 s
  refine_solution: new weight 253 (was 257) in 0.003762 s
  refine_solution: new weight 253 (was 253) in 0.003763 s
10,,906,3577,58,,906,0,,263,253,260,233,231,,11,11,@@

  handle_small_Steiner_degrees: steiner 3, suppress 70 in 0.000234 s
Starting round 11
Found 377 isolated vertices
Invalid ratios recomputed: 822
Best ratio is 9/8 (1.1), centered at 58
Finding the best star... Star with 9 terminals centered in 1021
round took: 0.025355 s
|V| = 1199, |E| = 3082, |R| = 50
>> 1 (616: 1002 1009 1002) (0.001801 s)
>> 0 (-1: -1 -1 -1) (0.001086 s)
Zelikovsky 0.054408 s
>> 1 (0: 1002 1034 1021) (0.048516 s)
>> 1 (2: 1150 1026 1002) (0.047896 s)
>> 1 (4: 1181 1037 1028) (0.047394 s)
>> 1 (6: 1148 1150 1074) (0.046989 s)
>> 1 (8: 1172 1111 1109) (0.046468 s)
>> 1 (11: 1179 1148 1134) (0.04599 s)
>> 1 (16: 1182 1113 1044) (0.045566 s)
>> 1 (17: 1051 1179 1040) (0.045193 s)
>> 1 (21: 1130 1126 1051) (0.044495 s)
>> 1 (23: 1188 1136 1130) (0.044029 s)
>> 1 (26: 1164 1188 1129) (0.043453 s)
>> 1 (42: 1073 1164 1089) (0.04307 s)
>> 1 (44: 1176 1147 1073) (0.042836 s)
>> 1 (51: 1094 1176 1137) (0.042423 s)
>> 1 (53: 1009 1094 1053) (0.041993 s)
>> 1 (63: 1014 1078 1009) (0.041354 s)
>> 1 (67: 1132 1128 1014) (0.041009 s)
>> 1 (77: 1016 1132 1102) (0.040584 s)
>> 1 (79: 1153 1030 1016) (0.040208 s)
>> 1 (137: 1163 1153 1090) (0.039874 s)
>> 1 (287: 1194 1163 1035) (0.039533 s)
>> 0 (-1: -1 -1 -1) (0.039058 s)
Zelikovsky- 0.960836 s
>>> get_solution
  refine_solution: new weight 231 (was 231) in 0.003809 s
>>> get_solution
  refine_solution: new weight 253 (was 257) in 0.003786 s
  refine_solution: new weight 249 (was 253) in 0.003773 s
  refine_solution: new weight 245 (was 249) in 0.003781 s
  refine_solution: new weight 245 (was 245) in 0.003772 s
11,,822,3082,50,,822,0,,257,245,254,231,231,,9,9,@@

  handle_small_Steiner_degrees: steiner 6, suppress 58 in 0.000208 s
Starting round 12
Found 450 isolated vertices
Invalid ratios recomputed: 749
Best ratio is 9/8 (1.1), centered at 358
Finding the best star... Star with 9 terminals centered in 1014
round took: 0.020613 s
|V| = 1199, |E| = 2618, |R| = 42
>> 1 (616: 1002 1009 1002) (0.001284 s)
>> 0 (-1: -1 -1 -1) (0.000501 s)
Zelikovsky 0.039581 s
>> 1 (0: 1002 1034 1014) (0.037093 s)
>> 1 (2: 1150 1026 1002) (0.036672 s)
>> 1 (4: 1181 1037 1028) (0.036227 s)
>> 1 (6: 1148 1150 1074) (0.035894 s)
>> 1 (8: 1172 1111 1109) (0.035649 s)
>> 1 (11: 1179 1148 1134) (0.035292 s)
>> 1 (23: 1188 1179 1136) (0.034829 s)
>> 1 (26: 1164 1188 1129) (0.034464 s)
>> 1 (44: 1176 1164 1147) (0.034211 s)
>> 1 (51: 1094 1176 1137) (0.033865 s)
>> 1 (53: 1009 1094 1053) (0.033617 s)
>> 1 (63: 1172 1117 1051) (0.033155 s)
>> 1 (67: 1009 1132 1128) (0.033075 s)
>> 1 (76: 1194 1126 1009) (0.032756 s)
>> 1 (77: 1182 1102 1016) (0.032386 s)
>> 1 (101: 1163 1181 1073) (0.032151 s)
>> 1 (123: 1153 1172 1035) (0.031932 s)
>> 0 (-1: -1 -1 -1) (0.031736 s)
Zelikovsky- 0.617246 s
>>> get_solution
  refine_solution: new weight 229 (was 229) in 0.003803 s
>>> get_solution
  refine_solution: new weight 249 (was 252) in 0.003775 s
  refine_solution: new weight 247 (was 249) in 0.003763 s
  refine_solution: new weight 245 (was 247) in 0.003759 s
  refine_solution: new weight 245 (was 245) in 0.003758 s
12,,749,2618,42,,749,0,,252,245,248,229,229,,9,9,@@

  handle_small_Steiner_degrees: steiner 8, suppress 73 in 0.000235 s
Starting round 13
Found 540 isolated vertices
Invalid ratios recomputed: 659
Best ratio is 9/8 (1.1), centered at 460
Finding the best star... Star with 9 terminals centered in 1074
round took: 0.016225 s
|V| = 1199, |E| = 2084, |R| = 34
>> 1 (616: 1002 1009 1002) (0.000876 s)
>> 0 (-1: -1 -1 -1) (0.00053 s)
Zelikovsky 0.028963 s
>> 1 (0: 1002 1119 1074) (0.027006 s)
>> 1 (2: 1026 1122 1002) (0.026608 s)
>> 1 (4: 1028 1044 1026) (0.026281 s)
>> 1 (11: 1179 1134 1028) (0.025935 s)
>> 1 (23: 1188 1179 1136) (0.025689 s)
>> 1 (30: 1035 1188 1111) (0.025446 s)
>> 1 (44: 1176 1147 1035) (0.025103 s)
>> 1 (51: 1094 1176 1137) (0.024821 s)
>> 1 (53: 1009 1094 1053) (0.024526 s)
>> 1 (63: 1051 1117 1009) (0.024384 s)
>> 1 (67: 1132 1128 1051) (0.02406 s)
>> 1 (76: 1194 1132 1126) (0.023889 s)
>> 1 (77: 1016 1182 1102) (0.02364 s)
>> 1 (146: 1090 1194 1129) (0.0235 s)
>> 0 (-1: -1 -1 -1) (0.023204 s)
Zelikovsky- 0.375788 s
>>> get_solution
  refine_solution: new weight 226 (was 227) in 0.00381 s
  refine_solution: new weight 226 (was 226) in 0.003773 s
>>> get_solution
  refine_solution: new weight 239 (was 244) in 0.003774 s
  refine_solution: new weight 236 (was 239) in 0.003759 s
  refine_solution: new weight 232 (was 236) in 0.003754 s
  refine_solution: new weight 232 (was 232) in 0.003757 s
13,,659,2084,34,,659,0,,244,232,241,227,226,,9,9,@@

  handle_small_Steiner_degrees: steiner 13, suppress 111 in 0.00029 s
Starting round 14
Found 673 isolated vertices
Invalid ratios recomputed: 526
Best ratio is 8/7 (1.1), centered at 968
Finding the best star... Star with 8 terminals centered in 1090
round took: 0.011158 s
|V| = 1199, |E| = 1560, |R| = 27
>> 1 (616: 1002 1009 1002) (0.000554 s)
>> 0 (-1: -1 -1 -1) (0.000336 s)
Zelikovsky 0.01717 s
>> 1 (2: 1026 1122 1090) (0.016245 s)
>> 1 (4: 1028 1044 1026) (0.016074 s)
>> 1 (11: 1179 1134 1028) (0.01582 s)
>> 1 (23: 1188 1179 1136) (0.015598 s)
>> 1 (30: 1035 1188 1111) (0.015383 s)
>> 1 (44: 1176 1147 1035) (0.015189 s)
>> 1 (53: 1009 1176 1053) (0.015019 s)
>> 1 (67: 1009 1128 1094) (0.014831 s)
>> 1 (77: 1016 1102 1009) (0.014688 s)
>> 1 (81: 1117 1129 1016) (0.014519 s)
>> 1 (401: 1002 1153 1117) (0.014276 s)
>> 0 (-1: -1 -1 -1) (0.014066 s)
Zelikovsky- 0.182891 s
>>> get_solution
  refine_solution: new weight 224 (was 224) in 0.003793 s
>>> get_solution
  refine_solution: new weight 239 (was 239) in 0.00377 s
14,,526,1560,27,,526,0,,239,239,235,224,224,,8,8,@@

  handle_small_Steiner_degrees: steiner 11, suppress 88 in 0.000192 s
Starting round 15
Found 780 isolated vertices
Invalid ratios recomputed: 419
Best ratio is 6/5 (1.2), centered at 208
Finding the best star... Star with 6 terminals centered in 1028
round took: 0.007418 s
|V| = 1199, |E| = 1183, |R| = 22
>> 1 (616: 1002 1009 1002) (0.000403 s)
>> 0 (-1: -1 -1 -1) (0.000227 s)
Zelikovsky 0.010613 s
>> 1 (2: 1026 1122 1028) (0.010267 s)
>> 1 (4: 1109 1044 1026) (0.010054 s)
>> 1 (11: 1179 1134 1109) (0.009769 s)
>> 1 (23: 1188 1179 1136) (0.00967 s)
>> 1 (30: 1035 1188 1111) (0.00949 s)
>> 1 (51: 1147 1094 1035) (0.009364 s)
>> 1 (67: 1009 1132 1128) (0.009282 s)
>> 1 (77: 1016 1102 1009) (0.009155 s)
>> 1 (83: 1153 1147 1117) (0.009133 s)
>> 0 (-1: -1 -1 -1) (0.009058 s)
Zelikovsky- 0.096123 s
>>> get_solution
  refine_solution: new weight 224 (was 224) in 0.003814 s
>>> get_solution
  refine_solution: new weight 235 (was 235) in 0.00378 s
15,,419,1183,22,,419,0,,235,235,232,224,224,,6,6,@@

  handle_small_Steiner_degrees: steiner 6, suppress 97 in 0.000172 s
Starting round 16
Found 889 isolated vertices
Invalid ratios recomputed: 310
Best ratio is 6/5 (1.2), centered at 488
Finding the best star... Star with 6 terminals centered in 1136
round took: 0.004237 s
|V| = 1199, |E| = 804, |R| = 17
>> 1 (898: 1002 1016 1002) (0.000264 s)
>> 0 (-1: -1 -1 -1) (0.000178 s)
Zelikovsky 0.005775 s
>> 1 (2: 1026 1136 1122) (0.005329 s)
>> 1 (4: 1044 1109 1026) (0.005224 s)
>> 1 (30: 1035 1111 1044) (0.005158 s)
>> 1 (51: 1094 1147 1035) (0.00507 s)
>> 1 (77: 1016 1102 1094) (0.004992 s)
>> 1 (126: 1002 1188 1016) (0.004899 s)
>> 1 (289: 1134 1153 1002) (0.00481 s)
>> 0 (-1: -1 -1 -1) (0.004721 s)
Zelikovsky- 0.040792 s
>>> get_solution
  refine_solution: new weight 222 (was 222) in 0.003798 s
>>> get_solution
  refine_solution: new weight 229 (was 230) in 0.003779 s
  refine_solution: new weight 229 (was 229) in 0.003766 s
16,,310,804,17,,310,0,,230,229,228,222,222,,6,6,@@

  handle_small_Steiner_degrees: steiner 13, suppress 88 in 0.000117 s
Starting round 17
Found 996 isolated vertices
Invalid ratios recomputed: 203
Best ratio is 5/4 (1.2), centered at 77
Finding the best star... Star with 5 terminals centered in 1136
round took: 0.002228 s
|V| = 1199, |E| = 510, |R| = 13
>> 1 (898: 1002 1026 1002) (0.000161 s)
>> 0 (-1: -1 -1 -1) (8.8e-05 s)
Zelikovsky 0.002649 s
>> 1 (2: 1026 1136 1122) (0.002337 s)
>> 1 (4: 1044 1109 1026) (0.002305 s)
>> 1 (30: 1035 1111 1044) (0.002238 s)
>> 1 (51: 1094 1147 1035) (0.002195 s)
>> 1 (126: 1002 1188 1094) (0.002148 s)
>> 1 (289: 1134 1153 1002) (0.002116 s)
Zelikovsky- 0.013735 s
>>> get_solution
  refine_solution: new weight 222 (was 222) in 0.003805 s
>>> get_solution
  refine_solution: new weight 228 (was 228) in 0.003776 s
17,,203,510,13,,203,0,,228,228,226,222,222,,5,5,@@

  handle_small_Steiner_degrees: steiner 6, suppress 59 in 6e-05 s
Starting round 18
Found 1066 isolated vertices
Invalid ratios recomputed: 133
Best ratio is 5/4 (1.2), centered at 578
Finding the best star... Star with 5 terminals centered in 1026
round took: 0.001199 s
|V| = 1199, |E| = 283, |R| = 9
>> 1 (180: 1002 1026 1002) (7.3e-05 s)
>> 0 (-1: -1 -1 -1) (4.4e-05 s)
Zelikovsky 0.001132 s
>> 1 (51: 1026 1147 1094) (0.000948 s)
>> 1 (52: 1002 1122 1026) (0.000915 s)
>> 1 (123: 1153 1035 1002) (0.000894 s)
>> 0 (-1: -1 -1 -1) (0.000858 s)
Zelikovsky- 0.003837 s
>>> get_solution
  refine_solution: new weight 222 (was 222) in 0.0038 s
>>> get_solution
  refine_solution: new weight 225 (was 225) in 0.00377 s
18,,133,283,9,,133,0,,225,225,223,222,222,,5,5,@@

  handle_small_Steiner_degrees: steiner 13, suppress 60 in 4.7e-05 s
Starting round 19
Found 1144 isolated vertices
Invalid ratios recomputed: 55
Best ratio is 4/3 (1.3), centered at 180
Finding the best star... Star with 4 terminals centered in 1134
round took: 0.000401 s
|V| = 1199, |E| = 112, |R| = 6
>> 1 (209: 1035 1122 1035) (3.7e-05 s)
>> 0 (-1: -1 -1 -1) (1.6e-05 s)
Zelikovsky 0.000336 s
>> 1 (123: 1035 1153 1134) (0.000178 s)
>> 1 (238: 1035 1188 1147) (0.000162 s)
Zelikovsky- 0.000484 s
>>> get_solution
  refine_solution: new weight 221 (was 221) in 0.003792 s
>>> get_solution
  refine_solution: new weight 223 (was 223) in 0.003771 s
19,,55,112,6,,55,0,,223,223,222,221,221,,4,4,@@

  handle_small_Steiner_degrees: steiner 4, suppress 21 in 1.5e-05 s
Starting round 20
Found 1173 isolated vertices
Invalid ratios recomputed: 26
Best ratio is 4/3 (1.3), centered at 238
Finding the best star... Star with 4 terminals centered in 1147
round took: 0.000214 s
|V| = 1199, |E| = 31, |R| = 3
>> 1 (246: 1122 1147 1122) (1.5e-05 s)
>> 0 (-1: -1 -1 -1) (7e-06 s)
Zelikovsky 0.000158 s
>> 1 (246: 1122 1153 1147) (3.8e-05 s)
Zelikovsky- 0.000144 s
>>> get_solution
  refine_solution: new weight 220 (was 220) in 0.003783 s
>>> get_solution
  refine_solution: new weight 221 (was 221) in 0.003775 s
20,,26,31,3,,26,0,,221,221,220,220,220,,4,4,@@

  handle_small_Steiner_degrees: steiner 10, suppress 8 in 9e-06 s
Starting round 21
Found 1195 isolated vertices
Invalid ratios recomputed: 4
Best ratio is 3/2 (1.5), centered at 246
Finding the best star... Star with 3 terminals centered in 1153
round took: 7e-05 s
|V| = 1199, |E| = 0, |R| = 1
Zelikovsky 8.9e-05 s
Zelikovsky- 8.6e-05 s
>>> get_solution
  refine_solution: new weight 220 (was 220) in 0.003783 s
>>> get_solution
  refine_solution: new weight 220 (was 220) in 0.003772 s
21,,4,0,1,,4,0,,220,220,220,220,220,,3,3,@@

  handle_small_Steiner_degrees: steiner 0, suppress 0 in 2e-06 s
contract_till_the_bitter_end: 76.4775 s

Calling end_heu
>>> get_solution
Saved weight 0
end_heu: 0 loops with 0 unique solutions in 5e-05 s

Calling print_solution
>>> get_solution
  refine_solution: new weight 220 (was 220) in 0.003787 s
## FINAL WEIGHT 220
print_solution: 0.005041 s
