Version: final-94-gfffc3aa rub_all.sh: remove longest prefix
Random seed: 1550126517
Start
>>> save_orig_graph
>> Saved weight 0
Graph loaded
|V| = 1025, |E| = 5120, |R| = 512
First clearance of the input. Calling buy_zero and run_all_heuristics.
  buy_zero: 0 zero edges in 1.2e-05 s
  handle_small_terminal_degrees: terms 0 in 2e-06 s
  handle_small_Steiner_degrees: steiner 0, suppress 0 in 6e-06 s
  shortest_edge_between_terminals: 0 edges in 3.7e-05 s
Compressed graph 1025 -> 1024
  delete_edges: deleted 0 edges in 0.000902 s and 1 rounds
  handle_small_terminal_degrees: terms 0 in 2e-06 s
  handle_small_Steiner_degrees: steiner 0, suppress 0 in 4e-06 s
  shortest_edge_between_terminals: 0 edges in 3.5e-05 s
Compressed graph 1024 -> 1024
  delete_edges_shortest_path: deleted 0 edges in 0.008783 s
  handle_small_terminal_degrees: terms 0 in 1e-06 s
  handle_small_Steiner_degrees: steiner 0, suppress 0 in 3e-06 s
  shortest_edge_between_terminals: 0 edges in 1.7e-05 s
Compressed graph 1024 -> 1024
  handle_small_terminal_degrees: terms 0 in 0 s
  handle_small_Steiner_degrees: steiner 0, suppress 0 in 3e-06 s
  shortest_edge_between_terminals: 0 edges in 1.8e-05 s
Compressed graph 1024 -> 1024
  delete_edges_shortest_path: deleted 0 edges in 0.006428 s
  handle_small_terminal_degrees: terms 0 in 1e-06 s
  handle_small_Steiner_degrees: steiner 0, suppress 0 in 2e-06 s
  shortest_edge_between_terminals: 0 edges in 1.8e-05 s
Compressed graph 1024 -> 1024
Compressed graph 1024 -> 1024
>>> save_orig_graph
>> Saved weight 0
### ZEL_LVL=0 PRECISE_STARS=1

Calling `contract_till_the_bitter_end`
|V| = 1024, |E| = 5120, |R| = 512
>>> get_solution
>>> get_solution
  refine_solution: new weight 68551 (was 81279) in 0.001911 s
  refine_solution: new weight 68452 (was 68551) in 0.001793 s
  refine_solution: new weight 68452 (was 68452) in 0.001812 s
0,,1024,5120,512,,0,0,,81279,68452,0,0,0,,0,0,@@

  delete_edges: deleted 0 edges in 0.000401 s and 1 rounds
  handle_small_Steiner_degrees: steiner 0, suppress 0 in 3e-06 s
Starting round 1
Found 0 isolated vertices
Invalid ratios recomputed: 1024
Best ratio is 1020/9 (113.3), centered at 506
Finding the best star... Star with 10 terminals centered in 507
round took: 0.030425 s
|V| = 1024, |E| = 5065, |R| = 503
>>> get_solution
>>> get_solution
  refine_solution: new weight 68582 (was 81190) in 0.001861 s
  refine_solution: new weight 68385 (was 68582) in 0.001793 s
  refine_solution: new weight 68385 (was 68385) in 0.001798 s
1,,1024,5065,503,,1024,0,,81190,68385,1020,1020,1020,,1020,10,@@

  handle_small_Steiner_degrees: steiner 0, suppress 0 in 3e-06 s
Starting round 2
Found 10 isolated vertices
Invalid ratios recomputed: 1009
Best ratio is 1026/9 (114.0), centered at 340
Finding the best star... Star with 10 terminals centered in 500
round took: 0.030507 s
|V| = 1024, |E| = 5010, |R| = 494
>>> get_solution
>>> get_solution
  refine_solution: new weight 68402 (was 81006) in 0.001856 s
  refine_solution: new weight 68207 (was 68402) in 0.001798 s
  refine_solution: new weight 68207 (was 68207) in 0.001789 s
2,,1014,5010,494,,1009,0,,81006,68207,2046,2046,2046,,1026,10,@@

  handle_small_Steiner_degrees: steiner 0, suppress 0 in 4e-06 s
Starting round 3
Found 20 isolated vertices
Invalid ratios recomputed: 1001
Best ratio is 1026/9 (114.0), centered at 663
Finding the best star... Star with 10 terminals centered in 983
round took: 0.030894 s
|V| = 1024, |E| = 4955, |R| = 485
>>> get_solution
>>> get_solution
  refine_solution: new weight 68594 (was 80922) in 0.001851 s
  refine_solution: new weight 68306 (was 68594) in 0.001811 s
  refine_solution: new weight 68306 (was 68306) in 0.00179 s
3,,1004,4955,485,,1001,0,,80922,68306,3072,3072,3072,,1026,10,@@

  handle_small_Steiner_degrees: steiner 0, suppress 0 in 4e-06 s
Starting round 4
Found 30 isolated vertices
Invalid ratios recomputed: 991
Best ratio is 1027/9 (114.1), centered at 523
Finding the best star... Star with 10 terminals centered in 795
round took: 0.030914 s
|V| = 1024, |E| = 4900, |R| = 476
>>> get_solution
>>> get_solution
  refine_solution: new weight 68403 (was 80838) in 0.001865 s
  refine_solution: new weight 68113 (was 68403) in 0.001791 s
  refine_solution: new weight 68113 (was 68113) in 0.001791 s
4,,994,4900,476,,991,0,,80838,68113,4099,4099,4099,,1027,10,@@

  handle_small_Steiner_degrees: steiner 0, suppress 0 in 3e-06 s
Starting round 5
Found 40 isolated vertices
Invalid ratios recomputed: 980
Best ratio is 1028/9 (114.2), centered at 118
Finding the best star... Star with 10 terminals centered in 246
round took: 0.03128 s
|V| = 1024, |E| = 4845, |R| = 467
>>> get_solution
>>> get_solution
  refine_solution: new weight 68215 (was 80756) in 0.00186 s
  refine_solution: new weight 68117 (was 68215) in 0.00179 s
  refine_solution: new weight 68117 (was 68117) in 0.001792 s
5,,984,4845,467,,980,0,,80756,68117,5127,5127,5127,,1028,10,@@

  handle_small_Steiner_degrees: steiner 0, suppress 0 in 4e-06 s
Starting round 6
Found 50 isolated vertices
Invalid ratios recomputed: 972
Best ratio is 1028/9 (114.2), centered at 311
Finding the best star... Star with 10 terminals centered in 447
round took: 0.03143 s
|V| = 1024, |E| = 4790, |R| = 458
>>> get_solution
>>> get_solution
  refine_solution: new weight 67609 (was 80169) in 0.001859 s
  refine_solution: new weight 67418 (was 67609) in 0.001794 s
  refine_solution: new weight 67418 (was 67418) in 0.001797 s
6,,974,4790,458,,972,0,,80169,67418,6155,6155,6155,,1028,10,@@

  handle_small_Steiner_degrees: steiner 0, suppress 0 in 4e-06 s
Starting round 7
Found 60 isolated vertices
Invalid ratios recomputed: 961
Best ratio is 916/8 (114.5), centered at 456
Finding the best star... Star with 9 terminals centered in 492
round took: 0.031565 s
|V| = 1024, |E| = 4737, |R| = 450
>>> get_solution
>>> get_solution
  refine_solution: new weight 67752 (was 80477) in 0.001867 s
  refine_solution: new weight 67564 (was 67752) in 0.001792 s
  refine_solution: new weight 67564 (was 67564) in 0.001789 s
7,,964,4737,450,,961,0,,80477,67564,7071,7071,7071,,916,9,@@

  handle_small_Steiner_degrees: steiner 0, suppress 0 in 4e-06 s
Starting round 8
Found 69 isolated vertices
Invalid ratios recomputed: 955
Best ratio is 1031/9 (114.6), centered at 75
Finding the best star... Star with 10 terminals centered in 459
round took: 0.032603 s
|V| = 1024, |E| = 4682, |R| = 441
>>> get_solution
>>> get_solution
  refine_solution: new weight 67940 (was 80302) in 0.001856 s
  refine_solution: new weight 67638 (was 67940) in 0.001793 s
  refine_solution: new weight 67638 (was 67638) in 0.001795 s
8,,955,4682,441,,955,0,,80302,67638,8102,8102,8102,,1031,10,@@

  handle_small_Steiner_degrees: steiner 0, suppress 0 in 4e-06 s
Starting round 9
Found 79 isolated vertices
Invalid ratios recomputed: 944
Best ratio is 1033/9 (114.8), centered at 165
Finding the best star... Star with 10 terminals centered in 679
round took: 0.032749 s
|V| = 1024, |E| = 4627, |R| = 432
>>> get_solution
>>> get_solution
  refine_solution: new weight 67568 (was 80623) in 0.001855 s
  refine_solution: new weight 67365 (was 67568) in 0.001786 s
  refine_solution: new weight 67365 (was 67365) in 0.001793 s
9,,945,4627,432,,944,0,,80623,67365,9135,9135,9135,,1033,10,@@

  handle_small_Steiner_degrees: steiner 0, suppress 0 in 5e-06 s
Starting round 10
Found 89 isolated vertices
Invalid ratios recomputed: 934
Best ratio is 1033/9 (114.8), centered at 621
Finding the best star... Star with 10 terminals centered in 879
round took: 0.032878 s
|V| = 1024, |E| = 4572, |R| = 423
>>> get_solution
>>> get_solution
  refine_solution: new weight 67462 (was 80242) in 0.001851 s
  refine_solution: new weight 67259 (was 67462) in 0.001793 s
  refine_solution: new weight 67259 (was 67259) in 0.001784 s
10,,935,4572,423,,934,0,,80242,67259,10168,10168,10168,,1033,10,@@

  handle_small_Steiner_degrees: steiner 0, suppress 0 in 5e-06 s
Starting round 11
Found 99 isolated vertices
Invalid ratios recomputed: 924
Best ratio is 1034/9 (114.9), centered at 289
Finding the best star... Star with 10 terminals centered in 305
round took: 0.032904 s
|V| = 1024, |E| = 4517, |R| = 414
>>> get_solution
>>> get_solution
  refine_solution: new weight 67295 (was 79965) in 0.001849 s
  refine_solution: new weight 67092 (was 67295) in 0.001794 s
  refine_solution: new weight 67092 (was 67092) in 0.001786 s
11,,925,4517,414,,924,0,,79965,67092,11202,11202,11202,,1034,10,@@

  handle_small_Steiner_degrees: steiner 0, suppress 0 in 4e-06 s
Starting round 12
Found 109 isolated vertices
Invalid ratios recomputed: 915
Best ratio is 1034/9 (114.9), centered at 514
Finding the best star... Star with 10 terminals centered in 834
round took: 0.03297 s
|V| = 1024, |E| = 4462, |R| = 405
>>> get_solution
>>> get_solution
  refine_solution: new weight 67400 (was 79585) in 0.001862 s
  refine_solution: new weight 67400 (was 67400) in 0.001785 s
12,,915,4462,405,,915,0,,79585,67400,12236,12236,12236,,1034,10,@@

  handle_small_Steiner_degrees: steiner 0, suppress 0 in 5e-06 s
Starting round 13
Found 119 isolated vertices
Invalid ratios recomputed: 905
Best ratio is 1035/9 (115.0), centered at 14
Finding the best star... Star with 10 terminals centered in 526
round took: 0.033046 s
|V| = 1024, |E| = 4407, |R| = 396
>>> get_solution
>>> get_solution
  refine_solution: new weight 67605 (was 79409) in 0.001856 s
  refine_solution: new weight 67402 (was 67605) in 0.001783 s
  refine_solution: new weight 67402 (was 67402) in 0.001775 s
13,,905,4407,396,,905,0,,79409,67402,13271,13271,13271,,1035,10,@@

  handle_small_Steiner_degrees: steiner 0, suppress 0 in 5e-06 s
Starting round 14
Found 129 isolated vertices
Invalid ratios recomputed: 895
Best ratio is 1035/9 (115.0), centered at 789
Finding the best star... Star with 10 terminals centered in 791
round took: 0.033051 s
|V| = 1024, |E| = 4352, |R| = 387
>>> get_solution
>>> get_solution
  refine_solution: new weight 67814 (was 78936) in 0.001856 s
  refine_solution: new weight 67814 (was 67814) in 0.001782 s
14,,895,4352,387,,895,0,,78936,67814,14306,14306,14306,,1035,10,@@

  handle_small_Steiner_degrees: steiner 0, suppress 0 in 5e-06 s
Starting round 15
Found 139 isolated vertices
Invalid ratios recomputed: 885
Best ratio is 1035/9 (115.0), centered at 993
Finding the best star... Star with 10 terminals centered in 1003
round took: 0.03315 s
|V| = 1024, |E| = 4297, |R| = 378
>>> get_solution
>>> get_solution
  refine_solution: new weight 67151 (was 78762) in 0.001869 s
  refine_solution: new weight 67148 (was 67151) in 0.001787 s
  refine_solution: new weight 67148 (was 67148) in 0.001786 s
15,,885,4297,378,,885,0,,78762,67148,15341,15341,15341,,1035,10,@@

  handle_small_Steiner_degrees: steiner 0, suppress 0 in 5e-06 s
Starting round 16
Found 149 isolated vertices
Invalid ratios recomputed: 875
Best ratio is 1036/9 (115.1), centered at 708
Finding the best star... Star with 10 terminals centered in 741
round took: 0.033075 s
|V| = 1024, |E| = 4242, |R| = 369
>>> get_solution
>>> get_solution
  refine_solution: new weight 67339 (was 78287) in 0.001866 s
  refine_solution: new weight 67339 (was 67339) in 0.001786 s
16,,875,4242,369,,875,0,,78287,67339,16377,16377,16377,,1036,10,@@

  delete_edges: deleted 0 edges in 0.000683 s and 1 rounds
  handle_small_Steiner_degrees: steiner 0, suppress 0 in 5e-06 s
Starting round 17
Found 159 isolated vertices
Invalid ratios recomputed: 865
Best ratio is 1037/9 (115.2), centered at 88
Finding the best star... Star with 10 terminals centered in 216
round took: 0.033074 s
|V| = 1024, |E| = 4187, |R| = 360
>>> get_solution
>>> get_solution
  refine_solution: new weight 66838 (was 77911) in 0.001864 s
  refine_solution: new weight 66838 (was 66838) in 0.001787 s
17,,865,4187,360,,865,0,,77911,66838,17414,17414,17414,,1037,10,@@

  handle_small_Steiner_degrees: steiner 0, suppress 0 in 5e-06 s
Starting round 18
Found 169 isolated vertices
Invalid ratios recomputed: 854
Best ratio is 1037/9 (115.2), centered at 972
Finding the best star... Star with 10 terminals centered in 990
round took: 0.033211 s
|V| = 1024, |E| = 4132, |R| = 351
>>> get_solution
>>> get_solution
  refine_solution: new weight 66886 (was 77833) in 0.001872 s
  refine_solution: new weight 66886 (was 66886) in 0.001788 s
18,,855,4132,351,,854,0,,77833,66886,18451,18451,18451,,1037,10,@@

  handle_small_Steiner_degrees: steiner 0, suppress 0 in 4e-06 s
Starting round 19
Found 179 isolated vertices
Invalid ratios recomputed: 845
Best ratio is 1039/9 (115.4), centered at 577
Finding the best star... Star with 10 terminals centered in 705
round took: 0.03317 s
|V| = 1024, |E| = 4077, |R| = 342
>>> get_solution
>>> get_solution
  refine_solution: new weight 66812 (was 77566) in 0.001864 s
  refine_solution: new weight 66812 (was 66812) in 0.00179 s
19,,845,4077,342,,845,0,,77566,66812,19490,19490,19490,,1039,10,@@

  handle_small_Steiner_degrees: steiner 0, suppress 0 in 5e-06 s
Starting round 20
Found 189 isolated vertices
Invalid ratios recomputed: 835
Best ratio is 1040/9 (115.6), centered at 673
Finding the best star... Star with 10 terminals centered in 937
round took: 0.0331 s
|V| = 1024, |E| = 4022, |R| = 333
>>> get_solution
>>> get_solution
  refine_solution: new weight 66996 (was 77193) in 0.00186 s
  refine_solution: new weight 66992 (was 66996) in 0.0018 s
  refine_solution: new weight 66992 (was 66992) in 0.001788 s
20,,835,4022,333,,835,0,,77193,66992,20530,20530,20530,,1040,10,@@

  handle_small_Steiner_degrees: steiner 0, suppress 0 in 5e-06 s
Starting round 21
Found 199 isolated vertices
Invalid ratios recomputed: 825
Best ratio is 1040/9 (115.6), centered at 848
Finding the best star... Star with 10 terminals centered in 882
round took: 0.033189 s
|V| = 1024, |E| = 3967, |R| = 324
>>> get_solution
>>> get_solution
  refine_solution: new weight 67029 (was 76823) in 0.001862 s
  refine_solution: new weight 67029 (was 67029) in 0.001797 s
21,,825,3967,324,,825,0,,76823,67029,21570,21570,21570,,1040,10,@@

  handle_small_Steiner_degrees: steiner 0, suppress 0 in 5e-06 s
Starting round 22
Found 209 isolated vertices
Invalid ratios recomputed: 815
Best ratio is 925/8 (115.6), centered at 156
Finding the best star... Star with 9 terminals centered in 924
round took: 0.032991 s
|V| = 1024, |E| = 3914, |R| = 316
>>> get_solution
>>> get_solution
  refine_solution: new weight 67069 (was 76840) in 0.001854 s
  refine_solution: new weight 67069 (was 67069) in 0.001795 s
22,,815,3914,316,,815,0,,76840,67069,22495,22495,22495,,925,9,@@

  handle_small_Steiner_degrees: steiner 0, suppress 0 in 5e-06 s
Starting round 23
Found 218 isolated vertices
Invalid ratios recomputed: 805
Best ratio is 1041/9 (115.7), centered at 192
Finding the best star... Star with 10 terminals centered in 210
round took: 0.033452 s
|V| = 1024, |E| = 3859, |R| = 307
>>> get_solution
>>> get_solution
  refine_solution: new weight 67067 (was 76467) in 0.001857 s
  refine_solution: new weight 67067 (was 67067) in 0.001799 s
23,,806,3859,307,,805,0,,76467,67067,23536,23536,23536,,1041,10,@@

  handle_small_Steiner_degrees: steiner 0, suppress 0 in 5e-06 s
Starting round 24
Found 228 isolated vertices
Invalid ratios recomputed: 796
Best ratio is 926/8 (115.8), centered at 17
Finding the best star... Star with 9 terminals centered in 85
round took: 0.033254 s
|V| = 1024, |E| = 3806, |R| = 299
>>> get_solution
>>> get_solution
  refine_solution: new weight 67176 (was 76387) in 0.001851 s
  refine_solution: new weight 67176 (was 67176) in 0.001798 s
24,,796,3806,299,,796,0,,76387,67176,24462,24462,24462,,926,9,@@

  handle_small_Steiner_degrees: steiner 0, suppress 0 in 5e-06 s
Starting round 25
Found 237 isolated vertices
Invalid ratios recomputed: 787
Best ratio is 927/8 (115.9), centered at 51
Finding the best star... Star with 9 terminals centered in 795
round took: 0.033841 s
|V| = 1024, |E| = 3753, |R| = 291
>>> get_solution
>>> get_solution
  refine_solution: new weight 67200 (was 76309) in 0.00185 s
  refine_solution: new weight 67200 (was 67200) in 0.001796 s
25,,787,3753,291,,787,0,,76309,67200,25389,25389,25389,,927,9,@@

  handle_small_Steiner_degrees: steiner 0, suppress 0 in 5e-06 s
Starting round 26
Found 246 isolated vertices
Invalid ratios recomputed: 778
Best ratio is 1044/9 (116.0), centered at 189
Finding the best star... Star with 10 terminals centered in 509
round took: 0.034264 s
|V| = 1024, |E| = 3698, |R| = 282
>>> get_solution
>>> get_solution
  refine_solution: new weight 67679 (was 75842) in 0.00185 s
  refine_solution: new weight 67679 (was 67679) in 0.001789 s
26,,778,3698,282,,778,0,,75842,67679,26433,26433,26433,,1044,10,@@

  handle_small_Steiner_degrees: steiner 0, suppress 0 in 5e-06 s
Starting round 27
Found 256 isolated vertices
Invalid ratios recomputed: 767
Best ratio is 931/8 (116.4), centered at 274
Finding the best star... Star with 9 terminals centered in 402
round took: 0.033831 s
|V| = 1024, |E| = 3645, |R| = 274
>>> get_solution
>>> get_solution
  refine_solution: new weight 66933 (was 75762) in 0.001845 s
  refine_solution: new weight 66933 (was 66933) in 0.001791 s
27,,768,3645,274,,767,0,,75762,66933,27364,27364,27364,,931,9,@@

  handle_small_Steiner_degrees: steiner 0, suppress 0 in 4e-06 s
Starting round 28
Found 265 isolated vertices
Invalid ratios recomputed: 759
Best ratio is 931/8 (116.4), centered at 354
Finding the best star... Star with 9 terminals centered in 870
round took: 0.033857 s
|V| = 1024, |E| = 3592, |R| = 266
>>> get_solution
>>> get_solution
  refine_solution: new weight 67049 (was 75284) in 0.00185 s
  refine_solution: new weight 67049 (was 67049) in 0.001792 s
28,,759,3592,266,,759,0,,75284,67049,28295,28295,28295,,931,9,@@

  handle_small_Steiner_degrees: steiner 0, suppress 0 in 4e-06 s
Starting round 29
Found 274 isolated vertices
Invalid ratios recomputed: 750
Best ratio is 1049/9 (116.6), centered at 572
Finding the best star... Star with 10 terminals centered in 573
round took: 0.034018 s
|V| = 1024, |E| = 3537, |R| = 257
>>> get_solution
>>> get_solution
  refine_solution: new weight 66639 (was 74722) in 0.001847 s
  refine_solution: new weight 66639 (was 66639) in 0.001797 s
29,,750,3537,257,,750,0,,74722,66639,29344,29344,29344,,1049,10,@@

  handle_small_Steiner_degrees: steiner 0, suppress 0 in 4e-06 s
Starting round 30
Found 284 isolated vertices
Invalid ratios recomputed: 740
Best ratio is 933/8 (116.6), centered at 913
Finding the best star... Star with 9 terminals centered in 85
round took: 0.033576 s
|V| = 1024, |E| = 3483, |R| = 249
>>> get_solution
>>> get_solution
  refine_solution: new weight 66571 (was 74240) in 0.001848 s
  refine_solution: new weight 66571 (was 66571) in 0.0018 s
30,,740,3483,249,,740,0,,74240,66571,30277,30277,30277,,933,9,@@

  handle_small_Steiner_degrees: steiner 0, suppress 0 in 4e-06 s
Starting round 31
Found 293 isolated vertices
Invalid ratios recomputed: 731
Best ratio is 1050/9 (116.7), centered at 176
Finding the best star... Star with 10 terminals centered in 180
round took: 0.034125 s
|V| = 1024, |E| = 3428, |R| = 240
>>> get_solution
>>> get_solution
  refine_solution: new weight 66064 (was 73473) in 0.001853 s
  refine_solution: new weight 66064 (was 66064) in 0.001795 s
31,,731,3428,240,,731,0,,73473,66064,31327,31327,31327,,1050,10,@@

  handle_small_Steiner_degrees: steiner 0, suppress 0 in 4e-06 s
Starting round 32
Found 303 isolated vertices
Invalid ratios recomputed: 721
Best ratio is 935/8 (116.9), centered at 554
Finding the best star... Star with 9 terminals centered in 938
round took: 0.033737 s
|V| = 1024, |E| = 3374, |R| = 232
>>> get_solution
>>> get_solution
  refine_solution: new weight 65963 (was 73205) in 0.001846 s
  refine_solution: new weight 65963 (was 65963) in 0.001788 s
32,,721,3374,232,,721,0,,73205,65963,32262,32262,32262,,935,9,@@

  delete_edges: deleted 0 edges in 0.000865 s and 1 rounds
  handle_small_Steiner_degrees: steiner 0, suppress 0 in 4e-06 s
Starting round 33
Found 312 isolated vertices
Invalid ratios recomputed: 712
Best ratio is 936/8 (117.0), centered at 959
Finding the best star... Star with 9 terminals centered in 1023
round took: 0.034264 s
|V| = 1024, |E| = 3321, |R| = 224
>>> get_solution
>>> get_solution
  refine_solution: new weight 66098 (was 72836) in 0.001846 s
  refine_solution: new weight 66098 (was 66098) in 0.001797 s
33,,712,3321,224,,712,0,,72836,66098,33198,33198,33198,,936,9,@@

  handle_small_Steiner_degrees: steiner 0, suppress 0 in 4e-06 s
Starting round 34
Found 321 isolated vertices
Invalid ratios recomputed: 703
Best ratio is 937/8 (117.1), centered at 644
Finding the best star... Star with 9 terminals centered in 652
round took: 0.034146 s
|V| = 1024, |E| = 3268, |R| = 216
>>> get_solution
>>> get_solution
  refine_solution: new weight 66113 (was 72563) in 0.001849 s
  refine_solution: new weight 66113 (was 66113) in 0.001788 s
34,,703,3268,216,,703,0,,72563,66113,34135,34135,34135,,937,9,@@

  handle_small_Steiner_degrees: steiner 0, suppress 0 in 4e-06 s
Starting round 35
Found 330 isolated vertices
Invalid ratios recomputed: 694
Best ratio is 820/7 (117.1), centered at 519
Finding the best star... Star with 8 terminals centered in 783
round took: 0.034175 s
|V| = 1024, |E| = 3215, |R| = 209
>>> get_solution
>>> get_solution
  refine_solution: new weight 65976 (was 72376) in 0.001864 s
  refine_solution: new weight 65976 (was 65976) in 0.001777 s
35,,694,3215,209,,694,0,,72376,65976,34955,34955,34955,,820,8,@@

  handle_small_Steiner_degrees: steiner 0, suppress 0 in 4e-06 s
Starting round 36
Found 338 isolated vertices
Invalid ratios recomputed: 686
Best ratio is 938/8 (117.2), centered at 205
Finding the best star... Star with 9 terminals centered in 717
round took: 0.035694 s
|V| = 1024, |E| = 3162, |R| = 201
>>> get_solution
>>> get_solution
  refine_solution: new weight 65738 (was 72301) in 0.001865 s
  refine_solution: new weight 65738 (was 65738) in 0.001789 s
36,,686,3162,201,,686,0,,72301,65738,35893,35893,35893,,938,9,@@

  handle_small_Steiner_degrees: steiner 0, suppress 0 in 4e-06 s
Starting round 37
Found 347 isolated vertices
Invalid ratios recomputed: 677
Best ratio is 938/8 (117.2), centered at 391
Finding the best star... Star with 9 terminals centered in 399
round took: 0.03531 s
|V| = 1024, |E| = 3109, |R| = 193
>>> get_solution
>>> get_solution
  refine_solution: new weight 65427 (was 71822) in 0.001846 s
  refine_solution: new weight 65427 (was 65427) in 0.001798 s
37,,677,3109,193,,677,0,,71822,65427,36831,36831,36831,,938,9,@@

  handle_small_Steiner_degrees: steiner 0, suppress 0 in 4e-06 s
Starting round 38
Found 356 isolated vertices
Invalid ratios recomputed: 667
Best ratio is 940/8 (117.5), centered at 664
Finding the best star... Star with 9 terminals centered in 732
round took: 0.034933 s
|V| = 1024, |E| = 3056, |R| = 185
>>> get_solution
>>> get_solution
  refine_solution: new weight 65952 (was 71649) in 0.001851 s
  refine_solution: new weight 65758 (was 65952) in 0.001791 s
  refine_solution: new weight 65758 (was 65758) in 0.001775 s
38,,668,3056,185,,667,0,,71649,65758,37771,37771,37771,,940,9,@@

  handle_small_Steiner_degrees: steiner 0, suppress 0 in 3e-06 s
Starting round 39
Found 365 isolated vertices
Invalid ratios recomputed: 659
Best ratio is 941/8 (117.6), centered at 862
Finding the best star... Star with 9 terminals centered in 863
round took: 0.034905 s
|V| = 1024, |E| = 3003, |R| = 177
>>> get_solution
>>> get_solution
  refine_solution: new weight 66333 (was 71085) in 0.001853 s
  refine_solution: new weight 66139 (was 66333) in 0.001785 s
  refine_solution: new weight 66139 (was 66139) in 0.001786 s
39,,659,3003,177,,659,0,,71085,66139,38712,38712,38712,,941,9,@@

  handle_small_Steiner_degrees: steiner 0, suppress 0 in 3e-06 s
Starting round 40
Found 374 isolated vertices
Invalid ratios recomputed: 650
Best ratio is 943/8 (117.9), centered at 139
Finding the best star... Star with 9 terminals centered in 219
round took: 0.03459 s
|V| = 1024, |E| = 2946, |R| = 169
>>> get_solution
>>> get_solution
  refine_solution: new weight 65873 (was 70517) in 0.001862 s
  refine_solution: new weight 65873 (was 65873) in 0.00178 s
40,,650,2946,169,,650,0,,70517,65873,39655,39655,39655,,943,9,@@

  handle_small_Steiner_degrees: steiner 0, suppress 0 in 3e-06 s
Starting round 41
Found 383 isolated vertices
Invalid ratios recomputed: 641
Best ratio is 827/7 (118.1), centered at 115
Finding the best star... Star with 8 terminals centered in 371
round took: 0.034718 s
|V| = 1024, |E| = 2881, |R| = 162
>>> get_solution
>>> get_solution
  refine_solution: new weight 65211 (was 70139) in 0.001861 s
  refine_solution: new weight 65211 (was 65211) in 0.00178 s
41,,641,2881,162,,641,0,,70139,65211,40482,40482,40482,,827,8,@@

  handle_small_Steiner_degrees: steiner 0, suppress 0 in 3e-06 s
Starting round 42
Found 391 isolated vertices
Invalid ratios recomputed: 633
Best ratio is 829/7 (118.4), centered at 104
Finding the best star... Star with 8 terminals centered in 616
round took: 0.0372 s
|V| = 1024, |E| = 2821, |R| = 155
>>> get_solution
>>> get_solution
  refine_solution: new weight 65835 (was 70063) in 0.001859 s
  refine_solution: new weight 65835 (was 65835) in 0.0018 s
42,,633,2821,155,,633,0,,70063,65835,41311,41311,41311,,829,8,@@

  handle_small_Steiner_degrees: steiner 0, suppress 0 in 3e-06 s
Starting round 43
Found 399 isolated vertices
Invalid ratios recomputed: 625
Best ratio is 830/7 (118.6), centered at 715
Finding the best star... Star with 8 terminals centered in 763
round took: 0.038267 s
|V| = 1024, |E| = 2769, |R| = 148
>>> get_solution
>>> get_solution
  refine_solution: new weight 66128 (was 69584) in 0.001855 s
  refine_solution: new weight 66128 (was 66128) in 0.001787 s
43,,625,2769,148,,625,0,,69584,66128,42141,42141,42141,,830,8,@@

  handle_small_Steiner_degrees: steiner 0, suppress 0 in 3e-06 s
Starting round 44
Found 407 isolated vertices
Invalid ratios recomputed: 617
Best ratio is 831/7 (118.7), centered at 889
Finding the best star... Star with 8 terminals centered in 1017
round took: 0.038281 s
|V| = 1024, |E| = 2717, |R| = 141
>>> get_solution
>>> get_solution
  refine_solution: new weight 65647 (was 69110) in 0.001856 s
  refine_solution: new weight 65647 (was 65647) in 0.001787 s
44,,617,2717,141,,617,0,,69110,65647,42972,42972,42972,,831,8,@@

  handle_small_Steiner_degrees: steiner 0, suppress 0 in 2e-06 s
Starting round 45
Found 415 isolated vertices
Invalid ratios recomputed: 609
Best ratio is 952/8 (119.0), centered at 950
Finding the best star... Star with 9 terminals centered in 1014
round took: 0.038024 s
|V| = 1024, |E| = 2663, |R| = 133
>>> get_solution
>>> get_solution
  refine_solution: new weight 65800 (was 68753) in 0.001853 s
  refine_solution: new weight 65800 (was 65800) in 0.001796 s
45,,609,2663,133,,609,0,,68753,65800,43924,43924,43924,,952,9,@@

  handle_small_Steiner_degrees: steiner 0, suppress 0 in 3e-06 s
Starting round 46
Found 424 isolated vertices
Invalid ratios recomputed: 600
Best ratio is 833/7 (119.0), centered at 265
Finding the best star... Star with 8 terminals centered in 393
round took: 0.03763 s
|V| = 1024, |E| = 2611, |R| = 126
>>> get_solution
>>> get_solution
  refine_solution: new weight 66498 (was 68678) in 0.001854 s
  refine_solution: new weight 66498 (was 66498) in 0.001785 s
46,,600,2611,126,,600,0,,68678,66498,44757,44757,44757,,833,8,@@

  handle_small_Steiner_degrees: steiner 0, suppress 0 in 3e-06 s
Starting round 47
Found 432 isolated vertices
Invalid ratios recomputed: 592
Best ratio is 715/6 (119.2), centered at 426
Finding the best star... Star with 7 terminals centered in 427
round took: 0.037526 s
|V| = 1024, |E| = 2547, |R| = 120
>>> get_solution
>>> get_solution
  refine_solution: new weight 66712 (was 68490) in 0.001865 s
  refine_solution: new weight 66606 (was 66712) in 0.00178 s
  refine_solution: new weight 66606 (was 66606) in 0.001784 s
47,,592,2547,120,,592,0,,68490,66606,45472,45472,45472,,715,7,@@

  handle_small_Steiner_degrees: steiner 0, suppress 0 in 2e-06 s
Starting round 48
Found 439 isolated vertices
Invalid ratios recomputed: 585
Best ratio is 719/6 (119.8), centered at 190
Finding the best star... Star with 7 terminals centered in 717
round took: 0.039422 s
|V| = 1024, |E| = 2371, |R| = 114
>>> get_solution
>>> get_solution
  refine_solution: new weight 65501 (was 67705) in 0.001869 s
  refine_solution: new weight 65501 (was 65501) in 0.00178 s
48,,585,2371,114,,585,0,,67705,65501,46191,46191,46191,,719,7,@@

  delete_edges: deleted 0 edges in 0.001246 s and 1 rounds
  handle_small_Steiner_degrees: steiner 0, suppress 9 in 3e-05 s
Starting round 49
Found 455 isolated vertices
Invalid ratios recomputed: 569
Best ratio is 719/6 (119.8), centered at 613
Finding the best star... Star with 7 terminals centered in 615
round took: 0.042782 s
|V| = 1024, |E| = 2296, |R| = 108
>>> get_solution
>>> get_solution
  refine_solution: new weight 65722 (was 67520) in 0.001852 s
  refine_solution: new weight 65722 (was 65722) in 0.00178 s
49,,569,2296,108,,569,0,,67520,65722,46910,46910,46910,,719,7,@@

  handle_small_Steiner_degrees: steiner 0, suppress 0 in 3e-06 s
Starting round 50
Found 462 isolated vertices
Invalid ratios recomputed: 561
Best ratio is 839/7 (119.9), centered at 465
Finding the best star... Star with 8 terminals centered in 467
round took: 0.043553 s
|V| = 1024, |E| = 2230, |R| = 101
>>> get_solution
>>> get_solution
  refine_solution: new weight 65767 (was 67251) in 0.001856 s
  refine_solution: new weight 65767 (was 65767) in 0.001783 s
50,,562,2230,101,,561,0,,67251,65767,47749,47749,47749,,839,8,@@

  handle_small_Steiner_degrees: steiner 0, suppress 2 in 7e-06 s
Starting round 51
Found 472 isolated vertices
Invalid ratios recomputed: 550
Best ratio is 841/7 (120.1), centered at 292
Finding the best star... Star with 8 terminals centered in 804
round took: 0.043336 s
|V| = 1024, |E| = 2095, |R| = 94
>>> get_solution
>>> get_solution
  refine_solution: new weight 65680 (was 66780) in 0.001859 s
  refine_solution: new weight 65488 (was 65680) in 0.001784 s
  refine_solution: new weight 65488 (was 65488) in 0.001783 s
51,,552,2095,94,,550,0,,66780,65488,48590,48590,48590,,841,8,@@

  handle_small_Steiner_degrees: steiner 0, suppress 14 in 4.2e-05 s
Starting round 52
Found 494 isolated vertices
Invalid ratios recomputed: 530
Best ratio is 725/6 (120.8), centered at 908
Finding the best star... Star with 7 terminals centered in 909
round took: 0.04139 s
|V| = 1024, |E| = 1937, |R| = 88
>>> get_solution
>>> get_solution
  refine_solution: new weight 65388 (was 66302) in 0.001854 s
  refine_solution: new weight 65105 (was 65388) in 0.001773 s
  refine_solution: new weight 65105 (was 65105) in 0.001779 s
52,,530,1937,88,,530,0,,66302,65105,49315,49315,49315,,725,7,@@

  handle_small_Steiner_degrees: steiner 0, suppress 8 in 3.3e-05 s
Starting round 53
Found 509 isolated vertices
Invalid ratios recomputed: 515
Best ratio is 726/6 (121.0), centered at 598
Finding the best star... Star with 7 terminals centered in 983
round took: 0.041792 s
|V| = 1024, |E| = 1572, |R| = 82
>>> get_solution
>>> get_solution
  refine_solution: new weight 65596 (was 66027) in 0.001856 s
  refine_solution: new weight 65313 (was 65596) in 0.001787 s
  refine_solution: new weight 65313 (was 65313) in 0.001799 s
53,,515,1572,82,,515,0,,66027,65313,50041,50041,50041,,726,7,@@

  handle_small_Steiner_degrees: steiner 3, suppress 75 in 0.000132 s
Starting round 54
Found 594 isolated vertices
Invalid ratios recomputed: 430
Best ratio is 728/6 (121.3), centered at 690
Finding the best star... Star with 7 terminals centered in 754
round took: 0.02631 s
|V| = 1024, |E| = 1284, |R| = 76
>>> get_solution
>>> get_solution
  refine_solution: new weight 65075 (was 65453) in 0.001851 s
  refine_solution: new weight 64885 (was 65075) in 0.001781 s
  refine_solution: new weight 64885 (was 64885) in 0.001771 s
54,,430,1284,76,,430,0,,65453,64885,50769,50769,50769,,728,7,@@

  handle_small_Steiner_degrees: steiner 1, suppress 38 in 6.9e-05 s
Starting round 55
Found 640 isolated vertices
Invalid ratios recomputed: 384
Best ratio is 614/5 (122.8), centered at 421
Finding the best star... Star with 6 terminals centered in 437
round took: 0.020335 s
|V| = 1024, |E| = 1115, |R| = 71
>>> get_solution
>>> get_solution
  refine_solution: new weight 64918 (was 65266) in 0.001853 s
  refine_solution: new weight 64918 (was 64918) in 0.001781 s
55,,384,1115,71,,384,0,,65266,64918,51383,51383,51383,,614,6,@@

  handle_small_Steiner_degrees: steiner 2, suppress 34 in 5.3e-05 s
Starting round 56
Found 682 isolated vertices
Invalid ratios recomputed: 342
Best ratio is 622/5 (124.4), centered at 618
Finding the best star... Star with 6 terminals centered in 634
round took: 0.015757 s
|V| = 1024, |E| = 922, |R| = 66
>>> get_solution
>>> get_solution
  refine_solution: new weight 64539 (was 64886) in 0.001848 s
  refine_solution: new weight 64539 (was 64539) in 0.001781 s
56,,342,922,66,,342,0,,64886,64539,52005,52005,52005,,622,6,@@

  handle_small_Steiner_degrees: steiner 6, suppress 45 in 7.1e-05 s
Starting round 57
Found 739 isolated vertices
Invalid ratios recomputed: 285
Best ratio is 630/5 (126.0), centered at 128
Finding the best star... Star with 6 terminals centered in 384
round took: 0.010674 s
|V| = 1024, |E| = 763, |R| = 61
>>> get_solution
>>> get_solution
  refine_solution: new weight 64363 (was 64614) in 0.001847 s
  refine_solution: new weight 64363 (was 64363) in 0.001787 s
57,,285,763,61,,285,0,,64614,64363,52635,52635,52635,,630,6,@@

  handle_small_Steiner_degrees: steiner 5, suppress 27 in 3.7e-05 s
Starting round 58
Found 777 isolated vertices
Invalid ratios recomputed: 247
Best ratio is 506/4 (126.5), centered at 528
Finding the best star... Star with 5 terminals centered in 792
round took: 0.008172 s
|V| = 1024, |E| = 643, |R| = 57
>>> get_solution
>>> get_solution
  refine_solution: new weight 64363 (was 64418) in 0.001851 s
  refine_solution: new weight 64363 (was 64363) in 0.001792 s
58,,247,643,57,,247,0,,64418,64363,53141,53141,53141,,506,5,@@

  handle_small_Steiner_degrees: steiner 3, suppress 25 in 3.5e-05 s
Starting round 59
Found 810 isolated vertices
Invalid ratios recomputed: 214
Best ratio is 639/5 (127.8), centered at 324
Finding the best star... Star with 6 terminals centered in 325
round took: 0.006233 s
|V| = 1024, |E| = 550, |R| = 52
>>> get_solution
>>> get_solution
  refine_solution: new weight 63998 (was 64053) in 0.001846 s
  refine_solution: new weight 63998 (was 63998) in 0.001786 s
59,,214,550,52,,214,0,,64053,63998,53780,53780,53780,,639,6,@@

  handle_small_Steiner_degrees: steiner 2, suppress 11 in 1.7e-05 s
Starting round 60
Found 829 isolated vertices
Invalid ratios recomputed: 195
Best ratio is 519/4 (129.8), centered at 375
Finding the best star... Star with 5 terminals centered in 503
round took: 0.005138 s
|V| = 1024, |E| = 490, |R| = 48
>>> get_solution
>>> get_solution
  refine_solution: new weight 63593 (was 63666) in 0.00185 s
  refine_solution: new weight 63593 (was 63593) in 0.001773 s
60,,195,490,48,,195,0,,63666,63593,54299,54299,54299,,519,5,@@

  handle_small_Steiner_degrees: steiner 0, suppress 14 in 2.4e-05 s
Starting round 61
Found 848 isolated vertices
Invalid ratios recomputed: 176
Best ratio is 406/3 (135.3), centered at 56
Finding the best star... Star with 4 terminals centered in 312
round took: 0.004215 s
|V| = 1024, |E| = 441, |R| = 45
>>> get_solution
>>> get_solution
  refine_solution: new weight 63505 (was 63569) in 0.001859 s
  refine_solution: new weight 63505 (was 63505) in 0.001772 s
61,,176,441,45,,176,0,,63569,63505,54705,54705,54705,,406,4,@@

  handle_small_Steiner_degrees: steiner 1, suppress 8 in 1.2e-05 s
Starting round 62
Found 861 isolated vertices
Invalid ratios recomputed: 163
Best ratio is 409/3 (136.3), centered at 79
Finding the best star... Star with 4 terminals centered in 111
round took: 0.003625 s
|V| = 1024, |E| = 397, |R| = 42
>>> get_solution
>>> get_solution
  refine_solution: new weight 63302 (was 63374) in 0.001841 s
  refine_solution: new weight 63302 (was 63302) in 0.001784 s
62,,163,397,42,,163,0,,63374,63302,55114,55114,55114,,409,4,@@

  handle_small_Steiner_degrees: steiner 2, suppress 11 in 1e-05 s
Starting round 63
Found 878 isolated vertices
Invalid ratios recomputed: 146
Best ratio is 409/3 (136.3), centered at 923
Finding the best star... Star with 4 terminals centered in 987
round took: 0.002932 s
|V| = 1024, |E| = 347, |R| = 39
>>> get_solution
>>> get_solution
  refine_solution: new weight 63102 (was 63179) in 0.001839 s
  refine_solution: new weight 63102 (was 63102) in 0.001777 s
63,,146,347,39,,146,0,,63179,63102,55523,55523,55523,,409,4,@@

  handle_small_Steiner_degrees: steiner 0, suppress 11 in 1.2e-05 s
Starting round 64
Found 893 isolated vertices
Invalid ratios recomputed: 131
Best ratio is 412/3 (137.3), centered at 968
Finding the best star... Star with 4 terminals centered in 969
round took: 0.002396 s
|V| = 1024, |E| = 303, |R| = 36
>>> get_solution
>>> get_solution
  refine_solution: new weight 62888 (was 62984) in 0.001855 s
  refine_solution: new weight 62888 (was 62888) in 0.001776 s
64,,131,303,36,,131,0,,62984,62888,55935,55935,55935,,412,4,@@

  delete_edges: deleted 16 edges in 0.001198 s and 16 rounds
  handle_small_Steiner_degrees: steiner 2, suppress 9 in 1.3e-05 s
Starting round 65
Found 908 isolated vertices
Invalid ratios recomputed: 116
Best ratio is 412/3 (137.3), centered at 1021
Finding the best star... Star with 4 terminals centered in 1013
round took: 0.001908 s
|V| = 1024, |E| = 245, |R| = 33
>>> get_solution
>>> get_solution
  refine_solution: new weight 62691 (was 62791) in 0.001848 s
  refine_solution: new weight 62691 (was 62691) in 0.001771 s
65,,116,245,33,,116,0,,62791,62691,56347,56347,56347,,412,4,@@

  handle_small_Steiner_degrees: steiner 2, suppress 11 in 9e-06 s
Starting round 66
Found 925 isolated vertices
Invalid ratios recomputed: 99
Best ratio is 418/3 (139.3), centered at 546
Finding the best star... Star with 4 terminals centered in 550
round took: 0.001467 s
|V| = 1024, |E| = 203, |R| = 30
>>> get_solution
>>> get_solution
  refine_solution: new weight 62507 (was 62607) in 0.001838 s
  refine_solution: new weight 62507 (was 62507) in 0.001774 s
66,,99,203,30,,99,0,,62607,62507,56765,56765,56765,,418,4,@@

  handle_small_Steiner_degrees: steiner 3, suppress 8 in 1e-05 s
Starting round 67
Found 940 isolated vertices
Invalid ratios recomputed: 84
Best ratio is 423/3 (141.0), centered at 654
Finding the best star... Star with 4 terminals centered in 686
round took: 0.001131 s
|V| = 1024, |E| = 166, |R| = 27
>>> get_solution
>>> get_solution
  refine_solution: new weight 62318 (was 62426) in 0.001842 s
  refine_solution: new weight 62318 (was 62318) in 0.001774 s
67,,84,166,27,,84,0,,62426,62318,57188,57188,57188,,423,4,@@

  handle_small_Steiner_degrees: steiner 3, suppress 8 in 7e-06 s
Starting round 68
Found 955 isolated vertices
Invalid ratios recomputed: 69
Best ratio is 303/2 (151.5), centered at 807
Finding the best star... Star with 3 terminals centered in 686
round took: 0.000837 s
|V| = 1024, |E| = 138, |R| = 25
>>> get_solution
>>> get_solution
  refine_solution: new weight 62210 (was 62327) in 0.001836 s
  refine_solution: new weight 62210 (was 62210) in 0.001783 s
68,,69,138,25,,69,0,,62327,62210,57491,57491,57491,,303,3,@@

  handle_small_Steiner_degrees: steiner 1, suppress 4 in 5e-06 s
Starting round 69
Found 963 isolated vertices
Invalid ratios recomputed: 61
Best ratio is 304/2 (152.0), centered at 928
Finding the best star... Star with 3 terminals centered in 952
round took: 0.000673 s
|V| = 1024, |E| = 120, |R| = 23
>>> get_solution
>>> get_solution
  refine_solution: new weight 62095 (was 62228) in 0.00184 s
  refine_solution: new weight 62095 (was 62095) in 0.001772 s
69,,61,120,23,,61,0,,62228,62095,57795,57795,57795,,304,3,@@

  handle_small_Steiner_degrees: steiner 1, suppress 2 in 4e-06 s
Starting round 70
Found 969 isolated vertices
Invalid ratios recomputed: 55
Best ratio is 306/2 (153.0), centered at 604
Finding the best star... Star with 3 terminals centered in 605
round took: 0.00058 s
|V| = 1024, |E| = 103, |R| = 21
>>> get_solution
>>> get_solution
  refine_solution: new weight 61990 (was 62132) in 0.001835 s
  refine_solution: new weight 61990 (was 61990) in 0.001772 s
70,,55,103,21,,55,0,,62132,61990,58101,58101,58101,,306,3,@@

  handle_small_Steiner_degrees: steiner 1, suppress 6 in 6e-06 s
Starting round 71
Found 979 isolated vertices
Invalid ratios recomputed: 45
Best ratio is 306/2 (153.0), centered at 669
Finding the best star... Star with 3 terminals centered in 669
round took: 0.000444 s
|V| = 1024, |E| = 81, |R| = 19
>>> get_solution
>>> get_solution
  refine_solution: new weight 61878 (was 62035) in 0.001832 s
  refine_solution: new weight 61878 (was 61878) in 0.001776 s
71,,45,81,19,,45,0,,62035,61878,58407,58407,58407,,306,3,@@

  handle_small_Steiner_degrees: steiner 1, suppress 2 in 3e-06 s
Starting round 72
Found 985 isolated vertices
Invalid ratios recomputed: 39
Best ratio is 308/2 (154.0), centered at 44
Finding the best star... Star with 3 terminals centered in 45
round took: 0.000362 s
|V| = 1024, |E| = 68, |R| = 17
>>> get_solution
>>> get_solution
  refine_solution: new weight 61774 (was 61940) in 0.001852 s
  refine_solution: new weight 61774 (was 61774) in 0.001773 s
72,,39,68,17,,39,0,,61940,61774,58715,58715,58715,,308,3,@@

  handle_small_Steiner_degrees: steiner 1, suppress 2 in 4e-06 s
Starting round 73
Found 991 isolated vertices
Invalid ratios recomputed: 33
Best ratio is 309/2 (154.5), centered at 433
Finding the best star... Star with 3 terminals centered in 441
round took: 0.0003 s
|V| = 1024, |E| = 57, |R| = 15
>>> get_solution
>>> get_solution
  refine_solution: new weight 61667 (was 61848) in 0.001839 s
  refine_solution: new weight 61667 (was 61667) in 0.001771 s
73,,33,57,15,,33,0,,61848,61667,59024,59024,59024,,309,3,@@

  handle_small_Steiner_degrees: steiner 1, suppress 0 in 2e-06 s
Starting round 74
Found 995 isolated vertices
Invalid ratios recomputed: 29
Best ratio is 309/2 (154.5), centered at 737
Finding the best star... Star with 3 terminals centered in 753
round took: 0.000266 s
|V| = 1024, |E| = 49, |R| = 13
>>> get_solution
>>> get_solution
  refine_solution: new weight 61559 (was 61753) in 0.001825 s
  refine_solution: new weight 61559 (was 61559) in 0.00178 s
74,,29,49,13,,29,0,,61753,61559,59333,59333,59333,,309,3,@@

  handle_small_Steiner_degrees: steiner 1, suppress 0 in 2e-06 s
Starting round 75
Found 999 isolated vertices
Invalid ratios recomputed: 25
Best ratio is 310/2 (155.0), centered at 348
Finding the best star... Star with 3 terminals centered in 380
round took: 0.000228 s
|V| = 1024, |E| = 39, |R| = 11
>>> get_solution
>>> get_solution
  refine_solution: new weight 61456 (was 61659) in 0.001829 s
  refine_solution: new weight 61456 (was 61456) in 0.001792 s
75,,25,39,11,,25,0,,61659,61456,59643,59643,59643,,310,3,@@

  handle_small_Steiner_degrees: steiner 1, suppress 2 in 3e-06 s
Starting round 76
Found 1005 isolated vertices
Invalid ratios recomputed: 19
Best ratio is 310/2 (155.0), centered at 515
Finding the best star... Star with 3 terminals centered in 643
round took: 0.000177 s
|V| = 1024, |E| = 25, |R| = 9
>>> get_solution
>>> get_solution
  refine_solution: new weight 61352 (was 61564) in 0.001834 s
  refine_solution: new weight 61352 (was 61352) in 0.001783 s
76,,19,25,9,,19,0,,61564,61352,59953,59953,59953,,310,3,@@

  handle_small_Steiner_degrees: steiner 1, suppress 2 in 3e-06 s
Starting round 77
Found 1011 isolated vertices
Invalid ratios recomputed: 13
Best ratio is 313/2 (156.5), centered at 979
Finding the best star... Star with 3 terminals centered in 643
round took: 0.000136 s
|V| = 1024, |E| = 13, |R| = 7
>>> get_solution
>>> get_solution
  refine_solution: new weight 61253 (was 61473) in 0.001838 s
  refine_solution: new weight 61253 (was 61253) in 0.001779 s
77,,13,13,7,,13,0,,61473,61253,60266,60266,60266,,313,3,@@

  handle_small_Steiner_degrees: steiner 1, suppress 0 in 2e-06 s
Starting round 78
Found 1015 isolated vertices
Invalid ratios recomputed: 9
Best ratio is 315/2 (157.5), centered at 511
Finding the best star... Star with 3 terminals centered in 643
round took: 0.000111 s
|V| = 1024, |E| = 5, |R| = 5
>>> get_solution
>>> get_solution
  refine_solution: new weight 61156 (was 61386) in 0.001831 s
  refine_solution: new weight 61156 (was 61156) in 0.001786 s
78,,9,5,5,,9,0,,61386,61156,60581,60581,60581,,315,3,@@

  handle_small_Steiner_degrees: steiner 1, suppress 0 in 2e-06 s
Starting round 79
Found 1019 isolated vertices
Invalid ratios recomputed: 5
Best ratio is 603/3 (201.0), centered at 150
Finding the best star... Star with 4 terminals centered in 639
round took: 9e-05 s
|V| = 1024, |E| = 1, |R| = 2
>>> get_solution
>>> get_solution
  refine_solution: new weight 61156 (was 61386) in 0.001827 s
  refine_solution: new weight 61156 (was 61156) in 0.001796 s
79,,5,1,2,,5,0,,61386,61156,61184,61184,61184,,603,4,@@

  handle_small_Steiner_degrees: steiner 0, suppress 0 in 1e-06 s
Starting round 80
Found 1022 isolated vertices
Invalid ratios recomputed: 2
Best ratio is 202/1 (202.0), centered at 43
Finding the best star... Star with 2 terminals centered in 639
round took: 6e-05 s
|V| = 1024, |E| = 0, |R| = 1
>>> get_solution
>>> get_solution
  refine_solution: new weight 61156 (was 61386) in 0.001835 s
  refine_solution: new weight 61156 (was 61156) in 0.00178 s
80,,2,0,1,,2,0,,61386,61156,61386,61386,61386,,202,2,@@

  handle_small_Steiner_degrees: steiner 0, suppress 0 in 2e-06 s
contract_till_the_bitter_end: 2.45688 s

Calling end_heu
>>> get_solution
Saved weight 0
DŽ: 61386 -> 61156
  BEST solution improved 61386 -> 61156 (vert_size 0, round 1) *
  BEST solution improved 61156 -> 61150 (vert_size 4, round 6)
  BEST solution improved 61150 -> 61146 (vert_size 4, round 99)
  BEST solution improved 61146 -> 61142 (vert_size 2, round 147)
  BEST solution improved 61146 -> 61133 (vert_size 4, round 413) *
  BEST solution improved 61133 -> 61128 (vert_size 4, round 419)
DŽ: 61128 -> 61128
DŽ: 61128 -> 61128
  BEST solution improved 61137 -> 61124 (vert_size 4, round 2909) *
DŽ: 61124 -> 61124
  BEST solution improved 61130 -> 61120 (vert_size 3, round 3840) *
DŽ: 61120 -> 61120
  BEST solution improved 61130 -> 61116 (vert_size 2, round 4292) *
DŽ: 61116 -> 61116
DŽ: 61116 -> 61374
  BEST solution improved 61124 -> 61114 (vert_size 1, round 6540) *
DŽ: 61114 -> 61114
DŽ: 61148 -> 61229
DŽ: 61116 -> 61395
DŽ: 61114 -> 61303
DŽ: 61128 -> 61313
DŽ: 61120 -> 61486
DŽ: 61486 -> 61587
DŽ: 61114 -> 61114
DŽ: 61138 -> 61315
  BEST solution improved 61123 -> 61113 (vert_size 4, round 15591) *
  BEST solution improved 61123 -> 61110 (vert_size 4, round 15851) *
DŽ: 61110 -> 61110
DŽ: 61156 -> 61429
DŽ: 61110 -> 61110
DŽ: 61113 -> 61283
DŽ: 61133 -> 61407
DŽ: 61143 -> 61499
DŽ: 61138 -> 61320
DŽ: 61570 -> 61840
DŽ: 61132 -> 61297

 start over 24302 loops 155 unique solutions 
Approx + random 
DŽ: 81279 -> 68548
DŽ: 61131 -> 61499
DŽ: 67926 -> 67732
DŽ: 61110 -> 61110
DŽ: 61116 -> 61301
DŽ: 61110 -> 61110
DŽ: 67926 -> 67926
DŽ: 67905 -> 67909

 start over 31137 loops 175 unique solutions 
Approx + random 
DŽ: 81279 -> 68531
DŽ: 61110 -> 61110
DŽ: 67900 -> 67900
DŽ: 67898 -> 68087
DŽ: 68028 -> 68122
DŽ: 68213 -> 68311
DŽ: 68093 -> 68093

 start over 37976 loops 180 unique solutions 
Original + vert_size 0 
DŽ: 61386 -> 61156
DŽ: 68081 -> 68177
DŽ: 67998 -> 67998
DŽ: 61131 -> 61402
DŽ: 61110 -> 61110
DŽ: 68097 -> 67999
DŽ: 61110 -> 61110
DŽ: 61138 -> 61403
DŽ: 68094 -> 68094
DŽ: 68092 -> 68092
DŽ: 61150 -> 61240
DŽ: 67991 -> 68082
DŽ: 61137 -> 61312
DŽ: 61110 -> 61110
DŽ: 61110 -> 61110
DŽ: 68103 -> 68103
DŽ: 61110 -> 61110
DŽ: 61110 -> 61110
DŽ: 68093 -> 68093
DŽ: 61148 -> 61333
DŽ: 61333 -> 61514
DŽ: 61121 -> 61218

 start over 58635 loops 187 unique solutions 
Original + vert_size 0 
DŽ: 61386 -> 61156
DŽ: 61134 -> 61319
DŽ: 61110 -> 61110
DŽ: 68094 -> 68097
DŽ: 61148 -> 61335
DŽ: 61136 -> 61322
DŽ: 61146 -> 61316
DŽ: 61144 -> 61486
DŽ: 61110 -> 61110
DŽ: 61139 -> 61228
DŽ: 61136 -> 61327
DŽ: 61144 -> 61233
DŽ: 61327 -> 61501
DŽ: 61317 -> 61778
DŽ: 61110 -> 61110
DŽ: 61130 -> 61223
DŽ: 61110 -> 61110
DŽ: 61110 -> 61110
DŽ: 61132 -> 61402
DŽ: 61110 -> 61110
DŽ: 61110 -> 61110
DŽ: 61110 -> 61110
DŽ: 61110 -> 61110
DŽ: 61140 -> 61413
DŽ: 61375 -> 61645

 start over 82143 loops 212 unique solutions 
Original + vert_size 0 
DŽ: 61386 -> 61156
DŽ: 61128 -> 61389
DŽ: 61110 -> 61110
DŽ: 61110 -> 61110
DŽ: 61314 -> 61398
DŽ: 61130 -> 61403
DŽ: 61110 -> 61388
DŽ: 61110 -> 61110
DŽ: 61310 -> 61477
DŽ: 61143 -> 61297
DŽ: 61133 -> 61321
DŽ: 68094 -> 68290
DŽ: 61137 -> 61303
DŽ: 67988 -> 68187
DŽ: 61110 -> 61110
DŽ: 61138 -> 61311
DŽ: 61110 -> 61110
DŽ: 61136 -> 61327
DŽ: 68091 -> 68190

 start over 100558 loops 231 unique solutions 
Approx + random 
DŽ: 81279 -> 68456
DŽ: 68288 -> 68288
DŽ: 61110 -> 61110
DŽ: 61110 -> 61110
DŽ: 61110 -> 61110
DŽ: 61110 -> 61110
DŽ: 61110 -> 61110
DŽ: 68122 -> 68122

 start over 107945 loops 245 unique solutions 
Original + vert_size 13 
DŽ: 61386 -> 61517
DŽ: 68040 -> 68040
DŽ: 67918 -> 68016
DŽ: 68132 -> 68237
DŽ: 61110 -> 61110
DŽ: 61110 -> 61110
DŽ: 61110 -> 61110
DŽ: 67921 -> 67921
DŽ: 68016 -> 67919

 start over 115366 loops 255 unique solutions 
Approx + random 
DŽ: 81279 -> 68445
DŽ: 67915 -> 67921
DŽ: 61110 -> 61110
DŽ: 67817 -> 67915
DŽ: 61110 -> 61110
DŽ: 67916 -> 68008
DŽ: 61110 -> 61110
DŽ: 68015 -> 67917

 start over 122535 loops 262 unique solutions 
Approx + random 
DŽ: 81279 -> 68345
DŽ: 68017 -> 68113
DŽ: 67909 -> 67811
DŽ: 61110 -> 61110
DŽ: 61110 -> 61110
DŽ: 67815 -> 68001
DŽ: 61110 -> 61110
DŽ: 67820 -> 67820

 start over 129812 loops 270 unique solutions 
Original + vert_size 0 
DŽ: 61386 -> 61156
DŽ: 67794 -> 67794
DŽ: 67899 -> 67899
DŽ: 67821 -> 68208
DŽ: 67733 -> 67922
DŽ: 67751 -> 67947
DŽ: 67744 -> 67939
DŽ: 61110 -> 61110

 start over 136445 loops 277 unique solutions 
Approx + random 
DŽ: 81279 -> 68548
DŽ: 61110 -> 61110
DŽ: 67740 -> 67741
DŽ: 67921 -> 68014
DŽ: 67720 -> 67812
DŽ: 68028 -> 68028
DŽ: 61110 -> 61110
DŽ: 61110 -> 61110
DŽ: 67820 -> 67812
DŽ: 67942 -> 68039
DŽ: 61110 -> 61110

 start over 146899 loops 286 unique solutions 
Approx + random 
DŽ: 81279 -> 68554
DŽ: 61110 -> 61110
DŽ: 67637 -> 67737
DŽ: 61110 -> 61110
DŽ: 67750 -> 67832
DŽ: 67955 -> 68051
DŽ: 61110 -> 61110
DŽ: 61110 -> 61110
DŽ: 68036 -> 68036

 start over 154031 loops 293 unique solutions 
Original + vert_size 0 
DŽ: 61386 -> 61156
DŽ: 61110 -> 61110
DŽ: 68032 -> 68128
DŽ: 61110 -> 61110
DŽ: 61156 -> 61428
DŽ: 61110 -> 61110
DŽ: 61110 -> 61110
DŽ: 67725 -> 67818
DŽ: 61110 -> 61110
DŽ: 61125 -> 61125
  BEST solution improved 61118 -> 61106 (vert_size 4, round 163278) *
DŽ: 61106 -> 61106
DŽ: 61125 -> 61404
DŽ: 68019 -> 68310
DŽ: 68047 -> 68043
DŽ: 61148 -> 61231
DŽ: 61106 -> 61106
DŽ: 61126 -> 61396

 start over 170455 loops 303 unique solutions 
Original + vert_size 13 
DŽ: 61386 -> 61254
DŽ: 68197 -> 68296
DŽ: 68304 -> 68304
DŽ: 68304 -> 68304
DŽ: 68289 -> 68289
DŽ: 61148 -> 61388
DŽ: 68295 -> 68475
DŽ: 61106 -> 61106
DŽ: 61106 -> 61106

 start over 178520 loops 319 unique solutions 
Original + vert_size 0 
DŽ: 61386 -> 61156
DŽ: 68209 -> 68404
DŽ: 68100 -> 68100
DŽ: 68288 -> 68291
DŽ: 68294 -> 68486
DŽ: 68191 -> 68378
DŽ: 68102 -> 68201
DŽ: 68273 -> 68468
DŽ: 61106 -> 61106

 start over 186723 loops 328 unique solutions 
Original + vert_size 0 
DŽ: 61386 -> 61156
DŽ: 68091 -> 68191
DŽ: 61106 -> 61106
DŽ: 67998 -> 67998
DŽ: 68378 -> 68475
DŽ: 68271 -> 68180
DŽ: 61106 -> 61106
DŽ: 68003 -> 68003
DŽ: 68180 -> 68180
DŽ: 61119 -> 61631
DŽ: 61106 -> 61106
DŽ: 68188 -> 68188
DŽ: 68177 -> 68177
DŽ: 61139 -> 61228
DŽ: 61114 -> 61376
DŽ: 68196 -> 68196
DŽ: 61139 -> 61391
DŽ: 61118 -> 61387
DŽ: 61139 -> 61502
DŽ: 61147 -> 61318
DŽ: 61138 -> 61321
DŽ: 61143 -> 61510
DŽ: 61106 -> 61106
DŽ: 61147 -> 61147
DŽ: 61149 -> 61328
DŽ: 61106 -> 61106

 start over 211181 loops 336 unique solutions 
Approx + random 
DŽ: 81279 -> 68630
DŽ: 61131 -> 61309
DŽ: 61144 -> 61590
DŽ: 61138 -> 61318
DŽ: 68041 -> 68137
DŽ: 61106 -> 61106
DŽ: 61106 -> 61106
DŽ: 68127 -> 68213

 start over 218339 loops 360 unique solutions 
Original + vert_size 13 
DŽ: 61386 -> 61399
DŽ: 61106 -> 61106
DŽ: 61106 -> 61106
DŽ: 61106 -> 61106
DŽ: 67913 -> 67815
DŽ: 61106 -> 61106
DŽ: 61106 -> 61106
DŽ: 67934 -> 68112

 start over 225061 loops 363 unique solutions 
Approx + random 
DŽ: 81279 -> 68351
DŽ: 61590 -> 61849
DŽ: 67930 -> 67927
DŽ: 67935 -> 67927
DŽ: 61106 -> 61106
DŽ: 61106 -> 61106
DŽ: 67726 -> 67816
DŽ: 61106 -> 61106

 start over 232181 loops 371 unique solutions 
Approx + random 
DŽ: 81279 -> 68272
DŽ: 67813 -> 67814
DŽ: 68158 -> 68162
DŽ: 61106 -> 61106
DŽ: 61106 -> 61106
DŽ: 67845 -> 67943
DŽ: 61106 -> 61106
DŽ: 67953 -> 68145

 start over 239438 loops 379 unique solutions 
Approx + random 
DŽ: 81279 -> 68539
DŽ: 61106 -> 61106
DŽ: 61106 -> 61472
DŽ: 61106 -> 61106
DŽ: 61106 -> 61106
DŽ: 61106 -> 61106
DŽ: 61106 -> 61106
DŽ: 67842 -> 67834
DŽ: 67724 -> 67724

 start over 247145 loops 385 unique solutions 
Original + vert_size 0 
DŽ: 61386 -> 61156
DŽ: 67939 -> 67939
DŽ: 67940 -> 67940
DŽ: 61106 -> 61106
DŽ: 67657 -> 67657
DŽ: 61106 -> 61106
DŽ: 67629 -> 67632
DŽ: 67826 -> 67829
DŽ: 61106 -> 61106

 start over 255745 loops 394 unique solutions 
Approx + random 
DŽ: 81279 -> 68464
DŽ: 61106 -> 61106
DŽ: 68433 -> 68431
DŽ: 61106 -> 61106
DŽ: 61106 -> 61106
DŽ: 67726 -> 67817
DŽ: 67823 -> 67920
DŽ: 67622 -> 67528
DŽ: 67706 -> 67804

 start over 263139 loops 401 unique solutions 
Original + vert_size 0 
DŽ: 61386 -> 61156
DŽ: 67635 -> 67635
DŽ: 61106 -> 61106
DŽ: 67529 -> 67621
DŽ: 67624 -> 67721
DŽ: 61106 -> 61106
DŽ: 67434 -> 67434
DŽ: 61106 -> 61106
DŽ: 61106 -> 61106
DŽ: 67434 -> 67434
DŽ: 61121 -> 61405
DŽ: 67925 -> 67826
DŽ: 67635 -> 67635
DŽ: 61136 -> 61312
DŽ: 67611 -> 67611
DŽ: 61106 -> 61106
DŽ: 61106 -> 61106
DŽ: 61145 -> 61494
DŽ: 67525 -> 67706
DŽ: 61106 -> 61106
DŽ: 61106 -> 61106
DŽ: 61106 -> 61106

 start over 284682 loops 412 unique solutions 
Approx + random 
DŽ: 81279 -> 68730
DŽ: 61106 -> 61106
DŽ: 61106 -> 61106
DŽ: 61106 -> 61106
DŽ: 61106 -> 61106
DŽ: 67996 -> 68091
DŽ: 67924 -> 68117
DŽ: 68022 -> 68218
DŽ: 67827 -> 67827

 start over 292084 loops 429 unique solutions 
Approx + random 
DŽ: 81279 -> 68626
DŽ: 67823 -> 67631
DŽ: 61106 -> 61106
DŽ: 61106 -> 61106
DŽ: 68006 -> 68105
DŽ: 61106 -> 61106
DŽ: 67907 -> 67998
DŽ: 67628 -> 67727

 start over 299256 loops 439 unique solutions 
Original + vert_size 0 
DŽ: 61386 -> 61156
DŽ: 68220 -> 68321
DŽ: 61106 -> 61106
DŽ: 67915 -> 68016
DŽ: 68011 -> 67905
DŽ: 61106 -> 61106
DŽ: 61106 -> 61106
DŽ: 68220 -> 68416
DŽ: 67923 -> 68116
DŽ: 61106 -> 61303
DŽ: 68280 -> 68280
DŽ: 61106 -> 61106

 start over 310788 loops 450 unique solutions 
Approx + random 
DŽ: 81279 -> 68464
DŽ: 61106 -> 61106
DŽ: 68351 -> 68253
DŽ: 61106 -> 61106
DŽ: 68009 -> 68103
DŽ: 68140 -> 68148
DŽ: 61106 -> 61106
DŽ: 61106 -> 61106
DŽ: 61106 -> 61106

 start over 318453 loops 458 unique solutions 
Original + vert_size 0 
DŽ: 61386 -> 61156
DŽ: 68017 -> 68017
DŽ: 61106 -> 61106
DŽ: 67823 -> 68008
DŽ: 61113 -> 61292
DŽ: 61106 -> 61106
DŽ: 61106 -> 61106
DŽ: 68017 -> 68017
DŽ: 67933 -> 67840
DŽ: 68017 -> 68017
DŽ: 67962 -> 67769

 start over 328760 loops 466 unique solutions 
Approx + random 
DŽ: 81279 -> 68261
DŽ: 67959 -> 68055
DŽ: 61106 -> 61106
DŽ: 61106 -> 61106
DŽ: 61146 -> 61501
DŽ: 67950 -> 68051
DŽ: 67744 -> 67648
DŽ: 67814 -> 67719

 start over 335921 loops 474 unique solutions 
Original + vert_size 13 
DŽ: 61386 -> 61854
DŽ: 67754 -> 67839
DŽ: 68046 -> 67851
DŽ: 67896 -> 68089
DŽ: 67905 -> 67807
DŽ: 67821 -> 67915
DŽ: 61106 -> 61106
DŽ: 68025 -> 68025

 start over 342591 loops 483 unique solutions 
Approx + random 
DŽ: 81279 -> 68348
DŽ: 67540 -> 67733
DŽ: 67908 -> 67908
DŽ: 61106 -> 61106
DŽ: 61106 -> 61106
DŽ: 67815 -> 68011
DŽ: 67834 -> 67934
DŽ: 67724 -> 67724

 start over 349543 loops 490 unique solutions 
Original + vert_size 0 
DŽ: 61386 -> 61156
DŽ: 61106 -> 61106
DŽ: 61106 -> 61106
DŽ: 61106 -> 61106
DŽ: 67926 -> 67935
DŽ: 61134 -> 61223
DŽ: 61106 -> 61106
DŽ: 68118 -> 68118
DŽ: 61106 -> 61106
DŽ: 61140 -> 61411
DŽ: 67647 -> 67647
DŽ: 67816 -> 67816
DŽ: 68010 -> 68010
DŽ: 68023 -> 68023
DŽ: 61106 -> 61106
DŽ: 61106 -> 61106
DŽ: 61106 -> 61186

 start over 365325 loops 495 unique solutions 
Approx + random 
DŽ: 81279 -> 68257
DŽ: 67833 -> 67930
DŽ: 61132 -> 61221
DŽ: 68046 -> 68239
DŽ: 61129 -> 61455
DŽ: 68100 -> 68100
DŽ: 68123 -> 68116
DŽ: 67917 -> 68114

 start over 372190 loops 513 unique solutions 
Approx + random 
DŽ: 81279 -> 68339
DŽ: 68006 -> 68105
DŽ: 67846 -> 68026
DŽ: 61106 -> 61106
DŽ: 67807 -> 67904
DŽ: 61106 -> 61106
DŽ: 68105 -> 68105
DŽ: 67818 -> 67910

 start over 379229 loops 519 unique solutions 
Original + vert_size 0 
DŽ: 61386 -> 61156
DŽ: 68026 -> 68123
DŽ: 67924 -> 67832
DŽ: 67916 -> 67921
DŽ: 68028 -> 68026
DŽ: 67920 -> 68015
DŽ: 61106 -> 61106
DŽ: 61106 -> 61106
DŽ: 67914 -> 67911
DŽ: 68013 -> 68207

 start over 388847 loops 529 unique solutions 
Original + vert_size 13 
DŽ: 61386 -> 61522
DŽ: 67922 -> 68119
DŽ: 67822 -> 67822
DŽ: 67729 -> 67827
DŽ: 67833 -> 67927
DŽ: 67824 -> 67917
DŽ: 61106 -> 61106
DŽ: 61106 -> 61106
DŽ: 67734 -> 67734

 start over 396186 loops 536 unique solutions 
Original + vert_size 0 
DŽ: 61386 -> 61156
DŽ: 67729 -> 67916
DŽ: 61106 -> 61106
DŽ: 67729 -> 67729
DŽ: 61106 -> 61106
DŽ: 67728 -> 67924
DŽ: 61140 -> 61315
DŽ: 61121 -> 61278
DŽ: 67729 -> 67729
DŽ: 61106 -> 61106
DŽ: 61121 -> 61384
DŽ: 67633 -> 67724
DŽ: 67636 -> 67637
DŽ: 67728 -> 67728
DŽ: 61121 -> 61210
DŽ: 67542 -> 67635
DŽ: 68106 -> 68106
DŽ: 61106 -> 61106

 start over 413181 loops 542 unique solutions 
Approx + random 
DŽ: 81279 -> 68441
DŽ: 61131 -> 61217
DŽ: 68344 -> 68243
DŽ: 61315 -> 61580
DŽ: 68054 -> 68153
DŽ: 61566 -> 61832
DŽ: 61575 -> 61747

 start over 419970 loops 557 unique solutions 
Approx + random 
DŽ: 81279 -> 68739
DŽ: 68103 -> 68198
DŽ: 68127 -> 68227
DŽ: 68008 -> 68106
DŽ: 68126 -> 68135
DŽ: 61106 -> 61106
DŽ: 68028 -> 68121
DŽ: 67937 -> 67839

 start over 426988 loops 565 unique solutions 
Approx + random 
DŽ: 81279 -> 68363
DŽ: 68119 -> 68118
DŽ: 61106 -> 61106
DŽ: 61106 -> 61106
DŽ: 67923 -> 68105
DŽ: 61106 -> 61106
DŽ: 67444 -> 67531
DŽ: 67552 -> 67552
DŽ: 67449 -> 67630

 start over 434073 loops 572 unique solutions 
Original + vert_size 13 
DŽ: 61386 -> 61609
DŽ: 67737 -> 67825
DŽ: 67753 -> 67934
DŽ: 67840 -> 67652
DŽ: 67726 -> 67821
DŽ: 67668 -> 67858
DŽ: 67822 -> 67820

 start over 440914 loops 578 unique solutions 
Approx + random 
DŽ: 81279 -> 68445
DŽ: 67659 -> 67753
DŽ: 67649 -> 67649
DŽ: 67726 -> 67822
DŽ: 67822 -> 67822
DŽ: 67667 -> 67667
DŽ: 67769 -> 67769
DŽ: 68232 -> 68232

 start over 447695 loops 584 unique solutions 
Original + vert_size 0 
DŽ: 61386 -> 61156
DŽ: 61106 -> 61106
DŽ: 67896 -> 67896
DŽ: 67648 -> 67553
DŽ: 67658 -> 67650
DŽ: 67917 -> 67917
DŽ: 61106 -> 61106
DŽ: 68017 -> 67824
DŽ: 67904 -> 67906

 start over 455037 loops 592 unique solutions 
Original + vert_size 0 
DŽ: 61386 -> 61156
DŽ: 61106 -> 61106
DŽ: 68016 -> 67918
DŽ: 61106 -> 61106
DŽ: 67912 -> 67912
DŽ: 61106 -> 61106
DŽ: 68015 -> 67920
DŽ: 67724 -> 67818

 start over 462444 loops 596 unique solutions 
Approx + random 
DŽ: 81279 -> 68537
DŽ: 61106 -> 61106
DŽ: 67726 -> 67726
DŽ: 67827 -> 67732
DŽ: 61106 -> 61106
DŽ: 68343 -> 68339
DŽ: 67732 -> 67923
DŽ: 67650 -> 67650

 start over 469527 loops 604 unique solutions 
Original + vert_size 0 
DŽ: 61386 -> 61156
DŽ: 67741 -> 67744
DŽ: 68008 -> 68008
DŽ: 61106 -> 61454
DŽ: 61106 -> 61106
DŽ: 61106 -> 61106
end_heu: 474112 loops with 606 unique solutions in 1799.48 s

Calling print_solution
>>> get_solution
  refine_solution: new weight 61106 (was 61106) in 0.001851 s
## FINAL WEIGHT 61106
print_solution: 0.002668 s
