Version: final-94-gfffc3aa rub_all.sh: remove longest prefix
Random seed: 1550093211
Start
>>> save_orig_graph
>> Saved weight 0
Graph loaded
|V| = 2201, |E| = 7997, |R| = 200
First clearance of the input. Calling buy_zero and run_all_heuristics.
  buy_zero: 0 zero edges in 1.9e-05 s
  handle_small_terminal_degrees: terms 0 in 7e-06 s
  handle_small_Steiner_degrees: steiner 91, suppress 290 in 0.000313 s
  shortest_edge_between_terminals: 0 edges in 4.6e-05 s
  handle_small_terminal_degrees: terms 0 in 4e-06 s
  handle_small_Steiner_degrees: steiner 0, suppress 0 in 6e-06 s
  shortest_edge_between_terminals: 0 edges in 4.6e-05 s
Compressed graph 2201 -> 1819
  delete_edges: deleted 81 edges in 0.006064 s and 4 rounds
  handle_small_terminal_degrees: terms 0 in 2e-06 s
  handle_small_Steiner_degrees: steiner 0, suppress 0 in 2e-06 s
  shortest_edge_between_terminals: 0 edges in 2.1e-05 s
Compressed graph 1819 -> 1819
  delete_edges_shortest_path: deleted 0 edges in 0.039886 s
  handle_small_terminal_degrees: terms 0 in 1e-06 s
  handle_small_Steiner_degrees: steiner 0, suppress 0 in 2e-06 s
  shortest_edge_between_terminals: 0 edges in 2.1e-05 s
Compressed graph 1819 -> 1819
  handle_small_terminal_degrees: terms 0 in 1e-06 s
  handle_small_Steiner_degrees: steiner 0, suppress 0 in 2e-06 s
  shortest_edge_between_terminals: 0 edges in 2.1e-05 s
Compressed graph 1819 -> 1819
  delete_edges_shortest_path: deleted 0 edges in 0.039715 s
  handle_small_terminal_degrees: terms 0 in 2e-06 s
  handle_small_Steiner_degrees: steiner 0, suppress 0 in 2e-06 s
  shortest_edge_between_terminals: 0 edges in 2e-05 s
Compressed graph 1819 -> 1819
Compressed graph 1819 -> 1819
>>> save_orig_graph
>> Saved weight 0
### ZEL_LVL=0 PRECISE_STARS=1

Calling `contract_till_the_bitter_end`
|V| = 1819, |E| = 7532, |R| = 200
>>> get_solution
>>> get_solution
  refine_solution: new weight 32922 (was 38058) in 0.003126 s
  refine_solution: new weight 32826 (was 32922) in 0.003024 s
  refine_solution: new weight 32826 (was 32826) in 0.003025 s
0,,1819,7532,200,,0,0,,38058,32826,0,0,0,,0,0,@@

  delete_edges: deleted 0 edges in 0.001226 s and 1 rounds
  handle_small_Steiner_degrees: steiner 0, suppress 0 in 2e-06 s
Starting round 1
Found 0 isolated vertices
Invalid ratios recomputed: 1819
Best ratio is 1380/12 (115.0), centered at 1316
Finding the best star... Star with 13 terminals centered in 1809
round took: 0.081253 s
|V| = 1819, |E| = 7473, |R| = 188
>>> get_solution
>>> get_solution
  refine_solution: new weight 35594 (was 38120) in 0.003097 s
  refine_solution: new weight 35116 (was 35594) in 0.003031 s
  refine_solution: new weight 35116 (was 35116) in 0.003025 s
1,,1819,7473,188,,1819,0,,38120,35116,1380,1380,1380,,1380,13,@@

  handle_small_Steiner_degrees: steiner 0, suppress 6 in 1.8e-05 s
Starting round 2
Found 19 isolated vertices
Invalid ratios recomputed: 1796
Best ratio is 1037/9 (115.2), centered at 198
Finding the best star... Star with 10 terminals centered in 1620
round took: 0.101102 s
|V| = 1819, |E| = 7360, |R| = 179
>>> get_solution
>>> get_solution
  refine_solution: new weight 33045 (was 36931) in 0.003091 s
  refine_solution: new weight 32558 (was 33045) in 0.003019 s
  refine_solution: new weight 32558 (was 32558) in 0.003033 s
2,,1800,7360,179,,1796,0,,36931,32558,2417,2417,2417,,1037,10,@@

  handle_small_Steiner_degrees: steiner 2, suppress 14 in 4.5e-05 s
Starting round 3
Found 45 isolated vertices
Invalid ratios recomputed: 1770
Best ratio is 1154/10 (115.4), centered at 410
Finding the best star... Star with 11 terminals centered in 1624
round took: 0.128792 s
|V| = 1819, |E| = 7284, |R| = 169
>>> get_solution
>>> get_solution
  refine_solution: new weight 32656 (was 36161) in 0.003092 s
  refine_solution: new weight 32154 (was 32656) in 0.003042 s
  refine_solution: new weight 32154 (was 32154) in 0.003022 s
3,,1774,7284,169,,1770,0,,36161,32154,3571,3571,3571,,1154,11,@@

  handle_small_Steiner_degrees: steiner 0, suppress 4 in 9e-06 s
Starting round 4
Found 60 isolated vertices
Invalid ratios recomputed: 1753
Best ratio is 1157/10 (115.7), centered at 1546
Finding the best star... Star with 11 terminals centered in 1704
round took: 0.142966 s
|V| = 1819, |E| = 7231, |R| = 159
>>> get_solution
>>> get_solution
  refine_solution: new weight 32661 (was 35395) in 0.003086 s
  refine_solution: new weight 32557 (was 32661) in 0.003044 s
  refine_solution: new weight 32557 (was 32557) in 0.003022 s
4,,1759,7231,159,,1753,0,,35395,32557,4728,4728,4728,,1157,11,@@

  handle_small_Steiner_degrees: steiner 0, suppress 3 in 8e-06 s
Starting round 5
Found 74 isolated vertices
Invalid ratios recomputed: 1739
Best ratio is 1056/9 (117.3), centered at 453
Finding the best star... Star with 10 terminals centered in 1813
round took: 0.155029 s
|V| = 1819, |E| = 7106, |R| = 150
>>> get_solution
>>> get_solution
  refine_solution: new weight 32588 (was 34932) in 0.003085 s
  refine_solution: new weight 32388 (was 32588) in 0.003026 s
  refine_solution: new weight 32388 (was 32388) in 0.003014 s
5,,1745,7106,150,,1739,0,,34932,32388,5784,5784,5784,,1056,10,@@

  handle_small_Steiner_degrees: steiner 0, suppress 9 in 2.4e-05 s
Starting round 6
Found 93 isolated vertices
Invalid ratios recomputed: 1721
Best ratio is 941/8 (117.6), centered at 1402
Finding the best star... Star with 9 terminals centered in 1622
round took: 0.177309 s
|V| = 1819, |E| = 6965, |R| = 142
>>> get_solution
>>> get_solution
  refine_solution: new weight 31995 (was 34053) in 0.003079 s
  refine_solution: new weight 31988 (was 31995) in 0.003018 s
  refine_solution: new weight 31988 (was 31988) in 0.003013 s
6,,1726,6965,142,,1721,0,,34053,31988,6725,6725,6725,,941,9,@@

  handle_small_Steiner_degrees: steiner 1, suppress 13 in 4.2e-05 s
Starting round 7
Found 116 isolated vertices
Invalid ratios recomputed: 1699
Best ratio is 831/7 (118.7), centered at 222
Finding the best star... Star with 8 terminals centered in 1622
round took: 0.199639 s
|V| = 1819, |E| = 6263, |R| = 135
>>> get_solution
>>> get_solution
  refine_solution: new weight 32783 (was 34075) in 0.003076 s
  refine_solution: new weight 32201 (was 32783) in 0.003016 s
  refine_solution: new weight 32201 (was 32201) in 0.003022 s
7,,1703,6263,135,,1699,0,,34075,32201,7556,7556,7556,,831,8,@@

  handle_small_Steiner_degrees: steiner 10, suppress 129 in 0.000457 s
Starting round 8
Found 263 isolated vertices
Invalid ratios recomputed: 1553
Best ratio is 838/7 (119.7), centered at 1331
Finding the best star... Star with 8 terminals centered in 1741
round took: 0.221747 s
|V| = 1819, |E| = 5817, |R| = 128
>>> get_solution
>>> get_solution
  refine_solution: new weight 31917 (was 33292) in 0.00307 s
  refine_solution: new weight 31619 (was 31917) in 0.003012 s
  refine_solution: new weight 31619 (was 31619) in 0.003002 s
8,,1556,5817,128,,1553,0,,33292,31619,8394,8394,8394,,838,8,@@

  handle_small_Steiner_degrees: steiner 4, suppress 46 in 0.000141 s
Starting round 9
Found 321 isolated vertices
Invalid ratios recomputed: 1496
Best ratio is 839/7 (119.9), centered at 438
Finding the best star... Star with 8 terminals centered in 1707
round took: 0.218669 s
|V| = 1819, |E| = 5688, |R| = 121
>>> get_solution
>>> get_solution
  refine_solution: new weight 32125 (was 33117) in 0.00305 s
  refine_solution: new weight 31919 (was 32125) in 0.003009 s
  refine_solution: new weight 31919 (was 31919) in 0.003004 s
9,,1498,5688,121,,1496,0,,33117,31919,9233,9233,9233,,839,8,@@

  handle_small_Steiner_degrees: steiner 0, suppress 4 in 1e-05 s
Starting round 10
Found 333 isolated vertices
Invalid ratios recomputed: 1476
Best ratio is 841/7 (120.1), centered at 170
Finding the best star... Star with 8 terminals centered in 1785
round took: 0.218712 s
|V| = 1819, |E| = 5289, |R| = 114
>>> get_solution
>>> get_solution
  refine_solution: new weight 31746 (was 32543) in 0.003053 s
  refine_solution: new weight 31249 (was 31746) in 0.003006 s
  refine_solution: new weight 31249 (was 31249) in 0.003026 s
10,,1486,5289,114,,1476,0,,32543,31249,10074,10074,10074,,841,8,@@

  handle_small_Steiner_degrees: steiner 6, suppress 99 in 0.000264 s
Starting round 11
Found 446 isolated vertices
Invalid ratios recomputed: 1372
Best ratio is 842/7 (120.3), centered at 860
Finding the best star... Star with 8 terminals centered in 1785
round took: 0.200265 s
|V| = 1819, |E| = 4860, |R| = 107
>>> get_solution
>>> get_solution
  refine_solution: new weight 30785 (was 31967) in 0.003052 s
  refine_solution: new weight 30379 (was 30785) in 0.003018 s
  refine_solution: new weight 30187 (was 30379) in 0.003005 s
  refine_solution: new weight 30187 (was 30187) in 0.003019 s
11,,1373,4860,107,,1372,0,,31967,30187,10916,10916,10916,,842,8,@@

  handle_small_Steiner_degrees: steiner 1, suppress 62 in 0.00014 s
Starting round 12
Found 517 isolated vertices
Invalid ratios recomputed: 1301
Best ratio is 728/6 (121.3), centered at 550
Finding the best star... Star with 7 terminals centered in 1729
round took: 0.184468 s
|V| = 1819, |E| = 4556, |R| = 101
>>> get_solution
>>> get_solution
  refine_solution: new weight 31178 (was 31682) in 0.00306 s
  refine_solution: new weight 30678 (was 31178) in 0.003002 s
  refine_solution: new weight 30486 (was 30678) in 0.003011 s
  refine_solution: new weight 30486 (was 30486) in 0.003008 s
12,,1302,4556,101,,1301,0,,31682,30486,11644,11644,11644,,728,7,@@

  handle_small_Steiner_degrees: steiner 1, suppress 48 in 0.000121 s
Starting round 13
Found 573 isolated vertices
Invalid ratios recomputed: 1245
Best ratio is 852/7 (121.7), centered at 943
Finding the best star... Star with 8 terminals centered in 1708
round took: 0.17318 s
|V| = 1819, |E| = 4221, |R| = 94
>>> get_solution
>>> get_solution
  refine_solution: new weight 30608 (was 31017) in 0.00306 s
  refine_solution: new weight 30207 (was 30608) in 0.003027 s
  refine_solution: new weight 30015 (was 30207) in 0.003012 s
  refine_solution: new weight 30015 (was 30015) in 0.003012 s
13,,1246,4221,94,,1245,0,,31017,30015,12496,12496,12496,,852,8,@@

  handle_small_Steiner_degrees: steiner 2, suppress 86 in 0.000221 s
Starting round 14
Found 669 isolated vertices
Invalid ratios recomputed: 1149
Best ratio is 619/5 (123.8), centered at 931
Finding the best star... Star with 6 terminals centered in 1740
round took: 0.148363 s
|V| = 1819, |E| = 3881, |R| = 89
>>> get_solution
>>> get_solution
  refine_solution: new weight 29919 (was 30523) in 0.003045 s
  refine_solution: new weight 29813 (was 29919) in 0.002999 s
  refine_solution: new weight 29813 (was 29813) in 0.00301 s
14,,1150,3881,89,,1149,0,,30523,29813,13115,13115,13115,,619,6,@@

  handle_small_Steiner_degrees: steiner 2, suppress 60 in 0.000131 s
Starting round 15
Found 737 isolated vertices
Invalid ratios recomputed: 1081
Best ratio is 743/6 (123.8), centered at 184
Finding the best star... Star with 7 terminals centered in 1795
round took: 0.132427 s
|V| = 1819, |E| = 3596, |R| = 83
>>> get_solution
>>> get_solution
  refine_solution: new weight 29462 (was 30053) in 0.003055 s
  refine_solution: new weight 29457 (was 29462) in 0.003006 s
  refine_solution: new weight 29457 (was 29457) in 0.003 s
15,,1082,3596,83,,1081,0,,30053,29457,13858,13858,13858,,743,7,@@

  handle_small_Steiner_degrees: steiner 1, suppress 60 in 9.9e-05 s
Starting round 16
Found 805 isolated vertices
Invalid ratios recomputed: 1013
Best ratio is 746/6 (124.3), centered at 1174
Finding the best star... Star with 7 terminals centered in 1670
round took: 0.117253 s
|V| = 1819, |E| = 3293, |R| = 77
>>> get_solution
>>> get_solution
  refine_solution: new weight 29088 (was 29587) in 0.003072 s
  refine_solution: new weight 29083 (was 29088) in 0.003008 s
  refine_solution: new weight 29083 (was 29083) in 0.003006 s
16,,1014,3293,77,,1013,0,,29587,29083,14604,14604,14604,,746,7,@@

  delete_edges: deleted 66 edges in 0.151481 s and 66 rounds
  handle_small_Steiner_degrees: steiner 0, suppress 64 in 0.000171 s
Starting round 17
Found 876 isolated vertices
Invalid ratios recomputed: 942
Best ratio is 630/5 (126.0), centered at 1433
Finding the best star... Star with 6 terminals centered in 1807
round took: 0.101806 s
|V| = 1819, |E| = 2989, |R| = 72
>>> get_solution
>>> get_solution
  refine_solution: new weight 29200 (was 29408) in 0.003039 s
  refine_solution: new weight 29200 (was 29200) in 0.003005 s
17,,943,2989,72,,942,0,,29408,29200,15234,15234,15234,,630,6,@@

  handle_small_Steiner_degrees: steiner 2, suppress 56 in 0.000112 s
Starting round 18
Found 940 isolated vertices
Invalid ratios recomputed: 878
Best ratio is 636/5 (127.2), centered at 776
Finding the best star... Star with 6 terminals centered in 1807
round took: 0.089079 s
|V| = 1819, |E| = 2751, |R| = 67
>>> get_solution
>>> get_solution
  refine_solution: new weight 29026 (was 29133) in 0.003053 s
  refine_solution: new weight 29026 (was 29026) in 0.003013 s
18,,879,2751,67,,878,0,,29133,29026,15870,15870,15870,,636,6,@@

  handle_small_Steiner_degrees: steiner 0, suppress 65 in 0.000113 s
Starting round 19
Found 1011 isolated vertices
Invalid ratios recomputed: 807
Best ratio is 637/5 (127.4), centered at 43
Finding the best star... Star with 6 terminals centered in 1721
round took: 0.074755 s
|V| = 1819, |E| = 2460, |R| = 62
>>> get_solution
>>> get_solution
  refine_solution: new weight 28852 (was 28859) in 0.003049 s
  refine_solution: new weight 28852 (was 28852) in 0.003007 s
19,,808,2460,62,,807,0,,28859,28852,16507,16507,16507,,637,6,@@

  handle_small_Steiner_degrees: steiner 2, suppress 82 in 0.000163 s
Starting round 20
Found 1101 isolated vertices
Invalid ratios recomputed: 717
Best ratio is 638/5 (127.6), centered at 111
Finding the best star... Star with 6 terminals centered in 1744
round took: 0.059604 s
|V| = 1819, |E| = 2156, |R| = 57
>>> get_solution
>>> get_solution
  refine_solution: new weight 28478 (was 28485) in 0.003054 s
  refine_solution: new weight 28478 (was 28478) in 0.003011 s
20,,718,2156,57,,717,0,,28485,28478,17145,17145,17145,,638,6,@@

  handle_small_Steiner_degrees: steiner 4, suppress 74 in 0.000115 s
Starting round 21
Found 1185 isolated vertices
Invalid ratios recomputed: 634
Best ratio is 639/5 (127.8), centered at 108
Finding the best star... Star with 6 terminals centered in 1744
round took: 0.046222 s
|V| = 1819, |E| = 1850, |R| = 52
>>> get_solution
>>> get_solution
  refine_solution: new weight 27988 (was 28012) in 0.003039 s
  refine_solution: new weight 27988 (was 27988) in 0.003007 s
21,,634,1850,52,,634,0,,28012,27988,17784,17784,17784,,639,6,@@

  handle_small_Steiner_degrees: steiner 4, suppress 88 in 0.000101 s
Starting round 22
Found 1283 isolated vertices
Invalid ratios recomputed: 536
Best ratio is 517/4 (129.2), centered at 728
Finding the best star... Star with 5 terminals centered in 1685
round took: 0.032833 s
|V| = 1819, |E| = 1654, |R| = 48
>>> get_solution
>>> get_solution
  refine_solution: new weight 27497 (was 27619) in 0.003046 s
  refine_solution: new weight 27497 (was 27497) in 0.003003 s
22,,536,1654,48,,536,0,,27619,27497,18301,18301,18301,,517,5,@@

  handle_small_Steiner_degrees: steiner 0, suppress 4 in 1.2e-05 s
Starting round 23
Found 1292 isolated vertices
Invalid ratios recomputed: 524
Best ratio is 519/4 (129.8), centered at 1319
Finding the best star... Star with 5 terminals centered in 1766
round took: 0.032045 s
|V| = 1819, |E| = 1549, |R| = 44
>>> get_solution
>>> get_solution
  refine_solution: new weight 27519 (was 27530) in 0.003044 s
  refine_solution: new weight 27519 (was 27519) in 0.003004 s
23,,527,1549,44,,524,0,,27530,27519,18820,18820,18820,,519,5,@@

  handle_small_Steiner_degrees: steiner 4, suppress 50 in 4.4e-05 s
Starting round 24
Found 1351 isolated vertices
Invalid ratios recomputed: 468
Best ratio is 522/4 (130.5), centered at 185
Finding the best star... Star with 5 terminals centered in 1791
round took: 0.025449 s
|V| = 1819, |E| = 1335, |R| = 40
>>> get_solution
>>> get_solution
  refine_solution: new weight 27027 (was 27137) in 0.003035 s
  refine_solution: new weight 27027 (was 27027) in 0.002999 s
24,,468,1335,40,,468,0,,27137,27027,19342,19342,19342,,522,5,@@

  handle_small_Steiner_degrees: steiner 2, suppress 65 in 5.1e-05 s
Starting round 25
Found 1423 isolated vertices
Invalid ratios recomputed: 396
Best ratio is 523/4 (130.8), centered at 1126
Finding the best star... Star with 5 terminals centered in 1806
round took: 0.018047 s
|V| = 1819, |E| = 1111, |R| = 36
>>> get_solution
>>> get_solution
  refine_solution: new weight 26431 (was 26648) in 0.003041 s
  refine_solution: new weight 26431 (was 26431) in 0.003004 s
25,,396,1111,36,,396,0,,26648,26431,19865,19865,19865,,523,5,@@

  handle_small_Steiner_degrees: steiner 2, suppress 51 in 3.4e-05 s
Starting round 26
Found 1481 isolated vertices
Invalid ratios recomputed: 338
Best ratio is 528/4 (132.0), centered at 508
Finding the best star... Star with 5 terminals centered in 1647
round took: 0.013221 s
|V| = 1819, |E| = 945, |R| = 32
>>> get_solution
>>> get_solution
  refine_solution: new weight 26657 (was 26669) in 0.003044 s
  refine_solution: new weight 26657 (was 26657) in 0.002998 s
26,,338,945,32,,338,0,,26669,26657,20393,20393,20393,,528,5,@@

  handle_small_Steiner_degrees: steiner 0, suppress 39 in 3.5e-05 s
Starting round 27
Found 1525 isolated vertices
Invalid ratios recomputed: 294
Best ratio is 530/4 (132.5), centered at 227
Finding the best star... Star with 5 terminals centered in 1789
round took: 0.010035 s
|V| = 1819, |E| = 758, |R| = 28
>>> get_solution
>>> get_solution
  refine_solution: new weight 26379 (was 26391) in 0.00304 s
  refine_solution: new weight 26379 (was 26379) in 0.002998 s
27,,294,758,28,,294,0,,26391,26379,20923,20923,20923,,530,5,@@

  handle_small_Steiner_degrees: steiner 5, suppress 65 in 3.8e-05 s
Starting round 28
Found 1600 isolated vertices
Invalid ratios recomputed: 219
Best ratio is 410/3 (136.7), centered at 32
Finding the best star... Star with 4 terminals centered in 1789
round took: 0.005685 s
|V| = 1819, |E| = 580, |R| = 25
>>> get_solution
>>> get_solution
  refine_solution: new weight 26071 (was 26092) in 0.003034 s
  refine_solution: new weight 26071 (was 26071) in 0.003008 s
28,,219,580,25,,219,0,,26092,26071,21333,21333,21333,,410,4,@@

  handle_small_Steiner_degrees: steiner 0, suppress 33 in 1.9e-05 s
Starting round 29
Found 1637 isolated vertices
Invalid ratios recomputed: 182
Best ratio is 413/3 (137.7), centered at 1266
Finding the best star... Star with 4 terminals centered in 1759
round took: 0.004077 s
|V| = 1819, |E| = 460, |R| = 22
>>> get_solution
>>> get_solution
  refine_solution: new weight 25879 (was 25899) in 0.003042 s
  refine_solution: new weight 25879 (was 25879) in 0.003006 s
29,,182,460,22,,182,0,,25899,25879,21746,21746,21746,,413,4,@@

  handle_small_Steiner_degrees: steiner 2, suppress 39 in 2.5e-05 s
Starting round 30
Found 1682 isolated vertices
Invalid ratios recomputed: 137
Best ratio is 414/3 (138.0), centered at 293
Finding the best star... Star with 4 terminals centered in 1726
round took: 0.002475 s
|V| = 1819, |E| = 336, |R| = 19
>>> get_solution
>>> get_solution
  refine_solution: new weight 25794 (was 25807) in 0.003036 s
  refine_solution: new weight 25794 (was 25794) in 0.003007 s
30,,137,336,19,,137,0,,25807,25794,22160,22160,22160,,414,4,@@

  handle_small_Steiner_degrees: steiner 2, suppress 30 in 1.8e-05 s
Starting round 31
Found 1718 isolated vertices
Invalid ratios recomputed: 101
Best ratio is 417/3 (139.0), centered at 1214
Finding the best star... Star with 4 terminals centered in 1654
round took: 0.001444 s
|V| = 1819, |E| = 263, |R| = 16
>>> get_solution
>>> get_solution
  refine_solution: new weight 25601 (was 25614) in 0.003039 s
  refine_solution: new weight 25601 (was 25601) in 0.003004 s
31,,101,263,16,,101,0,,25614,25601,22577,22577,22577,,417,4,@@

  handle_small_Steiner_degrees: steiner 0, suppress 3 in 4e-06 s
Starting round 32
Found 1725 isolated vertices
Invalid ratios recomputed: 94
Best ratio is 421/3 (140.3), centered at 416
Finding the best star... Star with 4 terminals centered in 1668
round took: 0.001335 s
|V| = 1819, |E| = 219, |R| = 13
>>> get_solution
>>> get_solution
  refine_solution: new weight 25414 (was 25427) in 0.003036 s
  refine_solution: new weight 25414 (was 25414) in 0.002993 s
32,,94,219,13,,94,0,,25427,25414,22998,22998,22998,,421,4,@@

  handle_small_Steiner_degrees: steiner 1, suppress 25 in 1.2e-05 s
Starting round 33
Found 1755 isolated vertices
Invalid ratios recomputed: 64
Best ratio is 423/3 (141.0), centered at 865
Finding the best star... Star with 4 terminals centered in 1653
round took: 0.000793 s
|V| = 1819, |E| = 127, |R| = 10
>>> get_solution
>>> get_solution
  refine_solution: new weight 25231 (was 25244) in 0.00304 s
  refine_solution: new weight 25231 (was 25231) in 0.002992 s
33,,64,127,10,,64,0,,25244,25231,23421,23421,23421,,423,4,@@

  handle_small_Steiner_degrees: steiner 4, suppress 25 in 1.1e-05 s
Starting round 34
Found 1788 isolated vertices
Invalid ratios recomputed: 31
Best ratio is 306/2 (153.0), centered at 1027
Finding the best star... Star with 3 terminals centered in 1653
round took: 0.000345 s
|V| = 1819, |E| = 56, |R| = 8
>>> get_solution
>>> get_solution
  refine_solution: new weight 25128 (was 25146) in 0.003032 s
  refine_solution: new weight 25128 (was 25128) in 0.003007 s
34,,31,56,8,,31,0,,25146,25128,23727,23727,23727,,306,3,@@

  handle_small_Steiner_degrees: steiner 1, suppress 9 in 7e-06 s
Starting round 35
Found 1801 isolated vertices
Invalid ratios recomputed: 18
Best ratio is 308/2 (154.0), centered at 605
Finding the best star... Star with 3 terminals centered in 1653
round took: 0.000227 s
|V| = 1819, |E| = 29, |R| = 6
>>> get_solution
>>> get_solution
  refine_solution: new weight 25026 (was 25049) in 0.003032 s
  refine_solution: new weight 25026 (was 25026) in 0.002994 s
35,,18,29,6,,18,0,,25049,25026,24035,24035,24035,,308,3,@@

  handle_small_Steiner_degrees: steiner 0, suppress 3 in 4e-06 s
Starting round 36
Found 1807 isolated vertices
Invalid ratios recomputed: 12
Best ratio is 311/2 (155.5), centered at 747
Finding the best star... Star with 3 terminals centered in 1666
round took: 0.00019 s
|V| = 1819, |E| = 14, |R| = 4
>>> get_solution
>>> get_solution
  refine_solution: new weight 24922 (was 24953) in 0.003036 s
  refine_solution: new weight 24922 (was 24922) in 0.002999 s
36,,12,14,4,,12,0,,24953,24922,24346,24346,24346,,311,3,@@

  handle_small_Steiner_degrees: steiner 0, suppress 4 in 5e-06 s
Starting round 37
Found 1814 isolated vertices
Invalid ratios recomputed: 5
Best ratio is 314/2 (157.0), centered at 110
Finding the best star... Star with 3 terminals centered in 1666
round took: 0.000116 s
|V| = 1819, |E| = 1, |R| = 2
>>> get_solution
>>> get_solution
  refine_solution: new weight 24830 (was 24863) in 0.003037 s
  refine_solution: new weight 24830 (was 24830) in 0.003 s
37,,5,1,2,,5,0,,24863,24830,24660,24660,24660,,314,3,@@

  handle_small_Steiner_degrees: steiner 0, suppress 0 in 3e-06 s
Starting round 38
Found 1817 isolated vertices
Invalid ratios recomputed: 2
Best ratio is 203/1 (203.0), centered at 1629
Finding the best star... Star with 2 terminals centered in 1666
round took: 8.8e-05 s
|V| = 1819, |E| = 0, |R| = 1
>>> get_solution
>>> get_solution
  refine_solution: new weight 24830 (was 24863) in 0.003027 s
  refine_solution: new weight 24830 (was 24830) in 0.002989 s
38,,2,0,1,,2,0,,24863,24830,24863,24863,24863,,203,2,@@

  handle_small_Steiner_degrees: steiner 0, suppress 0 in 3e-06 s
contract_till_the_bitter_end: 3.6845 s

Calling end_heu
>>> get_solution
Saved weight 0
DŽ: 24863 -> 24830
  BEST solution improved 24863 -> 24830 (vert_size 0, round 1) *

 start over 181 loops 1 unique solutions 
Original + vert_size 0 
DŽ: 24863 -> 24830
  BEST solution improved 24830 -> 24825 (vert_size 2, round 275)

 start over 590 loops 2 unique solutions 
Approx + random 
DŽ: 38159 -> 31251
DŽ: 24825 -> 24825
DŽ: 30322 -> 29839
DŽ: 27354 -> 27722
DŽ: 27618 -> 27993
DŽ: 27612 -> 27701
DŽ: 24825 -> 24825
DŽ: 27204 -> 27397
DŽ: 27744 -> 27756

 start over 8981 loops 154 unique solutions 
Original + vert_size 0 
DŽ: 24863 -> 24830
DŽ: 27178 -> 27178
DŽ: 24825 -> 24825
DŽ: 27321 -> 27420
DŽ: 27326 -> 27418
DŽ: 24825 -> 24825
DŽ: 27312 -> 27603
DŽ: 27292 -> 27292
DŽ: 27304 -> 27595

 start over 16588 loops 160 unique solutions 
Original + vert_size 13 
DŽ: 24863 -> 25306
DŽ: 24825 -> 24825
DŽ: 25285 -> 25554
DŽ: 24825 -> 24825
DŽ: 24825 -> 24825
DŽ: 25285 -> 25379
DŽ: 24825 -> 24825
DŽ: 25284 -> 25571

 start over 23591 loops 166 unique solutions 
Original + vert_size 13 
DŽ: 24863 -> 25019
DŽ: 25305 -> 25490
DŽ: 24825 -> 24825
DŽ: 25280 -> 25630
DŽ: 25287 -> 25646
DŽ: 25554 -> 25737
DŽ: 24825 -> 24825
DŽ: 25626 -> 25917

 start over 30630 loops 177 unique solutions 
Original + vert_size 0 
DŽ: 24863 -> 24830
DŽ: 25357 -> 25541
DŽ: 24825 -> 24825
DŽ: 25432 -> 25815
DŽ: 25469 -> 25855
DŽ: 25800 -> 26255
DŽ: 24825 -> 24825
DŽ: 24825 -> 24825

 start over 37697 loops 183 unique solutions 
Original + vert_size 13 
DŽ: 24863 -> 25546
  BEST solution improved 24830 -> 24817 (vert_size 3, round 37922) *
DŽ: 24817 -> 24817
DŽ: 25696 -> 25969
DŽ: 25465 -> 25757
DŽ: 25465 -> 25562
DŽ: 27281 -> 27372
DŽ: 27382 -> 27674
DŽ: 27257 -> 27449

 start over 44788 loops 192 unique solutions 
Original + vert_size 0 
DŽ: 24863 -> 24830
DŽ: 27266 -> 27357
DŽ: 24817 -> 24817
DŽ: 25445 -> 25719
DŽ: 27156 -> 27155
DŽ: 24817 -> 24817
DŽ: 27376 -> 27852
DŽ: 27454 -> 27454
DŽ: 27263 -> 27263

 start over 52221 loops 194 unique solutions 
Approx + random 
DŽ: 38159 -> 31276
DŽ: 25009 -> 25549
DŽ: 25437 -> 25723
DŽ: 24817 -> 24817
DŽ: 25705 -> 25901
DŽ: 27133 -> 27327
DŽ: 24817 -> 24817
DŽ: 27318 -> 27511

 start over 59390 loops 203 unique solutions 
Original + vert_size 0 
DŽ: 24863 -> 24830
DŽ: 24817 -> 24817
DŽ: 24817 -> 24817
DŽ: 27038 -> 27233
DŽ: 27134 -> 27231
DŽ: 27136 -> 27238
DŽ: 27036 -> 27326
DŽ: 27155 -> 27350

 start over 66779 loops 207 unique solutions 
Original + vert_size 0 
DŽ: 24863 -> 24830
DŽ: 24817 -> 24817
DŽ: 27063 -> 27156
DŽ: 27139 -> 27332
DŽ: 24817 -> 24817
DŽ: 27133 -> 27230
DŽ: 24830 -> 25210
DŽ: 27046 -> 27226

 start over 73495 loops 209 unique solutions 
Original + vert_size 0 
DŽ: 24863 -> 24830
DŽ: 27141 -> 27240
DŽ: 24830 -> 25298
DŽ: 24817 -> 24817
DŽ: 27137 -> 27321
DŽ: 27136 -> 27429
DŽ: 27311 -> 27403
DŽ: 27132 -> 27422

 start over 80989 loops 214 unique solutions 
Original + vert_size 13 
DŽ: 24863 -> 25679
DŽ: 24817 -> 24817
DŽ: 27302 -> 27302
DŽ: 24817 -> 24817
DŽ: 24817 -> 24817
DŽ: 27313 -> 27307
DŽ: 24817 -> 24817
DŽ: 27045 -> 27144
DŽ: 27134 -> 27138

 start over 88301 loops 217 unique solutions 
Original + vert_size 0 
DŽ: 24863 -> 24830
DŽ: 24817 -> 25177
DŽ: 27227 -> 27324
DŽ: 27141 -> 27237
DŽ: 24817 -> 24817
DŽ: 24817 -> 24817
DŽ: 24817 -> 24817
DŽ: 24817 -> 24817

 start over 95798 loops 231 unique solutions 
Approx + random 
DŽ: 38159 -> 30402
DŽ: 28950 -> 28856
DŽ: 28264 -> 28464
DŽ: 27475 -> 27463
DŽ: 27817 -> 27908
DŽ: 27368 -> 27657
DŽ: 27239 -> 27445
DŽ: 27139 -> 27139
DŽ: 27374 -> 27566
DŽ: 27338 -> 27439

 start over 104276 loops 242 unique solutions 
Approx + random 
DŽ: 38159 -> 31658
DŽ: 27463 -> 27463
DŽ: 27346 -> 27443
DŽ: 27327 -> 27333
DŽ: 27107 -> 27293
DŽ: 24817 -> 24817
DŽ: 27134 -> 27224
DŽ: 27234 -> 27329

 start over 111771 loops 249 unique solutions 
Original + vert_size 0 
DŽ: 24863 -> 24830
DŽ: 27226 -> 27226
DŽ: 24817 -> 24817
DŽ: 24817 -> 24817
DŽ: 24817 -> 24817
DŽ: 26771 -> 26865
DŽ: 26766 -> 26958
DŽ: 26951 -> 27045
DŽ: 27152 -> 27335

 start over 119217 loops 254 unique solutions 
Approx + random 
DŽ: 38159 -> 31957
DŽ: 26957 -> 26957
DŽ: 24817 -> 24817
DŽ: 26949 -> 27146
DŽ: 27738 -> 27737
DŽ: 27440 -> 27537
DŽ: 27535 -> 27722
DŽ: 24817 -> 24817
DŽ: 27535 -> 27537

 start over 127099 loops 266 unique solutions 
Original + vert_size 0 
DŽ: 24863 -> 24830
DŽ: 24817 -> 24817
DŽ: 24817 -> 24817
DŽ: 26986 -> 27274
DŽ: 24817 -> 24817
DŽ: 27024 -> 27217
DŽ: 26997 -> 27179
DŽ: 27236 -> 27236

 start over 134634 loops 270 unique solutions 
Original + vert_size 13 
DŽ: 24863 -> 25581
DŽ: 24817 -> 24817
DŽ: 26982 -> 27167
DŽ: 24817 -> 24817
DŽ: 26942 -> 27335
DŽ: 27117 -> 27213
DŽ: 27031 -> 27217
DŽ: 27117 -> 27214
DŽ: 27082 -> 27180

 start over 142141 loops 278 unique solutions 
Approx + random 
DŽ: 38159 -> 31540
DŽ: 27080 -> 27179
DŽ: 27031 -> 27030
DŽ: 29866 -> 29970
DŽ: 27042 -> 27137
DŽ: 24817 -> 24817
DŽ: 27451 -> 27642
DŽ: 27145 -> 27335
DŽ: 27451 -> 27541

 start over 150243 loops 288 unique solutions 
Original + vert_size 13 
DŽ: 24863 -> 25482
DŽ: 27038 -> 27239
DŽ: 24817 -> 24817
DŽ: 27143 -> 27241
DŽ: 26843 -> 26843
DŽ: 26843 -> 27040
DŽ: 26939 -> 27132

 start over 156801 loops 293 unique solutions 
Original + vert_size 13 
DŽ: 24863 -> 25299
DŽ: 27135 -> 27135
DŽ: 24817 -> 24817
DŽ: 24817 -> 24817
DŽ: 24817 -> 24817
DŽ: 27337 -> 27337
DŽ: 24817 -> 24817
DŽ: 25480 -> 25857

 start over 163794 loops 300 unique solutions 
Original + vert_size 0 
DŽ: 24863 -> 24830
DŽ: 24817 -> 24817
DŽ: 27241 -> 27340
DŽ: 25185 -> 25376
DŽ: 27327 -> 27327
DŽ: 27234 -> 27234
DŽ: 25376 -> 25664
DŽ: 25633 -> 25926

 start over 170729 loops 306 unique solutions 
Original + vert_size 0 
DŽ: 24863 -> 24830
DŽ: 27327 -> 27422
DŽ: 27323 -> 27508
DŽ: 27329 -> 27329
DŽ: 27309 -> 27309
DŽ: 27312 -> 27406
DŽ: 25195 -> 25481
DŽ: 25457 -> 25739

 start over 177392 loops 312 unique solutions 
Approx + random 
DŽ: 38159 -> 31272
DŽ: 24817 -> 24817
DŽ: 24817 -> 25162
DŽ: 27069 -> 27069
DŽ: 24817 -> 24817
DŽ: 27413 -> 27512
DŽ: 27413 -> 27413
DŽ: 27051 -> 27145

 start over 184990 loops 321 unique solutions 
Approx + random 
DŽ: 38159 -> 31353
DŽ: 27049 -> 27341
DŽ: 27039 -> 27135
DŽ: 27049 -> 27150
DŽ: 26912 -> 27104
DŽ: 27048 -> 27145
DŽ: 27101 -> 27300
DŽ: 26990 -> 26990
DŽ: 27010 -> 27105

 start over 192173 loops 330 unique solutions 
Original + vert_size 0 
DŽ: 24863 -> 24830
DŽ: 27150 -> 27245
DŽ: 27019 -> 27019
DŽ: 27129 -> 27128
DŽ: 27143 -> 27240
DŽ: 24817 -> 24817
DŽ: 27137 -> 27137
DŽ: 27024 -> 27024

 start over 199163 loops 336 unique solutions 
Approx + random 
DŽ: 38159 -> 30880
DŽ: 27027 -> 27027
DŽ: 24825 -> 25096
DŽ: 27026 -> 26925
DŽ: 27399 -> 27500
DŽ: 27404 -> 27583
DŽ: 27412 -> 27607
DŽ: 24817 -> 24817

 start over 206298 loops 342 unique solutions 
Approx + random 
DŽ: 38159 -> 31268
DŽ: 27393 -> 27571
DŽ: 27412 -> 27600
DŽ: 27558 -> 27663
DŽ: 24817 -> 24817
DŽ: 27571 -> 27757
DŽ: 24817 -> 24817
DŽ: 27221 -> 27315

 start over 213672 loops 350 unique solutions 
Approx + random 
DŽ: 38159 -> 30784
DŽ: 27176 -> 27176
DŽ: 27980 -> 28264
DŽ: 29669 -> 29457
DŽ: 28664 -> 28576
DŽ: 27825 -> 27916
DŽ: 24817 -> 24817
DŽ: 27637 -> 27817
DŽ: 24817 -> 24817
DŽ: 24817 -> 24817

 start over 222501 loops 359 unique solutions 
Original + vert_size 13 
DŽ: 24863 -> 25398
DŽ: 27496 -> 27588
DŽ: 27503 -> 27588
DŽ: 27592 -> 27786
DŽ: 24817 -> 24817
DŽ: 24817 -> 24817
DŽ: 27314 -> 27219
DŽ: 27571 -> 27767
DŽ: 27470 -> 27760

 start over 230615 loops 366 unique solutions 
Approx + random 
DŽ: 38159 -> 31858
DŽ: 24817 -> 24817
DŽ: 24817 -> 24817
DŽ: 27588 -> 27588
DŽ: 26997 -> 27089
DŽ: 27586 -> 27583
DŽ: 24817 -> 24817
DŽ: 24817 -> 24817
DŽ: 26980 -> 27275

 start over 238161 loops 373 unique solutions 
Original + vert_size 0 
DŽ: 24863 -> 24830
DŽ: 24817 -> 24817
DŽ: 27302 -> 27302
DŽ: 24817 -> 24817
DŽ: 24817 -> 24817
DŽ: 27051 -> 27141
DŽ: 24817 -> 24817
DŽ: 24817 -> 24817
DŽ: 24817 -> 24817

 start over 246335 loops 380 unique solutions 
Original + vert_size 0 
DŽ: 24863 -> 24830
DŽ: 27141 -> 27337
DŽ: 27074 -> 27269
DŽ: 27194 -> 27373
DŽ: 27264 -> 27458
DŽ: 24817 -> 24817
DŽ: 27235 -> 27426
DŽ: 24817 -> 24817
DŽ: 26944 -> 27332

 start over 254134 loops 390 unique solutions 
Original + vert_size 0 
DŽ: 24863 -> 24830
DŽ: 27141 -> 27341
DŽ: 27126 -> 27229
DŽ: 27235 -> 27431
DŽ: 27231 -> 27323
DŽ: 26941 -> 27036
DŽ: 24817 -> 24817
DŽ: 27097 -> 27097

 start over 261238 loops 398 unique solutions 
Approx + random 
DŽ: 38159 -> 31072
DŽ: 26951 -> 27043
DŽ: 27415 -> 27603
DŽ: 24817 -> 24817
DŽ: 27399 -> 27500
DŽ: 27294 -> 27385
DŽ: 27643 -> 27931
DŽ: 27154 -> 27247
DŽ: 27398 -> 27593

 start over 269246 loops 405 unique solutions 
Approx + random 
DŽ: 38159 -> 31091
DŽ: 27399 -> 27495
DŽ: 24817 -> 24817
DŽ: 27152 -> 27349
DŽ: 24817 -> 24817
DŽ: 26635 -> 26726
DŽ: 24817 -> 24817
DŽ: 26950 -> 26950

 start over 276711 loops 412 unique solutions 
Original + vert_size 0 
DŽ: 24863 -> 24830
DŽ: 27040 -> 27040
DŽ: 24817 -> 24817
DŽ: 27230 -> 27230
DŽ: 27161 -> 27258
DŽ: 27323 -> 27415
DŽ: 27333 -> 27429
DŽ: 27137 -> 27420

 start over 283902 loops 417 unique solutions 
Original + vert_size 0 
DŽ: 24863 -> 24830
DŽ: 27131 -> 27333
DŽ: 27297 -> 27297
DŽ: 27123 -> 27220
DŽ: 24817 -> 24817
DŽ: 24817 -> 24817
DŽ: 27118 -> 27220
DŽ: 27219 -> 27219

 start over 290869 loops 424 unique solutions 
Original + vert_size 0 
DŽ: 24863 -> 24830
DŽ: 27218 -> 27413
DŽ: 27216 -> 27314
DŽ: 27223 -> 27511
DŽ: 27407 -> 27407
DŽ: 27397 -> 27497
DŽ: 27395 -> 27498
DŽ: 27205 -> 27304

 start over 297540 loops 433 unique solutions 
Approx + random 
DŽ: 38159 -> 31182
DŽ: 24817 -> 24817
DŽ: 27312 -> 27408
DŽ: 30319 -> 29818
end_heu: 300116 loops with 438 unique solutions in 1799.13 s

Calling print_solution
>>> get_solution
  refine_solution: new weight 24817 (was 24817) in 0.003039 s
## FINAL WEIGHT 24817
print_solution: 0.004149 s
