Version: final-94-gfffc3aa rub_all.sh: remove longest prefix
Random seed: 1549747314
Start
>>> save_orig_graph
>> Saved weight 0
Graph loaded
|V| = 10394, |E| = 18043, |R| = 104
First clearance of the input. Calling buy_zero and run_all_heuristics.
  buy_zero: 0 zero edges in 2e-05 s
  handle_small_terminal_degrees: terms 0 in 8e-06 s
  handle_small_Steiner_degrees: steiner 26, suppress 605 in 0.000161 s
  shortest_edge_between_terminals: 0 edges in 2e-06 s
  handle_small_terminal_degrees: terms 0 in 8e-06 s
  handle_small_Steiner_degrees: steiner 0, suppress 2 in 1.3e-05 s
  shortest_edge_between_terminals: 0 edges in 2e-06 s
  handle_small_terminal_degrees: terms 0 in 8e-06 s
  handle_small_Steiner_degrees: steiner 0, suppress 0 in 1.2e-05 s
  shortest_edge_between_terminals: 0 edges in 2e-06 s
Compressed graph 10394 -> 9760
  delete_edges: deleted 36 edges in 0.000938 s and 2 rounds
  handle_small_terminal_degrees: terms 0 in 8e-06 s
  handle_small_Steiner_degrees: steiner 2, suppress 51 in 2.4e-05 s
  shortest_edge_between_terminals: 0 edges in 3e-06 s
  handle_small_terminal_degrees: terms 0 in 7e-06 s
  handle_small_Steiner_degrees: steiner 0, suppress 0 in 1.2e-05 s
  shortest_edge_between_terminals: 0 edges in 1e-06 s
Compressed graph 9760 -> 9707
  delete_edges_shortest_path: deleted 35 edges in 0.03915 s
  handle_small_terminal_degrees: terms 0 in 7e-06 s
  handle_small_Steiner_degrees: steiner 3, suppress 41 in 2.3e-05 s
  shortest_edge_between_terminals: 0 edges in 3e-06 s
  handle_small_terminal_degrees: terms 0 in 7e-06 s
  handle_small_Steiner_degrees: steiner 0, suppress 0 in 1.2e-05 s
  shortest_edge_between_terminals: 0 edges in 2e-06 s
Compressed graph 9707 -> 9663
  handle_small_terminal_degrees: terms 0 in 7e-06 s
  handle_small_Steiner_degrees: steiner 0, suppress 0 in 1e-05 s
  shortest_edge_between_terminals: 0 edges in 3e-06 s
Compressed graph 9663 -> 9635
  delete_edges_shortest_path: deleted 26 edges in 0.038518 s
  handle_small_terminal_degrees: terms 0 in 7e-06 s
  handle_small_Steiner_degrees: steiner 1, suppress 34 in 2.3e-05 s
  shortest_edge_between_terminals: 0 edges in 3e-06 s
  handle_small_terminal_degrees: terms 0 in 7e-06 s
  handle_small_Steiner_degrees: steiner 0, suppress 0 in 1.2e-05 s
  shortest_edge_between_terminals: 0 edges in 1e-06 s
Compressed graph 9635 -> 9600
Compressed graph 9600 -> 9600
>>> save_orig_graph
>> Saved weight 140
### ZEL_LVL=0 PRECISE_STARS=0

Calling `contract_till_the_bitter_end`
|V| = 9600, |E| = 17140, |R| = 90
>>> get_solution
>>> get_solution
  refine_solution: new weight 4538 (was 4553) in 0.001623 s
  refine_solution: new weight 4538 (was 4538) in 0.00149 s
0,,9600,17140,90,,0,0,,4553,4538,140,140,140,,0,0,@@

  delete_edges: deleted 21 edges in 0.000951 s and 2 rounds
  handle_small_Steiner_degrees: steiner 0, suppress 25 in 2.4e-05 s
Starting round 1
Found 25 isolated vertices
Invalid ratios recomputed: 9575
Best ratio is 33/2 (16.5), centered at 7646
Finding the best star... Star with 3 terminals centered in 7770
round took: 1.92239 s
|V| = 9600, |E| = 17087, |R| = 88
>>> get_solution
>>> get_solution
  refine_solution: new weight 4528 (was 4568) in 0.001616 s
  refine_solution: new weight 4528 (was 4528) in 0.001493 s
1,,9575,17087,88,,9575,0,,4568,4528,173,173,173,,33,3,@@

  handle_small_Steiner_degrees: steiner 0, suppress 2 in 1.5e-05 s
Starting round 2
Found 32 isolated vertices
Invalid ratios recomputed: 69
Best ratio is 38/2 (19.0), centered at 8763
Finding the best star... Star with 3 terminals centered in 8766
round took: 0.00338 s
|V| = 9600, |E| = 17077, |R| = 86
>>> get_solution
>>> get_solution
  refine_solution: new weight 4538 (was 4568) in 0.001579 s
  refine_solution: new weight 4538 (was 4538) in 0.001484 s
2,,9568,17077,86,,69,0,,4568,4538,211,211,211,,38,3,@@

  handle_small_Steiner_degrees: steiner 0, suppress 1 in 1.6e-05 s
Starting round 3
Found 39 isolated vertices
Invalid ratios recomputed: 115
Best ratio is 20/1 (20.0), centered at 7252
Finding the best star... Star with 2 terminals centered in 7256
round took: 0.00372 s
|V| = 9600, |E| = 17072, |R| = 85
>>> get_solution
>>> get_solution
  refine_solution: new weight 4530 (was 4555) in 0.001578 s
  refine_solution: new weight 4525 (was 4530) in 0.00149 s
  refine_solution: new weight 4525 (was 4525) in 0.001492 s
3,,9561,17072,85,,115,0,,4555,4525,231,231,231,,20,2,@@

  handle_small_Steiner_degrees: steiner 0, suppress 0 in 1.1e-05 s
Starting round 4
Found 43 isolated vertices
Invalid ratios recomputed: 243
Best ratio is 20/1 (20.0), centered at 7511
Finding the best star... Star with 2 terminals centered in 7515
round took: 0.008366 s
|V| = 9600, |E| = 17068, |R| = 84
>>> get_solution
>>> get_solution
  refine_solution: new weight 4553 (was 4568) in 0.001586 s
  refine_solution: new weight 4553 (was 4553) in 0.001497 s
4,,9557,17068,84,,243,0,,4568,4553,251,251,251,,20,2,@@

  handle_small_Steiner_degrees: steiner 0, suppress 0 in 1.5e-05 s
Starting round 5
Found 47 isolated vertices
Invalid ratios recomputed: 261
Best ratio is 20/1 (20.0), centered at 7649
Finding the best star... Star with 2 terminals centered in 7652
round took: 0.014352 s
|V| = 9600, |E| = 17064, |R| = 83
>>> get_solution
>>> get_solution
  refine_solution: new weight 4523 (was 4563) in 0.001579 s
  refine_solution: new weight 4523 (was 4523) in 0.001483 s
5,,9553,17064,83,,261,0,,4563,4523,271,271,271,,20,2,@@

  handle_small_Steiner_degrees: steiner 0, suppress 0 in 1.2e-05 s
Starting round 6
Found 51 isolated vertices
Invalid ratios recomputed: 209
Best ratio is 20/1 (20.0), centered at 8001
Finding the best star... Star with 2 terminals centered in 8005
round took: 0.005806 s
|V| = 9600, |E| = 17060, |R| = 82
>>> get_solution
>>> get_solution
  refine_solution: new weight 4553 (was 4568) in 0.001596 s
  refine_solution: new weight 4553 (was 4553) in 0.001481 s
6,,9549,17060,82,,209,0,,4568,4553,291,291,291,,20,2,@@

  handle_small_Steiner_degrees: steiner 0, suppress 0 in 1.2e-05 s
Starting round 7
Found 55 isolated vertices
Invalid ratios recomputed: 74
Best ratio is 20/1 (20.0), centered at 8961
Finding the best star... Star with 2 terminals centered in 8965
round took: 0.003189 s
|V| = 9600, |E| = 17056, |R| = 81
>>> get_solution
>>> get_solution
  refine_solution: new weight 4553 (was 4568) in 0.001574 s
  refine_solution: new weight 4553 (was 4553) in 0.001488 s
7,,9545,17056,81,,74,0,,4568,4553,311,311,311,,20,2,@@

  handle_small_Steiner_degrees: steiner 0, suppress 0 in 1.2e-05 s
Starting round 8
Found 59 isolated vertices
Invalid ratios recomputed: 174
Best ratio is 46/2 (23.0), centered at 7638
Finding the best star... Star with 3 terminals centered in 7515
round took: 0.004769 s
|V| = 9600, |E| = 17048, |R| = 79
>>> get_solution
>>> get_solution
  refine_solution: new weight 4530 (was 4555) in 0.001601 s
  refine_solution: new weight 4525 (was 4530) in 0.001487 s
  refine_solution: new weight 4525 (was 4525) in 0.001487 s
8,,9541,17048,79,,174,0,,4555,4525,357,357,357,,46,3,@@

  handle_small_Steiner_degrees: steiner 0, suppress 2 in 1.5e-05 s
Starting round 9
Found 67 isolated vertices
Invalid ratios recomputed: 408
Best ratio is 46/2 (23.0), centered at 7652
Finding the best star... Star with 3 terminals centered in 7776
round took: 0.020681 s
|V| = 9600, |E| = 17037, |R| = 77
>>> get_solution
>>> get_solution
  refine_solution: new weight 4540 (was 4555) in 0.001585 s
  refine_solution: new weight 4540 (was 4540) in 0.001496 s
9,,9533,17037,77,,408,0,,4555,4540,403,403,403,,46,3,@@

  handle_small_Steiner_degrees: steiner 0, suppress 2 in 1.5e-05 s
Starting round 10
Found 75 isolated vertices
Invalid ratios recomputed: 572
Best ratio is 46/2 (23.0), centered at 8771
Finding the best star... Star with 3 terminals centered in 8882
round took: 0.024811 s
|V| = 9600, |E| = 17026, |R| = 75
>>> get_solution
>>> get_solution
  refine_solution: new weight 4548 (was 4563) in 0.001594 s
  refine_solution: new weight 4548 (was 4548) in 0.001488 s
10,,9525,17026,75,,572,0,,4563,4548,449,449,449,,46,3,@@

  handle_small_Steiner_degrees: steiner 0, suppress 3 in 1.7e-05 s
Starting round 11
Found 84 isolated vertices
Invalid ratios recomputed: 137
Best ratio is 46/2 (23.0), centered at 8783
Finding the best star... Star with 3 terminals centered in 8658
round took: 0.004118 s
|V| = 9600, |E| = 17013, |R| = 73
>>> get_solution
>>> get_solution
  refine_solution: new weight 4548 (was 4563) in 0.001589 s
  refine_solution: new weight 4548 (was 4548) in 0.001479 s
11,,9516,17013,73,,137,0,,4563,4548,495,495,495,,46,3,@@

  handle_small_Steiner_degrees: steiner 0, suppress 2 in 1.7e-05 s
Starting round 12
Found 92 isolated vertices
Invalid ratios recomputed: 112
Best ratio is 46/2 (23.0), centered at 8786
Finding the best star... Star with 3 terminals centered in 8666
round took: 0.003653 s
|V| = 9600, |E| = 17002, |R| = 71
>>> get_solution
>>> get_solution
  refine_solution: new weight 4548 (was 4563) in 0.001589 s
  refine_solution: new weight 4548 (was 4548) in 0.00148 s
12,,9508,17002,71,,112,0,,4563,4548,541,541,541,,46,3,@@

  handle_small_Steiner_degrees: steiner 0, suppress 2 in 1.4e-05 s
Starting round 13
Found 100 isolated vertices
Invalid ratios recomputed: 158
Best ratio is 23/1 (23.0), centered at 7874
Finding the best star... Star with 2 terminals centered in 7990
round took: 0.004173 s
|V| = 9600, |E| = 16994, |R| = 70
>>> get_solution
>>> get_solution
  refine_solution: new weight 4548 (was 4563) in 0.001587 s
  refine_solution: new weight 4548 (was 4548) in 0.001476 s
13,,9500,16994,70,,158,0,,4563,4548,564,564,564,,23,2,@@

  handle_small_Steiner_degrees: steiner 0, suppress 1 in 2e-05 s
Starting round 14
Found 104 isolated vertices
Invalid ratios recomputed: 293
Best ratio is 23/1 (23.0), centered at 8774
Finding the best star... Star with 2 terminals centered in 8885
round took: 0.021274 s
|V| = 9600, |E| = 16988, |R| = 69
>>> get_solution
>>> get_solution
  refine_solution: new weight 4542 (was 4557) in 0.001554 s
  refine_solution: new weight 4542 (was 4542) in 0.001479 s
14,,9496,16988,69,,293,0,,4557,4542,587,587,587,,23,2,@@

  handle_small_Steiner_degrees: steiner 0, suppress 1 in 1.7e-05 s
Starting round 15
Found 108 isolated vertices
Invalid ratios recomputed: 169
Best ratio is 23/1 (23.0), centered at 8939
Finding the best star... Star with 2 terminals centered in 9049
round took: 0.004632 s
|V| = 9600, |E| = 16983, |R| = 68
>>> get_solution
>>> get_solution
  refine_solution: new weight 4530 (was 4570) in 0.001542 s
  refine_solution: new weight 4530 (was 4530) in 0.0015 s
15,,9492,16983,68,,169,0,,4570,4530,610,610,610,,23,2,@@

  handle_small_Steiner_degrees: steiner 0, suppress 1 in 1.6e-05 s
Starting round 16
Found 112 isolated vertices
Invalid ratios recomputed: 609
Best ratio is 23/1 (23.0), centered at 8959
Finding the best star... Star with 2 terminals centered in 9067
round took: 0.080764 s
|V| = 9600, |E| = 16977, |R| = 67
>>> get_solution
>>> get_solution
  refine_solution: new weight 4540 (was 4565) in 0.001543 s
  refine_solution: new weight 4540 (was 4540) in 0.00149 s
16,,9488,16977,67,,609,0,,4565,4540,633,633,633,,23,2,@@

  delete_edges: deleted 26 edges in 0.000981 s and 2 rounds
  handle_small_Steiner_degrees: steiner 0, suppress 29 in 2.5e-05 s
Starting round 17
Found 144 isolated vertices
Invalid ratios recomputed: 201
Best ratio is 26/1 (26.0), centered at 8686
Finding the best star... Star with 2 terminals centered in 8909
round took: 0.005404 s
|V| = 9600, |E| = 16920, |R| = 66
>>> get_solution
>>> get_solution
  refine_solution: new weight 4537 (was 4552) in 0.001552 s
  refine_solution: new weight 4537 (was 4537) in 0.001485 s
17,,9456,16920,66,,201,0,,4552,4537,659,659,659,,26,2,@@

  handle_small_Steiner_degrees: steiner 0, suppress 0 in 1.5e-05 s
Starting round 18
Found 146 isolated vertices
Invalid ratios recomputed: 729
Best ratio is 56/2 (28.0), centered at 8666
Finding the best star... Star with 3 terminals centered in 8537
round took: 0.069674 s
|V| = 9600, |E| = 16909, |R| = 64
>>> get_solution
>>> get_solution
  refine_solution: new weight 4529 (was 4544) in 0.001556 s
  refine_solution: new weight 4529 (was 4529) in 0.001504 s
18,,9454,16909,64,,729,0,,4544,4529,715,715,715,,56,3,@@

  handle_small_Steiner_degrees: steiner 0, suppress 2 in 1.7e-05 s
Starting round 19
Found 156 isolated vertices
Invalid ratios recomputed: 196
Best ratio is 56/2 (28.0), centered at 8991
Finding the best star... Star with 3 terminals centered in 8885
round took: 0.005045 s
|V| = 9600, |E| = 16896, |R| = 62
>>> get_solution
>>> get_solution
  refine_solution: new weight 4529 (was 4544) in 0.001569 s
  refine_solution: new weight 4529 (was 4529) in 0.001483 s
19,,9444,16896,62,,196,0,,4544,4529,771,771,771,,56,3,@@

  handle_small_Steiner_degrees: steiner 0, suppress 1 in 1.3e-05 s
Starting round 20
Found 164 isolated vertices
Invalid ratios recomputed: 236
Best ratio is 28/1 (28.0), centered at 8143
Finding the best star... Star with 2 terminals centered in 8272
round took: 0.006073 s
|V| = 9600, |E| = 16889, |R| = 61
>>> get_solution
>>> get_solution
  refine_solution: new weight 4517 (was 4542) in 0.001554 s
  refine_solution: new weight 4517 (was 4517) in 0.001496 s
20,,9436,16889,61,,236,0,,4542,4517,799,799,799,,28,2,@@

  handle_small_Steiner_degrees: steiner 0, suppress 1 in 1.6e-05 s
Starting round 21
Found 169 isolated vertices
Invalid ratios recomputed: 93
Best ratio is 28/1 (28.0), centered at 8855
Finding the best star... Star with 2 terminals centered in 8858
round took: 0.003523 s
|V| = 9600, |E| = 16883, |R| = 60
>>> get_solution
>>> get_solution
  refine_solution: new weight 4517 (was 4542) in 0.001549 s
  refine_solution: new weight 4517 (was 4517) in 0.001497 s
21,,9431,16883,60,,93,0,,4542,4517,827,827,827,,28,2,@@

  handle_small_Steiner_degrees: steiner 0, suppress 0 in 1.5e-05 s
Starting round 22
Found 173 isolated vertices
Invalid ratios recomputed: 246
Best ratio is 85/3 (28.3), centered at 9015
Finding the best star... Star with 4 terminals centered in 9131
round took: 0.006673 s
|V| = 9600, |E| = 16874, |R| = 57
>>> get_solution
>>> get_solution
  refine_solution: new weight 4517 (was 4522) in 0.001534 s
  refine_solution: new weight 4517 (was 4517) in 0.001488 s
22,,9427,16874,57,,246,0,,4522,4517,912,912,912,,85,4,@@

  handle_small_Steiner_degrees: steiner 0, suppress 0 in 1.5e-05 s
Starting round 23
Found 181 isolated vertices
Invalid ratios recomputed: 629
Best ratio is 28/1 (28.0), centered at 8906
Finding the best star... Star with 2 terminals centered in 8909
round took: 0.053306 s
|V| = 9600, |E| = 16868, |R| = 56
>>> get_solution
>>> get_solution
  refine_solution: new weight 4517 (was 4522) in 0.001548 s
  refine_solution: new weight 4517 (was 4517) in 0.001491 s
23,,9419,16868,56,,629,0,,4522,4517,940,940,940,,28,2,@@

  handle_small_Steiner_degrees: steiner 0, suppress 2 in 1.6e-05 s
Starting round 24
Found 187 isolated vertices
Invalid ratios recomputed: 785
Best ratio is 30/1 (30.0), centered at 7655
Finding the best star... Star with 2 terminals centered in 7660
round took: 0.075974 s
|V| = 9600, |E| = 16859, |R| = 55
>>> get_solution
>>> get_solution
  refine_solution: new weight 4512 (was 4517) in 0.001552 s
  refine_solution: new weight 4512 (was 4512) in 0.001491 s
24,,9413,16859,55,,785,0,,4517,4512,970,970,970,,30,2,@@

  handle_small_Steiner_degrees: steiner 0, suppress 0 in 1.5e-05 s
Starting round 25
Found 193 isolated vertices
Invalid ratios recomputed: 611
Best ratio is 31/1 (31.0), centered at 7237
Finding the best star... Star with 2 terminals centered in 7660
round took: 0.027027 s
|V| = 9600, |E| = 16855, |R| = 54
>>> get_solution
>>> get_solution
  refine_solution: new weight 4517 (was 4522) in 0.001546 s
  refine_solution: new weight 4517 (was 4517) in 0.001483 s
25,,9407,16855,54,,611,0,,4522,4517,1001,1001,1001,,31,2,@@

  handle_small_Steiner_degrees: steiner 0, suppress 1 in 1.7e-05 s
Starting round 26
Found 197 isolated vertices
Invalid ratios recomputed: 764
Best ratio is 64/2 (32.0), centered at 7983
Finding the best star... Star with 3 terminals centered in 8113
round took: 0.051884 s
|V| = 9600, |E| = 16844, |R| = 52
>>> get_solution
>>> get_solution
  refine_solution: new weight 4517 (was 4522) in 0.001552 s
  refine_solution: new weight 4517 (was 4517) in 0.00148 s
26,,9403,16844,52,,764,0,,4522,4517,1065,1065,1065,,64,3,@@

  handle_small_Steiner_degrees: steiner 0, suppress 0 in 1.5e-05 s
Starting round 27
Found 205 isolated vertices
Invalid ratios recomputed: 938
Best ratio is 64/2 (32.0), centered at 8494
Finding the best star... Star with 3 terminals centered in 8756
round took: 0.151433 s
|V| = 9600, |E| = 16834, |R| = 50
>>> get_solution
>>> get_solution
  refine_solution: new weight 4512 (was 4517) in 0.00157 s
  refine_solution: new weight 4512 (was 4512) in 0.001487 s
27,,9395,16834,50,,938,0,,4517,4512,1129,1129,1129,,64,3,@@

  handle_small_Steiner_degrees: steiner 0, suppress 3 in 1.7e-05 s
Starting round 28
Found 216 isolated vertices
Invalid ratios recomputed: 387
Best ratio is 64/2 (32.0), centered at 9045
Finding the best star... Star with 3 terminals centered in 9049
round took: 0.033945 s
|V| = 9600, |E| = 16820, |R| = 48
>>> get_solution
>>> get_solution
  refine_solution: new weight 4499 (was 4504) in 0.001559 s
  refine_solution: new weight 4499 (was 4499) in 0.001492 s
28,,9384,16820,48,,387,0,,4504,4499,1193,1193,1193,,64,3,@@

  handle_small_Steiner_degrees: steiner 0, suppress 1 in 2e-05 s
Starting round 29
Found 225 isolated vertices
Invalid ratios recomputed: 787
Best ratio is 66/2 (33.0), centered at 8885
Finding the best star... Star with 3 terminals centered in 8537
round took: 0.110961 s
|V| = 9600, |E| = 16804, |R| = 46
>>> get_solution
>>> get_solution
  refine_solution: new weight 4499 (was 4504) in 0.001564 s
  refine_solution: new weight 4499 (was 4499) in 0.001494 s
29,,9375,16804,46,,787,0,,4504,4499,1259,1259,1259,,66,3,@@

  handle_small_Steiner_degrees: steiner 0, suppress 3 in 2e-05 s
Starting round 30
Found 238 isolated vertices
Invalid ratios recomputed: 369
Best ratio is 33/1 (33.0), centered at 8005
Finding the best star... Star with 2 terminals centered in 8135
round took: 0.00988 s
|V| = 9600, |E| = 16792, |R| = 45
>>> get_solution
>>> get_solution
  refine_solution: new weight 4481 (was 4486) in 0.001554 s
  refine_solution: new weight 4481 (was 4481) in 0.001484 s
30,,9362,16792,45,,369,0,,4486,4481,1292,1292,1292,,33,2,@@

  handle_small_Steiner_degrees: steiner 0, suppress 2 in 1.6e-05 s
Starting round 31
Found 245 isolated vertices
Invalid ratios recomputed: 318
Best ratio is 33/1 (33.0), centered at 8796
Finding the best star... Star with 2 terminals centered in 8909
round took: 0.017677 s
|V| = 9600, |E| = 16783, |R| = 44
>>> get_solution
>>> get_solution
  refine_solution: new weight 4481 (was 4486) in 0.001554 s
  refine_solution: new weight 4481 (was 4481) in 0.001485 s
31,,9355,16783,44,,318,0,,4486,4481,1325,1325,1325,,33,2,@@

  handle_small_Steiner_degrees: steiner 1, suppress 3 in 1.9e-05 s
Starting round 32
Found 253 isolated vertices
Invalid ratios recomputed: 782
Best ratio is 33/1 (33.0), centered at 9041
Finding the best star... Star with 2 terminals centered in 9049
round took: 0.080178 s
|V| = 9600, |E| = 16772, |R| = 43
>>> get_solution
>>> get_solution
  refine_solution: new weight 4493 (was 4503) in 0.001573 s
  refine_solution: new weight 4493 (was 4493) in 0.001501 s
32,,9347,16772,43,,782,0,,4503,4493,1358,1358,1358,,33,2,@@

  delete_edges: deleted 31 edges in 0.001984 s and 4 rounds
  handle_small_Steiner_degrees: steiner 0, suppress 33 in 2.9e-05 s
Starting round 33
Found 290 isolated vertices
Invalid ratios recomputed: 831
Best ratio is 69/2 (34.5), centered at 8115
Finding the best star... Star with 3 terminals centered in 7990
round took: 0.113701 s
|V| = 9600, |E| = 16693, |R| = 41
>>> get_solution
>>> get_solution
  refine_solution: new weight 4493 (was 4503) in 0.001552 s
  refine_solution: new weight 4493 (was 4493) in 0.001479 s
33,,9310,16693,41,,831,0,,4503,4493,1427,1427,1427,,69,3,@@

  handle_small_Steiner_degrees: steiner 0, suppress 4 in 1.8e-05 s
Starting round 34
Found 303 isolated vertices
Invalid ratios recomputed: 1186
Best ratio is 69/2 (34.5), centered at 8870
Finding the best star... Star with 3 terminals centered in 8537
round took: 0.174756 s
|V| = 9600, |E| = 16676, |R| = 39
>>> get_solution
>>> get_solution
  refine_solution: new weight 4485 (was 4490) in 0.001563 s
  refine_solution: new weight 4485 (was 4485) in 0.001478 s
34,,9297,16676,39,,1186,0,,4490,4485,1496,1496,1496,,69,3,@@

  handle_small_Steiner_degrees: steiner 0, suppress 1 in 1.4e-05 s
Starting round 35
Found 312 isolated vertices
Invalid ratios recomputed: 1488
Best ratio is 35/1 (35.0), centered at 8909
Finding the best star... Star with 2 terminals centered in 8916
round took: 0.198112 s
|V| = 9600, |E| = 16668, |R| = 38
>>> get_solution
>>> get_solution
  refine_solution: new weight 4485 (was 4490) in 0.001547 s
  refine_solution: new weight 4485 (was 4485) in 0.001494 s
35,,9288,16668,38,,1488,0,,4490,4485,1531,1531,1531,,35,2,@@

  handle_small_Steiner_degrees: steiner 0, suppress 0 in 1.2e-05 s
Starting round 36
Found 319 isolated vertices
Invalid ratios recomputed: 865
Best ratio is 72/2 (36.0), centered at 8537
Finding the best star... Star with 3 terminals centered in 9101
round took: 0.091786 s
|V| = 9600, |E| = 16659, |R| = 36
>>> get_solution
>>> get_solution
  refine_solution: new weight 4485 (was 4490) in 0.001557 s
  refine_solution: new weight 4485 (was 4485) in 0.001492 s
36,,9281,16659,36,,865,0,,4490,4485,1603,1603,1603,,72,3,@@

  handle_small_Steiner_degrees: steiner 0, suppress 3 in 2e-05 s
Starting round 37
Found 328 isolated vertices
Invalid ratios recomputed: 1484
Best ratio is 74/2 (37.0), centered at 8947
Finding the best star... Star with 3 terminals centered in 9056
round took: 0.203956 s
|V| = 9600, |E| = 16643, |R| = 34
>>> get_solution
>>> get_solution
  refine_solution: new weight 4472 (was 4477) in 0.001552 s
  refine_solution: new weight 4472 (was 4472) in 0.001498 s
37,,9272,16643,34,,1484,0,,4477,4472,1677,1677,1677,,74,3,@@

  handle_small_Steiner_degrees: steiner 0, suppress 0 in 1.5e-05 s
Starting round 38
Found 338 isolated vertices
Invalid ratios recomputed: 1087
Best ratio is 38/1 (38.0), centered at 8620
Finding the best star... Star with 2 terminals centered in 9101
round took: 0.159423 s
|V| = 9600, |E| = 16637, |R| = 33
>>> get_solution
>>> get_solution
  refine_solution: new weight 4468 (was 4473) in 0.00155 s
  refine_solution: new weight 4468 (was 4468) in 0.001481 s
38,,9262,16637,33,,1087,0,,4473,4468,1715,1715,1715,,38,2,@@

  handle_small_Steiner_degrees: steiner 0, suppress 0 in 1.5e-05 s
Starting round 39
Found 344 isolated vertices
Invalid ratios recomputed: 1584
Best ratio is 38/1 (38.0), centered at 8916
Finding the best star... Star with 2 terminals centered in 9029
round took: 0.220502 s
|V| = 9600, |E| = 16630, |R| = 32
>>> get_solution
>>> get_solution
  refine_solution: new weight 4468 (was 4473) in 0.001558 s
  refine_solution: new weight 4468 (was 4468) in 0.001498 s
39,,9256,16630,32,,1584,0,,4473,4468,1753,1753,1753,,38,2,@@

  handle_small_Steiner_degrees: steiner 0, suppress 0 in 1.4e-05 s
Starting round 40
Found 350 isolated vertices
Invalid ratios recomputed: 937
Best ratio is 38/1 (38.0), centered at 9056
Finding the best star... Star with 2 terminals centered in 9056
round took: 0.108949 s
|V| = 9600, |E| = 16627, |R| = 31
>>> get_solution
>>> get_solution
  refine_solution: new weight 4456 (was 4461) in 0.001552 s
  refine_solution: new weight 4456 (was 4456) in 0.001492 s
40,,9250,16627,31,,937,0,,4461,4456,1791,1791,1791,,38,2,@@

  handle_small_Steiner_degrees: steiner 0, suppress 0 in 1.2e-05 s
Starting round 41
Found 353 isolated vertices
Invalid ratios recomputed: 1549
Best ratio is 77/2 (38.5), centered at 8276
Finding the best star... Star with 3 terminals centered in 9101
round took: 0.216376 s
|V| = 9600, |E| = 16613, |R| = 29
>>> get_solution
>>> get_solution
  refine_solution: new weight 4438 (was 4443) in 0.001561 s
  refine_solution: new weight 4438 (was 4438) in 0.001469 s
41,,9247,16613,29,,1549,0,,4443,4438,1868,1868,1868,,77,3,@@

  handle_small_Steiner_degrees: steiner 1, suppress 2 in 1.6e-05 s
Starting round 42
Found 365 isolated vertices
Invalid ratios recomputed: 1706
Best ratio is 78/2 (39.0), centered at 7660
Finding the best star... Star with 3 terminals centered in 8135
round took: 0.238983 s
|V| = 9600, |E| = 16601, |R| = 27
>>> get_solution
>>> get_solution
  refine_solution: new weight 4443 (was 4448) in 0.001561 s
  refine_solution: new weight 4443 (was 4443) in 0.001502 s
42,,9235,16601,27,,1706,0,,4448,4443,1946,1946,1946,,78,3,@@

  handle_small_Steiner_degrees: steiner 0, suppress 2 in 1.6e-05 s
Starting round 43
Found 371 isolated vertices
Invalid ratios recomputed: 1245
Best ratio is 39/1 (39.0), centered at 8864
Finding the best star... Star with 2 terminals centered in 9077
round took: 0.110412 s
|V| = 9600, |E| = 16591, |R| = 26
>>> get_solution
>>> get_solution
  refine_solution: new weight 4443 (was 4448) in 0.001562 s
  refine_solution: new weight 4443 (was 4443) in 0.001485 s
43,,9229,16591,26,,1245,0,,4448,4443,1985,1985,1985,,39,2,@@

  handle_small_Steiner_degrees: steiner 0, suppress 2 in 2.3e-05 s
Starting round 44
Found 376 isolated vertices
Invalid ratios recomputed: 1888
Best ratio is 80/2 (40.0), centered at 9077
Finding the best star... Star with 3 terminals centered in 9117
round took: 0.26097 s
|V| = 9600, |E| = 16566, |R| = 24
>>> get_solution
>>> get_solution
  refine_solution: new weight 4443 (was 4448) in 0.001562 s
  refine_solution: new weight 4443 (was 4443) in 0.001482 s
44,,9224,16566,24,,1888,0,,4448,4443,2065,2065,2065,,80,3,@@

  handle_small_Steiner_degrees: steiner 0, suppress 5 in 2.2e-05 s
Starting round 45
Found 397 isolated vertices
Invalid ratios recomputed: 2137
Best ratio is 41/1 (41.0), centered at 6988
Finding the best star... Star with 2 terminals centered in 6990
round took: 0.312298 s
|V| = 9600, |E| = 16550, |R| = 23
>>> get_solution
>>> get_solution
  refine_solution: new weight 4443 (was 4448) in 0.001554 s
  refine_solution: new weight 4443 (was 4443) in 0.001498 s
45,,9203,16550,23,,2137,0,,4448,4443,2106,2106,2106,,41,2,@@

  handle_small_Steiner_degrees: steiner 0, suppress 6 in 1.9e-05 s
Starting round 46
Found 408 isolated vertices
Invalid ratios recomputed: 2179
Best ratio is 43/1 (43.0), centered at 6990
Finding the best star... Star with 2 terminals centered in 6990
round took: 0.330207 s
|V| = 9600, |E| = 16530, |R| = 22
>>> get_solution
>>> get_solution
  refine_solution: new weight 4443 (was 4448) in 0.001568 s
  refine_solution: new weight 4443 (was 4443) in 0.001481 s
46,,9192,16530,22,,2179,0,,4448,4443,2149,2149,2149,,43,2,@@

  handle_small_Steiner_degrees: steiner 0, suppress 0 in 1.4e-05 s
Starting round 47
Found 415 isolated vertices
Invalid ratios recomputed: 2179
Best ratio is 43/1 (43.0), centered at 7341
Finding the best star... Star with 2 terminals centered in 7482
round took: 0.337619 s
|V| = 9600, |E| = 16521, |R| = 21
>>> get_solution
>>> get_solution
  refine_solution: new weight 4443 (was 4448) in 0.001528 s
  refine_solution: new weight 4443 (was 4443) in 0.001481 s
47,,9185,16521,21,,2179,0,,4448,4443,2192,2192,2192,,43,2,@@

  handle_small_Steiner_degrees: steiner 0, suppress 0 in 1.1e-05 s
Starting round 48
Found 422 isolated vertices
Invalid ratios recomputed: 2540
Best ratio is 44/1 (44.0), centered at 6990
Finding the best star... Star with 2 terminals centered in 9193
round took: 0.772338 s
|V| = 9600, |E| = 16517, |R| = 20
>>> get_solution
>>> get_solution
  refine_solution: new weight 4443 (was 4448) in 0.001556 s
  refine_solution: new weight 4443 (was 4443) in 0.001498 s
48,,9178,16517,20,,2540,0,,4448,4443,2236,2236,2236,,44,2,@@

  handle_small_Steiner_degrees: steiner 0, suppress 0 in 1.1e-05 s
Starting round 49
Found 425 isolated vertices
Invalid ratios recomputed: 2531
Best ratio is 44/1 (44.0), centered at 8605
Finding the best star... Star with 2 terminals centered in 8858
round took: 0.495912 s
|V| = 9600, |E| = 16513, |R| = 19
>>> get_solution
>>> get_solution
  refine_solution: new weight 4443 (was 4448) in 0.00156 s
  refine_solution: new weight 4443 (was 4443) in 0.001481 s
49,,9175,16513,19,,2531,0,,4448,4443,2280,2280,2280,,44,2,@@

  handle_small_Steiner_degrees: steiner 0, suppress 0 in 1.1e-05 s
Starting round 50
Found 429 isolated vertices
Invalid ratios recomputed: 2367
Best ratio is 46/1 (46.0), centered at 8858
Finding the best star... Star with 2 terminals centered in 9193
round took: 0.384265 s
|V| = 9600, |E| = 16505, |R| = 18
>>> get_solution
>>> get_solution
  refine_solution: new weight 4443 (was 4448) in 0.001556 s
  refine_solution: new weight 4443 (was 4443) in 0.001492 s
50,,9171,16505,18,,2367,0,,4448,4443,2326,2326,2326,,46,2,@@

  handle_small_Steiner_degrees: steiner 0, suppress 1 in 1.5e-05 s
Starting round 51
Found 436 isolated vertices
Invalid ratios recomputed: 2938
Best ratio is 48/1 (48.0), centered at 4402
Finding the best star... Star with 2 terminals centered in 4518
round took: 0.585274 s
|V| = 9600, |E| = 16494, |R| = 17
>>> get_solution
>>> get_solution
  refine_solution: new weight 4435 (was 4440) in 0.001561 s
  refine_solution: new weight 4435 (was 4435) in 0.001508 s
51,,9164,16494,17,,2938,0,,4440,4435,2374,2374,2374,,48,2,@@

  handle_small_Steiner_degrees: steiner 0, suppress 1 in 1.6e-05 s
Starting round 52
Found 445 isolated vertices
Invalid ratios recomputed: 3744
Best ratio is 51/1 (51.0), centered at 4141
Finding the best star... Star with 2 terminals centered in 4385
round took: 1.37702 s
|V| = 9600, |E| = 16485, |R| = 16
>>> get_solution
>>> get_solution
  refine_solution: new weight 4420 (was 4420) in 0.001575 s
52,,9155,16485,16,,3744,0,,4420,4420,2425,2425,2425,,51,2,@@

  handle_small_Steiner_degrees: steiner 0, suppress 0 in 1.1e-05 s
Starting round 53
Found 452 isolated vertices
Invalid ratios recomputed: 3080
Best ratio is 53/1 (53.0), centered at 4017
Finding the best star... Star with 2 terminals centered in 4385
round took: 1.1016 s
|V| = 9600, |E| = 16474, |R| = 15
>>> get_solution
>>> get_solution
  refine_solution: new weight 4420 (was 4420) in 0.001588 s
53,,9148,16474,15,,3080,0,,4420,4420,2478,2478,2478,,53,2,@@

  handle_small_Steiner_degrees: steiner 0, suppress 0 in 1.1e-05 s
Starting round 54
Found 461 isolated vertices
Invalid ratios recomputed: 3304
Best ratio is 55/1 (55.0), centered at 9056
Finding the best star... Star with 2 terminals centered in 9193
round took: 1.32664 s
|V| = 9600, |E| = 16463, |R| = 14
>>> get_solution
>>> get_solution
  refine_solution: new weight 4420 (was 4420) in 0.001564 s
54,,9139,16463,14,,3304,0,,4420,4420,2533,2533,2533,,55,2,@@

  handle_small_Steiner_degrees: steiner 0, suppress 0 in 1.5e-05 s
Starting round 55
Found 472 isolated vertices
Invalid ratios recomputed: 3843
Best ratio is 56/1 (56.0), centered at 7482
Finding the best star... Star with 2 terminals centered in 9193
round took: 0.926225 s
|V| = 9600, |E| = 16454, |R| = 13
>>> get_solution
>>> get_solution
  refine_solution: new weight 4415 (was 4415) in 0.001561 s
55,,9128,16454,13,,3843,0,,4415,4415,2589,2589,2589,,56,2,@@

  handle_small_Steiner_degrees: steiner 0, suppress 0 in 1.5e-05 s
Starting round 56
Found 480 isolated vertices
Invalid ratios recomputed: 4662
Best ratio is 57/1 (57.0), centered at 8098
Finding the best star... Star with 2 terminals centered in 9193
round took: 1.55659 s
|V| = 9600, |E| = 16448, |R| = 12
>>> get_solution
>>> get_solution
  refine_solution: new weight 4415 (was 4415) in 0.001575 s
56,,9120,16448,12,,4662,0,,4415,4415,2646,2646,2646,,57,2,@@

  handle_small_Steiner_degrees: steiner 0, suppress 0 in 1.1e-05 s
Starting round 57
Found 485 isolated vertices
Invalid ratios recomputed: 4657
Best ratio is 120/2 (60.0), centered at 9032
Finding the best star... Star with 3 terminals centered in 9193
round took: 1.61299 s
|V| = 9600, |E| = 16432, |R| = 10
>>> get_solution
>>> get_solution
  refine_solution: new weight 4395 (was 4395) in 0.001582 s
57,,9115,16432,10,,4657,0,,4395,4395,2766,2766,2766,,120,3,@@

  handle_small_Steiner_degrees: steiner 0, suppress 0 in 1.1e-05 s
Starting round 58
Found 500 isolated vertices
Invalid ratios recomputed: 4861
Best ratio is 64/1 (64.0), centered at 8898
Finding the best star... Star with 2 terminals centered in 9008
round took: 1.85783 s
|V| = 9600, |E| = 16424, |R| = 9
>>> get_solution
>>> get_solution
  refine_solution: new weight 4400 (was 4400) in 0.001582 s
58,,9100,16424,9,,4861,0,,4400,4400,2830,2830,2830,,64,2,@@

  handle_small_Steiner_degrees: steiner 0, suppress 1 in 2.1e-05 s
Starting round 59
Found 508 isolated vertices
Invalid ratios recomputed: 4853
Best ratio is 72/1 (72.0), centered at 4055
Finding the best star... Star with 2 terminals centered in 4518
round took: 2.00471 s
|V| = 9600, |E| = 16413, |R| = 8
>>> get_solution
>>> get_solution
  refine_solution: new weight 4395 (was 4395) in 0.001587 s
59,,9092,16413,8,,4853,0,,4395,4395,2902,2902,2902,,72,2,@@

  handle_small_Steiner_degrees: steiner 0, suppress 1 in 1.4e-05 s
Starting round 60
Found 517 isolated vertices
Invalid ratios recomputed: 4360
Best ratio is 106/1 (106.0), centered at 5372
Finding the best star... Star with 2 terminals centered in 5387
round took: 2.28178 s
|V| = 9600, |E| = 16392, |R| = 7
>>> get_solution
>>> get_solution
  refine_solution: new weight 4395 (was 4395) in 0.001583 s
60,,9083,16392,7,,4360,0,,4395,4395,3008,3008,3008,,106,2,@@

  handle_small_Steiner_degrees: steiner 0, suppress 1 in 1.4e-05 s
Starting round 61
Found 536 isolated vertices
Invalid ratios recomputed: 5510
Best ratio is 109/1 (109.0), centered at 4384
Finding the best star... Star with 2 terminals centered in 5387
round took: 2.3927 s
|V| = 9600, |E| = 16379, |R| = 6
>>> get_solution
>>> get_solution
  refine_solution: new weight 4395 (was 4395) in 0.001574 s
61,,9064,16379,6,,5510,0,,4395,4395,3117,3117,3117,,109,2,@@

  handle_small_Steiner_degrees: steiner 0, suppress 1 in 1.5e-05 s
Starting round 62
Found 546 isolated vertices
Invalid ratios recomputed: 6069
Best ratio is 230/2 (115.0), centered at 6383
Finding the best star... Star with 3 terminals centered in 9008
round took: 3.04448 s
|V| = 9600, |E| = 16351, |R| = 4
>>> get_solution
>>> get_solution
  refine_solution: new weight 4375 (was 4375) in 0.001576 s
62,,9054,16351,4,,6069,0,,4375,4375,3347,3347,3347,,230,3,@@

  handle_small_Steiner_degrees: steiner 0, suppress 2 in 1.5e-05 s
Starting round 63
Found 570 isolated vertices
Invalid ratios recomputed: 7500
Best ratio is 127/1 (127.0), centered at 4518
Finding the best star... Star with 2 terminals centered in 4756
round took: 5.69505 s
|V| = 9600, |E| = 16326, |R| = 3
>>> get_solution
>>> get_solution
  refine_solution: new weight 4349 (was 4349) in 0.001583 s
63,,9030,16326,3,,7500,0,,4349,4349,3474,3474,3474,,127,2,@@

  handle_small_Steiner_degrees: steiner 0, suppress 1 in 1.5e-05 s
Starting round 64
Found 589 isolated vertices
Invalid ratios recomputed: 8234
Best ratio is 413/1 (413.0), centered at 4756
Finding the best star... Star with 2 terminals centered in 9008
round took: 6.5736 s
|V| = 9600, |E| = 16287, |R| = 2
>>> get_solution
>>> get_solution
  refine_solution: new weight 4349 (was 4349) in 0.001592 s
64,,9011,16287,2,,8234,0,,4349,4349,3887,3887,3887,,413,2,@@

  handle_small_Steiner_degrees: steiner 0, suppress 1 in 1.6e-05 s
Starting round 65
Found 622 isolated vertices
Invalid ratios recomputed: 8978
Best ratio is 462/1 (462.0), centered at 27
Finding the best star... Star with 2 terminals centered in 9008
round took: 8.34552 s
|V| = 9600, |E| = 16243, |R| = 1
>>> get_solution
>>> get_solution
  refine_solution: new weight 4349 (was 4349) in 0.001599 s
65,,8978,16243,1,,8978,0,,4349,4349,4349,4349,4349,,462,2,@@

  handle_small_Steiner_degrees: steiner 0, suppress 4 in 1.3e-05 s
contract_till_the_bitter_end: 48.7693 s

Calling end_heu
>>> get_solution
Saved weight 140
DŽ: 4349 -> 4308
  BEST solution improved 4349 -> 4308 (vert_size 0, round 1) *
  BEST solution improved 4308 -> 4298 (vert_size 2, round 174) *
  BEST solution improved 4298 -> 4295 (vert_size 4, round 719) *
DŽ: 4295 -> 4295
DŽ: 4308 -> 4308
  BEST solution improved 4295 -> 4292 (vert_size 4, round 2932) *
DŽ: 4292 -> 4292
DŽ: 4292 -> 4292
DŽ: 4292 -> 4336
DŽ: 4292 -> 4292
DŽ: 4295 -> 4326
DŽ: 4295 -> 4326
DŽ: 4304 -> 4304
DŽ: 4295 -> 4329
DŽ: 4292 -> 4292
DŽ: 4292 -> 4292
DŽ: 4292 -> 4292
DŽ: 4326 -> 4329
DŽ: 4292 -> 4292
DŽ: 4298 -> 4329
DŽ: 4292 -> 4292
DŽ: 4298 -> 4329
DŽ: 4304 -> 4304
DŽ: 4304 -> 4326
DŽ: 4292 -> 4292
DŽ: 4292 -> 4292
DŽ: 4326 -> 4326
DŽ: 4292 -> 4292
DŽ: 4292 -> 4292
DŽ: 4292 -> 4295
DŽ: 4295 -> 4326
DŽ: 4292 -> 4292
DŽ: 4295 -> 4295
DŽ: 4292 -> 4292
DŽ: 4308 -> 4295
DŽ: 4292 -> 4292
DŽ: 4292 -> 4326
DŽ: 4292 -> 4292
DŽ: 4292 -> 4292
DŽ: 4295 -> 4326
DŽ: 4292 -> 4326
DŽ: 4292 -> 4292
DŽ: 4292 -> 4326
DŽ: 4292 -> 4292
DŽ: 4292 -> 4292
DŽ: 4292 -> 4326
DŽ: 4292 -> 4292
DŽ: 4295 -> 4326
DŽ: 4292 -> 4292
DŽ: 4304 -> 4326
DŽ: 4292 -> 4292
DŽ: 4292 -> 4326
DŽ: 4295 -> 4295
DŽ: 4295 -> 4326
DŽ: 4292 -> 4326
DŽ: 4295 -> 4326
DŽ: 4292 -> 4292
DŽ: 4292 -> 4292
DŽ: 4292 -> 4326
DŽ: 4292 -> 4292
DŽ: 4295 -> 4326
DŽ: 4292 -> 4292
DŽ: 4292 -> 4292

 start over 59181 loops 172 unique solutions 
Approx + random 
DŽ: 4553 -> 4370
DŽ: 4308 -> 4295
DŽ: 4292 -> 4292
DŽ: 4292 -> 4336
DŽ: 4292 -> 4292
DŽ: 4292 -> 4292
DŽ: 4292 -> 4292
DŽ: 4292 -> 4292
DŽ: 4330 -> 4347
DŽ: 4339 -> 4308
DŽ: 4342 -> 4364
DŽ: 4292 -> 4292
DŽ: 4330 -> 4325
DŽ: 4292 -> 4336
DŽ: 4364 -> 4364
DŽ: 4292 -> 4326
DŽ: 4318 -> 4349
DŽ: 4292 -> 4292
DŽ: 4326 -> 4326
DŽ: 4292 -> 4292
DŽ: 4292 -> 4292
DŽ: 4292 -> 4292
DŽ: 4292 -> 4292
DŽ: 4318 -> 4349
DŽ: 4292 -> 4292
DŽ: 4292 -> 4326
DŽ: 4325 -> 4347
DŽ: 4292 -> 4292
DŽ: 4316 -> 4347
DŽ: 4304 -> 4326
DŽ: 4292 -> 4292
DŽ: 4305 -> 4292
DŽ: 4292 -> 4292
DŽ: 4292 -> 4292
DŽ: 4333 -> 4364
DŽ: 4325 -> 4325
DŽ: 4333 -> 4364
DŽ: 4292 -> 4336
DŽ: 4316 -> 4306
DŽ: 4292 -> 4292
DŽ: 4292 -> 4292
DŽ: 4292 -> 4292
DŽ: 4292 -> 4292
DŽ: 4292 -> 4292
DŽ: 4325 -> 4354

 start over 103618 loops 228 unique solutions 
Approx + random 
DŽ: 4553 -> 4368
DŽ: 4326 -> 4326
DŽ: 4316 -> 4347
DŽ: 4325 -> 4354
DŽ: 4292 -> 4292
DŽ: 4342 -> 4364
DŽ: 4292 -> 4292
DŽ: 4292 -> 4292
DŽ: 4292 -> 4292
DŽ: 4330 -> 4347
DŽ: 4339 -> 4345
DŽ: 4303 -> 4303
DŽ: 4303 -> 4298
DŽ: 4292 -> 4292
DŽ: 4333 -> 4354
DŽ: 4298 -> 4298
DŽ: 4292 -> 4292
DŽ: 4292 -> 4292
DŽ: 4311 -> 4345
DŽ: 4292 -> 4326
DŽ: 4315 -> 4315
DŽ: 4298 -> 4298
DŽ: 4298 -> 4308
DŽ: 4345 -> 4345
DŽ: 4292 -> 4292
DŽ: 4292 -> 4292
DŽ: 4298 -> 4298
DŽ: 4292 -> 4292
DŽ: 4311 -> 4345
DŽ: 4306 -> 4340
DŽ: 4292 -> 4292
DŽ: 4340 -> 4347
DŽ: 4292 -> 4292
DŽ: 4292 -> 4292
DŽ: 4315 -> 4310
DŽ: 4292 -> 4292
DŽ: 4292 -> 4292
DŽ: 4292 -> 4292
DŽ: 4316 -> 4347
DŽ: 4323 -> 4357
DŽ: 4292 -> 4292
DŽ: 4303 -> 4303
DŽ: 4292 -> 4292
DŽ: 4292 -> 4326
DŽ: 4315 -> 4359
DŽ: 4292 -> 4292
DŽ: 4292 -> 4292

 start over 149677 loops 271 unique solutions 
Original + vert_size 0 
DŽ: 4349 -> 4308
DŽ: 4292 -> 4292
DŽ: 4306 -> 4340
DŽ: 4310 -> 4301
DŽ: 4292 -> 4292
DŽ: 4292 -> 4292
DŽ: 4333 -> 4340
DŽ: 4327 -> 4322
DŽ: 4308 -> 4308
DŽ: 4326 -> 4357
DŽ: 4333 -> 4354
DŽ: 4354 -> 4354
DŽ: 4312 -> 4346
DŽ: 4323 -> 4323
DŽ: 4309 -> 4309
DŽ: 4309 -> 4340
DŽ: 4323 -> 4323
DŽ: 4312 -> 4312
DŽ: 4292 -> 4292
DŽ: 4340 -> 4340
DŽ: 4292 -> 4292
DŽ: 4306 -> 4306
DŽ: 4309 -> 4340
DŽ: 4323 -> 4323
DŽ: 4307 -> 4302
DŽ: 4309 -> 4340
DŽ: 4292 -> 4292
DŽ: 4292 -> 4292
DŽ: 4323 -> 4354
DŽ: 4292 -> 4292
DŽ: 4340 -> 4340
DŽ: 4306 -> 4319
DŽ: 4292 -> 4292
DŽ: 4292 -> 4326
DŽ: 4292 -> 4292

 start over 183939 loops 311 unique solutions 
Original + vert_size 13 
DŽ: 4349 -> 4325
DŽ: 4309 -> 4309
DŽ: 4318 -> 4318
DŽ: 4309 -> 4340
DŽ: 4318 -> 4318
DŽ: 4336 -> 4313
DŽ: 4323 -> 4323
DŽ: 4292 -> 4292
DŽ: 4292 -> 4292
DŽ: 4301 -> 4332
DŽ: 4307 -> 4302
DŽ: 4322 -> 4340
DŽ: 4340 -> 4320
DŽ: 4302 -> 4302
DŽ: 4292 -> 4292
DŽ: 4318 -> 4340
DŽ: 4292 -> 4292
DŽ: 4307 -> 4336
DŽ: 4292 -> 4292
DŽ: 4306 -> 4306
DŽ: 4298 -> 4332
DŽ: 4298 -> 4332
DŽ: 4292 -> 4292
DŽ: 4292 -> 4292
DŽ: 4298 -> 4298
DŽ: 4292 -> 4292
DŽ: 4292 -> 4292
DŽ: 4307 -> 4302
DŽ: 4292 -> 4292
DŽ: 4292 -> 4326
DŽ: 4292 -> 4292
DŽ: 4298 -> 4298
DŽ: 4292 -> 4292
DŽ: 4295 -> 4295
DŽ: 4309 -> 4309
DŽ: 4298 -> 4298
DŽ: 4292 -> 4326
DŽ: 4292 -> 4292
DŽ: 4298 -> 4298
DŽ: 4301 -> 4332
DŽ: 4314 -> 4301
DŽ: 4307 -> 4336
DŽ: 4298 -> 4298
DŽ: 4298 -> 4298
DŽ: 4302 -> 4336

 start over 227238 loops 345 unique solutions 
Approx + random 
DŽ: 4553 -> 4341
DŽ: 4298 -> 4298
DŽ: 4292 -> 4292
DŽ: 4318 -> 4318
DŽ: 4298 -> 4298
DŽ: 4292 -> 4336
DŽ: 4292 -> 4292
DŽ: 4331 -> 4326
DŽ: 4295 -> 4295
DŽ: 4304 -> 4326
DŽ: 4305 -> 4292
DŽ: 4295 -> 4295
DŽ: 4298 -> 4298
DŽ: 4304 -> 4326
DŽ: 4305 -> 4326
DŽ: 4292 -> 4292
DŽ: 4295 -> 4295
DŽ: 4292 -> 4292
DŽ: 4292 -> 4312
DŽ: 4295 -> 4295
DŽ: 4292 -> 4292
DŽ: 4292 -> 4292
DŽ: 4292 -> 4292
DŽ: 4318 -> 4326
DŽ: 4292 -> 4326
DŽ: 4292 -> 4292
DŽ: 4292 -> 4292
DŽ: 4292 -> 4305
DŽ: 4292 -> 4292
DŽ: 4295 -> 4326
DŽ: 4295 -> 4315
DŽ: 4305 -> 4292
DŽ: 4298 -> 4298
DŽ: 4292 -> 4292
DŽ: 4300 -> 4326
DŽ: 4298 -> 4298
DŽ: 4292 -> 4292
DŽ: 4292 -> 4292
DŽ: 4292 -> 4292
DŽ: 4297 -> 4292
DŽ: 4298 -> 4298
DŽ: 4298 -> 4298
DŽ: 4304 -> 4295
DŽ: 4292 -> 4292
DŽ: 4292 -> 4292
DŽ: 4300 -> 4295
DŽ: 4298 -> 4308
DŽ: 4292 -> 4292
DŽ: 4292 -> 4292
DŽ: 4295 -> 4315
DŽ: 4292 -> 4336
DŽ: 4298 -> 4298
DŽ: 4295 -> 4329
DŽ: 4295 -> 4295
DŽ: 4312 -> 4292

 start over 281899 loops 386 unique solutions 
Approx + random 
DŽ: 4553 -> 4370
DŽ: 4292 -> 4292
DŽ: 4292 -> 4292
DŽ: 4318 -> 4292
DŽ: 4304 -> 4304
DŽ: 4370 -> 4350
DŽ: 4292 -> 4292
DŽ: 4292 -> 4292
DŽ: 4292 -> 4292
DŽ: 4292 -> 4292
DŽ: 4292 -> 4292
DŽ: 4292 -> 4292
DŽ: 4292 -> 4292
DŽ: 4292 -> 4326
DŽ: 4292 -> 4292
DŽ: 4292 -> 4292
DŽ: 4304 -> 4304
DŽ: 4304 -> 4326
DŽ: 4292 -> 4292
DŽ: 4292 -> 4292
DŽ: 4292 -> 4292
DŽ: 4292 -> 4292
DŽ: 4292 -> 4292
DŽ: 4292 -> 4292
DŽ: 4292 -> 4312
DŽ: 4292 -> 4292
DŽ: 4292 -> 4292
DŽ: 4292 -> 4292
DŽ: 4292 -> 4292
DŽ: 4295 -> 4295
DŽ: 4292 -> 4292
DŽ: 4292 -> 4326
DŽ: 4292 -> 4292
DŽ: 4292 -> 4292
DŽ: 4292 -> 4292
DŽ: 4292 -> 4292
DŽ: 4304 -> 4326
DŽ: 4292 -> 4292
DŽ: 4304 -> 4304
DŽ: 4292 -> 4292
DŽ: 4304 -> 4304
DŽ: 4292 -> 4312
DŽ: 4292 -> 4292
DŽ: 4292 -> 4292
DŽ: 4292 -> 4292
DŽ: 4295 -> 4326
DŽ: 4292 -> 4292
DŽ: 4292 -> 4292
DŽ: 4295 -> 4326
DŽ: 4295 -> 4295
DŽ: 4292 -> 4292
DŽ: 4292 -> 4292
DŽ: 4315 -> 4305
DŽ: 4304 -> 4326
DŽ: 4292 -> 4292
DŽ: 4295 -> 4326
DŽ: 4304 -> 4326

 start over 337167 loops 444 unique solutions 
Approx + random 
DŽ: 4553 -> 4363
DŽ: 4292 -> 4292
DŽ: 4292 -> 4292
DŽ: 4292 -> 4292
DŽ: 4292 -> 4292
DŽ: 4292 -> 4292
DŽ: 4292 -> 4292
DŽ: 4292 -> 4292
DŽ: 4292 -> 4292
DŽ: 4292 -> 4326
DŽ: 4292 -> 4292
DŽ: 4292 -> 4312
DŽ: 4292 -> 4312
DŽ: 4292 -> 4292
DŽ: 4292 -> 4292
DŽ: 4292 -> 4292
DŽ: 4292 -> 4326
DŽ: 4317 -> 4326
DŽ: 4292 -> 4304
DŽ: 4292 -> 4292
DŽ: 4292 -> 4326
DŽ: 4292 -> 4292
DŽ: 4292 -> 4326
DŽ: 4292 -> 4326
DŽ: 4292 -> 4292
DŽ: 4292 -> 4292
DŽ: 4292 -> 4292
DŽ: 4313 -> 4295
DŽ: 4292 -> 4299
DŽ: 4292 -> 4295
DŽ: 4292 -> 4292
DŽ: 4312 -> 4292
DŽ: 4292 -> 4292
DŽ: 4292 -> 4292
DŽ: 4292 -> 4326
DŽ: 4292 -> 4326
DŽ: 4292 -> 4292
DŽ: 4326 -> 4326
DŽ: 4315 -> 4326
DŽ: 4308 -> 4312
DŽ: 4295 -> 4295
DŽ: 4304 -> 4295
DŽ: 4292 -> 4302
DŽ: 4295 -> 4295
DŽ: 4292 -> 4326
DŽ: 4312 -> 4312
DŽ: 4292 -> 4292
DŽ: 4292 -> 4292
DŽ: 4308 -> 4326
DŽ: 4292 -> 4292
DŽ: 4292 -> 4312
DŽ: 4304 -> 4304
DŽ: 4292 -> 4292
DŽ: 4295 -> 4326
DŽ: 4292 -> 4292

 start over 391181 loops 491 unique solutions 
Approx + random 
DŽ: 4553 -> 4383
DŽ: 4383 -> 4343
DŽ: 4292 -> 4292
DŽ: 4304 -> 4304
DŽ: 4292 -> 4292
DŽ: 4292 -> 4326
DŽ: 4304 -> 4326
DŽ: 4304 -> 4326
DŽ: 4292 -> 4292
DŽ: 4339 -> 4356
DŽ: 4304 -> 4304
DŽ: 4305 -> 4295
DŽ: 4313 -> 4308
DŽ: 4292 -> 4292
DŽ: 4330 -> 4330
DŽ: 4325 -> 4320
DŽ: 4325 -> 4320
DŽ: 4292 -> 4292
DŽ: 4304 -> 4304
DŽ: 4292 -> 4326
DŽ: 4313 -> 4313
DŽ: 4313 -> 4313
DŽ: 4292 -> 4292
DŽ: 4292 -> 4326
DŽ: 4313 -> 4313
DŽ: 4292 -> 4326
DŽ: 4292 -> 4292
DŽ: 4292 -> 4326
DŽ: 4292 -> 4292
DŽ: 4292 -> 4292
DŽ: 4363 -> 4363
DŽ: 4292 -> 4326
DŽ: 4292 -> 4295
DŽ: 4308 -> 4308
DŽ: 4292 -> 4292
DŽ: 4292 -> 4326
DŽ: 4292 -> 4292
DŽ: 4330 -> 4330
DŽ: 4292 -> 4326
DŽ: 4292 -> 4292
DŽ: 4292 -> 4292
DŽ: 4292 -> 4292
DŽ: 4292 -> 4292
DŽ: 4295 -> 4326

 start over 434428 loops 543 unique solutions 
Original + vert_size 0 
DŽ: 4349 -> 4308
DŽ: 4295 -> 4295
DŽ: 4292 -> 4292
DŽ: 4320 -> 4340
DŽ: 4292 -> 4292
DŽ: 4320 -> 4320
DŽ: 4304 -> 4304
DŽ: 4292 -> 4292
DŽ: 4333 -> 4333
DŽ: 4326 -> 4313
DŽ: 4313 -> 4326
DŽ: 4292 -> 4326
DŽ: 4295 -> 4295
DŽ: 4292 -> 4292
DŽ: 4305 -> 4305
DŽ: 4292 -> 4292
DŽ: 4305 -> 4305
DŽ: 4333 -> 4333
DŽ: 4292 -> 4292
DŽ: 4305 -> 4305
DŽ: 4292 -> 4292
DŽ: 4292 -> 4292
DŽ: 4292 -> 4292
DŽ: 4292 -> 4292
DŽ: 4292 -> 4326
DŽ: 4292 -> 4292
DŽ: 4292 -> 4295
DŽ: 4295 -> 4326
DŽ: 4292 -> 4336
DŽ: 4292 -> 4326
DŽ: 4304 -> 4304
DŽ: 4292 -> 4292
DŽ: 4292 -> 4336
DŽ: 4292 -> 4292
DŽ: 4292 -> 4312
DŽ: 4292 -> 4292
DŽ: 4308 -> 4339
DŽ: 4305 -> 4292
DŽ: 4292 -> 4292
DŽ: 4292 -> 4292
DŽ: 4305 -> 4325
DŽ: 4295 -> 4326
DŽ: 4292 -> 4292
DŽ: 4333 -> 4313
DŽ: 4305 -> 4305

 start over 478782 loops 582 unique solutions 
Original + vert_size 13 
DŽ: 4349 -> 4325
DŽ: 4292 -> 4292
DŽ: 4305 -> 4339
DŽ: 4308 -> 4308
DŽ: 4333 -> 4313
DŽ: 4292 -> 4292
DŽ: 4292 -> 4292
DŽ: 4305 -> 4305
DŽ: 4308 -> 4308
DŽ: 4310 -> 4305
DŽ: 4292 -> 4292
DŽ: 4339 -> 4339
DŽ: 4292 -> 4292
DŽ: 4305 -> 4305
DŽ: 4292 -> 4292
DŽ: 4292 -> 4292
DŽ: 4292 -> 4292
DŽ: 4305 -> 4305
DŽ: 4292 -> 4292
DŽ: 4310 -> 4339
DŽ: 4292 -> 4326
DŽ: 4292 -> 4333
DŽ: 4305 -> 4305
DŽ: 4297 -> 4326
DŽ: 4304 -> 4304
DŽ: 4311 -> 4333
DŽ: 4292 -> 4326
DŽ: 4292 -> 4292
DŽ: 4292 -> 4326
DŽ: 4305 -> 4305
DŽ: 4308 -> 4295
DŽ: 4305 -> 4305
DŽ: 4292 -> 4292
DŽ: 4305 -> 4305
DŽ: 4305 -> 4312
DŽ: 4307 -> 4322
DŽ: 4315 -> 4295
DŽ: 4295 -> 4295
DŽ: 4292 -> 4292
DŽ: 4295 -> 4315
DŽ: 4292 -> 4292
DŽ: 4315 -> 4315
DŽ: 4305 -> 4305
DŽ: 4292 -> 4312
DŽ: 4308 -> 4295
DŽ: 4292 -> 4292
DŽ: 4295 -> 4339
DŽ: 4304 -> 4326
DŽ: 4292 -> 4336
DŽ: 4292 -> 4292
DŽ: 4292 -> 4292
DŽ: 4305 -> 4305
DŽ: 4292 -> 4292
DŽ: 4308 -> 4326
DŽ: 4295 -> 4295

 start over 532548 loops 630 unique solutions 
Approx + random 
DŽ: 4553 -> 4336
DŽ: 4307 -> 4329
DŽ: 4308 -> 4295
DŽ: 4295 -> 4329
DŽ: 4311 -> 4298
DŽ: 4292 -> 4292
DŽ: 4292 -> 4292
DŽ: 4305 -> 4305
DŽ: 4295 -> 4295
DŽ: 4292 -> 4292
DŽ: 4292 -> 4292
DŽ: 4295 -> 4308
DŽ: 4292 -> 4292
DŽ: 4292 -> 4292
DŽ: 4292 -> 4292
DŽ: 4292 -> 4292
DŽ: 4292 -> 4292
DŽ: 4295 -> 4295
end_heu: 549133 loops with 663 unique solutions in 1799.99 s

Calling print_solution
>>> get_solution
  refine_solution: new weight 4292 (was 4292) in 0.001628 s
## FINAL WEIGHT 4292
print_solution: 0.003893 s
