Version: final-94-gfffc3aa rub_all.sh: remove longest prefix
Random seed: 1550883311
Start
>>> save_orig_graph
>> Saved weight 0
Graph loaded
|V| = 641, |E| = 40896, |R| = 160
First clearance of the input. Calling buy_zero and run_all_heuristics.
  buy_zero: 0 zero edges in 7.1e-05 s
  handle_small_terminal_degrees: terms 0 in 1e-06 s
  handle_small_Steiner_degrees: steiner 0, suppress 0 in 0 s
  shortest_edge_between_terminals: 0 edges in 5.2e-05 s
Compressed graph 641 -> 640
  delete_edges: deleted 0 edges in 0.091977 s and 1 rounds
  handle_small_terminal_degrees: terms 0 in 0 s
  handle_small_Steiner_degrees: steiner 0, suppress 0 in 1e-06 s
  shortest_edge_between_terminals: 0 edges in 5.6e-05 s
Compressed graph 640 -> 640
  delete_edges_shortest_path: deleted 0 edges in 0.201189 s
  handle_small_terminal_degrees: terms 0 in 1e-06 s
  handle_small_Steiner_degrees: steiner 0, suppress 0 in 1e-06 s
  shortest_edge_between_terminals: 0 edges in 4.9e-05 s
Compressed graph 640 -> 640
  handle_small_terminal_degrees: terms 0 in 0 s
  handle_small_Steiner_degrees: steiner 0, suppress 0 in 1e-06 s
  shortest_edge_between_terminals: 0 edges in 5.1e-05 s
Compressed graph 640 -> 640
  delete_edges_shortest_path: deleted 0 edges in 0.20129 s
  handle_small_terminal_degrees: terms 0 in 1e-06 s
  handle_small_Steiner_degrees: steiner 0, suppress 0 in 1e-06 s
  shortest_edge_between_terminals: 0 edges in 4.9e-05 s
Compressed graph 640 -> 640
Compressed graph 640 -> 640
>>> save_orig_graph
>> Saved weight 0
### ZEL_LVL=9 PRECISE_STARS=0

Calling `contract_till_the_bitter_end`
|V| = 640, |E| = 40896, |R| = 160
>> 31 (321: 60 138 60) (0.03302 s)
>> 30 (184: 22 42 22) (0.032509 s)
>> 26 (191: 61 75 61) (0.032529 s)
>> 25 (550: 21 147 21) (0.032048 s)
>> 24 (406: 68 122 68) (0.03199 s)
>> 24 (415: 31 88 31) (0.032274 s)
>> 23 (369: 49 100 49) (0.032086 s)
>> 23 (562: 52 80 52) (0.03153 s)
>> 23 (233: 119 144 119) (0.0315 s)
>> 23 (276: 118 120 118) (0.030592 s)
>> 23 (325: 0 123 0) (0.030454 s)
>> 0 (-1: -1 -1 -1) (0.023758 s)
Zelikovsky 0.824248 s
>> 31 (321: 138 143 60) (0.289986 s)
>> 100 (180: 138 157 50) (0.287051 s)
>> 99 (287: 138 104 8) (0.280877 s)
>> 96 (175: 138 151 46) (0.278062 s)
>> 96 (194: 138 96 24) (0.278298 s)
>> 96 (569: 138 119 7) (0.273805 s)
>> 94 (464: 138 123 61) (0.270063 s)
>> 93 (233: 138 144 77) (0.266711 s)
>> 93 (586: 138 150 149) (0.263842 s)
>> 91 (225: 138 112 39) (0.2618 s)
>> 90 (241: 138 126 41) (0.259662 s)
>> 85 (440: 138 98 19) (0.259177 s)
>> 80 (314: 138 120 42) (0.257052 s)
>> 75 (374: 138 95 79) (0.254529 s)
>> 0 (-1: -1 -1 -1) (0.253076 s)
Zelikovsky- 4.05602 s
>>> get_solution
  refine_solution: new weight 32457 (was 32457) in 0.008575 s
>>> get_solution
  refine_solution: new weight 46052 (was 46052) in 0.016059 s
0,,640,40896,160,,0,0,,46052,46052,33107,32457,32457,,0,0,@@

  delete_edges: deleted 0 edges in 0.091932 s and 1 rounds
  handle_small_Steiner_degrees: steiner 0, suppress 0 in 1e-06 s
Starting round 1
Found 0 isolated vertices
Invalid ratios recomputed: 640
Best ratio is 7456/37 (201.5), centered at 341
Finding the best star... Star with 38 terminals centered in 48
round took: 0.156462 s
|V| = 640, |E| = 36667, |R| = 123
>> 99 (567: 32 48 32) (0.012216 s)
>> 32 (321: 60 138 60) (0.018116 s)
>> 25 (191: 61 75 61) (0.018066 s)
>> 25 (569: 7 119 7) (0.017658 s)
>> 24 (325: 0 123 0) (0.017629 s)
>> 0 (-1: -1 -1 -1) (0.014407 s)
Zelikovsky 0.368809 s
>> 99 (567: 48 84 32) (0.214162 s)
>> 101 (321: 48 143 138) (0.211204 s)
>> 97 (160: 48 109 81) (0.208501 s)
>> 96 (475: 48 44 29) (0.206657 s)
>> 95 (467: 48 148 61) (0.204257 s)
>> 94 (406: 48 85 68) (0.202844 s)
>> 93 (169: 48 157 27) (0.202042 s)
>> 91 (415: 48 146 31) (0.199863 s)
>> 89 (333: 48 123 7) (0.19954 s)
>> 89 (546: 48 30 0) (0.197568 s)
>> 86 (534: 48 82 6) (0.19649 s)
>> 85 (170: 48 149 16) (0.194578 s)
>> 14 (461: 48 99 10) (0.194275 s)
>> 0 (-1: -1 -1 -1) (0.194051 s)
Zelikovsky- 2.84427 s
>>> get_solution
  refine_solution: new weight 32323 (was 32419) in 0.00866 s
  refine_solution: new weight 32323 (was 32323) in 0.008545 s
>>> get_solution
  refine_solution: new weight 33059 (was 37443) in 0.009586 s
  refine_solution: new weight 33059 (was 33059) in 0.009542 s
1,,640,36667,123,,640,0,,37443,33059,34626,32419,32323,,7456,38,@@

  handle_small_Steiner_degrees: steiner 0, suppress 0 in 1e-06 s
Starting round 2
Found 38 isolated vertices
Invalid ratios recomputed: 577
Best ratio is 3602/18 (200.1), centered at 470
Finding the best star... Star with 19 terminals centered in 48
round took: 0.12943 s
|V| = 640, |E| = 34400, |R| = 105
>> 98 (208: 48 53 48) (0.007427 s)
>> 28 (191: 61 75 61) (0.013131 s)
>> 28 (321: 97 138 97) (0.012948 s)
>> 26 (569: 7 119 7) (0.012789 s)
>> 25 (415: 31 88 31) (0.01283 s)
>> 23 (502: 10 125 10) (0.012583 s)
>> 25 (406: 12 68 12) (0.012392 s)
>> 23 (325: 0 51 0) (0.012084 s)
>> 0 (-1: -1 -1 -1) (0.010066 s)
Zelikovsky 0.327395 s
>> 98 (208: 48 151 53) (0.181126 s)
>> 96 (433: 48 146 68) (0.180271 s)
>> 95 (614: 48 158 37) (0.179291 s)
>> 93 (276: 48 157 120) (0.177693 s)
>> 94 (392: 48 136 71) (0.175955 s)
>> 90 (371: 48 97 14) (0.175374 s)
>> 92 (282: 48 106 103) (0.173355 s)
>> 89 (591: 48 143 129) (0.172376 s)
>> 86 (292: 48 124 105) (0.171309 s)
>> 85 (546: 48 85 0) (0.17008 s)
>> 83 (560: 48 66 12) (0.169106 s)
>> 73 (554: 48 137 18) (0.168068 s)
>> 0 (-1: -1 -1 -1) (0.167953 s)
Zelikovsky- 2.27761 s
>>> get_solution
  refine_solution: new weight 32307 (was 32419) in 0.008914 s
  refine_solution: new weight 32307 (was 32307) in 0.008974 s
>>> get_solution
  refine_solution: new weight 33058 (was 36180) in 0.009577 s
  refine_solution: new weight 33058 (was 33058) in 0.00956 s
2,,602,34400,105,,577,0,,36180,33058,33156,32419,32307,,3602,19,@@

  handle_small_Steiner_degrees: steiner 0, suppress 0 in 1e-06 s
Starting round 3
Found 57 isolated vertices
Invalid ratios recomputed: 579
Best ratio is 4200/21 (200.0), centered at 625
Finding the best star... Star with 22 terminals centered in 48
round took: 0.123271 s
|V| = 640, |E| = 31862, |R| = 84
>> 94 (440: 34 48 34) (0.00447 s)
>> 26 (550: 7 84 7) (0.008619 s)
>> 25 (415: 31 88 31) (0.008517 s)
>> 23 (502: 10 125 10) (0.008412 s)
>> 23 (443: 124 127 124) (0.008336 s)
>> 23 (180: 53 105 53) (0.008105 s)
>> 27 (616: 42 62 42) (0.007938 s)
>> 17 (443: 71 80 71) (0.007731 s)
>> 16 (180: 121 141 121) (0.007449 s)
>> 15 (550: 95 147 95) (0.007262 s)
>> 15 (443: 92 117 92) (0.006969 s)
>> 13 (180: 16 157 16) (0.006742 s)
>> 12 (425: 3 89 3) (0.006546 s)
>> 12 (191: 5 75 5) (0.006405 s)
>> 10 (443: 98 151 98) (0.006168 s)
>> 10 (443: 148 155 148) (0.005911 s)
>> 6 (348: 43 51 43) (0.005697 s)
>> 0 (-1: -1 -1 -1) (0.005658 s)
Zelikovsky 0.309466 s
>> 94 (435: 48 150 124) (0.154847 s)
>> 94 (443: 48 155 127) (0.15408 s)
>> 93 (276: 48 157 51) (0.150809 s)
>> 92 (406: 48 85 68) (0.149074 s)
>> 88 (543: 48 142 53) (0.147379 s)
>> 87 (437: 48 149 32) (0.147024 s)
>> 86 (287: 48 135 104) (0.146309 s)
>> 86 (550: 48 147 7) (0.145494 s)
>> 83 (202: 48 138 103) (0.145064 s)
>> 77 (425: 48 82 3) (0.144339 s)
>> 0 (-1: -1 -1 -1) (0.143597 s)
Zelikovsky- 1.64077 s
>>> get_solution
  refine_solution: new weight 32257 (was 32383) in 0.008751 s
  refine_solution: new weight 32257 (was 32257) in 0.008733 s
>>> get_solution
  refine_solution: new weight 32761 (was 34657) in 0.009138 s
  refine_solution: new weight 32761 (was 32761) in 0.00909 s
3,,583,31862,84,,579,0,,34657,32761,32882,32383,32257,,4200,22,@@

  handle_small_Steiner_degrees: steiner 0, suppress 0 in 2e-06 s
Starting round 4
Found 79 isolated vertices
Invalid ratios recomputed: 560
Best ratio is 3015/15 (201.0), centered at 371
Finding the best star... Star with 16 terminals centered in 48
round took: 0.113752 s
|V| = 640, |E| = 30169, |R| = 69
>> 94 (440: 34 48 34) (0.002871 s)
>> 27 (550: 7 84 7) (0.00592 s)
>> 25 (502: 10 125 10) (0.005843 s)
>> 23 (180: 53 105 53) (0.005733 s)
>> 22 (616: 42 62 42) (0.005554 s)
>> 17 (180: 121 141 121) (0.005424 s)
>> 16 (550: 108 147 108) (0.005252 s)
>> 14 (180: 16 157 16) (0.00511 s)
>> 10 (191: 5 75 5) (0.004919 s)
>> 0 (-1: -1 -1 -1) (0.004695 s)
Zelikovsky 0.207717 s
>> 94 (440: 48 98 34) (0.134476 s)
>> 94 (569: 48 119 7) (0.133719 s)
>> 93 (406: 48 85 68) (0.13247 s)
>> 90 (548: 48 150 3) (0.132411 s)
>> 89 (291: 48 118 52) (0.131821 s)
>> 83 (612: 48 32 10) (0.130998 s)
>> 78 (542: 48 71 6) (0.130189 s)
>> 5 (325: 48 137 0) (0.12991 s)
>> 0 (-1: -1 -1 -1) (0.129436 s)
Zelikovsky- 1.19618 s
>>> get_solution
  refine_solution: new weight 32186 (was 32311) in 0.008346 s
  refine_solution: new weight 32186 (was 32186) in 0.008325 s
>>> get_solution
  refine_solution: new weight 32540 (was 34349) in 0.008817 s
  refine_solution: new weight 32540 (was 32540) in 0.008791 s
4,,561,30169,69,,560,0,,34349,32540,33061,32311,32186,,3015,16,@@

  handle_small_Steiner_degrees: steiner 0, suppress 0 in 2e-06 s
Starting round 5
Found 95 isolated vertices
Invalid ratios recomputed: 545
Best ratio is 402/2 (201.0), centered at 48
Finding the best star... Star with 3 terminals centered in 48
round took: 0.106852 s
|V| = 640, |E| = 29955, |R| = 67
>> 94 (440: 34 48 34) (0.002733 s)
>> 27 (550: 7 84 7) (0.005664 s)
>> 25 (502: 10 125 10) (0.005594 s)
>> 23 (180: 53 105 53) (0.005455 s)
>> 22 (616: 42 62 42) (0.005281 s)
>> 17 (180: 121 141 121) (0.005147 s)
>> 16 (550: 108 147 108) (0.005008 s)
>> 14 (180: 16 157 16) (0.004807 s)
>> 10 (191: 5 75 5) (0.004624 s)
>> 0 (-1: -1 -1 -1) (0.004435 s)
Zelikovsky 0.201872 s
>> 94 (440: 48 98 34) (0.132544 s)
>> 94 (569: 48 119 7) (0.131184 s)
>> 93 (406: 48 85 68) (0.130191 s)
>> 90 (548: 48 150 3) (0.130089 s)
>> 89 (291: 48 118 52) (0.129547 s)
>> 83 (612: 48 32 10) (0.12874 s)
>> 78 (542: 48 71 6) (0.128032 s)
>> 5 (325: 48 137 0) (0.127611 s)
>> 0 (-1: -1 -1 -1) (0.127484 s)
Zelikovsky- 1.17608 s
>>> get_solution
  refine_solution: new weight 32186 (was 32318) in 0.00835 s
  refine_solution: new weight 32186 (was 32186) in 0.008323 s
>>> get_solution
  refine_solution: new weight 32540 (was 34349) in 0.008808 s
  refine_solution: new weight 32540 (was 32540) in 0.008792 s
5,,545,29955,67,,545,0,,34349,32540,33061,32318,32186,,402,3,@@

  handle_small_Steiner_degrees: steiner 0, suppress 0 in 1e-06 s
Starting round 6
Found 97 isolated vertices
Invalid ratios recomputed: 543
Best ratio is 1212/6 (202.0), centered at 48
Finding the best star... Star with 7 terminals centered in 48
round took: 0.106408 s
|V| = 640, |E| = 29271, |R| = 61
>> 94 (440: 34 48 34) (0.002267 s)
>> 25 (502: 10 125 10) (0.004939 s)
>> 23 (180: 53 105 53) (0.004772 s)
>> 21 (616: 62 118 62) (0.004646 s)
>> 17 (180: 121 141 121) (0.004577 s)
>> 14 (180: 16 157 16) (0.004398 s)
>> 11 (191: 7 75 7) (0.004198 s)
>> 0 (-1: -1 -1 -1) (0.004021 s)
Zelikovsky 0.177926 s
>> 94 (440: 48 98 34) (0.125829 s)
>> 94 (569: 48 119 7) (0.125088 s)
>> 93 (406: 48 85 68) (0.124362 s)
>> 90 (548: 48 150 3) (0.123938 s)
>> 89 (291: 48 118 52) (0.124035 s)
>> 83 (612: 48 32 10) (0.122631 s)
>> 78 (542: 48 71 6) (0.122345 s)
>> 5 (325: 48 137 0) (0.122211 s)
>> 0 (-1: -1 -1 -1) (0.121828 s)
Zelikovsky- 1.12247 s
>>> get_solution
  refine_solution: new weight 32186 (was 32355) in 0.008353 s
  refine_solution: new weight 32186 (was 32186) in 0.008331 s
>>> get_solution
  refine_solution: new weight 32540 (was 34349) in 0.008854 s
  refine_solution: new weight 32540 (was 32540) in 0.008788 s
6,,543,29271,61,,543,0,,34349,32540,33254,32355,32186,,1212,7,@@

  handle_small_Steiner_degrees: steiner 0, suppress 0 in 2e-06 s
Starting round 7
Found 103 isolated vertices
Invalid ratios recomputed: 537
Best ratio is 2829/14 (202.1), centered at 614
Finding the best star... Star with 15 terminals centered in 48
round took: 0.105095 s
|V| = 640, |E| = 27700, |R| = 47
>> 94 (569: 7 16 7) (0.001414 s)
>> 94 (615: 46 48 46) (0.001355 s)
>> 20 (271: 0 117 0) (0.003183 s)
>> 0 (-1: -1 -1 -1) (0.002645 s)
Zelikovsky 0.135116 s
>> 94 (569: 48 16 7) (0.112382 s)
>> 91 (624: 48 39 19) (0.111827 s)
>> 90 (635: 48 73 32) (0.11122 s)
>> 88 (611: 48 151 71) (0.110977 s)
>> 87 (282: 48 103 3) (0.110665 s)
>> 81 (263: 48 124 85) (0.110411 s)
>> 72 (536: 48 117 62) (0.1102 s)
>> 0 (-1: -1 -1 -1) (0.110041 s)
Zelikovsky- 0.896608 s
>>> get_solution
  refine_solution: new weight 32206 (was 32371) in 0.008523 s
  refine_solution: new weight 32206 (was 32206) in 0.008516 s
>>> get_solution
  refine_solution: new weight 32743 (was 33971) in 0.007874 s
  refine_solution: new weight 32743 (was 32743) in 0.007848 s
7,,537,27700,47,,537,0,,33971,32743,33213,32371,32206,,2829,15,@@

  handle_small_Steiner_degrees: steiner 0, suppress 0 in 2e-06 s
Starting round 8
Found 118 isolated vertices
Invalid ratios recomputed: 522
Best ratio is 2033/10 (203.3), centered at 569
Finding the best star... Star with 11 terminals centered in 48
round took: 0.099612 s
|V| = 640, |E| = 26468, |R| = 37
>> 91 (624: 19 39 19) (0.000958 s)
>> 90 (392: 48 71 48) (0.000901 s)
>> 18 (550: 75 147 75) (0.002221 s)
>> 0 (-1: -1 -1 -1) (0.002135 s)
Zelikovsky 0.121368 s
>> 91 (624: 48 39 19) (0.103611 s)
>> 90 (635: 48 73 32) (0.102858 s)
>> 88 (611: 48 151 71) (0.102664 s)
>> 87 (282: 48 103 3) (0.102467 s)
>> 81 (263: 48 124 85) (0.102392 s)
>> 72 (536: 48 117 62) (0.102311 s)
>> 0 (-1: -1 -1 -1) (0.102018 s)
Zelikovsky- 0.726286 s
>>> get_solution
  refine_solution: new weight 32206 (was 32377) in 0.00852 s
  refine_solution: new weight 32206 (was 32206) in 0.008494 s
>>> get_solution
  refine_solution: new weight 32844 (was 33628) in 0.007639 s
  refine_solution: new weight 32844 (was 32844) in 0.00762 s
8,,522,26468,37,,522,0,,33628,32844,32783,32377,32206,,2033,11,@@

  handle_small_Steiner_degrees: steiner 0, suppress 0 in 1e-06 s
Starting round 9
Found 129 isolated vertices
Invalid ratios recomputed: 511
Best ratio is 1428/7 (204.0), centered at 48
Finding the best star... Star with 8 terminals centered in 48
round took: 0.095351 s
|V| = 640, |E| = 25740, |R| = 30
>> 91 (624: 19 39 19) (0.000726 s)
>> 90 (392: 48 71 48) (0.000667 s)
>> 22 (425: 3 18 3) (0.001733 s)
>> 0 (-1: -1 -1 -1) (0.001484 s)
Zelikovsky 0.113944 s
>> 91 (624: 48 39 19) (0.09821 s)
>> 90 (635: 48 73 32) (0.098105 s)
>> 88 (611: 48 151 71) (0.098145 s)
>> 87 (282: 48 103 3) (0.097987 s)
>> 81 (263: 48 124 85) (0.097936 s)
>> 72 (536: 48 117 62) (0.097899 s)
>> 0 (-1: -1 -1 -1) (0.097742 s)
Zelikovsky- 0.693551 s
>>> get_solution
  refine_solution: new weight 32206 (was 32411) in 0.008524 s
  refine_solution: new weight 32206 (was 32206) in 0.00849 s
>>> get_solution
  refine_solution: new weight 32844 (was 33628) in 0.007636 s
  refine_solution: new weight 32844 (was 32844) in 0.007631 s
9,,511,25740,30,,511,0,,33628,32844,32943,32411,32206,,1428,8,@@

  handle_small_Steiner_degrees: steiner 0, suppress 0 in 1e-06 s
Starting round 10
Found 136 isolated vertices
Invalid ratios recomputed: 504
Best ratio is 205/1 (205.0), centered at 10
Finding the best star... Star with 2 terminals centered in 48
round took: 0.092869 s
|V| = 640, |E| = 25637, |R| = 29
>> 91 (624: 19 39 19) (0.000697 s)
>> 90 (392: 48 71 48) (0.00064 s)
>> 22 (425: 3 18 3) (0.001666 s)
>> 0 (-1: -1 -1 -1) (0.001462 s)
Zelikovsky 0.113058 s
>> 91 (624: 48 39 19) (0.097854 s)
>> 90 (635: 48 73 32) (0.097306 s)
>> 88 (611: 48 151 71) (0.097433 s)
>> 87 (282: 48 103 3) (0.097162 s)
>> 81 (263: 48 124 85) (0.097145 s)
>> 72 (536: 48 117 62) (0.097075 s)
>> 0 (-1: -1 -1 -1) (0.096963 s)
Zelikovsky- 0.68842 s
>>> get_solution
  refine_solution: new weight 32206 (was 32426) in 0.008511 s
  refine_solution: new weight 32206 (was 32206) in 0.008486 s
>>> get_solution
  refine_solution: new weight 32844 (was 33628) in 0.007634 s
  refine_solution: new weight 32844 (was 32844) in 0.007611 s
10,,504,25637,29,,504,0,,33628,32844,32943,32426,32206,,205,2,@@

  handle_small_Steiner_degrees: steiner 0, suppress 0 in 1e-06 s
Starting round 11
Found 137 isolated vertices
Invalid ratios recomputed: 503
Best ratio is 206/1 (206.0), centered at 48
Finding the best star... Star with 2 terminals centered in 48
round took: 0.092635 s
|V| = 640, |E| = 25529, |R| = 28
>> 91 (624: 19 39 19) (0.000662 s)
>> 90 (392: 48 71 48) (0.000606 s)
>> 22 (425: 3 18 3) (0.001595 s)
>> 0 (-1: -1 -1 -1) (0.001399 s)
Zelikovsky 0.11163 s
>> 91 (624: 48 39 19) (0.096498 s)
>> 90 (635: 48 73 32) (0.096503 s)
>> 88 (611: 48 151 71) (0.096536 s)
>> 87 (282: 48 103 3) (0.096399 s)
>> 81 (263: 48 124 85) (0.096315 s)
>> 72 (536: 48 117 62) (0.096248 s)
>> 0 (-1: -1 -1 -1) (0.096193 s)
Zelikovsky- 0.682141 s
>>> get_solution
  refine_solution: new weight 32206 (was 32434) in 0.00852 s
  refine_solution: new weight 32206 (was 32206) in 0.008487 s
>>> get_solution
  refine_solution: new weight 32844 (was 33628) in 0.007635 s
  refine_solution: new weight 32844 (was 32844) in 0.007621 s
11,,503,25529,28,,503,0,,33628,32844,32943,32434,32206,,206,2,@@

  handle_small_Steiner_degrees: steiner 0, suppress 0 in 1e-06 s
Starting round 12
Found 138 isolated vertices
Invalid ratios recomputed: 502
Best ratio is 1861/9 (206.8), centered at 433
Finding the best star... Star with 10 terminals centered in 48
round took: 0.092802 s
|V| = 640, |E| = 24566, |R| = 19
>> 90 (392: 48 71 48) (0.000463 s)
>> 102 (425: 3 18 3) (0.001198 s)
>> 0 (-1: -1 -1 -1) (0.001069 s)
Zelikovsky 0.102551 s
>> 90 (392: 48 115 71) (0.090473 s)
>> 88 (307: 48 124 18) (0.090448 s)
>> 87 (291: 48 117 85) (0.091047 s)
>> 83 (373: 48 157 126) (0.090336 s)
>> 82 (175: 48 151 46) (0.090335 s)
>> 1 (325: 48 137 103) (0.090443 s)
>> 0 (-1: -1 -1 -1) (0.090605 s)
Zelikovsky- 0.640659 s
>>> get_solution
  refine_solution: new weight 32268 (was 32495) in 0.008518 s
  refine_solution: new weight 32268 (was 32268) in 0.008605 s
>>> get_solution
  refine_solution: new weight 32941 (was 33130) in 0.007363 s
  refine_solution: new weight 32941 (was 32941) in 0.007343 s
12,,502,24566,19,,502,0,,33130,32941,32926,32495,32268,,1861,10,@@

  handle_small_Steiner_degrees: steiner 0, suppress 0 in 2e-06 s
Starting round 13
Found 148 isolated vertices
Invalid ratios recomputed: 492
Best ratio is 414/2 (207.0), centered at 48
Finding the best star... Star with 3 terminals centered in 48
round took: 0.089292 s
|V| = 640, |E| = 24395, |R| = 17
>> 90 (392: 48 71 48) (0.00043 s)
>> 103 (425: 3 18 3) (0.001128 s)
>> 0 (-1: -1 -1 -1) (0.001011 s)
Zelikovsky 0.100929 s
>> 90 (392: 48 115 71) (0.089439 s)
>> 88 (307: 48 124 18) (0.089385 s)
>> 87 (291: 48 117 85) (0.089364 s)
>> 83 (373: 48 157 126) (0.089308 s)
>> 82 (175: 48 151 46) (0.089335 s)
>> 1 (325: 48 137 103) (0.089391 s)
>> 0 (-1: -1 -1 -1) (0.089577 s)
Zelikovsky- 0.632628 s
>>> get_solution
  refine_solution: new weight 32268 (was 32507) in 0.008604 s
  refine_solution: new weight 32268 (was 32268) in 0.008502 s
>>> get_solution
  refine_solution: new weight 32941 (was 33130) in 0.007353 s
  refine_solution: new weight 32941 (was 32941) in 0.007346 s
13,,492,24395,17,,492,0,,33130,32941,32939,32507,32268,,414,3,@@

  handle_small_Steiner_degrees: steiner 0, suppress 0 in 1e-06 s
Starting round 14
Found 150 isolated vertices
Invalid ratios recomputed: 490
Best ratio is 209/1 (209.0), centered at 48
Finding the best star... Star with 2 terminals centered in 48
round took: 0.088818 s
|V| = 640, |E| = 24307, |R| = 16
>> 90 (392: 48 71 48) (0.000415 s)
>> 103 (425: 3 18 3) (0.001083 s)
>> 0 (-1: -1 -1 -1) (0.000977 s)
Zelikovsky 0.100235 s
>> 90 (392: 48 115 71) (0.088815 s)
>> 88 (307: 48 124 18) (0.088865 s)
>> 87 (291: 48 117 85) (0.088777 s)
>> 83 (373: 48 157 126) (0.088793 s)
>> 82 (175: 48 151 46) (0.088863 s)
>> 1 (325: 48 137 103) (0.089295 s)
>> 0 (-1: -1 -1 -1) (0.089001 s)
Zelikovsky- 0.629223 s
>>> get_solution
  refine_solution: new weight 32268 (was 32519) in 0.008626 s
  refine_solution: new weight 32268 (was 32268) in 0.008583 s
>>> get_solution
  refine_solution: new weight 32941 (was 33130) in 0.007357 s
  refine_solution: new weight 32941 (was 32941) in 0.007322 s
14,,490,24307,16,,490,0,,33130,32941,32951,32519,32268,,209,2,@@

  handle_small_Steiner_degrees: steiner 0, suppress 0 in 1e-06 s
Starting round 15
Found 151 isolated vertices
Invalid ratios recomputed: 489
Best ratio is 1267/6 (211.2), centered at 411
Finding the best star... Star with 7 terminals centered in 48
round took: 0.089538 s
|V| = 640, |E| = 23658, |R| = 10
>> 90 (392: 48 71 48) (0.000327 s)
>> 0 (-1: -1 -1 -1) (0.000823 s)
Zelikovsky 0.094309 s
>> 90 (392: 48 115 71) (0.085072 s)
>> 83 (373: 48 157 126) (0.085042 s)
>> 82 (175: 48 151 46) (0.085123 s)
>> 81 (554: 48 137 124) (0.085146 s)
Zelikovsky- 0.346378 s
>>> get_solution
  refine_solution: new weight 32190 (was 32441) in 0.008411 s
  refine_solution: new weight 32190 (was 32190) in 0.008373 s
>>> get_solution
  refine_solution: new weight 32641 (was 32768) in 0.007625 s
  refine_solution: new weight 32641 (was 32641) in 0.00758 s
15,,489,23658,10,,489,0,,32768,32641,32765,32441,32190,,1267,7,@@

  handle_small_Steiner_degrees: steiner 0, suppress 0 in 1e-06 s
Starting round 16
Found 158 isolated vertices
Invalid ratios recomputed: 482
Best ratio is 1073/5 (214.6), centered at 352
Finding the best star... Star with 6 terminals centered in 48
round took: 0.086247 s
|V| = 640, |E| = 23049, |R| = 5
>> 90 (392: 48 71 48) (0.000279 s)
>> 0 (-1: -1 -1 -1) (0.000586 s)
Zelikovsky 0.090102 s
>> 90 (392: 48 115 71) (0.081648 s)
>> 79 (554: 48 137 124) (0.081825 s)
Zelikovsky- 0.168694 s
>>> get_solution
  refine_solution: new weight 32190 (was 32364) in 0.008141 s
  refine_solution: new weight 32190 (was 32190) in 0.008193 s
>>> get_solution
  refine_solution: new weight 32301 (was 32443) in 0.007813 s
  refine_solution: new weight 32301 (was 32301) in 0.007833 s
16,,482,23049,5,,482,0,,32443,32301,32443,32364,32190,,1073,6,@@

  handle_small_Steiner_degrees: steiner 0, suppress 0 in 2e-06 s
Starting round 17
Found 164 isolated vertices
Invalid ratios recomputed: 476
Best ratio is 681/3 (227.0), centered at 450
Finding the best star... Star with 4 terminals centered in 48
round took: 0.083271 s
|V| = 640, |E| = 22668, |R| = 2
Zelikovsky 0.08645 s
Zelikovsky- 0.00455 s
>>> get_solution
  refine_solution: new weight 32239 (was 32373) in 0.007806 s
  refine_solution: new weight 32239 (was 32239) in 0.007835 s
>>> get_solution
  refine_solution: new weight 32239 (was 32373) in 0.007862 s
  refine_solution: new weight 32239 (was 32239) in 0.007846 s
17,,476,22668,2,,476,0,,32373,32239,32373,32373,32239,,681,4,@@

  handle_small_Steiner_degrees: steiner 0, suppress 0 in 1e-06 s
Starting round 18
Found 168 isolated vertices
Invalid ratios recomputed: 472
Best ratio is 280/1 (280.0), centered at 48
Finding the best star... Star with 2 terminals centered in 48
round took: 0.080849 s
|V| = 640, |E| = 22498, |R| = 1
Zelikovsky 0.085475 s
Zelikovsky- 0.004506 s
>>> get_solution
  refine_solution: new weight 32239 (was 32373) in 0.007878 s
  refine_solution: new weight 32239 (was 32239) in 0.007824 s
>>> get_solution
  refine_solution: new weight 32239 (was 32373) in 0.007865 s
  refine_solution: new weight 32239 (was 32239) in 0.007845 s
18,,472,22498,1,,472,0,,32373,32239,32373,32373,32239,,280,2,@@

  handle_small_Steiner_degrees: steiner 0, suppress 0 in 1e-06 s
contract_till_the_bitter_end: 27.0165 s

Calling end_heu
>>> get_solution
Saved weight 0
end_heu: 0 loops with 0 unique solutions in 3.9e-05 s

Calling print_solution
>>> get_solution
  refine_solution: new weight 32239 (was 32373) in 0.007844 s
Oops orig weight was 32373 but we got 32239
## FINAL WEIGHT 32239
print_solution: 0.01697 s
