Version: final-94-gfffc3aa rub_all.sh: remove longest prefix
Random seed: 1550104672
Start
>>> save_orig_graph
>> Saved weight 0
Graph loaded
|V| = 513, |E| = 2304, |R| = 256
First clearance of the input. Calling buy_zero and run_all_heuristics.
  buy_zero: 0 zero edges in 5e-06 s
  handle_small_terminal_degrees: terms 0 in 1e-06 s
  handle_small_Steiner_degrees: steiner 0, suppress 0 in 4e-06 s
  shortest_edge_between_terminals: 0 edges in 1.5e-05 s
Compressed graph 513 -> 512
  delete_edges: deleted 0 edges in 0.000371 s and 1 rounds
  handle_small_terminal_degrees: terms 0 in 1e-06 s
  handle_small_Steiner_degrees: steiner 0, suppress 0 in 2e-06 s
  shortest_edge_between_terminals: 0 edges in 1.5e-05 s
Compressed graph 512 -> 512
  delete_edges_shortest_path: deleted 0 edges in 0.006433 s
  handle_small_terminal_degrees: terms 0 in 1e-06 s
  handle_small_Steiner_degrees: steiner 0, suppress 0 in 3e-06 s
  shortest_edge_between_terminals: 0 edges in 1.5e-05 s
Compressed graph 512 -> 512
  handle_small_terminal_degrees: terms 0 in 1e-06 s
  handle_small_Steiner_degrees: steiner 0, suppress 0 in 1e-06 s
  shortest_edge_between_terminals: 0 edges in 8e-06 s
Compressed graph 512 -> 512
  delete_edges_shortest_path: deleted 0 edges in 0.00282 s
  handle_small_terminal_degrees: terms 0 in 0 s
  handle_small_Steiner_degrees: steiner 0, suppress 0 in 1e-06 s
  shortest_edge_between_terminals: 0 edges in 7e-06 s
Compressed graph 512 -> 512
Compressed graph 512 -> 512
>>> save_orig_graph
>> Saved weight 0
### ZEL_LVL=0 PRECISE_STARS=1

Calling `contract_till_the_bitter_end`
|V| = 512, |E| = 2304, |R| = 256
>>> get_solution
>>> get_solution
  refine_solution: new weight 34716 (was 40359) in 0.000843 s
  refine_solution: new weight 34716 (was 34716) in 0.000759 s
0,,512,2304,256,,0,0,,40359,34716,0,0,0,,0,0,@@

  delete_edges: deleted 0 edges in 0.000166 s and 1 rounds
  handle_small_Steiner_degrees: steiner 0, suppress 0 in 1e-06 s
Starting round 1
Found 0 isolated vertices
Invalid ratios recomputed: 512
Best ratio is 921/8 (115.1), centered at 25
Finding the best star... Star with 9 terminals centered in 281
round took: 0.011393 s
|V| = 512, |E| = 2259, |R| = 248
>>> get_solution
>>> get_solution
  refine_solution: new weight 34527 (was 40268) in 0.000806 s
  refine_solution: new weight 34527 (was 34527) in 0.000753 s
1,,512,2259,248,,512,0,,40268,34527,921,921,921,,921,9,@@

  handle_small_Steiner_degrees: steiner 0, suppress 0 in 2e-06 s
Starting round 2
Found 9 isolated vertices
Invalid ratios recomputed: 499
Best ratio is 921/8 (115.1), centered at 108
Finding the best star... Star with 9 terminals centered in 237
round took: 0.011351 s
|V| = 512, |E| = 2214, |R| = 240
>>> get_solution
>>> get_solution
  refine_solution: new weight 34055 (was 40281) in 0.000806 s
  refine_solution: new weight 34055 (was 34055) in 0.000756 s
2,,503,2214,240,,499,0,,40281,34055,1842,1842,1842,,921,9,@@

  handle_small_Steiner_degrees: steiner 0, suppress 0 in 2e-06 s
Starting round 3
Found 18 isolated vertices
Invalid ratios recomputed: 493
Best ratio is 925/8 (115.6), centered at 336
Finding the best star... Star with 9 terminals centered in 368
round took: 0.011435 s
|V| = 512, |E| = 2169, |R| = 232
>>> get_solution
>>> get_solution
  refine_solution: new weight 33748 (was 39995) in 0.000805 s
  refine_solution: new weight 33748 (was 33748) in 0.000761 s
3,,494,2169,232,,493,0,,39995,33748,2767,2767,2767,,925,9,@@

  handle_small_Steiner_degrees: steiner 0, suppress 0 in 2e-06 s
Starting round 4
Found 27 isolated vertices
Invalid ratios recomputed: 485
Best ratio is 925/8 (115.6), centered at 390
Finding the best star... Star with 9 terminals centered in 470
round took: 0.011536 s
|V| = 512, |E| = 2124, |R| = 224
>>> get_solution
>>> get_solution
  refine_solution: new weight 33559 (was 39910) in 0.000804 s
  refine_solution: new weight 33559 (was 33559) in 0.000754 s
4,,485,2124,224,,485,0,,39910,33559,3692,3692,3692,,925,9,@@

  handle_small_Steiner_degrees: steiner 0, suppress 0 in 2e-06 s
Starting round 5
Found 36 isolated vertices
Invalid ratios recomputed: 476
Best ratio is 926/8 (115.8), centered at 269
Finding the best star... Star with 9 terminals centered in 365
round took: 0.011546 s
|V| = 512, |E| = 2079, |R| = 216
>>> get_solution
>>> get_solution
  refine_solution: new weight 33480 (was 39826) in 0.000804 s
  refine_solution: new weight 33480 (was 33480) in 0.000762 s
5,,476,2079,216,,476,0,,39826,33480,4618,4618,4618,,926,9,@@

  handle_small_Steiner_degrees: steiner 0, suppress 0 in 2e-06 s
Starting round 6
Found 45 isolated vertices
Invalid ratios recomputed: 467
Best ratio is 928/8 (116.0), centered at 147
Finding the best star... Star with 9 terminals centered in 159
round took: 0.011512 s
|V| = 512, |E| = 2034, |R| = 208
>>> get_solution
>>> get_solution
  refine_solution: new weight 33390 (was 39844) in 0.000804 s
  refine_solution: new weight 33390 (was 33390) in 0.000755 s
6,,467,2034,208,,467,0,,39844,33390,5546,5546,5546,,928,9,@@

  handle_small_Steiner_degrees: steiner 0, suppress 0 in 3e-06 s
Starting round 7
Found 54 isolated vertices
Invalid ratios recomputed: 458
Best ratio is 929/8 (116.1), centered at 114
Finding the best star... Star with 9 terminals centered in 498
round took: 0.011556 s
|V| = 512, |E| = 1989, |R| = 200
>>> get_solution
>>> get_solution
  refine_solution: new weight 33389 (was 39660) in 0.000817 s
  refine_solution: new weight 33389 (was 33389) in 0.000756 s
7,,458,1989,200,,458,0,,39660,33389,6475,6475,6475,,929,9,@@

  handle_small_Steiner_degrees: steiner 0, suppress 0 in 3e-06 s
Starting round 8
Found 63 isolated vertices
Invalid ratios recomputed: 449
Best ratio is 929/8 (116.1), centered at 354
Finding the best star... Star with 9 terminals centered in 366
round took: 0.011527 s
|V| = 512, |E| = 1944, |R| = 192
>>> get_solution
>>> get_solution
  refine_solution: new weight 33130 (was 39477) in 0.000804 s
  refine_solution: new weight 33130 (was 33130) in 0.000753 s
8,,449,1944,192,,449,0,,39477,33130,7404,7404,7404,,929,9,@@

  handle_small_Steiner_degrees: steiner 0, suppress 0 in 3e-06 s
Starting round 9
Found 72 isolated vertices
Invalid ratios recomputed: 440
Best ratio is 930/8 (116.2), centered at 128
Finding the best star... Star with 9 terminals centered in 136
round took: 0.011509 s
|V| = 512, |E| = 1899, |R| = 184
>>> get_solution
>>> get_solution
  refine_solution: new weight 33315 (was 39199) in 0.000808 s
  refine_solution: new weight 33314 (was 33315) in 0.00076 s
  refine_solution: new weight 33314 (was 33314) in 0.000751 s
9,,440,1899,184,,440,0,,39199,33314,8334,8334,8334,,930,9,@@

  handle_small_Steiner_degrees: steiner 0, suppress 0 in 3e-06 s
Starting round 10
Found 81 isolated vertices
Invalid ratios recomputed: 431
Best ratio is 931/8 (116.4), centered at 123
Finding the best star... Star with 9 terminals centered in 255
round took: 0.01137 s
|V| = 512, |E| = 1854, |R| = 176
>>> get_solution
>>> get_solution
  refine_solution: new weight 33231 (was 38914) in 0.000808 s
  refine_solution: new weight 33230 (was 33231) in 0.000764 s
  refine_solution: new weight 33230 (was 33230) in 0.000753 s
10,,431,1854,176,,431,0,,38914,33230,9265,9265,9265,,931,9,@@

  handle_small_Steiner_degrees: steiner 0, suppress 0 in 3e-06 s
Starting round 11
Found 90 isolated vertices
Invalid ratios recomputed: 422
Best ratio is 931/8 (116.4), centered at 154
Finding the best star... Star with 9 terminals centered in 414
round took: 0.011267 s
|V| = 512, |E| = 1809, |R| = 168
>>> get_solution
>>> get_solution
  refine_solution: new weight 33261 (was 38533) in 0.000806 s
  refine_solution: new weight 33261 (was 33261) in 0.000754 s
11,,422,1809,168,,422,0,,38533,33261,10196,10196,10196,,931,9,@@

  handle_small_Steiner_degrees: steiner 0, suppress 0 in 3e-06 s
Starting round 12
Found 99 isolated vertices
Invalid ratios recomputed: 413
Best ratio is 933/8 (116.6), centered at 501
Finding the best star... Star with 9 terminals centered in 503
round took: 0.011161 s
|V| = 512, |E| = 1764, |R| = 160
>>> get_solution
>>> get_solution
  refine_solution: new weight 33462 (was 38245) in 0.000815 s
  refine_solution: new weight 33462 (was 33462) in 0.000754 s
12,,413,1764,160,,413,0,,38245,33462,11129,11129,11129,,933,9,@@

  handle_small_Steiner_degrees: steiner 0, suppress 0 in 3e-06 s
Starting round 13
Found 108 isolated vertices
Invalid ratios recomputed: 404
Best ratio is 936/8 (117.0), centered at 52
Finding the best star... Star with 9 terminals centered in 308
round took: 0.010952 s
|V| = 512, |E| = 1719, |R| = 152
>>> get_solution
>>> get_solution
  refine_solution: new weight 33471 (was 37964) in 0.000803 s
  refine_solution: new weight 33469 (was 33471) in 0.000755 s
  refine_solution: new weight 33469 (was 33469) in 0.000747 s
13,,404,1719,152,,404,0,,37964,33469,12065,12065,12065,,936,9,@@

  handle_small_Steiner_degrees: steiner 0, suppress 0 in 2e-06 s
Starting round 14
Found 117 isolated vertices
Invalid ratios recomputed: 395
Best ratio is 819/7 (117.0), centered at 459
Finding the best star... Star with 8 terminals centered in 479
round took: 0.010819 s
|V| = 512, |E| = 1676, |R| = 145
>>> get_solution
>>> get_solution
  refine_solution: new weight 33312 (was 37676) in 0.000807 s
  refine_solution: new weight 33312 (was 33312) in 0.000752 s
14,,395,1676,145,,395,0,,37676,33312,12884,12884,12884,,819,8,@@

  handle_small_Steiner_degrees: steiner 0, suppress 0 in 2e-06 s
Starting round 15
Found 125 isolated vertices
Invalid ratios recomputed: 387
Best ratio is 937/8 (117.1), centered at 67
Finding the best star... Star with 9 terminals centered in 323
round took: 0.010888 s
|V| = 512, |E| = 1631, |R| = 137
>>> get_solution
>>> get_solution
  refine_solution: new weight 33236 (was 37400) in 0.000803 s
  refine_solution: new weight 33236 (was 33236) in 0.00075 s
15,,387,1631,137,,387,0,,37400,33236,13821,13821,13821,,937,9,@@

  handle_small_Steiner_degrees: steiner 0, suppress 0 in 3e-06 s
Starting round 16
Found 134 isolated vertices
Invalid ratios recomputed: 378
Best ratio is 820/7 (117.1), centered at 156
Finding the best star... Star with 8 terminals centered in 221
round took: 0.010714 s
|V| = 512, |E| = 1588, |R| = 130
>>> get_solution
>>> get_solution
  refine_solution: new weight 33516 (was 37109) in 0.000805 s
  refine_solution: new weight 33516 (was 33516) in 0.000751 s
16,,378,1588,130,,378,0,,37109,33516,14641,14641,14641,,820,8,@@

  delete_edges: deleted 0 edges in 0.00031 s and 1 rounds
  handle_small_Steiner_degrees: steiner 0, suppress 0 in 2e-06 s
Starting round 17
Found 142 isolated vertices
Invalid ratios recomputed: 370
Best ratio is 940/8 (117.5), centered at 14
Finding the best star... Star with 9 terminals centered in 15
round took: 0.01069 s
|V| = 512, |E| = 1543, |R| = 122
>>> get_solution
>>> get_solution
  refine_solution: new weight 33309 (was 36535) in 0.000809 s
  refine_solution: new weight 33309 (was 33309) in 0.000756 s
17,,370,1543,122,,370,0,,36535,33309,15581,15581,15581,,940,9,@@

  handle_small_Steiner_degrees: steiner 0, suppress 0 in 2e-06 s
Starting round 18
Found 151 isolated vertices
Invalid ratios recomputed: 361
Best ratio is 823/7 (117.6), centered at 291
Finding the best star... Star with 8 terminals centered in 311
round took: 0.010384 s
|V| = 512, |E| = 1500, |R| = 115
>>> get_solution
>>> get_solution
  refine_solution: new weight 33410 (was 36549) in 0.000808 s
  refine_solution: new weight 33410 (was 33410) in 0.000754 s
18,,361,1500,115,,361,0,,36549,33410,16404,16404,16404,,823,8,@@

  handle_small_Steiner_degrees: steiner 0, suppress 0 in 3e-06 s
Starting round 19
Found 159 isolated vertices
Invalid ratios recomputed: 353
Best ratio is 944/8 (118.0), centered at 171
Finding the best star... Star with 9 terminals centered in 187
round took: 0.010462 s
|V| = 512, |E| = 1455, |R| = 107
>>> get_solution
>>> get_solution
  refine_solution: new weight 33052 (was 36280) in 0.000806 s
  refine_solution: new weight 33052 (was 33052) in 0.000752 s
19,,353,1455,107,,353,0,,36280,33052,17348,17348,17348,,944,9,@@

  handle_small_Steiner_degrees: steiner 0, suppress 0 in 2e-06 s
Starting round 20
Found 168 isolated vertices
Invalid ratios recomputed: 343
Best ratio is 833/7 (119.0), centered at 457
Finding the best star... Star with 8 terminals centered in 473
round took: 0.010134 s
|V| = 512, |E| = 1411, |R| = 100
>>> get_solution
>>> get_solution
  refine_solution: new weight 32944 (was 35808) in 0.000808 s
  refine_solution: new weight 32944 (was 32944) in 0.000752 s
20,,344,1411,100,,343,0,,35808,32944,18181,18181,18181,,833,8,@@

  handle_small_Steiner_degrees: steiner 0, suppress 0 in 2e-06 s
Starting round 21
Found 176 isolated vertices
Invalid ratios recomputed: 336
Best ratio is 834/7 (119.1), centered at 416
Finding the best star... Star with 8 terminals centered in 420
round took: 0.010202 s
|V| = 512, |E| = 1368, |R| = 93
>>> get_solution
>>> get_solution
  refine_solution: new weight 32947 (was 35529) in 0.000808 s
  refine_solution: new weight 32746 (was 32947) in 0.000768 s
  refine_solution: new weight 32746 (was 32746) in 0.000748 s
21,,336,1368,93,,336,0,,35529,32746,19015,19015,19015,,834,8,@@

  handle_small_Steiner_degrees: steiner 0, suppress 0 in 2e-06 s
Starting round 22
Found 184 isolated vertices
Invalid ratios recomputed: 328
Best ratio is 716/6 (119.3), centered at 284
Finding the best star... Star with 7 terminals centered in 413
round took: 0.010093 s
|V| = 512, |E| = 1325, |R| = 87
>>> get_solution
>>> get_solution
  refine_solution: new weight 32867 (was 35438) in 0.000809 s
  refine_solution: new weight 32761 (was 32867) in 0.000754 s
  refine_solution: new weight 32761 (was 32761) in 0.000748 s
22,,328,1325,87,,328,0,,35438,32761,19731,19731,19731,,716,7,@@

  handle_small_Steiner_degrees: steiner 0, suppress 0 in 2e-06 s
Starting round 23
Found 191 isolated vertices
Invalid ratios recomputed: 321
Best ratio is 836/7 (119.4), centered at 69
Finding the best star... Star with 8 terminals centered in 77
round took: 0.010441 s
|V| = 512, |E| = 1282, |R| = 80
>>> get_solution
>>> get_solution
  refine_solution: new weight 32712 (was 35161) in 0.000811 s
  refine_solution: new weight 32407 (was 32712) in 0.000757 s
  refine_solution: new weight 32407 (was 32407) in 0.000753 s
23,,321,1282,80,,321,0,,35161,32407,20567,20567,20567,,836,8,@@

  handle_small_Steiner_degrees: steiner 0, suppress 0 in 2e-06 s
Starting round 24
Found 199 isolated vertices
Invalid ratios recomputed: 313
Best ratio is 720/6 (120.0), centered at 104
Finding the best star... Star with 7 terminals centered in 120
round took: 0.010262 s
|V| = 512, |E| = 1233, |R| = 74
>>> get_solution
>>> get_solution
  refine_solution: new weight 32433 (was 34779) in 0.00082 s
  refine_solution: new weight 32420 (was 32433) in 0.000754 s
  refine_solution: new weight 32420 (was 32420) in 0.000745 s
24,,313,1233,74,,313,0,,34779,32420,21287,21287,21287,,720,7,@@

  handle_small_Steiner_degrees: steiner 0, suppress 0 in 2e-06 s
Starting round 25
Found 206 isolated vertices
Invalid ratios recomputed: 306
Best ratio is 724/6 (120.7), centered at 315
Finding the best star... Star with 7 terminals centered in 507
round took: 0.010732 s
|V| = 512, |E| = 1179, |R| = 68
>>> get_solution
>>> get_solution
  refine_solution: new weight 32470 (was 34696) in 0.000807 s
  refine_solution: new weight 32457 (was 32470) in 0.000754 s
  refine_solution: new weight 32457 (was 32457) in 0.000745 s
25,,306,1179,68,,306,0,,34696,32457,22011,22011,22011,,724,7,@@

  handle_small_Steiner_degrees: steiner 0, suppress 0 in 1e-06 s
Starting round 26
Found 213 isolated vertices
Invalid ratios recomputed: 299
Best ratio is 725/6 (120.8), centered at 177
Finding the best star... Star with 7 terminals centered in 249
round took: 0.01098 s
|V| = 512, |E| = 1137, |R| = 62
>>> get_solution
>>> get_solution
  refine_solution: new weight 32531 (was 34112) in 0.000812 s
  refine_solution: new weight 32531 (was 32531) in 0.00075 s
26,,299,1137,62,,299,0,,34112,32531,22736,22736,22736,,725,7,@@

  handle_small_Steiner_degrees: steiner 0, suppress 0 in 1e-06 s
Starting round 27
Found 220 isolated vertices
Invalid ratios recomputed: 292
Best ratio is 727/6 (121.2), centered at 275
Finding the best star... Star with 7 terminals centered in 343
round took: 0.010948 s
|V| = 512, |E| = 1094, |R| = 56
>>> get_solution
>>> get_solution
  refine_solution: new weight 32844 (was 33735) in 0.000806 s
  refine_solution: new weight 32844 (was 32844) in 0.00075 s
27,,292,1094,56,,292,0,,33735,32844,23463,23463,23463,,727,7,@@

  handle_small_Steiner_degrees: steiner 0, suppress 0 in 1e-06 s
Starting round 28
Found 227 isolated vertices
Invalid ratios recomputed: 285
Best ratio is 738/6 (123.0), centered at 446
Finding the best star... Star with 7 terminals centered in 510
round took: 0.011014 s
|V| = 512, |E| = 1045, |R| = 50
>>> get_solution
>>> get_solution
  refine_solution: new weight 32672 (was 33565) in 0.000807 s
  refine_solution: new weight 32672 (was 32672) in 0.000749 s
28,,285,1045,50,,285,0,,33565,32672,24201,24201,24201,,738,7,@@

  handle_small_Steiner_degrees: steiner 0, suppress 3 in 9e-06 s
Starting round 29
Found 237 isolated vertices
Invalid ratios recomputed: 275
Best ratio is 739/6 (123.2), centered at 50
Finding the best star... Star with 7 terminals centered in 51
round took: 0.010371 s
|V| = 512, |E| = 994, |R| = 44
>>> get_solution
>>> get_solution
  refine_solution: new weight 32688 (was 33196) in 0.00081 s
  refine_solution: new weight 32688 (was 32688) in 0.00076 s
29,,275,994,44,,275,0,,33196,32688,24940,24940,24940,,739,7,@@

  handle_small_Steiner_degrees: steiner 0, suppress 1 in 5e-06 s
Starting round 30
Found 245 isolated vertices
Invalid ratios recomputed: 267
Best ratio is 620/5 (124.0), centered at 230
Finding the best star... Star with 6 terminals centered in 231
round took: 0.010305 s
|V| = 512, |E| = 839, |R| = 39
>>> get_solution
>>> get_solution
  refine_solution: new weight 32796 (was 33015) in 0.000822 s
  refine_solution: new weight 32796 (was 32796) in 0.000755 s
30,,267,839,39,,267,0,,33015,32796,25560,25560,25560,,620,6,@@

  handle_small_Steiner_degrees: steiner 1, suppress 30 in 4.9e-05 s
Starting round 31
Found 282 isolated vertices
Invalid ratios recomputed: 230
Best ratio is 620/5 (124.0), centered at 259
Finding the best star... Star with 6 terminals centered in 267
round took: 0.008302 s
|V| = 512, |E| = 739, |R| = 34
>>> get_solution
>>> get_solution
  refine_solution: new weight 32407 (was 32629) in 0.000809 s
  refine_solution: new weight 32407 (was 32407) in 0.000748 s
31,,230,739,34,,230,0,,32629,32407,26180,26180,26180,,620,6,@@

  handle_small_Steiner_degrees: steiner 0, suppress 7 in 1.4e-05 s
Starting round 32
Found 295 isolated vertices
Invalid ratios recomputed: 217
Best ratio is 625/5 (125.0), centered at 173
Finding the best star... Star with 6 terminals centered in 187
round took: 0.007801 s
|V| = 512, |E| = 557, |R| = 29
>>> get_solution
>>> get_solution
  refine_solution: new weight 31928 (was 32247) in 0.000811 s
  refine_solution: new weight 31928 (was 31928) in 0.00075 s
32,,217,557,29,,217,0,,32247,31928,26805,26805,26805,,625,6,@@

  delete_edges: deleted 11 edges in 0.001985 s and 11 rounds
  handle_small_Steiner_degrees: steiner 9, suppress 55 in 5.8e-05 s
Starting round 33
Found 365 isolated vertices
Invalid ratios recomputed: 147
Best ratio is 630/5 (126.0), centered at 348
Finding the best star... Star with 6 terminals centered in 380
round took: 0.003494 s
|V| = 512, |E| = 378, |R| = 24
>>> get_solution
>>> get_solution
  refine_solution: new weight 31844 (was 31969) in 0.000816 s
  refine_solution: new weight 31844 (was 31844) in 0.000748 s
33,,147,378,24,,147,0,,31969,31844,27435,27435,27435,,630,6,@@

  handle_small_Steiner_degrees: steiner 4, suppress 23 in 2.7e-05 s
Starting round 34
Found 398 isolated vertices
Invalid ratios recomputed: 114
Best ratio is 630/5 (126.0), centered at 433
Finding the best star... Star with 6 terminals centered in 435
round took: 0.002176 s
|V| = 512, |E| = 256, |R| = 19
>>> get_solution
>>> get_solution
  refine_solution: new weight 31662 (was 31688) in 0.000807 s
  refine_solution: new weight 31662 (was 31662) in 0.000745 s
34,,114,256,19,,114,0,,31688,31662,28065,28065,28065,,630,6,@@

  handle_small_Steiner_degrees: steiner 5, suppress 29 in 2.3e-05 s
Starting round 35
Found 438 isolated vertices
Invalid ratios recomputed: 74
Best ratio is 406/3 (135.3), centered at 91
Finding the best star... Star with 4 terminals centered in 219
round took: 0.00095 s
|V| = 512, |E| = 156, |R| = 16
>>> get_solution
>>> get_solution
  refine_solution: new weight 31462 (was 31492) in 0.000819 s
  refine_solution: new weight 31462 (was 31462) in 0.000746 s
35,,74,156,16,,74,0,,31492,31462,28471,28471,28471,,406,4,@@

  handle_small_Steiner_degrees: steiner 3, suppress 17 in 1e-05 s
Starting round 36
Found 462 isolated vertices
Invalid ratios recomputed: 50
Best ratio is 421/3 (140.3), centered at 268
Finding the best star... Star with 4 terminals centered in 15
round took: 0.000509 s
|V| = 512, |E| = 90, |R| = 13
>>> get_solution
>>> get_solution
  refine_solution: new weight 31278 (was 31310) in 0.0008 s
  refine_solution: new weight 31278 (was 31278) in 0.000744 s
36,,50,90,13,,50,0,,31310,31278,28892,28892,28892,,421,4,@@

  handle_small_Steiner_degrees: steiner 5, suppress 12 in 7e-06 s
Starting round 37
Found 483 isolated vertices
Invalid ratios recomputed: 29
Best ratio is 425/3 (141.7), centered at 440
Finding the best star... Star with 4 terminals centered in 504
round took: 0.000246 s
|V| = 512, |E| = 48, |R| = 10
>>> get_solution
>>> get_solution
  refine_solution: new weight 31096 (was 31129) in 0.000795 s
  refine_solution: new weight 31096 (was 31096) in 0.000742 s
37,,29,48,10,,29,0,,31129,31096,29317,29317,29317,,425,4,@@

  handle_small_Steiner_degrees: steiner 3, suppress 0 in 2e-06 s
Starting round 38
Found 490 isolated vertices
Invalid ratios recomputed: 22
Best ratio is 308/2 (154.0), centered at 451
Finding the best star... Star with 3 terminals centered in 483
round took: 0.000184 s
|V| = 512, |E| = 36, |R| = 8
>>> get_solution
>>> get_solution
  refine_solution: new weight 30998 (was 31033) in 0.000793 s
  refine_solution: new weight 30998 (was 30998) in 0.000747 s
38,,22,36,8,,22,0,,31033,30998,29625,29625,29625,,308,3,@@

  handle_small_Steiner_degrees: steiner 1, suppress 2 in 3e-06 s
Starting round 39
Found 496 isolated vertices
Invalid ratios recomputed: 16
Best ratio is 309/2 (154.5), centered at 118
Finding the best star... Star with 3 terminals centered in 374
round took: 0.000138 s
|V| = 512, |E| = 22, |R| = 6
>>> get_solution
>>> get_solution
  refine_solution: new weight 30895 (was 30940) in 0.000795 s
  refine_solution: new weight 30895 (was 30895) in 0.000743 s
39,,16,22,6,,16,0,,30940,30895,29934,29934,29934,,309,3,@@

  handle_small_Steiner_degrees: steiner 1, suppress 2 in 2e-06 s
Starting round 40
Found 502 isolated vertices
Invalid ratios recomputed: 10
Best ratio is 309/2 (154.5), centered at 352
Finding the best star... Star with 3 terminals centered in 356
round took: 9.8e-05 s
|V| = 512, |E| = 8, |R| = 4
>>> get_solution
>>> get_solution
  refine_solution: new weight 30790 (was 30844) in 0.000793 s
  refine_solution: new weight 30790 (was 30790) in 0.000757 s
40,,10,8,4,,10,0,,30844,30790,30243,30243,30243,,309,3,@@

  handle_small_Steiner_degrees: steiner 1, suppress 2 in 1e-06 s
Starting round 41
Found 508 isolated vertices
Invalid ratios recomputed: 4
Best ratio is 400/2 (200.0), centered at 202
Finding the best star... Star with 3 terminals centered in 202
round took: 5.8e-05 s
|V| = 512, |E| = 1, |R| = 2
>>> get_solution
>>> get_solution
  refine_solution: new weight 30790 (was 30844) in 0.00079 s
  refine_solution: new weight 30790 (was 30790) in 0.000745 s
41,,4,1,2,,4,0,,30844,30790,30643,30643,30643,,400,3,@@

  handle_small_Steiner_degrees: steiner 0, suppress 0 in 1e-06 s
Starting round 42
Found 510 isolated vertices
Invalid ratios recomputed: 2
Best ratio is 201/1 (201.0), centered at 33
Finding the best star... Star with 2 terminals centered in 202
round took: 3.9e-05 s
|V| = 512, |E| = 0, |R| = 1
>>> get_solution
>>> get_solution
  refine_solution: new weight 30790 (was 30844) in 0.000792 s
  refine_solution: new weight 30790 (was 30790) in 0.000742 s
42,,2,0,1,,2,0,,30844,30790,30844,30844,30844,,201,2,@@

  handle_small_Steiner_degrees: steiner 0, suppress 0 in 1e-06 s
contract_till_the_bitter_end: 0.466358 s

Calling end_heu
>>> get_solution
Saved weight 0
DŽ: 30844 -> 30790
  BEST solution improved 30844 -> 30790 (vert_size 0, round 1) *
  BEST solution improved 30790 -> 30787 (vert_size 4, round 32)
  BEST solution improved 30787 -> 30774 (vert_size 2, round 68)
  BEST solution improved 30774 -> 30772 (vert_size 4, round 90)
  BEST solution improved 30772 -> 30756 (vert_size 1, round 201)
DŽ: 30756 -> 30756
DŽ: 30756 -> 30756
DŽ: 30756 -> 30838

 start over 3620 loops 21 unique solutions 
Original + vert_size 0 
DŽ: 30844 -> 30790
DŽ: 30772 -> 30864
DŽ: 30783 -> 30783
DŽ: 30785 -> 30970
DŽ: 30774 -> 30771
DŽ: 30780 -> 31050
DŽ: 30756 -> 30756
DŽ: 30756 -> 30756
DŽ: 30782 -> 30879

 start over 11758 loops 55 unique solutions 
Original + vert_size 0 
DŽ: 30844 -> 30790
DŽ: 30782 -> 30961
DŽ: 30970 -> 31131
DŽ: 30772 -> 31034
DŽ: 30790 -> 30868
DŽ: 30770 -> 30864
DŽ: 30756 -> 30756
DŽ: 30756 -> 30756
DŽ: 30772 -> 30957
DŽ: 30785 -> 30872
DŽ: 30756 -> 30756
DŽ: 31023 -> 31296

 start over 22623 loops 165 unique solutions 
Approx + random 
DŽ: 40359 -> 34806
DŽ: 31029 -> 31029
DŽ: 31029 -> 31309
DŽ: 30864 -> 31029
DŽ: 31279 -> 31365
DŽ: 34621 -> 34807
DŽ: 31290 -> 31477
DŽ: 34507 -> 34687

 start over 29435 loops 172 unique solutions 
Original + vert_size 13 
DŽ: 30844 -> 31160
DŽ: 31289 -> 31467
DŽ: 31298 -> 31391
DŽ: 30756 -> 30756
DŽ: 30756 -> 30756
DŽ: 31367 -> 31565
DŽ: 30756 -> 30756
DŽ: 31362 -> 31637

 start over 36610 loops 180 unique solutions 
Original + vert_size 13 
DŽ: 30844 -> 31224
DŽ: 31112 -> 31575
DŽ: 31363 -> 31458
DŽ: 31554 -> 31737
DŽ: 31361 -> 31641
DŽ: 31363 -> 31551
DŽ: 31540 -> 31638

 start over 42464 loops 185 unique solutions 
Original + vert_size 0 
DŽ: 30844 -> 30790
DŽ: 31360 -> 31645
DŽ: 31357 -> 31452
DŽ: 31558 -> 31834
DŽ: 30756 -> 30756
DŽ: 30756 -> 30756
DŽ: 31470 -> 31845
DŽ: 31564 -> 31844
DŽ: 31119 -> 31391

 start over 50086 loops 191 unique solutions 
Approx + random 
DŽ: 40359 -> 34622
DŽ: 31108 -> 31559
DŽ: 31558 -> 31934
DŽ: 30756 -> 30756
DŽ: 30756 -> 30756
DŽ: 31539 -> 31918
DŽ: 30756 -> 30756

 start over 56457 loops 201 unique solutions 
Approx + random 
DŽ: 40359 -> 34906
DŽ: 31554 -> 31740
DŽ: 30756 -> 30756
DŽ: 34323 -> 34416
DŽ: 34510 -> 34510
DŽ: 34501 -> 34599
DŽ: 30756 -> 30756
DŽ: 34416 -> 34516

 start over 63350 loops 207 unique solutions 
Approx + random 
DŽ: 40359 -> 34916
DŽ: 34227 -> 34227
DŽ: 34513 -> 34612
DŽ: 34508 -> 34602
DŽ: 34709 -> 34709
DŽ: 34228 -> 34229
DŽ: 34407 -> 34407

 start over 69941 loops 212 unique solutions 
Original + vert_size 0 
DŽ: 30844 -> 30790
DŽ: 30756 -> 30756
DŽ: 30760 -> 30847
DŽ: 34403 -> 34502
DŽ: 30756 -> 30756
DŽ: 30763 -> 30944
DŽ: 34502 -> 34599
DŽ: 30756 -> 30756
DŽ: 34314 -> 34406
DŽ: 30781 -> 31065
DŽ: 34225 -> 34322
DŽ: 34318 -> 34318

 start over 80191 loops 220 unique solutions 
Original + vert_size 0 
DŽ: 30844 -> 30785
DŽ: 30756 -> 30756
DŽ: 34217 -> 34217
DŽ: 30756 -> 30756
DŽ: 30778 -> 30963
DŽ: 30756 -> 30756
DŽ: 30774 -> 30864
DŽ: 30756 -> 30756
DŽ: 34314 -> 34408
DŽ: 30756 -> 30756
DŽ: 30847 -> 31196
DŽ: 30756 -> 30756
DŽ: 34499 -> 34692

 start over 92723 loops 223 unique solutions 
Original + vert_size 13 
DŽ: 30844 -> 30968
DŽ: 30778 -> 31133
  BEST solution improved 30759 -> 30750 (vert_size 4, round 93589) *
DŽ: 30750 -> 30750
DŽ: 30782 -> 31058
DŽ: 34487 -> 34583
DŽ: 30750 -> 30750
DŽ: 30750 -> 30750
DŽ: 30750 -> 30750
DŽ: 34388 -> 34388
DŽ: 34496 -> 34597
DŽ: 30770 -> 31134

 start over 102209 loops 228 unique solutions 
Original + vert_size 0 
DŽ: 30844 -> 30790
DŽ: 34392 -> 34392
DŽ: 34297 -> 34400
DŽ: 34402 -> 34501
DŽ: 30750 -> 30750
DŽ: 30750 -> 30750
DŽ: 30772 -> 31041
DŽ: 30750 -> 30750
DŽ: 31129 -> 31505
DŽ: 34583 -> 34583
DŽ: 31505 -> 31690
DŽ: 34215 -> 34215

 start over 113529 loops 238 unique solutions 
Approx + random 
DŽ: 40359 -> 34811
DŽ: 31683 -> 31879
DŽ: 30750 -> 30750
DŽ: 30750 -> 30750
DŽ: 34533 -> 34536
DŽ: 34331 -> 34430
DŽ: 30750 -> 31032
DŽ: 30750 -> 30750

 start over 120966 loops 256 unique solutions 
Approx + random 
DŽ: 40359 -> 34624
DŽ: 34217 -> 34313
DŽ: 30750 -> 30750
DŽ: 30750 -> 30750
DŽ: 34310 -> 34402
DŽ: 34308 -> 34421
DŽ: 34302 -> 34302
DŽ: 30750 -> 30750

 start over 127904 loops 260 unique solutions 
Original + vert_size 0 
DŽ: 30844 -> 30790
DŽ: 34402 -> 34402
DŽ: 34400 -> 34496
DŽ: 30750 -> 31121
DŽ: 30750 -> 30750
DŽ: 34300 -> 34396
DŽ: 34209 -> 34218
DŽ: 34204 -> 34300
DŽ: 30750 -> 30750
DŽ: 34024 -> 34118
DŽ: 34400 -> 34493
DŽ: 30750 -> 30750

 start over 138181 loops 270 unique solutions 
Original + vert_size 13 
DŽ: 30844 -> 31236
DŽ: 34202 -> 34202
DŽ: 34206 -> 34300
DŽ: 34209 -> 34209
DŽ: 34300 -> 34399
DŽ: 34402 -> 34310
DŽ: 34217 -> 34313
DŽ: 30782 -> 30958
DŽ: 31210 -> 31386
DŽ: 30750 -> 30920

 start over 147343 loops 273 unique solutions 
Approx + random 
DŽ: 40359 -> 34720
DŽ: 30750 -> 30750
DŽ: 31210 -> 31473
DŽ: 30750 -> 30750
DŽ: 30750 -> 30750
DŽ: 30750 -> 30750
DŽ: 30750 -> 30750
DŽ: 30750 -> 30750

 start over 154943 loops 287 unique solutions 
Approx + random 
DŽ: 40359 -> 34926
DŽ: 34422 -> 34424
DŽ: 34301 -> 34404
DŽ: 34497 -> 34398
DŽ: 30750 -> 30750
DŽ: 30750 -> 30750
DŽ: 34421 -> 34421
DŽ: 30750 -> 30750
DŽ: 34403 -> 34508

 start over 162175 loops 296 unique solutions 
Approx + random 
DŽ: 40359 -> 35003
DŽ: 34309 -> 34309
DŽ: 30750 -> 30750
DŽ: 34316 -> 34316
DŽ: 30750 -> 30750
DŽ: 34213 -> 34213
DŽ: 34129 -> 34231

 start over 168872 loops 302 unique solutions 
Approx + random 
DŽ: 40359 -> 34626
DŽ: 34035 -> 34125
DŽ: 34136 -> 34232
DŽ: 30750 -> 30750
DŽ: 34316 -> 34316
DŽ: 30750 -> 30750
DŽ: 34218 -> 34414
DŽ: 34626 -> 34624

 start over 175868 loops 310 unique solutions 
Approx + random 
DŽ: 40359 -> 34525
DŽ: 34225 -> 34225
DŽ: 34301 -> 34399
DŽ: 30750 -> 30750
DŽ: 34415 -> 34604
DŽ: 34211 -> 34314
DŽ: 34306 -> 34306
DŽ: 30750 -> 30750

 start over 182612 loops 317 unique solutions 
Approx + random 
DŽ: 40359 -> 34898
DŽ: 30750 -> 30750
DŽ: 30750 -> 30750
DŽ: 34505 -> 34601
DŽ: 34509 -> 34600
DŽ: 34593 -> 34591
DŽ: 34704 -> 34702
DŽ: 30750 -> 30750

 start over 189578 loops 322 unique solutions 
Original + vert_size 0 
DŽ: 30844 -> 30790
DŽ: 30785 -> 30959
DŽ: 34593 -> 34788
DŽ: 34503 -> 34503
DŽ: 34502 -> 34595
DŽ: 34602 -> 34793
DŽ: 30750 -> 30750
DŽ: 34591 -> 34784

 start over 196545 loops 328 unique solutions 
Original + vert_size 0 
DŽ: 30844 -> 30790
DŽ: 30750 -> 30750
DŽ: 34598 -> 34697
DŽ: 30750 -> 30750
DŽ: 34216 -> 34313
DŽ: 34495 -> 34495
DŽ: 34416 -> 34416
DŽ: 34412 -> 34506

 start over 203874 loops 333 unique solutions 
Original + vert_size 0 
DŽ: 30844 -> 30790
DŽ: 34502 -> 34506
DŽ: 34307 -> 34397
DŽ: 34416 -> 34507
DŽ: 34314 -> 34413
DŽ: 30750 -> 30750
DŽ: 34406 -> 34406
DŽ: 30750 -> 30750
DŽ: 30750 -> 30750
DŽ: 34304 -> 34304

 start over 212263 loops 337 unique solutions 
Approx + random 
DŽ: 40359 -> 34807
DŽ: 34314 -> 34415
DŽ: 34513 -> 34513
DŽ: 30949 -> 31216
DŽ: 30750 -> 30750
DŽ: 34698 -> 34701
DŽ: 34499 -> 34590

 start over 218977 loops 349 unique solutions 
Approx + random 
DŽ: 40359 -> 34803
DŽ: 30750 -> 30939
DŽ: 34591 -> 34693
DŽ: 34315 -> 34315
DŽ: 30750 -> 30750
DŽ: 34501 -> 34696
DŽ: 34310 -> 34409
DŽ: 30750 -> 30750
DŽ: 34324 -> 34324

 start over 226031 loops 357 unique solutions 
Approx + random 
DŽ: 40359 -> 34618
DŽ: 30750 -> 30750
DŽ: 34407 -> 34407
DŽ: 34315 -> 34315
DŽ: 34611 -> 34801
DŽ: 30750 -> 30750
DŽ: 34410 -> 34507
DŽ: 30750 -> 30750

 start over 233302 loops 362 unique solutions 
Approx + random 
DŽ: 40359 -> 34613
DŽ: 34205 -> 34205
DŽ: 34501 -> 34501
DŽ: 34306 -> 34406
DŽ: 34327 -> 34424
DŽ: 30750 -> 30750
DŽ: 30750 -> 30750

 start over 239976 loops 370 unique solutions 
Original + vert_size 13 
DŽ: 30844 -> 31317
DŽ: 34337 -> 34337
DŽ: 30750 -> 30750
DŽ: 30750 -> 30750
DŽ: 34042 -> 34138
DŽ: 30750 -> 30750
DŽ: 30750 -> 30750
DŽ: 34305 -> 34402
DŽ: 34331 -> 34331

 start over 247220 loops 375 unique solutions 
Approx + random 
DŽ: 40359 -> 34724
DŽ: 34234 -> 34428
DŽ: 34511 -> 34513
DŽ: 34516 -> 34516
DŽ: 30750 -> 30750
DŽ: 34495 -> 34594
DŽ: 34337 -> 34423
DŽ: 30750 -> 30750

 start over 254211 loops 385 unique solutions 
Original + vert_size 0 
DŽ: 30844 -> 30785
DŽ: 34116 -> 34116
DŽ: 34410 -> 34508
DŽ: 30750 -> 30750
DŽ: 34410 -> 34689
DŽ: 34501 -> 34597
DŽ: 30750 -> 30750
DŽ: 34427 -> 34519

 start over 261307 loops 392 unique solutions 
Original + vert_size 0 
DŽ: 30844 -> 30790
DŽ: 30750 -> 30750
DŽ: 34307 -> 34499
DŽ: 34689 -> 34689
DŽ: 34414 -> 34607
DŽ: 30750 -> 30750
DŽ: 34503 -> 34503
DŽ: 30750 -> 30750
DŽ: 30750 -> 30750
DŽ: 30750 -> 30750

 start over 270228 loops 400 unique solutions 
Original + vert_size 13 
DŽ: 30844 -> 31332
  BEST solution improved 30755 -> 30742 (vert_size 4, round 270403) *
DŽ: 30742 -> 30742
DŽ: 30742 -> 30742
DŽ: 30742 -> 30742
DŽ: 34499 -> 34401
DŽ: 30750 -> 30925
DŽ: 30742 -> 30742
DŽ: 34312 -> 34312
DŽ: 34312 -> 34410

 start over 278356 loops 403 unique solutions 
Original + vert_size 13 
DŽ: 30844 -> 31234
DŽ: 34495 -> 34405
DŽ: 34495 -> 34586
DŽ: 34399 -> 34399
DŽ: 34497 -> 34592
DŽ: 34492 -> 34492
DŽ: 34494 -> 34596
DŽ: 34498 -> 34594
DŽ: 30742 -> 30742
DŽ: 30742 -> 30742

 start over 287181 loops 406 unique solutions 
Approx + random 
DŽ: 40359 -> 34804
DŽ: 34494 -> 34494
DŽ: 30742 -> 30742
DŽ: 34410 -> 34410
DŽ: 30742 -> 30742
DŽ: 34298 -> 34591
DŽ: 34297 -> 34396
DŽ: 34591 -> 34586

 start over 294368 loops 418 unique solutions 
Original + vert_size 13 
DŽ: 30844 -> 31131
DŽ: 34394 -> 34490
DŽ: 30742 -> 30742
DŽ: 34312 -> 34500
DŽ: 34401 -> 34498
DŽ: 34234 -> 34324
DŽ: 34402 -> 34501
DŽ: 30742 -> 30742

 start over 301632 loops 428 unique solutions 
Approx + random 
DŽ: 40359 -> 34812
DŽ: 34311 -> 34311
DŽ: 30742 -> 30823
DŽ: 34323 -> 34323
DŽ: 34225 -> 34225
DŽ: 34391 -> 34484
DŽ: 34221 -> 34221
DŽ: 30742 -> 30742

 start over 308181 loops 436 unique solutions 
Approx + random 
DŽ: 40359 -> 34524
DŽ: 34223 -> 34421
DŽ: 30742 -> 30742
DŽ: 34217 -> 34217
DŽ: 30742 -> 30742
DŽ: 34305 -> 34401
DŽ: 30742 -> 30742
DŽ: 30742 -> 30742

 start over 315300 loops 441 unique solutions 
Approx + random 
DŽ: 40359 -> 34621
DŽ: 30742 -> 30742
DŽ: 34216 -> 34315
DŽ: 34516 -> 34417
DŽ: 34414 -> 34414
DŽ: 34421 -> 34515
DŽ: 34226 -> 34226

 start over 321816 loops 448 unique solutions 
Original + vert_size 0 
DŽ: 30844 -> 30790
DŽ: 30742 -> 30742
DŽ: 30742 -> 30742
DŽ: 34411 -> 34411
DŽ: 34415 -> 34513
DŽ: 30742 -> 30742
DŽ: 30742 -> 30742
DŽ: 34337 -> 34434
DŽ: 34412 -> 34314
DŽ: 34314 -> 34314

 start over 330031 loops 457 unique solutions 
Original + vert_size 0 
DŽ: 30844 -> 30790
DŽ: 30742 -> 30742
DŽ: 30742 -> 30742
DŽ: 34318 -> 34414
DŽ: 34333 -> 34517
DŽ: 34302 -> 34402
DŽ: 34496 -> 34589
DŽ: 30742 -> 30742
DŽ: 34208 -> 34300

 start over 338551 loops 461 unique solutions 
Approx + random 
DŽ: 40359 -> 35004
DŽ: 30742 -> 30742
DŽ: 34391 -> 34586
DŽ: 30742 -> 30742
DŽ: 30742 -> 30742
DŽ: 30742 -> 30742
DŽ: 34506 -> 34506
DŽ: 30742 -> 30742

 start over 345930 loops 470 unique solutions 
Approx + random 
DŽ: 40359 -> 34724
DŽ: 34501 -> 34509
DŽ: 30742 -> 30742
DŽ: 34408 -> 34508
DŽ: 30742 -> 30742
DŽ: 34498 -> 34498
DŽ: 34403 -> 34597
DŽ: 34316 -> 34316

 start over 352806 loops 478 unique solutions 
Approx + random 
DŽ: 40359 -> 34812
DŽ: 30742 -> 30742
DŽ: 34320 -> 34518
DŽ: 34217 -> 34217
DŽ: 34223 -> 34223
DŽ: 34402 -> 34402
DŽ: 30742 -> 30742
DŽ: 34319 -> 34319

 start over 359766 loops 485 unique solutions 
Approx + random 
DŽ: 40359 -> 34714
DŽ: 30742 -> 30742
DŽ: 34413 -> 34413
DŽ: 34422 -> 34611
DŽ: 30742 -> 30925
DŽ: 34501 -> 34597
DŽ: 34313 -> 34320
DŽ: 30742 -> 30742

 start over 366909 loops 493 unique solutions 
Original + vert_size 0 
DŽ: 30844 -> 30785
DŽ: 30742 -> 30742
DŽ: 30742 -> 30742
DŽ: 30742 -> 30742
DŽ: 34509 -> 34606
DŽ: 30742 -> 30742
DŽ: 34309 -> 34406
DŽ: 30742 -> 30742
DŽ: 34214 -> 34214

 start over 374566 loops 496 unique solutions 
Approx + random 
DŽ: 40359 -> 34619
DŽ: 34219 -> 34411
DŽ: 34405 -> 34502
DŽ: 34312 -> 34411
DŽ: 30742 -> 30742
DŽ: 34305 -> 34305
DŽ: 30742 -> 30742
DŽ: 34316 -> 34513

 start over 381661 loops 506 unique solutions 
Approx + random 
DŽ: 40359 -> 34723
DŽ: 34393 -> 34483
DŽ: 34409 -> 34510
DŽ: 30742 -> 30742
DŽ: 34415 -> 34504
DŽ: 30742 -> 30742
DŽ: 30742 -> 30742
DŽ: 34295 -> 34391

 start over 388616 loops 512 unique solutions 
Approx + random 
DŽ: 40359 -> 34714
DŽ: 34386 -> 34486
DŽ: 34528 -> 34527
DŽ: 34419 -> 34619
DŽ: 34410 -> 34507
DŽ: 30742 -> 30742
DŽ: 34393 -> 34393
DŽ: 30742 -> 30742

 start over 395744 loops 522 unique solutions 
Original + vert_size 13 
DŽ: 30844 -> 31242
DŽ: 34609 -> 34800
DŽ: 34609 -> 34899
DŽ: 30742 -> 30742
DŽ: 30742 -> 30742
DŽ: 34588 -> 34687
DŽ: 30742 -> 30742
DŽ: 34792 -> 34792
DŽ: 30742 -> 30742

 start over 403181 loops 528 unique solutions 
Original + vert_size 0 
DŽ: 30844 -> 30790
DŽ: 34599 -> 34697
DŽ: 30742 -> 30742
DŽ: 34695 -> 34779
DŽ: 34605 -> 34703
DŽ: 34588 -> 34687
DŽ: 34695 -> 34695
DŽ: 34696 -> 34797

 start over 410173 loops 534 unique solutions 
Original + vert_size 13 
DŽ: 30844 -> 31057
DŽ: 31034 -> 31216
DŽ: 31026 -> 31294
DŽ: 34696 -> 34796
DŽ: 30742 -> 30742
DŽ: 31035 -> 31322
DŽ: 34602 -> 34602

 start over 416832 loops 541 unique solutions 
Approx + random 
DŽ: 40359 -> 34714
DŽ: 34692 -> 34789
DŽ: 31022 -> 31118
DŽ: 30742 -> 30742
DŽ: 31028 -> 31381
DŽ: 34395 -> 34590
DŽ: 34306 -> 34405
DŽ: 34491 -> 34491

 start over 423562 loops 549 unique solutions 
Original + vert_size 0 
DŽ: 30844 -> 30790
DŽ: 34395 -> 34395
DŽ: 34688 -> 34587
DŽ: 34494 -> 34500
DŽ: 34308 -> 34404
DŽ: 30742 -> 30742
DŽ: 34210 -> 34394
DŽ: 30742 -> 30742
DŽ: 33926 -> 33926

 start over 431528 loops 557 unique solutions 
Approx + random 
DŽ: 40359 -> 34619
DŽ: 34014 -> 34201
DŽ: 34210 -> 34210
DŽ: 34313 -> 34313
DŽ: 34230 -> 34419
DŽ: 34431 -> 34431
DŽ: 30742 -> 30742
DŽ: 30742 -> 30742

 start over 438211 loops 563 unique solutions 
Approx + random 
DŽ: 40359 -> 34627
DŽ: 34320 -> 34414
DŽ: 34431 -> 34431
DŽ: 34320 -> 34416
DŽ: 34315 -> 34503
DŽ: 30742 -> 30742
DŽ: 30742 -> 30742
DŽ: 34221 -> 34412

 start over 445197 loops 573 unique solutions 
Approx + random 
DŽ: 40359 -> 34902
DŽ: 34599 -> 34698
DŽ: 34597 -> 34696
DŽ: 30742 -> 30742
DŽ: 34317 -> 34317
DŽ: 34414 -> 34414
DŽ: 30742 -> 30742
DŽ: 34596 -> 34596

 start over 452095 loops 577 unique solutions 
Original + vert_size 0 
DŽ: 30844 -> 30790
DŽ: 30742 -> 30742
DŽ: 34497 -> 34497
DŽ: 34497 -> 34596
DŽ: 34500 -> 34500
DŽ: 34404 -> 34496
DŽ: 34403 -> 34596

 start over 458567 loops 581 unique solutions 
Original + vert_size 0 
DŽ: 30844 -> 30790
DŽ: 34499 -> 34698
DŽ: 34502 -> 34595
DŽ: 34594 -> 34792
DŽ: 34502 -> 34502
DŽ: 30742 -> 30742
DŽ: 34405 -> 34405
DŽ: 34399 -> 34399
DŽ: 34503 -> 34698

 start over 466614 loops 589 unique solutions 
Approx + random 
DŽ: 40359 -> 34713
DŽ: 34698 -> 34698
DŽ: 34502 -> 34592
DŽ: 34314 -> 34413
DŽ: 34401 -> 34401
DŽ: 34217 -> 34216
DŽ: 34407 -> 34500
DŽ: 34312 -> 34408

 start over 473312 loops 597 unique solutions 
Approx + random 
DŽ: 40359 -> 34894
DŽ: 34414 -> 34505
DŽ: 34310 -> 34310
DŽ: 34309 -> 34406
DŽ: 34414 -> 34510
DŽ: 34694 -> 34694
DŽ: 34406 -> 34497

 start over 479691 loops 605 unique solutions 
Original + vert_size 13 
DŽ: 30844 -> 31057
DŽ: 34210 -> 34306
DŽ: 34309 -> 34315
DŽ: 34115 -> 34211
DŽ: 34315 -> 34315
DŽ: 34210 -> 34306
DŽ: 30742 -> 30742
DŽ: 34294 -> 34294

 start over 486136 loops 613 unique solutions 
Original + vert_size 0 
DŽ: 30844 -> 30790
DŽ: 30742 -> 30742
DŽ: 30742 -> 30742
DŽ: 34216 -> 34410
DŽ: 34216 -> 34410
DŽ: 34211 -> 34211
DŽ: 30742 -> 30742

 start over 492941 loops 616 unique solutions 
Original + vert_size 0 
DŽ: 30844 -> 30790
DŽ: 34299 -> 34299
DŽ: 31045 -> 31318
DŽ: 34315 -> 34326
DŽ: 30742 -> 30742
DŽ: 34212 -> 34212
DŽ: 30742 -> 30742
DŽ: 30752 -> 31023
DŽ: 34122 -> 34219
DŽ: 31299 -> 31386
DŽ: 30742 -> 30742
DŽ: 30742 -> 30742

 start over 503459 loops 624 unique solutions 
Approx + random 
DŽ: 40359 -> 34904
DŽ: 31294 -> 31294
DŽ: 30742 -> 30742
DŽ: 34708 -> 34708
DŽ: 34119 -> 34211
DŽ: 34311 -> 34311
DŽ: 30742 -> 30742
DŽ: 34313 -> 34411

 start over 510348 loops 636 unique solutions 
Original + vert_size 13 
DŽ: 30844 -> 30969
DŽ: 30742 -> 30742
DŽ: 30742 -> 30742
DŽ: 34506 -> 34506
DŽ: 30742 -> 30742
DŽ: 34402 -> 34496
DŽ: 34297 -> 34397
DŽ: 30742 -> 30742

 start over 517259 loops 640 unique solutions 
Original + vert_size 0 
DŽ: 30844 -> 30790
DŽ: 34297 -> 34402
DŽ: 34124 -> 34221
DŽ: 30742 -> 30742
DŽ: 30742 -> 30742
DŽ: 34407 -> 34495
DŽ: 30742 -> 30742
DŽ: 31279 -> 31752

 start over 524639 loops 643 unique solutions 
Original + vert_size 0 
DŽ: 30844 -> 30790
DŽ: 34312 -> 34600
DŽ: 30772 -> 31044
DŽ: 34410 -> 34410
DŽ: 34318 -> 34415
DŽ: 30742 -> 30742
DŽ: 30742 -> 30742
DŽ: 30780 -> 30874
DŽ: 30742 -> 30742
DŽ: 30955 -> 31141

 start over 533126 loops 647 unique solutions 
Original + vert_size 0 
DŽ: 30844 -> 30790
DŽ: 30772 -> 31139
DŽ: 34221 -> 34221
DŽ: 34220 -> 34319
DŽ: 30788 -> 31062
DŽ: 30955 -> 31418
DŽ: 30742 -> 30742
DŽ: 34309 -> 34407
DŽ: 30790 -> 31125
DŽ: 31034 -> 31313
DŽ: 34311 -> 34311
DŽ: 30742 -> 30742

 start over 544539 loops 653 unique solutions 
Original + vert_size 0 
DŽ: 30844 -> 30790
DŽ: 31041 -> 31319
DŽ: 34220 -> 34220
DŽ: 31034 -> 31203
DŽ: 34032 -> 34227
DŽ: 31192 -> 31560
DŽ: 30742 -> 30742
DŽ: 30742 -> 30742
DŽ: 34500 -> 34690

 start over 552717 loops 662 unique solutions 
Original + vert_size 0 
DŽ: 30844 -> 30790
DŽ: 30742 -> 30742
DŽ: 31042 -> 31117
DŽ: 34412 -> 34508
DŽ: 30742 -> 30742
DŽ: 31044 -> 31233
DŽ: 30742 -> 30742
DŽ: 30742 -> 30742
DŽ: 30742 -> 30998

 start over 560272 loops 669 unique solutions 
Original + vert_size 0 
DŽ: 30844 -> 30785
DŽ: 30784 -> 31047
DŽ: 31047 -> 31327
DŽ: 34218 -> 34218
DŽ: 30742 -> 30742
DŽ: 30784 -> 31142
DŽ: 30785 -> 30881
DŽ: 30742 -> 30917
DŽ: 34125 -> 34125

 start over 568791 loops 670 unique solutions 
Original + vert_size 13 
DŽ: 30844 -> 31054
DŽ: 31142 -> 31332
DŽ: 34220 -> 34415
DŽ: 30742 -> 30742
DŽ: 31142 -> 31403
DŽ: 30782 -> 31046
DŽ: 34213 -> 34213
DŽ: 31142 -> 31313
DŽ: 31284 -> 31670
DŽ: 30742 -> 30742

 start over 577663 loops 681 unique solutions 
Original + vert_size 0 
DŽ: 30844 -> 30790
DŽ: 30786 -> 30882
DŽ: 31294 -> 31480
DŽ: 31305 -> 31592
DŽ: 30779 -> 30866
DŽ: 30742 -> 30742
DŽ: 30742 -> 30742
DŽ: 31578 -> 31929

 start over 584171 loops 697 unique solutions 
Original + vert_size 0 
DŽ: 30844 -> 30785
DŽ: 31581 -> 31764
DŽ: 30790 -> 30954
DŽ: 34483 -> 34483
DŽ: 31536 -> 31622
DŽ: 31560 -> 31830
DŽ: 30789 -> 30786
DŽ: 31303 -> 31675
DŽ: 30782 -> 31044

 start over 592576 loops 700 unique solutions 
Original + vert_size 0 
DŽ: 30844 -> 30790
DŽ: 30931 -> 31218
DŽ: 30932 -> 31020
DŽ: 30742 -> 30742
DŽ: 30742 -> 30742
DŽ: 30742 -> 30742
DŽ: 30928 -> 31301
DŽ: 30742 -> 30742
DŽ: 31195 -> 31481
DŽ: 30766 -> 30856

 start over 601031 loops 704 unique solutions 
Original + vert_size 13 
DŽ: 30844 -> 31247
DŽ: 30845 -> 30934
DŽ: 30925 -> 31012
DŽ: 30928 -> 31023
DŽ: 30948 -> 31321
DŽ: 31017 -> 31279
DŽ: 31753 -> 32036
DŽ: 30742 -> 30742

 start over 608729 loops 713 unique solutions 
Original + vert_size 0 
DŽ: 30844 -> 30785
DŽ: 30925 -> 31200
DŽ: 30918 -> 31285
DŽ: 31230 -> 31505
DŽ: 31467 -> 31736
DŽ: 30772 -> 31032
DŽ: 30742 -> 30742
DŽ: 31732 -> 31919

 start over 615461 loops 725 unique solutions 
Approx + random 
DŽ: 40359 -> 34722
DŽ: 31482 -> 31482
DŽ: 31221 -> 31407
DŽ: 31216 -> 31478
DŽ: 31207 -> 31387
DŽ: 34598 -> 34789
DŽ: 34500 -> 34601
DŽ: 34504 -> 34504

 start over 622082 loops 733 unique solutions 
Original + vert_size 13 
DŽ: 30844 -> 31360
DŽ: 34693 -> 34693
DŽ: 34590 -> 34590
DŽ: 31468 -> 31738
DŽ: 34498 -> 34498
DŽ: 31467 -> 31564
DŽ: 34499 -> 34590

 start over 628793 loops 738 unique solutions 
Approx + random 
DŽ: 40359 -> 34812
DŽ: 34498 -> 34591
DŽ: 30742 -> 30742
DŽ: 34498 -> 34696
DŽ: 34313 -> 34411
DŽ: 34415 -> 34513
DŽ: 30742 -> 30742
DŽ: 30742 -> 30742

 start over 635825 loops 747 unique solutions 
Approx + random 
DŽ: 40359 -> 34913
DŽ: 30742 -> 30742
DŽ: 34389 -> 34297
DŽ: 34416 -> 34512
DŽ: 30742 -> 30742
DŽ: 34397 -> 34495
DŽ: 30742 -> 30742
DŽ: 34708 -> 34612
DŽ: 30742 -> 30742

 start over 643181 loops 754 unique solutions 
Original + vert_size 0 
DŽ: 30844 -> 30790
DŽ: 34409 -> 34409
DŽ: 34603 -> 34603
DŽ: 34509 -> 34509
DŽ: 34501 -> 34595
DŽ: 30742 -> 30742
DŽ: 34609 -> 34813
DŽ: 34507 -> 34507

 start over 650360 loops 758 unique solutions 
Approx + random 
DŽ: 40359 -> 34730
DŽ: 34414 -> 34414
DŽ: 34507 -> 34417
DŽ: 34411 -> 34411
DŽ: 34406 -> 34702
DŽ: 34610 -> 34610
DŽ: 30742 -> 30742
DŽ: 34222 -> 34322

 start over 657093 loops 766 unique solutions 
Original + vert_size 0 
DŽ: 30844 -> 30790
DŽ: 34220 -> 34316
DŽ: 34411 -> 34411
DŽ: 34303 -> 34303
DŽ: 34417 -> 34605
DŽ: 34407 -> 34407
DŽ: 34416 -> 34416

 start over 663458 loops 771 unique solutions 
Approx + random 
DŽ: 40359 -> 34718
DŽ: 34518 -> 34617
DŽ: 30742 -> 30742
DŽ: 34508 -> 34612
DŽ: 34420 -> 34520
DŽ: 34312 -> 34410
DŽ: 34414 -> 34511
DŽ: 34402 -> 34503

 start over 670212 loops 781 unique solutions 
Approx + random 
DŽ: 40359 -> 34708
DŽ: 34317 -> 34415
DŽ: 30742 -> 30742
DŽ: 34504 -> 34504
DŽ: 34032 -> 34224
DŽ: 30742 -> 30742
DŽ: 34489 -> 34489
DŽ: 34395 -> 34395

 start over 677066 loops 787 unique solutions 
Original + vert_size 0 
DŽ: 30844 -> 30790
DŽ: 30742 -> 30742
DŽ: 30789 -> 31045
DŽ: 34290 -> 34385
DŽ: 34401 -> 34401
DŽ: 34332 -> 34334
DŽ: 34497 -> 34497
DŽ: 34487 -> 34490

 start over 684366 loops 793 unique solutions 
Approx + random 
DŽ: 40359 -> 34817
DŽ: 34496 -> 34596
DŽ: 30742 -> 30742
DŽ: 34294 -> 34294
DŽ: 30742 -> 30742
DŽ: 34497 -> 34497
DŽ: 34303 -> 34402
DŽ: 34303 -> 34399

 start over 691391 loops 799 unique solutions 
Original + vert_size 13 
DŽ: 30844 -> 31238
DŽ: 34217 -> 34316
DŽ: 34426 -> 34429
DŽ: 31233 -> 31417
DŽ: 30742 -> 30742
DŽ: 34429 -> 34529
DŽ: 31235 -> 31319

 start over 697751 loops 804 unique solutions 
Original + vert_size 0 
DŽ: 30844 -> 30790
DŽ: 34426 -> 34525
DŽ: 31227 -> 31397
DŽ: 30742 -> 30742
DŽ: 34217 -> 34217
DŽ: 31234 -> 31412
DŽ: 34307 -> 34501
DŽ: 34494 -> 34595

 start over 704661 loops 815 unique solutions 
Original + vert_size 13 
DŽ: 30844 -> 31061
DŽ: 30742 -> 30742
DŽ: 34426 -> 34426
DŽ: 34409 -> 34409
DŽ: 34411 -> 34411
DŽ: 34297 -> 34401
DŽ: 34304 -> 34304
DŽ: 34396 -> 34495

 start over 711178 loops 819 unique solutions 
Original + vert_size 0 
DŽ: 30844 -> 30790
DŽ: 34312 -> 34506
DŽ: 30742 -> 30742
DŽ: 34398 -> 34490
DŽ: 30742 -> 30742
DŽ: 34311 -> 34311
DŽ: 34402 -> 34595
DŽ: 34415 -> 34415

 start over 718487 loops 829 unique solutions 
Approx + random 
DŽ: 40359 -> 34727
DŽ: 30742 -> 30742
DŽ: 34303 -> 34402
DŽ: 30742 -> 30742
DŽ: 34214 -> 34411
DŽ: 34313 -> 34602
DŽ: 34511 -> 34613
DŽ: 30742 -> 30742

 start over 725907 loops 836 unique solutions 
Approx + random 
DŽ: 40359 -> 34716
DŽ: 34306 -> 34498
DŽ: 34434 -> 34534
DŽ: 34609 -> 34705
DŽ: 30742 -> 30742
DŽ: 34601 -> 34601
DŽ: 34406 -> 34504
DŽ: 30742 -> 30742

 start over 732748 loops 843 unique solutions 
Original + vert_size 13 
DŽ: 30844 -> 31047
DŽ: 30742 -> 30742
DŽ: 34325 -> 34418
DŽ: 30742 -> 30742
DŽ: 30742 -> 30742
DŽ: 34298 -> 34298
DŽ: 34319 -> 34429
DŽ: 30742 -> 30742
DŽ: 34319 -> 34316

 start over 740176 loops 849 unique solutions 
Original + vert_size 0 
DŽ: 30844 -> 30790
DŽ: 34216 -> 34216
DŽ: 34305 -> 34409
DŽ: 34409 -> 34512
DŽ: 34305 -> 34305
DŽ: 30790 -> 31049
DŽ: 34207 -> 34207

 start over 746952 loops 855 unique solutions 
Approx + random 
DŽ: 40359 -> 34806
DŽ: 34305 -> 34404
DŽ: 34221 -> 34419
DŽ: 34501 -> 34501
DŽ: 30742 -> 30742
DŽ: 30742 -> 30742
DŽ: 30742 -> 30742
DŽ: 30742 -> 30742
DŽ: 30742 -> 30742

 start over 754499 loops 862 unique solutions 
Original + vert_size 0 
DŽ: 30844 -> 30790
DŽ: 34393 -> 34393
DŽ: 30742 -> 30742
DŽ: 34397 -> 34593
DŽ: 30742 -> 30742
DŽ: 34203 -> 34203
DŽ: 30742 -> 30742
DŽ: 34214 -> 34214

 start over 761688 loops 869 unique solutions 
Original + vert_size 0 
DŽ: 30844 -> 30790
DŽ: 34207 -> 34306
DŽ: 30742 -> 30742
DŽ: 34305 -> 34305
DŽ: 30790 -> 30962
DŽ: 30742 -> 30742
DŽ: 34296 -> 34296
DŽ: 34201 -> 34302

 start over 768698 loops 872 unique solutions 
Original + vert_size 13 
DŽ: 30844 -> 31137
DŽ: 34107 -> 34390
DŽ: 34212 -> 34212
DŽ: 30787 -> 31040
DŽ: 30742 -> 30742
DŽ: 34391 -> 34488
DŽ: 34216 -> 34312
DŽ: 30742 -> 30742
DŽ: 30742 -> 30742

 start over 776451 loops 878 unique solutions 
Original + vert_size 0 
DŽ: 30844 -> 30790
DŽ: 34402 -> 34402
DŽ: 30742 -> 30742
DŽ: 30780 -> 30965
DŽ: 34216 -> 34216
DŽ: 34402 -> 34494
DŽ: 34299 -> 34299
DŽ: 34400 -> 34400
DŽ: 34118 -> 34219

 start over 784913 loops 879 unique solutions 
Original + vert_size 0 
DŽ: 30844 -> 30785
DŽ: 30742 -> 30742
DŽ: 30742 -> 30742
DŽ: 34396 -> 34396
DŽ: 34386 -> 34386
DŽ: 30742 -> 30742
DŽ: 34494 -> 34494
DŽ: 30742 -> 30742
DŽ: 30742 -> 30742
DŽ: 30779 -> 30971

 start over 793735 loops 881 unique solutions 
Original + vert_size 13 
DŽ: 30844 -> 31419
DŽ: 34216 -> 34206
DŽ: 34209 -> 34307
DŽ: 30742 -> 30742
DŽ: 30742 -> 30742
DŽ: 34302 -> 34400
DŽ: 30742 -> 30742
DŽ: 30742 -> 30843
DŽ: 34108 -> 34303

 start over 801694 loops 887 unique solutions 
Approx + random 
DŽ: 40359 -> 34732
DŽ: 30742 -> 30742
DŽ: 34432 -> 34432
DŽ: 34204 -> 34204
DŽ: 34328 -> 34330
DŽ: 30742 -> 30742
DŽ: 34108 -> 34207
DŽ: 34421 -> 34417

 start over 808845 loops 907 unique solutions 
Original + vert_size 13 
DŽ: 30844 -> 31238
DŽ: 34224 -> 34323
DŽ: 34634 -> 34732
DŽ: 34232 -> 34428
DŽ: 30742 -> 30742
DŽ: 34497 -> 34496
DŽ: 30742 -> 30742
DŽ: 34297 -> 34397

 start over 815831 loops 915 unique solutions 
Original + vert_size 13 
DŽ: 30844 -> 31533
DŽ: 34208 -> 34208
DŽ: 30742 -> 30742
DŽ: 30742 -> 30742
DŽ: 30742 -> 30742
DŽ: 34394 -> 34394
DŽ: 30742 -> 30742
DŽ: 34391 -> 34490

 start over 822835 loops 919 unique solutions 
Approx + random 
DŽ: 40359 -> 34523
DŽ: 34501 -> 34596
DŽ: 30742 -> 30742
DŽ: 34399 -> 34587
DŽ: 34211 -> 34211
DŽ: 30742 -> 30742
DŽ: 34212 -> 34305
DŽ: 34205 -> 34213

 start over 829604 loops 927 unique solutions 
Original + vert_size 13 
DŽ: 30844 -> 31226
DŽ: 34327 -> 34508
DŽ: 34304 -> 34307
DŽ: 34303 -> 34397
DŽ: 34209 -> 34315
DŽ: 30742 -> 30742
DŽ: 34590 -> 34590
DŽ: 34307 -> 34406

 start over 836234 loops 937 unique solutions 
Original + vert_size 13 
DŽ: 30844 -> 31057
DŽ: 34396 -> 34397
DŽ: 34488 -> 34578
DŽ: 34397 -> 34488
DŽ: 34405 -> 34405
DŽ: 34209 -> 34209
DŽ: 34209 -> 34305

 start over 842330 loops 940 unique solutions 
Original + vert_size 13 
DŽ: 30844 -> 31429
DŽ: 30742 -> 30742
DŽ: 34214 -> 34410
DŽ: 34484 -> 34575
DŽ: 34299 -> 34203
DŽ: 34481 -> 34672
DŽ: 34392 -> 34586

 start over 848406 loops 946 unique solutions 
Original + vert_size 13 
DŽ: 30844 -> 31159
DŽ: 31225 -> 31493
DŽ: 34300 -> 34397
DŽ: 34475 -> 34475
DŽ: 34211 -> 34312
DŽ: 34298 -> 34298
DŽ: 34475 -> 34479

 start over 854441 loops 951 unique solutions 
Approx + random 
DŽ: 40359 -> 34714
DŽ: 34209 -> 34209
DŽ: 34113 -> 34403
DŽ: 31053 -> 31154
DŽ: 34209 -> 34308
DŽ: 34332 -> 34513
DŽ: 34308 -> 34407
DŽ: 34242 -> 34338

 start over 861164 loops 960 unique solutions 
Approx + random 
DŽ: 40359 -> 34712
DŽ: 34497 -> 34497
DŽ: 30742 -> 30742
DŽ: 30742 -> 30742
DŽ: 34314 -> 34512
DŽ: 34152 -> 34335
DŽ: 34305 -> 34305
DŽ: 34314 -> 34314

 start over 868272 loops 965 unique solutions 
Approx + random 
DŽ: 40359 -> 34812
DŽ: 34601 -> 34604
DŽ: 30742 -> 30742
DŽ: 34493 -> 34400
DŽ: 34491 -> 34491
DŽ: 30742 -> 30742
DŽ: 34502 -> 34502
DŽ: 30742 -> 30742

 start over 875507 loops 972 unique solutions 
Approx + random 
DŽ: 40359 -> 34908
DŽ: 30742 -> 30742
DŽ: 30742 -> 30742
DŽ: 30742 -> 30742
DŽ: 30742 -> 30742
DŽ: 30742 -> 30742
DŽ: 34417 -> 34417
DŽ: 30742 -> 30742
DŽ: 34509 -> 34607

 start over 883241 loops 978 unique solutions 
Approx + random 
DŽ: 40359 -> 34814
DŽ: 30742 -> 30742
DŽ: 34301 -> 34301
DŽ: 30742 -> 30742
DŽ: 30742 -> 30742
DŽ: 34427 -> 34521
DŽ: 30742 -> 30742
DŽ: 30742 -> 30742

 start over 890400 loops 987 unique solutions 
Original + vert_size 0 
DŽ: 30844 -> 30790
DŽ: 34243 -> 34243
DŽ: 30742 -> 30742
DŽ: 34348 -> 34440
DŽ: 34301 -> 34496
DŽ: 34321 -> 34321
DŽ: 34333 -> 34539
DŽ: 34399 -> 34399

 start over 897857 loops 994 unique solutions 
Approx + random 
DŽ: 40359 -> 34824
DŽ: 30742 -> 30742
DŽ: 34731 -> 34633
DŽ: 34511 -> 34707
DŽ: 30742 -> 30742
DŽ: 34306 -> 34400
DŽ: 34309 -> 34309
DŽ: 34303 -> 34300

 start over 904920 loops 1000 unique solutions 
Original + vert_size 0 
DŽ: 30844 -> 30790
DŽ: 30742 -> 30742
DŽ: 34215 -> 34314
DŽ: 34527 -> 34717
DŽ: 30742 -> 30742
DŽ: 34407 -> 34503
DŽ: 30742 -> 31208
DŽ: 30742 -> 30742
DŽ: 31208 -> 31392

 start over 912151 loops 1009 unique solutions 
Approx + random 
DŽ: 40359 -> 34905
DŽ: 34522 -> 34795
DŽ: 34517 -> 34614
DŽ: 34322 -> 34420
DŽ: 34316 -> 34411
DŽ: 34684 -> 34689
DŽ: 34496 -> 34585

 start over 918920 loops 1017 unique solutions 
Approx + random 
DŽ: 40359 -> 34723
DŽ: 30742 -> 30742
DŽ: 34408 -> 34602
DŽ: 34592 -> 34688
DŽ: 30742 -> 30742
DŽ: 34592 -> 34691
DŽ: 30742 -> 30742
DŽ: 34299 -> 34299

 start over 925962 loops 1023 unique solutions 
Original + vert_size 0 
DŽ: 30844 -> 30790
DŽ: 30742 -> 30742
DŽ: 34309 -> 34407
DŽ: 34407 -> 34411
DŽ: 30742 -> 30742
DŽ: 30742 -> 30742
DŽ: 34299 -> 34299
DŽ: 34198 -> 34294

 start over 932564 loops 1025 unique solutions 
Original + vert_size 0 
DŽ: 30844 -> 30790
DŽ: 34210 -> 34210
DŽ: 30742 -> 30742
DŽ: 30742 -> 30742
DŽ: 30742 -> 30742
DŽ: 34398 -> 34398
DŽ: 34495 -> 34692
DŽ: 34398 -> 34498

 start over 939329 loops 1028 unique solutions 
Original + vert_size 0 
DŽ: 30844 -> 30790
DŽ: 34396 -> 34495
DŽ: 34395 -> 34395
DŽ: 30742 -> 30742
DŽ: 30742 -> 30742
DŽ: 30742 -> 30742
DŽ: 30742 -> 30742
DŽ: 34303 -> 34303
DŽ: 34306 -> 34600

 start over 947222 loops 1032 unique solutions 
Approx + random 
DŽ: 40359 -> 34713
DŽ: 34586 -> 34586
DŽ: 30742 -> 30742
DŽ: 30742 -> 30742
DŽ: 30742 -> 30742
DŽ: 34395 -> 34485
DŽ: 34205 -> 34205
DŽ: 34115 -> 34212

 start over 954286 loops 1045 unique solutions 
Original + vert_size 0 
DŽ: 30844 -> 30790
DŽ: 30790 -> 31126
DŽ: 34205 -> 34395
DŽ: 30790 -> 31082
DŽ: 30742 -> 30742
DŽ: 31126 -> 31411
DŽ: 34307 -> 34401
DŽ: 34213 -> 34508

 start over 961072 loops 1052 unique solutions 
Approx + random 
DŽ: 40359 -> 35094
DŽ: 34411 -> 34411
DŽ: 31107 -> 31189
DŽ: 30742 -> 30742
DŽ: 34217 -> 34217
DŽ: 34397 -> 34495
DŽ: 34397 -> 34397

 start over 967825 loops 1060 unique solutions 
Approx + random 
DŽ: 40359 -> 34716
DŽ: 30742 -> 30742
DŽ: 34403 -> 34403
DŽ: 30742 -> 30742
DŽ: 34229 -> 34228
DŽ: 34314 -> 34314
DŽ: 34415 -> 34615
DŽ: 34412 -> 34412

 start over 974851 loops 1063 unique solutions 
Approx + random 
DŽ: 40359 -> 34628
DŽ: 30742 -> 30742
DŽ: 30742 -> 30923
DŽ: 30742 -> 30742
DŽ: 34320 -> 34317
DŽ: 30742 -> 30742
DŽ: 34233 -> 34233
DŽ: 34320 -> 34320

 start over 981901 loops 1072 unique solutions 
Approx + random 
DŽ: 40359 -> 34807
DŽ: 30742 -> 30742
DŽ: 30742 -> 30742
DŽ: 30742 -> 30981
DŽ: 34334 -> 34334
DŽ: 34243 -> 34340
DŽ: 34517 -> 34517
DŽ: 34211 -> 34509
DŽ: 34222 -> 34222

 start over 989079 loops 1080 unique solutions 
Approx + random 
DŽ: 40359 -> 34906
DŽ: 34405 -> 34405
DŽ: 30742 -> 30742
DŽ: 30981 -> 31524
DŽ: 30742 -> 30742
DŽ: 34392 -> 34491
DŽ: 34406 -> 34507

 start over 995800 loops 1086 unique solutions 
Original + vert_size 0 
DŽ: 30844 -> 30790
DŽ: 34392 -> 34392
DŽ: 34501 -> 34601
DŽ: 34214 -> 34314
DŽ: 34401 -> 34501
DŽ: 30742 -> 30742
DŽ: 34308 -> 34506
DŽ: 30742 -> 30742

 start over 1002643 loops 1095 unique solutions 
Original + vert_size 0 
DŽ: 30844 -> 30790
DŽ: 34497 -> 34594
DŽ: 34130 -> 34320
DŽ: 34133 -> 34227
DŽ: 30742 -> 30742
DŽ: 34224 -> 34320
DŽ: 34121 -> 34310
DŽ: 34497 -> 34596

 start over 1009257 loops 1100 unique solutions 
Approx + random 
DŽ: 40359 -> 34714
DŽ: 30742 -> 30742
DŽ: 34420 -> 34420
DŽ: 34127 -> 34229
DŽ: 30742 -> 30742
DŽ: 30742 -> 30742
DŽ: 30742 -> 30742
DŽ: 34303 -> 34397

 start over 1016443 loops 1105 unique solutions 
Original + vert_size 0 
DŽ: 30844 -> 30790
DŽ: 34406 -> 34502
DŽ: 30742 -> 30742
DŽ: 34305 -> 34401
DŽ: 30742 -> 30742
DŽ: 34202 -> 34301
DŽ: 34207 -> 34405
DŽ: 34211 -> 34298

 start over 1023262 loops 1112 unique solutions 
Approx + random 
DŽ: 40359 -> 34816
DŽ: 34389 -> 34392
DŽ: 34202 -> 34302
DŽ: 34196 -> 34297
DŽ: 34295 -> 34312
DŽ: 30742 -> 30742
DŽ: 34128 -> 34226

 start over 1029964 loops 1121 unique solutions 
Original + vert_size 0 
DŽ: 30844 -> 30790
DŽ: 34109 -> 34208
DŽ: 30742 -> 30742
DŽ: 34218 -> 34218
DŽ: 30742 -> 30742
DŽ: 34389 -> 34489
DŽ: 34399 -> 34598
DŽ: 30742 -> 30742

 start over 1036802 loops 1124 unique solutions 
Original + vert_size 0 
DŽ: 30844 -> 30790
DŽ: 30742 -> 30742
DŽ: 30742 -> 30742
DŽ: 30742 -> 30742
DŽ: 34208 -> 34305
DŽ: 34211 -> 34211
DŽ: 34301 -> 34492
DŽ: 34309 -> 34403

 start over 1043785 loops 1128 unique solutions 
Original + vert_size 0 
DŽ: 30844 -> 30790
DŽ: 30742 -> 30742
DŽ: 34205 -> 34303
DŽ: 34294 -> 34390
DŽ: 30742 -> 30742
DŽ: 34203 -> 34297
DŽ: 34394 -> 34587
DŽ: 34402 -> 34402
DŽ: 34304 -> 34404

 start over 1051063 loops 1137 unique solutions 
Original + vert_size 0 
DŽ: 30844 -> 30790
DŽ: 34390 -> 34394
DŽ: 34292 -> 34388
DŽ: 34301 -> 34399
DŽ: 34392 -> 34119
DŽ: 30742 -> 30742
DŽ: 34292 -> 34394

 start over 1057776 loops 1143 unique solutions 
Original + vert_size 0 
DŽ: 30844 -> 30790
DŽ: 34399 -> 34399
DŽ: 34303 -> 34500
DŽ: 34296 -> 34387
DŽ: 34296 -> 34296
DŽ: 34306 -> 34406
DŽ: 34299 -> 34398
DŽ: 30742 -> 30742
DŽ: 34293 -> 34394

 start over 1065094 loops 1149 unique solutions 
Original + vert_size 13 
DŽ: 30844 -> 30869
DŽ: 30742 -> 30742
DŽ: 34394 -> 34590
DŽ: 34392 -> 34297
DŽ: 34218 -> 34297
DŽ: 30742 -> 30742
DŽ: 34407 -> 34213

 start over 1071879 loops 1157 unique solutions 
Approx + random 
DŽ: 40359 -> 34812
DŽ: 30742 -> 31116
DŽ: 34394 -> 34387
DŽ: 30742 -> 30742
DŽ: 34333 -> 34421
DŽ: 34416 -> 34615
DŽ: 34714 -> 34816
DŽ: 34318 -> 34411

 start over 1078500 loops 1164 unique solutions 
Original + vert_size 0 
DŽ: 30844 -> 30790
DŽ: 34423 -> 34812
DŽ: 34329 -> 34427
DŽ: 34323 -> 34323
DŽ: 34808 -> 34901
DŽ: 34420 -> 34519
DŽ: 34694 -> 34793
DŽ: 34596 -> 34694

 start over 1085382 loops 1172 unique solutions 
Original + vert_size 0 
DŽ: 30844 -> 30790
DŽ: 30742 -> 30742
DŽ: 34591 -> 34591
DŽ: 34694 -> 34694
DŽ: 34494 -> 34402
DŽ: 30742 -> 30742
DŽ: 30742 -> 30742
DŽ: 34407 -> 34407

 start over 1092255 loops 1174 unique solutions 
Original + vert_size 0 
DŽ: 30844 -> 30790
DŽ: 30742 -> 30742
DŽ: 34705 -> 34902
DŽ: 34600 -> 34600
DŽ: 30790 -> 31061
DŽ: 34594 -> 34690
DŽ: 34309 -> 34309

 start over 1098853 loops 1180 unique solutions 
Original + vert_size 13 
DŽ: 30844 -> 31216
DŽ: 30742 -> 30742
DŽ: 34403 -> 34600
DŽ: 34208 -> 34301
DŽ: 34320 -> 34421
DŽ: 30742 -> 30742
DŽ: 30742 -> 30742
DŽ: 30742 -> 30742
DŽ: 30742 -> 30742

 start over 1106211 loops 1185 unique solutions 
Approx + random 
DŽ: 40359 -> 34724
DŽ: 30742 -> 30742
DŽ: 34600 -> 34600
DŽ: 34613 -> 34706
DŽ: 30742 -> 30742
DŽ: 30742 -> 30742
DŽ: 30742 -> 30742
DŽ: 30742 -> 30742

 start over 1113566 loops 1196 unique solutions 
Original + vert_size 0 
DŽ: 30844 -> 30790
DŽ: 34498 -> 34598
DŽ: 34337 -> 34337
DŽ: 34432 -> 34625
DŽ: 30742 -> 30742
DŽ: 34241 -> 34332
DŽ: 34337 -> 34430
DŽ: 30742 -> 30742

 start over 1120401 loops 1202 unique solutions 
Original + vert_size 13 
DŽ: 30844 -> 31061
DŽ: 34334 -> 34428
DŽ: 30742 -> 30742
DŽ: 34331 -> 34430
DŽ: 34408 -> 34500
DŽ: 34340 -> 34436
DŽ: 34408 -> 34408

 start over 1126221 loops 1206 unique solutions 
Approx + random 
DŽ: 40359 -> 34621
DŽ: 34590 -> 34785
DŽ: 30742 -> 30742
DŽ: 34589 -> 34589
DŽ: 30742 -> 30742
DŽ: 34222 -> 34422
DŽ: 34116 -> 34215
DŽ: 30742 -> 30742

 start over 1133349 loops 1215 unique solutions 
Original + vert_size 13 
DŽ: 30844 -> 31221
DŽ: 34220 -> 34412
DŽ: 34304 -> 34494
DŽ: 34314 -> 34413
DŽ: 34129 -> 34322
DŽ: 34221 -> 34321
DŽ: 34214 -> 34310

 start over 1139669 loops 1221 unique solutions 
Original + vert_size 0 
DŽ: 30844 -> 30790
DŽ: 34120 -> 34218
DŽ: 34215 -> 34215
DŽ: 34234 -> 34236
DŽ: 34319 -> 34514
DŽ: 30742 -> 30742
DŽ: 30742 -> 30742
DŽ: 34220 -> 34220

 start over 1146351 loops 1226 unique solutions 
Original + vert_size 0 
DŽ: 30844 -> 30790
DŽ: 34210 -> 34210
DŽ: 34214 -> 34214
DŽ: 34311 -> 34409
DŽ: 34317 -> 34415
DŽ: 30742 -> 30742
DŽ: 30742 -> 30742

 start over 1152586 loops 1228 unique solutions 
Approx + random 
DŽ: 40359 -> 34718
DŽ: 34319 -> 34319
DŽ: 34220 -> 34319
DŽ: 34400 -> 34397
DŽ: 30742 -> 30742
DŽ: 30742 -> 30742
DŽ: 34498 -> 34698
DŽ: 30742 -> 30742

 start over 1159896 loops 1239 unique solutions 
Approx + random 
DŽ: 40359 -> 34907
DŽ: 34401 -> 34401
DŽ: 34307 -> 34403
DŽ: 34505 -> 34599
DŽ: 34502 -> 34502
DŽ: 30742 -> 30742
DŽ: 34508 -> 34508
DŽ: 34324 -> 34325

 start over 1166663 loops 1248 unique solutions 
Original + vert_size 0 
DŽ: 30844 -> 30790
DŽ: 30742 -> 30742
DŽ: 30742 -> 30742
end_heu: 1168511 loops with 1248 unique solutions in 1799.5 s

Calling print_solution
>>> get_solution
  refine_solution: new weight 30742 (was 30742) in 0.000762 s
## FINAL WEIGHT 30742
print_solution: 0.001165 s
