Version: final-94-gfffc3aa rub_all.sh: remove longest prefix
Random seed: 1550770003
Start
>>> save_orig_graph
>> Saved weight 0
Graph loaded
|V| = 1332, |E| = 19965, |R| = 61
First clearance of the input. Calling buy_zero and run_all_heuristics.
  buy_zero: 0 zero edges in 2e-05 s
  handle_small_terminal_degrees: terms 0 in 2e-06 s
  handle_small_Steiner_degrees: steiner 0, suppress 0 in 2e-06 s
  shortest_edge_between_terminals: 0 edges in 8e-06 s
Compressed graph 1332 -> 1331
  delete_edges: deleted 0 edges in 0.004225 s and 1 rounds
  handle_small_terminal_degrees: terms 0 in 1e-06 s
  handle_small_Steiner_degrees: steiner 0, suppress 0 in 2e-06 s
  shortest_edge_between_terminals: 0 edges in 7e-06 s
Compressed graph 1331 -> 1331
  delete_edges_shortest_path: deleted 0 edges in 0.019442 s
  handle_small_terminal_degrees: terms 0 in 1e-06 s
  handle_small_Steiner_degrees: steiner 0, suppress 0 in 2e-06 s
  shortest_edge_between_terminals: 0 edges in 8e-06 s
Compressed graph 1331 -> 1331
  handle_small_terminal_degrees: terms 0 in 1e-06 s
  handle_small_Steiner_degrees: steiner 0, suppress 0 in 2e-06 s
  shortest_edge_between_terminals: 0 edges in 8e-06 s
Compressed graph 1331 -> 1331
  delete_edges_shortest_path: deleted 0 edges in 0.019365 s
  handle_small_terminal_degrees: terms 0 in 1e-06 s
  handle_small_Steiner_degrees: steiner 0, suppress 0 in 2e-06 s
  shortest_edge_between_terminals: 0 edges in 7e-06 s
Compressed graph 1331 -> 1331
Compressed graph 1331 -> 1331
>>> save_orig_graph
>> Saved weight 0
### ZEL_LVL=9 PRECISE_STARS=0

Calling `contract_till_the_bitter_end`
|V| = 1331, |E| = 19965, |R| = 61
>> 1 (128: 122 183 122) (0.007447 s)
>> 1 (192: 190 225 190) (0.007239 s)
>> 1 (219: 211 241 211) (0.007087 s)
>> 1 (244: 249 354 249) (0.006799 s)
>> 1 (302: 300 313 300) (0.006547 s)
>> 1 (351: 340 342 340) (0.006248 s)
>> 1 (366: 365 454 365) (0.006056 s)
>> 1 (428: 423 472 423) (0.005745 s)
>> 1 (551: 430 552 430) (0.005389 s)
>> 1 (601: 480 590 480) (0.005262 s)
>> 1 (19: 15 30 15) (0.004985 s)
>> 0 (-1: -1 -1 -1) (0.004256 s)
Zelikovsky 0.358481 s
>> 1 (11: 1100 33 15) (0.262839 s)
>> 1 (17: 1100 864 50) (0.261707 s)
>> 1 (19: 1100 624 30) (0.261499 s)
>> 1 (20: 1100 746 86) (0.261583 s)
>> 1 (123: 365 211 122) (0.261883 s)
>> 1 (124: 487 365 190) (0.261794 s)
>> 1 (126: 973 487 225) (0.260505 s)
>> 1 (128: 249 973 183) (0.260522 s)
>> 1 (131: 1220 249 241) (0.260636 s)
>> 1 (298: 1024 342 300) (0.261257 s)
>> 1 (299: 1267 1024 354) (0.260591 s)
>> 1 (302: 423 1267 313) (0.260399 s)
>> 1 (307: 549 423 340) (0.260543 s)
>> 1 (315: 1283 1220 549) (0.261154 s)
>> 1 (431: 552 1283 430) (0.265712 s)
>> 1 (439: 472 1044 552) (0.266446 s)
>> 1 (452: 573 472 454) (0.26768 s)
>> 1 (458: 480 1063 573) (0.269133 s)
>> 1 (577: 1303 599 480) (0.270613 s)
>> 1 (585: 1069 1303 590) (0.271628 s)
>> 1 (631: 686 752 627) (0.272052 s)
>> 1 (633: 1117 686 644) (0.271616 s)
>> 1 (636: 878 1117 658) (0.272068 s)
>> 1 (646: 767 1100 878) (0.272621 s)
>> 1 (774: 1137 770 767) (0.27588 s)
>> 1 (803: 924 1137 809) (0.277326 s)
>> 1 (888: 884 924 899) (0.278611 s)
>> 1 (1070: 1312 1081 1069) (0.279993 s)
>> 1 (1130: 1174 1131 884) (0.280322 s)
>> 0 (-1: -1 -1 -1) (0.281879 s)
Zelikovsky- 8.04485 s
>>> get_solution
  refine_solution: new weight 92 (was 92) in 0.006476 s
>>> get_solution
  refine_solution: new weight 114 (was 116) in 0.006279 s
  refine_solution: new weight 114 (was 114) in 0.006205 s
0,,1331,19965,61,,0,0,,116,114,109,92,92,,0,0,@@

  delete_edges: deleted 0 edges in 0.004227 s and 1 rounds
  handle_small_Steiner_degrees: steiner 0, suppress 0 in 2e-06 s
Starting round 1
Found 0 isolated vertices
Invalid ratios recomputed: 1331
Best ratio is 3/2 (1.5), centered at 11
Finding the best star... Star with 3 terminals centered in 15
round took: 0.091368 s
|V| = 1331, |E| = 19932, |R| = 59
>> 1 (128: 122 183 122) (0.00703 s)
>> 1 (192: 190 225 190) (0.006807 s)
>> 1 (219: 211 241 211) (0.006598 s)
>> 1 (244: 249 354 249) (0.006296 s)
>> 1 (302: 300 313 300) (0.006051 s)
>> 1 (351: 340 342 340) (0.00583 s)
>> 1 (366: 365 454 365) (0.005534 s)
>> 1 (428: 423 472 423) (0.005314 s)
>> 1 (551: 430 552 430) (0.005062 s)
>> 1 (601: 480 590 480) (0.004853 s)
>> 1 (19: 15 30 15) (0.004703 s)
>> 0 (-1: -1 -1 -1) (0.004077 s)
Zelikovsky 0.349402 s
>> 1 (17: 864 50 15) (0.261125 s)
>> 1 (19: 624 864 30) (0.260797 s)
>> 1 (20: 746 624 86) (0.260803 s)
>> 1 (123: 365 211 122) (0.261721 s)
>> 1 (124: 487 365 190) (0.260173 s)
>> 1 (126: 973 487 225) (0.259678 s)
>> 1 (128: 249 973 183) (0.259859 s)
>> 1 (131: 1220 249 241) (0.259787 s)
>> 1 (298: 1024 342 300) (0.260389 s)
>> 1 (299: 1267 1024 354) (0.259701 s)
>> 1 (302: 423 1267 313) (0.259691 s)
>> 1 (307: 549 423 340) (0.259761 s)
>> 1 (315: 1283 1220 549) (0.260104 s)
>> 1 (431: 552 1283 430) (0.264803 s)
>> 1 (439: 472 1044 552) (0.265986 s)
>> 1 (452: 573 472 454) (0.266877 s)
>> 1 (458: 480 1063 573) (0.268585 s)
>> 1 (577: 1303 599 480) (0.269851 s)
>> 1 (585: 1069 1303 590) (0.271136 s)
>> 1 (631: 686 752 627) (0.271082 s)
>> 1 (633: 1117 686 644) (0.270695 s)
>> 1 (636: 878 1117 658) (0.271084 s)
>> 1 (646: 767 878 746) (0.271761 s)
>> 1 (774: 1137 770 767) (0.275219 s)
>> 1 (803: 924 1137 809) (0.276748 s)
>> 1 (888: 884 924 899) (0.277846 s)
>> 1 (1070: 1312 1081 1069) (0.279541 s)
>> 1 (1130: 1174 1131 884) (0.279487 s)
>> 0 (-1: -1 -1 -1) (0.28118 s)
Zelikovsky- 7.75936 s
>>> get_solution
  refine_solution: new weight 92 (was 92) in 0.006466 s
>>> get_solution
  refine_solution: new weight 112 (was 116) in 0.006239 s
  refine_solution: new weight 111 (was 112) in 0.006182 s
  refine_solution: new weight 111 (was 111) in 0.006201 s
1,,1331,19932,59,,1331,0,,116,111,107,92,92,,3,3,@@

  handle_small_Steiner_degrees: steiner 0, suppress 0 in 2e-06 s
Starting round 2
Found 3 isolated vertices
Invalid ratios recomputed: 553
Best ratio is 3/2 (1.5), centered at 17
Finding the best star... Star with 3 terminals centered in 15
round took: 0.045341 s
|V| = 1331, |E| = 19896, |R| = 57
>> 1 (128: 122 183 122) (0.006716 s)
>> 1 (192: 190 225 190) (0.006554 s)
>> 1 (219: 211 241 211) (0.006349 s)
>> 1 (244: 249 354 249) (0.006008 s)
>> 1 (302: 300 313 300) (0.005766 s)
>> 1 (351: 340 342 340) (0.005488 s)
>> 1 (366: 365 454 365) (0.005222 s)
>> 1 (428: 423 472 423) (0.00491 s)
>> 1 (551: 430 552 430) (0.004616 s)
>> 1 (601: 480 590 480) (0.00448 s)
>> 1 (19: 15 30 15) (0.004201 s)
>> 0 (-1: -1 -1 -1) (0.003732 s)
Zelikovsky 0.342433 s
>> 1 (19: 624 30 15) (0.259878 s)
>> 1 (20: 746 624 86) (0.259901 s)
>> 1 (123: 365 211 122) (0.260292 s)
>> 1 (124: 487 365 190) (0.259606 s)
>> 1 (126: 973 487 225) (0.258785 s)
>> 1 (128: 249 973 183) (0.259011 s)
>> 1 (131: 1220 249 241) (0.259029 s)
>> 1 (298: 1024 342 300) (0.259664 s)
>> 1 (299: 1267 1024 354) (0.25892 s)
>> 1 (302: 423 1267 313) (0.258834 s)
>> 1 (307: 549 423 340) (0.259149 s)
>> 1 (315: 1283 1220 549) (0.259442 s)
>> 1 (431: 552 1283 430) (0.264053 s)
>> 1 (439: 472 1044 552) (0.264825 s)
>> 1 (452: 573 472 454) (0.266112 s)
>> 1 (458: 480 1063 573) (0.267518 s)
>> 1 (577: 1303 599 480) (0.269057 s)
>> 1 (585: 1069 1303 590) (0.270063 s)
>> 1 (631: 686 752 627) (0.27035 s)
>> 1 (633: 1117 686 644) (0.270194 s)
>> 1 (636: 878 1117 658) (0.270261 s)
>> 1 (646: 767 878 746) (0.270992 s)
>> 1 (774: 1137 770 767) (0.274448 s)
>> 1 (803: 924 1137 809) (0.275701 s)
>> 1 (888: 924 899 884) (0.277086 s)
>> 1 (1070: 1312 1081 1069) (0.278486 s)
>> 1 (1130: 1174 1131 924) (0.278531 s)
>> 0 (-1: -1 -1 -1) (0.280084 s)
Zelikovsky- 7.47378 s
>>> get_solution
  refine_solution: new weight 92 (was 92) in 0.006455 s
>>> get_solution
  refine_solution: new weight 113 (was 114) in 0.006234 s
  refine_solution: new weight 110 (was 113) in 0.006162 s
  refine_solution: new weight 109 (was 110) in 0.006202 s
  refine_solution: new weight 109 (was 109) in 0.006211 s
2,,1328,19896,57,,553,0,,114,109,107,92,92,,3,3,@@

  handle_small_Steiner_degrees: steiner 0, suppress 0 in 2e-06 s
Starting round 3
Found 6 isolated vertices
Invalid ratios recomputed: 767
Best ratio is 3/2 (1.5), centered at 19
Finding the best star... Star with 3 terminals centered in 15
round took: 0.063755 s
|V| = 1331, |E| = 19857, |R| = 55
>> 1 (128: 122 183 122) (0.006322 s)
>> 1 (192: 190 225 190) (0.006224 s)
>> 1 (219: 211 241 211) (0.005994 s)
>> 1 (244: 249 354 249) (0.005746 s)
>> 1 (302: 300 313 300) (0.005457 s)
>> 1 (351: 340 342 340) (0.005263 s)
>> 1 (366: 365 454 365) (0.005002 s)
>> 1 (428: 423 472 423) (0.004609 s)
>> 1 (551: 430 552 430) (0.004358 s)
>> 1 (601: 480 590 480) (0.004226 s)
>> 1 (638: 15 627 15) (0.003998 s)
>> 0 (-1: -1 -1 -1) (0.003558 s)
Zelikovsky 0.335997 s
>> 1 (20: 746 86 15) (0.25868 s)
>> 1 (123: 365 211 122) (0.259125 s)
>> 1 (124: 487 365 190) (0.258306 s)
>> 1 (126: 973 487 225) (0.257848 s)
>> 1 (128: 249 973 183) (0.257847 s)
>> 1 (131: 1220 249 241) (0.257924 s)
>> 1 (298: 1024 342 300) (0.258581 s)
>> 1 (299: 1267 1024 354) (0.257853 s)
>> 1 (302: 423 1267 313) (0.257719 s)
>> 1 (307: 549 423 340) (0.257986 s)
>> 1 (315: 1283 1220 549) (0.258337 s)
>> 1 (431: 552 1283 430) (0.263145 s)
>> 1 (439: 472 1044 552) (0.263948 s)
>> 1 (452: 573 472 454) (0.265113 s)
>> 1 (458: 480 1063 573) (0.266677 s)
>> 1 (577: 1303 599 480) (0.268094 s)
>> 1 (585: 1069 1303 590) (0.269073 s)
>> 1 (631: 686 752 627) (0.269339 s)
>> 1 (633: 1117 686 644) (0.269234 s)
>> 1 (636: 878 1117 658) (0.269429 s)
>> 1 (646: 767 878 746) (0.270125 s)
>> 1 (774: 1137 770 767) (0.273358 s)
>> 1 (803: 924 1137 809) (0.274896 s)
>> 1 (888: 924 899 884) (0.276011 s)
>> 1 (1070: 1312 1081 1069) (0.277429 s)
>> 1 (1130: 1174 1131 924) (0.277771 s)
>> 0 (-1: -1 -1 -1) (0.279291 s)
Zelikovsky- 7.18619 s
>>> get_solution
  refine_solution: new weight 92 (was 92) in 0.006457 s
>>> get_solution
  refine_solution: new weight 113 (was 115) in 0.006345 s
  refine_solution: new weight 113 (was 113) in 0.0063 s
3,,1325,19857,55,,767,0,,115,113,105,92,92,,3,3,@@

  handle_small_Steiner_degrees: steiner 0, suppress 0 in 2e-06 s
Starting round 4
Found 9 isolated vertices
Invalid ratios recomputed: 937
Best ratio is 3/2 (1.5), centered at 20
Finding the best star... Star with 3 terminals centered in 15
round took: 0.079437 s
|V| = 1331, |E| = 19815, |R| = 53
>> 1 (128: 122 183 122) (0.005922 s)
>> 1 (192: 190 225 190) (0.005852 s)
>> 1 (219: 211 241 211) (0.005523 s)
>> 1 (244: 249 354 249) (0.005377 s)
>> 1 (302: 300 313 300) (0.005143 s)
>> 1 (351: 340 342 340) (0.004881 s)
>> 1 (366: 365 454 365) (0.004612 s)
>> 1 (428: 423 472 423) (0.004345 s)
>> 1 (551: 430 552 430) (0.004087 s)
>> 1 (601: 480 590 480) (0.003985 s)
>> 1 (638: 15 627 15) (0.003717 s)
>> 0 (-1: -1 -1 -1) (0.003314 s)
Zelikovsky 0.329441 s
>> 1 (123: 365 211 122) (0.257538 s)
>> 1 (124: 487 365 190) (0.256493 s)
>> 1 (126: 973 487 225) (0.256121 s)
>> 1 (128: 249 973 183) (0.256326 s)
>> 1 (131: 1220 249 241) (0.256829 s)
>> 1 (298: 1024 342 300) (0.257135 s)
>> 1 (299: 1267 1024 354) (0.25641 s)
>> 1 (302: 423 1267 313) (0.256322 s)
>> 1 (307: 549 423 340) (0.256586 s)
>> 1 (315: 1283 1220 549) (0.256937 s)
>> 1 (431: 552 1283 430) (0.261822 s)
>> 1 (439: 472 1044 552) (0.262652 s)
>> 1 (452: 573 472 454) (0.264248 s)
>> 1 (458: 480 1063 573) (0.265507 s)
>> 1 (577: 1303 599 480) (0.266956 s)
>> 1 (585: 1069 1303 590) (0.267946 s)
>> 1 (631: 686 752 627) (0.268089 s)
>> 1 (633: 1117 686 644) (0.267934 s)
>> 1 (636: 878 1117 658) (0.268344 s)
>> 1 (646: 15 878 767) (0.26922 s)
>> 1 (774: 1137 770 15) (0.272505 s)
>> 1 (803: 924 1137 809) (0.273879 s)
>> 1 (888: 924 899 884) (0.2751 s)
>> 1 (1070: 1312 1081 1069) (0.276602 s)
>> 1 (1130: 1174 1131 924) (0.276645 s)
>> 0 (-1: -1 -1 -1) (0.278268 s)
Zelikovsky- 6.8949 s
>>> get_solution
  refine_solution: new weight 92 (was 92) in 0.006456 s
>>> get_solution
  refine_solution: new weight 114 (was 117) in 0.00622 s
  refine_solution: new weight 112 (was 114) in 0.006265 s
  refine_solution: new weight 111 (was 112) in 0.006281 s
  refine_solution: new weight 109 (was 111) in 0.006316 s
  refine_solution: new weight 107 (was 109) in 0.006398 s
  refine_solution: new weight 107 (was 107) in 0.00639 s
4,,1322,19815,53,,937,0,,117,107,104,92,92,,3,3,@@

  handle_small_Steiner_degrees: steiner 0, suppress 0 in 2e-06 s
Starting round 5
Found 12 isolated vertices
Invalid ratios recomputed: 1067
Best ratio is 3/2 (1.5), centered at 123
Finding the best star... Star with 3 terminals centered in 122
round took: 0.09293 s
|V| = 1331, |E| = 19782, |R| = 51
>> 1 (128: 122 183 122) (0.005763 s)
>> 1 (192: 190 225 190) (0.005528 s)
>> 1 (362: 241 340 241) (0.005292 s)
>> 1 (302: 300 313 300) (0.005048 s)
>> 1 (463: 342 430 342) (0.004906 s)
>> 1 (359: 249 354 249) (0.004644 s)
>> 1 (428: 423 472 423) (0.004343 s)
>> 1 (575: 454 487 454) (0.004067 s)
>> 1 (601: 480 590 480) (0.003951 s)
>> 1 (638: 15 627 15) (0.003603 s)
>> 0 (-1: -1 -1 -1) (0.00328 s)
Zelikovsky 0.320444 s
>> 1 (124: 487 190 122) (0.256044 s)
>> 1 (126: 973 487 225) (0.255529 s)
>> 1 (128: 973 249 183) (0.255632 s)
>> 1 (131: 1220 973 241) (0.255787 s)
>> 1 (298: 1024 342 300) (0.256251 s)
>> 1 (299: 1267 1024 354) (0.255683 s)
>> 1 (302: 423 1267 313) (0.255556 s)
>> 1 (307: 549 423 340) (0.255865 s)
>> 1 (315: 1283 1220 549) (0.256215 s)
>> 1 (431: 552 1283 430) (0.260784 s)
>> 1 (439: 472 1044 552) (0.261656 s)
>> 1 (452: 573 472 454) (0.263062 s)
>> 1 (458: 480 1063 573) (0.264505 s)
>> 1 (577: 1303 599 480) (0.265948 s)
>> 1 (585: 1069 1303 590) (0.266945 s)
>> 1 (631: 686 752 627) (0.267095 s)
>> 1 (633: 1117 686 644) (0.266938 s)
>> 1 (636: 878 1117 658) (0.267276 s)
>> 1 (646: 15 878 767) (0.26799 s)
>> 1 (774: 1137 770 15) (0.271227 s)
>> 1 (803: 924 1137 809) (0.272777 s)
>> 1 (888: 924 899 884) (0.274033 s)
>> 1 (1070: 1312 1081 1069) (0.275611 s)
>> 1 (1130: 1174 1131 924) (0.275632 s)
>> 0 (-1: -1 -1 -1) (0.277168 s)
Zelikovsky- 6.61338 s
>>> get_solution
  refine_solution: new weight 92 (was 92) in 0.006457 s
>>> get_solution
  refine_solution: new weight 111 (was 114) in 0.006292 s
  refine_solution: new weight 111 (was 111) in 0.006309 s
5,,1319,19782,51,,1067,0,,114,111,104,92,92,,3,3,@@

  handle_small_Steiner_degrees: steiner 0, suppress 0 in 3e-06 s
Starting round 6
Found 15 isolated vertices
Invalid ratios recomputed: 514
Best ratio is 3/2 (1.5), centered at 124
Finding the best star... Star with 3 terminals centered in 122
round took: 0.043148 s
|V| = 1331, |E| = 19746, |R| = 49
>> 1 (128: 122 183 122) (0.005467 s)
>> 1 (346: 225 313 225) (0.005278 s)
>> 1 (362: 241 340 241) (0.005017 s)
>> 1 (421: 300 423 300) (0.004889 s)
>> 1 (463: 342 430 342) (0.004584 s)
>> 1 (359: 249 354 249) (0.00429 s)
>> 1 (469: 472 480 472) (0.004097 s)
>> 1 (638: 15 627 15) (0.003892 s)
>> 0 (-1: -1 -1 -1) (0.00357 s)
Zelikovsky 0.307259 s
>> 1 (126: 973 225 122) (0.254255 s)
>> 1 (128: 183 973 249) (0.254227 s)
>> 1 (131: 1220 241 183) (0.254205 s)
>> 1 (298: 1024 342 300) (0.255006 s)
>> 1 (299: 1267 1024 354) (0.254046 s)
>> 1 (302: 423 1267 313) (0.254234 s)
>> 1 (307: 549 423 340) (0.254146 s)
>> 1 (315: 1283 1220 549) (0.254514 s)
>> 1 (431: 552 1283 430) (0.259386 s)
>> 1 (439: 472 1044 552) (0.260035 s)
>> 1 (452: 573 472 454) (0.261362 s)
>> 1 (458: 480 1063 573) (0.262814 s)
>> 1 (577: 1303 599 480) (0.26428 s)
>> 1 (585: 1069 1303 590) (0.265213 s)
>> 1 (631: 686 752 627) (0.265294 s)
>> 1 (633: 1117 686 644) (0.265125 s)
>> 1 (636: 878 1117 658) (0.265507 s)
>> 1 (646: 15 878 767) (0.266296 s)
>> 1 (774: 1137 770 15) (0.269726 s)
>> 1 (803: 924 1137 809) (0.271201 s)
>> 1 (888: 924 899 884) (0.27239 s)
>> 1 (1070: 1312 1081 1069) (0.273629 s)
>> 1 (1130: 1174 1131 924) (0.27386 s)
>> 0 (-1: -1 -1 -1) (0.275502 s)
Zelikovsky- 6.31826 s
>>> get_solution
  refine_solution: new weight 92 (was 92) in 0.006464 s
>>> get_solution
  refine_solution: new weight 111 (was 114) in 0.006385 s
  refine_solution: new weight 110 (was 111) in 0.006296 s
  refine_solution: new weight 110 (was 110) in 0.006299 s
6,,1316,19746,49,,514,0,,114,110,107,92,92,,3,3,@@

  handle_small_Steiner_degrees: steiner 0, suppress 0 in 3e-06 s
Starting round 7
Found 18 isolated vertices
Invalid ratios recomputed: 721
Best ratio is 3/2 (1.5), centered at 126
Finding the best star... Star with 3 terminals centered in 122
round took: 0.061009 s
|V| = 1331, |E| = 19707, |R| = 47
>> 1 (128: 122 183 122) (0.005159 s)
>> 1 (362: 241 340 241) (0.00492 s)
>> 1 (302: 300 313 300) (0.004742 s)
>> 1 (463: 342 430 342) (0.004505 s)
>> 1 (359: 249 354 249) (0.004216 s)
>> 1 (428: 423 472 423) (0.003954 s)
>> 1 (601: 480 590 480) (0.003923 s)
>> 1 (638: 15 627 15) (0.003621 s)
>> 0 (-1: -1 -1 -1) (0.00321 s)
Zelikovsky 0.302191 s
>> 1 (128: 122 249 183) (0.254144 s)
>> 1 (131: 1220 241 122) (0.253488 s)
>> 1 (298: 1024 342 300) (0.253985 s)
>> 1 (299: 1267 1024 354) (0.253343 s)
>> 1 (302: 423 1267 313) (0.253297 s)
>> 1 (307: 549 423 340) (0.253327 s)
>> 1 (315: 1283 1220 549) (0.253774 s)
>> 1 (431: 552 1283 430) (0.258422 s)
>> 1 (439: 472 1044 552) (0.259339 s)
>> 1 (452: 573 472 454) (0.260469 s)
>> 1 (458: 480 1063 573) (0.26206 s)
>> 1 (577: 1303 599 480) (0.263702 s)
>> 1 (585: 1069 1303 590) (0.264778 s)
>> 1 (631: 686 752 627) (0.264734 s)
>> 1 (633: 1117 686 644) (0.264588 s)
>> 1 (636: 878 1117 658) (0.264999 s)
>> 1 (646: 15 878 767) (0.265973 s)
>> 1 (774: 1137 770 15) (0.268984 s)
>> 1 (803: 924 1137 809) (0.270532 s)
>> 1 (888: 924 899 884) (0.271842 s)
>> 1 (1070: 1312 1081 1069) (0.273239 s)
>> 1 (1130: 1174 1131 924) (0.273312 s)
>> 0 (-1: -1 -1 -1) (0.275015 s)
Zelikovsky- 6.04891 s
>>> get_solution
  refine_solution: new weight 92 (was 92) in 0.006467 s
>>> get_solution
  refine_solution: new weight 110 (was 113) in 0.006311 s
  refine_solution: new weight 110 (was 110) in 0.006297 s
7,,1313,19707,47,,721,0,,113,110,105,92,92,,3,3,@@

  handle_small_Steiner_degrees: steiner 0, suppress 0 in 2e-06 s
Starting round 8
Found 21 isolated vertices
Invalid ratios recomputed: 885
Best ratio is 3/2 (1.5), centered at 128
Finding the best star... Star with 3 terminals centered in 122
round took: 0.076178 s
|V| = 1331, |E| = 19665, |R| = 45
>> 1 (311: 122 300 122) (0.004873 s)
>> 1 (362: 241 340 241) (0.004617 s)
>> 1 (309: 313 342 313) (0.004467 s)
>> 1 (428: 423 472 423) (0.004181 s)
>> 1 (452: 430 454 430) (0.003904 s)
>> 1 (596: 354 552 354) (0.003857 s)
>> 1 (601: 480 590 480) (0.003584 s)
>> 1 (638: 15 627 15) (0.003225 s)
>> 0 (-1: -1 -1 -1) (0.002779 s)
Zelikovsky 0.297607 s
>> 1 (131: 1220 241 122) (0.252472 s)
>> 1 (298: 1024 342 300) (0.252611 s)
>> 1 (299: 1267 1024 354) (0.251925 s)
>> 1 (302: 423 1267 313) (0.251876 s)
>> 1 (307: 549 423 340) (0.252081 s)
>> 1 (315: 1283 1220 549) (0.252585 s)
>> 1 (431: 552 1283 430) (0.257461 s)
>> 1 (439: 472 1044 552) (0.257985 s)
>> 1 (452: 573 472 454) (0.259202 s)
>> 1 (458: 480 1063 573) (0.26058 s)
>> 1 (577: 1303 599 480) (0.262174 s)
>> 1 (585: 1069 1303 590) (0.263256 s)
>> 1 (631: 686 752 627) (0.263378 s)
>> 1 (633: 1117 686 644) (0.263688 s)
>> 1 (636: 878 1117 658) (0.263816 s)
>> 1 (646: 15 878 767) (0.264568 s)
>> 1 (774: 1137 770 15) (0.267689 s)
>> 1 (803: 924 1137 809) (0.269177 s)
>> 1 (888: 924 899 884) (0.270427 s)
>> 1 (1070: 1312 1081 1069) (0.27176 s)
>> 1 (1130: 1174 1131 924) (0.272297 s)
>> 0 (-1: -1 -1 -1) (0.274346 s)
Zelikovsky- 5.76666 s
>>> get_solution
  refine_solution: new weight 92 (was 92) in 0.006476 s
>>> get_solution
  refine_solution: new weight 108 (was 111) in 0.006328 s
  refine_solution: new weight 107 (was 108) in 0.006349 s
  refine_solution: new weight 107 (was 107) in 0.006329 s
8,,1310,19665,45,,885,0,,111,107,105,92,92,,3,3,@@

  handle_small_Steiner_degrees: steiner 0, suppress 0 in 3e-06 s
Starting round 9
Found 24 isolated vertices
Invalid ratios recomputed: 1015
Best ratio is 3/2 (1.5), centered at 131
Finding the best star... Star with 3 terminals centered in 122
round took: 0.089644 s
|V| = 1331, |E| = 19620, |R| = 43
>> 1 (311: 122 300 122) (0.00461 s)
>> 1 (309: 313 342 313) (0.004391 s)
>> 1 (461: 340 454 340) (0.004106 s)
>> 1 (428: 423 472 423) (0.003911 s)
>> 1 (551: 430 552 430) (0.003677 s)
>> 1 (601: 480 590 480) (0.003578 s)
>> 1 (638: 15 627 15) (0.003233 s)
>> 0 (-1: -1 -1 -1) (0.002697 s)
Zelikovsky 0.289582 s
>> 1 (298: 1024 342 300) (0.251211 s)
>> 1 (299: 1267 1024 354) (0.250553 s)
>> 1 (302: 423 1267 313) (0.250612 s)
>> 1 (307: 549 423 340) (0.250793 s)
>> 1 (315: 1283 549 122) (0.251285 s)
>> 1 (431: 552 1283 430) (0.255913 s)
>> 1 (439: 472 1044 552) (0.256519 s)
>> 1 (452: 573 472 454) (0.257721 s)
>> 1 (458: 480 1063 573) (0.259045 s)
>> 1 (577: 1303 599 480) (0.260761 s)
>> 1 (585: 1069 1303 590) (0.261758 s)
>> 1 (631: 686 752 627) (0.262102 s)
>> 1 (633: 1117 686 644) (0.261699 s)
>> 1 (636: 878 1117 658) (0.262177 s)
>> 1 (646: 15 878 767) (0.262869 s)
>> 1 (774: 1137 770 15) (0.266125 s)
>> 1 (803: 924 1137 809) (0.267882 s)
>> 1 (888: 924 899 884) (0.268956 s)
>> 1 (1070: 1312 1081 1069) (0.270223 s)
>> 1 (1130: 1174 1131 924) (0.270443 s)
>> 0 (-1: -1 -1 -1) (0.272055 s)
Zelikovsky- 5.48146 s
>>> get_solution
  refine_solution: new weight 92 (was 92) in 0.006465 s
>>> get_solution
  refine_solution: new weight 109 (was 110) in 0.006329 s
  refine_solution: new weight 108 (was 109) in 0.006231 s
  refine_solution: new weight 107 (was 108) in 0.006247 s
  refine_solution: new weight 107 (was 107) in 0.006348 s
9,,1307,19620,43,,1015,0,,110,107,103,92,92,,3,3,@@

  handle_small_Steiner_degrees: steiner 0, suppress 0 in 2e-06 s
Starting round 10
Found 27 isolated vertices
Invalid ratios recomputed: 1111
Best ratio is 3/2 (1.5), centered at 298
Finding the best star... Star with 3 terminals centered in 342
round took: 0.10121 s
|V| = 1331, |E| = 19587, |R| = 41
>> 1 (311: 122 313 122) (0.004465 s)
>> 1 (419: 342 423 342) (0.004119 s)
>> 1 (461: 340 454 340) (0.003793 s)
>> 1 (551: 430 552 430) (0.003629 s)
>> 1 (469: 472 480 472) (0.003518 s)
>> 1 (638: 15 627 15) (0.003247 s)
>> 0 (-1: -1 -1 -1) (0.002703 s)
Zelikovsky 0.282671 s
>> 1 (299: 1267 354 342) (0.249972 s)
>> 1 (302: 423 1267 313) (0.249961 s)
>> 1 (307: 549 423 340) (0.250017 s)
>> 1 (315: 1283 549 122) (0.250421 s)
>> 1 (431: 552 1283 430) (0.254929 s)
>> 1 (439: 472 1044 552) (0.255672 s)
>> 1 (452: 573 472 454) (0.256783 s)
>> 1 (458: 480 1063 573) (0.258046 s)
>> 1 (577: 1303 599 480) (0.259921 s)
>> 1 (585: 1069 1303 590) (0.260813 s)
>> 1 (631: 686 752 627) (0.260873 s)
>> 1 (633: 1117 686 644) (0.260763 s)
>> 1 (636: 878 1117 658) (0.261188 s)
>> 1 (646: 15 878 767) (0.26188 s)
>> 1 (774: 1137 770 15) (0.265146 s)
>> 1 (803: 924 1137 809) (0.266636 s)
>> 1 (888: 924 899 884) (0.268018 s)
>> 1 (1070: 1312 1081 1069) (0.269301 s)
>> 1 (1130: 1174 1131 924) (0.269426 s)
>> 0 (-1: -1 -1 -1) (0.271151 s)
Zelikovsky- 5.21132 s
>>> get_solution
  refine_solution: new weight 92 (was 92) in 0.006469 s
>>> get_solution
  refine_solution: new weight 108 (was 109) in 0.006349 s
  refine_solution: new weight 107 (was 108) in 0.006263 s
  refine_solution: new weight 107 (was 107) in 0.006353 s
10,,1304,19587,41,,1111,0,,109,107,104,92,92,,3,3,@@

  handle_small_Steiner_degrees: steiner 0, suppress 0 in 2e-06 s
Starting round 11
Found 30 isolated vertices
Invalid ratios recomputed: 534
Best ratio is 3/2 (1.5), centered at 299
Finding the best star... Star with 3 terminals centered in 1267
round took: 0.04862 s
|V| = 1331, |E| = 19551, |R| = 39
>> 1 (434: 313 423 313) (0.004277 s)
>> 1 (432: 122 430 122) (0.004064 s)
>> 1 (461: 340 454 340) (0.003843 s)
>> 1 (469: 472 480 472) (0.003617 s)
>> 1 (638: 15 627 15) (0.003289 s)
>> 0 (-1: -1 -1 -1) (0.003041 s)
Zelikovsky 0.278398 s
>> 1 (302: 1267 423 313) (0.249421 s)
>> 1 (307: 1267 549 340) (0.249769 s)
>> 1 (315: 1283 1267 122) (0.250182 s)
>> 1 (431: 552 1283 430) (0.254219 s)
>> 1 (439: 472 1044 552) (0.254978 s)
>> 1 (452: 573 472 454) (0.256179 s)
>> 1 (458: 480 1063 573) (0.257494 s)
>> 1 (577: 1303 599 480) (0.259267 s)
>> 1 (585: 1069 1303 590) (0.260219 s)
>> 1 (631: 686 752 627) (0.260403 s)
>> 1 (633: 1117 686 644) (0.260293 s)
>> 1 (636: 878 1117 658) (0.260554 s)
>> 1 (646: 15 878 767) (0.261219 s)
>> 1 (774: 1137 770 15) (0.264438 s)
>> 1 (803: 924 1137 809) (0.265984 s)
>> 1 (888: 924 899 884) (0.267374 s)
>> 1 (1070: 1312 1081 1069) (0.268663 s)
>> 1 (1130: 1174 1131 924) (0.268849 s)
>> 0 (-1: -1 -1 -1) (0.270509 s)
Zelikovsky- 4.95023 s
>>> get_solution
  refine_solution: new weight 92 (was 92) in 0.006455 s
>>> get_solution
  refine_solution: new weight 107 (was 109) in 0.006381 s
  refine_solution: new weight 107 (was 107) in 0.006336 s
11,,1301,19551,39,,534,0,,109,107,105,92,92,,3,3,@@

  handle_small_Steiner_degrees: steiner 0, suppress 0 in 2e-06 s
Starting round 12
Found 33 isolated vertices
Invalid ratios recomputed: 743
Best ratio is 3/2 (1.5), centered at 302
Finding the best star... Star with 3 terminals centered in 1267
round took: 0.068575 s
|V| = 1331, |E| = 19512, |R| = 37
>> 1 (432: 122 430 122) (0.004114 s)
>> 1 (461: 340 454 340) (0.003883 s)
>> 1 (469: 472 480 472) (0.003709 s)
>> 1 (638: 15 627 15) (0.003349 s)
>> 0 (-1: -1 -1 -1) (0.002939 s)
Zelikovsky 0.272502 s
>> 1 (307: 1267 549 340) (0.248243 s)
>> 1 (315: 1283 1267 122) (0.248547 s)
>> 1 (431: 552 1283 430) (0.252652 s)
>> 1 (439: 472 1044 552) (0.253377 s)
>> 1 (452: 573 472 454) (0.254537 s)
>> 1 (458: 480 1063 573) (0.256401 s)
>> 1 (577: 1303 599 480) (0.257533 s)
>> 1 (585: 1069 1303 590) (0.258778 s)
>> 1 (631: 686 752 627) (0.258678 s)
>> 1 (633: 1117 686 644) (0.258677 s)
>> 1 (636: 878 1117 658) (0.259062 s)
>> 1 (646: 15 878 767) (0.259733 s)
>> 1 (774: 1137 770 15) (0.262963 s)
>> 1 (803: 924 1137 809) (0.264603 s)
>> 1 (888: 924 899 884) (0.265746 s)
>> 1 (1070: 1312 1081 1069) (0.267 s)
>> 1 (1130: 1174 1131 924) (0.267285 s)
>> 0 (-1: -1 -1 -1) (0.268883 s)
Zelikovsky- 4.67251 s
>>> get_solution
  refine_solution: new weight 92 (was 92) in 0.006448 s
>>> get_solution
  refine_solution: new weight 106 (was 107) in 0.006353 s
  refine_solution: new weight 106 (was 106) in 0.006271 s
12,,1298,19512,37,,743,0,,107,106,104,92,92,,3,3,@@

  handle_small_Steiner_degrees: steiner 0, suppress 0 in 3e-06 s
Starting round 13
Found 36 isolated vertices
Invalid ratios recomputed: 911
Best ratio is 3/2 (1.5), centered at 307
Finding the best star... Star with 3 terminals centered in 1267
round took: 0.088937 s
|V| = 1331, |E| = 19470, |R| = 35
>> 1 (432: 122 430 122) (0.003888 s)
>> 1 (469: 472 480 472) (0.00375 s)
>> 1 (638: 15 627 15) (0.003432 s)
>> 0 (-1: -1 -1 -1) (0.00284 s)
Zelikovsky 0.266632 s
>> 1 (315: 1283 1267 122) (0.247699 s)
>> 1 (431: 552 1283 430) (0.25187 s)
>> 1 (439: 472 1044 552) (0.252276 s)
>> 1 (452: 573 472 454) (0.253289 s)
>> 1 (458: 480 1063 573) (0.254621 s)
>> 1 (577: 1303 599 480) (0.256328 s)
>> 1 (585: 1069 1303 590) (0.257444 s)
>> 1 (631: 686 752 627) (0.257471 s)
>> 1 (633: 1117 686 644) (0.257372 s)
>> 1 (636: 878 1117 658) (0.258016 s)
>> 1 (646: 15 878 767) (0.258483 s)
>> 1 (774: 1137 770 15) (0.261665 s)
>> 1 (803: 924 1137 809) (0.263268 s)
>> 1 (888: 924 899 884) (0.264507 s)
>> 1 (1070: 1312 1081 1069) (0.265961 s)
>> 1 (1130: 1174 1131 924) (0.266183 s)
>> 0 (-1: -1 -1 -1) (0.267644 s)
Zelikovsky- 4.40357 s
>>> get_solution
  refine_solution: new weight 92 (was 92) in 0.006459 s
>>> get_solution
  refine_solution: new weight 105 (was 106) in 0.006368 s
  refine_solution: new weight 105 (was 105) in 0.006284 s
13,,1295,19470,35,,911,0,,106,105,104,92,92,,3,3,@@

  handle_small_Steiner_degrees: steiner 0, suppress 0 in 2e-06 s
Starting round 14
Found 39 isolated vertices
Invalid ratios recomputed: 1041
Best ratio is 3/2 (1.5), centered at 315
Finding the best star... Star with 3 terminals centered in 1267
round took: 0.100831 s
|V| = 1331, |E| = 19393, |R| = 33
>> 1 (452: 430 454 430) (0.003616 s)
>> 1 (469: 472 480 472) (0.003458 s)
>> 1 (638: 15 627 15) (0.003317 s)
>> 0 (-1: -1 -1 -1) (0.002586 s)
Zelikovsky 0.267183 s
>> 1 (431: 552 1267 430) (0.249204 s)
>> 1 (439: 472 1044 552) (0.250017 s)
>> 1 (452: 573 472 454) (0.251183 s)
>> 1 (458: 480 1063 573) (0.252547 s)
>> 1 (577: 1303 599 480) (0.253993 s)
>> 1 (585: 1069 1303 590) (0.255038 s)
>> 1 (631: 686 752 627) (0.255316 s)
>> 1 (633: 1117 686 644) (0.255094 s)
>> 1 (636: 878 1117 658) (0.255375 s)
>> 1 (646: 15 878 767) (0.256118 s)
>> 1 (774: 1137 770 15) (0.25923 s)
>> 1 (803: 924 1137 809) (0.260776 s)
>> 1 (888: 924 899 884) (0.261996 s)
>> 1 (1070: 1312 1081 1069) (0.263538 s)
>> 1 (1130: 1174 1131 924) (0.263463 s)
>> 0 (-1: -1 -1 -1) (0.265212 s)
Zelikovsky- 4.11703 s
>>> get_solution
  refine_solution: new weight 92 (was 92) in 0.00647 s
>>> get_solution
  refine_solution: new weight 103 (was 105) in 0.006395 s
  refine_solution: new weight 103 (was 103) in 0.006369 s
14,,1292,19393,33,,1041,0,,105,103,101,92,92,,3,3,@@

  handle_small_Steiner_degrees: steiner 0, suppress 0 in 2e-06 s
Starting round 15
Found 42 isolated vertices
Invalid ratios recomputed: 1153
Best ratio is 3/2 (1.5), centered at 431
Finding the best star... Star with 3 terminals centered in 1267
round took: 0.12447 s
|V| = 1331, |E| = 19341, |R| = 31
>> 1 (469: 472 480 472) (0.003394 s)
>> 1 (638: 15 627 15) (0.003215 s)
>> 0 (-1: -1 -1 -1) (0.002576 s)
Zelikovsky 0.261399 s
>> 1 (439: 1044 1267 472) (0.248466 s)
>> 1 (452: 573 1044 454) (0.249646 s)
>> 1 (458: 480 1063 573) (0.250699 s)
>> 1 (577: 1303 599 480) (0.252193 s)
>> 1 (585: 1069 1303 590) (0.253447 s)
>> 1 (631: 686 752 627) (0.253355 s)
>> 1 (633: 1117 686 644) (0.253112 s)
>> 1 (636: 878 1117 658) (0.253485 s)
>> 1 (646: 15 878 767) (0.25425 s)
>> 1 (774: 1137 770 15) (0.257514 s)
>> 1 (803: 924 1137 809) (0.258996 s)
>> 1 (888: 924 899 884) (0.260245 s)
>> 1 (1070: 1312 1081 1069) (0.261744 s)
>> 1 (1130: 1174 1131 924) (0.261743 s)
>> 0 (-1: -1 -1 -1) (0.26335 s)
Zelikovsky- 3.84079 s
>>> get_solution
  refine_solution: new weight 92 (was 92) in 0.00646 s
>>> get_solution
  refine_solution: new weight 103 (was 103) in 0.006422 s
15,,1289,19341,31,,1153,0,,103,103,103,92,92,,3,3,@@

  handle_small_Steiner_degrees: steiner 0, suppress 0 in 2e-06 s
Starting round 16
Found 45 isolated vertices
Invalid ratios recomputed: 1156
Best ratio is 3/2 (1.5), centered at 439
Finding the best star... Star with 3 terminals centered in 1267
round took: 0.126406 s
|V| = 1331, |E| = 19287, |R| = 29
>> 1 (601: 480 590 480) (0.003163 s)
>> 1 (638: 15 627 15) (0.002956 s)
>> 0 (-1: -1 -1 -1) (0.002464 s)
Zelikovsky 0.258655 s
>> 1 (452: 573 1267 454) (0.24669 s)
>> 1 (458: 480 1063 573) (0.24755 s)
>> 1 (577: 1303 599 480) (0.24903 s)
>> 1 (585: 1069 1303 590) (0.250301 s)
>> 1 (631: 686 752 627) (0.250091 s)
>> 1 (633: 1117 686 644) (0.249882 s)
>> 1 (636: 878 1117 658) (0.250294 s)
>> 1 (646: 15 878 767) (0.251006 s)
>> 1 (774: 1137 770 15) (0.254173 s)
>> 1 (803: 924 1137 809) (0.255651 s)
>> 1 (888: 924 899 884) (0.256904 s)
>> 1 (1070: 1312 1081 1069) (0.258444 s)
>> 1 (1130: 1174 1131 924) (0.258596 s)
>> 0 (-1: -1 -1 -1) (0.260052 s)
Zelikovsky- 3.5468 s
>>> get_solution
  refine_solution: new weight 92 (was 92) in 0.006456 s
>>> get_solution
  refine_solution: new weight 101 (was 102) in 0.00642 s
  refine_solution: new weight 101 (was 101) in 0.006326 s
16,,1286,19287,29,,1156,0,,102,101,102,92,92,,3,3,@@

  delete_edges: deleted 0 edges in 0.006119 s and 1 rounds
  handle_small_Steiner_degrees: steiner 0, suppress 0 in 3e-06 s
Starting round 17
Found 48 isolated vertices
Invalid ratios recomputed: 1156
Best ratio is 3/2 (1.5), centered at 452
Finding the best star... Star with 3 terminals centered in 1267
round took: 0.133146 s
|V| = 1331, |E| = 19237, |R| = 27
>> 1 (601: 480 590 480) (0.002877 s)
>> 1 (638: 15 627 15) (0.002652 s)
>> 0 (-1: -1 -1 -1) (0.00233 s)
Zelikovsky 0.256921 s
>> 1 (458: 1063 1267 480) (0.246387 s)
>> 1 (577: 1303 1063 599) (0.247679 s)
>> 1 (585: 1069 1303 590) (0.248845 s)
>> 1 (631: 686 752 627) (0.24873 s)
>> 1 (633: 1117 686 644) (0.249413 s)
>> 1 (636: 878 1117 658) (0.24947 s)
>> 1 (646: 15 878 767) (0.249651 s)
>> 1 (774: 1137 770 15) (0.252872 s)
>> 1 (803: 924 1137 809) (0.254342 s)
>> 1 (888: 924 899 884) (0.255468 s)
>> 1 (1070: 1312 1081 1069) (0.256839 s)
>> 1 (1130: 1174 1131 924) (0.257063 s)
>> 0 (-1: -1 -1 -1) (0.259154 s)
Zelikovsky- 3.28363 s
>>> get_solution
  refine_solution: new weight 92 (was 92) in 0.006464 s
>>> get_solution
  refine_solution: new weight 102 (was 103) in 0.006448 s
  refine_solution: new weight 102 (was 102) in 0.006354 s
17,,1283,19237,27,,1156,0,,103,102,102,92,92,,3,3,@@

  handle_small_Steiner_degrees: steiner 0, suppress 0 in 2e-06 s
Starting round 18
Found 51 isolated vertices
Invalid ratios recomputed: 1161
Best ratio is 3/2 (1.5), centered at 458
Finding the best star... Star with 3 terminals centered in 1267
round took: 0.137202 s
|V| = 1331, |E| = 19183, |R| = 25
>> 1 (638: 15 627 15) (0.002625 s)
>> 0 (-1: -1 -1 -1) (0.002324 s)
Zelikovsky 0.253039 s
>> 1 (577: 1303 1267 599) (0.246173 s)
>> 1 (585: 1069 1303 590) (0.247677 s)
>> 1 (631: 686 752 627) (0.247511 s)
>> 1 (633: 1117 686 644) (0.247476 s)
>> 1 (636: 878 1117 658) (0.247953 s)
>> 1 (646: 15 878 767) (0.248691 s)
>> 1 (774: 1137 770 15) (0.25157 s)
>> 1 (803: 924 1137 809) (0.252823 s)
>> 1 (888: 924 899 884) (0.254143 s)
>> 1 (1070: 1312 1081 1069) (0.255484 s)
>> 1 (1130: 1174 1131 924) (0.256021 s)
>> 0 (-1: -1 -1 -1) (0.257453 s)
Zelikovsky- 3.0203 s
>>> get_solution
  refine_solution: new weight 92 (was 92) in 0.006464 s
>>> get_solution
  refine_solution: new weight 101 (was 101) in 0.006466 s
18,,1280,19183,25,,1161,0,,101,101,99,92,92,,3,3,@@

  handle_small_Steiner_degrees: steiner 0, suppress 0 in 2e-06 s
Starting round 19
Found 54 isolated vertices
Invalid ratios recomputed: 1161
Best ratio is 3/2 (1.5), centered at 577
Finding the best star... Star with 3 terminals centered in 1267
round took: 0.140103 s
|V| = 1331, |E| = 19126, |R| = 23
>> 1 (638: 15 627 15) (0.002326 s)
>> 0 (-1: -1 -1 -1) (0.002096 s)
Zelikovsky 0.251246 s
>> 1 (585: 1069 1267 590) (0.244953 s)
>> 1 (631: 686 752 627) (0.244766 s)
>> 1 (633: 1117 686 644) (0.244633 s)
>> 1 (636: 878 1117 658) (0.245102 s)
>> 1 (646: 15 878 767) (0.245748 s)
>> 1 (774: 1137 770 15) (0.248883 s)
>> 1 (803: 924 1137 809) (0.250395 s)
>> 1 (888: 924 899 884) (0.251729 s)
>> 1 (1070: 1312 1081 1069) (0.252991 s)
>> 1 (1130: 1174 1131 924) (0.253045 s)
>> 0 (-1: -1 -1 -1) (0.254779 s)
Zelikovsky- 2.74401 s
>>> get_solution
  refine_solution: new weight 92 (was 92) in 0.006466 s
>>> get_solution
  refine_solution: new weight 98 (was 99) in 0.006446 s
  refine_solution: new weight 98 (was 98) in 0.006393 s
19,,1277,19126,23,,1161,0,,99,98,100,92,92,,3,3,@@

  handle_small_Steiner_degrees: steiner 0, suppress 0 in 3e-06 s
Starting round 20
Found 57 isolated vertices
Invalid ratios recomputed: 1159
Best ratio is 3/2 (1.5), centered at 585
Finding the best star... Star with 3 terminals centered in 1267
round took: 0.148309 s
|V| = 1331, |E| = 19069, |R| = 21
>> 1 (638: 15 627 15) (0.002096 s)
>> 0 (-1: -1 -1 -1) (0.001826 s)
Zelikovsky 0.247674 s
>> 1 (631: 686 752 627) (0.242417 s)
>> 1 (633: 1117 686 644) (0.242312 s)
>> 1 (636: 878 1117 658) (0.242737 s)
>> 1 (646: 15 878 767) (0.244048 s)
>> 1 (774: 1137 770 15) (0.246594 s)
>> 1 (803: 924 1137 809) (0.248114 s)
>> 1 (888: 924 899 884) (0.249312 s)
>> 1 (1070: 1312 1267 1081) (0.250765 s)
>> 1 (1130: 1174 1131 924) (0.251373 s)
>> 0 (-1: -1 -1 -1) (0.252689 s)
Zelikovsky- 2.47692 s
>>> get_solution
  refine_solution: new weight 92 (was 92) in 0.006454 s
>>> get_solution
  refine_solution: new weight 100 (was 100) in 0.00646 s
20,,1274,19069,21,,1159,0,,100,100,97,92,92,,3,3,@@

  handle_small_Steiner_degrees: steiner 0, suppress 0 in 2e-06 s
Starting round 21
Found 60 isolated vertices
Invalid ratios recomputed: 1157
Best ratio is 3/2 (1.5), centered at 631
Finding the best star... Star with 3 terminals centered in 627
round took: 0.153104 s
|V| = 1331, |E| = 19036, |R| = 19
>> 1 (638: 15 627 15) (0.002005 s)
>> 0 (-1: -1 -1 -1) (0.001536 s)
Zelikovsky 0.2466 s
>> 1 (633: 1117 644 627) (0.241926 s)
>> 1 (636: 878 1117 658) (0.242144 s)
>> 1 (646: 15 878 767) (0.242813 s)
>> 1 (774: 1137 770 15) (0.245937 s)
>> 1 (803: 924 1137 809) (0.24745 s)
>> 1 (888: 924 899 884) (0.24865 s)
>> 1 (1070: 1312 1267 1081) (0.250207 s)
>> 1 (1130: 1174 1131 924) (0.250635 s)
>> 0 (-1: -1 -1 -1) (0.252614 s)
Zelikovsky- 2.22863 s
>>> get_solution
  refine_solution: new weight 92 (was 92) in 0.006458 s
>>> get_solution
  refine_solution: new weight 99 (was 99) in 0.006482 s
21,,1271,19036,19,,1157,0,,99,99,99,92,92,,3,3,@@

  handle_small_Steiner_degrees: steiner 0, suppress 0 in 2e-06 s
Starting round 22
Found 63 isolated vertices
Invalid ratios recomputed: 680
Best ratio is 3/2 (1.5), centered at 633
Finding the best star... Star with 3 terminals centered in 627
round took: 0.085021 s
|V| = 1331, |E| = 19000, |R| = 17
>> 1 (655: 15 627 15) (0.001854 s)
>> 0 (-1: -1 -1 -1) (0.001243 s)
Zelikovsky 0.24494 s
>> 1 (636: 878 658 627) (0.241094 s)
>> 1 (646: 15 878 767) (0.241745 s)
>> 1 (774: 1137 770 15) (0.244599 s)
>> 1 (803: 924 1137 809) (0.246078 s)
>> 1 (888: 884 924 899) (0.247292 s)
>> 1 (1070: 1312 1267 1081) (0.248969 s)
>> 1 (1130: 1174 1131 884) (0.24915 s)
>> 0 (-1: -1 -1 -1) (0.251023 s)
Zelikovsky- 1.97582 s
>>> get_solution
  refine_solution: new weight 92 (was 92) in 0.006473 s
>>> get_solution
  refine_solution: new weight 98 (was 98) in 0.006561 s
22,,1268,19000,17,,680,0,,98,98,97,92,92,,3,3,@@

  handle_small_Steiner_degrees: steiner 0, suppress 0 in 2e-06 s
Starting round 23
Found 66 isolated vertices
Invalid ratios recomputed: 894
Best ratio is 3/2 (1.5), centered at 636
Finding the best star... Star with 3 terminals centered in 627
round took: 0.114254 s
|V| = 1331, |E| = 18961, |R| = 15
>> 1 (646: 15 627 15) (0.001697 s)
>> 0 (-1: -1 -1 -1) (0.001069 s)
Zelikovsky 0.245146 s
>> 1 (646: 15 767 627) (0.24095 s)
>> 1 (774: 1137 770 15) (0.243944 s)
>> 1 (803: 924 1137 809) (0.245371 s)
>> 1 (888: 884 924 899) (0.246609 s)
>> 1 (1070: 1312 1267 1081) (0.248114 s)
>> 1 (1130: 1174 1131 884) (0.248496 s)
>> 0 (-1: -1 -1 -1) (0.250098 s)
Zelikovsky- 1.72902 s
>>> get_solution
  refine_solution: new weight 92 (was 92) in 0.006467 s
>>> get_solution
  refine_solution: new weight 98 (was 98) in 0.006568 s
23,,1265,18961,15,,894,0,,98,98,96,92,92,,3,3,@@

  handle_small_Steiner_degrees: steiner 0, suppress 0 in 2e-06 s
Starting round 24
Found 69 isolated vertices
Invalid ratios recomputed: 1065
Best ratio is 3/2 (1.5), centered at 646
Finding the best star... Star with 3 terminals centered in 627
round took: 0.138446 s
|V| = 1331, |E| = 18894, |R| = 13
>> 1 (776: 627 770 627) (0.001384 s)
>> 0 (-1: -1 -1 -1) (0.000936 s)
Zelikovsky 0.242768 s
>> 1 (774: 627 1137 770) (0.240814 s)
>> 1 (803: 924 809 627) (0.242081 s)
>> 1 (888: 884 924 899) (0.243254 s)
>> 1 (1070: 1312 1267 1081) (0.244754 s)
>> 1 (1130: 1174 1131 884) (0.245532 s)
>> 0 (-1: -1 -1 -1) (0.246991 s)
Zelikovsky- 1.46852 s
>>> get_solution
  refine_solution: new weight 92 (was 92) in 0.006467 s
>>> get_solution
  refine_solution: new weight 96 (was 97) in 0.006549 s
  refine_solution: new weight 95 (was 96) in 0.006449 s
  refine_solution: new weight 95 (was 95) in 0.00646 s
24,,1262,18894,13,,1065,0,,97,95,93,92,92,,3,3,@@

  handle_small_Steiner_degrees: steiner 0, suppress 0 in 2e-06 s
Starting round 25
Found 72 isolated vertices
Invalid ratios recomputed: 1164
Best ratio is 3/2 (1.5), centered at 774
Finding the best star... Star with 3 terminals centered in 770
round took: 0.156536 s
|V| = 1331, |E| = 18847, |R| = 11
>> 1 (888: 770 884 770) (0.001208 s)
>> 0 (-1: -1 -1 -1) (0.000767 s)
Zelikovsky 0.240827 s
>> 1 (803: 924 809 770) (0.239814 s)
>> 1 (888: 884 924 899) (0.241161 s)
>> 1 (1070: 1312 1267 1081) (0.242539 s)
>> 1 (1130: 1174 1131 884) (0.243172 s)
>> 0 (-1: -1 -1 -1) (0.244778 s)
Zelikovsky- 1.21622 s
>>> get_solution
  refine_solution: new weight 92 (was 92) in 0.006475 s
>>> get_solution
  refine_solution: new weight 95 (was 95) in 0.006552 s
25,,1259,18847,11,,1164,0,,95,95,94,92,92,,3,3,@@

  handle_small_Steiner_degrees: steiner 0, suppress 0 in 2e-06 s
Starting round 26
Found 75 isolated vertices
Invalid ratios recomputed: 1166
Best ratio is 3/2 (1.5), centered at 803
Finding the best star... Star with 3 terminals centered in 770
round took: 0.160939 s
|V| = 1331, |E| = 18796, |R| = 9
>> 1 (888: 770 884 770) (0.001061 s)
>> 0 (-1: -1 -1 -1) (0.000605 s)
Zelikovsky 0.240235 s
>> 1 (888: 770 899 884) (0.239701 s)
>> 1 (1070: 1312 1267 1081) (0.240939 s)
>> 1 (1130: 770 1174 1131) (0.241396 s)
>> 0 (-1: -1 -1 -1) (0.242793 s)
Zelikovsky- 0.969253 s
>>> get_solution
  refine_solution: new weight 92 (was 92) in 0.006474 s
>>> get_solution
  refine_solution: new weight 94 (was 94) in 0.006579 s
26,,1256,18796,9,,1166,0,,94,94,92,92,92,,3,3,@@

  handle_small_Steiner_degrees: steiner 0, suppress 0 in 2e-06 s
Starting round 27
Found 78 isolated vertices
Invalid ratios recomputed: 1164
Best ratio is 3/2 (1.5), centered at 888
Finding the best star... Star with 3 terminals centered in 884
round took: 0.17239 s
|V| = 1331, |E| = 18745, |R| = 7
>> 1 (1130: 884 1131 884) (0.000899 s)
>> 0 (-1: -1 -1 -1) (0.000434 s)
Zelikovsky 0.2388 s
>> 1 (1070: 1312 1267 1081) (0.2386 s)
>> 1 (1130: 884 1174 1131) (0.23924 s)
>> 0 (-1: -1 -1 -1) (0.240591 s)
Zelikovsky- 0.722561 s
>>> get_solution
  refine_solution: new weight 92 (was 92) in 0.006478 s
>>> get_solution
  refine_solution: new weight 93 (was 93) in 0.006646 s
27,,1253,18745,7,,1164,0,,93,93,93,92,92,,3,3,@@

  handle_small_Steiner_degrees: steiner 0, suppress 0 in 1e-06 s
Starting round 28
Found 81 isolated vertices
Invalid ratios recomputed: 1161
Best ratio is 3/2 (1.5), centered at 1070
Finding the best star... Star with 3 terminals centered in 1267
round took: 0.183239 s
|V| = 1331, |E| = 18688, |R| = 5
>> 1 (1130: 884 1131 884) (0.000782 s)
>> 0 (-1: -1 -1 -1) (0.000355 s)
Zelikovsky 0.237043 s
>> 1 (1130: 884 1174 1131) (0.236802 s)
>> 0 (-1: -1 -1 -1) (0.238382 s)
Zelikovsky- 0.478947 s
>>> get_solution
  refine_solution: new weight 92 (was 92) in 0.006473 s
>>> get_solution
  refine_solution: new weight 92 (was 92) in 0.006608 s
28,,1250,18688,5,,1161,0,,92,92,92,92,92,,3,3,@@

  handle_small_Steiner_degrees: steiner 0, suppress 0 in 2e-06 s
Starting round 29
Found 84 isolated vertices
Invalid ratios recomputed: 1212
Best ratio is 3/2 (1.5), centered at 1130
Finding the best star... Star with 3 terminals centered in 884
round took: 0.196207 s
|V| = 1331, |E| = 18638, |R| = 3
>> 0 (-1: -1 -1 -1) (0.000638 s)
Zelikovsky 0.236081 s
>> 0 (-1: -1 -1 -1) (0.236825 s)
Zelikovsky- 0.240277 s
>>> get_solution
  refine_solution: new weight 92 (was 92) in 0.006472 s
>>> get_solution
  refine_solution: new weight 92 (was 92) in 0.006636 s
29,,1247,18638,3,,1212,0,,92,92,92,92,92,,3,3,@@

  handle_small_Steiner_degrees: steiner 0, suppress 0 in 2e-06 s
Starting round 30
Found 87 isolated vertices
Invalid ratios recomputed: 1227
Best ratio is 2/1 (2.0), centered at 232
Finding the best star... Star with 2 terminals centered in 1267
round took: 0.223747 s
|V| = 1331, |E| = 18595, |R| = 2
Zelikovsky 0.234871 s
Zelikovsky- 0.003341 s
>>> get_solution
  refine_solution: new weight 92 (was 92) in 0.006469 s
>>> get_solution
  refine_solution: new weight 92 (was 92) in 0.006621 s
30,,1244,18595,2,,1227,0,,92,92,92,92,92,,2,2,@@

  handle_small_Steiner_degrees: steiner 0, suppress 0 in 2e-06 s
Starting round 31
Found 89 isolated vertices
Invalid ratios recomputed: 1242
Best ratio is 3/1 (3.0), centered at 0
Finding the best star... Star with 2 terminals centered in 884
round took: 0.237315 s
|V| = 1331, |E| = 18537, |R| = 1
Zelikovsky 0.18752 s
Zelikovsky- 0.003634 s
>>> get_solution
  refine_solution: new weight 92 (was 92) in 0.006471 s
>>> get_solution
  refine_solution: new weight 92 (was 92) in 0.006614 s
31,,1242,18537,1,,1242,0,,92,92,92,92,92,,3,2,@@

  handle_small_Steiner_degrees: steiner 0, suppress 0 in 2e-06 s
contract_till_the_bitter_end: 134.152 s

Calling end_heu
>>> get_solution
Saved weight 0
end_heu: 0 loops with 0 unique solutions in 3.4e-05 s

Calling print_solution
>>> get_solution
  refine_solution: new weight 92 (was 92) in 0.006619 s
## FINAL WEIGHT 92
print_solution: 0.008843 s
