Version: final-94-gfffc3aa rub_all.sh: remove longest prefix
Random seed: 1550098711
Start
>>> save_orig_graph
>> Saved weight 0
Graph loaded
|V| = 33902, |E| = 62816, |R| = 204
First clearance of the input. Calling buy_zero and run_all_heuristics.
  buy_zero: 0 zero edges in 0.000137 s
  handle_small_terminal_degrees: terms 0 in 2.6e-05 s
  handle_small_Steiner_degrees: steiner 4, suppress 645 in 0.000252 s
  shortest_edge_between_terminals: 1 edges in 1.6e-05 s
  handle_small_terminal_degrees: terms 0 in 3.8e-05 s
  handle_small_Steiner_degrees: steiner 0, suppress 0 in 4e-05 s
  shortest_edge_between_terminals: 0 edges in 5e-06 s
Compressed graph 33902 -> 33251
  delete_edges: deleted 25 edges in 0.001561 s and 1 rounds
  handle_small_terminal_degrees: terms 0 in 2.5e-05 s
  handle_small_Steiner_degrees: steiner 0, suppress 46 in 5.2e-05 s
  shortest_edge_between_terminals: 0 edges in 7e-06 s
  handle_small_terminal_degrees: terms 0 in 2.5e-05 s
  handle_small_Steiner_degrees: steiner 0, suppress 0 in 3.9e-05 s
  shortest_edge_between_terminals: 0 edges in 5e-06 s
Compressed graph 33251 -> 33205
  delete_edges_shortest_path: deleted 46 edges in 0.206625 s
  handle_small_terminal_degrees: terms 0 in 2.5e-05 s
  handle_small_Steiner_degrees: steiner 0, suppress 53 in 6.1e-05 s
  shortest_edge_between_terminals: 0 edges in 1.2e-05 s
  handle_small_terminal_degrees: terms 0 in 2.5e-05 s
  handle_small_Steiner_degrees: steiner 0, suppress 0 in 3.9e-05 s
  shortest_edge_between_terminals: 0 edges in 5e-06 s
Compressed graph 33205 -> 33152
  handle_small_terminal_degrees: terms 0 in 2.5e-05 s
  handle_small_Steiner_degrees: steiner 0, suppress 0 in 3.3e-05 s
  shortest_edge_between_terminals: 0 edges in 1.8e-05 s
Compressed graph 33152 -> 33147
  delete_edges_shortest_path: deleted 55 edges in 0.205981 s
  handle_small_terminal_degrees: terms 0 in 2.5e-05 s
  handle_small_Steiner_degrees: steiner 0, suppress 62 in 6.4e-05 s
  shortest_edge_between_terminals: 0 edges in 1.1e-05 s
  handle_small_terminal_degrees: terms 0 in 2.4e-05 s
  handle_small_Steiner_degrees: steiner 0, suppress 0 in 3.9e-05 s
  shortest_edge_between_terminals: 0 edges in 5e-06 s
Compressed graph 33147 -> 33085
Compressed graph 33085 -> 33085
>>> save_orig_graph
>> Saved weight 78
### ZEL_LVL=0 PRECISE_STARS=1

Calling `contract_till_the_bitter_end`
|V| = 33085, |E| = 61874, |R| = 198
>>> get_solution
>>> get_solution
  refine_solution: new weight 13212 (was 13286) in 0.006847 s
  refine_solution: new weight 13184 (was 13212) in 0.006672 s
  refine_solution: new weight 13174 (was 13184) in 0.006614 s
  refine_solution: new weight 13174 (was 13174) in 0.006624 s
0,,33085,61874,198,,0,0,,13286,13174,78,78,78,,0,0,@@

  delete_edges: deleted 54 edges in 0.004956 s and 3 rounds
  handle_small_Steiner_degrees: steiner 0, suppress 60 in 7.2e-05 s
Starting round 1
Found 60 isolated vertices
Invalid ratios recomputed: 33025
Best ratio is 33/2 (16.5), centered at 3732
Finding the best star... Star with 3 terminals centered in 3736
round took: 7.36319 s
|V| = 33085, |E| = 61753, |R| = 196
>>> get_solution
>>> get_solution
  refine_solution: new weight 13212 (was 13296) in 0.006696 s
  refine_solution: new weight 13184 (was 13212) in 0.00666 s
  refine_solution: new weight 13174 (was 13184) in 0.006619 s
  refine_solution: new weight 13174 (was 13174) in 0.006602 s
1,,33025,61753,196,,33025,0,,13296,13174,111,111,111,,33,3,@@

  handle_small_Steiner_degrees: steiner 0, suppress 1 in 5.2e-05 s
Starting round 2
Found 66 isolated vertices
Invalid ratios recomputed: 11324
Best ratio is 33/2 (16.5), centered at 28810
Finding the best star... Star with 3 terminals centered in 29056
round took: 4.44659 s
|V| = 33085, |E| = 61747, |R| = 194
>>> get_solution
>>> get_solution
  refine_solution: new weight 13212 (was 13296) in 0.006744 s
  refine_solution: new weight 13184 (was 13212) in 0.006606 s
  refine_solution: new weight 13174 (was 13184) in 0.006606 s
  refine_solution: new weight 13174 (was 13174) in 0.006582 s
2,,33019,61747,194,,11324,0,,13296,13174,144,144,144,,33,3,@@

  handle_small_Steiner_degrees: steiner 0, suppress 1 in 6.3e-05 s
Starting round 3
Found 70 isolated vertices
Invalid ratios recomputed: 11228
Best ratio is 36/2 (18.0), centered at 28546
Finding the best star... Star with 3 terminals centered in 29038
round took: 4.17727 s
|V| = 33085, |E| = 61741, |R| = 192
>>> get_solution
>>> get_solution
  refine_solution: new weight 13212 (was 13296) in 0.006687 s
  refine_solution: new weight 13184 (was 13212) in 0.006456 s
  refine_solution: new weight 13174 (was 13184) in 0.006437 s
  refine_solution: new weight 13174 (was 13174) in 0.006403 s
3,,33015,61741,192,,11228,0,,13296,13174,180,180,180,,36,3,@@

  handle_small_Steiner_degrees: steiner 0, suppress 1 in 5e-05 s
Starting round 4
Found 75 isolated vertices
Invalid ratios recomputed: 12053
Best ratio is 18/1 (18.0), centered at 5267
Finding the best star... Star with 2 terminals centered in 5522
round took: 4.3747 s
|V| = 33085, |E| = 61737, |R| = 191
>>> get_solution
>>> get_solution
  refine_solution: new weight 13212 (was 13296) in 0.00667 s
  refine_solution: new weight 13184 (was 13212) in 0.006498 s
  refine_solution: new weight 13174 (was 13184) in 0.006405 s
  refine_solution: new weight 13174 (was 13174) in 0.006427 s
4,,33010,61737,191,,12053,0,,13296,13174,198,198,198,,18,2,@@

  handle_small_Steiner_degrees: steiner 0, suppress 1 in 5.1e-05 s
Starting round 5
Found 78 isolated vertices
Invalid ratios recomputed: 11310
Best ratio is 18/1 (18.0), centered at 17272
Finding the best star... Star with 2 terminals centered in 17525
round took: 4.49663 s
|V| = 33085, |E| = 61734, |R| = 190
>>> get_solution
>>> get_solution
  refine_solution: new weight 13228 (was 13304) in 0.006697 s
  refine_solution: new weight 13200 (was 13228) in 0.006472 s
  refine_solution: new weight 13190 (was 13200) in 0.006439 s
  refine_solution: new weight 13190 (was 13190) in 0.006409 s
5,,33007,61734,190,,11310,0,,13304,13190,216,216,216,,18,2,@@

  handle_small_Steiner_degrees: steiner 0, suppress 0 in 3.9e-05 s
Starting round 6
Found 80 isolated vertices
Invalid ratios recomputed: 13741
Best ratio is 18/1 (18.0), centered at 17295
Finding the best star... Star with 2 terminals centered in 17545
round took: 5.06934 s
|V| = 33085, |E| = 61731, |R| = 189
>>> get_solution
>>> get_solution
  refine_solution: new weight 13228 (was 13304) in 0.006709 s
  refine_solution: new weight 13200 (was 13228) in 0.006463 s
  refine_solution: new weight 13190 (was 13200) in 0.006436 s
  refine_solution: new weight 13190 (was 13190) in 0.006407 s
6,,33005,61731,189,,13741,0,,13304,13190,234,234,234,,18,2,@@

  handle_small_Steiner_degrees: steiner 0, suppress 1 in 6.2e-05 s
Starting round 7
Found 83 isolated vertices
Invalid ratios recomputed: 14361
Best ratio is 18/1 (18.0), centered at 17760
Finding the best star... Star with 2 terminals centered in 18016
round took: 5.16727 s
|V| = 33085, |E| = 61728, |R| = 188
>>> get_solution
>>> get_solution
  refine_solution: new weight 13228 (was 13294) in 0.006711 s
  refine_solution: new weight 13200 (was 13228) in 0.006465 s
  refine_solution: new weight 13190 (was 13200) in 0.00644 s
  refine_solution: new weight 13190 (was 13190) in 0.00642 s
7,,33002,61728,188,,14361,0,,13294,13190,252,252,252,,18,2,@@

  handle_small_Steiner_degrees: steiner 0, suppress 0 in 3.9e-05 s
Starting round 8
Found 85 isolated vertices
Invalid ratios recomputed: 13463
Best ratio is 18/1 (18.0), centered at 18305
Finding the best star... Star with 2 terminals centered in 18555
round took: 5.04858 s
|V| = 33085, |E| = 61726, |R| = 187
>>> get_solution
>>> get_solution
  refine_solution: new weight 13228 (was 13294) in 0.006698 s
  refine_solution: new weight 13200 (was 13228) in 0.006466 s
  refine_solution: new weight 13190 (was 13200) in 0.006467 s
  refine_solution: new weight 13190 (was 13190) in 0.006495 s
8,,33000,61726,187,,13463,0,,13294,13190,270,270,270,,18,2,@@

  handle_small_Steiner_degrees: steiner 0, suppress 0 in 3.9e-05 s
Starting round 9
Found 87 isolated vertices
Invalid ratios recomputed: 14108
Best ratio is 18/1 (18.0), centered at 27555
Finding the best star... Star with 2 terminals centered in 27820
round took: 5.149 s
|V| = 33085, |E| = 61723, |R| = 186
>>> get_solution
>>> get_solution
  refine_solution: new weight 13228 (was 13294) in 0.006708 s
  refine_solution: new weight 13200 (was 13228) in 0.006489 s
  refine_solution: new weight 13190 (was 13200) in 0.006426 s
  refine_solution: new weight 13190 (was 13190) in 0.006407 s
9,,32998,61723,186,,14108,0,,13294,13190,288,288,288,,18,2,@@

  handle_small_Steiner_degrees: steiner 0, suppress 1 in 5.3e-05 s
Starting round 10
Found 90 isolated vertices
Invalid ratios recomputed: 10934
Best ratio is 18/1 (18.0), centered at 28825
Finding the best star... Star with 2 terminals centered in 29068
round took: 4.16674 s
|V| = 33085, |E| = 61719, |R| = 185
>>> get_solution
>>> get_solution
  refine_solution: new weight 13223 (was 13299) in 0.006696 s
  refine_solution: new weight 13195 (was 13223) in 0.006485 s
  refine_solution: new weight 13185 (was 13195) in 0.006432 s
  refine_solution: new weight 13185 (was 13185) in 0.006408 s
10,,32995,61719,185,,10934,0,,13299,13185,306,306,306,,18,2,@@

  handle_small_Steiner_degrees: steiner 0, suppress 1 in 4.2e-05 s
Starting round 11
Found 93 isolated vertices
Invalid ratios recomputed: 10892
Best ratio is 40/2 (20.0), centered at 28780
Finding the best star... Star with 3 terminals centered in 28788
round took: 4.13817 s
|V| = 33085, |E| = 61710, |R| = 183
>>> get_solution
>>> get_solution
  refine_solution: new weight 13200 (was 13276) in 0.006723 s
  refine_solution: new weight 13172 (was 13200) in 0.006465 s
  refine_solution: new weight 13162 (was 13172) in 0.006454 s
  refine_solution: new weight 13162 (was 13162) in 0.006427 s
11,,32992,61710,183,,10892,0,,13276,13162,346,346,346,,40,3,@@

  handle_small_Steiner_degrees: steiner 0, suppress 0 in 4e-05 s
Starting round 12
Found 101 isolated vertices
Invalid ratios recomputed: 12858
Best ratio is 20/1 (20.0), centered at 5528
Finding the best star... Star with 2 terminals centered in 5783
round took: 4.66128 s
|V| = 33085, |E| = 61707, |R| = 182
>>> get_solution
>>> get_solution
  refine_solution: new weight 13223 (was 13289) in 0.006696 s
  refine_solution: new weight 13195 (was 13223) in 0.006474 s
  refine_solution: new weight 13185 (was 13195) in 0.006438 s
  refine_solution: new weight 13185 (was 13185) in 0.006411 s
12,,32984,61707,182,,12858,0,,13289,13185,366,366,366,,20,2,@@

  handle_small_Steiner_degrees: steiner 0, suppress 0 in 3.9e-05 s
Starting round 13
Found 104 isolated vertices
Invalid ratios recomputed: 11877
Best ratio is 20/1 (20.0), centered at 5537
Finding the best star... Star with 2 terminals centered in 5541
round took: 4.67722 s
|V| = 33085, |E| = 61703, |R| = 181
>>> get_solution
>>> get_solution
  refine_solution: new weight 13208 (was 13294) in 0.006693 s
  refine_solution: new weight 13185 (was 13208) in 0.006485 s
  refine_solution: new weight 13180 (was 13185) in 0.006429 s
  refine_solution: new weight 13180 (was 13180) in 0.0064 s
13,,32981,61703,181,,11877,0,,13294,13180,386,386,386,,20,2,@@

  handle_small_Steiner_degrees: steiner 0, suppress 0 in 3.9e-05 s
Starting round 14
Found 108 isolated vertices
Invalid ratios recomputed: 12256
Best ratio is 20/1 (20.0), centered at 16807
Finding the best star... Star with 2 terminals centered in 16810
round took: 4.75661 s
|V| = 33085, |E| = 61700, |R| = 180
>>> get_solution
>>> get_solution
  refine_solution: new weight 13208 (was 13294) in 0.006698 s
  refine_solution: new weight 13185 (was 13208) in 0.00647 s
  refine_solution: new weight 13180 (was 13185) in 0.006408 s
  refine_solution: new weight 13180 (was 13180) in 0.006409 s
14,,32977,61700,180,,12256,0,,13294,13180,406,406,406,,20,2,@@

  handle_small_Steiner_degrees: steiner 0, suppress 0 in 3.9e-05 s
Starting round 15
Found 111 isolated vertices
Invalid ratios recomputed: 14385
Best ratio is 20/1 (20.0), centered at 17765
Finding the best star... Star with 2 terminals centered in 17769
round took: 5.27493 s
|V| = 33085, |E| = 61696, |R| = 179
>>> get_solution
>>> get_solution
  refine_solution: new weight 13185 (was 13271) in 0.006663 s
  refine_solution: new weight 13162 (was 13185) in 0.006492 s
  refine_solution: new weight 13157 (was 13162) in 0.006427 s
  refine_solution: new weight 13157 (was 13157) in 0.006421 s
15,,32974,61696,179,,14385,0,,13271,13157,426,426,426,,20,2,@@

  handle_small_Steiner_degrees: steiner 0, suppress 0 in 3.9e-05 s
Starting round 16
Found 115 isolated vertices
Invalid ratios recomputed: 13783
Best ratio is 20/1 (20.0), centered at 17780
Finding the best star... Star with 2 terminals centered in 17783
round took: 5.18637 s
|V| = 33085, |E| = 61693, |R| = 178
>>> get_solution
>>> get_solution
  refine_solution: new weight 13208 (was 13294) in 0.006702 s
  refine_solution: new weight 13185 (was 13208) in 0.006465 s
  refine_solution: new weight 13180 (was 13185) in 0.006421 s
  refine_solution: new weight 13180 (was 13180) in 0.0064 s
16,,32970,61693,178,,13783,0,,13294,13180,446,446,446,,20,2,@@

  delete_edges: deleted 62 edges in 0.005011 s and 3 rounds
  handle_small_Steiner_degrees: steiner 0, suppress 62 in 7.3e-05 s
Starting round 17
Found 180 isolated vertices
Invalid ratios recomputed: 14181
Best ratio is 20/1 (20.0), centered at 28821
Finding the best star... Star with 2 terminals centered in 29068
round took: 5.24739 s
|V| = 33085, |E| = 61564, |R| = 177
>>> get_solution
>>> get_solution
  refine_solution: new weight 13208 (was 13294) in 0.006851 s
  refine_solution: new weight 13185 (was 13208) in 0.006633 s
  refine_solution: new weight 13180 (was 13185) in 0.006582 s
  refine_solution: new weight 13180 (was 13180) in 0.006589 s
17,,32905,61564,177,,14181,0,,13294,13180,466,466,466,,20,2,@@

  handle_small_Steiner_degrees: steiner 0, suppress 0 in 3.9e-05 s
Starting round 18
Found 184 isolated vertices
Invalid ratios recomputed: 11718
Best ratio is 20/1 (20.0), centered at 29078
Finding the best star... Star with 2 terminals centered in 29082
round took: 4.46542 s
|V| = 33085, |E| = 61560, |R| = 176
>>> get_solution
>>> get_solution
  refine_solution: new weight 13208 (was 13284) in 0.006854 s
  refine_solution: new weight 13185 (was 13208) in 0.006642 s
  refine_solution: new weight 13180 (was 13185) in 0.006594 s
  refine_solution: new weight 13180 (was 13180) in 0.006603 s
18,,32901,61560,176,,11718,0,,13284,13180,486,486,486,,20,2,@@

  handle_small_Steiner_degrees: steiner 0, suppress 0 in 4.9e-05 s
Starting round 19
Found 188 isolated vertices
Invalid ratios recomputed: 10929
Best ratio is 61/3 (20.3), centered at 5496
Finding the best star... Star with 4 terminals centered in 5503
round took: 4.22541 s
|V| = 33085, |E| = 61549, |R| = 173
>>> get_solution
>>> get_solution
  refine_solution: new weight 13203 (was 13271) in 0.006843 s
  refine_solution: new weight 13180 (was 13203) in 0.006654 s
  refine_solution: new weight 13175 (was 13180) in 0.006601 s
  refine_solution: new weight 13175 (was 13175) in 0.006603 s
19,,32897,61549,173,,10929,0,,13271,13175,547,547,547,,61,4,@@

  handle_small_Steiner_degrees: steiner 0, suppress 2 in 5.2e-05 s
Starting round 20
Found 199 isolated vertices
Invalid ratios recomputed: 10546
Best ratio is 23/1 (23.0), centered at 2418
Finding the best star... Star with 2 terminals centered in 2695
round took: 4.41393 s
|V| = 33085, |E| = 61541, |R| = 172
>>> get_solution
>>> get_solution
  refine_solution: new weight 13203 (was 13281) in 0.006879 s
  refine_solution: new weight 13180 (was 13203) in 0.006636 s
  refine_solution: new weight 13175 (was 13180) in 0.00665 s
  refine_solution: new weight 13175 (was 13175) in 0.00663 s
20,,32886,61541,172,,10546,0,,13281,13175,570,570,570,,23,2,@@

  handle_small_Steiner_degrees: steiner 0, suppress 2 in 5.4e-05 s
Starting round 21
Found 204 isolated vertices
Invalid ratios recomputed: 11015
Best ratio is 23/1 (23.0), centered at 8972
Finding the best star... Star with 2 terminals centered in 9234
round took: 4.63157 s
|V| = 33085, |E| = 61534, |R| = 171
>>> get_solution
>>> get_solution
  refine_solution: new weight 13193 (was 13271) in 0.006867 s
  refine_solution: new weight 13170 (was 13193) in 0.006679 s
  refine_solution: new weight 13165 (was 13170) in 0.006615 s
  refine_solution: new weight 13165 (was 13165) in 0.006612 s
21,,32881,61534,171,,11015,0,,13271,13165,593,593,593,,23,2,@@

  handle_small_Steiner_degrees: steiner 0, suppress 2 in 5.1e-05 s
Starting round 22
Found 209 isolated vertices
Invalid ratios recomputed: 14343
Best ratio is 23/1 (23.0), centered at 17817
Finding the best star... Star with 2 terminals centered in 18073
round took: 5.37003 s
|V| = 33085, |E| = 61529, |R| = 170
>>> get_solution
>>> get_solution
  refine_solution: new weight 13193 (was 13261) in 0.006869 s
  refine_solution: new weight 13170 (was 13193) in 0.006666 s
  refine_solution: new weight 13165 (was 13170) in 0.006614 s
  refine_solution: new weight 13165 (was 13165) in 0.00662 s
22,,32876,61529,170,,14343,0,,13261,13165,616,616,616,,23,2,@@

  handle_small_Steiner_degrees: steiner 0, suppress 0 in 3.9e-05 s
Starting round 23
Found 211 isolated vertices
Invalid ratios recomputed: 14185
Best ratio is 23/1 (23.0), centered at 18009
Finding the best star... Star with 2 terminals centered in 18271
round took: 5.27384 s
|V| = 33085, |E| = 61526, |R| = 169
>>> get_solution
>>> get_solution
  refine_solution: new weight 13193 (was 13261) in 0.006844 s
  refine_solution: new weight 13170 (was 13193) in 0.006637 s
  refine_solution: new weight 13165 (was 13170) in 0.006609 s
  refine_solution: new weight 13165 (was 13165) in 0.006605 s
23,,32874,61526,169,,14185,0,,13261,13165,639,639,639,,23,2,@@

  handle_small_Steiner_degrees: steiner 0, suppress 0 in 3.9e-05 s
Starting round 24
Found 214 isolated vertices
Invalid ratios recomputed: 13494
Best ratio is 23/1 (23.0), centered at 18066
Finding the best star... Star with 2 terminals centered in 18326
round took: 5.25082 s
|V| = 33085, |E| = 61522, |R| = 168
>>> get_solution
>>> get_solution
  refine_solution: new weight 13183 (was 13251) in 0.007477 s
  refine_solution: new weight 13160 (was 13183) in 0.006949 s
  refine_solution: new weight 13155 (was 13160) in 0.006646 s
  refine_solution: new weight 13155 (was 13155) in 0.006614 s
24,,32871,61522,168,,13494,0,,13251,13155,662,662,662,,23,2,@@

  handle_small_Steiner_degrees: steiner 0, suppress 2 in 5.7e-05 s
Starting round 25
Found 219 isolated vertices
Invalid ratios recomputed: 14466
Best ratio is 23/1 (23.0), centered at 31448
Finding the best star... Star with 2 terminals centered in 31685
round took: 5.35342 s
|V| = 33085, |E| = 61516, |R| = 167
>>> get_solution
>>> get_solution
  refine_solution: new weight 13183 (was 13251) in 0.006848 s
  refine_solution: new weight 13160 (was 13183) in 0.006624 s
  refine_solution: new weight 13155 (was 13160) in 0.006576 s
  refine_solution: new weight 13155 (was 13155) in 0.006566 s
25,,32866,61516,167,,14466,0,,13251,13155,685,685,685,,23,2,@@

  handle_small_Steiner_degrees: steiner 0, suppress 0 in 4e-05 s
Starting round 26
Found 222 isolated vertices
Invalid ratios recomputed: 9754
Best ratio is 48/2 (24.0), centered at 5524
Finding the best star... Star with 3 terminals centered in 5783
round took: 4.00702 s
|V| = 33085, |E| = 61509, |R| = 165
>>> get_solution
>>> get_solution
  refine_solution: new weight 13178 (was 13236) in 0.006882 s
  refine_solution: new weight 13173 (was 13178) in 0.006588 s
  refine_solution: new weight 13168 (was 13173) in 0.006602 s
  refine_solution: new weight 13168 (was 13168) in 0.006591 s
26,,32863,61509,165,,9754,0,,13236,13168,733,733,733,,48,3,@@

  handle_small_Steiner_degrees: steiner 0, suppress 2 in 5.2e-05 s
Starting round 27
Found 230 isolated vertices
Invalid ratios recomputed: 12152
Best ratio is 75/3 (25.0), centered at 28805
Finding the best star... Star with 4 terminals centered in 29068
round took: 4.9489 s
|V| = 33085, |E| = 61489, |R| = 162
>>> get_solution
>>> get_solution
  refine_solution: new weight 13168 (was 13246) in 0.006866 s
  refine_solution: new weight 13158 (was 13168) in 0.006619 s
  refine_solution: new weight 13153 (was 13158) in 0.006617 s
  refine_solution: new weight 13153 (was 13153) in 0.006597 s
27,,32855,61489,162,,12152,0,,13246,13153,808,808,808,,75,4,@@

  handle_small_Steiner_degrees: steiner 0, suppress 0 in 3.9e-05 s
Starting round 28
Found 245 isolated vertices
Invalid ratios recomputed: 12573
Best ratio is 25/1 (25.0), centered at 5517
Finding the best star... Star with 2 terminals centered in 5783
round took: 4.81369 s
|V| = 33085, |E| = 61484, |R| = 161
>>> get_solution
>>> get_solution
  refine_solution: new weight 13178 (was 13236) in 0.006876 s
  refine_solution: new weight 13173 (was 13178) in 0.006637 s
  refine_solution: new weight 13168 (was 13173) in 0.006596 s
  refine_solution: new weight 13168 (was 13168) in 0.0066 s
28,,32840,61484,161,,12573,0,,13236,13168,833,833,833,,25,2,@@

  handle_small_Steiner_degrees: steiner 0, suppress 0 in 3.9e-05 s
Starting round 29
Found 250 isolated vertices
Invalid ratios recomputed: 12173
Best ratio is 51/2 (25.5), centered at 17769
Finding the best star... Star with 3 terminals centered in 18029
round took: 5.01017 s
|V| = 33085, |E| = 61474, |R| = 159
>>> get_solution
>>> get_solution
  refine_solution: new weight 13162 (was 13220) in 0.006879 s
  refine_solution: new weight 13157 (was 13162) in 0.006651 s
  refine_solution: new weight 13152 (was 13157) in 0.006586 s
  refine_solution: new weight 13152 (was 13152) in 0.006586 s
29,,32835,61474,159,,12173,0,,13220,13152,884,884,884,,51,3,@@

  handle_small_Steiner_degrees: steiner 0, suppress 1 in 4.6e-05 s
Starting round 30
Found 258 isolated vertices
Invalid ratios recomputed: 14260
Best ratio is 26/1 (26.0), centered at 14546
Finding the best star... Star with 2 terminals centered in 15070
round took: 5.50452 s
|V| = 33085, |E| = 61470, |R| = 158
>>> get_solution
>>> get_solution
  refine_solution: new weight 13129 (was 13207) in 0.006878 s
  refine_solution: new weight 13119 (was 13129) in 0.006653 s
  refine_solution: new weight 13114 (was 13119) in 0.006596 s
  refine_solution: new weight 13114 (was 13114) in 0.00658 s
30,,32827,61470,158,,14260,0,,13207,13114,910,910,910,,26,2,@@

  handle_small_Steiner_degrees: steiner 0, suppress 0 in 4e-05 s
Starting round 31
Found 260 isolated vertices
Invalid ratios recomputed: 10480
Best ratio is 26/1 (26.0), centered at 18016
Finding the best star... Star with 2 terminals centered in 18527
round took: 4.44718 s
|V| = 33085, |E| = 61467, |R| = 157
>>> get_solution
>>> get_solution
  refine_solution: new weight 13147 (was 13215) in 0.006886 s
  refine_solution: new weight 13137 (was 13147) in 0.006644 s
  refine_solution: new weight 13132 (was 13137) in 0.006601 s
  refine_solution: new weight 13132 (was 13132) in 0.006569 s
31,,32825,61467,157,,10480,0,,13215,13132,936,936,936,,26,2,@@

  handle_small_Steiner_degrees: steiner 0, suppress 0 in 4.1e-05 s
Starting round 32
Found 262 isolated vertices
Invalid ratios recomputed: 14098
Best ratio is 26/1 (26.0), centered at 28360
Finding the best star... Star with 2 terminals centered in 28849
round took: 5.49847 s
|V| = 33085, |E| = 61465, |R| = 156
>>> get_solution
>>> get_solution
  refine_solution: new weight 13124 (was 13192) in 0.00686 s
  refine_solution: new weight 13114 (was 13124) in 0.006638 s
  refine_solution: new weight 13109 (was 13114) in 0.00661 s
  refine_solution: new weight 13109 (was 13109) in 0.00656 s
32,,32823,61465,156,,14098,0,,13192,13109,962,962,962,,26,2,@@

  delete_edges: deleted 66 edges in 0.003497 s and 2 rounds
  handle_small_Steiner_degrees: steiner 0, suppress 69 in 7.6e-05 s
Starting round 33
Found 333 isolated vertices
Invalid ratios recomputed: 11116
Best ratio is 84/3 (28.0), centered at 28827
Finding the best star... Star with 4 terminals centered in 29044
round took: 4.45247 s
|V| = 33085, |E| = 61315, |R| = 153
>>> get_solution
>>> get_solution
  refine_solution: new weight 13157 (was 13225) in 0.006868 s
  refine_solution: new weight 13152 (was 13157) in 0.006683 s
  refine_solution: new weight 13147 (was 13152) in 0.006661 s
  refine_solution: new weight 13147 (was 13147) in 0.006642 s
33,,32752,61315,153,,11116,0,,13225,13147,1046,1046,1046,,84,4,@@

  handle_small_Steiner_degrees: steiner 0, suppress 2 in 5.5e-05 s
Starting round 34
Found 347 isolated vertices
Invalid ratios recomputed: 13049
Best ratio is 28/1 (28.0), centered at 19298
Finding the best star... Star with 2 terminals centered in 19301
round took: 5.04462 s
|V| = 33085, |E| = 61307, |R| = 152
>>> get_solution
>>> get_solution
  refine_solution: new weight 13144 (was 13212) in 0.006773 s
  refine_solution: new weight 13139 (was 13144) in 0.006623 s
  refine_solution: new weight 13134 (was 13139) in 0.006532 s
  refine_solution: new weight 13134 (was 13134) in 0.006571 s
34,,32738,61307,152,,13049,0,,13212,13134,1074,1074,1074,,28,2,@@

  handle_small_Steiner_degrees: steiner 0, suppress 2 in 4.7e-05 s
Starting round 35
Found 353 isolated vertices
Invalid ratios recomputed: 13652
Best ratio is 57/2 (28.5), centered at 16295
Finding the best star... Star with 3 terminals centered in 18029
round took: 5.40136 s
|V| = 33085, |E| = 61297, |R| = 150
>>> get_solution
>>> get_solution
  refine_solution: new weight 13139 (was 13207) in 0.006803 s
  refine_solution: new weight 13134 (was 13139) in 0.006664 s
  refine_solution: new weight 13129 (was 13134) in 0.006574 s
  refine_solution: new weight 13129 (was 13129) in 0.006587 s
35,,32732,61297,150,,13652,0,,13207,13129,1131,1131,1131,,57,3,@@

  handle_small_Steiner_degrees: steiner 0, suppress 0 in 5.1e-05 s
Starting round 36
Found 358 isolated vertices
Invalid ratios recomputed: 14631
Best ratio is 90/3 (30.0), centered at 17761
Finding the best star... Star with 4 terminals centered in 17783
round took: 5.62411 s
|V| = 33085, |E| = 61280, |R| = 147
>>> get_solution
>>> get_solution
  refine_solution: new weight 13139 (was 13207) in 0.006801 s
  refine_solution: new weight 13134 (was 13139) in 0.006579 s
  refine_solution: new weight 13129 (was 13134) in 0.006601 s
  refine_solution: new weight 13129 (was 13129) in 0.006569 s
36,,32727,61280,147,,14631,0,,13207,13129,1221,1221,1221,,90,4,@@

  handle_small_Steiner_degrees: steiner 0, suppress 2 in 5.4e-05 s
Starting round 37
Found 375 isolated vertices
Invalid ratios recomputed: 14987
Best ratio is 30/1 (30.0), centered at 28843
Finding the best star... Star with 2 terminals centered in 28849
round took: 5.74223 s
|V| = 33085, |E| = 61269, |R| = 146
>>> get_solution
>>> get_solution
  refine_solution: new weight 13139 (was 13197) in 0.006794 s
  refine_solution: new weight 13134 (was 13139) in 0.006624 s
  refine_solution: new weight 13129 (was 13134) in 0.006569 s
  refine_solution: new weight 13129 (was 13129) in 0.006575 s
37,,32710,61269,146,,14987,0,,13197,13129,1251,1251,1251,,30,2,@@

  handle_small_Steiner_degrees: steiner 0, suppress 0 in 5e-05 s
Starting round 38
Found 381 isolated vertices
Invalid ratios recomputed: 12072
Best ratio is 31/1 (31.0), centered at 2130
Finding the best star... Star with 2 terminals centered in 2680
round took: 4.8245 s
|V| = 33085, |E| = 61265, |R| = 145
>>> get_solution
>>> get_solution
  refine_solution: new weight 13139 (was 13202) in 0.006797 s
  refine_solution: new weight 13134 (was 13139) in 0.006593 s
  refine_solution: new weight 13129 (was 13134) in 0.006554 s
  refine_solution: new weight 13129 (was 13129) in 0.006581 s
38,,32704,61265,145,,12072,0,,13202,13129,1282,1282,1282,,31,2,@@

  handle_small_Steiner_degrees: steiner 0, suppress 0 in 5e-05 s
Starting round 39
Found 384 isolated vertices
Invalid ratios recomputed: 11187
Best ratio is 66/2 (33.0), centered at 16822
Finding the best star... Star with 3 terminals centered in 17302
round took: 4.84108 s
|V| = 33085, |E| = 61256, |R| = 143
>>> get_solution
>>> get_solution
  refine_solution: new weight 13139 (was 13202) in 0.006821 s
  refine_solution: new weight 13134 (was 13139) in 0.006614 s
  refine_solution: new weight 13129 (was 13134) in 0.006577 s
  refine_solution: new weight 13129 (was 13129) in 0.006569 s
39,,32701,61256,143,,11187,0,,13202,13129,1348,1348,1348,,66,3,@@

  handle_small_Steiner_degrees: steiner 0, suppress 2 in 5.3e-05 s
Starting round 40
Found 394 isolated vertices
Invalid ratios recomputed: 15349
Best ratio is 33/1 (33.0), centered at 16032
Finding the best star... Star with 2 terminals centered in 16289
round took: 5.82483 s
|V| = 33085, |E| = 61249, |R| = 142
>>> get_solution
>>> get_solution
  refine_solution: new weight 13139 (was 13192) in 0.00681 s
  refine_solution: new weight 13134 (was 13139) in 0.006629 s
  refine_solution: new weight 13129 (was 13134) in 0.006589 s
  refine_solution: new weight 13129 (was 13129) in 0.006555 s
40,,32691,61249,142,,15349,0,,13192,13129,1381,1381,1381,,33,2,@@

  handle_small_Steiner_degrees: steiner 0, suppress 0 in 4.2e-05 s
Starting round 41
Found 397 isolated vertices
Invalid ratios recomputed: 14599
Best ratio is 33/1 (33.0), centered at 28833
Finding the best star... Star with 2 terminals centered in 29082
round took: 5.73822 s
|V| = 33085, |E| = 61242, |R| = 141
>>> get_solution
>>> get_solution
  refine_solution: new weight 13139 (was 13192) in 0.006828 s
  refine_solution: new weight 13134 (was 13139) in 0.0066 s
  refine_solution: new weight 13129 (was 13134) in 0.006586 s
  refine_solution: new weight 13129 (was 13129) in 0.006563 s
41,,32688,61242,141,,14599,0,,13192,13129,1414,1414,1414,,33,2,@@

  handle_small_Steiner_degrees: steiner 0, suppress 0 in 4.8e-05 s
Starting round 42
Found 402 isolated vertices
Invalid ratios recomputed: 13070
Best ratio is 69/2 (34.5), centered at 17561
Finding the best star... Star with 3 terminals centered in 18326
round took: 5.12892 s
|V| = 33085, |E| = 61229, |R| = 139
>>> get_solution
>>> get_solution
  refine_solution: new weight 13109 (was 13182) in 0.006822 s
  refine_solution: new weight 13099 (was 13109) in 0.006618 s
  refine_solution: new weight 13094 (was 13099) in 0.006565 s
  refine_solution: new weight 13094 (was 13094) in 0.006585 s
42,,32683,61229,139,,13070,0,,13182,13094,1483,1483,1483,,69,3,@@

  handle_small_Steiner_degrees: steiner 0, suppress 2 in 5.4e-05 s
Starting round 43
Found 413 isolated vertices
Invalid ratios recomputed: 15950
Best ratio is 70/2 (35.0), centered at 5503
Finding the best star... Star with 3 terminals centered in 5783
round took: 5.96965 s
|V| = 33085, |E| = 61212, |R| = 137
>>> get_solution
>>> get_solution
  refine_solution: new weight 13104 (was 13167) in 0.006814 s
  refine_solution: new weight 13099 (was 13104) in 0.00665 s
  refine_solution: new weight 13094 (was 13099) in 0.006573 s
  refine_solution: new weight 13094 (was 13094) in 0.006577 s
43,,32672,61212,137,,15950,0,,13167,13094,1553,1553,1553,,70,3,@@

  handle_small_Steiner_degrees: steiner 0, suppress 0 in 3.8e-05 s
Starting round 44
Found 427 isolated vertices
Invalid ratios recomputed: 12111
Best ratio is 70/2 (35.0), centered at 28788
Finding the best star... Star with 3 terminals centered in 29082
round took: 5.12514 s
|V| = 33085, |E| = 61199, |R| = 135
>>> get_solution
>>> get_solution
  refine_solution: new weight 13104 (was 13167) in 0.006815 s
  refine_solution: new weight 13099 (was 13104) in 0.006637 s
  refine_solution: new weight 13094 (was 13099) in 0.006571 s
  refine_solution: new weight 13094 (was 13094) in 0.006577 s
44,,32658,61199,135,,12111,0,,13167,13094,1623,1623,1623,,70,3,@@

  handle_small_Steiner_degrees: steiner 0, suppress 1 in 4.3e-05 s
Starting round 45
Found 440 isolated vertices
Invalid ratios recomputed: 13604
Best ratio is 35/1 (35.0), centered at 17302
Finding the best star... Star with 2 terminals centered in 17302
round took: 5.3259 s
|V| = 33085, |E| = 61191, |R| = 134
>>> get_solution
>>> get_solution
  refine_solution: new weight 13099 (was 13162) in 0.006792 s
  refine_solution: new weight 13094 (was 13099) in 0.006627 s
  refine_solution: new weight 13089 (was 13094) in 0.006568 s
  refine_solution: new weight 13089 (was 13089) in 0.006598 s
45,,32645,61191,134,,13604,0,,13162,13089,1658,1658,1658,,35,2,@@

  handle_small_Steiner_degrees: steiner 0, suppress 0 in 5e-05 s
Starting round 46
Found 446 isolated vertices
Invalid ratios recomputed: 16092
Best ratio is 35/1 (35.0), centered at 27537
Finding the best star... Star with 2 terminals centered in 27543
round took: 6.15456 s
|V| = 33085, |E| = 61185, |R| = 133
>>> get_solution
>>> get_solution
  refine_solution: new weight 13099 (was 13162) in 0.006844 s
  refine_solution: new weight 13094 (was 13099) in 0.006648 s
  refine_solution: new weight 13089 (was 13094) in 0.006584 s
  refine_solution: new weight 13089 (was 13089) in 0.006596 s
46,,32639,61185,133,,16092,0,,13162,13089,1693,1693,1693,,35,2,@@

  handle_small_Steiner_degrees: steiner 0, suppress 0 in 5.1e-05 s
Starting round 47
Found 452 isolated vertices
Invalid ratios recomputed: 12759
Best ratio is 72/2 (36.0), centered at 3225
Finding the best star... Star with 3 terminals centered in 4274
round took: 5.18051 s
|V| = 33085, |E| = 61176, |R| = 131
>>> get_solution
>>> get_solution
  refine_solution: new weight 13099 (was 13162) in 0.006838 s
  refine_solution: new weight 13094 (was 13099) in 0.006633 s
  refine_solution: new weight 13089 (was 13094) in 0.006667 s
  refine_solution: new weight 13089 (was 13089) in 0.006658 s
47,,32633,61176,131,,12759,0,,13162,13089,1765,1765,1765,,72,3,@@

  handle_small_Steiner_degrees: steiner 0, suppress 2 in 6.2e-05 s
Starting round 48
Found 461 isolated vertices
Invalid ratios recomputed: 11815
Best ratio is 72/2 (36.0), centered at 27818
Finding the best star... Star with 3 terminals centered in 29082
round took: 5.07963 s
|V| = 33085, |E| = 61162, |R| = 129
>>> get_solution
>>> get_solution
  refine_solution: new weight 13099 (was 13162) in 0.006818 s
  refine_solution: new weight 13094 (was 13099) in 0.006614 s
  refine_solution: new weight 13089 (was 13094) in 0.006588 s
  refine_solution: new weight 13089 (was 13089) in 0.006565 s
48,,32624,61162,129,,11815,0,,13162,13089,1837,1837,1837,,72,3,@@

  delete_edges: deleted 85 edges in 0.013386 s and 8 rounds
  handle_small_Steiner_degrees: steiner 1, suppress 81 in 8.3e-05 s
Starting round 49
Found 551 isolated vertices
Invalid ratios recomputed: 13418
Best ratio is 36/1 (36.0), centered at 27882
Finding the best star... Star with 2 terminals centered in 28398
round took: 5.518 s
|V| = 33085, |E| = 60989, |R| = 128
>>> get_solution
>>> get_solution
  refine_solution: new weight 13099 (was 13162) in 0.006802 s
  refine_solution: new weight 13094 (was 13099) in 0.006586 s
  refine_solution: new weight 13089 (was 13094) in 0.006553 s
  refine_solution: new weight 13089 (was 13089) in 0.006558 s
49,,32534,60989,128,,13418,0,,13162,13089,1873,1873,1873,,36,2,@@

  handle_small_Steiner_degrees: steiner 0, suppress 3 in 5.4e-05 s
Starting round 50
Found 558 isolated vertices
Invalid ratios recomputed: 7650
Best ratio is 74/2 (37.0), centered at 17783
Finding the best star... Star with 3 terminals centered in 18555
round took: 3.87624 s
|V| = 33085, |E| = 60973, |R| = 126
>>> get_solution
>>> get_solution
  refine_solution: new weight 13091 (was 13144) in 0.00687 s
  refine_solution: new weight 13086 (was 13091) in 0.006597 s
  refine_solution: new weight 13081 (was 13086) in 0.006546 s
  refine_solution: new weight 13081 (was 13081) in 0.006559 s
50,,32527,60973,126,,7650,0,,13144,13081,1947,1947,1947,,74,3,@@

  handle_small_Steiner_degrees: steiner 0, suppress 0 in 5e-05 s
Starting round 51
Found 568 isolated vertices
Invalid ratios recomputed: 17807
Best ratio is 38/1 (38.0), centered at 17567
Finding the best star... Star with 2 terminals centered in 18073
round took: 6.91733 s
|V| = 33085, |E| = 60966, |R| = 125
>>> get_solution
>>> get_solution
  refine_solution: new weight 13091 (was 13144) in 0.006817 s
  refine_solution: new weight 13086 (was 13091) in 0.006643 s
  refine_solution: new weight 13081 (was 13086) in 0.006608 s
  refine_solution: new weight 13081 (was 13081) in 0.006605 s
51,,32517,60966,125,,17807,0,,13144,13081,1985,1985,1985,,38,2,@@

  handle_small_Steiner_degrees: steiner 0, suppress 1 in 4.6e-05 s
Starting round 52
Found 574 isolated vertices
Invalid ratios recomputed: 17956
Best ratio is 39/1 (39.0), centered at 5757
Finding the best star... Star with 2 terminals centered in 6271
round took: 6.93905 s
|V| = 33085, |E| = 60960, |R| = 124
>>> get_solution
>>> get_solution
  refine_solution: new weight 13091 (was 13144) in 0.006824 s
  refine_solution: new weight 13086 (was 13091) in 0.006626 s
  refine_solution: new weight 13081 (was 13086) in 0.006575 s
  refine_solution: new weight 13081 (was 13081) in 0.00659 s
52,,32511,60960,124,,17956,0,,13144,13081,2024,2024,2024,,39,2,@@

  handle_small_Steiner_degrees: steiner 0, suppress 3 in 5.3e-05 s
Starting round 53
Found 580 isolated vertices
Invalid ratios recomputed: 12023
Best ratio is 80/2 (40.0), centered at 16289
Finding the best star... Star with 3 terminals centered in 16303
round took: 5.32241 s
|V| = 33085, |E| = 60940, |R| = 122
>>> get_solution
>>> get_solution
  refine_solution: new weight 13091 (was 13144) in 0.006789 s
  refine_solution: new weight 13086 (was 13091) in 0.006608 s
  refine_solution: new weight 13081 (was 13086) in 0.006559 s
  refine_solution: new weight 13081 (was 13081) in 0.006526 s
53,,32505,60940,122,,12023,0,,13144,13081,2104,2104,2104,,80,3,@@

  handle_small_Steiner_degrees: steiner 0, suppress 0 in 3.8e-05 s
Starting round 54
Found 593 isolated vertices
Invalid ratios recomputed: 18122
Best ratio is 40/1 (40.0), centered at 3736
Finding the best star... Star with 2 terminals centered in 4274
round took: 7.05748 s
|V| = 33085, |E| = 60933, |R| = 121
>>> get_solution
>>> get_solution
  refine_solution: new weight 13091 (was 13154) in 0.006814 s
  refine_solution: new weight 13086 (was 13091) in 0.006618 s
  refine_solution: new weight 13081 (was 13086) in 0.006569 s
  refine_solution: new weight 13081 (was 13081) in 0.006556 s
54,,32492,60933,121,,18122,0,,13154,13081,2144,2144,2144,,40,2,@@

  handle_small_Steiner_degrees: steiner 0, suppress 0 in 3.8e-05 s
Starting round 55
Found 600 isolated vertices
Invalid ratios recomputed: 12056
Best ratio is 41/1 (41.0), centered at 16303
Finding the best star... Star with 2 terminals centered in 18803
round took: 5.32 s
|V| = 33085, |E| = 60928, |R| = 120
>>> get_solution
>>> get_solution
  refine_solution: new weight 13091 (was 13154) in 0.006836 s
  refine_solution: new weight 13086 (was 13091) in 0.006627 s
  refine_solution: new weight 13081 (was 13086) in 0.006587 s
  refine_solution: new weight 13081 (was 13081) in 0.006588 s
55,,32485,60928,120,,12056,0,,13154,13081,2185,2185,2185,,41,2,@@

  handle_small_Steiner_degrees: steiner 0, suppress 1 in 5.5e-05 s
Starting round 56
Found 605 isolated vertices
Invalid ratios recomputed: 18138
Best ratio is 41/1 (41.0), centered at 27355
Finding the best star... Star with 2 terminals centered in 27357
round took: 7.13599 s
|V| = 33085, |E| = 60920, |R| = 119
>>> get_solution
>>> get_solution
  refine_solution: new weight 13068 (was 13121) in 0.006978 s
  refine_solution: new weight 13063 (was 13068) in 0.006697 s
  refine_solution: new weight 13058 (was 13063) in 0.006654 s
  refine_solution: new weight 13058 (was 13058) in 0.006586 s
56,,32480,60920,119,,18138,0,,13121,13058,2226,2226,2226,,41,2,@@

  handle_small_Steiner_degrees: steiner 0, suppress 1 in 6.2e-05 s
Starting round 57
Found 611 isolated vertices
Invalid ratios recomputed: 7645
Best ratio is 84/2 (42.0), centered at 28840
Finding the best star... Star with 3 terminals centered in 29082
round took: 4.07606 s
|V| = 33085, |E| = 60909, |R| = 117
>>> get_solution
>>> get_solution
  refine_solution: new weight 13088 (was 13151) in 0.006818 s
  refine_solution: new weight 13083 (was 13088) in 0.006642 s
  refine_solution: new weight 13078 (was 13083) in 0.00661 s
  refine_solution: new weight 13078 (was 13078) in 0.006569 s
57,,32474,60909,117,,7645,0,,13151,13078,2310,2310,2310,,84,3,@@

  handle_small_Steiner_degrees: steiner 0, suppress 1 in 5.4e-05 s
Starting round 58
Found 620 isolated vertices
Invalid ratios recomputed: 13122
Best ratio is 44/1 (44.0), centered at 3997
Finding the best star... Star with 2 terminals centered in 4514
round took: 5.84684 s
|V| = 33085, |E| = 60903, |R| = 116
>>> get_solution
>>> get_solution
  refine_solution: new weight 13083 (was 13146) in 0.006822 s
  refine_solution: new weight 13078 (was 13083) in 0.006628 s
  refine_solution: new weight 13073 (was 13078) in 0.006601 s
  refine_solution: new weight 13073 (was 13073) in 0.00658 s
58,,32465,60903,116,,13122,0,,13146,13073,2354,2354,2354,,44,2,@@

  handle_small_Steiner_degrees: steiner 0, suppress 0 in 3.9e-05 s
Starting round 59
Found 624 isolated vertices
Invalid ratios recomputed: 12363
Best ratio is 44/1 (44.0), centered at 4503
Finding the best star... Star with 2 terminals centered in 6271
round took: 5.50799 s
|V| = 33085, |E| = 60898, |R| = 115
>>> get_solution
>>> get_solution
  refine_solution: new weight 13078 (was 13131) in 0.006816 s
  refine_solution: new weight 13073 (was 13078) in 0.00662 s
  refine_solution: new weight 13068 (was 13073) in 0.006632 s
  refine_solution: new weight 13068 (was 13068) in 0.006579 s
59,,32461,60898,115,,12363,0,,13131,13068,2398,2398,2398,,44,2,@@

  handle_small_Steiner_degrees: steiner 0, suppress 0 in 5.1e-05 s
Starting round 60
Found 628 isolated vertices
Invalid ratios recomputed: 12473
Best ratio is 45/1 (45.0), centered at 4505
Finding the best star... Star with 2 terminals centered in 4514
round took: 5.62115 s
|V| = 33085, |E| = 60888, |R| = 114
>>> get_solution
>>> get_solution
  refine_solution: new weight 13055 (was 13108) in 0.006819 s
  refine_solution: new weight 13050 (was 13055) in 0.006628 s
  refine_solution: new weight 13045 (was 13050) in 0.006591 s
  refine_solution: new weight 13045 (was 13045) in 0.00658 s
60,,32457,60888,114,,12473,0,,13108,13045,2443,2443,2443,,45,2,@@

  handle_small_Steiner_degrees: steiner 0, suppress 0 in 3.8e-05 s
Starting round 61
Found 637 isolated vertices
Invalid ratios recomputed: 12891
Best ratio is 45/1 (45.0), centered at 10762
Finding the best star... Star with 2 terminals centered in 10771
round took: 5.80568 s
|V| = 33085, |E| = 60879, |R| = 113
>>> get_solution
>>> get_solution
  refine_solution: new weight 13078 (was 13131) in 0.006809 s
  refine_solution: new weight 13073 (was 13078) in 0.006623 s
  refine_solution: new weight 13068 (was 13073) in 0.006618 s
  refine_solution: new weight 13068 (was 13068) in 0.006586 s
61,,32448,60879,113,,12891,0,,13131,13068,2488,2488,2488,,45,2,@@

  handle_small_Steiner_degrees: steiner 0, suppress 0 in 4.7e-05 s
Starting round 62
Found 646 isolated vertices
Invalid ratios recomputed: 16347
Best ratio is 92/2 (46.0), centered at 16304
Finding the best star... Star with 3 terminals centered in 16810
round took: 7.13795 s
|V| = 33085, |E| = 60866, |R| = 111
>>> get_solution
>>> get_solution
  refine_solution: new weight 13075 (was 13128) in 0.006787 s
  refine_solution: new weight 13070 (was 13075) in 0.006641 s
  refine_solution: new weight 13065 (was 13070) in 0.006607 s
  refine_solution: new weight 13065 (was 13065) in 0.006576 s
62,,32439,60866,111,,16347,0,,13128,13065,2580,2580,2580,,92,3,@@

  handle_small_Steiner_degrees: steiner 0, suppress 0 in 5e-05 s
Starting round 63
Found 656 isolated vertices
Invalid ratios recomputed: 17991
Best ratio is 46/1 (46.0), centered at 6249
Finding the best star... Star with 2 terminals centered in 6770
round took: 7.5132 s
|V| = 33085, |E| = 60859, |R| = 110
>>> get_solution
>>> get_solution
  refine_solution: new weight 13066 (was 13119) in 0.006784 s
  refine_solution: new weight 13061 (was 13066) in 0.006637 s
  refine_solution: new weight 13056 (was 13061) in 0.006596 s
  refine_solution: new weight 13056 (was 13056) in 0.006582 s
63,,32429,60859,110,,17991,0,,13119,13056,2626,2626,2626,,46,2,@@

  handle_small_Steiner_degrees: steiner 0, suppress 0 in 3.8e-05 s
Starting round 64
Found 662 isolated vertices
Invalid ratios recomputed: 11920
Best ratio is 46/1 (46.0), centered at 8446
Finding the best star... Star with 2 terminals centered in 9234
round took: 5.58519 s
|V| = 33085, |E| = 60853, |R| = 109
>>> get_solution
>>> get_solution
  refine_solution: new weight 13066 (was 13119) in 0.006776 s
  refine_solution: new weight 13061 (was 13066) in 0.006611 s
  refine_solution: new weight 13056 (was 13061) in 0.006608 s
  refine_solution: new weight 13056 (was 13056) in 0.006567 s
64,,32423,60853,109,,11920,0,,13119,13056,2672,2672,2672,,46,2,@@

  delete_edges: deleted 92 edges in 0.014022 s and 8 rounds
  handle_small_Steiner_degrees: steiner 3, suppress 86 in 0.0001 s
Starting round 65
Found 756 isolated vertices
Invalid ratios recomputed: 14367
Best ratio is 46/1 (46.0), centered at 15563
Finding the best star... Star with 2 terminals centered in 16104
round took: 6.46962 s
|V| = 33085, |E| = 60663, |R| = 108
>>> get_solution
>>> get_solution
  refine_solution: new weight 13043 (was 13106) in 0.006877 s
  refine_solution: new weight 13038 (was 13043) in 0.006667 s
  refine_solution: new weight 13033 (was 13038) in 0.006605 s
  refine_solution: new weight 13033 (was 13033) in 0.006627 s
65,,32329,60663,108,,14367,0,,13106,13033,2718,2718,2718,,46,2,@@

  handle_small_Steiner_degrees: steiner 0, suppress 2 in 4.9e-05 s
Starting round 66
Found 764 isolated vertices
Invalid ratios recomputed: 16248
Best ratio is 48/1 (48.0), centered at 4181
Finding the best star... Star with 2 terminals centered in 4444
round took: 7.11975 s
|V| = 33085, |E| = 60653, |R| = 107
>>> get_solution
>>> get_solution
  refine_solution: new weight 13043 (was 13096) in 0.006857 s
  refine_solution: new weight 13038 (was 13043) in 0.00667 s
  refine_solution: new weight 13033 (was 13038) in 0.006611 s
  refine_solution: new weight 13033 (was 13033) in 0.006639 s
66,,32321,60653,107,,16248,0,,13096,13033,2766,2766,2766,,48,2,@@

  handle_small_Steiner_degrees: steiner 0, suppress 0 in 5.1e-05 s
Starting round 67
Found 771 isolated vertices
Invalid ratios recomputed: 10675
Best ratio is 48/1 (48.0), centered at 16810
Finding the best star... Star with 2 terminals centered in 18073
round took: 5.28532 s
|V| = 33085, |E| = 60644, |R| = 106
>>> get_solution
>>> get_solution
  refine_solution: new weight 13043 (was 13106) in 0.006856 s
  refine_solution: new weight 13038 (was 13043) in 0.006674 s
  refine_solution: new weight 13033 (was 13038) in 0.006634 s
  refine_solution: new weight 13033 (was 13033) in 0.00664 s
67,,32314,60644,106,,10675,0,,13106,13033,2814,2814,2814,,48,2,@@

  handle_small_Steiner_degrees: steiner 0, suppress 0 in 5e-05 s
Starting round 68
Found 779 isolated vertices
Invalid ratios recomputed: 18545
Best ratio is 48/1 (48.0), centered at 30478
Finding the best star... Star with 2 terminals centered in 30733
round took: 7.76676 s
|V| = 33085, |E| = 60636, |R| = 105
>>> get_solution
>>> get_solution
  refine_solution: new weight 13043 (was 13096) in 0.006864 s
  refine_solution: new weight 13038 (was 13043) in 0.006673 s
  refine_solution: new weight 13033 (was 13038) in 0.006616 s
  refine_solution: new weight 13033 (was 13033) in 0.006611 s
68,,32306,60636,105,,18545,0,,13096,13033,2862,2862,2862,,48,2,@@

  handle_small_Steiner_degrees: steiner 0, suppress 0 in 4.8e-05 s
Starting round 69
Found 787 isolated vertices
Invalid ratios recomputed: 12100
Best ratio is 49/1 (49.0), centered at 2678
Finding the best star... Star with 2 terminals centered in 4514
round took: 5.92581 s
|V| = 33085, |E| = 60629, |R| = 104
>>> get_solution
>>> get_solution
  refine_solution: new weight 13043 (was 13096) in 0.00685 s
  refine_solution: new weight 13038 (was 13043) in 0.006676 s
  refine_solution: new weight 13033 (was 13038) in 0.0066 s
  refine_solution: new weight 13033 (was 13033) in 0.006624 s
69,,32298,60629,104,,12100,0,,13096,13033,2911,2911,2911,,49,2,@@

  handle_small_Steiner_degrees: steiner 0, suppress 1 in 6.2e-05 s
Starting round 70
Found 793 isolated vertices
Invalid ratios recomputed: 13068
Best ratio is 49/1 (49.0), centered at 18073
Finding the best star... Star with 2 terminals centered in 19280
round took: 6.19317 s
|V| = 33085, |E| = 60622, |R| = 103
>>> get_solution
>>> get_solution
  refine_solution: new weight 13043 (was 13096) in 0.006852 s
  refine_solution: new weight 13038 (was 13043) in 0.006674 s
  refine_solution: new weight 13033 (was 13038) in 0.0066 s
  refine_solution: new weight 13033 (was 13033) in 0.006622 s
70,,32292,60622,103,,13068,0,,13096,13033,2960,2960,2960,,49,2,@@

  handle_small_Steiner_degrees: steiner 0, suppress 0 in 5e-05 s
Starting round 71
Found 798 isolated vertices
Invalid ratios recomputed: 18646
Best ratio is 49/1 (49.0), centered at 29006
Finding the best star... Star with 2 terminals centered in 29006
round took: 8.09391 s
|V| = 33085, |E| = 60616, |R| = 102
>>> get_solution
>>> get_solution
  refine_solution: new weight 13043 (was 13106) in 0.00686 s
  refine_solution: new weight 13038 (was 13043) in 0.006658 s
  refine_solution: new weight 13033 (was 13038) in 0.006618 s
  refine_solution: new weight 13033 (was 13033) in 0.006607 s
71,,32287,60616,102,,18646,0,,13106,13033,3009,3009,3009,,49,2,@@

  handle_small_Steiner_degrees: steiner 0, suppress 0 in 5e-05 s
Starting round 72
Found 803 isolated vertices
Invalid ratios recomputed: 13559
Best ratio is 51/1 (51.0), centered at 18804
Finding the best star... Star with 2 terminals centered in 19301
round took: 6.47546 s
|V| = 33085, |E| = 60610, |R| = 101
>>> get_solution
>>> get_solution
  refine_solution: new weight 13043 (was 13106) in 0.006851 s
  refine_solution: new weight 13038 (was 13043) in 0.006649 s
  refine_solution: new weight 13033 (was 13038) in 0.006608 s
  refine_solution: new weight 13033 (was 13033) in 0.006629 s
72,,32282,60610,101,,13559,0,,13106,13033,3060,3060,3060,,51,2,@@

  handle_small_Steiner_degrees: steiner 0, suppress 0 in 5.1e-05 s
Starting round 73
Found 808 isolated vertices
Invalid ratios recomputed: 19582
Best ratio is 51/1 (51.0), centered at 27532
Finding the best star... Star with 2 terminals centered in 29082
round took: 8.77155 s
|V| = 33085, |E| = 60602, |R| = 100
>>> get_solution
>>> get_solution
  refine_solution: new weight 13019 (was 13072) in 0.006864 s
  refine_solution: new weight 13014 (was 13019) in 0.006684 s
  refine_solution: new weight 13009 (was 13014) in 0.006641 s
  refine_solution: new weight 13009 (was 13009) in 0.006624 s
73,,32277,60602,100,,19582,0,,13072,13009,3111,3111,3111,,51,2,@@

  handle_small_Steiner_degrees: steiner 0, suppress 0 in 3.8e-05 s
Starting round 74
Found 815 isolated vertices
Invalid ratios recomputed: 14154
Best ratio is 104/2 (52.0), centered at 4514
Finding the best star... Star with 3 terminals centered in 5541
round took: 7.12109 s
|V| = 33085, |E| = 60590, |R| = 98
>>> get_solution
>>> get_solution
  refine_solution: new weight 13019 (was 13082) in 0.006858 s
  refine_solution: new weight 13014 (was 13019) in 0.006679 s
  refine_solution: new weight 13009 (was 13014) in 0.006627 s
  refine_solution: new weight 13009 (was 13009) in 0.006601 s
74,,32270,60590,98,,14154,0,,13082,13009,3215,3215,3215,,104,3,@@

  handle_small_Steiner_degrees: steiner 0, suppress 0 in 3.9e-05 s
Starting round 75
Found 823 isolated vertices
Invalid ratios recomputed: 13460
Best ratio is 52/1 (52.0), centered at 4444
Finding the best star... Star with 2 terminals centered in 5473
round took: 6.96687 s
|V| = 33085, |E| = 60586, |R| = 97
>>> get_solution
>>> get_solution
  refine_solution: new weight 13015 (was 13078) in 0.006864 s
  refine_solution: new weight 13010 (was 13015) in 0.006663 s
  refine_solution: new weight 13005 (was 13010) in 0.006643 s
  refine_solution: new weight 13005 (was 13005) in 0.00661 s
75,,32262,60586,97,,13460,0,,13078,13005,3267,3267,3267,,52,2,@@

  handle_small_Steiner_degrees: steiner 0, suppress 0 in 5e-05 s
Starting round 76
Found 827 isolated vertices
Invalid ratios recomputed: 12048
Best ratio is 105/2 (52.5), centered at 26999
Finding the best star... Star with 3 terminals centered in 29082
round took: 6.60728 s
|V| = 33085, |E| = 60568, |R| = 95
>>> get_solution
>>> get_solution
  refine_solution: new weight 13005 (was 13058) in 0.006835 s
  refine_solution: new weight 13000 (was 13005) in 0.006666 s
  refine_solution: new weight 12995 (was 13000) in 0.006787 s
  refine_solution: new weight 12995 (was 12995) in 0.00675 s
76,,32258,60568,95,,12048,0,,13058,12995,3372,3372,3372,,105,3,@@

  handle_small_Steiner_degrees: steiner 0, suppress 2 in 6.6e-05 s
Starting round 77
Found 842 isolated vertices
Invalid ratios recomputed: 14458
Best ratio is 53/1 (53.0), centered at 16131
Finding the best star... Star with 2 terminals centered in 16387
round took: 7.57098 s
|V| = 33085, |E| = 60556, |R| = 94
>>> get_solution
>>> get_solution
  refine_solution: new weight 13031 (was 13058) in 0.006866 s
  refine_solution: new weight 13026 (was 13031) in 0.006687 s
  refine_solution: new weight 13021 (was 13026) in 0.006662 s
  refine_solution: new weight 13021 (was 13021) in 0.006678 s
77,,32243,60556,94,,14458,0,,13058,13021,3425,3425,3425,,53,2,@@

  handle_small_Steiner_degrees: steiner 0, suppress 1 in 4.2e-05 s
Starting round 78
Found 852 isolated vertices
Invalid ratios recomputed: 14560
Best ratio is 53/1 (53.0), centered at 30919
Finding the best star... Star with 2 terminals centered in 31167
round took: 7.65259 s
|V| = 33085, |E| = 60547, |R| = 93
>>> get_solution
>>> get_solution
  refine_solution: new weight 13058 (was 13095) in 0.00686 s
  refine_solution: new weight 13053 (was 13058) in 0.006691 s
  refine_solution: new weight 13048 (was 13053) in 0.006687 s
  refine_solution: new weight 13048 (was 13048) in 0.006679 s
78,,32233,60547,93,,14560,0,,13095,13048,3478,3478,3478,,53,2,@@

  handle_small_Steiner_degrees: steiner 0, suppress 0 in 3.8e-05 s
Starting round 79
Found 859 isolated vertices
Invalid ratios recomputed: 9751
Best ratio is 111/2 (55.5), centered at 3226
Finding the best star... Star with 3 terminals centered in 3242
round took: 5.93917 s
|V| = 33085, |E| = 60525, |R| = 91
>>> get_solution
>>> get_solution
  refine_solution: new weight 13045 (was 13072) in 0.006902 s
  refine_solution: new weight 13040 (was 13045) in 0.006765 s
  refine_solution: new weight 13035 (was 13040) in 0.00676 s
  refine_solution: new weight 13035 (was 13035) in 0.006755 s
79,,32226,60525,91,,9751,0,,13072,13035,3589,3589,3589,,111,3,@@

  handle_small_Steiner_degrees: steiner 0, suppress 2 in 5.4e-05 s
Starting round 80
Found 880 isolated vertices
Invalid ratios recomputed: 13886
Best ratio is 56/1 (56.0), centered at 21356
Finding the best star... Star with 2 terminals centered in 21891
round took: 7.43029 s
|V| = 33085, |E| = 60512, |R| = 90
>>> get_solution
>>> get_solution
  refine_solution: new weight 13032 (was 13059) in 0.006866 s
  refine_solution: new weight 13027 (was 13032) in 0.006869 s
  refine_solution: new weight 13022 (was 13027) in 0.00686 s
  refine_solution: new weight 13022 (was 13022) in 0.006861 s
80,,32205,60512,90,,13886,0,,13059,13022,3645,3645,3645,,56,2,@@

  delete_edges: deleted 105 edges in 0.009723 s and 5 rounds
  handle_small_Steiner_degrees: steiner 1, suppress 105 in 0.000114 s
Starting round 81
Found 994 isolated vertices
Invalid ratios recomputed: 16292
Best ratio is 114/2 (57.0), centered at 30733
Finding the best star... Star with 3 terminals centered in 30995
round took: 9.20682 s
|V| = 33085, |E| = 60282, |R| = 88
>>> get_solution
>>> get_solution
  refine_solution: new weight 12995 (was 13022) in 0.007024 s
  refine_solution: new weight 12990 (was 12995) in 0.006674 s
  refine_solution: new weight 12985 (was 12990) in 0.006632 s
  refine_solution: new weight 12985 (was 12985) in 0.006616 s
81,,32091,60282,88,,16292,0,,13022,12985,3759,3759,3759,,114,3,@@

  handle_small_Steiner_degrees: steiner 0, suppress 0 in 3.8e-05 s
Starting round 82
Found 1009 isolated vertices
Invalid ratios recomputed: 14442
Best ratio is 58/1 (58.0), centered at 27200
Finding the best star... Star with 2 terminals centered in 27476
round took: 8.46956 s
|V| = 33085, |E| = 60271, |R| = 87
>>> get_solution
>>> get_solution
  refine_solution: new weight 12995 (was 13032) in 0.006873 s
  refine_solution: new weight 12990 (was 12995) in 0.006694 s
  refine_solution: new weight 12985 (was 12990) in 0.006631 s
  refine_solution: new weight 12985 (was 12985) in 0.006615 s
82,,32076,60271,87,,14442,0,,13032,12985,3817,3817,3817,,58,2,@@

  handle_small_Steiner_degrees: steiner 0, suppress 0 in 5.4e-05 s
Starting round 83
Found 1019 isolated vertices
Invalid ratios recomputed: 16379
Best ratio is 61/1 (61.0), centered at 4084
Finding the best star... Star with 2 terminals centered in 4091
round took: 9.18084 s
|V| = 33085, |E| = 60262, |R| = 86
>>> get_solution
>>> get_solution
  refine_solution: new weight 13018 (was 13045) in 0.006855 s
  refine_solution: new weight 13013 (was 13018) in 0.006664 s
  refine_solution: new weight 13008 (was 13013) in 0.006576 s
  refine_solution: new weight 13008 (was 13008) in 0.006567 s
83,,32066,60262,86,,16379,0,,13045,13008,3878,3878,3878,,61,2,@@

  handle_small_Steiner_degrees: steiner 0, suppress 0 in 4.7e-05 s
Starting round 84
Found 1028 isolated vertices
Invalid ratios recomputed: 14959
Best ratio is 62/1 (62.0), centered at 3242
Finding the best star... Star with 2 terminals centered in 3242
round took: 8.67243 s
|V| = 33085, |E| = 60256, |R| = 85
>>> get_solution
>>> get_solution
  refine_solution: new weight 13018 (was 13055) in 0.007089 s
  refine_solution: new weight 13013 (was 13018) in 0.006738 s
  refine_solution: new weight 13008 (was 13013) in 0.006694 s
  refine_solution: new weight 13008 (was 13008) in 0.006672 s
84,,32057,60256,85,,14959,0,,13055,13008,3940,3940,3940,,62,2,@@

  handle_small_Steiner_degrees: steiner 0, suppress 0 in 3.8e-05 s
Starting round 85
Found 1033 isolated vertices
Invalid ratios recomputed: 15682
Best ratio is 62/1 (62.0), centered at 6590
Finding the best star... Star with 2 terminals centered in 6591
round took: 9.22642 s
|V| = 33085, |E| = 60248, |R| = 84
>>> get_solution
>>> get_solution
  refine_solution: new weight 13008 (was 13035) in 0.006977 s
  refine_solution: new weight 13003 (was 13008) in 0.006681 s
  refine_solution: new weight 12998 (was 13003) in 0.006642 s
  refine_solution: new weight 12998 (was 12998) in 0.00663 s
85,,32052,60248,84,,15682,0,,13035,12998,4002,4002,4002,,62,2,@@

  handle_small_Steiner_degrees: steiner 0, suppress 1 in 5.9e-05 s
Starting round 86
Found 1040 isolated vertices
Invalid ratios recomputed: 17343
Best ratio is 62/1 (62.0), centered at 9234
Finding the best star... Star with 2 terminals centered in 10254
round took: 9.82385 s
|V| = 33085, |E| = 60241, |R| = 83
>>> get_solution
>>> get_solution
  refine_solution: new weight 13008 (was 13035) in 0.006803 s
  refine_solution: new weight 13003 (was 13008) in 0.006698 s
  refine_solution: new weight 12998 (was 13003) in 0.006629 s
  refine_solution: new weight 12998 (was 12998) in 0.006652 s
86,,32045,60241,83,,17343,0,,13035,12998,4064,4064,4064,,62,2,@@

  handle_small_Steiner_degrees: steiner 0, suppress 0 in 3.9e-05 s
Starting round 87
Found 1046 isolated vertices
Invalid ratios recomputed: 19200
Best ratio is 190/3 (63.3), centered at 13714
Finding the best star... Star with 4 terminals centered in 13727
round took: 10.7284 s
|V| = 33085, |E| = 60209, |R| = 80
>>> get_solution
>>> get_solution
  refine_solution: new weight 12976 (was 12991) in 0.006836 s
  refine_solution: new weight 12971 (was 12976) in 0.006697 s
  refine_solution: new weight 12966 (was 12971) in 0.006579 s
  refine_solution: new weight 12966 (was 12966) in 0.006613 s
87,,32039,60209,80,,19200,0,,12991,12966,4254,4254,4254,,190,4,@@

  handle_small_Steiner_degrees: steiner 0, suppress 0 in 5e-05 s
Starting round 88
Found 1075 isolated vertices
Invalid ratios recomputed: 16671
Best ratio is 64/1 (64.0), centered at 26430
Finding the best star... Star with 2 terminals centered in 27237
round took: 10.0918 s
|V| = 33085, |E| = 60198, |R| = 79
>>> get_solution
>>> get_solution
  refine_solution: new weight 12990 (was 13010) in 0.006843 s
  refine_solution: new weight 12985 (was 12990) in 0.006703 s
  refine_solution: new weight 12980 (was 12985) in 0.006617 s
  refine_solution: new weight 12980 (was 12980) in 0.006621 s
88,,32010,60198,79,,16671,0,,13010,12980,4318,4318,4318,,64,2,@@

  handle_small_Steiner_degrees: steiner 0, suppress 0 in 3.8e-05 s
Starting round 89
Found 1083 isolated vertices
Invalid ratios recomputed: 17417
Best ratio is 65/1 (65.0), centered at 12927
Finding the best star... Star with 2 terminals centered in 13727
round took: 10.6998 s
|V| = 33085, |E| = 60191, |R| = 78
>>> get_solution
>>> get_solution
  refine_solution: new weight 12967 (was 12987) in 0.006815 s
  refine_solution: new weight 12962 (was 12967) in 0.00663 s
  refine_solution: new weight 12962 (was 12962) in 0.006561 s
89,,32002,60191,78,,17417,0,,12987,12962,4383,4383,4383,,65,2,@@

  handle_small_Steiner_degrees: steiner 0, suppress 0 in 5e-05 s
Starting round 90
Found 1088 isolated vertices
Invalid ratios recomputed: 17231
Best ratio is 65/1 (65.0), centered at 26208
Finding the best star... Star with 2 terminals centered in 29082
round took: 10.5561 s
|V| = 33085, |E| = 60185, |R| = 77
>>> get_solution
>>> get_solution
  refine_solution: new weight 12990 (was 13020) in 0.00686 s
  refine_solution: new weight 12985 (was 12990) in 0.006639 s
  refine_solution: new weight 12980 (was 12985) in 0.006574 s
  refine_solution: new weight 12980 (was 12980) in 0.006569 s
90,,31997,60185,77,,17231,0,,13020,12980,4448,4448,4448,,65,2,@@

  handle_small_Steiner_degrees: steiner 0, suppress 0 in 3.8e-05 s
Starting round 91
Found 1093 isolated vertices
Invalid ratios recomputed: 17338
Best ratio is 66/1 (66.0), centered at 10246
Finding the best star... Star with 2 terminals centered in 10254
round took: 10.9984 s
|V| = 33085, |E| = 60174, |R| = 76
>>> get_solution
>>> get_solution
  refine_solution: new weight 12990 (was 13010) in 0.006825 s
  refine_solution: new weight 12985 (was 12990) in 0.006681 s
  refine_solution: new weight 12980 (was 12985) in 0.006615 s
  refine_solution: new weight 12980 (was 12980) in 0.006606 s
91,,31992,60174,76,,17338,0,,13010,12980,4514,4514,4514,,66,2,@@

  handle_small_Steiner_degrees: steiner 0, suppress 0 in 3.8e-05 s
Starting round 92
Found 1102 isolated vertices
Invalid ratios recomputed: 19767
Best ratio is 133/2 (66.5), centered at 11131
Finding the best star... Star with 3 terminals centered in 12179
round took: 12.0798 s
|V| = 33085, |E| = 60155, |R| = 74
>>> get_solution
>>> get_solution
  refine_solution: new weight 12950 (was 12970) in 0.006865 s
  refine_solution: new weight 12945 (was 12950) in 0.006631 s
  refine_solution: new weight 12940 (was 12945) in 0.006571 s
  refine_solution: new weight 12940 (was 12940) in 0.006597 s
92,,31983,60155,74,,19767,0,,12970,12940,4647,4647,4647,,133,3,@@

  handle_small_Steiner_degrees: steiner 0, suppress 2 in 5.3e-05 s
Starting round 93
Found 1121 isolated vertices
Invalid ratios recomputed: 15225
Best ratio is 67/1 (67.0), centered at 11886
Finding the best star... Star with 2 terminals centered in 13727
round took: 10.2394 s
|V| = 33085, |E| = 60143, |R| = 73
>>> get_solution
>>> get_solution
  refine_solution: new weight 12950 (was 12980) in 0.006853 s
  refine_solution: new weight 12945 (was 12950) in 0.006628 s
  refine_solution: new weight 12940 (was 12945) in 0.006583 s
  refine_solution: new weight 12940 (was 12940) in 0.006659 s
93,,31964,60143,73,,15225,0,,12980,12940,4714,4714,4714,,67,2,@@

  handle_small_Steiner_degrees: steiner 0, suppress 1 in 5.2e-05 s
Starting round 94
Found 1129 isolated vertices
Invalid ratios recomputed: 18061
Best ratio is 136/2 (68.0), centered at 18391
Finding the best star... Star with 3 terminals centered in 18384
round took: 11.519 s
|V| = 33085, |E| = 60122, |R| = 71
>>> get_solution
>>> get_solution
  refine_solution: new weight 12897 (was 12927) in 0.00683 s
  refine_solution: new weight 12892 (was 12897) in 0.006599 s
  refine_solution: new weight 12887 (was 12892) in 0.006533 s
  refine_solution: new weight 12887 (was 12887) in 0.006543 s
94,,31956,60122,71,,18061,0,,12927,12887,4850,4850,4850,,136,3,@@

  handle_small_Steiner_degrees: steiner 0, suppress 2 in 4.8e-05 s
Starting round 95
Found 1147 isolated vertices
Invalid ratios recomputed: 16848
Best ratio is 68/1 (68.0), centered at 1853
Finding the best star... Star with 2 terminals centered in 3242
round took: 11.5279 s
|V| = 33085, |E| = 60105, |R| = 70
>>> get_solution
>>> get_solution
  refine_solution: new weight 12920 (was 12950) in 0.006843 s
  refine_solution: new weight 12915 (was 12920) in 0.006638 s
  refine_solution: new weight 12910 (was 12915) in 0.006968 s
  refine_solution: new weight 12910 (was 12910) in 0.006931 s
95,,31938,60105,70,,16848,0,,12950,12910,4918,4918,4918,,68,2,@@

  handle_small_Steiner_degrees: steiner 0, suppress 1 in 4.5e-05 s
Starting round 96
Found 1160 isolated vertices
Invalid ratios recomputed: 18037
Best ratio is 71/1 (71.0), centered at 17865
Finding the best star... Star with 2 terminals centered in 18384
round took: 11.7141 s
|V| = 33085, |E| = 60091, |R| = 69
>>> get_solution
>>> get_solution
  refine_solution: new weight 12920 (was 12940) in 0.006853 s
  refine_solution: new weight 12915 (was 12920) in 0.006642 s
  refine_solution: new weight 12910 (was 12915) in 0.006584 s
  refine_solution: new weight 12910 (was 12910) in 0.006617 s
96,,31925,60091,69,,18037,0,,12940,12910,4989,4989,4989,,71,2,@@

  delete_edges: deleted 122 edges in 0.006247 s and 3 rounds
  handle_small_Steiner_degrees: steiner 2, suppress 119 in 0.000113 s
Starting round 97
Found 1292 isolated vertices
Invalid ratios recomputed: 18005
Best ratio is 71/1 (71.0), centered at 26828
Finding the best star... Star with 2 terminals centered in 26837
round took: 12.1797 s
|V| = 33085, |E| = 59833, |R| = 68
>>> get_solution
>>> get_solution
  refine_solution: new weight 12920 (was 12940) in 0.00689 s
  refine_solution: new weight 12915 (was 12920) in 0.0067 s
  refine_solution: new weight 12915 (was 12915) in 0.006668 s
97,,31793,59833,68,,18005,0,,12940,12915,5060,5060,5060,,71,2,@@

  handle_small_Steiner_degrees: steiner 0, suppress 0 in 4.9e-05 s
Starting round 98
Found 1303 isolated vertices
Invalid ratios recomputed: 12033
Best ratio is 146/2 (73.0), centered at 5737
Finding the best star... Star with 3 terminals centered in 3242
round took: 9.02835 s
|V| = 33085, |E| = 59809, |R| = 66
>>> get_solution
>>> get_solution
  refine_solution: new weight 12894 (was 12924) in 0.006868 s
  refine_solution: new weight 12889 (was 12894) in 0.006743 s
  refine_solution: new weight 12884 (was 12889) in 0.006701 s
  refine_solution: new weight 12884 (was 12884) in 0.006711 s
98,,31782,59809,66,,12033,0,,12924,12884,5206,5206,5206,,146,3,@@

  handle_small_Steiner_degrees: steiner 0, suppress 1 in 5.7e-05 s
Starting round 99
Found 1322 isolated vertices
Invalid ratios recomputed: 18277
Best ratio is 76/1 (76.0), centered at 17097
Finding the best star... Star with 2 terminals centered in 17593
round took: 12.2874 s
|V| = 33085, |E| = 59792, |R| = 65
>>> get_solution
>>> get_solution
  refine_solution: new weight 12894 (was 12924) in 0.006894 s
  refine_solution: new weight 12889 (was 12894) in 0.00673 s
  refine_solution: new weight 12884 (was 12889) in 0.006712 s
  refine_solution: new weight 12884 (was 12884) in 0.006701 s
99,,31763,59792,65,,18277,0,,12924,12884,5282,5282,5282,,76,2,@@

  handle_small_Steiner_degrees: steiner 0, suppress 2 in 5.3e-05 s
Starting round 100
Found 1336 isolated vertices
Invalid ratios recomputed: 19953
Best ratio is 76/1 (76.0), centered at 19278
Finding the best star... Star with 2 terminals centered in 19793
round took: 13.2317 s
|V| = 33085, |E| = 59775, |R| = 64
>>> get_solution
>>> get_solution
  refine_solution: new weight 12871 (was 12901) in 0.0069 s
  refine_solution: new weight 12866 (was 12871) in 0.006702 s
  refine_solution: new weight 12861 (was 12866) in 0.006687 s
  refine_solution: new weight 12861 (was 12861) in 0.006698 s
100,,31749,59775,64,,19953,0,,12901,12861,5358,5358,5358,,76,2,@@

  handle_small_Steiner_degrees: steiner 0, suppress 1 in 5.4e-05 s
Starting round 101
Found 1349 isolated vertices
Invalid ratios recomputed: 23280
Best ratio is 78/1 (78.0), centered at 16387
Finding the best star... Star with 2 terminals centered in 18384
round took: 15.2149 s
|V| = 33085, |E| = 59765, |R| = 63
>>> get_solution
>>> get_solution
  refine_solution: new weight 12894 (was 12924) in 0.006884 s
  refine_solution: new weight 12889 (was 12894) in 0.006681 s
  refine_solution: new weight 12884 (was 12889) in 0.006631 s
  refine_solution: new weight 12884 (was 12884) in 0.006598 s
101,,31736,59765,63,,23280,0,,12924,12884,5436,5436,5436,,78,2,@@

  handle_small_Steiner_degrees: steiner 0, suppress 0 in 5e-05 s
Starting round 102
Found 1355 isolated vertices
Invalid ratios recomputed: 19170
Best ratio is 78/1 (78.0), centered at 27237
Finding the best star... Star with 2 terminals centered in 29082
round took: 13.8806 s
|V| = 33085, |E| = 59757, |R| = 62
>>> get_solution
>>> get_solution
  refine_solution: new weight 12894 (was 12924) in 0.006926 s
  refine_solution: new weight 12889 (was 12894) in 0.00668 s
  refine_solution: new weight 12884 (was 12889) in 0.006632 s
  refine_solution: new weight 12884 (was 12884) in 0.006651 s
102,,31730,59757,62,,19170,0,,12924,12884,5514,5514,5514,,78,2,@@

  handle_small_Steiner_degrees: steiner 0, suppress 0 in 5e-05 s
Starting round 103
Found 1361 isolated vertices
Invalid ratios recomputed: 20579
Best ratio is 80/1 (80.0), centered at 29183
Finding the best star... Star with 2 terminals centered in 30451
round took: 14.4536 s
|V| = 33085, |E| = 59748, |R| = 61
>>> get_solution
>>> get_solution
  refine_solution: new weight 12889 (was 12914) in 0.006898 s
  refine_solution: new weight 12889 (was 12889) in 0.006715 s
103,,31724,59748,61,,20579,0,,12914,12889,5594,5594,5594,,80,2,@@

  handle_small_Steiner_degrees: steiner 0, suppress 0 in 5e-05 s
Starting round 104
Found 1369 isolated vertices
Invalid ratios recomputed: 17686
Best ratio is 81/1 (81.0), centered at 3242
Finding the best star... Star with 2 terminals centered in 6062
round took: 12.9882 s
|V| = 33085, |E| = 59733, |R| = 60
>>> get_solution
>>> get_solution
  refine_solution: new weight 12909 (was 12929) in 0.006873 s
  refine_solution: new weight 12894 (was 12909) in 0.006712 s
  refine_solution: new weight 12889 (was 12894) in 0.00668 s
  refine_solution: new weight 12889 (was 12889) in 0.006661 s
104,,31716,59733,60,,17686,0,,12929,12889,5675,5675,5675,,81,2,@@

  handle_small_Steiner_degrees: steiner 0, suppress 0 in 4.7e-05 s
Starting round 105
Found 1382 isolated vertices
Invalid ratios recomputed: 19896
Best ratio is 82/1 (82.0), centered at 13943
Finding the best star... Star with 2 terminals centered in 15006
round took: 14.2985 s
|V| = 33085, |E| = 59722, |R| = 59
>>> get_solution
>>> get_solution
  refine_solution: new weight 12909 (was 12929) in 0.006905 s
  refine_solution: new weight 12894 (was 12909) in 0.006704 s
  refine_solution: new weight 12889 (was 12894) in 0.006682 s
  refine_solution: new weight 12889 (was 12889) in 0.006669 s
105,,31703,59722,59,,19896,0,,12929,12889,5757,5757,5757,,82,2,@@

  handle_small_Steiner_degrees: steiner 0, suppress 0 in 4.9e-05 s
Starting round 106
Found 1392 isolated vertices
Invalid ratios recomputed: 21468
Best ratio is 165/2 (82.5), centered at 28269
Finding the best star... Star with 3 terminals centered in 29082
round took: 15.3718 s
|V| = 33085, |E| = 59692, |R| = 57
>>> get_solution
>>> get_solution
  refine_solution: new weight 12839 (was 12849) in 0.006884 s
  refine_solution: new weight 12839 (was 12839) in 0.006733 s
106,,31693,59692,57,,21468,0,,12849,12839,5922,5922,5922,,165,3,@@

  handle_small_Steiner_degrees: steiner 0, suppress 2 in 5.7e-05 s
Starting round 107
Found 1419 isolated vertices
Invalid ratios recomputed: 21237
Best ratio is 165/2 (82.5), centered at 30446
Finding the best star... Star with 3 terminals centered in 30451
round took: 15.6965 s
|V| = 33085, |E| = 59658, |R| = 55
>>> get_solution
>>> get_solution
  refine_solution: new weight 12843 (was 12863) in 0.006891 s
  refine_solution: new weight 12843 (was 12843) in 0.006741 s
107,,31666,59658,55,,21237,0,,12863,12843,6087,6087,6087,,165,3,@@

  handle_small_Steiner_degrees: steiner 0, suppress 2 in 4.7e-05 s
Starting round 108
Found 1446 isolated vertices
Invalid ratios recomputed: 18943
Best ratio is 83/1 (83.0), centered at 3965
Finding the best star... Star with 2 terminals centered in 6062
round took: 14.6215 s
|V| = 33085, |E| = 59644, |R| = 54
>>> get_solution
>>> get_solution
  refine_solution: new weight 12843 (was 12863) in 0.006906 s
  refine_solution: new weight 12843 (was 12843) in 0.007097 s
108,,31639,59644,54,,18943,0,,12863,12843,6170,6170,6170,,83,2,@@

  handle_small_Steiner_degrees: steiner 0, suppress 1 in 5.5e-05 s
Starting round 109
Found 1454 isolated vertices
Invalid ratios recomputed: 21398
Best ratio is 168/2 (84.0), centered at 30419
Finding the best star... Star with 3 terminals centered in 30451
round took: 16.1421 s
|V| = 33085, |E| = 59618, |R| = 52
>>> get_solution
>>> get_solution
  refine_solution: new weight 12816 (was 12836) in 0.00691 s
  refine_solution: new weight 12816 (was 12816) in 0.006724 s
109,,31631,59618,52,,21398,0,,12836,12816,6338,6338,6338,,168,3,@@

  handle_small_Steiner_degrees: steiner 0, suppress 1 in 5.2e-05 s
Starting round 110
Found 1477 isolated vertices
Invalid ratios recomputed: 18491
Best ratio is 85/1 (85.0), centered at 26917
Finding the best star... Star with 2 terminals centered in 28232
round took: 15.0625 s
|V| = 33085, |E| = 59606, |R| = 51
>>> get_solution
>>> get_solution
  refine_solution: new weight 12814 (was 12824) in 0.006884 s
  refine_solution: new weight 12809 (was 12814) in 0.006749 s
  refine_solution: new weight 12809 (was 12809) in 0.00669 s
110,,31608,59606,51,,18491,0,,12824,12809,6423,6423,6423,,85,2,@@

  handle_small_Steiner_degrees: steiner 0, suppress 0 in 5e-05 s
Starting round 111
Found 1486 isolated vertices
Invalid ratios recomputed: 21230
Best ratio is 88/1 (88.0), centered at 11617
Finding the best star... Star with 2 terminals centered in 11632
round took: 17.4878 s
|V| = 33085, |E| = 59589, |R| = 50
>>> get_solution
>>> get_solution
  refine_solution: new weight 12794 (was 12809) in 0.006893 s
  refine_solution: new weight 12789 (was 12794) in 0.006721 s
  refine_solution: new weight 12789 (was 12789) in 0.006667 s
111,,31599,59589,50,,21230,0,,12809,12789,6511,6511,6511,,88,2,@@

  handle_small_Steiner_degrees: steiner 0, suppress 2 in 6.9e-05 s
Starting round 112
Found 1504 isolated vertices
Invalid ratios recomputed: 19808
Best ratio is 89/1 (89.0), centered at 4131
Finding the best star... Star with 2 terminals centered in 4912
round took: 17.1675 s
|V| = 33085, |E| = 59570, |R| = 49
>>> get_solution
>>> get_solution
  refine_solution: new weight 12786 (was 12811) in 0.006907 s
  refine_solution: new weight 12781 (was 12786) in 0.006738 s
  refine_solution: new weight 12781 (was 12781) in 0.006667 s
112,,31581,59570,49,,19808,0,,12811,12781,6600,6600,6600,,89,2,@@

  delete_edges: deleted 142 edges in 0.020884 s and 9 rounds
  handle_small_Steiner_degrees: steiner 0, suppress 133 in 0.000127 s
Starting round 113
Found 1650 isolated vertices
Invalid ratios recomputed: 19571
Best ratio is 92/1 (92.0), centered at 2908
Finding the best star... Star with 2 terminals centered in 6062
round took: 17.2975 s
|V| = 33085, |E| = 59280, |R| = 48
>>> get_solution
>>> get_solution
  refine_solution: new weight 12786 (was 12811) in 0.006884 s
  refine_solution: new weight 12781 (was 12786) in 0.006687 s
  refine_solution: new weight 12781 (was 12781) in 0.006652 s
113,,31435,59280,48,,19571,0,,12811,12781,6692,6692,6692,,92,2,@@

  handle_small_Steiner_degrees: steiner 0, suppress 2 in 5.5e-05 s
Starting round 114
Found 1663 isolated vertices
Invalid ratios recomputed: 22262
Best ratio is 92/1 (92.0), centered at 16104
Finding the best star... Star with 2 terminals centered in 17593
round took: 18.7658 s
|V| = 33085, |E| = 59267, |R| = 47
>>> get_solution
>>> get_solution
  refine_solution: new weight 12772 (was 12797) in 0.006875 s
  refine_solution: new weight 12767 (was 12772) in 0.006696 s
  refine_solution: new weight 12767 (was 12767) in 0.006635 s
114,,31422,59267,47,,22262,0,,12797,12767,6784,6784,6784,,92,2,@@

  handle_small_Steiner_degrees: steiner 0, suppress 1 in 5.4e-05 s
Starting round 115
Found 1673 isolated vertices
Invalid ratios recomputed: 21687
Best ratio is 188/2 (94.0), centered at 3282
Finding the best star... Star with 3 terminals centered in 4091
round took: 18.8113 s
|V| = 33085, |E| = 59234, |R| = 45
>>> get_solution
>>> get_solution
  refine_solution: new weight 12733 (was 12758) in 0.006891 s
  refine_solution: new weight 12728 (was 12733) in 0.006709 s
  refine_solution: new weight 12728 (was 12728) in 0.006654 s
115,,31412,59234,45,,21687,0,,12758,12728,6972,6972,6972,,188,3,@@

  handle_small_Steiner_degrees: steiner 0, suppress 0 in 3.9e-05 s
Starting round 116
Found 1700 isolated vertices
Invalid ratios recomputed: 23122
Best ratio is 98/1 (98.0), centered at 17593
Finding the best star... Star with 2 terminals centered in 18384
round took: 19.6471 s
|V| = 33085, |E| = 59214, |R| = 44
>>> get_solution
>>> get_solution
  refine_solution: new weight 12733 (was 12758) in 0.006848 s
  refine_solution: new weight 12728 (was 12733) in 0.006697 s
  refine_solution: new weight 12728 (was 12728) in 0.006726 s
116,,31385,59214,44,,23122,0,,12758,12728,7070,7070,7070,,98,2,@@

  handle_small_Steiner_degrees: steiner 0, suppress 0 in 3.7e-05 s
Starting round 117
Found 1718 isolated vertices
Invalid ratios recomputed: 21567
Best ratio is 99/1 (99.0), centered at 26837
Finding the best star... Star with 2 terminals centered in 27645
round took: 19.4882 s
|V| = 33085, |E| = 59198, |R| = 43
>>> get_solution
>>> get_solution
  refine_solution: new weight 12733 (was 12758) in 0.006871 s
  refine_solution: new weight 12728 (was 12733) in 0.006711 s
  refine_solution: new weight 12728 (was 12728) in 0.006658 s
117,,31367,59198,43,,21567,0,,12758,12728,7169,7169,7169,,99,2,@@

  handle_small_Steiner_degrees: steiner 0, suppress 0 in 3.8e-05 s
Starting round 118
Found 1733 isolated vertices
Invalid ratios recomputed: 15494
Best ratio is 199/2 (99.5), centered at 17337
Finding the best star... Star with 3 terminals centered in 19109
round took: 14.2545 s
|V| = 33085, |E| = 59169, |R| = 41
>>> get_solution
>>> get_solution
  refine_solution: new weight 12692 (was 12717) in 0.006894 s
  refine_solution: new weight 12687 (was 12692) in 0.006717 s
  refine_solution: new weight 12687 (was 12687) in 0.006643 s
118,,31352,59169,41,,15494,0,,12717,12687,7368,7368,7368,,199,3,@@

  handle_small_Steiner_degrees: steiner 0, suppress 0 in 3.8e-05 s
Starting round 119
Found 1760 isolated vertices
Invalid ratios recomputed: 23724
Best ratio is 202/2 (101.0), centered at 3790
Finding the best star... Star with 3 terminals centered in 4091
round took: 20.8778 s
|V| = 33085, |E| = 59131, |R| = 39
>>> get_solution
>>> get_solution
  refine_solution: new weight 12679 (was 12704) in 0.006929 s
  refine_solution: new weight 12674 (was 12679) in 0.006724 s
  refine_solution: new weight 12674 (was 12674) in 0.006631 s
119,,31325,59131,39,,23724,0,,12704,12674,7570,7570,7570,,202,3,@@

  handle_small_Steiner_degrees: steiner 0, suppress 3 in 5.5e-05 s
Starting round 120
Found 1797 isolated vertices
Invalid ratios recomputed: 23935
Best ratio is 101/1 (101.0), centered at 6062
Finding the best star... Star with 2 terminals centered in 6591
round took: 21.3076 s
|V| = 33085, |E| = 59109, |R| = 38
>>> get_solution
>>> get_solution
  refine_solution: new weight 12679 (was 12704) in 0.006961 s
  refine_solution: new weight 12674 (was 12679) in 0.006744 s
  refine_solution: new weight 12674 (was 12674) in 0.006728 s
120,,31288,59109,38,,23935,0,,12704,12674,7671,7671,7671,,101,2,@@

  handle_small_Steiner_degrees: steiner 0, suppress 1 in 5.1e-05 s
Starting round 121
Found 1813 isolated vertices
Invalid ratios recomputed: 23892
Best ratio is 101/1 (101.0), centered at 27476
Finding the best star... Star with 2 terminals centered in 29082
round took: 21.8445 s
|V| = 33085, |E| = 59092, |R| = 37
>>> get_solution
>>> get_solution
  refine_solution: new weight 12666 (was 12681) in 0.006979 s
  refine_solution: new weight 12661 (was 12666) in 0.006771 s
  refine_solution: new weight 12661 (was 12661) in 0.006722 s
121,,31272,59092,37,,23892,0,,12681,12661,7772,7772,7772,,101,2,@@

  handle_small_Steiner_degrees: steiner 0, suppress 0 in 3.9e-05 s
Starting round 122
Found 1828 isolated vertices
Invalid ratios recomputed: 22643
Best ratio is 102/1 (102.0), centered at 10965
Finding the best star... Star with 2 terminals centered in 12010
round took: 20.9049 s
|V| = 33085, |E| = 59077, |R| = 36
>>> get_solution
>>> get_solution
  refine_solution: new weight 12661 (was 12686) in 0.006881 s
  refine_solution: new weight 12656 (was 12661) in 0.006776 s
  refine_solution: new weight 12656 (was 12656) in 0.006724 s
122,,31257,59077,36,,22643,0,,12686,12656,7874,7874,7874,,102,2,@@

  handle_small_Steiner_degrees: steiner 0, suppress 0 in 3.7e-05 s
Starting round 123
Found 1842 isolated vertices
Invalid ratios recomputed: 24082
Best ratio is 205/2 (102.5), centered at 14540
Finding the best star... Star with 3 terminals centered in 15070
round took: 22.7402 s
|V| = 33085, |E| = 59046, |R| = 34
>>> get_solution
>>> get_solution
  refine_solution: new weight 12657 (was 12672) in 0.006885 s
  refine_solution: new weight 12652 (was 12657) in 0.006735 s
  refine_solution: new weight 12652 (was 12652) in 0.006686 s
123,,31243,59046,34,,24082,0,,12672,12652,8079,8079,8079,,205,3,@@

  handle_small_Steiner_degrees: steiner 0, suppress 2 in 5.4e-05 s
Starting round 124
Found 1869 isolated vertices
Invalid ratios recomputed: 24257
Best ratio is 207/2 (103.5), centered at 25344
Finding the best star... Star with 3 terminals centered in 29082
round took: 24.5083 s
|V| = 33085, |E| = 59012, |R| = 32
>>> get_solution
>>> get_solution
  refine_solution: new weight 12646 (was 12656) in 0.006878 s
  refine_solution: new weight 12646 (was 12646) in 0.006728 s
124,,31216,59012,32,,24257,0,,12656,12646,8286,8286,8286,,207,3,@@

  handle_small_Steiner_degrees: steiner 0, suppress 3 in 4.5e-05 s
Starting round 125
Found 1899 isolated vertices
Invalid ratios recomputed: 24231
Best ratio is 209/2 (104.5), centered at 27673
Finding the best star... Star with 3 terminals centered in 27156
round took: 24.6507 s
|V| = 33085, |E| = 58972, |R| = 30
>>> get_solution
>>> get_solution
  refine_solution: new weight 12636 (was 12641) in 0.006865 s
  refine_solution: new weight 12636 (was 12636) in 0.006746 s
125,,31186,58972,30,,24231,0,,12641,12636,8495,8495,8495,,209,3,@@

  handle_small_Steiner_degrees: steiner 0, suppress 0 in 3.9e-05 s
Starting round 126
Found 1928 isolated vertices
Invalid ratios recomputed: 20532
Best ratio is 105/1 (105.0), centered at 4699
Finding the best star... Star with 2 terminals centered in 6591
round took: 23.0711 s
|V| = 33085, |E| = 58950, |R| = 29
>>> get_solution
>>> get_solution
  refine_solution: new weight 12636 (was 12651) in 0.006947 s
  refine_solution: new weight 12636 (was 12636) in 0.006749 s
126,,31157,58950,29,,20532,0,,12651,12636,8600,8600,8600,,105,2,@@

  handle_small_Steiner_degrees: steiner 0, suppress 0 in 5e-05 s
Starting round 127
Found 1948 isolated vertices
Invalid ratios recomputed: 23115
Best ratio is 214/2 (107.0), centered at 11124
Finding the best star... Star with 3 terminals centered in 15070
round took: 25.6559 s
|V| = 33085, |E| = 58915, |R| = 27
>>> get_solution
>>> get_solution
  refine_solution: new weight 12636 (was 12641) in 0.006885 s
  refine_solution: new weight 12636 (was 12636) in 0.006837 s
127,,31137,58915,27,,23115,0,,12641,12636,8814,8814,8814,,214,3,@@

  handle_small_Steiner_degrees: steiner 0, suppress 0 in 3.9e-05 s
Starting round 128
Found 1978 isolated vertices
Invalid ratios recomputed: 26463
Best ratio is 217/2 (108.5), centered at 13154
Finding the best star... Star with 3 terminals centered in 15070
round took: 30.1925 s
|V| = 33085, |E| = 58874, |R| = 25
>>> get_solution
>>> get_solution
  refine_solution: new weight 12623 (was 12638) in 0.006928 s
  refine_solution: new weight 12623 (was 12623) in 0.006771 s
128,,31107,58874,25,,26463,0,,12638,12623,9031,9031,9031,,217,3,@@

  delete_edges: deleted 137 edges in 0.053786 s and 16 rounds
  handle_small_Steiner_degrees: steiner 4, suppress 127 in 0.000185 s
Starting round 129
Found 2145 isolated vertices
Invalid ratios recomputed: 26335
Best ratio is 220/2 (110.0), centered at 27991
Finding the best star... Star with 3 terminals centered in 29739
round took: 33.1385 s
|V| = 33085, |E| = 58569, |R| = 23
>>> get_solution
>>> get_solution
  refine_solution: new weight 12585 (was 12590) in 0.007015 s
  refine_solution: new weight 12585 (was 12585) in 0.006792 s
129,,30940,58569,23,,26335,0,,12590,12585,9251,9251,9251,,220,3,@@

  handle_small_Steiner_degrees: steiner 0, suppress 1 in 6.2e-05 s
Starting round 130
Found 2174 isolated vertices
Invalid ratios recomputed: 23293
Best ratio is 110/1 (110.0), centered at 27156
Finding the best star... Star with 2 terminals centered in 27156
round took: 32.069 s
|V| = 33085, |E| = 58546, |R| = 22
>>> get_solution
>>> get_solution
  refine_solution: new weight 12585 (was 12590) in 0.006929 s
  refine_solution: new weight 12585 (was 12585) in 0.006724 s
130,,30911,58546,22,,23293,0,,12590,12585,9361,9361,9361,,110,2,@@

  handle_small_Steiner_degrees: steiner 0, suppress 0 in 3.7e-05 s
Starting round 131
Found 2196 isolated vertices
Invalid ratios recomputed: 22343
Best ratio is 221/2 (110.5), centered at 30745
Finding the best star... Star with 3 terminals centered in 32652
round took: 32.6384 s
|V| = 33085, |E| = 58519, |R| = 20
>>> get_solution
>>> get_solution
  refine_solution: new weight 12568 (was 12573) in 0.006911 s
  refine_solution: new weight 12568 (was 12568) in 0.006722 s
131,,30889,58519,20,,22343,0,,12573,12568,9582,9582,9582,,221,3,@@

  handle_small_Steiner_degrees: steiner 0, suppress 1 in 4.8e-05 s
Starting round 132
Found 2220 isolated vertices
Invalid ratios recomputed: 23269
Best ratio is 114/1 (114.0), centered at 69
Finding the best star... Star with 2 terminals centered in 6591
round took: 37.5614 s
|V| = 33085, |E| = 58503, |R| = 19
>>> get_solution
>>> get_solution
  refine_solution: new weight 12568 (was 12573) in 0.006912 s
  refine_solution: new weight 12568 (was 12568) in 0.006818 s
132,,30865,58503,19,,23269,0,,12573,12568,9696,9696,9696,,114,2,@@

  handle_small_Steiner_degrees: steiner 0, suppress 2 in 5.5e-05 s
Starting round 133
Found 2232 isolated vertices
Invalid ratios recomputed: 24337
Best ratio is 114/1 (114.0), centered at 15070
Finding the best star... Star with 2 terminals centered in 15070
round took: 37.0994 s
|V| = 33085, |E| = 58489, |R| = 18
>>> get_solution
>>> get_solution
  refine_solution: new weight 12568 (was 12573) in 0.006929 s
  refine_solution: new weight 12568 (was 12568) in 0.006766 s
133,,30853,58489,18,,24337,0,,12573,12568,9810,9810,9810,,114,2,@@

  handle_small_Steiner_degrees: steiner 0, suppress 1 in 4.1e-05 s
Starting round 134
Found 2243 isolated vertices
Invalid ratios recomputed: 28067
Best ratio is 117/1 (117.0), centered at 5793
Finding the best star... Star with 2 terminals centered in 7870
round took: 45.3203 s
|V| = 33085, |E| = 58478, |R| = 17
>>> get_solution
>>> get_solution
  refine_solution: new weight 12568 (was 12583) in 0.006929 s
  refine_solution: new weight 12568 (was 12568) in 0.006755 s
134,,30842,58478,17,,28067,0,,12583,12568,9927,9927,9927,,117,2,@@

  handle_small_Steiner_degrees: steiner 0, suppress 0 in 3.7e-05 s
Starting round 135
Found 2252 isolated vertices
Invalid ratios recomputed: 26455
Best ratio is 119/1 (119.0), centered at 4091
Finding the best star... Star with 2 terminals centered in 6657
round took: 43.207 s
|V| = 33085, |E| = 58465, |R| = 16
>>> get_solution
>>> get_solution
  refine_solution: new weight 12568 (was 12583) in 0.00689 s
  refine_solution: new weight 12568 (was 12568) in 0.006779 s
135,,30833,58465,16,,26455,0,,12583,12568,10046,10046,10046,,119,2,@@

  handle_small_Steiner_degrees: steiner 0, suppress 1 in 5e-05 s
Starting round 136
Found 2264 isolated vertices
Invalid ratios recomputed: 27686
Best ratio is 122/1 (122.0), centered at 27156
Finding the best star... Star with 2 terminals centered in 27156
round took: 47.0995 s
|V| = 33085, |E| = 58440, |R| = 15
>>> get_solution
>>> get_solution
  refine_solution: new weight 12568 (was 12573) in 0.006984 s
  refine_solution: new weight 12568 (was 12568) in 0.006793 s
136,,30821,58440,15,,27686,0,,12573,12568,10168,10168,10168,,122,2,@@

  handle_small_Steiner_degrees: steiner 0, suppress 3 in 6e-05 s
Starting round 137
Found 2285 isolated vertices
Invalid ratios recomputed: 27016
Best ratio is 274/2 (137.0), centered at 30715
Finding the best star... Star with 3 terminals centered in 32352
round took: 50.0382 s
|V| = 33085, |E| = 58387, |R| = 13
>>> get_solution
>>> get_solution
  refine_solution: new weight 12525 (was 12565) in 0.006983 s
  refine_solution: new weight 12525 (was 12525) in 0.006872 s
137,,30800,58387,13,,27016,0,,12565,12525,10442,10442,10442,,274,3,@@

  handle_small_Steiner_degrees: steiner 0, suppress 6 in 5.5e-05 s
Starting round 138
Found 2332 isolated vertices
Invalid ratios recomputed: 29583
Best ratio is 431/3 (143.7), centered at 8838
Finding the best star... Star with 4 terminals centered in 11417
round took: 63.1112 s
|V| = 33085, |E| = 58318, |R| = 10
>>> get_solution
>>> get_solution
  refine_solution: new weight 12471 (was 12501) in 0.00697 s
  refine_solution: new weight 12471 (was 12471) in 0.006827 s
138,,30753,58318,10,,29583,0,,12501,12471,10873,10873,10873,,431,4,@@

  handle_small_Steiner_degrees: steiner 0, suppress 4 in 6.7e-05 s
Starting round 139
Found 2385 isolated vertices
Invalid ratios recomputed: 21488
Best ratio is 294/2 (147.0), centered at 7631
Finding the best star... Star with 3 terminals centered in 10254
round took: 46.0287 s
|V| = 33085, |E| = 58267, |R| = 8
>>> get_solution
>>> get_solution
  refine_solution: new weight 12458 (was 12488) in 0.006914 s
  refine_solution: new weight 12458 (was 12458) in 0.006873 s
139,,30700,58267,8,,21488,0,,12488,12458,11167,11167,11167,,294,3,@@

  handle_small_Steiner_degrees: steiner 0, suppress 2 in 5.8e-05 s
Starting round 140
Found 2423 isolated vertices
Invalid ratios recomputed: 29110
Best ratio is 150/1 (150.0), centered at 3243
Finding the best star... Star with 2 terminals centered in 6657
round took: 63.7129 s
|V| = 33085, |E| = 58238, |R| = 7
>>> get_solution
>>> get_solution
  refine_solution: new weight 12458 (was 12488) in 0.006917 s
  refine_solution: new weight 12458 (was 12458) in 0.006788 s
140,,30662,58238,7,,29110,0,,12488,12458,11317,11317,11317,,150,2,@@

  handle_small_Steiner_degrees: steiner 0, suppress 4 in 5.9e-05 s
Starting round 141
Found 2448 isolated vertices
Invalid ratios recomputed: 29085
Best ratio is 153/1 (153.0), centered at 15070
Finding the best star... Star with 2 terminals centered in 15070
round took: 66.1501 s
|V| = 33085, |E| = 58215, |R| = 6
>>> get_solution
>>> get_solution
  refine_solution: new weight 12458 (was 12488) in 0.006905 s
  refine_solution: new weight 12458 (was 12458) in 0.006791 s
141,,30637,58215,6,,29085,0,,12488,12458,11470,11470,11470,,153,2,@@

  handle_small_Steiner_degrees: steiner 0, suppress 1 in 4.2e-05 s
Starting round 142
Found 2462 isolated vertices
Invalid ratios recomputed: 30591
Best ratio is 156/1 (156.0), centered at 6657
Finding the best star... Star with 2 terminals centered in 12010
round took: 82.8695 s
|V| = 33085, |E| = 58199, |R| = 5
>>> get_solution
>>> get_solution
  refine_solution: new weight 12458 (was 12488) in 0.006923 s
  refine_solution: new weight 12458 (was 12458) in 0.006774 s
142,,30623,58199,5,,30591,0,,12488,12458,11626,11626,11626,,156,2,@@

  handle_small_Steiner_degrees: steiner 0, suppress 0 in 3.7e-05 s
Starting round 143
Found 2474 isolated vertices
Invalid ratios recomputed: 30558
Best ratio is 165/1 (165.0), centered at 9883
Finding the best star... Star with 2 terminals centered in 12494
round took: 90.9061 s
|V| = 33085, |E| = 58179, |R| = 4
>>> get_solution
>>> get_solution
  refine_solution: new weight 12458 (was 12488) in 0.006915 s
  refine_solution: new weight 12458 (was 12458) in 0.006714 s
143,,30611,58179,4,,30558,0,,12488,12458,11791,11791,11791,,165,2,@@

  handle_small_Steiner_degrees: steiner 0, suppress 0 in 3.8e-05 s
Starting round 144
Found 2491 isolated vertices
Invalid ratios recomputed: 30541
Best ratio is 179/1 (179.0), centered at 15070
Finding the best star... Star with 2 terminals centered in 16989
round took: 110.018 s
|V| = 33085, |E| = 58148, |R| = 3
>>> get_solution
>>> get_solution
  refine_solution: new weight 12458 (was 12488) in 0.006902 s
  refine_solution: new weight 12458 (was 12458) in 0.006756 s
144,,30594,58148,3,,30541,0,,12488,12458,11970,11970,11970,,179,2,@@

  handle_small_Steiner_degrees: steiner 0, suppress 0 in 3.7e-05 s
Starting round 145
Found 2520 isolated vertices
Invalid ratios recomputed: 30563
Best ratio is 254/1 (254.0), centered at 4092
Finding the best star... Star with 2 terminals centered in 4912
round took: 128.956 s
|V| = 33085, |E| = 58099, |R| = 2
>>> get_solution
>>> get_solution
  refine_solution: new weight 12458 (was 12488) in 0.006912 s
  refine_solution: new weight 12458 (was 12458) in 0.006793 s
145,,30565,58099,2,,30563,0,,12488,12458,12224,12224,12224,,254,2,@@

  handle_small_Steiner_degrees: steiner 0, suppress 1 in 4.6e-05 s
Starting round 146
Found 2567 isolated vertices
Invalid ratios recomputed: 30518
Best ratio is 264/1 (264.0), centered at 4912
Finding the best star... Star with 2 terminals centered in 16989
round took: 128.583 s
|V| = 33085, |E| = 58072, |R| = 1
>>> get_solution
>>> get_solution
  refine_solution: new weight 12458 (was 12488) in 0.006883 s
  refine_solution: new weight 12458 (was 12458) in 0.006764 s
146,,30518,58072,1,,30518,0,,12488,12458,12488,12488,12488,,264,2,@@

  handle_small_Steiner_degrees: steiner 0, suppress 0 in 3.8e-05 s
contract_till_the_bitter_end: 2331.51 s

Calling end_heu
>>> get_solution
Saved weight 78
D: 12488 -> 12333
  BEST solution improved 12488 -> 12333 (vert_size 0, round 1) *
D: 12333 -> 12333
  BEST solution improved 12333 -> 12317 (vert_size 4, round 1754) *
D: 12317 -> 12312
  BEST solution improved 12317 -> 12312 (vert_size 0, round 2001) *
D: 12312 -> 12302
  BEST solution improved 12312 -> 12302 (vert_size 0, round 3001) *
  BEST solution improved 12302 -> 12301 (vert_size 4, round 3759) *
D: 12301 -> 12301
  BEST solution improved 12301 -> 12286 (vert_size 4, round 4004) *
  BEST solution improved 12286 -> 12280 (vert_size 7, round 4798) *
D: 12280 -> 12275
  BEST solution improved 12280 -> 12275 (vert_size 0, round 5001) *
D: 12275 -> 12275
D: 12275 -> 12275
  BEST solution improved 12275 -> 12272 (vert_size 4, round 7256) *
D: 12272 -> 12272
D: 12275 -> 12292
D: 12302 -> 12302
D: 12272 -> 12272
D: 12275 -> 12275
D: 12272 -> 12272
D: 12272 -> 12272
D: 12292 -> 12292
D: 12292 -> 12275
D: 12272 -> 12272
D: 12272 -> 12272
D: 12272 -> 12272
D: 12272 -> 12285
D: 12272 -> 12272
D: 12272 -> 12272
D: 12272 -> 12272
D: 12272 -> 12272
D: 12272 -> 12289
D: 12279 -> 12279
D: 12272 -> 12272
D: 12272 -> 12272
D: 12279 -> 12279
D: 12279 -> 12300
D: 12272 -> 12278
D: 12284 -> 12279
D: 12272 -> 12272
D: 12272 -> 12272
D: 12279 -> 12279
D: 12272 -> 12267
  BEST solution improved 12272 -> 12267 (vert_size 0, round 36001) *
D: 12267 -> 12267
D: 12267 -> 12267
D: 12272 -> 12272
D: 12284 -> 12279
D: 12279 -> 12279
D: 12279 -> 12285
D: 12267 -> 12267
D: 12272 -> 12272
D: 12267 -> 12274
D: 12267 -> 12267
D: 12267 -> 12267
D: 12267 -> 12267
D: 12267 -> 12267
D: 12267 -> 12267
D: 12267 -> 12267
D: 12279 -> 12279
D: 12267 -> 12267
D: 12267 -> 12267
D: 12272 -> 12272
D: 12267 -> 12267
D: 12267 -> 12267
D: 12272 -> 12272
D: 12272 -> 12293
D: 12272 -> 12272
D: 12293 -> 12293
D: 12285 -> 12285
D: 12267 -> 12267
D: 12272 -> 12272
D: 12272 -> 12285
D: 12267 -> 12267
D: 12267 -> 12267
D: 12279 -> 12279
D: 12279 -> 12279
D: 12267 -> 12267
D: 12279 -> 12279
D: 12267 -> 12267
D: 12267 -> 12267
D: 12267 -> 12267
D: 12267 -> 12267
D: 12267 -> 12267
D: 12279 -> 12279
D: 12302 -> 12302
D: 12267 -> 12278
D: 12272 -> 12285
D: 12285 -> 12272
D: 12272 -> 12272
D: 12267 -> 12267
D: 12279 -> 12279
D: 12272 -> 12272
D: 12282 -> 12282
D: 12277 -> 12272
D: 12272 -> 12272
D: 12267 -> 12267
D: 12272 -> 12272
D: 12292 -> 12292
D: 12272 -> 12272
D: 12279 -> 12279
D: 12279 -> 12279
D: 12272 -> 12316
D: 12279 -> 12285
D: 12316 -> 12272
D: 12267 -> 12267
D: 12267 -> 12287
D: 12267 -> 12288
D: 12287 -> 12287
D: 12267 -> 12267
D: 12267 -> 12267
D: 12267 -> 12267
D: 12267 -> 12267
D: 12272 -> 12272
D: 12267 -> 12267
D: 12267 -> 12267
D: 12300 -> 12282
D: 12267 -> 12267
D: 12281 -> 12298
D: 12292 -> 12288
D: 12267 -> 12267
D: 12267 -> 12281
D: 12267 -> 12267
D: 12281 -> 12281
end_heu: 116573 loops with 234 unique solutions in 1799.82 s

Calling print_solution
>>> get_solution
  refine_solution: new weight 12267 (was 12267) in 0.007127 s
## FINAL WEIGHT 12267
print_solution: 0.014459 s
