Version: final-94-gfffc3aa rub_all.sh: remove longest prefix
Random seed: 1549745668
Start
>>> save_orig_graph
>> Saved weight 0
Graph loaded
|V| = 2266, |E| = 4545, |R| = 98
First clearance of the input. Calling buy_zero and run_all_heuristics.
  buy_zero: 0 zero edges in 1e-05 s
  handle_small_terminal_degrees: terms 28 in 4.6e-05 s
  handle_small_Steiner_degrees: steiner 0, suppress 13 in 1.6e-05 s
  shortest_edge_between_terminals: 9 edges in 2.3e-05 s
  handle_small_terminal_degrees: terms 1 in 6e-06 s
  handle_small_Steiner_degrees: steiner 0, suppress 0 in 6e-06 s
  shortest_edge_between_terminals: 0 edges in 4e-06 s
  handle_small_terminal_degrees: terms 0 in 4e-06 s
  handle_small_Steiner_degrees: steiner 0, suppress 0 in 6e-06 s
  shortest_edge_between_terminals: 0 edges in 4e-06 s
Compressed graph 2266 -> 2216
  delete_edges: deleted 1 edges in 0.000494 s and 1 rounds
  handle_small_terminal_degrees: terms 1 in 5e-06 s
  handle_small_Steiner_degrees: steiner 0, suppress 0 in 6e-06 s
  shortest_edge_between_terminals: 0 edges in 4e-06 s
  handle_small_terminal_degrees: terms 0 in 4e-06 s
  handle_small_Steiner_degrees: steiner 0, suppress 0 in 6e-06 s
  shortest_edge_between_terminals: 0 edges in 4e-06 s
Compressed graph 2216 -> 2215
  delete_edges_shortest_path: deleted 0 edges in 0.112401 s
  handle_small_terminal_degrees: terms 0 in 2e-06 s
  handle_small_Steiner_degrees: steiner 0, suppress 0 in 3e-06 s
  shortest_edge_between_terminals: 0 edges in 2e-06 s
Compressed graph 2215 -> 2215
  handle_small_terminal_degrees: terms 0 in 2e-06 s
  handle_small_Steiner_degrees: steiner 0, suppress 0 in 2e-06 s
  shortest_edge_between_terminals: 0 edges in 2e-06 s
Compressed graph 2215 -> 2207
  delete_edges_shortest_path: deleted 0 edges in 0.106011 s
  handle_small_terminal_degrees: terms 0 in 2e-06 s
  handle_small_Steiner_degrees: steiner 0, suppress 0 in 3e-06 s
  shortest_edge_between_terminals: 0 edges in 2e-06 s
Compressed graph 2207 -> 2207
Compressed graph 2207 -> 2207
>>> save_orig_graph
>> Saved weight 29000021
### ZEL_LVL=0 PRECISE_STARS=0

Calling `contract_till_the_bitter_end`
|V| = 2207, |E| = 4486, |R| = 83
>>> get_solution
>>> get_solution
  refine_solution: new weight 98001683 (was 98002241) in 0.000624 s
  refine_solution: new weight 98001581 (was 98001683) in 0.000572 s
  refine_solution: new weight 98001579 (was 98001581) in 0.000572 s
  refine_solution: new weight 98001579 (was 98001579) in 0.000563 s
0,,2207,4486,83,,0,0,,98002241,98001579,29000021,29000021,29000021,,0,0,@@

  delete_edges: deleted 0 edges in 0.000225 s and 1 rounds
  handle_small_Steiner_degrees: steiner 0, suppress 0 in 3e-06 s
Starting round 1
Found 0 isolated vertices
Invalid ratios recomputed: 2207
Best ratio is 9/1 (9.0), centered at 695
Finding the best star... Star with 2 terminals centered in 2185
round took: 0.11052 s
|V| = 2207, |E| = 4479, |R| = 82
>>> get_solution
>>> get_solution
  refine_solution: new weight 98001676 (was 98002241) in 0.000605 s
  refine_solution: new weight 98001593 (was 98001676) in 0.000567 s
  refine_solution: new weight 98001576 (was 98001593) in 0.000571 s
  refine_solution: new weight 98001574 (was 98001576) in 0.00056 s
  refine_solution: new weight 98001570 (was 98001574) in 0.000575 s
  refine_solution: new weight 98001570 (was 98001570) in 0.000555 s
1,,2207,4479,82,,2207,0,,98002241,98001570,29000030,29000030,29000030,,9,2,@@

  handle_small_Steiner_degrees: steiner 0, suppress 0 in 3e-06 s
Starting round 2
Found 7 isolated vertices
Invalid ratios recomputed: 815
Best ratio is 9/1 (9.0), centered at 1842
Finding the best star... Star with 2 terminals centered in 2126
round took: 0.047794 s
|V| = 2207, |E| = 4472, |R| = 81
>>> get_solution
>>> get_solution
  refine_solution: new weight 98001582 (was 98002261) in 0.000611 s
  refine_solution: new weight 98001413 (was 98001582) in 0.000568 s
  refine_solution: new weight 98001379 (was 98001413) in 0.000566 s
  refine_solution: new weight 98001375 (was 98001379) in 0.00057 s
  refine_solution: new weight 98001374 (was 98001375) in 0.00056 s
  refine_solution: new weight 98001373 (was 98001374) in 0.000556 s
  refine_solution: new weight 98001373 (was 98001373) in 0.000559 s
2,,2200,4472,81,,815,0,,98002261,98001373,29000039,29000039,29000039,,9,2,@@

  handle_small_Steiner_degrees: steiner 0, suppress 0 in 3e-06 s
Starting round 3
Found 14 isolated vertices
Invalid ratios recomputed: 547
Best ratio is 47/2 (23.5), centered at 1400
Finding the best star... Star with 3 terminals centered in 2169
round took: 0.034321 s
|V| = 2207, |E| = 4443, |R| = 79
>>> get_solution
>>> get_solution
  refine_solution: new weight 98001650 (was 98002466) in 0.000613 s
  refine_solution: new weight 98001579 (was 98001650) in 0.000579 s
  refine_solution: new weight 98001571 (was 98001579) in 0.000563 s
  refine_solution: new weight 98001569 (was 98001571) in 0.000567 s
  refine_solution: new weight 98001569 (was 98001569) in 0.00056 s
3,,2193,4443,79,,547,0,,98002466,98001569,29000086,29000086,29000086,,47,3,@@

  handle_small_Steiner_degrees: steiner 0, suppress 1 in 4e-06 s
Starting round 4
Found 35 isolated vertices
Invalid ratios recomputed: 1206
Best ratio is 24/1 (24.0), centered at 181
Finding the best star... Star with 2 terminals centered in 2170
round took: 0.118773 s
|V| = 2207, |E| = 4428, |R| = 78
>>> get_solution
>>> get_solution
  refine_solution: new weight 98001634 (was 98002555) in 0.000623 s
  refine_solution: new weight 98001462 (was 98001634) in 0.000572 s
  refine_solution: new weight 98001436 (was 98001462) in 0.000568 s
  refine_solution: new weight 98001432 (was 98001436) in 0.000563 s
  refine_solution: new weight 98001417 (was 98001432) in 0.000575 s
  refine_solution: new weight 98001408 (was 98001417) in 0.000561 s
  refine_solution: new weight 98001407 (was 98001408) in 0.000555 s
  refine_solution: new weight 98001406 (was 98001407) in 0.000558 s
  refine_solution: new weight 98001406 (was 98001406) in 0.00055 s
4,,2172,4428,78,,1206,0,,98002555,98001406,29000110,29000110,29000110,,24,2,@@

  handle_small_Steiner_degrees: steiner 0, suppress 0 in 3e-06 s
Starting round 5
Found 45 isolated vertices
Invalid ratios recomputed: 1109
Best ratio is 35/1 (35.0), centered at 11
Finding the best star... Star with 2 terminals centered in 2206
round took: 0.10696 s
|V| = 2207, |E| = 4404, |R| = 77
>>> get_solution
>>> get_solution
  refine_solution: new weight 98001676 (was 98002379) in 0.000624 s
  refine_solution: new weight 98001609 (was 98001676) in 0.000578 s
  refine_solution: new weight 98001608 (was 98001609) in 0.000567 s
  refine_solution: new weight 98001608 (was 98001608) in 0.000566 s
5,,2162,4404,77,,1109,0,,98002379,98001608,29000145,29000145,29000145,,35,2,@@

  handle_small_Steiner_degrees: steiner 0, suppress 0 in 4e-06 s
Starting round 6
Found 62 isolated vertices
Invalid ratios recomputed: 656
Best ratio is 36/1 (36.0), centered at 261
Finding the best star... Star with 2 terminals centered in 2204
round took: 0.075252 s
|V| = 2207, |E| = 4392, |R| = 76
>>> get_solution
>>> get_solution
  refine_solution: new weight 98001606 (was 98002484) in 0.000611 s
  refine_solution: new weight 98001436 (was 98001606) in 0.000571 s
  refine_solution: new weight 98001427 (was 98001436) in 0.000565 s
  refine_solution: new weight 98001421 (was 98001427) in 0.000584 s
  refine_solution: new weight 98001421 (was 98001421) in 0.000556 s
6,,2145,4392,76,,656,0,,98002484,98001421,29000181,29000181,29000181,,36,2,@@

  handle_small_Steiner_degrees: steiner 0, suppress 1 in 3e-06 s
Starting round 7
Found 72 isolated vertices
Invalid ratios recomputed: 1032
Best ratio is 75/2 (37.5), centered at 1157
Finding the best star... Star with 3 terminals centered in 2169
round took: 0.098045 s
|V| = 2207, |E| = 4357, |R| = 74
>>> get_solution
>>> get_solution
  refine_solution: new weight 98001661 (was 98002467) in 0.000616 s
  refine_solution: new weight 98001621 (was 98001661) in 0.000572 s
  refine_solution: new weight 98001617 (was 98001621) in 0.000564 s
  refine_solution: new weight 98001602 (was 98001617) in 0.000562 s
  refine_solution: new weight 98001594 (was 98001602) in 0.000558 s
  refine_solution: new weight 98001594 (was 98001594) in 0.000565 s
7,,2135,4357,74,,1032,0,,98002467,98001594,29000256,29000256,29000256,,75,3,@@

  handle_small_Steiner_degrees: steiner 0, suppress 0 in 3e-06 s
Starting round 8
Found 99 isolated vertices
Invalid ratios recomputed: 2034
Best ratio is 45/1 (45.0), centered at 221
Finding the best star... Star with 2 terminals centered in 2204
round took: 0.25984 s
|V| = 2207, |E| = 4336, |R| = 73
>>> get_solution
>>> get_solution
  refine_solution: new weight 98001580 (was 98002426) in 0.000621 s
  refine_solution: new weight 98001553 (was 98001580) in 0.000583 s
  refine_solution: new weight 98001534 (was 98001553) in 0.000574 s
  refine_solution: new weight 98001531 (was 98001534) in 0.00057 s
  refine_solution: new weight 98001531 (was 98001531) in 0.000562 s
8,,2108,4336,73,,2034,0,,98002426,98001531,29000301,29000301,29000301,,45,2,@@

  handle_small_Steiner_degrees: steiner 0, suppress 0 in 3e-06 s
Starting round 9
Found 118 isolated vertices
Invalid ratios recomputed: 2063
Best ratio is 64/1 (64.0), centered at 236
Finding the best star... Star with 2 terminals centered in 2196
round took: 0.317831 s
|V| = 2207, |E| = 4307, |R| = 72
>>> get_solution
>>> get_solution
  refine_solution: new weight 98001548 (was 98002422) in 0.000641 s
  refine_solution: new weight 98001521 (was 98001548) in 0.000586 s
  refine_solution: new weight 98001520 (was 98001521) in 0.000575 s
  refine_solution: new weight 98001518 (was 98001520) in 0.000566 s
  refine_solution: new weight 98001518 (was 98001518) in 0.000566 s
9,,2089,4307,72,,2063,0,,98002422,98001518,29000365,29000365,29000365,,64,2,@@

  handle_small_Steiner_degrees: steiner 0, suppress 0 in 2e-06 s
Starting round 10
Found 145 isolated vertices
Invalid ratios recomputed: 2041
Best ratio is 69/1 (69.0), centered at 545
Finding the best star... Star with 2 terminals centered in 2196
round took: 0.334675 s
|V| = 2207, |E| = 4303, |R| = 71
>>> get_solution
>>> get_solution
  refine_solution: new weight 98001571 (was 98002348) in 0.000624 s
  refine_solution: new weight 98001527 (was 98001571) in 0.00059 s
  refine_solution: new weight 98001525 (was 98001527) in 0.000574 s
  refine_solution: new weight 98001525 (was 98001525) in 0.000566 s
10,,2062,4303,71,,2041,0,,98002348,98001525,29000434,29000434,29000434,,69,2,@@

  handle_small_Steiner_degrees: steiner 0, suppress 1 in 6e-06 s
Starting round 11
Found 149 isolated vertices
Invalid ratios recomputed: 2041
Best ratio is 77/1 (77.0), centered at 1550
Finding the best star... Star with 2 terminals centered in 2196
round took: 0.357621 s
|V| = 2207, |E| = 4286, |R| = 70
>>> get_solution
>>> get_solution
  refine_solution: new weight 98001510 (was 98002424) in 0.000643 s
  refine_solution: new weight 98001350 (was 98001510) in 0.000608 s
  refine_solution: new weight 98001344 (was 98001350) in 0.000585 s
  refine_solution: new weight 98001341 (was 98001344) in 0.00058 s
  refine_solution: new weight 98001326 (was 98001341) in 0.000575 s
  refine_solution: new weight 98001323 (was 98001326) in 0.000581 s
  refine_solution: new weight 98001323 (was 98001323) in 0.000593 s
11,,2058,4286,70,,2041,0,,98002424,98001323,29000511,29000511,29000511,,77,2,@@

  handle_small_Steiner_degrees: steiner 0, suppress 1 in 5e-06 s
Starting round 12
Found 163 isolated vertices
Invalid ratios recomputed: 2044
Best ratio is 10000000/10 (1000000.0), centered at 2196
Finding the best star... Star with 11 terminals centered in 2129
round took: 0.428411 s
|V| = 2207, |E| = 4254, |R| = 60
>>> get_solution
>>> get_solution
  refine_solution: new weight 98001492 (was 98002448) in 0.000646 s
  refine_solution: new weight 98001346 (was 98001492) in 0.000598 s
  refine_solution: new weight 98001341 (was 98001346) in 0.000599 s
  refine_solution: new weight 98001338 (was 98001341) in 0.000573 s
  refine_solution: new weight 98001338 (was 98001338) in 0.000573 s
12,,2044,4254,60,,2044,0,,98002448,98001338,39000511,39000511,39000511,,10000000,11,@@

  handle_small_Steiner_degrees: steiner 0, suppress 0 in 3e-06 s
Starting round 13
Found 173 isolated vertices
Invalid ratios recomputed: 2034
Best ratio is 5000005/5 (1000001.0), centered at 2129
Finding the best star... Star with 6 terminals centered in 2129
round took: 0.429276 s
|V| = 2207, |E| = 4228, |R| = 55
>>> get_solution
>>> get_solution
  refine_solution: new weight 98001549 (was 98002429) in 0.000641 s
  refine_solution: new weight 98001509 (was 98001549) in 0.000606 s
  refine_solution: new weight 98001506 (was 98001509) in 0.000585 s
  refine_solution: new weight 98001505 (was 98001506) in 0.000573 s
  refine_solution: new weight 98001504 (was 98001505) in 0.000593 s
  refine_solution: new weight 98001504 (was 98001504) in 0.000569 s
13,,2034,4228,55,,2034,0,,98002429,98001504,44000516,44000516,44000516,,5000005,6,@@

  handle_small_Steiner_degrees: steiner 0, suppress 1 in 6e-06 s
Starting round 14
Found 184 isolated vertices
Invalid ratios recomputed: 2023
Best ratio is 2000004/2 (1000002.0), centered at 51
Finding the best star... Star with 3 terminals centered in 2140
round took: 0.428602 s
|V| = 2207, |E| = 4214, |R| = 53
>>> get_solution
>>> get_solution
  refine_solution: new weight 98001544 (was 98002422) in 0.000649 s
  refine_solution: new weight 98001374 (was 98001544) in 0.000588 s
  refine_solution: new weight 98001336 (was 98001374) in 0.000585 s
  refine_solution: new weight 98001332 (was 98001336) in 0.00058 s
  refine_solution: new weight 98001332 (was 98001332) in 0.000589 s
14,,2023,4214,53,,2023,0,,98002422,98001332,46000520,46000520,46000520,,2000004,3,@@

  handle_small_Steiner_degrees: steiner 0, suppress 0 in 3e-06 s
Starting round 15
Found 190 isolated vertices
Invalid ratios recomputed: 2017
Best ratio is 2000006/2 (1000003.0), centered at 120
Finding the best star... Star with 3 terminals centered in 2154
round took: 0.427552 s
|V| = 2207, |E| = 4200, |R| = 51
>>> get_solution
>>> get_solution
  refine_solution: new weight 98001544 (was 98002434) in 0.000639 s
  refine_solution: new weight 98001372 (was 98001544) in 0.000601 s
  refine_solution: new weight 98001341 (was 98001372) in 0.000579 s
  refine_solution: new weight 98001335 (was 98001341) in 0.000586 s
  refine_solution: new weight 98001331 (was 98001335) in 0.00057 s
  refine_solution: new weight 98001331 (was 98001331) in 0.000565 s
15,,2017,4200,51,,2017,0,,98002434,98001331,48000526,48000526,48000526,,2000006,3,@@

  handle_small_Steiner_degrees: steiner 0, suppress 0 in 4e-06 s
Starting round 16
Found 198 isolated vertices
Invalid ratios recomputed: 2009
Best ratio is 1000003/1 (1000003.0), centered at 265
Finding the best star... Star with 2 terminals centered in 2198
round took: 0.427826 s
|V| = 2207, |E| = 4196, |R| = 50
>>> get_solution
>>> get_solution
  refine_solution: new weight 98001485 (was 98002430) in 0.000644 s
  refine_solution: new weight 98001357 (was 98001485) in 0.000597 s
  refine_solution: new weight 98001348 (was 98001357) in 0.000587 s
  refine_solution: new weight 98001329 (was 98001348) in 0.000578 s
  refine_solution: new weight 98001322 (was 98001329) in 0.00058 s
  refine_solution: new weight 98001322 (was 98001322) in 0.000576 s
16,,2009,4196,50,,2009,0,,98002430,98001322,49000529,49000529,49000529,,1000003,2,@@

  delete_edges: deleted 115 edges in 0.053341 s and 60 rounds
  handle_small_Steiner_degrees: steiner 4, suppress 45 in 6.9e-05 s
Starting round 17
Found 249 isolated vertices
Invalid ratios recomputed: 1958
Best ratio is 3000012/3 (1000004.0), centered at 203
Finding the best star... Star with 4 terminals centered in 2181
round took: 0.404592 s
|V| = 2207, |E| = 4012, |R| = 47
>>> get_solution
>>> get_solution
  refine_solution: new weight 98001497 (was 98002423) in 0.000648 s
  refine_solution: new weight 98001357 (was 98001497) in 0.000591 s
  refine_solution: new weight 98001339 (was 98001357) in 0.000578 s
  refine_solution: new weight 98001332 (was 98001339) in 0.000581 s
  refine_solution: new weight 98001332 (was 98001332) in 0.000568 s
17,,1958,4012,47,,1958,0,,98002423,98001332,52000540,52000540,52000540,,3000012,4,@@

  handle_small_Steiner_degrees: steiner 0, suppress 3 in 9e-06 s
Starting round 18
Found 258 isolated vertices
Invalid ratios recomputed: 1949
Best ratio is 1000004/1 (1000004.0), centered at 108
Finding the best star... Star with 2 terminals centered in 2149
round took: 0.401986 s
|V| = 2207, |E| = 4004, |R| = 46
>>> get_solution
>>> get_solution
  refine_solution: new weight 98001577 (was 98002536) in 0.000642 s
  refine_solution: new weight 98001518 (was 98001577) in 0.000591 s
  refine_solution: new weight 98001511 (was 98001518) in 0.000579 s
  refine_solution: new weight 98001511 (was 98001511) in 0.000585 s
18,,1949,4004,46,,1949,0,,98002536,98001511,53000544,53000544,53000544,,1000004,2,@@

  handle_small_Steiner_degrees: steiner 0, suppress 1 in 4e-06 s
Starting round 19
Found 261 isolated vertices
Invalid ratios recomputed: 1946
Best ratio is 1000005/1 (1000005.0), centered at 268
Finding the best star... Star with 2 terminals centered in 2199
round took: 0.402272 s
|V| = 2207, |E| = 3994, |R| = 45
>>> get_solution
>>> get_solution
  refine_solution: new weight 98001519 (was 98002435) in 0.000647 s
  refine_solution: new weight 98001361 (was 98001519) in 0.000591 s
  refine_solution: new weight 98001349 (was 98001361) in 0.000591 s
  refine_solution: new weight 98001346 (was 98001349) in 0.000573 s
  refine_solution: new weight 98001346 (was 98001346) in 0.000577 s
19,,1946,3994,45,,1946,0,,98002435,98001346,54000549,54000549,54000549,,1000005,2,@@

  handle_small_Steiner_degrees: steiner 0, suppress 1 in 7e-06 s
Starting round 20
Found 267 isolated vertices
Invalid ratios recomputed: 1940
Best ratio is 1000006/1 (1000006.0), centered at 39
Finding the best star... Star with 2 terminals centered in 2133
round took: 0.400497 s
|V| = 2207, |E| = 3989, |R| = 44
>>> get_solution
>>> get_solution
  refine_solution: new weight 98001512 (was 98002460) in 0.000648 s
  refine_solution: new weight 98001359 (was 98001512) in 0.000587 s
  refine_solution: new weight 98001338 (was 98001359) in 0.000581 s
  refine_solution: new weight 98001328 (was 98001338) in 0.000569 s
  refine_solution: new weight 98001327 (was 98001328) in 0.000567 s
  refine_solution: new weight 98001327 (was 98001327) in 0.000568 s
20,,1940,3989,44,,1940,0,,98002460,98001327,55000555,55000555,55000555,,1000006,2,@@

  handle_small_Steiner_degrees: steiner 0, suppress 0 in 4e-06 s
Starting round 21
Found 269 isolated vertices
Invalid ratios recomputed: 1938
Best ratio is 1000008/1 (1000008.0), centered at 110
Finding the best star... Star with 2 terminals centered in 2150
round took: 0.401387 s
|V| = 2207, |E| = 3978, |R| = 43
>>> get_solution
>>> get_solution
  refine_solution: new weight 98001556 (was 98002258) in 0.000632 s
  refine_solution: new weight 98001522 (was 98001556) in 0.000586 s
  refine_solution: new weight 98001522 (was 98001522) in 0.000577 s
21,,1938,3978,43,,1938,0,,98002258,98001522,56000563,56000563,56000563,,1000008,2,@@

  handle_small_Steiner_degrees: steiner 0, suppress 0 in 4e-06 s
Starting round 22
Found 276 isolated vertices
Invalid ratios recomputed: 1931
Best ratio is 1000009/1 (1000009.0), centered at 129
Finding the best star... Star with 2 terminals centered in 2153
round took: 0.399721 s
|V| = 2207, |E| = 3970, |R| = 42
>>> get_solution
>>> get_solution
  refine_solution: new weight 98001500 (was 98002317) in 0.000634 s
  refine_solution: new weight 98001365 (was 98001500) in 0.000584 s
  refine_solution: new weight 98001360 (was 98001365) in 0.000577 s
  refine_solution: new weight 98001332 (was 98001360) in 0.000567 s
  refine_solution: new weight 98001329 (was 98001332) in 0.000566 s
  refine_solution: new weight 98001325 (was 98001329) in 0.000575 s
  refine_solution: new weight 98001325 (was 98001325) in 0.000566 s
22,,1931,3970,42,,1931,0,,98002317,98001325,57000572,57000572,57000572,,1000009,2,@@

  handle_small_Steiner_degrees: steiner 0, suppress 0 in 4e-06 s
Starting round 23
Found 280 isolated vertices
Invalid ratios recomputed: 1927
Best ratio is 1000010/1 (1000010.0), centered at 85
Finding the best star... Star with 2 terminals centered in 2144
round took: 0.399982 s
|V| = 2207, |E| = 3964, |R| = 41
>>> get_solution
>>> get_solution
  refine_solution: new weight 98001470 (was 98002252) in 0.000633 s
  refine_solution: new weight 98001329 (was 98001470) in 0.000585 s
  refine_solution: new weight 98001324 (was 98001329) in 0.000583 s
  refine_solution: new weight 98001321 (was 98001324) in 0.000571 s
  refine_solution: new weight 98001321 (was 98001321) in 0.000568 s
23,,1927,3964,41,,1927,0,,98002252,98001321,58000582,58000582,58000582,,1000010,2,@@

  handle_small_Steiner_degrees: steiner 0, suppress 0 in 4e-06 s
Starting round 24
Found 284 isolated vertices
Invalid ratios recomputed: 1923
Best ratio is 2000023/2 (1000011.5), centered at 275
Finding the best star... Star with 3 terminals centered in 2191
round took: 0.399998 s
|V| = 2207, |E| = 3950, |R| = 39
>>> get_solution
>>> get_solution
  refine_solution: new weight 98001498 (was 98002349) in 0.000628 s
  refine_solution: new weight 98001347 (was 98001498) in 0.000581 s
  refine_solution: new weight 98001341 (was 98001347) in 0.000584 s
  refine_solution: new weight 98001338 (was 98001341) in 0.00057 s
  refine_solution: new weight 98001338 (was 98001338) in 0.000563 s
24,,1923,3950,39,,1923,0,,98002349,98001338,60000605,60000605,60000605,,2000023,3,@@

  handle_small_Steiner_degrees: steiner 0, suppress 1 in 5e-06 s
Starting round 25
Found 295 isolated vertices
Invalid ratios recomputed: 1912
Best ratio is 1000012/1 (1000012.0), centered at 198
Finding the best star... Star with 2 terminals centered in 2178
round took: 0.396646 s
|V| = 2207, |E| = 3928, |R| = 38
>>> get_solution
>>> get_solution
  refine_solution: new weight 98001541 (was 98002290) in 0.000638 s
  refine_solution: new weight 98001369 (was 98001541) in 0.000583 s
  refine_solution: new weight 98001333 (was 98001369) in 0.000588 s
  refine_solution: new weight 98001321 (was 98001333) in 0.000569 s
  refine_solution: new weight 98001320 (was 98001321) in 0.000567 s
  refine_solution: new weight 98001320 (was 98001320) in 0.000555 s
25,,1912,3928,38,,1912,0,,98002290,98001320,61000617,61000617,61000617,,1000012,2,@@

  handle_small_Steiner_degrees: steiner 0, suppress 0 in 3e-06 s
Starting round 26
Found 307 isolated vertices
Invalid ratios recomputed: 1900
Best ratio is 3000041/3 (1000013.7), centered at 30
Finding the best star... Star with 4 terminals centered in 2135
round took: 0.393797 s
|V| = 2207, |E| = 3911, |R| = 35
>>> get_solution
>>> get_solution
  refine_solution: new weight 98001555 (was 98002326) in 0.000622 s
  refine_solution: new weight 98001397 (was 98001555) in 0.000574 s
  refine_solution: new weight 98001354 (was 98001397) in 0.000584 s
  refine_solution: new weight 98001333 (was 98001354) in 0.000567 s
  refine_solution: new weight 98001331 (was 98001333) in 0.00056 s
  refine_solution: new weight 98001328 (was 98001331) in 0.000564 s
  refine_solution: new weight 98001328 (was 98001328) in 0.000556 s
26,,1900,3911,35,,1900,0,,98002326,98001328,64000656,64000656,64000656,,3000041,4,@@

  handle_small_Steiner_degrees: steiner 0, suppress 0 in 3e-06 s
Starting round 27
Found 319 isolated vertices
Invalid ratios recomputed: 1888
Best ratio is 1000015/1 (1000015.0), centered at 4
Finding the best star... Star with 2 terminals centered in 2125
round took: 0.389749 s
|V| = 2207, |E| = 3896, |R| = 34
>>> get_solution
>>> get_solution
  refine_solution: new weight 98001615 (was 98002337) in 0.000627 s
  refine_solution: new weight 98001512 (was 98001615) in 0.000611 s
  refine_solution: new weight 98001500 (was 98001512) in 0.000569 s
  refine_solution: new weight 98001500 (was 98001500) in 0.000571 s
27,,1888,3896,34,,1888,0,,98002337,98001500,65000671,65000671,65000671,,1000015,2,@@

  handle_small_Steiner_degrees: steiner 0, suppress 0 in 3e-06 s
Starting round 28
Found 327 isolated vertices
Invalid ratios recomputed: 1880
Best ratio is 2000032/2 (1000016.0), centered at 1214
Finding the best star... Star with 3 terminals centered in 2174
round took: 0.386676 s
|V| = 2207, |E| = 3876, |R| = 32
>>> get_solution
>>> get_solution
  refine_solution: new weight 98001523 (was 98002215) in 0.000627 s
  refine_solution: new weight 98001344 (was 98001523) in 0.00059 s
  refine_solution: new weight 98001339 (was 98001344) in 0.00058 s
  refine_solution: new weight 98001321 (was 98001339) in 0.000571 s
  refine_solution: new weight 98001314 (was 98001321) in 0.000567 s
  refine_solution: new weight 98001314 (was 98001314) in 0.000568 s
28,,1880,3876,32,,1880,0,,98002215,98001314,67000703,67000703,67000703,,2000032,3,@@

  handle_small_Steiner_degrees: steiner 0, suppress 0 in 3e-06 s
Starting round 29
Found 341 isolated vertices
Invalid ratios recomputed: 1866
Best ratio is 4000073/4 (1000018.2), centered at 150
Finding the best star... Star with 5 terminals centered in 2147
round took: 0.381367 s
|V| = 2207, |E| = 3826, |R| = 28
>>> get_solution
>>> get_solution
  refine_solution: new weight 98001479 (was 98002162) in 0.000631 s
  refine_solution: new weight 98001344 (was 98001479) in 0.000589 s
  refine_solution: new weight 98001335 (was 98001344) in 0.000584 s
  refine_solution: new weight 98001317 (was 98001335) in 0.000571 s
  refine_solution: new weight 98001314 (was 98001317) in 0.000564 s
  refine_solution: new weight 98001310 (was 98001314) in 0.000563 s
  refine_solution: new weight 98001310 (was 98001310) in 0.000562 s
29,,1866,3826,28,,1866,0,,98002162,98001310,71000771,71000771,71000771,,4000073,5,@@

  handle_small_Steiner_degrees: steiner 0, suppress 5 in 1.5e-05 s
Starting round 30
Found 378 isolated vertices
Invalid ratios recomputed: 1829
Best ratio is 6000111/6 (1000018.5), centered at 1874
Finding the best star... Star with 7 terminals centered in 2158
round took: 0.371708 s
|V| = 2207, |E| = 3772, |R| = 22
>>> get_solution
>>> get_solution
  refine_solution: new weight 98001367 (was 98001782) in 0.000644 s
  refine_solution: new weight 98001317 (was 98001367) in 0.000608 s
  refine_solution: new weight 98001310 (was 98001317) in 0.000579 s
  refine_solution: new weight 98001304 (was 98001310) in 0.000578 s
  refine_solution: new weight 98001304 (was 98001304) in 0.000579 s
30,,1829,3772,22,,1829,0,,98001782,98001304,77000874,77000874,77000874,,6000111,7,@@

  handle_small_Steiner_degrees: steiner 0, suppress 3 in 1.4e-05 s
Starting round 31
Found 413 isolated vertices
Invalid ratios recomputed: 1794
Best ratio is 2000040/2 (1000020.0), centered at 102
Finding the best star... Star with 3 terminals centered in 2145
round took: 0.363604 s
|V| = 2207, |E| = 3745, |R| = 20
>>> get_solution
>>> get_solution
  refine_solution: new weight 98001430 (was 98001651) in 0.00064 s
  refine_solution: new weight 98001424 (was 98001430) in 0.000589 s
  refine_solution: new weight 98001423 (was 98001424) in 0.000586 s
  refine_solution: new weight 98001423 (was 98001423) in 0.000577 s
31,,1794,3745,20,,1794,0,,98001651,98001423,79000914,79000914,79000914,,2000040,3,@@

  handle_small_Steiner_degrees: steiner 0, suppress 1 in 7e-06 s
Starting round 32
Found 429 isolated vertices
Invalid ratios recomputed: 1778
Best ratio is 2000036/2 (1000018.0), centered at 70
Finding the best star... Star with 3 terminals centered in 2138
round took: 0.357867 s
|V| = 2207, |E| = 3725, |R| = 18
>>> get_solution
>>> get_solution
  refine_solution: new weight 98001538 (was 98001720) in 0.00063 s
  refine_solution: new weight 98001520 (was 98001538) in 0.000591 s
  refine_solution: new weight 98001516 (was 98001520) in 0.000585 s
  refine_solution: new weight 98001516 (was 98001516) in 0.000574 s
32,,1778,3725,18,,1778,0,,98001720,98001516,81000950,81000950,81000950,,2000036,3,@@

  handle_small_Steiner_degrees: steiner 0, suppress 0 in 2e-06 s
Starting round 33
Found 441 isolated vertices
Invalid ratios recomputed: 1766
Best ratio is 2000036/2 (1000018.0), centered at 31
Finding the best star... Star with 3 terminals centered in 2124
round took: 0.353897 s
|V| = 2207, |E| = 3709, |R| = 16
>>> get_solution
>>> get_solution
  refine_solution: new weight 98001538 (was 98001720) in 0.000631 s
  refine_solution: new weight 98001520 (was 98001538) in 0.000598 s
  refine_solution: new weight 98001516 (was 98001520) in 0.000586 s
  refine_solution: new weight 98001516 (was 98001516) in 0.000577 s
33,,1766,3709,16,,1766,0,,98001720,98001516,83000986,83000986,83000986,,2000036,3,@@

  handle_small_Steiner_degrees: steiner 0, suppress 0 in 3e-06 s
Starting round 34
Found 451 isolated vertices
Invalid ratios recomputed: 1756
Best ratio is 1000020/1 (1000020.0), centered at 278
Finding the best star... Star with 2 terminals centered in 2202
round took: 0.34965 s
|V| = 2207, |E| = 3702, |R| = 15
>>> get_solution
>>> get_solution
  refine_solution: new weight 98001425 (was 98001724) in 0.000629 s
  refine_solution: new weight 98001357 (was 98001425) in 0.000595 s
  refine_solution: new weight 98001313 (was 98001357) in 0.000584 s
  refine_solution: new weight 98001313 (was 98001313) in 0.000574 s
34,,1756,3702,15,,1756,0,,98001724,98001313,84001006,84001006,84001006,,1000020,2,@@

  handle_small_Steiner_degrees: steiner 0, suppress 0 in 3e-06 s
Starting round 35
Found 456 isolated vertices
Invalid ratios recomputed: 1751
Best ratio is 1000021/1 (1000021.0), centered at 180
Finding the best star... Star with 2 terminals centered in 2172
round took: 0.348144 s
|V| = 2207, |E| = 3691, |R| = 14
>>> get_solution
>>> get_solution
  refine_solution: new weight 98001559 (was 98001662) in 0.000629 s
  refine_solution: new weight 98001528 (was 98001559) in 0.000598 s
  refine_solution: new weight 98001511 (was 98001528) in 0.000585 s
  refine_solution: new weight 98001511 (was 98001511) in 0.000571 s
35,,1751,3691,14,,1751,0,,98001662,98001511,85001027,85001027,85001027,,1000021,2,@@

  handle_small_Steiner_degrees: steiner 0, suppress 0 in 3e-06 s
Starting round 36
Found 463 isolated vertices
Invalid ratios recomputed: 1744
Best ratio is 4000085/4 (1000021.2), centered at 194
Finding the best star... Star with 5 terminals centered in 2183
round took: 0.346429 s
|V| = 2207, |E| = 3663, |R| = 10
>>> get_solution
>>> get_solution
  refine_solution: new weight 98001387 (was 98001460) in 0.000631 s
  refine_solution: new weight 98001331 (was 98001387) in 0.000588 s
  refine_solution: new weight 98001313 (was 98001331) in 0.00058 s
  refine_solution: new weight 98001313 (was 98001313) in 0.000567 s
36,,1744,3663,10,,1744,0,,98001460,98001313,89001111,89001111,89001111,,4000085,5,@@

  handle_small_Steiner_degrees: steiner 0, suppress 2 in 1e-05 s
Starting round 37
Found 481 isolated vertices
Invalid ratios recomputed: 1726
Best ratio is 2000034/2 (1000017.0), centered at 163
Finding the best star... Star with 3 terminals centered in 2164
round took: 0.342684 s
|V| = 2207, |E| = 3642, |R| = 8
>>> get_solution
>>> get_solution
  refine_solution: new weight 98001333 (was 98001336) in 0.000605 s
  refine_solution: new weight 98001327 (was 98001333) in 0.000593 s
  refine_solution: new weight 98001311 (was 98001327) in 0.000585 s
  refine_solution: new weight 98001311 (was 98001311) in 0.000577 s
37,,1726,3642,8,,1726,0,,98001336,98001311,91001145,91001145,91001145,,2000034,3,@@

  handle_small_Steiner_degrees: steiner 0, suppress 4 in 2e-05 s
Starting round 38
Found 496 isolated vertices
Invalid ratios recomputed: 1711
Best ratio is 2000036/2 (1000018.0), centered at 242
Finding the best star... Star with 3 terminals centered in 2200
round took: 0.337233 s
|V| = 2207, |E| = 3627, |R| = 6
>>> get_solution
>>> get_solution
  refine_solution: new weight 98001315 (was 98001318) in 0.000612 s
  refine_solution: new weight 98001293 (was 98001315) in 0.000588 s
  refine_solution: new weight 98001293 (was 98001293) in 0.000595 s
38,,1711,3627,6,,1711,0,,98001318,98001293,93001181,93001181,93001181,,2000036,3,@@

  handle_small_Steiner_degrees: steiner 0, suppress 0 in 3e-06 s
Starting round 39
Found 502 isolated vertices
Invalid ratios recomputed: 1705
Best ratio is 2000042/2 (1000021.0), centered at 94
Finding the best star... Star with 3 terminals centered in 2146
round took: 0.335256 s
|V| = 2207, |E| = 3605, |R| = 4
>>> get_solution
>>> get_solution
  refine_solution: new weight 98001299 (was 98001302) in 0.000607 s
  refine_solution: new weight 98001293 (was 98001299) in 0.000587 s
  refine_solution: new weight 98001293 (was 98001293) in 0.00058 s
39,,1705,3605,4,,1705,0,,98001302,98001293,95001223,95001223,95001223,,2000042,3,@@

  handle_small_Steiner_degrees: steiner 0, suppress 1 in 4e-06 s
Starting round 40
Found 515 isolated vertices
Invalid ratios recomputed: 1692
Best ratio is 1000021/1 (1000021.0), centered at 60
Finding the best star... Star with 2 terminals centered in 2139
round took: 0.329829 s
|V| = 2207, |E| = 3595, |R| = 3
>>> get_solution
>>> get_solution
  refine_solution: new weight 98001299 (was 98001302) in 0.000607 s
  refine_solution: new weight 98001293 (was 98001299) in 0.000588 s
  refine_solution: new weight 98001293 (was 98001293) in 0.000577 s
40,,1692,3595,3,,1692,0,,98001302,98001293,96001244,96001244,96001244,,1000021,2,@@

  handle_small_Steiner_degrees: steiner 0, suppress 0 in 3e-06 s
Starting round 41
Found 520 isolated vertices
Invalid ratios recomputed: 1687
Best ratio is 1000028/1 (1000028.0), centered at 76
Finding the best star... Star with 2 terminals centered in 2142
round took: 0.326988 s
|V| = 2207, |E| = 3588, |R| = 2
>>> get_solution
>>> get_solution
  refine_solution: new weight 98001299 (was 98001302) in 0.00061 s
  refine_solution: new weight 98001293 (was 98001299) in 0.000584 s
  refine_solution: new weight 98001293 (was 98001293) in 0.00058 s
41,,1687,3588,2,,1687,0,,98001302,98001293,97001272,97001272,97001272,,1000028,2,@@

  handle_small_Steiner_degrees: steiner 0, suppress 1 in 6e-06 s
Starting round 42
Found 526 isolated vertices
Invalid ratios recomputed: 1681
Best ratio is 1000030/1 (1000030.0), centered at 282
Finding the best star... Star with 2 terminals centered in 2203
round took: 0.323277 s
|V| = 2207, |E| = 3575, |R| = 1
>>> get_solution
>>> get_solution
  refine_solution: new weight 98001299 (was 98001302) in 0.000607 s
  refine_solution: new weight 98001293 (was 98001299) in 0.000587 s
  refine_solution: new weight 98001293 (was 98001293) in 0.000582 s
42,,1681,3575,1,,1681,0,,98001302,98001293,98001302,98001302,98001302,,1000030,2,@@

  handle_small_Steiner_degrees: steiner 0, suppress 3 in 7e-06 s
contract_till_the_bitter_end: 13.8908 s

Calling end_heu
>>> get_solution
Saved weight 29000021
DŽ: 98001302 -> 98001247
  BEST solution improved 98001302 -> 98001247 (vert_size 0, round 1) *
  BEST solution improved 98001247 -> 98001246 (vert_size 3, round 2)
  BEST solution improved 98001246 -> 98001245 (vert_size 7, round 40) *
  BEST solution improved 98001245 -> 98001242 (vert_size 4, round 52) *
  BEST solution improved 98001242 -> 98001241 (vert_size 3, round 141) *
  BEST solution improved 98001241 -> 98001238 (vert_size 2, round 146)
  BEST solution improved 98001238 -> 98001237 (vert_size 4, round 147)
  BEST solution improved 98001237 -> 98001236 (vert_size 3, round 235) *
  BEST solution improved 98001236 -> 98001235 (vert_size 4, round 239)
  BEST solution improved 98001235 -> 98001234 (vert_size 7, round 322) *
DŽ: 98001234 -> 98001230
  BEST solution improved 98001234 -> 98001230 (vert_size 0, round 1001) *
  BEST solution improved 98001230 -> 98001229 (vert_size 7, round 1066) *
DŽ: 98001229 -> 98001229
DŽ: 98001229 -> 98001231
DŽ: 98001229 -> 98001229
DŽ: 98001229 -> 98001229
DŽ: 98001229 -> 98001229
DŽ: 98001229 -> 98001229
DŽ: 98001229 -> 98001229
DŽ: 98001229 -> 98001229
DŽ: 98001229 -> 98001229
DŽ: 98001229 -> 98001229
DŽ: 98001229 -> 98001229
DŽ: 98001229 -> 98001231
DŽ: 98001229 -> 98001229
DŽ: 98001229 -> 98001229
DŽ: 98001229 -> 98001229
DŽ: 98001229 -> 98001229
DŽ: 98001229 -> 98001229
DŽ: 98001229 -> 98001230
DŽ: 98001229 -> 98001229
DŽ: 98001230 -> 98001230
DŽ: 98001230 -> 98001230
DŽ: 98001229 -> 98001229
DŽ: 98001230 -> 98001230
DŽ: 98001230 -> 98001230
DŽ: 98001230 -> 98001234
DŽ: 98001229 -> 98001229
DŽ: 98001229 -> 98001231
DŽ: 98001230 -> 98001230
DŽ: 98001232 -> 98001229
  BEST solution improved 98001229 -> 98001228 (vert_size 4, round 30169) *
  BEST solution improved 98001228 -> 98001227 (vert_size 7, round 30200) *
  BEST solution improved 98001227 -> 98001226 (vert_size 7, round 30209) *
DŽ: 98001226 -> 98001226
DŽ: 98001226 -> 98001230
DŽ: 98001226 -> 98001226
DŽ: 98001230 -> 98001230
DŽ: 98001229 -> 98001229
DŽ: 98001226 -> 98001226
DŽ: 98001226 -> 98001226
DŽ: 98001226 -> 98001228
DŽ: 98001226 -> 98001226
DŽ: 98001226 -> 98001228
DŽ: 98001226 -> 98001227
DŽ: 98001226 -> 98001227
DŽ: 98001227 -> 98001227
DŽ: 98001226 -> 98001226
DŽ: 98001227 -> 98001227
DŽ: 98001226 -> 98001227
DŽ: 98001226 -> 98001226
DŽ: 98001226 -> 98001226
DŽ: 98001226 -> 98001226
DŽ: 98001227 -> 98001231
DŽ: 98001226 -> 98001226
DŽ: 98001226 -> 98001227
DŽ: 98001226 -> 98001226
DŽ: 98001226 -> 98001226
DŽ: 98001227 -> 98001226
DŽ: 98001226 -> 98001226
DŽ: 98001226 -> 98001226
DŽ: 98001226 -> 98001230
DŽ: 98001226 -> 98001226
DŽ: 98001226 -> 98001227
DŽ: 98001226 -> 98001226
DŽ: 98001226 -> 98001226
DŽ: 98001226 -> 98001230
DŽ: 98001226 -> 98001227
DŽ: 98001226 -> 98001226
DŽ: 98001230 -> 98001231
DŽ: 98001226 -> 98001226
DŽ: 98001226 -> 98001226
DŽ: 98001226 -> 98001226
DŽ: 98001226 -> 98001226
DŽ: 98001226 -> 98001226
DŽ: 98001226 -> 98001232
DŽ: 98001226 -> 98001226
DŽ: 98001226 -> 98001232
DŽ: 98001227 -> 98001230
DŽ: 98001230 -> 98001230
DŽ: 98001226 -> 98001226
DŽ: 98001226 -> 98001226
DŽ: 98001230 -> 98001230
DŽ: 98001226 -> 98001229
DŽ: 98001226 -> 98001226
DŽ: 98001228 -> 98001231
DŽ: 98001226 -> 98001226
DŽ: 98001226 -> 98001226
DŽ: 98001226 -> 98001226
DŽ: 98001226 -> 98001226
DŽ: 98001226 -> 98001226
DŽ: 98001226 -> 98001227
DŽ: 98001226 -> 98001226
DŽ: 98001226 -> 98001226
DŽ: 98001226 -> 98001226
DŽ: 98001226 -> 98001226
DŽ: 98001226 -> 98001226
DŽ: 98001226 -> 98001226
DŽ: 98001226 -> 98001226
DŽ: 98001226 -> 98001226
DŽ: 98001226 -> 98001226
DŽ: 98001226 -> 98001226
DŽ: 98001226 -> 98001226
DŽ: 98001226 -> 98001226
DŽ: 98001230 -> 98001230
DŽ: 98001226 -> 98001226
DŽ: 98001226 -> 98001227
DŽ: 98001226 -> 98001226
DŽ: 98001226 -> 98001226
DŽ: 98001227 -> 98001227
DŽ: 98001226 -> 98001226
DŽ: 98001226 -> 98001226
DŽ: 98001226 -> 98001226
DŽ: 98001226 -> 98001226
DŽ: 98001226 -> 98001226
DŽ: 98001226 -> 98001227
DŽ: 98001226 -> 98001226
DŽ: 98001226 -> 98001227
DŽ: 98001227 -> 98001227
DŽ: 98001226 -> 98001226
DŽ: 98001227 -> 98001227
DŽ: 98001227 -> 98001227
DŽ: 98001226 -> 98001226
DŽ: 98001226 -> 98001228
DŽ: 98001226 -> 98001236
DŽ: 98001230 -> 98001228
DŽ: 98001227 -> 98001227
DŽ: 98001226 -> 98001226
DŽ: 98001226 -> 98001226
DŽ: 98001226 -> 98001228
DŽ: 98001226 -> 98001227
DŽ: 98001226 -> 98001226
DŽ: 98001229 -> 98001231
DŽ: 98001226 -> 98001226
DŽ: 98001226 -> 98001226
DŽ: 98001226 -> 98001226
DŽ: 98001231 -> 98001232
DŽ: 98001226 -> 98001226
DŽ: 98001229 -> 98001232
DŽ: 98001232 -> 98001229
DŽ: 98001227 -> 98001227
DŽ: 98001226 -> 98001226
DŽ: 98001226 -> 98001226
DŽ: 98001226 -> 98001226
DŽ: 98001226 -> 98001226
DŽ: 98001226 -> 98001241
DŽ: 98001227 -> 98001226
DŽ: 98001228 -> 98001227
DŽ: 98001226 -> 98001226
DŽ: 98001228 -> 98001227
DŽ: 98001226 -> 98001226
DŽ: 98001230 -> 98001232
DŽ: 98001232 -> 98001234
DŽ: 98001230 -> 98001230
DŽ: 98001230 -> 98001237
DŽ: 98001226 -> 98001226
DŽ: 98001226 -> 98001226
DŽ: 98001226 -> 98001230
DŽ: 98001226 -> 98001226
DŽ: 98001226 -> 98001230
DŽ: 98001226 -> 98001226
DŽ: 98001230 -> 98001230
DŽ: 98001226 -> 98001226
DŽ: 98001230 -> 98001230
DŽ: 98001230 -> 98001231
DŽ: 98001230 -> 98001230
DŽ: 98001230 -> 98001230
DŽ: 98001226 -> 98001227
DŽ: 98001226 -> 98001226
DŽ: 98001227 -> 98001228
DŽ: 98001230 -> 98001230
DŽ: 98001226 -> 98001226
DŽ: 98001226 -> 98001226
DŽ: 98001226 -> 98001226
DŽ: 98001229 -> 98001229
DŽ: 98001227 -> 98001231
DŽ: 98001226 -> 98001226
DŽ: 98001229 -> 98001231
DŽ: 98001230 -> 98001233
DŽ: 98001230 -> 98001233
DŽ: 98001226 -> 98001226
DŽ: 98001230 -> 98001230
DŽ: 98001226 -> 98001226
DŽ: 98001226 -> 98001227
DŽ: 98001226 -> 98001226
DŽ: 98001230 -> 98001230
DŽ: 98001227 -> 98001227
DŽ: 98001226 -> 98001226
DŽ: 98001226 -> 98001226
DŽ: 98001226 -> 98001226
DŽ: 98001226 -> 98001226
DŽ: 98001226 -> 98001226
DŽ: 98001226 -> 98001226
DŽ: 98001226 -> 98001227
DŽ: 98001226 -> 98001226
DŽ: 98001226 -> 98001226
DŽ: 98001226 -> 98001230
DŽ: 98001230 -> 98001231
DŽ: 98001226 -> 98001227
DŽ: 98001227 -> 98001227
DŽ: 98001231 -> 98001231
DŽ: 98001230 -> 98001230
DŽ: 98001230 -> 98001230
DŽ: 98001226 -> 98001226
DŽ: 98001226 -> 98001226
DŽ: 98001226 -> 98001226
DŽ: 98001230 -> 98001230
DŽ: 98001226 -> 98001227
DŽ: 98001229 -> 98001232
DŽ: 98001226 -> 98001226
DŽ: 98001226 -> 98001226
DŽ: 98001226 -> 98001230
DŽ: 98001226 -> 98001226
DŽ: 98001230 -> 98001230
DŽ: 98001226 -> 98001226
DŽ: 98001230 -> 98001230
DŽ: 98001230 -> 98001230
DŽ: 98001229 -> 98001229
DŽ: 98001229 -> 98001229
DŽ: 98001233 -> 98001233
DŽ: 98001233 -> 98001235
DŽ: 98001230 -> 98001230
DŽ: 98001230 -> 98001229
DŽ: 98001231 -> 98001235
DŽ: 98001230 -> 98001231
DŽ: 98001229 -> 98001231
DŽ: 98001230 -> 98001230
DŽ: 98001230 -> 98001230
DŽ: 98001230 -> 98001230
DŽ: 98001231 -> 98001231
DŽ: 98001230 -> 98001230
DŽ: 98001230 -> 98001232
DŽ: 98001230 -> 98001231
DŽ: 98001226 -> 98001226
DŽ: 98001230 -> 98001230
DŽ: 98001226 -> 98001226
DŽ: 98001226 -> 98001226
DŽ: 98001230 -> 98001230
DŽ: 98001226 -> 98001226
DŽ: 98001230 -> 98001230
DŽ: 98001226 -> 98001226
DŽ: 98001227 -> 98001227
DŽ: 98001226 -> 98001226
DŽ: 98001227 -> 98001227
DŽ: 98001226 -> 98001226
DŽ: 98001226 -> 98001226
DŽ: 98001226 -> 98001227
DŽ: 98001226 -> 98001226
DŽ: 98001226 -> 98001228
DŽ: 98001226 -> 98001226
DŽ: 98001227 -> 98001227
DŽ: 98001226 -> 98001226
DŽ: 98001226 -> 98001226
DŽ: 98001226 -> 98001227
DŽ: 98001226 -> 98001226
DŽ: 98001226 -> 98001226
DŽ: 98001226 -> 98001226
DŽ: 98001226 -> 98001226
DŽ: 98001230 -> 98001231
DŽ: 98001231 -> 98001231
DŽ: 98001227 -> 98001227
DŽ: 98001231 -> 98001231
DŽ: 98001227 -> 98001227
DŽ: 98001231 -> 98001232
DŽ: 98001232 -> 98001234
DŽ: 98001226 -> 98001226
DŽ: 98001232 -> 98001238
DŽ: 98001232 -> 98001232
DŽ: 98001238 -> 98001238
DŽ: 98001226 -> 98001226
DŽ: 98001226 -> 98001227
DŽ: 98001227 -> 98001227
DŽ: 98001227 -> 98001228
DŽ: 98001226 -> 98001226
DŽ: 98001228 -> 98001228
DŽ: 98001228 -> 98001229
DŽ: 98001229 -> 98001229
DŽ: 98001229 -> 98001229
DŽ: 98001228 -> 98001228
DŽ: 98001226 -> 98001226
DŽ: 98001226 -> 98001226
DŽ: 98001226 -> 98001226
DŽ: 98001226 -> 98001226
DŽ: 98001231 -> 98001231
DŽ: 98001230 -> 98001230
DŽ: 98001226 -> 98001226
DŽ: 98001226 -> 98001226
DŽ: 98001226 -> 98001226
DŽ: 98001226 -> 98001225
  BEST solution improved 98001226 -> 98001225 (vert_size 0, round 285001) *
DŽ: 98001225 -> 98001225
DŽ: 98001225 -> 98001225
DŽ: 98001230 -> 98001230
DŽ: 98001225 -> 98001225
DŽ: 98001227 -> 98001231
DŽ: 98001231 -> 98001231
DŽ: 98001225 -> 98001225
DŽ: 98001231 -> 98001232
DŽ: 98001225 -> 98001225
DŽ: 98001225 -> 98001225
DŽ: 98001225 -> 98001225
DŽ: 98001225 -> 98001225
DŽ: 98001225 -> 98001226
DŽ: 98001225 -> 98001225
DŽ: 98001225 -> 98001226
DŽ: 98001226 -> 98001226
DŽ: 98001225 -> 98001225
DŽ: 98001226 -> 98001226
DŽ: 98001225 -> 98001225
DŽ: 98001226 -> 98001226
DŽ: 98001225 -> 98001225
DŽ: 98001230 -> 98001230
DŽ: 98001225 -> 98001225
DŽ: 98001227 -> 98001227
DŽ: 98001227 -> 98001227
DŽ: 98001227 -> 98001227
DŽ: 98001227 -> 98001227
DŽ: 98001226 -> 98001226
DŽ: 98001225 -> 98001225
DŽ: 98001225 -> 98001225
DŽ: 98001226 -> 98001231
DŽ: 98001225 -> 98001225
DŽ: 98001231 -> 98001233
DŽ: 98001225 -> 98001225
DŽ: 98001225 -> 98001225
DŽ: 98001225 -> 98001225
DŽ: 98001231 -> 98001231
DŽ: 98001225 -> 98001225
DŽ: 98001231 -> 98001231
DŽ: 98001225 -> 98001225
DŽ: 98001230 -> 98001230
DŽ: 98001230 -> 98001230
DŽ: 98001230 -> 98001230
DŽ: 98001230 -> 98001230
DŽ: 98001225 -> 98001225
DŽ: 98001230 -> 98001231
DŽ: 98001225 -> 98001226
DŽ: 98001233 -> 98001233
DŽ: 98001232 -> 98001232
DŽ: 98001230 -> 98001230
DŽ: 98001230 -> 98001230
DŽ: 98001230 -> 98001230
DŽ: 98001227 -> 98001230
DŽ: 98001225 -> 98001225
DŽ: 98001225 -> 98001225
DŽ: 98001230 -> 98001230
DŽ: 98001230 -> 98001231
DŽ: 98001230 -> 98001234
DŽ: 98001230 -> 98001230
DŽ: 98001225 -> 98001225
DŽ: 98001226 -> 98001226
DŽ: 98001225 -> 98001240
DŽ: 98001232 -> 98001231
DŽ: 98001225 -> 98001225
DŽ: 98001226 -> 98001226
DŽ: 98001226 -> 98001226
DŽ: 98001232 -> 98001232
DŽ: 98001229 -> 98001232
DŽ: 98001231 -> 98001231
DŽ: 98001231 -> 98001231
DŽ: 98001227 -> 98001229
DŽ: 98001226 -> 98001226
DŽ: 98001226 -> 98001226
DŽ: 98001226 -> 98001226
DŽ: 98001233 -> 98001231
DŽ: 98001227 -> 98001229
DŽ: 98001231 -> 98001232
DŽ: 98001227 -> 98001226
DŽ: 98001225 -> 98001225
DŽ: 98001225 -> 98001225
DŽ: 98001228 -> 98001228
DŽ: 98001225 -> 98001225
DŽ: 98001227 -> 98001227
DŽ: 98001227 -> 98001226
DŽ: 98001227 -> 98001227
DŽ: 98001227 -> 98001228
DŽ: 98001227 -> 98001230
DŽ: 98001225 -> 98001225
DŽ: 98001226 -> 98001226
DŽ: 98001225 -> 98001225
DŽ: 98001230 -> 98001231
DŽ: 98001225 -> 98001225
DŽ: 98001226 -> 98001226
DŽ: 98001227 -> 98001234
DŽ: 98001230 -> 98001231
DŽ: 98001225 -> 98001225
DŽ: 98001230 -> 98001231
DŽ: 98001231 -> 98001231
DŽ: 98001231 -> 98001231
DŽ: 98001231 -> 98001231
DŽ: 98001230 -> 98001230
DŽ: 98001230 -> 98001233
DŽ: 98001229 -> 98001229
DŽ: 98001229 -> 98001230
DŽ: 98001225 -> 98001225
DŽ: 98001229 -> 98001240
DŽ: 98001225 -> 98001225
DŽ: 98001230 -> 98001230
DŽ: 98001225 -> 98001226
DŽ: 98001227 -> 98001225
DŽ: 98001225 -> 98001225
DŽ: 98001227 -> 98001227
DŽ: 98001225 -> 98001225
DŽ: 98001225 -> 98001225
DŽ: 98001225 -> 98001225
DŽ: 98001230 -> 98001232
DŽ: 98001225 -> 98001225
DŽ: 98001226 -> 98001227
DŽ: 98001225 -> 98001225
DŽ: 98001225 -> 98001226
DŽ: 98001226 -> 98001230
DŽ: 98001225 -> 98001225
DŽ: 98001225 -> 98001225
DŽ: 98001232 -> 98001232
DŽ: 98001230 -> 98001230
DŽ: 98001230 -> 98001231
DŽ: 98001232 -> 98001233
DŽ: 98001230 -> 98001230
DŽ: 98001226 -> 98001226
DŽ: 98001227 -> 98001227
DŽ: 98001225 -> 98001225
DŽ: 98001230 -> 98001230
DŽ: 98001230 -> 98001230
DŽ: 98001225 -> 98001225
DŽ: 98001227 -> 98001228
DŽ: 98001225 -> 98001225
DŽ: 98001228 -> 98001227
DŽ: 98001225 -> 98001228
DŽ: 98001226 -> 98001228
DŽ: 98001227 -> 98001227
DŽ: 98001226 -> 98001231
DŽ: 98001231 -> 98001231
DŽ: 98001225 -> 98001225
DŽ: 98001225 -> 98001226
DŽ: 98001230 -> 98001230
DŽ: 98001225 -> 98001225
DŽ: 98001226 -> 98001230
DŽ: 98001228 -> 98001229
DŽ: 98001226 -> 98001228
DŽ: 98001230 -> 98001236
DŽ: 98001229 -> 98001229
DŽ: 98001229 -> 98001229
DŽ: 98001226 -> 98001231
DŽ: 98001230 -> 98001230
DŽ: 98001225 -> 98001225
DŽ: 98001227 -> 98001227
DŽ: 98001227 -> 98001227
DŽ: 98001226 -> 98001227
DŽ: 98001226 -> 98001226
DŽ: 98001227 -> 98001229
DŽ: 98001227 -> 98001227
DŽ: 98001230 -> 98001230
DŽ: 98001225 -> 98001225
DŽ: 98001230 -> 98001230
DŽ: 98001230 -> 98001230
DŽ: 98001230 -> 98001231
DŽ: 98001231 -> 98001230
DŽ: 98001225 -> 98001225
DŽ: 98001225 -> 98001225
DŽ: 98001227 -> 98001228
DŽ: 98001225 -> 98001225
DŽ: 98001229 -> 98001231
DŽ: 98001225 -> 98001225
DŽ: 98001225 -> 98001225
DŽ: 98001226 -> 98001226
DŽ: 98001226 -> 98001226
DŽ: 98001226 -> 98001226
DŽ: 98001230 -> 98001231
DŽ: 98001228 -> 98001229
DŽ: 98001226 -> 98001226
DŽ: 98001230 -> 98001230
DŽ: 98001226 -> 98001226
DŽ: 98001230 -> 98001230
DŽ: 98001225 -> 98001225
DŽ: 98001225 -> 98001225
DŽ: 98001227 -> 98001226
DŽ: 98001225 -> 98001225
DŽ: 98001226 -> 98001225
DŽ: 98001225 -> 98001225
DŽ: 98001230 -> 98001230
DŽ: 98001226 -> 98001226
DŽ: 98001232 -> 98001236
DŽ: 98001236 -> 98001235
DŽ: 98001235 -> 98001234
DŽ: 98001226 -> 98001227
DŽ: 98001225 -> 98001225
DŽ: 98001227 -> 98001227
DŽ: 98001226 -> 98001227
DŽ: 98001227 -> 98001227
DŽ: 98001226 -> 98001230
DŽ: 98001225 -> 98001225
DŽ: 98001232 -> 98001232
DŽ: 98001230 -> 98001240
DŽ: 98001227 -> 98001227
DŽ: 98001227 -> 98001229
DŽ: 98001228 -> 98001227
DŽ: 98001227 -> 98001227
DŽ: 98001227 -> 98001233
DŽ: 98001225 -> 98001225
DŽ: 98001232 -> 98001232
DŽ: 98001230 -> 98001230
DŽ: 98001225 -> 98001225
DŽ: 98001225 -> 98001225
DŽ: 98001231 -> 98001235
DŽ: 98001228 -> 98001227
DŽ: 98001225 -> 98001225
DŽ: 98001233 -> 98001234
DŽ: 98001225 -> 98001225
DŽ: 98001226 -> 98001226
DŽ: 98001226 -> 98001226
DŽ: 98001225 -> 98001225
DŽ: 98001225 -> 98001225
DŽ: 98001225 -> 98001229
DŽ: 98001230 -> 98001231
DŽ: 98001230 -> 98001236
DŽ: 98001230 -> 98001230
DŽ: 98001225 -> 98001225
DŽ: 98001225 -> 98001225
DŽ: 98001230 -> 98001230
DŽ: 98001230 -> 98001230
DŽ: 98001227 -> 98001229
DŽ: 98001230 -> 98001230
DŽ: 98001227 -> 98001230
DŽ: 98001227 -> 98001226
DŽ: 98001225 -> 98001225
DŽ: 98001225 -> 98001225
DŽ: 98001225 -> 98001225
DŽ: 98001227 -> 98001227
DŽ: 98001227 -> 98001229
DŽ: 98001225 -> 98001225
DŽ: 98001225 -> 98001225
DŽ: 98001227 -> 98001227
DŽ: 98001227 -> 98001227
DŽ: 98001231 -> 98001231
DŽ: 98001225 -> 98001225
DŽ: 98001225 -> 98001225
DŽ: 98001230 -> 98001230
DŽ: 98001225 -> 98001225
DŽ: 98001225 -> 98001225
DŽ: 98001235 -> 98001235
DŽ: 98001230 -> 98001233
DŽ: 98001227 -> 98001227
DŽ: 98001227 -> 98001227
DŽ: 98001227 -> 98001227
DŽ: 98001225 -> 98001225
DŽ: 98001227 -> 98001227
DŽ: 98001231 -> 98001231
DŽ: 98001227 -> 98001227
DŽ: 98001230 -> 98001230
DŽ: 98001229 -> 98001229
DŽ: 98001225 -> 98001225
DŽ: 98001225 -> 98001225
DŽ: 98001226 -> 98001226
DŽ: 98001227 -> 98001226
DŽ: 98001226 -> 98001226
DŽ: 98001226 -> 98001226
DŽ: 98001230 -> 98001230
DŽ: 98001227 -> 98001227
DŽ: 98001232 -> 98001232
DŽ: 98001225 -> 98001225
DŽ: 98001225 -> 98001225
DŽ: 98001229 -> 98001236
DŽ: 98001225 -> 98001225
DŽ: 98001230 -> 98001231
DŽ: 98001226 -> 98001226
DŽ: 98001225 -> 98001225
DŽ: 98001227 -> 98001227
DŽ: 98001225 -> 98001225
DŽ: 98001230 -> 98001231
DŽ: 98001225 -> 98001225
DŽ: 98001225 -> 98001229
DŽ: 98001225 -> 98001225
DŽ: 98001227 -> 98001229
DŽ: 98001227 -> 98001233
DŽ: 98001225 -> 98001225
DŽ: 98001225 -> 98001227
DŽ: 98001225 -> 98001225
DŽ: 98001227 -> 98001227
DŽ: 98001232 -> 98001232
DŽ: 98001227 -> 98001227
DŽ: 98001225 -> 98001225
DŽ: 98001225 -> 98001225
DŽ: 98001231 -> 98001231
DŽ: 98001226 -> 98001231
DŽ: 98001226 -> 98001230
DŽ: 98001225 -> 98001225
DŽ: 98001225 -> 98001226
DŽ: 98001227 -> 98001227
DŽ: 98001225 -> 98001225
DŽ: 98001231 -> 98001231
DŽ: 98001226 -> 98001226
DŽ: 98001226 -> 98001226
DŽ: 98001225 -> 98001225
DŽ: 98001225 -> 98001225
DŽ: 98001225 -> 98001225
DŽ: 98001229 -> 98001229
DŽ: 98001225 -> 98001225
DŽ: 98001230 -> 98001230
DŽ: 98001225 -> 98001225
DŽ: 98001229 -> 98001235
DŽ: 98001230 -> 98001230
DŽ: 98001230 -> 98001231
DŽ: 98001225 -> 98001225
DŽ: 98001230 -> 98001229
DŽ: 98001225 -> 98001225
DŽ: 98001225 -> 98001225
DŽ: 98001225 -> 98001226
DŽ: 98001227 -> 98001227
DŽ: 98001225 -> 98001225
DŽ: 98001225 -> 98001225
DŽ: 98001225 -> 98001225
DŽ: 98001227 -> 98001231
DŽ: 98001225 -> 98001225
DŽ: 98001225 -> 98001225
DŽ: 98001226 -> 98001226
DŽ: 98001229 -> 98001229
DŽ: 98001225 -> 98001225
DŽ: 98001229 -> 98001230
DŽ: 98001230 -> 98001234
DŽ: 98001230 -> 98001230
DŽ: 98001230 -> 98001230
DŽ: 98001230 -> 98001229
DŽ: 98001226 -> 98001226
DŽ: 98001227 -> 98001227
DŽ: 98001225 -> 98001225
DŽ: 98001225 -> 98001229
DŽ: 98001225 -> 98001225
DŽ: 98001230 -> 98001230

 start over 623495 loops 685 unique solutions 
Original + vert_size 0 
DŽ: 98001302 -> 98001247
DŽ: 98001230 -> 98001230
DŽ: 98001226 -> 98001227
DŽ: 98001227 -> 98001227
DŽ: 98001236 -> 98001233
DŽ: 98001227 -> 98001227
DŽ: 98001225 -> 98001225
DŽ: 98001227 -> 98001230
DŽ: 98001225 -> 98001225
DŽ: 98001225 -> 98001227
DŽ: 98001227 -> 98001228
DŽ: 98001225 -> 98001225
DŽ: 98001225 -> 98001226
DŽ: 98001227 -> 98001228
DŽ: 98001226 -> 98001225
DŽ: 98001225 -> 98001225
DŽ: 98001225 -> 98001230
DŽ: 98001225 -> 98001226
DŽ: 98001225 -> 98001225
DŽ: 98001225 -> 98001234
DŽ: 98001228 -> 98001226
DŽ: 98001230 -> 98001230
DŽ: 98001225 -> 98001225
DŽ: 98001229 -> 98001230
DŽ: 98001225 -> 98001225
DŽ: 98001230 -> 98001230
DŽ: 98001230 -> 98001230
DŽ: 98001230 -> 98001230
DŽ: 98001230 -> 98001230
DŽ: 98001230 -> 98001231
DŽ: 98001225 -> 98001225
DŽ: 98001230 -> 98001232
DŽ: 98001225 -> 98001226
DŽ: 98001230 -> 98001230
DŽ: 98001226 -> 98001228
DŽ: 98001226 -> 98001227
DŽ: 98001227 -> 98001226
DŽ: 98001225 -> 98001225
DŽ: 98001225 -> 98001225
DŽ: 98001228 -> 98001229
DŽ: 98001225 -> 98001225
DŽ: 98001226 -> 98001227
DŽ: 98001225 -> 98001225
DŽ: 98001227 -> 98001231
DŽ: 98001230 -> 98001230
DŽ: 98001227 -> 98001227
DŽ: 98001230 -> 98001230
DŽ: 98001225 -> 98001225
DŽ: 98001225 -> 98001225
DŽ: 98001225 -> 98001225
DŽ: 98001225 -> 98001226
DŽ: 98001225 -> 98001225
DŽ: 98001225 -> 98001225
DŽ: 98001225 -> 98001226
DŽ: 98001225 -> 98001225
DŽ: 98001225 -> 98001226
DŽ: 98001225 -> 98001225
DŽ: 98001225 -> 98001225
DŽ: 98001225 -> 98001225
DŽ: 98001226 -> 98001227
DŽ: 98001225 -> 98001225
DŽ: 98001225 -> 98001225
DŽ: 98001225 -> 98001226
DŽ: 98001226 -> 98001230
DŽ: 98001225 -> 98001226
DŽ: 98001230 -> 98001230
DŽ: 98001226 -> 98001226
DŽ: 98001225 -> 98001225
DŽ: 98001226 -> 98001227
DŽ: 98001230 -> 98001230
DŽ: 98001225 -> 98001225
DŽ: 98001227 -> 98001226
DŽ: 98001225 -> 98001225
DŽ: 98001225 -> 98001230
DŽ: 98001226 -> 98001230
DŽ: 98001228 -> 98001229
DŽ: 98001225 -> 98001225
DŽ: 98001227 -> 98001227
DŽ: 98001225 -> 98001225
DŽ: 98001225 -> 98001225
DŽ: 98001225 -> 98001225
DŽ: 98001225 -> 98001225
DŽ: 98001225 -> 98001226
DŽ: 98001226 -> 98001227
DŽ: 98001227 -> 98001226
DŽ: 98001226 -> 98001228
DŽ: 98001226 -> 98001230
DŽ: 98001229 -> 98001229
DŽ: 98001229 -> 98001227
DŽ: 98001229 -> 98001236
DŽ: 98001235 -> 98001230
DŽ: 98001225 -> 98001225
DŽ: 98001225 -> 98001225
DŽ: 98001225 -> 98001225
DŽ: 98001225 -> 98001225
DŽ: 98001225 -> 98001225
DŽ: 98001227 -> 98001231
DŽ: 98001225 -> 98001230
DŽ: 98001225 -> 98001225
DŽ: 98001225 -> 98001233
DŽ: 98001225 -> 98001225
DŽ: 98001225 -> 98001225
DŽ: 98001233 -> 98001252
DŽ: 98001225 -> 98001225
DŽ: 98001225 -> 98001225
DŽ: 98001225 -> 98001225
DŽ: 98001225 -> 98001225
DŽ: 98001225 -> 98001226
DŽ: 98001225 -> 98001226
DŽ: 98001225 -> 98001225
DŽ: 98001226 -> 98001227
DŽ: 98001226 -> 98001227
DŽ: 98001225 -> 98001225
DŽ: 98001230 -> 98001230
DŽ: 98001225 -> 98001225
DŽ: 98001225 -> 98001226
DŽ: 98001230 -> 98001237
DŽ: 98001226 -> 98001226
DŽ: 98001226 -> 98001227
DŽ: 98001225 -> 98001225
DŽ: 98001227 -> 98001227
DŽ: 98001230 -> 98001231
DŽ: 98001227 -> 98001228
DŽ: 98001225 -> 98001225
DŽ: 98001225 -> 98001225
DŽ: 98001225 -> 98001227
DŽ: 98001228 -> 98001234
DŽ: 98001228 -> 98001226
DŽ: 98001230 -> 98001236
DŽ: 98001226 -> 98001226
DŽ: 98001225 -> 98001225
DŽ: 98001225 -> 98001226
DŽ: 98001225 -> 98001225
DŽ: 98001230 -> 98001237
DŽ: 98001225 -> 98001225
DŽ: 98001230 -> 98001236
DŽ: 98001225 -> 98001225
DŽ: 98001225 -> 98001226
DŽ: 98001225 -> 98001225
DŽ: 98001225 -> 98001225
DŽ: 98001225 -> 98001225
DŽ: 98001225 -> 98001229
DŽ: 98001229 -> 98001229
DŽ: 98001225 -> 98001225
DŽ: 98001225 -> 98001225
DŽ: 98001225 -> 98001225
DŽ: 98001227 -> 98001232
DŽ: 98001225 -> 98001225
DŽ: 98001225 -> 98001227
DŽ: 98001230 -> 98001231
DŽ: 98001225 -> 98001226
DŽ: 98001226 -> 98001239
DŽ: 98001225 -> 98001225
DŽ: 98001225 -> 98001225
DŽ: 98001225 -> 98001225
DŽ: 98001225 -> 98001225
DŽ: 98001226 -> 98001226
DŽ: 98001225 -> 98001225
DŽ: 98001225 -> 98001225
DŽ: 98001226 -> 98001231
DŽ: 98001225 -> 98001225
DŽ: 98001225 -> 98001225
DŽ: 98001225 -> 98001225
DŽ: 98001226 -> 98001231
DŽ: 98001231 -> 98001231
DŽ: 98001225 -> 98001225
DŽ: 98001225 -> 98001225
DŽ: 98001231 -> 98001230
DŽ: 98001225 -> 98001227
DŽ: 98001225 -> 98001225
DŽ: 98001225 -> 98001225
DŽ: 98001225 -> 98001225
DŽ: 98001225 -> 98001226
DŽ: 98001225 -> 98001225
DŽ: 98001226 -> 98001226
DŽ: 98001230 -> 98001230
DŽ: 98001225 -> 98001225
DŽ: 98001226 -> 98001226
DŽ: 98001225 -> 98001225
DŽ: 98001228 -> 98001227
DŽ: 98001225 -> 98001225
DŽ: 98001228 -> 98001241
DŽ: 98001225 -> 98001225
DŽ: 98001225 -> 98001225
DŽ: 98001225 -> 98001230
DŽ: 98001225 -> 98001226
DŽ: 98001229 -> 98001233
DŽ: 98001225 -> 98001225
DŽ: 98001225 -> 98001225
DŽ: 98001225 -> 98001225
DŽ: 98001225 -> 98001225
DŽ: 98001225 -> 98001226
DŽ: 98001225 -> 98001225
DŽ: 98001225 -> 98001225
DŽ: 98001225 -> 98001225
DŽ: 98001225 -> 98001225
DŽ: 98001225 -> 98001225
DŽ: 98001226 -> 98001226
DŽ: 98001225 -> 98001225
DŽ: 98001225 -> 98001229
DŽ: 98001226 -> 98001226
DŽ: 98001226 -> 98001226
DŽ: 98001226 -> 98001226
DŽ: 98001226 -> 98001226
DŽ: 98001230 -> 98001230
DŽ: 98001225 -> 98001225
DŽ: 98001226 -> 98001226
DŽ: 98001230 -> 98001230
DŽ: 98001225 -> 98001225
DŽ: 98001225 -> 98001225
DŽ: 98001230 -> 98001232
DŽ: 98001229 -> 98001230
DŽ: 98001225 -> 98001225
DŽ: 98001225 -> 98001227
DŽ: 98001225 -> 98001229
DŽ: 98001225 -> 98001225
DŽ: 98001229 -> 98001233
DŽ: 98001225 -> 98001225
DŽ: 98001225 -> 98001225
DŽ: 98001233 -> 98001234
DŽ: 98001225 -> 98001225
DŽ: 98001225 -> 98001225
DŽ: 98001225 -> 98001225
DŽ: 98001233 -> 98001233
DŽ: 98001225 -> 98001225
DŽ: 98001225 -> 98001225
DŽ: 98001225 -> 98001225
DŽ: 98001232 -> 98001232
DŽ: 98001225 -> 98001225
DŽ: 98001225 -> 98001226
DŽ: 98001225 -> 98001229
DŽ: 98001226 -> 98001226
DŽ: 98001225 -> 98001225
DŽ: 98001226 -> 98001226
DŽ: 98001225 -> 98001225
DŽ: 98001226 -> 98001226
DŽ: 98001228 -> 98001234
DŽ: 98001230 -> 98001231
DŽ: 98001226 -> 98001226
DŽ: 98001225 -> 98001225
DŽ: 98001226 -> 98001227
DŽ: 98001226 -> 98001226
DŽ: 98001226 -> 98001233
DŽ: 98001227 -> 98001227
DŽ: 98001225 -> 98001225
DŽ: 98001225 -> 98001231
DŽ: 98001225 -> 98001225
DŽ: 98001227 -> 98001227
DŽ: 98001226 -> 98001230
DŽ: 98001225 -> 98001225
DŽ: 98001225 -> 98001229
DŽ: 98001226 -> 98001226
DŽ: 98001225 -> 98001225
DŽ: 98001226 -> 98001227
DŽ: 98001230 -> 98001230
DŽ: 98001227 -> 98001225
DŽ: 98001225 -> 98001225
DŽ: 98001229 -> 98001229
DŽ: 98001225 -> 98001225
DŽ: 98001225 -> 98001225
DŽ: 98001227 -> 98001231
DŽ: 98001225 -> 98001225
DŽ: 98001226 -> 98001238
DŽ: 98001225 -> 98001225
DŽ: 98001227 -> 98001227
DŽ: 98001230 -> 98001229
DŽ: 98001233 -> 98001233
DŽ: 98001225 -> 98001225
DŽ: 98001225 -> 98001225
DŽ: 98001228 -> 98001227
DŽ: 98001227 -> 98001229
DŽ: 98001225 -> 98001225
DŽ: 98001230 -> 98001230
DŽ: 98001225 -> 98001225
DŽ: 98001230 -> 98001231
DŽ: 98001225 -> 98001225
DŽ: 98001227 -> 98001227
DŽ: 98001225 -> 98001225
DŽ: 98001226 -> 98001226
DŽ: 98001225 -> 98001225
DŽ: 98001230 -> 98001232
DŽ: 98001225 -> 98001226
DŽ: 98001225 -> 98001225
DŽ: 98001225 -> 98001225
DŽ: 98001226 -> 98001226
DŽ: 98001226 -> 98001226
DŽ: 98001225 -> 98001225
DŽ: 98001225 -> 98001225
DŽ: 98001226 -> 98001226
DŽ: 98001226 -> 98001228
DŽ: 98001225 -> 98001225
DŽ: 98001229 -> 98001229
DŽ: 98001225 -> 98001225
DŽ: 98001225 -> 98001225
DŽ: 98001226 -> 98001229
DŽ: 98001225 -> 98001225
DŽ: 98001225 -> 98001225
DŽ: 98001225 -> 98001225
DŽ: 98001233 -> 98001231
DŽ: 98001225 -> 98001225
DŽ: 98001225 -> 98001225
DŽ: 98001225 -> 98001225
DŽ: 98001225 -> 98001225
DŽ: 98001225 -> 98001225
DŽ: 98001225 -> 98001225
DŽ: 98001225 -> 98001225
DŽ: 98001225 -> 98001226
DŽ: 98001226 -> 98001226
DŽ: 98001226 -> 98001233
DŽ: 98001225 -> 98001225
DŽ: 98001226 -> 98001237
DŽ: 98001226 -> 98001226
DŽ: 98001225 -> 98001226
DŽ: 98001225 -> 98001225
DŽ: 98001226 -> 98001226
DŽ: 98001226 -> 98001232
DŽ: 98001226 -> 98001226
DŽ: 98001225 -> 98001225
DŽ: 98001230 -> 98001232
DŽ: 98001225 -> 98001225
DŽ: 98001227 -> 98001227
DŽ: 98001227 -> 98001227
DŽ: 98001225 -> 98001226
DŽ: 98001231 -> 98001248
DŽ: 98001230 -> 98001231
DŽ: 98001231 -> 98001231
DŽ: 98001225 -> 98001225
DŽ: 98001225 -> 98001225
DŽ: 98001225 -> 98001225
DŽ: 98001225 -> 98001226
DŽ: 98001225 -> 98001229
DŽ: 98001231 -> 98001231
DŽ: 98001226 -> 98001226
DŽ: 98001226 -> 98001227
DŽ: 98001233 -> 98001231
DŽ: 98001225 -> 98001225
DŽ: 98001226 -> 98001226
DŽ: 98001229 -> 98001229
DŽ: 98001225 -> 98001225
DŽ: 98001226 -> 98001227
DŽ: 98001233 -> 98001233
DŽ: 98001225 -> 98001225
DŽ: 98001227 -> 98001227
DŽ: 98001225 -> 98001225
DŽ: 98001225 -> 98001225
DŽ: 98001248 -> 98001247
DŽ: 98001246 -> 98001241
DŽ: 98001235 -> 98001232
DŽ: 98001225 -> 98001225
DŽ: 98001227 -> 98001227
DŽ: 98001227 -> 98001226
DŽ: 98001225 -> 98001225
DŽ: 98001226 -> 98001230
DŽ: 98001230 -> 98001231
DŽ: 98001225 -> 98001225
DŽ: 98001225 -> 98001229
DŽ: 98001225 -> 98001225
DŽ: 98001229 -> 98001235
DŽ: 98001227 -> 98001232
DŽ: 98001232 -> 98001232
DŽ: 98001233 -> 98001234
DŽ: 98001234 -> 98001235
DŽ: 98001225 -> 98001225
DŽ: 98001225 -> 98001227
DŽ: 98001225 -> 98001225
DŽ: 98001225 -> 98001225
DŽ: 98001230 -> 98001235
DŽ: 98001225 -> 98001225
DŽ: 98001235 -> 98001235
DŽ: 98001225 -> 98001225
DŽ: 98001230 -> 98001230
DŽ: 98001225 -> 98001225
DŽ: 98001231 -> 98001231
DŽ: 98001227 -> 98001227
DŽ: 98001233 -> 98001239
DŽ: 98001226 -> 98001226
DŽ: 98001225 -> 98001225
DŽ: 98001225 -> 98001225
DŽ: 98001225 -> 98001225
DŽ: 98001226 -> 98001230
DŽ: 98001233 -> 98001235
DŽ: 98001230 -> 98001236
DŽ: 98001225 -> 98001225
DŽ: 98001225 -> 98001225
DŽ: 98001226 -> 98001226
DŽ: 98001225 -> 98001225
DŽ: 98001225 -> 98001225
DŽ: 98001230 -> 98001231
DŽ: 98001227 -> 98001227
DŽ: 98001225 -> 98001225
DŽ: 98001230 -> 98001236
DŽ: 98001227 -> 98001227
DŽ: 98001234 -> 98001234
DŽ: 98001229 -> 98001231
DŽ: 98001226 -> 98001227
DŽ: 98001225 -> 98001225
DŽ: 98001225 -> 98001225
DŽ: 98001229 -> 98001228
DŽ: 98001225 -> 98001225
DŽ: 98001231 -> 98001231
DŽ: 98001229 -> 98001229
DŽ: 98001226 -> 98001226
DŽ: 98001225 -> 98001226
DŽ: 98001231 -> 98001230
DŽ: 98001229 -> 98001229
DŽ: 98001226 -> 98001230
DŽ: 98001230 -> 98001228
DŽ: 98001227 -> 98001241
DŽ: 98001225 -> 98001227
DŽ: 98001225 -> 98001225
DŽ: 98001227 -> 98001229
DŽ: 98001225 -> 98001225
DŽ: 98001225 -> 98001226
DŽ: 98001227 -> 98001227
DŽ: 98001236 -> 98001234
DŽ: 98001227 -> 98001227
DŽ: 98001225 -> 98001225
DŽ: 98001225 -> 98001225
DŽ: 98001228 -> 98001231
DŽ: 98001225 -> 98001225
DŽ: 98001225 -> 98001225
DŽ: 98001225 -> 98001225
DŽ: 98001225 -> 98001225
DŽ: 98001226 -> 98001226
DŽ: 98001226 -> 98001228
DŽ: 98001225 -> 98001225
DŽ: 98001225 -> 98001226
DŽ: 98001226 -> 98001226
DŽ: 98001226 -> 98001226
DŽ: 98001248 -> 98001248
DŽ: 98001226 -> 98001225
DŽ: 98001226 -> 98001226
DŽ: 98001225 -> 98001225
DŽ: 98001229 -> 98001228
DŽ: 98001225 -> 98001225
DŽ: 98001225 -> 98001225
DŽ: 98001226 -> 98001226
DŽ: 98001230 -> 98001230
DŽ: 98001231 -> 98001231
DŽ: 98001234 -> 98001234
DŽ: 98001232 -> 98001233
DŽ: 98001233 -> 98001233
DŽ: 98001225 -> 98001225
DŽ: 98001225 -> 98001225
DŽ: 98001235 -> 98001232
DŽ: 98001225 -> 98001225
DŽ: 98001231 -> 98001230
DŽ: 98001225 -> 98001225
DŽ: 98001225 -> 98001225
DŽ: 98001225 -> 98001225
DŽ: 98001228 -> 98001226
DŽ: 98001229 -> 98001229
DŽ: 98001225 -> 98001225
DŽ: 98001229 -> 98001229
DŽ: 98001226 -> 98001233
DŽ: 98001226 -> 98001227
DŽ: 98001231 -> 98001235
DŽ: 98001226 -> 98001226
DŽ: 98001226 -> 98001227
DŽ: 98001225 -> 98001225
DŽ: 98001225 -> 98001225
DŽ: 98001225 -> 98001225
DŽ: 98001225 -> 98001225
DŽ: 98001225 -> 98001225
DŽ: 98001234 -> 98001247
DŽ: 98001227 -> 98001239
DŽ: 98001225 -> 98001225
DŽ: 98001225 -> 98001225
DŽ: 98001226 -> 98001226

 start over 1091714 loops 1149 unique solutions 
Original + vert_size 13 
DŽ: 98001302 -> 98001251
DŽ: 98001227 -> 98001227
DŽ: 98001233 -> 98001233
DŽ: 98001225 -> 98001225
DŽ: 98001233 -> 98001233
DŽ: 98001225 -> 98001226
DŽ: 98001233 -> 98001253
DŽ: 98001225 -> 98001225
DŽ: 98001226 -> 98001226
DŽ: 98001225 -> 98001225
DŽ: 98001241 -> 98001231
DŽ: 98001225 -> 98001233
DŽ: 98001225 -> 98001225
DŽ: 98001225 -> 98001225
DŽ: 98001225 -> 98001229
DŽ: 98001225 -> 98001225
DŽ: 98001225 -> 98001226
DŽ: 98001225 -> 98001225
DŽ: 98001225 -> 98001225
DŽ: 98001225 -> 98001225
DŽ: 98001225 -> 98001225
DŽ: 98001225 -> 98001232
DŽ: 98001225 -> 98001225
DŽ: 98001225 -> 98001225
DŽ: 98001225 -> 98001225
DŽ: 98001225 -> 98001226
DŽ: 98001226 -> 98001228
DŽ: 98001225 -> 98001225
DŽ: 98001225 -> 98001225
DŽ: 98001225 -> 98001226
DŽ: 98001225 -> 98001225
DŽ: 98001225 -> 98001226
DŽ: 98001225 -> 98001225
DŽ: 98001225 -> 98001225
DŽ: 98001225 -> 98001229
DŽ: 98001225 -> 98001225
DŽ: 98001229 -> 98001229
DŽ: 98001225 -> 98001225
DŽ: 98001228 -> 98001226
DŽ: 98001226 -> 98001224
  BEST solution improved 98001226 -> 98001224 (vert_size 0, round 1130001) *
DŽ: 98001224 -> 98001224
DŽ: 98001224 -> 98001224
DŽ: 98001224 -> 98001224
DŽ: 98001224 -> 98001230
DŽ: 98001224 -> 98001224
DŽ: 98001224 -> 98001224
DŽ: 98001224 -> 98001225
DŽ: 98001224 -> 98001224
DŽ: 98001224 -> 98001224
DŽ: 98001224 -> 98001229
DŽ: 98001226 -> 98001225
DŽ: 98001224 -> 98001224
DŽ: 98001224 -> 98001224
DŽ: 98001225 -> 98001225
DŽ: 98001224 -> 98001224
DŽ: 98001224 -> 98001231
DŽ: 98001228 -> 98001227
DŽ: 98001227 -> 98001227
DŽ: 98001228 -> 98001227
DŽ: 98001224 -> 98001224
DŽ: 98001228 -> 98001227
DŽ: 98001227 -> 98001227
DŽ: 98001227 -> 98001227
DŽ: 98001227 -> 98001227
DŽ: 98001227 -> 98001227
DŽ: 98001227 -> 98001228
DŽ: 98001224 -> 98001224
DŽ: 98001227 -> 98001227
DŽ: 98001224 -> 98001225
DŽ: 98001224 -> 98001224
DŽ: 98001227 -> 98001227
DŽ: 98001227 -> 98001227
DŽ: 98001224 -> 98001224
DŽ: 98001227 -> 98001231
DŽ: 98001227 -> 98001227
DŽ: 98001224 -> 98001224
DŽ: 98001224 -> 98001224
DŽ: 98001224 -> 98001224
DŽ: 98001224 -> 98001224
DŽ: 98001224 -> 98001224
DŽ: 98001224 -> 98001224
DŽ: 98001224 -> 98001224
DŽ: 98001224 -> 98001230
DŽ: 98001224 -> 98001224
DŽ: 98001224 -> 98001224
DŽ: 98001224 -> 98001224
DŽ: 98001224 -> 98001236
DŽ: 98001224 -> 98001224
DŽ: 98001224 -> 98001224
DŽ: 98001224 -> 98001228
DŽ: 98001224 -> 98001224
DŽ: 98001228 -> 98001228
DŽ: 98001225 -> 98001227
DŽ: 98001224 -> 98001224
DŽ: 98001224 -> 98001224
DŽ: 98001224 -> 98001224
DŽ: 98001224 -> 98001224
DŽ: 98001227 -> 98001228
DŽ: 98001227 -> 98001240
DŽ: 98001228 -> 98001228
DŽ: 98001232 -> 98001232
DŽ: 98001225 -> 98001226
DŽ: 98001224 -> 98001224
DŽ: 98001232 -> 98001231
DŽ: 98001231 -> 98001231
DŽ: 98001230 -> 98001231
DŽ: 98001230 -> 98001230
DŽ: 98001224 -> 98001224
DŽ: 98001224 -> 98001228
DŽ: 98001230 -> 98001230
DŽ: 98001224 -> 98001224
DŽ: 98001224 -> 98001228
DŽ: 98001224 -> 98001224
DŽ: 98001224 -> 98001224
DŽ: 98001224 -> 98001224
DŽ: 98001224 -> 98001224
DŽ: 98001224 -> 98001224
DŽ: 98001227 -> 98001227
DŽ: 98001224 -> 98001224
DŽ: 98001224 -> 98001224
DŽ: 98001224 -> 98001224
DŽ: 98001224 -> 98001224
DŽ: 98001224 -> 98001224
DŽ: 98001224 -> 98001225
DŽ: 98001224 -> 98001224
DŽ: 98001224 -> 98001224
DŽ: 98001225 -> 98001231
DŽ: 98001225 -> 98001225
DŽ: 98001224 -> 98001224
DŽ: 98001225 -> 98001225
DŽ: 98001224 -> 98001224
DŽ: 98001224 -> 98001224
DŽ: 98001224 -> 98001224
DŽ: 98001224 -> 98001224
DŽ: 98001224 -> 98001241
DŽ: 98001224 -> 98001224
DŽ: 98001224 -> 98001224
DŽ: 98001224 -> 98001224
DŽ: 98001224 -> 98001224
DŽ: 98001224 -> 98001230
DŽ: 98001224 -> 98001224
DŽ: 98001224 -> 98001225
DŽ: 98001224 -> 98001224
DŽ: 98001224 -> 98001224
DŽ: 98001224 -> 98001224
DŽ: 98001224 -> 98001224
DŽ: 98001224 -> 98001224
DŽ: 98001224 -> 98001224
DŽ: 98001224 -> 98001224
DŽ: 98001224 -> 98001224
DŽ: 98001227 -> 98001227
DŽ: 98001224 -> 98001224
DŽ: 98001224 -> 98001224
DŽ: 98001224 -> 98001224
DŽ: 98001224 -> 98001224
DŽ: 98001224 -> 98001224
DŽ: 98001224 -> 98001224
DŽ: 98001224 -> 98001224
DŽ: 98001224 -> 98001224
DŽ: 98001224 -> 98001224
DŽ: 98001224 -> 98001224
DŽ: 98001224 -> 98001224
DŽ: 98001224 -> 98001224
DŽ: 98001224 -> 98001224
DŽ: 98001224 -> 98001228
DŽ: 98001224 -> 98001228
DŽ: 98001224 -> 98001224
DŽ: 98001228 -> 98001228
DŽ: 98001227 -> 98001229
DŽ: 98001229 -> 98001229
DŽ: 98001224 -> 98001224
DŽ: 98001224 -> 98001227
DŽ: 98001224 -> 98001224
DŽ: 98001224 -> 98001224
DŽ: 98001224 -> 98001224
DŽ: 98001224 -> 98001224
DŽ: 98001224 -> 98001237
DŽ: 98001226 -> 98001225
DŽ: 98001224 -> 98001225
DŽ: 98001224 -> 98001224
DŽ: 98001224 -> 98001224
DŽ: 98001225 -> 98001225
DŽ: 98001225 -> 98001225
DŽ: 98001224 -> 98001224
DŽ: 98001224 -> 98001224
DŽ: 98001227 -> 98001227
DŽ: 98001224 -> 98001224
DŽ: 98001224 -> 98001224
DŽ: 98001224 -> 98001224
DŽ: 98001228 -> 98001228
DŽ: 98001228 -> 98001229
DŽ: 98001228 -> 98001228
DŽ: 98001228 -> 98001228
DŽ: 98001225 -> 98001226
DŽ: 98001228 -> 98001227
DŽ: 98001226 -> 98001226
DŽ: 98001227 -> 98001227
DŽ: 98001227 -> 98001227
DŽ: 98001226 -> 98001226
DŽ: 98001227 -> 98001230
DŽ: 98001227 -> 98001228
DŽ: 98001225 -> 98001225
DŽ: 98001224 -> 98001224
DŽ: 98001225 -> 98001226
DŽ: 98001224 -> 98001226
DŽ: 98001224 -> 98001224
DŽ: 98001224 -> 98001224
DŽ: 98001224 -> 98001225
DŽ: 98001224 -> 98001224
DŽ: 98001224 -> 98001225
DŽ: 98001225 -> 98001224
DŽ: 98001225 -> 98001225
DŽ: 98001225 -> 98001225
DŽ: 98001224 -> 98001224
DŽ: 98001225 -> 98001225
DŽ: 98001226 -> 98001229
DŽ: 98001227 -> 98001227
DŽ: 98001227 -> 98001227
DŽ: 98001227 -> 98001227
DŽ: 98001224 -> 98001224
DŽ: 98001224 -> 98001224
DŽ: 98001224 -> 98001224
DŽ: 98001224 -> 98001224
DŽ: 98001224 -> 98001224
DŽ: 98001224 -> 98001224
DŽ: 98001224 -> 98001225
DŽ: 98001224 -> 98001224
DŽ: 98001225 -> 98001225
DŽ: 98001224 -> 98001224
DŽ: 98001225 -> 98001226
DŽ: 98001225 -> 98001226
DŽ: 98001227 -> 98001227
DŽ: 98001227 -> 98001233
DŽ: 98001224 -> 98001224
DŽ: 98001230 -> 98001232
DŽ: 98001228 -> 98001228
DŽ: 98001228 -> 98001227
DŽ: 98001230 -> 98001230
DŽ: 98001230 -> 98001230
DŽ: 98001227 -> 98001227
DŽ: 98001228 -> 98001228
DŽ: 98001224 -> 98001224
DŽ: 98001224 -> 98001228
DŽ: 98001227 -> 98001225
DŽ: 98001224 -> 98001224
DŽ: 98001225 -> 98001225
DŽ: 98001226 -> 98001226
DŽ: 98001225 -> 98001225
DŽ: 98001225 -> 98001225
DŽ: 98001225 -> 98001225
DŽ: 98001225 -> 98001225
DŽ: 98001225 -> 98001225
DŽ: 98001225 -> 98001225
DŽ: 98001224 -> 98001224
DŽ: 98001224 -> 98001224
DŽ: 98001225 -> 98001225
DŽ: 98001224 -> 98001225
DŽ: 98001228 -> 98001229
DŽ: 98001224 -> 98001224
DŽ: 98001224 -> 98001224
DŽ: 98001224 -> 98001224
DŽ: 98001227 -> 98001227
DŽ: 98001224 -> 98001224
DŽ: 98001224 -> 98001225
DŽ: 98001225 -> 98001225
DŽ: 98001224 -> 98001225
DŽ: 98001224 -> 98001224
DŽ: 98001225 -> 98001227
DŽ: 98001224 -> 98001224
DŽ: 98001224 -> 98001224
DŽ: 98001224 -> 98001224
DŽ: 98001225 -> 98001246
DŽ: 98001225 -> 98001227
DŽ: 98001225 -> 98001225
DŽ: 98001226 -> 98001227
DŽ: 98001227 -> 98001227
DŽ: 98001227 -> 98001227
DŽ: 98001224 -> 98001224
DŽ: 98001227 -> 98001227
DŽ: 98001224 -> 98001228
DŽ: 98001224 -> 98001224
DŽ: 98001224 -> 98001224
DŽ: 98001224 -> 98001224
DŽ: 98001224 -> 98001224
DŽ: 98001224 -> 98001224
DŽ: 98001224 -> 98001224
DŽ: 98001224 -> 98001224
DŽ: 98001224 -> 98001224
DŽ: 98001224 -> 98001224
DŽ: 98001224 -> 98001230
DŽ: 98001227 -> 98001227
DŽ: 98001224 -> 98001228
DŽ: 98001224 -> 98001224
DŽ: 98001224 -> 98001224
DŽ: 98001230 -> 98001234
DŽ: 98001230 -> 98001229
DŽ: 98001224 -> 98001230
DŽ: 98001225 -> 98001225
DŽ: 98001224 -> 98001231
DŽ: 98001224 -> 98001228
DŽ: 98001224 -> 98001224
DŽ: 98001224 -> 98001224
DŽ: 98001225 -> 98001225
DŽ: 98001224 -> 98001224
DŽ: 98001227 -> 98001227
DŽ: 98001224 -> 98001224
DŽ: 98001230 -> 98001229
DŽ: 98001224 -> 98001224
DŽ: 98001224 -> 98001224
DŽ: 98001225 -> 98001225
DŽ: 98001224 -> 98001224
DŽ: 98001225 -> 98001225
DŽ: 98001224 -> 98001225
DŽ: 98001224 -> 98001224
DŽ: 98001224 -> 98001224
DŽ: 98001224 -> 98001224
DŽ: 98001224 -> 98001224
DŽ: 98001224 -> 98001224
DŽ: 98001224 -> 98001230
DŽ: 98001227 -> 98001226
DŽ: 98001225 -> 98001225
DŽ: 98001224 -> 98001224
DŽ: 98001224 -> 98001231
DŽ: 98001228 -> 98001226
DŽ: 98001225 -> 98001224
DŽ: 98001224 -> 98001225
DŽ: 98001224 -> 98001228
DŽ: 98001224 -> 98001224
DŽ: 98001224 -> 98001224
DŽ: 98001224 -> 98001229
DŽ: 98001224 -> 98001224
DŽ: 98001224 -> 98001224
DŽ: 98001230 -> 98001230
DŽ: 98001224 -> 98001224
DŽ: 98001224 -> 98001224
DŽ: 98001227 -> 98001232
DŽ: 98001225 -> 98001225
DŽ: 98001224 -> 98001224
DŽ: 98001224 -> 98001224
DŽ: 98001225 -> 98001232
DŽ: 98001224 -> 98001224
DŽ: 98001225 -> 98001225
DŽ: 98001224 -> 98001224
DŽ: 98001224 -> 98001230
DŽ: 98001224 -> 98001224
DŽ: 98001228 -> 98001228
DŽ: 98001227 -> 98001227
DŽ: 98001224 -> 98001224
DŽ: 98001224 -> 98001224
DŽ: 98001224 -> 98001224
DŽ: 98001224 -> 98001224
DŽ: 98001228 -> 98001232
DŽ: 98001224 -> 98001225
DŽ: 98001230 -> 98001230
DŽ: 98001225 -> 98001233
DŽ: 98001224 -> 98001224
DŽ: 98001224 -> 98001224
DŽ: 98001226 -> 98001226
DŽ: 98001224 -> 98001224
DŽ: 98001227 -> 98001228
DŽ: 98001225 -> 98001238
DŽ: 98001224 -> 98001224
DŽ: 98001224 -> 98001224
DŽ: 98001226 -> 98001226
DŽ: 98001230 -> 98001230
DŽ: 98001226 -> 98001230
DŽ: 98001231 -> 98001226
DŽ: 98001225 -> 98001225
DŽ: 98001224 -> 98001224
DŽ: 98001224 -> 98001224
DŽ: 98001224 -> 98001224
DŽ: 98001224 -> 98001224
DŽ: 98001224 -> 98001224
DŽ: 98001227 -> 98001227
DŽ: 98001224 -> 98001224
DŽ: 98001224 -> 98001224
DŽ: 98001225 -> 98001225
end_heu: 1467019 loops with 1550 unique solutions in 1799.86 s

Calling print_solution
>>> get_solution
  refine_solution: new weight 98001224 (was 98001224) in 0.000628 s
## FINAL WEIGHT 98001224
print_solution: 0.001468 s
