Version: final-94-gfffc3aa rub_all.sh: remove longest prefix
Random seed: 1549738418
Start
>>> save_orig_graph
>> Saved weight 0
Graph loaded
|V| = 513, |E| = 2304, |R| = 64
First clearance of the input. Calling buy_zero and run_all_heuristics.
  buy_zero: 0 zero edges in 5e-06 s
  handle_small_terminal_degrees: terms 0 in 1e-06 s
  handle_small_Steiner_degrees: steiner 0, suppress 0 in 3e-06 s
  shortest_edge_between_terminals: 0 edges in 5e-06 s
Compressed graph 513 -> 512
  delete_edges: deleted 0 edges in 0.000387 s and 1 rounds
  handle_small_terminal_degrees: terms 0 in 1e-06 s
  handle_small_Steiner_degrees: steiner 0, suppress 0 in 3e-06 s
  shortest_edge_between_terminals: 0 edges in 4e-06 s
Compressed graph 512 -> 512
  delete_edges_shortest_path: deleted 0 edges in 0.009051 s
  handle_small_terminal_degrees: terms 0 in 1e-06 s
  handle_small_Steiner_degrees: steiner 0, suppress 0 in 3e-06 s
  shortest_edge_between_terminals: 0 edges in 5e-06 s
Compressed graph 512 -> 512
  handle_small_terminal_degrees: terms 0 in 1e-06 s
  handle_small_Steiner_degrees: steiner 0, suppress 0 in 1e-06 s
  shortest_edge_between_terminals: 0 edges in 3e-06 s
Compressed graph 512 -> 512
  delete_edges_shortest_path: deleted 0 edges in 0.003984 s
  handle_small_terminal_degrees: terms 0 in 1e-06 s
  handle_small_Steiner_degrees: steiner 0, suppress 0 in 1e-06 s
  shortest_edge_between_terminals: 0 edges in 2e-06 s
Compressed graph 512 -> 512
Compressed graph 512 -> 512
>>> save_orig_graph
>> Saved weight 0
### ZEL_LVL=0 PRECISE_STARS=0

Calling `contract_till_the_bitter_end`
|V| = 512, |E| = 2304, |R| = 64
>>> get_solution
>>> get_solution
  refine_solution: new weight 21948 (was 24696) in 0.000546 s
  refine_solution: new weight 21313 (was 21948) in 0.000527 s
  refine_solution: new weight 20720 (was 21313) in 0.000547 s
  refine_solution: new weight 20425 (was 20720) in 0.000544 s
  refine_solution: new weight 20425 (was 20425) in 0.000551 s
0,,512,2304,64,,0,0,,24696,20425,0,0,0,,0,0,@@

  delete_edges: deleted 0 edges in 0.000171 s and 1 rounds
  handle_small_Steiner_degrees: steiner 0, suppress 0 in 2e-06 s
Starting round 1
Found 0 isolated vertices
Invalid ratios recomputed: 512
Best ratio is 301/1 (301.0), centered at 92
Finding the best star... Star with 2 terminals centered in 92
round took: 0.012952 s
|V| = 512, |E| = 2303, |R| = 63
>>> get_solution
>>> get_solution
  refine_solution: new weight 21948 (was 24696) in 0.000524 s
  refine_solution: new weight 21313 (was 21948) in 0.000525 s
  refine_solution: new weight 20720 (was 21313) in 0.000544 s
  refine_solution: new weight 20425 (was 20720) in 0.000565 s
  refine_solution: new weight 20425 (was 20425) in 0.000535 s
1,,512,2303,63,,512,0,,24696,20425,301,301,301,,301,2,@@

  handle_small_Steiner_degrees: steiner 0, suppress 0 in 1e-06 s
Starting round 2
Found 1 isolated vertices
Invalid ratios recomputed: 72
Best ratio is 302/1 (302.0), centered at 17
Finding the best star... Star with 2 terminals centered in 17
round took: 0.002053 s
|V| = 512, |E| = 2302, |R| = 62
>>> get_solution
>>> get_solution
  refine_solution: new weight 21948 (was 24696) in 0.000536 s
  refine_solution: new weight 21313 (was 21948) in 0.000523 s
  refine_solution: new weight 20720 (was 21313) in 0.000543 s
  refine_solution: new weight 20425 (was 20720) in 0.000545 s
  refine_solution: new weight 20425 (was 20425) in 0.000534 s
2,,511,2302,62,,72,0,,24696,20425,603,603,603,,302,2,@@

  handle_small_Steiner_degrees: steiner 0, suppress 0 in 2e-06 s
Starting round 3
Found 2 isolated vertices
Invalid ratios recomputed: 72
Best ratio is 305/1 (305.0), centered at 201
Finding the best star... Star with 2 terminals centered in 201
round took: 0.002076 s
|V| = 512, |E| = 2301, |R| = 61
>>> get_solution
>>> get_solution
  refine_solution: new weight 21948 (was 24696) in 0.000522 s
  refine_solution: new weight 21313 (was 21948) in 0.000522 s
  refine_solution: new weight 20720 (was 21313) in 0.000542 s
  refine_solution: new weight 20425 (was 20720) in 0.000545 s
  refine_solution: new weight 20425 (was 20425) in 0.000553 s
3,,510,2301,61,,72,0,,24696,20425,908,908,908,,305,2,@@

  handle_small_Steiner_degrees: steiner 0, suppress 0 in 1e-06 s
Starting round 4
Found 3 isolated vertices
Invalid ratios recomputed: 71
Best ratio is 916/3 (305.3), centered at 349
Finding the best star... Star with 4 terminals centered in 92
round took: 0.002143 s
|V| = 512, |E| = 2287, |R| = 58
>>> get_solution
>>> get_solution
  refine_solution: new weight 23364 (was 23894) in 0.000518 s
  refine_solution: new weight 22944 (was 23364) in 0.000511 s
  refine_solution: new weight 22224 (was 22944) in 0.000511 s
  refine_solution: new weight 21617 (was 22224) in 0.000516 s
  refine_solution: new weight 21403 (was 21617) in 0.000528 s
  refine_solution: new weight 21304 (was 21403) in 0.000529 s
  refine_solution: new weight 21304 (was 21304) in 0.000517 s
4,,509,2287,58,,71,0,,23894,21304,1824,1824,1824,,916,4,@@

  handle_small_Steiner_degrees: steiner 0, suppress 0 in 1e-06 s
Starting round 5
Found 8 isolated vertices
Invalid ratios recomputed: 188
Best ratio is 821/3 (273.7), centered at 268
Finding the best star... Star with 4 terminals centered in 260
round took: 0.005344 s
|V| = 512, |E| = 2272, |R| = 55
>>> get_solution
>>> get_solution
  refine_solution: new weight 22938 (was 23671) in 0.000518 s
  refine_solution: new weight 22220 (was 22938) in 0.000515 s
  refine_solution: new weight 21509 (was 22220) in 0.000518 s
  refine_solution: new weight 20992 (was 21509) in 0.00054 s
  refine_solution: new weight 20704 (was 20992) in 0.000547 s
  refine_solution: new weight 20704 (was 20704) in 0.000541 s
5,,504,2272,55,,188,0,,23671,20704,2645,2645,2645,,821,4,@@

  handle_small_Steiner_degrees: steiner 0, suppress 0 in 1e-06 s
Starting round 6
Found 13 isolated vertices
Invalid ratios recomputed: 246
Best ratio is 209/1 (209.0), centered at 260
Finding the best star... Star with 2 terminals centered in 260
round took: 0.007034 s
|V| = 512, |E| = 2269, |R| = 54
>>> get_solution
>>> get_solution
  refine_solution: new weight 22938 (was 23671) in 0.00052 s
  refine_solution: new weight 22220 (was 22938) in 0.000517 s
  refine_solution: new weight 21509 (was 22220) in 0.000516 s
  refine_solution: new weight 20992 (was 21509) in 0.000541 s
  refine_solution: new weight 20704 (was 20992) in 0.000547 s
  refine_solution: new weight 20704 (was 20704) in 0.000534 s
6,,499,2269,54,,246,0,,23671,20704,2854,2854,2854,,209,2,@@

  handle_small_Steiner_degrees: steiner 0, suppress 0 in 2e-06 s
Starting round 7
Found 14 isolated vertices
Invalid ratios recomputed: 246
Best ratio is 911/3 (303.7), centered at 278
Finding the best star... Star with 4 terminals centered in 274
round took: 0.007316 s
|V| = 512, |E| = 2250, |R| = 51
>>> get_solution
>>> get_solution
  refine_solution: new weight 22344 (was 22762) in 0.00054 s
  refine_solution: new weight 21942 (was 22344) in 0.000519 s
  refine_solution: new weight 21344 (was 21942) in 0.000525 s
  refine_solution: new weight 21039 (was 21344) in 0.000538 s
  refine_solution: new weight 21039 (was 21039) in 0.000535 s
7,,498,2250,51,,246,0,,22762,21039,3765,3765,3765,,911,4,@@

  handle_small_Steiner_degrees: steiner 0, suppress 0 in 1e-06 s
Starting round 8
Found 20 isolated vertices
Invalid ratios recomputed: 315
Best ratio is 204/1 (204.0), centered at 54
Finding the best star... Star with 2 terminals centered in 54
round took: 0.009753 s
|V| = 512, |E| = 2247, |R| = 50
>>> get_solution
>>> get_solution
  refine_solution: new weight 22344 (was 22762) in 0.000535 s
  refine_solution: new weight 21942 (was 22344) in 0.000519 s
  refine_solution: new weight 21344 (was 21942) in 0.000523 s
  refine_solution: new weight 21039 (was 21344) in 0.000535 s
  refine_solution: new weight 21039 (was 21039) in 0.000534 s
8,,492,2247,50,,315,0,,22762,21039,3969,3969,3969,,204,2,@@

  handle_small_Steiner_degrees: steiner 0, suppress 0 in 1e-06 s
Starting round 9
Found 21 isolated vertices
Invalid ratios recomputed: 314
Best ratio is 207/1 (207.0), centered at 54
Finding the best star... Star with 2 terminals centered in 54
round took: 0.009817 s
|V| = 512, |E| = 2242, |R| = 49
>>> get_solution
>>> get_solution
  refine_solution: new weight 22344 (was 22762) in 0.000535 s
  refine_solution: new weight 21942 (was 22344) in 0.000517 s
  refine_solution: new weight 21344 (was 21942) in 0.000536 s
  refine_solution: new weight 21039 (was 21344) in 0.000537 s
  refine_solution: new weight 21039 (was 21039) in 0.000534 s
9,,491,2242,49,,314,0,,22762,21039,4176,4176,4176,,207,2,@@

  handle_small_Steiner_degrees: steiner 0, suppress 0 in 2e-06 s
Starting round 10
Found 22 isolated vertices
Invalid ratios recomputed: 313
Best ratio is 303/1 (303.0), centered at 54
Finding the best star... Star with 2 terminals centered in 54
round took: 0.010119 s
|V| = 512, |E| = 2234, |R| = 48
>>> get_solution
>>> get_solution
  refine_solution: new weight 22344 (was 22761) in 0.000535 s
  refine_solution: new weight 21732 (was 22344) in 0.000514 s
  refine_solution: new weight 21432 (was 21732) in 0.000523 s
  refine_solution: new weight 21326 (was 21432) in 0.000524 s
  refine_solution: new weight 21125 (was 21326) in 0.000528 s
  refine_solution: new weight 21125 (was 21125) in 0.000523 s
10,,490,2234,48,,313,0,,22761,21125,4479,4479,4479,,303,2,@@

  handle_small_Steiner_degrees: steiner 0, suppress 0 in 1e-06 s
Starting round 11
Found 24 isolated vertices
Invalid ratios recomputed: 322
Best ratio is 609/2 (304.5), centered at 406
Finding the best star... Star with 3 terminals centered in 436
round took: 0.01046 s
|V| = 512, |E| = 2217, |R| = 46
>>> get_solution
>>> get_solution
  refine_solution: new weight 22153 (was 22450) in 0.000545 s
  refine_solution: new weight 22153 (was 22153) in 0.000506 s
11,,488,2217,46,,322,0,,22450,22153,5088,5088,5088,,609,3,@@

  handle_small_Steiner_degrees: steiner 0, suppress 0 in 1e-06 s
Starting round 12
Found 28 isolated vertices
Invalid ratios recomputed: 344
Best ratio is 516/2 (258.0), centered at 468
Finding the best star... Star with 3 terminals centered in 464
round took: 0.011397 s
|V| = 512, |E| = 2205, |R| = 44
>>> get_solution
>>> get_solution
  refine_solution: new weight 22148 (was 22345) in 0.00055 s
  refine_solution: new weight 22148 (was 22148) in 0.000509 s
12,,484,2205,44,,344,0,,22345,22148,5604,5604,5604,,516,3,@@

  handle_small_Steiner_degrees: steiner 0, suppress 0 in 1e-06 s
Starting round 13
Found 31 isolated vertices
Invalid ratios recomputed: 354
Best ratio is 611/2 (305.5), centered at 12
Finding the best star... Star with 3 terminals centered in 464
round took: 0.012073 s
|V| = 512, |E| = 2190, |R| = 42
>>> get_solution
>>> get_solution
  refine_solution: new weight 22033 (was 22034) in 0.000551 s
  refine_solution: new weight 22033 (was 22033) in 0.000507 s
13,,481,2190,42,,354,0,,22034,22033,6215,6215,6215,,611,3,@@

  handle_small_Steiner_degrees: steiner 0, suppress 0 in 1e-06 s
Starting round 14
Found 35 isolated vertices
Invalid ratios recomputed: 378
Best ratio is 520/2 (260.0), centered at 132
Finding the best star... Star with 3 terminals centered in 464
round took: 0.013273 s
|V| = 512, |E| = 2175, |R| = 40
>>> get_solution
>>> get_solution
  refine_solution: new weight 21845 (was 21846) in 0.000551 s
  refine_solution: new weight 21845 (was 21845) in 0.000509 s
14,,477,2175,40,,378,0,,21846,21845,6735,6735,6735,,520,3,@@

  handle_small_Steiner_degrees: steiner 0, suppress 0 in 1e-06 s
Starting round 15
Found 38 isolated vertices
Invalid ratios recomputed: 386
Best ratio is 610/2 (305.0), centered at 136
Finding the best star... Star with 3 terminals centered in 464
round took: 0.013975 s
|V| = 512, |E| = 2159, |R| = 38
>>> get_solution
>>> get_solution
  refine_solution: new weight 21233 (was 21435) in 0.000569 s
  refine_solution: new weight 21233 (was 21233) in 0.000525 s
15,,474,2159,38,,386,0,,21435,21233,7345,7345,7345,,610,3,@@

  handle_small_Steiner_degrees: steiner 0, suppress 0 in 1e-06 s
Starting round 16
Found 42 isolated vertices
Invalid ratios recomputed: 412
Best ratio is 521/2 (260.5), centered at 232
Finding the best star... Star with 3 terminals centered in 464
round took: 0.015336 s
|V| = 512, |E| = 2148, |R| = 36
>>> get_solution
>>> get_solution
  refine_solution: new weight 21243 (was 21244) in 0.000565 s
  refine_solution: new weight 21243 (was 21243) in 0.000519 s
16,,470,2148,36,,412,0,,21244,21243,7866,7866,7866,,521,3,@@

  delete_edges: deleted 22 edges in 0.008795 s and 22 rounds
  handle_small_Steiner_degrees: steiner 0, suppress 0 in 1e-06 s
Starting round 17
Found 45 isolated vertices
Invalid ratios recomputed: 426
Best ratio is 834/3 (278.0), centered at 162
Finding the best star... Star with 4 terminals centered in 464
round took: 0.016284 s
|V| = 512, |E| = 2107, |R| = 33
>>> get_solution
>>> get_solution
  refine_solution: new weight 20847 (was 20848) in 0.000571 s
  refine_solution: new weight 20847 (was 20847) in 0.000523 s
17,,467,2107,33,,426,0,,20848,20847,8700,8700,8700,,834,4,@@

  handle_small_Steiner_degrees: steiner 0, suppress 0 in 1e-06 s
Starting round 18
Found 50 isolated vertices
Invalid ratios recomputed: 430
Best ratio is 607/2 (303.5), centered at 176
Finding the best star... Star with 3 terminals centered in 464
round took: 0.016923 s
|V| = 512, |E| = 2089, |R| = 31
>>> get_solution
>>> get_solution
  refine_solution: new weight 20542 (was 20546) in 0.000571 s
  refine_solution: new weight 20542 (was 20542) in 0.00053 s
18,,462,2089,31,,430,0,,20546,20542,9307,9307,9307,,607,3,@@

  handle_small_Steiner_degrees: steiner 0, suppress 0 in 1e-06 s
Starting round 19
Found 54 isolated vertices
Invalid ratios recomputed: 429
Best ratio is 520/2 (260.0), centered at 185
Finding the best star... Star with 3 terminals centered in 464
round took: 0.017404 s
|V| = 512, |E| = 2076, |R| = 29
>>> get_solution
>>> get_solution
  refine_solution: new weight 20441 (was 20445) in 0.000573 s
  refine_solution: new weight 20441 (was 20441) in 0.000542 s
19,,458,2076,29,,429,0,,20445,20441,9827,9827,9827,,520,3,@@

  handle_small_Steiner_degrees: steiner 0, suppress 0 in 1e-06 s
Starting round 20
Found 57 isolated vertices
Invalid ratios recomputed: 429
Best ratio is 611/2 (305.5), centered at 417
Finding the best star... Star with 3 terminals centered in 464
round took: 0.017739 s
|V| = 512, |E| = 2062, |R| = 27
>>> get_solution
>>> get_solution
  refine_solution: new weight 20022 (was 20030) in 0.00058 s
  refine_solution: new weight 20022 (was 20022) in 0.000543 s
20,,455,2062,27,,429,0,,20030,20022,10438,10438,10438,,611,3,@@

  handle_small_Steiner_degrees: steiner 0, suppress 0 in 1e-06 s
Starting round 21
Found 61 isolated vertices
Invalid ratios recomputed: 432
Best ratio is 608/2 (304.0), centered at 481
Finding the best star... Star with 3 terminals centered in 464
round took: 0.018428 s
|V| = 512, |E| = 2043, |R| = 25
>>> get_solution
>>> get_solution
  refine_solution: new weight 19928 (was 19932) in 0.000585 s
  refine_solution: new weight 19928 (was 19928) in 0.000548 s
21,,451,2043,25,,432,0,,19932,19928,11046,11046,11046,,608,3,@@

  handle_small_Steiner_degrees: steiner 0, suppress 0 in 1e-06 s
Starting round 22
Found 65 isolated vertices
Invalid ratios recomputed: 432
Best ratio is 1224/4 (306.0), centered at 494
Finding the best star... Star with 5 terminals centered in 464
round took: 0.018955 s
|V| = 512, |E| = 2009, |R| = 21
>>> get_solution
>>> get_solution
  refine_solution: new weight 19624 (was 19628) in 0.000603 s
  refine_solution: new weight 19624 (was 19624) in 0.000547 s
22,,447,2009,21,,432,0,,19628,19624,12270,12270,12270,,1224,5,@@

  handle_small_Steiner_degrees: steiner 0, suppress 0 in 1e-06 s
Starting round 23
Found 73 isolated vertices
Invalid ratios recomputed: 429
Best ratio is 612/2 (306.0), centered at 215
Finding the best star... Star with 3 terminals centered in 211
round took: 0.019562 s
|V| = 512, |E| = 2003, |R| = 19
>>> get_solution
>>> get_solution
  refine_solution: new weight 19222 (was 19226) in 0.000593 s
  refine_solution: new weight 19222 (was 19222) in 0.000546 s
23,,439,2003,19,,429,0,,19226,19222,12882,12882,12882,,612,3,@@

  handle_small_Steiner_degrees: steiner 0, suppress 0 in 1e-06 s
Starting round 24
Found 76 isolated vertices
Invalid ratios recomputed: 186
Best ratio is 527/2 (263.5), centered at 407
Finding the best star... Star with 3 terminals centered in 391
round took: 0.008811 s
|V| = 512, |E| = 1978, |R| = 17
>>> get_solution
>>> get_solution
  refine_solution: new weight 19032 (was 19036) in 0.000648 s
  refine_solution: new weight 19032 (was 19032) in 0.000559 s
24,,436,1978,17,,186,0,,19036,19032,13409,13409,13409,,527,3,@@

  handle_small_Steiner_degrees: steiner 0, suppress 0 in 1e-06 s
Starting round 25
Found 80 isolated vertices
Invalid ratios recomputed: 429
Best ratio is 920/3 (306.7), centered at 96
Finding the best star... Star with 4 terminals centered in 64
round took: 0.020532 s
|V| = 512, |E| = 1951, |R| = 14
>>> get_solution
>>> get_solution
  refine_solution: new weight 18825 (was 18829) in 0.000609 s
  refine_solution: new weight 18825 (was 18825) in 0.000565 s
25,,432,1951,14,,429,0,,18829,18825,14329,14329,14329,,920,4,@@

  handle_small_Steiner_degrees: steiner 0, suppress 0 in 1e-06 s
Starting round 26
Found 86 isolated vertices
Invalid ratios recomputed: 424
Best ratio is 611/2 (305.5), centered at 113
Finding the best star... Star with 3 terminals centered in 368
round took: 0.020362 s
|V| = 512, |E| = 1929, |R| = 12
>>> get_solution
>>> get_solution
  refine_solution: new weight 18725 (was 18729) in 0.000617 s
  refine_solution: new weight 18725 (was 18725) in 0.000563 s
26,,426,1929,12,,424,0,,18729,18725,14940,14940,14940,,611,3,@@

  handle_small_Steiner_degrees: steiner 0, suppress 0 in 1e-06 s
Starting round 27
Found 90 isolated vertices
Invalid ratios recomputed: 422
Best ratio is 612/2 (306.0), centered at 355
Finding the best star... Star with 3 terminals centered in 323
round took: 0.020458 s
|V| = 512, |E| = 1911, |R| = 10
>>> get_solution
>>> get_solution
  refine_solution: new weight 18507 (was 18511) in 0.000622 s
  refine_solution: new weight 18507 (was 18507) in 0.000577 s
27,,422,1911,10,,422,0,,18511,18507,15552,15552,15552,,612,3,@@

  handle_small_Steiner_degrees: steiner 0, suppress 0 in 0 s
Starting round 28
Found 94 isolated vertices
Invalid ratios recomputed: 418
Best ratio is 608/2 (304.0), centered at 103
Finding the best star... Star with 3 terminals centered in 47
round took: 0.020477 s
|V| = 512, |E| = 1886, |R| = 8
>>> get_solution
>>> get_solution
  refine_solution: new weight 18507 (was 18511) in 0.000622 s
  refine_solution: new weight 18507 (was 18507) in 0.000567 s
28,,418,1886,8,,418,0,,18511,18507,16160,16160,16160,,608,3,@@

  handle_small_Steiner_degrees: steiner 0, suppress 0 in 0 s
Starting round 29
Found 98 isolated vertices
Invalid ratios recomputed: 414
Best ratio is 307/1 (307.0), centered at 47
Finding the best star... Star with 2 terminals centered in 411
round took: 0.020256 s
|V| = 512, |E| = 1873, |R| = 7
>>> get_solution
>>> get_solution
  refine_solution: new weight 18507 (was 18511) in 0.000624 s
  refine_solution: new weight 18507 (was 18507) in 0.000574 s
29,,414,1873,7,,414,0,,18511,18507,16467,16467,16467,,307,2,@@

  handle_small_Steiner_degrees: steiner 0, suppress 0 in 0 s
Starting round 30
Found 100 isolated vertices
Invalid ratios recomputed: 412
Best ratio is 616/2 (308.0), centered at 411
Finding the best star... Star with 3 terminals centered in 358
round took: 0.020155 s
|V| = 512, |E| = 1854, |R| = 5
>>> get_solution
>>> get_solution
  refine_solution: new weight 18507 (was 18511) in 0.000621 s
  refine_solution: new weight 18507 (was 18507) in 0.000565 s
30,,412,1854,5,,412,0,,18511,18507,17083,17083,17083,,616,3,@@

  handle_small_Steiner_degrees: steiner 0, suppress 0 in 1e-06 s
Starting round 31
Found 103 isolated vertices
Invalid ratios recomputed: 409
Best ratio is 309/1 (309.0), centered at 21
Finding the best star... Star with 2 terminals centered in 358
round took: 0.019825 s
|V| = 512, |E| = 1852, |R| = 4
>>> get_solution
>>> get_solution
  refine_solution: new weight 18507 (was 18511) in 0.000616 s
  refine_solution: new weight 18507 (was 18507) in 0.000566 s
31,,409,1852,4,,409,0,,18511,18507,17392,17392,17392,,309,2,@@

  handle_small_Steiner_degrees: steiner 0, suppress 0 in 0 s
Starting round 32
Found 104 isolated vertices
Invalid ratios recomputed: 408
Best ratio is 310/1 (310.0), centered at 107
Finding the best star... Star with 2 terminals centered in 358
round took: 0.019288 s
|V| = 512, |E| = 1842, |R| = 3
>>> get_solution
>>> get_solution
  refine_solution: new weight 18413 (was 18417) in 0.000635 s
  refine_solution: new weight 18413 (was 18413) in 0.000568 s
32,,408,1842,3,,408,0,,18417,18413,17702,17702,17702,,310,2,@@

  handle_small_Steiner_degrees: steiner 0, suppress 0 in 0 s
Starting round 33
Found 106 isolated vertices
Invalid ratios recomputed: 406
Best ratio is 311/1 (311.0), centered at 11
Finding the best star... Star with 2 terminals centered in 11
round took: 0.018891 s
|V| = 512, |E| = 1831, |R| = 2
>>> get_solution
>>> get_solution
  refine_solution: new weight 18321 (was 18325) in 0.000624 s
  refine_solution: new weight 18321 (was 18321) in 0.00057 s
33,,406,1831,2,,406,0,,18325,18321,18013,18013,18013,,311,2,@@

  handle_small_Steiner_degrees: steiner 0, suppress 0 in 1e-06 s
Starting round 34
Found 108 isolated vertices
Invalid ratios recomputed: 404
Best ratio is 312/1 (312.0), centered at 11
Finding the best star... Star with 2 terminals centered in 11
round took: 0.018454 s
|V| = 512, |E| = 1819, |R| = 1
>>> get_solution
>>> get_solution
  refine_solution: new weight 18321 (was 18325) in 0.000621 s
  refine_solution: new weight 18321 (was 18321) in 0.000569 s
34,,404,1819,1,,404,0,,18325,18321,18325,18325,18325,,312,2,@@

  handle_small_Steiner_degrees: steiner 0, suppress 0 in 1e-06 s
contract_till_the_bitter_end: 0.573835 s

Calling end_heu
>>> get_solution
Saved weight 0
DŽ: 18325 -> 18231
  BEST solution improved 18325 -> 18231 (vert_size 0, round 1) *
  BEST solution improved 18231 -> 18227 (vert_size 4, round 15)
  BEST solution improved 18227 -> 18219 (vert_size 2, round 64) *
  BEST solution improved 18219 -> 18216 (vert_size 3, round 91)
  BEST solution improved 18216 -> 18211 (vert_size 2, round 122)
  BEST solution improved 18211 -> 18208 (vert_size 4, round 135)
  BEST solution improved 18208 -> 18205 (vert_size 2, round 159)
  BEST solution improved 18205 -> 18108 (vert_size 2, round 227) *
  BEST solution improved 18108 -> 18004 (vert_size 4, round 237)
  BEST solution improved 18004 -> 18003 (vert_size 4, round 419) *
  BEST solution improved 18004 -> 18001 (vert_size 4, round 635) *
  BEST solution improved 18001 -> 17898 (vert_size 7, round 879) *
DŽ: 17898 -> 17898
DŽ: 18211 -> 18312
DŽ: 18193 -> 18403
DŽ: 17898 -> 17898
DŽ: 17898 -> 17990
DŽ: 18299 -> 18299
DŽ: 18160 -> 18164
DŽ: 18299 -> 18299
DŽ: 18004 -> 18004
  BEST solution improved 17909 -> 17815 (vert_size 4, round 9241) *
DŽ: 17815 -> 17815
DŽ: 17815 -> 17815
DŽ: 18161 -> 18256
DŽ: 18065 -> 18065
DŽ: 18047 -> 18146
DŽ: 17815 -> 17815
DŽ: 17978 -> 17980
DŽ: 18067 -> 18074
DŽ: 18101 -> 18101
DŽ: 17815 -> 17815
DŽ: 18046 -> 18149
DŽ: 18148 -> 18152
DŽ: 17815 -> 17815
DŽ: 17888 -> 17987
DŽ: 18161 -> 18260
DŽ: 17978 -> 18078
DŽ: 18060 -> 18157

 start over 26697 loops 157 unique solutions 
Original + vert_size 13 
DŽ: 18325 -> 18311
DŽ: 18072 -> 18072
DŽ: 17815 -> 17815
DŽ: 17815 -> 17820
  BEST solution improved 17820 -> 17727 (vert_size 2, round 29008) *
DŽ: 17727 -> 17727
DŽ: 17988 -> 17988
DŽ: 18066 -> 18263
DŽ: 17988 -> 18180
DŽ: 18066 -> 18171
DŽ: 18161 -> 18260
DŽ: 17727 -> 17824
DŽ: 17890 -> 17982
DŽ: 17968 -> 17968
DŽ: 17727 -> 17727
DŽ: 18159 -> 18356
DŽ: 17727 -> 17727
DŽ: 17727 -> 17727
DŽ: 18260 -> 18178
DŽ: 17876 -> 17974
DŽ: 17988 -> 17988
DŽ: 17988 -> 17988
DŽ: 18065 -> 18256
DŽ: 18058 -> 18255
DŽ: 17988 -> 17988
DŽ: 17727 -> 17727

 start over 50412 loops 182 unique solutions 
Original + vert_size 13 
DŽ: 18325 -> 18513
DŽ: 17727 -> 17727
DŽ: 17968 -> 18066
DŽ: 18068 -> 18068
DŽ: 17903 -> 18212
DŽ: 18014 -> 18216
DŽ: 17988 -> 17988
DŽ: 17727 -> 17727
DŽ: 18072 -> 18179
DŽ: 17974 -> 18072
DŽ: 17727 -> 17896
DŽ: 17987 -> 18086
DŽ: 17987 -> 18084
DŽ: 18000 -> 17992
DŽ: 17989 -> 18083
DŽ: 17727 -> 18003
  BEST solution improved 17730 -> 17636 (vert_size 4, round 65679) *
  BEST solution improved 17636 -> 17635 (vert_size 2, round 65737)
  BEST solution improved 17635 -> 17634 (vert_size 1, round 65858)
DŽ: 17634 -> 17634
DŽ: 17634 -> 17634
DŽ: 17635 -> 17809
DŽ: 17634 -> 17634
DŽ: 17723 -> 17825
DŽ: 17725 -> 17725
DŽ: 17634 -> 17634
DŽ: 17722 -> 17803
  BEST solution improved 17719 -> 17624 (vert_size 4, round 73306) *
DŽ: 17624 -> 17624
  BEST solution improved 17721 -> 17621 (vert_size 2, round 74712) *
DŽ: 17621 -> 17621
DŽ: 17975 -> 18073

 start over 76168 loops 204 unique solutions 
Approx + random 
DŽ: 24696 -> 19274
DŽ: 17621 -> 17621
DŽ: 17621 -> 17621
DŽ: 19228 -> 19209
DŽ: 17621 -> 17621
DŽ: 17919 -> 18105
DŽ: 17621 -> 17621
DŽ: 17621 -> 17813
DŽ: 17621 -> 17900
DŽ: 17621 -> 17621
DŽ: 18194 -> 18193
DŽ: 18073 -> 18190
DŽ: 18069 -> 18267
DŽ: 17621 -> 17807
DŽ: 18073 -> 18074
DŽ: 17621 -> 17621
DŽ: 18264 -> 18540
DŽ: 17801 -> 17801
DŽ: 18159 -> 18167
DŽ: 17621 -> 17621
DŽ: 18072 -> 18269

 start over 96719 loops 232 unique solutions 
Original + vert_size 0 
DŽ: 18325 -> 18231
DŽ: 17621 -> 17621
DŽ: 18073 -> 18174
DŽ: 17708 -> 17812
DŽ: 18031 -> 18028
DŽ: 17712 -> 17712
DŽ: 17794 -> 17794
DŽ: 17621 -> 17621
DŽ: 17621 -> 17621
DŽ: 17621 -> 17621
DŽ: 17801 -> 17801
DŽ: 18082 -> 18082
DŽ: 17621 -> 17621
DŽ: 18179 -> 18179
DŽ: 18500 -> 18299
DŽ: 18077 -> 18177
DŽ: 17621 -> 17621
DŽ: 18079 -> 18079
DŽ: 18071 -> 18171
DŽ: 18001 -> 18001
DŽ: 17910 -> 17910
DŽ: 17621 -> 17621
DŽ: 18079 -> 18079
DŽ: 17621 -> 17621
DŽ: 18067 -> 18172

 start over 120343 loops 247 unique solutions 
Original + vert_size 0 
DŽ: 18325 -> 18231
DŽ: 18222 -> 18314
DŽ: 18077 -> 18077
DŽ: 17621 -> 17621
DŽ: 17621 -> 17621
DŽ: 17910 -> 17910
DŽ: 17907 -> 17907
DŽ: 17805 -> 17900
DŽ: 17621 -> 17621
DŽ: 18021 -> 18024
DŽ: 17621 -> 17621
DŽ: 17621 -> 17621
  BEST solution improved 17698 -> 17603 (vert_size 4, round 131434) *
  BEST solution improved 17603 -> 17602 (vert_size 2, round 131499)
  BEST solution improved 17602 -> 17601 (vert_size 7, round 131827) *
  BEST solution improved 17601 -> 17594 (vert_size 2, round 131838) *
DŽ: 17594 -> 17594
DŽ: 17793 -> 17891
  BEST solution improved 17603 -> 17519 (vert_size 7, round 133519) *
DŽ: 17519 -> 17519
DŽ: 17621 -> 17621
DŽ: 17519 -> 17519
DŽ: 18128 -> 18316
DŽ: 18090 -> 18090
DŽ: 18131 -> 18134
DŽ: 17694 -> 17785
  BEST solution improved 17596 -> 17499 (vert_size 7, round 140391) *
  BEST solution improved 17499 -> 17494 (vert_size 4, round 140468)
  BEST solution improved 17494 -> 17493 (vert_size 4, round 140580)
  BEST solution improved 17493 -> 17490 (vert_size 1, round 140608)
DŽ: 17490 -> 17490
  BEST solution improved 17490 -> 17484 (vert_size 4, round 141083)
DŽ: 17484 -> 17484
DŽ: 17848 -> 17848
  BEST solution improved 17488 -> 17386 (vert_size 4, round 143925) *
DŽ: 17386 -> 17386
DŽ: 18105 -> 18103
DŽ: 17692 -> 17781
DŽ: 17590 -> 17590

 start over 147174 loops 271 unique solutions 
Original + vert_size 0 
DŽ: 18325 -> 18321
DŽ: 17608 -> 17706
DŽ: 17386 -> 17386
DŽ: 17621 -> 17716
DŽ: 18089 -> 18287
DŽ: 17621 -> 17718
DŽ: 18100 -> 18192
DŽ: 17918 -> 18013
DŽ: 18065 -> 18156
DŽ: 17713 -> 17799
DŽ: 18077 -> 18077
DŽ: 17915 -> 17915
DŽ: 17820 -> 18207
DŽ: 17701 -> 17993
DŽ: 17593 -> 17593
DŽ: 17386 -> 17386
DŽ: 17778 -> 17778
DŽ: 17694 -> 17684
DŽ: 17823 -> 17823
DŽ: 17386 -> 17386
DŽ: 17386 -> 17386
DŽ: 17386 -> 17386
DŽ: 17831 -> 17831
DŽ: 17386 -> 17386
DŽ: 17915 -> 18013

 start over 171980 loops 299 unique solutions 
Approx + random 
DŽ: 24696 -> 19258
DŽ: 17921 -> 17921
DŽ: 18073 -> 18080
DŽ: 17836 -> 17836
DŽ: 17386 -> 17386
DŽ: 18069 -> 18175
DŽ: 17386 -> 17386
DŽ: 18062 -> 18062
DŽ: 18187 -> 18187
DŽ: 17386 -> 17386
DŽ: 17386 -> 17386
DŽ: 17883 -> 17883
DŽ: 17879 -> 17970
DŽ: 18073 -> 18267
DŽ: 18074 -> 18173
DŽ: 17866 -> 17963
DŽ: 17969 -> 17969
DŽ: 17969 -> 17884
DŽ: 17884 -> 17886
DŽ: 17386 -> 17386

 start over 190933 loops 318 unique solutions 
Original + vert_size 13 
DŽ: 18325 -> 18337
DŽ: 17386 -> 17386
DŽ: 17386 -> 17386
DŽ: 17969 -> 18068
DŽ: 17386 -> 17386
DŽ: 17386 -> 17386
DŽ: 18184 -> 18378
DŽ: 17959 -> 17961
DŽ: 17386 -> 17386
DŽ: 17386 -> 17386
DŽ: 17386 -> 17386
DŽ: 17386 -> 17386
DŽ: 17386 -> 17386
DŽ: 17386 -> 17386
DŽ: 18058 -> 18153
DŽ: 18167 -> 18167
DŽ: 17386 -> 17386
DŽ: 18055 -> 18059

 start over 207759 loops 338 unique solutions 
Approx + random 
DŽ: 24696 -> 19265
DŽ: 18168 -> 18263
DŽ: 17386 -> 17386
DŽ: 17386 -> 17386
DŽ: 18170 -> 18267
DŽ: 19147 -> 19296
DŽ: 18171 -> 18286
DŽ: 17386 -> 17386
DŽ: 17386 -> 17386
DŽ: 18163 -> 18261
DŽ: 18170 -> 18275
DŽ: 17969 -> 17975
DŽ: 17386 -> 17386
DŽ: 17868 -> 17961
DŽ: 17969 -> 18062
DŽ: 17386 -> 17386
DŽ: 17877 -> 17972
DŽ: 17386 -> 17386

 start over 224482 loops 358 unique solutions 
Original + vert_size 13 
DŽ: 18325 -> 18337
DŽ: 17963 -> 18055
DŽ: 17830 -> 17830
DŽ: 18374 -> 18299
DŽ: 18261 -> 18262
DŽ: 17386 -> 17386
DŽ: 17386 -> 17386
DŽ: 18469 -> 18469
DŽ: 17867 -> 17868
DŽ: 17883 -> 17883
DŽ: 18262 -> 18262
DŽ: 17956 -> 18137
DŽ: 18165 -> 18263
DŽ: 18165 -> 18165
DŽ: 17963 -> 17963
DŽ: 17881 -> 17881
DŽ: 17867 -> 17867
DŽ: 18185 -> 18185
DŽ: 17386 -> 17386
DŽ: 17841 -> 17841
DŽ: 17386 -> 17386
DŽ: 18061 -> 18061

 start over 245059 loops 370 unique solutions 
Original + vert_size 0 
DŽ: 18325 -> 18321
DŽ: 17878 -> 17878
DŽ: 17881 -> 17978
DŽ: 17969 -> 17969
DŽ: 17747 -> 17936
DŽ: 17386 -> 17386
DŽ: 17964 -> 18069
DŽ: 17386 -> 17386
DŽ: 17386 -> 17386
DŽ: 17992 -> 18087
DŽ: 17964 -> 18056
DŽ: 17959 -> 17959
DŽ: 17879 -> 17879
DŽ: 17928 -> 17932
DŽ: 17899 -> 17899
DŽ: 17959 -> 17959
DŽ: 17963 -> 17963
DŽ: 17386 -> 17386
DŽ: 17914 -> 18017
DŽ: 17881 -> 17881
DŽ: 17878 -> 17960

 start over 265237 loops 388 unique solutions 
Original + vert_size 0 
DŽ: 18325 -> 18321
DŽ: 17386 -> 17386
DŽ: 17386 -> 17386
DŽ: 17386 -> 17386
DŽ: 17994 -> 17994
DŽ: 17879 -> 17867
DŽ: 17386 -> 17386
DŽ: 17994 -> 18206
DŽ: 18006 -> 18104
DŽ: 17899 -> 17905
DŽ: 18001 -> 18004
DŽ: 17386 -> 17386
DŽ: 17386 -> 17386
DŽ: 17867 -> 17967
DŽ: 17386 -> 17386
DŽ: 17867 -> 17968
DŽ: 17386 -> 17386
DŽ: 17386 -> 17386
DŽ: 18099 -> 18100

 start over 283054 loops 408 unique solutions 
Approx + random 
DŽ: 24696 -> 19530
DŽ: 17992 -> 18181
DŽ: 17386 -> 17386
DŽ: 17386 -> 17386
DŽ: 18082 -> 18086
DŽ: 17991 -> 17896
DŽ: 18275 -> 18468
DŽ: 17386 -> 17386
DŽ: 18174 -> 18174
DŽ: 17386 -> 17386
DŽ: 18376 -> 18376
DŽ: 18182 -> 18186
DŽ: 18174 -> 18174
DŽ: 18184 -> 18184

 start over 296770 loops 423 unique solutions 
Original + vert_size 13 
DŽ: 18325 -> 18411
DŽ: 17386 -> 17386
DŽ: 18229 -> 18229
DŽ: 18178 -> 18278
DŽ: 18178 -> 18367
DŽ: 17386 -> 17386
DŽ: 18178 -> 18086
DŽ: 17386 -> 17386
DŽ: 18080 -> 18080
DŽ: 17386 -> 17386
DŽ: 18208 -> 18310
DŽ: 18225 -> 18317
DŽ: 17386 -> 17386
DŽ: 18086 -> 18082
DŽ: 18106 -> 18092
DŽ: 17893 -> 17893
DŽ: 17386 -> 17386
DŽ: 17386 -> 17386
DŽ: 17889 -> 17889
DŽ: 18184 -> 18184

 start over 315299 loops 443 unique solutions 
Original + vert_size 0 
DŽ: 18325 -> 18321
DŽ: 17898 -> 17898
DŽ: 17386 -> 17386
DŽ: 17386 -> 17386
DŽ: 18212 -> 18407
DŽ: 17986 -> 17992
DŽ: 18173 -> 18373
DŽ: 18181 -> 18281
DŽ: 18218 -> 18315
DŽ: 18084 -> 18091
DŽ: 17386 -> 17386
DŽ: 17790 -> 17993
DŽ: 17796 -> 17796
DŽ: 17990 -> 17990
DŽ: 17808 -> 17808
DŽ: 18100 -> 18206
DŽ: 18100 -> 18297
DŽ: 18206 -> 18310
DŽ: 17386 -> 17386
DŽ: 18082 -> 18082
DŽ: 18009 -> 18107
DŽ: 17885 -> 17885

 start over 336832 loops 464 unique solutions 
Original + vert_size 0 
DŽ: 18325 -> 18321
DŽ: 17804 -> 17804
DŽ: 18080 -> 18175
DŽ: 17386 -> 17386
DŽ: 17800 -> 17895
DŽ: 17386 -> 17386
DŽ: 17386 -> 17386
DŽ: 17990 -> 17990
DŽ: 18271 -> 18271
DŽ: 17386 -> 17386
DŽ: 17877 -> 17877
DŽ: 17386 -> 17386
DŽ: 17896 -> 17996
DŽ: 17982 -> 17982
DŽ: 17971 -> 17973
DŽ: 17970 -> 17972
DŽ: 17386 -> 17386
DŽ: 17386 -> 17386
DŽ: 17888 -> 17987
DŽ: 18001 -> 18007
DŽ: 17386 -> 17386
DŽ: 17882 -> 17882

 start over 357337 loops 479 unique solutions 
Original + vert_size 0 
DŽ: 18325 -> 18226
DŽ: 17705 -> 17791
DŽ: 17992 -> 17992
DŽ: 17782 -> 17782
DŽ: 17386 -> 17486
DŽ: 17386 -> 17386
DŽ: 17910 -> 17910
DŽ: 17996 -> 17996
DŽ: 17386 -> 17386
DŽ: 17991 -> 17991
DŽ: 17991 -> 17991
DŽ: 17386 -> 17386
DŽ: 17991 -> 18286
DŽ: 17386 -> 17386
DŽ: 17906 -> 18000
DŽ: 17991 -> 17991
DŽ: 17386 -> 17386
DŽ: 17995 -> 17995
DŽ: 17386 -> 17386
DŽ: 17386 -> 17386
DŽ: 17907 -> 17907

 start over 377508 loops 496 unique solutions 
Original + vert_size 13 
DŽ: 18325 -> 18413
DŽ: 17386 -> 17386
DŽ: 18203 -> 18396
DŽ: 17907 -> 18000
DŽ: 18203 -> 18304
DŽ: 17907 -> 18008
DŽ: 17386 -> 17386
DŽ: 18170 -> 18174
DŽ: 17386 -> 17386
DŽ: 17887 -> 17895
DŽ: 18223 -> 18223
DŽ: 17386 -> 17386
DŽ: 18072 -> 18168
DŽ: 18105 -> 18113
DŽ: 17996 -> 17996
DŽ: 17978 -> 18073
DŽ: 17906 -> 17906
DŽ: 18073 -> 18175
DŽ: 18302 -> 18404
DŽ: 17386 -> 17386
DŽ: 17909 -> 17995
DŽ: 17875 -> 17875
DŽ: 17789 -> 17796

 start over 399417 loops 525 unique solutions 
Original + vert_size 0 
DŽ: 18325 -> 18321
DŽ: 17972 -> 18068
DŽ: 17791 -> 17791
DŽ: 18064 -> 18064
DŽ: 17386 -> 17386
DŽ: 17386 -> 17386
DŽ: 17907 -> 18105
DŽ: 17791 -> 17791
DŽ: 17909 -> 17996
DŽ: 17791 -> 17791
DŽ: 17386 -> 17386
DŽ: 17959 -> 17959
DŽ: 17964 -> 17964
DŽ: 17971 -> 17971
DŽ: 17996 -> 18094
DŽ: 18084 -> 18084
DŽ: 17871 -> 17968
DŽ: 17871 -> 17871
DŽ: 17968 -> 17968

 start over 417617 loops 536 unique solutions 
Approx + random 
DŽ: 24696 -> 19863
DŽ: 17871 -> 17871
DŽ: 17872 -> 17975
DŽ: 17386 -> 17386
DŽ: 17971 -> 17977
DŽ: 17907 -> 17907
DŽ: 17386 -> 17386
DŽ: 17791 -> 17791
DŽ: 17386 -> 17386
DŽ: 17386 -> 17386
DŽ: 18095 -> 18096
DŽ: 17871 -> 17871
DŽ: 17872 -> 17872
DŽ: 17791 -> 17791
DŽ: 18509 -> 18608
DŽ: 17962 -> 17878
DŽ: 17386 -> 17386
DŽ: 17386 -> 17386
DŽ: 17872 -> 17969
DŽ: 17386 -> 17386
DŽ: 17868 -> 17872
DŽ: 17881 -> 17885
DŽ: 17874 -> 17976
DŽ: 17386 -> 17386

 start over 440291 loops 562 unique solutions 
Approx + random 
DŽ: 24696 -> 19293
DŽ: 17959 -> 18053
DŽ: 17785 -> 18083
DŽ: 17871 -> 17871
DŽ: 17957 -> 18154
DŽ: 17862 -> 17961
DŽ: 18049 -> 18049
DŽ: 19100 -> 18796
DŽ: 17962 -> 18256
DŽ: 18796 -> 18796
DŽ: 18342 -> 18440
DŽ: 18683 -> 18679
DŽ: 18069 -> 18069
DŽ: 17386 -> 17386
DŽ: 17956 -> 18051
DŽ: 17996 -> 18090

 start over 455787 loops 587 unique solutions 
Original + vert_size 0 
DŽ: 18325 -> 18321
DŽ: 17955 -> 18055
DŽ: 18170 -> 18364
DŽ: 18052 -> 18067
DŽ: 17954 -> 18151
DŽ: 17955 -> 17955
DŽ: 17386 -> 17386
DŽ: 18053 -> 18053
DŽ: 17841 -> 17943
DŽ: 17945 -> 17945
DŽ: 18067 -> 18067
DŽ: 17939 -> 18135
DŽ: 17386 -> 17386
DŽ: 17386 -> 17386
DŽ: 18151 -> 18341
DŽ: 17386 -> 17386
DŽ: 17386 -> 17386
DŽ: 17386 -> 17386
DŽ: 18047 -> 18047
DŽ: 17947 -> 17947

 start over 474933 loops 598 unique solutions 
Original + vert_size 13 
DŽ: 18325 -> 18423
DŽ: 17386 -> 17386
DŽ: 17386 -> 17386
DŽ: 17386 -> 17386
DŽ: 18193 -> 18484
DŽ: 17950 -> 18046
DŽ: 17960 -> 17960
DŽ: 17987 -> 17987
DŽ: 17946 -> 17946
DŽ: 18187 -> 18385
DŽ: 17976 -> 17972
DŽ: 17386 -> 17386
DŽ: 18279 -> 18280
DŽ: 18086 -> 18270
DŽ: 17386 -> 17386
DŽ: 17386 -> 17386
DŽ: 18083 -> 18083

 start over 490536 loops 613 unique solutions 
Approx + random 
DŽ: 24696 -> 19777
DŽ: 18087 -> 17993
DŽ: 18168 -> 18172
DŽ: 17386 -> 17386
DŽ: 17983 -> 18073
DŽ: 17386 -> 17386
DŽ: 17984 -> 17982
DŽ: 18087 -> 18283
DŽ: 19502 -> 19081
DŽ: 18107 -> 18196
DŽ: 17961 -> 18156
DŽ: 18199 -> 18199
DŽ: 18075 -> 18272
DŽ: 17961 -> 17961
DŽ: 17386 -> 17386
DŽ: 17386 -> 17386
DŽ: 18189 -> 18189
DŽ: 17864 -> 17864

 start over 507592 loops 635 unique solutions 
Approx + random 
DŽ: 24696 -> 19059
DŽ: 17386 -> 17386
DŽ: 18193 -> 18293
DŽ: 18004 -> 18004
DŽ: 17386 -> 17386
DŽ: 17864 -> 17864
DŽ: 17961 -> 17961
DŽ: 18639 -> 18541
DŽ: 17386 -> 17386
DŽ: 18004 -> 18004
DŽ: 18315 -> 18506
DŽ: 18003 -> 18215
DŽ: 18205 -> 18306
DŽ: 17386 -> 17386
DŽ: 17996 -> 18012
DŽ: 18392 -> 18295
DŽ: 17386 -> 17386
DŽ: 18007 -> 18099

 start over 524913 loops 649 unique solutions 
Original + vert_size 0 
DŽ: 18325 -> 18321
DŽ: 17386 -> 17386
DŽ: 17908 -> 18000
DŽ: 18102 -> 18195
DŽ: 18195 -> 18195
DŽ: 17386 -> 17386
DŽ: 18002 -> 18021
DŽ: 17386 -> 17386
DŽ: 17386 -> 17386
DŽ: 17923 -> 17926
DŽ: 17921 -> 18207
DŽ: 17910 -> 18096
DŽ: 17386 -> 17386
DŽ: 18003 -> 18006
DŽ: 17386 -> 17386
DŽ: 17939 -> 17940
DŽ: 17872 -> 18186
DŽ: 17386 -> 17386
DŽ: 17386 -> 17386
DŽ: 17386 -> 17386
DŽ: 17995 -> 17995

 start over 544364 loops 664 unique solutions 
Original + vert_size 0 
DŽ: 18325 -> 18321
DŽ: 17386 -> 17386
DŽ: 18090 -> 18090
DŽ: 17986 -> 17986
DŽ: 17386 -> 17386
DŽ: 18000 -> 18097
DŽ: 17877 -> 17877
DŽ: 17923 -> 17923
DŽ: 17881 -> 17983
DŽ: 18005 -> 18103
DŽ: 17386 -> 17386
DŽ: 17386 -> 17386
DŽ: 18103 -> 18223
DŽ: 17796 -> 17797
DŽ: 17978 -> 18077
DŽ: 17386 -> 17386
DŽ: 17986 -> 17986
DŽ: 17891 -> 17887
DŽ: 17887 -> 17887
DŽ: 17923 -> 18125

 start over 563914 loops 685 unique solutions 
Original + vert_size 0 
DŽ: 18325 -> 18321
DŽ: 17789 -> 17882
DŽ: 18082 -> 18083
DŽ: 17386 -> 17386
DŽ: 18005 -> 18006
DŽ: 17386 -> 17483
  BEST solution improved 17478 -> 17384 (vert_size 4, round 568671) *
  BEST solution improved 17384 -> 17378 (vert_size 2, round 568679)
  BEST solution improved 17378 -> 17375 (vert_size 2, round 568759)
DŽ: 17375 -> 17375
DŽ: 17375 -> 17375
DŽ: 18097 -> 18293
DŽ: 17991 -> 18087
DŽ: 18101 -> 18299
DŽ: 18309 -> 18302
DŽ: 18001 -> 18093
DŽ: 17375 -> 17375
DŽ: 17375 -> 17375
DŽ: 17463 -> 17463
DŽ: 17375 -> 17375
DŽ: 17375 -> 17375
DŽ: 18099 -> 18195
DŽ: 18102 -> 18192
DŽ: 17999 -> 18101
DŽ: 18104 -> 18205

 start over 584043 loops 703 unique solutions 
Approx + random 
DŽ: 24696 -> 19256
DŽ: 17375 -> 17375
DŽ: 17992 -> 17999
DŽ: 19051 -> 19147
DŽ: 17375 -> 17375
DŽ: 18530 -> 18525
DŽ: 17375 -> 17375
DŽ: 18529 -> 18726
DŽ: 18237 -> 18336
DŽ: 18209 -> 18209
DŽ: 18326 -> 18217
DŽ: 17375 -> 17375
DŽ: 17375 -> 17375
DŽ: 18228 -> 18321
DŽ: 17375 -> 17375
DŽ: 18217 -> 18023
DŽ: 17899 -> 17996
DŽ: 18310 -> 18310

 start over 601476 loops 727 unique solutions 
Original + vert_size 0 
DŽ: 18325 -> 18321
DŽ: 17375 -> 17375
DŽ: 18319 -> 18321
DŽ: 17375 -> 17375
DŽ: 18310 -> 18310
DŽ: 18090 -> 18186
DŽ: 18316 -> 18316
DŽ: 17375 -> 17375
DŽ: 18191 -> 18191
DŽ: 18191 -> 18291
DŽ: 18313 -> 18596
DŽ: 18193 -> 18384
DŽ: 18213 -> 18121
DŽ: 17375 -> 17375
DŽ: 17375 -> 17375
DŽ: 17375 -> 17375
DŽ: 17898 -> 18111
DŽ: 17903 -> 18002
DŽ: 17375 -> 17375
DŽ: 17912 -> 18015

 start over 620533 loops 745 unique solutions 
Original + vert_size 13 
DŽ: 18325 -> 18413
DŽ: 18115 -> 18211
DŽ: 17375 -> 17375
DŽ: 17375 -> 17375
DŽ: 17625 -> 17825
DŽ: 18087 -> 18087
DŽ: 17724 -> 17618
DŽ: 17617 -> 17621
DŽ: 17375 -> 17375
DŽ: 17989 -> 17990
DŽ: 17616 -> 17720
DŽ: 18207 -> 18299
DŽ: 17375 -> 17375
DŽ: 18308 -> 18406
DŽ: 17689 -> 17689
DŽ: 17990 -> 18096
DŽ: 17991 -> 17991
DŽ: 18073 -> 18172
DŽ: 17375 -> 17375
DŽ: 17621 -> 17826
DŽ: 17375 -> 17375
DŽ: 17984 -> 17984
DŽ: 17990 -> 17991
DŽ: 17800 -> 17802

 start over 643656 loops 761 unique solutions 
Approx + random 
DŽ: 24696 -> 19635
DŽ: 17713 -> 17717
DŽ: 17805 -> 17805
DŽ: 17375 -> 17375
DŽ: 17375 -> 17375
DŽ: 17375 -> 17375
DŽ: 17375 -> 17375
DŽ: 17625 -> 17625
DŽ: 17625 -> 17625
DŽ: 18525 -> 18621
DŽ: 17709 -> 17709
DŽ: 17714 -> 17715
DŽ: 17375 -> 17375
DŽ: 17717 -> 17717
DŽ: 17713 -> 18109
DŽ: 17375 -> 17375
DŽ: 17375 -> 17375
DŽ: 17801 -> 17799
DŽ: 17598 -> 17598
DŽ: 17802 -> 17807
DŽ: 17989 -> 18087
DŽ: 17375 -> 17375
DŽ: 17982 -> 17982
DŽ: 17375 -> 17375
DŽ: 17375 -> 17375
DŽ: 17883 -> 17889
DŽ: 17987 -> 18083

 start over 669204 loops 782 unique solutions 
Approx + random 
DŽ: 24696 -> 18908
DŽ: 18186 -> 18186
DŽ: 17593 -> 17593
DŽ: 17375 -> 17375
DŽ: 17375 -> 17375
DŽ: 17375 -> 17375
DŽ: 17375 -> 17375
DŽ: 17619 -> 17619
DŽ: 17711 -> 17806
DŽ: 17610 -> 17708
DŽ: 17790 -> 17790
DŽ: 17610 -> 17610
DŽ: 17375 -> 17375
DŽ: 17375 -> 17375
DŽ: 17375 -> 17375
DŽ: 17375 -> 17375
DŽ: 17782 -> 17782
DŽ: 17375 -> 17480
DŽ: 17779 -> 17785
DŽ: 17787 -> 17884
DŽ: 17689 -> 17787
DŽ: 17375 -> 17375
DŽ: 17683 -> 17983
DŽ: 17610 -> 17709

 start over 692665 loops 810 unique solutions 
Original + vert_size 13 
DŽ: 18325 -> 18415
DŽ: 17693 -> 17790
DŽ: 17375 -> 17375
DŽ: 17702 -> 17809
DŽ: 17375 -> 17375
DŽ: 17375 -> 17375
DŽ: 17693 -> 17693
DŽ: 17686 -> 17964
DŽ: 17607 -> 17607
DŽ: 17375 -> 17375
DŽ: 17375 -> 17375
DŽ: 18282 -> 18282
DŽ: 17781 -> 17867
DŽ: 17789 -> 17789
DŽ: 17885 -> 17885
DŽ: 17784 -> 17687
DŽ: 17880 -> 17776
DŽ: 17375 -> 17375
DŽ: 17791 -> 17791
DŽ: 17784 -> 17784
DŽ: 17776 -> 17781
DŽ: 17594 -> 17771
DŽ: 17781 -> 17781
DŽ: 17776 -> 17776

 start over 715971 loops 826 unique solutions 
Original + vert_size 13 
DŽ: 18325 -> 18603
DŽ: 17607 -> 17607
DŽ: 17375 -> 17375
DŽ: 17691 -> 17885
DŽ: 17607 -> 17705
DŽ: 17694 -> 17791
DŽ: 17375 -> 17375
DŽ: 17875 -> 17972
DŽ: 17375 -> 17375
DŽ: 17375 -> 17375
DŽ: 17686 -> 17686
DŽ: 18407 -> 18405
DŽ: 18407 -> 18309
DŽ: 18209 -> 18003
DŽ: 17375 -> 17375
DŽ: 18309 -> 18215
DŽ: 18100 -> 18100
DŽ: 17375 -> 17375
DŽ: 17990 -> 18075
DŽ: 17691 -> 17795
DŽ: 17375 -> 17375
DŽ: 17793 -> 17687
DŽ: 17805 -> 17805
DŽ: 17893 -> 17982
DŽ: 17598 -> 17689
DŽ: 17375 -> 17375

 start over 740507 loops 856 unique solutions 
Approx + random 
DŽ: 24696 -> 19946
DŽ: 17790 -> 17889
DŽ: 17884 -> 17884
DŽ: 18954 -> 18876
DŽ: 17375 -> 17375
DŽ: 17375 -> 17375
DŽ: 17795 -> 17889
DŽ: 17782 -> 17879
DŽ: 17873 -> 17873
DŽ: 17776 -> 17776
DŽ: 18436 -> 18427
DŽ: 17972 -> 17869
DŽ: 17876 -> 18052
DŽ: 17375 -> 17375
DŽ: 18216 -> 18216
DŽ: 17375 -> 17375
DŽ: 18091 -> 18091
DŽ: 18055 -> 18055
DŽ: 17375 -> 17375
DŽ: 17863 -> 17863
DŽ: 18216 -> 18307
DŽ: 17859 -> 17869
DŽ: 17856 -> 17856
DŽ: 17853 -> 17954

 start over 763378 loops 877 unique solutions 
Approx + random 
DŽ: 24696 -> 19530
DŽ: 18430 -> 18414
DŽ: 17782 -> 17879
DŽ: 17902 -> 17902
DŽ: 17776 -> 17776
DŽ: 18474 -> 18474
DŽ: 18192 -> 18192
DŽ: 17873 -> 17869
DŽ: 19174 -> 19178
DŽ: 18278 -> 18185
DŽ: 17375 -> 17375
DŽ: 19069 -> 19077
DŽ: 19069 -> 19082
DŽ: 17375 -> 17375
DŽ: 17657 -> 17657
DŽ: 18091 -> 18092
DŽ: 17902 -> 18099

 start over 779130 loops 897 unique solutions 
Approx + random 
DŽ: 24696 -> 19134
DŽ: 17375 -> 17375
DŽ: 18160 -> 18160
DŽ: 18502 -> 18526
DŽ: 18091 -> 18094
DŽ: 17801 -> 17900
DŽ: 18042 -> 18039
DŽ: 17860 -> 17957
DŽ: 17375 -> 17375
DŽ: 17862 -> 17862
DŽ: 17771 -> 17771
DŽ: 17375 -> 17375
DŽ: 18295 -> 18295
DŽ: 18067 -> 18068
DŽ: 18364 -> 18563
DŽ: 17375 -> 17375
DŽ: 17801 -> 17896
DŽ: 17375 -> 17375
DŽ: 18364 -> 18460
DŽ: 17375 -> 17375
DŽ: 17375 -> 17375

 start over 799181 loops 913 unique solutions 
Original + vert_size 13 
DŽ: 18325 -> 18437
DŽ: 17874 -> 18071
DŽ: 17375 -> 17375
DŽ: 17867 -> 17867
DŽ: 17874 -> 17880
DŽ: 17866 -> 17958
DŽ: 17787 -> 17887
DŽ: 18048 -> 18048
DŽ: 17375 -> 17375
DŽ: 17375 -> 17375
DŽ: 17935 -> 17935
DŽ: 17375 -> 17375
DŽ: 17708 -> 17798
DŽ: 17375 -> 17375
DŽ: 18225 -> 18228
DŽ: 17690 -> 17792
DŽ: 17683 -> 17683
DŽ: 17375 -> 17375
DŽ: 17375 -> 17375
DŽ: 17375 -> 17375
DŽ: 17375 -> 17375
DŽ: 17958 -> 18159
DŽ: 17683 -> 17779
DŽ: 17791 -> 17791
DŽ: 17680 -> 17678

 start over 823175 loops 932 unique solutions 
Original + vert_size 0 
DŽ: 18325 -> 18321
DŽ: 17375 -> 17378
DŽ: 17375 -> 17375
DŽ: 17375 -> 17375
DŽ: 17375 -> 17375
DŽ: 17375 -> 17375
DŽ: 17793 -> 17786
DŽ: 18211 -> 18303
DŽ: 17375 -> 17375
DŽ: 17375 -> 17375
DŽ: 17375 -> 17375
DŽ: 18318 -> 18703
DŽ: 17802 -> 17802
DŽ: 17375 -> 17375
DŽ: 17375 -> 17375
DŽ: 18110 -> 18216
DŽ: 18077 -> 18077
DŽ: 17375 -> 17375
DŽ: 17904 -> 18005
DŽ: 17807 -> 17902
DŽ: 17958 -> 17958
DŽ: 17375 -> 17476
DŽ: 17375 -> 17375
DŽ: 17375 -> 17375

 start over 846628 loops 960 unique solutions 
Original + vert_size 0 
DŽ: 18325 -> 18321
DŽ: 17375 -> 17375
DŽ: 17375 -> 17375
DŽ: 18317 -> 18409
DŽ: 17771 -> 17967
DŽ: 17967 -> 17967
DŽ: 17375 -> 17375
DŽ: 17732 -> 17821
DŽ: 18034 -> 18137
DŽ: 17375 -> 17375
DŽ: 17675 -> 17675
DŽ: 17967 -> 17969
DŽ: 17675 -> 17675
DŽ: 17717 -> 17717
DŽ: 17672 -> 17773
DŽ: 17967 -> 17961
DŽ: 17616 -> 17710
DŽ: 17730 -> 17833
DŽ: 17773 -> 17777
DŽ: 17375 -> 17375
DŽ: 17375 -> 17375
DŽ: 17934 -> 18041
DŽ: 17375 -> 17375
DŽ: 17375 -> 17375

 start over 869867 loops 983 unique solutions 
Approx + random 
DŽ: 24696 -> 19880
DŽ: 17709 -> 17809
DŽ: 17616 -> 17797
DŽ: 19667 -> 19166
DŽ: 17714 -> 17913
DŽ: 19351 -> 19161
DŽ: 17375 -> 17375
DŽ: 18322 -> 18323
DŽ: 18529 -> 18628
DŽ: 18323 -> 18323
DŽ: 18511 -> 18614
DŽ: 18003 -> 18003
DŽ: 17720 -> 17720
DŽ: 17375 -> 17375
DŽ: 17703 -> 17898
DŽ: 18524 -> 18512
DŽ: 18127 -> 18227
DŽ: 18003 -> 18102
DŽ: 18321 -> 18321

 start over 887666 loops 1010 unique solutions 
Original + vert_size 0 
DŽ: 18325 -> 18321
DŽ: 18321 -> 18321
DŽ: 17375 -> 17375
DŽ: 18012 -> 18012
DŽ: 17375 -> 17375
DŽ: 18010 -> 18104
DŽ: 17375 -> 17375
DŽ: 18011 -> 18011
DŽ: 17708 -> 17712
DŽ: 17615 -> 17907
DŽ: 17906 -> 18178
DŽ: 17912 -> 17913
DŽ: 17375 -> 17375
DŽ: 18020 -> 18115
DŽ: 17375 -> 17375
DŽ: 17908 -> 17908
DŽ: 17809 -> 17809
DŽ: 17893 -> 17893
DŽ: 17913 -> 17913
DŽ: 18013 -> 18215

 start over 906348 loops 1021 unique solutions 
Approx + random 
DŽ: 24696 -> 19026
DŽ: 17812 -> 18005
DŽ: 17885 -> 17895
DŽ: 17908 -> 17908
DŽ: 17375 -> 17375
DŽ: 17888 -> 17895
DŽ: 18321 -> 18328
DŽ: 17794 -> 17898
DŽ: 17906 -> 17906
DŽ: 17887 -> 17887
DŽ: 17886 -> 17885
DŽ: 18418 -> 18310
DŽ: 17882 -> 17882
DŽ: 17375 -> 17375
DŽ: 18199 -> 18205
DŽ: 17375 -> 17375
DŽ: 17891 -> 17990
DŽ: 18305 -> 18500

 start over 923442 loops 1042 unique solutions 
Approx + random 
DŽ: 24696 -> 19796
DŽ: 17797 -> 17985
DŽ: 18012 -> 18012
DŽ: 17375 -> 17375
DŽ: 19580 -> 19381
DŽ: 17375 -> 17375
DŽ: 17375 -> 17375
DŽ: 18211 -> 18211
DŽ: 18211 -> 18211
DŽ: 17375 -> 17581
DŽ: 17992 -> 18093
DŽ: 18014 -> 18013
DŽ: 17474 -> 17571
DŽ: 17992 -> 17992
DŽ: 17992 -> 17992
DŽ: 17779 -> 17976
DŽ: 17976 -> 17976
DŽ: 17375 -> 17375
DŽ: 17784 -> 17784
DŽ: 17796 -> 17897
DŽ: 17784 -> 17784
DŽ: 17375 -> 17375

 start over 944689 loops 1056 unique solutions 
Approx + random 
DŽ: 24696 -> 18998
DŽ: 17375 -> 17375
DŽ: 17375 -> 17375
DŽ: 17992 -> 18098
DŽ: 17375 -> 17375
DŽ: 17375 -> 17477
DŽ: 17375 -> 17375
DŽ: 17375 -> 17375
DŽ: 17375 -> 17375
DŽ: 17890 -> 17989
DŽ: 17375 -> 17375
DŽ: 18939 -> 18940
DŽ: 17375 -> 17375
DŽ: 17890 -> 17890
DŽ: 17375 -> 17375
DŽ: 18273 -> 18272
DŽ: 17375 -> 17375
DŽ: 18178 -> 18185
DŽ: 17806 -> 17806
DŽ: 18278 -> 18277
DŽ: 17375 -> 17375

 start over 964787 loops 1076 unique solutions 
Original + vert_size 0 
DŽ: 18325 -> 18321
DŽ: 18410 -> 18314
DŽ: 17375 -> 17375
DŽ: 17878 -> 17878
DŽ: 17801 -> 17801
DŽ: 17900 -> 17900
DŽ: 18321 -> 18326
DŽ: 17896 -> 17898
DŽ: 17904 -> 17996
DŽ: 17375 -> 17375
DŽ: 17910 -> 18088
DŽ: 18108 -> 18108
DŽ: 17990 -> 18084
DŽ: 18004 -> 18110
DŽ: 18009 -> 18109
DŽ: 17896 -> 18079
DŽ: 17921 -> 18019
DŽ: 17908 -> 17901
DŽ: 17893 -> 18199
DŽ: 17921 -> 17921

 start over 983073 loops 1092 unique solutions 
Approx + random 
DŽ: 24696 -> 19678
DŽ: 17375 -> 17375
DŽ: 17898 -> 17997
DŽ: 17909 -> 18297
DŽ: 18291 -> 18292
DŽ: 17987 -> 17986
DŽ: 18292 -> 18395
DŽ: 17375 -> 17375
DŽ: 17375 -> 17375
DŽ: 17375 -> 17375
DŽ: 18286 -> 18099
DŽ: 18176 -> 18273
DŽ: 17899 -> 17899
DŽ: 18230 -> 18220
DŽ: 17986 -> 17986
DŽ: 17375 -> 17375
DŽ: 17375 -> 17375

 start over 999825 loops 1107 unique solutions 
Original + vert_size 13 
DŽ: 18325 -> 18335
DŽ: 17375 -> 17375
DŽ: 18120 -> 18112
DŽ: 18003 -> 18003
DŽ: 17375 -> 17375
DŽ: 18182 -> 18182
DŽ: 18006 -> 18006
DŽ: 18308 -> 18509
DŽ: 17902 -> 17902
DŽ: 17902 -> 18283
DŽ: 17800 -> 17800
DŽ: 17898 -> 17898
DŽ: 17898 -> 17801
DŽ: 18112 -> 18104
DŽ: 18320 -> 18217
DŽ: 17375 -> 17375
DŽ: 18217 -> 18217
DŽ: 17982 -> 17982
DŽ: 17886 -> 17886

 start over 1017727 loops 1125 unique solutions 
Original + vert_size 13 
DŽ: 18325 -> 18413
DŽ: 17985 -> 18078
DŽ: 17375 -> 17375
DŽ: 17789 -> 17789
DŽ: 18070 -> 18072
DŽ: 17886 -> 17889
DŽ: 17975 -> 18074
DŽ: 17375 -> 17375
DŽ: 17902 -> 17902
DŽ: 17974 -> 18174
DŽ: 17375 -> 17375
DŽ: 17375 -> 17375
DŽ: 17375 -> 17460
DŽ: 17375 -> 17375
DŽ: 17974 -> 18079
DŽ: 17977 -> 17983
DŽ: 17375 -> 17375
DŽ: 17873 -> 17874
DŽ: 17375 -> 17375

 start over 1035843 loops 1143 unique solutions 
Approx + random 
DŽ: 24696 -> 19331
DŽ: 17375 -> 17375
DŽ: 18311 -> 18311
DŽ: 17969 -> 17969
DŽ: 17375 -> 17375
DŽ: 18186 -> 18186
DŽ: 17375 -> 17375
DŽ: 17375 -> 17375
DŽ: 18181 -> 18179
DŽ: 18290 -> 18194
DŽ: 17375 -> 17375
DŽ: 17878 -> 17972
DŽ: 18190 -> 18289
DŽ: 18190 -> 18190
DŽ: 18088 -> 18275
DŽ: 17375 -> 17375
DŽ: 18192 -> 18290

 start over 1051429 loops 1156 unique solutions 
Original + vert_size 13 
DŽ: 18325 -> 18413
DŽ: 17375 -> 17474
DŽ: 17375 -> 17375
DŽ: 17375 -> 17375
DŽ: 17375 -> 17375
DŽ: 17375 -> 17375
DŽ: 18001 -> 18301
DŽ: 18294 -> 18391
DŽ: 18391 -> 18391
DŽ: 18284 -> 18286
DŽ: 18102 -> 18207
DŽ: 17375 -> 17375
DŽ: 18077 -> 18077
DŽ: 17375 -> 17375
DŽ: 17375 -> 17375
DŽ: 17889 -> 17889
DŽ: 17375 -> 17375
DŽ: 18074 -> 18074
DŽ: 17375 -> 17375

 start over 1069181 loops 1178 unique solutions 
Original + vert_size 0 
DŽ: 18325 -> 18321
DŽ: 17375 -> 17375
DŽ: 17984 -> 18167
DŽ: 18117 -> 18230
DŽ: 17884 -> 17986
DŽ: 18109 -> 18107
DŽ: 17887 -> 17987
DŽ: 18319 -> 18096
DŽ: 18040 -> 18132
DŽ: 17375 -> 17375
DŽ: 18109 -> 18114
DŽ: 17886 -> 17886
DŽ: 17375 -> 17375
DŽ: 18115 -> 18119
DŽ: 18025 -> 18027
DŽ: 17982 -> 17982
DŽ: 17375 -> 17375
DŽ: 17375 -> 17375
DŽ: 18104 -> 18203
DŽ: 17986 -> 18084

 start over 1088657 loops 1195 unique solutions 
Original + vert_size 0 
DŽ: 18325 -> 18231
DŽ: 17986 -> 18078
DŽ: 17972 -> 17972
DŽ: 17375 -> 17375
DŽ: 18104 -> 18104
DŽ: 17910 -> 17910
DŽ: 17995 -> 17995
DŽ: 17887 -> 18076
DŽ: 17988 -> 17895
DŽ: 17817 -> 17899
DŽ: 17375 -> 17375
DŽ: 17375 -> 17375
DŽ: 17906 -> 18005
DŽ: 17965 -> 18062
DŽ: 17375 -> 17375
DŽ: 17806 -> 18000
DŽ: 17819 -> 17819
DŽ: 17794 -> 17794
DŽ: 17375 -> 17375
DŽ: 18078 -> 18273

 start over 1107087 loops 1209 unique solutions 
Original + vert_size 0 
DŽ: 18325 -> 18321
DŽ: 17375 -> 17375
DŽ: 17972 -> 17972
DŽ: 18067 -> 17973
DŽ: 17907 -> 17907
DŽ: 17971 -> 18071
DŽ: 17375 -> 17375
DŽ: 18061 -> 18254
DŽ: 17995 -> 18196
DŽ: 17905 -> 17909
DŽ: 17375 -> 17375
DŽ: 17915 -> 17906
DŽ: 17375 -> 17375
DŽ: 18103 -> 18212
DŽ: 17375 -> 17375
DŽ: 17975 -> 18266
DŽ: 17375 -> 17375
DŽ: 17796 -> 17895

 start over 1124701 loops 1227 unique solutions 
Original + vert_size 13 
DŽ: 18325 -> 18426
DŽ: 17375 -> 17375
DŽ: 17964 -> 17970
DŽ: 17976 -> 17976
DŽ: 17375 -> 17375
DŽ: 17375 -> 17375
DŽ: 17375 -> 17375
DŽ: 17375 -> 17472
DŽ: 17375 -> 17375
DŽ: 17900 -> 18001
DŽ: 17894 -> 18093
DŽ: 18084 -> 17983
DŽ: 17980 -> 18081
DŽ: 17974 -> 17976
DŽ: 17375 -> 17375
DŽ: 17970 -> 17971
DŽ: 17375 -> 17375
DŽ: 17375 -> 17375
DŽ: 17375 -> 17375
DŽ: 17970 -> 17970
DŽ: 17375 -> 17375

 start over 1144294 loops 1243 unique solutions 
Approx + random 
DŽ: 24696 -> 19979
DŽ: 17375 -> 17375
DŽ: 17375 -> 17375
DŽ: 17894 -> 17894
DŽ: 18754 -> 18650
DŽ: 17959 -> 17959
DŽ: 19169 -> 19172
DŽ: 18472 -> 18662
DŽ: 18269 -> 18269
DŽ: 17375 -> 17375
DŽ: 18209 -> 18304
DŽ: 18421 -> 18415
DŽ: 18034 -> 18037
DŽ: 18216 -> 18216

 start over 1157674 loops 1266 unique solutions 
Approx + random 
DŽ: 24696 -> 19650
DŽ: 17375 -> 17375
DŽ: 18518 -> 18628
DŽ: 18515 -> 18507
DŽ: 18106 -> 18214
DŽ: 17375 -> 17375
DŽ: 17988 -> 17991
DŽ: 17375 -> 17375
DŽ: 17375 -> 17375
DŽ: 17982 -> 17996
DŽ: 18293 -> 18293
DŽ: 17996 -> 17996
DŽ: 18291 -> 18391
DŽ: 17901 -> 17998
DŽ: 17893 -> 18077
DŽ: 17875 -> 17875
DŽ: 17873 -> 17970
DŽ: 17375 -> 17375
DŽ: 17707 -> 18005
DŽ: 17986 -> 18088
DŽ: 17715 -> 17813
DŽ: 17985 -> 17985
DŽ: 17888 -> 17888

 start over 1179537 loops 1282 unique solutions 
Original + vert_size 13 
DŽ: 18325 -> 18520
DŽ: 17986 -> 17989
DŽ: 18289 -> 18294
DŽ: 17987 -> 18184
DŽ: 17984 -> 17984
DŽ: 17986 -> 17988
DŽ: 18095 -> 18201
DŽ: 17989 -> 18100
DŽ: 17982 -> 17983
DŽ: 17982 -> 18174
DŽ: 18100 -> 18388
DŽ: 17986 -> 17986
DŽ: 18098 -> 18188
DŽ: 17375 -> 17375
DŽ: 18195 -> 18292
DŽ: 17986 -> 18277
DŽ: 18176 -> 17979
DŽ: 17977 -> 18074
DŽ: 17975 -> 17975

 start over 1197820 loops 1302 unique solutions 
Original + vert_size 13 
DŽ: 18325 -> 18625
DŽ: 18507 -> 18530
DŽ: 18625 -> 18436
DŽ: 18312 -> 18301
DŽ: 17977 -> 17984
DŽ: 17984 -> 18087
DŽ: 17375 -> 17375
DŽ: 18115 -> 18127
DŽ: 17984 -> 18081
DŽ: 17995 -> 18286
DŽ: 18413 -> 18621
DŽ: 18193 -> 18197
DŽ: 18199 -> 18395
DŽ: 17375 -> 17375
DŽ: 17375 -> 17375
DŽ: 17992 -> 17900
DŽ: 17375 -> 17375
DŽ: 17967 -> 17972
DŽ: 17375 -> 17375
DŽ: 17965 -> 17965
DŽ: 17375 -> 17375
DŽ: 17988 -> 18184
DŽ: 17375 -> 17375
DŽ: 17896 -> 17997
DŽ: 17890 -> 17890

 start over 1221171 loops 1324 unique solutions 
Original + vert_size 0 
DŽ: 18325 -> 18321
DŽ: 18067 -> 18164
DŽ: 18193 -> 18193
DŽ: 17375 -> 17375
DŽ: 18067 -> 18067
DŽ: 17375 -> 17375
DŽ: 17970 -> 18076
DŽ: 18103 -> 18199
DŽ: 17375 -> 17375
DŽ: 17981 -> 17981
DŽ: 17966 -> 18065
DŽ: 17992 -> 18087
DŽ: 17375 -> 17375
DŽ: 17375 -> 17375
DŽ: 17375 -> 17375
DŽ: 18193 -> 18193
DŽ: 17981 -> 17982
DŽ: 17780 -> 17878
DŽ: 17375 -> 17375
DŽ: 17375 -> 17375
DŽ: 17875 -> 17868

 start over 1241883 loops 1343 unique solutions 
Original + vert_size 0 
DŽ: 18325 -> 18321
DŽ: 18164 -> 18164
DŽ: 17864 -> 17864
DŽ: 17375 -> 17375
DŽ: 17780 -> 17979
DŽ: 17375 -> 17375
DŽ: 17375 -> 17375
DŽ: 17973 -> 18073
DŽ: 17785 -> 17882
DŽ: 17882 -> 17985
DŽ: 18097 -> 18289
DŽ: 17375 -> 17375
DŽ: 18192 -> 18192
DŽ: 17375 -> 17375
DŽ: 17878 -> 17880
DŽ: 18196 -> 18196
DŽ: 18284 -> 18377
DŽ: 17375 -> 17375
DŽ: 17872 -> 17874
DŽ: 17874 -> 17874

 start over 1260999 loops 1360 unique solutions 
Approx + random 
DŽ: 24696 -> 19331
DŽ: 17375 -> 17375
DŽ: 17870 -> 17870
DŽ: 18289 -> 18563
DŽ: 17375 -> 17375
DŽ: 18289 -> 18292
DŽ: 17375 -> 17375
DŽ: 18560 -> 18757
DŽ: 18259 -> 18265
DŽ: 18251 -> 18257
DŽ: 18647 -> 18746
DŽ: 17375 -> 17375
DŽ: 18478 -> 18582
DŽ: 18197 -> 18299
DŽ: 18383 -> 18480

 start over 1274952 loops 1379 unique solutions 
Original + vert_size 0 
DŽ: 18325 -> 18321
DŽ: 17375 -> 17375
DŽ: 17989 -> 17989
DŽ: 17919 -> 17919
DŽ: 18065 -> 18069
DŽ: 18003 -> 18103
DŽ: 18164 -> 18164
DŽ: 18159 -> 18270
DŽ: 17375 -> 17375
DŽ: 17375 -> 17375
DŽ: 17918 -> 18018
DŽ: 18073 -> 18265
DŽ: 17375 -> 17375
DŽ: 17375 -> 17375
DŽ: 18002 -> 17912
DŽ: 17375 -> 17375
DŽ: 17897 -> 17897
DŽ: 17375 -> 17375
DŽ: 17880 -> 17880

 start over 1292077 loops 1392 unique solutions 
Original + vert_size 0 
DŽ: 18325 -> 18321
DŽ: 17375 -> 17375
DŽ: 17375 -> 17375
DŽ: 17375 -> 17375
DŽ: 18067 -> 18165
DŽ: 17375 -> 17375
DŽ: 17375 -> 17375
DŽ: 17916 -> 17916
DŽ: 17984 -> 18075
DŽ: 17375 -> 17375
DŽ: 18164 -> 18360
DŽ: 17916 -> 17916
DŽ: 18010 -> 18200
DŽ: 17375 -> 17375
DŽ: 17375 -> 17375
DŽ: 17375 -> 17375
DŽ: 17375 -> 17375
DŽ: 17375 -> 17378

 start over 1309995 loops 1408 unique solutions 
Approx + random 
DŽ: 24696 -> 19845
DŽ: 17375 -> 17375
DŽ: 17968 -> 18066
DŽ: 17375 -> 17375
DŽ: 18604 -> 18606
DŽ: 18144 -> 18148
DŽ: 17979 -> 18278
DŽ: 17978 -> 17978
DŽ: 18204 -> 18204
DŽ: 18781 -> 18691
DŽ: 18380 -> 18376
DŽ: 17375 -> 17375
DŽ: 18099 -> 18099
DŽ: 17375 -> 17375
DŽ: 18186 -> 18186
DŽ: 18275 -> 18275

 start over 1324387 loops 1425 unique solutions 
Approx + random 
DŽ: 24696 -> 19338
DŽ: 17893 -> 17990
DŽ: 17895 -> 17895
DŽ: 17375 -> 17375
DŽ: 17375 -> 17375
DŽ: 17972 -> 18267
DŽ: 17978 -> 18074
DŽ: 17933 -> 18116
DŽ: 18019 -> 18228
DŽ: 17375 -> 17375
DŽ: 17375 -> 17375
DŽ: 17375 -> 17375
DŽ: 17977 -> 17992
DŽ: 18019 -> 18019
DŽ: 17934 -> 17934
DŽ: 17375 -> 17573
DŽ: 18019 -> 18219
DŽ: 17375 -> 17375
DŽ: 17979 -> 17979

 start over 1342067 loops 1441 unique solutions 
Approx + random 
DŽ: 24696 -> 19640
DŽ: 18089 -> 17997
DŽ: 17375 -> 17375
DŽ: 17888 -> 17888
DŽ: 17375 -> 17375
DŽ: 17904 -> 18101
DŽ: 17375 -> 17375
DŽ: 17787 -> 17787
DŽ: 17991 -> 18079
DŽ: 17375 -> 17375
DŽ: 18904 -> 18882
DŽ: 17897 -> 17992
DŽ: 17375 -> 17375
DŽ: 17889 -> 17986
DŽ: 18590 -> 18592
DŽ: 17764 -> 17865
DŽ: 17893 -> 17990
DŽ: 17375 -> 17375
DŽ: 17764 -> 17967
DŽ: 17892 -> 17989
DŽ: 17578 -> 17578
DŽ: 17889 -> 17889

 start over 1363844 loops 1458 unique solutions 
Original + vert_size 0 
DŽ: 18325 -> 18321
DŽ: 17762 -> 17664
DŽ: 18395 -> 18395
DŽ: 17825 -> 17921
DŽ: 18105 -> 18205
DŽ: 17375 -> 17375
DŽ: 17787 -> 17787
DŽ: 17738 -> 17825
DŽ: 17664 -> 17664
DŽ: 17375 -> 17375
DŽ: 18094 -> 18107
DŽ: 17375 -> 17375
DŽ: 17375 -> 17375
DŽ: 17811 -> 17811
DŽ: 17985 -> 17985
DŽ: 17999 -> 17999
DŽ: 17375 -> 17375
DŽ: 17375 -> 17375
DŽ: 17803 -> 17997
DŽ: 17814 -> 17814
DŽ: 17804 -> 17806
DŽ: 17712 -> 17712
DŽ: 17808 -> 17808

 start over 1385925 loops 1481 unique solutions 
Original + vert_size 0 
DŽ: 18325 -> 18231
DŽ: 17713 -> 17809
DŽ: 17890 -> 17894
DŽ: 17712 -> 17716
DŽ: 18010 -> 18116
DŽ: 17992 -> 17992
DŽ: 18006 -> 18010
DŽ: 17983 -> 17983
DŽ: 17793 -> 17793
DŽ: 17375 -> 17375
DŽ: 17887 -> 17885
DŽ: 17711 -> 17808
DŽ: 17885 -> 18176
DŽ: 17375 -> 17375
DŽ: 17983 -> 18083
DŽ: 17375 -> 17375
DŽ: 17996 -> 18386
DŽ: 17991 -> 18092
DŽ: 17375 -> 17375
DŽ: 17375 -> 17375
DŽ: 17375 -> 17375
DŽ: 17375 -> 17375

 start over 1406567 loops 1499 unique solutions 
Original + vert_size 0 
DŽ: 18325 -> 18321
DŽ: 18276 -> 18377
DŽ: 18276 -> 18372
DŽ: 17375 -> 17375
DŽ: 18073 -> 18180
DŽ: 17710 -> 17807
DŽ: 17809 -> 17817
DŽ: 18282 -> 18282
DŽ: 17375 -> 17375
DŽ: 17375 -> 17375
DŽ: 18177 -> 18279
DŽ: 18067 -> 18067
DŽ: 18282 -> 18478
DŽ: 17375 -> 17375
DŽ: 18076 -> 18076
DŽ: 17375 -> 17375

 start over 1421796 loops 1522 unique solutions 
Original + vert_size 13 
DŽ: 18325 -> 18217
DŽ: 17981 -> 17985
DŽ: 17984 -> 17984
DŽ: 18070 -> 18264
DŽ: 17375 -> 17375
DŽ: 17978 -> 17978
DŽ: 18019 -> 18306
DŽ: 17375 -> 17375
DŽ: 17375 -> 17375
DŽ: 17375 -> 17375
DŽ: 18073 -> 18167
DŽ: 17375 -> 17375
DŽ: 18162 -> 18261
DŽ: 18016 -> 18114
DŽ: 18014 -> 18212
DŽ: 18063 -> 18063
DŽ: 17375 -> 17375
DŽ: 17893 -> 17981
DŽ: 17375 -> 17375

 start over 1439344 loops 1533 unique solutions 
Original + vert_size 13 
DŽ: 18325 -> 18419
DŽ: 18219 -> 18426
DŽ: 17901 -> 17901
DŽ: 18094 -> 18094
DŽ: 17893 -> 17894
DŽ: 18132 -> 18132
DŽ: 18119 -> 18308
DŽ: 18219 -> 18310
DŽ: 18315 -> 18416
DŽ: 17959 -> 17968
DŽ: 18406 -> 18601
DŽ: 18285 -> 18393
DŽ: 18183 -> 18183
DŽ: 17963 -> 17873
DŽ: 17982 -> 18005
DŽ: 17375 -> 17375
DŽ: 18001 -> 18175
DŽ: 17771 -> 17771
DŽ: 17867 -> 17867
DŽ: 17989 -> 17989
DŽ: 17870 -> 17872
DŽ: 18074 -> 18079

 start over 1460863 loops 1556 unique solutions 
Original + vert_size 0 
DŽ: 18325 -> 18321
DŽ: 18321 -> 18326
DŽ: 17870 -> 17870
DŽ: 17885 -> 17986
DŽ: 18119 -> 18119
DŽ: 17375 -> 17375
DŽ: 17375 -> 17375
DŽ: 17905 -> 18001
DŽ: 17375 -> 17375
DŽ: 17878 -> 17975
DŽ: 18026 -> 18026
DŽ: 17375 -> 17375
DŽ: 17879 -> 17880
DŽ: 17375 -> 17375
DŽ: 17884 -> 17884
DŽ: 17870 -> 17877
DŽ: 18011 -> 18012
DŽ: 17882 -> 17882
DŽ: 17375 -> 17375
DŽ: 17895 -> 17900
DŽ: 17807 -> 17807
DŽ: 17883 -> 17888
DŽ: 17986 -> 18091

 start over 1482667 loops 1577 unique solutions 
Original + vert_size 0 
DŽ: 18325 -> 18321
DŽ: 17882 -> 17979
DŽ: 17375 -> 17375
DŽ: 17885 -> 17886
DŽ: 17905 -> 18195
DŽ: 17375 -> 17375
DŽ: 17886 -> 17886
DŽ: 17375 -> 17375
DŽ: 17888 -> 18089
DŽ: 17375 -> 17375
DŽ: 18008 -> 18099
DŽ: 17885 -> 17983
DŽ: 17375 -> 17375
DŽ: 17888 -> 17993
DŽ: 17889 -> 17889
DŽ: 17974 -> 17978
DŽ: 17980 -> 17980
DŽ: 17981 -> 17894
DŽ: 17375 -> 17375
DŽ: 17898 -> 17903
DŽ: 17982 -> 17982

 start over 1502151 loops 1597 unique solutions 
Original + vert_size 0 
DŽ: 18325 -> 18231
DŽ: 17704 -> 17704
DŽ: 17888 -> 17998
DŽ: 17979 -> 18179
DŽ: 17703 -> 17994
DŽ: 17375 -> 17375
DŽ: 17892 -> 17992
DŽ: 17375 -> 17475
DŽ: 17974 -> 18071
DŽ: 17904 -> 17904
DŽ: 17987 -> 18099
DŽ: 17375 -> 17375
DŽ: 17375 -> 17375
DŽ: 17881 -> 17881
DŽ: 17880 -> 18079
DŽ: 17966 -> 18063
DŽ: 17992 -> 18089
DŽ: 17882 -> 17976
DŽ: 17375 -> 17375
DŽ: 17375 -> 17375

 start over 1521990 loops 1619 unique solutions 
Original + vert_size 0 
DŽ: 18325 -> 18321
DŽ: 17788 -> 17882
DŽ: 17375 -> 17375
DŽ: 17375 -> 17375
DŽ: 17884 -> 17887
DŽ: 17918 -> 18127
DŽ: 18016 -> 18018
DŽ: 17972 -> 17972
DŽ: 18220 -> 18422
DŽ: 17704 -> 17797
DŽ: 18000 -> 18104
DŽ: 18286 -> 18389
DŽ: 18292 -> 18292
DŽ: 17894 -> 17894
DŽ: 17375 -> 17375
DŽ: 17375 -> 17375
DŽ: 17375 -> 17375
DŽ: 18101 -> 18290
DŽ: 17375 -> 17375
DŽ: 17991 -> 18092
DŽ: 17375 -> 17375
end_heu: 1541985 loops with 1638 unique solutions in 1799.39 s

Calling print_solution
>>> get_solution
  refine_solution: new weight 17375 (was 17375) in 0.000591 s
## FINAL WEIGHT 17375
print_solution: 0.000944 s
