Version: final-94-gfffc3aa rub_all.sh: remove longest prefix
Random seed: 1550096854
Start
>>> save_orig_graph
>> Saved weight 0
Graph loaded
|V| = 7528, |E| = 18170, |R| = 200
First clearance of the input. Calling buy_zero and run_all_heuristics.
  buy_zero: 0 zero edges in 2.1e-05 s
  handle_small_terminal_degrees: terms 1 in 9e-06 s
  handle_small_Steiner_degrees: steiner 2, suppress 3 in 1.1e-05 s
  shortest_edge_between_terminals: 2 edges in 3e-05 s
  handle_small_terminal_degrees: terms 0 in 5e-06 s
  handle_small_Steiner_degrees: steiner 0, suppress 0 in 9e-06 s
  shortest_edge_between_terminals: 0 edges in 2.6e-05 s
Compressed graph 7528 -> 7519
  delete_edges: deleted 934 edges in 0.018847 s and 10 rounds
  handle_small_terminal_degrees: terms 2 in 8e-06 s
  handle_small_Steiner_degrees: steiner 0, suppress 3 in 1e-05 s
  shortest_edge_between_terminals: 3 edges in 2.7e-05 s
  handle_small_terminal_degrees: terms 0 in 6e-06 s
  handle_small_Steiner_degrees: steiner 0, suppress 0 in 8e-06 s
  shortest_edge_between_terminals: 1 edges in 2.6e-05 s
  handle_small_terminal_degrees: terms 0 in 6e-06 s
  handle_small_Steiner_degrees: steiner 0, suppress 2 in 9e-06 s
  shortest_edge_between_terminals: 0 edges in 2.4e-05 s
  handle_small_terminal_degrees: terms 0 in 6e-06 s
  handle_small_Steiner_degrees: steiner 0, suppress 0 in 8e-06 s
  shortest_edge_between_terminals: 0 edges in 2.4e-05 s
Compressed graph 7519 -> 7509
  delete_edges_shortest_path: deleted 11 edges in 0.151476 s
  handle_small_terminal_degrees: terms 0 in 6e-06 s
  handle_small_Steiner_degrees: steiner 0, suppress 0 in 8e-06 s
  shortest_edge_between_terminals: 0 edges in 2.6e-05 s
Compressed graph 7509 -> 7509
  handle_small_terminal_degrees: terms 0 in 6e-06 s
  handle_small_Steiner_degrees: steiner 0, suppress 0 in 9e-06 s
  shortest_edge_between_terminals: 0 edges in 3e-05 s
Compressed graph 7509 -> 7502
  delete_edges_shortest_path: deleted 0 edges in 0.151052 s
  handle_small_terminal_degrees: terms 0 in 6e-06 s
  handle_small_Steiner_degrees: steiner 0, suppress 0 in 9e-06 s
  shortest_edge_between_terminals: 0 edges in 2.6e-05 s
Compressed graph 7502 -> 7502
Compressed graph 7502 -> 7502
>>> save_orig_graph
>> Saved weight 3069
### ZEL_LVL=0 PRECISE_STARS=1

Calling `contract_till_the_bitter_end`
|V| = 7502, |E| = 17198, |R| = 191
>>> get_solution
>>> get_solution
  refine_solution: new weight 124241 (was 124478) in 0.002641 s
  refine_solution: new weight 124241 (was 124241) in 0.002529 s
0,,7502,17198,191,,0,0,,124478,124241,3069,3069,3069,,0,0,@@

  delete_edges: deleted 0 edges in 0.001588 s and 1 rounds
  handle_small_Steiner_degrees: steiner 0, suppress 0 in 1.1e-05 s
Starting round 1
Found 0 isolated vertices
Invalid ratios recomputed: 7502
Best ratio is 65/1 (65.0), centered at 16
Finding the best star... Star with 2 terminals centered in 141
round took: 0.411704 s
|V| = 7502, |E| = 17188, |R| = 190
>>> get_solution
>>> get_solution
  refine_solution: new weight 124094 (was 124331) in 0.00264 s
  refine_solution: new weight 124094 (was 124094) in 0.002536 s
1,,7502,17188,190,,7502,0,,124331,124094,3134,3134,3134,,65,2,@@

  handle_small_Steiner_degrees: steiner 0, suppress 8 in 2.3e-05 s
Starting round 2
Found 10 isolated vertices
Invalid ratios recomputed: 577
Best ratio is 89/1 (89.0), centered at 132
Finding the best star... Star with 2 terminals centered in 184
round took: 0.039931 s
|V| = 7502, |E| = 17173, |R| = 189
>>> get_solution
>>> get_solution
  refine_solution: new weight 124094 (was 124331) in 0.002645 s
  refine_solution: new weight 124094 (was 124094) in 0.002544 s
2,,7492,17173,189,,577,0,,124331,124094,3223,3223,3223,,89,2,@@

  handle_small_Steiner_degrees: steiner 0, suppress 5 in 1.7e-05 s
Starting round 3
Found 17 isolated vertices
Invalid ratios recomputed: 1001
Best ratio is 89/1 (89.0), centered at 178
Finding the best star... Star with 2 terminals centered in 181
round took: 0.08037 s
|V| = 7502, |E| = 17163, |R| = 188
>>> get_solution
>>> get_solution
  refine_solution: new weight 124235 (was 124472) in 0.002634 s
  refine_solution: new weight 124235 (was 124235) in 0.002556 s
3,,7485,17163,188,,1001,0,,124472,124235,3312,3312,3312,,89,2,@@

  handle_small_Steiner_degrees: steiner 0, suppress 3 in 1.4e-05 s
Starting round 4
Found 22 isolated vertices
Invalid ratios recomputed: 1190
Best ratio is 93/1 (93.0), centered at 82
Finding the best star... Star with 2 terminals centered in 82
round took: 0.102854 s
|V| = 7502, |E| = 17151, |R| = 187
>>> get_solution
>>> get_solution
  refine_solution: new weight 124235 (was 124472) in 0.002634 s
  refine_solution: new weight 124235 (was 124235) in 0.002539 s
4,,7480,17151,187,,1190,0,,124472,124235,3405,3405,3405,,93,2,@@

  handle_small_Steiner_degrees: steiner 0, suppress 7 in 2.1e-05 s
Starting round 5
Found 31 isolated vertices
Invalid ratios recomputed: 775
Best ratio is 96/1 (96.0), centered at 33
Finding the best star... Star with 2 terminals centered in 33
round took: 0.079826 s
|V| = 7502, |E| = 17137, |R| = 186
>>> get_solution
>>> get_solution
  refine_solution: new weight 124235 (was 124472) in 0.002641 s
  refine_solution: new weight 124235 (was 124235) in 0.002543 s
5,,7471,17137,186,,775,0,,124472,124235,3501,3501,3501,,96,2,@@

  handle_small_Steiner_degrees: steiner 0, suppress 5 in 1.4e-05 s
Starting round 6
Found 38 isolated vertices
Invalid ratios recomputed: 303
Best ratio is 112/1 (112.0), centered at 47
Finding the best star... Star with 2 terminals centered in 47
round took: 0.018151 s
|V| = 7502, |E| = 17127, |R| = 185
>>> get_solution
>>> get_solution
  refine_solution: new weight 124321 (was 124558) in 0.002643 s
  refine_solution: new weight 124321 (was 124321) in 0.002546 s
6,,7464,17127,185,,303,0,,124558,124321,3613,3613,3613,,112,2,@@

  handle_small_Steiner_degrees: steiner 0, suppress 3 in 1.4e-05 s
Starting round 7
Found 43 isolated vertices
Invalid ratios recomputed: 790
Best ratio is 120/1 (120.0), centered at 4
Finding the best star... Star with 2 terminals centered in 4
round took: 0.061178 s
|V| = 7502, |E| = 17119, |R| = 184
>>> get_solution
>>> get_solution
  refine_solution: new weight 124321 (was 124558) in 0.002654 s
  refine_solution: new weight 124321 (was 124321) in 0.002532 s
7,,7459,17119,184,,790,0,,124558,124321,3733,3733,3733,,120,2,@@

  handle_small_Steiner_degrees: steiner 0, suppress 3 in 1.5e-05 s
Starting round 8
Found 48 isolated vertices
Invalid ratios recomputed: 1258
Best ratio is 160/1 (160.0), centered at 9
Finding the best star... Star with 2 terminals centered in 126
round took: 0.108756 s
|V| = 7502, |E| = 17102, |R| = 183
>>> get_solution
>>> get_solution
  refine_solution: new weight 124321 (was 124561) in 0.002656 s
  refine_solution: new weight 124321 (was 124321) in 0.002541 s
8,,7454,17102,183,,1258,0,,124561,124321,3893,3893,3893,,160,2,@@

  handle_small_Steiner_degrees: steiner 0, suppress 12 in 2.4e-05 s
Starting round 9
Found 62 isolated vertices
Invalid ratios recomputed: 967
Best ratio is 171/1 (171.0), centered at 74
Finding the best star... Star with 2 terminals centered in 184
round took: 0.083397 s
|V| = 7502, |E| = 17079, |R| = 182
>>> get_solution
>>> get_solution
  refine_solution: new weight 124321 (was 124558) in 0.002652 s
  refine_solution: new weight 124321 (was 124321) in 0.002541 s
9,,7440,17079,182,,967,0,,124558,124321,4064,4064,4064,,171,2,@@

  handle_small_Steiner_degrees: steiner 0, suppress 10 in 2.7e-05 s
Starting round 10
Found 74 isolated vertices
Invalid ratios recomputed: 1064
Best ratio is 175/1 (175.0), centered at 40
Finding the best star... Star with 2 terminals centered in 40
round took: 0.097818 s
|V| = 7502, |E| = 17060, |R| = 181
>>> get_solution
>>> get_solution
  refine_solution: new weight 124321 (was 124558) in 0.002645 s
  refine_solution: new weight 124321 (was 124321) in 0.002537 s
10,,7428,17060,181,,1064,0,,124558,124321,4239,4239,4239,,175,2,@@

  handle_small_Steiner_degrees: steiner 0, suppress 2 in 1.8e-05 s
Starting round 11
Found 78 isolated vertices
Invalid ratios recomputed: 207
Best ratio is 182/1 (182.0), centered at 121
Finding the best star... Star with 2 terminals centered in 168
round took: 0.011 s
|V| = 7502, |E| = 17038, |R| = 180
>>> get_solution
>>> get_solution
  refine_solution: new weight 124321 (was 124558) in 0.002643 s
  refine_solution: new weight 124321 (was 124321) in 0.00253 s
11,,7424,17038,180,,207,0,,124558,124321,4421,4421,4421,,182,2,@@

  handle_small_Steiner_degrees: steiner 0, suppress 18 in 3.1e-05 s
Starting round 12
Found 98 isolated vertices
Invalid ratios recomputed: 1094
Best ratio is 189/1 (189.0), centered at 55
Finding the best star... Star with 2 terminals centered in 181
round took: 0.080931 s
|V| = 7502, |E| = 17009, |R| = 179
>>> get_solution
>>> get_solution
  refine_solution: new weight 124321 (was 124558) in 0.002656 s
  refine_solution: new weight 124321 (was 124321) in 0.002548 s
12,,7404,17009,179,,1094,0,,124558,124321,4610,4610,4610,,189,2,@@

  handle_small_Steiner_degrees: steiner 0, suppress 8 in 2.5e-05 s
Starting round 13
Found 108 isolated vertices
Invalid ratios recomputed: 1313
Best ratio is 196/1 (196.0), centered at 3
Finding the best star... Star with 2 terminals centered in 100
round took: 0.124952 s
|V| = 7502, |E| = 16997, |R| = 178
>>> get_solution
>>> get_solution
  refine_solution: new weight 124321 (was 124558) in 0.002641 s
  refine_solution: new weight 124321 (was 124321) in 0.002542 s
13,,7394,16997,178,,1313,0,,124558,124321,4806,4806,4806,,196,2,@@

  handle_small_Steiner_degrees: steiner 0, suppress 2 in 1.8e-05 s
Starting round 14
Found 112 isolated vertices
Invalid ratios recomputed: 252
Best ratio is 204/1 (204.0), centered at 14
Finding the best star... Star with 2 terminals centered in 14
round took: 0.032956 s
|V| = 7502, |E| = 16989, |R| = 177
>>> get_solution
>>> get_solution
  refine_solution: new weight 124288 (was 124525) in 0.002642 s
  refine_solution: new weight 124288 (was 124288) in 0.002541 s
14,,7390,16989,177,,252,0,,124525,124288,5010,5010,5010,,204,2,@@

  handle_small_Steiner_degrees: steiner 0, suppress 4 in 1.4e-05 s
Starting round 15
Found 118 isolated vertices
Invalid ratios recomputed: 1054
Best ratio is 209/1 (209.0), centered at 115
Finding the best star... Star with 2 terminals centered in 158
round took: 0.086299 s
|V| = 7502, |E| = 16979, |R| = 176
>>> get_solution
>>> get_solution
  refine_solution: new weight 124321 (was 124558) in 0.002645 s
  refine_solution: new weight 124321 (was 124321) in 0.002539 s
15,,7384,16979,176,,1054,0,,124558,124321,5219,5219,5219,,209,2,@@

  handle_small_Steiner_degrees: steiner 0, suppress 4 in 1.4e-05 s
Starting round 16
Found 124 isolated vertices
Invalid ratios recomputed: 556
Best ratio is 213/1 (213.0), centered at 34
Finding the best star... Star with 2 terminals centered in 34
round took: 0.054985 s
|V| = 7502, |E| = 16972, |R| = 175
>>> get_solution
>>> get_solution
  refine_solution: new weight 124450 (was 124687) in 0.002632 s
  refine_solution: new weight 124450 (was 124450) in 0.002532 s
16,,7378,16972,175,,556,0,,124687,124450,5432,5432,5432,,213,2,@@

  delete_edges: deleted 41 edges in 0.014357 s and 9 rounds
  handle_small_Steiner_degrees: steiner 0, suppress 24 in 2.9e-05 s
Starting round 17
Found 150 isolated vertices
Invalid ratios recomputed: 1317
Best ratio is 214/1 (214.0), centered at 23
Finding the best star... Star with 2 terminals centered in 23
round took: 0.111617 s
|V| = 7502, |E| = 16890, |R| = 174
>>> get_solution
>>> get_solution
  refine_solution: new weight 124293 (was 124530) in 0.002644 s
  refine_solution: new weight 124293 (was 124293) in 0.002547 s
17,,7352,16890,174,,1317,0,,124530,124293,5646,5646,5646,,214,2,@@

  handle_small_Steiner_degrees: steiner 0, suppress 8 in 1.8e-05 s
Starting round 18
Found 162 isolated vertices
Invalid ratios recomputed: 941
Best ratio is 218/1 (218.0), centered at 49
Finding the best star... Star with 2 terminals centered in 49
round took: 0.095074 s
|V| = 7502, |E| = 16868, |R| = 173
>>> get_solution
>>> get_solution
  refine_solution: new weight 124330 (was 124615) in 0.002641 s
  refine_solution: new weight 124330 (was 124330) in 0.002542 s
18,,7340,16868,173,,941,0,,124615,124330,5864,5864,5864,,218,2,@@

  handle_small_Steiner_degrees: steiner 0, suppress 8 in 2.2e-05 s
Starting round 19
Found 172 isolated vertices
Invalid ratios recomputed: 580
Best ratio is 221/1 (221.0), centered at 61
Finding the best star... Star with 2 terminals centered in 61
round took: 0.058506 s
|V| = 7502, |E| = 16848, |R| = 172
>>> get_solution
>>> get_solution
  refine_solution: new weight 123929 (was 124487) in 0.002643 s
  refine_solution: new weight 123929 (was 123929) in 0.002533 s
19,,7330,16848,172,,580,0,,124487,123929,6085,6085,6085,,221,2,@@

  handle_small_Steiner_degrees: steiner 0, suppress 8 in 2.4e-05 s
Starting round 20
Found 184 isolated vertices
Invalid ratios recomputed: 571
Best ratio is 223/1 (223.0), centered at 155
Finding the best star... Star with 2 terminals centered in 155
round took: 0.04303 s
|V| = 7502, |E| = 16831, |R| = 171
>>> get_solution
>>> get_solution
  refine_solution: new weight 124334 (was 124619) in 0.002642 s
  refine_solution: new weight 124334 (was 124334) in 0.002529 s
20,,7318,16831,171,,571,0,,124619,124334,6308,6308,6308,,223,2,@@

  handle_small_Steiner_degrees: steiner 0, suppress 5 in 1.5e-05 s
Starting round 21
Found 191 isolated vertices
Invalid ratios recomputed: 402
Best ratio is 226/1 (226.0), centered at 31
Finding the best star... Star with 2 terminals centered in 31
round took: 0.024458 s
|V| = 7502, |E| = 16816, |R| = 170
>>> get_solution
>>> get_solution
  refine_solution: new weight 124334 (was 124619) in 0.002642 s
  refine_solution: new weight 124334 (was 124334) in 0.002532 s
21,,7311,16816,170,,402,0,,124619,124334,6534,6534,6534,,226,2,@@

  handle_small_Steiner_degrees: steiner 0, suppress 8 in 1.6e-05 s
Starting round 22
Found 201 isolated vertices
Invalid ratios recomputed: 723
Best ratio is 237/1 (237.0), centered at 119
Finding the best star... Star with 2 terminals centered in 183
round took: 0.052435 s
|V| = 7502, |E| = 16802, |R| = 169
>>> get_solution
>>> get_solution
  refine_solution: new weight 124334 (was 124619) in 0.002643 s
  refine_solution: new weight 124334 (was 124334) in 0.002543 s
22,,7301,16802,169,,723,0,,124619,124334,6771,6771,6771,,237,2,@@

  handle_small_Steiner_degrees: steiner 0, suppress 4 in 2.1e-05 s
Starting round 23
Found 207 isolated vertices
Invalid ratios recomputed: 1620
Best ratio is 242/1 (242.0), centered at 5
Finding the best star... Star with 2 terminals centered in 57
round took: 0.152549 s
|V| = 7502, |E| = 16772, |R| = 168
>>> get_solution
>>> get_solution
  refine_solution: new weight 124334 (was 124619) in 0.002643 s
  refine_solution: new weight 124334 (was 124334) in 0.002535 s
23,,7295,16772,168,,1620,0,,124619,124334,7013,7013,7013,,242,2,@@

  handle_small_Steiner_degrees: steiner 0, suppress 24 in 3.1e-05 s
Starting round 24
Found 233 isolated vertices
Invalid ratios recomputed: 1286
Best ratio is 244/1 (244.0), centered at 35
Finding the best star... Star with 2 terminals centered in 72
round took: 0.108657 s
|V| = 7502, |E| = 16742, |R| = 167
>>> get_solution
>>> get_solution
  refine_solution: new weight 124296 (was 124581) in 0.002637 s
  refine_solution: new weight 124296 (was 124296) in 0.002539 s
24,,7269,16742,167,,1286,0,,124581,124296,7257,7257,7257,,244,2,@@

  handle_small_Steiner_degrees: steiner 0, suppress 4 in 2.1e-05 s
Starting round 25
Found 239 isolated vertices
Invalid ratios recomputed: 1066
Best ratio is 261/1 (261.0), centered at 47
Finding the best star... Star with 2 terminals centered in 47
round took: 0.091264 s
|V| = 7502, |E| = 16648, |R| = 166
>>> get_solution
>>> get_solution
  refine_solution: new weight 124246 (was 124531) in 0.002643 s
  refine_solution: new weight 124246 (was 124246) in 0.002547 s
25,,7263,16648,166,,1066,0,,124531,124246,7518,7518,7518,,261,2,@@

  handle_small_Steiner_degrees: steiner 0, suppress 87 in 6.9e-05 s
Starting round 26
Found 329 isolated vertices
Invalid ratios recomputed: 1030
Best ratio is 262/1 (262.0), centered at 47
Finding the best star... Star with 2 terminals centered in 47
round took: 0.093904 s
|V| = 7502, |E| = 16554, |R| = 165
>>> get_solution
>>> get_solution
  refine_solution: new weight 124191 (was 124557) in 0.002668 s
  refine_solution: new weight 124191 (was 124191) in 0.002549 s
26,,7173,16554,165,,1030,0,,124557,124191,7780,7780,7780,,262,2,@@

  handle_small_Steiner_degrees: steiner 0, suppress 3 in 1.4e-05 s
Starting round 27
Found 334 isolated vertices
Invalid ratios recomputed: 1071
Best ratio is 271/1 (271.0), centered at 1
Finding the best star... Star with 2 terminals centered in 11
round took: 0.097441 s
|V| = 7502, |E| = 16540, |R| = 164
>>> get_solution
>>> get_solution
  refine_solution: new weight 124048 (was 124414) in 0.002648 s
  refine_solution: new weight 124048 (was 124048) in 0.002554 s
27,,7168,16540,164,,1071,0,,124414,124048,8051,8051,8051,,271,2,@@

  handle_small_Steiner_degrees: steiner 0, suppress 4 in 1.3e-05 s
Starting round 28
Found 342 isolated vertices
Invalid ratios recomputed: 520
Best ratio is 292/1 (292.0), centered at 46
Finding the best star... Star with 2 terminals centered in 190
round took: 0.039668 s
|V| = 7502, |E| = 16528, |R| = 163
>>> get_solution
>>> get_solution
  refine_solution: new weight 124182 (was 124548) in 0.002646 s
  refine_solution: new weight 124182 (was 124182) in 0.002553 s
28,,7160,16528,163,,520,0,,124548,124182,8343,8343,8343,,292,2,@@

  handle_small_Steiner_degrees: steiner 0, suppress 5 in 2.1e-05 s
Starting round 29
Found 349 isolated vertices
Invalid ratios recomputed: 846
Best ratio is 292/1 (292.0), centered at 130
Finding the best star... Star with 2 terminals centered in 130
round took: 0.086015 s
|V| = 7502, |E| = 16520, |R| = 162
>>> get_solution
>>> get_solution
  refine_solution: new weight 124154 (was 124520) in 0.002658 s
  refine_solution: new weight 124154 (was 124154) in 0.002564 s
29,,7153,16520,162,,846,0,,124520,124154,8635,8635,8635,,292,2,@@

  handle_small_Steiner_degrees: steiner 0, suppress 1 in 1.7e-05 s
Starting round 30
Found 352 isolated vertices
Invalid ratios recomputed: 572
Best ratio is 306/1 (306.0), centered at 118
Finding the best star... Star with 2 terminals centered in 118
round took: 0.041032 s
|V| = 7502, |E| = 16513, |R| = 161
>>> get_solution
>>> get_solution
  refine_solution: new weight 124154 (was 124520) in 0.002651 s
  refine_solution: new weight 124154 (was 124154) in 0.002552 s
30,,7150,16513,161,,572,0,,124520,124154,8941,8941,8941,,306,2,@@

  handle_small_Steiner_degrees: steiner 0, suppress 4 in 1.5e-05 s
Starting round 31
Found 358 isolated vertices
Invalid ratios recomputed: 1071
Best ratio is 318/1 (318.0), centered at 29
Finding the best star... Star with 2 terminals centered in 165
round took: 0.093973 s
|V| = 7502, |E| = 16495, |R| = 160
>>> get_solution
>>> get_solution
  refine_solution: new weight 124154 (was 124520) in 0.002657 s
  refine_solution: new weight 124154 (was 124154) in 0.002552 s
31,,7144,16495,160,,1071,0,,124520,124154,9259,9259,9259,,318,2,@@

  handle_small_Steiner_degrees: steiner 0, suppress 12 in 2.3e-05 s
Starting round 32
Found 372 isolated vertices
Invalid ratios recomputed: 761
Best ratio is 318/1 (318.0), centered at 118
Finding the best star... Star with 2 terminals centered in 161
round took: 0.058803 s
|V| = 7502, |E| = 16476, |R| = 159
>>> get_solution
>>> get_solution
  refine_solution: new weight 124154 (was 124520) in 0.002661 s
  refine_solution: new weight 124154 (was 124154) in 0.002543 s
32,,7130,16476,159,,761,0,,124520,124154,9577,9577,9577,,318,2,@@

  delete_edges: deleted 37 edges in 0.006516 s and 4 rounds
  handle_small_Steiner_degrees: steiner 0, suppress 12 in 1.9e-05 s
Starting round 33
Found 387 isolated vertices
Invalid ratios recomputed: 1217
Best ratio is 322/1 (322.0), centered at 34
Finding the best star... Star with 2 terminals centered in 102
round took: 0.112931 s
|V| = 7502, |E| = 16423, |R| = 158
>>> get_solution
>>> get_solution
  refine_solution: new weight 123741 (was 124282) in 0.002669 s
  refine_solution: new weight 123741 (was 123741) in 0.002548 s
33,,7115,16423,158,,1217,0,,124282,123741,9899,9899,9899,,322,2,@@

  handle_small_Steiner_degrees: steiner 0, suppress 1 in 1.9e-05 s
Starting round 34
Found 389 isolated vertices
Invalid ratios recomputed: 1503
Best ratio is 330/1 (330.0), centered at 39
Finding the best star... Star with 2 terminals centered in 47
round took: 0.138595 s
|V| = 7502, |E| = 16416, |R| = 157
>>> get_solution
>>> get_solution
  refine_solution: new weight 124154 (was 124520) in 0.002649 s
  refine_solution: new weight 124154 (was 124154) in 0.002553 s
34,,7113,16416,157,,1503,0,,124520,124154,10229,10229,10229,,330,2,@@

  handle_small_Steiner_degrees: steiner 0, suppress 4 in 1.5e-05 s
Starting round 35
Found 395 isolated vertices
Invalid ratios recomputed: 1180
Best ratio is 332/1 (332.0), centered at 69
Finding the best star... Star with 2 terminals centered in 104
round took: 0.108501 s
|V| = 7502, |E| = 16402, |R| = 156
>>> get_solution
>>> get_solution
  refine_solution: new weight 124154 (was 124520) in 0.002652 s
  refine_solution: new weight 124154 (was 124154) in 0.002545 s
35,,7107,16402,156,,1180,0,,124520,124154,10561,10561,10561,,332,2,@@

  handle_small_Steiner_degrees: steiner 0, suppress 8 in 1.6e-05 s
Starting round 36
Found 405 isolated vertices
Invalid ratios recomputed: 952
Best ratio is 668/2 (334.0), centered at 52
Finding the best star... Star with 3 terminals centered in 33
round took: 0.089214 s
|V| = 7502, |E| = 16386, |R| = 154
>>> get_solution
>>> get_solution
  refine_solution: new weight 124164 (was 124530) in 0.002665 s
  refine_solution: new weight 124164 (was 124164) in 0.00255 s
36,,7097,16386,154,,952,0,,124530,124164,11229,11229,11229,,668,3,@@

  handle_small_Steiner_degrees: steiner 0, suppress 5 in 2e-05 s
Starting round 37
Found 413 isolated vertices
Invalid ratios recomputed: 490
Best ratio is 337/1 (337.0), centered at 36
Finding the best star... Star with 2 terminals centered in 113
round took: 0.040139 s
|V| = 7502, |E| = 16369, |R| = 153
>>> get_solution
>>> get_solution
  refine_solution: new weight 123892 (was 124399) in 0.002644 s
  refine_solution: new weight 123892 (was 123892) in 0.002547 s
37,,7089,16369,153,,490,0,,124399,123892,11566,11566,11566,,337,2,@@

  handle_small_Steiner_degrees: steiner 0, suppress 10 in 1.9e-05 s
Starting round 38
Found 425 isolated vertices
Invalid ratios recomputed: 824
Best ratio is 339/1 (339.0), centered at 70
Finding the best star... Star with 2 terminals centered in 70
round took: 0.073041 s
|V| = 7502, |E| = 16344, |R| = 152
>>> get_solution
>>> get_solution
  refine_solution: new weight 123892 (was 124399) in 0.002655 s
  refine_solution: new weight 123892 (was 123892) in 0.002544 s
38,,7077,16344,152,,824,0,,124399,123892,11905,11905,11905,,339,2,@@

  handle_small_Steiner_degrees: steiner 0, suppress 13 in 2.4e-05 s
Starting round 39
Found 440 isolated vertices
Invalid ratios recomputed: 368
Best ratio is 341/1 (341.0), centered at 50
Finding the best star... Star with 2 terminals centered in 155
round took: 0.025167 s
|V| = 7502, |E| = 16327, |R| = 151
>>> get_solution
>>> get_solution
  refine_solution: new weight 123892 (was 124399) in 0.002649 s
  refine_solution: new weight 123892 (was 123892) in 0.002561 s
39,,7062,16327,151,,368,0,,124399,123892,12246,12246,12246,,341,2,@@

  handle_small_Steiner_degrees: steiner 0, suppress 3 in 1.9e-05 s
Starting round 40
Found 444 isolated vertices
Invalid ratios recomputed: 620
Best ratio is 1029/3 (343.0), centered at 1063
Finding the best star... Star with 4 terminals centered in 169
round took: 0.053813 s
|V| = 7502, |E| = 16290, |R| = 148
>>> get_solution
>>> get_solution
  refine_solution: new weight 123814 (was 124458) in 0.002642 s
  refine_solution: new weight 123814 (was 123814) in 0.00255 s
40,,7058,16290,148,,620,0,,124458,123814,13275,13275,13275,,1029,4,@@

  handle_small_Steiner_degrees: steiner 2, suppress 29 in 5.1e-05 s
Starting round 41
Found 480 isolated vertices
Invalid ratios recomputed: 2172
Best ratio is 718/2 (359.0), centered at 24
Finding the best star... Star with 3 terminals centered in 58
round took: 0.216166 s
|V| = 7502, |E| = 16226, |R| = 146
>>> get_solution
>>> get_solution
  refine_solution: new weight 123770 (was 124182) in 0.002654 s
  refine_solution: new weight 123770 (was 123770) in 0.002548 s
41,,7022,16226,146,,2172,0,,124182,123770,13993,13993,13993,,718,3,@@

  handle_small_Steiner_degrees: steiner 1, suppress 24 in 4.2e-05 s
Starting round 42
Found 511 isolated vertices
Invalid ratios recomputed: 1877
Best ratio is 362/1 (362.0), centered at 124
Finding the best star... Star with 2 terminals centered in 176
round took: 0.202965 s
|V| = 7502, |E| = 16185, |R| = 145
>>> get_solution
>>> get_solution
  refine_solution: new weight 123770 (was 124182) in 0.002648 s
  refine_solution: new weight 123770 (was 123770) in 0.002556 s
42,,6991,16185,145,,1877,0,,124182,123770,14355,14355,14355,,362,2,@@

  handle_small_Steiner_degrees: steiner 0, suppress 8 in 2.6e-05 s
Starting round 43
Found 521 isolated vertices
Invalid ratios recomputed: 1204
Best ratio is 363/1 (363.0), centered at 72
Finding the best star... Star with 2 terminals centered in 78
round took: 0.114369 s
|V| = 7502, |E| = 16170, |R| = 144
>>> get_solution
>>> get_solution
  refine_solution: new weight 123770 (was 124182) in 0.00266 s
  refine_solution: new weight 123770 (was 123770) in 0.002557 s
43,,6981,16170,144,,1204,0,,124182,123770,14718,14718,14718,,363,2,@@

  handle_small_Steiner_degrees: steiner 0, suppress 4 in 1.6e-05 s
Starting round 44
Found 527 isolated vertices
Invalid ratios recomputed: 1459
Best ratio is 368/1 (368.0), centered at 27
Finding the best star... Star with 2 terminals centered in 114
round took: 0.148682 s
|V| = 7502, |E| = 16160, |R| = 143
>>> get_solution
>>> get_solution
  refine_solution: new weight 123770 (was 124182) in 0.002659 s
  refine_solution: new weight 123770 (was 123770) in 0.002552 s
44,,6975,16160,143,,1459,0,,124182,123770,15086,15086,15086,,368,2,@@

  handle_small_Steiner_degrees: steiner 0, suppress 4 in 1.4e-05 s
Starting round 45
Found 533 isolated vertices
Invalid ratios recomputed: 688
Best ratio is 370/1 (370.0), centered at 14
Finding the best star... Star with 2 terminals centered in 99
round took: 0.060414 s
|V| = 7502, |E| = 16149, |R| = 142
>>> get_solution
>>> get_solution
  refine_solution: new weight 123770 (was 124182) in 0.002651 s
  refine_solution: new weight 123770 (was 123770) in 0.002553 s
45,,6969,16149,142,,688,0,,124182,123770,15456,15456,15456,,370,2,@@

  handle_small_Steiner_degrees: steiner 0, suppress 5 in 2.1e-05 s
Starting round 46
Found 540 isolated vertices
Invalid ratios recomputed: 1574
Best ratio is 371/1 (371.0), centered at 20
Finding the best star... Star with 2 terminals centered in 153
round took: 0.161445 s
|V| = 7502, |E| = 16104, |R| = 141
>>> get_solution
>>> get_solution
  refine_solution: new weight 123475 (was 123887) in 0.002667 s
  refine_solution: new weight 123475 (was 123475) in 0.002569 s
46,,6962,16104,141,,1574,0,,123887,123475,15827,15827,15827,,371,2,@@

  handle_small_Steiner_degrees: steiner 0, suppress 35 in 5.1e-05 s
Starting round 47
Found 579 isolated vertices
Invalid ratios recomputed: 2163
Best ratio is 764/2 (382.0), centered at 179
Finding the best star... Star with 3 terminals centered in 66
round took: 0.204305 s
|V| = 7502, |E| = 16060, |R| = 139
>>> get_solution
>>> get_solution
  refine_solution: new weight 123328 (was 123740) in 0.002682 s
  refine_solution: new weight 123328 (was 123328) in 0.002568 s
47,,6923,16060,139,,2163,0,,123740,123328,16591,16591,16591,,764,3,@@

  handle_small_Steiner_degrees: steiner 0, suppress 2 in 1.3e-05 s
Starting round 48
Found 584 isolated vertices
Invalid ratios recomputed: 1300
Best ratio is 401/1 (401.0), centered at 98
Finding the best star... Star with 2 terminals centered in 105
round took: 0.140981 s
|V| = 7502, |E| = 16039, |R| = 138
>>> get_solution
>>> get_solution
  refine_solution: new weight 123153 (was 123706) in 0.00267 s
  refine_solution: new weight 123153 (was 123153) in 0.002573 s
48,,6918,16039,138,,1300,0,,123706,123153,16992,16992,16992,,401,2,@@

  delete_edges: deleted 85 edges in 0.064028 s and 37 rounds
  handle_small_Steiner_degrees: steiner 0, suppress 76 in 6.1e-05 s
Starting round 49
Found 664 isolated vertices
Invalid ratios recomputed: 2403
Best ratio is 425/1 (425.0), centered at 2
Finding the best star... Star with 2 terminals centered in 2
round took: 0.237155 s
|V| = 7502, |E| = 15854, |R| = 137
>>> get_solution
>>> get_solution
  refine_solution: new weight 123107 (was 123550) in 0.002674 s
  refine_solution: new weight 122966 (was 123107) in 0.002566 s
  refine_solution: new weight 122966 (was 122966) in 0.002574 s
49,,6838,15854,137,,2403,0,,123550,122966,17417,17417,17417,,425,2,@@

  handle_small_Steiner_degrees: steiner 0, suppress 14 in 2.4e-05 s
Starting round 50
Found 682 isolated vertices
Invalid ratios recomputed: 715
Best ratio is 429/1 (429.0), centered at 110
Finding the best star... Star with 2 terminals centered in 110
round took: 0.062737 s
|V| = 7502, |E| = 15829, |R| = 136
>>> get_solution
>>> get_solution
  refine_solution: new weight 123107 (was 123550) in 0.002684 s
  refine_solution: new weight 122966 (was 123107) in 0.002578 s
  refine_solution: new weight 122966 (was 122966) in 0.002559 s
50,,6820,15829,136,,715,0,,123550,122966,17846,17846,17846,,429,2,@@

  handle_small_Steiner_degrees: steiner 0, suppress 5 in 2.2e-05 s
Starting round 51
Found 689 isolated vertices
Invalid ratios recomputed: 1420
Best ratio is 446/1 (446.0), centered at 60
Finding the best star... Star with 2 terminals centered in 60
round took: 0.141635 s
|V| = 7502, |E| = 15816, |R| = 135
>>> get_solution
>>> get_solution
  refine_solution: new weight 122760 (was 123344) in 0.002681 s
  refine_solution: new weight 122760 (was 122760) in 0.002589 s
51,,6813,15816,135,,1420,0,,123344,122760,18292,18292,18292,,446,2,@@

  handle_small_Steiner_degrees: steiner 0, suppress 4 in 1.6e-05 s
Starting round 52
Found 697 isolated vertices
Invalid ratios recomputed: 1599
Best ratio is 449/1 (449.0), centered at 2
Finding the best star... Star with 2 terminals centered in 128
round took: 0.16067 s
|V| = 7502, |E| = 15807, |R| = 134
>>> get_solution
>>> get_solution
  refine_solution: new weight 122760 (was 123344) in 0.00268 s
  refine_solution: new weight 122760 (was 122760) in 0.002583 s
52,,6805,15807,134,,1599,0,,123344,122760,18741,18741,18741,,449,2,@@

  handle_small_Steiner_degrees: steiner 0, suppress 2 in 1.5e-05 s
Starting round 53
Found 702 isolated vertices
Invalid ratios recomputed: 735
Best ratio is 899/2 (449.5), centered at 158
Finding the best star... Star with 3 terminals centered in 6
round took: 0.068281 s
|V| = 7502, |E| = 15793, |R| = 132
>>> get_solution
>>> get_solution
  refine_solution: new weight 122742 (was 123326) in 0.002684 s
  refine_solution: new weight 122742 (was 122742) in 0.002573 s
53,,6800,15793,132,,735,0,,123326,122742,19640,19640,19640,,899,3,@@

  handle_small_Steiner_degrees: steiner 1, suppress 5 in 2.2e-05 s
Starting round 54
Found 712 isolated vertices
Invalid ratios recomputed: 1293
Best ratio is 918/2 (459.0), centered at 75
Finding the best star... Star with 3 terminals centered in 110
round took: 0.153568 s
|V| = 7502, |E| = 15760, |R| = 130
>>> get_solution
>>> get_solution
  refine_solution: new weight 122798 (was 123241) in 0.00269 s
  refine_solution: new weight 122798 (was 122798) in 0.002584 s
54,,6790,15760,130,,1293,0,,123241,122798,20558,20558,20558,,918,3,@@

  handle_small_Steiner_degrees: steiner 0, suppress 24 in 3.5e-05 s
Starting round 55
Found 742 isolated vertices
Invalid ratios recomputed: 1654
Best ratio is 464/1 (464.0), centered at 28
Finding the best star... Star with 2 terminals centered in 130
round took: 0.172265 s
|V| = 7502, |E| = 15716, |R| = 129
>>> get_solution
>>> get_solution
  refine_solution: new weight 122798 (was 123241) in 0.002682 s
  refine_solution: new weight 122798 (was 122798) in 0.002577 s
55,,6760,15716,129,,1654,0,,123241,122798,21022,21022,21022,,464,2,@@

  handle_small_Steiner_degrees: steiner 0, suppress 5 in 1.5e-05 s
Starting round 56
Found 749 isolated vertices
Invalid ratios recomputed: 678
Best ratio is 472/1 (472.0), centered at 109
Finding the best star... Star with 2 terminals centered in 135
round took: 0.067552 s
|V| = 7502, |E| = 15703, |R| = 128
>>> get_solution
>>> get_solution
  refine_solution: new weight 122798 (was 123241) in 0.002692 s
  refine_solution: new weight 122798 (was 122798) in 0.002575 s
56,,6753,15703,128,,678,0,,123241,122798,21494,21494,21494,,472,2,@@

  handle_small_Steiner_degrees: steiner 0, suppress 6 in 1.8e-05 s
Starting round 57
Found 757 isolated vertices
Invalid ratios recomputed: 2075
Best ratio is 476/1 (476.0), centered at 37
Finding the best star... Star with 2 terminals centered in 37
round took: 0.224302 s
|V| = 7502, |E| = 15668, |R| = 127
>>> get_solution
>>> get_solution
  refine_solution: new weight 122653 (was 123237) in 0.002693 s
  refine_solution: new weight 122653 (was 122653) in 0.002598 s
57,,6745,15668,127,,2075,0,,123237,122653,21970,21970,21970,,476,2,@@

  handle_small_Steiner_degrees: steiner 0, suppress 26 in 4.2e-05 s
Starting round 58
Found 785 isolated vertices
Invalid ratios recomputed: 2607
Best ratio is 479/1 (479.0), centered at 99
Finding the best star... Star with 2 terminals centered in 99
round took: 0.281627 s
|V| = 7502, |E| = 15620, |R| = 126
>>> get_solution
>>> get_solution
  refine_solution: new weight 122788 (was 123231) in 0.002697 s
  refine_solution: new weight 122647 (was 122788) in 0.002586 s
  refine_solution: new weight 122647 (was 122647) in 0.002583 s
58,,6717,15620,126,,2607,0,,123231,122647,22449,22449,22449,,479,2,@@

  handle_small_Steiner_degrees: steiner 0, suppress 15 in 3e-05 s
Starting round 59
Found 802 isolated vertices
Invalid ratios recomputed: 1728
Best ratio is 485/1 (485.0), centered at 89
Finding the best star... Star with 2 terminals centered in 89
round took: 0.205142 s
|V| = 7502, |E| = 15590, |R| = 125
>>> get_solution
>>> get_solution
  refine_solution: new weight 122518 (was 123102) in 0.002697 s
  refine_solution: new weight 122518 (was 122518) in 0.002586 s
59,,6700,15590,125,,1728,0,,123102,122518,22934,22934,22934,,485,2,@@

  handle_small_Steiner_degrees: steiner 0, suppress 5 in 1.8e-05 s
Starting round 60
Found 809 isolated vertices
Invalid ratios recomputed: 2152
Best ratio is 485/1 (485.0), centered at 144
Finding the best star... Star with 2 terminals centered in 144
round took: 0.247546 s
|V| = 7502, |E| = 15570, |R| = 124
>>> get_solution
>>> get_solution
  refine_solution: new weight 122588 (was 123031) in 0.002703 s
  refine_solution: new weight 122588 (was 122588) in 0.002584 s
60,,6693,15570,124,,2152,0,,123031,122588,23419,23419,23419,,485,2,@@

  handle_small_Steiner_degrees: steiner 0, suppress 11 in 3.5e-05 s
Starting round 61
Found 824 isolated vertices
Invalid ratios recomputed: 2419
Best ratio is 499/1 (499.0), centered at 8
Finding the best star... Star with 2 terminals centered in 8
round took: 0.27663 s
|V| = 7502, |E| = 15552, |R| = 123
>>> get_solution
>>> get_solution
  refine_solution: new weight 122556 (was 122999) in 0.002708 s
  refine_solution: new weight 122556 (was 122556) in 0.002596 s
61,,6678,15552,123,,2419,0,,122999,122556,23918,23918,23918,,499,2,@@

  handle_small_Steiner_degrees: steiner 0, suppress 2 in 1.3e-05 s
Starting round 62
Found 828 isolated vertices
Invalid ratios recomputed: 1428
Best ratio is 506/1 (506.0), centered at 135
Finding the best star... Star with 2 terminals centered in 135
round took: 0.154905 s
|V| = 7502, |E| = 15500, |R| = 122
>>> get_solution
>>> get_solution
  refine_solution: new weight 122556 (was 122999) in 0.002706 s
  refine_solution: new weight 122556 (was 122556) in 0.002586 s
62,,6674,15500,122,,1428,0,,122999,122556,24424,24424,24424,,506,2,@@

  handle_small_Steiner_degrees: steiner 4, suppress 38 in 6.8e-05 s
Starting round 63
Found 873 isolated vertices
Invalid ratios recomputed: 2438
Best ratio is 1019/2 (509.5), centered at 1836
Finding the best star... Star with 3 terminals centered in 87
round took: 0.28945 s
|V| = 7502, |E| = 15400, |R| = 120
>>> get_solution
>>> get_solution
  refine_solution: new weight 122545 (was 122961) in 0.002697 s
  refine_solution: new weight 122545 (was 122545) in 0.002587 s
63,,6629,15400,120,,2438,0,,122961,122545,25443,25443,25443,,1019,3,@@

  handle_small_Steiner_degrees: steiner 1, suppress 34 in 5.7e-05 s
Starting round 64
Found 914 isolated vertices
Invalid ratios recomputed: 2570
Best ratio is 1026/2 (513.0), centered at 1516
Finding the best star... Star with 3 terminals centered in 114
round took: 0.335183 s
|V| = 7502, |E| = 15341, |R| = 118
>>> get_solution
>>> get_solution
  refine_solution: new weight 122515 (was 122800) in 0.002697 s
  refine_solution: new weight 122515 (was 122515) in 0.002585 s
64,,6588,15341,118,,2570,0,,122800,122515,26469,26469,26469,,1026,3,@@

  delete_edges: deleted 129 edges in 0.038426 s and 21 rounds
  handle_small_Steiner_degrees: steiner 6, suppress 126 in 0.000107 s
Starting round 65
Found 1049 isolated vertices
Invalid ratios recomputed: 709
Best ratio is 513/1 (513.0), centered at 47
Finding the best star... Star with 2 terminals centered in 47
round took: 0.076503 s
|V| = 7502, |E| = 15040, |R| = 117
>>> get_solution
>>> get_solution
  refine_solution: new weight 122519 (was 122804) in 0.002695 s
  refine_solution: new weight 122378 (was 122519) in 0.002571 s
  refine_solution: new weight 122378 (was 122378) in 0.002576 s
65,,6453,15040,117,,709,0,,122804,122378,26982,26982,26982,,513,2,@@

  handle_small_Steiner_degrees: steiner 0, suppress 6 in 2.1e-05 s
Starting round 66
Found 1056 isolated vertices
Invalid ratios recomputed: 1922
Best ratio is 518/1 (518.0), centered at 93
Finding the best star... Star with 2 terminals centered in 140
round took: 0.236493 s
|V| = 7502, |E| = 15026, |R| = 116
>>> get_solution
>>> get_solution
  refine_solution: new weight 122519 (was 122804) in 0.002693 s
  refine_solution: new weight 122378 (was 122519) in 0.002568 s
  refine_solution: new weight 122378 (was 122378) in 0.002568 s
66,,6446,15026,116,,1922,0,,122804,122378,27500,27500,27500,,518,2,@@

  handle_small_Steiner_degrees: steiner 0, suppress 4 in 2e-05 s
Starting round 67
Found 1062 isolated vertices
Invalid ratios recomputed: 2214
Best ratio is 535/1 (535.0), centered at 18
Finding the best star... Star with 2 terminals centered in 188
round took: 0.280079 s
|V| = 7502, |E| = 15015, |R| = 115
>>> get_solution
>>> get_solution
  refine_solution: new weight 122378 (was 122663) in 0.002676 s
  refine_solution: new weight 122378 (was 122378) in 0.002579 s
67,,6440,15015,115,,2214,0,,122663,122378,28035,28035,28035,,535,2,@@

  handle_small_Steiner_degrees: steiner 0, suppress 4 in 1.5e-05 s
Starting round 68
Found 1069 isolated vertices
Invalid ratios recomputed: 1679
Best ratio is 535/1 (535.0), centered at 67
Finding the best star... Star with 2 terminals centered in 67
round took: 0.226337 s
|V| = 7502, |E| = 14993, |R| = 114
>>> get_solution
>>> get_solution
  refine_solution: new weight 122226 (was 122511) in 0.00268 s
  refine_solution: new weight 122226 (was 122226) in 0.002579 s
68,,6433,14993,114,,1679,0,,122511,122226,28570,28570,28570,,535,2,@@

  handle_small_Steiner_degrees: steiner 0, suppress 13 in 2.6e-05 s
Starting round 69
Found 1086 isolated vertices
Invalid ratios recomputed: 2526
Best ratio is 536/1 (536.0), centered at 4
Finding the best star... Star with 2 terminals centered in 4
round took: 0.328205 s
|V| = 7502, |E| = 14953, |R| = 113
>>> get_solution
>>> get_solution
  refine_solution: new weight 122226 (was 122511) in 0.002691 s
  refine_solution: new weight 122226 (was 122226) in 0.002593 s
69,,6416,14953,113,,2526,0,,122511,122226,29106,29106,29106,,536,2,@@

  handle_small_Steiner_degrees: steiner 0, suppress 19 in 3.1e-05 s
Starting round 70
Found 1108 isolated vertices
Invalid ratios recomputed: 2295
Best ratio is 537/1 (537.0), centered at 25
Finding the best star... Star with 2 terminals centered in 25
round took: 0.295472 s
|V| = 7502, |E| = 14927, |R| = 112
>>> get_solution
>>> get_solution
  refine_solution: new weight 122226 (was 122511) in 0.00269 s
  refine_solution: new weight 122226 (was 122226) in 0.002582 s
70,,6394,14927,112,,2295,0,,122511,122226,29643,29643,29643,,537,2,@@

  handle_small_Steiner_degrees: steiner 0, suppress 0 in 1.3e-05 s
Starting round 71
Found 1111 isolated vertices
Invalid ratios recomputed: 951
Best ratio is 1081/2 (540.5), centered at 691
Finding the best star... Star with 3 terminals centered in 135
round took: 0.128009 s
|V| = 7502, |E| = 14880, |R| = 110
>>> get_solution
>>> get_solution
  refine_solution: new weight 122086 (was 122225) in 0.002699 s
  refine_solution: new weight 122086 (was 122086) in 0.002575 s
71,,6391,14880,110,,951,0,,122225,122086,30724,30724,30724,,1081,3,@@

  handle_small_Steiner_degrees: steiner 1, suppress 37 in 7.7e-05 s
Starting round 72
Found 1155 isolated vertices
Invalid ratios recomputed: 2611
Best ratio is 542/1 (542.0), centered at 71
Finding the best star... Star with 2 terminals centered in 71
round took: 0.331965 s
|V| = 7502, |E| = 14820, |R| = 109
>>> get_solution
>>> get_solution
  refine_solution: new weight 122086 (was 122225) in 0.00269 s
  refine_solution: new weight 122086 (was 122086) in 0.002578 s
72,,6347,14820,109,,2611,0,,122225,122086,31266,31266,31266,,542,2,@@

  handle_small_Steiner_degrees: steiner 0, suppress 6 in 2.1e-05 s
Starting round 73
Found 1165 isolated vertices
Invalid ratios recomputed: 404
Best ratio is 1636/3 (545.3), centered at 68
Finding the best star... Star with 4 terminals centered in 68
round took: 0.049599 s
|V| = 7502, |E| = 14802, |R| = 106
>>> get_solution
>>> get_solution
  refine_solution: new weight 121958 (was 122016) in 0.002677 s
  refine_solution: new weight 121958 (was 121958) in 0.002585 s
73,,6337,14802,106,,404,0,,122016,121958,32902,32902,32902,,1636,4,@@

  handle_small_Steiner_degrees: steiner 0, suppress 9 in 1.9e-05 s
Starting round 74
Found 1180 isolated vertices
Invalid ratios recomputed: 1040
Best ratio is 550/1 (550.0), centered at 0
Finding the best star... Star with 2 terminals centered in 0
round took: 0.137429 s
|V| = 7502, |E| = 14776, |R| = 105
>>> get_solution
>>> get_solution
  refine_solution: new weight 121958 (was 122016) in 0.002699 s
  refine_solution: new weight 121958 (was 121958) in 0.002574 s
74,,6322,14776,105,,1040,0,,122016,121958,33452,33452,33452,,550,2,@@

  handle_small_Steiner_degrees: steiner 0, suppress 10 in 2.5e-05 s
Starting round 75
Found 1192 isolated vertices
Invalid ratios recomputed: 2192
Best ratio is 551/1 (551.0), centered at 63
Finding the best star... Star with 2 terminals centered in 63
round took: 0.286437 s
|V| = 7502, |E| = 14743, |R| = 104
>>> get_solution
>>> get_solution
  refine_solution: new weight 121958 (was 122016) in 0.002686 s
  refine_solution: new weight 121958 (was 121958) in 0.002578 s
75,,6310,14743,104,,2192,0,,122016,121958,34003,34003,34003,,551,2,@@

  handle_small_Steiner_degrees: steiner 0, suppress 19 in 3.2e-05 s
Starting round 76
Found 1215 isolated vertices
Invalid ratios recomputed: 2291
Best ratio is 1118/2 (559.0), centered at 2930
Finding the best star... Star with 3 terminals centered in 128
round took: 0.302196 s
|V| = 7502, |E| = 14689, |R| = 102
>>> get_solution
>>> get_solution
  refine_solution: new weight 121676 (was 121734) in 0.002715 s
  refine_solution: new weight 121676 (was 121676) in 0.002597 s
76,,6287,14689,102,,2291,0,,121734,121676,35121,35121,35121,,1118,3,@@

  handle_small_Steiner_degrees: steiner 1, suppress 25 in 3.8e-05 s
Starting round 77
Found 1247 isolated vertices
Invalid ratios recomputed: 1399
Best ratio is 577/1 (577.0), centered at 19
Finding the best star... Star with 2 terminals centered in 58
round took: 0.180292 s
|V| = 7502, |E| = 14642, |R| = 101
>>> get_solution
>>> get_solution
  refine_solution: new weight 121676 (was 121734) in 0.002716 s
  refine_solution: new weight 121676 (was 121676) in 0.002594 s
77,,6255,14642,101,,1399,0,,121734,121676,35698,35698,35698,,577,2,@@

  handle_small_Steiner_degrees: steiner 0, suppress 12 in 2.9e-05 s
Starting round 78
Found 1261 isolated vertices
Invalid ratios recomputed: 2150
Best ratio is 1163/2 (581.5), centered at 1571
Finding the best star... Star with 3 terminals centered in 59
round took: 0.28818 s
|V| = 7502, |E| = 14586, |R| = 99
>>> get_solution
>>> get_solution
  refine_solution: new weight 121488 (was 121546) in 0.002717 s
  refine_solution: new weight 121488 (was 121488) in 0.002595 s
78,,6241,14586,99,,2150,0,,121546,121488,36861,36861,36861,,1163,3,@@

  handle_small_Steiner_degrees: steiner 1, suppress 30 in 3.9e-05 s
Starting round 79
Found 1298 isolated vertices
Invalid ratios recomputed: 1821
Best ratio is 582/1 (582.0), centered at 85
Finding the best star... Star with 2 terminals centered in 147
round took: 0.235823 s
|V| = 7502, |E| = 14541, |R| = 98
>>> get_solution
>>> get_solution
  refine_solution: new weight 121488 (was 121546) in 0.002725 s
  refine_solution: new weight 121488 (was 121488) in 0.002595 s
79,,6204,14541,98,,1821,0,,121546,121488,37443,37443,37443,,582,2,@@

  handle_small_Steiner_degrees: steiner 0, suppress 7 in 1.9e-05 s
Starting round 80
Found 1307 isolated vertices
Invalid ratios recomputed: 1917
Best ratio is 587/1 (587.0), centered at 25
Finding the best star... Star with 2 terminals centered in 167
round took: 0.281407 s
|V| = 7502, |E| = 14524, |R| = 97
>>> get_solution
>>> get_solution
  refine_solution: new weight 121488 (was 121546) in 0.002707 s
  refine_solution: new weight 121488 (was 121488) in 0.0026 s
80,,6195,14524,97,,1917,0,,121546,121488,38030,38030,38030,,587,2,@@

  delete_edges: deleted 186 edges in 0.059637 s and 32 rounds
  handle_small_Steiner_degrees: steiner 1, suppress 144 in 0.000115 s
Starting round 81
Found 1456 isolated vertices
Invalid ratios recomputed: 1082
Best ratio is 589/1 (589.0), centered at 126
Finding the best star... Star with 2 terminals centered in 145
round took: 0.155072 s
|V| = 7502, |E| = 14136, |R| = 96
>>> get_solution
>>> get_solution
  refine_solution: new weight 121233 (was 121291) in 0.00274 s
  refine_solution: new weight 121233 (was 121233) in 0.002604 s
81,,6046,14136,96,,1082,0,,121291,121233,38619,38619,38619,,589,2,@@

  handle_small_Steiner_degrees: steiner 0, suppress 3 in 2.3e-05 s
Starting round 82
Found 1463 isolated vertices
Invalid ratios recomputed: 2589
Best ratio is 595/1 (595.0), centered at 78
Finding the best star... Star with 2 terminals centered in 78
round took: 0.36195 s
|V| = 7502, |E| = 14128, |R| = 95
>>> get_solution
>>> get_solution
  refine_solution: new weight 121233 (was 121291) in 0.002729 s
  refine_solution: new weight 121233 (was 121233) in 0.002598 s
82,,6039,14128,95,,2589,0,,121291,121233,39214,39214,39214,,595,2,@@

  handle_small_Steiner_degrees: steiner 0, suppress 0 in 1.3e-05 s
Starting round 83
Found 1466 isolated vertices
Invalid ratios recomputed: 2419
Best ratio is 596/1 (596.0), centered at 6
Finding the best star... Star with 2 terminals centered in 53
round took: 0.319558 s
|V| = 7502, |E| = 14126, |R| = 94
>>> get_solution
>>> get_solution
  refine_solution: new weight 121233 (was 121291) in 0.002719 s
  refine_solution: new weight 121233 (was 121233) in 0.002609 s
83,,6036,14126,94,,2419,0,,121291,121233,39810,39810,39810,,596,2,@@

  handle_small_Steiner_degrees: steiner 0, suppress 0 in 1e-05 s
Starting round 84
Found 1468 isolated vertices
Invalid ratios recomputed: 1677
Best ratio is 601/1 (601.0), centered at 7
Finding the best star... Star with 2 terminals centered in 12
round took: 0.231548 s
|V| = 7502, |E| = 14116, |R| = 93
>>> get_solution
>>> get_solution
  refine_solution: new weight 121372 (was 121430) in 0.002711 s
  refine_solution: new weight 121372 (was 121372) in 0.002598 s
84,,6034,14116,93,,1677,0,,121430,121372,40411,40411,40411,,601,2,@@

  handle_small_Steiner_degrees: steiner 0, suppress 8 in 1.9e-05 s
Starting round 85
Found 1478 isolated vertices
Invalid ratios recomputed: 1601
Best ratio is 601/1 (601.0), centered at 23
Finding the best star... Star with 2 terminals centered in 188
round took: 0.239931 s
|V| = 7502, |E| = 14098, |R| = 92
>>> get_solution
>>> get_solution
  refine_solution: new weight 121334 (was 121392) in 0.00271 s
  refine_solution: new weight 121334 (was 121334) in 0.002601 s
85,,6024,14098,92,,1601,0,,121392,121334,41012,41012,41012,,601,2,@@

  handle_small_Steiner_degrees: steiner 0, suppress 3 in 1.7e-05 s
Starting round 86
Found 1486 isolated vertices
Invalid ratios recomputed: 2131
Best ratio is 610/1 (610.0), centered at 47
Finding the best star... Star with 2 terminals centered in 78
round took: 0.320314 s
|V| = 7502, |E| = 14057, |R| = 91
>>> get_solution
>>> get_solution
  refine_solution: new weight 121173 (was 121231) in 0.002716 s
  refine_solution: new weight 121173 (was 121173) in 0.002604 s
86,,6016,14057,91,,2131,0,,121231,121173,41622,41622,41622,,610,2,@@

  handle_small_Steiner_degrees: steiner 0, suppress 36 in 4.5e-05 s
Starting round 87
Found 1524 isolated vertices
Invalid ratios recomputed: 2579
Best ratio is 621/1 (621.0), centered at 60
Finding the best star... Star with 2 terminals centered in 60
round took: 0.354133 s
|V| = 7502, |E| = 13994, |R| = 90
>>> get_solution
>>> get_solution
  refine_solution: new weight 120899 (was 120957) in 0.002731 s
  refine_solution: new weight 120899 (was 120899) in 0.002627 s
87,,5978,13994,90,,2579,0,,120957,120899,42243,42243,42243,,621,2,@@

  handle_small_Steiner_degrees: steiner 0, suppress 20 in 4e-05 s
Starting round 88
Found 1548 isolated vertices
Invalid ratios recomputed: 2067
Best ratio is 634/1 (634.0), centered at 99
Finding the best star... Star with 2 terminals centered in 99
round took: 0.272472 s
|V| = 7502, |E| = 13961, |R| = 89
>>> get_solution
>>> get_solution
  refine_solution: new weight 120899 (was 120957) in 0.002726 s
  refine_solution: new weight 120899 (was 120899) in 0.002609 s
88,,5954,13961,89,,2067,0,,120957,120899,42877,42877,42877,,634,2,@@

  handle_small_Steiner_degrees: steiner 0, suppress 7 in 2.7e-05 s
Starting round 89
Found 1558 isolated vertices
Invalid ratios recomputed: 3033
Best ratio is 643/1 (643.0), centered at 186
Finding the best star... Star with 2 terminals centered in 186
round took: 0.421023 s
|V| = 7502, |E| = 13892, |R| = 88
>>> get_solution
>>> get_solution
  refine_solution: new weight 120899 (was 120957) in 0.002722 s
  refine_solution: new weight 120899 (was 120899) in 0.002612 s
89,,5944,13892,88,,3033,0,,120957,120899,43520,43520,43520,,643,2,@@

  handle_small_Steiner_degrees: steiner 0, suppress 57 in 8e-05 s
Starting round 90
Found 1618 isolated vertices
Invalid ratios recomputed: 2428
Best ratio is 1304/2 (652.0), centered at 4029
Finding the best star... Star with 3 terminals centered in 81
round took: 0.407603 s
|V| = 7502, |E| = 13810, |R| = 86
>>> get_solution
>>> get_solution
  refine_solution: new weight 120649 (was 120707) in 0.002716 s
  refine_solution: new weight 120649 (was 120649) in 0.002598 s
90,,5884,13810,86,,2428,0,,120707,120649,44824,44824,44824,,1304,3,@@

  handle_small_Steiner_degrees: steiner 0, suppress 16 in 2.4e-05 s
Starting round 91
Found 1640 isolated vertices
Invalid ratios recomputed: 1290
Best ratio is 656/1 (656.0), centered at 38
Finding the best star... Star with 2 terminals centered in 38
round took: 0.176043 s
|V| = 7502, |E| = 13765, |R| = 85
>>> get_solution
>>> get_solution
  refine_solution: new weight 120594 (was 120604) in 0.002726 s
  refine_solution: new weight 120594 (was 120594) in 0.002604 s
91,,5862,13765,85,,1290,0,,120604,120594,45480,45480,45480,,656,2,@@

  handle_small_Steiner_degrees: steiner 0, suppress 19 in 3.3e-05 s
Starting round 92
Found 1663 isolated vertices
Invalid ratios recomputed: 2862
Best ratio is 656/1 (656.0), centered at 71
Finding the best star... Star with 2 terminals centered in 71
round took: 0.452751 s
|V| = 7502, |E| = 13725, |R| = 84
>>> get_solution
>>> get_solution
  refine_solution: new weight 120538 (was 120548) in 0.002727 s
  refine_solution: new weight 120538 (was 120538) in 0.002632 s
92,,5839,13725,84,,2862,0,,120548,120538,46136,46136,46136,,656,2,@@

  handle_small_Steiner_degrees: steiner 0, suppress 9 in 1.7e-05 s
Starting round 93
Found 1675 isolated vertices
Invalid ratios recomputed: 842
Best ratio is 660/1 (660.0), centered at 87
Finding the best star... Star with 2 terminals centered in 87
round took: 0.119729 s
|V| = 7502, |E| = 13670, |R| = 83
>>> get_solution
>>> get_solution
  refine_solution: new weight 120538 (was 120548) in 0.002731 s
  refine_solution: new weight 120538 (was 120538) in 0.002625 s
93,,5827,13670,83,,842,0,,120548,120538,46796,46796,46796,,660,2,@@

  handle_small_Steiner_degrees: steiner 2, suppress 35 in 7.2e-05 s
Starting round 94
Found 1715 isolated vertices
Invalid ratios recomputed: 3528
Best ratio is 2032/3 (677.3), centered at 5381
Finding the best star... Star with 4 terminals centered in 136
round took: 0.527864 s
|V| = 7502, |E| = 13488, |R| = 80
>>> get_solution
>>> get_solution
  refine_solution: new weight 119937 (was 119947) in 0.002758 s
  refine_solution: new weight 119937 (was 119937) in 0.002645 s
94,,5787,13488,80,,3528,0,,119947,119937,48828,48828,48828,,2032,4,@@

  handle_small_Steiner_degrees: steiner 7, suppress 160 in 0.00022 s
Starting round 95
Found 1891 isolated vertices
Invalid ratios recomputed: 3479
Best ratio is 2034/3 (678.0), centered at 263
Finding the best star... Star with 4 terminals centered in 57
round took: 0.549002 s
|V| = 7502, |E| = 13067, |R| = 77
>>> get_solution
>>> get_solution
  refine_solution: new weight 119860 (was 119870) in 0.002773 s
  refine_solution: new weight 119860 (was 119860) in 0.002636 s
95,,5611,13067,77,,3479,0,,119870,119860,50862,50862,50862,,2034,4,@@

  handle_small_Steiner_degrees: steiner 8, suppress 147 in 0.00024 s
Starting round 96
Found 2054 isolated vertices
Invalid ratios recomputed: 3767
Best ratio is 1365/2 (682.5), centered at 1811
Finding the best star... Star with 3 terminals centered in 103
round took: 0.547622 s
|V| = 7502, |E| = 12812, |R| = 75
>>> get_solution
>>> get_solution
  refine_solution: new weight 119657 (was 119667) in 0.002779 s
  refine_solution: new weight 119657 (was 119657) in 0.002653 s
96,,5448,12812,75,,3767,0,,119667,119657,52227,52227,52227,,1365,3,@@

  delete_edges: deleted 359 edges in 0.098058 s and 48 rounds
  handle_small_Steiner_degrees: steiner 24, suppress 376 in 0.000337 s
Starting round 97
Found 2460 isolated vertices
Invalid ratios recomputed: 1984
Best ratio is 689/1 (689.0), centered at 87
Finding the best star... Star with 2 terminals centered in 169
round took: 0.349755 s
|V| = 7502, |E| = 11861, |R| = 74
>>> get_solution
>>> get_solution
  refine_solution: new weight 119783 (was 119793) in 0.002756 s
  refine_solution: new weight 119783 (was 119783) in 0.00265 s
97,,5042,11861,74,,1984,0,,119793,119783,52916,52916,52916,,689,2,@@

  handle_small_Steiner_degrees: steiner 0, suppress 50 in 7.3e-05 s
Starting round 98
Found 2514 isolated vertices
Invalid ratios recomputed: 3639
Best ratio is 1382/2 (691.0), centered at 2446
Finding the best star... Star with 3 terminals centered in 169
round took: 0.523612 s
|V| = 7502, |E| = 11719, |R| = 72
>>> get_solution
>>> get_solution
  refine_solution: new weight 119501 (was 119511) in 0.002777 s
  refine_solution: new weight 119501 (was 119501) in 0.00266 s
98,,4988,11719,72,,3639,0,,119511,119501,54298,54298,54298,,1382,3,@@

  handle_small_Steiner_degrees: steiner 3, suppress 84 in 0.000139 s
Starting round 99
Found 2607 isolated vertices
Invalid ratios recomputed: 3679
Best ratio is 697/1 (697.0), centered at 127
Finding the best star... Star with 2 terminals centered in 127
round took: 0.551029 s
|V| = 7502, |E| = 11566, |R| = 71
>>> get_solution
>>> get_solution
  refine_solution: new weight 119501 (was 119511) in 0.002792 s
  refine_solution: new weight 119501 (was 119501) in 0.002659 s
99,,4895,11566,71,,3679,0,,119511,119501,54995,54995,54995,,697,2,@@

  handle_small_Steiner_degrees: steiner 0, suppress 26 in 7.1e-05 s
Starting round 100
Found 2636 isolated vertices
Invalid ratios recomputed: 3668
Best ratio is 700/1 (700.0), centered at 89
Finding the best star... Star with 2 terminals centered in 112
round took: 0.570299 s
|V| = 7502, |E| = 11500, |R| = 70
>>> get_solution
>>> get_solution
  refine_solution: new weight 119501 (was 119511) in 0.002784 s
  refine_solution: new weight 119501 (was 119501) in 0.002651 s
100,,4866,11500,70,,3668,0,,119511,119501,55695,55695,55695,,700,2,@@

  handle_small_Steiner_degrees: steiner 0, suppress 29 in 5e-05 s
Starting round 101
Found 2668 isolated vertices
Invalid ratios recomputed: 3273
Best ratio is 1410/2 (705.0), centered at 1093
Finding the best star... Star with 3 terminals centered in 12
round took: 0.513621 s
|V| = 7502, |E| = 11448, |R| = 68
>>> get_solution
>>> get_solution
  refine_solution: new weight 119247 (was 119257) in 0.002775 s
  refine_solution: new weight 119247 (was 119247) in 0.002657 s
101,,4834,11448,68,,3273,0,,119257,119247,57105,57105,57105,,1410,3,@@

  handle_small_Steiner_degrees: steiner 0, suppress 16 in 4.1e-05 s
Starting round 102
Found 2689 isolated vertices
Invalid ratios recomputed: 2332
Best ratio is 707/1 (707.0), centered at 31
Finding the best star... Star with 2 terminals centered in 31
round took: 0.43422 s
|V| = 7502, |E| = 11413, |R| = 67
>>> get_solution
>>> get_solution
  refine_solution: new weight 119247 (was 119257) in 0.002768 s
  refine_solution: new weight 119247 (was 119247) in 0.002648 s
102,,4813,11413,67,,2332,0,,119257,119247,57812,57812,57812,,707,2,@@

  handle_small_Steiner_degrees: steiner 0, suppress 9 in 2.2e-05 s
Starting round 103
Found 2701 isolated vertices
Invalid ratios recomputed: 2797
Best ratio is 2860/4 (715.0), centered at 3878
Finding the best star... Star with 5 terminals centered in 63
round took: 0.483166 s
|V| = 7502, |E| = 11334, |R| = 63
>>> get_solution
>>> get_solution
  refine_solution: new weight 118634 (was 118906) in 0.002776 s
  refine_solution: new weight 118634 (was 118634) in 0.002675 s
103,,4801,11334,63,,2797,0,,118906,118634,60672,60672,60672,,2860,5,@@

  handle_small_Steiner_degrees: steiner 3, suppress 51 in 8e-05 s
Starting round 104
Found 2770 isolated vertices
Invalid ratios recomputed: 3359
Best ratio is 722/1 (722.0), centered at 57
Finding the best star... Star with 2 terminals centered in 95
round took: 0.539662 s
|V| = 7502, |E| = 11216, |R| = 62
>>> get_solution
>>> get_solution
  refine_solution: new weight 118634 (was 118906) in 0.002776 s
  refine_solution: new weight 118634 (was 118634) in 0.002674 s
104,,4732,11216,62,,3359,0,,118906,118634,61394,61394,61394,,722,2,@@

  handle_small_Steiner_degrees: steiner 0, suppress 29 in 5e-05 s
Starting round 105
Found 2803 isolated vertices
Invalid ratios recomputed: 3206
Best ratio is 727/1 (727.0), centered at 41
Finding the best star... Star with 2 terminals centered in 41
round took: 0.497776 s
|V| = 7502, |E| = 11128, |R| = 61
>>> get_solution
>>> get_solution
  refine_solution: new weight 118634 (was 118906) in 0.002771 s
  refine_solution: new weight 118634 (was 118634) in 0.002674 s
105,,4699,11128,61,,3206,0,,118906,118634,62121,62121,62121,,727,2,@@

  handle_small_Steiner_degrees: steiner 0, suppress 30 in 5.4e-05 s
Starting round 106
Found 2837 isolated vertices
Invalid ratios recomputed: 3172
Best ratio is 741/1 (741.0), centered at 112
Finding the best star... Star with 2 terminals centered in 112
round took: 0.514373 s
|V| = 7502, |E| = 11062, |R| = 60
>>> get_solution
>>> get_solution
  refine_solution: new weight 118603 (was 118875) in 0.002792 s
  refine_solution: new weight 118603 (was 118603) in 0.002665 s
106,,4665,11062,60,,3172,0,,118875,118603,62862,62862,62862,,741,2,@@

  handle_small_Steiner_degrees: steiner 0, suppress 17 in 3.7e-05 s
Starting round 107
Found 2857 isolated vertices
Invalid ratios recomputed: 3034
Best ratio is 749/1 (749.0), centered at 0
Finding the best star... Star with 2 terminals centered in 8
round took: 0.556413 s
|V| = 7502, |E| = 11025, |R| = 59
>>> get_solution
>>> get_solution
  refine_solution: new weight 118603 (was 118899) in 0.002781 s
  refine_solution: new weight 118603 (was 118603) in 0.002665 s
107,,4645,11025,59,,3034,0,,118899,118603,63611,63611,63611,,749,2,@@

  handle_small_Steiner_degrees: steiner 0, suppress 2 in 1.4e-05 s
Starting round 108
Found 2862 isolated vertices
Invalid ratios recomputed: 2700
Best ratio is 753/1 (753.0), centered at 64
Finding the best star... Star with 2 terminals centered in 127
round took: 0.531231 s
|V| = 7502, |E| = 11007, |R| = 58
>>> get_solution
>>> get_solution
  refine_solution: new weight 118603 (was 118899) in 0.002777 s
  refine_solution: new weight 118603 (was 118603) in 0.002656 s
108,,4640,11007,58,,2700,0,,118899,118603,64364,64364,64364,,753,2,@@

  handle_small_Steiner_degrees: steiner 0, suppress 10 in 3.1e-05 s
Starting round 109
Found 2875 isolated vertices
Invalid ratios recomputed: 3316
Best ratio is 753/1 (753.0), centered at 101
Finding the best star... Star with 2 terminals centered in 163
round took: 0.66858 s
|V| = 7502, |E| = 10949, |R| = 57
>>> get_solution
>>> get_solution
  refine_solution: new weight 118603 (was 118899) in 0.002782 s
  refine_solution: new weight 118603 (was 118603) in 0.002659 s
109,,4627,10949,57,,3316,0,,118899,118603,65117,65117,65117,,753,2,@@

  handle_small_Steiner_degrees: steiner 0, suppress 39 in 6.3e-05 s
Starting round 110
Found 2918 isolated vertices
Invalid ratios recomputed: 2863
Best ratio is 759/1 (759.0), centered at 54
Finding the best star... Star with 2 terminals centered in 54
round took: 0.647826 s
|V| = 7502, |E| = 10900, |R| = 56
>>> get_solution
>>> get_solution
  refine_solution: new weight 118472 (was 118768) in 0.002757 s
  refine_solution: new weight 118472 (was 118472) in 0.002667 s
110,,4584,10900,56,,2863,0,,118768,118472,65876,65876,65876,,759,2,@@

  handle_small_Steiner_degrees: steiner 0, suppress 2 in 1.3e-05 s
Starting round 111
Found 2922 isolated vertices
Invalid ratios recomputed: 1849
Best ratio is 1536/2 (768.0), centered at 273
Finding the best star... Star with 3 terminals centered in 80
round took: 0.487331 s
|V| = 7502, |E| = 10854, |R| = 54
>>> get_solution
>>> get_solution
  refine_solution: new weight 118331 (was 118627) in 0.002752 s
  refine_solution: new weight 118331 (was 118331) in 0.002674 s
111,,4580,10854,54,,1849,0,,118627,118331,67412,67412,67412,,1536,3,@@

  handle_small_Steiner_degrees: steiner 0, suppress 39 in 5.2e-05 s
Starting round 112
Found 2970 isolated vertices
Invalid ratios recomputed: 2243
Best ratio is 769/1 (769.0), centered at 127
Finding the best star... Star with 2 terminals centered in 127
round took: 0.552059 s
|V| = 7502, |E| = 10755, |R| = 53
>>> get_solution
>>> get_solution
  refine_solution: new weight 118331 (was 118627) in 0.002762 s
  refine_solution: new weight 118331 (was 118331) in 0.002682 s
112,,4532,10755,53,,2243,0,,118627,118331,68181,68181,68181,,769,2,@@

  delete_edges: deleted 489 edges in 0.222104 s and 98 rounds
  handle_small_Steiner_degrees: steiner 19, suppress 466 in 0.000372 s
Starting round 113
Found 3458 isolated vertices
Invalid ratios recomputed: 2955
Best ratio is 1539/2 (769.5), centered at 1637
Finding the best star... Star with 3 terminals centered in 181
round took: 0.57725 s
|V| = 7502, |E| = 9574, |R| = 51
>>> get_solution
>>> get_solution
  refine_solution: new weight 117995 (was 118316) in 0.002768 s
  refine_solution: new weight 117995 (was 117995) in 0.002669 s
113,,4044,9574,51,,2955,0,,118316,117995,69720,69720,69720,,1539,3,@@

  handle_small_Steiner_degrees: steiner 1, suppress 60 in 7.7e-05 s
Starting round 114
Found 3522 isolated vertices
Invalid ratios recomputed: 3134
Best ratio is 774/1 (774.0), centered at 166
Finding the best star... Star with 2 terminals centered in 166
round took: 0.58744 s
|V| = 7502, |E| = 9464, |R| = 50
>>> get_solution
>>> get_solution
  refine_solution: new weight 117995 (was 118316) in 0.002771 s
  refine_solution: new weight 117995 (was 117995) in 0.002665 s
114,,3980,9464,50,,3134,0,,118316,117995,70494,70494,70494,,774,2,@@

  handle_small_Steiner_degrees: steiner 0, suppress 20 in 3.9e-05 s
Starting round 115
Found 3544 isolated vertices
Invalid ratios recomputed: 3115
Best ratio is 790/1 (790.0), centered at 22
Finding the best star... Star with 2 terminals centered in 43
round took: 0.620855 s
|V| = 7502, |E| = 9426, |R| = 49
>>> get_solution
>>> get_solution
  refine_solution: new weight 117995 (was 118316) in 0.002779 s
  refine_solution: new weight 117995 (was 117995) in 0.002662 s
115,,3958,9426,49,,3115,0,,118316,117995,71284,71284,71284,,790,2,@@

  handle_small_Steiner_degrees: steiner 0, suppress 5 in 1.6e-05 s
Starting round 116
Found 3550 isolated vertices
Invalid ratios recomputed: 2237
Best ratio is 792/1 (792.0), centered at 33
Finding the best star... Star with 2 terminals centered in 33
round took: 0.519162 s
|V| = 7502, |E| = 9413, |R| = 48
>>> get_solution
>>> get_solution
  refine_solution: new weight 117802 (was 118123) in 0.002757 s
  refine_solution: new weight 117802 (was 117802) in 0.002676 s
116,,3952,9413,48,,2237,0,,118123,117802,72076,72076,72076,,792,2,@@

  handle_small_Steiner_degrees: steiner 0, suppress 3 in 1.4e-05 s
Starting round 117
Found 3555 isolated vertices
Invalid ratios recomputed: 1938
Best ratio is 796/1 (796.0), centered at 12
Finding the best star... Star with 2 terminals centered in 12
round took: 0.475457 s
|V| = 7502, |E| = 9337, |R| = 47
>>> get_solution
>>> get_solution
  refine_solution: new weight 117802 (was 118123) in 0.002767 s
  refine_solution: new weight 117802 (was 117802) in 0.002678 s
117,,3947,9337,47,,1938,0,,118123,117802,72872,72872,72872,,796,2,@@

  handle_small_Steiner_degrees: steiner 0, suppress 99 in 0.000175 s
Starting round 118
Found 3657 isolated vertices
Invalid ratios recomputed: 3079
Best ratio is 801/1 (801.0), centered at 59
Finding the best star... Star with 2 terminals centered in 59
round took: 0.635424 s
|V| = 7502, |E| = 9154, |R| = 46
>>> get_solution
>>> get_solution
  refine_solution: new weight 117995 (was 118316) in 0.002757 s
  refine_solution: new weight 117995 (was 117995) in 0.002658 s
118,,3845,9154,46,,3079,0,,118316,117995,73673,73673,73673,,801,2,@@

  handle_small_Steiner_degrees: steiner 0, suppress 35 in 7.8e-05 s
Starting round 119
Found 3695 isolated vertices
Invalid ratios recomputed: 2622
Best ratio is 809/1 (809.0), centered at 33
Finding the best star... Star with 2 terminals centered in 54
round took: 0.586867 s
|V| = 7502, |E| = 9105, |R| = 45
>>> get_solution
>>> get_solution
  refine_solution: new weight 117995 (was 118316) in 0.002754 s
  refine_solution: new weight 117995 (was 117995) in 0.002663 s
119,,3807,9105,45,,2622,0,,118316,117995,74482,74482,74482,,809,2,@@

  handle_small_Steiner_degrees: steiner 1, suppress 4 in 1.8e-05 s
Starting round 120
Found 3704 isolated vertices
Invalid ratios recomputed: 2276
Best ratio is 813/1 (813.0), centered at 61
Finding the best star... Star with 2 terminals centered in 61
round took: 0.55053 s
|V| = 7502, |E| = 9093, |R| = 44
>>> get_solution
>>> get_solution
  refine_solution: new weight 117913 (was 118234) in 0.002767 s
  refine_solution: new weight 117913 (was 117913) in 0.002663 s
120,,3798,9093,44,,2276,0,,118234,117913,75295,75295,75295,,813,2,@@

  handle_small_Steiner_degrees: steiner 1, suppress 2 in 1.3e-05 s
Starting round 121
Found 3710 isolated vertices
Invalid ratios recomputed: 3223
Best ratio is 1637/2 (818.5), centered at 192
Finding the best star... Star with 3 terminals centered in 21
round took: 0.691101 s
|V| = 7502, |E| = 9057, |R| = 42
>>> get_solution
>>> get_solution
  refine_solution: new weight 117767 (was 118088) in 0.002749 s
  refine_solution: new weight 117767 (was 117767) in 0.00267 s
121,,3792,9057,42,,3223,0,,118088,117767,76932,76932,76932,,1637,3,@@

  handle_small_Steiner_degrees: steiner 1, suppress 24 in 7.5e-05 s
Starting round 122
Found 3740 isolated vertices
Invalid ratios recomputed: 3539
Best ratio is 1645/2 (822.5), centered at 1306
Finding the best star... Star with 3 terminals centered in 77
round took: 0.73759 s
|V| = 7502, |E| = 8999, |R| = 40
>>> get_solution
>>> get_solution
  refine_solution: new weight 117613 (was 117885) in 0.002757 s
  refine_solution: new weight 117613 (was 117613) in 0.002652 s
122,,3762,8999,40,,3539,0,,117885,117613,78577,78577,78577,,1645,3,@@

  handle_small_Steiner_degrees: steiner 0, suppress 18 in 4.5e-05 s
Starting round 123
Found 3762 isolated vertices
Invalid ratios recomputed: 2556
Best ratio is 833/1 (833.0), centered at 26
Finding the best star... Star with 2 terminals centered in 71
round took: 0.624978 s
|V| = 7502, |E| = 8973, |R| = 39
>>> get_solution
>>> get_solution
  refine_solution: new weight 117613 (was 117885) in 0.002765 s
  refine_solution: new weight 117613 (was 117613) in 0.002652 s
123,,3740,8973,39,,2556,0,,117885,117613,79410,79410,79410,,833,2,@@

  handle_small_Steiner_degrees: steiner 0, suppress 1 in 1.4e-05 s
Starting round 124
Found 3764 isolated vertices
Invalid ratios recomputed: 1932
Best ratio is 1686/2 (843.0), centered at 21
Finding the best star... Star with 3 terminals centered in 67
round took: 0.545791 s
|V| = 7502, |E| = 8952, |R| = 37
>>> get_solution
>>> get_solution
  refine_solution: new weight 117613 (was 117885) in 0.002757 s
  refine_solution: new weight 117613 (was 117613) in 0.00266 s
124,,3738,8952,37,,1932,0,,117885,117613,81096,81096,81096,,1686,3,@@

  handle_small_Steiner_degrees: steiner 0, suppress 11 in 3.6e-05 s
Starting round 125
Found 3780 isolated vertices
Invalid ratios recomputed: 3555
Best ratio is 1688/2 (844.0), centered at 3949
Finding the best star... Star with 3 terminals centered in 10
round took: 0.796745 s
|V| = 7502, |E| = 8912, |R| = 35
>>> get_solution
>>> get_solution
  refine_solution: new weight 117502 (was 117774) in 0.002777 s
  refine_solution: new weight 117502 (was 117502) in 0.002655 s
125,,3722,8912,35,,3555,0,,117774,117502,82784,82784,82784,,1688,3,@@

  handle_small_Steiner_degrees: steiner 1, suppress 10 in 2.2e-05 s
Starting round 126
Found 3799 isolated vertices
Invalid ratios recomputed: 2848
Best ratio is 1706/2 (853.0), centered at 111
Finding the best star... Star with 3 terminals centered in 43
round took: 0.723646 s
|V| = 7502, |E| = 8889, |R| = 33
>>> get_solution
>>> get_solution
  refine_solution: new weight 117312 (was 117584) in 0.00277 s
  refine_solution: new weight 117312 (was 117312) in 0.002655 s
126,,3703,8889,33,,2848,0,,117584,117312,84490,84490,84490,,1706,3,@@

  handle_small_Steiner_degrees: steiner 0, suppress 2 in 1.8e-05 s
Starting round 127
Found 3805 isolated vertices
Invalid ratios recomputed: 3323
Best ratio is 1729/2 (864.5), centered at 112
Finding the best star... Star with 3 terminals centered in 112
round took: 0.793105 s
|V| = 7502, |E| = 8788, |R| = 31
>>> get_solution
>>> get_solution
  refine_solution: new weight 117204 (was 117476) in 0.002779 s
  refine_solution: new weight 117204 (was 117204) in 0.002667 s
127,,3697,8788,31,,3323,0,,117476,117204,86219,86219,86219,,1729,3,@@

  handle_small_Steiner_degrees: steiner 10, suppress 108 in 0.000316 s
Starting round 128
Found 3927 isolated vertices
Invalid ratios recomputed: 3510
Best ratio is 1747/2 (873.5), centered at 551
Finding the best star... Star with 3 terminals centered in 112
round took: 0.759729 s
|V| = 7502, |E| = 8561, |R| = 29
>>> get_solution
>>> get_solution
  refine_solution: new weight 116969 (was 117241) in 0.002782 s
  refine_solution: new weight 116969 (was 116969) in 0.002666 s
128,,3575,8561,29,,3510,0,,117241,116969,87966,87966,87966,,1747,3,@@

  delete_edges: deleted 392 edges in 0.519725 s and 147 rounds
  handle_small_Steiner_degrees: steiner 32, suppress 322 in 0.000584 s
Starting round 129
Found 4285 isolated vertices
Invalid ratios recomputed: 3155
Best ratio is 875/1 (875.0), centered at 8
Finding the best star... Star with 2 terminals centered in 8
round took: 0.686171 s
|V| = 7502, |E| = 7689, |R| = 28
>>> get_solution
>>> get_solution
  refine_solution: new weight 116969 (was 117241) in 0.002789 s
  refine_solution: new weight 116969 (was 116969) in 0.002677 s
129,,3217,7689,28,,3155,0,,117241,116969,88841,88841,88841,,875,2,@@

  handle_small_Steiner_degrees: steiner 0, suppress 33 in 0.00012 s
Starting round 130
Found 4319 isolated vertices
Invalid ratios recomputed: 3120
Best ratio is 883/1 (883.0), centered at 8
Finding the best star... Star with 2 terminals centered in 8
round took: 0.677471 s
|V| = 7502, |E| = 7629, |R| = 27
>>> get_solution
>>> get_solution
  refine_solution: new weight 116969 (was 117241) in 0.002782 s
  refine_solution: new weight 116969 (was 116969) in 0.002672 s
130,,3183,7629,27,,3120,0,,117241,116969,89724,89724,89724,,883,2,@@

  handle_small_Steiner_degrees: steiner 0, suppress 3 in 1.7e-05 s
Starting round 131
Found 4324 isolated vertices
Invalid ratios recomputed: 3115
Best ratio is 892/1 (892.0), centered at 8
Finding the best star... Star with 2 terminals centered in 8
round took: 0.670886 s
|V| = 7502, |E| = 7604, |R| = 26
>>> get_solution
>>> get_solution
  refine_solution: new weight 116969 (was 117241) in 0.002796 s
  refine_solution: new weight 116969 (was 116969) in 0.002675 s
131,,3178,7604,26,,3115,0,,117241,116969,90616,90616,90616,,892,2,@@

  handle_small_Steiner_degrees: steiner 0, suppress 16 in 7.3e-05 s
Starting round 132
Found 4342 isolated vertices
Invalid ratios recomputed: 3097
Best ratio is 898/1 (898.0), centered at 8
Finding the best star... Star with 2 terminals centered in 8
round took: 0.651285 s
|V| = 7502, |E| = 7567, |R| = 25
>>> get_solution
>>> get_solution
  refine_solution: new weight 116969 (was 117241) in 0.002782 s
  refine_solution: new weight 116969 (was 116969) in 0.002661 s
132,,3160,7567,25,,3097,0,,117241,116969,91514,91514,91514,,898,2,@@

  handle_small_Steiner_degrees: steiner 0, suppress 8 in 2.3e-05 s
Starting round 133
Found 4352 isolated vertices
Invalid ratios recomputed: 3087
Best ratio is 910/1 (910.0), centered at 8
Finding the best star... Star with 2 terminals centered in 8
round took: 0.650887 s
|V| = 7502, |E| = 7521, |R| = 24
>>> get_solution
>>> get_solution
  refine_solution: new weight 116969 (was 117241) in 0.002782 s
  refine_solution: new weight 116969 (was 116969) in 0.002678 s
133,,3150,7521,24,,3087,0,,117241,116969,92424,92424,92424,,910,2,@@

  handle_small_Steiner_degrees: steiner 4, suppress 22 in 7.6e-05 s
Starting round 134
Found 4381 isolated vertices
Invalid ratios recomputed: 3076
Best ratio is 914/1 (914.0), centered at 8
Finding the best star... Star with 2 terminals centered in 174
round took: 0.650496 s
|V| = 7502, |E| = 7461, |R| = 23
>>> get_solution
>>> get_solution
  refine_solution: new weight 116920 (was 117192) in 0.002782 s
  refine_solution: new weight 116920 (was 116920) in 0.002657 s
134,,3121,7461,23,,3076,0,,117192,116920,93338,93338,93338,,914,2,@@

  handle_small_Steiner_degrees: steiner 0, suppress 16 in 6.9e-05 s
Starting round 135
Found 4399 isolated vertices
Invalid ratios recomputed: 3058
Best ratio is 919/1 (919.0), centered at 77
Finding the best star... Star with 2 terminals centered in 77
round took: 0.664598 s
|V| = 7502, |E| = 7426, |R| = 22
>>> get_solution
>>> get_solution
  refine_solution: new weight 116920 (was 117192) in 0.002775 s
  refine_solution: new weight 116920 (was 116920) in 0.002658 s
135,,3103,7426,22,,3058,0,,117192,116920,94257,94257,94257,,919,2,@@

  handle_small_Steiner_degrees: steiner 0, suppress 12 in 7e-05 s
Starting round 136
Found 4412 isolated vertices
Invalid ratios recomputed: 3045
Best ratio is 922/1 (922.0), centered at 31
Finding the best star... Star with 2 terminals centered in 128
round took: 0.681439 s
|V| = 7502, |E| = 7396, |R| = 21
>>> get_solution
>>> get_solution
  refine_solution: new weight 116920 (was 117192) in 0.002789 s
  refine_solution: new weight 116920 (was 116920) in 0.002658 s
136,,3090,7396,21,,3045,0,,117192,116920,95179,95179,95179,,922,2,@@

  handle_small_Steiner_degrees: steiner 0, suppress 8 in 2e-05 s
Starting round 137
Found 4425 isolated vertices
Invalid ratios recomputed: 2473
Best ratio is 926/1 (926.0), centered at 71
Finding the best star... Star with 2 terminals centered in 71
round took: 0.666271 s
|V| = 7502, |E| = 7369, |R| = 20
>>> get_solution
>>> get_solution
  refine_solution: new weight 116734 (was 117006) in 0.002789 s
  refine_solution: new weight 116734 (was 116734) in 0.002658 s
137,,3077,7369,20,,2473,0,,117006,116734,96105,96105,96105,,926,2,@@

  handle_small_Steiner_degrees: steiner 0, suppress 8 in 2.9e-05 s
Starting round 138
Found 4438 isolated vertices
Invalid ratios recomputed: 2889
Best ratio is 938/1 (938.0), centered at 100
Finding the best star... Star with 2 terminals centered in 131
round took: 0.72178 s
|V| = 7502, |E| = 7352, |R| = 19
>>> get_solution
>>> get_solution
  refine_solution: new weight 116734 (was 117006) in 0.002781 s
  refine_solution: new weight 116734 (was 116734) in 0.002658 s
138,,3064,7352,19,,2889,0,,117006,116734,97043,97043,97043,,938,2,@@

  handle_small_Steiner_degrees: steiner 0, suppress 2 in 1.3e-05 s
Starting round 139
Found 4441 isolated vertices
Invalid ratios recomputed: 2852
Best ratio is 946/1 (946.0), centered at 43
Finding the best star... Star with 2 terminals centered in 43
round took: 0.709653 s
|V| = 7502, |E| = 7336, |R| = 18
>>> get_solution
>>> get_solution
  refine_solution: new weight 116734 (was 117006) in 0.002783 s
  refine_solution: new weight 116734 (was 116734) in 0.002672 s
139,,3061,7336,18,,2852,0,,117006,116734,97989,97989,97989,,946,2,@@

  handle_small_Steiner_degrees: steiner 0, suppress 11 in 5.2e-05 s
Starting round 140
Found 4454 isolated vertices
Invalid ratios recomputed: 3018
Best ratio is 1910/2 (955.0), centered at 413
Finding the best star... Star with 3 terminals centered in 38
round took: 0.756812 s
|V| = 7502, |E| = 7280, |R| = 16
>>> get_solution
>>> get_solution
  refine_solution: new weight 116601 (was 116873) in 0.002786 s
  refine_solution: new weight 116601 (was 116601) in 0.00266 s
140,,3048,7280,16,,3018,0,,116873,116601,99899,99899,99899,,1910,3,@@

  handle_small_Steiner_degrees: steiner 3, suppress 29 in 0.000118 s
Starting round 141
Found 4493 isolated vertices
Invalid ratios recomputed: 3006
Best ratio is 1948/2 (974.0), centered at 4397
Finding the best star... Star with 3 terminals centered in 128
round took: 0.802882 s
|V| = 7502, |E| = 7122, |R| = 14
>>> get_solution
>>> get_solution
  refine_solution: new weight 116399 (was 116671) in 0.002814 s
  refine_solution: new weight 116399 (was 116399) in 0.002672 s
141,,3009,7122,14,,3006,0,,116671,116399,101847,101847,101847,,1948,3,@@

  handle_small_Steiner_degrees: steiner 0, suppress 109 in 0.000445 s
Starting round 142
Found 4609 isolated vertices
Invalid ratios recomputed: 2891
Best ratio is 988/1 (988.0), centered at 128
Finding the best star... Star with 2 terminals centered in 165
round took: 0.759011 s
|V| = 7502, |E| = 6923, |R| = 13
>>> get_solution
>>> get_solution
  refine_solution: new weight 116399 (was 116671) in 0.002811 s
  refine_solution: new weight 116399 (was 116399) in 0.002666 s
142,,2893,6923,13,,2891,0,,116671,116399,102835,102835,102835,,988,2,@@

  handle_small_Steiner_degrees: steiner 0, suppress 21 in 0.000124 s
Starting round 143
Found 4631 isolated vertices
Invalid ratios recomputed: 2869
Best ratio is 998/1 (998.0), centered at 159
Finding the best star... Star with 2 terminals centered in 159
round took: 0.747223 s
|V| = 7502, |E| = 6871, |R| = 12
>>> get_solution
>>> get_solution
  refine_solution: new weight 116399 (was 116671) in 0.002805 s
  refine_solution: new weight 116399 (was 116399) in 0.002685 s
143,,2871,6871,12,,2869,0,,116671,116399,103833,103833,103833,,998,2,@@

  handle_small_Steiner_degrees: steiner 0, suppress 17 in 0.000116 s
Starting round 144
Found 4651 isolated vertices
Invalid ratios recomputed: 2849
Best ratio is 1007/1 (1007.0), centered at 159
Finding the best star... Star with 2 terminals centered in 159
round took: 0.746286 s
|V| = 7502, |E| = 6737, |R| = 11
>>> get_solution
>>> get_solution
  refine_solution: new weight 116399 (was 116671) in 0.002818 s
  refine_solution: new weight 116399 (was 116399) in 0.002682 s
144,,2851,6737,11,,2849,0,,116671,116399,104840,104840,104840,,1007,2,@@

  handle_small_Steiner_degrees: steiner 0, suppress 114 in 0.000459 s
Starting round 145
Found 4768 isolated vertices
Invalid ratios recomputed: 2732
Best ratio is 2023/2 (1011.5), centered at 356
Finding the best star... Star with 3 terminals centered in 56
round took: 0.663598 s
|V| = 7502, |E| = 6498, |R| = 9
>>> get_solution
>>> get_solution
  refine_solution: new weight 116039 (was 116311) in 0.002816 s
  refine_solution: new weight 116039 (was 116039) in 0.002683 s
145,,2734,6498,9,,2732,0,,116311,116039,106863,106863,106863,,2023,3,@@

  handle_small_Steiner_degrees: steiner 2, suppress 35 in 0.000175 s
Starting round 146
Found 4810 isolated vertices
Invalid ratios recomputed: 2690
Best ratio is 1059/1 (1059.0), centered at 56
Finding the best star... Star with 2 terminals centered in 71
round took: 0.635371 s
|V| = 7502, |E| = 6424, |R| = 8
>>> get_solution
>>> get_solution
  refine_solution: new weight 116039 (was 116311) in 0.002832 s
  refine_solution: new weight 116039 (was 116039) in 0.002682 s
146,,2692,6424,8,,2690,0,,116311,116039,107922,107922,107922,,1059,2,@@

  handle_small_Steiner_degrees: steiner 0, suppress 18 in 8.8e-05 s
Starting round 147
Found 4829 isolated vertices
Invalid ratios recomputed: 2671
Best ratio is 1081/1 (1081.0), centered at 48
Finding the best star... Star with 2 terminals centered in 48
round took: 0.63152 s
|V| = 7502, |E| = 6386, |R| = 7
>>> get_solution
>>> get_solution
  refine_solution: new weight 116039 (was 116311) in 0.002828 s
  refine_solution: new weight 116039 (was 116039) in 0.002672 s
147,,2673,6386,7,,2671,0,,116311,116039,109003,109003,109003,,1081,2,@@

  handle_small_Steiner_degrees: steiner 0, suppress 6 in 5.4e-05 s
Starting round 148
Found 4838 isolated vertices
Invalid ratios recomputed: 2662
Best ratio is 1082/1 (1082.0), centered at 12
Finding the best star... Star with 2 terminals centered in 12
round took: 0.708624 s
|V| = 7502, |E| = 6367, |R| = 6
>>> get_solution
>>> get_solution
  refine_solution: new weight 116039 (was 116311) in 0.002821 s
  refine_solution: new weight 116039 (was 116039) in 0.002673 s
148,,2664,6367,6,,2662,0,,116311,116039,110085,110085,110085,,1082,2,@@

  handle_small_Steiner_degrees: steiner 0, suppress 3 in 1.7e-05 s
Starting round 149
Found 4845 isolated vertices
Invalid ratios recomputed: 2653
Best ratio is 1121/1 (1121.0), centered at 12
Finding the best star... Star with 2 terminals centered in 12
round took: 0.736319 s
|V| = 7502, |E| = 6349, |R| = 5
>>> get_solution
>>> get_solution
  refine_solution: new weight 116039 (was 116311) in 0.00281 s
  refine_solution: new weight 116039 (was 116039) in 0.002696 s
149,,2657,6349,5,,2653,0,,116311,116039,111206,111206,111206,,1121,2,@@

  handle_small_Steiner_degrees: steiner 0, suppress 6 in 2.2e-05 s
Starting round 150
Found 4855 isolated vertices
Invalid ratios recomputed: 2643
Best ratio is 1137/1 (1137.0), centered at 48
Finding the best star... Star with 2 terminals centered in 48
round took: 0.888094 s
|V| = 7502, |E| = 6326, |R| = 4
>>> get_solution
>>> get_solution
  refine_solution: new weight 116039 (was 116311) in 0.002818 s
  refine_solution: new weight 116039 (was 116039) in 0.002687 s
150,,2647,6326,4,,2643,0,,116311,116039,112343,112343,112343,,1137,2,@@

  handle_small_Steiner_degrees: steiner 0, suppress 16 in 8.9e-05 s
Starting round 151
Found 4872 isolated vertices
Invalid ratios recomputed: 2630
Best ratio is 1265/1 (1265.0), centered at 12
Finding the best star... Star with 2 terminals centered in 186
round took: 0.992774 s
|V| = 7502, |E| = 6272, |R| = 3
>>> get_solution
>>> get_solution
  refine_solution: new weight 116039 (was 116311) in 0.00282 s
  refine_solution: new weight 116039 (was 116039) in 0.002682 s
151,,2630,6272,3,,2630,0,,116311,116039,113608,113608,113608,,1265,2,@@

  handle_small_Steiner_degrees: steiner 1, suppress 20 in 7.8e-05 s
Starting round 152
Found 4897 isolated vertices
Invalid ratios recomputed: 2605
Best ratio is 1300/1 (1300.0), centered at 48
Finding the best star... Star with 2 terminals centered in 48
round took: 0.993556 s
|V| = 7502, |E| = 6228, |R| = 2
>>> get_solution
>>> get_solution
  refine_solution: new weight 116039 (was 116311) in 0.00282 s
  refine_solution: new weight 116039 (was 116039) in 0.002687 s
152,,2605,6228,2,,2605,0,,116311,116039,114908,114908,114908,,1300,2,@@

  handle_small_Steiner_degrees: steiner 0, suppress 8 in 3.6e-05 s
Starting round 153
Found 4907 isolated vertices
Invalid ratios recomputed: 2595
Best ratio is 1403/1 (1403.0), centered at 48
Finding the best star... Star with 2 terminals centered in 48
round took: 1.00172 s
|V| = 7502, |E| = 6188, |R| = 1
>>> get_solution
>>> get_solution
  refine_solution: new weight 116039 (was 116311) in 0.002807 s
  refine_solution: new weight 116039 (was 116039) in 0.002687 s
153,,2595,6188,1,,2595,0,,116311,116039,116311,116311,116311,,1403,2,@@

  handle_small_Steiner_degrees: steiner 0, suppress 23 in 0.0001 s
contract_till_the_bitter_end: 56.8382 s

Calling end_heu
>>> get_solution
Saved weight 3069
D: 116311 -> 114345
  BEST solution improved 116311 -> 114345 (vert_size 0, round 1) *
  BEST solution improved 114345 -> 114331 (vert_size 3, round 157) *
  BEST solution improved 114331 -> 114257 (vert_size 2, round 396) *
  BEST solution improved 114257 -> 114237 (vert_size 1, round 460)
  BEST solution improved 114237 -> 114211 (vert_size 3, round 568)
  BEST solution improved 114211 -> 114162 (vert_size 4, round 624) *
D: 114162 -> 113828
  BEST solution improved 114162 -> 113828 (vert_size 0, round 1001) *
  BEST solution improved 113828 -> 113782 (vert_size 4, round 1031) *
  BEST solution improved 113782 -> 113700 (vert_size 3, round 1295) *
  BEST solution improved 113700 -> 113636 (vert_size 1, round 1350) *
  BEST solution improved 113636 -> 113614 (vert_size 4, round 1489)
  BEST solution improved 113614 -> 113587 (vert_size 3, round 1492)
  BEST solution improved 113587 -> 113526 (vert_size 1, round 1640) *
  BEST solution improved 113526 -> 113508 (vert_size 4, round 1873) *
D: 113508 -> 113377
  BEST solution improved 113508 -> 113377 (vert_size 0, round 2001) *
D: 113377 -> 113377
D: 113377 -> 113377
D: 113482 -> 113391
D: 113700 -> 113765
D: 113377 -> 113377
  BEST solution improved 113377 -> 113353 (vert_size 4, round 7084) *
  BEST solution improved 113353 -> 113335 (vert_size 2, round 7147) *
  BEST solution improved 113335 -> 113308 (vert_size 7, round 7851) *
D: 113308 -> 113244
  BEST solution improved 113308 -> 113244 (vert_size 0, round 8001) *
D: 113244 -> 113244
D: 113482 -> 113479
D: 113335 -> 113217
  BEST solution improved 113335 -> 113217 (vert_size 0, round 11001) *
D: 113217 -> 113217
D: 113335 -> 113244
D: 113752 -> 113653
D: 113377 -> 113391
D: 113377 -> 113468
D: 113459 -> 113268
D: 113376 -> 113335
  BEST solution improved 113254 -> 113151 (vert_size 2, round 18949) *
D: 113151 -> 113090
  BEST solution improved 113151 -> 113090 (vert_size 0, round 19001) *
D: 113090 -> 113090
D: 113090 -> 113090
D: 113090 -> 113090
D: 113448 -> 113420
D: 113448 -> 113339
D: 113308 -> 113297
D: 113339 -> 113692
D: 113513 -> 113605
D: 113268 -> 113409
D: 113090 -> 113090
D: 113090 -> 113109
D: 113090 -> 113285
  BEST solution improved 113091 -> 113071 (vert_size 4, round 31252) *
D: 113071 -> 113053
  BEST solution improved 113071 -> 113053 (vert_size 0, round 32001) *
D: 113053 -> 113053
D: 113091 -> 113542
D: 113053 -> 113053
D: 113053 -> 113053
D: 113071 -> 113067
  BEST solution improved 113067 -> 113041 (vert_size 4, round 37650) *
D: 113041 -> 113041
D: 113441 -> 113339
  BEST solution improved 113041 -> 113034 (vert_size 3, round 39546) *
D: 113034 -> 113027
  BEST solution improved 113034 -> 113027 (vert_size 0, round 40001) *
D: 113027 -> 113027
D: 113027 -> 113180
D: 113041 -> 113041
D: 113027 -> 113027
D: 113297 -> 113528
D: 113391 -> 113562
D: 113027 -> 113027
D: 113027 -> 113176
D: 113027 -> 113027
D: 113176 -> 113340
D: 113268 -> 113282
D: 113249 -> 113199
D: 113027 -> 113027
D: 113236 -> 113085
D: 113180 -> 113027
D: 113027 -> 113176
D: 113411 -> 113461
D: 113027 -> 113027
D: 113027 -> 113027
D: 113027 -> 113045
D: 113482 -> 113426
D: 113027 -> 113027
D: 113172 -> 113187
D: 113218 -> 113218
D: 113027 -> 113027
D: 113027 -> 113027
D: 113027 -> 113230
D: 113377 -> 113610
D: 113610 -> 113780
D: 113413 -> 113168
D: 113027 -> 113027
D: 113218 -> 113453
D: 113027 -> 113027
D: 113027 -> 113027
D: 113027 -> 113027
D: 113027 -> 113027
D: 113391 -> 113622
D: 113027 -> 113027
D: 113027 -> 113027
D: 113527 -> 113415
D: 113377 -> 113377
D: 113027 -> 113027
D: 113027 -> 113027
D: 113345 -> 113602
D: 113027 -> 113027
D: 113422 -> 113525
D: 113394 -> 113268
D: 113244 -> 113244
D: 113027 -> 113027
D: 113244 -> 113254
D: 113451 -> 113351
D: 113027 -> 113027
D: 113335 -> 113349
D: 113218 -> 113218
D: 113176 -> 113359
D: 113249 -> 113231
D: 113128 -> 113211
D: 113217 -> 113231
D: 113041 -> 113187

 start over 99430 loops 219 unique solutions 
Approx + random 
D: 124478 -> 116873
D: 113377 -> 113376
D: 113241 -> 113241
D: 113027 -> 113027
D: 113448 -> 113271
D: 113241 -> 113241
D: 113027 -> 113027
D: 113027 -> 113027
D: 113027 -> 113027
D: 113027 -> 113027
D: 113027 -> 113046
D: 113027 -> 113027
D: 113027 -> 113027
D: 113027 -> 113283
D: 113027 -> 113249
D: 113027 -> 113027
D: 113027 -> 113041
D: 113027 -> 113076
D: 113076 -> 113037
D: 113027 -> 113027
D: 113027 -> 113027
D: 113041 -> 113041
D: 113027 -> 113257
D: 113241 -> 113418
D: 113041 -> 113125
D: 113027 -> 113027
D: 113118 -> 113168
D: 113056 -> 113098
D: 113027 -> 113027
D: 113056 -> 113027
D: 113036 -> 113176
D: 113027 -> 113027
D: 113027 -> 113027
D: 113027 -> 113027
D: 113027 -> 113027
D: 113027 -> 113027
D: 113027 -> 113128
D: 113027 -> 113027
D: 113249 -> 113298
D: 113027 -> 113027
D: 113027 -> 113027
D: 113027 -> 113381
D: 113027 -> 113041
D: 113027 -> 113027
D: 113293 -> 113274
D: 113027 -> 113027
D: 113298 -> 113462
D: 113027 -> 113027
D: 113027 -> 113041
D: 113027 -> 113041
D: 113041 -> 113041
D: 113027 -> 113027
D: 113027 -> 113027
D: 113027 -> 113027
D: 113381 -> 113479
D: 113027 -> 113027
D: 113027 -> 113230
D: 113151 -> 113300
D: 113027 -> 113173
D: 113235 -> 113300
D: 113027 -> 113027
D: 113241 -> 113241
D: 113027 -> 113027
D: 113244 -> 113259
D: 113027 -> 113067
D: 113141 -> 113226
D: 113027 -> 113027
D: 113200 -> 113094
D: 113200 -> 113251
D: 113027 -> 113027
D: 113204 -> 113106
D: 113027 -> 113027
D: 113027 -> 113027
D: 113027 -> 113027
D: 113106 -> 113182
D: 113298 -> 113298
D: 113027 -> 113065
D: 113027 -> 113027
D: 113027 -> 113027
D: 113027 -> 113027
D: 113027 -> 113037
D: 113027 -> 113027
D: 113027 -> 113053
D: 113027 -> 113027
D: 113027 -> 113027
D: 113027 -> 113027
D: 113782 -> 113890
D: 113298 -> 113298
D: 113782 -> 113829
D: 113046 -> 113210
D: 113238 -> 113062
D: 113027 -> 113027
D: 113027 -> 113191
D: 113027 -> 113027
D: 113027 -> 113027
D: 113027 -> 113027
D: 113298 -> 113314
D: 113027 -> 113027
D: 113164 -> 113046
D: 113027 -> 113027
D: 113027 -> 113027
D: 113027 -> 113191
D: 113027 -> 113027
D: 113076 -> 113445
D: 113027 -> 113027
D: 113098 -> 113091
D: 113027 -> 113173
D: 113027 -> 113073
D: 113027 -> 113198
D: 113027 -> 113027
D: 113027 -> 113027
D: 113053 -> 113129
D: 113298 -> 113280
D: 113182 -> 113240
D: 113027 -> 113111
D: 113241 -> 113387
D: 113027 -> 113041
D: 113027 -> 113329
D: 113027 -> 113027
D: 113027 -> 113347
D: 113027 -> 113027
D: 113027 -> 113027
D: 113270 -> 113205
D: 113027 -> 113027
D: 113240 -> 113094
D: 113027 -> 113027
D: 113041 -> 113272

 start over 225632 loops 341 unique solutions 
Original + vert_size 13 
D: 116311 -> 114230
D: 113111 -> 113027
D: 113334 -> 113078
D: 113027 -> 113027
D: 113027 -> 113258
D: 113027 -> 113027
D: 113027 -> 113027
D: 113258 -> 113222
D: 113027 -> 113027
D: 113211 -> 113287
D: 113027 -> 113027
D: 113027 -> 113027
D: 113027 -> 113027
D: 113027 -> 113027
D: 113027 -> 113027
D: 113027 -> 113275
D: 113027 -> 113027
D: 113027 -> 113027
D: 113027 -> 113266
D: 113275 -> 113342
D: 113027 -> 113027
D: 113027 -> 113146
D: 113027 -> 113027
D: 113324 -> 113342
D: 113027 -> 113027
D: 113027 -> 113275
D: 113027 -> 113027
D: 113027 -> 113027
D: 113324 -> 113495
D: 113027 -> 113046
D: 113027 -> 113432
D: 113027 -> 113240
D: 113027 -> 113027
D: 113027 -> 113027
D: 113027 -> 113027
D: 113027 -> 113027
D: 113046 -> 113046
D: 113222 -> 113267
D: 113027 -> 113064
D: 113164 -> 113137
D: 113027 -> 113027
D: 113027 -> 113027
D: 113078 -> 113224
D: 113027 -> 113027
D: 113046 -> 113128
D: 113027 -> 113084
D: 113027 -> 113041
D: 113108 -> 113076
D: 113211 -> 113141
D: 113091 -> 113500
D: 113027 -> 113078
D: 113141 -> 113361
D: 113027 -> 113027
D: 113027 -> 113027
D: 113234 -> 113363
D: 113078 -> 113078
D: 113027 -> 113027
D: 113027 -> 113027
D: 113027 -> 113027
D: 113027 -> 113027
D: 113027 -> 113027
D: 113027 -> 113027
D: 113027 -> 113027
D: 113027 -> 113027
D: 113046 -> 113217
D: 113027 -> 113198
D: 113217 -> 113229
D: 113344 -> 113263
D: 113027 -> 113258
D: 113027 -> 113027
D: 113204 -> 113267
D: 113027 -> 113027
D: 113194 -> 113122
D: 113027 -> 113027
D: 113229 -> 113464
D: 113027 -> 113045
D: 113027 -> 113027
D: 113027 -> 113258
D: 113027 -> 113027
D: 113027 -> 113027
D: 113223 -> 113038
end_heu: 305394 loops with 437 unique solutions in 1799.69 s

Calling print_solution
>>> get_solution
  refine_solution: new weight 113027 (was 113027) in 0.00291 s
## FINAL WEIGHT 113027
print_solution: 0.005862 s
