Version: final-94-gfffc3aa rub_all.sh: remove longest prefix
Random seed: 1550777347
Start
>>> save_orig_graph
>> Saved weight 0
Graph loaded
|V| = 321, |E| = 51040, |R| = 80
First clearance of the input. Calling buy_zero and run_all_heuristics.
  buy_zero: 0 zero edges in 6.8e-05 s
  handle_small_terminal_degrees: terms 0 in 0 s
  handle_small_Steiner_degrees: steiner 0, suppress 0 in 0 s
  shortest_edge_between_terminals: 0 edges in 5.5e-05 s
Compressed graph 321 -> 320
  delete_edges: deleted 0 edges in 0.051782 s and 1 rounds
  handle_small_terminal_degrees: terms 0 in 0 s
  handle_small_Steiner_degrees: steiner 0, suppress 0 in 0 s
  shortest_edge_between_terminals: 0 edges in 5.5e-05 s
Compressed graph 320 -> 320
  delete_edges_shortest_path: deleted 0 edges in 0.117184 s
  handle_small_terminal_degrees: terms 0 in 0 s
  handle_small_Steiner_degrees: steiner 0, suppress 0 in 1e-06 s
  shortest_edge_between_terminals: 0 edges in 5.5e-05 s
Compressed graph 320 -> 320
  handle_small_terminal_degrees: terms 0 in 1e-06 s
  handle_small_Steiner_degrees: steiner 0, suppress 0 in 1e-06 s
  shortest_edge_between_terminals: 0 edges in 5.6e-05 s
Compressed graph 320 -> 320
  delete_edges_shortest_path: deleted 0 edges in 0.117236 s
  handle_small_terminal_degrees: terms 0 in 0 s
  handle_small_Steiner_degrees: steiner 0, suppress 0 in 0 s
  shortest_edge_between_terminals: 0 edges in 5.5e-05 s
Compressed graph 320 -> 320
Compressed graph 320 -> 320
>>> save_orig_graph
>> Saved weight 0
### ZEL_LVL=9 PRECISE_STARS=0

Calling `contract_till_the_bitter_end`
|V| = 320, |E| = 51040, |R| = 80
>> 24 (246: 13 20 13) (0.006821 s)
>> 23 (195: 34 44 34) (0.006855 s)
>> 22 (191: 9 18 9) (0.006831 s)
>> 22 (227: 31 47 31) (0.006678 s)
>> 21 (251: 14 22 14) (0.006638 s)
>> 21 (247: 64 70 64) (0.006553 s)
>> 21 (199: 0 6 0) (0.006389 s)
>> 0 (-1: -1 -1 -1) (0.005295 s)
Zelikovsky 0.203012 s
>> 24 (246: 20 41 13) (0.103177 s)
>> 0 (-1: -1 -1 -1) (0.10157 s)
Zelikovsky- 0.228214 s
>>> get_solution
  refine_solution: new weight 15990 (was 15990) in 0.00369 s
>>> get_solution
  refine_solution: new weight 22733 (was 22733) in 0.004186 s
0,,320,51040,80,,0,0,,22733,22733,15872,15990,15990,,0,0,@@

  delete_edges: deleted 0 edges in 0.051816 s and 1 rounds
  handle_small_Steiner_degrees: steiner 0, suppress 0 in 1e-06 s
Starting round 1
Found 0 isolated vertices
Invalid ratios recomputed: 320
Best ratio is 6960/35 (198.9), centered at 301
Finding the best star... Star with 36 terminals centered in 6
round took: 0.083187 s
|V| = 320, |E| = 40186, |R| = 45
>> 0 (-1: -1 -1 -1) (0.001598 s)
Zelikovsky 0.088644 s
>> 0 (-1: -1 -1 -1) (0.066379 s)
Zelikovsky- 0.082694 s
>>> get_solution
  refine_solution: new weight 15898 (was 15898) in 0.003752 s
>>> get_solution
  refine_solution: new weight 15898 (was 15898) in 0.003799 s
1,,320,40186,45,,320,0,,15898,15898,15898,15898,15898,,6960,36,@@

  handle_small_Steiner_degrees: steiner 0, suppress 0 in 1e-06 s
Starting round 2
Found 36 isolated vertices
Invalid ratios recomputed: 284
Best ratio is 4148/21 (197.5), centered at 305
Finding the best star... Star with 22 terminals centered in 6
round took: 0.059936 s
|V| = 320, |E| = 34191, |R| = 24
>> 0 (-1: -1 -1 -1) (0.000677 s)
Zelikovsky 0.067545 s
>> 0 (-1: -1 -1 -1) (0.050517 s)
Zelikovsky- 0.063343 s
>>> get_solution
  refine_solution: new weight 15708 (was 15718) in 0.00545 s
  refine_solution: new weight 15708 (was 15708) in 0.00542 s
>>> get_solution
  refine_solution: new weight 15708 (was 15718) in 0.005503 s
  refine_solution: new weight 15708 (was 15708) in 0.005427 s
2,,284,34191,24,,284,0,,15718,15708,15718,15718,15708,,4148,22,@@

  handle_small_Steiner_degrees: steiner 0, suppress 0 in 1e-06 s
Starting round 3
Found 58 isolated vertices
Invalid ratios recomputed: 262
Best ratio is 594/3 (198.0), centered at 6
Finding the best star... Star with 4 terminals centered in 6
round took: 0.04806 s
|V| = 320, |E| = 33411, |R| = 21
>> 0 (-1: -1 -1 -1) (0.000588 s)
Zelikovsky 0.064757 s
>> 0 (-1: -1 -1 -1) (0.048317 s)
Zelikovsky- 0.060676 s
>>> get_solution
  refine_solution: new weight 15708 (was 15718) in 0.005395 s
  refine_solution: new weight 15708 (was 15708) in 0.005445 s
>>> get_solution
  refine_solution: new weight 15708 (was 15718) in 0.005514 s
  refine_solution: new weight 15708 (was 15708) in 0.005407 s
3,,262,33411,21,,262,0,,15718,15708,15718,15718,15708,,594,4,@@

  handle_small_Steiner_degrees: steiner 0, suppress 0 in 1e-06 s
Starting round 4
Found 61 isolated vertices
Invalid ratios recomputed: 259
Best ratio is 1194/6 (199.0), centered at 6
Finding the best star... Star with 7 terminals centered in 6
round took: 0.04711 s
|V| = 320, |E| = 31878, |R| = 15
>> 0 (-1: -1 -1 -1) (0.000451 s)
Zelikovsky 0.059793 s
>> 0 (-1: -1 -1 -1) (0.044571 s)
Zelikovsky- 0.055974 s
>>> get_solution
  refine_solution: new weight 15708 (was 15718) in 0.005454 s
  refine_solution: new weight 15708 (was 15708) in 0.005426 s
>>> get_solution
  refine_solution: new weight 15708 (was 15718) in 0.005509 s
  refine_solution: new weight 15708 (was 15708) in 0.005423 s
4,,259,31878,15,,259,0,,15718,15708,15718,15718,15708,,1194,7,@@

  handle_small_Steiner_degrees: steiner 0, suppress 0 in 0 s
Starting round 5
Found 67 isolated vertices
Invalid ratios recomputed: 253
Best ratio is 1000/5 (200.0), centered at 6
Finding the best star... Star with 6 terminals centered in 6
round took: 0.044473 s
|V| = 320, |E| = 30628, |R| = 10
>> 0 (-1: -1 -1 -1) (0.000368 s)
Zelikovsky 0.055905 s
>> 0 (-1: -1 -1 -1) (0.041914 s)
Zelikovsky- 0.052676 s
>>> get_solution
  refine_solution: new weight 15708 (was 15718) in 0.005459 s
  refine_solution: new weight 15708 (was 15708) in 0.005433 s
>>> get_solution
  refine_solution: new weight 15708 (was 15718) in 0.005546 s
  refine_solution: new weight 15708 (was 15708) in 0.005441 s
5,,253,30628,10,,253,0,,15718,15708,15718,15718,15708,,1000,6,@@

  handle_small_Steiner_degrees: steiner 0, suppress 0 in 1e-06 s
Starting round 6
Found 72 isolated vertices
Invalid ratios recomputed: 248
Best ratio is 1005/5 (201.0), centered at 6
Finding the best star... Star with 6 terminals centered in 6
round took: 0.04196 s
|V| = 320, |E| = 29403, |R| = 5
>> 0 (-1: -1 -1 -1) (0.000302 s)
Zelikovsky 0.052819 s
>> 0 (-1: -1 -1 -1) (0.039313 s)
Zelikovsky- 0.049473 s
>>> get_solution
  refine_solution: new weight 15708 (was 15718) in 0.005458 s
  refine_solution: new weight 15708 (was 15708) in 0.005478 s
>>> get_solution
  refine_solution: new weight 15708 (was 15718) in 0.005527 s
  refine_solution: new weight 15708 (was 15708) in 0.005442 s
6,,248,29403,5,,248,0,,15718,15708,15718,15718,15708,,1005,6,@@

  handle_small_Steiner_degrees: steiner 0, suppress 0 in 0 s
Starting round 7
Found 77 isolated vertices
Invalid ratios recomputed: 243
Best ratio is 202/1 (202.0), centered at 6
Finding the best star... Star with 2 terminals centered in 6
round took: 0.039506 s
|V| = 320, |E| = 29161, |R| = 4
>> 0 (-1: -1 -1 -1) (0.000298 s)
Zelikovsky 0.051677 s
>> 0 (-1: -1 -1 -1) (0.038801 s)
Zelikovsky- 0.048859 s
>>> get_solution
  refine_solution: new weight 15708 (was 15718) in 0.005523 s
  refine_solution: new weight 15708 (was 15708) in 0.005461 s
>>> get_solution
  refine_solution: new weight 15708 (was 15718) in 0.00555 s
  refine_solution: new weight 15708 (was 15708) in 0.00544 s
7,,243,29161,4,,243,0,,15718,15708,15718,15718,15708,,202,2,@@

  handle_small_Steiner_degrees: steiner 0, suppress 0 in 0 s
Starting round 8
Found 78 isolated vertices
Invalid ratios recomputed: 242
Best ratio is 204/1 (204.0), centered at 6
Finding the best star... Star with 2 terminals centered in 6
round took: 0.038954 s
|V| = 320, |E| = 28920, |R| = 3
>> 0 (-1: -1 -1 -1) (0.000286 s)
Zelikovsky 0.051123 s
>> 0 (-1: -1 -1 -1) (0.038319 s)
Zelikovsky- 0.048243 s
>>> get_solution
  refine_solution: new weight 15708 (was 15718) in 0.005445 s
  refine_solution: new weight 15708 (was 15708) in 0.005464 s
>>> get_solution
  refine_solution: new weight 15708 (was 15718) in 0.005565 s
  refine_solution: new weight 15708 (was 15708) in 0.00545 s
8,,242,28920,3,,242,0,,15718,15708,15718,15718,15708,,204,2,@@

  handle_small_Steiner_degrees: steiner 0, suppress 0 in 0 s
Starting round 9
Found 79 isolated vertices
Invalid ratios recomputed: 241
Best ratio is 205/1 (205.0), centered at 6
Finding the best star... Star with 2 terminals centered in 6
round took: 0.039153 s
|V| = 320, |E| = 28680, |R| = 2
Zelikovsky 0.050189 s
Zelikovsky- 0.009747 s
>>> get_solution
  refine_solution: new weight 15708 (was 15718) in 0.005533 s
  refine_solution: new weight 15708 (was 15708) in 0.005479 s
>>> get_solution
  refine_solution: new weight 15708 (was 15718) in 0.00555 s
  refine_solution: new weight 15708 (was 15708) in 0.005463 s
9,,241,28680,2,,241,0,,15718,15708,15718,15718,15708,,205,2,@@

  handle_small_Steiner_degrees: steiner 0, suppress 0 in 0 s
Starting round 10
Found 80 isolated vertices
Invalid ratios recomputed: 240
Best ratio is 206/1 (206.0), centered at 6
Finding the best star... Star with 2 terminals centered in 6
round took: 0.038052 s
|V| = 320, |E| = 28441, |R| = 1
Zelikovsky 0.049493 s
Zelikovsky- 0.009681 s
>>> get_solution
  refine_solution: new weight 15708 (was 15718) in 0.005472 s
  refine_solution: new weight 15708 (was 15708) in 0.005457 s
>>> get_solution
  refine_solution: new weight 15708 (was 15718) in 0.005513 s
  refine_solution: new weight 15708 (was 15708) in 0.005437 s
10,,240,28441,1,,240,0,,15718,15708,15718,15718,15708,,206,2,@@

  handle_small_Steiner_degrees: steiner 0, suppress 0 in 0 s
contract_till_the_bitter_end: 2.72029 s

Calling end_heu
>>> get_solution
Saved weight 0
end_heu: 0 loops with 0 unique solutions in 2.5e-05 s

Calling print_solution
>>> get_solution
  refine_solution: new weight 15708 (was 15718) in 0.005521 s
Oops orig weight was 15718 but we got 15708
## FINAL WEIGHT 15708
print_solution: 0.026093 s
