Version: final-94-gfffc3aa rub_all.sh: remove longest prefix
Random seed: 1550035182
Start
>>> save_orig_graph
>> Saved weight 0
Graph loaded
|V| = 513, |E| = 2304, |R| = 64
First clearance of the input. Calling buy_zero and run_all_heuristics.
  buy_zero: 0 zero edges in 5e-06 s
  handle_small_terminal_degrees: terms 0 in 1e-06 s
  handle_small_Steiner_degrees: steiner 0, suppress 0 in 3e-06 s
  shortest_edge_between_terminals: 0 edges in 5e-06 s
Compressed graph 513 -> 512
  delete_edges: deleted 0 edges in 0.000387 s and 1 rounds
  handle_small_terminal_degrees: terms 0 in 1e-06 s
  handle_small_Steiner_degrees: steiner 0, suppress 0 in 3e-06 s
  shortest_edge_between_terminals: 0 edges in 4e-06 s
Compressed graph 512 -> 512
  delete_edges_shortest_path: deleted 0 edges in 0.007831 s
  handle_small_terminal_degrees: terms 0 in 1e-06 s
  handle_small_Steiner_degrees: steiner 0, suppress 0 in 1e-06 s
  shortest_edge_between_terminals: 0 edges in 2e-06 s
Compressed graph 512 -> 512
  handle_small_terminal_degrees: terms 0 in 1e-06 s
  handle_small_Steiner_degrees: steiner 0, suppress 0 in 2e-06 s
  shortest_edge_between_terminals: 0 edges in 2e-06 s
Compressed graph 512 -> 512
  delete_edges_shortest_path: deleted 0 edges in 0.003967 s
  handle_small_terminal_degrees: terms 0 in 1e-06 s
  handle_small_Steiner_degrees: steiner 0, suppress 0 in 2e-06 s
  shortest_edge_between_terminals: 0 edges in 2e-06 s
Compressed graph 512 -> 512
Compressed graph 512 -> 512
>>> save_orig_graph
>> Saved weight 0
### ZEL_LVL=0 PRECISE_STARS=1

Calling `contract_till_the_bitter_end`
|V| = 512, |E| = 2304, |R| = 64
>>> get_solution
>>> get_solution
  refine_solution: new weight 21948 (was 24696) in 0.000535 s
  refine_solution: new weight 21313 (was 21948) in 0.000525 s
  refine_solution: new weight 20720 (was 21313) in 0.000546 s
  refine_solution: new weight 20425 (was 20720) in 0.000557 s
  refine_solution: new weight 20425 (was 20425) in 0.000535 s
0,,512,2304,64,,0,0,,24696,20425,0,0,0,,0,0,@@

  delete_edges: deleted 0 edges in 0.000171 s and 1 rounds
  handle_small_Steiner_degrees: steiner 0, suppress 0 in 1e-06 s
Starting round 1
Found 0 isolated vertices
Invalid ratios recomputed: 512
Best ratio is 2243/8 (280.4), centered at 240
Finding the best star... Star with 9 terminals centered in 368
round took: 0.041407 s
|V| = 512, |E| = 2269, |R| = 56
>>> get_solution
>>> get_solution
  refine_solution: new weight 21547 (was 22980) in 0.00054 s
  refine_solution: new weight 21112 (was 21547) in 0.000532 s
  refine_solution: new weight 21003 (was 21112) in 0.000534 s
  refine_solution: new weight 20798 (was 21003) in 0.000522 s
  refine_solution: new weight 20704 (was 20798) in 0.00052 s
  refine_solution: new weight 20704 (was 20704) in 0.000517 s
1,,512,2269,56,,512,0,,22980,20704,2243,2243,2243,,2243,9,@@

  handle_small_Steiner_degrees: steiner 0, suppress 0 in 1e-06 s
Starting round 2
Found 13 isolated vertices
Invalid ratios recomputed: 498
Best ratio is 1030/4 (257.5), centered at 423
Finding the best star... Star with 5 terminals centered in 418
round took: 0.043623 s
|V| = 512, |E| = 2248, |R| = 52
>>> get_solution
>>> get_solution
  refine_solution: new weight 21247 (was 22681) in 0.000543 s
  refine_solution: new weight 20221 (was 21247) in 0.000537 s
  refine_solution: new weight 20004 (was 20221) in 0.000542 s
  refine_solution: new weight 19799 (was 20004) in 0.00053 s
  refine_solution: new weight 19798 (was 19799) in 0.000529 s
  refine_solution: new weight 19798 (was 19798) in 0.000524 s
2,,499,2248,52,,498,0,,22681,19798,3273,3273,3273,,1030,5,@@

  handle_small_Steiner_degrees: steiner 0, suppress 0 in 1e-06 s
Starting round 3
Found 19 isolated vertices
Invalid ratios recomputed: 492
Best ratio is 821/3 (273.7), centered at 329
Finding the best star... Star with 4 terminals centered in 418
round took: 0.043039 s
|V| = 512, |E| = 2233, |R| = 49
>>> get_solution
>>> get_solution
  refine_solution: new weight 21447 (was 22074) in 0.000548 s
  refine_solution: new weight 20617 (was 21447) in 0.000539 s
  refine_solution: new weight 20012 (was 20617) in 0.000551 s
  refine_solution: new weight 20012 (was 20012) in 0.000549 s
3,,493,2233,49,,492,0,,22074,20012,4094,4094,4094,,821,4,@@

  handle_small_Steiner_degrees: steiner 0, suppress 0 in 2e-06 s
Starting round 4
Found 24 isolated vertices
Invalid ratios recomputed: 488
Best ratio is 825/3 (275.0), centered at 296
Finding the best star... Star with 4 terminals centered in 40
round took: 0.048546 s
|V| = 512, |E| = 2214, |R| = 46
>>> get_solution
>>> get_solution
  refine_solution: new weight 22071 (was 22073) in 0.000547 s
  refine_solution: new weight 22071 (was 22071) in 0.000505 s
4,,488,2214,46,,488,0,,22073,22071,4919,4919,4919,,825,4,@@

  handle_small_Steiner_degrees: steiner 0, suppress 0 in 1e-06 s
Starting round 5
Found 29 isolated vertices
Invalid ratios recomputed: 483
Best ratio is 2245/8 (280.6), centered at 190
Finding the best star... Star with 9 terminals centered in 311
round took: 0.048707 s
|V| = 512, |E| = 2166, |R| = 38
>>> get_solution
>>> get_solution
  refine_solution: new weight 20549 (was 20647) in 0.000591 s
  refine_solution: new weight 20549 (was 20549) in 0.000537 s
5,,483,2166,38,,483,0,,20647,20549,7164,7164,7164,,2245,9,@@

  handle_small_Steiner_degrees: steiner 0, suppress 0 in 2e-06 s
Starting round 6
Found 43 isolated vertices
Invalid ratios recomputed: 469
Best ratio is 512/2 (256.0), centered at 238
Finding the best star... Star with 3 terminals centered in 238
round took: 0.039507 s
|V| = 512, |E| = 2154, |R| = 36
>>> get_solution
>>> get_solution
  refine_solution: new weight 20549 (was 20551) in 0.000588 s
  refine_solution: new weight 20549 (was 20549) in 0.000538 s
6,,469,2154,36,,469,0,,20551,20549,7676,7676,7676,,512,3,@@

  handle_small_Steiner_degrees: steiner 0, suppress 0 in 1e-06 s
Starting round 7
Found 46 isolated vertices
Invalid ratios recomputed: 466
Best ratio is 1430/5 (286.0), centered at 209
Finding the best star... Star with 6 terminals centered in 64
round took: 0.045211 s
|V| = 512, |E| = 2115, |R| = 31
>>> get_solution
>>> get_solution
  refine_solution: new weight 19929 (was 19935) in 0.000595 s
  refine_solution: new weight 19929 (was 19929) in 0.000544 s
7,,466,2115,31,,466,0,,19935,19929,9106,9106,9106,,1430,6,@@

  handle_small_Steiner_degrees: steiner 0, suppress 0 in 1e-06 s
Starting round 8
Found 55 isolated vertices
Invalid ratios recomputed: 457
Best ratio is 301/1 (301.0), centered at 92
Finding the best star... Star with 2 terminals centered in 92
round took: 0.04148 s
|V| = 512, |E| = 2114, |R| = 30
>>> get_solution
>>> get_solution
  refine_solution: new weight 19929 (was 19935) in 0.000598 s
  refine_solution: new weight 19929 (was 19929) in 0.000544 s
8,,457,2114,30,,457,0,,19935,19929,9407,9407,9407,,301,2,@@

  handle_small_Steiner_degrees: steiner 0, suppress 0 in 1e-06 s
Starting round 9
Found 56 isolated vertices
Invalid ratios recomputed: 453
Best ratio is 1737/6 (289.5), centered at 92
Finding the best star... Star with 7 terminals centered in 47
round took: 0.042019 s
|V| = 512, |E| = 2073, |R| = 24
>>> get_solution
>>> get_solution
  refine_solution: new weight 19426 (was 19430) in 0.000608 s
  refine_solution: new weight 19426 (was 19426) in 0.000554 s
9,,456,2073,24,,453,0,,19430,19426,11144,11144,11144,,1737,7,@@

  handle_small_Steiner_degrees: steiner 0, suppress 0 in 1e-06 s
Starting round 10
Found 66 isolated vertices
Invalid ratios recomputed: 446
Best ratio is 831/3 (277.0), centered at 409
Finding the best star... Star with 4 terminals centered in 152
round took: 0.037187 s
|V| = 512, |E| = 2048, |R| = 21
>>> get_solution
>>> get_solution
  refine_solution: new weight 19026 (was 19030) in 0.000624 s
  refine_solution: new weight 19026 (was 19026) in 0.000581 s
10,,446,2048,21,,446,0,,19030,19026,11975,11975,11975,,831,4,@@

  handle_small_Steiner_degrees: steiner 0, suppress 0 in 2e-06 s
Starting round 11
Found 71 isolated vertices
Invalid ratios recomputed: 441
Best ratio is 607/2 (303.5), centered at 152
Finding the best star... Star with 3 terminals centered in 287
round took: 0.035756 s
|V| = 512, |E| = 2027, |R| = 19
>>> get_solution
>>> get_solution
  refine_solution: new weight 19020 (was 19024) in 0.000619 s
  refine_solution: new weight 19020 (was 19020) in 0.000566 s
11,,441,2027,19,,441,0,,19024,19020,12582,12582,12582,,607,3,@@

  handle_small_Steiner_degrees: steiner 0, suppress 0 in 1e-06 s
Starting round 12
Found 75 isolated vertices
Invalid ratios recomputed: 437
Best ratio is 1522/5 (304.4), centered at 294
Finding the best star... Star with 6 terminals centered in 21
round took: 0.033839 s
|V| = 512, |E| = 1980, |R| = 14
>>> get_solution
>>> get_solution
  refine_solution: new weight 18517 (was 18521) in 0.000628 s
  refine_solution: new weight 18517 (was 18517) in 0.000573 s
12,,437,1980,14,,437,0,,18521,18517,14104,14104,14104,,1522,6,@@

  handle_small_Steiner_degrees: steiner 0, suppress 0 in 1e-06 s
Starting round 13
Found 85 isolated vertices
Invalid ratios recomputed: 427
Best ratio is 1226/4 (306.5), centered at 10
Finding the best star... Star with 5 terminals centered in 21
round took: 0.03179 s
|V| = 512, |E| = 1933, |R| = 10
>>> get_solution
>>> get_solution
  refine_solution: new weight 18396 (was 18402) in 0.000633 s
  refine_solution: new weight 18396 (was 18396) in 0.000578 s
13,,427,1933,10,,427,0,,18402,18396,15330,15330,15330,,1226,5,@@

  handle_small_Steiner_degrees: steiner 0, suppress 0 in 0 s
Starting round 14
Found 93 isolated vertices
Invalid ratios recomputed: 419
Best ratio is 307/1 (307.0), centered at 21
Finding the best star... Star with 2 terminals centered in 21
round took: 0.028054 s
|V| = 512, |E| = 1918, |R| = 9
>>> get_solution
>>> get_solution
  refine_solution: new weight 18298 (was 18304) in 0.000633 s
  refine_solution: new weight 18298 (was 18298) in 0.000575 s
14,,419,1918,9,,419,0,,18304,18298,15637,15637,15637,,307,2,@@

  handle_small_Steiner_degrees: steiner 0, suppress 0 in 1e-06 s
Starting round 15
Found 95 isolated vertices
Invalid ratios recomputed: 417
Best ratio is 616/2 (308.0), centered at 21
Finding the best star... Star with 3 terminals centered in 21
round took: 0.027496 s
|V| = 512, |E| = 1902, |R| = 7
>>> get_solution
>>> get_solution
  refine_solution: new weight 18298 (was 18304) in 0.000631 s
  refine_solution: new weight 18298 (was 18298) in 0.000576 s
15,,417,1902,7,,417,0,,18304,18298,16253,16253,16253,,616,3,@@

  handle_small_Steiner_degrees: steiner 0, suppress 0 in 1e-06 s
Starting round 16
Found 98 isolated vertices
Invalid ratios recomputed: 414
Best ratio is 927/3 (309.0), centered at 21
Finding the best star... Star with 4 terminals centered in 164
round took: 0.026348 s
|V| = 512, |E| = 1863, |R| = 4
>>> get_solution
>>> get_solution
  refine_solution: new weight 18298 (was 18304) in 0.000626 s
  refine_solution: new weight 18298 (was 18298) in 0.000574 s
16,,414,1863,4,,414,0,,18304,18298,17180,17180,17180,,927,4,@@

  handle_small_Steiner_degrees: steiner 0, suppress 0 in 1e-06 s
Starting round 17
Found 104 isolated vertices
Invalid ratios recomputed: 408
Best ratio is 931/3 (310.3), centered at 65
Finding the best star... Star with 4 terminals centered in 164
round took: 0.024135 s
|V| = 512, |E| = 1832, |R| = 1
>>> get_solution
>>> get_solution
  refine_solution: new weight 18105 (was 18111) in 0.000633 s
  refine_solution: new weight 18105 (was 18105) in 0.000574 s
17,,408,1832,1,,408,0,,18111,18105,18111,18111,18111,,931,4,@@

  handle_small_Steiner_degrees: steiner 0, suppress 0 in 1e-06 s
contract_till_the_bitter_end: 0.679796 s

Calling end_heu
>>> get_solution
Saved weight 0
DŽ: 18111 -> 18105
  BEST solution improved 18111 -> 18105 (vert_size 0, round 1) *
  BEST solution improved 18105 -> 18103 (vert_size 4, round 22)
  BEST solution improved 18103 -> 18101 (vert_size 2, round 38)
  BEST solution improved 18101 -> 18095 (vert_size 4, round 70)
  BEST solution improved 18095 -> 18094 (vert_size 2, round 129)
  BEST solution improved 18094 -> 18092 (vert_size 4, round 240) *
  BEST solution improved 18094 -> 18089 (vert_size 3, round 469) *
  BEST solution improved 18094 -> 17991 (vert_size 3, round 670) *
  BEST solution improved 17991 -> 17986 (vert_size 1, round 697)
DŽ: 17986 -> 17986

 start over 1715 loops 11 unique solutions 
Original + vert_size 0 
DŽ: 18111 -> 18105
DŽ: 17986 -> 17986
DŽ: 17986 -> 17986
DŽ: 18099 -> 18106
DŽ: 18103 -> 18110
DŽ: 17995 -> 18095
DŽ: 18104 -> 18200
DŽ: 17986 -> 17986
DŽ: 17998 -> 17997
DŽ: 18096 -> 18095
  BEST solution improved 17992 -> 17895 (vert_size 4, round 10149) *
  BEST solution improved 17895 -> 17889 (vert_size 4, round 10327)
DŽ: 17889 -> 17889
  BEST solution improved 17889 -> 17886 (vert_size 4, round 11016)
  BEST solution improved 17886 -> 17882 (vert_size 7, round 11017)
DŽ: 17882 -> 17882
DŽ: 17993 -> 18096
DŽ: 17997 -> 18097
DŽ: 18099 -> 18099
DŽ: 18102 -> 18202
DŽ: 17882 -> 17882
DŽ: 17882 -> 17882
DŽ: 17986 -> 17986
DŽ: 17882 -> 17882
DŽ: 17980 -> 17980
DŽ: 17882 -> 17882
DŽ: 17882 -> 17882

 start over 23674 loops 149 unique solutions 
Original + vert_size 0 
DŽ: 18111 -> 18105
DŽ: 18104 -> 18201
DŽ: 17882 -> 17882
DŽ: 17999 -> 17999
DŽ: 18085 -> 18186
DŽ: 18095 -> 18198
DŽ: 18090 -> 18278
  BEST solution improved 17903 -> 17809 (vert_size 1, round 29265) *
DŽ: 17809 -> 17809
DŽ: 18090 -> 17992
DŽ: 18070 -> 18070
DŽ: 17892 -> 17993
DŽ: 17999 -> 18091
DŽ: 17988 -> 17988
DŽ: 17809 -> 17809
DŽ: 17885 -> 17986
DŽ: 17888 -> 17888
  BEST solution improved 17880 -> 17786 (vert_size 2, round 38229) *
DŽ: 17786 -> 17786
DŽ: 17786 -> 17786
DŽ: 17885 -> 17992
DŽ: 17786 -> 17786
DŽ: 17786 -> 17786
DŽ: 17786 -> 17886
DŽ: 17786 -> 17786
DŽ: 17883 -> 18086
DŽ: 17786 -> 17786

 start over 47181 loops 174 unique solutions 
Approx + random 
DŽ: 24696 -> 19232
DŽ: 18513 -> 18518
DŽ: 17786 -> 17786
DŽ: 17996 -> 18091
DŽ: 18412 -> 18501
DŽ: 18289 -> 18288
DŽ: 17786 -> 17786
DŽ: 17786 -> 17786
DŽ: 17786 -> 17786
DŽ: 18003 -> 18003
DŽ: 18093 -> 18093
DŽ: 18290 -> 18289
DŽ: 18002 -> 18195
DŽ: 17786 -> 17786
DŽ: 18000 -> 18092

 start over 61580 loops 199 unique solutions 
Approx + random 
DŽ: 24696 -> 19084
DŽ: 18944 -> 18811
DŽ: 17991 -> 17991
DŽ: 18193 -> 18093
DŽ: 17859 -> 17859
DŽ: 18404 -> 18611
  BEST solution improved 17865 -> 17772 (vert_size 2, round 66451) *
DŽ: 17772 -> 17772
DŽ: 17996 -> 17996
  BEST solution improved 17855 -> 17771 (vert_size 7, round 68887) *
DŽ: 17771 -> 17771
DŽ: 17771 -> 17771
DŽ: 18182 -> 18080
  BEST solution improved 17797 -> 17692 (vert_size 2, round 71436) *
DŽ: 17692 -> 17692
DŽ: 17692 -> 17692
DŽ: 17692 -> 17692
DŽ: 17772 -> 17876
  BEST solution improved 17773 -> 17691 (vert_size 4, round 75493) *
  BEST solution improved 17691 -> 17687 (vert_size 2, round 75512) *
  BEST solution improved 17689 -> 17686 (vert_size 4, round 75876) *
  BEST solution improved 17686 -> 17679 (vert_size 4, round 75974)
DŽ: 17679 -> 17679
  BEST solution improved 17686 -> 17677 (vert_size 4, round 76342) *
  BEST solution improved 17677 -> 17671 (vert_size 4, round 76393) *
  BEST solution improved 17671 -> 17667 (vert_size 4, round 76703)
DŽ: 17667 -> 17667
  BEST solution improved 17686 -> 17592 (vert_size 4, round 77637) *
  BEST solution improved 17592 -> 17590 (vert_size 3, round 77694) *
  BEST solution improved 17590 -> 17588 (vert_size 2, round 77695)
  BEST solution improved 17588 -> 17491 (vert_size 7, round 77720)
  BEST solution improved 17491 -> 17487 (vert_size 2, round 77810) *
DŽ: 17487 -> 17487
  BEST solution improved 17487 -> 17485 (vert_size 4, round 78099) *
  BEST solution improved 17485 -> 17479 (vert_size 1, round 78190)
DŽ: 17479 -> 17479
DŽ: 17991 -> 17991
DŽ: 17857 -> 18058
DŽ: 17771 -> 17771
DŽ: 17864 -> 17865
DŽ: 17771 -> 17771
DŽ: 17697 -> 17697
DŽ: 17859 -> 18064
DŽ: 17991 -> 18091

 start over 87471 loops 214 unique solutions 
Approx + random 
DŽ: 24696 -> 19227
DŽ: 17679 -> 17778
DŽ: 17683 -> 17584
DŽ: 17856 -> 17955
DŽ: 17863 -> 17876
DŽ: 17783 -> 17980
DŽ: 18083 -> 18178
DŽ: 17858 -> 17858
DŽ: 17859 -> 17859
DŽ: 18328 -> 18328
DŽ: 18328 -> 18328
DŽ: 17479 -> 17479
DŽ: 17479 -> 17479
DŽ: 18648 -> 18648
DŽ: 17479 -> 17479
DŽ: 17852 -> 17852
DŽ: 17759 -> 17858
DŽ: 17479 -> 17479
DŽ: 17692 -> 17868
DŽ: 17742 -> 17944
DŽ: 17758 -> 17758

 start over 107508 loops 237 unique solutions 
Original + vert_size 13 
DŽ: 18111 -> 18204
DŽ: 17844 -> 17844
DŽ: 17479 -> 17479
DŽ: 18241 -> 18335
DŽ: 18043 -> 18042
DŽ: 17781 -> 17788
DŽ: 18336 -> 18336
DŽ: 18043 -> 18444
DŽ: 18133 -> 18133
DŽ: 18235 -> 18533
DŽ: 18133 -> 18133
DŽ: 18138 -> 18245

 start over 118363 loops 255 unique solutions 
Original + vert_size 0 
DŽ: 18111 -> 18105
DŽ: 18533 -> 18330
DŽ: 18036 -> 18123
DŽ: 18239 -> 18239
DŽ: 17479 -> 17479
DŽ: 17479 -> 17479
DŽ: 17479 -> 17479
DŽ: 18138 -> 18328
DŽ: 18128 -> 18128
DŽ: 17848 -> 18044
DŽ: 18035 -> 18056
DŽ: 17479 -> 17479
DŽ: 17479 -> 17479
DŽ: 17479 -> 17479

 start over 131383 loops 267 unique solutions 
Original + vert_size 0 
DŽ: 18111 -> 18105
DŽ: 17479 -> 17479
DŽ: 18235 -> 18235
DŽ: 17942 -> 18046
DŽ: 17479 -> 17479
DŽ: 17846 -> 17946
DŽ: 17843 -> 17843
DŽ: 18028 -> 18028
DŽ: 17479 -> 17479
DŽ: 17479 -> 17572
DŽ: 17479 -> 17479
DŽ: 17990 -> 18091
DŽ: 17895 -> 17895
DŽ: 17479 -> 17479
DŽ: 17988 -> 17988

 start over 145239 loops 279 unique solutions 
Original + vert_size 13 
DŽ: 18111 -> 18210
DŽ: 18090 -> 18090
DŽ: 18096 -> 18096
DŽ: 17479 -> 17479
DŽ: 17945 -> 18043
DŽ: 18208 -> 18318
DŽ: 17479 -> 17479
DŽ: 17479 -> 17479
DŽ: 17479 -> 17479
DŽ: 17479 -> 17479
DŽ: 18091 -> 18104
DŽ: 17909 -> 18100
DŽ: 18293 -> 18293
DŽ: 17940 -> 17852
DŽ: 18305 -> 18300

 start over 159068 loops 291 unique solutions 
Approx + random 
DŽ: 24696 -> 18937
DŽ: 18001 -> 18000
DŽ: 17479 -> 17479
  BEST solution improved 17479 -> 17477 (vert_size 4, round 161015)
DŽ: 17477 -> 17477
DŽ: 17929 -> 18023
DŽ: 17929 -> 18315
DŽ: 17477 -> 17579
DŽ: 17477 -> 17477
DŽ: 17792 -> 17792
DŽ: 17779 -> 17781
DŽ: 17910 -> 18012
DŽ: 17890 -> 17993
DŽ: 17897 -> 17898
DŽ: 17890 -> 17890
DŽ: 17893 -> 17996
DŽ: 17996 -> 17996
DŽ: 17893 -> 17893
DŽ: 17995 -> 17989
DŽ: 17996 -> 17996
DŽ: 17882 -> 18069
DŽ: 17779 -> 18075
DŽ: 17994 -> 17994

 start over 180814 loops 316 unique solutions 
Original + vert_size 0 
DŽ: 18111 -> 18105
DŽ: 17477 -> 17477
DŽ: 17772 -> 17772
DŽ: 17477 -> 17477
DŽ: 17477 -> 17477
DŽ: 17579 -> 17676
DŽ: 17626 -> 17713
DŽ: 17770 -> 17783
DŽ: 17880 -> 17980
DŽ: 17770 -> 17768
DŽ: 17477 -> 17477
DŽ: 17617 -> 17617
DŽ: 17477 -> 17477
DŽ: 17878 -> 17872
DŽ: 17477 -> 17477
DŽ: 17870 -> 17883
DŽ: 17876 -> 17880
DŽ: 17883 -> 17883
DŽ: 17759 -> 17752
DŽ: 17477 -> 17477
DŽ: 17855 -> 17855

 start over 200493 loops 325 unique solutions 
Approx + random 
DŽ: 24696 -> 19686
DŽ: 17772 -> 17772
DŽ: 17477 -> 17665
DŽ: 19351 -> 19076
DŽ: 18208 -> 18292
DŽ: 18092 -> 18393
DŽ: 17477 -> 17477
DŽ: 18097 -> 17999
DŽ: 17477 -> 17477
DŽ: 18195 -> 18195
DŽ: 18076 -> 18076
DŽ: 18088 -> 18280
DŽ: 17477 -> 17477
DŽ: 18088 -> 18091

 start over 213754 loops 347 unique solutions 
Original + vert_size 0 
DŽ: 18111 -> 18105
DŽ: 17664 -> 17664
DŽ: 18516 -> 18508
DŽ: 17772 -> 17772
DŽ: 18287 -> 18287
DŽ: 18285 -> 18285
DŽ: 17477 -> 17477
DŽ: 18174 -> 18177
DŽ: 17477 -> 17477
DŽ: 18047 -> 18052
DŽ: 17855 -> 17949
DŽ: 17866 -> 17866
DŽ: 18163 -> 18163
DŽ: 17857 -> 17956
DŽ: 17757 -> 17757
DŽ: 17880 -> 18075
DŽ: 18050 -> 18050

 start over 229252 loops 365 unique solutions 
Approx + random 
DŽ: 24696 -> 19046
DŽ: 17862 -> 18262
DŽ: 18172 -> 18274
DŽ: 17664 -> 17664
DŽ: 18180 -> 18181
DŽ: 17787 -> 17787
DŽ: 17477 -> 17477
DŽ: 17477 -> 17477
DŽ: 17881 -> 17881
DŽ: 17979 -> 17979
DŽ: 17973 -> 18063
DŽ: 17477 -> 17477
DŽ: 17881 -> 17881
DŽ: 18056 -> 18147
DŽ: 17477 -> 17678
DŽ: 17849 -> 17849
DŽ: 17477 -> 17477
DŽ: 17879 -> 17881
DŽ: 17945 -> 17945
DŽ: 17477 -> 17477
DŽ: 17881 -> 17882

 start over 249440 loops 377 unique solutions 
Original + vert_size 0 
DŽ: 18111 -> 18105
DŽ: 17881 -> 18067
DŽ: 17970 -> 17970
DŽ: 17968 -> 17968
DŽ: 17778 -> 17778
DŽ: 17845 -> 17845
DŽ: 17881 -> 17979
DŽ: 17781 -> 17982
DŽ: 17477 -> 17477
DŽ: 17477 -> 17477
DŽ: 17477 -> 17477
DŽ: 17860 -> 17961
DŽ: 17853 -> 17853
DŽ: 17859 -> 17960
DŽ: 17845 -> 17955
DŽ: 17477 -> 17477
DŽ: 17477 -> 17477
DŽ: 17477 -> 17477
DŽ: 17863 -> 17863

 start over 267454 loops 396 unique solutions 
Approx + random 
DŽ: 24696 -> 18966
DŽ: 17759 -> 17759
DŽ: 18059 -> 18065
DŽ: 17477 -> 17477
DŽ: 17860 -> 17961
DŽ: 17845 -> 17845
DŽ: 17857 -> 17856
DŽ: 17852 -> 17943
DŽ: 18051 -> 17959
DŽ: 17477 -> 17477
DŽ: 17477 -> 17477
DŽ: 17477 -> 17477
DŽ: 18065 -> 18065
DŽ: 17852 -> 17852
DŽ: 17745 -> 17749
DŽ: 17477 -> 17477
DŽ: 17837 -> 17739
DŽ: 17850 -> 17850

 start over 284072 loops 414 unique solutions 
Original + vert_size 13 
DŽ: 18111 -> 18206
DŽ: 17785 -> 17883
DŽ: 17477 -> 17480
DŽ: 17745 -> 17751
DŽ: 18086 -> 18187
DŽ: 17477 -> 17477
DŽ: 18180 -> 18179
DŽ: 18188 -> 18196
DŽ: 17477 -> 17477
DŽ: 18184 -> 18190
DŽ: 18202 -> 18202
DŽ: 17477 -> 17477

 start over 295855 loops 432 unique solutions 
Original + vert_size 13 
DŽ: 18111 -> 18315
DŽ: 18311 -> 18220
DŽ: 18116 -> 18217
DŽ: 17477 -> 17477
DŽ: 17477 -> 17477
DŽ: 18215 -> 18215
DŽ: 18217 -> 18217
DŽ: 18104 -> 18104
DŽ: 18114 -> 18216
DŽ: 18018 -> 18115
DŽ: 18006 -> 18006

 start over 305554 loops 442 unique solutions 
Original + vert_size 13 
DŽ: 18111 -> 18209
DŽ: 18097 -> 18101
DŽ: 17477 -> 17477
DŽ: 17477 -> 17477
DŽ: 18106 -> 18106
DŽ: 18008 -> 18008
DŽ: 17901 -> 17901
DŽ: 17477 -> 17477
DŽ: 17477 -> 17477
DŽ: 18102 -> 18102
DŽ: 18107 -> 18103
DŽ: 18101 -> 18305
DŽ: 18204 -> 18108
DŽ: 17901 -> 18083
DŽ: 17908 -> 18003

 start over 319868 loops 452 unique solutions 
Approx + random 
DŽ: 24696 -> 19232
DŽ: 17477 -> 17477
DŽ: 17477 -> 17477
DŽ: 17477 -> 17477
DŽ: 17989 -> 18082
DŽ: 17906 -> 18013
DŽ: 17477 -> 17477
DŽ: 17477 -> 17477
DŽ: 17906 -> 18015
DŽ: 17477 -> 17477
DŽ: 18069 -> 18069
DŽ: 17477 -> 17477
DŽ: 17477 -> 17477
DŽ: 17984 -> 18076
DŽ: 17999 -> 18022
DŽ: 17477 -> 17477
DŽ: 17985 -> 18180
DŽ: 17477 -> 17477

 start over 336393 loops 465 unique solutions 
Original + vert_size 13 
DŽ: 18111 -> 18112
DŽ: 17477 -> 17477
DŽ: 17477 -> 17477
DŽ: 17813 -> 17899
DŽ: 17984 -> 17984
DŽ: 17477 -> 17477
DŽ: 18000 -> 18194
DŽ: 17477 -> 17477
DŽ: 17984 -> 18088
DŽ: 18003 -> 18092
DŽ: 17477 -> 17477
DŽ: 17992 -> 17992
DŽ: 17477 -> 17477
DŽ: 17477 -> 17477

 start over 349227 loops 481 unique solutions 
Approx + random 
DŽ: 24696 -> 19404
DŽ: 17989 -> 17989
DŽ: 18104 -> 18203
DŽ: 18313 -> 18316
DŽ: 17477 -> 17477
DŽ: 17477 -> 17477
DŽ: 18104 -> 18200
DŽ: 18529 -> 18635
DŽ: 18305 -> 18305

 start over 357811 loops 493 unique solutions 
Approx + random 
DŽ: 24696 -> 19538
DŽ: 18412 -> 18508
DŽ: 18412 -> 18324
DŽ: 17477 -> 17477
DŽ: 18300 -> 18488
DŽ: 18418 -> 18507
DŽ: 18507 -> 18511
DŽ: 17477 -> 17477
DŽ: 17477 -> 17477
DŽ: 18388 -> 18388
DŽ: 17477 -> 17477
DŽ: 18297 -> 18582
DŽ: 17477 -> 17477

 start over 369181 loops 501 unique solutions 
Original + vert_size 0 
DŽ: 18111 -> 18105
DŽ: 18282 -> 18282
DŽ: 17477 -> 17477
DŽ: 18007 -> 18107
DŽ: 17477 -> 17477
DŽ: 17901 -> 17901
DŽ: 18099 -> 18084
DŽ: 18105 -> 18294
DŽ: 18290 -> 18292
DŽ: 17477 -> 17477
DŽ: 17477 -> 17477
DŽ: 18191 -> 18193
DŽ: 17477 -> 17477
DŽ: 17985 -> 18094

 start over 382850 loops 515 unique solutions 
Original + vert_size 0 
DŽ: 18111 -> 18105
DŽ: 17477 -> 17477
DŽ: 18189 -> 18193
DŽ: 18084 -> 18095
DŽ: 17878 -> 17878
DŽ: 17477 -> 17477
DŽ: 17986 -> 17999
DŽ: 18202 -> 18297
DŽ: 18105 -> 18108
DŽ: 17992 -> 17992
DŽ: 18104 -> 18205
DŽ: 17989 -> 18073

 start over 393645 loops 521 unique solutions 
Approx + random 
DŽ: 24696 -> 19817
DŽ: 18624 -> 18536
DŽ: 18519 -> 18527
DŽ: 18309 -> 18303
DŽ: 17882 -> 17882
DŽ: 17477 -> 17477
DŽ: 18223 -> 18236
DŽ: 18224 -> 18318
DŽ: 17477 -> 17477
DŽ: 18234 -> 18338
DŽ: 18107 -> 18109
DŽ: 17905 -> 18000
DŽ: 17477 -> 17477

 start over 405665 loops 538 unique solutions 
Original + vert_size 13 
DŽ: 18111 -> 18205
DŽ: 18223 -> 18213
DŽ: 17477 -> 17477
DŽ: 17805 -> 17890
DŽ: 18002 -> 18096
DŽ: 17886 -> 17886
DŽ: 17886 -> 17988
DŽ: 17477 -> 17477
DŽ: 18228 -> 18228
DŽ: 18120 -> 18122
DŽ: 18111 -> 18111
DŽ: 17477 -> 17477
DŽ: 18004 -> 18004
DŽ: 17477 -> 17477

 start over 418777 loops 550 unique solutions 
Approx + random 
DŽ: 24696 -> 19445
DŽ: 19217 -> 19021
DŽ: 18109 -> 18114
DŽ: 18584 -> 18585
DŽ: 17477 -> 17477
DŽ: 18256 -> 18572
DŽ: 18167 -> 18361
DŽ: 18114 -> 18214
DŽ: 18168 -> 18171
DŽ: 19006 -> 18812
DŽ: 17477 -> 17477

 start over 428873 loops 562 unique solutions 
Original + vert_size 0 
DŽ: 18111 -> 18105
DŽ: 17477 -> 17477
DŽ: 18260 -> 18459
DŽ: 17477 -> 17477
DŽ: 17477 -> 17477
DŽ: 18168 -> 18168
DŽ: 18064 -> 18067
DŽ: 18067 -> 18067
DŽ: 17477 -> 17477
DŽ: 18074 -> 17975
DŽ: 18078 -> 18178
DŽ: 17477 -> 17477
DŽ: 17477 -> 17477
DŽ: 17477 -> 17477
DŽ: 18081 -> 18183
DŽ: 17477 -> 17477
DŽ: 17940 -> 17940

 start over 444956 loops 571 unique solutions 
Original + vert_size 13 
DŽ: 18111 -> 18206
DŽ: 17967 -> 17974
DŽ: 17852 -> 17852
DŽ: 17862 -> 17862
DŽ: 17477 -> 17477
DŽ: 17477 -> 17477
DŽ: 18072 -> 18274
DŽ: 17477 -> 17477
DŽ: 17771 -> 17771
DŽ: 17840 -> 17940
DŽ: 18249 -> 18341
DŽ: 17477 -> 17477
DŽ: 17477 -> 17477
DŽ: 17771 -> 17771
DŽ: 17477 -> 17477
DŽ: 17477 -> 17477
DŽ: 17836 -> 17933
DŽ: 17937 -> 17937
DŽ: 17854 -> 18041
DŽ: 17753 -> 17753

 start over 463131 loops 586 unique solutions 
Approx + random 
DŽ: 24696 -> 19529
DŽ: 17477 -> 17477
DŽ: 17477 -> 17477
DŽ: 17477 -> 17477
DŽ: 18180 -> 18191
DŽ: 17771 -> 17771
DŽ: 17477 -> 17477
DŽ: 17854 -> 17854
DŽ: 17859 -> 17863
DŽ: 18002 -> 18007
DŽ: 19102 -> 18801
DŽ: 17477 -> 17477
DŽ: 17477 -> 17477
DŽ: 17477 -> 17477
DŽ: 17477 -> 17477
DŽ: 17477 -> 17477
DŽ: 17477 -> 17477
DŽ: 17477 -> 17477
DŽ: 17807 -> 17807
DŽ: 17805 -> 17805

 start over 482380 loops 607 unique solutions 
Approx + random 
DŽ: 24696 -> 19107
DŽ: 17477 -> 17477
DŽ: 17477 -> 17477
DŽ: 18369 -> 18280
DŽ: 17870 -> 17870
DŽ: 17477 -> 17477
DŽ: 18269 -> 18179
DŽ: 18279 -> 18279
DŽ: 17477 -> 17477

 start over 490181 loops 622 unique solutions 
Approx + random 
DŽ: 24696 -> 19633
DŽ: 18275 -> 18469
DŽ: 18381 -> 18574
DŽ: 18183 -> 18183
DŽ: 18375 -> 18574
DŽ: 17477 -> 17477
DŽ: 18379 -> 18286
DŽ: 17477 -> 17477
DŽ: 18287 -> 18287

 start over 498320 loops 630 unique solutions 
Original + vert_size 0 
DŽ: 18111 -> 18105
DŽ: 18281 -> 18388
DŽ: 18282 -> 18285
DŽ: 18259 -> 18266
DŽ: 17477 -> 17477
DŽ: 17477 -> 17477
DŽ: 18264 -> 18265
DŽ: 18375 -> 18389

 start over 505798 loops 635 unique solutions 
Original + vert_size 0 
DŽ: 18111 -> 18105
DŽ: 18160 -> 18265
DŽ: 18265 -> 18265
DŽ: 17958 -> 17958
DŽ: 18281 -> 18281
DŽ: 17477 -> 17477
DŽ: 18380 -> 18380
DŽ: 18266 -> 18280
DŽ: 17756 -> 17756
DŽ: 18181 -> 18095
DŽ: 18280 -> 18378
DŽ: 17888 -> 17888
DŽ: 17756 -> 17756
DŽ: 17477 -> 17477
DŽ: 17762 -> 17663
DŽ: 18281 -> 18281
DŽ: 17663 -> 17758
DŽ: 17766 -> 17957
DŽ: 17477 -> 17477
DŽ: 17477 -> 17477

 start over 524594 loops 647 unique solutions 
Original + vert_size 13 
DŽ: 18111 -> 18199
DŽ: 17768 -> 17866
DŽ: 17958 -> 17958
DŽ: 17477 -> 17477
DŽ: 17958 -> 17958
DŽ: 17864 -> 17864
DŽ: 18181 -> 18281
DŽ: 18177 -> 18273
DŽ: 17958 -> 17959
DŽ: 18192 -> 18290
DŽ: 17896 -> 17896
DŽ: 17801 -> 17801
DŽ: 18089 -> 18182
DŽ: 17477 -> 17477
DŽ: 17477 -> 17477

 start over 538702 loops 664 unique solutions 
Original + vert_size 13 
DŽ: 18111 -> 18105
DŽ: 18176 -> 18280
DŽ: 17988 -> 17988
DŽ: 17958 -> 18052
DŽ: 18095 -> 18097
DŽ: 18174 -> 18174
DŽ: 18276 -> 18288
DŽ: 17477 -> 17477
DŽ: 18194 -> 18196
DŽ: 17857 -> 17956
DŽ: 17755 -> 17755
DŽ: 17988 -> 18085
DŽ: 18172 -> 18175

 start over 550233 loops 682 unique solutions 
Original + vert_size 0 
DŽ: 18111 -> 18105
DŽ: 17477 -> 17477
DŽ: 18180 -> 18180
DŽ: 18092 -> 18096
DŽ: 18270 -> 18287
DŽ: 18271 -> 18298
DŽ: 18071 -> 18071
DŽ: 18270 -> 18284
DŽ: 18164 -> 18167
DŽ: 18181 -> 18090
DŽ: 18184 -> 18184

 start over 560626 loops 688 unique solutions 
Approx + random 
DŽ: 24696 -> 19258
DŽ: 18105 -> 18105
DŽ: 18064 -> 18064
DŽ: 18396 -> 18394
DŽ: 17896 -> 17900
DŽ: 18290 -> 18287
DŽ: 18281 -> 18376
DŽ: 18285 -> 18381

 start over 567700 loops 696 unique solutions 
Approx + random 
DŽ: 24696 -> 19495
DŽ: 18206 -> 18205
DŽ: 17574 -> 17574
DŽ: 17574 -> 17762
DŽ: 17477 -> 17477
DŽ: 17477 -> 17477
DŽ: 17477 -> 17477
DŽ: 17656 -> 17656
DŽ: 17477 -> 17477
DŽ: 17752 -> 17753
DŽ: 18214 -> 18312
DŽ: 18503 -> 18419
DŽ: 18298 -> 18298
DŽ: 17683 -> 17683
DŽ: 18180 -> 18287
DŽ: 17658 -> 17658
DŽ: 18155 -> 18158

 start over 583258 loops 706 unique solutions 
Original + vert_size 0 
DŽ: 18111 -> 18105
DŽ: 17783 -> 17886
DŽ: 17653 -> 17661
DŽ: 18294 -> 18307
DŽ: 18294 -> 18291
DŽ: 17717 -> 17717
DŽ: 17703 -> 17703
DŽ: 17477 -> 17477
DŽ: 17994 -> 18096
DŽ: 17717 -> 17721
DŽ: 17477 -> 17477
DŽ: 17713 -> 17708
DŽ: 17713 -> 17805
DŽ: 18208 -> 18505
DŽ: 17477 -> 17477
DŽ: 17713 -> 17722
DŽ: 17803 -> 18003
DŽ: 17477 -> 17477
DŽ: 17652 -> 17752
DŽ: 17477 -> 17477
DŽ: 17906 -> 18021
DŽ: 18001 -> 18094

 start over 604208 loops 721 unique solutions 
Approx + random 
DŽ: 24696 -> 19541
DŽ: 18007 -> 18110
DŽ: 18072 -> 17973
DŽ: 17869 -> 17866
DŽ: 17477 -> 17477
DŽ: 17477 -> 17477
DŽ: 18092 -> 18092
DŽ: 18092 -> 18092
DŽ: 17774 -> 17774
DŽ: 17774 -> 17880
DŽ: 18491 -> 18484
DŽ: 18275 -> 18472
DŽ: 18177 -> 18276
DŽ: 18179 -> 18179

 start over 617957 loops 745 unique solutions 
Original + vert_size 0 
DŽ: 18111 -> 18105
DŽ: 18082 -> 18082
DŽ: 18104 -> 18104
DŽ: 17477 -> 17477
DŽ: 17764 -> 17864
DŽ: 17764 -> 17864
DŽ: 17788 -> 17788
DŽ: 18498 -> 18602
DŽ: 17862 -> 17961
DŽ: 17860 -> 17860
DŽ: 18381 -> 18381
DŽ: 17862 -> 17862
DŽ: 17477 -> 17477
DŽ: 17477 -> 17477
DŽ: 17759 -> 17759
DŽ: 17892 -> 17892

 start over 632748 loops 754 unique solutions 
Approx + random 
DŽ: 24696 -> 18947
DŽ: 17477 -> 17477
DŽ: 18272 -> 18272
DŽ: 18219 -> 18326
DŽ: 18341 -> 18434
DŽ: 18010 -> 18010
DŽ: 17897 -> 18001
DŽ: 17892 -> 17994
DŽ: 17998 -> 17998
DŽ: 17986 -> 18163
DŽ: 17892 -> 17905
DŽ: 17477 -> 17477
DŽ: 17477 -> 17477
DŽ: 17805 -> 17891
DŽ: 17477 -> 17477
DŽ: 17998 -> 18095
DŽ: 17882 -> 17977
DŽ: 18271 -> 18275
DŽ: 18177 -> 18280

 start over 650308 loops 770 unique solutions 
Approx + random 
DŽ: 24696 -> 18930
DŽ: 17892 -> 17898
DŽ: 17477 -> 17477
DŽ: 17477 -> 17477
DŽ: 18539 -> 18926
DŽ: 17477 -> 17477
DŽ: 18385 -> 18387
DŽ: 18292 -> 18395
DŽ: 18272 -> 18366
DŽ: 17477 -> 17477
DŽ: 18169 -> 18074
DŽ: 17878 -> 17878

 start over 661735 loops 788 unique solutions 
Original + vert_size 0 
DŽ: 18111 -> 18105
DŽ: 18510 -> 18409
DŽ: 17477 -> 17477
DŽ: 18061 -> 18063
DŽ: 18172 -> 18178
DŽ: 17882 -> 17878
DŽ: 17477 -> 17477
DŽ: 17477 -> 17477
DŽ: 17477 -> 17477
DŽ: 17981 -> 17981
DŽ: 17477 -> 17477
DŽ: 17982 -> 18173
DŽ: 17477 -> 17477
DŽ: 17986 -> 17986
DŽ: 17774 -> 17774
DŽ: 17773 -> 17964
DŽ: 17978 -> 18070

 start over 677709 loops 795 unique solutions 
Original + vert_size 13 
DŽ: 18111 -> 18104
DŽ: 17973 -> 18071
DŽ: 17767 -> 17772
DŽ: 18178 -> 18272
DŽ: 17477 -> 17477
DŽ: 18409 -> 18503
DŽ: 17477 -> 17477
DŽ: 17982 -> 17982
DŽ: 17477 -> 17477
DŽ: 17974 -> 18264
DŽ: 18005 -> 18099
DŽ: 17477 -> 17477
DŽ: 17477 -> 17477
DŽ: 17898 -> 17889
DŽ: 17477 -> 17477
DŽ: 17798 -> 17797
DŽ: 17982 -> 18094
DŽ: 17477 -> 17477

 start over 694316 loops 814 unique solutions 
Original + vert_size 13 
DŽ: 18111 -> 18409
DŽ: 17792 -> 17886
DŽ: 18071 -> 18071
DŽ: 17477 -> 17477
DŽ: 18101 -> 18101
DŽ: 18272 -> 18368
DŽ: 18409 -> 18302
DŽ: 18002 -> 18099
DŽ: 17994 -> 17994
DŽ: 17993 -> 18099
DŽ: 18100 -> 18110
DŽ: 17477 -> 17477
DŽ: 17477 -> 17477
DŽ: 17477 -> 17477

 start over 707330 loops 830 unique solutions 
Approx + random 
DŽ: 24696 -> 18821
DŽ: 18101 -> 18101
DŽ: 17865 -> 17875
DŽ: 18128 -> 18122
DŽ: 18272 -> 18272
DŽ: 17749 -> 17752
DŽ: 17477 -> 17477
DŽ: 17864 -> 17864
DŽ: 18101 -> 18097
DŽ: 17477 -> 17477
DŽ: 18130 -> 18231
DŽ: 18226 -> 18232
DŽ: 17841 -> 18038
DŽ: 17477 -> 17477
DŽ: 17847 -> 17939
DŽ: 17477 -> 17477
DŽ: 17477 -> 17477
DŽ: 18129 -> 18224
DŽ: 18231 -> 18336

 start over 725139 loops 842 unique solutions 
Approx + random 
DŽ: 24696 -> 18910
DŽ: 18133 -> 18231
DŽ: 17843 -> 17938
DŽ: 18106 -> 18103
DŽ: 18133 -> 18425
DŽ: 18103 -> 18103
DŽ: 18106 -> 18106
DŽ: 18009 -> 18009
DŽ: 18085 -> 17983
DŽ: 17576 -> 17672
DŽ: 18221 -> 18221
DŽ: 18211 -> 18212
DŽ: 18109 -> 18110
DŽ: 18103 -> 18103
DŽ: 17477 -> 17477
DŽ: 17477 -> 17477

 start over 740459 loops 862 unique solutions 
Original + vert_size 13 
DŽ: 18111 -> 18203
DŽ: 18110 -> 18203
DŽ: 17571 -> 17669
DŽ: 17922 -> 18015
DŽ: 17477 -> 17477
DŽ: 17932 -> 18234
DŽ: 18114 -> 18305
DŽ: 17571 -> 17571
DŽ: 17711 -> 17711
DŽ: 17612 -> 17612
DŽ: 17477 -> 17477
DŽ: 18090 -> 18088
DŽ: 17663 -> 17862
DŽ: 17934 -> 17934
DŽ: 17759 -> 17759
DŽ: 17477 -> 17477
DŽ: 17612 -> 17714
DŽ: 17477 -> 17477
DŽ: 17649 -> 17649

 start over 758541 loops 878 unique solutions 
Original + vert_size 0 
DŽ: 18111 -> 18105
DŽ: 18083 -> 18184
DŽ: 17654 -> 17654
DŽ: 18107 -> 18107
DŽ: 17612 -> 17712
DŽ: 17984 -> 17984
DŽ: 18105 -> 18201
DŽ: 18189 -> 18196
DŽ: 18082 -> 18281
DŽ: 17477 -> 17477
DŽ: 18083 -> 18273
DŽ: 17477 -> 17477
DŽ: 18193 -> 18193

 start over 770263 loops 892 unique solutions 
Original + vert_size 0 
DŽ: 18111 -> 18105
DŽ: 17477 -> 17477
DŽ: 18167 -> 18367
DŽ: 17702 -> 17799
DŽ: 17597 -> 17889
DŽ: 17888 -> 17893
DŽ: 17477 -> 17477
DŽ: 17593 -> 17593
DŽ: 17477 -> 17477
DŽ: 17780 -> 17780
DŽ: 17794 -> 17896
DŽ: 17477 -> 17477
DŽ: 17780 -> 17780
DŽ: 17477 -> 17477
DŽ: 17792 -> 17692
DŽ: 17692 -> 17699
DŽ: 17477 -> 17576
DŽ: 17477 -> 17477
DŽ: 17692 -> 17692
DŽ: 17770 -> 17774
DŽ: 17477 -> 17477
DŽ: 17780 -> 17786
DŽ: 17794 -> 17990

 start over 792696 loops 904 unique solutions 
Approx + random 
DŽ: 24696 -> 19378
DŽ: 17477 -> 17477
DŽ: 18837 -> 18839
DŽ: 17477 -> 17477
DŽ: 17477 -> 17477
DŽ: 18000 -> 18093
DŽ: 17477 -> 17477
DŽ: 18198 -> 18198
DŽ: 17477 -> 17477
DŽ: 17477 -> 17477
DŽ: 17477 -> 17477
DŽ: 17993 -> 17993
DŽ: 17477 -> 17477

 start over 804478 loops 924 unique solutions 
Original + vert_size 0 
DŽ: 18111 -> 18105
DŽ: 17987 -> 17987
DŽ: 17993 -> 17993
DŽ: 17990 -> 17990
DŽ: 17477 -> 17477
DŽ: 17477 -> 17477
DŽ: 17893 -> 17884
DŽ: 17885 -> 17885
DŽ: 17986 -> 18083
DŽ: 18093 -> 18095
DŽ: 18001 -> 18001
DŽ: 17477 -> 17477
DŽ: 17986 -> 18084

 start over 816718 loops 932 unique solutions 
Original + vert_size 0 
DŽ: 18111 -> 18105
DŽ: 17992 -> 18093
DŽ: 18091 -> 18109
DŽ: 17995 -> 17995
DŽ: 17982 -> 18080
DŽ: 17477 -> 17477
DŽ: 18001 -> 18005
DŽ: 17957 -> 17957
DŽ: 17992 -> 18096
DŽ: 17888 -> 17888
DŽ: 17955 -> 17959
DŽ: 17477 -> 17477
DŽ: 17969 -> 17969
DŽ: 17970 -> 17966
DŽ: 17477 -> 17477
DŽ: 17477 -> 17477

 start over 831419 loops 944 unique solutions 
Approx + random 
DŽ: 24696 -> 19524
DŽ: 17874 -> 17874
DŽ: 17477 -> 17477
DŽ: 17965 -> 18065
DŽ: 17477 -> 17477
DŽ: 17477 -> 17477
DŽ: 17477 -> 17477
DŽ: 18687 -> 18394
DŽ: 18394 -> 18298
DŽ: 17477 -> 17477
DŽ: 18275 -> 18392
DŽ: 18188 -> 18188
DŽ: 17477 -> 17477
DŽ: 17968 -> 17968
DŽ: 17967 -> 17967

 start over 845380 loops 961 unique solutions 
Approx + random 
DŽ: 24696 -> 19156
DŽ: 17967 -> 17967
DŽ: 17876 -> 17976
DŽ: 17965 -> 17965
DŽ: 17477 -> 17477
DŽ: 18029 -> 18029
DŽ: 17966 -> 17968
DŽ: 17720 -> 18018
DŽ: 17477 -> 17477
DŽ: 17477 -> 17477
DŽ: 17720 -> 17720
DŽ: 18047 -> 18047
DŽ: 18761 -> 18869
DŽ: 17477 -> 17477
DŽ: 17977 -> 18075
DŽ: 17868 -> 17868
DŽ: 17718 -> 17903
DŽ: 18087 -> 18087
DŽ: 17477 -> 17477
DŽ: 17862 -> 17874

 start over 864451 loops 977 unique solutions 
Original + vert_size 0 
DŽ: 18111 -> 18105
DŽ: 17863 -> 17969
DŽ: 17874 -> 17874
DŽ: 18649 -> 18649
DŽ: 17477 -> 17477
DŽ: 17477 -> 17477
DŽ: 17870 -> 17870
DŽ: 18192 -> 18192
DŽ: 17978 -> 17984
DŽ: 17961 -> 17966
DŽ: 18080 -> 18178
DŽ: 18079 -> 18085
DŽ: 17879 -> 17879
DŽ: 17477 -> 17477
DŽ: 17781 -> 17781
DŽ: 17967 -> 17967
DŽ: 17868 -> 17963

 start over 880439 loops 994 unique solutions 
Original + vert_size 0 
DŽ: 18111 -> 18105
DŽ: 17477 -> 17477
DŽ: 17781 -> 17881
DŽ: 17477 -> 17477
DŽ: 17983 -> 17900
DŽ: 17477 -> 17477
DŽ: 17477 -> 17477
DŽ: 17477 -> 17477
DŽ: 18090 -> 18191
DŽ: 17894 -> 17900
DŽ: 17967 -> 18071
DŽ: 18001 -> 18095
DŽ: 17864 -> 17963
DŽ: 17894 -> 18094
DŽ: 17894 -> 17989

 start over 894851 loops 1011 unique solutions 
Original + vert_size 0 
DŽ: 18111 -> 18105
DŽ: 17477 -> 17477
DŽ: 17477 -> 17477
DŽ: 17477 -> 17477
DŽ: 17901 -> 17996
DŽ: 17789 -> 17789
DŽ: 17789 -> 17789
DŽ: 17993 -> 17996
DŽ: 17993 -> 17993
DŽ: 17993 -> 18304
DŽ: 17477 -> 17477
DŽ: 17999 -> 18304
DŽ: 17477 -> 17477
DŽ: 17988 -> 17988

 start over 907651 loops 1019 unique solutions 
Original + vert_size 13 
DŽ: 18111 -> 18206
DŽ: 17477 -> 17477
DŽ: 17981 -> 18082
DŽ: 17477 -> 17477
DŽ: 17477 -> 17477
DŽ: 17998 -> 18089
DŽ: 17477 -> 17477
DŽ: 17993 -> 17997
DŽ: 17982 -> 17988
DŽ: 18080 -> 18080
DŽ: 17477 -> 17477
DŽ: 18079 -> 18082
DŽ: 17477 -> 17477

 start over 919862 loops 1037 unique solutions 
Original + vert_size 0 
DŽ: 18111 -> 18105
DŽ: 18105 -> 18408
DŽ: 17994 -> 17997
DŽ: 17989 -> 17989
DŽ: 17477 -> 17477
DŽ: 17477 -> 17477
DŽ: 18094 -> 18094
DŽ: 17477 -> 17477
DŽ: 17998 -> 18096
DŽ: 18086 -> 18086
DŽ: 17477 -> 17477
DŽ: 17477 -> 17477
DŽ: 17477 -> 17477
DŽ: 18087 -> 18190
DŽ: 17988 -> 17988

 start over 933954 loops 1050 unique solutions 
Original + vert_size 13 
DŽ: 18111 -> 18303
DŽ: 18085 -> 17985
DŽ: 17983 -> 18084
DŽ: 17477 -> 17477
DŽ: 18090 -> 18090
DŽ: 17989 -> 17996
DŽ: 17994 -> 18093
DŽ: 17983 -> 17989
DŽ: 17477 -> 17477
DŽ: 17477 -> 17477
DŽ: 17477 -> 17477
DŽ: 17997 -> 17988
DŽ: 17986 -> 18089

 start over 945831 loops 1061 unique solutions 
Original + vert_size 0 
DŽ: 18111 -> 18105
DŽ: 17987 -> 17991
DŽ: 17986 -> 18091
DŽ: 17477 -> 17477
DŽ: 17988 -> 18178
DŽ: 18090 -> 18199
DŽ: 17477 -> 17477
DŽ: 17477 -> 17477
DŽ: 17997 -> 18095
DŽ: 17477 -> 17477
DŽ: 18096 -> 18099

 start over 955884 loops 1075 unique solutions 
Original + vert_size 13 
DŽ: 18111 -> 18215
DŽ: 17477 -> 17477
DŽ: 17979 -> 17979
DŽ: 18099 -> 18200
DŽ: 18086 -> 18086
DŽ: 18192 -> 18294
DŽ: 18190 -> 18406
DŽ: 18190 -> 18290
DŽ: 18177 -> 18271
DŽ: 17477 -> 17477

 start over 964465 loops 1084 unique solutions 
Approx + random 
DŽ: 24696 -> 19763
DŽ: 17477 -> 17477
DŽ: 18198 -> 18198
DŽ: 17477 -> 17477
DŽ: 17477 -> 17477
DŽ: 18196 -> 18198
DŽ: 17477 -> 17477
DŽ: 18198 -> 18198
DŽ: 17477 -> 17477

 start over 972453 loops 1088 unique solutions 
Original + vert_size 13 
DŽ: 18111 -> 18108
DŽ: 18195 -> 18195
DŽ: 18427 -> 18427
DŽ: 18194 -> 18194
DŽ: 18458 -> 18735
DŽ: 18563 -> 18657
DŽ: 18102 -> 18395
DŽ: 17477 -> 17477
DŽ: 17477 -> 17477

 start over 980789 loops 1095 unique solutions 
Original + vert_size 0 
DŽ: 18111 -> 18105
DŽ: 18545 -> 18631
DŽ: 18555 -> 18664
DŽ: 18628 -> 18628
DŽ: 18343 -> 18350
DŽ: 18455 -> 18455
DŽ: 18158 -> 18152
DŽ: 18062 -> 18062
DŽ: 18438 -> 18724
DŽ: 18424 -> 18424

 start over 989855 loops 1104 unique solutions 
Original + vert_size 0 
DŽ: 18111 -> 18105
DŽ: 17853 -> 17853
DŽ: 18350 -> 18353
DŽ: 18151 -> 18153
DŽ: 18127 -> 18139
DŽ: 18141 -> 18146
DŽ: 17477 -> 17477
DŽ: 18139 -> 18139
DŽ: 17985 -> 17985
DŽ: 18139 -> 18239
DŽ: 18227 -> 18324

 start over 999662 loops 1117 unique solutions 
Original + vert_size 13 
DŽ: 18111 -> 18206
DŽ: 18054 -> 18065
DŽ: 17477 -> 17477
DŽ: 17992 -> 18192
DŽ: 18062 -> 18062
DŽ: 17990 -> 18090
DŽ: 18081 -> 18088
DŽ: 17999 -> 18101
DŽ: 18101 -> 18009
DŽ: 17477 -> 17477
DŽ: 18081 -> 18082
DŽ: 17881 -> 17885

 start over 1010209 loops 1128 unique solutions 
Approx + random 
DŽ: 24696 -> 19520
DŽ: 17477 -> 17477
DŽ: 17964 -> 17964
DŽ: 18169 -> 18269
DŽ: 18282 -> 18286
DŽ: 17477 -> 17477
DŽ: 18284 -> 18477
DŽ: 18812 -> 18896
DŽ: 17477 -> 17477
DŽ: 18573 -> 18573
DŽ: 18291 -> 18294
DŽ: 17886 -> 17886
DŽ: 18063 -> 18159
DŽ: 18078 -> 17980

 start over 1023876 loops 1138 unique solutions 
Original + vert_size 0 
DŽ: 18111 -> 18105
DŽ: 18163 -> 18164
DŽ: 17477 -> 17477
DŽ: 17973 -> 18072
DŽ: 18580 -> 18393
DŽ: 18282 -> 18282
DŽ: 18069 -> 18069
DŽ: 17673 -> 17673
DŽ: 17477 -> 17477
DŽ: 17477 -> 17477
DŽ: 17580 -> 17777
DŽ: 18284 -> 18280
  BEST solution improved 17572 -> 17476 (vert_size 2, round 1034805) *
  BEST solution improved 17476 -> 17384 (vert_size 2, round 1034836) *
DŽ: 17384 -> 17384
DŽ: 18063 -> 18163
DŽ: 18164 -> 18164
DŽ: 17384 -> 17384
DŽ: 17677 -> 17774
DŽ: 17767 -> 17767
DŽ: 17496 -> 17496
DŽ: 17667 -> 17667
DŽ: 17673 -> 17681
DŽ: 17384 -> 17384
DŽ: 17585 -> 17687
DŽ: 17384 -> 17384
DŽ: 18162 -> 17971
DŽ: 17483 -> 17483

 start over 1048230 loops 1152 unique solutions 
Original + vert_size 0 
DŽ: 18111 -> 18105
DŽ: 18162 -> 18162
DŽ: 17476 -> 17476
DŽ: 17999 -> 18097
DŽ: 17384 -> 17480
DŽ: 18090 -> 18290
DŽ: 17384 -> 17384
DŽ: 17384 -> 17384
DŽ: 18104 -> 18207
DŽ: 17384 -> 17384
DŽ: 18105 -> 18109
DŽ: 18162 -> 18162
DŽ: 17480 -> 17482
DŽ: 17384 -> 17384
DŽ: 18100 -> 18100

 start over 1062748 loops 1169 unique solutions 
Original + vert_size 13 
DŽ: 18111 -> 18109
DŽ: 17901 -> 17901
DŽ: 18091 -> 18285
DŽ: 17384 -> 17384
DŽ: 18098 -> 18298
DŽ: 17384 -> 17384
DŽ: 18092 -> 18092
DŽ: 18093 -> 18089
DŽ: 18107 -> 18208
DŽ: 18063 -> 18068
DŽ: 17384 -> 17384
DŽ: 17986 -> 17986

 start over 1073129 loops 1186 unique solutions 
Original + vert_size 13 
DŽ: 18111 -> 18211
DŽ: 18070 -> 18070
DŽ: 18070 -> 18076
DŽ: 18091 -> 18486
DŽ: 18076 -> 18076
DŽ: 17384 -> 17384
DŽ: 17384 -> 17384
DŽ: 18094 -> 18100
DŽ: 17384 -> 17384
DŽ: 17990 -> 18089
DŽ: 18094 -> 18196
DŽ: 17898 -> 17994

 start over 1084502 loops 1199 unique solutions 
Approx + random 
DŽ: 24696 -> 18853
DŽ: 17384 -> 17384
DŽ: 17384 -> 17384
DŽ: 17384 -> 17384
DŽ: 17977 -> 17982
DŽ: 17384 -> 17384
DŽ: 17975 -> 17985
DŽ: 17384 -> 17384
DŽ: 17384 -> 17384
DŽ: 17384 -> 17384
DŽ: 17384 -> 17384
DŽ: 18739 -> 18745
DŽ: 17774 -> 17774
DŽ: 17384 -> 17483
DŽ: 18077 -> 17989
DŽ: 18194 -> 18288

 start over 1099736 loops 1207 unique solutions 
Original + vert_size 13 
DŽ: 18111 -> 18302
DŽ: 17993 -> 18093
DŽ: 17870 -> 17972
DŽ: 17872 -> 17872
DŽ: 17872 -> 17974
DŽ: 17775 -> 17775
DŽ: 18193 -> 18406
DŽ: 18202 -> 18293
DŽ: 17384 -> 17384
DŽ: 17384 -> 17384
DŽ: 17871 -> 17965
DŽ: 17946 -> 17950
DŽ: 17878 -> 18072
DŽ: 17878 -> 17878
DŽ: 17384 -> 17384
DŽ: 17973 -> 18167

 start over 1114270 loops 1223 unique solutions 
Original + vert_size 13 
DŽ: 18111 -> 18302
DŽ: 17384 -> 17384
DŽ: 17864 -> 17864
DŽ: 17768 -> 17768
DŽ: 17898 -> 18203
DŽ: 17991 -> 17991
DŽ: 17892 -> 18091
DŽ: 17977 -> 18082
DŽ: 17764 -> 17863
DŽ: 17979 -> 18182
DŽ: 17875 -> 17875
DŽ: 17384 -> 17384
DŽ: 17966 -> 17966
DŽ: 17869 -> 17970
DŽ: 17885 -> 17885
DŽ: 18074 -> 18076

 start over 1129516 loops 1238 unique solutions 
Original + vert_size 0 
DŽ: 18111 -> 18105
DŽ: 17864 -> 17972
DŽ: 18182 -> 18182
DŽ: 17769 -> 17866
DŽ: 17384 -> 17384
DŽ: 17384 -> 17384
DŽ: 17863 -> 17863
DŽ: 17384 -> 17384
DŽ: 17384 -> 17384
DŽ: 17863 -> 17959
DŽ: 18082 -> 18083
DŽ: 17867 -> 17969
DŽ: 18184 -> 18387
DŽ: 17957 -> 17959

 start over 1142909 loops 1252 unique solutions 
Approx + random 
DŽ: 24696 -> 19142
DŽ: 17384 -> 17384
DŽ: 17956 -> 18055
DŽ: 17384 -> 17384
DŽ: 17384 -> 17384
DŽ: 18390 -> 18390
DŽ: 17966 -> 18256
DŽ: 17384 -> 17384
DŽ: 17384 -> 17384
DŽ: 17384 -> 17384
DŽ: 17384 -> 17384

 start over 1152321 loops 1266 unique solutions 
Approx + random 
DŽ: 24696 -> 19627
DŽ: 18165 -> 18165
DŽ: 18335 -> 18632
DŽ: 18020 -> 18315
DŽ: 18220 -> 18220
DŽ: 18315 -> 18407
DŽ: 17384 -> 17384
DŽ: 18450 -> 18425
DŽ: 18216 -> 18308
DŽ: 17384 -> 17384
DŽ: 18096 -> 18096

 start over 1162511 loops 1277 unique solutions 
Original + vert_size 0 
DŽ: 18111 -> 18105
DŽ: 18151 -> 18155
DŽ: 18096 -> 18494
DŽ: 18079 -> 18079
DŽ: 17384 -> 17384
DŽ: 17384 -> 17384
DŽ: 18160 -> 18163
DŽ: 18119 -> 18123
DŽ: 18078 -> 18078
DŽ: 17384 -> 17384

 start over 1171908 loops 1286 unique solutions 
Original + vert_size 13 
DŽ: 18111 -> 18209
DŽ: 18175 -> 18273
DŽ: 18273 -> 18371
DŽ: 18268 -> 18270
DŽ: 18172 -> 18172
DŽ: 17384 -> 17384
DŽ: 18274 -> 18371
DŽ: 18172 -> 18173
DŽ: 17384 -> 17384

 start over 1179339 loops 1296 unique solutions 
Approx + random 
DŽ: 24696 -> 19241
DŽ: 18265 -> 18362
DŽ: 18275 -> 18275
DŽ: 18172 -> 18369
DŽ: 18298 -> 18301
DŽ: 19241 -> 19025
DŽ: 17988 -> 17988
DŽ: 17384 -> 17384
DŽ: 17384 -> 17384
DŽ: 18927 -> 18929
DŽ: 17384 -> 17384
DŽ: 18296 -> 18395
DŽ: 17384 -> 17384

 start over 1191839 loops 1308 unique solutions 
Approx + random 
DŽ: 24696 -> 20021
DŽ: 17384 -> 17480
DŽ: 18065 -> 18162
DŽ: 18574 -> 18580
DŽ: 18869 -> 18670
DŽ: 17384 -> 17384
DŽ: 17384 -> 17384
DŽ: 17384 -> 17384
DŽ: 18292 -> 18465
DŽ: 17384 -> 17384
DŽ: 18146 -> 18245
DŽ: 17956 -> 18172
DŽ: 18146 -> 18146
DŽ: 18473 -> 18577

 start over 1204928 loops 1316 unique solutions 
Original + vert_size 13 
DŽ: 18111 -> 18202
DŽ: 17384 -> 17480
DŽ: 17856 -> 17951
DŽ: 17384 -> 17384
DŽ: 17384 -> 17384
DŽ: 17384 -> 17384
DŽ: 18388 -> 18398
DŽ: 18165 -> 18165
DŽ: 18347 -> 18544
DŽ: 17480 -> 17576
DŽ: 17384 -> 17384
DŽ: 18387 -> 18387
DŽ: 18050 -> 18249
DŽ: 17384 -> 17384

 start over 1217946 loops 1329 unique solutions 
Approx + random 
DŽ: 24696 -> 19760
DŽ: 18056 -> 18154
DŽ: 18366 -> 18276
DŽ: 19547 -> 19234
DŽ: 17901 -> 17901
DŽ: 17384 -> 17384
DŽ: 19160 -> 18848
DŽ: 17384 -> 17384
DŽ: 17384 -> 17384
DŽ: 18056 -> 18056
DŽ: 17782 -> 17782
DŽ: 18501 -> 18495
DŽ: 17384 -> 17384
DŽ: 17878 -> 17885
DŽ: 17384 -> 17384
DŽ: 17885 -> 17979
DŽ: 17901 -> 17994
DŽ: 17994 -> 17991

 start over 1234588 loops 1347 unique solutions 
Approx + random 
DŽ: 24696 -> 19558
DŽ: 18276 -> 18277
DŽ: 17957 -> 18154
DŽ: 17929 -> 17929
DŽ: 17384 -> 17384
DŽ: 18055 -> 18052
DŽ: 18132 -> 18137
DŽ: 17384 -> 17384
DŽ: 18048 -> 18143
DŽ: 18547 -> 18639
DŽ: 17960 -> 18055
DŽ: 17962 -> 17962
DŽ: 17384 -> 17384
DŽ: 17840 -> 17840
DŽ: 18052 -> 18052

 start over 1248104 loops 1359 unique solutions 
Approx + random 
DŽ: 24696 -> 19654
DŽ: 18053 -> 17957
DŽ: 17911 -> 17911
DŽ: 17831 -> 17831
DŽ: 18215 -> 18211
DŽ: 19242 -> 19130
DŽ: 18528 -> 18528
DŽ: 17384 -> 17384
DŽ: 17384 -> 17384
DŽ: 18828 -> 18739
DŽ: 17795 -> 17795
DŽ: 17786 -> 18172
DŽ: 18382 -> 18285
DŽ: 17884 -> 17884
DŽ: 17384 -> 17384
DŽ: 18159 -> 18160
DŽ: 17384 -> 17579
DŽ: 17947 -> 17947
DŽ: 17384 -> 17384

 start over 1266821 loops 1379 unique solutions 
Original + vert_size 0 
DŽ: 18111 -> 18105
DŽ: 17384 -> 17384
DŽ: 17384 -> 17384
DŽ: 18414 -> 18514
DŽ: 18514 -> 18506
DŽ: 17911 -> 17911
DŽ: 18220 -> 18227
DŽ: 18288 -> 18276
DŽ: 18252 -> 18252
DŽ: 17957 -> 17957
DŽ: 18090 -> 18280
DŽ: 18284 -> 18478
DŽ: 18094 -> 18282
DŽ: 17384 -> 17384
DŽ: 18092 -> 18184
DŽ: 17875 -> 17781
DŽ: 17973 -> 17973

 start over 1282710 loops 1392 unique solutions 
Approx + random 
DŽ: 24696 -> 19858
DŽ: 17849 -> 17846
DŽ: 17888 -> 17999
DŽ: 18076 -> 18076
DŽ: 18514 -> 18409
DŽ: 17384 -> 17384
DŽ: 18091 -> 18186
DŽ: 17384 -> 17384
DŽ: 17384 -> 17384
DŽ: 18081 -> 18182
DŽ: 17796 -> 17791
DŽ: 17764 -> 17767
DŽ: 17384 -> 17384
DŽ: 18074 -> 18076

 start over 1295819 loops 1407 unique solutions 
Approx + random 
DŽ: 24696 -> 19131
DŽ: 17976 -> 18080
DŽ: 18293 -> 18286
DŽ: 17793 -> 17793
DŽ: 17384 -> 17384
DŽ: 18086 -> 18183
DŽ: 18396 -> 18284
DŽ: 18178 -> 18178
DŽ: 18618 -> 18506
DŽ: 17384 -> 17384
DŽ: 18010 -> 18197
DŽ: 18180 -> 18180

 start over 1306851 loops 1419 unique solutions 
Original + vert_size 0 
DŽ: 18111 -> 18105
DŽ: 18175 -> 18279
DŽ: 18081 -> 18081
DŽ: 18267 -> 18171
DŽ: 17999 -> 17999
DŽ: 18104 -> 18201
DŽ: 17384 -> 17384
DŽ: 17384 -> 17384
DŽ: 18618 -> 18618
DŽ: 17384 -> 17384
DŽ: 18295 -> 18295
DŽ: 17970 -> 18076
DŽ: 17887 -> 17887
DŽ: 18289 -> 18481

 start over 1319555 loops 1432 unique solutions 
Approx + random 
DŽ: 24696 -> 19239
DŽ: 18490 -> 18702
DŽ: 17384 -> 17384
DŽ: 17384 -> 17384
DŽ: 17977 -> 17980
DŽ: 17384 -> 17384
DŽ: 17984 -> 18083
DŽ: 17384 -> 17384
DŽ: 17898 -> 17988
DŽ: 17384 -> 17384
DŽ: 17785 -> 17785
DŽ: 17787 -> 17787
DŽ: 17384 -> 17384
DŽ: 17384 -> 17384
DŽ: 17787 -> 17792
DŽ: 17871 -> 17978
DŽ: 17880 -> 17880
DŽ: 17384 -> 17384
DŽ: 17384 -> 17384

 start over 1337982 loops 1444 unique solutions 
Original + vert_size 0 
DŽ: 18111 -> 18105
DŽ: 17874 -> 17878
DŽ: 17884 -> 17889
DŽ: 17384 -> 17384
DŽ: 18282 -> 18282
DŽ: 18373 -> 18380
DŽ: 18284 -> 18286
DŽ: 18381 -> 18388
DŽ: 18381 -> 18388
DŽ: 17384 -> 17384

 start over 1346470 loops 1463 unique solutions 
Original + vert_size 0 
DŽ: 18111 -> 18105
DŽ: 17384 -> 17384
DŽ: 17384 -> 17384
DŽ: 17384 -> 17384
DŽ: 18381 -> 18381
DŽ: 17384 -> 17384
DŽ: 17862 -> 17862
DŽ: 18367 -> 18294
DŽ: 18364 -> 18470

 start over 1354837 loops 1465 unique solutions 
Approx + random 
DŽ: 24696 -> 19015
DŽ: 17384 -> 17384
DŽ: 18402 -> 18214
DŽ: 18000 -> 17991
DŽ: 18371 -> 18370
DŽ: 17384 -> 17384
DŽ: 17567 -> 17567
DŽ: 17556 -> 17556
DŽ: 18424 -> 18424
DŽ: 17657 -> 17657
DŽ: 18403 -> 18394
DŽ: 17564 -> 17760
DŽ: 17674 -> 17674
  BEST solution improved 17476 -> 17376 (vert_size 4, round 1366343) *
DŽ: 17376 -> 17376
  BEST solution improved 17466 -> 17371 (vert_size 3, round 1367203) *
DŽ: 17371 -> 17371
DŽ: 17557 -> 17646
DŽ: 18011 -> 18016
DŽ: 17785 -> 17785
DŽ: 17574 -> 17676
DŽ: 17371 -> 17469
DŽ: 17469 -> 17568
DŽ: 17991 -> 17985
DŽ: 17371 -> 17371
DŽ: 17782 -> 17682
DŽ: 17565 -> 17565
DŽ: 17564 -> 17564
DŽ: 17371 -> 17371
DŽ: 17489 -> 17779
DŽ: 17371 -> 17371
DŽ: 17679 -> 17679

 start over 1383275 loops 1476 unique solutions 
Original + vert_size 0 
DŽ: 18111 -> 18105
DŽ: 17371 -> 17371
DŽ: 17371 -> 17561
DŽ: 17371 -> 17371
DŽ: 17998 -> 18001
DŽ: 17371 -> 17371
DŽ: 17802 -> 17894
DŽ: 17561 -> 17662
DŽ: 17991 -> 17997
DŽ: 17371 -> 17371
DŽ: 17602 -> 17693
DŽ: 17565 -> 17569
DŽ: 17371 -> 17371
DŽ: 17371 -> 17371
DŽ: 17371 -> 17371
DŽ: 17371 -> 17371
DŽ: 17484 -> 17487
DŽ: 17484 -> 17480
DŽ: 17797 -> 18109
DŽ: 17696 -> 17696
DŽ: 17565 -> 17472
DŽ: 17371 -> 17371
DŽ: 17469 -> 17469

 start over 1405318 loops 1504 unique solutions 
Approx + random 
DŽ: 24696 -> 19564
DŽ: 18498 -> 18498
DŽ: 17371 -> 17371
DŽ: 17371 -> 17371
DŽ: 19231 -> 19722
DŽ: 17371 -> 17371
DŽ: 19424 -> 19319
DŽ: 19215 -> 19306
DŽ: 18650 -> 18649
DŽ: 17371 -> 17371
DŽ: 18012 -> 18216

 start over 1415357 loops 1525 unique solutions 
Original + vert_size 13 
DŽ: 18111 -> 18299
DŽ: 18498 -> 18484
DŽ: 18223 -> 18307
DŽ: 18402 -> 18388
DŽ: 18314 -> 18402
DŽ: 18293 -> 18386
DŽ: 17371 -> 17371
DŽ: 17906 -> 17905
DŽ: 17786 -> 17892
DŽ: 18293 -> 18394
DŽ: 17371 -> 17371
DŽ: 18087 -> 18087
DŽ: 17371 -> 17371
DŽ: 17371 -> 17371

 start over 1428529 loops 1540 unique solutions 
Original + vert_size 0 
DŽ: 18111 -> 18105
DŽ: 17371 -> 17371
DŽ: 17371 -> 17371
DŽ: 18178 -> 18185
DŽ: 18192 -> 18190
DŽ: 17371 -> 17371
DŽ: 17991 -> 18073
DŽ: 18178 -> 18184
DŽ: 17371 -> 17371
DŽ: 17993 -> 17993
DŽ: 18162 -> 18160

 start over 1438092 loops 1548 unique solutions 
Approx + random 
DŽ: 24696 -> 18899
DŽ: 17958 -> 18053
DŽ: 17941 -> 18040
DŽ: 18183 -> 18285
DŽ: 17954 -> 17954
DŽ: 18183 -> 18181
DŽ: 17371 -> 17371
DŽ: 17952 -> 17958
DŽ: 17949 -> 18150
DŽ: 17371 -> 17371
DŽ: 18283 -> 18377
DŽ: 17944 -> 18040
DŽ: 17371 -> 17371
DŽ: 18355 -> 18277

 start over 1451519 loops 1559 unique solutions 
Original + vert_size 13 
DŽ: 18111 -> 18110
DŽ: 17952 -> 18145
DŽ: 17990 -> 18093
DŽ: 17371 -> 17371
DŽ: 18104 -> 18108
DŽ: 17371 -> 17371
DŽ: 17371 -> 17371
DŽ: 18272 -> 18470
DŽ: 17371 -> 17371
DŽ: 18038 -> 18150
DŽ: 18273 -> 18273
DŽ: 17847 -> 17945
DŽ: 18079 -> 18079
DŽ: 17832 -> 17934
DŽ: 17371 -> 17371

 start over 1465940 loops 1574 unique solutions 
Original + vert_size 13 
DŽ: 18111 -> 18194
DŽ: 17371 -> 17371
DŽ: 18087 -> 18188
DŽ: 18266 -> 18369
DŽ: 18189 -> 18293
DŽ: 17898 -> 17899
DŽ: 17889 -> 17889
DŽ: 17988 -> 18090
DŽ: 17371 -> 17371
DŽ: 17371 -> 17371
DŽ: 18187 -> 18187
DŽ: 17809 -> 17813
DŽ: 17371 -> 17371
DŽ: 17992 -> 18098

 start over 1478283 loops 1582 unique solutions 
Original + vert_size 0 
DŽ: 18111 -> 18105
DŽ: 17371 -> 17371
DŽ: 18187 -> 18194
DŽ: 18194 -> 18294
DŽ: 17371 -> 17371
DŽ: 18287 -> 18289
DŽ: 17985 -> 17985
DŽ: 17371 -> 17371
DŽ: 17985 -> 18088
DŽ: 17371 -> 17371
DŽ: 18083 -> 18185
DŽ: 17371 -> 17371
DŽ: 17990 -> 17988

 start over 1490394 loops 1596 unique solutions 
Original + vert_size 0 
DŽ: 18111 -> 18105
DŽ: 17985 -> 18079
DŽ: 18192 -> 18200
DŽ: 17371 -> 17371
DŽ: 17987 -> 18096
DŽ: 18083 -> 17983
DŽ: 17984 -> 18084
DŽ: 17371 -> 17371
DŽ: 18092 -> 18193
DŽ: 18085 -> 18093
DŽ: 17371 -> 17371
DŽ: 18187 -> 17981
DŽ: 17900 -> 18003
DŽ: 17890 -> 17890

 start over 1503154 loops 1608 unique solutions 
Approx + random 
DŽ: 24696 -> 19238
DŽ: 17997 -> 18097
DŽ: 18921 -> 18730
DŽ: 17990 -> 17990
DŽ: 17371 -> 17371
DŽ: 17993 -> 17996
DŽ: 17371 -> 17371
DŽ: 17371 -> 17371
DŽ: 17371 -> 17371
DŽ: 17371 -> 17371

 start over 1512988 loops 1621 unique solutions 
Original + vert_size 13 
DŽ: 18111 -> 18300
DŽ: 17371 -> 17371
DŽ: 17371 -> 17371
DŽ: 18300 -> 18508
DŽ: 18374 -> 18374
DŽ: 18379 -> 18379
DŽ: 18380 -> 18390
DŽ: 17371 -> 17371
DŽ: 18008 -> 18008
DŽ: 18214 -> 18220
DŽ: 18196 -> 18190
DŽ: 18187 -> 18297

 start over 1523665 loops 1629 unique solutions 
Original + vert_size 13 
DŽ: 18111 -> 18201
DŽ: 18191 -> 18287
DŽ: 17371 -> 17371
DŽ: 17371 -> 17371
DŽ: 17371 -> 17371
DŽ: 18190 -> 18284
DŽ: 18083 -> 18083
DŽ: 17371 -> 17371
DŽ: 17371 -> 17371
DŽ: 17371 -> 17371
DŽ: 18189 -> 18185
DŽ: 17371 -> 17371
DŽ: 17889 -> 17889
DŽ: 17371 -> 17371
end_heu: 1536325 loops with 1639 unique solutions in 1799.29 s

Calling print_solution
>>> get_solution
  refine_solution: new weight 17371 (was 17371) in 0.000588 s
## FINAL WEIGHT 17371
print_solution: 0.000948 s
