Version: final-94-gfffc3aa rub_all.sh: remove longest prefix
Random seed: 1549734815
Start
>>> save_orig_graph
>> Saved weight 0
Graph loaded
|V| = 1001, |E| = 13500, |R| = 50
First clearance of the input. Calling buy_zero and run_all_heuristics.
  buy_zero: 0 zero edges in 1.3e-05 s
  handle_small_terminal_degrees: terms 0 in 1e-06 s
  handle_small_Steiner_degrees: steiner 0, suppress 0 in 2e-06 s
  shortest_edge_between_terminals: 0 edges in 6e-06 s
Compressed graph 1001 -> 1000
  delete_edges: deleted 0 edges in 0.002665 s and 1 rounds
  handle_small_terminal_degrees: terms 0 in 1e-06 s
  handle_small_Steiner_degrees: steiner 0, suppress 0 in 2e-06 s
  shortest_edge_between_terminals: 0 edges in 5e-06 s
Compressed graph 1000 -> 1000
  delete_edges_shortest_path: deleted 0 edges in 0.012388 s
  handle_small_terminal_degrees: terms 0 in 1e-06 s
  handle_small_Steiner_degrees: steiner 0, suppress 0 in 1e-06 s
  shortest_edge_between_terminals: 0 edges in 5e-06 s
Compressed graph 1000 -> 1000
  handle_small_terminal_degrees: terms 0 in 1e-06 s
  handle_small_Steiner_degrees: steiner 0, suppress 0 in 1e-06 s
  shortest_edge_between_terminals: 0 edges in 6e-06 s
Compressed graph 1000 -> 1000
  delete_edges_shortest_path: deleted 0 edges in 0.012301 s
  handle_small_terminal_degrees: terms 0 in 1e-06 s
  handle_small_Steiner_degrees: steiner 0, suppress 0 in 2e-06 s
  shortest_edge_between_terminals: 0 edges in 5e-06 s
Compressed graph 1000 -> 1000
Compressed graph 1000 -> 1000
>>> save_orig_graph
>> Saved weight 0
### ZEL_LVL=0 PRECISE_STARS=0

Calling `contract_till_the_bitter_end`
|V| = 1000, |E| = 13500, |R| = 50
>>> get_solution
>>> get_solution
  refine_solution: new weight 95 (was 96) in 0.003947 s
  refine_solution: new weight 95 (was 95) in 0.003892 s
0,,1000,13500,50,,0,0,,96,95,0,0,0,,0,0,@@

  delete_edges: deleted 0 edges in 0.002657 s and 1 rounds
  handle_small_Steiner_degrees: steiner 0, suppress 0 in 2e-06 s
Starting round 1
Found 0 isolated vertices
Invalid ratios recomputed: 1000
Best ratio is 3/2 (1.5), centered at 21
Finding the best star... Star with 3 terminals centered in 29
round took: 0.052498 s
|V| = 1000, |E| = 13470, |R| = 48
>>> get_solution
>>> get_solution
  refine_solution: new weight 96 (was 97) in 0.003868 s
  refine_solution: new weight 95 (was 96) in 0.003839 s
  refine_solution: new weight 93 (was 95) in 0.003831 s
  refine_solution: new weight 92 (was 93) in 0.00389 s
  refine_solution: new weight 92 (was 92) in 0.003898 s
1,,1000,13470,48,,1000,0,,97,92,3,3,3,,3,3,@@

  handle_small_Steiner_degrees: steiner 0, suppress 0 in 1e-06 s
Starting round 2
Found 3 isolated vertices
Invalid ratios recomputed: 439
Best ratio is 3/2 (1.5), centered at 23
Finding the best star... Star with 3 terminals centered in 29
round took: 0.027201 s
|V| = 1000, |E| = 13437, |R| = 46
>>> get_solution
>>> get_solution
  refine_solution: new weight 92 (was 95) in 0.003964 s
  refine_solution: new weight 91 (was 92) in 0.003916 s
  refine_solution: new weight 91 (was 91) in 0.003922 s
2,,997,13437,46,,439,0,,95,91,6,6,6,,3,3,@@

  handle_small_Steiner_degrees: steiner 0, suppress 0 in 2e-06 s
Starting round 3
Found 6 isolated vertices
Invalid ratios recomputed: 604
Best ratio is 3/2 (1.5), centered at 24
Finding the best star... Star with 3 terminals centered in 29
round took: 0.037599 s
|V| = 1000, |E| = 13401, |R| = 44
>>> get_solution
>>> get_solution
  refine_solution: new weight 94 (was 96) in 0.003956 s
  refine_solution: new weight 94 (was 94) in 0.003883 s
3,,994,13401,44,,604,0,,96,94,9,9,9,,3,3,@@

  handle_small_Steiner_degrees: steiner 0, suppress 0 in 2e-06 s
Starting round 4
Found 9 isolated vertices
Invalid ratios recomputed: 733
Best ratio is 3/2 (1.5), centered at 26
Finding the best star... Star with 3 terminals centered in 29
round took: 0.046749 s
|V| = 1000, |E| = 13362, |R| = 42
>>> get_solution
>>> get_solution
  refine_solution: new weight 91 (was 93) in 0.003991 s
  refine_solution: new weight 90 (was 91) in 0.003889 s
  refine_solution: new weight 89 (was 90) in 0.003908 s
  refine_solution: new weight 89 (was 89) in 0.003902 s
4,,991,13362,42,,733,0,,93,89,12,12,12,,3,3,@@

  handle_small_Steiner_degrees: steiner 0, suppress 0 in 2e-06 s
Starting round 5
Found 12 isolated vertices
Invalid ratios recomputed: 827
Best ratio is 3/2 (1.5), centered at 100
Finding the best star... Star with 3 terminals centered in 200
round took: 0.054497 s
|V| = 1000, |E| = 13332, |R| = 40
>>> get_solution
>>> get_solution
  refine_solution: new weight 92 (was 93) in 0.003929 s
  refine_solution: new weight 91 (was 92) in 0.003881 s
  refine_solution: new weight 91 (was 91) in 0.003871 s
5,,988,13332,40,,827,0,,93,91,15,15,15,,3,3,@@

  handle_small_Steiner_degrees: steiner 0, suppress 0 in 1e-06 s
Starting round 6
Found 15 isolated vertices
Invalid ratios recomputed: 439
Best ratio is 3/2 (1.5), centered at 102
Finding the best star... Star with 3 terminals centered in 802
round took: 0.028372 s
|V| = 1000, |E| = 13299, |R| = 38
>>> get_solution
>>> get_solution
  refine_solution: new weight 90 (was 91) in 0.004004 s
  refine_solution: new weight 86 (was 90) in 0.003954 s
  refine_solution: new weight 86 (was 86) in 0.003995 s
6,,985,13299,38,,439,0,,91,86,18,18,18,,3,3,@@

  handle_small_Steiner_degrees: steiner 0, suppress 0 in 2e-06 s
Starting round 7
Found 18 isolated vertices
Invalid ratios recomputed: 604
Best ratio is 3/2 (1.5), centered at 107
Finding the best star... Star with 3 terminals centered in 802
round took: 0.039696 s
|V| = 1000, |E| = 13263, |R| = 36
>>> get_solution
>>> get_solution
  refine_solution: new weight 88 (was 89) in 0.003983 s
  refine_solution: new weight 87 (was 88) in 0.003943 s
  refine_solution: new weight 87 (was 87) in 0.003938 s
7,,982,13263,36,,604,0,,89,87,21,21,21,,3,3,@@

  handle_small_Steiner_degrees: steiner 0, suppress 0 in 1e-06 s
Starting round 8
Found 21 isolated vertices
Invalid ratios recomputed: 733
Best ratio is 3/2 (1.5), centered at 108
Finding the best star... Star with 3 terminals centered in 802
round took: 0.04928 s
|V| = 1000, |E| = 13224, |R| = 34
>>> get_solution
>>> get_solution
  refine_solution: new weight 85 (was 88) in 0.003984 s
  refine_solution: new weight 85 (was 85) in 0.003946 s
8,,979,13224,34,,733,0,,88,85,24,24,24,,3,3,@@

  handle_small_Steiner_degrees: steiner 0, suppress 0 in 2e-06 s
Starting round 9
Found 24 isolated vertices
Invalid ratios recomputed: 827
Best ratio is 3/2 (1.5), centered at 210
Finding the best star... Star with 3 terminals centered in 802
round took: 0.05739 s
|V| = 1000, |E| = 13187, |R| = 32
>>> get_solution
>>> get_solution
  refine_solution: new weight 86 (was 88) in 0.003992 s
  refine_solution: new weight 85 (was 86) in 0.003997 s
  refine_solution: new weight 85 (was 85) in 0.003998 s
9,,976,13187,32,,827,0,,88,85,27,27,27,,3,3,@@

  handle_small_Steiner_degrees: steiner 0, suppress 0 in 2e-06 s
Starting round 10
Found 27 isolated vertices
Invalid ratios recomputed: 836
Best ratio is 3/2 (1.5), centered at 215
Finding the best star... Star with 3 terminals centered in 802
round took: 0.05927 s
|V| = 1000, |E| = 13148, |R| = 30
>>> get_solution
>>> get_solution
  refine_solution: new weight 83 (was 84) in 0.004039 s
  refine_solution: new weight 83 (was 83) in 0.003986 s
10,,973,13148,30,,836,0,,84,83,30,30,30,,3,3,@@

  handle_small_Steiner_degrees: steiner 0, suppress 0 in 2e-06 s
Starting round 11
Found 30 isolated vertices
Invalid ratios recomputed: 842
Best ratio is 3/2 (1.5), centered at 217
Finding the best star... Star with 3 terminals centered in 802
round took: 0.061577 s
|V| = 1000, |E| = 13106, |R| = 28
>>> get_solution
>>> get_solution
  refine_solution: new weight 84 (was 87) in 0.003958 s
  refine_solution: new weight 84 (was 84) in 0.003922 s
11,,970,13106,28,,842,0,,87,84,33,33,33,,3,3,@@

  handle_small_Steiner_degrees: steiner 0, suppress 0 in 2e-06 s
Starting round 12
Found 33 isolated vertices
Invalid ratios recomputed: 844
Best ratio is 3/2 (1.5), centered at 258
Finding the best star... Star with 3 terminals centered in 802
round took: 0.063839 s
|V| = 1000, |E| = 13063, |R| = 26
>>> get_solution
>>> get_solution
  refine_solution: new weight 85 (was 85) in 0.004059 s
12,,967,13063,26,,844,0,,85,85,36,36,36,,3,3,@@

  handle_small_Steiner_degrees: steiner 0, suppress 0 in 2e-06 s
Starting round 13
Found 36 isolated vertices
Invalid ratios recomputed: 847
Best ratio is 3/2 (1.5), centered at 331
Finding the best star... Star with 3 terminals centered in 371
round took: 0.066357 s
|V| = 1000, |E| = 13033, |R| = 24
>>> get_solution
>>> get_solution
  refine_solution: new weight 85 (was 86) in 0.004064 s
  refine_solution: new weight 84 (was 85) in 0.004025 s
  refine_solution: new weight 84 (was 84) in 0.004034 s
13,,964,13033,24,,847,0,,86,84,39,39,39,,3,3,@@

  handle_small_Steiner_degrees: steiner 0, suppress 0 in 2e-06 s
Starting round 14
Found 39 isolated vertices
Invalid ratios recomputed: 455
Best ratio is 3/2 (1.5), centered at 336
Finding the best star... Star with 3 terminals centered in 371
round took: 0.034539 s
|V| = 1000, |E| = 13000, |R| = 22
>>> get_solution
>>> get_solution
  refine_solution: new weight 82 (was 83) in 0.004073 s
  refine_solution: new weight 82 (was 82) in 0.004058 s
14,,961,13000,22,,455,0,,83,82,42,42,42,,3,3,@@

  handle_small_Steiner_degrees: steiner 0, suppress 0 in 1e-06 s
Starting round 15
Found 42 isolated vertices
Invalid ratios recomputed: 622
Best ratio is 3/2 (1.5), centered at 339
Finding the best star... Star with 3 terminals centered in 371
round took: 0.047907 s
|V| = 1000, |E| = 12964, |R| = 20
>>> get_solution
>>> get_solution
  refine_solution: new weight 81 (was 82) in 0.004078 s
  refine_solution: new weight 81 (was 81) in 0.00403 s
15,,958,12964,20,,622,0,,82,81,45,45,45,,3,3,@@

  handle_small_Steiner_degrees: steiner 0, suppress 0 in 1e-06 s
Starting round 16
Found 45 isolated vertices
Invalid ratios recomputed: 750
Best ratio is 3/2 (1.5), centered at 344
Finding the best star... Star with 3 terminals centered in 29
round took: 0.059504 s
|V| = 1000, |E| = 12901, |R| = 18
>>> get_solution
>>> get_solution
  refine_solution: new weight 80 (was 82) in 0.004061 s
  refine_solution: new weight 80 (was 80) in 0.004026 s
16,,955,12901,18,,750,0,,82,80,48,48,48,,3,3,@@

  handle_small_Steiner_degrees: steiner 0, suppress 0 in 2e-06 s
Starting round 17
Found 48 isolated vertices
Invalid ratios recomputed: 850
Best ratio is 3/2 (1.5), centered at 443
Finding the best star... Star with 3 terminals centered in 441
round took: 0.072955 s
|V| = 1000, |E| = 12853, |R| = 16
>>> get_solution
>>> get_solution
  refine_solution: new weight 81 (was 81) in 0.004114 s
17,,952,12853,16,,850,0,,81,81,51,51,51,,3,3,@@

  handle_small_Steiner_degrees: steiner 0, suppress 0 in 1e-06 s
Starting round 18
Found 51 isolated vertices
Invalid ratios recomputed: 848
Best ratio is 3/2 (1.5), centered at 476
Finding the best star... Star with 3 terminals centered in 441
round took: 0.075802 s
|V| = 1000, |E| = 12807, |R| = 14
>>> get_solution
>>> get_solution
  refine_solution: new weight 80 (was 80) in 0.004117 s
18,,949,12807,14,,848,0,,80,80,54,54,54,,3,3,@@

  handle_small_Steiner_degrees: steiner 0, suppress 0 in 1e-06 s
Starting round 19
Found 54 isolated vertices
Invalid ratios recomputed: 848
Best ratio is 3/2 (1.5), centered at 479
Finding the best star... Star with 3 terminals centered in 441
round took: 0.07934 s
|V| = 1000, |E| = 12760, |R| = 12
>>> get_solution
>>> get_solution
  refine_solution: new weight 79 (was 79) in 0.004117 s
19,,946,12760,12,,848,0,,79,79,57,57,57,,3,3,@@

  handle_small_Steiner_degrees: steiner 0, suppress 0 in 1e-06 s
Starting round 20
Found 57 isolated vertices
Invalid ratios recomputed: 846
Best ratio is 3/2 (1.5), centered at 594
Finding the best star... Star with 3 terminals centered in 441
round took: 0.083511 s
|V| = 1000, |E| = 12711, |R| = 10
>>> get_solution
>>> get_solution
  refine_solution: new weight 79 (was 79) in 0.004133 s
20,,943,12711,10,,846,0,,79,79,60,60,60,,3,3,@@

  handle_small_Steiner_degrees: steiner 0, suppress 0 in 1e-06 s
Starting round 21
Found 60 isolated vertices
Invalid ratios recomputed: 843
Best ratio is 3/2 (1.5), centered at 650
Finding the best star... Star with 3 terminals centered in 802
round took: 0.088572 s
|V| = 1000, |E| = 12664, |R| = 8
>>> get_solution
>>> get_solution
  refine_solution: new weight 78 (was 78) in 0.004129 s
21,,940,12664,8,,843,0,,78,78,63,63,63,,3,3,@@

  handle_small_Steiner_degrees: steiner 0, suppress 0 in 2e-06 s
Starting round 22
Found 63 isolated vertices
Invalid ratios recomputed: 935
Best ratio is 3/2 (1.5), centered at 662
Finding the best star... Star with 3 terminals centered in 802
round took: 0.098959 s
|V| = 1000, |E| = 12616, |R| = 6
>>> get_solution
>>> get_solution
  refine_solution: new weight 76 (was 76) in 0.004129 s
22,,937,12616,6,,935,0,,76,76,66,66,66,,3,3,@@

  handle_small_Steiner_degrees: steiner 0, suppress 0 in 2e-06 s
Starting round 23
Found 66 isolated vertices
Invalid ratios recomputed: 933
Best ratio is 3/2 (1.5), centered at 665
Finding the best star... Star with 3 terminals centered in 865
round took: 0.104814 s
|V| = 1000, |E| = 12569, |R| = 4
>>> get_solution
>>> get_solution
  refine_solution: new weight 76 (was 76) in 0.004129 s
23,,934,12569,4,,933,0,,76,76,69,69,69,,3,3,@@

  handle_small_Steiner_degrees: steiner 0, suppress 0 in 1e-06 s
Starting round 24
Found 69 isolated vertices
Invalid ratios recomputed: 931
Best ratio is 3/2 (1.5), centered at 880
Finding the best star... Star with 3 terminals centered in 865
round took: 0.112394 s
|V| = 1000, |E| = 12520, |R| = 2
>>> get_solution
>>> get_solution
  refine_solution: new weight 75 (was 75) in 0.004134 s
24,,931,12520,2,,931,0,,75,75,72,72,72,,3,3,@@

  handle_small_Steiner_degrees: steiner 0, suppress 0 in 1e-06 s
Starting round 25
Found 72 isolated vertices
Invalid ratios recomputed: 928
Best ratio is 3/1 (3.0), centered at 0
Finding the best star... Star with 2 terminals centered in 865
round took: 0.124387 s
|V| = 1000, |E| = 12468, |R| = 1
>>> get_solution
>>> get_solution
  refine_solution: new weight 75 (was 75) in 0.004132 s
25,,928,12468,1,,928,0,,75,75,75,75,75,,3,2,@@

  handle_small_Steiner_degrees: steiner 0, suppress 0 in 1e-06 s
contract_till_the_bitter_end: 1.96598 s

Calling end_heu
>>> get_solution
Saved weight 0
DŽ: 75 -> 75
DŽ: 75 -> 75
DŽ: 75 -> 76
DŽ: 75 -> 75
DŽ: 75 -> 75
DŽ: 75 -> 75
DŽ: 75 -> 75
DŽ: 75 -> 75
DŽ: 75 -> 76
DŽ: 75 -> 75
DŽ: 75 -> 77
DŽ: 75 -> 76
DŽ: 75 -> 75
DŽ: 75 -> 75
DŽ: 75 -> 77
DŽ: 75 -> 75
DŽ: 75 -> 75
DŽ: 75 -> 75
DŽ: 75 -> 75
DŽ: 75 -> 77
DŽ: 75 -> 75
DŽ: 75 -> 75
DŽ: 76 -> 77
DŽ: 75 -> 75
DŽ: 75 -> 75
DŽ: 75 -> 75
DŽ: 75 -> 75
DŽ: 75 -> 75
DŽ: 76 -> 76
DŽ: 75 -> 75
DŽ: 75 -> 75
DŽ: 75 -> 75
DŽ: 75 -> 76
DŽ: 75 -> 75
DŽ: 75 -> 75
DŽ: 75 -> 75
DŽ: 75 -> 76
DŽ: 75 -> 75
DŽ: 76 -> 76
DŽ: 75 -> 77
DŽ: 75 -> 77
DŽ: 75 -> 75
DŽ: 75 -> 76
DŽ: 75 -> 75
DŽ: 75 -> 76
DŽ: 75 -> 75
DŽ: 75 -> 75
DŽ: 75 -> 76
DŽ: 75 -> 75
DŽ: 75 -> 76
DŽ: 75 -> 77
DŽ: 75 -> 75
DŽ: 75 -> 76
DŽ: 75 -> 75
DŽ: 76 -> 77
DŽ: 75 -> 75
DŽ: 75 -> 76

 start over 56434 loops 188 unique solutions 
Original + vert_size 0 
DŽ: 75 -> 75
DŽ: 75 -> 75
DŽ: 75 -> 75
DŽ: 75 -> 76
DŽ: 75 -> 77
DŽ: 75 -> 75
DŽ: 75 -> 76
DŽ: 75 -> 76
DŽ: 75 -> 76
DŽ: 75 -> 75
DŽ: 75 -> 76
DŽ: 75 -> 75
DŽ: 75 -> 75
DŽ: 75 -> 75
DŽ: 75 -> 75
DŽ: 75 -> 75
DŽ: 75 -> 78
DŽ: 77 -> 78
DŽ: 75 -> 77
DŽ: 75 -> 75
DŽ: 75 -> 76
DŽ: 75 -> 75
DŽ: 75 -> 76
DŽ: 75 -> 75
DŽ: 75 -> 76
DŽ: 76 -> 77
DŽ: 75 -> 75
DŽ: 75 -> 75
DŽ: 75 -> 77
DŽ: 75 -> 75
DŽ: 75 -> 77
DŽ: 75 -> 75
DŽ: 75 -> 75
DŽ: 75 -> 77
DŽ: 76 -> 77
DŽ: 75 -> 76
DŽ: 75 -> 75
DŽ: 75 -> 76
DŽ: 75 -> 76
DŽ: 75 -> 76
DŽ: 75 -> 76
DŽ: 75 -> 75
DŽ: 75 -> 75
DŽ: 75 -> 76
DŽ: 76 -> 76
DŽ: 75 -> 75
DŽ: 76 -> 76
DŽ: 75 -> 76
DŽ: 75 -> 76
DŽ: 75 -> 75
DŽ: 75 -> 75
DŽ: 75 -> 76

 start over 107160 loops 238 unique solutions 
Original + vert_size 0 
DŽ: 75 -> 75
DŽ: 75 -> 75
DŽ: 75 -> 76
DŽ: 75 -> 77
DŽ: 75 -> 75
DŽ: 75 -> 76
DŽ: 75 -> 75
DŽ: 75 -> 76
DŽ: 75 -> 75
DŽ: 75 -> 75
DŽ: 75 -> 76
DŽ: 75 -> 75
DŽ: 75 -> 75
DŽ: 75 -> 76
DŽ: 76 -> 76
DŽ: 75 -> 75
DŽ: 75 -> 76
DŽ: 75 -> 75
DŽ: 75 -> 76
DŽ: 75 -> 77
DŽ: 75 -> 75
DŽ: 75 -> 75
DŽ: 75 -> 75
DŽ: 75 -> 76
DŽ: 75 -> 76
DŽ: 75 -> 77
DŽ: 75 -> 76
DŽ: 75 -> 75
DŽ: 75 -> 75
DŽ: 75 -> 75
DŽ: 75 -> 77
DŽ: 75 -> 77
DŽ: 76 -> 78
DŽ: 76 -> 76
DŽ: 75 -> 75
DŽ: 75 -> 75
DŽ: 75 -> 75
DŽ: 75 -> 75
DŽ: 75 -> 75
DŽ: 75 -> 77
DŽ: 75 -> 76
DŽ: 75 -> 75
DŽ: 75 -> 77
DŽ: 75 -> 75
DŽ: 75 -> 76
DŽ: 76 -> 78
DŽ: 75 -> 75
DŽ: 75 -> 76
DŽ: 75 -> 75
DŽ: 75 -> 75
DŽ: 75 -> 75
DŽ: 75 -> 75
DŽ: 75 -> 75

 start over 159764 loops 290 unique solutions 
Original + vert_size 0 
DŽ: 75 -> 75
DŽ: 75 -> 75
DŽ: 75 -> 75
DŽ: 75 -> 75
DŽ: 75 -> 75
DŽ: 76 -> 76
DŽ: 75 -> 76
DŽ: 75 -> 77
DŽ: 75 -> 76
DŽ: 75 -> 76
DŽ: 76 -> 76
DŽ: 75 -> 75
DŽ: 75 -> 77
DŽ: 76 -> 76
DŽ: 75 -> 75
DŽ: 75 -> 76
DŽ: 75 -> 76
DŽ: 75 -> 75
DŽ: 76 -> 77
DŽ: 75 -> 76
DŽ: 75 -> 76
DŽ: 76 -> 76
DŽ: 75 -> 76
DŽ: 75 -> 76
DŽ: 75 -> 77
DŽ: 75 -> 75
DŽ: 75 -> 75
DŽ: 75 -> 75
DŽ: 75 -> 76
DŽ: 75 -> 75
DŽ: 75 -> 75
DŽ: 76 -> 77
DŽ: 75 -> 76
DŽ: 75 -> 75
DŽ: 75 -> 75
DŽ: 75 -> 75
DŽ: 75 -> 77
DŽ: 75 -> 75
DŽ: 75 -> 75
DŽ: 75 -> 76
DŽ: 75 -> 75
DŽ: 76 -> 78
DŽ: 76 -> 76
DŽ: 75 -> 75
DŽ: 75 -> 75
DŽ: 75 -> 77
DŽ: 76 -> 77
DŽ: 75 -> 75
DŽ: 75 -> 76
DŽ: 75 -> 76

 start over 208186 loops 342 unique solutions 
Approx + random 
DŽ: 96 -> 82
DŽ: 75 -> 76
DŽ: 76 -> 75
DŽ: 75 -> 76
DŽ: 75 -> 75
DŽ: 75 -> 75
DŽ: 76 -> 77
DŽ: 76 -> 77
DŽ: 75 -> 75
DŽ: 75 -> 75
DŽ: 75 -> 75
DŽ: 75 -> 75
DŽ: 75 -> 76
DŽ: 75 -> 75
DŽ: 75 -> 75
end_heu: 222123 loops with 363 unique solutions in 1799.95 s

Calling print_solution
>>> get_solution
  refine_solution: new weight 75 (was 75) in 0.004185 s
## FINAL WEIGHT 75
print_solution: 0.005725 s
