Version: final-94-gfffc3aa rub_all.sh: remove longest prefix
Random seed: 1549759172
Start
>>> save_orig_graph
>> Saved weight 0
Graph loaded
|V| = 1025, |E| = 5120, |R| = 512
First clearance of the input. Calling buy_zero and run_all_heuristics.
  buy_zero: 0 zero edges in 9e-06 s
  handle_small_terminal_degrees: terms 0 in 1e-06 s
  handle_small_Steiner_degrees: steiner 0, suppress 0 in 5e-06 s
  shortest_edge_between_terminals: 0 edges in 2.6e-05 s
Compressed graph 1025 -> 1024
  delete_edges: deleted 0 edges in 0.000639 s and 1 rounds
  handle_small_terminal_degrees: terms 0 in 2e-06 s
  handle_small_Steiner_degrees: steiner 0, suppress 0 in 3e-06 s
  shortest_edge_between_terminals: 0 edges in 2.5e-05 s
Compressed graph 1024 -> 1024
  delete_edges_shortest_path: deleted 0 edges in 0.007394 s
  handle_small_terminal_degrees: terms 0 in 2e-06 s
  handle_small_Steiner_degrees: steiner 0, suppress 0 in 3e-06 s
  shortest_edge_between_terminals: 0 edges in 2.7e-05 s
Compressed graph 1024 -> 1024
  handle_small_terminal_degrees: terms 0 in 1e-06 s
  handle_small_Steiner_degrees: steiner 0, suppress 0 in 2e-06 s
  shortest_edge_between_terminals: 0 edges in 1.8e-05 s
Compressed graph 1024 -> 1024
  delete_edges_shortest_path: deleted 0 edges in 0.004572 s
  handle_small_terminal_degrees: terms 0 in 0 s
  handle_small_Steiner_degrees: steiner 0, suppress 0 in 2e-06 s
  shortest_edge_between_terminals: 0 edges in 1.6e-05 s
Compressed graph 1024 -> 1024
Compressed graph 1024 -> 1024
>>> save_orig_graph
>> Saved weight 0
### ZEL_LVL=0 PRECISE_STARS=0

Calling `contract_till_the_bitter_end`
|V| = 1024, |E| = 5120, |R| = 512
>>> get_solution
>>> get_solution
  refine_solution: new weight 743 (was 781) in 0.001835 s
  refine_solution: new weight 709 (was 743) in 0.001714 s
  refine_solution: new weight 696 (was 709) in 0.001718 s
  refine_solution: new weight 689 (was 696) in 0.001698 s
  refine_solution: new weight 687 (was 689) in 0.001717 s
  refine_solution: new weight 681 (was 687) in 0.001712 s
  refine_solution: new weight 677 (was 681) in 0.001719 s
  refine_solution: new weight 673 (was 677) in 0.0017 s
  refine_solution: new weight 671 (was 673) in 0.001717 s
  refine_solution: new weight 671 (was 671) in 0.001693 s
0,,1024,5120,512,,0,0,,781,671,0,0,0,,0,0,@@

  delete_edges: deleted 0 edges in 0.000409 s and 1 rounds
  handle_small_Steiner_degrees: steiner 0, suppress 0 in 3e-06 s
Starting round 1
Found 0 isolated vertices
Invalid ratios recomputed: 1024
Best ratio is 10/9 (1.1), centered at 1
Finding the best star... Star with 10 terminals centered in 9
round took: 0.008966 s
|V| = 1024, |E| = 5065, |R| = 503
>>> get_solution
>>> get_solution
  refine_solution: new weight 730 (was 772) in 0.001763 s
  refine_solution: new weight 697 (was 730) in 0.00171 s
  refine_solution: new weight 685 (was 697) in 0.00174 s
  refine_solution: new weight 682 (was 685) in 0.001706 s
  refine_solution: new weight 679 (was 682) in 0.00173 s
  refine_solution: new weight 678 (was 679) in 0.001704 s
  refine_solution: new weight 674 (was 678) in 0.001728 s
  refine_solution: new weight 670 (was 674) in 0.001711 s
  refine_solution: new weight 666 (was 670) in 0.001729 s
  refine_solution: new weight 666 (was 666) in 0.001718 s
1,,1024,5065,503,,1024,0,,772,666,10,10,10,,10,10,@@

  handle_small_Steiner_degrees: steiner 0, suppress 0 in 3e-06 s
Starting round 2
Found 10 isolated vertices
Invalid ratios recomputed: 166
Best ratio is 10/9 (1.1), centered at 14
Finding the best star... Star with 10 terminals centered in 78
round took: 0.002209 s
|V| = 1024, |E| = 5010, |R| = 494
>>> get_solution
>>> get_solution
  refine_solution: new weight 731 (was 770) in 0.001743 s
  refine_solution: new weight 695 (was 731) in 0.001698 s
  refine_solution: new weight 675 (was 695) in 0.001718 s
  refine_solution: new weight 672 (was 675) in 0.001708 s
  refine_solution: new weight 666 (was 672) in 0.001712 s
  refine_solution: new weight 662 (was 666) in 0.001699 s
  refine_solution: new weight 661 (was 662) in 0.001713 s
  refine_solution: new weight 659 (was 661) in 0.001689 s
  refine_solution: new weight 659 (was 659) in 0.00172 s
2,,1014,5010,494,,166,0,,770,659,20,20,20,,10,10,@@

  handle_small_Steiner_degrees: steiner 0, suppress 0 in 3e-06 s
Starting round 3
Found 20 isolated vertices
Invalid ratios recomputed: 163
Best ratio is 10/9 (1.1), centered at 50
Finding the best star... Star with 10 terminals centered in 178
round took: 0.002263 s
|V| = 1024, |E| = 4955, |R| = 485
>>> get_solution
>>> get_solution
  refine_solution: new weight 716 (was 769) in 0.001756 s
  refine_solution: new weight 699 (was 716) in 0.001709 s
  refine_solution: new weight 679 (was 699) in 0.00172 s
  refine_solution: new weight 672 (was 679) in 0.001701 s
  refine_solution: new weight 660 (was 672) in 0.001714 s
  refine_solution: new weight 656 (was 660) in 0.001709 s
  refine_solution: new weight 652 (was 656) in 0.001714 s
  refine_solution: new weight 652 (was 652) in 0.00169 s
3,,1004,4955,485,,163,0,,769,652,30,30,30,,10,10,@@

  handle_small_Steiner_degrees: steiner 0, suppress 0 in 3e-06 s
Starting round 4
Found 30 isolated vertices
Invalid ratios recomputed: 160
Best ratio is 10/9 (1.1), centered at 61
Finding the best star... Star with 10 terminals centered in 317
round took: 0.002289 s
|V| = 1024, |E| = 4900, |R| = 476
>>> get_solution
>>> get_solution
  refine_solution: new weight 720 (was 765) in 0.001753 s
  refine_solution: new weight 699 (was 720) in 0.001714 s
  refine_solution: new weight 692 (was 699) in 0.001715 s
  refine_solution: new weight 686 (was 692) in 0.001692 s
  refine_solution: new weight 682 (was 686) in 0.001719 s
  refine_solution: new weight 680 (was 682) in 0.001693 s
  refine_solution: new weight 680 (was 680) in 0.001718 s
4,,994,4900,476,,160,0,,765,680,40,40,40,,10,10,@@

  handle_small_Steiner_degrees: steiner 0, suppress 0 in 3e-06 s
Starting round 5
Found 40 isolated vertices
Invalid ratios recomputed: 157
Best ratio is 10/9 (1.1), centered at 84
Finding the best star... Star with 10 terminals centered in 340
round took: 0.002284 s
|V| = 1024, |E| = 4845, |R| = 467
>>> get_solution
>>> get_solution
  refine_solution: new weight 711 (was 769) in 0.001752 s
  refine_solution: new weight 690 (was 711) in 0.001702 s
  refine_solution: new weight 686 (was 690) in 0.001717 s
  refine_solution: new weight 678 (was 686) in 0.001705 s
  refine_solution: new weight 671 (was 678) in 0.001719 s
  refine_solution: new weight 669 (was 671) in 0.0017 s
  refine_solution: new weight 669 (was 669) in 0.001735 s
5,,984,4845,467,,157,0,,769,669,50,50,50,,10,10,@@

  handle_small_Steiner_degrees: steiner 0, suppress 0 in 4e-06 s
Starting round 6
Found 50 isolated vertices
Invalid ratios recomputed: 154
Best ratio is 10/9 (1.1), centered at 91
Finding the best star... Star with 10 terminals centered in 347
round took: 0.002302 s
|V| = 1024, |E| = 4790, |R| = 458
>>> get_solution
>>> get_solution
  refine_solution: new weight 719 (was 765) in 0.00177 s
  refine_solution: new weight 696 (was 719) in 0.001704 s
  refine_solution: new weight 683 (was 696) in 0.001718 s
  refine_solution: new weight 680 (was 683) in 0.001713 s
  refine_solution: new weight 672 (was 680) in 0.001693 s
  refine_solution: new weight 666 (was 672) in 0.001702 s
  refine_solution: new weight 664 (was 666) in 0.001712 s
  refine_solution: new weight 659 (was 664) in 0.001705 s
  refine_solution: new weight 659 (was 659) in 0.001715 s
6,,974,4790,458,,154,0,,765,659,60,60,60,,10,10,@@

  handle_small_Steiner_degrees: steiner 0, suppress 0 in 3e-06 s
Starting round 7
Found 60 isolated vertices
Invalid ratios recomputed: 151
Best ratio is 10/9 (1.1), centered at 103
Finding the best star... Star with 10 terminals centered in 359
round took: 0.002317 s
|V| = 1024, |E| = 4735, |R| = 449
>>> get_solution
>>> get_solution
  refine_solution: new weight 712 (was 774) in 0.001779 s
  refine_solution: new weight 688 (was 712) in 0.00171 s
  refine_solution: new weight 681 (was 688) in 0.001732 s
  refine_solution: new weight 678 (was 681) in 0.001715 s
  refine_solution: new weight 674 (was 678) in 0.001732 s
  refine_solution: new weight 670 (was 674) in 0.001727 s
  refine_solution: new weight 668 (was 670) in 0.001729 s
  refine_solution: new weight 668 (was 668) in 0.001715 s
7,,964,4735,449,,151,0,,774,668,70,70,70,,10,10,@@

  handle_small_Steiner_degrees: steiner 0, suppress 0 in 3e-06 s
Starting round 8
Found 70 isolated vertices
Invalid ratios recomputed: 148
Best ratio is 10/9 (1.1), centered at 104
Finding the best star... Star with 10 terminals centered in 360
round took: 0.002287 s
|V| = 1024, |E| = 4680, |R| = 440
>>> get_solution
>>> get_solution
  refine_solution: new weight 706 (was 764) in 0.001771 s
  refine_solution: new weight 685 (was 706) in 0.001721 s
  refine_solution: new weight 676 (was 685) in 0.001726 s
  refine_solution: new weight 668 (was 676) in 0.001707 s
  refine_solution: new weight 664 (was 668) in 0.001724 s
  refine_solution: new weight 660 (was 664) in 0.0017 s
  refine_solution: new weight 656 (was 660) in 0.001725 s
  refine_solution: new weight 656 (was 656) in 0.00169 s
8,,954,4680,440,,148,0,,764,656,80,80,80,,10,10,@@

  handle_small_Steiner_degrees: steiner 0, suppress 0 in 3e-06 s
Starting round 9
Found 80 isolated vertices
Invalid ratios recomputed: 145
Best ratio is 10/9 (1.1), centered at 151
Finding the best star... Star with 10 terminals centered in 159
round took: 0.002273 s
|V| = 1024, |E| = 4625, |R| = 431
>>> get_solution
>>> get_solution
  refine_solution: new weight 704 (was 756) in 0.001771 s
  refine_solution: new weight 674 (was 704) in 0.001705 s
  refine_solution: new weight 660 (was 674) in 0.001735 s
  refine_solution: new weight 653 (was 660) in 0.001698 s
  refine_solution: new weight 649 (was 653) in 0.001738 s
  refine_solution: new weight 649 (was 649) in 0.001697 s
9,,944,4625,431,,145,0,,756,649,90,90,90,,10,10,@@

  handle_small_Steiner_degrees: steiner 0, suppress 0 in 4e-06 s
Starting round 10
Found 90 isolated vertices
Invalid ratios recomputed: 145
Best ratio is 10/9 (1.1), centered at 152
Finding the best star... Star with 10 terminals centered in 664
round took: 0.002267 s
|V| = 1024, |E| = 4570, |R| = 422
>>> get_solution
>>> get_solution
  refine_solution: new weight 703 (was 754) in 0.00177 s
  refine_solution: new weight 677 (was 703) in 0.001693 s
  refine_solution: new weight 667 (was 677) in 0.001736 s
  refine_solution: new weight 661 (was 667) in 0.001701 s
  refine_solution: new weight 659 (was 661) in 0.001733 s
  refine_solution: new weight 656 (was 659) in 0.001695 s
  refine_solution: new weight 652 (was 656) in 0.001722 s
  refine_solution: new weight 651 (was 652) in 0.001711 s
  refine_solution: new weight 651 (was 651) in 0.001721 s
10,,934,4570,422,,145,0,,754,651,100,100,100,,10,10,@@

  handle_small_Steiner_degrees: steiner 0, suppress 0 in 3e-06 s
Starting round 11
Found 100 isolated vertices
Invalid ratios recomputed: 142
Best ratio is 10/9 (1.1), centered at 164
Finding the best star... Star with 10 terminals centered in 228
round took: 0.002283 s
|V| = 1024, |E| = 4515, |R| = 413
>>> get_solution
>>> get_solution
  refine_solution: new weight 699 (was 750) in 0.001765 s
  refine_solution: new weight 667 (was 699) in 0.001684 s
  refine_solution: new weight 662 (was 667) in 0.001722 s
  refine_solution: new weight 660 (was 662) in 0.00168 s
  refine_solution: new weight 657 (was 660) in 0.001723 s
  refine_solution: new weight 654 (was 657) in 0.001688 s
  refine_solution: new weight 653 (was 654) in 0.00172 s
  refine_solution: new weight 651 (was 653) in 0.00169 s
  refine_solution: new weight 651 (was 651) in 0.001707 s
11,,924,4515,413,,142,0,,750,651,110,110,110,,10,10,@@

  handle_small_Steiner_degrees: steiner 0, suppress 0 in 3e-06 s
Starting round 12
Found 110 isolated vertices
Invalid ratios recomputed: 139
Best ratio is 10/9 (1.1), centered at 171
Finding the best star... Star with 10 terminals centered in 427
round took: 0.002256 s
|V| = 1024, |E| = 4460, |R| = 404
>>> get_solution
>>> get_solution
  refine_solution: new weight 693 (was 750) in 0.001762 s
  refine_solution: new weight 669 (was 693) in 0.00168 s
  refine_solution: new weight 662 (was 669) in 0.001734 s
  refine_solution: new weight 654 (was 662) in 0.001674 s
  refine_solution: new weight 650 (was 654) in 0.001706 s
  refine_solution: new weight 649 (was 650) in 0.00168 s
  refine_solution: new weight 648 (was 649) in 0.0017 s
  refine_solution: new weight 645 (was 648) in 0.001693 s
  refine_solution: new weight 645 (was 645) in 0.0017 s
12,,914,4460,404,,139,0,,750,645,120,120,120,,10,10,@@

  handle_small_Steiner_degrees: steiner 0, suppress 0 in 3e-06 s
Starting round 13
Found 120 isolated vertices
Invalid ratios recomputed: 136
Best ratio is 10/9 (1.1), centered at 194
Finding the best star... Star with 10 terminals centered in 226
round took: 0.002253 s
|V| = 1024, |E| = 4405, |R| = 395
>>> get_solution
>>> get_solution
  refine_solution: new weight 683 (was 742) in 0.00175 s
  refine_solution: new weight 666 (was 683) in 0.001682 s
  refine_solution: new weight 659 (was 666) in 0.001719 s
  refine_solution: new weight 655 (was 659) in 0.001679 s
  refine_solution: new weight 652 (was 655) in 0.001707 s
  refine_solution: new weight 650 (was 652) in 0.00168 s
  refine_solution: new weight 648 (was 650) in 0.001711 s
  refine_solution: new weight 644 (was 648) in 0.001689 s
  refine_solution: new weight 644 (was 644) in 0.00171 s
13,,904,4405,395,,136,0,,742,644,130,130,130,,10,10,@@

  handle_small_Steiner_degrees: steiner 0, suppress 0 in 4e-06 s
Starting round 14
Found 130 isolated vertices
Invalid ratios recomputed: 133
Best ratio is 10/9 (1.1), centered at 205
Finding the best star... Star with 10 terminals centered in 461
round took: 0.002237 s
|V| = 1024, |E| = 4350, |R| = 386
>>> get_solution
>>> get_solution
  refine_solution: new weight 675 (was 729) in 0.001755 s
  refine_solution: new weight 665 (was 675) in 0.001697 s
  refine_solution: new weight 657 (was 665) in 0.001722 s
  refine_solution: new weight 652 (was 657) in 0.001693 s
  refine_solution: new weight 646 (was 652) in 0.001725 s
  refine_solution: new weight 643 (was 646) in 0.001693 s
  refine_solution: new weight 639 (was 643) in 0.001721 s
  refine_solution: new weight 638 (was 639) in 0.00169 s
  refine_solution: new weight 638 (was 638) in 0.001712 s
14,,894,4350,386,,133,0,,729,638,140,140,140,,10,10,@@

  handle_small_Steiner_degrees: steiner 0, suppress 0 in 3e-06 s
Starting round 15
Found 140 isolated vertices
Invalid ratios recomputed: 130
Best ratio is 10/9 (1.1), centered at 241
Finding the best star... Star with 10 terminals centered in 497
round took: 0.002211 s
|V| = 1024, |E| = 4295, |R| = 377
>>> get_solution
>>> get_solution
  refine_solution: new weight 669 (was 729) in 0.001756 s
  refine_solution: new weight 660 (was 669) in 0.001693 s
  refine_solution: new weight 651 (was 660) in 0.00172 s
  refine_solution: new weight 646 (was 651) in 0.00169 s
  refine_solution: new weight 646 (was 646) in 0.001719 s
15,,884,4295,377,,130,0,,729,646,150,150,150,,10,10,@@

  handle_small_Steiner_degrees: steiner 0, suppress 0 in 3e-06 s
Starting round 16
Found 150 isolated vertices
Invalid ratios recomputed: 127
Best ratio is 10/9 (1.1), centered at 254
Finding the best star... Star with 10 terminals centered in 510
round took: 0.002157 s
|V| = 1024, |E| = 4240, |R| = 368
>>> get_solution
>>> get_solution
  refine_solution: new weight 660 (was 734) in 0.001754 s
  refine_solution: new weight 639 (was 660) in 0.001711 s
  refine_solution: new weight 636 (was 639) in 0.001718 s
  refine_solution: new weight 635 (was 636) in 0.001709 s
  refine_solution: new weight 634 (was 635) in 0.00172 s
  refine_solution: new weight 633 (was 634) in 0.001713 s
  refine_solution: new weight 633 (was 633) in 0.001725 s
16,,874,4240,368,,127,0,,734,633,160,160,160,,10,10,@@

  delete_edges: deleted 0 edges in 0.000536 s and 1 rounds
  handle_small_Steiner_degrees: steiner 0, suppress 0 in 4e-06 s
Starting round 17
Found 160 isolated vertices
Invalid ratios recomputed: 124
Best ratio is 10/9 (1.1), centered at 770
Finding the best star... Star with 10 terminals centered in 834
round took: 0.002134 s
|V| = 1024, |E| = 4185, |R| = 359
>>> get_solution
>>> get_solution
  refine_solution: new weight 662 (was 733) in 0.001771 s
  refine_solution: new weight 640 (was 662) in 0.00169 s
  refine_solution: new weight 636 (was 640) in 0.001731 s
  refine_solution: new weight 636 (was 636) in 0.001691 s
17,,864,4185,359,,124,0,,733,636,170,170,170,,10,10,@@

  handle_small_Steiner_degrees: steiner 0, suppress 0 in 3e-06 s
Starting round 18
Found 170 isolated vertices
Invalid ratios recomputed: 154
Best ratio is 10/9 (1.1), centered at 781
Finding the best star... Star with 10 terminals centered in 909
round took: 0.002337 s
|V| = 1024, |E| = 4130, |R| = 350
>>> get_solution
>>> get_solution
  refine_solution: new weight 665 (was 738) in 0.00177 s
  refine_solution: new weight 658 (was 665) in 0.001698 s
  refine_solution: new weight 651 (was 658) in 0.001723 s
  refine_solution: new weight 645 (was 651) in 0.001715 s
  refine_solution: new weight 638 (was 645) in 0.001721 s
  refine_solution: new weight 637 (was 638) in 0.001706 s
  refine_solution: new weight 636 (was 637) in 0.00172 s
  refine_solution: new weight 636 (was 636) in 0.001702 s
18,,854,4130,350,,154,0,,738,636,180,180,180,,10,10,@@

  handle_small_Steiner_degrees: steiner 0, suppress 0 in 3e-06 s
Starting round 19
Found 180 isolated vertices
Invalid ratios recomputed: 151
Best ratio is 10/9 (1.1), centered at 817
Finding the best star... Star with 10 terminals centered in 825
round took: 0.00233 s
|V| = 1024, |E| = 4075, |R| = 341
>>> get_solution
>>> get_solution
  refine_solution: new weight 667 (was 733) in 0.001746 s
  refine_solution: new weight 648 (was 667) in 0.001707 s
  refine_solution: new weight 640 (was 648) in 0.001732 s
  refine_solution: new weight 637 (was 640) in 0.001707 s
  refine_solution: new weight 636 (was 637) in 0.00172 s
  refine_solution: new weight 633 (was 636) in 0.001694 s
  refine_solution: new weight 629 (was 633) in 0.001733 s
  refine_solution: new weight 629 (was 629) in 0.001693 s
19,,844,4075,341,,151,0,,733,629,190,190,190,,10,10,@@

  handle_small_Steiner_degrees: steiner 0, suppress 0 in 3e-06 s
Starting round 20
Found 190 isolated vertices
Invalid ratios recomputed: 148
Best ratio is 10/9 (1.1), centered at 830
Finding the best star... Star with 10 terminals centered in 958
round took: 0.002344 s
|V| = 1024, |E| = 4020, |R| = 332
>>> get_solution
>>> get_solution
  refine_solution: new weight 659 (was 732) in 0.001768 s
  refine_solution: new weight 639 (was 659) in 0.001697 s
  refine_solution: new weight 637 (was 639) in 0.001738 s
  refine_solution: new weight 636 (was 637) in 0.001693 s
  refine_solution: new weight 636 (was 636) in 0.001722 s
20,,834,4020,332,,148,0,,732,636,200,200,200,,10,10,@@

  handle_small_Steiner_degrees: steiner 0, suppress 0 in 3e-06 s
Starting round 21
Found 200 isolated vertices
Invalid ratios recomputed: 145
Best ratio is 10/9 (1.1), centered at 855
Finding the best star... Star with 10 terminals centered in 983
round took: 0.002345 s
|V| = 1024, |E| = 3965, |R| = 323
>>> get_solution
>>> get_solution
  refine_solution: new weight 650 (was 723) in 0.001763 s
  refine_solution: new weight 633 (was 650) in 0.00171 s
  refine_solution: new weight 631 (was 633) in 0.001718 s
  refine_solution: new weight 630 (was 631) in 0.001701 s
  refine_solution: new weight 628 (was 630) in 0.001716 s
  refine_solution: new weight 626 (was 628) in 0.001695 s
  refine_solution: new weight 626 (was 626) in 0.001723 s
21,,824,3965,323,,145,0,,723,626,210,210,210,,10,10,@@

  handle_small_Steiner_degrees: steiner 0, suppress 0 in 3e-06 s
Starting round 22
Found 210 isolated vertices
Invalid ratios recomputed: 142
Best ratio is 10/9 (1.1), centered at 856
Finding the best star... Star with 10 terminals centered in 888
round took: 0.002355 s
|V| = 1024, |E| = 3910, |R| = 314
>>> get_solution
>>> get_solution
  refine_solution: new weight 651 (was 720) in 0.001759 s
  refine_solution: new weight 631 (was 651) in 0.0017 s
  refine_solution: new weight 629 (was 631) in 0.00171 s
  refine_solution: new weight 626 (was 629) in 0.001666 s
  refine_solution: new weight 624 (was 626) in 0.001695 s
  refine_solution: new weight 624 (was 624) in 0.001702 s
22,,814,3910,314,,142,0,,720,624,220,220,220,,10,10,@@

  handle_small_Steiner_degrees: steiner 0, suppress 0 in 4e-06 s
Starting round 23
Found 220 isolated vertices
Invalid ratios recomputed: 139
Best ratio is 10/9 (1.1), centered at 868
Finding the best star... Star with 10 terminals centered in 870
round took: 0.00235 s
|V| = 1024, |E| = 3855, |R| = 305
>>> get_solution
>>> get_solution
  refine_solution: new weight 647 (was 710) in 0.00176 s
  refine_solution: new weight 632 (was 647) in 0.001701 s
  refine_solution: new weight 628 (was 632) in 0.001716 s
  refine_solution: new weight 626 (was 628) in 0.001687 s
  refine_solution: new weight 626 (was 626) in 0.001714 s
23,,804,3855,305,,139,0,,710,626,230,230,230,,10,10,@@

  handle_small_Steiner_degrees: steiner 0, suppress 0 in 3e-06 s
Starting round 24
Found 230 isolated vertices
Invalid ratios recomputed: 136
Best ratio is 10/9 (1.1), centered at 875
Finding the best star... Star with 10 terminals centered in 891
round took: 0.002322 s
|V| = 1024, |E| = 3800, |R| = 296
>>> get_solution
>>> get_solution
  refine_solution: new weight 650 (was 715) in 0.001767 s
  refine_solution: new weight 637 (was 650) in 0.001693 s
  refine_solution: new weight 634 (was 637) in 0.001712 s
  refine_solution: new weight 634 (was 634) in 0.001705 s
24,,794,3800,296,,136,0,,715,634,240,240,240,,10,10,@@

  handle_small_Steiner_degrees: steiner 0, suppress 0 in 3e-06 s
Starting round 25
Found 240 isolated vertices
Invalid ratios recomputed: 133
Best ratio is 10/9 (1.1), centered at 916
Finding the best star... Star with 10 terminals centered in 917
round took: 0.002272 s
|V| = 1024, |E| = 3745, |R| = 287
>>> get_solution
>>> get_solution
  refine_solution: new weight 645 (was 714) in 0.001759 s
  refine_solution: new weight 633 (was 645) in 0.001703 s
  refine_solution: new weight 630 (was 633) in 0.001712 s
  refine_solution: new weight 628 (was 630) in 0.001681 s
  refine_solution: new weight 627 (was 628) in 0.00167 s
  refine_solution: new weight 627 (was 627) in 0.001678 s
25,,784,3745,287,,133,0,,714,627,250,250,250,,10,10,@@

  handle_small_Steiner_degrees: steiner 0, suppress 0 in 3e-06 s
Starting round 26
Found 250 isolated vertices
Invalid ratios recomputed: 133
Best ratio is 10/9 (1.1), centered at 923
Finding the best star... Star with 10 terminals centered in 987
round took: 0.002282 s
|V| = 1024, |E| = 3690, |R| = 278
>>> get_solution
>>> get_solution
  refine_solution: new weight 649 (was 709) in 0.001732 s
  refine_solution: new weight 639 (was 649) in 0.00168 s
  refine_solution: new weight 636 (was 639) in 0.001668 s
  refine_solution: new weight 634 (was 636) in 0.001667 s
  refine_solution: new weight 633 (was 634) in 0.001669 s
  refine_solution: new weight 633 (was 633) in 0.001664 s
26,,774,3690,278,,133,0,,709,633,260,260,260,,10,10,@@

  handle_small_Steiner_degrees: steiner 0, suppress 0 in 3e-06 s
Starting round 27
Found 260 isolated vertices
Invalid ratios recomputed: 130
Best ratio is 10/9 (1.1), centered at 935
Finding the best star... Star with 10 terminals centered in 951
round took: 0.002277 s
|V| = 1024, |E| = 3635, |R| = 269
>>> get_solution
>>> get_solution
  refine_solution: new weight 650 (was 713) in 0.001753 s
  refine_solution: new weight 636 (was 650) in 0.001667 s
  refine_solution: new weight 634 (was 636) in 0.001673 s
  refine_solution: new weight 631 (was 634) in 0.001666 s
  refine_solution: new weight 629 (was 631) in 0.001672 s
  refine_solution: new weight 628 (was 629) in 0.001661 s
  refine_solution: new weight 626 (was 628) in 0.001666 s
  refine_solution: new weight 625 (was 626) in 0.001677 s
  refine_solution: new weight 625 (was 625) in 0.001665 s
27,,764,3635,269,,130,0,,713,625,270,270,270,,10,10,@@

  handle_small_Steiner_degrees: steiner 0, suppress 0 in 4e-06 s
Starting round 28
Found 270 isolated vertices
Invalid ratios recomputed: 127
Best ratio is 10/9 (1.1), centered at 936
Finding the best star... Star with 10 terminals centered in 1000
round took: 0.00227 s
|V| = 1024, |E| = 3580, |R| = 260
>>> get_solution
>>> get_solution
  refine_solution: new weight 644 (was 703) in 0.001741 s
  refine_solution: new weight 639 (was 644) in 0.00166 s
  refine_solution: new weight 634 (was 639) in 0.001671 s
  refine_solution: new weight 631 (was 634) in 0.001659 s
  refine_solution: new weight 631 (was 631) in 0.001655 s
28,,754,3580,260,,127,0,,703,631,280,280,280,,10,10,@@

  handle_small_Steiner_degrees: steiner 0, suppress 0 in 3e-06 s
Starting round 29
Found 280 isolated vertices
Invalid ratios recomputed: 124
Best ratio is 10/9 (1.1), centered at 961
Finding the best star... Star with 10 terminals centered in 993
round took: 0.00221 s
|V| = 1024, |E| = 3525, |R| = 251
>>> get_solution
>>> get_solution
  refine_solution: new weight 652 (was 703) in 0.001739 s
  refine_solution: new weight 639 (was 652) in 0.001671 s
  refine_solution: new weight 635 (was 639) in 0.001684 s
  refine_solution: new weight 633 (was 635) in 0.00167 s
  refine_solution: new weight 633 (was 633) in 0.001673 s
29,,744,3525,251,,124,0,,703,633,290,290,290,,10,10,@@

  handle_small_Steiner_degrees: steiner 0, suppress 0 in 3e-06 s
Starting round 30
Found 290 isolated vertices
Invalid ratios recomputed: 121
Best ratio is 10/9 (1.1), centered at 974
Finding the best star... Star with 10 terminals centered in 975
round took: 0.002157 s
|V| = 1024, |E| = 3470, |R| = 242
>>> get_solution
>>> get_solution
  refine_solution: new weight 637 (was 695) in 0.001734 s
  refine_solution: new weight 627 (was 637) in 0.001686 s
  refine_solution: new weight 625 (was 627) in 0.001673 s
  refine_solution: new weight 624 (was 625) in 0.001667 s
  refine_solution: new weight 624 (was 624) in 0.001677 s
30,,734,3470,242,,121,0,,695,624,300,300,300,,10,10,@@

  handle_small_Steiner_degrees: steiner 0, suppress 0 in 3e-06 s
Starting round 31
Found 300 isolated vertices
Invalid ratios recomputed: 118
Best ratio is 10/9 (1.1), centered at 1010
Finding the best star... Star with 10 terminals centered in 1014
round took: 0.002146 s
|V| = 1024, |E| = 3415, |R| = 233
>>> get_solution
>>> get_solution
  refine_solution: new weight 646 (was 697) in 0.001736 s
  refine_solution: new weight 638 (was 646) in 0.001688 s
  refine_solution: new weight 636 (was 638) in 0.00167 s
  refine_solution: new weight 634 (was 636) in 0.001676 s
  refine_solution: new weight 631 (was 634) in 0.001669 s
  refine_solution: new weight 630 (was 631) in 0.001679 s
  refine_solution: new weight 630 (was 630) in 0.001673 s
31,,724,3415,233,,118,0,,697,630,310,310,310,,10,10,@@

  handle_small_Steiner_degrees: steiner 0, suppress 0 in 2e-06 s
Starting round 32
Found 310 isolated vertices
Invalid ratios recomputed: 115
Best ratio is 10/9 (1.1), centered at 1021
Finding the best star... Star with 10 terminals centered in 1023
round took: 0.002116 s
|V| = 1024, |E| = 3360, |R| = 224
>>> get_solution
>>> get_solution
  refine_solution: new weight 644 (was 694) in 0.001733 s
  refine_solution: new weight 632 (was 644) in 0.001679 s
  refine_solution: new weight 624 (was 632) in 0.001677 s
  refine_solution: new weight 622 (was 624) in 0.001678 s
  refine_solution: new weight 620 (was 622) in 0.001671 s
  refine_solution: new weight 620 (was 620) in 0.001681 s
32,,714,3360,224,,115,0,,694,620,320,320,320,,10,10,@@

  delete_edges: deleted 0 edges in 0.000639 s and 1 rounds
  handle_small_Steiner_degrees: steiner 0, suppress 0 in 3e-06 s
Starting round 33
Found 320 isolated vertices
Invalid ratios recomputed: 112
Best ratio is 8/7 (1.1), centered at 256
Finding the best star... Star with 8 terminals centered in 834
round took: 0.002055 s
|V| = 1024, |E| = 3308, |R| = 217
>>> get_solution
>>> get_solution
  refine_solution: new weight 637 (was 695) in 0.001728 s
  refine_solution: new weight 628 (was 637) in 0.001677 s
  refine_solution: new weight 623 (was 628) in 0.001669 s
  refine_solution: new weight 619 (was 623) in 0.001664 s
  refine_solution: new weight 616 (was 619) in 0.001665 s
  refine_solution: new weight 616 (was 616) in 0.001667 s
33,,704,3308,217,,112,0,,695,616,328,328,328,,8,8,@@

  handle_small_Steiner_degrees: steiner 0, suppress 0 in 3e-06 s
Starting round 34
Found 328 isolated vertices
Invalid ratios recomputed: 205
Best ratio is 8/7 (1.1), centered at 271
Finding the best star... Star with 8 terminals centered in 335
round took: 0.003324 s
|V| = 1024, |E| = 3256, |R| = 210
>>> get_solution
>>> get_solution
  refine_solution: new weight 635 (was 697) in 0.00173 s
  refine_solution: new weight 629 (was 635) in 0.001679 s
  refine_solution: new weight 627 (was 629) in 0.001661 s
  refine_solution: new weight 624 (was 627) in 0.001659 s
  refine_solution: new weight 621 (was 624) in 0.001669 s
  refine_solution: new weight 619 (was 621) in 0.001658 s
  refine_solution: new weight 618 (was 619) in 0.001668 s
  refine_solution: new weight 618 (was 618) in 0.001658 s
34,,696,3256,210,,205,0,,697,618,336,336,336,,8,8,@@

  handle_small_Steiner_degrees: steiner 0, suppress 0 in 2e-06 s
Starting round 35
Found 336 isolated vertices
Invalid ratios recomputed: 202
Best ratio is 8/7 (1.1), centered at 307
Finding the best star... Star with 8 terminals centered in 311
round took: 0.003384 s
|V| = 1024, |E| = 3204, |R| = 203
>>> get_solution
>>> get_solution
  refine_solution: new weight 636 (was 698) in 0.001738 s
  refine_solution: new weight 622 (was 636) in 0.001657 s
  refine_solution: new weight 620 (was 622) in 0.001667 s
  refine_solution: new weight 619 (was 620) in 0.001654 s
  refine_solution: new weight 619 (was 619) in 0.001665 s
35,,688,3204,203,,202,0,,698,619,344,344,344,,8,8,@@

  handle_small_Steiner_degrees: steiner 0, suppress 0 in 3e-06 s
Starting round 36
Found 344 isolated vertices
Invalid ratios recomputed: 197
Best ratio is 8/7 (1.1), centered at 316
Finding the best star... Star with 8 terminals centered in 380
round took: 0.003315 s
|V| = 1024, |E| = 3152, |R| = 196
>>> get_solution
>>> get_solution
  refine_solution: new weight 638 (was 687) in 0.001735 s
  refine_solution: new weight 632 (was 638) in 0.001676 s
  refine_solution: new weight 627 (was 632) in 0.001666 s
  refine_solution: new weight 624 (was 627) in 0.001678 s
  refine_solution: new weight 624 (was 624) in 0.001664 s
36,,680,3152,196,,197,0,,687,624,352,352,352,,8,8,@@

  handle_small_Steiner_degrees: steiner 0, suppress 0 in 3e-06 s
Starting round 37
Found 352 isolated vertices
Invalid ratios recomputed: 194
Best ratio is 8/7 (1.1), centered at 341
Finding the best star... Star with 8 terminals centered in 469
round took: 0.00334 s
|V| = 1024, |E| = 3100, |R| = 189
>>> get_solution
>>> get_solution
  refine_solution: new weight 636 (was 687) in 0.00174 s
  refine_solution: new weight 634 (was 636) in 0.001671 s
  refine_solution: new weight 627 (was 634) in 0.001683 s
  refine_solution: new weight 624 (was 627) in 0.001668 s
  refine_solution: new weight 621 (was 624) in 0.001681 s
  refine_solution: new weight 620 (was 621) in 0.001668 s
  refine_solution: new weight 618 (was 620) in 0.00167 s
  refine_solution: new weight 618 (was 618) in 0.001673 s
37,,672,3100,189,,194,0,,687,618,360,360,360,,8,8,@@

  handle_small_Steiner_degrees: steiner 0, suppress 0 in 2e-06 s
Starting round 38
Found 360 isolated vertices
Invalid ratios recomputed: 189
Best ratio is 8/7 (1.1), centered at 346
Finding the best star... Star with 8 terminals centered in 350
round took: 0.00329 s
|V| = 1024, |E| = 3048, |R| = 182
>>> get_solution
>>> get_solution
  refine_solution: new weight 631 (was 694) in 0.001736 s
  refine_solution: new weight 626 (was 631) in 0.001662 s
  refine_solution: new weight 626 (was 626) in 0.001656 s
38,,664,3048,182,,189,0,,694,626,368,368,368,,8,8,@@

  handle_small_Steiner_degrees: steiner 0, suppress 0 in 2e-06 s
Starting round 39
Found 368 isolated vertices
Invalid ratios recomputed: 186
Best ratio is 8/7 (1.1), centered at 358
Finding the best star... Star with 8 terminals centered in 366
round took: 0.003285 s
|V| = 1024, |E| = 2996, |R| = 175
>>> get_solution
>>> get_solution
  refine_solution: new weight 634 (was 688) in 0.001728 s
  refine_solution: new weight 627 (was 634) in 0.00167 s
  refine_solution: new weight 622 (was 627) in 0.001659 s
  refine_solution: new weight 622 (was 622) in 0.001674 s
39,,656,2996,175,,186,0,,688,622,376,376,376,,8,8,@@

  handle_small_Steiner_degrees: steiner 0, suppress 0 in 3e-06 s
Starting round 40
Found 376 isolated vertices
Invalid ratios recomputed: 181
Best ratio is 8/7 (1.1), centered at 361
Finding the best star... Star with 8 terminals centered in 891
round took: 0.003184 s
|V| = 1024, |E| = 2944, |R| = 168
>>> get_solution
>>> get_solution
  refine_solution: new weight 633 (was 675) in 0.001733 s
  refine_solution: new weight 620 (was 633) in 0.001674 s
  refine_solution: new weight 617 (was 620) in 0.001661 s
  refine_solution: new weight 613 (was 617) in 0.00167 s
  refine_solution: new weight 613 (was 613) in 0.00166 s
40,,648,2944,168,,181,0,,675,613,384,384,384,,8,8,@@

  handle_small_Steiner_degrees: steiner 0, suppress 0 in 3e-06 s
Starting round 41
Found 384 isolated vertices
Invalid ratios recomputed: 178
Best ratio is 8/7 (1.1), centered at 406
Finding the best star... Star with 8 terminals centered in 438
round took: 0.003165 s
|V| = 1024, |E| = 2892, |R| = 161
>>> get_solution
>>> get_solution
  refine_solution: new weight 619 (was 673) in 0.001738 s
  refine_solution: new weight 611 (was 619) in 0.00166 s
  refine_solution: new weight 608 (was 611) in 0.001671 s
  refine_solution: new weight 607 (was 608) in 0.001666 s
  refine_solution: new weight 607 (was 607) in 0.001663 s
41,,640,2892,161,,178,0,,673,607,392,392,392,,8,8,@@

  handle_small_Steiner_degrees: steiner 0, suppress 0 in 3e-06 s
Starting round 42
Found 392 isolated vertices
Invalid ratios recomputed: 176
Best ratio is 8/7 (1.1), centered at 409
Finding the best star... Star with 8 terminals centered in 987
round took: 0.003113 s
|V| = 1024, |E| = 2840, |R| = 154
>>> get_solution
>>> get_solution
  refine_solution: new weight 621 (was 669) in 0.001724 s
  refine_solution: new weight 619 (was 621) in 0.001668 s
  refine_solution: new weight 619 (was 619) in 0.001651 s
42,,632,2840,154,,176,0,,669,619,400,400,400,,8,8,@@

  handle_small_Steiner_degrees: steiner 0, suppress 0 in 2e-06 s
Starting round 43
Found 400 isolated vertices
Invalid ratios recomputed: 173
Best ratio is 8/7 (1.1), centered at 421
Finding the best star... Star with 8 terminals centered in 429
round took: 0.003098 s
|V| = 1024, |E| = 2788, |R| = 147
>>> get_solution
>>> get_solution
  refine_solution: new weight 622 (was 666) in 0.001735 s
  refine_solution: new weight 619 (was 622) in 0.001661 s
  refine_solution: new weight 618 (was 619) in 0.001668 s
  refine_solution: new weight 618 (was 618) in 0.001659 s
43,,624,2788,147,,173,0,,666,618,408,408,408,,8,8,@@

  handle_small_Steiner_degrees: steiner 0, suppress 0 in 2e-06 s
Starting round 44
Found 408 isolated vertices
Invalid ratios recomputed: 168
Best ratio is 8/7 (1.1), centered at 426
Finding the best star... Star with 8 terminals centered in 490
round took: 0.003033 s
|V| = 1024, |E| = 2736, |R| = 140
>>> get_solution
>>> get_solution
  refine_solution: new weight 614 (was 661) in 0.001735 s
  refine_solution: new weight 607 (was 614) in 0.001658 s
  refine_solution: new weight 606 (was 607) in 0.001665 s
  refine_solution: new weight 606 (was 606) in 0.001655 s
44,,616,2736,140,,168,0,,661,606,416,416,416,,8,8,@@

  handle_small_Steiner_degrees: steiner 0, suppress 0 in 2e-06 s
Starting round 45
Found 416 isolated vertices
Invalid ratios recomputed: 165
Best ratio is 8/7 (1.1), centered at 451
Finding the best star... Star with 8 terminals centered in 483
round took: 0.00298 s
|V| = 1024, |E| = 2684, |R| = 133
>>> get_solution
>>> get_solution
  refine_solution: new weight 609 (was 657) in 0.001737 s
  refine_solution: new weight 604 (was 609) in 0.001662 s
  refine_solution: new weight 604 (was 604) in 0.001658 s
45,,608,2684,133,,165,0,,657,604,424,424,424,,8,8,@@

  handle_small_Steiner_degrees: steiner 0, suppress 0 in 3e-06 s
Starting round 46
Found 424 isolated vertices
Invalid ratios recomputed: 160
Best ratio is 8/7 (1.1), centered at 460
Finding the best star... Star with 8 terminals centered in 492
round took: 0.002858 s
|V| = 1024, |E| = 2632, |R| = 126
>>> get_solution
>>> get_solution
  refine_solution: new weight 608 (was 658) in 0.001727 s
  refine_solution: new weight 605 (was 608) in 0.001666 s
  refine_solution: new weight 603 (was 605) in 0.001658 s
  refine_solution: new weight 603 (was 603) in 0.001656 s
46,,600,2632,126,,160,0,,658,603,432,432,432,,8,8,@@

  handle_small_Steiner_degrees: steiner 0, suppress 0 in 3e-06 s
Starting round 47
Found 432 isolated vertices
Invalid ratios recomputed: 157
Best ratio is 8/7 (1.1), centered at 496
Finding the best star... Star with 8 terminals centered in 1014
round took: 0.002814 s
|V| = 1024, |E| = 2580, |R| = 119
>>> get_solution
>>> get_solution
  refine_solution: new weight 612 (was 649) in 0.001719 s
  refine_solution: new weight 607 (was 612) in 0.001652 s
  refine_solution: new weight 605 (was 607) in 0.001654 s
  refine_solution: new weight 605 (was 605) in 0.001648 s
47,,592,2580,119,,157,0,,649,605,440,440,440,,8,8,@@

  handle_small_Steiner_degrees: steiner 0, suppress 0 in 2e-06 s
Starting round 48
Found 440 isolated vertices
Invalid ratios recomputed: 152
Best ratio is 8/7 (1.1), centered at 511
Finding the best star... Star with 8 terminals centered in 510
round took: 0.002689 s
|V| = 1024, |E| = 2528, |R| = 112
>>> get_solution
>>> get_solution
  refine_solution: new weight 607 (was 650) in 0.001729 s
  refine_solution: new weight 603 (was 607) in 0.001649 s
  refine_solution: new weight 599 (was 603) in 0.001651 s
  refine_solution: new weight 598 (was 599) in 0.001646 s
  refine_solution: new weight 598 (was 598) in 0.001644 s
48,,584,2528,112,,152,0,,650,598,448,448,448,,8,8,@@

  delete_edges: deleted 0 edges in 0.000781 s and 1 rounds
  handle_small_Steiner_degrees: steiner 0, suppress 0 in 3e-06 s
Starting round 49
Found 448 isolated vertices
Invalid ratios recomputed: 149
Best ratio is 8/7 (1.1), centered at 517
Finding the best star... Star with 8 terminals centered in 533
round took: 0.002657 s
|V| = 1024, |E| = 2459, |R| = 105
>>> get_solution
>>> get_solution
  refine_solution: new weight 603 (was 641) in 0.001726 s
  refine_solution: new weight 602 (was 603) in 0.001664 s
  refine_solution: new weight 601 (was 602) in 0.001655 s
  refine_solution: new weight 601 (was 601) in 0.001657 s
49,,576,2459,105,,149,0,,641,601,456,456,456,,8,8,@@

  handle_small_Steiner_degrees: steiner 0, suppress 0 in 2e-06 s
Starting round 50
Found 456 isolated vertices
Invalid ratios recomputed: 256
Best ratio is 8/7 (1.1), centered at 530
Finding the best star... Star with 8 terminals centered in 538
round took: 0.004248 s
|V| = 1024, |E| = 2371, |R| = 98
>>> get_solution
>>> get_solution
  refine_solution: new weight 609 (was 640) in 0.001732 s
  refine_solution: new weight 606 (was 609) in 0.001656 s
  refine_solution: new weight 604 (was 606) in 0.001654 s
  refine_solution: new weight 604 (was 604) in 0.00166 s
50,,568,2371,98,,256,0,,640,604,464,464,464,,8,8,@@

  handle_small_Steiner_degrees: steiner 0, suppress 3 in 9e-06 s
Starting round 51
Found 467 isolated vertices
Invalid ratios recomputed: 332
Best ratio is 8/7 (1.1), centered at 552
Finding the best star... Star with 8 terminals centered in 553
round took: 0.005473 s
|V| = 1024, |E| = 2297, |R| = 91
>>> get_solution
>>> get_solution
  refine_solution: new weight 600 (was 634) in 0.001717 s
  refine_solution: new weight 595 (was 600) in 0.001651 s
  refine_solution: new weight 594 (was 595) in 0.001661 s
  refine_solution: new weight 594 (was 594) in 0.001645 s
51,,557,2297,91,,332,0,,634,594,472,472,472,,8,8,@@

  handle_small_Steiner_degrees: steiner 0, suppress 3 in 1.2e-05 s
Starting round 52
Found 478 isolated vertices
Invalid ratios recomputed: 247
Best ratio is 8/7 (1.1), centered at 587
Finding the best star... Star with 8 terminals centered in 591
round took: 0.004338 s
|V| = 1024, |E| = 2204, |R| = 84
>>> get_solution
>>> get_solution
  refine_solution: new weight 594 (was 626) in 0.001724 s
  refine_solution: new weight 594 (was 594) in 0.001675 s
52,,546,2204,84,,247,0,,626,594,480,480,480,,8,8,@@

  handle_small_Steiner_degrees: steiner 0, suppress 6 in 1.6e-05 s
Starting round 53
Found 492 isolated vertices
Invalid ratios recomputed: 316
Best ratio is 8/7 (1.1), centered at 604
Finding the best star... Star with 8 terminals centered in 605
round took: 0.005494 s
|V| = 1024, |E| = 2103, |R| = 77
>>> get_solution
>>> get_solution
  refine_solution: new weight 595 (was 627) in 0.001727 s
  refine_solution: new weight 591 (was 595) in 0.001664 s
  refine_solution: new weight 591 (was 591) in 0.001667 s
53,,532,2103,77,,316,0,,627,591,488,488,488,,8,8,@@

  handle_small_Steiner_degrees: steiner 0, suppress 3 in 1.4e-05 s
Starting round 54
Found 503 isolated vertices
Invalid ratios recomputed: 384
Best ratio is 8/7 (1.1), centered at 625
Finding the best star... Star with 8 terminals centered in 633
round took: 0.006723 s
|V| = 1024, |E| = 2008, |R| = 70
>>> get_solution
>>> get_solution
  refine_solution: new weight 597 (was 619) in 0.001717 s
  refine_solution: new weight 594 (was 597) in 0.001659 s
  refine_solution: new weight 594 (was 594) in 0.00165 s
54,,521,2008,70,,384,0,,619,594,496,496,496,,8,8,@@

  handle_small_Steiner_degrees: steiner 0, suppress 9 in 3.4e-05 s
Starting round 55
Found 520 isolated vertices
Invalid ratios recomputed: 371
Best ratio is 8/7 (1.1), centered at 654
Finding the best star... Star with 8 terminals centered in 492
round took: 0.006615 s
|V| = 1024, |E| = 1886, |R| = 63
>>> get_solution
>>> get_solution
  refine_solution: new weight 601 (was 618) in 0.001727 s
  refine_solution: new weight 601 (was 601) in 0.001648 s
55,,504,1886,63,,371,0,,618,601,504,504,504,,8,8,@@

  handle_small_Steiner_degrees: steiner 0, suppress 15 in 4.8e-05 s
Starting round 56
Found 543 isolated vertices
Invalid ratios recomputed: 408
Best ratio is 8/7 (1.1), centered at 675
Finding the best star... Star with 8 terminals centered in 691
round took: 0.007043 s
|V| = 1024, |E| = 1751, |R| = 56
>>> get_solution
>>> get_solution
  refine_solution: new weight 605 (was 618) in 0.001722 s
  refine_solution: new weight 602 (was 605) in 0.001647 s
  refine_solution: new weight 602 (was 602) in 0.001658 s
56,,481,1751,56,,408,0,,618,602,512,512,512,,8,8,@@

  handle_small_Steiner_degrees: steiner 0, suppress 17 in 6.3e-05 s
Starting round 57
Found 568 isolated vertices
Invalid ratios recomputed: 390
Best ratio is 8/7 (1.1), centered at 692
Finding the best star... Star with 8 terminals centered in 700
round took: 0.00659 s
|V| = 1024, |E| = 1593, |R| = 49
>>> get_solution
>>> get_solution
  refine_solution: new weight 589 (was 606) in 0.001724 s
  refine_solution: new weight 589 (was 589) in 0.001653 s
57,,456,1593,49,,390,0,,606,589,520,520,520,,8,8,@@

  handle_small_Steiner_degrees: steiner 0, suppress 31 in 9.9e-05 s
Starting round 58
Found 607 isolated vertices
Invalid ratios recomputed: 386
Best ratio is 8/7 (1.1), centered at 749
Finding the best star... Star with 8 terminals centered in 510
round took: 0.006125 s
|V| = 1024, |E| = 1408, |R| = 42
>>> get_solution
>>> get_solution
  refine_solution: new weight 596 (was 606) in 0.001728 s
  refine_solution: new weight 591 (was 596) in 0.001652 s
  refine_solution: new weight 590 (was 591) in 0.001662 s
  refine_solution: new weight 590 (was 590) in 0.001652 s
58,,417,1408,42,,386,0,,606,590,528,528,528,,8,8,@@

  handle_small_Steiner_degrees: steiner 0, suppress 37 in 0.000113 s
Starting round 59
Found 652 isolated vertices
Invalid ratios recomputed: 355
Best ratio is 7/6 (1.2), centered at 575
Finding the best star... Star with 7 terminals centered in 703
round took: 0.005096 s
|V| = 1024, |E| = 1289, |R| = 36
>>> get_solution
>>> get_solution
  refine_solution: new weight 600 (was 603) in 0.001723 s
  refine_solution: new weight 600 (was 600) in 0.00167 s
59,,372,1289,36,,355,0,,603,600,535,535,535,,7,7,@@

  handle_small_Steiner_degrees: steiner 0, suppress 1 in 7e-06 s
Starting round 60
Found 660 isolated vertices
Invalid ratios recomputed: 114
Best ratio is 7/6 (1.2), centered at 614
Finding the best star... Star with 7 terminals centered in 622
round took: 0.001797 s
|V| = 1024, |E| = 1241, |R| = 30
>>> get_solution
>>> get_solution
  refine_solution: new weight 593 (was 597) in 0.001735 s
  refine_solution: new weight 593 (was 593) in 0.001654 s
60,,364,1241,30,,114,0,,597,593,542,542,542,,7,7,@@

  handle_small_Steiner_degrees: steiner 0, suppress 1 in 6e-06 s
Starting round 61
Found 668 isolated vertices
Invalid ratios recomputed: 111
Best ratio is 7/6 (1.2), centered at 665
Finding the best star... Star with 7 terminals centered in 729
round took: 0.00174 s
|V| = 1024, |E| = 1193, |R| = 24
>>> get_solution
>>> get_solution
  refine_solution: new weight 582 (was 592) in 0.001719 s
  refine_solution: new weight 580 (was 582) in 0.001669 s
  refine_solution: new weight 580 (was 580) in 0.001656 s
61,,356,1193,24,,111,0,,592,580,549,549,549,,7,7,@@

  handle_small_Steiner_degrees: steiner 0, suppress 2 in 1e-05 s
Starting round 62
Found 677 isolated vertices
Invalid ratios recomputed: 113
Best ratio is 7/6 (1.2), centered at 704
Finding the best star... Star with 7 terminals centered in 712
round took: 0.001774 s
|V| = 1024, |E| = 1144, |R| = 18
>>> get_solution
>>> get_solution
  refine_solution: new weight 582 (was 587) in 0.001723 s
  refine_solution: new weight 582 (was 582) in 0.001662 s
62,,347,1144,18,,113,0,,587,582,556,556,556,,7,7,@@

  handle_small_Steiner_degrees: steiner 0, suppress 2 in 1.3e-05 s
Starting round 63
Found 686 isolated vertices
Invalid ratios recomputed: 110
Best ratio is 7/6 (1.2), centered at 727
Finding the best star... Star with 7 terminals centered in 759
round took: 0.001717 s
|V| = 1024, |E| = 1085, |R| = 12
>>> get_solution
>>> get_solution
  refine_solution: new weight 580 (was 582) in 0.001724 s
  refine_solution: new weight 580 (was 580) in 0.001666 s
63,,338,1085,12,,110,0,,582,580,563,563,563,,7,7,@@

  handle_small_Steiner_degrees: steiner 0, suppress 14 in 5.5e-05 s
Starting round 64
Found 707 isolated vertices
Invalid ratios recomputed: 312
Best ratio is 7/6 (1.2), centered at 762
Finding the best star... Star with 7 terminals centered in 763
round took: 0.004021 s
|V| = 1024, |E| = 1001, |R| = 6
>>> get_solution
>>> get_solution
  refine_solution: new weight 580 (was 580) in 0.001726 s
64,,317,1001,6,,312,0,,580,580,570,570,570,,7,7,@@

  handle_small_Steiner_degrees: steiner 0, suppress 16 in 6.5e-05 s
Starting round 65
Found 730 isolated vertices
Invalid ratios recomputed: 294
Best ratio is 4/3 (1.3), centered at 25
Finding the best star... Star with 4 terminals centered in 759
round took: 0.003902 s
|V| = 1024, |E| = 481, |R| = 3
>>> get_solution
>>> get_solution
  refine_solution: new weight 578 (was 578) in 0.00172 s
65,,294,481,3,,294,0,,578,578,574,574,574,,4,4,@@

  handle_small_Steiner_degrees: steiner 119, suppress 144 in 0.000161 s
Starting round 66
Found 997 isolated vertices
Invalid ratios recomputed: 27
Best ratio is 3/2 (1.5), centered at 67
Finding the best star... Star with 3 terminals centered in 712
round took: 0.000191 s
|V| = 1024, |E| = 23, |R| = 1
>>> get_solution
>>> get_solution
  refine_solution: new weight 577 (was 577) in 0.001709 s
66,,27,23,1,,27,0,,577,577,577,577,577,,3,3,@@

  handle_small_Steiner_degrees: steiner 23, suppress 0 in 5e-06 s
contract_till_the_bitter_end: 0.957378 s

Calling end_heu
>>> get_solution
Saved weight 0
DŽ: 577 -> 577

 start over 111 loops 1 unique solutions 
Original + vert_size 0 
DŽ: 577 -> 577

 start over 220 loops 1 unique solutions 
Original + vert_size 13 
DŽ: 577 -> 581

 start over 359 loops 2 unique solutions 
Original + vert_size 0 
DŽ: 577 -> 577

 start over 607 loops 2 unique solutions 
Original + vert_size 0 
DŽ: 577 -> 577
DŽ: 577 -> 577

 start over 1111 loops 2 unique solutions 
Original + vert_size 0 
DŽ: 577 -> 577

 start over 1577 loops 2 unique solutions 
Approx + random 
DŽ: 781 -> 652
DŽ: 577 -> 577
DŽ: 644 -> 642
DŽ: 577 -> 577
DŽ: 627 -> 627
DŽ: 623 -> 623
DŽ: 577 -> 577
DŽ: 629 -> 630
DŽ: 631 -> 631
DŽ: 577 -> 577
DŽ: 623 -> 624

 start over 11796 loops 155 unique solutions 
Original + vert_size 13 
DŽ: 577 -> 582
DŽ: 577 -> 579
DŽ: 619 -> 622
DŽ: 577 -> 577
DŽ: 623 -> 624
DŽ: 577 -> 577
DŽ: 621 -> 622
DŽ: 625 -> 625
DŽ: 622 -> 623
DŽ: 577 -> 577
DŽ: 623 -> 624

 start over 21649 loops 166 unique solutions 
Original + vert_size 0 
DŽ: 577 -> 577
DŽ: 623 -> 622
DŽ: 623 -> 625
DŽ: 622 -> 624
DŽ: 620 -> 622
DŽ: 620 -> 621
DŽ: 620 -> 620
DŽ: 577 -> 577
DŽ: 577 -> 577
DŽ: 620 -> 621

 start over 30650 loops 173 unique solutions 
Approx + random 
DŽ: 781 -> 654
DŽ: 625 -> 627
DŽ: 625 -> 628
DŽ: 577 -> 577
DŽ: 577 -> 577
DŽ: 620 -> 621
DŽ: 577 -> 577
DŽ: 622 -> 623
DŽ: 620 -> 620
DŽ: 577 -> 577
DŽ: 622 -> 622

 start over 40128 loops 182 unique solutions 
Original + vert_size 13 
DŽ: 577 -> 582
DŽ: 577 -> 577
DŽ: 624 -> 624
DŽ: 582 -> 585
DŽ: 622 -> 623
DŽ: 625 -> 626
DŽ: 577 -> 577
DŽ: 617 -> 618
DŽ: 616 -> 616
DŽ: 621 -> 620

 start over 49518 loops 193 unique solutions 
Original + vert_size 13 
DŽ: 577 -> 581
DŽ: 577 -> 577
DŽ: 621 -> 623
DŽ: 577 -> 577
DŽ: 577 -> 577
DŽ: 620 -> 621
DŽ: 621 -> 621
DŽ: 618 -> 620
DŽ: 621 -> 623
DŽ: 620 -> 621

 start over 58734 loops 200 unique solutions 
Original + vert_size 0 
DŽ: 577 -> 577
DŽ: 618 -> 621
DŽ: 621 -> 621
DŽ: 623 -> 624
DŽ: 621 -> 623
DŽ: 620 -> 621
DŽ: 577 -> 577
DŽ: 617 -> 618
DŽ: 618 -> 620
DŽ: 619 -> 619

 start over 67570 loops 210 unique solutions 
Approx + random 
DŽ: 781 -> 655
DŽ: 620 -> 621
DŽ: 577 -> 577
DŽ: 622 -> 621
DŽ: 621 -> 622
DŽ: 627 -> 629
DŽ: 621 -> 623
DŽ: 577 -> 577
DŽ: 621 -> 621
DŽ: 577 -> 577
DŽ: 620 -> 620

 start over 77432 loops 220 unique solutions 
Approx + random 
DŽ: 781 -> 651
DŽ: 619 -> 621
DŽ: 622 -> 622
DŽ: 651 -> 641
DŽ: 628 -> 630
DŽ: 577 -> 577
DŽ: 577 -> 577
DŽ: 577 -> 577
DŽ: 623 -> 626
DŽ: 623 -> 626
DŽ: 624 -> 625

 start over 87711 loops 233 unique solutions 
Original + vert_size 13 
DŽ: 577 -> 579
DŽ: 623 -> 625
DŽ: 622 -> 622
DŽ: 577 -> 577
DŽ: 577 -> 577
DŽ: 577 -> 577
DŽ: 577 -> 577
DŽ: 625 -> 627
DŽ: 625 -> 625
DŽ: 623 -> 625
DŽ: 577 -> 577

 start over 97841 loops 239 unique solutions 
Approx + random 
DŽ: 781 -> 651
DŽ: 621 -> 623
DŽ: 624 -> 622
DŽ: 621 -> 622
DŽ: 616 -> 619
DŽ: 618 -> 619
DŽ: 620 -> 623
DŽ: 623 -> 625
DŽ: 577 -> 577
DŽ: 628 -> 629
DŽ: 577 -> 577

 start over 107623 loops 251 unique solutions 
Original + vert_size 0 
DŽ: 577 -> 577
DŽ: 616 -> 617
DŽ: 625 -> 627
DŽ: 577 -> 577
DŽ: 616 -> 618
DŽ: 628 -> 629
DŽ: 577 -> 577
DŽ: 624 -> 626
DŽ: 577 -> 577
DŽ: 626 -> 627
DŽ: 622 -> 623

 start over 117348 loops 259 unique solutions 
Approx + random 
DŽ: 781 -> 640
DŽ: 577 -> 577
DŽ: 577 -> 577
DŽ: 577 -> 577
DŽ: 577 -> 577
DŽ: 622 -> 622
DŽ: 619 -> 622
DŽ: 622 -> 624
DŽ: 577 -> 577
DŽ: 616 -> 618
DŽ: 577 -> 577

 start over 127111 loops 267 unique solutions 
Original + vert_size 13 
DŽ: 577 -> 581
DŽ: 619 -> 619
DŽ: 577 -> 577
DŽ: 618 -> 618
DŽ: 577 -> 577
DŽ: 621 -> 622
DŽ: 577 -> 577
DŽ: 619 -> 622
DŽ: 627 -> 626
DŽ: 622 -> 623

 start over 136321 loops 277 unique solutions 
Original + vert_size 13 
DŽ: 577 -> 583
DŽ: 577 -> 577
DŽ: 577 -> 577
DŽ: 619 -> 620
DŽ: 577 -> 577
DŽ: 619 -> 620
DŽ: 621 -> 622
DŽ: 618 -> 618
DŽ: 619 -> 619
DŽ: 577 -> 577

 start over 145207 loops 284 unique solutions 
Original + vert_size 0 
DŽ: 577 -> 577
DŽ: 619 -> 621
DŽ: 577 -> 577
DŽ: 621 -> 623
DŽ: 619 -> 621
DŽ: 620 -> 621
DŽ: 617 -> 619
DŽ: 621 -> 623
DŽ: 577 -> 579
DŽ: 617 -> 619

 start over 154091 loops 292 unique solutions 
Approx + random 
DŽ: 781 -> 650
DŽ: 627 -> 629
DŽ: 620 -> 621
DŽ: 622 -> 624
DŽ: 621 -> 622
DŽ: 622 -> 623
DŽ: 621 -> 623
DŽ: 625 -> 626
DŽ: 623 -> 624
DŽ: 619 -> 619

 start over 163935 loops 303 unique solutions 
Original + vert_size 13 
DŽ: 577 -> 581
DŽ: 621 -> 621
DŽ: 620 -> 623
DŽ: 619 -> 619
DŽ: 577 -> 577
DŽ: 621 -> 622
DŽ: 625 -> 626
DŽ: 577 -> 577
DŽ: 577 -> 577
DŽ: 618 -> 621
DŽ: 620 -> 620

 start over 173605 loops 313 unique solutions 
Original + vert_size 0 
DŽ: 577 -> 577
DŽ: 618 -> 620
DŽ: 625 -> 625
DŽ: 618 -> 620
DŽ: 577 -> 577
DŽ: 620 -> 623
DŽ: 619 -> 621
DŽ: 577 -> 577
DŽ: 577 -> 577
DŽ: 617 -> 617

 start over 182770 loops 320 unique solutions 
Approx + random 
DŽ: 781 -> 652
DŽ: 577 -> 577
DŽ: 629 -> 631
DŽ: 620 -> 622
DŽ: 624 -> 625
DŽ: 638 -> 635
DŽ: 630 -> 631
DŽ: 624 -> 626
DŽ: 634 -> 636
DŽ: 630 -> 631
DŽ: 577 -> 577
DŽ: 622 -> 623

 start over 193814 loops 335 unique solutions 
Original + vert_size 0 
DŽ: 577 -> 577
DŽ: 621 -> 621
DŽ: 623 -> 627
DŽ: 624 -> 625
DŽ: 633 -> 633
DŽ: 577 -> 577
DŽ: 631 -> 630
DŽ: 623 -> 627
DŽ: 620 -> 623
DŽ: 577 -> 577
DŽ: 626 -> 626

 start over 203976 loops 344 unique solutions 
Original + vert_size 0 
DŽ: 577 -> 577
DŽ: 577 -> 577
DŽ: 621 -> 622
DŽ: 577 -> 577
DŽ: 622 -> 622
DŽ: 620 -> 621
DŽ: 621 -> 623
DŽ: 577 -> 577
DŽ: 577 -> 577
DŽ: 620 -> 621

 start over 212678 loops 347 unique solutions 
Approx + random 
DŽ: 781 -> 654
DŽ: 618 -> 619
DŽ: 577 -> 577
DŽ: 621 -> 623
DŽ: 626 -> 627
DŽ: 627 -> 630
DŽ: 625 -> 626
DŽ: 621 -> 621
DŽ: 577 -> 577
DŽ: 625 -> 628
DŽ: 577 -> 577
DŽ: 624 -> 625

 start over 223091 loops 362 unique solutions 
Approx + random 
DŽ: 781 -> 647
DŽ: 577 -> 577
DŽ: 622 -> 625
DŽ: 622 -> 623
DŽ: 621 -> 623
DŽ: 622 -> 620
DŽ: 577 -> 577
DŽ: 619 -> 620
DŽ: 622 -> 623
DŽ: 619 -> 624

 start over 232457 loops 372 unique solutions 
Original + vert_size 0 
DŽ: 577 -> 577
DŽ: 577 -> 577
DŽ: 577 -> 577
DŽ: 577 -> 577
DŽ: 577 -> 577
DŽ: 621 -> 623
DŽ: 621 -> 622
DŽ: 577 -> 577
DŽ: 623 -> 625
DŽ: 577 -> 577
DŽ: 620 -> 621

 start over 242217 loops 376 unique solutions 
Original + vert_size 0 
DŽ: 577 -> 577
DŽ: 577 -> 577
DŽ: 621 -> 623
DŽ: 577 -> 577
DŽ: 617 -> 620
DŽ: 577 -> 577
DŽ: 577 -> 577
DŽ: 619 -> 618
DŽ: 619 -> 621
DŽ: 618 -> 619

 start over 251774 loops 385 unique solutions 
Original + vert_size 0 
DŽ: 577 -> 577
DŽ: 619 -> 619
DŽ: 577 -> 577
DŽ: 577 -> 577
DŽ: 620 -> 622
DŽ: 624 -> 625
DŽ: 577 -> 577
DŽ: 620 -> 622
DŽ: 621 -> 623
DŽ: 624 -> 624
DŽ: 577 -> 577

 start over 261141 loops 394 unique solutions 
Approx + random 
DŽ: 781 -> 648
DŽ: 577 -> 577
DŽ: 617 -> 619
DŽ: 577 -> 577
DŽ: 635 -> 633
DŽ: 622 -> 626
DŽ: 626 -> 629
DŽ: 624 -> 627
DŽ: 625 -> 626
DŽ: 577 -> 577
DŽ: 620 -> 622

 start over 271349 loops 409 unique solutions 
Approx + random 
DŽ: 781 -> 649
DŽ: 628 -> 630
DŽ: 577 -> 577
DŽ: 638 -> 638
DŽ: 636 -> 633
DŽ: 630 -> 631
DŽ: 632 -> 630
DŽ: 623 -> 625
DŽ: 624 -> 624
DŽ: 577 -> 579
DŽ: 623 -> 621
DŽ: 627 -> 627

 start over 282031 loops 420 unique solutions 
Approx + random 
DŽ: 781 -> 653
DŽ: 577 -> 577
DŽ: 577 -> 577
DŽ: 631 -> 631
DŽ: 628 -> 630
DŽ: 577 -> 577
DŽ: 624 -> 624
DŽ: 577 -> 577
DŽ: 623 -> 623
DŽ: 577 -> 577

 start over 291957 loops 427 unique solutions 
Original + vert_size 0 
DŽ: 577 -> 577
DŽ: 577 -> 577
DŽ: 621 -> 621
DŽ: 621 -> 621
DŽ: 624 -> 626
DŽ: 625 -> 627
DŽ: 625 -> 626
DŽ: 625 -> 627
DŽ: 577 -> 577
DŽ: 577 -> 577
DŽ: 623 -> 627

 start over 301472 loops 433 unique solutions 
Approx + random 
DŽ: 781 -> 641
DŽ: 623 -> 623
DŽ: 577 -> 577
DŽ: 625 -> 627
DŽ: 624 -> 626
DŽ: 622 -> 623
DŽ: 577 -> 578
DŽ: 619 -> 621
DŽ: 618 -> 621
DŽ: 577 -> 577

 start over 310998 loops 446 unique solutions 
Original + vert_size 0 
DŽ: 577 -> 577
DŽ: 625 -> 625
DŽ: 617 -> 619
DŽ: 619 -> 622
DŽ: 622 -> 624
DŽ: 617 -> 618
DŽ: 577 -> 577
DŽ: 622 -> 624
DŽ: 620 -> 620
DŽ: 577 -> 577
DŽ: 619 -> 619

 start over 320249 loops 454 unique solutions 
Original + vert_size 13 
DŽ: 577 -> 579
DŽ: 620 -> 621
DŽ: 620 -> 621
DŽ: 577 -> 577
DŽ: 577 -> 577
DŽ: 577 -> 577
DŽ: 621 -> 622
DŽ: 620 -> 623
DŽ: 619 -> 621
DŽ: 620 -> 619

 start over 329061 loops 464 unique solutions 
Original + vert_size 0 
DŽ: 577 -> 577
DŽ: 619 -> 621
DŽ: 619 -> 620
DŽ: 577 -> 577
DŽ: 577 -> 577
DŽ: 619 -> 621
DŽ: 577 -> 577
DŽ: 577 -> 577
DŽ: 577 -> 577
DŽ: 618 -> 622

 start over 338031 loops 472 unique solutions 
Original + vert_size 13 
DŽ: 577 -> 583
DŽ: 618 -> 619
DŽ: 577 -> 577
DŽ: 577 -> 577
DŽ: 625 -> 625
DŽ: 577 -> 577
DŽ: 577 -> 577
DŽ: 622 -> 622
DŽ: 583 -> 584
DŽ: 621 -> 623

 start over 347103 loops 480 unique solutions 
Original + vert_size 0 
DŽ: 577 -> 577
DŽ: 622 -> 623
DŽ: 622 -> 623
DŽ: 577 -> 577
DŽ: 621 -> 622
DŽ: 622 -> 623
DŽ: 621 -> 624
DŽ: 577 -> 577
DŽ: 622 -> 624
DŽ: 617 -> 619

 start over 356270 loops 489 unique solutions 
Approx + random 
DŽ: 781 -> 655
DŽ: 622 -> 624
DŽ: 625 -> 626
DŽ: 624 -> 626
DŽ: 623 -> 624
DŽ: 625 -> 625
DŽ: 624 -> 624
DŽ: 622 -> 623
DŽ: 623 -> 623
DŽ: 618 -> 619
DŽ: 622 -> 622

 start over 366386 loops 499 unique solutions 
Approx + random 
DŽ: 781 -> 655
DŽ: 577 -> 577
DŽ: 577 -> 577
DŽ: 577 -> 577
DŽ: 637 -> 638
DŽ: 623 -> 625
DŽ: 577 -> 577
DŽ: 626 -> 628
DŽ: 629 -> 631
DŽ: 624 -> 628
DŽ: 577 -> 577
DŽ: 628 -> 629

 start over 377626 loops 509 unique solutions 
Original + vert_size 0 
DŽ: 577 -> 577
DŽ: 577 -> 577
DŽ: 629 -> 628
DŽ: 623 -> 623
DŽ: 626 -> 627
DŽ: 577 -> 577
DŽ: 577 -> 577
DŽ: 618 -> 618
DŽ: 618 -> 619
DŽ: 621 -> 620

 start over 386837 loops 519 unique solutions 
Approx + random 
DŽ: 781 -> 641
DŽ: 620 -> 621
DŽ: 619 -> 620
DŽ: 637 -> 630
DŽ: 577 -> 577
DŽ: 620 -> 622
DŽ: 621 -> 622
DŽ: 577 -> 577
DŽ: 624 -> 625
DŽ: 625 -> 627
DŽ: 577 -> 577

 start over 396788 loops 533 unique solutions 
Approx + random 
DŽ: 781 -> 645
DŽ: 615 -> 616
DŽ: 620 -> 622
DŽ: 621 -> 623
DŽ: 577 -> 577
DŽ: 577 -> 577
DŽ: 620 -> 622
DŽ: 622 -> 622
DŽ: 577 -> 577
DŽ: 620 -> 621
DŽ: 623 -> 624

 start over 406091 loops 539 unique solutions 
Original + vert_size 0 
DŽ: 577 -> 577
DŽ: 577 -> 577
DŽ: 619 -> 620
DŽ: 623 -> 623
DŽ: 624 -> 624
DŽ: 619 -> 622
DŽ: 624 -> 626
DŽ: 577 -> 577
DŽ: 577 -> 577
DŽ: 616 -> 619

 start over 415086 loops 547 unique solutions 
Original + vert_size 13 
DŽ: 577 -> 582
DŽ: 577 -> 577
DŽ: 577 -> 577
DŽ: 620 -> 622
DŽ: 616 -> 619
DŽ: 619 -> 621
DŽ: 618 -> 620
DŽ: 577 -> 577
DŽ: 619 -> 621
DŽ: 620 -> 622

 start over 424066 loops 551 unique solutions 
Approx + random 
DŽ: 781 -> 651
DŽ: 631 -> 632
DŽ: 627 -> 626
DŽ: 637 -> 635
DŽ: 620 -> 621
DŽ: 577 -> 577
DŽ: 618 -> 617
DŽ: 626 -> 626
DŽ: 620 -> 621
DŽ: 577 -> 577

 start over 433861 loops 567 unique solutions 
Original + vert_size 0 
DŽ: 577 -> 577
DŽ: 626 -> 628
DŽ: 577 -> 577
DŽ: 619 -> 623
DŽ: 621 -> 623
DŽ: 620 -> 621
DŽ: 621 -> 623
DŽ: 577 -> 577
DŽ: 620 -> 622
DŽ: 622 -> 623
DŽ: 622 -> 623

 start over 443304 loops 576 unique solutions 
Approx + random 
DŽ: 781 -> 644
DŽ: 577 -> 577
DŽ: 621 -> 620
DŽ: 630 -> 634
DŽ: 619 -> 619
DŽ: 629 -> 631
DŽ: 577 -> 577
DŽ: 628 -> 630
DŽ: 630 -> 628
DŽ: 625 -> 626
DŽ: 577 -> 577

 start over 453422 loops 589 unique solutions 
Original + vert_size 13 
DŽ: 577 -> 581
DŽ: 629 -> 627
DŽ: 630 -> 630
DŽ: 626 -> 627
DŽ: 577 -> 577
DŽ: 625 -> 626
DŽ: 577 -> 577
DŽ: 628 -> 629
DŽ: 577 -> 577
DŽ: 623 -> 625

 start over 462961 loops 596 unique solutions 
Approx + random 
DŽ: 781 -> 651
DŽ: 626 -> 627
DŽ: 630 -> 630
DŽ: 577 -> 577
DŽ: 630 -> 630
DŽ: 628 -> 630
DŽ: 577 -> 577
DŽ: 577 -> 577
DŽ: 629 -> 629
DŽ: 628 -> 632
DŽ: 577 -> 577
DŽ: 626 -> 628

 start over 473694 loops 604 unique solutions 
Original + vert_size 13 
DŽ: 577 -> 580
DŽ: 625 -> 625
DŽ: 627 -> 628
DŽ: 626 -> 627
DŽ: 625 -> 626
DŽ: 628 -> 629
DŽ: 627 -> 628
DŽ: 622 -> 625
DŽ: 627 -> 628
DŽ: 622 -> 624

 start over 482936 loops 615 unique solutions 
Original + vert_size 0 
DŽ: 577 -> 577
DŽ: 622 -> 622
DŽ: 577 -> 577
DŽ: 626 -> 627
DŽ: 623 -> 627
DŽ: 623 -> 624
DŽ: 626 -> 627
DŽ: 626 -> 626
DŽ: 577 -> 577
DŽ: 623 -> 623
DŽ: 622 -> 623

 start over 492209 loops 624 unique solutions 
Original + vert_size 0 
DŽ: 577 -> 577
DŽ: 577 -> 577
DŽ: 577 -> 577
DŽ: 624 -> 624
DŽ: 622 -> 623
DŽ: 577 -> 577
DŽ: 577 -> 577
DŽ: 577 -> 577
DŽ: 621 -> 622
DŽ: 619 -> 621

 start over 501087 loops 626 unique solutions 
Approx + random 
DŽ: 781 -> 655
DŽ: 626 -> 627
DŽ: 577 -> 577
DŽ: 577 -> 577
end_heu: 504413 loops with 633 unique solutions in 1799.95 s

Calling print_solution
>>> get_solution
  refine_solution: new weight 577 (was 577) in 0.001629 s
## FINAL WEIGHT 577
print_solution: 0.002388 s
