Version: final-94-gfffc3aa rub_all.sh: remove longest prefix
Random seed: 1550957505
Start
>>> save_orig_graph
>> Saved weight 0
Graph loaded
|V| = 1201, |E| = 10002, |R| = 200
First clearance of the input. Calling buy_zero and run_all_heuristics.
  buy_zero: 0 zero edges in 1.1e-05 s
  handle_small_terminal_degrees: terms 0 in 1e-06 s
  handle_small_Steiner_degrees: steiner 0, suppress 1 in 2e-06 s
  shortest_edge_between_terminals: 0 edges in 2.6e-05 s
  handle_small_terminal_degrees: terms 0 in 0 s
  handle_small_Steiner_degrees: steiner 0, suppress 0 in 1e-06 s
  shortest_edge_between_terminals: 0 edges in 2.5e-05 s
Compressed graph 1201 -> 1199
  delete_edges: deleted 0 edges in 0.001212 s and 1 rounds
  handle_small_terminal_degrees: terms 0 in 1e-06 s
  handle_small_Steiner_degrees: steiner 0, suppress 0 in 1e-06 s
  shortest_edge_between_terminals: 0 edges in 2.5e-05 s
Compressed graph 1199 -> 1199
  delete_edges_shortest_path: deleted 0 edges in 0.032372 s
  handle_small_terminal_degrees: terms 0 in 1e-06 s
  handle_small_Steiner_degrees: steiner 0, suppress 0 in 1e-06 s
  shortest_edge_between_terminals: 0 edges in 2.5e-05 s
Compressed graph 1199 -> 1199
  handle_small_terminal_degrees: terms 0 in 1e-06 s
  handle_small_Steiner_degrees: steiner 0, suppress 0 in 1e-06 s
  shortest_edge_between_terminals: 0 edges in 2.6e-05 s
Compressed graph 1199 -> 1199
  delete_edges_shortest_path: deleted 0 edges in 0.032204 s
  handle_small_terminal_degrees: terms 0 in 1e-06 s
  handle_small_Steiner_degrees: steiner 0, suppress 0 in 2e-06 s
  shortest_edge_between_terminals: 0 edges in 2.5e-05 s
Compressed graph 1199 -> 1199
Compressed graph 1199 -> 1199
>>> save_orig_graph
>> Saved weight 0
### ZEL_LVL=9 PRECISE_STARS=0

Calling `contract_till_the_bitter_end`
|V| = 1199, |E| = 10001, |R| = 200
>> 101 (632: 1021 1027 1021) (0.036939 s)
>> 101 (726: 1026 1036 1026) (0.035913 s)
>> 101 (320: 1017 1031 1017) (0.036077 s)
>> 101 (477: 1014 1051 1014) (0.03603 s)
>> 101 (850: 1013 1053 1013) (0.036224 s)
>> 101 (834: 1025 1038 1025) (0.036188 s)
>> 101 (605: 1012 1054 1012) (0.036365 s)
>> 101 (507: 1018 1043 1018) (0.037454 s)
>> 101 (865: 1062 1076 1062) (0.036554 s)
>> 101 (486: 1032 1041 1032) (0.036611 s)
>> 101 (559: 1033 1045 1033) (0.036521 s)
>> 101 (731: 1044 1058 1044) (0.035927 s)
>> 101 (727: 1008 1019 1008) (0.035985 s)
>> 101 (955: 1064 1101 1064) (0.035606 s)
>> 101 (66: 1066 1072 1066) (0.035625 s)
>> 101 (644: 1029 1107 1029) (0.035319 s)
>> 101 (805: 1074 1087 1074) (0.035722 s)
>> 101 (60: 1063 1094 1063) (0.035531 s)
>> 101 (956: 1028 1046 1028) (0.03509 s)
>> 101 (603: 1030 1092 1030) (0.03532 s)
>> 101 (42: 1089 1093 1089) (0.034577 s)
>> 101 (325: 1112 1113 1112) (0.034389 s)
>> 101 (754: 1023 1102 1023) (0.034465 s)
>> 101 (375: 1075 1096 1075) (0.034963 s)
>> 101 (147: 1035 1103 1035) (0.034604 s)
>> 101 (860: 1011 1059 1011) (0.03471 s)
>> 101 (920: 1002 1048 1002) (0.034403 s)
>> 101 (424: 1078 1097 1078) (0.03448 s)
>> 101 (883: 1073 1079 1073) (0.033796 s)
>> 101 (146: 1090 1136 1090) (0.034099 s)
>> 101 (247: 1022 1069 1022) (0.033777 s)
>> 101 (405: 1115 1152 1115) (0.033392 s)
>> 101 (730: 1095 1141 1095) (0.03286 s)
>> 101 (468: 1037 1111 1037) (0.03287 s)
>> 101 (401: 1098 1128 1098) (0.032614 s)
>> 101 (657: 1060 1080 1060) (0.032158 s)
>> 101 (271: 1049 1056 1049) (0.031922 s)
>> 101 (525: 1042 1070 1042) (0.032017 s)
>> 101 (246: 1122 1126 1122) (0.031206 s)
>> 101 (517: 1061 1108 1061) (0.031122 s)
>> 101 (191: 1130 1159 1130) (0.030775 s)
>> 101 (472: 1007 1077 1007) (0.030477 s)
>> 101 (995: 1118 1147 1118) (0.029852 s)
>> 101 (86: 1099 1105 1099) (0.030086 s)
>> 101 (324: 1039 1139 1039) (0.029566 s)
>> 101 (100: 1086 1160 1086) (0.029155 s)
>> 101 (259: 1009 1050 1009) (0.02833 s)
>> 101 (992: 1055 1084 1055) (0.028045 s)
>> 101 (893: 1088 1116 1088) (0.027446 s)
>> 101 (285: 1003 1119 1003) (0.027319 s)
>> 101 (647: 1068 1163 1068) (0.027177 s)
>> 101 (480: 1138 1148 1138) (0.026964 s)
>> 101 (167: 999 1150 999) (0.026762 s)
>> 0 (-1: -1 -1 -1) (0.021427 s)
Zelikovsky 2.73763 s
>> 101 (1: 1015 1161 1046) (0.424865 s)
>> 101 (6: 1054 1187 1074) (0.421313 s)
>> 101 (42: 1089 1129 1093) (0.417284 s)
>> 101 (60: 1063 1111 1094) (0.415886 s)
>> 101 (65: 1083 1184 1170) (0.423078 s)
>> 101 (66: 1066 1107 1072) (0.418998 s)
>> 101 (100: 1086 1179 1160) (0.418418 s)
>> 101 (146: 1090 1149 1136) (0.422736 s)
>> 101 (147: 1035 1103 1090) (0.42175 s)
>> 101 (153: 1007 1196 1182) (0.427299 s)
>> 101 (162: 1011 1130 1063) (0.435748 s)
>> 101 (217: 1048 1165 1064) (0.438597 s)
>> 101 (223: 1036 1060 1040) (0.434795 s)
>> 101 (287: 1035 1194 1158) (0.434932 s)
>> 101 (325: 1112 1131 1113) (0.430391 s)
>> 101 (361: 1119 1175 1035) (0.428028 s)
>> 101 (375: 1075 1135 1096) (0.427054 s)
>> 101 (401: 1098 1163 1128) (0.424021 s)
>> 101 (424: 1078 1143 1097) (0.419146 s)
>> 101 (588: 1053 1190 1070) (0.411843 s)
>> 101 (600: 1018 1105 1050) (0.405659 s)
>> 101 (603: 1030 1127 1092) (0.400109 s)
>> 101 (726: 1026 1044 1036) (0.395378 s)
>> 101 (727: 1008 1099 1019) (0.389646 s)
>> 101 (754: 1023 1132 1102) (0.383253 s)
>> 100 (21: 999 1186 1011) (0.379819 s)
>> 100 (792: 1164 1171 1080) (0.375932 s)
>> 100 (991: 1169 1195 1029) (0.372556 s)
>> 99 (243: 1172 1177 1119) (0.366421 s)
>> 99 (246: 1126 1139 1122) (0.36343 s)
>> 99 (627: 1025 1198 1045) (0.359676 s)
>> 96 (70: 1077 1142 1026) (0.354779 s)
>> 96 (920: 1002 1188 1062) (0.35179 s)
>> 93 (264: 1053 1147 1009) (0.348983 s)
>> 8 (449: 1066 1145 1085) (0.34651 s)
>> 0 (-1: -1 -1 -1) (0.34334 s)
Zelikovsky- 14.4463 s
>>> get_solution
  refine_solution: new weight 24054 (was 24054) in 0.004712 s
>>> get_solution
  refine_solution: new weight 29319 (was 38184) in 0.004766 s
  refine_solution: new weight 29022 (was 29319) in 0.004734 s
  refine_solution: new weight 29022 (was 29022) in 0.004748 s
0,,1199,10001,200,,0,0,,38184,29022,26209,24054,24054,,0,0,@@

  delete_edges: deleted 0 edges in 0.001216 s and 1 rounds
  handle_small_Steiner_degrees: steiner 0, suppress 0 in 2e-06 s
Starting round 1
Found 0 isolated vertices
Invalid ratios recomputed: 1199
Best ratio is 1649/15 (109.9), centered at 217
Finding the best star... Star with 16 terminals centered in 1167
round took: 0.038427 s
|V| = 1199, |E| = 9740, |R| = 185
>> 101 (632: 1021 1027 1021) (0.030457 s)
>> 101 (726: 1026 1036 1026) (0.030795 s)
>> 101 (477: 1014 1051 1014) (0.030191 s)
>> 101 (834: 1025 1038 1025) (0.030671 s)
>> 101 (507: 1018 1043 1018) (0.030312 s)
>> 101 (865: 1062 1076 1062) (0.030575 s)
>> 101 (486: 1032 1041 1032) (0.030437 s)
>> 101 (559: 1033 1045 1033) (0.030254 s)
>> 101 (731: 1044 1058 1044) (0.030663 s)
>> 101 (348: 1013 1088 1013) (0.030349 s)
>> 101 (727: 1008 1019 1008) (0.030481 s)
>> 101 (805: 1074 1087 1074) (0.030206 s)
>> 101 (956: 1028 1046 1028) (0.029781 s)
>> 101 (603: 1030 1092 1030) (0.02922 s)
>> 101 (42: 1089 1093 1089) (0.029826 s)
>> 101 (959: 1066 1085 1066) (0.029978 s)
>> 101 (325: 1112 1113 1112) (0.029762 s)
>> 101 (754: 1023 1102 1023) (0.029432 s)
>> 101 (375: 1075 1096 1075) (0.029224 s)
>> 101 (147: 1035 1103 1035) (0.028931 s)
>> 101 (424: 1078 1097 1078) (0.029263 s)
>> 101 (146: 1090 1136 1090) (0.029095 s)
>> 101 (247: 1022 1069 1022) (0.028561 s)
>> 101 (401: 1098 1128 1098) (0.028146 s)
>> 101 (517: 1061 1108 1061) (0.02783 s)
>> 101 (320: 1017 1031 1017) (0.027654 s)
>> 101 (614: 1011 1083 1011) (0.027142 s)
>> 101 (955: 1101 1104 1101) (0.02709 s)
>> 101 (722: 1053 1105 1053) (0.026882 s)
>> 101 (644: 1029 1110 1029) (0.026772 s)
>> 101 (60: 1094 1111 1094) (0.026491 s)
>> 101 (703: 1050 1121 1050) (0.026238 s)
>> 101 (705: 1040 1125 1040) (0.025853 s)
>> 101 (628: 1126 1127 1126) (0.025387 s)
>> 101 (816: 1002 1055 1002) (0.024934 s)
>> 101 (657: 1060 1080 1060) (0.025194 s)
>> 101 (876: 1106 1122 1106) (0.024784 s)
>> 101 (225: 1039 1142 1039) (0.0244 s)
>> 101 (405: 1115 1157 1115) (0.024102 s)
>> 101 (605: 1073 1159 1073) (0.023658 s)
>> 101 (995: 1037 1147 1037) (0.023485 s)
>> 101 (480: 1138 1148 1138) (0.023321 s)
>> 101 (837: 1095 1166 1095) (0.023335 s)
>> 101 (100: 1086 1160 1086) (0.023048 s)
>> 101 (770: 999 1140 999) (0.022534 s)
>> 0 (-1: -1 -1 -1) (0.016848 s)
Zelikovsky 2.03028 s
>> 101 (1: 1015 1161 1046) (0.382588 s)
>> 101 (6: 1074 1187 1167) (0.3811 s)
>> 101 (42: 1089 1129 1093) (0.378498 s)
>> 101 (60: 1094 1111 1074) (0.379161 s)
>> 101 (65: 1083 1184 1170) (0.381471 s)
>> 101 (66: 1066 1094 1072) (0.378272 s)
>> 101 (100: 1086 1179 1160) (0.376947 s)
>> 101 (146: 1090 1149 1136) (0.380476 s)
>> 101 (147: 1035 1103 1090) (0.380092 s)
>> 101 (153: 1182 1196 1066) (0.383785 s)
>> 101 (162: 1011 1182 1130) (0.388475 s)
>> 101 (223: 1036 1060 1040) (0.395411 s)
>> 101 (287: 1035 1194 1158) (0.390171 s)
>> 101 (325: 1112 1131 1113) (0.38873 s)
>> 101 (361: 1119 1175 1035) (0.385845 s)
>> 101 (375: 1075 1135 1096) (0.384702 s)
>> 101 (401: 1098 1163 1128) (0.382739 s)
>> 101 (424: 1078 1143 1097) (0.380692 s)
>> 101 (588: 1053 1190 1070) (0.374196 s)
>> 101 (600: 1018 1105 1050) (0.369042 s)
>> 101 (603: 1030 1127 1092) (0.362167 s)
>> 101 (726: 1026 1044 1011) (0.358705 s)
>> 101 (727: 1008 1099 1019) (0.354839 s)
>> 101 (754: 1023 1132 1102) (0.348402 s)
>> 100 (21: 999 1186 1026) (0.345321 s)
>> 100 (792: 1164 1171 1080) (0.343983 s)
>> 100 (991: 1169 1029 999) (0.340713 s)
>> 99 (243: 1172 1177 1119) (0.334813 s)
>> 99 (246: 1126 1139 1122) (0.332089 s)
>> 99 (627: 1025 1198 1045) (0.328659 s)
>> 96 (70: 1077 1142 1036) (0.3235 s)
>> 96 (920: 1002 1188 1062) (0.320146 s)
>> 93 (264: 1053 1147 1009) (0.317729 s)
>> 8 (449: 1145 1169 1085) (0.313814 s)
>> 0 (-1: -1 -1 -1) (0.310915 s)
Zelikovsky- 12.6904 s
>>> get_solution
  refine_solution: new weight 24054 (was 24066) in 0.00472 s
  refine_solution: new weight 24054 (was 24054) in 0.0047 s
>>> get_solution
  refine_solution: new weight 29408 (was 36821) in 0.004764 s
  refine_solution: new weight 29208 (was 29408) in 0.00474 s
  refine_solution: new weight 29208 (was 29208) in 0.004735 s
1,,1199,9740,185,,1199,0,,36821,29208,26064,24066,24054,,1649,16,@@

  handle_small_Steiner_degrees: steiner 0, suppress 0 in 3e-06 s
Starting round 2
Found 16 isolated vertices
Invalid ratios recomputed: 656
Best ratio is 1870/17 (110.0), centered at 860
Finding the best star... Star with 18 terminals centered in 1011
round took: 0.040321 s
|V| = 1199, |E| = 9091, |R| = 168
>> 101 (320: 1011 1017 1011) (0.023807 s)
>> 101 (632: 1021 1027 1021) (0.024725 s)
>> 101 (223: 1036 1040 1036) (0.024286 s)
>> 101 (477: 1014 1051 1014) (0.024352 s)
>> 101 (486: 1032 1041 1032) (0.024154 s)
>> 101 (559: 1033 1045 1033) (0.024196 s)
>> 101 (731: 1044 1058 1044) (0.024256 s)
>> 101 (42: 1034 1089 1034) (0.024194 s)
>> 101 (348: 1013 1088 1013) (0.023797 s)
>> 101 (365: 1024 1094 1024) (0.024063 s)
>> 101 (727: 1008 1019 1008) (0.023906 s)
>> 101 (600: 1018 1050 1018) (0.023839 s)
>> 101 (805: 1074 1087 1074) (0.023896 s)
>> 101 (959: 1066 1085 1066) (0.023577 s)
>> 101 (325: 1112 1113 1112) (0.023723 s)
>> 101 (754: 1023 1102 1023) (0.023455 s)
>> 101 (375: 1075 1096 1075) (0.023262 s)
>> 101 (629: 1035 1047 1035) (0.023168 s)
>> 101 (146: 1090 1136 1090) (0.02303 s)
>> 101 (247: 1022 1069 1022) (0.022686 s)
>> 101 (1: 1015 1046 1015) (0.022835 s)
>> 101 (384: 1114 1125 1114) (0.02263 s)
>> 101 (401: 1098 1128 1098) (0.022588 s)
>> 101 (517: 1061 1108 1061) (0.022191 s)
>> 101 (816: 1002 1055 1002) (0.022048 s)
>> 101 (398: 1038 1049 1038) (0.021891 s)
>> 101 (588: 1053 1070 1053) (0.021178 s)
>> 101 (760: 1076 1093 1076) (0.020706 s)
>> 101 (908: 1010 1103 1010) (0.020585 s)
>> 101 (657: 1060 1080 1060) (0.020549 s)
>> 101 (876: 1106 1122 1106) (0.020387 s)
>> 101 (422: 1026 1073 1026) (0.020211 s)
>> 101 (480: 1117 1138 1117) (0.019918 s)
>> 101 (191: 1130 1159 1130) (0.019608 s)
>> 101 (995: 1118 1147 1118) (0.019456 s)
>> 101 (86: 1099 1105 1099) (0.019173 s)
>> 101 (167: 999 1150 999) (0.018879 s)
>> 0 (-1: -1 -1 -1) (0.013954 s)
Zelikovsky 1.40922 s
>> 101 (1: 1015 1161 1046) (0.33586 s)
>> 101 (6: 1011 1187 1074) (0.335574 s)
>> 101 (42: 1089 1129 1093) (0.334346 s)
>> 101 (60: 1011 1111 1094) (0.337055 s)
>> 101 (65: 1083 1184 1170) (0.337928 s)
>> 101 (66: 1011 1072 1066) (0.335007 s)
>> 101 (146: 1090 1149 1136) (0.332961 s)
>> 101 (147: 1035 1103 1090) (0.332104 s)
>> 101 (153: 1011 1196 1182) (0.335362 s)
>> 101 (162: 1011 1183 1130) (0.339405 s)
>> 101 (223: 1036 1060 1040) (0.340359 s)
>> 101 (287: 1035 1194 1158) (0.340192 s)
>> 101 (306: 1011 1179 1173) (0.337531 s)
>> 101 (325: 1112 1131 1113) (0.336306 s)
>> 101 (348: 1013 1095 1088) (0.334344 s)
>> 101 (361: 1119 1175 1035) (0.331089 s)
>> 101 (375: 1075 1135 1096) (0.328422 s)
>> 101 (401: 1098 1163 1128) (0.324418 s)
>> 101 (424: 1011 1143 1097) (0.320838 s)
>> 101 (600: 1018 1105 1050) (0.316933 s)
>> 101 (726: 1011 1044 1026) (0.313738 s)
>> 101 (727: 1008 1099 1019) (0.310116 s)
>> 101 (754: 1023 1132 1102) (0.305278 s)
>> 100 (21: 999 1186 1011) (0.3021 s)
>> 100 (255: 1123 1134 999) (0.299958 s)
>> 100 (540: 1001 1123 1017) (0.296874 s)
>> 100 (706: 1014 1084 1001) (0.293444 s)
>> 100 (991: 1169 1029 1014) (0.29071 s)
>> 99 (243: 1172 1177 1119) (0.288501 s)
>> 99 (246: 1126 1139 1122) (0.285555 s)
>> 99 (525: 1042 1070 1009) (0.282988 s)
>> 99 (636: 1021 1147 1058) (0.279841 s)
>> 97 (559: 1033 1188 1045) (0.276767 s)
>> 8 (449: 1085 1169 1145) (0.273701 s)
>> 0 (-1: -1 -1 -1) (0.26968 s)
Zelikovsky- 11.0465 s
>>> get_solution
  refine_solution: new weight 24152 (was 24184) in 0.004719 s
  refine_solution: new weight 24152 (was 24152) in 0.004694 s
>>> get_solution
  refine_solution: new weight 29767 (was 35560) in 0.004771 s
  refine_solution: new weight 29767 (was 29767) in 0.004741 s
2,,1183,9091,168,,656,0,,35560,29767,25910,24184,24152,,1870,18,@@

  handle_small_Steiner_degrees: steiner 0, suppress 0 in 2e-06 s
Starting round 3
Found 34 isolated vertices
Invalid ratios recomputed: 943
Best ratio is 220/2 (110.0), centered at 1011
Finding the best star... Star with 3 terminals centered in 1011
round took: 0.06794 s
|V| = 1199, |E| = 8997, |R| = 166
>> 101 (320: 1011 1017 1011) (0.023353 s)
>> 101 (632: 1021 1027 1021) (0.023678 s)
>> 101 (223: 1036 1040 1036) (0.024028 s)
>> 101 (477: 1014 1051 1014) (0.02404 s)
>> 101 (657: 1060 1080 1060) (0.023681 s)
>> 101 (486: 1032 1041 1032) (0.023527 s)
>> 101 (559: 1033 1045 1033) (0.023925 s)
>> 101 (731: 1044 1058 1044) (0.023412 s)
>> 101 (42: 1034 1089 1034) (0.023505 s)
>> 101 (348: 1013 1088 1013) (0.023402 s)
>> 101 (365: 1024 1094 1024) (0.023522 s)
>> 101 (727: 1008 1019 1008) (0.023276 s)
>> 101 (600: 1018 1050 1018) (0.023868 s)
>> 101 (805: 1074 1087 1074) (0.023038 s)
>> 101 (959: 1066 1085 1066) (0.023183 s)
>> 101 (325: 1112 1113 1112) (0.022998 s)
>> 101 (754: 1023 1102 1023) (0.022856 s)
>> 101 (375: 1075 1096 1075) (0.022649 s)
>> 101 (629: 1035 1047 1035) (0.022761 s)
>> 101 (146: 1090 1136 1090) (0.022506 s)
>> 101 (247: 1022 1069 1022) (0.022206 s)
>> 101 (1: 1015 1046 1015) (0.022184 s)
>> 101 (384: 1114 1125 1114) (0.021667 s)
>> 101 (401: 1098 1128 1098) (0.021771 s)
>> 101 (517: 1061 1108 1061) (0.021643 s)
>> 101 (816: 1002 1055 1002) (0.021302 s)
>> 101 (588: 1053 1070 1053) (0.020712 s)
>> 101 (760: 1076 1093 1076) (0.020683 s)
>> 101 (876: 1106 1122 1106) (0.020309 s)
>> 101 (422: 1026 1073 1026) (0.020246 s)
>> 101 (480: 1117 1138 1117) (0.019919 s)
>> 101 (191: 1130 1159 1130) (0.01963 s)
>> 101 (995: 1118 1147 1118) (0.019419 s)
>> 101 (86: 1099 1105 1099) (0.019223 s)
>> 101 (167: 999 1150 999) (0.018977 s)
>> 0 (-1: -1 -1 -1) (0.013655 s)
Zelikovsky 1.33867 s
>> 101 (1: 1015 1161 1046) (0.330625 s)
>> 101 (6: 1011 1187 1074) (0.329254 s)
>> 101 (42: 1089 1129 1093) (0.328022 s)
>> 101 (60: 1011 1111 1094) (0.330287 s)
>> 101 (65: 1083 1184 1170) (0.331718 s)
>> 101 (66: 1011 1072 1066) (0.328392 s)
>> 101 (146: 1090 1149 1136) (0.327143 s)
>> 101 (147: 1035 1103 1090) (0.324909 s)
>> 101 (153: 1011 1196 1182) (0.328218 s)
>> 101 (162: 1011 1183 1130) (0.333129 s)
>> 101 (223: 1036 1060 1040) (0.333527 s)
>> 101 (287: 1035 1194 1158) (0.332196 s)
>> 101 (306: 1011 1179 1173) (0.330919 s)
>> 101 (325: 1112 1131 1113) (0.329856 s)
>> 101 (348: 1013 1095 1088) (0.328289 s)
>> 101 (361: 1119 1175 1035) (0.325782 s)
>> 101 (375: 1075 1135 1096) (0.32287 s)
>> 101 (401: 1098 1163 1128) (0.318648 s)
>> 101 (424: 1011 1143 1097) (0.314825 s)
>> 101 (600: 1018 1105 1050) (0.311008 s)
>> 101 (726: 1011 1044 1026) (0.307569 s)
>> 101 (727: 1008 1099 1019) (0.303962 s)
>> 101 (754: 1023 1132 1102) (0.299902 s)
>> 100 (21: 999 1186 1011) (0.296402 s)
>> 100 (255: 1123 1134 999) (0.294817 s)
>> 100 (540: 1001 1123 1017) (0.291677 s)
>> 100 (706: 1014 1084 1001) (0.288282 s)
>> 100 (991: 1169 1029 1014) (0.285327 s)
>> 99 (243: 1172 1177 1119) (0.283028 s)
>> 99 (246: 1126 1139 1122) (0.280176 s)
>> 99 (525: 1042 1070 1009) (0.277764 s)
>> 99 (636: 1021 1147 1058) (0.274718 s)
>> 97 (559: 1033 1188 1045) (0.272133 s)
>> 8 (449: 1085 1169 1145) (0.268324 s)
>> 0 (-1: -1 -1 -1) (0.264563 s)
Zelikovsky- 10.8394 s
>>> get_solution
  refine_solution: new weight 24152 (was 24190) in 0.004721 s
  refine_solution: new weight 24152 (was 24152) in 0.004709 s
>>> get_solution
  refine_solution: new weight 28808 (was 35661) in 0.004762 s
  refine_solution: new weight 28510 (was 28808) in 0.004741 s
  refine_solution: new weight 28510 (was 28510) in 0.004726 s
3,,1165,8997,166,,943,0,,35661,28510,25937,24190,24152,,220,3,@@

  handle_small_Steiner_degrees: steiner 0, suppress 0 in 3e-06 s
Starting round 4
Found 36 isolated vertices
Invalid ratios recomputed: 957
Best ratio is 1771/16 (110.7), centered at 730
Finding the best star... Star with 17 terminals centered in 1095
round took: 0.07014 s
|V| = 1199, |E| = 8310, |R| = 150
>> 101 (632: 1021 1027 1021) (0.018532 s)
>> 101 (726: 1026 1036 1026) (0.018856 s)
>> 101 (477: 1014 1051 1014) (0.018331 s)
>> 101 (486: 1032 1041 1032) (0.018866 s)
>> 101 (559: 1033 1045 1033) (0.018623 s)
>> 101 (731: 1044 1058 1044) (0.018319 s)
>> 101 (320: 1017 1031 1017) (0.018197 s)
>> 101 (717: 1030 1040 1030) (0.018019 s)
>> 101 (507: 1018 1043 1018) (0.018082 s)
>> 101 (66: 1066 1072 1066) (0.017393 s)
>> 101 (327: 1047 1075 1047) (0.017691 s)
>> 101 (348: 1013 1088 1013) (0.016885 s)
>> 101 (625: 1052 1090 1052) (0.016942 s)
>> 101 (364: 1093 1095 1093) (0.016801 s)
>> 101 (727: 1008 1019 1008) (0.0175 s)
>> 101 (908: 1010 1103 1010) (0.017292 s)
>> 101 (544: 1056 1076 1056) (0.017186 s)
>> 101 (805: 1074 1087 1074) (0.017644 s)
>> 101 (259: 1009 1050 1009) (0.017045 s)
>> 101 (42: 1034 1089 1034) (0.017297 s)
>> 101 (325: 1112 1113 1112) (0.016943 s)
>> 101 (147: 1035 1136 1035) (0.016749 s)
>> 101 (883: 1073 1079 1073) (0.016748 s)
>> 101 (247: 1022 1069 1022) (0.016413 s)
>> 101 (377: 1005 1038 1005) (0.016338 s)
>> 101 (1: 1015 1046 1015) (0.016183 s)
>> 101 (384: 1114 1125 1114) (0.015738 s)
>> 101 (401: 1098 1128 1098) (0.015927 s)
>> 101 (517: 1061 1108 1061) (0.015538 s)
>> 101 (992: 1055 1084 1055) (0.014659 s)
>> 101 (220: 1002 1105 1002) (0.014446 s)
>> 101 (480: 1117 1138 1117) (0.014518 s)
>> 101 (977: 1020 1145 1020) (0.01424 s)
>> 101 (585: 1100 1106 1100) (0.01377 s)
>> 101 (191: 1130 1159 1130) (0.013478 s)
>> 101 (825: 1070 1129 1070) (0.013239 s)
>> 101 (647: 1068 1163 1068) (0.013187 s)
>> 101 (995: 1118 1147 1118) (0.012938 s)
>> 101 (792: 1080 1164 1080) (0.012871 s)
>> 101 (167: 999 1150 999) (0.012638 s)
>> 0 (-1: -1 -1 -1) (0.010266 s)
Zelikovsky 1.12271 s
>> 101 (1: 1015 1161 1046) (0.291123 s)
>> 101 (6: 1074 1187 1095) (0.289787 s)
>> 101 (42: 1089 1129 1093) (0.287568 s)
>> 101 (60: 1094 1111 1074) (0.287756 s)
>> 101 (65: 1083 1184 1170) (0.288969 s)
>> 101 (66: 1066 1094 1072) (0.28869 s)
>> 101 (146: 1090 1149 1136) (0.286348 s)
>> 101 (147: 1035 1103 1090) (0.28435 s)
>> 101 (153: 1196 1182 1066) (0.287543 s)
>> 101 (162: 1130 1196 1183) (0.286473 s)
>> 101 (223: 1036 1130 1040) (0.286791 s)
>> 101 (287: 1035 1194 1158) (0.286019 s)
>> 101 (306: 1173 1179 1036) (0.284745 s)
>> 101 (325: 1112 1131 1113) (0.284008 s)
>> 101 (348: 1013 1173 1088) (0.283108 s)
>> 101 (361: 1119 1175 1035) (0.28021 s)
>> 101 (375: 1075 1135 1096) (0.277099 s)
>> 101 (401: 1098 1163 1128) (0.274114 s)
>> 101 (600: 1018 1105 1050) (0.270936 s)
>> 101 (726: 1026 1044 1013) (0.268957 s)
>> 101 (727: 1008 1099 1019) (0.265552 s)
>> 101 (754: 1132 1102 1026) (0.263267 s)
>> 100 (21: 999 1186 1119) (0.260831 s)
>> 100 (483: 1097 1198 1132) (0.258938 s)
>> 100 (525: 1042 1097 1070) (0.256071 s)
>> 100 (540: 1001 1042 1017) (0.251981 s)
>> 100 (706: 1014 1084 1001) (0.249929 s)
>> 100 (792: 1164 1171 1080) (0.246751 s)
>> 100 (945: 1117 1134 1045) (0.24464 s)
>> 99 (636: 1021 1147 1058) (0.242488 s)
>> 99 (920: 1002 1188 1139) (0.240152 s)
>> 97 (211: 1085 1177 1014) (0.238372 s)
>> 93 (580: 1029 1142 999) (0.236279 s)
>> 0 (-1: -1 -1 -1) (0.233412 s)
Zelikovsky- 9.17352 s
>>> get_solution
  refine_solution: new weight 24155 (was 24204) in 0.004728 s
  refine_solution: new weight 24155 (was 24155) in 0.004703 s
>>> get_solution
  refine_solution: new weight 29971 (was 34806) in 0.00476 s
  refine_solution: new weight 28981 (was 29971) in 0.004723 s
  refine_solution: new weight 28981 (was 28981) in 0.004725 s
4,,1163,8310,150,,957,0,,34806,28981,26034,24204,24155,,1771,17,@@

  handle_small_Steiner_degrees: steiner 0, suppress 2 in 8e-06 s
Starting round 5
Found 55 isolated vertices
Invalid ratios recomputed: 1037
Best ratio is 1563/14 (111.6), centered at 588
Finding the best star... Star with 15 terminals centered in 1070
round took: 0.079979 s
|V| = 1199, |E| = 7578, |R| = 136
>> 101 (477: 1014 1051 1014) (0.01425 s)
>> 101 (478: 1010 1027 1010) (0.014711 s)
>> 101 (320: 1017 1031 1017) (0.014167 s)
>> 101 (507: 1018 1043 1018) (0.014032 s)
>> 101 (726: 1026 1044 1026) (0.014329 s)
>> 101 (66: 1066 1070 1066) (0.014171 s)
>> 101 (348: 1013 1080 1013) (0.014749 s)
>> 101 (486: 1032 1041 1032) (0.014573 s)
>> 101 (559: 1033 1045 1033) (0.014282 s)
>> 101 (42: 1034 1089 1034) (0.014217 s)
>> 101 (727: 1008 1019 1008) (0.014412 s)
>> 101 (805: 1074 1087 1074) (0.013878 s)
>> 101 (223: 1005 1040 1005) (0.014017 s)
>> 101 (259: 1009 1050 1009) (0.013868 s)
>> 101 (325: 1112 1113 1112) (0.013928 s)
>> 101 (375: 1075 1096 1075) (0.013833 s)
>> 101 (629: 1035 1047 1035) (0.01384 s)
>> 101 (146: 1090 1136 1090) (0.013479 s)
>> 101 (443: 1022 1039 1022) (0.012603 s)
>> 101 (644: 1029 1093 1029) (0.012322 s)
>> 101 (220: 1002 1105 1002) (0.01239 s)
>> 101 (480: 1117 1138 1117) (0.01218 s)
>> 101 (21: 999 1130 999) (0.012135 s)
>> 0 (-1: -1 -1 -1) (0.008504 s)
Zelikovsky 0.704413 s
>> 101 (1: 1015 1161 1046) (0.259288 s)
>> 101 (42: 1089 1129 1093) (0.257823 s)
>> 101 (60: 1070 1111 1094) (0.25806 s)
>> 101 (65: 1083 1184 1170) (0.258182 s)
>> 101 (66: 1066 1072 1070) (0.258289 s)
>> 101 (146: 1090 1149 1136) (0.254958 s)
>> 101 (147: 1035 1103 1090) (0.253134 s)
>> 101 (153: 1196 1182 1066) (0.253284 s)
>> 101 (162: 1130 1196 1183) (0.251851 s)
>> 101 (287: 1035 1194 1158) (0.252717 s)
>> 101 (306: 1179 1173 1130) (0.252832 s)
>> 101 (325: 1112 1131 1113) (0.253003 s)
>> 101 (348: 1013 1179 1088) (0.250479 s)
>> 101 (361: 1119 1175 1035) (0.25006 s)
>> 101 (375: 1075 1135 1096) (0.248514 s)
>> 101 (401: 1163 1128 1013) (0.246569 s)
>> 101 (559: 1033 1197 1045) (0.243619 s)
>> 101 (600: 1018 1105 1050) (0.242659 s)
>> 101 (726: 1026 1163 1044) (0.239644 s)
>> 101 (727: 1008 1099 1019) (0.238227 s)
>> 101 (743: 1074 1134 1026) (0.235934 s)
>> 101 (754: 1132 1102 1074) (0.233095 s)
>> 100 (21: 999 1186 1119) (0.23047 s)
>> 100 (223: 1040 1132 1114) (0.228666 s)
>> 100 (404: 1085 1148 1040) (0.225868 s)
>> 100 (483: 1097 1198 1085) (0.222997 s)
>> 100 (706: 1014 1097 1084) (0.220864 s)
>> 99 (141: 1112 1120 1042) (0.218708 s)
>> 98 (580: 1029 1139 999) (0.216025 s)
>> 97 (273: 1017 1110 1077) (0.213793 s)
>> 8 (517: 1108 1164 1061) (0.211557 s)
>> 5 (627: 1057 1177 1014) (0.209418 s)
>> 0 (-1: -1 -1 -1) (0.207496 s)
Zelikovsky- 7.90717 s
>>> get_solution
  refine_solution: new weight 24127 (was 24210) in 0.004718 s
  refine_solution: new weight 24127 (was 24127) in 0.004706 s
>>> get_solution
  refine_solution: new weight 27500 (was 33339) in 0.00476 s
  refine_solution: new weight 26621 (was 27500) in 0.004733 s
  refine_solution: new weight 26621 (was 26621) in 0.004722 s
5,,1144,7578,136,,1037,0,,33339,26621,25698,24210,24127,,1563,15,@@

  handle_small_Steiner_degrees: steiner 0, suppress 5 in 2.1e-05 s
Starting round 6
Found 75 isolated vertices
Invalid ratios recomputed: 1053
Best ratio is 1567/14 (111.9), centered at 804
Finding the best star... Star with 15 terminals centered in 1079
round took: 0.080134 s
|V| = 1199, |E| = 6884, |R| = 122
>> 101 (477: 1014 1051 1014) (0.010393 s)
>> 101 (478: 1010 1027 1010) (0.010356 s)
>> 101 (320: 1017 1031 1017) (0.010138 s)
>> 101 (486: 1032 1041 1032) (0.010017 s)
>> 101 (507: 1018 1043 1018) (0.010045 s)
>> 101 (726: 1026 1044 1026) (0.010006 s)
>> 101 (559: 1045 1069 1045) (0.010004 s)
>> 101 (66: 1066 1072 1066) (0.009922 s)
>> 101 (327: 1047 1075 1047) (0.009966 s)
>> 101 (805: 1074 1079 1074) (0.009637 s)
>> 101 (321: 1013 1042 1013) (0.010172 s)
>> 101 (727: 1008 1019 1008) (0.009837 s)
>> 101 (223: 1005 1040 1005) (0.009903 s)
>> 101 (259: 1009 1050 1009) (0.009802 s)
>> 101 (147: 1035 1103 1035) (0.009809 s)
>> 101 (870: 1087 1093 1087) (0.009685 s)
>> 101 (85: 1099 1112 1099) (0.009724 s)
>> 101 (702: 1004 1016 1004) (0.009584 s)
>> 101 (220: 1002 1105 1002) (0.009395 s)
>> 101 (146: 1090 1136 1090) (0.009304 s)
>> 101 (443: 1022 1039 1022) (0.008986 s)
>> 101 (480: 1117 1138 1117) (0.008863 s)
>> 101 (585: 1100 1106 1100) (0.008631 s)
>> 101 (1: 1015 1046 1015) (0.00865 s)
>> 101 (647: 1038 1068 1038) (0.008571 s)
>> 101 (517: 1061 1108 1061) (0.008342 s)
>> 101 (995: 1118 1147 1118) (0.008151 s)
>> 101 (792: 1080 1164 1080) (0.008008 s)
>> 101 (167: 999 1150 999) (0.007855 s)
>> 0 (-1: -1 -1 -1) (0.006334 s)
Zelikovsky 0.60312 s
>> 101 (1: 1015 1161 1046) (0.226684 s)
>> 101 (42: 1079 1129 1093) (0.225736 s)
>> 101 (65: 1079 1170 1083) (0.225871 s)
>> 101 (66: 1066 1079 1072) (0.225456 s)
>> 101 (146: 1090 1149 1136) (0.223165 s)
>> 101 (147: 1035 1103 1090) (0.222581 s)
>> 101 (153: 1196 1182 1066) (0.22208 s)
>> 101 (287: 1035 1194 1158) (0.22088 s)
>> 101 (306: 1179 1196 1173) (0.220193 s)
>> 101 (348: 1013 1179 1088) (0.219771 s)
>> 101 (361: 1119 1175 1035) (0.220261 s)
>> 101 (367: 1183 1155 1013) (0.217165 s)
>> 101 (375: 1075 1183 1151) (0.21531 s)
>> 101 (478: 1010 1075 1027) (0.213825 s)
>> 101 (600: 1018 1105 1050) (0.213792 s)
>> 101 (644: 1029 1110 1010) (0.21255 s)
>> 101 (726: 1026 1044 1029) (0.211476 s)
>> 101 (727: 1008 1099 1019) (0.2091 s)
>> 101 (743: 1074 1134 1026) (0.207384 s)
>> 101 (754: 1132 1102 1074) (0.203838 s)
>> 100 (21: 999 1186 1119) (0.202871 s)
>> 100 (223: 1040 1132 1114) (0.202085 s)
>> 100 (337: 1017 1128 1040) (0.200215 s)
>> 100 (404: 1085 1148 1017) (0.197707 s)
>> 100 (483: 1097 1198 1085) (0.196099 s)
>> 100 (543: 1002 1097 1094) (0.194697 s)
>> 100 (706: 1014 1084 1002) (0.192549 s)
>> 100 (943: 1000 1014 1001) (0.190349 s)
>> 100 (945: 1117 1045 1000) (0.188892 s)
>> 99 (544: 1056 1106 1009) (0.186935 s)
>> 98 (920: 1117 1188 1138) (0.185578 s)
>> 94 (395: 1177 1117 1077) (0.183724 s)
>> 0 (-1: -1 -1 -1) (0.182226 s)
Zelikovsky- 6.86951 s
>>> get_solution
  refine_solution: new weight 24226 (was 24332) in 0.00473 s
  refine_solution: new weight 24226 (was 24226) in 0.004703 s
>>> get_solution
  refine_solution: new weight 28432 (was 32178) in 0.004771 s
  refine_solution: new weight 27673 (was 28432) in 0.004745 s
  refine_solution: new weight 27673 (was 27673) in 0.004752 s
6,,1124,6884,122,,1053,0,,32178,27673,25407,24332,24226,,1567,15,@@

  handle_small_Steiner_degrees: steiner 0, suppress 10 in 3.1e-05 s
Starting round 7
Found 100 isolated vertices
Invalid ratios recomputed: 1059
Best ratio is 1357/12 (113.1), centered at 741
Finding the best star... Star with 13 terminals centered in 1042
round took: 0.081811 s
|V| = 1199, |E| = 6250, |R| = 110
>> 101 (320: 1017 1031 1017) (0.007861 s)
>> 101 (632: 1027 1035 1027) (0.007471 s)
>> 101 (486: 1032 1041 1032) (0.007474 s)
>> 101 (507: 1018 1042 1018) (0.007409 s)
>> 101 (731: 1044 1058 1044) (0.00822 s)
>> 101 (727: 1008 1019 1008) (0.008068 s)
>> 101 (253: 1034 1075 1034) (0.008143 s)
>> 101 (223: 1005 1040 1005) (0.008057 s)
>> 101 (259: 1009 1050 1009) (0.008019 s)
>> 101 (702: 1004 1043 1004) (0.007849 s)
>> 101 (85: 1099 1112 1099) (0.007851 s)
>> 101 (220: 1002 1105 1002) (0.007856 s)
>> 101 (146: 1090 1136 1090) (0.007649 s)
>> 101 (560: 1000 1013 1000) (0.00738 s)
>> 101 (443: 1022 1039 1022) (0.007311 s)
>> 101 (644: 1029 1093 1029) (0.007204 s)
>> 101 (148: 1020 1045 1020) (0.007109 s)
>> 101 (480: 1117 1138 1117) (0.007107 s)
>> 101 (585: 1100 1106 1100) (0.006942 s)
>> 101 (647: 1038 1068 1038) (0.006836 s)
>> 101 (517: 1061 1108 1061) (0.006682 s)
>> 101 (995: 1118 1147 1118) (0.006604 s)
>> 101 (278: 1046 1097 1046) (0.006546 s)
>> 101 (167: 999 1150 999) (0.006872 s)
>> 0 (-1: -1 -1 -1) (0.005096 s)
Zelikovsky 0.452268 s
>> 101 (42: 1042 1129 1093) (0.200111 s)
>> 101 (65: 1042 1170 1083) (0.200061 s)
>> 101 (100: 1042 1179 1160) (0.199479 s)
>> 101 (146: 1090 1149 1136) (0.200165 s)
>> 101 (147: 1035 1103 1090) (0.199203 s)
>> 101 (153: 1042 1196 1182) (0.199574 s)
>> 101 (287: 1035 1194 1158) (0.199175 s)
>> 101 (325: 1042 1131 1112) (0.197878 s)
>> 101 (361: 1119 1175 1035) (0.19845 s)
>> 101 (375: 1042 1151 1075) (0.19727 s)
>> 101 (401: 1042 1163 1128) (0.195134 s)
>> 101 (600: 1018 1105 1050) (0.193395 s)
>> 101 (644: 1029 1110 1042) (0.193489 s)
>> 101 (726: 1026 1044 1029) (0.191076 s)
>> 101 (727: 1008 1099 1019) (0.188989 s)
>> 101 (743: 1074 1134 1026) (0.186763 s)
>> 101 (754: 1132 1102 1074) (0.185457 s)
>> 101 (790: 1001 1174 1046) (0.183694 s)
>> 100 (21: 999 1186 1119) (0.183032 s)
>> 100 (60: 1094 1132 1027) (0.181486 s)
>> 100 (225: 1039 1142 1094) (0.179648 s)
>> 100 (404: 1085 1040 1039) (0.177299 s)
>> 100 (483: 1097 1198 1085) (0.175168 s)
>> 100 (559: 1045 1097 1069) (0.17331 s)
>> 98 (87: 1031 1120 1045) (0.171756 s)
>> 95 (956: 1031 1177 1118) (0.170283 s)
>> 92 (543: 1002 1183 1164) (0.168658 s)
>> 0 (-1: -1 -1 -1) (0.16739 s)
Zelikovsky- 5.26411 s
>>> get_solution
  refine_solution: new weight 23871 (was 23982) in 0.004717 s
  refine_solution: new weight 23871 (was 23871) in 0.004684 s
>>> get_solution
  refine_solution: new weight 28935 (was 31211) in 0.004772 s
  refine_solution: new weight 27664 (was 28935) in 0.004738 s
  refine_solution: new weight 27664 (was 27664) in 0.004736 s
7,,1099,6250,110,,1059,0,,31211,27664,25816,23982,23871,,1357,13,@@

  handle_small_Steiner_degrees: steiner 2, suppress 9 in 3.5e-05 s
Starting round 8
Found 124 isolated vertices
Invalid ratios recomputed: 1043
Best ratio is 1477/13 (113.6), centered at 627
Finding the best star... Star with 14 terminals centered in 1042
round took: 0.078014 s
|V| = 1199, |E| = 5642, |R| = 97
>> 101 (320: 1017 1031 1017) (0.005624 s)
>> 101 (632: 1027 1035 1027) (0.005547 s)
>> 101 (486: 1032 1041 1032) (0.00591 s)
>> 101 (507: 1018 1042 1018) (0.005756 s)
>> 101 (731: 1044 1058 1044) (0.006277 s)
>> 101 (560: 1000 1013 1000) (0.006131 s)
>> 101 (253: 1034 1075 1034) (0.006166 s)
>> 101 (223: 1005 1040 1005) (0.006067 s)
>> 101 (259: 1009 1050 1009) (0.006051 s)
>> 101 (702: 1004 1043 1004) (0.005878 s)
>> 101 (146: 1090 1136 1090) (0.00579 s)
>> 101 (197: 1001 1019 1001) (0.00559 s)
>> 101 (644: 1029 1093 1029) (0.005577 s)
>> 101 (220: 1002 1105 1002) (0.005573 s)
>> 101 (480: 1117 1138 1117) (0.005516 s)
>> 101 (141: 1016 1112 1016) (0.005342 s)
>> 101 (443: 1022 1039 1022) (0.005131 s)
>> 101 (585: 1100 1106 1100) (0.005026 s)
>> 101 (517: 1061 1108 1061) (0.004944 s)
>> 101 (647: 1068 1163 1068) (0.004814 s)
>> 101 (995: 1118 1147 1118) (0.00472 s)
>> 101 (278: 1046 1097 1046) (0.004691 s)
>> 101 (167: 999 1150 999) (0.00468 s)
>> 0 (-1: -1 -1 -1) (0.003728 s)
Zelikovsky 0.355004 s
>> 101 (42: 1042 1129 1093) (0.174772 s)
>> 101 (100: 1042 1179 1160) (0.174139 s)
>> 101 (146: 1090 1149 1136) (0.17512 s)
>> 101 (147: 1035 1103 1090) (0.17429 s)
>> 101 (153: 1042 1196 1182) (0.174488 s)
>> 101 (287: 1035 1194 1158) (0.174713 s)
>> 101 (325: 1042 1131 1112) (0.173769 s)
>> 101 (361: 1119 1175 1035) (0.173376 s)
>> 101 (375: 1042 1151 1075) (0.171883 s)
>> 101 (401: 1042 1163 1128) (0.171723 s)
>> 101 (507: 1018 1043 1042) (0.170344 s)
>> 101 (600: 1018 1105 1050) (0.169314 s)
>> 101 (644: 1029 1110 1018) (0.167239 s)
>> 101 (726: 1026 1044 1029) (0.165969 s)
>> 101 (743: 1074 1134 1026) (0.164263 s)
>> 101 (754: 1102 1132 1074) (0.162755 s)
>> 100 (21: 999 1186 1102) (0.161502 s)
>> 100 (60: 1094 1027 999) (0.160556 s)
>> 100 (225: 1039 1142 1094) (0.157671 s)
>> 100 (792: 1164 1171 1039) (0.156217 s)
>> 100 (995: 1147 1168 1118) (0.155088 s)
>> 99 (278: 1170 1097 1046) (0.153435 s)
>> 99 (404: 1085 1148 1040) (0.152022 s)
>> 98 (87: 1031 1120 1051) (0.150322 s)
>> 93 (542: 1157 1183 1019) (0.149575 s)
>> 6 (920: 1002 1188 1164) (0.148391 s)
>> 0 (-1: -1 -1 -1) (0.14746 s)
Zelikovsky- 4.4364 s
>>> get_solution
  refine_solution: new weight 23857 (was 23982) in 0.004732 s
  refine_solution: new weight 23857 (was 23857) in 0.0047 s
>>> get_solution
  refine_solution: new weight 28086 (was 30365) in 0.004769 s
  refine_solution: new weight 27202 (was 28086) in 0.004745 s
  refine_solution: new weight 27202 (was 27202) in 0.004741 s
8,,1075,5642,97,,1043,0,,30365,27202,25437,23982,23857,,1477,14,@@

  handle_small_Steiner_degrees: steiner 2, suppress 22 in 8.3e-05 s
Starting round 9
Found 162 isolated vertices
Invalid ratios recomputed: 1017
Best ratio is 1256/11 (114.2), centered at 576
Finding the best star... Star with 12 terminals centered in 1118
round took: 0.073304 s
|V| = 1199, |E| = 5115, |R| = 86
>> 101 (731: 1044 1058 1044) (0.004664 s)
>> 101 (600: 1018 1050 1018) (0.004485 s)
>> 101 (320: 1017 1031 1017) (0.004421 s)
>> 101 (632: 1027 1035 1027) (0.004427 s)
>> 101 (486: 1032 1041 1032) (0.004312 s)
>> 101 (477: 1051 1061 1051) (0.004262 s)
>> 101 (327: 1047 1075 1047) (0.004101 s)
>> 101 (805: 1074 1087 1074) (0.004021 s)
>> 101 (348: 1013 1088 1013) (0.003979 s)
>> 101 (625: 1052 1090 1052) (0.003908 s)
>> 101 (544: 1056 1106 1056) (0.003814 s)
>> 101 (956: 1046 1112 1046) (0.003613 s)
>> 101 (42: 1093 1118 1093) (0.003458 s)
>> 101 (702: 1004 1016 1004) (0.004128 s)
>> 101 (220: 1002 1105 1002) (0.004016 s)
>> 101 (404: 1040 1085 1040) (0.003873 s)
>> 101 (442: 1020 1117 1020) (0.003782 s)
>> 101 (647: 1068 1163 1068) (0.003719 s)
>> 101 (480: 1138 1148 1138) (0.003617 s)
>> 101 (167: 999 1150 999) (0.003521 s)
>> 0 (-1: -1 -1 -1) (0.00277 s)
Zelikovsky 0.276838 s
>> 101 (42: 1093 1129 1118) (0.151957 s)
>> 101 (100: 1179 1160 1093) (0.150982 s)
>> 101 (146: 1090 1149 1136) (0.151175 s)
>> 101 (147: 1035 1146 1090) (0.151097 s)
>> 101 (153: 1196 1182 1179) (0.151447 s)
>> 101 (287: 1035 1194 1158) (0.151011 s)
>> 101 (325: 1112 1196 1131) (0.150366 s)
>> 101 (375: 1075 1151 1112) (0.149116 s)
>> 101 (401: 1163 1128 1075) (0.148316 s)
>> 101 (507: 1018 1163 1043) (0.147348 s)
>> 101 (600: 1018 1105 1050) (0.14649 s)
>> 101 (726: 1026 1044 1018) (0.144984 s)
>> 101 (754: 1102 1132 1026) (0.144476 s)
>> 101 (805: 1074 1102 1087) (0.142568 s)
>> 100 (21: 999 1186 1035) (0.141264 s)
>> 100 (324: 1039 1175 1139) (0.140326 s)
>> 100 (351: 1147 1106 1074) (0.139264 s)
>> 99 (53: 1027 1147 1009) (0.13805 s)
>> 99 (278: 1170 1046 1027) (0.136548 s)
>> 99 (991: 1170 1031 1029) (0.13521 s)
>> 98 (405: 1157 1183 1170) (0.134049 s)
>> 96 (301: 1188 1157 1120) (0.133004 s)
>> 87 (775: 1188 1164 1020) (0.131944 s)
>> 0 (-1: -1 -1 -1) (0.131077 s)
Zelikovsky- 3.44727 s
>>> get_solution
  refine_solution: new weight 23700 (was 23837) in 0.004715 s
  refine_solution: new weight 23700 (was 23700) in 0.004702 s
>>> get_solution
  refine_solution: new weight 26504 (was 29096) in 0.004729 s
  refine_solution: new weight 26504 (was 26504) in 0.00472 s
9,,1037,5115,86,,1017,0,,29096,26504,25168,23837,23700,,1256,12,@@

  handle_small_Steiner_degrees: steiner 0, suppress 40 in 0.000113 s
Starting round 10
Found 214 isolated vertices
Invalid ratios recomputed: 975
Best ratio is 1037/9 (115.2), centered at 600
Finding the best star... Star with 10 terminals centered in 1018
round took: 0.0695 s
|V| = 1199, |E| = 4588, |R| = 77
>> 101 (320: 1017 1018 1017) (0.003445 s)
>> 101 (731: 1044 1058 1044) (0.003869 s)
>> 101 (560: 1000 1013 1000) (0.003845 s)
>> 101 (671: 1027 1085 1027) (0.00371 s)
>> 101 (146: 1090 1136 1090) (0.003676 s)
>> 101 (197: 1001 1019 1001) (0.003485 s)
>> 101 (443: 1022 1039 1022) (0.003415 s)
>> 101 (480: 1117 1138 1117) (0.003453 s)
>> 101 (585: 1100 1106 1100) (0.003292 s)
>> 101 (517: 1061 1108 1061) (0.003368 s)
>> 101 (278: 1046 1097 1046) (0.003286 s)
>> 101 (167: 999 1150 999) (0.003237 s)
>> 0 (-1: -1 -1 -1) (0.002403 s)
Zelikovsky 0.194598 s
>> 101 (42: 1018 1129 1093) (0.129615 s)
>> 101 (100: 1018 1179 1160) (0.128913 s)
>> 101 (146: 1090 1149 1136) (0.128652 s)
>> 101 (153: 1018 1196 1182) (0.128845 s)
>> 101 (287: 1018 1194 1158) (0.128469 s)
>> 101 (375: 1018 1151 1075) (0.127583 s)
>> 101 (401: 1018 1163 1128) (0.127375 s)
>> 101 (544: 1018 1106 1056) (0.126713 s)
>> 101 (754: 1018 1132 1102) (0.125968 s)
>> 101 (790: 1001 1046 1018) (0.124703 s)
>> 101 (805: 1074 1087 1001) (0.124408 s)
>> 101 (865: 1097 1088 1074) (0.121925 s)
>> 100 (21: 999 1186 1097) (0.121001 s)
>> 100 (324: 1039 1175 1139) (0.120935 s)
>> 100 (404: 1085 1040 999) (0.119922 s)
>> 100 (560: 1013 1020 1000) (0.118618 s)
>> 99 (477: 1051 1085 1027) (0.117993 s)
>> 99 (991: 1051 1031 1029) (0.116661 s)
>> 98 (578: 1051 1164 1026) (0.115488 s)
>> 97 (896: 1188 1090 1043) (0.11434 s)
>> 4 (798: 1183 1051 1047) (0.11383 s)
>> 0 (-1: -1 -1 -1) (0.11321 s)
Zelikovsky- 2.69956 s
>>> get_solution
  refine_solution: new weight 23572 (was 23707) in 0.004713 s
  refine_solution: new weight 23572 (was 23572) in 0.004701 s
>>> get_solution
  refine_solution: new weight 28887 (was 29022) in 0.004744 s
  refine_solution: new weight 28793 (was 28887) in 0.004749 s
  refine_solution: new weight 28793 (was 28793) in 0.00473 s
10,,985,4588,77,,975,0,,29022,28793,25682,23707,23572,,1037,10,@@

  handle_small_Steiner_degrees: steiner 1, suppress 29 in 9.6e-05 s
Starting round 11
Found 254 isolated vertices
Invalid ratios recomputed: 939
Best ratio is 931/8 (116.4), centered at 477
Finding the best star... Star with 9 terminals centered in 1018
round took: 0.062864 s
|V| = 1199, |E| = 4158, |R| = 69
>> 101 (320: 1017 1018 1017) (0.002716 s)
>> 101 (731: 1044 1058 1044) (0.00307 s)
>> 101 (146: 1090 1136 1090) (0.003103 s)
>> 101 (197: 1001 1019 1001) (0.002943 s)
>> 101 (443: 1022 1039 1022) (0.002815 s)
>> 101 (585: 1100 1106 1100) (0.002857 s)
>> 101 (442: 1020 1117 1020) (0.002754 s)
>> 101 (278: 1046 1097 1046) (0.002711 s)
>> 101 (21: 999 1158 999) (0.002667 s)
>> 0 (-1: -1 -1 -1) (0.001956 s)
Zelikovsky 0.155478 s
>> 101 (42: 1018 1129 1093) (0.113103 s)
>> 101 (100: 1018 1179 1160) (0.112468 s)
>> 101 (146: 1090 1149 1136) (0.111804 s)
>> 101 (153: 1018 1196 1182) (0.111907 s)
>> 101 (287: 1018 1194 1158) (0.111419 s)
>> 101 (375: 1018 1151 1075) (0.110782 s)
>> 101 (544: 1018 1106 1056) (0.110542 s)
>> 101 (754: 1018 1132 1102) (0.110518 s)
>> 101 (790: 1001 1046 1018) (0.109218 s)
>> 101 (805: 1074 1087 1001) (0.108665 s)
>> 101 (865: 1097 1088 1074) (0.106823 s)
>> 100 (21: 999 1186 1097) (0.106059 s)
>> 100 (324: 1039 1175 1139) (0.105509 s)
>> 100 (404: 1085 1040 999) (0.105261 s)
>> 100 (560: 1020 1085 1000) (0.103923 s)
>> 99 (512: 1163 1029 1020) (0.103086 s)
>> 99 (945: 1117 1183 1163) (0.102369 s)
>> 99 (994: 1026 1117 1112) (0.101683 s)
>> 97 (853: 1031 1188 1026) (0.100486 s)
>> 92 (795: 1043 1164 1090) (0.099831 s)
>> 0 (-1: -1 -1 -1) (0.099322 s)
Zelikovsky- 2.24869 s
>>> get_solution
  refine_solution: new weight 23577 (was 23713) in 0.004715 s
  refine_solution: new weight 23577 (was 23577) in 0.004695 s
>>> get_solution
  refine_solution: new weight 27604 (was 28133) in 0.004747 s
  refine_solution: new weight 27604 (was 27604) in 0.004744 s
11,,945,4158,69,,939,0,,28133,27604,25700,23713,23577,,931,9,@@

  handle_small_Steiner_degrees: steiner 1, suppress 30 in 9.2e-05 s
Starting round 12
Found 294 isolated vertices
Invalid ratios recomputed: 899
Best ratio is 939/8 (117.4), centered at 361
Finding the best star... Star with 9 terminals centered in 1018
round took: 0.058919 s
|V| = 1199, |E| = 3725, |R| = 61
>> 101 (320: 1017 1018 1017) (0.002099 s)
>> 101 (731: 1044 1058 1044) (0.002416 s)
>> 101 (197: 1001 1019 1001) (0.002338 s)
>> 101 (443: 1022 1039 1022) (0.002239 s)
>> 101 (278: 1046 1097 1046) (0.002216 s)
>> 101 (585: 1100 1151 1100) (0.002184 s)
>> 101 (21: 999 1158 999) (0.002175 s)
>> 0 (-1: -1 -1 -1) (0.001528 s)
Zelikovsky 0.124328 s
>> 101 (42: 1018 1129 1093) (0.096689 s)
>> 101 (146: 1018 1149 1090) (0.095903 s)
>> 101 (153: 1018 1196 1182) (0.09556 s)
>> 101 (320: 1017 1031 1018) (0.095627 s)
>> 101 (375: 1151 1075 1017) (0.094768 s)
>> 101 (726: 1026 1151 1044) (0.094952 s)
>> 101 (754: 1102 1132 1026) (0.093876 s)
>> 101 (790: 1001 1102 1046) (0.093096 s)
>> 101 (805: 1074 1087 1001) (0.092809 s)
>> 100 (21: 999 1186 1074) (0.091971 s)
>> 100 (141: 1112 1120 999) (0.091503 s)
>> 100 (223: 1040 1114 1112) (0.089994 s)
>> 100 (234: 1041 1040 1009) (0.089181 s)
>> 100 (517: 1108 1164 1041) (0.088656 s)
>> 100 (920: 1002 1139 1108) (0.08821 s)
>> 99 (512: 1163 1029 1002) (0.087826 s)
>> 98 (414: 1146 1163 1000) (0.087137 s)
>> 97 (32: 1056 1146 1043) (0.086395 s)
>> 94 (945: 1117 1056 1019) (0.085913 s)
>> 3 (589: 1117 1097 1032) (0.085323 s)
>> 0 (-1: -1 -1 -1) (0.08491 s)
Zelikovsky- 1.91386 s
>>> get_solution
  refine_solution: new weight 23649 (was 23810) in 0.004705 s
  refine_solution: new weight 23649 (was 23649) in 0.004685 s
>>> get_solution
  refine_solution: new weight 27030 (was 27557) in 0.004741 s
  refine_solution: new weight 27030 (was 27030) in 0.004726 s
12,,905,3725,61,,899,0,,27557,27030,25988,23810,23649,,939,9,@@

  handle_small_Steiner_degrees: steiner 2, suppress 44 in 0.000129 s
Starting round 13
Found 349 isolated vertices
Invalid ratios recomputed: 844
Best ratio is 949/8 (118.6), centered at 549
Finding the best star... Star with 9 terminals centered in 1102
round took: 0.050354 s
|V| = 1199, |E| = 3246, |R| = 53
>> 101 (731: 1044 1058 1044) (0.00164 s)
>> 101 (320: 1017 1031 1017) (0.001572 s)
>> 101 (790: 1001 1046 1001) (0.001446 s)
>> 101 (805: 1074 1087 1074) (0.001418 s)
>> 101 (625: 1052 1090 1052) (0.001356 s)
>> 101 (472: 1000 1102 1000) (0.00139 s)
>> 101 (443: 1022 1039 1022) (0.001605 s)
>> 101 (585: 1100 1151 1100) (0.001509 s)
>> 101 (21: 999 1158 999) (0.001426 s)
>> 0 (-1: -1 -1 -1) (0.0011 s)
Zelikovsky 0.105153 s
>> 101 (42: 1093 1185 1102) (0.080823 s)
>> 101 (146: 1090 1149 1093) (0.080443 s)
>> 101 (153: 1196 1182 1090) (0.079999 s)
>> 101 (320: 1017 1196 1031) (0.079566 s)
>> 101 (375: 1075 1151 1017) (0.079112 s)
>> 101 (726: 1026 1075 1044) (0.079367 s)
>> 101 (790: 1001 1046 1026) (0.078698 s)
>> 101 (805: 1074 1087 1001) (0.078354 s)
>> 100 (21: 999 1186 1074) (0.07753 s)
>> 100 (141: 1112 1120 999) (0.077155 s)
>> 100 (223: 1040 1114 1112) (0.076206 s)
>> 100 (234: 1041 1040 1009) (0.075731 s)
>> 100 (388: 1188 1168 1041) (0.075303 s)
>> 100 (559: 1170 1188 1163) (0.074594 s)
>> 99 (753: 1100 1170 1000) (0.074381 s)
>> 98 (745: 1097 1132 1100) (0.073944 s)
>> 97 (32: 1056 1097 1043) (0.073487 s)
>> 96 (78: 1164 1166 1019) (0.073031 s)
>> 93 (771: 1056 1146 1002) (0.072867 s)
>> 0 (-1: -1 -1 -1) (0.072461 s)
Zelikovsky- 1.53622 s
>>> get_solution
  refine_solution: new weight 23689 (was 23847) in 0.004706 s
  refine_solution: new weight 23689 (was 23689) in 0.004698 s
>>> get_solution
  refine_solution: new weight 26662 (was 26990) in 0.004727 s
  refine_solution: new weight 26662 (was 26662) in 0.004732 s
13,,850,3246,53,,844,0,,26990,26662,25411,23847,23689,,949,9,@@

  handle_small_Steiner_degrees: steiner 3, suppress 71 in 0.000136 s
Starting round 14
Found 432 isolated vertices
Invalid ratios recomputed: 762
Best ratio is 835/7 (119.3), centered at 375
Finding the best star... Star with 8 terminals centered in 1102
round took: 0.041147 s
|V| = 1199, |E| = 2755, |R| = 46
>> 101 (320: 1017 1031 1017) (0.001182 s)
>> 101 (726: 1026 1044 1026) (0.001093 s)
>> 101 (790: 1001 1046 1001) (0.001177 s)
>> 101 (805: 1074 1087 1074) (0.001075 s)
>> 101 (699: 1090 1102 1090) (0.001018 s)
>> 101 (840: 999 1000 999) (0.001205 s)
>> 0 (-1: -1 -1 -1) (0.00081 s)
Zelikovsky 0.077354 s
>> 101 (153: 1102 1196 1182) (0.06236 s)
>> 101 (320: 1017 1102 1031) (0.062217 s)
>> 101 (699: 1090 1170 1017) (0.061876 s)
>> 101 (790: 1001 1090 1046) (0.061898 s)
>> 101 (805: 1074 1087 1001) (0.061438 s)
>> 100 (21: 999 1186 1074) (0.060855 s)
>> 100 (223: 1040 1114 999) (0.060595 s)
>> 100 (234: 1041 1040 1009) (0.059698 s)
>> 100 (388: 1188 1168 1041) (0.059666 s)
>> 100 (647: 1166 1188 1163) (0.05902 s)
>> 99 (360: 1026 1166 1132) (0.058583 s)
>> 99 (753: 1100 1026 1000) (0.057977 s)
>> 97 (32: 1056 1100 1043) (0.057657 s)
>> 97 (745: 1097 1185 1029) (0.057305 s)
>> 96 (78: 1164 1056 1019) (0.057042 s)
>> 93 (771: 1164 1146 1002) (0.056846 s)
>> 0 (-1: -1 -1 -1) (0.056446 s)
Zelikovsky- 1.01396 s
>>> get_solution
  refine_solution: new weight 23530 (was 23677) in 0.004721 s
  refine_solution: new weight 23530 (was 23530) in 0.004707 s
>>> get_solution
  refine_solution: new weight 26459 (was 26512) in 0.004744 s
  refine_solution: new weight 26459 (was 26459) in 0.004732 s
14,,767,2755,46,,762,0,,26512,26459,25335,23677,23530,,835,8,@@

  handle_small_Steiner_degrees: steiner 8, suppress 67 in 0.000123 s
Starting round 15
Found 515 isolated vertices
Invalid ratios recomputed: 680
Best ratio is 839/7 (119.9), centered at 234
Finding the best star... Star with 8 terminals centered in 1041
round took: 0.032773 s
|V| = 1199, |E| = 2313, |R| = 39
>> 101 (320: 1017 1031 1017) (0.000909 s)
>> 101 (726: 1026 1041 1026) (0.000851 s)
>> 101 (840: 999 1000 999) (0.000889 s)
>> 0 (-1: -1 -1 -1) (0.000599 s)
Zelikovsky 0.052725 s
>> 101 (153: 1041 1196 1182) (0.047092 s)
>> 101 (320: 1017 1041 1031) (0.046906 s)
>> 101 (699: 1170 1090 1017) (0.046696 s)
>> 101 (805: 1087 1170 1074) (0.046407 s)
>> 100 (21: 999 1186 1087) (0.046049 s)
>> 100 (223: 1040 1114 999) (0.045794 s)
>> 100 (388: 1188 1168 1040) (0.045174 s)
>> 100 (619: 1002 1188 1046) (0.044826 s)
>> 100 (647: 1166 1163 1002) (0.044612 s)
>> 99 (360: 1026 1166 1132) (0.044208 s)
>> 99 (753: 1100 1026 1000) (0.043846 s)
>> 97 (32: 1056 1100 1043) (0.04364 s)
>> 97 (745: 1097 1185 1029) (0.043432 s)
>> 96 (78: 1164 1056 1019) (0.043397 s)
>> 7 (671: 1164 1146 1085) (0.043252 s)
>> 1 (59: 1164 1150 1147) (0.042917 s)
>> 0 (-1: -1 -1 -1) (0.042753 s)
Zelikovsky- 0.763148 s
>>> get_solution
  refine_solution: new weight 23597 (was 23764) in 0.004722 s
  refine_solution: new weight 23597 (was 23597) in 0.004721 s
>>> get_solution
  refine_solution: new weight 25876 (was 25937) in 0.004729 s
  refine_solution: new weight 25876 (was 25876) in 0.004719 s
15,,684,2313,39,,680,0,,25937,25876,25262,23764,23597,,839,8,@@

  handle_small_Steiner_degrees: steiner 5, suppress 83 in 0.000123 s
Starting round 16
Found 611 isolated vertices
Invalid ratios recomputed: 585
Best ratio is 723/6 (120.5), centered at 443
Finding the best star... Star with 7 terminals centered in 1022
round took: 0.023912 s
|V| = 1199, |E| = 1885, |R| = 33
>> 101 (320: 1017 1022 1017) (0.000603 s)
>> 101 (840: 999 1000 999) (0.000671 s)
>> 0 (-1: -1 -1 -1) (0.000449 s)
Zelikovsky 0.035037 s
>> 101 (153: 1022 1196 1182) (0.033027 s)
>> 101 (320: 1017 1031 1022) (0.032638 s)
>> 101 (699: 1170 1090 1017) (0.032621 s)
>> 101 (805: 1087 1170 1074) (0.032566 s)
>> 100 (21: 999 1186 1087) (0.032312 s)
>> 100 (223: 1040 1114 999) (0.032074 s)
>> 100 (388: 1188 1168 1040) (0.031857 s)
>> 100 (647: 1166 1188 1163) (0.031627 s)
>> 99 (360: 1026 1166 1132) (0.031453 s)
>> 99 (753: 1100 1026 1000) (0.031197 s)
>> 97 (32: 1056 1100 1043) (0.03104 s)
>> 97 (761: 1056 1147 1097) (0.030766 s)
>> 96 (78: 1164 1056 1019) (0.030708 s)
>> 93 (771: 1164 1146 1002) (0.030655 s)
>> 0 (-1: -1 -1 -1) (0.030422 s)
Zelikovsky- 0.476579 s
>>> get_solution
  refine_solution: new weight 23532 (was 23685) in 0.004724 s
  refine_solution: new weight 23532 (was 23532) in 0.004697 s
>>> get_solution
  refine_solution: new weight 25277 (was 25347) in 0.004722 s
  refine_solution: new weight 25277 (was 25277) in 0.004724 s
16,,588,1885,33,,585,0,,25347,25277,24773,23685,23532,,723,7,@@

  delete_edges: deleted 30 edges in 0.027188 s and 30 rounds
  handle_small_Steiner_degrees: steiner 10, suppress 78 in 0.00013 s
Starting round 17
Found 706 isolated vertices
Invalid ratios recomputed: 490
Best ratio is 734/6 (122.3), centered at 713
Finding the best star... Star with 7 terminals centered in 1188
round took: 0.016498 s
|V| = 1199, |E| = 1466, |R| = 27
>> 101 (320: 1017 1031 1017) (0.000417 s)
>> 101 (726: 1026 1044 1026) (0.000362 s)
>> 101 (153: 1182 1188 1182) (0.000347 s)
>> 100 (589: 1097 1114 1097) (0.000386 s)
>> 100 (414: 1000 1146 1000) (0.000345 s)
>> 99 (266: 1147 1163 1147) (0.000327 s)
>> 97 (709: 1043 1090 1043) (0.000292 s)
>> 98 (515: 1074 1100 1074) (0.000283 s)
>> 97 (410: 999 1164 999) (0.000249 s)
>> 0 (-1: -1 -1 -1) (0.000193 s)
Zelikovsky 0.02622 s
>> 101 (153: 1182 1196 1188) (0.022062 s)
>> 101 (320: 1017 1182 1031) (0.021751 s)
>> 101 (726: 1026 1044 1017) (0.021584 s)
>> 100 (21: 999 1158 1026) (0.021395 s)
>> 100 (223: 1040 1114 999) (0.0212 s)
>> 100 (414: 1146 1168 1040) (0.021035 s)
>> 100 (444: 1002 1146 1090) (0.020878 s)
>> 100 (647: 1166 1163 1002) (0.020645 s)
>> 98 (77: 1166 1132 1074) (0.020556 s)
>> 97 (32: 1056 1166 1043) (0.020575 s)
>> 97 (761: 1056 1147 1097) (0.020492 s)
>> 85 (968: 1056 1164 1100) (0.020402 s)
>> 0 (-1: -1 -1 -1) (0.020387 s)
Zelikovsky- 0.274201 s
>>> get_solution
  refine_solution: new weight 23451 (was 23600) in 0.004732 s
  refine_solution: new weight 23451 (was 23451) in 0.00472 s
>>> get_solution
  refine_solution: new weight 24596 (was 24768) in 0.00472 s
  refine_solution: new weight 24596 (was 24596) in 0.004713 s
17,,493,1466,27,,490,0,,24768,24596,23613,23600,23451,,734,7,@@

  handle_small_Steiner_degrees: steiner 8, suppress 86 in 8.7e-05 s
Starting round 18
Found 807 isolated vertices
Invalid ratios recomputed: 391
Best ratio is 620/5 (124.0), centered at 77
Finding the best star... Star with 6 terminals centered in 1188
round took: 0.010514 s
|V| = 1199, |E| = 1107, |R| = 22
>> 101 (320: 1017 1031 1017) (0.000313 s)
>> 101 (726: 1026 1044 1026) (0.000272 s)
>> 100 (404: 1040 1085 1040) (0.000234 s)
>> 100 (444: 1002 1090 1002) (0.000209 s)
>> 100 (21: 999 1158 999) (0.000184 s)
>> 0 (-1: -1 -1 -1) (0.000131 s)
Zelikovsky 0.014853 s
>> 101 (320: 1017 1188 1031) (0.013046 s)
>> 101 (726: 1026 1044 1017) (0.012989 s)
>> 100 (21: 999 1158 1026) (0.012872 s)
>> 100 (414: 1146 1168 999) (0.0128 s)
>> 100 (444: 1002 1146 1090) (0.012605 s)
>> 100 (647: 1166 1163 1002) (0.012491 s)
>> 97 (32: 1056 1166 1043) (0.012436 s)
>> 97 (761: 1056 1147 1097) (0.012407 s)
>> 95 (410: 1164 1196 1056) (0.012386 s)
>> 88 (345: 1164 1100 1040) (0.012351 s)
Zelikovsky- 0.127286 s
>>> get_solution
  refine_solution: new weight 23356 (was 23509) in 0.004723 s
  refine_solution: new weight 23356 (was 23356) in 0.004696 s
>>> get_solution
  refine_solution: new weight 24505 (was 24580) in 0.004724 s
  refine_solution: new weight 24505 (was 24505) in 0.004731 s
18,,392,1107,22,,391,0,,24580,24505,23985,23509,23356,,620,6,@@

  handle_small_Steiner_degrees: steiner 6, suppress 84 in 5.7e-05 s
Starting round 19
Found 903 isolated vertices
Invalid ratios recomputed: 295
Best ratio is 621/5 (124.2), centered at 761
Finding the best star... Star with 6 terminals centered in 1188
round took: 0.006005 s
|V| = 1199, |E| = 783, |R| = 17
>> 101 (320: 1017 1031 1017) (0.000204 s)
>> 101 (928: 1040 1044 1040) (0.000167 s)
>> 100 (444: 1002 1090 1002) (0.000144 s)
>> 0 (-1: -1 -1 -1) (9.3e-05 s)
Zelikovsky 0.007847 s
>> 101 (320: 1017 1188 1031) (0.007069 s)
>> 101 (731: 1044 1090 1017) (0.006996 s)
>> 100 (647: 1166 1163 1044) (0.006962 s)
>> 97 (32: 1056 1166 1043) (0.006966 s)
>> 97 (992: 1196 1146 1056) (0.006918 s)
>> 94 (700: 1196 1158 1100) (0.006871 s)
>> 8 (404: 1085 1196 1040) (0.006852 s)
>> 0 (-1: -1 -1 -1) (0.00686 s)
Zelikovsky- 0.056064 s
>>> get_solution
  refine_solution: new weight 23251 (was 23402) in 0.004731 s
  refine_solution: new weight 23251 (was 23251) in 0.004709 s
>>> get_solution
  refine_solution: new weight 24112 (was 24191) in 0.004721 s
  refine_solution: new weight 24112 (was 24112) in 0.004716 s
19,,296,783,17,,295,0,,24191,24112,23797,23402,23251,,621,6,@@

  handle_small_Steiner_degrees: steiner 7, suppress 82 in 4.4e-05 s
Starting round 20
Found 998 isolated vertices
Invalid ratios recomputed: 201
Best ratio is 522/4 (130.5), centered at 578
Finding the best star... Star with 5 terminals centered in 1188
round took: 0.003066 s
|V| = 1199, |E| = 495, |R| = 13
>> 100 (404: 1040 1085 1040) (0.000121 s)
>> 100 (444: 1002 1090 1002) (9.6e-05 s)
>> 0 (-1: -1 -1 -1) (5.7e-05 s)
Zelikovsky 0.003596 s
>> 100 (404: 1085 1188 1040) (0.003205 s)
>> 100 (444: 1002 1090 1085) (0.00318 s)
>> 100 (647: 1166 1163 1002) (0.003148 s)
>> 98 (135: 1166 1196 1031) (0.003118 s)
>> 97 (32: 1056 1166 1043) (0.00309 s)
>> 94 (700: 1056 1158 1100) (0.003095 s)
Zelikovsky- 0.019216 s
>>> get_solution
  refine_solution: new weight 23178 (was 23316) in 0.004735 s
  refine_solution: new weight 23178 (was 23178) in 0.004727 s
>>> get_solution
  refine_solution: new weight 23823 (was 23905) in 0.004721 s
  refine_solution: new weight 23823 (was 23823) in 0.004715 s
20,,201,495,13,,201,0,,23905,23823,23705,23316,23178,,522,5,@@

  handle_small_Steiner_degrees: steiner 8, suppress 67 in 3.4e-05 s
Starting round 21
Found 1078 isolated vertices
Invalid ratios recomputed: 121
Best ratio is 412/3 (137.3), centered at 601
Finding the best star... Star with 4 terminals centered in 1188
round took: 0.001281 s
|V| = 1199, |E| = 287, |R| = 10
>> 100 (404: 1040 1085 1040) (6.3e-05 s)
>> 100 (444: 1002 1090 1002) (5.2e-05 s)
>> 0 (-1: -1 -1 -1) (3e-05 s)
Zelikovsky 0.001383 s
>> 100 (404: 1085 1188 1040) (0.001102 s)
>> 100 (444: 1002 1090 1085) (0.001097 s)
>> 97 (32: 1056 1043 1002) (0.001082 s)
>> 94 (266: 1056 1163 1158) (0.001069 s)
Zelikovsky- 0.004582 s
>>> get_solution
  refine_solution: new weight 23216 (was 23320) in 0.004745 s
  refine_solution: new weight 23216 (was 23216) in 0.004713 s
>>> get_solution
  refine_solution: new weight 23617 (was 23711) in 0.004715 s
  refine_solution: new weight 23617 (was 23617) in 0.004713 s
21,,121,287,10,,121,0,,23711,23617,23511,23320,23216,,412,4,@@

  handle_small_Steiner_degrees: steiner 2, suppress 43 in 1.4e-05 s
Starting round 22
Found 1127 isolated vertices
Invalid ratios recomputed: 72
Best ratio is 414/3 (138.0), centered at 449
Finding the best star... Star with 4 terminals centered in 1085
round took: 0.000613 s
|V| = 1199, |E| = 144, |R| = 7
>> 100 (444: 1002 1085 1002) (4.3e-05 s)
>> 0 (-1: -1 -1 -1) (2.3e-05 s)
Zelikovsky 0.00053 s
>> 100 (444: 1002 1090 1085) (0.000362 s)
>> 97 (32: 1056 1043 1002) (0.000348 s)
>> 0 (-1: -1 -1 -1) (0.000337 s)
Zelikovsky- 0.001198 s
>>> get_solution
  refine_solution: new weight 23216 (was 23322) in 0.004724 s
  refine_solution: new weight 23216 (was 23216) in 0.004721 s
>>> get_solution
  refine_solution: new weight 23416 (was 23519) in 0.004713 s
  refine_solution: new weight 23416 (was 23416) in 0.004712 s
22,,72,144,7,,72,0,,23519,23416,23419,23322,23216,,414,4,@@

  handle_small_Steiner_degrees: steiner 7, suppress 31 in 1.2e-05 s
Starting round 23
Found 1169 isolated vertices
Invalid ratios recomputed: 30
Best ratio is 304/2 (152.0), centered at 444
Finding the best star... Star with 3 terminals centered in 1002
round took: 0.000233 s
|V| = 1199, |E| = 54, |R| = 5
>> 97 (32: 1002 1043 1002) (2.2e-05 s)
>> 0 (-1: -1 -1 -1) (1e-05 s)
Zelikovsky 0.000195 s
>> 97 (32: 1002 1056 1043) (7.2e-05 s)
>> 0 (-1: -1 -1 -1) (6.8e-05 s)
Zelikovsky- 0.000253 s
>>> get_solution
  refine_solution: new weight 23216 (was 23322) in 0.004718 s
  refine_solution: new weight 23216 (was 23216) in 0.004719 s
>>> get_solution
  refine_solution: new weight 23313 (was 23419) in 0.004721 s
  refine_solution: new weight 23313 (was 23313) in 0.004717 s
23,,30,54,5,,30,0,,23419,23313,23322,23322,23216,,304,3,@@

  handle_small_Steiner_degrees: steiner 2, suppress 12 in 5e-06 s
Starting round 24
Found 1186 isolated vertices
Invalid ratios recomputed: 13
Best ratio is 308/2 (154.0), centered at 32
Finding the best star... Star with 3 terminals centered in 1056
round took: 0.000136 s
|V| = 1199, |E| = 13, |R| = 3
>> 0 (-1: -1 -1 -1) (1.2e-05 s)
Zelikovsky 0.000117 s
>> 0 (-1: -1 -1 -1) (2e-05 s)
Zelikovsky- 0.000112 s
>>> get_solution
  refine_solution: new weight 23216 (was 23322) in 0.004721 s
  refine_solution: new weight 23216 (was 23216) in 0.004723 s
>>> get_solution
  refine_solution: new weight 23216 (was 23322) in 0.004711 s
  refine_solution: new weight 23216 (was 23216) in 0.00471 s
24,,13,13,3,,13,0,,23322,23216,23322,23322,23216,,308,3,@@

  handle_small_Steiner_degrees: steiner 3, suppress 4 in 4e-06 s
Starting round 25
Found 1196 isolated vertices
Invalid ratios recomputed: 3
Best ratio is 404/2 (202.0), centered at 1056
Finding the best star... Star with 3 terminals centered in 1056
round took: 7.7e-05 s
|V| = 1199, |E| = 0, |R| = 1
Zelikovsky 8.4e-05 s
Zelikovsky- 8.2e-05 s
>>> get_solution
  refine_solution: new weight 23216 (was 23322) in 0.004718 s
  refine_solution: new weight 23216 (was 23216) in 0.004708 s
>>> get_solution
  refine_solution: new weight 23216 (was 23322) in 0.004723 s
  refine_solution: new weight 23216 (was 23216) in 0.004715 s
25,,3,0,1,,3,0,,23322,23216,23322,23322,23216,,404,3,@@

  handle_small_Steiner_degrees: steiner 0, suppress 0 in 2e-06 s
contract_till_the_bitter_end: 110.726 s

Calling end_heu
>>> get_solution
Saved weight 0
end_heu: 0 loops with 0 unique solutions in 5.2e-05 s

Calling print_solution
>>> get_solution
  refine_solution: new weight 23216 (was 23322) in 0.004723 s
Oops orig weight was 23322 but we got 23216
## FINAL WEIGHT 23216
print_solution: 0.005978 s
