Version: final-94-gfffc3aa rub_all.sh: remove longest prefix
Random seed: 1550997013
Start
>>> save_orig_graph
>> Saved weight 0
Graph loaded
|V| = 2049, |E| = 11263, |R| = 244
First clearance of the input. Calling buy_zero and run_all_heuristics.
  buy_zero: 0 zero edges in 1.9e-05 s
  handle_small_terminal_degrees: terms 0 in 3e-06 s
  handle_small_Steiner_degrees: steiner 0, suppress 0 in 9e-06 s
  shortest_edge_between_terminals: 17 edges in 9e-05 s
  handle_small_terminal_degrees: terms 0 in 3e-06 s
  handle_small_Steiner_degrees: steiner 0, suppress 0 in 7e-06 s
  shortest_edge_between_terminals: 5 edges in 4.5e-05 s
  handle_small_terminal_degrees: terms 0 in 3e-06 s
  handle_small_Steiner_degrees: steiner 0, suppress 0 in 7e-06 s
  shortest_edge_between_terminals: 4 edges in 6.1e-05 s
  handle_small_terminal_degrees: terms 0 in 2e-06 s
  handle_small_Steiner_degrees: steiner 0, suppress 0 in 6e-06 s
  shortest_edge_between_terminals: 0 edges in 1.6e-05 s
Compressed graph 2049 -> 2022
  delete_edges: deleted 0 edges in 0.002024 s and 1 rounds
  handle_small_terminal_degrees: terms 0 in 2e-06 s
  handle_small_Steiner_degrees: steiner 0, suppress 0 in 6e-06 s
  shortest_edge_between_terminals: 0 edges in 1.7e-05 s
Compressed graph 2022 -> 2022
  delete_edges_shortest_path: deleted 0 edges in 0.012322 s
  handle_small_terminal_degrees: terms 0 in 1e-06 s
  handle_small_Steiner_degrees: steiner 0, suppress 0 in 4e-06 s
  shortest_edge_between_terminals: 0 edges in 1.2e-05 s
Compressed graph 2022 -> 2022
  handle_small_terminal_degrees: terms 0 in 2e-06 s
  handle_small_Steiner_degrees: steiner 0, suppress 0 in 4e-06 s
  shortest_edge_between_terminals: 0 edges in 1.1e-05 s
Compressed graph 2022 -> 1963
  delete_edges_shortest_path: deleted 0 edges in 0.011473 s
  handle_small_terminal_degrees: terms 0 in 2e-06 s
  handle_small_Steiner_degrees: steiner 0, suppress 0 in 4e-06 s
  shortest_edge_between_terminals: 0 edges in 1.1e-05 s
Compressed graph 1963 -> 1963
Compressed graph 1963 -> 1963
>>> save_orig_graph
>> Saved weight 85
### ZEL_LVL=9 PRECISE_STARS=0

Calling `contract_till_the_bitter_end`
|V| = 1963, |E| = 11141, |R| = 159
>> 1 (41: 11 33 11) (0.021807 s)
>> 0 (-1: -1 -1 -1) (0.012799 s)
Zelikovsky 0.992414 s
>> 1 (10: 62 133 44) (0.701065 s)
>> 1 (12: 261 62 11) (0.696459 s)
>> 1 (72: 1052 261 198) (0.687263 s)
>> 1 (172: 176 414 235) (0.68261 s)
>> 1 (199: 1185 683 231) (0.676773 s)
>> 1 (73: 89 1185 325) (0.671665 s)
>> 1 (200: 443 1052 89) (0.666379 s)
>> 1 (289: 320 772 288) (0.66004 s)
>> 1 (292: 308 443 320) (0.655773 s)
>> 1 (373: 384 372 308) (0.650403 s)
>> 1 (400: 1380 384 176) (0.644409 s)
>> 1 (401: 283 461 405) (0.63766 s)
>> 1 (411: 1393 427 283) (0.634501 s)
>> 1 (492: 981 522 496) (0.629582 s)
>> 1 (537: 55 981 536) (0.62522 s)
>> 1 (565: 686 810 564) (0.619508 s)
>> 1 (573: 1557 686 577) (0.615677 s)
>> 1 (587: 99 709 591) (0.608739 s)
>> 1 (596: 598 1557 55) (0.605293 s)
>> 1 (635: 1620 695 598) (0.599201 s)
>> 1 (636: 640 1620 859) (0.594458 s)
>> 1 (677: 618 669 99) (0.590154 s)
>> 1 (681: 929 1380 618) (0.586653 s)
>> 1 (754: 271 785 762) (0.582309 s)
>> 1 (758: 1746 757 271) (0.578367 s)
>> 1 (775: 1763 870 767) (0.575345 s)
>> 1 (881: 879 1746 640) (0.571961 s)
>> 1 (915: 1900 1763 939) (0.566927 s)
>> 1 (426: 396 1900 1393) (0.562951 s)
>> 1 (952: 950 960 396) (0.55945 s)
>> 1 (1001: 1008 996 879) (0.554557 s)
>> 1 (1013: 33 1262 1140) (0.551554 s)
>> 1 (1015: 1509 1027 33) (0.547663 s)
>> 1 (1071: 1087 1318 1195) (0.543791 s)
>> 1 (1075: 1043 1509 1087) (0.541551 s)
>> 1 (1166: 1173 1103 1043) (0.536385 s)
>> 1 (1209: 1702 1149 929) (0.534392 s)
>> 1 (1205: 1081 1702 1206) (0.53097 s)
>> 1 (1220: 241 1189 1008) (0.527503 s)
>> 1 (1159: 1158 1403 241) (0.525816 s)
>> 1 (1334: 1274 1457 1173) (0.520844 s)
>> 1 (1336: 329 1274 337) (0.518008 s)
>> 1 (1445: 462 1936 1453) (0.515796 s)
>> 1 (1459: 1950 1463 329) (0.513366 s)
>> 1 (1514: 1530 1510 950) (0.509544 s)
>> 1 (1630: 1874 1950 1629) (0.506886 s)
>> 1 (645: 495 1874 653) (0.502382 s)
>> 1 (1644: 1642 1648 495) (0.501085 s)
>> 1 (1677: 1678 1614 1081) (0.497481 s)
>> 1 (1793: 1788 1809 1678) (0.494655 s)
>> 1 (1794: 799 1822 1788) (0.493855 s)
>> 1 (1861: 1857 1739 799) (0.487466 s)
>> 1 (1917: 1872 1857 1672) (0.483046 s)
>> 0 (-1: -1 -1 -1) (0.480739 s)
Zelikovsky- 31.1754 s
>>> get_solution
  refine_solution: new weight 346 (was 346) in 0.003946 s
>>> get_solution
  refine_solution: new weight 393 (was 396) in 0.003956 s
  refine_solution: new weight 393 (was 393) in 0.003951 s
0,,1963,11141,159,,0,0,,396,393,397,346,346,,0,0,@@

  delete_edges: deleted 0 edges in 0.00151 s and 1 rounds
  handle_small_Steiner_degrees: steiner 0, suppress 0 in 4e-06 s
Starting round 1
Found 0 isolated vertices
Invalid ratios recomputed: 1963
Best ratio is 4/3 (1.3), centered at 1001
Finding the best star... Star with 4 terminals centered in 996
round took: 0.036458 s
|V| = 1963, |E| = 11127, |R| = 156
>> 1 (41: 11 33 11) (0.021068 s)
>> 0 (-1: -1 -1 -1) (0.012233 s)
Zelikovsky 0.963986 s
>> 1 (10: 62 133 44) (0.686618 s)
>> 1 (12: 261 62 11) (0.680553 s)
>> 1 (72: 1052 261 198) (0.673477 s)
>> 1 (172: 176 414 235) (0.668322 s)
>> 1 (199: 1185 683 231) (0.664532 s)
>> 1 (73: 89 1185 325) (0.658748 s)
>> 1 (200: 443 1052 89) (0.653655 s)
>> 1 (289: 320 772 288) (0.648398 s)
>> 1 (292: 308 443 320) (0.643062 s)
>> 1 (373: 384 372 308) (0.636954 s)
>> 1 (400: 1380 384 176) (0.632005 s)
>> 1 (401: 283 461 405) (0.625525 s)
>> 1 (411: 1393 427 283) (0.622588 s)
>> 1 (492: 981 522 496) (0.618135 s)
>> 1 (537: 55 981 536) (0.61405 s)
>> 1 (565: 686 810 564) (0.607921 s)
>> 1 (573: 1557 686 577) (0.603005 s)
>> 1 (587: 99 709 591) (0.598637 s)
>> 1 (596: 598 1557 55) (0.593656 s)
>> 1 (635: 1620 695 598) (0.58852 s)
>> 1 (636: 640 1620 859) (0.583662 s)
>> 1 (677: 618 669 99) (0.581247 s)
>> 1 (681: 929 1380 618) (0.576848 s)
>> 1 (754: 762 996 785) (0.572454 s)
>> 1 (758: 1746 762 757) (0.56904 s)
>> 1 (775: 1763 870 767) (0.565413 s)
>> 1 (881: 879 1746 640) (0.561541 s)
>> 1 (915: 1900 1763 939) (0.556767 s)
>> 1 (426: 396 1900 1393) (0.552536 s)
>> 1 (952: 950 960 396) (0.548533 s)
>> 1 (1013: 33 1262 1140) (0.543376 s)
>> 1 (1015: 1509 879 33) (0.540585 s)
>> 1 (1071: 1087 1318 1195) (0.535585 s)
>> 1 (1075: 1043 1509 1087) (0.532709 s)
>> 1 (1166: 1173 1103 1043) (0.527385 s)
>> 1 (1209: 1702 1149 929) (0.524882 s)
>> 1 (1205: 1081 1702 1206) (0.521505 s)
>> 1 (1220: 241 1189 1173) (0.518142 s)
>> 1 (1159: 1158 1403 241) (0.514263 s)
>> 1 (1334: 1274 1457 1158) (0.510348 s)
>> 1 (1336: 329 1274 337) (0.507396 s)
>> 1 (1445: 462 1936 1453) (0.504306 s)
>> 1 (1459: 1950 1463 329) (0.502365 s)
>> 1 (1514: 1530 1510 950) (0.498259 s)
>> 1 (1630: 1874 1950 1629) (0.496236 s)
>> 1 (645: 495 1874 653) (0.492241 s)
>> 1 (1644: 1642 1648 495) (0.491201 s)
>> 1 (1677: 1678 1614 1081) (0.489366 s)
>> 1 (1793: 1788 1809 1678) (0.485616 s)
>> 1 (1794: 799 1822 1788) (0.481002 s)
>> 1 (1861: 1857 1739 799) (0.478213 s)
>> 1 (1917: 1872 1857 1672) (0.473829 s)
>> 0 (-1: -1 -1 -1) (0.471906 s)
Zelikovsky- 30.0457 s
>>> get_solution
  refine_solution: new weight 346 (was 346) in 0.003953 s
>>> get_solution
  refine_solution: new weight 393 (was 394) in 0.003983 s
  refine_solution: new weight 392 (was 393) in 0.003963 s
  refine_solution: new weight 392 (was 392) in 0.003961 s
1,,1963,11127,156,,1963,0,,394,392,395,346,346,,4,4,@@

  handle_small_Steiner_degrees: steiner 0, suppress 0 in 4e-06 s
Starting round 2
Found 4 isolated vertices
Invalid ratios recomputed: 313
Best ratio is 3/2 (1.5), centered at 172
Finding the best star... Star with 3 terminals centered in 235
round took: 0.007661 s
|V| = 1963, |E| = 11121, |R| = 154
>> 1 (41: 11 33 11) (0.020119 s)
>> 0 (-1: -1 -1 -1) (0.011888 s)
Zelikovsky 0.947744 s
>> 1 (10: 62 133 44) (0.68096 s)
>> 1 (12: 261 62 11) (0.673477 s)
>> 1 (72: 1052 261 198) (0.668925 s)
>> 1 (199: 1185 683 231) (0.66362 s)
>> 1 (73: 89 1185 325) (0.658057 s)
>> 1 (200: 443 1052 89) (0.652779 s)
>> 1 (289: 320 772 288) (0.647638 s)
>> 1 (292: 308 443 320) (0.643049 s)
>> 1 (373: 384 372 308) (0.636549 s)
>> 1 (400: 1380 384 235) (0.630973 s)
>> 1 (401: 283 461 405) (0.6242 s)
>> 1 (411: 1393 427 283) (0.620647 s)
>> 1 (492: 981 522 496) (0.616097 s)
>> 1 (537: 55 981 536) (0.612175 s)
>> 1 (565: 686 810 564) (0.606725 s)
>> 1 (573: 1557 686 577) (0.602213 s)
>> 1 (587: 99 709 591) (0.5968 s)
>> 1 (596: 598 1557 55) (0.592995 s)
>> 1 (635: 1620 695 598) (0.587684 s)
>> 1 (636: 640 1620 859) (0.582703 s)
>> 1 (677: 618 669 99) (0.579689 s)
>> 1 (681: 929 1380 618) (0.575861 s)
>> 1 (754: 762 996 785) (0.57422 s)
>> 1 (758: 1746 762 757) (0.568193 s)
>> 1 (775: 1763 870 767) (0.564144 s)
>> 1 (881: 879 1746 640) (0.560728 s)
>> 1 (915: 1900 1763 939) (0.555903 s)
>> 1 (426: 396 1900 1393) (0.551572 s)
>> 1 (952: 950 960 396) (0.547655 s)
>> 1 (1013: 33 1262 1140) (0.542802 s)
>> 1 (1015: 1509 879 33) (0.539348 s)
>> 1 (1071: 1087 1318 1195) (0.534433 s)
>> 1 (1075: 1043 1509 1087) (0.53115 s)
>> 1 (1166: 1173 1103 1043) (0.526439 s)
>> 1 (1209: 1702 1149 929) (0.523752 s)
>> 1 (1205: 1081 1702 1206) (0.520512 s)
>> 1 (1220: 241 1189 1173) (0.517168 s)
>> 1 (1159: 1158 1403 241) (0.513931 s)
>> 1 (1334: 1274 1457 1158) (0.50976 s)
>> 1 (1336: 329 1274 337) (0.507237 s)
>> 1 (1445: 462 1936 1453) (0.504017 s)
>> 1 (1459: 1950 1463 329) (0.501417 s)
>> 1 (1514: 1530 1510 950) (0.497487 s)
>> 1 (1630: 1874 1950 1629) (0.495427 s)
>> 1 (645: 495 1874 653) (0.491944 s)
>> 1 (1644: 1642 1648 495) (0.490529 s)
>> 1 (1677: 1678 1614 1081) (0.488276 s)
>> 1 (1793: 1788 1809 1678) (0.484718 s)
>> 1 (1794: 799 1822 1788) (0.479816 s)
>> 1 (1861: 1857 1739 799) (0.476726 s)
>> 1 (1917: 1872 1857 1672) (0.472376 s)
>> 0 (-1: -1 -1 -1) (0.470865 s)
Zelikovsky- 29.3149 s
>>> get_solution
  refine_solution: new weight 346 (was 346) in 0.003959 s
>>> get_solution
  refine_solution: new weight 391 (was 392) in 0.003976 s
  refine_solution: new weight 390 (was 391) in 0.003968 s
  refine_solution: new weight 390 (was 390) in 0.003961 s
2,,1959,11121,154,,313,0,,392,390,393,346,346,,3,3,@@

  handle_small_Steiner_degrees: steiner 0, suppress 0 in 5e-06 s
Starting round 3
Found 7 isolated vertices
Invalid ratios recomputed: 170
Best ratio is 3/2 (1.5), centered at 199
Finding the best star... Star with 3 terminals centered in 1185
round took: 0.004383 s
|V| = 1963, |E| = 11114, |R| = 152
>> 1 (41: 11 33 11) (0.019332 s)
>> 0 (-1: -1 -1 -1) (0.011571 s)
Zelikovsky 0.930096 s
>> 1 (10: 62 133 44) (0.677039 s)
>> 1 (12: 261 62 11) (0.670168 s)
>> 1 (72: 1052 261 198) (0.664963 s)
>> 1 (73: 1185 325 89) (0.661627 s)
>> 1 (200: 1185 1052 443) (0.653699 s)
>> 1 (289: 320 772 288) (0.649598 s)
>> 1 (292: 308 1185 320) (0.641136 s)
>> 1 (373: 384 372 308) (0.634664 s)
>> 1 (400: 1380 384 235) (0.629176 s)
>> 1 (401: 283 461 405) (0.622744 s)
>> 1 (411: 1393 427 283) (0.619866 s)
>> 1 (492: 981 522 496) (0.615599 s)
>> 1 (537: 55 981 536) (0.611306 s)
>> 1 (565: 686 810 564) (0.604803 s)
>> 1 (573: 1557 686 577) (0.600369 s)
>> 1 (587: 99 709 591) (0.595068 s)
>> 1 (596: 598 1557 55) (0.590791 s)
>> 1 (635: 1620 695 598) (0.585895 s)
>> 1 (636: 640 1620 859) (0.581374 s)
>> 1 (677: 618 669 99) (0.578145 s)
>> 1 (681: 929 1380 618) (0.57446 s)
>> 1 (754: 762 996 785) (0.570012 s)
>> 1 (758: 1746 762 757) (0.567348 s)
>> 1 (775: 1763 870 767) (0.561956 s)
>> 1 (881: 879 1746 640) (0.558433 s)
>> 1 (915: 1900 1763 939) (0.555213 s)
>> 1 (426: 396 1900 1393) (0.550608 s)
>> 1 (952: 950 960 396) (0.54607 s)
>> 1 (1013: 33 1262 1140) (0.540979 s)
>> 1 (1015: 1509 879 33) (0.537737 s)
>> 1 (1071: 1087 1318 1195) (0.532715 s)
>> 1 (1075: 1043 1509 1087) (0.53141 s)
>> 1 (1166: 1173 1103 1043) (0.524691 s)
>> 1 (1209: 1702 1149 929) (0.521845 s)
>> 1 (1205: 1081 1702 1206) (0.518634 s)
>> 1 (1220: 241 1189 1173) (0.51577 s)
>> 1 (1159: 1158 1403 241) (0.512607 s)
>> 1 (1334: 1274 1457 1158) (0.508498 s)
>> 1 (1336: 329 1274 337) (0.505647 s)
>> 1 (1445: 462 1936 1453) (0.502444 s)
>> 1 (1459: 1950 1463 329) (0.500039 s)
>> 1 (1514: 1530 1510 950) (0.495921 s)
>> 1 (1630: 1874 1950 1629) (0.493524 s)
>> 1 (645: 495 1874 653) (0.489551 s)
>> 1 (1644: 1642 1648 495) (0.488029 s)
>> 1 (1677: 1678 1614 1081) (0.485626 s)
>> 1 (1793: 1788 1809 1678) (0.482372 s)
>> 1 (1794: 799 1822 1788) (0.477798 s)
>> 1 (1861: 1857 1739 799) (0.474683 s)
>> 1 (1917: 1872 1857 1672) (0.471166 s)
>> 0 (-1: -1 -1 -1) (0.469367 s)
Zelikovsky- 28.5715 s
>>> get_solution
  refine_solution: new weight 346 (was 346) in 0.003961 s
>>> get_solution
  refine_solution: new weight 394 (was 395) in 0.004004 s
  refine_solution: new weight 394 (was 394) in 0.003981 s
3,,1956,11114,152,,170,0,,395,394,393,346,346,,3,3,@@

  handle_small_Steiner_degrees: steiner 0, suppress 0 in 4e-06 s
Starting round 4
Found 10 isolated vertices
Invalid ratios recomputed: 272
Best ratio is 3/2 (1.5), centered at 73
Finding the best star... Star with 3 terminals centered in 325
round took: 0.006543 s
|V| = 1963, |E| = 11104, |R| = 150
>> 1 (41: 11 33 11) (0.018928 s)
>> 0 (-1: -1 -1 -1) (0.011319 s)
Zelikovsky 0.909135 s
>> 1 (10: 62 133 44) (0.666359 s)
>> 1 (12: 261 62 11) (0.659616 s)
>> 1 (72: 1052 261 198) (0.655017 s)
>> 1 (200: 325 1052 443) (0.650074 s)
>> 1 (289: 320 772 288) (0.643792 s)
>> 1 (292: 308 325 320) (0.639686 s)
>> 1 (373: 384 372 308) (0.632634 s)
>> 1 (400: 1380 384 235) (0.62754 s)
>> 1 (401: 283 461 405) (0.620514 s)
>> 1 (411: 1393 427 283) (0.617925 s)
>> 1 (492: 981 522 496) (0.613247 s)
>> 1 (537: 55 981 536) (0.608699 s)
>> 1 (565: 686 810 564) (0.602654 s)
>> 1 (573: 1557 686 577) (0.597784 s)
>> 1 (587: 99 709 591) (0.593295 s)
>> 1 (596: 598 1557 55) (0.588802 s)
>> 1 (635: 1620 695 598) (0.5839 s)
>> 1 (636: 640 1620 859) (0.579027 s)
>> 1 (677: 618 669 99) (0.576417 s)
>> 1 (681: 618 1380 929) (0.572213 s)
>> 1 (754: 762 996 785) (0.56761 s)
>> 1 (758: 1746 762 757) (0.563737 s)
>> 1 (775: 1763 870 767) (0.560387 s)
>> 1 (881: 879 1746 640) (0.556915 s)
>> 1 (915: 1900 1763 939) (0.5526 s)
>> 1 (426: 396 1900 1393) (0.548831 s)
>> 1 (952: 950 960 396) (0.544621 s)
>> 1 (1013: 33 1262 1140) (0.539974 s)
>> 1 (1015: 1509 879 33) (0.53682 s)
>> 1 (1071: 1087 1318 1195) (0.532098 s)
>> 1 (1075: 1043 1509 1087) (0.529373 s)
>> 1 (1166: 1173 1103 1043) (0.524223 s)
>> 1 (1209: 1702 1149 618) (0.522166 s)
>> 1 (1205: 1081 1702 1206) (0.516829 s)
>> 1 (1220: 241 1189 1173) (0.514215 s)
>> 1 (1159: 1158 1403 241) (0.511015 s)
>> 1 (1334: 1274 1457 1158) (0.507015 s)
>> 1 (1336: 329 1274 337) (0.503832 s)
>> 1 (1445: 462 1936 1453) (0.500717 s)
>> 1 (1459: 1950 1463 329) (0.497999 s)
>> 1 (1514: 1530 1510 950) (0.494061 s)
>> 1 (1630: 1874 1950 1629) (0.491459 s)
>> 1 (645: 495 1874 653) (0.488125 s)
>> 1 (1644: 1642 1648 495) (0.487022 s)
>> 1 (1677: 1678 1614 1081) (0.484497 s)
>> 1 (1793: 1788 1809 1678) (0.481432 s)
>> 1 (1794: 799 1822 1788) (0.476977 s)
>> 1 (1861: 1857 1739 799) (0.474204 s)
>> 1 (1917: 1872 1857 1672) (0.469383 s)
>> 0 (-1: -1 -1 -1) (0.467782 s)
Zelikovsky- 27.7929 s
>>> get_solution
  refine_solution: new weight 346 (was 346) in 0.003964 s
>>> get_solution
  refine_solution: new weight 394 (was 394) in 0.003989 s
4,,1953,11104,150,,272,0,,394,394,393,346,346,,3,3,@@

  handle_small_Steiner_degrees: steiner 0, suppress 0 in 5e-06 s
Starting round 5
Found 13 isolated vertices
Invalid ratios recomputed: 378
Best ratio is 3/2 (1.5), centered at 200
Finding the best star... Star with 3 terminals centered in 325
round took: 0.009676 s
|V| = 1963, |E| = 11093, |R| = 148
>> 1 (41: 11 33 11) (0.018724 s)
>> 0 (-1: -1 -1 -1) (0.01103 s)
Zelikovsky 0.891723 s
>> 1 (10: 62 133 44) (0.661594 s)
>> 1 (12: 261 62 11) (0.656562 s)
>> 1 (72: 1052 325 261) (0.651302 s)
>> 1 (289: 320 772 288) (0.645706 s)
>> 1 (292: 308 1052 320) (0.640085 s)
>> 1 (373: 384 372 308) (0.631086 s)
>> 1 (400: 1380 384 235) (0.624033 s)
>> 1 (401: 283 461 405) (0.617482 s)
>> 1 (411: 1393 427 283) (0.614482 s)
>> 1 (492: 981 522 496) (0.609953 s)
>> 1 (537: 55 981 536) (0.606473 s)
>> 1 (565: 686 810 564) (0.600547 s)
>> 1 (573: 1557 686 577) (0.596026 s)
>> 1 (587: 99 709 591) (0.59076 s)
>> 1 (596: 598 1557 55) (0.586773 s)
>> 1 (635: 1620 695 598) (0.581933 s)
>> 1 (636: 640 1620 859) (0.57709 s)
>> 1 (677: 618 669 99) (0.574169 s)
>> 1 (681: 618 1380 929) (0.570378 s)
>> 1 (754: 762 996 785) (0.565301 s)
>> 1 (758: 1746 762 757) (0.561833 s)
>> 1 (775: 1763 870 767) (0.55853 s)
>> 1 (881: 879 1746 640) (0.55425 s)
>> 1 (915: 1900 1763 939) (0.550175 s)
>> 1 (426: 396 1900 1393) (0.545839 s)
>> 1 (952: 950 960 396) (0.542046 s)
>> 1 (1013: 33 1262 1140) (0.538038 s)
>> 1 (1015: 1509 879 33) (0.534887 s)
>> 1 (1071: 1087 1318 1195) (0.530218 s)
>> 1 (1075: 1043 1509 1087) (0.527735 s)
>> 1 (1166: 1173 1103 1043) (0.522336 s)
>> 1 (1209: 1702 1149 618) (0.519917 s)
>> 1 (1205: 1081 1702 1206) (0.515254 s)
>> 1 (1220: 241 1189 1173) (0.511844 s)
>> 1 (1159: 1158 1403 241) (0.508356 s)
>> 1 (1334: 1274 1457 1158) (0.504368 s)
>> 1 (1336: 329 1274 337) (0.50173 s)
>> 1 (1445: 462 1936 1453) (0.499058 s)
>> 1 (1459: 1950 1463 329) (0.496195 s)
>> 1 (1514: 1530 1510 950) (0.492381 s)
>> 1 (1630: 1874 1950 1629) (0.490076 s)
>> 1 (645: 495 1874 653) (0.486415 s)
>> 1 (1644: 1642 1648 495) (0.485302 s)
>> 1 (1677: 1678 1614 1081) (0.483082 s)
>> 1 (1793: 1788 1809 1678) (0.479809 s)
>> 1 (1794: 799 1822 1788) (0.475131 s)
>> 1 (1861: 1857 1739 799) (0.472223 s)
>> 1 (1917: 1872 1857 1672) (0.467628 s)
>> 0 (-1: -1 -1 -1) (0.46672 s)
Zelikovsky- 27.0406 s
>>> get_solution
  refine_solution: new weight 346 (was 346) in 0.003951 s
>>> get_solution
  refine_solution: new weight 393 (was 394) in 0.003983 s
  refine_solution: new weight 393 (was 393) in 0.00397 s
5,,1950,11093,148,,378,0,,394,393,393,346,346,,3,3,@@

  handle_small_Steiner_degrees: steiner 0, suppress 0 in 4e-06 s
Starting round 6
Found 16 isolated vertices
Invalid ratios recomputed: 437
Best ratio is 3/2 (1.5), centered at 196
Finding the best star... Star with 3 terminals centered in 62
round took: 0.01168 s
|V| = 1963, |E| = 11077, |R| = 146
>> 1 (41: 11 33 11) (0.018209 s)
>> 0 (-1: -1 -1 -1) (0.010748 s)
Zelikovsky 0.869105 s
>> 1 (12: 261 44 11) (0.651779 s)
>> 1 (72: 1052 261 62) (0.645378 s)
>> 1 (212: 1189 1052 337) (0.641199 s)
>> 1 (289: 320 772 288) (0.634905 s)
>> 1 (38: 1017 1189 320) (0.629726 s)
>> 1 (373: 384 1017 372) (0.623361 s)
>> 1 (400: 1380 384 235) (0.616979 s)
>> 1 (401: 283 461 405) (0.609704 s)
>> 1 (411: 1393 427 283) (0.606594 s)
>> 1 (492: 981 522 496) (0.602642 s)
>> 1 (537: 55 981 536) (0.597159 s)
>> 1 (565: 686 810 564) (0.591924 s)
>> 1 (573: 1557 686 577) (0.588435 s)
>> 1 (587: 99 709 591) (0.582634 s)
>> 1 (596: 598 1557 55) (0.57939 s)
>> 1 (635: 1620 695 598) (0.574365 s)
>> 1 (636: 640 1620 859) (0.570315 s)
>> 1 (677: 618 669 99) (0.566777 s)
>> 1 (681: 929 1380 618) (0.563426 s)
>> 1 (754: 762 996 785) (0.559368 s)
>> 1 (758: 1746 762 757) (0.556014 s)
>> 1 (775: 1763 870 767) (0.551886 s)
>> 1 (881: 879 1746 640) (0.54915 s)
>> 1 (915: 1900 1763 939) (0.544536 s)
>> 1 (426: 396 1900 1393) (0.540223 s)
>> 1 (952: 950 960 396) (0.535185 s)
>> 1 (1013: 33 1262 1140) (0.530987 s)
>> 1 (1015: 1509 879 33) (0.527435 s)
>> 1 (1071: 1087 1318 1195) (0.52264 s)
>> 1 (1075: 1043 1509 1087) (0.519369 s)
>> 1 (1166: 1173 1103 1043) (0.515172 s)
>> 1 (1209: 1702 1149 929) (0.51239 s)
>> 1 (1205: 1081 1702 1206) (0.509916 s)
>> 1 (1334: 1274 1457 1173) (0.507029 s)
>> 1 (1445: 462 1936 1453) (0.503845 s)
>> 1 (1459: 1950 1463 1274) (0.500555 s)
>> 1 (1514: 1530 1510 950) (0.49713 s)
>> 1 (1630: 1874 1950 1629) (0.49428 s)
>> 1 (645: 495 1874 653) (0.490109 s)
>> 1 (1644: 1642 1648 495) (0.488546 s)
>> 1 (1677: 1678 1614 1081) (0.486717 s)
>> 1 (1793: 1788 1809 1678) (0.483179 s)
>> 1 (1794: 799 1822 1788) (0.478669 s)
>> 1 (1861: 1857 1739 799) (0.475636 s)
>> 1 (1917: 1872 1857 1672) (0.471423 s)
>> 0 (-1: -1 -1 -1) (0.469614 s)
Zelikovsky- 25.3144 s
>>> get_solution
  refine_solution: new weight 348 (was 348) in 0.003955 s
>>> get_solution
  refine_solution: new weight 390 (was 391) in 0.003998 s
  refine_solution: new weight 389 (was 390) in 0.003971 s
  refine_solution: new weight 389 (was 389) in 0.00397 s
6,,1947,11077,146,,437,0,,391,389,391,348,348,,3,3,@@

  handle_small_Steiner_degrees: steiner 0, suppress 0 in 4e-06 s
Starting round 7
Found 19 isolated vertices
Invalid ratios recomputed: 656
Best ratio is 3/2 (1.5), centered at 212
Finding the best star... Star with 3 terminals centered in 62
round took: 0.019831 s
|V| = 1963, |E| = 11064, |R| = 144
>> 1 (41: 11 33 11) (0.017759 s)
>> 0 (-1: -1 -1 -1) (0.0104 s)
Zelikovsky 0.849214 s
>> 1 (12: 261 44 11) (0.642198 s)
>> 1 (72: 1052 261 62) (0.645229 s)
>> 1 (289: 320 772 288) (0.640146 s)
>> 1 (38: 1017 1052 320) (0.635586 s)
>> 1 (373: 384 1017 372) (0.62929 s)
>> 1 (400: 1380 384 235) (0.622739 s)
>> 1 (401: 283 461 405) (0.615286 s)
>> 1 (411: 1393 427 283) (0.611655 s)
>> 1 (492: 981 522 496) (0.607649 s)
>> 1 (537: 55 981 536) (0.602215 s)
>> 1 (565: 686 810 564) (0.59623 s)
>> 1 (573: 1557 686 577) (0.593741 s)
>> 1 (587: 99 709 591) (0.587216 s)
>> 1 (596: 598 1557 55) (0.584081 s)
>> 1 (635: 1620 695 598) (0.578169 s)
>> 1 (636: 640 1620 859) (0.574685 s)
>> 1 (677: 618 669 99) (0.570931 s)
>> 1 (681: 929 1380 618) (0.567592 s)
>> 1 (754: 762 996 785) (0.563032 s)
>> 1 (758: 1746 762 757) (0.559399 s)
>> 1 (775: 1763 870 767) (0.555908 s)
>> 1 (881: 879 1746 640) (0.553566 s)
>> 1 (915: 1900 1763 939) (0.548826 s)
>> 1 (426: 396 1900 1393) (0.544753 s)
>> 1 (952: 950 960 396) (0.54039 s)
>> 1 (1013: 33 1262 1140) (0.535775 s)
>> 1 (1015: 1509 879 33) (0.532526 s)
>> 1 (1071: 1087 1318 1195) (0.527396 s)
>> 1 (1075: 1043 1509 1087) (0.523869 s)
>> 1 (1166: 1173 1103 1043) (0.518864 s)
>> 1 (1209: 1702 1149 929) (0.515853 s)
>> 1 (1205: 1081 1702 1206) (0.512932 s)
>> 1 (1334: 1274 1457 1173) (0.510351 s)
>> 1 (1445: 462 1936 1453) (0.507018 s)
>> 1 (1459: 1950 1463 1274) (0.504241 s)
>> 1 (1514: 1530 1510 950) (0.500317 s)
>> 1 (1630: 1874 1950 1629) (0.497347 s)
>> 1 (645: 495 1874 653) (0.493837 s)
>> 1 (1644: 1642 1648 495) (0.492113 s)
>> 1 (1677: 1678 1614 1081) (0.489774 s)
>> 1 (1793: 1788 1809 1678) (0.486448 s)
>> 1 (1794: 799 1822 1788) (0.482247 s)
>> 1 (1861: 1857 1739 799) (0.478992 s)
>> 1 (1917: 1872 1857 1672) (0.474529 s)
>> 0 (-1: -1 -1 -1) (0.47309 s)
Zelikovsky- 24.8446 s
>>> get_solution
  refine_solution: new weight 348 (was 348) in 0.003978 s
>>> get_solution
  refine_solution: new weight 387 (was 390) in 0.003982 s
  refine_solution: new weight 387 (was 387) in 0.003973 s
7,,1944,11064,144,,656,0,,390,387,388,348,348,,3,3,@@

  handle_small_Steiner_degrees: steiner 0, suppress 0 in 4e-06 s
Starting round 8
Found 22 isolated vertices
Invalid ratios recomputed: 799
Best ratio is 3/2 (1.5), centered at 289
Finding the best star... Star with 3 terminals centered in 288
round took: 0.027033 s
|V| = 1963, |E| = 11054, |R| = 142
>> 1 (41: 11 33 11) (0.0173 s)
>> 0 (-1: -1 -1 -1) (0.010181 s)
Zelikovsky 0.84005 s
>> 1 (12: 261 44 11) (0.637737 s)
>> 1 (38: 1017 288 261) (0.632192 s)
>> 1 (72: 1052 1017 62) (0.625505 s)
>> 1 (373: 384 1052 372) (0.619046 s)
>> 1 (400: 1380 384 235) (0.613988 s)
>> 1 (401: 283 461 405) (0.605309 s)
>> 1 (411: 1393 427 283) (0.602704 s)
>> 1 (492: 981 522 496) (0.599643 s)
>> 1 (537: 55 981 536) (0.59345 s)
>> 1 (565: 686 810 564) (0.587668 s)
>> 1 (573: 1557 686 577) (0.583621 s)
>> 1 (587: 99 709 591) (0.577971 s)
>> 1 (596: 598 1557 55) (0.574965 s)
>> 1 (635: 1620 695 598) (0.569886 s)
>> 1 (636: 640 1620 859) (0.566821 s)
>> 1 (677: 618 669 99) (0.562243 s)
>> 1 (681: 929 1380 618) (0.558401 s)
>> 1 (754: 762 996 785) (0.555168 s)
>> 1 (758: 1746 762 757) (0.550605 s)
>> 1 (775: 1763 870 767) (0.547271 s)
>> 1 (881: 879 1746 640) (0.543878 s)
>> 1 (915: 1900 1763 939) (0.539165 s)
>> 1 (426: 396 1900 1393) (0.53653 s)
>> 1 (952: 950 960 396) (0.531324 s)
>> 1 (1013: 33 1262 1140) (0.526287 s)
>> 1 (1015: 1509 879 33) (0.52354 s)
>> 1 (1071: 1087 1318 1195) (0.518924 s)
>> 1 (1075: 1043 1509 1087) (0.515802 s)
>> 1 (1166: 1173 1103 1043) (0.511127 s)
>> 1 (1209: 1702 1149 929) (0.508419 s)
>> 1 (1205: 1081 1702 1206) (0.50515 s)
>> 1 (1334: 1274 1457 1173) (0.502746 s)
>> 1 (1445: 462 1936 1453) (0.498972 s)
>> 1 (1459: 1950 1463 1274) (0.49681 s)
>> 1 (1514: 1530 1510 950) (0.491756 s)
>> 1 (1630: 1874 1950 1629) (0.489961 s)
>> 1 (645: 495 1874 653) (0.486706 s)
>> 1 (1644: 1642 1648 495) (0.485172 s)
>> 1 (1677: 1678 1614 1081) (0.48262 s)
>> 1 (1793: 1788 1809 1678) (0.479258 s)
>> 1 (1794: 799 1822 1788) (0.475057 s)
>> 1 (1861: 1857 1739 799) (0.471821 s)
>> 1 (1917: 1872 1857 1672) (0.467123 s)
>> 0 (-1: -1 -1 -1) (0.465198 s)
Zelikovsky- 23.8338 s
>>> get_solution
  refine_solution: new weight 348 (was 348) in 0.003955 s
>>> get_solution
  refine_solution: new weight 388 (was 391) in 0.003979 s
  refine_solution: new weight 388 (was 388) in 0.003969 s
8,,1941,11054,142,,799,0,,391,388,389,348,348,,3,3,@@

  handle_small_Steiner_degrees: steiner 0, suppress 0 in 4e-06 s
Starting round 9
Found 25 isolated vertices
Invalid ratios recomputed: 316
Best ratio is 3/2 (1.5), centered at 292
Finding the best star... Star with 3 terminals centered in 261
round took: 0.01002 s
|V| = 1963, |E| = 11043, |R| = 140
>> 1 (373: 261 372 261) (0.016601 s)
>> 1 (41: 11 33 11) (0.01658 s)
>> 0 (-1: -1 -1 -1) (0.009999 s)
Zelikovsky 0.833916 s
>> 1 (373: 384 372 261) (0.62789 s)
>> 1 (400: 1380 384 235) (0.623222 s)
>> 1 (401: 283 461 405) (0.616234 s)
>> 1 (411: 1393 427 283) (0.612826 s)
>> 1 (492: 981 522 496) (0.608408 s)
>> 1 (537: 55 981 536) (0.603951 s)
>> 1 (565: 686 810 564) (0.599047 s)
>> 1 (573: 62 686 577) (0.594825 s)
>> 1 (587: 99 709 591) (0.588941 s)
>> 1 (596: 598 62 55) (0.585315 s)
>> 1 (635: 1620 695 598) (0.578859 s)
>> 1 (636: 640 1620 859) (0.575206 s)
>> 1 (677: 618 669 99) (0.57213 s)
>> 1 (681: 929 640 618) (0.569415 s)
>> 1 (754: 762 996 785) (0.564334 s)
>> 1 (758: 1746 762 757) (0.560054 s)
>> 1 (775: 1763 870 767) (0.556537 s)
>> 1 (873: 879 1380 929) (0.552319 s)
>> 1 (872: 1857 901 879) (0.544906 s)
>> 1 (885: 1872 1857 1746) (0.541027 s)
>> 1 (884: 396 1872 1763) (0.537769 s)
>> 1 (915: 1900 939 396) (0.533861 s)
>> 1 (952: 950 1393 960) (0.528528 s)
>> 1 (1013: 33 1262 1140) (0.525298 s)
>> 1 (1015: 1509 1078 33) (0.521688 s)
>> 1 (1071: 1087 1318 1195) (0.517759 s)
>> 1 (1075: 1043 1509 1087) (0.514798 s)
>> 1 (1166: 1173 1103 1043) (0.511018 s)
>> 1 (1209: 1702 1900 1149) (0.507755 s)
>> 1 (1205: 1081 1702 1206) (0.50476 s)
>> 1 (1334: 1274 1457 1173) (0.502527 s)
>> 1 (1445: 462 1936 1453) (0.499322 s)
>> 1 (1459: 1950 1463 1274) (0.496883 s)
>> 1 (1514: 1530 1510 1081) (0.493313 s)
>> 1 (1630: 1874 1950 1629) (0.488002 s)
>> 1 (645: 495 1874 653) (0.48449 s)
>> 1 (1644: 1642 1648 1530) (0.48208 s)
>> 1 (1677: 1678 1642 1614) (0.479212 s)
>> 1 (1793: 1788 1809 1678) (0.47545 s)
>> 1 (1794: 799 1822 1788) (0.470199 s)
>> 0 (-1: -1 -1 -1) (0.465126 s)
Zelikovsky- 22.2306 s
>>> get_solution
  refine_solution: new weight 348 (was 348) in 0.003964 s
>>> get_solution
  refine_solution: new weight 384 (was 389) in 0.003989 s
  refine_solution: new weight 384 (was 384) in 0.003967 s
9,,1938,11043,140,,316,0,,389,384,389,348,348,,3,3,@@

  handle_small_Steiner_degrees: steiner 0, suppress 0 in 4e-06 s
Starting round 10
Found 28 isolated vertices
Invalid ratios recomputed: 406
Best ratio is 3/2 (1.5), centered at 373
Finding the best star... Star with 3 terminals centered in 372
round took: 0.012946 s
|V| = 1963, |E| = 11034, |R| = 138
>> 1 (401: 283 405 283) (0.016126 s)
>> 1 (658: 55 235 55) (0.016145 s)
>> 1 (685: 564 669 564) (0.0161 s)
>> 1 (587: 99 591 99) (0.01647 s)
>> 1 (761: 757 759 757) (0.016131 s)
>> 1 (873: 372 859 372) (0.016386 s)
>> 1 (41: 11 33 11) (0.016239 s)
>> 0 (-1: -1 -1 -1) (0.009786 s)
Zelikovsky 0.901308 s
>> 1 (400: 1380 372 235) (0.621045 s)
>> 1 (401: 283 461 405) (0.614563 s)
>> 1 (411: 1393 427 283) (0.611136 s)
>> 1 (492: 981 522 496) (0.606718 s)
>> 1 (537: 55 981 536) (0.602438 s)
>> 1 (565: 686 810 564) (0.597292 s)
>> 1 (573: 62 686 577) (0.592763 s)
>> 1 (587: 99 709 591) (0.587291 s)
>> 1 (596: 598 62 55) (0.583384 s)
>> 1 (635: 1620 695 598) (0.577433 s)
>> 1 (636: 640 1620 859) (0.57438 s)
>> 1 (677: 618 669 99) (0.570624 s)
>> 1 (681: 929 640 618) (0.567201 s)
>> 1 (754: 762 996 785) (0.56137 s)
>> 1 (758: 1746 762 757) (0.559634 s)
>> 1 (775: 1763 870 767) (0.554664 s)
>> 1 (873: 879 1380 929) (0.551145 s)
>> 1 (872: 1857 901 879) (0.543231 s)
>> 1 (885: 1872 1857 1746) (0.539481 s)
>> 1 (884: 396 1872 1763) (0.535922 s)
>> 1 (915: 1900 939 396) (0.532927 s)
>> 1 (952: 950 1393 960) (0.526089 s)
>> 1 (1013: 33 1262 1140) (0.522842 s)
>> 1 (1015: 1509 1078 33) (0.521681 s)
>> 1 (1071: 1087 1318 1195) (0.51621 s)
>> 1 (1075: 1043 1509 1087) (0.516228 s)
>> 1 (1166: 1173 1103 1043) (0.508946 s)
>> 1 (1209: 1702 1900 1149) (0.506538 s)
>> 1 (1205: 1081 1702 1206) (0.504237 s)
>> 1 (1334: 1274 1457 1173) (0.50423 s)
>> 1 (1445: 462 1936 1453) (0.501334 s)
>> 1 (1459: 1950 1463 1274) (0.496038 s)
>> 1 (1514: 1530 1510 1081) (0.491419 s)
>> 1 (1630: 1874 1950 1629) (0.486335 s)
>> 1 (645: 495 1874 653) (0.483839 s)
>> 1 (1644: 1642 1648 1530) (0.480518 s)
>> 1 (1677: 1678 1642 1614) (0.478333 s)
>> 1 (1793: 1788 1809 1678) (0.473298 s)
>> 1 (1794: 799 1822 1788) (0.468348 s)
>> 0 (-1: -1 -1 -1) (0.46386 s)
Zelikovsky- 21.5504 s
>>> get_solution
  refine_solution: new weight 348 (was 348) in 0.003951 s
>>> get_solution
  refine_solution: new weight 384 (was 387) in 0.003981 s
  refine_solution: new weight 384 (was 384) in 0.00396 s
10,,1935,11034,138,,406,0,,387,384,381,348,348,,3,3,@@

  handle_small_Steiner_degrees: steiner 0, suppress 0 in 5e-06 s
Starting round 11
Found 31 isolated vertices
Invalid ratios recomputed: 538
Best ratio is 3/2 (1.5), centered at 400
Finding the best star... Star with 3 terminals centered in 1380
round took: 0.018051 s
|V| = 1963, |E| = 11025, |R| = 136
>> 1 (401: 283 405 283) (0.015549 s)
>> 1 (537: 55 522 55) (0.015801 s)
>> 1 (685: 564 669 564) (0.015745 s)
>> 1 (587: 99 591 99) (0.015875 s)
>> 1 (761: 757 759 757) (0.015721 s)
>> 1 (931: 62 870 62) (0.01573 s)
>> 1 (952: 461 950 461) (0.015875 s)
>> 1 (754: 762 785 762) (0.015593 s)
>> 1 (1166: 1103 1173 1103) (0.015505 s)
>> 1 (1013: 33 1140 33) (0.015311 s)
>> 1 (234: 112 155 112) (0.015626 s)
>> 1 (632: 208 640 208) (0.015113 s)
>> 1 (1333: 355 1087 355) (0.015362 s)
>> 1 (1258: 1262 1274 1262) (0.015002 s)
>> 1 (873: 859 879 859) (0.014989 s)
>> 1 (1442: 1318 1411 1318) (0.014701 s)
>> 1 (1205: 1081 1195 1081) (0.014363 s)
>> 1 (1408: 396 1287 396) (0.014288 s)
>> 1 (146: 22 138 22) (0.014083 s)
>> 1 (446: 329 430 329) (0.013976 s)
>> 1 (440: 452 462 452) (0.013635 s)
>> 1 (1396: 1365 1380 1365) (0.013824 s)
>> 1 (41: 11 44 11) (0.013683 s)
>> 0 (-1: -1 -1 -1) (0.009237 s)
Zelikovsky 1.13302 s
>> 1 (401: 283 461 405) (0.613735 s)
>> 1 (411: 1393 427 283) (0.610087 s)
>> 1 (492: 981 522 496) (0.605553 s)
>> 1 (537: 55 981 536) (0.600907 s)
>> 1 (565: 686 810 564) (0.596062 s)
>> 1 (573: 62 686 577) (0.59162 s)
>> 1 (587: 99 709 591) (0.586202 s)
>> 1 (596: 598 62 55) (0.583026 s)
>> 1 (635: 1620 695 598) (0.577112 s)
>> 1 (636: 640 1620 859) (0.573817 s)
>> 1 (677: 618 669 99) (0.570299 s)
>> 1 (681: 929 640 618) (0.567604 s)
>> 1 (754: 762 996 785) (0.561336 s)
>> 1 (758: 1746 762 757) (0.558257 s)
>> 1 (775: 1763 870 767) (0.554228 s)
>> 1 (873: 879 1380 929) (0.55131 s)
>> 1 (872: 1857 901 879) (0.542703 s)
>> 1 (885: 1872 1857 1746) (0.538659 s)
>> 1 (884: 396 1872 1763) (0.535342 s)
>> 1 (915: 1900 939 396) (0.531044 s)
>> 1 (952: 950 1393 960) (0.52517 s)
>> 1 (1013: 33 1262 1140) (0.52191 s)
>> 1 (1015: 1509 1078 33) (0.518409 s)
>> 1 (1071: 1087 1318 1195) (0.514663 s)
>> 1 (1075: 1043 1509 1087) (0.511769 s)
>> 1 (1166: 1173 1103 1043) (0.508398 s)
>> 1 (1209: 1702 1900 1149) (0.506128 s)
>> 1 (1205: 1081 1702 1206) (0.502617 s)
>> 1 (1334: 1274 1457 1173) (0.500096 s)
>> 1 (1445: 462 1936 1453) (0.49701 s)
>> 1 (1459: 1950 1463 1274) (0.494352 s)
>> 1 (1514: 1530 1510 1081) (0.490885 s)
>> 1 (1630: 1874 1950 1629) (0.485195 s)
>> 1 (645: 495 1874 653) (0.481977 s)
>> 1 (1644: 1642 1648 1530) (0.479638 s)
>> 1 (1677: 1678 1642 1614) (0.477051 s)
>> 1 (1793: 1788 1809 1678) (0.472887 s)
>> 1 (1794: 799 1822 1788) (0.467952 s)
>> 0 (-1: -1 -1 -1) (0.462635 s)
Zelikovsky- 20.8823 s
>>> get_solution
  refine_solution: new weight 348 (was 348) in 0.003959 s
>>> get_solution
  refine_solution: new weight 383 (was 386) in 0.003994 s
  refine_solution: new weight 383 (was 383) in 0.003971 s
11,,1932,11025,136,,538,0,,386,383,372,348,348,,3,3,@@

  handle_small_Steiner_degrees: steiner 0, suppress 0 in 4e-06 s
Starting round 12
Found 34 isolated vertices
Invalid ratios recomputed: 692
Best ratio is 4/3 (1.3), centered at 401
Finding the best star... Star with 4 terminals centered in 283
round took: 0.024897 s
|V| = 1963, |E| = 11008, |R| = 133
>> 1 (658: 55 283 55) (0.014926 s)
>> 1 (41: 11 33 11) (0.015082 s)
>> 0 (-1: -1 -1 -1) (0.008992 s)
Zelikovsky 0.781656 s
>> 1 (411: 1393 427 283) (0.6042 s)
>> 1 (492: 981 522 496) (0.600112 s)
>> 1 (537: 55 981 536) (0.595789 s)
>> 1 (565: 686 810 564) (0.590299 s)
>> 1 (573: 62 686 577) (0.584639 s)
>> 1 (587: 99 709 591) (0.580289 s)
>> 1 (596: 598 62 55) (0.575994 s)
>> 1 (635: 1620 695 598) (0.570179 s)
>> 1 (636: 640 1620 859) (0.566813 s)
>> 1 (677: 618 669 99) (0.563711 s)
>> 1 (681: 929 640 618) (0.560434 s)
>> 1 (754: 762 996 785) (0.55584 s)
>> 1 (758: 1746 762 757) (0.552188 s)
>> 1 (775: 1763 870 767) (0.548709 s)
>> 1 (873: 879 1393 929) (0.545425 s)
>> 1 (872: 1857 901 879) (0.536259 s)
>> 1 (885: 1872 1857 1746) (0.532167 s)
>> 1 (884: 396 1872 1763) (0.529336 s)
>> 1 (915: 1900 939 396) (0.524331 s)
>> 1 (952: 950 1900 960) (0.518285 s)
>> 1 (1013: 33 1262 1140) (0.513671 s)
>> 1 (1015: 1509 950 33) (0.510476 s)
>> 1 (1071: 1087 1318 1195) (0.502149 s)
>> 1 (1075: 1043 1509 1087) (0.499382 s)
>> 1 (1166: 1173 1103 1043) (0.492787 s)
>> 1 (1209: 1702 1173 1149) (0.489457 s)
>> 1 (1205: 1081 1702 1206) (0.485144 s)
>> 1 (1334: 1274 1457 1081) (0.481831 s)
>> 1 (1445: 462 1936 1453) (0.478442 s)
>> 1 (1459: 1950 1463 1274) (0.476049 s)
>> 1 (1514: 1530 1950 1510) (0.47244 s)
>> 1 (1630: 1874 1629 1530) (0.466933 s)
>> 1 (645: 495 1874 653) (0.462966 s)
>> 1 (1644: 1642 1648 495) (0.458259 s)
>> 1 (1677: 1678 1642 1614) (0.455186 s)
>> 1 (1793: 1788 1809 1678) (0.451532 s)
>> 1 (1794: 799 1822 1788) (0.446479 s)
>> 0 (-1: -1 -1 -1) (0.442108 s)
Zelikovsky- 19.8344 s
>>> get_solution
  refine_solution: new weight 348 (was 348) in 0.003966 s
>>> get_solution
  refine_solution: new weight 383 (was 386) in 0.004009 s
  refine_solution: new weight 383 (was 383) in 0.003985 s
12,,1929,11008,133,,692,0,,386,383,382,348,348,,4,4,@@

  handle_small_Steiner_degrees: steiner 0, suppress 0 in 4e-06 s
Starting round 13
Found 38 isolated vertices
Invalid ratios recomputed: 736
Best ratio is 3/2 (1.5), centered at 411
Finding the best star... Star with 3 terminals centered in 283
round took: 0.027619 s
|V| = 1963, |E| = 10995, |R| = 131
>> 1 (658: 55 283 55) (0.014628 s)
>> 1 (41: 11 33 11) (0.014781 s)
>> 0 (-1: -1 -1 -1) (0.008849 s)
Zelikovsky 0.769332 s
>> 1 (492: 981 522 496) (0.599553 s)
>> 1 (537: 55 981 536) (0.594922 s)
>> 1 (565: 686 810 564) (0.589631 s)
>> 1 (573: 62 686 577) (0.584138 s)
>> 1 (587: 99 709 591) (0.57973 s)
>> 1 (596: 598 62 55) (0.575444 s)
>> 1 (635: 1620 695 598) (0.570256 s)
>> 1 (636: 640 1620 859) (0.566546 s)
>> 1 (677: 618 669 99) (0.5634 s)
>> 1 (681: 929 640 618) (0.559835 s)
>> 1 (754: 762 996 785) (0.554817 s)
>> 1 (758: 1746 762 757) (0.551131 s)
>> 1 (775: 1763 870 767) (0.548411 s)
>> 1 (873: 283 929 879) (0.544575 s)
>> 1 (872: 1857 901 283) (0.535933 s)
>> 1 (885: 1872 1857 1746) (0.531916 s)
>> 1 (884: 396 1872 1763) (0.529705 s)
>> 1 (915: 1900 939 396) (0.525249 s)
>> 1 (952: 950 1900 960) (0.519729 s)
>> 1 (1013: 33 1262 1140) (0.514782 s)
>> 1 (1015: 1509 950 33) (0.511677 s)
>> 1 (1071: 1087 1318 1195) (0.503466 s)
>> 1 (1075: 1043 1509 1087) (0.500821 s)
>> 1 (1166: 1173 1103 1043) (0.49318 s)
>> 1 (1209: 1702 1173 1149) (0.490369 s)
>> 1 (1205: 1081 1702 1206) (0.485766 s)
>> 1 (1334: 1274 1457 1081) (0.482284 s)
>> 1 (1445: 462 1936 1453) (0.478807 s)
>> 1 (1459: 1950 1463 1274) (0.475961 s)
>> 1 (1514: 1530 1950 1510) (0.472297 s)
>> 1 (1630: 1874 1629 1530) (0.467293 s)
>> 1 (645: 495 1874 653) (0.462662 s)
>> 1 (1644: 1642 1648 495) (0.458374 s)
>> 1 (1677: 1678 1642 1614) (0.455695 s)
>> 1 (1793: 1788 1809 1678) (0.452867 s)
>> 1 (1794: 799 1822 1788) (0.446906 s)
>> 0 (-1: -1 -1 -1) (0.442334 s)
Zelikovsky- 19.2344 s
>>> get_solution
  refine_solution: new weight 348 (was 348) in 0.003964 s
>>> get_solution
  refine_solution: new weight 382 (was 385) in 0.003985 s
  refine_solution: new weight 381 (was 382) in 0.003967 s
  refine_solution: new weight 381 (was 381) in 0.003968 s
13,,1925,10995,131,,736,0,,385,381,382,348,348,,3,3,@@

  handle_small_Steiner_degrees: steiner 0, suppress 0 in 4e-06 s
Starting round 14
Found 41 isolated vertices
Invalid ratios recomputed: 771
Best ratio is 3/2 (1.5), centered at 492
Finding the best star... Star with 3 terminals centered in 981
round took: 0.029994 s
|V| = 1963, |E| = 10983, |R| = 129
>> 1 (668: 55 640 55) (0.01425 s)
>> 1 (685: 564 669 564) (0.014127 s)
>> 1 (587: 99 591 99) (0.014236 s)
>> 1 (761: 757 759 757) (0.014068 s)
>> 1 (873: 283 859 283) (0.01387 s)
>> 1 (41: 11 33 11) (0.014008 s)
>> 0 (-1: -1 -1 -1) (0.008747 s)
Zelikovsky 0.815812 s
>> 1 (537: 55 981 536) (0.59435 s)
>> 1 (565: 686 810 564) (0.588139 s)
>> 1 (573: 62 686 577) (0.583078 s)
>> 1 (587: 99 709 591) (0.578921 s)
>> 1 (596: 598 62 55) (0.575183 s)
>> 1 (635: 1620 695 598) (0.569025 s)
>> 1 (636: 640 1620 859) (0.565947 s)
>> 1 (677: 618 669 99) (0.562467 s)
>> 1 (681: 929 640 618) (0.558885 s)
>> 1 (754: 762 996 785) (0.553645 s)
>> 1 (758: 1746 762 757) (0.549882 s)
>> 1 (775: 1763 870 767) (0.546651 s)
>> 1 (873: 283 929 879) (0.543383 s)
>> 1 (872: 1857 901 283) (0.534263 s)
>> 1 (885: 1872 1857 1746) (0.529805 s)
>> 1 (884: 396 1872 1763) (0.527397 s)
>> 1 (915: 1900 939 396) (0.522449 s)
>> 1 (952: 950 1900 960) (0.516413 s)
>> 1 (1013: 33 1262 1140) (0.511337 s)
>> 1 (1015: 1509 950 33) (0.508534 s)
>> 1 (1071: 1087 1318 1195) (0.500397 s)
>> 1 (1075: 1043 1509 1087) (0.497515 s)
>> 1 (1166: 1173 1103 1043) (0.490528 s)
>> 1 (1209: 1702 1173 1149) (0.487345 s)
>> 1 (1205: 1081 1702 1206) (0.482951 s)
>> 1 (1334: 1274 1457 1081) (0.47992 s)
>> 1 (1445: 462 1936 1453) (0.476118 s)
>> 1 (1459: 1950 1463 1274) (0.474099 s)
>> 1 (1514: 1530 1950 1510) (0.469778 s)
>> 1 (1630: 1874 1629 1530) (0.46488 s)
>> 1 (645: 495 1874 653) (0.460462 s)
>> 1 (1644: 1642 1648 495) (0.455961 s)
>> 1 (1677: 1678 1642 1614) (0.453215 s)
>> 1 (1793: 1788 1809 1678) (0.449889 s)
>> 1 (1794: 799 1822 1788) (0.444472 s)
>> 0 (-1: -1 -1 -1) (0.440103 s)
Zelikovsky- 18.5611 s
>>> get_solution
  refine_solution: new weight 348 (was 348) in 0.003952 s
>>> get_solution
  refine_solution: new weight 378 (was 381) in 0.003977 s
  refine_solution: new weight 378 (was 378) in 0.003954 s
14,,1922,10983,129,,771,0,,381,378,376,348,348,,3,3,@@

  handle_small_Steiner_degrees: steiner 0, suppress 0 in 4e-06 s
Starting round 15
Found 44 isolated vertices
Invalid ratios recomputed: 374
Best ratio is 3/2 (1.5), centered at 537
Finding the best star... Star with 3 terminals centered in 981
round took: 0.013384 s
|V| = 1963, |E| = 10968, |R| = 127
>> 1 (685: 564 669 564) (0.013487 s)
>> 1 (587: 99 591 99) (0.013479 s)
>> 1 (761: 757 759 757) (0.013529 s)
>> 1 (873: 283 859 283) (0.013474 s)
>> 1 (41: 11 33 11) (0.013871 s)
>> 0 (-1: -1 -1 -1) (0.008471 s)
Zelikovsky 0.785915 s
>> 1 (565: 686 810 564) (0.586475 s)
>> 1 (573: 62 686 577) (0.58145 s)
>> 1 (587: 99 709 591) (0.576943 s)
>> 1 (596: 981 598 62) (0.573622 s)
>> 1 (635: 1620 981 695) (0.56642 s)
>> 1 (636: 640 1620 859) (0.563118 s)
>> 1 (677: 618 669 99) (0.559228 s)
>> 1 (681: 929 640 618) (0.55531 s)
>> 1 (754: 762 996 785) (0.55026 s)
>> 1 (758: 1746 762 757) (0.546615 s)
>> 1 (775: 1763 870 767) (0.543488 s)
>> 1 (873: 283 929 879) (0.540131 s)
>> 1 (872: 1857 901 283) (0.53097 s)
>> 1 (885: 1872 1857 1746) (0.526281 s)
>> 1 (884: 396 1872 1763) (0.523981 s)
>> 1 (915: 1900 939 396) (0.519192 s)
>> 1 (952: 950 1900 960) (0.513702 s)
>> 1 (1013: 33 1262 1140) (0.508728 s)
>> 1 (1015: 1509 950 33) (0.506315 s)
>> 1 (1071: 1087 1318 1195) (0.498008 s)
>> 1 (1075: 1043 1509 1087) (0.495111 s)
>> 1 (1166: 1173 1103 1043) (0.487601 s)
>> 1 (1209: 1702 1173 1149) (0.484765 s)
>> 1 (1205: 1081 1702 1206) (0.480443 s)
>> 1 (1334: 1274 1457 1081) (0.477021 s)
>> 1 (1445: 462 1936 1453) (0.473171 s)
>> 1 (1459: 1950 1463 1274) (0.470709 s)
>> 1 (1514: 1530 1950 1510) (0.467218 s)
>> 1 (1630: 1874 1629 1530) (0.462134 s)
>> 1 (645: 495 1874 653) (0.457456 s)
>> 1 (1644: 1642 1648 495) (0.453447 s)
>> 1 (1677: 1678 1642 1614) (0.450578 s)
>> 1 (1793: 1788 1809 1678) (0.447176 s)
>> 1 (1794: 799 1822 1788) (0.441734 s)
>> 0 (-1: -1 -1 -1) (0.437655 s)
Zelikovsky- 17.8699 s
>>> get_solution
  refine_solution: new weight 348 (was 348) in 0.003967 s
>>> get_solution
  refine_solution: new weight 377 (was 380) in 0.003986 s
  refine_solution: new weight 377 (was 377) in 0.003971 s
15,,1919,10968,127,,374,0,,380,377,378,348,348,,3,3,@@

  handle_small_Steiner_degrees: steiner 0, suppress 0 in 5e-06 s
Starting round 16
Found 47 isolated vertices
Invalid ratios recomputed: 540
Best ratio is 3/2 (1.5), centered at 565
Finding the best star... Star with 3 terminals centered in 564
round took: 0.020325 s
|V| = 1963, |E| = 10962, |R| = 125
>> 1 (573: 62 564 62) (0.012412 s)
>> 1 (587: 99 591 99) (0.012545 s)
>> 1 (677: 618 669 618) (0.012409 s)
>> 1 (761: 757 759 757) (0.012264 s)
>> 1 (873: 283 859 283) (0.012154 s)
>> 1 (41: 11 33 11) (0.012614 s)
>> 0 (-1: -1 -1 -1) (0.008455 s)
Zelikovsky 0.782123 s
>> 1 (573: 62 577 564) (0.580042 s)
>> 1 (587: 99 709 591) (0.575349 s)
>> 1 (596: 981 598 62) (0.571424 s)
>> 1 (635: 1620 981 695) (0.56457 s)
>> 1 (636: 640 1620 859) (0.561725 s)
>> 1 (677: 618 669 99) (0.558386 s)
>> 1 (681: 929 640 618) (0.554624 s)
>> 1 (754: 762 996 785) (0.54944 s)
>> 1 (758: 1746 762 757) (0.545802 s)
>> 1 (775: 1763 870 767) (0.542744 s)
>> 1 (873: 283 929 879) (0.539176 s)
>> 1 (872: 1857 901 283) (0.530227 s)
>> 1 (885: 1872 1857 1746) (0.525697 s)
>> 1 (884: 396 1872 1763) (0.523187 s)
>> 1 (915: 1900 939 396) (0.518415 s)
>> 1 (952: 950 1900 960) (0.512841 s)
>> 1 (1013: 33 1262 1140) (0.50807 s)
>> 1 (1015: 1509 950 33) (0.505067 s)
>> 1 (1071: 1087 1318 1195) (0.496611 s)
>> 1 (1075: 1043 1509 1087) (0.4941 s)
>> 1 (1166: 1173 1103 1043) (0.48655 s)
>> 1 (1209: 1702 1173 1149) (0.483371 s)
>> 1 (1205: 1081 1702 1206) (0.479116 s)
>> 1 (1334: 1274 1457 1081) (0.476153 s)
>> 1 (1445: 462 1936 1453) (0.472396 s)
>> 1 (1459: 1950 1463 1274) (0.470126 s)
>> 1 (1514: 1530 1950 1510) (0.466187 s)
>> 1 (1630: 1874 1629 1530) (0.461109 s)
>> 1 (645: 495 1874 653) (0.456794 s)
>> 1 (1644: 1642 1648 495) (0.452593 s)
>> 1 (1677: 1678 1642 1614) (0.44983 s)
>> 1 (1793: 1788 1809 1678) (0.446393 s)
>> 1 (1794: 799 1822 1788) (0.440832 s)
>> 0 (-1: -1 -1 -1) (0.436413 s)
Zelikovsky- 17.2486 s
>>> get_solution
  refine_solution: new weight 348 (was 348) in 0.003955 s
>>> get_solution
  refine_solution: new weight 376 (was 378) in 0.003971 s
  refine_solution: new weight 376 (was 376) in 0.003952 s
16,,1916,10962,125,,540,0,,378,376,374,348,348,,3,3,@@

  delete_edges: deleted 0 edges in 0.00214 s and 1 rounds
  handle_small_Steiner_degrees: steiner 0, suppress 0 in 5e-06 s
Starting round 17
Found 50 isolated vertices
Invalid ratios recomputed: 171
Best ratio is 4/3 (1.3), centered at 573
Finding the best star... Star with 4 terminals centered in 62
round took: 0.006438 s
|V| = 1963, |E| = 10943, |R| = 122
>> 1 (587: 99 591 99) (0.011727 s)
>> 1 (677: 618 669 618) (0.011672 s)
>> 1 (761: 757 759 757) (0.011651 s)
>> 1 (873: 283 859 283) (0.011678 s)
>> 1 (41: 11 33 11) (0.011861 s)
>> 0 (-1: -1 -1 -1) (0.007891 s)
Zelikovsky 0.744927 s
>> 1 (587: 99 709 591) (0.568466 s)
>> 1 (596: 62 981 598) (0.563869 s)
>> 1 (635: 1620 695 62) (0.557681 s)
>> 1 (636: 640 1620 859) (0.553988 s)
>> 1 (677: 618 669 99) (0.551382 s)
>> 1 (681: 929 640 618) (0.547253 s)
>> 1 (754: 762 996 785) (0.542902 s)
>> 1 (758: 1746 762 757) (0.539326 s)
>> 1 (775: 1763 870 767) (0.536485 s)
>> 1 (873: 283 929 879) (0.53307 s)
>> 1 (872: 1857 901 283) (0.524818 s)
>> 1 (885: 1872 1857 1746) (0.520297 s)
>> 1 (884: 396 1872 1763) (0.517709 s)
>> 1 (915: 1900 939 396) (0.512635 s)
>> 1 (952: 950 1900 960) (0.506552 s)
>> 1 (1013: 33 1262 1140) (0.501552 s)
>> 1 (1015: 1509 950 33) (0.498604 s)
>> 1 (1071: 1087 1318 1195) (0.490248 s)
>> 1 (1075: 1043 1509 1087) (0.487366 s)
>> 1 (1166: 1173 1103 1043) (0.479631 s)
>> 1 (1209: 1702 1173 1149) (0.476362 s)
>> 1 (1205: 1081 1702 1206) (0.472265 s)
>> 1 (1334: 1274 1457 1081) (0.469411 s)
>> 1 (1445: 462 1936 1453) (0.465705 s)
>> 1 (1459: 1950 1463 1274) (0.463355 s)
>> 1 (1514: 1530 1950 1510) (0.459681 s)
>> 1 (1630: 1874 1629 1530) (0.455902 s)
>> 1 (645: 495 1874 653) (0.45116 s)
>> 1 (1644: 1642 1648 495) (0.447314 s)
>> 1 (1677: 1678 1642 1614) (0.444388 s)
>> 1 (1793: 1788 1809 1678) (0.441068 s)
>> 1 (1794: 799 1822 1788) (0.435569 s)
>> 0 (-1: -1 -1 -1) (0.431326 s)
Zelikovsky- 16.4602 s
>>> get_solution
  refine_solution: new weight 348 (was 348) in 0.003956 s
>>> get_solution
  refine_solution: new weight 377 (was 380) in 0.003976 s
  refine_solution: new weight 377 (was 377) in 0.003952 s
17,,1913,10943,122,,171,0,,380,377,376,348,348,,4,4,@@

  handle_small_Steiner_degrees: steiner 0, suppress 0 in 4e-06 s
Starting round 18
Found 54 isolated vertices
Invalid ratios recomputed: 965
Best ratio is 3/2 (1.5), centered at 587
Finding the best star... Star with 3 terminals centered in 99
round took: 0.043157 s
|V| = 1963, |E| = 10937, |R| = 120
>> 1 (677: 99 618 99) (0.011188 s)
>> 1 (761: 757 759 757) (0.011077 s)
>> 1 (873: 283 859 283) (0.011151 s)
>> 1 (41: 11 33 11) (0.011351 s)
>> 0 (-1: -1 -1 -1) (0.007714 s)
Zelikovsky 0.720321 s
>> 1 (596: 62 981 598) (0.563656 s)
>> 1 (635: 1620 695 62) (0.556841 s)
>> 1 (636: 640 1620 859) (0.553621 s)
>> 1 (677: 99 669 618) (0.550579 s)
>> 1 (681: 929 640 99) (0.546524 s)
>> 1 (754: 762 996 785) (0.542324 s)
>> 1 (758: 1746 762 757) (0.538606 s)
>> 1 (775: 1763 870 767) (0.535736 s)
>> 1 (873: 283 929 879) (0.532058 s)
>> 1 (872: 1857 901 283) (0.523228 s)
>> 1 (885: 1872 1857 1746) (0.518565 s)
>> 1 (884: 396 1872 1763) (0.516456 s)
>> 1 (915: 1900 939 396) (0.511513 s)
>> 1 (952: 950 1900 960) (0.505607 s)
>> 1 (1013: 33 1262 1140) (0.500461 s)
>> 1 (1015: 1509 950 33) (0.49775 s)
>> 1 (1071: 1087 1318 1195) (0.489115 s)
>> 1 (1075: 1043 1509 1087) (0.486734 s)
>> 1 (1166: 1173 1103 1043) (0.478845 s)
>> 1 (1209: 1702 1173 1149) (0.475912 s)
>> 1 (1205: 1081 1702 1206) (0.471708 s)
>> 1 (1334: 1274 1457 1081) (0.468737 s)
>> 1 (1445: 462 1936 1453) (0.46513 s)
>> 1 (1459: 1950 1463 1274) (0.462674 s)
>> 1 (1514: 1530 1950 1510) (0.458773 s)
>> 1 (1630: 1874 1629 1530) (0.454898 s)
>> 1 (645: 495 1874 653) (0.450239 s)
>> 1 (1644: 1642 1648 495) (0.446564 s)
>> 1 (1677: 1678 1642 1614) (0.444188 s)
>> 1 (1793: 1788 1809 1678) (0.440575 s)
>> 1 (1794: 799 1822 1788) (0.435333 s)
>> 0 (-1: -1 -1 -1) (0.430496 s)
Zelikovsky- 15.8661 s
>>> get_solution
  refine_solution: new weight 348 (was 348) in 0.003958 s
>>> get_solution
  refine_solution: new weight 377 (was 379) in 0.003969 s
  refine_solution: new weight 376 (was 377) in 0.003957 s
  refine_solution: new weight 375 (was 376) in 0.003963 s
  refine_solution: new weight 375 (was 375) in 0.003966 s
18,,1909,10937,120,,965,0,,379,375,375,348,348,,3,3,@@

  handle_small_Steiner_degrees: steiner 0, suppress 0 in 4e-06 s
Starting round 19
Found 57 isolated vertices
Invalid ratios recomputed: 170
Best ratio is 3/2 (1.5), centered at 596
Finding the best star... Star with 3 terminals centered in 981
round took: 0.007816 s
|V| = 1963, |E| = 10916, |R| = 118
>> 1 (677: 99 618 99) (0.010806 s)
>> 1 (761: 757 759 757) (0.01069 s)
>> 1 (873: 283 859 283) (0.010648 s)
>> 1 (41: 11 33 11) (0.010825 s)
>> 0 (-1: -1 -1 -1) (0.007312 s)
Zelikovsky 0.712813 s
>> 1 (635: 1620 981 695) (0.552349 s)
>> 1 (636: 640 1620 859) (0.548996 s)
>> 1 (677: 99 669 618) (0.545763 s)
>> 1 (681: 929 640 99) (0.542678 s)
>> 1 (754: 762 996 785) (0.53832 s)
>> 1 (758: 1746 762 757) (0.534266 s)
>> 1 (775: 1763 870 767) (0.531458 s)
>> 1 (873: 283 929 879) (0.527993 s)
>> 1 (872: 1857 901 283) (0.51847 s)
>> 1 (885: 1872 1857 1746) (0.513923 s)
>> 1 (884: 396 1872 1763) (0.511792 s)
>> 1 (915: 1900 939 396) (0.506677 s)
>> 1 (952: 950 1900 960) (0.501176 s)
>> 1 (1013: 33 1262 1140) (0.496822 s)
>> 1 (1015: 1509 950 33) (0.493146 s)
>> 1 (1071: 1087 1318 1195) (0.48415 s)
>> 1 (1075: 1043 1509 1087) (0.481702 s)
>> 1 (1166: 1173 1103 1043) (0.474441 s)
>> 1 (1209: 1702 1173 1149) (0.471435 s)
>> 1 (1205: 1081 1702 1206) (0.46709 s)
>> 1 (1334: 1274 1457 1081) (0.464255 s)
>> 1 (1445: 462 1936 1453) (0.46071 s)
>> 1 (1459: 1950 1463 1274) (0.458252 s)
>> 1 (1514: 1530 1950 1510) (0.454153 s)
>> 1 (1630: 1874 1629 1530) (0.449696 s)
>> 1 (645: 495 1874 653) (0.445484 s)
>> 1 (1644: 1642 1648 495) (0.44151 s)
>> 1 (1677: 1678 1642 1614) (0.438746 s)
>> 1 (1793: 1788 1809 1678) (0.435283 s)
>> 1 (1794: 799 1822 1788) (0.429731 s)
>> 0 (-1: -1 -1 -1) (0.425137 s)
Zelikovsky- 15.1577 s
>>> get_solution
  refine_solution: new weight 348 (was 348) in 0.003957 s
>>> get_solution
  refine_solution: new weight 376 (was 378) in 0.003982 s
  refine_solution: new weight 375 (was 376) in 0.003947 s
  refine_solution: new weight 373 (was 375) in 0.003959 s
  refine_solution: new weight 373 (was 373) in 0.003964 s
19,,1906,10916,118,,170,0,,378,373,376,348,348,,3,3,@@

  handle_small_Steiner_degrees: steiner 0, suppress 0 in 4e-06 s
Starting round 20
Found 60 isolated vertices
Invalid ratios recomputed: 1249
Best ratio is 3/2 (1.5), centered at 635
Finding the best star... Star with 3 terminals centered in 1620
round took: 0.067595 s
|V| = 1963, |E| = 10900, |R| = 116
>> 1 (677: 99 618 99) (0.010345 s)
>> 1 (761: 757 759 757) (0.010293 s)
>> 1 (873: 283 859 283) (0.010412 s)
>> 1 (41: 11 33 11) (0.010335 s)
>> 0 (-1: -1 -1 -1) (0.00695 s)
Zelikovsky 0.710164 s
>> 1 (636: 859 1620 640) (0.553476 s)
>> 1 (677: 99 669 618) (0.55171 s)
>> 1 (681: 929 859 99) (0.547611 s)
>> 1 (754: 762 996 785) (0.543118 s)
>> 1 (758: 1746 762 757) (0.540034 s)
>> 1 (775: 1763 870 767) (0.536046 s)
>> 1 (873: 283 929 879) (0.532411 s)
>> 1 (872: 1857 901 283) (0.52264 s)
>> 1 (885: 1872 1857 1746) (0.519803 s)
>> 1 (884: 396 1872 1763) (0.51629 s)
>> 1 (915: 1900 939 396) (0.511068 s)
>> 1 (952: 950 1900 960) (0.506328 s)
>> 1 (1013: 33 1262 1140) (0.502016 s)
>> 1 (1015: 1509 950 33) (0.498571 s)
>> 1 (1071: 1087 1318 1195) (0.488141 s)
>> 1 (1075: 1043 1509 1087) (0.484904 s)
>> 1 (1166: 1173 1103 1043) (0.476949 s)
>> 1 (1209: 1702 1173 1149) (0.473794 s)
>> 1 (1205: 1081 1702 1206) (0.469354 s)
>> 1 (1334: 1274 1457 1081) (0.466599 s)
>> 1 (1445: 462 1936 1453) (0.462992 s)
>> 1 (1459: 1950 1463 1274) (0.460466 s)
>> 1 (1514: 1530 1950 1510) (0.456705 s)
>> 1 (1630: 1874 1629 1530) (0.452423 s)
>> 1 (645: 495 1874 653) (0.448479 s)
>> 1 (1644: 1642 1648 495) (0.444512 s)
>> 1 (1677: 1678 1642 1614) (0.441302 s)
>> 1 (1793: 1788 1809 1678) (0.438035 s)
>> 1 (1794: 799 1822 1788) (0.432238 s)
>> 0 (-1: -1 -1 -1) (0.428062 s)
Zelikovsky- 14.7181 s
>>> get_solution
  refine_solution: new weight 348 (was 348) in 0.003961 s
>>> get_solution
  refine_solution: new weight 373 (was 375) in 0.003971 s
  refine_solution: new weight 373 (was 373) in 0.003954 s
20,,1903,10900,116,,1249,0,,375,373,373,348,348,,3,3,@@

  handle_small_Steiner_degrees: steiner 0, suppress 0 in 4e-06 s
Starting round 21
Found 63 isolated vertices
Invalid ratios recomputed: 1263
Best ratio is 3/2 (1.5), centered at 636
Finding the best star... Star with 3 terminals centered in 859
round took: 0.070136 s
|V| = 1963, |E| = 10884, |R| = 114
>> 1 (677: 99 618 99) (0.010036 s)
>> 1 (761: 757 759 757) (0.010076 s)
>> 1 (873: 283 859 283) (0.009999 s)
>> 1 (41: 11 33 11) (0.01041 s)
>> 0 (-1: -1 -1 -1) (0.006828 s)
Zelikovsky 0.686192 s
>> 1 (677: 99 669 618) (0.541847 s)
>> 1 (681: 859 929 99) (0.537369 s)
>> 1 (754: 762 996 785) (0.533564 s)
>> 1 (758: 1746 762 757) (0.529379 s)
>> 1 (775: 1763 870 767) (0.526488 s)
>> 1 (873: 283 879 859) (0.523168 s)
>> 1 (872: 1857 901 283) (0.513687 s)
>> 1 (885: 1872 1857 1746) (0.509618 s)
>> 1 (884: 396 1872 1763) (0.507729 s)
>> 1 (915: 1900 939 396) (0.502608 s)
>> 1 (952: 950 1900 960) (0.4979 s)
>> 1 (1013: 33 1262 1140) (0.493249 s)
>> 1 (1015: 1509 950 33) (0.489508 s)
>> 1 (1071: 1087 1318 1195) (0.480465 s)
>> 1 (1075: 1043 1509 1087) (0.47781 s)
>> 1 (1166: 1173 1103 1043) (0.469855 s)
>> 1 (1209: 1702 1173 1149) (0.466896 s)
>> 1 (1205: 1081 1702 1206) (0.461972 s)
>> 1 (1334: 1274 1457 1081) (0.459221 s)
>> 1 (1445: 462 1936 1453) (0.455405 s)
>> 1 (1459: 1950 1463 1274) (0.453272 s)
>> 1 (1514: 1530 1950 1510) (0.449073 s)
>> 1 (1630: 1874 1629 1530) (0.444876 s)
>> 1 (645: 495 1874 653) (0.440124 s)
>> 1 (1644: 1642 1648 495) (0.436184 s)
>> 1 (1677: 1678 1642 1614) (0.43366 s)
>> 1 (1793: 1788 1809 1678) (0.429983 s)
>> 1 (1794: 799 1822 1788) (0.424749 s)
>> 0 (-1: -1 -1 -1) (0.420246 s)
Zelikovsky- 13.9215 s
>>> get_solution
  refine_solution: new weight 348 (was 348) in 0.003969 s
>>> get_solution
  refine_solution: new weight 373 (was 374) in 0.003989 s
  refine_solution: new weight 372 (was 373) in 0.003965 s
  refine_solution: new weight 371 (was 372) in 0.003957 s
  refine_solution: new weight 370 (was 371) in 0.00397 s
  refine_solution: new weight 370 (was 370) in 0.003961 s
21,,1900,10884,114,,1263,0,,374,370,373,348,348,,3,3,@@

  handle_small_Steiner_degrees: steiner 0, suppress 0 in 3e-06 s
Starting round 22
Found 66 isolated vertices
Invalid ratios recomputed: 1299
Best ratio is 3/2 (1.5), centered at 677
Finding the best star... Star with 3 terminals centered in 669
round took: 0.076245 s
|V| = 1963, |E| = 10877, |R| = 112
>> 1 (761: 757 759 757) (0.009624 s)
>> 1 (873: 283 859 283) (0.009642 s)
>> 1 (41: 11 33 11) (0.010262 s)
>> 0 (-1: -1 -1 -1) (0.006669 s)
Zelikovsky 0.66808 s
>> 1 (681: 859 929 669) (0.536974 s)
>> 1 (754: 762 996 785) (0.531528 s)
>> 1 (758: 1746 762 757) (0.528227 s)
>> 1 (775: 1763 870 767) (0.525843 s)
>> 1 (873: 283 879 859) (0.522292 s)
>> 1 (872: 1857 901 283) (0.512754 s)
>> 1 (885: 1872 1857 1746) (0.508601 s)
>> 1 (884: 396 1872 1763) (0.50581 s)
>> 1 (915: 1900 939 396) (0.500702 s)
>> 1 (952: 950 1900 960) (0.495943 s)
>> 1 (1013: 33 1262 1140) (0.490207 s)
>> 1 (1015: 1509 950 33) (0.487086 s)
>> 1 (1071: 1087 1318 1195) (0.478198 s)
>> 1 (1075: 1043 1509 1087) (0.475417 s)
>> 1 (1166: 1173 1103 1043) (0.467929 s)
>> 1 (1209: 1702 1173 1149) (0.464919 s)
>> 1 (1205: 1081 1702 1206) (0.460567 s)
>> 1 (1334: 1274 1457 1081) (0.457478 s)
>> 1 (1445: 462 1936 1453) (0.453905 s)
>> 1 (1459: 1950 1463 1274) (0.451618 s)
>> 1 (1514: 1530 1950 1510) (0.447405 s)
>> 1 (1630: 1874 1629 1530) (0.443354 s)
>> 1 (645: 495 1874 653) (0.438507 s)
>> 1 (1644: 1642 1648 495) (0.434717 s)
>> 1 (1677: 1678 1642 1614) (0.432092 s)
>> 1 (1793: 1788 1809 1678) (0.428526 s)
>> 1 (1794: 799 1822 1788) (0.423034 s)
>> 0 (-1: -1 -1 -1) (0.418678 s)
Zelikovsky- 13.3335 s
>>> get_solution
  refine_solution: new weight 348 (was 348) in 0.003967 s
>>> get_solution
  refine_solution: new weight 374 (was 375) in 0.003973 s
  refine_solution: new weight 373 (was 374) in 0.003975 s
  refine_solution: new weight 373 (was 373) in 0.003953 s
22,,1897,10877,112,,1299,0,,375,373,374,348,348,,3,3,@@

  handle_small_Steiner_degrees: steiner 0, suppress 0 in 5e-06 s
Starting round 23
Found 69 isolated vertices
Invalid ratios recomputed: 262
Best ratio is 3/2 (1.5), centered at 681
Finding the best star... Star with 3 terminals centered in 669
round took: 0.016117 s
|V| = 1963, |E| = 10853, |R| = 110
>> 1 (761: 757 759 757) (0.009258 s)
>> 1 (873: 283 669 283) (0.009102 s)
>> 1 (41: 11 33 11) (0.009631 s)
>> 0 (-1: -1 -1 -1) (0.006334 s)
Zelikovsky 0.646447 s
>> 1 (754: 762 996 785) (0.528815 s)
>> 1 (758: 1746 762 757) (0.525137 s)
>> 1 (775: 1763 870 767) (0.521757 s)
>> 1 (873: 283 879 669) (0.518341 s)
>> 1 (872: 1857 901 283) (0.508711 s)
>> 1 (885: 1872 1857 1746) (0.50491 s)
>> 1 (884: 396 1872 1763) (0.502319 s)
>> 1 (915: 1900 939 396) (0.496873 s)
>> 1 (952: 950 1900 960) (0.492246 s)
>> 1 (1013: 33 1262 1140) (0.486671 s)
>> 1 (1015: 1509 950 33) (0.484709 s)
>> 1 (1071: 1087 1318 1195) (0.475226 s)
>> 1 (1075: 1043 1509 1087) (0.471765 s)
>> 1 (1166: 1173 1103 1043) (0.464153 s)
>> 1 (1209: 1702 1173 1149) (0.461307 s)
>> 1 (1205: 1081 1702 1206) (0.457588 s)
>> 1 (1334: 1274 1457 1081) (0.454523 s)
>> 1 (1445: 462 1936 1453) (0.451084 s)
>> 1 (1459: 1950 1463 1274) (0.44874 s)
>> 1 (1514: 1530 1950 1510) (0.444643 s)
>> 1 (1630: 1874 1629 1530) (0.440529 s)
>> 1 (645: 495 1874 653) (0.43593 s)
>> 1 (1644: 1642 1648 495) (0.431849 s)
>> 1 (1677: 1678 1642 1614) (0.429181 s)
>> 1 (1793: 1788 1809 1678) (0.425637 s)
>> 1 (1794: 799 1822 1788) (0.419843 s)
>> 0 (-1: -1 -1 -1) (0.415842 s)
Zelikovsky- 12.7091 s
>>> get_solution
  refine_solution: new weight 348 (was 348) in 0.003978 s
>>> get_solution
  refine_solution: new weight 369 (was 371) in 0.003967 s
  refine_solution: new weight 368 (was 369) in 0.003949 s
  refine_solution: new weight 368 (was 368) in 0.003956 s
23,,1894,10853,110,,262,0,,371,368,369,348,348,,3,3,@@

  handle_small_Steiner_degrees: steiner 0, suppress 0 in 4e-06 s
Starting round 24
Found 72 isolated vertices
Invalid ratios recomputed: 1368
Best ratio is 3/2 (1.5), centered at 754
Finding the best star... Star with 3 terminals centered in 996
round took: 0.087412 s
|V| = 1963, |E| = 10846, |R| = 108
>> 1 (873: 283 669 283) (0.008926 s)
>> 1 (41: 11 33 11) (0.009464 s)
>> 0 (-1: -1 -1 -1) (0.006145 s)
Zelikovsky 0.62952 s
>> 1 (758: 1746 996 757) (0.523178 s)
>> 1 (775: 1763 870 767) (0.519386 s)
>> 1 (873: 283 879 669) (0.51641 s)
>> 1 (872: 1857 901 283) (0.506053 s)
>> 1 (885: 1872 1857 1746) (0.503903 s)
>> 1 (884: 396 1872 1763) (0.501334 s)
>> 1 (915: 1900 939 396) (0.495617 s)
>> 1 (952: 950 1900 960) (0.49031 s)
>> 1 (1013: 33 1262 1140) (0.4847 s)
>> 1 (1015: 1509 950 33) (0.483101 s)
>> 1 (1071: 1087 1318 1195) (0.47395 s)
>> 1 (1075: 1043 1509 1087) (0.47139 s)
>> 1 (1166: 1173 1103 1043) (0.462391 s)
>> 1 (1209: 1702 1173 1149) (0.459821 s)
>> 1 (1205: 1081 1702 1206) (0.455116 s)
>> 1 (1334: 1274 1457 1081) (0.452101 s)
>> 1 (1445: 462 1936 1453) (0.448877 s)
>> 1 (1459: 1950 1463 1274) (0.445944 s)
>> 1 (1514: 1530 1950 1510) (0.442087 s)
>> 1 (1630: 1874 1629 1530) (0.437716 s)
>> 1 (645: 495 1874 653) (0.432994 s)
>> 1 (1644: 1642 1648 495) (0.428875 s)
>> 1 (1677: 1678 1642 1614) (0.426149 s)
>> 1 (1793: 1788 1809 1678) (0.42296 s)
>> 1 (1794: 799 1822 1788) (0.417346 s)
>> 0 (-1: -1 -1 -1) (0.413365 s)
Zelikovsky- 12.1256 s
>>> get_solution
  refine_solution: new weight 348 (was 348) in 0.00398 s
>>> get_solution
  refine_solution: new weight 369 (was 371) in 0.003973 s
  refine_solution: new weight 369 (was 369) in 0.003954 s
24,,1891,10846,108,,1368,0,,371,369,370,348,348,,3,3,@@

  handle_small_Steiner_degrees: steiner 0, suppress 0 in 4e-06 s
Starting round 25
Found 75 isolated vertices
Invalid ratios recomputed: 417
Best ratio is 3/2 (1.5), centered at 758
Finding the best star... Star with 3 terminals centered in 757
round took: 0.025499 s
|V| = 1963, |E| = 10838, |R| = 106
>> 1 (877: 283 669 283) (0.008562 s)
>> 1 (41: 11 33 11) (0.009547 s)
>> 0 (-1: -1 -1 -1) (0.006177 s)
Zelikovsky 0.618421 s
>> 1 (775: 1763 870 767) (0.517961 s)
>> 1 (873: 283 879 669) (0.514014 s)
>> 1 (872: 1857 901 283) (0.503995 s)
>> 1 (885: 1872 1857 757) (0.500144 s)
>> 1 (884: 396 1872 1763) (0.497112 s)
>> 1 (915: 1900 939 396) (0.491867 s)
>> 1 (952: 950 1900 960) (0.486342 s)
>> 1 (1013: 33 1262 1140) (0.4814 s)
>> 1 (1015: 1509 950 33) (0.478757 s)
>> 1 (1071: 1087 1318 1195) (0.470153 s)
>> 1 (1075: 1043 1509 1087) (0.467655 s)
>> 1 (1166: 1173 1103 1043) (0.459858 s)
>> 1 (1209: 1702 1173 1149) (0.457256 s)
>> 1 (1205: 1081 1702 1206) (0.453961 s)
>> 1 (1334: 1274 1457 1081) (0.450557 s)
>> 1 (1445: 462 1936 1453) (0.446402 s)
>> 1 (1459: 1950 1463 1274) (0.444643 s)
>> 1 (1514: 1530 1950 1510) (0.44059 s)
>> 1 (1630: 1874 1629 1530) (0.43621 s)
>> 1 (645: 495 1874 653) (0.431647 s)
>> 1 (1644: 1642 1648 495) (0.428168 s)
>> 1 (1677: 1678 1642 1614) (0.424923 s)
>> 1 (1793: 1788 1809 1678) (0.421378 s)
>> 1 (1794: 799 1822 1788) (0.416162 s)
>> 0 (-1: -1 -1 -1) (0.412028 s)
Zelikovsky- 11.5433 s
>>> get_solution
  refine_solution: new weight 348 (was 348) in 0.003985 s
>>> get_solution
  refine_solution: new weight 366 (was 368) in 0.003983 s
  refine_solution: new weight 366 (was 366) in 0.003983 s
25,,1888,10838,106,,417,0,,368,366,368,348,348,,3,3,@@

  handle_small_Steiner_degrees: steiner 0, suppress 0 in 4e-06 s
Starting round 26
Found 78 isolated vertices
Invalid ratios recomputed: 518
Best ratio is 3/2 (1.5), centered at 775
Finding the best star... Star with 3 terminals centered in 767
round took: 0.032642 s
|V| = 1963, |E| = 10831, |R| = 104
>> 1 (877: 283 669 283) (0.008288 s)
>> 1 (41: 11 33 11) (0.009475 s)
>> 0 (-1: -1 -1 -1) (0.005965 s)
Zelikovsky 0.609736 s
>> 1 (873: 283 879 669) (0.513514 s)
>> 1 (872: 1857 901 283) (0.503645 s)
>> 1 (885: 1872 1857 757) (0.499483 s)
>> 1 (884: 396 1872 767) (0.496192 s)
>> 1 (915: 1900 939 396) (0.490773 s)
>> 1 (952: 950 1900 960) (0.485003 s)
>> 1 (1013: 33 1262 1140) (0.479927 s)
>> 1 (1015: 1509 950 33) (0.476955 s)
>> 1 (1071: 1087 1318 1195) (0.46876 s)
>> 1 (1075: 1043 1509 1087) (0.465649 s)
>> 1 (1166: 1173 1103 1043) (0.457824 s)
>> 1 (1209: 1702 1173 1149) (0.454901 s)
>> 1 (1205: 1081 1702 1206) (0.45098 s)
>> 1 (1334: 1274 1457 1081) (0.447909 s)
>> 1 (1445: 462 1936 1453) (0.444058 s)
>> 1 (1459: 1950 1463 1274) (0.441642 s)
>> 1 (1514: 1510 1950 1530) (0.437803 s)
>> 1 (1630: 1874 1629 1510) (0.433607 s)
>> 1 (645: 495 1874 653) (0.428845 s)
>> 1 (1644: 1642 1648 495) (0.424981 s)
>> 1 (1677: 1678 1642 1614) (0.422147 s)
>> 1 (1793: 1788 1809 1678) (0.418947 s)
>> 1 (1794: 799 1822 1788) (0.413461 s)
>> 0 (-1: -1 -1 -1) (0.409465 s)
Zelikovsky- 10.9763 s
>>> get_solution
  refine_solution: new weight 348 (was 348) in 0.003976 s
>>> get_solution
  refine_solution: new weight 368 (was 368) in 0.003968 s
26,,1885,10831,104,,518,0,,368,368,367,348,348,,3,3,@@

  handle_small_Steiner_degrees: steiner 0, suppress 0 in 4e-06 s
Starting round 27
Found 81 isolated vertices
Invalid ratios recomputed: 247
Best ratio is 3/2 (1.5), centered at 873
Finding the best star... Star with 3 terminals centered in 669
round took: 0.016661 s
|V| = 1963, |E| = 10789, |R| = 102
>> 1 (952: 669 950 669) (0.007834 s)
>> 1 (41: 11 33 11) (0.008685 s)
>> 0 (-1: -1 -1 -1) (0.005589 s)
Zelikovsky 0.587556 s
>> 1 (872: 1857 901 669) (0.496951 s)
>> 1 (885: 1872 1857 757) (0.492463 s)
>> 1 (884: 396 1872 767) (0.489138 s)
>> 1 (915: 1900 939 396) (0.484884 s)
>> 1 (952: 950 1900 960) (0.478894 s)
>> 1 (1013: 33 1262 1140) (0.473704 s)
>> 1 (1015: 1509 950 33) (0.470714 s)
>> 1 (1071: 1087 1318 1195) (0.462081 s)
>> 1 (1075: 1043 1509 1087) (0.459444 s)
>> 1 (1166: 1173 1103 1043) (0.451738 s)
>> 1 (1209: 1702 1173 1149) (0.448906 s)
>> 1 (1205: 1081 1702 1206) (0.444727 s)
>> 1 (1334: 1274 1457 1081) (0.441937 s)
>> 1 (1445: 462 1936 1453) (0.438604 s)
>> 1 (1459: 1950 1463 1274) (0.435872 s)
>> 1 (1514: 1510 1950 1530) (0.431993 s)
>> 1 (1630: 1874 1629 1510) (0.428031 s)
>> 1 (645: 495 1874 653) (0.423676 s)
>> 1 (1644: 1642 1648 495) (0.420226 s)
>> 1 (1677: 1678 1642 1614) (0.417412 s)
>> 1 (1793: 1788 1809 1678) (0.415092 s)
>> 1 (1794: 799 1822 1788) (0.409454 s)
>> 0 (-1: -1 -1 -1) (0.404604 s)
Zelikovsky- 10.3301 s
>>> get_solution
  refine_solution: new weight 348 (was 348) in 0.003979 s
>>> get_solution
  refine_solution: new weight 365 (was 366) in 0.003968 s
  refine_solution: new weight 364 (was 365) in 0.003955 s
  refine_solution: new weight 364 (was 364) in 0.003939 s
27,,1882,10789,102,,247,0,,366,364,368,348,348,,3,3,@@

  handle_small_Steiner_degrees: steiner 0, suppress 0 in 3e-06 s
Starting round 28
Found 84 isolated vertices
Invalid ratios recomputed: 1616
Best ratio is 3/2 (1.5), centered at 872
Finding the best star... Star with 3 terminals centered in 901
round took: 0.129868 s
|V| = 1963, |E| = 10774, |R| = 100
>> 1 (952: 901 950 901) (0.007428 s)
>> 1 (41: 11 33 11) (0.008155 s)
>> 0 (-1: -1 -1 -1) (0.005283 s)
Zelikovsky 0.580787 s
>> 1 (885: 1872 901 757) (0.490526 s)
>> 1 (884: 396 1872 767) (0.487109 s)
>> 1 (915: 1900 939 396) (0.482402 s)
>> 1 (952: 950 1900 960) (0.476637 s)
>> 1 (1013: 33 1262 1140) (0.471747 s)
>> 1 (1015: 1509 950 33) (0.469006 s)
>> 1 (1071: 1087 1318 1195) (0.460354 s)
>> 1 (1075: 1043 1509 1087) (0.457693 s)
>> 1 (1166: 1173 1103 1043) (0.449743 s)
>> 1 (1209: 1702 1173 1149) (0.446863 s)
>> 1 (1205: 1081 1702 1206) (0.442846 s)
>> 1 (1334: 1274 1457 1081) (0.440208 s)
>> 1 (1445: 462 1936 1453) (0.43652 s)
>> 1 (1459: 1950 1463 1274) (0.434159 s)
>> 1 (1514: 1510 1950 1530) (0.430207 s)
>> 1 (1630: 1874 1629 1510) (0.42619 s)
>> 1 (645: 495 1874 653) (0.422161 s)
>> 1 (1644: 1642 1648 495) (0.417986 s)
>> 1 (1677: 1678 1642 1614) (0.41533 s)
>> 1 (1793: 1788 1809 1678) (0.413181 s)
>> 1 (1794: 799 1822 1788) (0.407213 s)
>> 0 (-1: -1 -1 -1) (0.403447 s)
Zelikovsky- 9.79073 s
>>> get_solution
  refine_solution: new weight 348 (was 348) in 0.003966 s
>>> get_solution
  refine_solution: new weight 366 (was 367) in 0.003972 s
  refine_solution: new weight 365 (was 366) in 0.003956 s
  refine_solution: new weight 365 (was 365) in 0.003955 s
28,,1879,10774,100,,1616,0,,367,365,366,348,348,,3,3,@@

  handle_small_Steiner_degrees: steiner 0, suppress 0 in 3e-06 s
Starting round 29
Found 87 isolated vertices
Invalid ratios recomputed: 1641
Best ratio is 3/2 (1.5), centered at 885
Finding the best star... Star with 3 terminals centered in 757
round took: 0.135719 s
|V| = 1963, |E| = 10738, |R| = 98
>> 1 (884: 396 757 396) (0.006946 s)
>> 1 (41: 11 33 11) (0.008197 s)
>> 0 (-1: -1 -1 -1) (0.005468 s)
Zelikovsky 0.570361 s
>> 1 (884: 396 767 757) (0.484897 s)
>> 1 (915: 1900 939 396) (0.479425 s)
>> 1 (952: 950 1900 960) (0.473285 s)
>> 1 (1013: 33 1262 1140) (0.468598 s)
>> 1 (1015: 1509 950 33) (0.466436 s)
>> 1 (1071: 1087 1318 1195) (0.457747 s)
>> 1 (1075: 1043 1509 1087) (0.455002 s)
>> 1 (1166: 1173 1103 1043) (0.446443 s)
>> 1 (1209: 1702 1173 1149) (0.445147 s)
>> 1 (1205: 1081 1702 1206) (0.440643 s)
>> 1 (1334: 1274 1457 1081) (0.436891 s)
>> 1 (1445: 462 1936 1453) (0.432859 s)
>> 1 (1459: 1950 1463 1274) (0.431047 s)
>> 1 (1514: 1510 1950 1530) (0.426566 s)
>> 1 (1630: 1874 1629 1510) (0.422177 s)
>> 1 (645: 495 1874 653) (0.4197 s)
>> 1 (1644: 1642 1648 495) (0.416279 s)
>> 1 (1677: 1678 1642 1614) (0.411778 s)
>> 1 (1793: 1788 1809 1678) (0.412067 s)
>> 1 (1794: 799 1822 1788) (0.403628 s)
>> 0 (-1: -1 -1 -1) (0.399171 s)
Zelikovsky- 9.2389 s
>>> get_solution
  refine_solution: new weight 348 (was 348) in 0.003958 s
>>> get_solution
  refine_solution: new weight 367 (was 367) in 0.003976 s
29,,1876,10738,98,,1641,0,,367,367,366,348,348,,3,3,@@

  handle_small_Steiner_degrees: steiner 0, suppress 0 in 4e-06 s
Starting round 30
Found 90 isolated vertices
Invalid ratios recomputed: 1708
Best ratio is 3/2 (1.5), centered at 884
Finding the best star... Star with 3 terminals centered in 396
round took: 0.164104 s
|V| = 1963, |E| = 10711, |R| = 96
>> 1 (952: 396 950 396) (0.006554 s)
>> 1 (41: 11 33 11) (0.006975 s)
>> 0 (-1: -1 -1 -1) (0.005566 s)
Zelikovsky 0.552899 s
>> 1 (915: 396 1900 939) (0.481464 s)
>> 1 (952: 396 960 950) (0.483187 s)
>> 1 (1013: 33 1262 1140) (0.472943 s)
>> 1 (1015: 1509 396 33) (0.469466 s)
>> 1 (1071: 1087 1318 1195) (0.458383 s)
>> 1 (1075: 1043 1509 1087) (0.455375 s)
>> 1 (1166: 1173 1103 1043) (0.448441 s)
>> 1 (1209: 1702 1173 1149) (0.444113 s)
>> 1 (1205: 1081 1702 1206) (0.439493 s)
>> 1 (1334: 1274 1457 1081) (0.438044 s)
>> 1 (1445: 462 1936 1453) (0.432373 s)
>> 1 (1459: 1950 1463 1274) (0.42981 s)
>> 1 (1514: 1510 1950 1530) (0.426287 s)
>> 1 (1630: 1874 1629 1510) (0.421498 s)
>> 1 (645: 495 1874 653) (0.416612 s)
>> 1 (1644: 1642 1648 495) (0.413372 s)
>> 1 (1677: 1678 1642 1614) (0.410488 s)
>> 1 (1793: 1788 1809 1678) (0.407705 s)
>> 1 (1794: 799 1822 1788) (0.402563 s)
>> 0 (-1: -1 -1 -1) (0.398937 s)
Zelikovsky- 8.75923 s
>>> get_solution
  refine_solution: new weight 348 (was 348) in 0.003969 s
>>> get_solution
  refine_solution: new weight 366 (was 366) in 0.003967 s
30,,1873,10711,96,,1708,0,,366,366,366,348,348,,3,3,@@

  handle_small_Steiner_degrees: steiner 0, suppress 0 in 4e-06 s
Starting round 31
Found 93 isolated vertices
Invalid ratios recomputed: 1743
Best ratio is 3/2 (1.5), centered at 915
Finding the best star... Star with 3 terminals centered in 396
round took: 0.176728 s
|V| = 1963, |E| = 10691, |R| = 94
>> 1 (952: 396 950 396) (0.006336 s)
>> 1 (41: 11 33 11) (0.007765 s)
>> 0 (-1: -1 -1 -1) (0.005346 s)
Zelikovsky 0.537644 s
>> 1 (952: 396 960 950) (0.474951 s)
>> 1 (1013: 33 1262 1140) (0.4694 s)
>> 1 (1015: 1509 396 33) (0.466651 s)
>> 1 (1071: 1087 1318 1195) (0.457582 s)
>> 1 (1075: 1043 1509 1087) (0.454894 s)
>> 1 (1166: 1173 1103 1043) (0.446371 s)
>> 1 (1209: 1702 1173 1149) (0.443204 s)
>> 1 (1205: 1081 1702 1206) (0.439262 s)
>> 1 (1334: 1274 1457 1081) (0.435996 s)
>> 1 (1445: 462 1936 1453) (0.432056 s)
>> 1 (1459: 1950 1463 1274) (0.429848 s)
>> 1 (1514: 1510 1950 1530) (0.426014 s)
>> 1 (1630: 1874 1629 1510) (0.421383 s)
>> 1 (645: 495 1874 653) (0.417168 s)
>> 1 (1644: 1642 1648 495) (0.413493 s)
>> 1 (1677: 1678 1642 1614) (0.410612 s)
>> 1 (1793: 1788 1809 1678) (0.407786 s)
>> 1 (1794: 799 1822 1788) (0.402384 s)
>> 0 (-1: -1 -1 -1) (0.398424 s)
Zelikovsky- 8.25577 s
>>> get_solution
  refine_solution: new weight 348 (was 348) in 0.003958 s
>>> get_solution
  refine_solution: new weight 366 (was 367) in 0.00398 s
  refine_solution: new weight 366 (was 366) in 0.003964 s
31,,1870,10691,94,,1743,0,,367,366,366,348,348,,3,3,@@

  handle_small_Steiner_degrees: steiner 0, suppress 0 in 4e-06 s
Starting round 32
Found 96 isolated vertices
Invalid ratios recomputed: 1758
Best ratio is 3/2 (1.5), centered at 952
Finding the best star... Star with 3 terminals centered in 950
round took: 0.185926 s
|V| = 1963, |E| = 10681, |R| = 92
>> 1 (1166: 1103 1173 1103) (0.005997 s)
>> 1 (1222: 950 1206 950) (0.005854 s)
>> 1 (41: 11 33 11) (0.006561 s)
>> 0 (-1: -1 -1 -1) (0.004972 s)
Zelikovsky 0.535559 s
>> 1 (1013: 33 1262 1140) (0.458605 s)
>> 1 (1015: 1509 950 33) (0.455766 s)
>> 1 (1071: 1087 1318 1195) (0.447105 s)
>> 1 (1075: 1043 1509 1087) (0.444901 s)
>> 1 (1166: 1173 1103 1043) (0.436921 s)
>> 1 (1209: 1702 1173 1149) (0.433826 s)
>> 1 (1205: 1081 1702 1206) (0.429598 s)
>> 1 (1334: 1274 1457 1081) (0.427311 s)
>> 1 (1445: 462 1936 1453) (0.424076 s)
>> 1 (1459: 1950 1463 1274) (0.421738 s)
>> 1 (1514: 1510 1950 1530) (0.418063 s)
>> 1 (1630: 1874 1629 1510) (0.414023 s)
>> 1 (645: 495 1874 653) (0.409855 s)
>> 1 (1644: 1642 1648 495) (0.406909 s)
>> 1 (1677: 1678 1642 1614) (0.404198 s)
>> 1 (1793: 1788 1809 1678) (0.401068 s)
>> 1 (1794: 799 1822 1788) (0.396405 s)
>> 0 (-1: -1 -1 -1) (0.392568 s)
Zelikovsky- 7.63078 s
>>> get_solution
  refine_solution: new weight 348 (was 348) in 0.003969 s
>>> get_solution
  refine_solution: new weight 365 (was 365) in 0.003976 s
32,,1867,10681,92,,1758,0,,365,365,363,348,348,,3,3,@@

  delete_edges: deleted 0 edges in 0.005872 s and 1 rounds
  handle_small_Steiner_degrees: steiner 0, suppress 0 in 3e-06 s
Starting round 33
Found 99 isolated vertices
Invalid ratios recomputed: 1767
Best ratio is 3/2 (1.5), centered at 1013
Finding the best star... Star with 3 terminals centered in 33
round took: 0.188902 s
|V| = 1963, |E| = 10674, |R| = 90
>> 1 (1015: 33 950 33) (0.005709 s)
>> 1 (234: 112 155 112) (0.007351 s)
>> 1 (183: 182 241 182) (0.007027 s)
>> 1 (535: 44 610 44) (0.006826 s)
>> 1 (478: 355 462 355) (0.006765 s)
>> 1 (313: 248 329 248) (0.006676 s)
>> 1 (146: 22 138 22) (0.006113 s)
>> 1 (723: 208 708 208) (0.006706 s)
>> 1 (276: 11 452 11) (0.00651 s)
>> 0 (-1: -1 -1 -1) (0.004776 s)
Zelikovsky 0.570698 s
>> 1 (1015: 33 1078 950) (0.454252 s)
>> 1 (1071: 1087 1318 1195) (0.444843 s)
>> 1 (1075: 33 1087 1043) (0.442467 s)
>> 1 (1166: 1173 1103 33) (0.4346 s)
>> 1 (1209: 1702 1173 1149) (0.431965 s)
>> 1 (1205: 1081 1702 1206) (0.427674 s)
>> 1 (1334: 1274 1457 1081) (0.424824 s)
>> 1 (1445: 462 1936 1453) (0.421286 s)
>> 1 (1459: 1950 1463 1274) (0.419096 s)
>> 1 (1514: 1510 1950 1530) (0.415802 s)
>> 1 (1630: 1874 1629 1510) (0.411801 s)
>> 1 (645: 495 1874 653) (0.407895 s)
>> 1 (1644: 1642 1648 495) (0.404601 s)
>> 1 (1677: 1678 1642 1614) (0.401864 s)
>> 1 (1793: 1788 1809 1678) (0.398966 s)
>> 1 (1794: 799 1822 1788) (0.394567 s)
>> 0 (-1: -1 -1 -1) (0.390427 s)
Zelikovsky- 7.13454 s
>>> get_solution
  refine_solution: new weight 348 (was 348) in 0.003958 s
>>> get_solution
  refine_solution: new weight 364 (was 365) in 0.00397 s
  refine_solution: new weight 364 (was 364) in 0.003983 s
33,,1864,10674,90,,1767,0,,365,364,365,348,348,,3,3,@@

  handle_small_Steiner_degrees: steiner 0, suppress 0 in 3e-06 s
Starting round 34
Found 102 isolated vertices
Invalid ratios recomputed: 331
Best ratio is 4/3 (1.3), centered at 1015
Finding the best star... Star with 4 terminals centered in 33
round took: 0.042905 s
|V| = 1963, |E| = 10654, |R| = 87
>> 1 (1166: 1103 1173 1103) (0.005301 s)
>> 1 (1222: 33 1206 33) (0.005213 s)
>> 1 (234: 112 155 112) (0.006614 s)
>> 1 (183: 182 241 182) (0.006734 s)
>> 1 (535: 44 610 44) (0.006607 s)
>> 1 (478: 355 462 355) (0.006497 s)
>> 1 (313: 248 329 248) (0.006371 s)
>> 1 (146: 22 138 22) (0.006376 s)
>> 1 (723: 208 708 208) (0.006284 s)
>> 1 (276: 11 452 11) (0.006052 s)
>> 0 (-1: -1 -1 -1) (0.004444 s)
Zelikovsky 0.539184 s
>> 1 (1071: 1087 1318 1195) (0.441718 s)
>> 1 (1075: 33 1087 1043) (0.438274 s)
>> 1 (1166: 1173 1103 33) (0.430682 s)
>> 1 (1209: 1702 1173 1149) (0.427775 s)
>> 1 (1205: 1081 1702 1206) (0.424309 s)
>> 1 (1334: 1274 1457 1081) (0.42152 s)
>> 1 (1445: 462 1936 1453) (0.418058 s)
>> 1 (1459: 1950 1463 1274) (0.415753 s)
>> 1 (1514: 1510 1950 1530) (0.412326 s)
>> 1 (1630: 1874 1629 1510) (0.408501 s)
>> 1 (645: 495 1874 653) (0.40424 s)
>> 1 (1644: 1642 1648 495) (0.401072 s)
>> 1 (1677: 1678 1642 1614) (0.397995 s)
>> 1 (1793: 1788 1809 1678) (0.395141 s)
>> 1 (1794: 799 1822 1788) (0.390424 s)
>> 0 (-1: -1 -1 -1) (0.386546 s)
Zelikovsky- 6.62167 s
>>> get_solution
  refine_solution: new weight 348 (was 348) in 0.003966 s
>>> get_solution
  refine_solution: new weight 362 (was 362) in 0.003966 s
34,,1861,10654,87,,331,0,,362,362,363,348,348,,4,4,@@

  handle_small_Steiner_degrees: steiner 0, suppress 0 in 4e-06 s
Starting round 35
Found 106 isolated vertices
Invalid ratios recomputed: 1802
Best ratio is 3/2 (1.5), centered at 1071
Finding the best star... Star with 3 terminals centered in 1318
round took: 0.199532 s
|V| = 1963, |E| = 10647, |R| = 85
>> 1 (1222: 33 1206 33) (0.005084 s)
>> 1 (234: 112 155 112) (0.006331 s)
>> 1 (183: 182 241 182) (0.006567 s)
>> 1 (535: 44 610 44) (0.006362 s)
>> 1 (478: 355 462 355) (0.006317 s)
>> 1 (313: 248 329 248) (0.006179 s)
>> 1 (146: 22 138 22) (0.006212 s)
>> 1 (723: 208 708 208) (0.006129 s)
>> 1 (276: 11 452 11) (0.005891 s)
>> 0 (-1: -1 -1 -1) (0.004421 s)
Zelikovsky 0.526439 s
>> 1 (1075: 33 1318 1043) (0.437446 s)
>> 1 (1166: 1173 1103 33) (0.430032 s)
>> 1 (1209: 1702 1173 1149) (0.42672 s)
>> 1 (1205: 1081 1702 1206) (0.423281 s)
>> 1 (1334: 1274 1457 1081) (0.420454 s)
>> 1 (1445: 462 1936 1453) (0.417236 s)
>> 1 (1459: 1950 1463 1274) (0.414981 s)
>> 1 (1514: 1510 1950 1530) (0.411214 s)
>> 1 (1630: 1874 1629 1510) (0.407271 s)
>> 1 (645: 495 1874 653) (0.403248 s)
>> 1 (1644: 1642 1648 495) (0.399975 s)
>> 1 (1677: 1678 1642 1614) (0.397605 s)
>> 1 (1793: 1788 1809 1678) (0.394382 s)
>> 1 (1794: 799 1822 1788) (0.389696 s)
>> 0 (-1: -1 -1 -1) (0.385697 s)
Zelikovsky- 6.16634 s
>>> get_solution
  refine_solution: new weight 348 (was 348) in 0.003962 s
>>> get_solution
  refine_solution: new weight 361 (was 361) in 0.003961 s
35,,1857,10647,85,,1802,0,,361,361,364,348,348,,3,3,@@

  handle_small_Steiner_degrees: steiner 0, suppress 0 in 4e-06 s
Starting round 36
Found 109 isolated vertices
Invalid ratios recomputed: 341
Best ratio is 3/2 (1.5), centered at 1075
Finding the best star... Star with 3 terminals centered in 1043
round took: 0.046802 s
|V| = 1963, |E| = 10625, |R| = 83
>> 1 (1166: 1043 1103 1043) (0.004773 s)
>> 1 (234: 112 155 112) (0.00635 s)
>> 1 (183: 182 241 182) (0.006284 s)
>> 1 (535: 44 610 44) (0.006135 s)
>> 1 (478: 355 462 355) (0.006024 s)
>> 1 (313: 248 329 248) (0.005941 s)
>> 1 (146: 22 138 22) (0.005862 s)
>> 1 (723: 208 708 208) (0.00577 s)
>> 1 (276: 11 452 11) (0.005608 s)
>> 0 (-1: -1 -1 -1) (0.004164 s)
Zelikovsky 0.52619 s
>> 1 (1166: 1173 1103 1043) (0.425981 s)
>> 1 (1209: 1702 1173 1149) (0.422336 s)
>> 1 (1205: 1081 1702 1206) (0.418696 s)
>> 1 (1334: 1457 1274 1081) (0.41608 s)
>> 1 (1445: 462 1936 1453) (0.41259 s)
>> 1 (1459: 1950 1463 1457) (0.410121 s)
>> 1 (1514: 1510 1950 1530) (0.407058 s)
>> 1 (1630: 1874 1629 1510) (0.404036 s)
>> 1 (645: 495 1874 653) (0.400969 s)
>> 1 (1644: 1642 1648 495) (0.395887 s)
>> 1 (1677: 1678 1642 1614) (0.393143 s)
>> 1 (1793: 1788 1809 1678) (0.389955 s)
>> 1 (1794: 799 1822 1788) (0.385534 s)
>> 0 (-1: -1 -1 -1) (0.383005 s)
Zelikovsky- 5.67224 s
>>> get_solution
  refine_solution: new weight 348 (was 348) in 0.00396 s
>>> get_solution
  refine_solution: new weight 359 (was 359) in 0.003974 s
36,,1854,10625,83,,341,0,,359,359,362,348,348,,3,3,@@

  handle_small_Steiner_degrees: steiner 0, suppress 0 in 3e-06 s
Starting round 37
Found 112 isolated vertices
Invalid ratios recomputed: 1815
Best ratio is 3/2 (1.5), centered at 1166
Finding the best star... Star with 3 terminals centered in 1103
round took: 0.2051 s
|V| = 1963, |E| = 10607, |R| = 81
>> 1 (1222: 1103 1206 1103) (0.004695 s)
>> 1 (234: 112 155 112) (0.006134 s)
>> 1 (183: 182 241 182) (0.006062 s)
>> 1 (535: 44 610 44) (0.005913 s)
>> 1 (478: 355 462 355) (0.005737 s)
>> 1 (313: 248 329 248) (0.005701 s)
>> 1 (146: 22 138 22) (0.005526 s)
>> 1 (723: 208 708 208) (0.005483 s)
>> 1 (276: 11 452 11) (0.005375 s)
>> 0 (-1: -1 -1 -1) (0.003999 s)
Zelikovsky 0.517568 s
>> 1 (1209: 1702 1149 1103) (0.420552 s)
>> 1 (1205: 1081 1702 1206) (0.416685 s)
>> 1 (1334: 1457 1274 1081) (0.41388 s)
>> 1 (1445: 462 1936 1453) (0.410326 s)
>> 1 (1459: 1950 1463 1457) (0.408153 s)
>> 1 (1514: 1510 1950 1530) (0.404807 s)
>> 1 (1630: 1874 1629 1510) (0.402681 s)
>> 1 (645: 495 1874 653) (0.398481 s)
>> 1 (1644: 1642 1648 495) (0.393386 s)
>> 1 (1677: 1678 1642 1614) (0.391037 s)
>> 1 (1793: 1788 1809 1678) (0.387444 s)
>> 1 (1794: 799 1822 1788) (0.382685 s)
>> 0 (-1: -1 -1 -1) (0.379443 s)
Zelikovsky- 5.21614 s
>>> get_solution
  refine_solution: new weight 348 (was 348) in 0.003958 s
>>> get_solution
  refine_solution: new weight 358 (was 358) in 0.003974 s
37,,1851,10607,81,,1815,0,,358,358,362,348,348,,3,3,@@

  handle_small_Steiner_degrees: steiner 0, suppress 0 in 4e-06 s
Starting round 38
Found 115 isolated vertices
Invalid ratios recomputed: 1815
Best ratio is 3/2 (1.5), centered at 1209
Finding the best star... Star with 3 terminals centered in 1103
round took: 0.20702 s
|V| = 1963, |E| = 10596, |R| = 79
>> 1 (1205: 1081 1103 1081) (0.004352 s)
>> 1 (234: 112 155 112) (0.00583 s)
>> 1 (183: 182 241 182) (0.005639 s)
>> 1 (535: 44 610 44) (0.005611 s)
>> 1 (478: 355 462 355) (0.005488 s)
>> 1 (313: 248 329 248) (0.005377 s)
>> 1 (146: 22 138 22) (0.005311 s)
>> 1 (723: 208 708 208) (0.005169 s)
>> 1 (276: 11 452 11) (0.005121 s)
>> 0 (-1: -1 -1 -1) (0.003811 s)
Zelikovsky 0.506538 s
>> 1 (1205: 1081 1206 1103) (0.414606 s)
>> 1 (1334: 1457 1274 1081) (0.41237 s)
>> 1 (1445: 462 1936 1453) (0.408605 s)
>> 1 (1459: 1950 1463 1457) (0.40602 s)
>> 1 (1514: 1510 1950 1530) (0.40343 s)
>> 1 (1630: 1874 1629 1510) (0.400632 s)
>> 1 (645: 495 1874 653) (0.396286 s)
>> 1 (1644: 1642 1648 495) (0.391687 s)
>> 1 (1677: 1678 1642 1614) (0.389135 s)
>> 1 (1793: 1788 1809 1678) (0.386075 s)
>> 1 (1794: 799 1822 1788) (0.381208 s)
>> 0 (-1: -1 -1 -1) (0.377187 s)
Zelikovsky- 4.77356 s
>>> get_solution
  refine_solution: new weight 348 (was 348) in 0.00396 s
>>> get_solution
  refine_solution: new weight 357 (was 357) in 0.003964 s
38,,1848,10596,79,,1815,0,,357,357,361,348,348,,3,3,@@

  handle_small_Steiner_degrees: steiner 0, suppress 0 in 4e-06 s
Starting round 39
Found 118 isolated vertices
Invalid ratios recomputed: 1814
Best ratio is 3/2 (1.5), centered at 1205
Finding the best star... Star with 3 terminals centered in 1081
round took: 0.210057 s
|V| = 1963, |E| = 10578, |R| = 77
>> 1 (1334: 1081 1274 1081) (0.004132 s)
>> 1 (234: 112 155 112) (0.004847 s)
>> 1 (183: 182 241 182) (0.005549 s)
>> 1 (535: 44 610 44) (0.005415 s)
>> 1 (478: 355 462 355) (0.005227 s)
>> 1 (313: 248 329 248) (0.005211 s)
>> 1 (146: 22 138 22) (0.005052 s)
>> 1 (723: 208 708 208) (0.005059 s)
>> 1 (276: 11 452 11) (0.00482 s)
>> 0 (-1: -1 -1 -1) (0.003695 s)
Zelikovsky 0.501859 s
>> 1 (1334: 1081 1457 1274) (0.409677 s)
>> 1 (1445: 462 1936 1453) (0.405774 s)
>> 1 (1459: 1950 1463 1081) (0.403658 s)
>> 1 (1514: 1510 1950 1530) (0.400588 s)
>> 1 (1630: 1874 1629 1510) (0.397533 s)
>> 1 (645: 495 1874 653) (0.393956 s)
>> 1 (1644: 1642 1648 495) (0.388944 s)
>> 1 (1677: 1678 1642 1614) (0.386212 s)
>> 1 (1793: 1788 1809 1678) (0.383397 s)
>> 1 (1794: 799 1822 1788) (0.378893 s)
>> 0 (-1: -1 -1 -1) (0.375466 s)
Zelikovsky- 4.33019 s
>>> get_solution
  refine_solution: new weight 348 (was 348) in 0.003962 s
>>> get_solution
  refine_solution: new weight 357 (was 357) in 0.003973 s
39,,1845,10578,77,,1814,0,,357,357,360,348,348,,3,3,@@

  handle_small_Steiner_degrees: steiner 0, suppress 0 in 4e-06 s
Starting round 40
Found 121 isolated vertices
Invalid ratios recomputed: 1811
Best ratio is 3/2 (1.5), centered at 1334
Finding the best star... Star with 3 terminals centered in 1081
round took: 0.212198 s
|V| = 1963, |E| = 10564, |R| = 75
>> 1 (1514: 1081 1510 1081) (0.003915 s)
>> 1 (234: 112 155 112) (0.004686 s)
>> 1 (183: 182 241 182) (0.005291 s)
>> 1 (7: 11 22 11) (0.004996 s)
>> 0 (-1: -1 -1 -1) (0.003787 s)
Zelikovsky 0.467553 s
>> 1 (1445: 462 1936 1453) (0.404676 s)
>> 1 (1459: 1950 1463 1081) (0.402385 s)
>> 1 (1514: 1510 1950 1530) (0.399103 s)
>> 1 (1630: 1874 1629 1510) (0.395214 s)
>> 1 (645: 495 1874 653) (0.391625 s)
>> 1 (1644: 1642 1648 495) (0.388414 s)
>> 1 (1677: 1678 1642 1614) (0.385283 s)
>> 1 (1793: 1788 1809 1678) (0.382583 s)
>> 1 (1794: 799 1822 1788) (0.37826 s)
>> 0 (-1: -1 -1 -1) (0.373514 s)
Zelikovsky- 3.90698 s
>>> get_solution
  refine_solution: new weight 348 (was 348) in 0.003957 s
>>> get_solution
  refine_solution: new weight 357 (was 357) in 0.00397 s
40,,1842,10564,75,,1811,0,,357,357,356,348,348,,3,3,@@

  handle_small_Steiner_degrees: steiner 0, suppress 0 in 3e-06 s
Starting round 41
Found 124 isolated vertices
Invalid ratios recomputed: 1817
Best ratio is 3/2 (1.5), centered at 1445
Finding the best star... Star with 3 terminals centered in 462
round took: 0.214102 s
|V| = 1963, |E| = 10556, |R| = 73
>> 1 (1514: 1081 1510 1081) (0.003745 s)
>> 1 (234: 112 155 112) (0.004465 s)
>> 1 (183: 182 241 182) (0.005114 s)
>> 1 (7: 11 22 11) (0.00412 s)
>> 0 (-1: -1 -1 -1) (0.003742 s)
Zelikovsky 0.452929 s
>> 1 (1459: 1950 1463 1081) (0.40106 s)
>> 1 (1514: 1510 1950 1530) (0.399447 s)
>> 1 (1630: 1874 1629 1510) (0.394729 s)
>> 1 (645: 495 1874 653) (0.390314 s)
>> 1 (1644: 1642 1648 495) (0.386989 s)
>> 1 (1677: 1678 1642 1614) (0.384269 s)
>> 1 (1793: 1788 1809 1678) (0.381388 s)
>> 1 (1794: 799 1822 1788) (0.376809 s)
>> 0 (-1: -1 -1 -1) (0.372536 s)
Zelikovsky- 3.49322 s
>>> get_solution
  refine_solution: new weight 348 (was 348) in 0.003956 s
>>> get_solution
  refine_solution: new weight 356 (was 356) in 0.003978 s
41,,1839,10556,73,,1817,0,,356,356,355,348,348,,3,3,@@

  handle_small_Steiner_degrees: steiner 0, suppress 0 in 3e-06 s
Starting round 42
Found 127 isolated vertices
Invalid ratios recomputed: 415
Best ratio is 3/2 (1.5), centered at 1459
Finding the best star... Star with 3 terminals centered in 1081
round took: 0.060648 s
|V| = 1963, |E| = 10542, |R| = 71
>> 1 (1514: 1081 1510 1081) (0.003541 s)
>> 1 (234: 112 155 112) (0.004235 s)
>> 1 (183: 182 241 182) (0.004905 s)
>> 1 (7: 11 22 11) (0.003886 s)
>> 0 (-1: -1 -1 -1) (0.003577 s)
Zelikovsky 0.446279 s
>> 1 (1514: 1510 1530 1081) (0.396387 s)
>> 1 (1630: 1874 1629 1510) (0.392457 s)
>> 1 (645: 495 1874 653) (0.392348 s)
>> 1 (1644: 1642 1648 495) (0.386323 s)
>> 1 (1677: 1678 1642 1614) (0.382245 s)
>> 1 (1793: 1788 1809 1678) (0.379951 s)
>> 1 (1794: 799 1822 1788) (0.374901 s)
>> 0 (-1: -1 -1 -1) (0.37035 s)
Zelikovsky- 3.08041 s
>>> get_solution
  refine_solution: new weight 348 (was 348) in 0.003954 s
>>> get_solution
  refine_solution: new weight 355 (was 355) in 0.00397 s
42,,1836,10542,71,,415,0,,355,355,354,348,348,,3,3,@@

  handle_small_Steiner_degrees: steiner 0, suppress 0 in 4e-06 s
Starting round 43
Found 130 isolated vertices
Invalid ratios recomputed: 1814
Best ratio is 3/2 (1.5), centered at 1514
Finding the best star... Star with 3 terminals centered in 1510
round took: 0.216861 s
|V| = 1963, |E| = 10526, |R| = 69
>> 1 (1644: 1510 1642 1510) (0.003496 s)
>> 1 (234: 112 155 112) (0.004392 s)
>> 1 (183: 182 241 182) (0.004639 s)
>> 1 (7: 11 22 11) (0.004469 s)
>> 0 (-1: -1 -1 -1) (0.003537 s)
Zelikovsky 0.441784 s
>> 1 (1630: 1874 1629 1510) (0.390301 s)
>> 1 (645: 495 1874 653) (0.386161 s)
>> 1 (1644: 1642 1648 495) (0.38286 s)
>> 1 (1677: 1678 1642 1614) (0.380178 s)
>> 1 (1793: 1788 1809 1678) (0.377302 s)
>> 1 (1794: 799 1822 1788) (0.372289 s)
>> 0 (-1: -1 -1 -1) (0.369014 s)
Zelikovsky- 2.66337 s
>>> get_solution
  refine_solution: new weight 348 (was 348) in 0.003949 s
>>> get_solution
  refine_solution: new weight 353 (was 354) in 0.003967 s
  refine_solution: new weight 353 (was 353) in 0.003961 s
43,,1833,10526,69,,1814,0,,354,353,353,348,348,,3,3,@@

  handle_small_Steiner_degrees: steiner 0, suppress 0 in 3e-06 s
Starting round 44
Found 133 isolated vertices
Invalid ratios recomputed: 1813
Best ratio is 3/2 (1.5), centered at 1630
Finding the best star... Star with 3 terminals centered in 1510
round took: 0.219967 s
|V| = 1963, |E| = 10512, |R| = 67
>> 1 (645: 495 653 495) (0.003306 s)
>> 1 (1644: 1510 1642 1510) (0.00326 s)
>> 1 (171: 112 138 112) (0.00435 s)
>> 1 (179: 22 155 22) (0.004356 s)
>> 1 (41: 11 44 11) (0.004363 s)
>> 0 (-1: -1 -1 -1) (0.002772 s)
Zelikovsky 0.436146 s
>> 1 (645: 1510 653 495) (0.384838 s)
>> 1 (1644: 1510 1648 1642) (0.380591 s)
>> 1 (1677: 1510 1678 1614) (0.37848 s)
>> 1 (1793: 1510 1809 1788) (0.375467 s)
>> 1 (1794: 799 1822 1510) (0.371631 s)
>> 0 (-1: -1 -1 -1) (0.367218 s)
Zelikovsky- 2.26327 s
>>> get_solution
  refine_solution: new weight 348 (was 348) in 0.00395 s
>>> get_solution
  refine_solution: new weight 352 (was 353) in 0.003958 s
  refine_solution: new weight 352 (was 352) in 0.003953 s
44,,1830,10512,67,,1813,0,,353,352,352,348,348,,3,3,@@

  handle_small_Steiner_degrees: steiner 0, suppress 0 in 4e-06 s
Starting round 45
Found 136 isolated vertices
Invalid ratios recomputed: 1815
Best ratio is 3/2 (1.5), centered at 645
Finding the best star... Star with 3 terminals centered in 495
round took: 0.22189 s
|V| = 1963, |E| = 10485, |R| = 65
>> 1 (1644: 495 1642 495) (0.003246 s)
>> 1 (171: 112 138 112) (0.004322 s)
>> 1 (179: 22 155 22) (0.004238 s)
>> 1 (41: 11 44 11) (0.004161 s)
>> 0 (-1: -1 -1 -1) (0.00328 s)
Zelikovsky 0.41634 s
>> 1 (1644: 495 1648 1642) (0.378384 s)
>> 1 (1677: 495 1678 1614) (0.376286 s)
>> 1 (1793: 495 1809 1788) (0.373322 s)
>> 1 (1794: 799 1822 495) (0.368368 s)
>> 0 (-1: -1 -1 -1) (0.364551 s)
Zelikovsky- 1.86576 s
>>> get_solution
  refine_solution: new weight 348 (was 348) in 0.003957 s
>>> get_solution
  refine_solution: new weight 351 (was 351) in 0.003959 s
45,,1827,10485,65,,1815,0,,351,351,351,348,348,,3,3,@@

  handle_small_Steiner_degrees: steiner 0, suppress 0 in 4e-06 s
Starting round 46
Found 139 isolated vertices
Invalid ratios recomputed: 1812
Best ratio is 3/2 (1.5), centered at 1644
Finding the best star... Star with 3 terminals centered in 1642
round took: 0.226769 s
|V| = 1963, |E| = 10464, |R| = 63
>> 1 (1677: 1614 1642 1614) (0.003057 s)
>> 1 (171: 112 138 112) (0.004073 s)
>> 1 (179: 22 155 22) (0.003978 s)
>> 1 (41: 11 44 11) (0.003976 s)
>> 0 (-1: -1 -1 -1) (0.002486 s)
Zelikovsky 0.41539 s
>> 1 (1677: 1678 1642 1614) (0.374239 s)
>> 1 (1793: 1788 1809 1678) (0.37135 s)
>> 1 (1794: 799 1822 1788) (0.366583 s)
>> 0 (-1: -1 -1 -1) (0.362827 s)
Zelikovsky- 1.47957 s
>>> get_solution
  refine_solution: new weight 348 (was 348) in 0.003949 s
>>> get_solution
  refine_solution: new weight 350 (was 350) in 0.003965 s
46,,1824,10464,63,,1812,0,,350,350,351,348,348,,3,3,@@

  handle_small_Steiner_degrees: steiner 0, suppress 0 in 3e-06 s
Starting round 47
Found 142 isolated vertices
Invalid ratios recomputed: 1809
Best ratio is 3/2 (1.5), centered at 1677
Finding the best star... Star with 3 terminals centered in 1642
round took: 0.226611 s
|V| = 1963, |E| = 10438, |R| = 61
>> 1 (1805: 1558 1788 1558) (0.002864 s)
>> 0 (-1: -1 -1 -1) (0.002785 s)
Zelikovsky 0.395936 s
>> 1 (1793: 1788 1809 1642) (0.368932 s)
>> 1 (1794: 799 1822 1788) (0.364438 s)
>> 0 (-1: -1 -1 -1) (0.360117 s)
Zelikovsky- 1.0978 s
>>> get_solution
  refine_solution: new weight 348 (was 348) in 0.003954 s
>>> get_solution
  refine_solution: new weight 349 (was 349) in 0.003949 s
47,,1821,10438,61,,1809,0,,349,349,349,348,348,,3,3,@@

  handle_small_Steiner_degrees: steiner 0, suppress 0 in 3e-06 s
Starting round 48
Found 145 isolated vertices
Invalid ratios recomputed: 1807
Best ratio is 3/2 (1.5), centered at 1793
Finding the best star... Star with 3 terminals centered in 1788
round took: 0.229037 s
|V| = 1963, |E| = 10427, |R| = 59
>> 1 (1794: 799 1788 799) (0.002755 s)
>> 1 (171: 112 138 112) (0.003634 s)
>> 1 (179: 22 155 22) (0.003378 s)
>> 1 (41: 11 44 11) (0.003167 s)
>> 0 (-1: -1 -1 -1) (0.002746 s)
Zelikovsky 0.396774 s
>> 1 (1794: 799 1822 1788) (0.361722 s)
>> 0 (-1: -1 -1 -1) (0.358168 s)
Zelikovsky- 0.724059 s
>>> get_solution
  refine_solution: new weight 348 (was 348) in 0.003949 s
>>> get_solution
  refine_solution: new weight 349 (was 349) in 0.003952 s
48,,1818,10427,59,,1807,0,,349,349,349,348,348,,3,3,@@

  delete_edges: deleted 0 edges in 0.010155 s and 1 rounds
  handle_small_Steiner_degrees: steiner 0, suppress 0 in 3e-06 s
Starting round 49
Found 148 isolated vertices
Invalid ratios recomputed: 1809
Best ratio is 3/2 (1.5), centered at 1794
Finding the best star... Star with 3 terminals centered in 1788
round took: 0.231688 s
|V| = 1963, |E| = 10403, |R| = 57
>> 0 (-1: -1 -1 -1) (0.002563 s)
Zelikovsky 0.374743 s
>> 0 (-1: -1 -1 -1) (0.354907 s)
Zelikovsky- 0.35885 s
>>> get_solution
  refine_solution: new weight 348 (was 348) in 0.003949 s
>>> get_solution
  refine_solution: new weight 348 (was 348) in 0.003957 s
49,,1815,10403,57,,1809,0,,348,348,348,348,348,,3,3,@@

  handle_small_Steiner_degrees: steiner 0, suppress 0 in 3e-06 s
Starting round 50
Found 151 isolated vertices
Invalid ratios recomputed: 1806
Best ratio is 104/52 (2.0), centered at 1788
Finding the best star... Star with 53 terminals centered in 1558
round took: 0.242081 s
|V| = 1963, |E| = 9553, |R| = 5
>> 0 (-1: -1 -1 -1) (0.000203 s)
Zelikovsky 0.206337 s
>> 0 (-1: -1 -1 -1) (0.217227 s)
Zelikovsky- 0.221008 s
>>> get_solution
  refine_solution: new weight 348 (was 348) in 0.003967 s
>>> get_solution
  refine_solution: new weight 348 (was 348) in 0.003945 s
50,,1812,9553,5,,1806,0,,348,348,348,348,348,,104,53,@@

  handle_small_Steiner_degrees: steiner 0, suppress 0 in 3e-06 s
Starting round 51
Found 255 isolated vertices
Invalid ratios recomputed: 1708
Best ratio is 8/4 (2.0), centered at 1558
Finding the best star... Star with 5 terminals centered in 1660
round took: 0.196093 s
|V| = 1963, |E| = 9493, |R| = 1
Zelikovsky 0.192759 s
Zelikovsky- 0.00375 s
>>> get_solution
  refine_solution: new weight 348 (was 348) in 0.003967 s
>>> get_solution
  refine_solution: new weight 348 (was 348) in 0.00394 s
51,,1708,9493,1,,1708,0,,348,348,348,348,348,,8,5,@@

  handle_small_Steiner_degrees: steiner 0, suppress 0 in 2e-06 s
contract_till_the_bitter_end: 696.664 s

Calling end_heu
>>> get_solution
Saved weight 85
end_heu: 0 loops with 0 unique solutions in 7.5e-05 s

Calling print_solution
>>> get_solution
  refine_solution: new weight 348 (was 348) in 0.003736 s
## FINAL WEIGHT 348
print_solution: 0.004927 s
