Version: final-94-gfffc3aa rub_all.sh: remove longest prefix
Random seed: 1550055187
Start
>>> save_orig_graph
>> Saved weight 0
Graph loaded
|V| = 8063, |E| = 14798, |R| = 81
First clearance of the input. Calling buy_zero and run_all_heuristics.
  buy_zero: 0 zero edges in 1.8e-05 s
  handle_small_terminal_degrees: terms 0 in 6e-06 s
  handle_small_Steiner_degrees: steiner 0, suppress 4 in 1.2e-05 s
  shortest_edge_between_terminals: 0 edges in 2e-06 s
  handle_small_terminal_degrees: terms 0 in 6e-06 s
  handle_small_Steiner_degrees: steiner 0, suppress 0 in 9e-06 s
  shortest_edge_between_terminals: 0 edges in 1e-06 s
Compressed graph 8063 -> 8058
  delete_edges: deleted 3 edges in 0.000956 s and 1 rounds
  handle_small_terminal_degrees: terms 0 in 6e-06 s
  handle_small_Steiner_degrees: steiner 0, suppress 6 in 1.3e-05 s
  shortest_edge_between_terminals: 0 edges in 2e-06 s
  handle_small_terminal_degrees: terms 0 in 6e-06 s
  handle_small_Steiner_degrees: steiner 0, suppress 0 in 1e-05 s
  shortest_edge_between_terminals: 0 edges in 1e-06 s
Compressed graph 8058 -> 8052
  delete_edges_shortest_path: deleted 6 edges in 0.037723 s
  handle_small_terminal_degrees: terms 0 in 6e-06 s
  handle_small_Steiner_degrees: steiner 0, suppress 9 in 1.5e-05 s
  shortest_edge_between_terminals: 0 edges in 1e-06 s
  handle_small_terminal_degrees: terms 0 in 6e-06 s
  handle_small_Steiner_degrees: steiner 0, suppress 0 in 1e-05 s
  shortest_edge_between_terminals: 0 edges in 1e-06 s
Compressed graph 8052 -> 8043
  handle_small_terminal_degrees: terms 0 in 6e-06 s
  handle_small_Steiner_degrees: steiner 0, suppress 0 in 9e-06 s
  shortest_edge_between_terminals: 0 edges in 2e-06 s
Compressed graph 8043 -> 8039
  delete_edges_shortest_path: deleted 9 edges in 0.037365 s
  handle_small_terminal_degrees: terms 0 in 6e-06 s
  handle_small_Steiner_degrees: steiner 0, suppress 12 in 1.6e-05 s
  shortest_edge_between_terminals: 0 edges in 1e-06 s
  handle_small_terminal_degrees: terms 0 in 6e-06 s
  handle_small_Steiner_degrees: steiner 0, suppress 0 in 1e-05 s
  shortest_edge_between_terminals: 0 edges in 1e-06 s
Compressed graph 8039 -> 8027
Compressed graph 8027 -> 8027
>>> save_orig_graph
>> Saved weight 106
### ZEL_LVL=0 PRECISE_STARS=1

Calling `contract_till_the_bitter_end`
|V| = 8027, |E| = 14745, |R| = 80
>>> get_solution
>>> get_solution
  refine_solution: new weight 34456 (was 34474) in 0.001858 s
  refine_solution: new weight 34456 (was 34456) in 0.00174 s
0,,8027,14745,80,,0,0,,34474,34456,106,106,106,,0,0,@@

  delete_edges: deleted 12 edges in 0.002886 s and 3 rounds
  handle_small_Steiner_degrees: steiner 0, suppress 15 in 2e-05 s
Starting round 1
Found 15 isolated vertices
Invalid ratios recomputed: 8012
Best ratio is 17/1 (17.0), centered at 6479
Finding the best star... Star with 2 terminals centered in 8019
round took: 0.982472 s
|V| = 8027, |E| = 14717, |R| = 79
>>> get_solution
>>> get_solution
  refine_solution: new weight 34456 (was 34474) in 0.001827 s
  refine_solution: new weight 34456 (was 34456) in 0.001736 s
1,,8012,14717,79,,8012,0,,34474,34456,123,123,123,,17,2,@@

  handle_small_Steiner_degrees: steiner 0, suppress 0 in 1.3e-05 s
Starting round 2
Found 16 isolated vertices
Invalid ratios recomputed: 3980
Best ratio is 92/1 (92.0), centered at 4425
Finding the best star... Star with 2 terminals centered in 5045
round took: 0.658798 s
|V| = 8027, |E| = 14715, |R| = 78
>>> get_solution
>>> get_solution
  refine_solution: new weight 34456 (was 34474) in 0.001814 s
  refine_solution: new weight 34456 (was 34456) in 0.001737 s
2,,8011,14715,78,,3980,0,,34474,34456,215,215,215,,92,2,@@

  handle_small_Steiner_degrees: steiner 0, suppress 0 in 1.3e-05 s
Starting round 3
Found 18 isolated vertices
Invalid ratios recomputed: 4027
Best ratio is 123/1 (123.0), centered at 1560
Finding the best star... Star with 2 terminals centered in 7417
round took: 0.680243 s
|V| = 8027, |E| = 14712, |R| = 77
>>> get_solution
>>> get_solution
  refine_solution: new weight 34456 (was 34474) in 0.00183 s
  refine_solution: new weight 34456 (was 34456) in 0.001744 s
3,,8009,14712,77,,4027,0,,34474,34456,338,338,338,,123,2,@@

  handle_small_Steiner_degrees: steiner 0, suppress 0 in 1.3e-05 s
Starting round 4
Found 21 isolated vertices
Invalid ratios recomputed: 2749
Best ratio is 144/1 (144.0), centered at 470
Finding the best star... Star with 2 terminals centered in 3248
round took: 0.569645 s
|V| = 8027, |E| = 14708, |R| = 76
>>> get_solution
>>> get_solution
  refine_solution: new weight 34456 (was 34474) in 0.001821 s
  refine_solution: new weight 34456 (was 34456) in 0.001736 s
4,,8006,14708,76,,2749,0,,34474,34456,482,482,482,,144,2,@@

  handle_small_Steiner_degrees: steiner 0, suppress 0 in 1.1e-05 s
Starting round 5
Found 25 isolated vertices
Invalid ratios recomputed: 2999
Best ratio is 153/1 (153.0), centered at 227
Finding the best star... Star with 2 terminals centered in 227
round took: 0.589486 s
|V| = 8027, |E| = 14706, |R| = 75
>>> get_solution
>>> get_solution
  refine_solution: new weight 34456 (was 34474) in 0.001826 s
  refine_solution: new weight 34456 (was 34456) in 0.001733 s
5,,8002,14706,75,,2999,0,,34474,34456,635,635,635,,153,2,@@

  handle_small_Steiner_degrees: steiner 0, suppress 0 in 1.3e-05 s
Starting round 6
Found 27 isolated vertices
Invalid ratios recomputed: 3502
Best ratio is 186/1 (186.0), centered at 1091
Finding the best star... Star with 2 terminals centered in 4384
round took: 0.801819 s
|V| = 8027, |E| = 14702, |R| = 74
>>> get_solution
>>> get_solution
  refine_solution: new weight 34487 (was 34505) in 0.001822 s
  refine_solution: new weight 34487 (was 34487) in 0.001747 s
6,,8000,14702,74,,3502,0,,34505,34487,821,821,821,,186,2,@@

  handle_small_Steiner_degrees: steiner 0, suppress 0 in 1.3e-05 s
Starting round 7
Found 31 isolated vertices
Invalid ratios recomputed: 4462
Best ratio is 199/1 (199.0), centered at 468
Finding the best star... Star with 2 terminals centered in 6096
round took: 0.88078 s
|V| = 8027, |E| = 14699, |R| = 73
>>> get_solution
>>> get_solution
  refine_solution: new weight 34487 (was 34505) in 0.001838 s
  refine_solution: new weight 34487 (was 34487) in 0.001731 s
7,,7996,14699,73,,4462,0,,34505,34487,1020,1020,1020,,199,2,@@

  handle_small_Steiner_degrees: steiner 0, suppress 0 in 1.3e-05 s
Starting round 8
Found 34 isolated vertices
Invalid ratios recomputed: 3751
Best ratio is 217/1 (217.0), centered at 116
Finding the best star... Star with 2 terminals centered in 5045
round took: 0.802959 s
|V| = 8027, |E| = 14688, |R| = 72
>>> get_solution
>>> get_solution
  refine_solution: new weight 34487 (was 34505) in 0.001823 s
  refine_solution: new weight 34487 (was 34487) in 0.001727 s
8,,7993,14688,72,,3751,0,,34505,34487,1237,1237,1237,,217,2,@@

  handle_small_Steiner_degrees: steiner 0, suppress 0 in 1.3e-05 s
Starting round 9
Found 42 isolated vertices
Invalid ratios recomputed: 4770
Best ratio is 236/1 (236.0), centered at 456
Finding the best star... Star with 2 terminals centered in 6049
round took: 0.915787 s
|V| = 8027, |E| = 14683, |R| = 71
>>> get_solution
>>> get_solution
  refine_solution: new weight 34456 (was 34474) in 0.001834 s
  refine_solution: new weight 34456 (was 34456) in 0.001736 s
9,,7985,14683,71,,4770,0,,34474,34456,1473,1473,1473,,236,2,@@

  handle_small_Steiner_degrees: steiner 0, suppress 0 in 1e-05 s
Starting round 10
Found 47 isolated vertices
Invalid ratios recomputed: 4420
Best ratio is 247/1 (247.0), centered at 1123
Finding the best star... Star with 2 terminals centered in 6096
round took: 0.899277 s
|V| = 8027, |E| = 14679, |R| = 70
>>> get_solution
>>> get_solution
  refine_solution: new weight 34456 (was 34474) in 0.001817 s
  refine_solution: new weight 34456 (was 34456) in 0.001734 s
10,,7980,14679,70,,4420,0,,34474,34456,1720,1720,1720,,247,2,@@

  handle_small_Steiner_degrees: steiner 0, suppress 0 in 1.3e-05 s
Starting round 11
Found 51 isolated vertices
Invalid ratios recomputed: 3981
Best ratio is 495/2 (247.5), centered at 104
Finding the best star... Star with 3 terminals centered in 7739
round took: 0.865679 s
|V| = 8027, |E| = 14666, |R| = 68
>>> get_solution
>>> get_solution
  refine_solution: new weight 34268 (was 34286) in 0.001832 s
  refine_solution: new weight 34268 (was 34268) in 0.001741 s
11,,7976,14666,68,,3981,0,,34286,34268,2215,2215,2215,,495,3,@@

  handle_small_Steiner_degrees: steiner 0, suppress 0 in 1.2e-05 s
Starting round 12
Found 61 isolated vertices
Invalid ratios recomputed: 4171
Best ratio is 253/1 (253.0), centered at 1223
Finding the best star... Star with 2 terminals centered in 2544
round took: 0.901537 s
|V| = 8027, |E| = 14662, |R| = 67
>>> get_solution
>>> get_solution
  refine_solution: new weight 34304 (was 34322) in 0.001824 s
  refine_solution: new weight 34304 (was 34304) in 0.001747 s
12,,7966,14662,67,,4171,0,,34322,34304,2468,2468,2468,,253,2,@@

  handle_small_Steiner_degrees: steiner 0, suppress 0 in 1.3e-05 s
Starting round 13
Found 65 isolated vertices
Invalid ratios recomputed: 3787
Best ratio is 520/2 (260.0), centered at 2299
Finding the best star... Star with 3 terminals centered in 5173
round took: 0.840233 s
|V| = 8027, |E| = 14653, |R| = 65
>>> get_solution
>>> get_solution
  refine_solution: new weight 34205 (was 34223) in 0.001846 s
  refine_solution: new weight 34205 (was 34205) in 0.001736 s
13,,7962,14653,65,,3787,0,,34223,34205,2988,2988,2988,,520,3,@@

  handle_small_Steiner_degrees: steiner 0, suppress 1 in 1.3e-05 s
Starting round 14
Found 74 isolated vertices
Invalid ratios recomputed: 4634
Best ratio is 520/2 (260.0), centered at 3786
Finding the best star... Star with 3 terminals centered in 5917
round took: 0.974647 s
|V| = 8027, |E| = 14638, |R| = 63
>>> get_solution
>>> get_solution
  refine_solution: new weight 34183 (was 34201) in 0.001839 s
  refine_solution: new weight 34183 (was 34183) in 0.001738 s
14,,7953,14638,63,,4634,0,,34201,34183,3508,3508,3508,,520,3,@@

  handle_small_Steiner_degrees: steiner 0, suppress 0 in 1.2e-05 s
Starting round 15
Found 85 isolated vertices
Invalid ratios recomputed: 4196
Best ratio is 263/1 (263.0), centered at 1046
Finding the best star... Star with 2 terminals centered in 5917
round took: 0.974095 s
|V| = 8027, |E| = 14629, |R| = 62
>>> get_solution
>>> get_solution
  refine_solution: new weight 34183 (was 34201) in 0.00183 s
  refine_solution: new weight 34183 (was 34183) in 0.001752 s
15,,7942,14629,62,,4196,0,,34201,34183,3771,3771,3771,,263,2,@@

  handle_small_Steiner_degrees: steiner 0, suppress 0 in 1.3e-05 s
Starting round 16
Found 93 isolated vertices
Invalid ratios recomputed: 4321
Best ratio is 264/1 (264.0), centered at 553
Finding the best star... Star with 2 terminals centered in 7314
round took: 1.02367 s
|V| = 8027, |E| = 14621, |R| = 61
>>> get_solution
>>> get_solution
  refine_solution: new weight 34183 (was 34201) in 0.001821 s
  refine_solution: new weight 34183 (was 34183) in 0.001749 s
16,,7934,14621,61,,4321,0,,34201,34183,4035,4035,4035,,264,2,@@

  delete_edges: deleted 28 edges in 0.002925 s and 3 rounds
  handle_small_Steiner_degrees: steiner 1, suppress 24 in 2.4e-05 s
Starting round 17
Found 125 isolated vertices
Invalid ratios recomputed: 4286
Best ratio is 266/1 (266.0), centered at 603
Finding the best star... Star with 2 terminals centered in 7739
round took: 1.01292 s
|V| = 8027, |E| = 14559, |R| = 60
>>> get_solution
>>> get_solution
  refine_solution: new weight 34183 (was 34201) in 0.00183 s
  refine_solution: new weight 34183 (was 34183) in 0.001737 s
17,,7902,14559,60,,4286,0,,34201,34183,4301,4301,4301,,266,2,@@

  handle_small_Steiner_degrees: steiner 0, suppress 1 in 1.4e-05 s
Starting round 18
Found 132 isolated vertices
Invalid ratios recomputed: 4616
Best ratio is 541/2 (270.5), centered at 2077
Finding the best star... Star with 3 terminals centered in 7502
round took: 1.14445 s
|V| = 8027, |E| = 14547, |R| = 58
>>> get_solution
>>> get_solution
  refine_solution: new weight 34183 (was 34201) in 0.001821 s
  refine_solution: new weight 34183 (was 34183) in 0.001739 s
18,,7895,14547,58,,4616,0,,34201,34183,4842,4842,4842,,541,3,@@

  handle_small_Steiner_degrees: steiner 0, suppress 0 in 1.3e-05 s
Starting round 19
Found 142 isolated vertices
Invalid ratios recomputed: 4510
Best ratio is 271/1 (271.0), centered at 1965
Finding the best star... Star with 2 terminals centered in 4841
round took: 1.13918 s
|V| = 8027, |E| = 14540, |R| = 57
>>> get_solution
>>> get_solution
  refine_solution: new weight 34161 (was 34179) in 0.001834 s
  refine_solution: new weight 34161 (was 34161) in 0.001741 s
19,,7885,14540,57,,4510,0,,34179,34161,5113,5113,5113,,271,2,@@

  handle_small_Steiner_degrees: steiner 0, suppress 1 in 1.4e-05 s
Starting round 20
Found 149 isolated vertices
Invalid ratios recomputed: 5099
Best ratio is 572/2 (286.0), centered at 10
Finding the best star... Star with 3 terminals centered in 4474
round took: 1.22898 s
|V| = 8027, |E| = 14519, |R| = 55
>>> get_solution
>>> get_solution
  refine_solution: new weight 34134 (was 34152) in 0.001826 s
  refine_solution: new weight 34134 (was 34134) in 0.001736 s
20,,7878,14519,55,,5099,0,,34152,34134,5685,5685,5685,,572,3,@@

  handle_small_Steiner_degrees: steiner 0, suppress 1 in 1.4e-05 s
Starting round 21
Found 167 isolated vertices
Invalid ratios recomputed: 4119
Best ratio is 306/1 (306.0), centered at 341
Finding the best star... Star with 2 terminals centered in 6342
round took: 1.1602 s
|V| = 8027, |E| = 14511, |R| = 54
>>> get_solution
>>> get_solution
  refine_solution: new weight 34063 (was 34089) in 0.00183 s
  refine_solution: new weight 34063 (was 34063) in 0.001736 s
21,,7860,14511,54,,4119,0,,34089,34063,5991,5991,5991,,306,2,@@

  handle_small_Steiner_degrees: steiner 0, suppress 2 in 2.1e-05 s
Starting round 22
Found 174 isolated vertices
Invalid ratios recomputed: 5416
Best ratio is 308/1 (308.0), centered at 474
Finding the best star... Star with 2 terminals centered in 784
round took: 1.36278 s
|V| = 8027, |E| = 14498, |R| = 53
>>> get_solution
>>> get_solution
  refine_solution: new weight 34132 (was 34158) in 0.001837 s
  refine_solution: new weight 34132 (was 34132) in 0.001733 s
22,,7853,14498,53,,5416,0,,34158,34132,6299,6299,6299,,308,2,@@

  handle_small_Steiner_degrees: steiner 0, suppress 0 in 1.3e-05 s
Starting round 23
Found 184 isolated vertices
Invalid ratios recomputed: 5302
Best ratio is 333/1 (333.0), centered at 956
Finding the best star... Star with 2 terminals centered in 8019
round took: 1.43416 s
|V| = 8027, |E| = 14488, |R| = 52
>>> get_solution
>>> get_solution
  refine_solution: new weight 34132 (was 34158) in 0.001831 s
  refine_solution: new weight 34132 (was 34132) in 0.001735 s
23,,7843,14488,52,,5302,0,,34158,34132,6632,6632,6632,,333,2,@@

  handle_small_Steiner_degrees: steiner 0, suppress 0 in 1.3e-05 s
Starting round 24
Found 193 isolated vertices
Invalid ratios recomputed: 5618
Best ratio is 347/1 (347.0), centered at 1027
Finding the best star... Star with 2 terminals centered in 6667
round took: 1.4783 s
|V| = 8027, |E| = 14480, |R| = 51
>>> get_solution
>>> get_solution
  refine_solution: new weight 34132 (was 34158) in 0.001826 s
  refine_solution: new weight 34132 (was 34132) in 0.001738 s
24,,7834,14480,51,,5618,0,,34158,34132,6979,6979,6979,,347,2,@@

  handle_small_Steiner_degrees: steiner 0, suppress 1 in 1.4e-05 s
Starting round 25
Found 200 isolated vertices
Invalid ratios recomputed: 5692
Best ratio is 354/1 (354.0), centered at 670
Finding the best star... Star with 2 terminals centered in 5173
round took: 1.50733 s
|V| = 8027, |E| = 14472, |R| = 50
>>> get_solution
>>> get_solution
  refine_solution: new weight 34132 (was 34158) in 0.001828 s
  refine_solution: new weight 34132 (was 34132) in 0.001741 s
25,,7827,14472,50,,5692,0,,34158,34132,7333,7333,7333,,354,2,@@

  handle_small_Steiner_degrees: steiner 0, suppress 0 in 1.3e-05 s
Starting round 26
Found 206 isolated vertices
Invalid ratios recomputed: 5800
Best ratio is 360/1 (360.0), centered at 557
Finding the best star... Star with 2 terminals centered in 2544
round took: 1.5719 s
|V| = 8027, |E| = 14461, |R| = 49
>>> get_solution
>>> get_solution
  refine_solution: new weight 34132 (was 34158) in 0.001832 s
  refine_solution: new weight 34132 (was 34132) in 0.001734 s
26,,7821,14461,49,,5800,0,,34158,34132,7693,7693,7693,,360,2,@@

  handle_small_Steiner_degrees: steiner 0, suppress 2 in 1.4e-05 s
Starting round 27
Found 217 isolated vertices
Invalid ratios recomputed: 4934
Best ratio is 365/1 (365.0), centered at 1839
Finding the best star... Star with 2 terminals centered in 5173
round took: 1.44405 s
|V| = 8027, |E| = 14448, |R| = 48
>>> get_solution
>>> get_solution
  refine_solution: new weight 34132 (was 34158) in 0.001826 s
  refine_solution: new weight 34132 (was 34132) in 0.001735 s
27,,7810,14448,48,,4934,0,,34158,34132,8058,8058,8058,,365,2,@@

  handle_small_Steiner_degrees: steiner 0, suppress 1 in 1.3e-05 s
Starting round 28
Found 227 isolated vertices
Invalid ratios recomputed: 5834
Best ratio is 736/2 (368.0), centered at 3195
Finding the best star... Star with 3 terminals centered in 5410
round took: 1.62565 s
|V| = 8027, |E| = 14429, |R| = 46
>>> get_solution
>>> get_solution
  refine_solution: new weight 33990 (was 34016) in 0.00183 s
  refine_solution: new weight 33990 (was 33990) in 0.001736 s
28,,7800,14429,46,,5834,0,,34016,33990,8794,8794,8794,,736,3,@@

  handle_small_Steiner_degrees: steiner 0, suppress 0 in 1.1e-05 s
Starting round 29
Found 241 isolated vertices
Invalid ratios recomputed: 5378
Best ratio is 382/1 (382.0), centered at 421
Finding the best star... Star with 2 terminals centered in 421
round took: 1.58175 s
|V| = 8027, |E| = 14421, |R| = 45
>>> get_solution
>>> get_solution
  refine_solution: new weight 33990 (was 34016) in 0.001834 s
  refine_solution: new weight 33990 (was 33990) in 0.00174 s
29,,7786,14421,45,,5378,0,,34016,33990,9176,9176,9176,,382,2,@@

  handle_small_Steiner_degrees: steiner 0, suppress 0 in 1.1e-05 s
Starting round 30
Found 248 isolated vertices
Invalid ratios recomputed: 5790
Best ratio is 382/1 (382.0), centered at 559
Finding the best star... Star with 2 terminals centered in 5173
round took: 1.64548 s
|V| = 8027, |E| = 14412, |R| = 44
>>> get_solution
>>> get_solution
  refine_solution: new weight 33990 (was 34016) in 0.001849 s
  refine_solution: new weight 33990 (was 33990) in 0.001737 s
30,,7779,14412,44,,5790,0,,34016,33990,9558,9558,9558,,382,2,@@

  handle_small_Steiner_degrees: steiner 0, suppress 2 in 1.5e-05 s
Starting round 31
Found 257 isolated vertices
Invalid ratios recomputed: 6153
Best ratio is 382/1 (382.0), centered at 2470
Finding the best star... Star with 2 terminals centered in 3248
round took: 1.73895 s
|V| = 8027, |E| = 14399, |R| = 43
>>> get_solution
>>> get_solution
  refine_solution: new weight 33990 (was 34016) in 0.001845 s
  refine_solution: new weight 33990 (was 33990) in 0.001734 s
31,,7770,14399,43,,6153,0,,34016,33990,9940,9940,9940,,382,2,@@

  handle_small_Steiner_degrees: steiner 0, suppress 1 in 1.3e-05 s
Starting round 32
Found 267 isolated vertices
Invalid ratios recomputed: 5547
Best ratio is 791/2 (395.5), centered at 1045
Finding the best star... Star with 3 terminals centered in 4663
round took: 1.69038 s
|V| = 8027, |E| = 14377, |R| = 41
>>> get_solution
>>> get_solution
  refine_solution: new weight 33942 (was 33968) in 0.001832 s
  refine_solution: new weight 33942 (was 33942) in 0.001738 s
32,,7760,14377,41,,5547,0,,33968,33942,10731,10731,10731,,791,3,@@

  delete_edges: deleted 51 edges in 0.004135 s and 4 rounds
  handle_small_Steiner_degrees: steiner 1, suppress 43 in 3.6e-05 s
Starting round 33
Found 329 isolated vertices
Invalid ratios recomputed: 5534
Best ratio is 1187/3 (395.7), centered at 646
Finding the best star... Star with 4 terminals centered in 5967
round took: 1.75198 s
|V| = 8027, |E| = 14252, |R| = 38
>>> get_solution
>>> get_solution
  refine_solution: new weight 33748 (was 33768) in 0.001842 s
  refine_solution: new weight 33748 (was 33748) in 0.001731 s
33,,7698,14252,38,,5534,0,,33768,33748,11918,11918,11918,,1187,4,@@

  handle_small_Steiner_degrees: steiner 0, suppress 4 in 1.6e-05 s
Starting round 34
Found 357 isolated vertices
Invalid ratios recomputed: 6513
Best ratio is 811/2 (405.5), centered at 817
Finding the best star... Star with 3 terminals centered in 3319
round took: 1.9612 s
|V| = 8027, |E| = 14225, |R| = 36
>>> get_solution
>>> get_solution
  refine_solution: new weight 33748 (was 33768) in 0.001825 s
  refine_solution: new weight 33748 (was 33748) in 0.001741 s
34,,7670,14225,36,,6513,0,,33768,33748,12729,12729,12729,,811,3,@@

  handle_small_Steiner_degrees: steiner 0, suppress 2 in 1.7e-05 s
Starting round 35
Found 377 isolated vertices
Invalid ratios recomputed: 6421
Best ratio is 408/1 (408.0), centered at 2644
Finding the best star... Star with 2 terminals centered in 5341
round took: 2.09163 s
|V| = 8027, |E| = 14215, |R| = 35
>>> get_solution
>>> get_solution
  refine_solution: new weight 33748 (was 33768) in 0.001843 s
  refine_solution: new weight 33748 (was 33748) in 0.001733 s
35,,7650,14215,35,,6421,0,,33768,33748,13137,13137,13137,,408,2,@@

  handle_small_Steiner_degrees: steiner 0, suppress 2 in 1.5e-05 s
Starting round 36
Found 384 isolated vertices
Invalid ratios recomputed: 6533
Best ratio is 822/2 (411.0), centered at 4943
Finding the best star... Star with 3 terminals centered in 5236
round took: 2.23133 s
|V| = 8027, |E| = 14188, |R| = 33
>>> get_solution
>>> get_solution
  refine_solution: new weight 33660 (was 33680) in 0.001838 s
  refine_solution: new weight 33660 (was 33660) in 0.001733 s
36,,7643,14188,33,,6533,0,,33680,33660,13959,13959,13959,,822,3,@@

  handle_small_Steiner_degrees: steiner 0, suppress 3 in 1.5e-05 s
Starting round 37
Found 407 isolated vertices
Invalid ratios recomputed: 5534
Best ratio is 414/1 (414.0), centered at 371
Finding the best star... Star with 2 terminals centered in 7455
round took: 2.21211 s
|V| = 8027, |E| = 14174, |R| = 32
>>> get_solution
>>> get_solution
  refine_solution: new weight 33597 (was 33617) in 0.001843 s
  refine_solution: new weight 33597 (was 33597) in 0.001736 s
37,,7620,14174,32,,5534,0,,33617,33597,14373,14373,14373,,414,2,@@

  handle_small_Steiner_degrees: steiner 0, suppress 0 in 1.3e-05 s
Starting round 38
Found 416 isolated vertices
Invalid ratios recomputed: 4668
Best ratio is 425/1 (425.0), centered at 260
Finding the best star... Star with 2 terminals centered in 7006
round took: 2.03418 s
|V| = 8027, |E| = 14162, |R| = 31
>>> get_solution
>>> get_solution
  refine_solution: new weight 33597 (was 33617) in 0.001844 s
  refine_solution: new weight 33597 (was 33597) in 0.001736 s
38,,7611,14162,31,,4668,0,,33617,33597,14798,14798,14798,,425,2,@@

  handle_small_Steiner_degrees: steiner 0, suppress 0 in 1.3e-05 s
Starting round 39
Found 426 isolated vertices
Invalid ratios recomputed: 4938
Best ratio is 430/1 (430.0), centered at 279
Finding the best star... Star with 2 terminals centered in 3319
round took: 2.28068 s
|V| = 8027, |E| = 14148, |R| = 30
>>> get_solution
>>> get_solution
  refine_solution: new weight 33597 (was 33617) in 0.00183 s
  refine_solution: new weight 33597 (was 33597) in 0.001735 s
39,,7601,14148,30,,4938,0,,33617,33597,15228,15228,15228,,430,2,@@

  handle_small_Steiner_degrees: steiner 0, suppress 2 in 2.4e-05 s
Starting round 40
Found 439 isolated vertices
Invalid ratios recomputed: 6474
Best ratio is 430/1 (430.0), centered at 622
Finding the best star... Star with 2 terminals centered in 5410
round took: 2.72443 s
|V| = 8027, |E| = 14137, |R| = 29
>>> get_solution
>>> get_solution
  refine_solution: new weight 33597 (was 33617) in 0.00184 s
  refine_solution: new weight 33597 (was 33597) in 0.001743 s
40,,7588,14137,29,,6474,0,,33617,33597,15658,15658,15658,,430,2,@@

  handle_small_Steiner_degrees: steiner 0, suppress 1 in 1.4e-05 s
Starting round 41
Found 447 isolated vertices
Invalid ratios recomputed: 6064
Best ratio is 442/1 (442.0), centered at 2
Finding the best star... Star with 2 terminals centered in 7324
round took: 2.84758 s
|V| = 8027, |E| = 14122, |R| = 28
>>> get_solution
>>> get_solution
  refine_solution: new weight 33606 (was 33660) in 0.001841 s
  refine_solution: new weight 33606 (was 33606) in 0.001744 s
41,,7580,14122,28,,6064,0,,33660,33606,16100,16100,16100,,442,2,@@

  handle_small_Steiner_degrees: steiner 0, suppress 5 in 1.5e-05 s
Starting round 42
Found 461 isolated vertices
Invalid ratios recomputed: 2910
Best ratio is 446/1 (446.0), centered at 500
Finding the best star... Star with 2 terminals centered in 2866
round took: 1.76966 s
|V| = 8027, |E| = 14105, |R| = 27
>>> get_solution
>>> get_solution
  refine_solution: new weight 33606 (was 33660) in 0.001828 s
  refine_solution: new weight 33606 (was 33606) in 0.001735 s
42,,7566,14105,27,,2910,0,,33660,33606,16546,16546,16546,,446,2,@@

  handle_small_Steiner_degrees: steiner 0, suppress 1 in 1.3e-05 s
Starting round 43
Found 471 isolated vertices
Invalid ratios recomputed: 5668
Best ratio is 453/1 (453.0), centered at 67
Finding the best star... Star with 2 terminals centered in 3741
round took: 2.78032 s
|V| = 8027, |E| = 14088, |R| = 26
>>> get_solution
>>> get_solution
  refine_solution: new weight 33602 (was 33656) in 0.001834 s
  refine_solution: new weight 33602 (was 33602) in 0.001746 s
43,,7556,14088,26,,5668,0,,33656,33602,16999,16999,16999,,453,2,@@

  handle_small_Steiner_degrees: steiner 0, suppress 1 in 1.5e-05 s
Starting round 44
Found 486 isolated vertices
Invalid ratios recomputed: 6615
Best ratio is 463/1 (463.0), centered at 266
Finding the best star... Star with 2 terminals centered in 6227
round took: 3.19195 s
|V| = 8027, |E| = 14079, |R| = 25
>>> get_solution
>>> get_solution
  refine_solution: new weight 33602 (was 33656) in 0.001848 s
  refine_solution: new weight 33602 (was 33602) in 0.001736 s
44,,7541,14079,25,,6615,0,,33656,33602,17462,17462,17462,,463,2,@@

  handle_small_Steiner_degrees: steiner 0, suppress 0 in 1.2e-05 s
Starting round 45
Found 494 isolated vertices
Invalid ratios recomputed: 6466
Best ratio is 481/1 (481.0), centered at 404
Finding the best star... Star with 2 terminals centered in 4663
round took: 3.29811 s
|V| = 8027, |E| = 14070, |R| = 24
>>> get_solution
>>> get_solution
  refine_solution: new weight 33602 (was 33656) in 0.00183 s
  refine_solution: new weight 33602 (was 33602) in 0.001741 s
45,,7533,14070,24,,6466,0,,33656,33602,17943,17943,17943,,481,2,@@

  handle_small_Steiner_degrees: steiner 0, suppress 0 in 1e-05 s
Starting round 46
Found 502 isolated vertices
Invalid ratios recomputed: 6462
Best ratio is 494/1 (494.0), centered at 0
Finding the best star... Star with 2 terminals centered in 7455
round took: 3.62097 s
|V| = 8027, |E| = 14060, |R| = 23
>>> get_solution
>>> get_solution
  refine_solution: new weight 33602 (was 33656) in 0.001849 s
  refine_solution: new weight 33602 (was 33602) in 0.001735 s
46,,7525,14060,23,,6462,0,,33656,33602,18437,18437,18437,,494,2,@@

  handle_small_Steiner_degrees: steiner 0, suppress 0 in 9e-06 s
Starting round 47
Found 510 isolated vertices
Invalid ratios recomputed: 5959
Best ratio is 523/1 (523.0), centered at 891
Finding the best star... Star with 2 terminals centered in 3741
round took: 3.8623 s
|V| = 8027, |E| = 14044, |R| = 22
>>> get_solution
>>> get_solution
  refine_solution: new weight 33602 (was 33656) in 0.001849 s
  refine_solution: new weight 33602 (was 33602) in 0.001735 s
47,,7517,14044,22,,5959,0,,33656,33602,18960,18960,18960,,523,2,@@

  handle_small_Steiner_degrees: steiner 0, suppress 4 in 1.9e-05 s
Starting round 48
Found 526 isolated vertices
Invalid ratios recomputed: 7145
Best ratio is 530/1 (530.0), centered at 317
Finding the best star... Star with 2 terminals centered in 2951
round took: 4.45472 s
|V| = 8027, |E| = 14025, |R| = 21
>>> get_solution
>>> get_solution
  refine_solution: new weight 33593 (was 33623) in 0.001844 s
  refine_solution: new weight 33593 (was 33593) in 0.001745 s
48,,7501,14025,21,,7145,0,,33623,33593,19490,19490,19490,,530,2,@@

  delete_edges: deleted 72 edges in 0.00469 s and 4 rounds
  handle_small_Steiner_degrees: steiner 2, suppress 65 in 6.2e-05 s
Starting round 49
Found 602 isolated vertices
Invalid ratios recomputed: 6355
Best ratio is 1624/3 (541.3), centered at 205
Finding the best star... Star with 4 terminals centered in 3741
round took: 4.2563 s
|V| = 8027, |E| = 13841, |R| = 18
>>> get_solution
>>> get_solution
  refine_solution: new weight 33515 (was 33545) in 0.001861 s
  refine_solution: new weight 33515 (was 33515) in 0.001742 s
49,,7425,13841,18,,6355,0,,33545,33515,21114,21114,21114,,1624,4,@@

  handle_small_Steiner_degrees: steiner 0, suppress 2 in 2.3e-05 s
Starting round 50
Found 640 isolated vertices
Invalid ratios recomputed: 7178
Best ratio is 548/1 (548.0), centered at 79
Finding the best star... Star with 2 terminals centered in 7417
round took: 4.78262 s
|V| = 8027, |E| = 13825, |R| = 17
>>> get_solution
>>> get_solution
  refine_solution: new weight 33515 (was 33545) in 0.00186 s
  refine_solution: new weight 33515 (was 33515) in 0.001745 s
50,,7387,13825,17,,7178,0,,33545,33515,21662,21662,21662,,548,2,@@

  handle_small_Steiner_degrees: steiner 0, suppress 0 in 1.3e-05 s
Starting round 51
Found 652 isolated vertices
Invalid ratios recomputed: 6760
Best ratio is 574/1 (574.0), centered at 121
Finding the best star... Star with 2 terminals centered in 3741
round took: 4.89968 s
|V| = 8027, |E| = 13808, |R| = 16
>>> get_solution
>>> get_solution
  refine_solution: new weight 33515 (was 33545) in 0.001851 s
  refine_solution: new weight 33515 (was 33515) in 0.001741 s
51,,7375,13808,16,,6760,0,,33545,33515,22236,22236,22236,,574,2,@@

  handle_small_Steiner_degrees: steiner 0, suppress 0 in 1.2e-05 s
Starting round 52
Found 665 isolated vertices
Invalid ratios recomputed: 7285
Best ratio is 577/1 (577.0), centered at 7
Finding the best star... Star with 2 terminals centered in 7179
round took: 5.30886 s
|V| = 8027, |E| = 13791, |R| = 15
>>> get_solution
>>> get_solution
  refine_solution: new weight 33515 (was 33545) in 0.001879 s
  refine_solution: new weight 33515 (was 33515) in 0.001749 s
52,,7362,13791,15,,7285,0,,33545,33515,22813,22813,22813,,577,2,@@

  handle_small_Steiner_degrees: steiner 0, suppress 1 in 1.2e-05 s
Starting round 53
Found 679 isolated vertices
Invalid ratios recomputed: 6973
Best ratio is 580/1 (580.0), centered at 712
Finding the best star... Star with 2 terminals centered in 5341
round took: 5.38074 s
|V| = 8027, |E| = 13774, |R| = 14
>>> get_solution
>>> get_solution
  refine_solution: new weight 33515 (was 33545) in 0.001855 s
  refine_solution: new weight 33515 (was 33515) in 0.00174 s
53,,7348,13774,14,,6973,0,,33545,33515,23393,23393,23393,,580,2,@@

  handle_small_Steiner_degrees: steiner 0, suppress 3 in 2.2e-05 s
Starting round 54
Found 694 isolated vertices
Invalid ratios recomputed: 7279
Best ratio is 1183/2 (591.5), centered at 7148
Finding the best star... Star with 3 terminals centered in 784
round took: 5.88658 s
|V| = 8027, |E| = 13742, |R| = 12
>>> get_solution
>>> get_solution
  refine_solution: new weight 33316 (was 33346) in 0.001872 s
  refine_solution: new weight 33316 (was 33316) in 0.001746 s
54,,7333,13742,12,,7279,0,,33346,33316,24576,24576,24576,,1183,3,@@

  handle_small_Steiner_degrees: steiner 0, suppress 1 in 1.1e-05 s
Starting round 55
Found 718 isolated vertices
Invalid ratios recomputed: 7309
Best ratio is 608/1 (608.0), centered at 137
Finding the best star... Star with 2 terminals centered in 5341
round took: 6.68682 s
|V| = 8027, |E| = 13728, |R| = 11
>>> get_solution
>>> get_solution
  refine_solution: new weight 33316 (was 33346) in 0.001861 s
  refine_solution: new weight 33316 (was 33316) in 0.001759 s
55,,7309,13728,11,,7309,0,,33346,33316,25184,25184,25184,,608,2,@@

  handle_small_Steiner_degrees: steiner 0, suppress 0 in 1e-05 s
Starting round 56
Found 728 isolated vertices
Invalid ratios recomputed: 7245
Best ratio is 690/1 (690.0), centered at 71
Finding the best star... Star with 2 terminals centered in 7006
round took: 7.07493 s
|V| = 8027, |E| = 13715, |R| = 10
>>> get_solution
>>> get_solution
  refine_solution: new weight 33316 (was 33346) in 0.001852 s
  refine_solution: new weight 33316 (was 33316) in 0.001751 s
56,,7299,13715,10,,7245,0,,33346,33316,25874,25874,25874,,690,2,@@

  handle_small_Steiner_degrees: steiner 0, suppress 0 in 1e-05 s
Starting round 57
Found 739 isolated vertices
Invalid ratios recomputed: 7220
Best ratio is 1411/2 (705.5), centered at 1855
Finding the best star... Star with 3 terminals centered in 784
round took: 7.11168 s
|V| = 8027, |E| = 13685, |R| = 8
>>> get_solution
>>> get_solution
  refine_solution: new weight 33236 (was 33266) in 0.001859 s
  refine_solution: new weight 33236 (was 33236) in 0.001744 s
57,,7288,13685,8,,7220,0,,33266,33236,27285,27285,27285,,1411,3,@@

  handle_small_Steiner_degrees: steiner 0, suppress 1 in 1.3e-05 s
Starting round 58
Found 764 isolated vertices
Invalid ratios recomputed: 7260
Best ratio is 707/1 (707.0), centered at 83
Finding the best star... Star with 2 terminals centered in 784
round took: 7.03185 s
|V| = 8027, |E| = 13658, |R| = 7
>>> get_solution
>>> get_solution
  refine_solution: new weight 33236 (was 33266) in 0.001862 s
  refine_solution: new weight 33236 (was 33236) in 0.001745 s
58,,7263,13658,7,,7260,0,,33266,33236,27992,27992,27992,,707,2,@@

  handle_small_Steiner_degrees: steiner 0, suppress 2 in 1.8e-05 s
Starting round 59
Found 785 isolated vertices
Invalid ratios recomputed: 7239
Best ratio is 717/1 (717.0), centered at 9
Finding the best star... Star with 2 terminals centered in 7417
round took: 7.0328 s
|V| = 8027, |E| = 13637, |R| = 6
>>> get_solution
>>> get_solution
  refine_solution: new weight 33236 (was 33266) in 0.001855 s
  refine_solution: new weight 33236 (was 33236) in 0.001745 s
59,,7242,13637,6,,7239,0,,33266,33236,28709,28709,28709,,717,2,@@

  handle_small_Steiner_degrees: steiner 0, suppress 3 in 1.9e-05 s
Starting round 60
Found 801 isolated vertices
Invalid ratios recomputed: 7226
Best ratio is 734/1 (734.0), centered at 340
Finding the best star... Star with 2 terminals centered in 784
round took: 7.10682 s
|V| = 8027, |E| = 13618, |R| = 5
>>> get_solution
>>> get_solution
  refine_solution: new weight 33236 (was 33266) in 0.001862 s
  refine_solution: new weight 33236 (was 33236) in 0.00174 s
60,,7226,13618,5,,7226,0,,33266,33236,29443,29443,29443,,734,2,@@

  handle_small_Steiner_degrees: steiner 0, suppress 1 in 1.5e-05 s
Starting round 61
Found 815 isolated vertices
Invalid ratios recomputed: 7212
Best ratio is 752/1 (752.0), centered at 419
Finding the best star... Star with 2 terminals centered in 784
round took: 7.25581 s
|V| = 8027, |E| = 13604, |R| = 4
>>> get_solution
>>> get_solution
  refine_solution: new weight 33236 (was 33266) in 0.001861 s
  refine_solution: new weight 33236 (was 33236) in 0.001747 s
61,,7212,13604,4,,7212,0,,33266,33236,30195,30195,30195,,752,2,@@

  handle_small_Steiner_degrees: steiner 0, suppress 1 in 2.2e-05 s
Starting round 62
Found 827 isolated vertices
Invalid ratios recomputed: 7200
Best ratio is 841/1 (841.0), centered at 245
Finding the best star... Star with 2 terminals centered in 7179
round took: 7.67473 s
|V| = 8027, |E| = 13582, |R| = 3
>>> get_solution
>>> get_solution
  refine_solution: new weight 33236 (was 33266) in 0.001858 s
  refine_solution: new weight 33236 (was 33236) in 0.001743 s
62,,7200,13582,3,,7200,0,,33266,33236,31036,31036,31036,,841,2,@@

  handle_small_Steiner_degrees: steiner 0, suppress 2 in 2.3e-05 s
Starting round 63
Found 846 isolated vertices
Invalid ratios recomputed: 7181
Best ratio is 2067/2 (1033.5), centered at 364
Finding the best star... Star with 3 terminals centered in 7455
round took: 8.20322 s
|V| = 8027, |E| = 13529, |R| = 1
>>> get_solution
>>> get_solution
  refine_solution: new weight 33073 (was 33103) in 0.001855 s
  refine_solution: new weight 33073 (was 33073) in 0.001736 s
63,,7181,13529,1,,7181,0,,33103,33073,33103,33103,33103,,2067,3,@@

  handle_small_Steiner_degrees: steiner 0, suppress 2 in 2.6e-05 s
contract_till_the_bitter_end: 175.52 s

Calling end_heu
>>> get_solution
Saved weight 106
DŽ: 33103 -> 32857
  BEST solution improved 33103 -> 32857 (vert_size 0, round 1) *
  BEST solution improved 32857 -> 32849 (vert_size 2, round 53)
  BEST solution improved 32849 -> 32847 (vert_size 7, round 89) *
  BEST solution improved 32847 -> 32821 (vert_size 1, round 364) *
  BEST solution improved 32821 -> 32818 (vert_size 4, round 453) *
  BEST solution improved 32818 -> 32810 (vert_size 2, round 468) *
  BEST solution improved 32810 -> 32806 (vert_size 4, round 589) *
  BEST solution improved 32806 -> 32774 (vert_size 2, round 602) *
  BEST solution improved 32774 -> 32754 (vert_size 4, round 671) *
  BEST solution improved 32754 -> 32742 (vert_size 2, round 788) *
DŽ: 32742 -> 32714
  BEST solution improved 32742 -> 32714 (vert_size 0, round 1001) *
  BEST solution improved 32714 -> 32682 (vert_size 4, round 1735) *
  BEST solution improved 32682 -> 32674 (vert_size 4, round 1911) *
DŽ: 32674 -> 32655
  BEST solution improved 32674 -> 32655 (vert_size 0, round 2001) *
DŽ: 32655 -> 32655
DŽ: 32655 -> 32655
DŽ: 32821 -> 32936
DŽ: 32655 -> 32655
DŽ: 32655 -> 32655
DŽ: 32655 -> 32655
DŽ: 32655 -> 32655
DŽ: 32655 -> 32655
DŽ: 32655 -> 32655
DŽ: 32655 -> 32655
DŽ: 32655 -> 32735
DŽ: 32655 -> 32655
DŽ: 32655 -> 32655
DŽ: 32726 -> 32672
DŽ: 32655 -> 32655
DŽ: 32706 -> 32720
DŽ: 32655 -> 32655
DŽ: 32655 -> 32655
DŽ: 32655 -> 32655
DŽ: 32655 -> 32940
DŽ: 32940 -> 32691
DŽ: 32655 -> 32655
DŽ: 32655 -> 32655
DŽ: 32655 -> 32655
DŽ: 32655 -> 32655
DŽ: 32655 -> 32691
DŽ: 32655 -> 32655
DŽ: 32932 -> 32904
DŽ: 32655 -> 32655
DŽ: 32655 -> 32655
DŽ: 32655 -> 32655
DŽ: 32683 -> 32655
DŽ: 32655 -> 32655
DŽ: 32655 -> 32628
  BEST solution improved 32655 -> 32628 (vert_size 0, round 36001) *
DŽ: 32628 -> 32628
DŽ: 32904 -> 32924
DŽ: 32628 -> 32628
DŽ: 32628 -> 32650
DŽ: 32628 -> 32628
DŽ: 32628 -> 32628
DŽ: 32628 -> 32608
  BEST solution improved 32628 -> 32608 (vert_size 0, round 43001) *
DŽ: 32608 -> 32608
DŽ: 32608 -> 32644
DŽ: 32608 -> 32608
DŽ: 32608 -> 32608
DŽ: 32608 -> 32644
DŽ: 32608 -> 32608
DŽ: 32655 -> 32655
DŽ: 32608 -> 32608
DŽ: 32608 -> 32608
DŽ: 32655 -> 32655
DŽ: 32608 -> 32608
DŽ: 32608 -> 32608
DŽ: 32655 -> 32655
DŽ: 32608 -> 32608
DŽ: 32608 -> 32608
DŽ: 32608 -> 32717
DŽ: 32608 -> 32655
DŽ: 32608 -> 32718
DŽ: 32608 -> 32608
DŽ: 32608 -> 32608
DŽ: 32655 -> 32655
DŽ: 32608 -> 32608
DŽ: 32655 -> 32734
DŽ: 32608 -> 32608
DŽ: 32655 -> 32655
DŽ: 32655 -> 32794
DŽ: 32703 -> 32735
DŽ: 32724 -> 32876
DŽ: 32608 -> 32608
DŽ: 32608 -> 32608
DŽ: 32608 -> 32608
DŽ: 32608 -> 32608
DŽ: 32608 -> 32628
DŽ: 32655 -> 32655
DŽ: 32608 -> 32608
DŽ: 32608 -> 32608
DŽ: 32608 -> 32608
DŽ: 32608 -> 32608
DŽ: 32608 -> 32667
DŽ: 32608 -> 32608
DŽ: 32608 -> 32608
DŽ: 32608 -> 32608
DŽ: 32608 -> 32608
DŽ: 32608 -> 32608
DŽ: 32608 -> 32608
DŽ: 32655 -> 32655
DŽ: 32608 -> 32608
DŽ: 32608 -> 32608
DŽ: 32608 -> 32608
DŽ: 32655 -> 32655
DŽ: 32608 -> 32608
DŽ: 32608 -> 32608
DŽ: 32608 -> 32608
DŽ: 32644 -> 32810
DŽ: 32655 -> 32682
DŽ: 32608 -> 32608
DŽ: 32608 -> 32608
DŽ: 32608 -> 32608
DŽ: 32608 -> 32655
DŽ: 32608 -> 32608
DŽ: 32655 -> 32655
DŽ: 32608 -> 32608
DŽ: 32644 -> 32644
DŽ: 32628 -> 32628
DŽ: 32608 -> 32608
DŽ: 32608 -> 32667
DŽ: 32735 -> 32830
DŽ: 32608 -> 32608
DŽ: 32608 -> 32608
DŽ: 32608 -> 32608
DŽ: 32608 -> 32608
DŽ: 32608 -> 32608
DŽ: 32655 -> 32682
DŽ: 32608 -> 32635
DŽ: 32608 -> 32608
DŽ: 32717 -> 32717
DŽ: 32717 -> 32717
DŽ: 32628 -> 32628
DŽ: 32628 -> 32655
DŽ: 32940 -> 32691
DŽ: 32608 -> 32608
DŽ: 32655 -> 32735
DŽ: 32735 -> 32735
DŽ: 32699 -> 32658
DŽ: 32655 -> 32655
DŽ: 32624 -> 32883
DŽ: 32882 -> 32724
DŽ: 32717 -> 32717
DŽ: 32655 -> 32655
DŽ: 32608 -> 32707
DŽ: 32608 -> 32608
DŽ: 32608 -> 32608
DŽ: 32608 -> 32608
DŽ: 32608 -> 32608
DŽ: 32655 -> 32655
DŽ: 32655 -> 32655
DŽ: 32608 -> 32608
DŽ: 32644 -> 32644
DŽ: 32608 -> 32608
DŽ: 32608 -> 32608
DŽ: 32608 -> 32608
DŽ: 32628 -> 32664
DŽ: 32628 -> 32628
DŽ: 32608 -> 32608
DŽ: 32628 -> 32628
DŽ: 32608 -> 32608
DŽ: 32608 -> 32608
DŽ: 32655 -> 32655
DŽ: 32608 -> 32608
DŽ: 32655 -> 32655
DŽ: 32608 -> 32608
DŽ: 32608 -> 32608

 start over 155826 loops 266 unique solutions 
Original + vert_size 0 
DŽ: 33103 -> 32857
DŽ: 32608 -> 32608
DŽ: 32608 -> 32608
DŽ: 32655 -> 32608
DŽ: 32608 -> 32608
DŽ: 32628 -> 32628
DŽ: 32608 -> 32688
DŽ: 32655 -> 32735
DŽ: 32608 -> 32608
DŽ: 32608 -> 32608
DŽ: 32688 -> 32713
DŽ: 32608 -> 32608
DŽ: 32608 -> 32608
DŽ: 32608 -> 32608
DŽ: 32713 -> 32789
DŽ: 32608 -> 32608
DŽ: 32659 -> 32633
DŽ: 32628 -> 32628
DŽ: 32608 -> 32608
DŽ: 32706 -> 32628
DŽ: 32608 -> 32608
DŽ: 32706 -> 32843
DŽ: 32608 -> 32608
DŽ: 32608 -> 33091
DŽ: 32645 -> 32645
DŽ: 32608 -> 32608
DŽ: 32608 -> 32608
DŽ: 32608 -> 32608
DŽ: 32645 -> 32771
DŽ: 32608 -> 32608
DŽ: 32608 -> 32608
DŽ: 32672 -> 32749
DŽ: 32608 -> 32608
DŽ: 32608 -> 32608
DŽ: 32608 -> 32644
DŽ: 32608 -> 32608
DŽ: 32608 -> 32608
DŽ: 32608 -> 32608
DŽ: 32608 -> 32608
DŽ: 32608 -> 32608
DŽ: 32608 -> 32608
DŽ: 32608 -> 32608
DŽ: 32608 -> 32608
DŽ: 32644 -> 32764
DŽ: 32608 -> 32666
DŽ: 32608 -> 32608
DŽ: 32608 -> 32608
DŽ: 32608 -> 32608
DŽ: 32655 -> 32644
DŽ: 32647 -> 32608
DŽ: 32608 -> 32608
DŽ: 32608 -> 32608
DŽ: 32608 -> 32608
DŽ: 32608 -> 32608
DŽ: 32608 -> 32608
DŽ: 32608 -> 32608
DŽ: 32608 -> 32608
DŽ: 32636 -> 32608
DŽ: 32608 -> 32608
DŽ: 32608 -> 32631
DŽ: 32608 -> 32619
DŽ: 32608 -> 32859
DŽ: 32608 -> 32608
DŽ: 32608 -> 32608
DŽ: 32608 -> 32608
DŽ: 32608 -> 32608
DŽ: 32628 -> 32628
DŽ: 32628 -> 32628
DŽ: 32628 -> 32628
DŽ: 32608 -> 32608
DŽ: 32608 -> 32608
DŽ: 32608 -> 32608
DŽ: 32608 -> 32608
DŽ: 32608 -> 32608
DŽ: 32608 -> 32608
DŽ: 32608 -> 32608
DŽ: 32608 -> 32608
DŽ: 32608 -> 32608
DŽ: 32608 -> 32608
DŽ: 32608 -> 32608
DŽ: 32608 -> 32608
DŽ: 32608 -> 32608
DŽ: 32608 -> 32608
DŽ: 32608 -> 32608
DŽ: 32608 -> 32608
DŽ: 32608 -> 32608
DŽ: 32608 -> 32608
DŽ: 32608 -> 32608
DŽ: 32608 -> 32608
DŽ: 32628 -> 32628
DŽ: 32608 -> 32608

 start over 245417 loops 336 unique solutions 
Approx + random 
DŽ: 34474 -> 33287
DŽ: 33000 -> 33018
DŽ: 32608 -> 32633
DŽ: 33014 -> 32923
DŽ: 32825 -> 32940
DŽ: 32804 -> 32715
DŽ: 32608 -> 32608
DŽ: 32940 -> 32940
DŽ: 32608 -> 32608
DŽ: 32608 -> 32608
DŽ: 32608 -> 32608
DŽ: 32758 -> 32736
DŽ: 32715 -> 32678
DŽ: 32608 -> 32608
DŽ: 32608 -> 32608
DŽ: 32678 -> 32678
DŽ: 32678 -> 32745
DŽ: 32608 -> 32608
DŽ: 32714 -> 32691
DŽ: 32678 -> 32841
DŽ: 32608 -> 32608
DŽ: 32608 -> 32608
DŽ: 32769 -> 32745
DŽ: 32608 -> 32608
DŽ: 32608 -> 32608
DŽ: 32769 -> 32745
DŽ: 32608 -> 32608
DŽ: 32745 -> 32745
DŽ: 32608 -> 32608
DŽ: 33014 -> 33332
DŽ: 32745 -> 32745
DŽ: 32853 -> 32807
DŽ: 32761 -> 32715
DŽ: 32715 -> 32877
DŽ: 32745 -> 32745
DŽ: 32608 -> 32608
DŽ: 32628 -> 32628
DŽ: 32745 -> 32841
DŽ: 32628 -> 32687
DŽ: 32628 -> 32628
DŽ: 32628 -> 32628
DŽ: 32628 -> 32628
DŽ: 32745 -> 32745
DŽ: 32628 -> 32628
DŽ: 32628 -> 32664
DŽ: 32628 -> 32628
DŽ: 32608 -> 32608
DŽ: 32608 -> 32608
DŽ: 32608 -> 32608
DŽ: 32608 -> 32608
DŽ: 32608 -> 32608
DŽ: 32608 -> 32608
DŽ: 32608 -> 32608
DŽ: 32804 -> 32715
DŽ: 32608 -> 32608
DŽ: 32608 -> 32626
DŽ: 32608 -> 32608
DŽ: 32715 -> 32714
DŽ: 32745 -> 32745
DŽ: 32608 -> 32608
DŽ: 32608 -> 32608
DŽ: 32745 -> 32745
DŽ: 32745 -> 32772
DŽ: 32608 -> 32608
DŽ: 32608 -> 32608
DŽ: 32608 -> 32608
DŽ: 32608 -> 32608
DŽ: 32608 -> 32608
DŽ: 32715 -> 32714
DŽ: 32608 -> 32608
DŽ: 32745 -> 32745
DŽ: 32608 -> 32608
DŽ: 32745 -> 32745
DŽ: 32745 -> 32774
DŽ: 32763 -> 32859
DŽ: 32608 -> 32608
DŽ: 32745 -> 32763
DŽ: 32608 -> 32608
DŽ: 32608 -> 32608
DŽ: 32608 -> 32608
DŽ: 32715 -> 32841
DŽ: 32608 -> 32608
DŽ: 32745 -> 32841
DŽ: 32608 -> 32608
DŽ: 32715 -> 32714
DŽ: 32608 -> 32608
DŽ: 32705 -> 32608
DŽ: 32745 -> 32745
DŽ: 32714 -> 32714
DŽ: 32608 -> 32626
DŽ: 32608 -> 32644
DŽ: 32628 -> 32628

 start over 336993 loops 428 unique solutions 
Original + vert_size 13 
DŽ: 33103 -> 32743
DŽ: 32664 -> 32664
DŽ: 32745 -> 32745
DŽ: 32608 -> 32608
DŽ: 32628 -> 32811
DŽ: 32608 -> 32683
DŽ: 32608 -> 32608
DŽ: 32650 -> 32727
DŽ: 32608 -> 32608
DŽ: 32608 -> 32608
DŽ: 32608 -> 32608
DŽ: 32656 -> 32628
DŽ: 32608 -> 32608
DŽ: 32608 -> 32635
DŽ: 32608 -> 32608
DŽ: 32628 -> 32628
DŽ: 32608 -> 32608
DŽ: 32628 -> 32664
DŽ: 32656 -> 32727
DŽ: 32608 -> 32608
DŽ: 32628 -> 32628
DŽ: 32628 -> 32628
DŽ: 32608 -> 32608
DŽ: 32628 -> 32628
DŽ: 32628 -> 32628
DŽ: 32608 -> 32608
DŽ: 32628 -> 32628
DŽ: 32650 -> 32628
DŽ: 32608 -> 32608
DŽ: 32628 -> 32628
DŽ: 32608 -> 32608
DŽ: 32628 -> 32628
DŽ: 32628 -> 32628
DŽ: 32745 -> 32745
DŽ: 32745 -> 32745
DŽ: 32608 -> 32608
DŽ: 32745 -> 32745
DŽ: 32608 -> 32644
DŽ: 32608 -> 32608
DŽ: 32628 -> 32708
DŽ: 32636 -> 32608
DŽ: 32608 -> 32608
DŽ: 32608 -> 32608
DŽ: 32608 -> 32608
DŽ: 32608 -> 32608
DŽ: 32608 -> 32608
DŽ: 32608 -> 32608
DŽ: 32745 -> 32763
DŽ: 32745 -> 32763
DŽ: 32608 -> 32635
DŽ: 32628 -> 32628
DŽ: 32608 -> 32608
DŽ: 32745 -> 32745
DŽ: 32608 -> 32608
DŽ: 32763 -> 32879
DŽ: 32763 -> 32763
DŽ: 32745 -> 32985
DŽ: 32798 -> 32841
DŽ: 32608 -> 32608
DŽ: 32745 -> 32765
DŽ: 32608 -> 32608
DŽ: 32608 -> 32608
DŽ: 32608 -> 32608
DŽ: 32628 -> 32687
DŽ: 32628 -> 32664
DŽ: 32608 -> 32608
DŽ: 32608 -> 32608
DŽ: 32716 -> 32879
DŽ: 32608 -> 32608

 start over 404181 loops 493 unique solutions 
Original + vert_size 13 
DŽ: 33103 -> 32857
DŽ: 32608 -> 32608
DŽ: 32608 -> 32608
DŽ: 32608 -> 32608
DŽ: 32838 -> 32719
DŽ: 32811 -> 32729
DŽ: 32716 -> 32705
DŽ: 32716 -> 32785
DŽ: 32785 -> 32857
DŽ: 32731 -> 32685
DŽ: 32673 -> 32753
DŽ: 32756 -> 32722
DŽ: 32735 -> 32744
DŽ: 32723 -> 32811
DŽ: 32673 -> 32709
DŽ: 32722 -> 32722
DŽ: 32685 -> 32685
DŽ: 32655 -> 32655
DŽ: 32608 -> 32608
DŽ: 32608 -> 32608
DŽ: 32673 -> 32673
DŽ: 32655 -> 32666
DŽ: 32608 -> 32608
DŽ: 32666 -> 32746
DŽ: 32608 -> 32608
DŽ: 32657 -> 32657
DŽ: 32608 -> 32608
DŽ: 32672 -> 32672
DŽ: 32608 -> 32684
DŽ: 32637 -> 32608
DŽ: 32673 -> 32662
DŽ: 32655 -> 32730
DŽ: 32637 -> 32608
DŽ: 32722 -> 32722
DŽ: 32619 -> 32608
DŽ: 32662 -> 32662
DŽ: 32826 -> 32826
DŽ: 32608 -> 32608
DŽ: 32826 -> 32826
DŽ: 32608 -> 32608
DŽ: 32811 -> 32707
DŽ: 32608 -> 32608
DŽ: 32655 -> 32608
DŽ: 32608 -> 32608
DŽ: 32608 -> 32608
DŽ: 32608 -> 32608
DŽ: 32608 -> 32626
DŽ: 32626 -> 32626
DŽ: 32707 -> 32707
DŽ: 32672 -> 32672
DŽ: 32608 -> 32608
DŽ: 32608 -> 32608
DŽ: 32707 -> 32660
DŽ: 32655 -> 32655
DŽ: 32608 -> 32688
DŽ: 32608 -> 32608
DŽ: 32608 -> 32608
DŽ: 32655 -> 32655
DŽ: 32722 -> 32722
DŽ: 32811 -> 32707
DŽ: 32608 -> 32608
DŽ: 32608 -> 32608
DŽ: 32707 -> 32810
DŽ: 32726 -> 32678
DŽ: 32707 -> 32707
DŽ: 32685 -> 32685
DŽ: 32707 -> 32707
DŽ: 32608 -> 32608
DŽ: 32608 -> 32608
DŽ: 32608 -> 32765
DŽ: 32709 -> 32608
DŽ: 32608 -> 32812
DŽ: 32608 -> 32621
DŽ: 32632 -> 32608
DŽ: 32722 -> 32722
DŽ: 32608 -> 32608
DŽ: 32608 -> 32608
DŽ: 32722 -> 32722
DŽ: 32722 -> 32962
DŽ: 32778 -> 32675
DŽ: 32719 -> 32719
DŽ: 32608 -> 32608
end_heu: 485723 loops with 575 unique solutions in 1799.25 s

Calling print_solution
>>> get_solution
  refine_solution: new weight 32608 (was 32608) in 0.001745 s
## FINAL WEIGHT 32608
print_solution: 0.00406 s
