Version: final-94-gfffc3aa rub_all.sh: remove longest prefix
Random seed: 1550827471
Start
>>> save_orig_graph
>> Saved weight 0
Graph loaded
|V| = 2077, |E| = 4072, |R| = 99
First clearance of the input. Calling buy_zero and run_all_heuristics.
  buy_zero: 0 zero edges in 4e-06 s
  handle_small_terminal_degrees: terms 1 in 3e-06 s
  handle_small_Steiner_degrees: steiner 0, suppress 39 in 1.4e-05 s
  shortest_edge_between_terminals: 0 edges in 2e-06 s
  handle_small_terminal_degrees: terms 1 in 3e-06 s
  handle_small_Steiner_degrees: steiner 0, suppress 0 in 3e-06 s
  shortest_edge_between_terminals: 0 edges in 1e-06 s
  handle_small_terminal_degrees: terms 0 in 2e-06 s
  handle_small_Steiner_degrees: steiner 0, suppress 0 in 2e-06 s
  shortest_edge_between_terminals: 0 edges in 2e-06 s
Compressed graph 2077 -> 2035
  delete_edges: deleted 2 edges in 0.000189 s and 1 rounds
  handle_small_terminal_degrees: terms 0 in 1e-06 s
  handle_small_Steiner_degrees: steiner 0, suppress 1 in 3e-06 s
  shortest_edge_between_terminals: 0 edges in 2e-06 s
  handle_small_terminal_degrees: terms 0 in 1e-06 s
  handle_small_Steiner_degrees: steiner 0, suppress 0 in 2e-06 s
  shortest_edge_between_terminals: 0 edges in 2e-06 s
Compressed graph 2035 -> 2034
  delete_edges_shortest_path: deleted 1 edges in 0.084863 s
  handle_small_terminal_degrees: terms 0 in 2e-06 s
  handle_small_Steiner_degrees: steiner 0, suppress 1 in 3e-06 s
  shortest_edge_between_terminals: 0 edges in 2e-06 s
  handle_small_terminal_degrees: terms 0 in 2e-06 s
  handle_small_Steiner_degrees: steiner 0, suppress 0 in 2e-06 s
  shortest_edge_between_terminals: 0 edges in 1e-06 s
Compressed graph 2034 -> 2033
  handle_small_terminal_degrees: terms 0 in 2e-06 s
  handle_small_Steiner_degrees: steiner 0, suppress 0 in 2e-06 s
  shortest_edge_between_terminals: 0 edges in 2e-06 s
Compressed graph 2033 -> 2032
  delete_edges_shortest_path: deleted 63 edges in 0.070261 s
  handle_small_terminal_degrees: terms 1 in 9e-06 s
  handle_small_Steiner_degrees: steiner 0, suppress 2 in 4e-06 s
  shortest_edge_between_terminals: 0 edges in 2e-06 s
  handle_small_terminal_degrees: terms 0 in 2e-06 s
  handle_small_Steiner_degrees: steiner 0, suppress 0 in 3e-06 s
  shortest_edge_between_terminals: 0 edges in 1e-06 s
Compressed graph 2032 -> 2029
Compressed graph 2029 -> 2029
>>> save_orig_graph
>> Saved weight 2000003
### ZEL_LVL=9 PRECISE_STARS=0

Calling `contract_till_the_bitter_end`
|V| = 2029, |E| = 3956, |R| = 98
>> 434 (350: 2009 2025 2009) (0.005358 s)
>> 0 (-1: -1 -1 -1) (0.00399 s)
Zelikovsky 0.586378 s
>> 434 (350: 2009 2028 2025) (0.486961 s)
>> 162 (1252: 2009 1949 1946) (0.510006 s)
>> 64 (127: 2009 1975 1974) (0.506697 s)
>> 56 (72: 2009 1963 1957) (0.507337 s)
>> 54 (235: 2009 2026 2015) (0.506613 s)
>> 44 (154: 2009 1985 1982) (0.503855 s)
>> 31 (188: 2009 2003 1997) (0.500441 s)
>> 31 (1175: 2009 1970 1967) (0.499083 s)
>> 28 (82: 2009 1960 1959) (0.501328 s)
>> 12 (215: 2009 2007 2006) (0.504638 s)
>> 7 (230: 2009 2012 2008) (0.502277 s)
>> 2 (70: 2009 1956 1955) (0.499815 s)
>> 2 (168: 2009 1991 1990) (0.497109 s)
>> 1 (45: 2009 1951 1948) (0.494445 s)
>> 1 (119: 2009 1972 1971) (0.494072 s)
>> 1 (183: 2009 1995 1992) (0.492061 s)
>> 0 (-1: -1 -1 -1) (0.489069 s)
Zelikovsky- 8.50052 s
>>> get_solution
  refine_solution: new weight 99001243 (was 99001619) in 0.00054 s
  refine_solution: new weight 99001236 (was 99001243) in 0.000528 s
  refine_solution: new weight 99001233 (was 99001236) in 0.000508 s
  refine_solution: new weight 99001233 (was 99001233) in 0.000502 s
>>> get_solution
  refine_solution: new weight 99001545 (was 99003550) in 0.000582 s
  refine_solution: new weight 99001397 (was 99001545) in 0.000557 s
  refine_solution: new weight 99001386 (was 99001397) in 0.000552 s
  refine_solution: new weight 99001376 (was 99001386) in 0.000542 s
  refine_solution: new weight 99001371 (was 99001376) in 0.000531 s
  refine_solution: new weight 99001366 (was 99001371) in 0.000534 s
  refine_solution: new weight 99001366 (was 99001366) in 0.000526 s
0,,2029,3956,98,,0,0,,99003550,99001366,99002994,99001619,99001233,,0,0,@@

  delete_edges: deleted 2 edges in 0.000177 s and 1 rounds
  handle_small_Steiner_degrees: steiner 0, suppress 3 in 4e-06 s
Starting round 1
Found 3 isolated vertices
Invalid ratios recomputed: 2026
Best ratio is 3000062/3 (1000020.7), centered at 15
Finding the best star... Star with 4 terminals centered in 1936
round took: 0.387407 s
|V| = 2029, |E| = 3932, |R| = 95
>> 382 (350: 1936 2025 1936) (0.004767 s)
>> 0 (-1: -1 -1 -1) (0.003742 s)
Zelikovsky 0.503437 s
>> 382 (350: 1936 2028 2025) (0.472831 s)
>> 147 (235: 1936 2026 2015) (0.502409 s)
>> 97 (1252: 1936 1949 1946) (0.500839 s)
>> 56 (72: 1936 1963 1957) (0.500237 s)
>> 54 (62: 1936 1954 1953) (0.499874 s)
>> 50 (119: 1936 1971 1969) (0.499382 s)
>> 44 (154: 1936 1985 1982) (0.498849 s)
>> 31 (188: 1936 2003 1997) (0.49522 s)
>> 22 (77: 1936 1960 1959) (0.495064 s)
>> 17 (107: 1936 1970 1967) (0.495388 s)
>> 12 (215: 1936 2007 2006) (0.494761 s)
>> 12 (833: 1936 1966 1961) (0.492424 s)
>> 8 (66: 1936 1955 1951) (0.493927 s)
>> 7 (230: 1936 2012 2008) (0.493784 s)
>> 5 (127: 1936 1975 1974) (0.492475 s)
>> 2 (26: 1936 1941 1937) (0.48939 s)
>> 2 (168: 1936 1991 1990) (0.48607 s)
>> 1 (183: 1936 1995 1992) (0.484408 s)
>> 1 (1639: 1936 1964 1958) (0.481442 s)
>> 0 (-1: -1 -1 -1) (0.486384 s)
Zelikovsky- 9.86055 s
>>> get_solution
  refine_solution: new weight 99001311 (was 99001458) in 0.000524 s
  refine_solution: new weight 99001297 (was 99001311) in 0.000522 s
  refine_solution: new weight 99001290 (was 99001297) in 0.00052 s
  refine_solution: new weight 99001284 (was 99001290) in 0.00051 s
  refine_solution: new weight 99001284 (was 99001284) in 0.000507 s
>>> get_solution
  refine_solution: new weight 99001435 (was 99003497) in 0.000578 s
  refine_solution: new weight 99001336 (was 99001435) in 0.000548 s
  refine_solution: new weight 99001305 (was 99001336) in 0.000539 s
  refine_solution: new weight 99001304 (was 99001305) in 0.000547 s
  refine_solution: new weight 99001304 (was 99001304) in 0.000523 s
1,,2026,3932,95,,2026,0,,99003497,99001304,99003250,99001458,99001284,,3000062,4,@@

  handle_small_Steiner_degrees: steiner 2, suppress 2 in 4e-06 s
Starting round 2
Found 20 isolated vertices
Invalid ratios recomputed: 2009
Best ratio is 4000062/4 (1000015.5), centered at 60
Finding the best star... Star with 5 terminals centered in 1950
round took: 0.37978 s
|V| = 2029, |E| = 3895, |R| = 91
>> 333 (350: 1950 2025 1950) (0.004205 s)
>> 0 (-1: -1 -1 -1) (0.00336 s)
Zelikovsky 0.504827 s
>> 333 (350: 1950 2028 2025) (0.458571 s)
>> 163 (1252: 1950 1949 1946) (0.475734 s)
>> 64 (127: 1950 1975 1974) (0.476647 s)
>> 56 (72: 1950 1963 1957) (0.478066 s)
>> 54 (235: 1950 2026 2015) (0.476911 s)
>> 44 (154: 1950 1985 1982) (0.474374 s)
>> 31 (188: 1950 2003 1997) (0.470214 s)
>> 28 (82: 1950 1960 1959) (0.469063 s)
>> 23 (1201: 1950 1967 1965) (0.473133 s)
>> 12 (215: 1950 2007 2006) (0.475922 s)
>> 7 (230: 1950 2012 2008) (0.474688 s)
>> 2 (70: 1950 1956 1955) (0.473639 s)
>> 2 (168: 1950 1991 1990) (0.471294 s)
>> 1 (45: 1950 1951 1948) (0.469564 s)
>> 1 (183: 1950 1995 1992) (0.470025 s)
>> 0 (-1: -1 -1 -1) (0.467419 s)
Zelikovsky- 7.55959 s
>>> get_solution
  refine_solution: new weight 99001304 (was 99001608) in 0.000539 s
  refine_solution: new weight 99001266 (was 99001304) in 0.000528 s
  refine_solution: new weight 99001265 (was 99001266) in 0.000512 s
  refine_solution: new weight 99001265 (was 99001265) in 0.00052 s
>>> get_solution
  refine_solution: new weight 99001365 (was 99002587) in 0.000568 s
  refine_solution: new weight 99001342 (was 99001365) in 0.000556 s
  refine_solution: new weight 99001336 (was 99001342) in 0.000546 s
  refine_solution: new weight 99001336 (was 99001336) in 0.000533 s
2,,2009,3895,91,,2009,0,,99002587,99001336,99002539,99001608,99001265,,4000062,5,@@

  handle_small_Steiner_degrees: steiner 0, suppress 2 in 8e-06 s
Starting round 3
Found 45 isolated vertices
Invalid ratios recomputed: 1984
Best ratio is 1000018/1 (1000018.0), centered at 44
Finding the best star... Star with 2 terminals centered in 1947
round took: 0.371289 s
|V| = 2029, |E| = 3883, |R| = 90
>> 333 (350: 1947 2025 1947) (0.004027 s)
>> 0 (-1: -1 -1 -1) (0.003219 s)
Zelikovsky 0.49365 s
>> 333 (350: 1947 2028 2025) (0.451922 s)
>> 156 (1252: 1947 1949 1946) (0.468842 s)
>> 64 (127: 1947 1975 1974) (0.471548 s)
>> 56 (72: 1947 1963 1957) (0.472615 s)
>> 54 (235: 1947 2026 2015) (0.472466 s)
>> 44 (154: 1947 1985 1982) (0.469276 s)
>> 31 (188: 1947 2003 1997) (0.465495 s)
>> 28 (82: 1947 1960 1959) (0.464464 s)
>> 23 (1201: 1947 1967 1965) (0.468479 s)
>> 12 (215: 1947 2007 2006) (0.471821 s)
>> 7 (230: 1947 2012 2008) (0.471068 s)
>> 2 (70: 1947 1956 1955) (0.46918 s)
>> 2 (168: 1947 1991 1990) (0.466759 s)
>> 1 (45: 1947 1951 1948) (0.464697 s)
>> 1 (183: 1947 1995 1992) (0.465515 s)
>> 0 (-1: -1 -1 -1) (0.462345 s)
Zelikovsky- 7.48088 s
>>> get_solution
  refine_solution: new weight 99001353 (was 99001675) in 0.000534 s
  refine_solution: new weight 99001308 (was 99001353) in 0.000524 s
  refine_solution: new weight 99001280 (was 99001308) in 0.000509 s
  refine_solution: new weight 99001279 (was 99001280) in 0.00051 s
  refine_solution: new weight 99001279 (was 99001279) in 0.000507 s
>>> get_solution
  refine_solution: new weight 99001438 (was 99002903) in 0.000574 s
  refine_solution: new weight 99001385 (was 99001438) in 0.000549 s
  refine_solution: new weight 99001385 (was 99001385) in 0.000541 s
3,,1984,3883,90,,1984,0,,99002903,99001385,99002724,99001675,99001279,,1000018,2,@@

  handle_small_Steiner_degrees: steiner 0, suppress 1 in 7e-06 s
Starting round 4
Found 53 isolated vertices
Invalid ratios recomputed: 1976
Best ratio is 3000060/3 (1000020.0), centered at 114
Finding the best star... Star with 4 terminals centered in 1972
round took: 0.369031 s
|V| = 2029, |E| = 3851, |R| = 87
>> 275 (350: 1972 2025 1972) (0.003817 s)
>> 0 (-1: -1 -1 -1) (0.002911 s)
Zelikovsky 0.494511 s
>> 275 (350: 1972 2028 2025) (0.439228 s)
>> 156 (1252: 1972 1949 1946) (0.451588 s)
>> 64 (127: 1972 1975 1974) (0.454902 s)
>> 56 (72: 1972 1963 1957) (0.456781 s)
>> 54 (235: 1972 2026 2015) (0.45611 s)
>> 44 (154: 1972 1985 1982) (0.453292 s)
>> 31 (188: 1972 2003 1997) (0.449919 s)
>> 28 (82: 1972 1960 1959) (0.44859 s)
>> 23 (1201: 1972 1967 1965) (0.45294 s)
>> 12 (215: 1972 2007 2006) (0.456261 s)
>> 7 (230: 1972 2012 2008) (0.454958 s)
>> 2 (70: 1972 1956 1955) (0.453395 s)
>> 2 (168: 1972 1991 1990) (0.45277 s)
>> 1 (45: 1972 1951 1948) (0.450503 s)
>> 1 (183: 1972 1995 1992) (0.450836 s)
>> 0 (-1: -1 -1 -1) (0.448328 s)
Zelikovsky- 7.23463 s
>>> get_solution
  refine_solution: new weight 99001310 (was 99001524) in 0.000535 s
  refine_solution: new weight 99001274 (was 99001310) in 0.000528 s
  refine_solution: new weight 99001252 (was 99001274) in 0.000517 s
  refine_solution: new weight 99001250 (was 99001252) in 0.000517 s
  refine_solution: new weight 99001250 (was 99001250) in 0.000505 s
>>> get_solution
  refine_solution: new weight 99001380 (was 99002676) in 0.000571 s
  refine_solution: new weight 99001313 (was 99001380) in 0.000557 s
  refine_solution: new weight 99001305 (was 99001313) in 0.000537 s
  refine_solution: new weight 99001305 (was 99001305) in 0.000532 s
4,,1976,3851,87,,1976,0,,99002676,99001305,99002442,99001524,99001250,,3000060,4,@@

  handle_small_Steiner_degrees: steiner 0, suppress 0 in 2e-06 s
Starting round 5
Found 77 isolated vertices
Invalid ratios recomputed: 1952
Best ratio is 1000018/1 (1000018.0), centered at 76
Finding the best star... Star with 2 terminals centered in 1958
round took: 0.359917 s
|V| = 2029, |E| = 3840, |R| = 86
>> 275 (350: 1958 2025 1958) (0.003967 s)
>> 0 (-1: -1 -1 -1) (0.002813 s)
Zelikovsky 0.481391 s
>> 275 (350: 1958 2028 2025) (0.436836 s)
>> 156 (1252: 1958 1949 1946) (0.447392 s)
>> 64 (127: 1958 1975 1974) (0.44999 s)
>> 56 (72: 1958 1963 1957) (0.453563 s)
>> 54 (235: 1958 2026 2015) (0.453078 s)
>> 44 (154: 1958 1985 1982) (0.451316 s)
>> 31 (188: 1958 2003 1997) (0.448002 s)
>> 28 (82: 1958 1960 1959) (0.447925 s)
>> 23 (1201: 1958 1967 1965) (0.450534 s)
>> 12 (215: 1958 2007 2006) (0.453944 s)
>> 7 (230: 1958 2012 2008) (0.453285 s)
>> 2 (70: 1958 1956 1955) (0.450309 s)
>> 2 (168: 1958 1991 1990) (0.46408 s)
>> 1 (45: 1958 1951 1948) (0.447575 s)
>> 1 (183: 1958 1995 1992) (0.448656 s)
>> 0 (-1: -1 -1 -1) (0.446099 s)
Zelikovsky- 7.20723 s
>>> get_solution
  refine_solution: new weight 99001286 (was 99001508) in 0.000605 s
  refine_solution: new weight 99001264 (was 99001286) in 0.00055 s
  refine_solution: new weight 99001245 (was 99001264) in 0.00056 s
  refine_solution: new weight 99001240 (was 99001245) in 0.00055 s
  refine_solution: new weight 99001238 (was 99001240) in 0.000533 s
  refine_solution: new weight 99001238 (was 99001238) in 0.000541 s
>>> get_solution
  refine_solution: new weight 99001384 (was 99002486) in 0.000617 s
  refine_solution: new weight 99001299 (was 99001384) in 0.000585 s
  refine_solution: new weight 99001295 (was 99001299) in 0.000578 s
  refine_solution: new weight 99001295 (was 99001295) in 0.000538 s
5,,1952,3840,86,,1952,0,,99002486,99001295,99002282,99001508,99001238,,1000018,2,@@

  handle_small_Steiner_degrees: steiner 0, suppress 0 in 2e-06 s
Starting round 6
Found 86 isolated vertices
Invalid ratios recomputed: 1943
Best ratio is 1000023/1 (1000023.0), centered at 94
Finding the best star... Star with 2 terminals centered in 1964
round took: 0.36415 s
|V| = 2029, |E| = 3834, |R| = 85
>> 275 (350: 1964 2025 1964) (0.003662 s)
>> 0 (-1: -1 -1 -1) (0.002721 s)
Zelikovsky 0.483405 s
>> 275 (350: 1964 2028 2025) (0.433788 s)
>> 156 (1252: 1964 1949 1946) (0.446016 s)
>> 64 (127: 1964 1975 1974) (0.449156 s)
>> 56 (72: 1964 1963 1957) (0.452403 s)
>> 54 (235: 1964 2026 2015) (0.453056 s)
>> 44 (154: 1964 1985 1982) (0.450397 s)
>> 31 (188: 1964 2003 1997) (0.447537 s)
>> 28 (82: 1964 1960 1959) (0.44746 s)
>> 23 (1201: 1964 1967 1965) (0.450567 s)
>> 12 (215: 1964 2007 2006) (0.453565 s)
>> 7 (230: 1964 2012 2008) (0.452434 s)
>> 2 (70: 1964 1956 1955) (0.451348 s)
>> 2 (168: 1964 1991 1990) (0.450436 s)
>> 1 (45: 1964 1951 1948) (0.448965 s)
>> 1 (183: 1964 1995 1992) (0.449118 s)
>> 0 (-1: -1 -1 -1) (0.447016 s)
Zelikovsky- 7.18764 s
>>> get_solution
  refine_solution: new weight 99001264 (was 99001495) in 0.000536 s
  refine_solution: new weight 99001224 (was 99001264) in 0.000528 s
  refine_solution: new weight 99001217 (was 99001224) in 0.000514 s
  refine_solution: new weight 99001217 (was 99001217) in 0.000514 s
>>> get_solution
  refine_solution: new weight 99001351 (was 99002626) in 0.000575 s
  refine_solution: new weight 99001289 (was 99001351) in 0.000539 s
  refine_solution: new weight 99001285 (was 99001289) in 0.000541 s
  refine_solution: new weight 99001282 (was 99001285) in 0.000531 s
  refine_solution: new weight 99001281 (was 99001282) in 0.000524 s
  refine_solution: new weight 99001281 (was 99001281) in 0.000533 s
6,,1943,3834,85,,1943,0,,99002626,99001281,99002463,99001495,99001217,,1000023,2,@@

  handle_small_Steiner_degrees: steiner 0, suppress 0 in 3e-06 s
Starting round 7
Found 90 isolated vertices
Invalid ratios recomputed: 1939
Best ratio is 6000139/6 (1000023.2), centered at 22
Finding the best star... Star with 7 terminals centered in 1932
round took: 0.360012 s
|V| = 2029, |E| = 3791, |R| = 79
>> 271 (350: 1932 2025 1932) (0.003199 s)
>> 0 (-1: -1 -1 -1) (0.002648 s)
Zelikovsky 0.421552 s
>> 271 (350: 1932 2028 2025) (0.40796 s)
>> 121 (235: 1932 2026 2015) (0.446005 s)
>> 44 (111: 1932 1968 1965) (0.442349 s)
>> 37 (822: 1932 1963 1957) (0.445727 s)
>> 32 (1164: 1932 1949 1946) (0.445612 s)
>> 16 (206: 1932 2008 2003) (0.443988 s)
>> 15 (193: 1932 2004 1999) (0.44435 s)
>> 15 (239: 1932 2021 2016) (0.443505 s)
>> 12 (154: 1932 1985 1982) (0.441927 s)
>> 12 (183: 1932 1995 1992) (0.441668 s)
>> 11 (107: 1932 1970 1967) (0.439954 s)
>> 11 (167: 1932 1989 1988) (0.439271 s)
>> 6 (138: 1932 1979 1978) (0.437112 s)
>> 2 (70: 1932 1956 1955) (0.43593 s)
>> 2 (132: 1932 1977 1976) (0.435562 s)
>> 0 (-1: -1 -1 -1) (0.433844 s)
Zelikovsky- 7.02901 s
>>> get_solution
  refine_solution: new weight 99001251 (was 99001422) in 0.000529 s
  refine_solution: new weight 99001223 (was 99001251) in 0.000522 s
  refine_solution: new weight 99001222 (was 99001223) in 0.000524 s
  refine_solution: new weight 99001222 (was 99001222) in 0.000504 s
>>> get_solution
  refine_solution: new weight 99001337 (was 99002744) in 0.000564 s
  refine_solution: new weight 99001302 (was 99001337) in 0.000542 s
  refine_solution: new weight 99001300 (was 99001302) in 0.000532 s
  refine_solution: new weight 99001298 (was 99001300) in 0.000534 s
  refine_solution: new weight 99001298 (was 99001298) in 0.000535 s
7,,1939,3791,79,,1939,0,,99002744,99001298,99002185,99001422,99001222,,6000139,7,@@

  handle_small_Steiner_degrees: steiner 0, suppress 3 in 5e-06 s
Starting round 8
Found 122 isolated vertices
Invalid ratios recomputed: 1907
Best ratio is 1000000/1 (1000000.0), centered at 1932
Finding the best star... Star with 2 terminals centered in 1934
round took: 0.345008 s
|V| = 2029, |E| = 3783, |R| = 78
>> 271 (350: 1934 2025 1934) (0.003066 s)
>> 0 (-1: -1 -1 -1) (0.002534 s)
Zelikovsky 0.418469 s
>> 271 (350: 1934 2028 2025) (0.404886 s)
>> 121 (235: 1934 2026 2015) (0.442498 s)
>> 44 (111: 1934 1968 1965) (0.439762 s)
>> 37 (822: 1934 1963 1957) (0.443046 s)
>> 32 (1164: 1934 1949 1946) (0.443397 s)
>> 16 (206: 1934 2008 2003) (0.442401 s)
>> 15 (193: 1934 2004 1999) (0.441267 s)
>> 15 (239: 1934 2021 2016) (0.439737 s)
>> 12 (154: 1934 1985 1982) (0.438564 s)
>> 12 (183: 1934 1995 1992) (0.437707 s)
>> 11 (107: 1934 1970 1967) (0.436717 s)
>> 11 (167: 1934 1989 1988) (0.435822 s)
>> 6 (138: 1934 1979 1978) (0.433491 s)
>> 2 (70: 1934 1956 1955) (0.432174 s)
>> 2 (132: 1934 1977 1976) (0.431893 s)
>> 0 (-1: -1 -1 -1) (0.430591 s)
Zelikovsky- 6.9782 s
>>> get_solution
  refine_solution: new weight 99001246 (was 99001426) in 0.000529 s
  refine_solution: new weight 99001223 (was 99001246) in 0.000522 s
  refine_solution: new weight 99001222 (was 99001223) in 0.00052 s
  refine_solution: new weight 99001222 (was 99001222) in 0.000506 s
>>> get_solution
  refine_solution: new weight 99001338 (was 99002778) in 0.000561 s
  refine_solution: new weight 99001308 (was 99001338) in 0.000542 s
  refine_solution: new weight 99001308 (was 99001308) in 0.000529 s
8,,1907,3783,78,,1907,0,,99002778,99001308,99002147,99001426,99001222,,1000000,2,@@

  handle_small_Steiner_degrees: steiner 0, suppress 0 in 3e-06 s
Starting round 9
Found 123 isolated vertices
Invalid ratios recomputed: 1906
Best ratio is 1000001/1 (1000001.0), centered at 0
Finding the best star... Star with 2 terminals centered in 1931
round took: 0.344484 s
|V| = 2029, |E| = 3780, |R| = 77
>> 271 (350: 1931 2025 1931) (0.002988 s)
>> 0 (-1: -1 -1 -1) (0.001531 s)
Zelikovsky 0.411876 s
>> 271 (350: 1931 2028 2025) (0.402431 s)
>> 121 (235: 1931 2026 2015) (0.440539 s)
>> 44 (111: 1931 1968 1965) (0.437219 s)
>> 37 (822: 1931 1963 1957) (0.440279 s)
>> 32 (1164: 1931 1949 1946) (0.440274 s)
>> 16 (206: 1931 2008 2003) (0.439065 s)
>> 15 (193: 1931 2004 1999) (0.438958 s)
>> 15 (239: 1931 2021 2016) (0.437986 s)
>> 12 (154: 1931 1985 1982) (0.43694 s)
>> 12 (183: 1931 1995 1992) (0.436193 s)
>> 11 (107: 1931 1970 1967) (0.434932 s)
>> 11 (167: 1931 1989 1988) (0.434281 s)
>> 6 (138: 1931 1979 1978) (0.432105 s)
>> 2 (70: 1931 1956 1955) (0.431069 s)
>> 2 (132: 1931 1977 1976) (0.430792 s)
>> 0 (-1: -1 -1 -1) (0.429128 s)
Zelikovsky- 6.94642 s
>>> get_solution
  refine_solution: new weight 99001274 (was 99001432) in 0.00053 s
  refine_solution: new weight 99001221 (was 99001274) in 0.000517 s
  refine_solution: new weight 99001220 (was 99001221) in 0.000522 s
  refine_solution: new weight 99001220 (was 99001220) in 0.000506 s
>>> get_solution
  refine_solution: new weight 99001376 (was 99002809) in 0.000565 s
  refine_solution: new weight 99001323 (was 99001376) in 0.000544 s
  refine_solution: new weight 99001321 (was 99001323) in 0.000543 s
  refine_solution: new weight 99001321 (was 99001321) in 0.000538 s
9,,1906,3780,77,,1906,0,,99002809,99001321,99002199,99001432,99001220,,1000001,2,@@

  handle_small_Steiner_degrees: steiner 0, suppress 4 in 6e-06 s
Starting round 10
Found 129 isolated vertices
Invalid ratios recomputed: 1900
Best ratio is 4000056/4 (1000014.0), centered at 33
Finding the best star... Star with 5 terminals centered in 1944
round took: 0.341812 s
|V| = 2029, |E| = 3748, |R| = 73
>> 229 (350: 1944 2025 1944) (0.002579 s)
>> 0 (-1: -1 -1 -1) (0.001368 s)
Zelikovsky 0.397665 s
>> 229 (350: 1944 2028 2025) (0.388893 s)
>> 121 (235: 1944 2026 2015) (0.413363 s)
>> 54 (1201: 1944 1968 1965) (0.412865 s)
>> 30 (130: 1944 1977 1976) (0.417533 s)
>> 16 (193: 1944 2004 1999) (0.415428 s)
>> 16 (239: 1944 2021 2016) (0.41565 s)
>> 15 (206: 1944 2008 2003) (0.413595 s)
>> 14 (72: 1944 1963 1957) (0.412869 s)
>> 12 (138: 1944 1979 1978) (0.412606 s)
>> 12 (167: 1944 1989 1988) (0.415274 s)
>> 11 (47: 1944 1949 1946) (0.41488 s)
>> 11 (154: 1944 1985 1982) (0.414919 s)
>> 11 (183: 1944 1995 1992) (0.413304 s)
>> 9 (80: 1944 1960 1959) (0.411992 s)
>> 2 (66: 1944 1955 1951) (0.41304 s)
>> 0 (-1: -1 -1 -1) (0.412511 s)
Zelikovsky- 6.60287 s
>>> get_solution
  refine_solution: new weight 99001279 (was 99001442) in 0.000528 s
  refine_solution: new weight 99001265 (was 99001279) in 0.000532 s
  refine_solution: new weight 99001260 (was 99001265) in 0.000531 s
  refine_solution: new weight 99001259 (was 99001260) in 0.000514 s
  refine_solution: new weight 99001258 (was 99001259) in 0.000516 s
  refine_solution: new weight 99001247 (was 99001258) in 0.000518 s
  refine_solution: new weight 99001247 (was 99001247) in 0.000513 s
>>> get_solution
  refine_solution: new weight 99001340 (was 99003292) in 0.000555 s
  refine_solution: new weight 99001304 (was 99001340) in 0.000555 s
  refine_solution: new weight 99001304 (was 99001304) in 0.000541 s
10,,1900,3748,73,,1900,0,,99003292,99001304,99002353,99001442,99001247,,4000056,5,@@

  handle_small_Steiner_degrees: steiner 0, suppress 0 in 3e-06 s
Starting round 11
Found 147 isolated vertices
Invalid ratios recomputed: 1882
Best ratio is 1000006/1 (1000006.0), centered at 35
Finding the best star... Star with 2 terminals centered in 1945
round took: 0.336585 s
|V| = 2029, |E| = 3741, |R| = 72
>> 223 (350: 1945 2025 1945) (0.002522 s)
>> 0 (-1: -1 -1 -1) (0.001319 s)
Zelikovsky 0.394427 s
>> 223 (350: 1945 2028 2025) (0.38532 s)
>> 121 (235: 1945 2026 2015) (0.411855 s)
>> 63 (127: 1945 1975 1974) (0.4103 s)
>> 29 (193: 1945 2004 1999) (0.414284 s)
>> 26 (1125: 1945 1986 1967) (0.4145 s)
>> 25 (259: 1945 2022 2021) (0.416832 s)
>> 22 (80: 1945 1960 1959) (0.417473 s)
>> 18 (165: 1945 1989 1988) (0.42255 s)
>> 6 (169: 1945 1990 1987) (0.422569 s)
>> 4 (66: 1945 1955 1951) (0.421149 s)
>> 2 (206: 1945 2008 2003) (0.421472 s)
>> 1 (72: 1945 1963 1957) (0.420114 s)
>> 0 (-1: -1 -1 -1) (0.418652 s)
Zelikovsky- 5.40057 s
>>> get_solution
  refine_solution: new weight 99001274 (was 99001456) in 0.000534 s
  refine_solution: new weight 99001267 (was 99001274) in 0.000525 s
  refine_solution: new weight 99001255 (was 99001267) in 0.000511 s
  refine_solution: new weight 99001255 (was 99001255) in 0.00051 s
>>> get_solution
  refine_solution: new weight 99001391 (was 99003124) in 0.000582 s
  refine_solution: new weight 99001306 (was 99001391) in 0.000541 s
  refine_solution: new weight 99001291 (was 99001306) in 0.000546 s
  refine_solution: new weight 99001283 (was 99001291) in 0.000531 s
  refine_solution: new weight 99001282 (was 99001283) in 0.000536 s
  refine_solution: new weight 99001282 (was 99001282) in 0.000536 s
11,,1882,3741,72,,1882,0,,99003124,99001282,99002255,99001456,99001255,,1000006,2,@@

  handle_small_Steiner_degrees: steiner 0, suppress 1 in 4e-06 s
Starting round 12
Found 152 isolated vertices
Invalid ratios recomputed: 1877
Best ratio is 2000018/2 (1000009.0), centered at 48
Finding the best star... Star with 3 terminals centered in 1946
round took: 0.335011 s
|V| = 2029, |E| = 3730, |R| = 70
>> 214 (350: 1946 2025 1946) (0.002417 s)
>> 0 (-1: -1 -1 -1) (0.001262 s)
Zelikovsky 0.386665 s
>> 214 (350: 1946 2028 2025) (0.37994 s)
>> 121 (235: 1946 2026 2015) (0.404294 s)
>> 63 (127: 1946 1975 1974) (0.402942 s)
>> 29 (193: 1946 2004 1999) (0.406849 s)
>> 26 (1125: 1946 1986 1967) (0.407461 s)
>> 25 (259: 1946 2022 2021) (0.409866 s)
>> 22 (80: 1946 1960 1959) (0.410287 s)
>> 18 (165: 1946 1989 1988) (0.415882 s)
>> 6 (169: 1946 1990 1987) (0.416242 s)
>> 4 (66: 1946 1955 1951) (0.414936 s)
>> 2 (206: 1946 2008 2003) (0.416043 s)
>> 1 (72: 1946 1963 1957) (0.414305 s)
>> 0 (-1: -1 -1 -1) (0.412784 s)
Zelikovsky- 5.31532 s
>>> get_solution
  refine_solution: new weight 99001268 (was 99001453) in 0.000536 s
  refine_solution: new weight 99001262 (was 99001268) in 0.000525 s
  refine_solution: new weight 99001262 (was 99001262) in 0.000509 s
>>> get_solution
  refine_solution: new weight 99001340 (was 99003309) in 0.00055 s
  refine_solution: new weight 99001239 (was 99001340) in 0.000532 s
  refine_solution: new weight 99001234 (was 99001239) in 0.000542 s
  refine_solution: new weight 99001229 (was 99001234) in 0.000525 s
  refine_solution: new weight 99001229 (was 99001229) in 0.000517 s
12,,1877,3730,70,,1877,0,,99003309,99001229,99002280,99001453,99001262,,2000018,3,@@

  handle_small_Steiner_degrees: steiner 1, suppress 1 in 5e-06 s
Starting round 13
Found 160 isolated vertices
Invalid ratios recomputed: 1869
Best ratio is 6000108/6 (1000018.0), centered at 959
Finding the best star... Star with 7 terminals centered in 1959
round took: 0.33168 s
|V| = 2029, |E| = 3683, |R| = 64
>> 165 (350: 1959 2025 1959) (0.001994 s)
>> 0 (-1: -1 -1 -1) (0.001527 s)
Zelikovsky 0.370411 s
>> 165 (350: 1959 2028 2025) (0.366169 s)
>> 121 (235: 1959 2026 2015) (0.389052 s)
>> 58 (127: 1959 1975 1974) (0.389787 s)
>> 29 (193: 1959 2004 1999) (0.390407 s)
>> 26 (1125: 1959 1986 1967) (0.390951 s)
>> 25 (259: 1959 2022 2021) (0.39438 s)
>> 18 (165: 1959 1989 1988) (0.395878 s)
>> 7 (822: 1959 1963 1957) (0.396337 s)
>> 6 (169: 1959 1990 1987) (0.395032 s)
>> 2 (206: 1959 2008 2003) (0.39408 s)
>> 0 (-1: -1 -1 -1) (0.393339 s)
Zelikovsky- 4.29841 s
>>> get_solution
  refine_solution: new weight 99001265 (was 99001420) in 0.000529 s
  refine_solution: new weight 99001264 (was 99001265) in 0.000522 s
  refine_solution: new weight 99001264 (was 99001264) in 0.000518 s
>>> get_solution
  refine_solution: new weight 99001340 (was 99002839) in 0.000553 s
  refine_solution: new weight 99001286 (was 99001340) in 0.000534 s
  refine_solution: new weight 99001253 (was 99001286) in 0.000528 s
  refine_solution: new weight 99001246 (was 99001253) in 0.000529 s
  refine_solution: new weight 99001246 (was 99001246) in 0.00052 s
13,,1869,3683,64,,1869,0,,99002839,99001246,99001927,99001420,99001264,,6000108,7,@@

  handle_small_Steiner_degrees: steiner 0, suppress 1 in 3e-06 s
Starting round 14
Found 197 isolated vertices
Invalid ratios recomputed: 1832
Best ratio is 1000002/1 (1000002.0), centered at 57
Finding the best star... Star with 2 terminals centered in 1951
round took: 0.324836 s
|V| = 2029, |E| = 3677, |R| = 63
>> 165 (350: 1951 2025 1951) (0.001928 s)
>> 0 (-1: -1 -1 -1) (0.001011 s)
Zelikovsky 0.364761 s
>> 165 (350: 1951 2028 2025) (0.364208 s)
>> 121 (235: 1951 2026 2015) (0.386969 s)
>> 58 (127: 1951 1975 1974) (0.387958 s)
>> 29 (193: 1951 2004 1999) (0.388131 s)
>> 26 (1125: 1951 1986 1967) (0.389271 s)
>> 25 (259: 1951 2022 2021) (0.39354 s)
>> 18 (165: 1951 1989 1988) (0.394332 s)
>> 7 (822: 1951 1963 1957) (0.394603 s)
>> 6 (169: 1951 1990 1987) (0.393292 s)
>> 2 (206: 1951 2008 2003) (0.39286 s)
>> 0 (-1: -1 -1 -1) (0.391877 s)
Zelikovsky- 4.28003 s
>>> get_solution
  refine_solution: new weight 99001277 (was 99001411) in 0.000539 s
  refine_solution: new weight 99001274 (was 99001277) in 0.000524 s
  refine_solution: new weight 99001274 (was 99001274) in 0.000513 s
>>> get_solution
  refine_solution: new weight 99001361 (was 99002856) in 0.000561 s
  refine_solution: new weight 99001267 (was 99001361) in 0.000528 s
  refine_solution: new weight 99001244 (was 99001267) in 0.000522 s
  refine_solution: new weight 99001244 (was 99001244) in 0.000524 s
14,,1832,3677,63,,1832,0,,99002856,99001244,99002067,99001411,99001274,,1000002,2,@@

  handle_small_Steiner_degrees: steiner 0, suppress 0 in 3e-06 s
Starting round 15
Found 199 isolated vertices
Invalid ratios recomputed: 1830
Best ratio is 2000017/2 (1000008.5), centered at 822
Finding the best star... Star with 3 terminals centered in 1951
round took: 0.324233 s
|V| = 2029, |E| = 3667, |R| = 61
>> 155 (391: 1951 2021 1951) (0.001809 s)
>> 0 (-1: -1 -1 -1) (0.000937 s)
Zelikovsky 0.358938 s
>> 155 (391: 1951 2022 2021) (0.358928 s)
>> 121 (235: 1951 2026 2015) (0.373703 s)
>> 47 (111: 1951 1968 1965) (0.37612 s)
>> 32 (252: 1951 2025 2020) (0.381627 s)
>> 27 (154: 1951 1985 1982) (0.383352 s)
>> 27 (188: 1951 2003 1997) (0.387206 s)
>> 12 (214: 1951 2007 2006) (0.389083 s)
>> 11 (107: 1951 1970 1967) (0.389872 s)
>> 9 (385: 1951 2012 2008) (0.389455 s)
>> 2 (130: 1951 1977 1976) (0.388276 s)
>> 2 (168: 1951 1991 1990) (0.387237 s)
>> 1 (183: 1951 1995 1992) (0.386166 s)
>> 0 (-1: -1 -1 -1) (0.383645 s)
Zelikovsky- 4.97819 s
>>> get_solution
  refine_solution: new weight 99001318 (was 99001406) in 0.000542 s
  refine_solution: new weight 99001303 (was 99001318) in 0.000529 s
  refine_solution: new weight 99001294 (was 99001303) in 0.000521 s
  refine_solution: new weight 99001282 (was 99001294) in 0.000516 s
  refine_solution: new weight 99001282 (was 99001282) in 0.000508 s
>>> get_solution
  refine_solution: new weight 99001386 (was 99003067) in 0.000551 s
  refine_solution: new weight 99001267 (was 99001386) in 0.000527 s
  refine_solution: new weight 99001256 (was 99001267) in 0.000521 s
  refine_solution: new weight 99001256 (was 99001256) in 0.000518 s
15,,1830,3667,61,,1830,0,,99003067,99001256,99002157,99001406,99001282,,2000017,3,@@

  handle_small_Steiner_degrees: steiner 0, suppress 0 in 2e-06 s
Starting round 16
Found 207 isolated vertices
Invalid ratios recomputed: 1822
Best ratio is 5000078/5 (1000015.6), centered at 130
Finding the best star... Star with 6 terminals centered in 1974
round took: 0.321617 s
|V| = 2029, |E| = 3640, |R| = 56
>> 154 (261: 1974 2023 1974) (0.001523 s)
>> 0 (-1: -1 -1 -1) (0.001301 s)
Zelikovsky 0.355078 s
>> 154 (261: 1974 2024 2023) (0.351409 s)
>> 121 (235: 1974 2026 2015) (0.369138 s)
>> 23 (1201: 1974 1967 1965) (0.373288 s)
>> 17 (193: 1974 2004 1999) (0.376868 s)
>> 17 (239: 1974 2021 2016) (0.376886 s)
>> 15 (268: 1974 2025 2020) (0.376788 s)
>> 14 (206: 1974 2008 2003) (0.375486 s)
>> 13 (138: 1974 1979 1978) (0.374778 s)
>> 13 (167: 1974 1989 1988) (0.376759 s)
>> 10 (154: 1974 1985 1982) (0.377129 s)
>> 10 (183: 1974 1995 1992) (0.377956 s)
>> 0 (-1: -1 -1 -1) (0.376902 s)
Zelikovsky- 4.48663 s
>>> get_solution
  refine_solution: new weight 99001300 (was 99001392) in 0.000529 s
  refine_solution: new weight 99001286 (was 99001300) in 0.000525 s
  refine_solution: new weight 99001286 (was 99001286) in 0.000513 s
>>> get_solution
  refine_solution: new weight 99001328 (was 99002690) in 0.000558 s
  refine_solution: new weight 99001288 (was 99001328) in 0.000526 s
  refine_solution: new weight 99001286 (was 99001288) in 0.000524 s
  refine_solution: new weight 99001286 (was 99001286) in 0.000517 s
16,,1822,3640,56,,1822,0,,99002690,99001286,99001804,99001392,99001286,,5000078,6,@@

  delete_edges: deleted 102 edges in 0.01686 s and 40 rounds
  handle_small_Steiner_degrees: steiner 4, suppress 55 in 5.2e-05 s
Starting round 17
Found 285 isolated vertices
Invalid ratios recomputed: 1744
Best ratio is 2000025/2 (1000012.5), centered at 111
Finding the best star... Star with 3 terminals centered in 1965
round took: 0.296989 s
|V| = 2029, |E| = 3452, |R| = 54
>> 154 (261: 1965 2023 1965) (0.001401 s)
>> 0 (-1: -1 -1 -1) (0.00074 s)
Zelikovsky 0.321459 s
>> 154 (261: 1965 2024 2023) (0.322833 s)
>> 121 (235: 1965 2026 2015) (0.341274 s)
>> 17 (193: 1965 2004 1999) (0.345643 s)
>> 17 (239: 1965 2021 2016) (0.346451 s)
>> 15 (268: 1965 2025 2020) (0.345922 s)
>> 14 (206: 1965 2008 2003) (0.344875 s)
>> 13 (138: 1965 1979 1978) (0.344015 s)
>> 13 (167: 1965 1989 1988) (0.346195 s)
>> 11 (107: 1965 1970 1967) (0.346841 s)
>> 10 (154: 1965 1985 1982) (0.347665 s)
>> 10 (183: 1965 1995 1992) (0.347723 s)
>> 0 (-1: -1 -1 -1) (0.346592 s)
Zelikovsky- 4.12913 s
>>> get_solution
  refine_solution: new weight 99001309 (was 99001390) in 0.000534 s
  refine_solution: new weight 99001281 (was 99001309) in 0.000531 s
  refine_solution: new weight 99001275 (was 99001281) in 0.000531 s
  refine_solution: new weight 99001264 (was 99001275) in 0.000525 s
  refine_solution: new weight 99001264 (was 99001264) in 0.000516 s
>>> get_solution
  refine_solution: new weight 99001324 (was 99002662) in 0.000549 s
  refine_solution: new weight 99001283 (was 99001324) in 0.000532 s
  refine_solution: new weight 99001281 (was 99001283) in 0.000528 s
  refine_solution: new weight 99001280 (was 99001281) in 0.000537 s
  refine_solution: new weight 99001280 (was 99001280) in 0.000524 s
17,,1744,3452,54,,1744,0,,99002662,99001280,99001803,99001390,99001264,,2000025,3,@@

  handle_small_Steiner_degrees: steiner 0, suppress 4 in 8e-06 s
Starting round 18
Found 300 isolated vertices
Invalid ratios recomputed: 1729
Best ratio is 1000011/1 (1000011.0), centered at 97
Finding the best star... Star with 2 terminals centered in 1967
round took: 0.293071 s
|V| = 2029, |E| = 3435, |R| = 53
>> 154 (261: 1967 2023 1967) (0.001389 s)
>> 0 (-1: -1 -1 -1) (0.001185 s)
Zelikovsky 0.316643 s
>> 154 (261: 1967 2024 2023) (0.318742 s)
>> 121 (235: 1967 2026 2015) (0.335273 s)
>> 17 (193: 1967 2004 1999) (0.341267 s)
>> 17 (239: 1967 2021 2016) (0.34167 s)
>> 15 (268: 1967 2025 2020) (0.341306 s)
>> 14 (206: 1967 2008 2003) (0.339647 s)
>> 13 (138: 1967 1979 1978) (0.33934 s)
>> 13 (167: 1967 1989 1988) (0.342413 s)
>> 10 (154: 1967 1985 1982) (0.342788 s)
>> 10 (183: 1967 1995 1992) (0.343619 s)
>> 0 (-1: -1 -1 -1) (0.342166 s)
Zelikovsky- 3.73109 s
>>> get_solution
  refine_solution: new weight 99001285 (was 99001386) in 0.000533 s
  refine_solution: new weight 99001260 (was 99001285) in 0.000538 s
  refine_solution: new weight 99001260 (was 99001260) in 0.000523 s
>>> get_solution
  refine_solution: new weight 99001314 (was 99002649) in 0.000549 s
  refine_solution: new weight 99001274 (was 99001314) in 0.00053 s
  refine_solution: new weight 99001272 (was 99001274) in 0.000527 s
  refine_solution: new weight 99001272 (was 99001272) in 0.000522 s
18,,1729,3435,53,,1729,0,,99002649,99001272,99001773,99001386,99001260,,1000011,2,@@

  handle_small_Steiner_degrees: steiner 0, suppress 2 in 8e-06 s
Starting round 19
Found 309 isolated vertices
Invalid ratios recomputed: 1720
Best ratio is 1000014/1 (1000014.0), centered at 108
Finding the best star... Star with 2 terminals centered in 1970
round took: 0.289428 s
|V| = 2029, |E| = 3425, |R| = 52
>> 154 (261: 1970 2023 1970) (0.00129 s)
>> 0 (-1: -1 -1 -1) (0.001136 s)
Zelikovsky 0.311881 s
>> 154 (261: 1970 2024 2023) (0.313143 s)
>> 121 (235: 1970 2026 2015) (0.330025 s)
>> 17 (193: 1970 2004 1999) (0.334891 s)
>> 17 (239: 1970 2021 2016) (0.335523 s)
>> 15 (268: 1970 2025 2020) (0.335211 s)
>> 14 (206: 1970 2008 2003) (0.33451 s)
>> 13 (138: 1970 1979 1978) (0.33409 s)
>> 13 (167: 1970 1989 1988) (0.336263 s)
>> 10 (154: 1970 1985 1982) (0.336745 s)
>> 10 (183: 1970 1995 1992) (0.337277 s)
>> 0 (-1: -1 -1 -1) (0.336135 s)
Zelikovsky- 3.66661 s
>>> get_solution
  refine_solution: new weight 99001287 (was 99001389) in 0.000531 s
  refine_solution: new weight 99001272 (was 99001287) in 0.000544 s
  refine_solution: new weight 99001271 (was 99001272) in 0.000516 s
  refine_solution: new weight 99001271 (was 99001271) in 0.000521 s
>>> get_solution
  refine_solution: new weight 99001296 (was 99002673) in 0.000553 s
  refine_solution: new weight 99001255 (was 99001296) in 0.000532 s
  refine_solution: new weight 99001253 (was 99001255) in 0.000529 s
  refine_solution: new weight 99001253 (was 99001253) in 0.000532 s
19,,1720,3425,52,,1720,0,,99002673,99001253,99001774,99001389,99001271,,1000014,2,@@

  handle_small_Steiner_degrees: steiner 0, suppress 0 in 2e-06 s
Starting round 20
Found 314 isolated vertices
Invalid ratios recomputed: 1715
Best ratio is 4000067/4 (1000016.8), centered at 138
Finding the best star... Star with 5 terminals centered in 1984
round took: 0.287847 s
|V| = 2029, |E| = 3393, |R| = 48
>> 121 (235: 1984 2015 1984) (0.001119 s)
>> 0 (-1: -1 -1 -1) (0.000881 s)
Zelikovsky 0.307487 s
>> 121 (235: 1984 2026 2015) (0.308659 s)
>> 121 (350: 1984 2028 2025) (0.310968 s)
>> 16 (193: 1984 2004 1999) (0.324352 s)
>> 16 (239: 1984 2021 2016) (0.325138 s)
>> 15 (206: 1984 2008 2003) (0.324896 s)
>> 12 (167: 1984 1989 1988) (0.325412 s)
>> 11 (154: 1984 1985 1982) (0.325907 s)
>> 11 (183: 1984 1995 1992) (0.325874 s)
>> 0 (-1: -1 -1 -1) (0.325958 s)
Zelikovsky- 2.89956 s
>>> get_solution
  refine_solution: new weight 99001239 (was 99001339) in 0.000537 s
  refine_solution: new weight 99001223 (was 99001239) in 0.000533 s
  refine_solution: new weight 99001223 (was 99001223) in 0.00053 s
>>> get_solution
  refine_solution: new weight 99001301 (was 99002036) in 0.000551 s
  refine_solution: new weight 99001270 (was 99001301) in 0.000533 s
  refine_solution: new weight 99001270 (was 99001270) in 0.000529 s
20,,1715,3393,48,,1715,0,,99002036,99001270,99001998,99001339,99001223,,4000067,5,@@

  handle_small_Steiner_degrees: steiner 0, suppress 0 in 3e-06 s
Starting round 21
Found 338 isolated vertices
Invalid ratios recomputed: 1691
Best ratio is 1000006/1 (1000006.0), centered at 140
Finding the best star... Star with 2 terminals centered in 1981
round took: 0.286587 s
|V| = 2029, |E| = 3384, |R| = 47
>> 121 (235: 1981 2015 1981) (0.001072 s)
>> 0 (-1: -1 -1 -1) (0.000842 s)
Zelikovsky 0.301626 s
>> 121 (235: 1981 2026 2015) (0.307131 s)
>> 115 (350: 1981 2028 2025) (0.308718 s)
>> 29 (193: 1981 2004 1999) (0.323666 s)
>> 25 (259: 1981 2022 2021) (0.325084 s)
>> 18 (165: 1981 1989 1988) (0.325824 s)
>> 5 (169: 1981 1990 1987) (0.326518 s)
>> 2 (206: 1981 2008 2003) (0.326313 s)
>> 0 (-1: -1 -1 -1) (0.32604 s)
Zelikovsky- 2.57153 s
>>> get_solution
  refine_solution: new weight 99001270 (was 99001311) in 0.000549 s
  refine_solution: new weight 99001269 (was 99001270) in 0.000525 s
  refine_solution: new weight 99001269 (was 99001269) in 0.00052 s
>>> get_solution
  refine_solution: new weight 99001291 (was 99002094) in 0.00054 s
  refine_solution: new weight 99001262 (was 99001291) in 0.000534 s
  refine_solution: new weight 99001262 (was 99001262) in 0.000526 s
21,,1691,3384,47,,1691,0,,99002094,99001262,99002058,99001311,99001269,,1000006,2,@@

  handle_small_Steiner_degrees: steiner 0, suppress 0 in 2e-06 s
Starting round 22
Found 344 isolated vertices
Invalid ratios recomputed: 1685
Best ratio is 2000018/2 (1000009.0), centered at 155
Finding the best star... Star with 3 terminals centered in 1982
round took: 0.285081 s
|V| = 2029, |E| = 3371, |R| = 45
>> 121 (235: 1982 2015 1982) (0.000992 s)
>> 0 (-1: -1 -1 -1) (0.000786 s)
Zelikovsky 0.295316 s
>> 121 (235: 1982 2026 2015) (0.301284 s)
>> 103 (255: 1982 2022 2021) (0.303027 s)
>> 35 (268: 1982 2025 2020) (0.315597 s)
>> 28 (183: 1982 1995 1992) (0.317603 s)
>> 17 (214: 1982 2007 2006) (0.318781 s)
>> 9 (385: 1982 2012 2008) (0.31975 s)
>> 2 (201: 1982 2002 2001) (0.319443 s)
>> 2 (227: 1982 2013 2011) (0.319085 s)
>> 1 (188: 1982 2003 1997) (0.317753 s)
>> 0 (-1: -1 -1 -1) (0.316629 s)
Zelikovsky- 3.15152 s
>>> get_solution
  refine_solution: new weight 99001290 (was 99001339) in 0.000541 s
  refine_solution: new weight 99001290 (was 99001290) in 0.000534 s
>>> get_solution
  refine_solution: new weight 99001336 (was 99002290) in 0.000543 s
  refine_solution: new weight 99001277 (was 99001336) in 0.000531 s
  refine_solution: new weight 99001270 (was 99001277) in 0.000528 s
  refine_solution: new weight 99001270 (was 99001270) in 0.000535 s
22,,1685,3371,45,,1685,0,,99002290,99001270,99002252,99001339,99001290,,2000018,3,@@

  handle_small_Steiner_degrees: steiner 0, suppress 1 in 3e-06 s
Starting round 23
Found 354 isolated vertices
Invalid ratios recomputed: 1675
Best ratio is 6000078/6 (1000013.0), centered at 543
Finding the best star... Star with 7 terminals centered in 1988
round took: 0.281577 s
|V| = 2029, |E| = 3332, |R| = 39
>> 121 (235: 1988 2015 1988) (0.000792 s)
>> 0 (-1: -1 -1 -1) (0.000662 s)
Zelikovsky 0.294745 s
>> 121 (235: 1988 2026 2015) (0.298113 s)
>> 79 (350: 1988 2028 2025) (0.300677 s)
>> 29 (239: 1988 2021 2016) (0.308439 s)
>> 18 (198: 1988 2000 1999) (0.310066 s)
>> 12 (209: 1988 2005 2004) (0.311255 s)
>> 9 (199: 1988 2006 2001) (0.310658 s)
>> 3 (457: 1988 2011 1996) (0.310451 s)
>> 2 (206: 1988 2008 2003) (0.310459 s)
>> 0 (-1: -1 -1 -1) (0.310608 s)
Zelikovsky- 2.77311 s
>>> get_solution
  refine_solution: new weight 99001265 (was 99001298) in 0.000537 s
  refine_solution: new weight 99001261 (was 99001265) in 0.000525 s
  refine_solution: new weight 99001261 (was 99001261) in 0.000518 s
>>> get_solution
  refine_solution: new weight 99001310 (was 99001771) in 0.000535 s
  refine_solution: new weight 99001277 (was 99001310) in 0.00053 s
  refine_solution: new weight 99001266 (was 99001277) in 0.000521 s
  refine_solution: new weight 99001264 (was 99001266) in 0.00052 s
  refine_solution: new weight 99001263 (was 99001264) in 0.000522 s
  refine_solution: new weight 99001263 (was 99001263) in 0.000518 s
23,,1675,3332,39,,1675,0,,99001771,99001263,99001732,99001298,99001261,,6000078,7,@@

  handle_small_Steiner_degrees: steiner 0, suppress 1 in 5e-06 s
Starting round 24
Found 378 isolated vertices
Invalid ratios recomputed: 1651
Best ratio is 2000018/2 (1000009.0), centered at 184
Finding the best star... Star with 3 terminals centered in 1992
round took: 0.280287 s
|V| = 2029, |E| = 3319, |R| = 37
>> 121 (235: 1992 2015 1992) (0.000743 s)
>> 0 (-1: -1 -1 -1) (0.000598 s)
Zelikovsky 0.286695 s
>> 121 (235: 1992 2026 2015) (0.294235 s)
>> 67 (255: 1992 2022 2021) (0.296564 s)
>> 35 (268: 1992 2025 2020) (0.302373 s)
>> 18 (214: 1992 2007 2006) (0.304255 s)
>> 13 (188: 1992 2003 1997) (0.305061 s)
>> 9 (204: 1992 2002 2001) (0.305338 s)
>> 9 (385: 1992 2012 2008) (0.30558 s)
>> 2 (227: 1992 2013 2011) (0.305596 s)
>> 0 (-1: -1 -1 -1) (0.30552 s)
Zelikovsky- 2.72696 s
>>> get_solution
  refine_solution: new weight 99001284 (was 99001337) in 0.000542 s
  refine_solution: new weight 99001276 (was 99001284) in 0.000531 s
  refine_solution: new weight 99001248 (was 99001276) in 0.000522 s
  refine_solution: new weight 99001246 (was 99001248) in 0.000531 s
  refine_solution: new weight 99001246 (was 99001246) in 0.000514 s
>>> get_solution
  refine_solution: new weight 99001333 (was 99001856) in 0.000533 s
  refine_solution: new weight 99001275 (was 99001333) in 0.000528 s
  refine_solution: new weight 99001268 (was 99001275) in 0.000518 s
  refine_solution: new weight 99001261 (was 99001268) in 0.000513 s
  refine_solution: new weight 99001261 (was 99001261) in 0.000527 s
24,,1651,3319,37,,1651,0,,99001856,99001261,99001825,99001337,99001246,,2000018,3,@@

  handle_small_Steiner_degrees: steiner 0, suppress 1 in 5e-06 s
Starting round 25
Found 386 isolated vertices
Invalid ratios recomputed: 1643
Best ratio is 6000068/6 (1000011.3), centered at 202
Finding the best star... Star with 7 terminals centered in 2006
round took: 0.278071 s
|V| = 2029, |E| = 3283, |R| = 31
>> 121 (235: 2006 2015 2006) (0.000563 s)
>> 0 (-1: -1 -1 -1) (0.000488 s)
Zelikovsky 0.28546 s
>> 121 (235: 2006 2026 2015) (0.291538 s)
>> 49 (259: 2006 2022 2021) (0.29523 s)
>> 17 (193: 2006 2004 1999) (0.298385 s)
>> 15 (252: 2006 2025 2020) (0.29874 s)
>> 6 (206: 2006 2008 2003) (0.29862 s)
>> 0 (-1: -1 -1 -1) (0.298703 s)
Zelikovsky- 1.78298 s
>>> get_solution
  refine_solution: new weight 99001244 (was 99001284) in 0.000534 s
  refine_solution: new weight 99001231 (was 99001244) in 0.000535 s
  refine_solution: new weight 99001231 (was 99001231) in 0.00051 s
>>> get_solution
  refine_solution: new weight 99001265 (was 99001476) in 0.000521 s
  refine_solution: new weight 99001250 (was 99001265) in 0.000518 s
  refine_solution: new weight 99001247 (was 99001250) in 0.000512 s
  refine_solution: new weight 99001246 (was 99001247) in 0.000505 s
  refine_solution: new weight 99001239 (was 99001246) in 0.000516 s
  refine_solution: new weight 99001239 (was 99001239) in 0.000509 s
25,,1643,3283,31,,1643,0,,99001476,99001239,99001425,99001284,99001231,,6000068,7,@@

  handle_small_Steiner_degrees: steiner 0, suppress 1 in 4e-06 s
Starting round 26
Found 406 isolated vertices
Invalid ratios recomputed: 1623
Best ratio is 2000012/2 (1000006.0), centered at 206
Finding the best star... Star with 3 terminals centered in 2008
round took: 0.277809 s
|V| = 2029, |E| = 3270, |R| = 29
>> 121 (235: 2008 2015 2008) (0.000502 s)
>> 0 (-1: -1 -1 -1) (0.000448 s)
Zelikovsky 0.281438 s
>> 121 (235: 2008 2026 2015) (0.288459 s)
>> 49 (259: 2008 2022 2021) (0.29279 s)
>> 17 (193: 2008 2004 1999) (0.295046 s)
>> 15 (252: 2008 2025 2020) (0.296181 s)
>> 0 (-1: -1 -1 -1) (0.296741 s)
Zelikovsky- 1.4708 s
>>> get_solution
  refine_solution: new weight 99001249 (was 99001283) in 0.000536 s
  refine_solution: new weight 99001244 (was 99001249) in 0.00054 s
  refine_solution: new weight 99001231 (was 99001244) in 0.000517 s
  refine_solution: new weight 99001231 (was 99001231) in 0.000508 s
>>> get_solution
  refine_solution: new weight 99001248 (was 99001461) in 0.000515 s
  refine_solution: new weight 99001244 (was 99001248) in 0.000521 s
  refine_solution: new weight 99001237 (was 99001244) in 0.00051 s
  refine_solution: new weight 99001237 (was 99001237) in 0.00052 s
26,,1623,3270,29,,1623,0,,99001461,99001237,99001444,99001283,99001231,,2000012,3,@@

  handle_small_Steiner_degrees: steiner 0, suppress 2 in 6e-06 s
Starting round 27
Found 414 isolated vertices
Invalid ratios recomputed: 1615
Best ratio is 3000020/3 (1000006.7), centered at 457
Finding the best star... Star with 4 terminals centered in 1996
round took: 0.275355 s
|V| = 2029, |E| = 3251, |R| = 26
>> 121 (235: 1996 2015 1996) (0.000443 s)
>> 0 (-1: -1 -1 -1) (0.000406 s)
Zelikovsky 0.275139 s
>> 121 (235: 1996 2026 2015) (0.284052 s)
>> 36 (259: 1996 2022 2021) (0.288488 s)
>> 25 (350: 1996 2028 2025) (0.290097 s)
>> 7 (209: 1996 2004 1999) (0.291447 s)
>> 0 (-1: -1 -1 -1) (0.29166 s)
Zelikovsky- 1.44729 s
>>> get_solution
  refine_solution: new weight 99001234 (was 99001253) in 0.000532 s
  refine_solution: new weight 99001217 (was 99001234) in 0.000531 s
  refine_solution: new weight 99001217 (was 99001217) in 0.000509 s
>>> get_solution
  refine_solution: new weight 99001281 (was 99001484) in 0.000519 s
  refine_solution: new weight 99001256 (was 99001281) in 0.000511 s
  refine_solution: new weight 99001241 (was 99001256) in 0.000507 s
  refine_solution: new weight 99001240 (was 99001241) in 0.000508 s
  refine_solution: new weight 99001240 (was 99001240) in 0.0005 s
27,,1615,3251,26,,1615,0,,99001484,99001240,99001440,99001253,99001217,,3000020,4,@@

  handle_small_Steiner_degrees: steiner 0, suppress 1 in 4e-06 s
Starting round 28
Found 425 isolated vertices
Invalid ratios recomputed: 1604
Best ratio is 1000003/1 (1000003.0), centered at 196
Finding the best star... Star with 2 terminals centered in 2000
round took: 0.272851 s
|V| = 2029, |E| = 3247, |R| = 25
>> 121 (235: 2000 2015 2000) (0.000435 s)
>> 0 (-1: -1 -1 -1) (0.000393 s)
Zelikovsky 0.273119 s
>> 121 (235: 2000 2026 2015) (0.283311 s)
>> 36 (259: 2000 2022 2021) (0.287891 s)
>> 25 (350: 2000 2028 2025) (0.290405 s)
>> 4 (193: 2000 2004 1999) (0.29112 s)
>> 0 (-1: -1 -1 -1) (0.291426 s)
Zelikovsky- 1.44569 s
>>> get_solution
  refine_solution: new weight 99001229 (was 99001258) in 0.000529 s
  refine_solution: new weight 99001229 (was 99001229) in 0.000539 s
>>> get_solution
  refine_solution: new weight 99001271 (was 99001483) in 0.000521 s
  refine_solution: new weight 99001247 (was 99001271) in 0.000514 s
  refine_solution: new weight 99001245 (was 99001247) in 0.00051 s
  refine_solution: new weight 99001245 (was 99001245) in 0.000505 s
28,,1604,3247,25,,1604,0,,99001483,99001245,99001440,99001258,99001229,,1000003,2,@@

  handle_small_Steiner_degrees: steiner 0, suppress 1 in 5e-06 s
Starting round 29
Found 428 isolated vertices
Invalid ratios recomputed: 1601
Best ratio is 2000010/2 (1000005.0), centered at 193
Finding the best star... Star with 3 terminals centered in 2004
round took: 0.271649 s
|V| = 2029, |E| = 3235, |R| = 23
>> 121 (235: 2004 2015 2004) (0.000389 s)
>> 0 (-1: -1 -1 -1) (0.000368 s)
Zelikovsky 0.268785 s
>> 121 (235: 2004 2026 2015) (0.2766 s)
>> 31 (255: 2004 2022 2021) (0.28172 s)
>> 27 (275: 2004 2028 2025) (0.283116 s)
>> 2 (261: 2004 2023 2018) (0.285012 s)
>> 0 (-1: -1 -1 -1) (0.28431 s)
Zelikovsky- 1.41235 s
>>> get_solution
  refine_solution: new weight 99001245 (was 99001273) in 0.000533 s
  refine_solution: new weight 99001243 (was 99001245) in 0.000528 s
  refine_solution: new weight 99001243 (was 99001243) in 0.000508 s
>>> get_solution
  refine_solution: new weight 99001295 (was 99001501) in 0.000521 s
  refine_solution: new weight 99001245 (was 99001295) in 0.000524 s
  refine_solution: new weight 99001245 (was 99001245) in 0.000522 s
29,,1601,3235,23,,1601,0,,99001501,99001245,99001463,99001273,99001243,,2000010,3,@@

  handle_small_Steiner_degrees: steiner 0, suppress 1 in 5e-06 s
Starting round 30
Found 434 isolated vertices
Invalid ratios recomputed: 1595
Best ratio is 6000068/6 (1000011.3), centered at 248
Finding the best star... Star with 7 terminals centered in 2023
round took: 0.270077 s
|V| = 2029, |E| = 3199, |R| = 17
>> 121 (235: 2015 2023 2015) (0.000309 s)
>> 0 (-1: -1 -1 -1) (0.000297 s)
Zelikovsky 0.260049 s
>> 121 (235: 2023 2026 2015) (0.267675 s)
>> 17 (239: 2023 2021 2016) (0.274097 s)
>> 6 (252: 2023 2025 2020) (0.275754 s)
>> 0 (-1: -1 -1 -1) (0.274965 s)
Zelikovsky- 1.09381 s
>>> get_solution
  refine_solution: new weight 99001245 (was 99001260) in 0.000535 s
  refine_solution: new weight 99001243 (was 99001245) in 0.000523 s
  refine_solution: new weight 99001243 (was 99001243) in 0.000512 s
>>> get_solution
  refine_solution: new weight 99001232 (was 99001315) in 0.000514 s
  refine_solution: new weight 99001225 (was 99001232) in 0.000517 s
  refine_solution: new weight 99001225 (was 99001225) in 0.000504 s
30,,1595,3199,17,,1595,0,,99001315,99001225,99001271,99001260,99001243,,6000068,7,@@

  handle_small_Steiner_degrees: steiner 0, suppress 1 in 4e-06 s
Starting round 31
Found 454 isolated vertices
Invalid ratios recomputed: 1575
Best ratio is 2000012/2 (1000006.0), centered at 252
Finding the best star... Star with 3 terminals centered in 2025
round took: 0.265561 s
|V| = 2029, |E| = 3186, |R| = 15
>> 121 (235: 2015 2025 2015) (0.000279 s)
>> 0 (-1: -1 -1 -1) (0.000276 s)
Zelikovsky 0.256046 s
>> 121 (235: 2025 2026 2015) (0.264606 s)
>> 17 (239: 2025 2021 2016) (0.272094 s)
>> 0 (-1: -1 -1 -1) (0.273583 s)
Zelikovsky- 0.811398 s
>>> get_solution
  refine_solution: new weight 99001245 (was 99001267) in 0.000537 s
  refine_solution: new weight 99001243 (was 99001245) in 0.000525 s
  refine_solution: new weight 99001243 (was 99001243) in 0.000517 s
>>> get_solution
  refine_solution: new weight 99001224 (was 99001302) in 0.000515 s
  refine_solution: new weight 99001208 (was 99001224) in 0.000505 s
  refine_solution: new weight 99001207 (was 99001208) in 0.000502 s
  refine_solution: new weight 99001207 (was 99001207) in 0.000497 s
31,,1575,3186,15,,1575,0,,99001302,99001207,99001265,99001267,99001243,,2000012,3,@@

  handle_small_Steiner_degrees: steiner 0, suppress 3 in 6e-06 s
Starting round 32
Found 463 isolated vertices
Invalid ratios recomputed: 1566
Best ratio is 3000020/3 (1000006.7), centered at 379
Finding the best star... Star with 4 terminals centered in 2013
round took: 0.262553 s
|V| = 2029, |E| = 3165, |R| = 12
>> 121 (235: 2013 2015 2013) (0.000254 s)
>> 0 (-1: -1 -1 -1) (0.00025 s)
Zelikovsky 0.249837 s
>> 121 (235: 2013 2026 2015) (0.25963 s)
>> 7 (255: 2013 2021 2016) (0.267328 s)
>> 0 (-1: -1 -1 -1) (0.267721 s)
Zelikovsky- 0.795796 s
>>> get_solution
  refine_solution: new weight 99001228 (was 99001242) in 0.000539 s
  refine_solution: new weight 99001226 (was 99001228) in 0.00053 s
  refine_solution: new weight 99001226 (was 99001226) in 0.000512 s
>>> get_solution
  refine_solution: new weight 99001223 (was 99001284) in 0.000511 s
  refine_solution: new weight 99001221 (was 99001223) in 0.000511 s
  refine_solution: new weight 99001214 (was 99001221) in 0.000503 s
  refine_solution: new weight 99001214 (was 99001214) in 0.000504 s
32,,1566,3165,12,,1566,0,,99001284,99001214,99001246,99001242,99001226,,3000020,4,@@

  handle_small_Steiner_degrees: steiner 0, suppress 2 in 7e-06 s
Starting round 33
Found 475 isolated vertices
Invalid ratios recomputed: 1554
Best ratio is 1000003/1 (1000003.0), centered at 242
Finding the best star... Star with 2 terminals centered in 2017
round took: 0.258095 s
|V| = 2029, |E| = 3159, |R| = 11
>> 121 (235: 2015 2017 2015) (0.000246 s)
>> 0 (-1: -1 -1 -1) (0.000241 s)
Zelikovsky 0.248492 s
>> 121 (235: 2017 2026 2015) (0.257807 s)
>> 4 (239: 2017 2021 2016) (0.265929 s)
>> 0 (-1: -1 -1 -1) (0.266276 s)
Zelikovsky- 0.791127 s
>>> get_solution
  refine_solution: new weight 99001226 (was 99001241) in 0.000542 s
  refine_solution: new weight 99001224 (was 99001226) in 0.00052 s
  refine_solution: new weight 99001213 (was 99001224) in 0.000516 s
  refine_solution: new weight 99001213 (was 99001213) in 0.00051 s
>>> get_solution
  refine_solution: new weight 99001214 (was 99001277) in 0.000509 s
  refine_solution: new weight 99001212 (was 99001214) in 0.000507 s
  refine_solution: new weight 99001212 (was 99001212) in 0.000499 s
33,,1554,3159,11,,1554,0,,99001277,99001212,99001246,99001241,99001213,,1000003,2,@@

  handle_small_Steiner_degrees: steiner 0, suppress 1 in 5e-06 s
Starting round 34
Found 478 isolated vertices
Invalid ratios recomputed: 1551
Best ratio is 2000010/2 (1000005.0), centered at 239
Finding the best star... Star with 3 terminals centered in 2021
round took: 0.257375 s
|V| = 2029, |E| = 3147, |R| = 9
>> 121 (235: 2015 2021 2015) (0.000234 s)
>> 0 (-1: -1 -1 -1) (0.000225 s)
Zelikovsky 0.246073 s
>> 121 (235: 2021 2026 2015) (0.255197 s)
>> 0 (-1: -1 -1 -1) (0.264208 s)
Zelikovsky- 0.520324 s
>>> get_solution
  refine_solution: new weight 99001227 (was 99001242) in 0.000538 s
  refine_solution: new weight 99001225 (was 99001227) in 0.000524 s
  refine_solution: new weight 99001225 (was 99001225) in 0.000514 s
>>> get_solution
  refine_solution: new weight 99001210 (was 99001291) in 0.000515 s
  refine_solution: new weight 99001195 (was 99001210) in 0.000508 s
  refine_solution: new weight 99001195 (was 99001195) in 0.000505 s
34,,1551,3147,9,,1551,0,,99001291,99001195,99001242,99001242,99001225,,2000010,3,@@

  handle_small_Steiner_degrees: steiner 0, suppress 2 in 6e-06 s
Starting round 35
Found 485 isolated vertices
Invalid ratios recomputed: 1544
Best ratio is 1000017/1 (1000017.0), centered at 102
Finding the best star... Star with 2 terminals centered in 1966
round took: 0.254245 s
|V| = 2029, |E| = 3137, |R| = 8
>> 121 (235: 1966 2015 1966) (0.000238 s)
>> 0 (-1: -1 -1 -1) (0.000205 s)
Zelikovsky 0.244282 s
>> 121 (235: 1966 2026 2015) (0.254529 s)
>> 0 (-1: -1 -1 -1) (0.263359 s)
Zelikovsky- 0.518808 s
>>> get_solution
  refine_solution: new weight 99001227 (was 99001242) in 0.000539 s
  refine_solution: new weight 99001225 (was 99001227) in 0.000522 s
  refine_solution: new weight 99001225 (was 99001225) in 0.000514 s
>>> get_solution
  refine_solution: new weight 99001214 (was 99001286) in 0.000509 s
  refine_solution: new weight 99001212 (was 99001214) in 0.000506 s
  refine_solution: new weight 99001212 (was 99001212) in 0.000504 s
35,,1544,3137,8,,1544,0,,99001286,99001212,99001242,99001242,99001225,,1000017,2,@@

  handle_small_Steiner_degrees: steiner 0, suppress 0 in 2e-06 s
Starting round 36
Found 489 isolated vertices
Invalid ratios recomputed: 1540
Best ratio is 1000031/1 (1000031.0), centered at 121
Finding the best star... Star with 2 terminals centered in 1983
round took: 0.254056 s
|V| = 2029, |E| = 3122, |R| = 7
>> 90 (235: 1983 2015 1983) (0.000222 s)
>> 0 (-1: -1 -1 -1) (0.0002 s)
Zelikovsky 0.245599 s
>> 90 (235: 1983 2026 2015) (0.255402 s)
>> 0 (-1: -1 -1 -1) (0.257906 s)
Zelikovsky- 0.514241 s
>>> get_solution
  refine_solution: new weight 99001197 (was 99001211) in 0.000538 s
  refine_solution: new weight 99001195 (was 99001197) in 0.000521 s
  refine_solution: new weight 99001195 (was 99001195) in 0.000512 s
>>> get_solution
  refine_solution: new weight 99001197 (was 99001211) in 0.000508 s
  refine_solution: new weight 99001195 (was 99001197) in 0.000506 s
  refine_solution: new weight 99001195 (was 99001195) in 0.0005 s
36,,1540,3122,7,,1540,0,,99001211,99001195,99001211,99001211,99001195,,1000031,2,@@

  handle_small_Steiner_degrees: steiner 0, suppress 0 in 3e-06 s
Starting round 37
Found 498 isolated vertices
Invalid ratios recomputed: 1531
Best ratio is 3000079/3 (1000026.3), centered at 177
Finding the best star... Star with 4 terminals centered in 2010
round took: 0.256767 s
|V| = 2029, |E| = 3088, |R| = 4
>> 18 (235: 2010 2015 2010) (0.000206 s)
>> 0 (-1: -1 -1 -1) (0.000195 s)
Zelikovsky 0.239832 s
>> 18 (235: 2010 2026 2015) (0.249056 s)
Zelikovsky- 0.249987 s
>>> get_solution
  refine_solution: new weight 99001197 (was 99001211) in 0.000532 s
  refine_solution: new weight 99001195 (was 99001197) in 0.000522 s
  refine_solution: new weight 99001195 (was 99001195) in 0.00051 s
>>> get_solution
  refine_solution: new weight 99001197 (was 99001211) in 0.000508 s
  refine_solution: new weight 99001195 (was 99001197) in 0.000521 s
  refine_solution: new weight 99001195 (was 99001195) in 0.0005 s
37,,1531,3088,4,,1531,0,,99001211,99001195,99001211,99001211,99001195,,3000079,4,@@

  handle_small_Steiner_degrees: steiner 0, suppress 0 in 2e-06 s
Starting round 38
Found 523 isolated vertices
Invalid ratios recomputed: 1506
Best ratio is 2000036/2 (1000018.0), centered at 235
Finding the best star... Star with 3 terminals centered in 2026
round took: 0.250955 s
|V| = 2029, |E| = 3074, |R| = 2
Zelikovsky 0.236559 s
Zelikovsky- 0.000746 s
>>> get_solution
  refine_solution: new weight 99001197 (was 99001211) in 0.000534 s
  refine_solution: new weight 99001195 (was 99001197) in 0.000523 s
  refine_solution: new weight 99001195 (was 99001195) in 0.00051 s
>>> get_solution
  refine_solution: new weight 99001197 (was 99001211) in 0.000526 s
  refine_solution: new weight 99001195 (was 99001197) in 0.000503 s
  refine_solution: new weight 99001195 (was 99001195) in 0.000501 s
38,,1506,3074,2,,1506,0,,99001211,99001195,99001211,99001211,99001195,,2000036,3,@@

  handle_small_Steiner_degrees: steiner 0, suppress 0 in 3e-06 s
Starting round 39
Found 531 isolated vertices
Invalid ratios recomputed: 1498
Best ratio is 1000037/1 (1000037.0), centered at 157
Finding the best star... Star with 2 terminals centered in 1986
round took: 0.243078 s
|V| = 2029, |E| = 3059, |R| = 1
Zelikovsky 0.234279 s
Zelikovsky- 0.00076 s
>>> get_solution
  refine_solution: new weight 99001197 (was 99001211) in 0.000532 s
  refine_solution: new weight 99001195 (was 99001197) in 0.000523 s
  refine_solution: new weight 99001195 (was 99001195) in 0.000515 s
>>> get_solution
  refine_solution: new weight 99001197 (was 99001211) in 0.000506 s
  refine_solution: new weight 99001195 (was 99001197) in 0.000506 s
  refine_solution: new weight 99001195 (was 99001195) in 0.000501 s
39,,1498,3059,1,,1498,0,,99001211,99001195,99001211,99001211,99001195,,1000037,2,@@

  handle_small_Steiner_degrees: steiner 0, suppress 0 in 2e-06 s
contract_till_the_bitter_end: 175.64 s

Calling end_heu
>>> get_solution
Saved weight 2000003
end_heu: 0 loops with 0 unique solutions in 9.9e-05 s

Calling print_solution
>>> get_solution
  refine_solution: new weight 99001197 (was 99001211) in 0.000533 s
Oops orig weight was 99001211 but we got 99001197
## FINAL WEIGHT 99001197
print_solution: 0.001182 s
