Version: final-94-gfffc3aa rub_all.sh: remove longest prefix
Random seed: 1550039106
Start
>>> save_orig_graph
>> Saved weight 0
Graph loaded
|V| = 1729, |E| = 28512, |R| = 74
First clearance of the input. Calling buy_zero and run_all_heuristics.
  buy_zero: 0 zero edges in 3e-05 s
  handle_small_terminal_degrees: terms 0 in 2e-06 s
  handle_small_Steiner_degrees: steiner 0, suppress 0 in 3e-06 s
  shortest_edge_between_terminals: 0 edges in 1.3e-05 s
Compressed graph 1729 -> 1728
  delete_edges: deleted 0 edges in 0.006506 s and 1 rounds
  handle_small_terminal_degrees: terms 0 in 2e-06 s
  handle_small_Steiner_degrees: steiner 0, suppress 0 in 3e-06 s
  shortest_edge_between_terminals: 0 edges in 9e-06 s
Compressed graph 1728 -> 1728
  delete_edges_shortest_path: deleted 0 edges in 0.029704 s
  handle_small_terminal_degrees: terms 0 in 1e-06 s
  handle_small_Steiner_degrees: steiner 0, suppress 0 in 2e-06 s
  shortest_edge_between_terminals: 0 edges in 1e-05 s
Compressed graph 1728 -> 1728
  handle_small_terminal_degrees: terms 0 in 2e-06 s
  handle_small_Steiner_degrees: steiner 0, suppress 0 in 3e-06 s
  shortest_edge_between_terminals: 0 edges in 1.1e-05 s
Compressed graph 1728 -> 1728
  delete_edges_shortest_path: deleted 0 edges in 0.029534 s
  handle_small_terminal_degrees: terms 0 in 2e-06 s
  handle_small_Steiner_degrees: steiner 0, suppress 0 in 2e-06 s
  shortest_edge_between_terminals: 0 edges in 1e-05 s
Compressed graph 1728 -> 1728
Compressed graph 1728 -> 1728
>>> save_orig_graph
>> Saved weight 0
### ZEL_LVL=0 PRECISE_STARS=1

Calling `contract_till_the_bitter_end`
|V| = 1728, |E| = 28512, |R| = 74
>>> get_solution
>>> get_solution
  refine_solution: new weight 140 (was 142) in 0.009612 s
  refine_solution: new weight 140 (was 140) in 0.009494 s
0,,1728,28512,74,,0,0,,142,140,0,0,0,,0,0,@@

  delete_edges: deleted 0 edges in 0.006529 s and 1 rounds
  handle_small_Steiner_degrees: steiner 0, suppress 0 in 4e-06 s
Starting round 1
Found 0 isolated vertices
Invalid ratios recomputed: 1728
Best ratio is 3/2 (1.5), centered at 1
Finding the best star... Star with 3 terminals centered in 5
round took: 0.450474 s
|V| = 1728, |E| = 28476, |R| = 72
>>> get_solution
>>> get_solution
  refine_solution: new weight 140 (was 142) in 0.009621 s
  refine_solution: new weight 139 (was 140) in 0.009523 s
  refine_solution: new weight 137 (was 139) in 0.009555 s
  refine_solution: new weight 137 (was 137) in 0.009547 s
1,,1728,28476,72,,1728,0,,142,137,3,3,3,,3,3,@@

  handle_small_Steiner_degrees: steiner 0, suppress 0 in 3e-06 s
Starting round 2
Found 3 isolated vertices
Invalid ratios recomputed: 1516
Best ratio is 3/2 (1.5), centered at 3
Finding the best star... Star with 3 terminals centered in 5
round took: 0.448976 s
|V| = 1728, |E| = 28437, |R| = 70
>>> get_solution
>>> get_solution
  refine_solution: new weight 142 (was 144) in 0.00981 s
  refine_solution: new weight 139 (was 142) in 0.009658 s
  refine_solution: new weight 137 (was 139) in 0.009602 s
  refine_solution: new weight 137 (was 137) in 0.009675 s
2,,1725,28437,70,,1516,0,,144,137,6,6,6,,3,3,@@

  handle_small_Steiner_degrees: steiner 0, suppress 0 in 3e-06 s
Starting round 3
Found 6 isolated vertices
Invalid ratios recomputed: 1565
Best ratio is 3/2 (1.5), centered at 7
Finding the best star... Star with 3 terminals centered in 5
round took: 0.464188 s
|V| = 1728, |E| = 28395, |R| = 68
>>> get_solution
>>> get_solution
  refine_solution: new weight 138 (was 140) in 0.009677 s
  refine_solution: new weight 135 (was 138) in 0.009578 s
  refine_solution: new weight 134 (was 135) in 0.009592 s
  refine_solution: new weight 134 (was 134) in 0.009669 s
3,,1722,28395,68,,1565,0,,140,134,9,9,9,,3,3,@@

  handle_small_Steiner_degrees: steiner 0, suppress 0 in 4e-06 s
Starting round 4
Found 9 isolated vertices
Invalid ratios recomputed: 1595
Best ratio is 3/2 (1.5), centered at 8
Finding the best star... Star with 3 terminals centered in 5
round took: 0.479135 s
|V| = 1728, |E| = 28350, |R| = 66
>>> get_solution
>>> get_solution
  refine_solution: new weight 138 (was 140) in 0.009667 s
  refine_solution: new weight 137 (was 138) in 0.009567 s
  refine_solution: new weight 137 (was 137) in 0.009568 s
4,,1719,28350,66,,1595,0,,140,137,12,12,12,,3,3,@@

  handle_small_Steiner_degrees: steiner 0, suppress 0 in 3e-06 s
Starting round 5
Found 12 isolated vertices
Invalid ratios recomputed: 1608
Best ratio is 3/2 (1.5), centered at 9
Finding the best star... Star with 3 terminals centered in 5
round took: 0.49643 s
|V| = 1728, |E| = 28302, |R| = 64
>>> get_solution
>>> get_solution
  refine_solution: new weight 136 (was 139) in 0.009664 s
  refine_solution: new weight 134 (was 136) in 0.009562 s
  refine_solution: new weight 134 (was 134) in 0.009607 s
5,,1716,28302,64,,1608,0,,139,134,15,15,15,,3,3,@@

  handle_small_Steiner_degrees: steiner 0, suppress 0 in 4e-06 s
Starting round 6
Found 15 isolated vertices
Invalid ratios recomputed: 1612
Best ratio is 3/2 (1.5), centered at 10
Finding the best star... Star with 3 terminals centered in 5
round took: 0.509316 s
|V| = 1728, |E| = 28251, |R| = 62
>>> get_solution
>>> get_solution
  refine_solution: new weight 137 (was 138) in 0.009712 s
  refine_solution: new weight 135 (was 137) in 0.009568 s
  refine_solution: new weight 134 (was 135) in 0.009596 s
  refine_solution: new weight 133 (was 134) in 0.009648 s
  refine_solution: new weight 133 (was 133) in 0.009729 s
6,,1713,28251,62,,1612,0,,138,133,18,18,18,,3,3,@@

  handle_small_Steiner_degrees: steiner 0, suppress 0 in 4e-06 s
Starting round 7
Found 18 isolated vertices
Invalid ratios recomputed: 1610
Best ratio is 3/2 (1.5), centered at 192
Finding the best star... Star with 3 terminals centered in 198
round took: 0.52151 s
|V| = 1728, |E| = 28215, |R| = 60
>>> get_solution
>>> get_solution
  refine_solution: new weight 135 (was 137) in 0.009739 s
  refine_solution: new weight 133 (was 135) in 0.009654 s
  refine_solution: new weight 133 (was 133) in 0.009723 s
7,,1710,28215,60,,1610,0,,137,133,21,21,21,,3,3,@@

  handle_small_Steiner_degrees: steiner 0, suppress 0 in 2e-06 s
Starting round 8
Found 21 isolated vertices
Invalid ratios recomputed: 1474
Best ratio is 3/2 (1.5), centered at 194
Finding the best star... Star with 3 terminals centered in 198
round took: 0.519645 s
|V| = 1728, |E| = 28176, |R| = 58
>>> get_solution
>>> get_solution
  refine_solution: new weight 135 (was 136) in 0.009722 s
  refine_solution: new weight 133 (was 135) in 0.009621 s
  refine_solution: new weight 131 (was 133) in 0.009721 s
  refine_solution: new weight 130 (was 131) in 0.009871 s
  refine_solution: new weight 130 (was 130) in 0.009891 s
8,,1707,28176,58,,1474,0,,136,130,24,24,24,,3,3,@@

  handle_small_Steiner_degrees: steiner 0, suppress 0 in 4e-06 s
Starting round 9
Found 24 isolated vertices
Invalid ratios recomputed: 1487
Best ratio is 15/10 (1.5), centered at 280
Finding the best star... Star with 11 terminals centered in 808
round took: 0.532919 s
|V| = 1728, |E| = 27950, |R| = 48
>>> get_solution
>>> get_solution
  refine_solution: new weight 131 (was 132) in 0.009997 s
  refine_solution: new weight 131 (was 131) in 0.009972 s
9,,1704,27950,48,,1487,0,,132,131,39,39,39,,15,11,@@

  handle_small_Steiner_degrees: steiner 0, suppress 0 in 3e-06 s
Starting round 10
Found 39 isolated vertices
Invalid ratios recomputed: 1479
Best ratio is 3/2 (1.5), centered at 301
Finding the best star... Star with 3 terminals centered in 1597
round took: 0.56924 s
|V| = 1728, |E| = 27914, |R| = 46
>>> get_solution
>>> get_solution
  refine_solution: new weight 132 (was 132) in 0.010051 s
10,,1689,27914,46,,1479,0,,132,132,42,42,42,,3,3,@@

  handle_small_Steiner_degrees: steiner 0, suppress 0 in 3e-06 s
Starting round 11
Found 42 isolated vertices
Invalid ratios recomputed: 1588
Best ratio is 3/2 (1.5), centered at 303
Finding the best star... Star with 3 terminals centered in 5
round took: 0.579981 s
|V| = 1728, |E| = 27858, |R| = 44
>>> get_solution
>>> get_solution
  refine_solution: new weight 128 (was 129) in 0.010189 s
  refine_solution: new weight 128 (was 128) in 0.010111 s
11,,1686,27858,44,,1588,0,,129,128,45,45,45,,3,3,@@

  handle_small_Steiner_degrees: steiner 0, suppress 0 in 3e-06 s
Starting round 12
Found 45 isolated vertices
Invalid ratios recomputed: 1653
Best ratio is 3/2 (1.5), centered at 305
Finding the best star... Star with 3 terminals centered in 1457
round took: 0.592873 s
|V| = 1728, |E| = 27811, |R| = 42
>>> get_solution
>>> get_solution
  refine_solution: new weight 126 (was 127) in 0.010272 s
  refine_solution: new weight 126 (was 126) in 0.010169 s
12,,1683,27811,42,,1653,0,,127,126,48,48,48,,3,3,@@

  handle_small_Steiner_degrees: steiner 0, suppress 0 in 2e-06 s
Starting round 13
Found 48 isolated vertices
Invalid ratios recomputed: 1650
Best ratio is 3/2 (1.5), centered at 308
Finding the best star... Star with 3 terminals centered in 404
round took: 0.599349 s
|V| = 1728, |E| = 27760, |R| = 40
>>> get_solution
>>> get_solution
  refine_solution: new weight 126 (was 128) in 0.010298 s
  refine_solution: new weight 126 (was 126) in 0.010261 s
13,,1680,27760,40,,1650,0,,128,126,51,51,51,,3,3,@@

  handle_small_Steiner_degrees: steiner 0, suppress 0 in 3e-06 s
Starting round 14
Found 51 isolated vertices
Invalid ratios recomputed: 1647
Best ratio is 3/2 (1.5), centered at 310
Finding the best star... Star with 3 terminals centered in 404
round took: 0.603595 s
|V| = 1728, |E| = 27705, |R| = 38
>>> get_solution
>>> get_solution
  refine_solution: new weight 126 (was 128) in 0.010177 s
  refine_solution: new weight 125 (was 126) in 0.010257 s
  refine_solution: new weight 124 (was 125) in 0.010249 s
  refine_solution: new weight 124 (was 124) in 0.010254 s
14,,1677,27705,38,,1647,0,,128,124,54,54,54,,3,3,@@

  handle_small_Steiner_degrees: steiner 0, suppress 0 in 3e-06 s
Starting round 15
Found 54 isolated vertices
Invalid ratios recomputed: 1644
Best ratio is 3/2 (1.5), centered at 491
Finding the best star... Star with 3 terminals centered in 808
round took: 0.607688 s
|V| = 1728, |E| = 27653, |R| = 36
>>> get_solution
>>> get_solution
  refine_solution: new weight 127 (was 127) in 0.010284 s
15,,1674,27653,36,,1644,0,,127,127,57,57,57,,3,3,@@

  handle_small_Steiner_degrees: steiner 0, suppress 0 in 2e-06 s
Starting round 16
Found 57 isolated vertices
Invalid ratios recomputed: 1527
Best ratio is 3/2 (1.5), centered at 518
Finding the best star... Star with 3 terminals centered in 808
round took: 0.596586 s
|V| = 1728, |E| = 27602, |R| = 34
>>> get_solution
>>> get_solution
  refine_solution: new weight 125 (was 125) in 0.010429 s
16,,1671,27602,34,,1527,0,,125,125,60,60,60,,3,3,@@

  delete_edges: deleted 0 edges in 0.009807 s and 1 rounds
  handle_small_Steiner_degrees: steiner 0, suppress 0 in 3e-06 s
Starting round 17
Found 60 isolated vertices
Invalid ratios recomputed: 1524
Best ratio is 3/2 (1.5), centered at 636
Finding the best star... Star with 3 terminals centered in 808
round took: 0.595728 s
|V| = 1728, |E| = 27549, |R| = 32
>>> get_solution
>>> get_solution
  refine_solution: new weight 125 (was 125) in 0.010513 s
17,,1668,27549,32,,1524,0,,125,125,63,63,63,,3,3,@@

  handle_small_Steiner_degrees: steiner 0, suppress 0 in 3e-06 s
Starting round 18
Found 63 isolated vertices
Invalid ratios recomputed: 1521
Best ratio is 3/2 (1.5), centered at 642
Finding the best star... Star with 3 terminals centered in 808
round took: 0.593942 s
|V| = 1728, |E| = 27496, |R| = 30
>>> get_solution
>>> get_solution
  refine_solution: new weight 122 (was 123) in 0.010578 s
  refine_solution: new weight 122 (was 122) in 0.010501 s
18,,1665,27496,30,,1521,0,,123,122,66,66,66,,3,3,@@

  handle_small_Steiner_degrees: steiner 0, suppress 0 in 3e-06 s
Starting round 19
Found 66 isolated vertices
Invalid ratios recomputed: 1518
Best ratio is 3/2 (1.5), centered at 786
Finding the best star... Star with 3 terminals centered in 791
round took: 0.59042 s
|V| = 1728, |E| = 27442, |R| = 28
>>> get_solution
>>> get_solution
  refine_solution: new weight 123 (was 123) in 0.010498 s
19,,1662,27442,28,,1518,0,,123,123,69,69,69,,3,3,@@

  handle_small_Steiner_degrees: steiner 0, suppress 0 in 3e-06 s
Starting round 20
Found 69 isolated vertices
Invalid ratios recomputed: 1515
Best ratio is 3/2 (1.5), centered at 883
Finding the best star... Star with 3 terminals centered in 1315
round took: 0.590396 s
|V| = 1728, |E| = 27388, |R| = 26
>>> get_solution
>>> get_solution
  refine_solution: new weight 123 (was 123) in 0.01054 s
20,,1659,27388,26,,1515,0,,123,123,72,72,72,,3,3,@@

  handle_small_Steiner_degrees: steiner 0, suppress 0 in 2e-06 s
Starting round 21
Found 72 isolated vertices
Invalid ratios recomputed: 1656
Best ratio is 3/2 (1.5), centered at 889
Finding the best star... Star with 3 terminals centered in 1315
round took: 0.609439 s
|V| = 1728, |E| = 27334, |R| = 24
>>> get_solution
>>> get_solution
  refine_solution: new weight 119 (was 119) in 0.010723 s
21,,1656,27334,24,,1656,0,,119,119,75,75,75,,3,3,@@

  handle_small_Steiner_degrees: steiner 0, suppress 0 in 2e-06 s
Starting round 22
Found 75 isolated vertices
Invalid ratios recomputed: 1653
Best ratio is 3/2 (1.5), centered at 893
Finding the best star... Star with 3 terminals centered in 1315
round took: 0.611208 s
|V| = 1728, |E| = 27279, |R| = 22
>>> get_solution
>>> get_solution
  refine_solution: new weight 118 (was 118) in 0.010673 s
22,,1653,27279,22,,1653,0,,118,118,78,78,78,,3,3,@@

  handle_small_Steiner_degrees: steiner 0, suppress 0 in 3e-06 s
Starting round 23
Found 78 isolated vertices
Invalid ratios recomputed: 1650
Best ratio is 3/2 (1.5), centered at 901
Finding the best star... Star with 3 terminals centered in 1315
round took: 0.613051 s
|V| = 1728, |E| = 27222, |R| = 20
>>> get_solution
>>> get_solution
  refine_solution: new weight 117 (was 117) in 0.010836 s
23,,1650,27222,20,,1650,0,,117,117,81,81,81,,3,3,@@

  handle_small_Steiner_degrees: steiner 0, suppress 0 in 3e-06 s
Starting round 24
Found 81 isolated vertices
Invalid ratios recomputed: 1647
Best ratio is 3/2 (1.5), centered at 909
Finding the best star... Star with 3 terminals centered in 981
round took: 0.61513 s
|V| = 1728, |E| = 27163, |R| = 18
>>> get_solution
>>> get_solution
  refine_solution: new weight 119 (was 119) in 0.010532 s
24,,1647,27163,18,,1647,0,,119,119,84,84,84,,3,3,@@

  handle_small_Steiner_degrees: steiner 0, suppress 0 in 3e-06 s
Starting round 25
Found 84 isolated vertices
Invalid ratios recomputed: 1644
Best ratio is 3/2 (1.5), centered at 1039
Finding the best star... Star with 3 terminals centered in 981
round took: 0.61621 s
|V| = 1728, |E| = 27100, |R| = 16
>>> get_solution
>>> get_solution
  refine_solution: new weight 117 (was 117) in 0.010627 s
25,,1644,27100,16,,1644,0,,117,117,87,87,87,,3,3,@@

  handle_small_Steiner_degrees: steiner 0, suppress 0 in 2e-06 s
Starting round 26
Found 87 isolated vertices
Invalid ratios recomputed: 1641
Best ratio is 3/2 (1.5), centered at 1040
Finding the best star... Star with 3 terminals centered in 981
round took: 0.617436 s
|V| = 1728, |E| = 27037, |R| = 14
>>> get_solution
>>> get_solution
  refine_solution: new weight 114 (was 114) in 0.010729 s
26,,1641,27037,14,,1641,0,,114,114,90,90,90,,3,3,@@

  handle_small_Steiner_degrees: steiner 0, suppress 0 in 3e-06 s
Starting round 27
Found 90 isolated vertices
Invalid ratios recomputed: 1638
Best ratio is 3/2 (1.5), centered at 1047
Finding the best star... Star with 3 terminals centered in 1479
round took: 0.614938 s
|V| = 1728, |E| = 26975, |R| = 12
>>> get_solution
>>> get_solution
  refine_solution: new weight 116 (was 116) in 0.010625 s
27,,1638,26975,12,,1638,0,,116,116,93,93,93,,3,3,@@

  handle_small_Steiner_degrees: steiner 0, suppress 0 in 3e-06 s
Starting round 28
Found 93 isolated vertices
Invalid ratios recomputed: 1635
Best ratio is 3/2 (1.5), centered at 1109
Finding the best star... Star with 3 terminals centered in 1479
round took: 0.610466 s
|V| = 1728, |E| = 26910, |R| = 10
>>> get_solution
>>> get_solution
  refine_solution: new weight 115 (was 115) in 0.010584 s
28,,1635,26910,10,,1635,0,,115,115,96,96,96,,3,3,@@

  handle_small_Steiner_degrees: steiner 0, suppress 0 in 2e-06 s
Starting round 29
Found 96 isolated vertices
Invalid ratios recomputed: 1632
Best ratio is 3/2 (1.5), centered at 1369
Finding the best star... Star with 3 terminals centered in 1479
round took: 0.607458 s
|V| = 1728, |E| = 26845, |R| = 8
>>> get_solution
>>> get_solution
  refine_solution: new weight 113 (was 113) in 0.010672 s
29,,1632,26845,8,,1632,0,,113,113,99,99,99,,3,3,@@

  handle_small_Steiner_degrees: steiner 0, suppress 0 in 3e-06 s
Starting round 30
Found 99 isolated vertices
Invalid ratios recomputed: 1629
Best ratio is 3/2 (1.5), centered at 1411
Finding the best star... Star with 3 terminals centered in 1479
round took: 0.603281 s
|V| = 1728, |E| = 26779, |R| = 6
>>> get_solution
>>> get_solution
  refine_solution: new weight 112 (was 112) in 0.01071 s
30,,1629,26779,6,,1629,0,,112,112,102,102,102,,3,3,@@

  handle_small_Steiner_degrees: steiner 0, suppress 0 in 2e-06 s
Starting round 31
Found 102 isolated vertices
Invalid ratios recomputed: 1626
Best ratio is 3/2 (1.5), centered at 1522
Finding the best star... Star with 3 terminals centered in 1479
round took: 0.599548 s
|V| = 1728, |E| = 26712, |R| = 4
>>> get_solution
>>> get_solution
  refine_solution: new weight 112 (was 112) in 0.010766 s
31,,1626,26712,4,,1626,0,,112,112,105,105,105,,3,3,@@

  handle_small_Steiner_degrees: steiner 0, suppress 0 in 2e-06 s
Starting round 32
Found 105 isolated vertices
Invalid ratios recomputed: 1623
Best ratio is 3/2 (1.5), centered at 1544
Finding the best star... Star with 3 terminals centered in 1479
round took: 0.5949 s
|V| = 1728, |E| = 26645, |R| = 2
>>> get_solution
>>> get_solution
  refine_solution: new weight 111 (was 111) in 0.010775 s
32,,1623,26645,2,,1623,0,,111,111,108,108,108,,3,3,@@

  handle_small_Steiner_degrees: steiner 0, suppress 0 in 2e-06 s
Starting round 33
Found 108 isolated vertices
Invalid ratios recomputed: 1620
Best ratio is 3/1 (3.0), centered at 0
Finding the best star... Star with 2 terminals centered in 1479
round took: 0.591164 s
|V| = 1728, |E| = 26586, |R| = 1
>>> get_solution
>>> get_solution
  refine_solution: new weight 111 (was 111) in 0.010699 s
33,,1620,26586,1,,1620,0,,111,111,111,111,111,,3,2,@@

  handle_small_Steiner_degrees: steiner 0, suppress 0 in 2e-06 s
contract_till_the_bitter_end: 19.911 s

Calling end_heu
>>> get_solution
Saved weight 0
DŽ: 111 -> 111
DŽ: 111 -> 112
DŽ: 112 -> 113
DŽ: 111 -> 111
DŽ: 111 -> 113
DŽ: 112 -> 111
DŽ: 112 -> 113
DŽ: 111 -> 112
DŽ: 111 -> 111
DŽ: 112 -> 112
DŽ: 112 -> 113
DŽ: 111 -> 112
DŽ: 112 -> 113
DŽ: 111 -> 111
DŽ: 111 -> 111
DŽ: 111 -> 111
DŽ: 111 -> 111
DŽ: 111 -> 112
DŽ: 111 -> 112
DŽ: 113 -> 113
DŽ: 113 -> 113
DŽ: 112 -> 112
DŽ: 111 -> 111
DŽ: 111 -> 111
DŽ: 111 -> 112
DŽ: 111 -> 111
DŽ: 111 -> 111
DŽ: 112 -> 112
DŽ: 111 -> 111
DŽ: 111 -> 111

 start over 29111 loops 167 unique solutions 
Original + vert_size 0 
DŽ: 111 -> 111
DŽ: 111 -> 111
DŽ: 111 -> 111
DŽ: 112 -> 113
DŽ: 111 -> 111
DŽ: 111 -> 112
DŽ: 111 -> 112
DŽ: 111 -> 112
DŽ: 111 -> 111
DŽ: 111 -> 113
DŽ: 112 -> 113
DŽ: 113 -> 113
DŽ: 111 -> 114
DŽ: 113 -> 113
DŽ: 111 -> 111
DŽ: 113 -> 113
DŽ: 111 -> 111
DŽ: 112 -> 113
DŽ: 111 -> 114
DŽ: 111 -> 113
DŽ: 111 -> 111
DŽ: 112 -> 113
DŽ: 112 -> 112
DŽ: 112 -> 112
DŽ: 112 -> 113
DŽ: 111 -> 111
DŽ: 111 -> 112
DŽ: 112 -> 113
DŽ: 113 -> 114
DŽ: 112 -> 113

 start over 58852 loops 202 unique solutions 
Original + vert_size 13 
DŽ: 111 -> 114
DŽ: 112 -> 114
DŽ: 111 -> 111
DŽ: 111 -> 111
DŽ: 111 -> 112
DŽ: 111 -> 113
DŽ: 111 -> 111
DŽ: 111 -> 112
DŽ: 111 -> 112
DŽ: 112 -> 112
DŽ: 111 -> 111
DŽ: 111 -> 111
DŽ: 111 -> 112
DŽ: 111 -> 111
DŽ: 111 -> 111
DŽ: 111 -> 111
DŽ: 111 -> 111
DŽ: 111 -> 113
DŽ: 113 -> 113
DŽ: 111 -> 112
DŽ: 111 -> 111
DŽ: 111 -> 112
DŽ: 113 -> 114
DŽ: 111 -> 111
DŽ: 111 -> 111
DŽ: 111 -> 111
end_heu: 84001 loops with 227 unique solutions in 1799.98 s

Calling print_solution
>>> get_solution
  refine_solution: new weight 111 (was 111) in 0.01071 s
## FINAL WEIGHT 111
print_solution: 0.01433 s
