Version: final-94-gfffc3aa rub_all.sh: remove longest prefix
Random seed: 1550883338
Start
>>> save_orig_graph
>> Saved weight 0
Graph loaded
|V| = 641, |E| = 40896, |R| = 160
First clearance of the input. Calling buy_zero and run_all_heuristics.
  buy_zero: 0 zero edges in 5.5e-05 s
  handle_small_terminal_degrees: terms 0 in 0 s
  handle_small_Steiner_degrees: steiner 0, suppress 0 in 1e-06 s
  shortest_edge_between_terminals: 0 edges in 5e-05 s
Compressed graph 641 -> 640
  delete_edges: deleted 0 edges in 0.091757 s and 1 rounds
  handle_small_terminal_degrees: terms 0 in 0 s
  handle_small_Steiner_degrees: steiner 0, suppress 0 in 1e-06 s
  shortest_edge_between_terminals: 0 edges in 5.3e-05 s
Compressed graph 640 -> 640
  delete_edges_shortest_path: deleted 0 edges in 0.201724 s
  handle_small_terminal_degrees: terms 0 in 1e-06 s
  handle_small_Steiner_degrees: steiner 0, suppress 0 in 1e-06 s
  shortest_edge_between_terminals: 0 edges in 4.9e-05 s
Compressed graph 640 -> 640
  handle_small_terminal_degrees: terms 0 in 0 s
  handle_small_Steiner_degrees: steiner 0, suppress 0 in 1e-06 s
  shortest_edge_between_terminals: 0 edges in 5.1e-05 s
Compressed graph 640 -> 640
  delete_edges_shortest_path: deleted 0 edges in 0.201046 s
  handle_small_terminal_degrees: terms 0 in 1e-06 s
  handle_small_Steiner_degrees: steiner 0, suppress 0 in 1e-06 s
  shortest_edge_between_terminals: 0 edges in 4.9e-05 s
Compressed graph 640 -> 640
Compressed graph 640 -> 640
>>> save_orig_graph
>> Saved weight 0
### ZEL_LVL=9 PRECISE_STARS=0

Calling `contract_till_the_bitter_end`
|V| = 640, |E| = 40896, |R| = 160
>> 32 (339: 12 53 12) (0.033489 s)
>> 32 (302: 38 85 38) (0.032942 s)
>> 26 (348: 9 32 9) (0.032696 s)
>> 27 (481: 3 134 3) (0.032643 s)
>> 26 (449: 79 87 79) (0.032703 s)
>> 25 (374: 4 33 4) (0.0324 s)
>> 25 (376: 23 35 23) (0.03203 s)
>> 24 (518: 18 102 18) (0.031973 s)
>> 24 (198: 58 112 58) (0.031807 s)
>> 24 (501: 27 50 27) (0.031522 s)
>> 23 (615: 40 45 40) (0.030987 s)
>> 22 (381: 34 89 34) (0.03087 s)
>> 25 (364: 111 132 111) (0.030591 s)
>> 23 (598: 65 148 65) (0.030371 s)
>> 22 (355: 11 113 11) (0.02994 s)
>> 22 (357: 96 99 96) (0.02971 s)
>> 22 (623: 73 123 73) (0.029266 s)
>> 21 (435: 5 41 5) (0.028748 s)
>> 21 (372: 0 66 0) (0.028741 s)
>> 0 (-1: -1 -1 -1) (0.022625 s)
Zelikovsky 1.06999 s
>> 32 (302: 38 97 85) (0.290148 s)
>> 99 (381: 38 145 34) (0.284946 s)
>> 98 (414: 38 88 79) (0.28381 s)
>> 97 (251: 38 94 71) (0.279388 s)
>> 95 (177: 38 118 39) (0.27604 s)
>> 95 (412: 38 155 45) (0.272568 s)
>> 95 (539: 38 157 4) (0.26948 s)
>> 93 (606: 38 127 120) (0.266744 s)
>> 90 (188: 38 51 23) (0.26379 s)
>> 89 (246: 38 122 17) (0.263779 s)
>> 91 (514: 38 124 55) (0.261059 s)
>> 86 (353: 38 113 31) (0.259149 s)
>> 80 (637: 38 80 76) (0.256627 s)
>> 0 (-1: -1 -1 -1) (0.254066 s)
Zelikovsky- 3.80262 s
>>> get_solution
  refine_solution: new weight 32283 (was 32283) in 0.008544 s
>>> get_solution
  refine_solution: new weight 46168 (was 46168) in 0.016641 s
0,,640,40896,160,,0,0,,46168,46168,32780,32283,32283,,0,0,@@

  delete_edges: deleted 0 edges in 0.091866 s and 1 rounds
  handle_small_Steiner_degrees: steiner 0, suppress 0 in 1e-06 s
Starting round 1
Found 0 isolated vertices
Invalid ratios recomputed: 640
Best ratio is 6415/32 (200.5), centered at 339
Finding the best star... Star with 33 terminals centered in 53
round took: 0.156891 s
|V| = 640, |E| = 37351, |R| = 128
>> 100 (615: 45 53 45) (0.014784 s)
>> 32 (302: 38 85 38) (0.020853 s)
>> 27 (376: 23 35 23) (0.020805 s)
>> 25 (357: 96 113 96) (0.020586 s)
>> 24 (465: 33 44 33) (0.020308 s)
>> 23 (517: 50 97 50) (0.020347 s)
>> 22 (435: 5 41 5) (0.019992 s)
>> 22 (225: 40 69 40) (0.019588 s)
>> 22 (617: 43 108 43) (0.01948 s)
>> 22 (198: 13 58 13) (0.019274 s)
>> 22 (428: 17 20 17) (0.018748 s)
>> 21 (372: 0 66 0) (0.018651 s)
>> 0 (-1: -1 -1 -1) (0.014717 s)
Zelikovsky 0.538492 s
>> 100 (615: 53 117 45) (0.224655 s)
>> 97 (276: 53 125 58) (0.221267 s)
>> 96 (187: 53 136 13) (0.218066 s)
>> 95 (533: 53 56 51) (0.215725 s)
>> 93 (282: 53 139 17) (0.213734 s)
>> 92 (241: 53 153 94) (0.212382 s)
>> 91 (300: 53 96 80) (0.21089 s)
>> 90 (480: 53 140 122) (0.208811 s)
>> 88 (219: 53 116 5) (0.207961 s)
>> 87 (267: 53 157 98) (0.206189 s)
>> 87 (522: 53 124 83) (0.205412 s)
>> 82 (365: 53 141 66) (0.203928 s)
>> 76 (281: 53 50 15) (0.202482 s)
>> 6 (428: 53 110 22) (0.200808 s)
>> 0 (-1: -1 -1 -1) (0.199826 s)
Zelikovsky- 3.17133 s
>>> get_solution
  refine_solution: new weight 32341 (was 32377) in 0.008891 s
  refine_solution: new weight 32341 (was 32341) in 0.008883 s
>>> get_solution
  refine_solution: new weight 32971 (was 36139) in 0.010314 s
  refine_solution: new weight 32971 (was 32971) in 0.010285 s
1,,640,37351,128,,640,0,,36139,32971,32688,32377,32341,,6415,33,@@

  handle_small_Steiner_degrees: steiner 0, suppress 0 in 2e-06 s
Starting round 2
Found 33 isolated vertices
Invalid ratios recomputed: 591
Best ratio is 3400/17 (200.0), centered at 266
Finding the best star... Star with 18 terminals centered in 53
round took: 0.132881 s
|V| = 640, |E| = 35190, |R| = 111
>> 100 (615: 45 53 45) (0.008398 s)
>> 25 (376: 23 31 23) (0.015053 s)
>> 22 (435: 5 41 5) (0.015052 s)
>> 22 (465: 33 49 33) (0.014861 s)
>> 22 (225: 40 69 40) (0.014876 s)
>> 22 (198: 13 58 13) (0.014662 s)
>> 22 (355: 11 113 11) (0.01449 s)
>> 21 (372: 0 66 0) (0.014197 s)
>> 0 (-1: -1 -1 -1) (0.011575 s)
Zelikovsky 0.361646 s
>> 100 (615: 53 117 45) (0.191043 s)
>> 97 (276: 53 125 58) (0.190757 s)
>> 96 (379: 53 61 16) (0.188606 s)
>> 93 (365: 53 84 66) (0.186862 s)
>> 93 (433: 53 100 69) (0.185633 s)
>> 91 (212: 53 122 68) (0.184519 s)
>> 89 (328: 53 123 115) (0.183445 s)
>> 87 (187: 53 106 13) (0.182347 s)
>> 85 (300: 53 107 80) (0.181152 s)
>> 84 (614: 53 153 143) (0.179731 s)
>> 82 (298: 53 139 8) (0.178803 s)
>> 0 (-1: -1 -1 -1) (0.177803 s)
Zelikovsky- 2.22659 s
>>> get_solution
  refine_solution: new weight 32292 (was 32346) in 0.008349 s
  refine_solution: new weight 32292 (was 32292) in 0.008402 s
>>> get_solution
  refine_solution: new weight 32831 (was 35443) in 0.010033 s
  refine_solution: new weight 32831 (was 32831) in 0.010034 s
2,,607,35190,111,,591,0,,35443,32831,33457,32346,32292,,3400,18,@@

  handle_small_Steiner_degrees: steiner 0, suppress 0 in 2e-06 s
Starting round 3
Found 51 isolated vertices
Invalid ratios recomputed: 583
Best ratio is 3188/16 (199.2), centered at 365
Finding the best star... Star with 17 terminals centered in 53
round took: 0.124916 s
|V| = 640, |E| = 33199, |R| = 95
>> 100 (615: 45 53 45) (0.005905 s)
>> 27 (376: 23 31 23) (0.011301 s)
>> 24 (435: 5 41 5) (0.010999 s)
>> 21 (173: 7 9 7) (0.010947 s)
>> 21 (391: 46 68 46) (0.010738 s)
>> 20 (225: 40 69 40) (0.010545 s)
>> 18 (480: 19 122 19) (0.010286 s)
>> 19 (450: 65 90 65) (0.010019 s)
>> 16 (372: 0 21 0) (0.009749 s)
>> 0 (-1: -1 -1 -1) (0.008087 s)
Zelikovsky 0.300697 s
>> 100 (615: 53 117 45) (0.166764 s)
>> 96 (322: 53 100 98) (0.166316 s)
>> 95 (338: 53 106 23) (0.164932 s)
>> 91 (187: 53 136 13) (0.164033 s)
>> 90 (180: 53 143 140) (0.163245 s)
>> 89 (302: 53 97 22) (0.162137 s)
>> 87 (300: 53 80 54) (0.160367 s)
>> 85 (198: 53 144 49) (0.159128 s)
>> 85 (458: 53 8 1) (0.158145 s)
>> 80 (425: 53 78 51) (0.157511 s)
>> 77 (333: 53 47 21) (0.156489 s)
>> 0 (-1: -1 -1 -1) (0.155782 s)
Zelikovsky- 1.94918 s
>>> get_solution
  refine_solution: new weight 32260 (was 32342) in 0.008746 s
  refine_solution: new weight 32260 (was 32260) in 0.008721 s
>>> get_solution
  refine_solution: new weight 32606 (was 35087) in 0.00966 s
  refine_solution: new weight 32606 (was 32606) in 0.009633 s
3,,589,33199,95,,583,0,,35087,32606,33108,32342,32260,,3188,17,@@

  handle_small_Steiner_degrees: steiner 0, suppress 0 in 2e-06 s
Starting round 4
Found 68 isolated vertices
Invalid ratios recomputed: 569
Best ratio is 3410/17 (200.6), centered at 221
Finding the best star... Star with 18 terminals centered in 53
round took: 0.117041 s
|V| = 640, |E| = 31135, |R| = 78
>> 95 (361: 36 53 36) (0.00375 s)
>> 27 (376: 23 31 23) (0.007708 s)
>> 24 (435: 5 41 5) (0.007486 s)
>> 20 (391: 46 52 46) (0.007279 s)
>> 16 (602: 69 71 69) (0.007089 s)
>> 13 (602: 8 80 8) (0.006923 s)
>> 10 (602: 61 98 61) (0.006862 s)
>> 8 (378: 7 93 7) (0.006625 s)
>> 0 (-1: -1 -1 -1) (0.006446 s)
Zelikovsky 0.230329 s
>> 95 (361: 53 122 36) (0.144695 s)
>> 94 (602: 53 130 98) (0.144074 s)
>> 92 (465: 53 49 33) (0.143576 s)
>> 92 (485: 53 103 15) (0.14165 s)
>> 91 (187: 53 40 13) (0.140558 s)
>> 89 (302: 53 97 22) (0.139346 s)
>> 88 (578: 53 153 92) (0.139037 s)
>> 84 (300: 53 123 96) (0.138415 s)
>> 81 (179: 53 144 78) (0.138518 s)
>> 77 (534: 53 116 104) (0.136976 s)
>> 0 (-1: -1 -1 -1) (0.136406 s)
Zelikovsky- 1.55537 s
>>> get_solution
  refine_solution: new weight 32242 (was 32345) in 0.008773 s
  refine_solution: new weight 32242 (was 32242) in 0.008758 s
>>> get_solution
  refine_solution: new weight 32853 (was 34845) in 0.008071 s
  refine_solution: new weight 32853 (was 32853) in 0.008056 s
4,,572,31135,78,,569,0,,34845,32853,33423,32345,32242,,3410,18,@@

  handle_small_Steiner_degrees: steiner 0, suppress 0 in 1e-06 s
Starting round 5
Found 86 isolated vertices
Invalid ratios recomputed: 552
Best ratio is 3595/18 (199.7), centered at 623
Finding the best star... Star with 19 terminals centered in 53
round took: 0.109662 s
|V| = 640, |E| = 29050, |R| = 60
>> 94 (480: 53 122 53) (0.002162 s)
>> 19 (391: 36 46 36) (0.004944 s)
>> 19 (602: 80 98 80) (0.004778 s)
>> 0 (-1: -1 -1 -1) (0.004627 s)
Zelikovsky 0.158038 s
>> 94 (480: 53 140 122) (0.123593 s)
>> 93 (392: 53 130 1) (0.122746 s)
>> 93 (615: 53 45 40) (0.122201 s)
>> 89 (302: 53 97 22) (0.121905 s)
>> 88 (422: 53 131 52) (0.121438 s)
>> 87 (172: 53 78 31) (0.121038 s)
>> 82 (230: 53 106 61) (0.120635 s)
>> 78 (225: 53 80 69) (0.120504 s)
>> 0 (-1: -1 -1 -1) (0.120004 s)
Zelikovsky- 1.10404 s
>>> get_solution
  refine_solution: new weight 32185 (was 32303) in 0.008508 s
  refine_solution: new weight 32185 (was 32185) in 0.0085 s
>>> get_solution
  refine_solution: new weight 32936 (was 34085) in 0.007287 s
  refine_solution: new weight 32605 (was 32936) in 0.007541 s
  refine_solution: new weight 32605 (was 32605) in 0.00751 s
5,,554,29050,60,,552,0,,34085,32605,33183,32303,32185,,3595,19,@@

  handle_small_Steiner_degrees: steiner 0, suppress 0 in 1e-06 s
Starting round 6
Found 105 isolated vertices
Invalid ratios recomputed: 534
Best ratio is 1206/6 (201.0), centered at 53
Finding the best star... Star with 7 terminals centered in 53
round took: 0.102543 s
|V| = 640, |E| = 28435, |R| = 54
>> 94 (480: 53 122 53) (0.002167 s)
>> 20 (391: 46 52 46) (0.004064 s)
>> 19 (602: 80 98 80) (0.003962 s)
>> 12 (540: 19 41 19) (0.00384 s)
>> 0 (-1: -1 -1 -1) (0.003674 s)
Zelikovsky 0.153176 s
>> 94 (480: 53 140 122) (0.118552 s)
>> 93 (392: 53 130 1) (0.118214 s)
>> 93 (615: 53 45 40) (0.117983 s)
>> 89 (302: 53 97 22) (0.117042 s)
>> 88 (422: 53 131 52) (0.116736 s)
>> 87 (172: 53 78 31) (0.116363 s)
>> 82 (230: 53 106 61) (0.116018 s)
>> 78 (225: 53 80 69) (0.115805 s)
>> 0 (-1: -1 -1 -1) (0.115356 s)
Zelikovsky- 1.06175 s
>>> get_solution
  refine_solution: new weight 32185 (was 32340) in 0.00852 s
  refine_solution: new weight 32185 (was 32185) in 0.008493 s
>>> get_solution
  refine_solution: new weight 32936 (was 34085) in 0.007276 s
  refine_solution: new weight 32605 (was 32936) in 0.007541 s
  refine_solution: new weight 32605 (was 32605) in 0.007552 s
6,,535,28435,54,,534,0,,34085,32605,33349,32340,32185,,1206,7,@@

  handle_small_Steiner_degrees: steiner 0, suppress 0 in 1e-06 s
Starting round 7
Found 111 isolated vertices
Invalid ratios recomputed: 528
Best ratio is 1010/5 (202.0), centered at 53
Finding the best star... Star with 6 terminals centered in 53
round took: 0.100652 s
|V| = 640, |E| = 27887, |R| = 49
>> 94 (480: 53 122 53) (0.001467 s)
>> 20 (391: 46 52 46) (0.003464 s)
>> 20 (602: 80 98 80) (0.003345 s)
>> 11 (540: 0 19 0) (0.003209 s)
>> 0 (-1: -1 -1 -1) (0.002774 s)
Zelikovsky 0.1424 s
>> 94 (480: 53 140 122) (0.113212 s)
>> 93 (392: 53 130 1) (0.112698 s)
>> 93 (615: 53 45 40) (0.11197 s)
>> 89 (302: 53 97 22) (0.111933 s)
>> 88 (422: 53 131 52) (0.111672 s)
>> 87 (172: 53 78 31) (0.111678 s)
>> 82 (230: 53 106 61) (0.111063 s)
>> 78 (225: 53 80 69) (0.110897 s)
>> 0 (-1: -1 -1 -1) (0.110456 s)
Zelikovsky- 1.01492 s
>>> get_solution
  refine_solution: new weight 32185 (was 32360) in 0.008484 s
  refine_solution: new weight 32185 (was 32185) in 0.008498 s
>>> get_solution
  refine_solution: new weight 32936 (was 34085) in 0.007283 s
  refine_solution: new weight 32605 (was 32936) in 0.007547 s
  refine_solution: new weight 32605 (was 32605) in 0.007514 s
7,,529,27887,49,,528,0,,34085,32605,33363,32360,32185,,1010,6,@@

  handle_small_Steiner_degrees: steiner 0, suppress 0 in 1e-06 s
Starting round 8
Found 116 isolated vertices
Invalid ratios recomputed: 523
Best ratio is 1218/6 (203.0), centered at 53
Finding the best star... Star with 7 terminals centered in 53
round took: 0.099213 s
|V| = 640, |E| = 27285, |R| = 43
>> 94 (480: 53 122 53) (0.001167 s)
>> 23 (391: 46 52 46) (0.002855 s)
>> 21 (372: 0 23 0) (0.002746 s)
>> 0 (-1: -1 -1 -1) (0.002367 s)
Zelikovsky 0.130847 s
>> 94 (480: 53 140 122) (0.10953 s)
>> 93 (392: 53 130 1) (0.108314 s)
>> 93 (615: 53 45 40) (0.107865 s)
>> 89 (302: 53 97 22) (0.107628 s)
>> 88 (422: 53 131 52) (0.107383 s)
>> 87 (172: 53 78 31) (0.107181 s)
>> 82 (230: 53 106 61) (0.106918 s)
>> 78 (225: 53 80 69) (0.106809 s)
>> 0 (-1: -1 -1 -1) (0.106589 s)
Zelikovsky- 0.977203 s
>>> get_solution
  refine_solution: new weight 32185 (was 32389) in 0.008535 s
  refine_solution: new weight 32185 (was 32185) in 0.008495 s
>>> get_solution
  refine_solution: new weight 32936 (was 34085) in 0.007293 s
  refine_solution: new weight 32605 (was 32936) in 0.007536 s
  refine_solution: new weight 32605 (was 32605) in 0.007535 s
8,,524,27285,43,,523,0,,34085,32605,33778,32389,32185,,1218,7,@@

  handle_small_Steiner_degrees: steiner 0, suppress 0 in 2e-06 s
Starting round 9
Found 122 isolated vertices
Invalid ratios recomputed: 517
Best ratio is 2649/13 (203.8), centered at 187
Finding the best star... Star with 14 terminals centered in 53
round took: 0.097817 s
|V| = 640, |E| = 25856, |R| = 30
>> 90 (534: 51 53 51) (0.000695 s)
>> 20 (372: 0 23 0) (0.001867 s)
>> 0 (-1: -1 -1 -1) (0.001618 s)
Zelikovsky 0.112616 s
>> 90 (480: 53 140 122) (0.098044 s)
>> 89 (302: 53 97 22) (0.097709 s)
>> 89 (392: 53 153 1) (0.097432 s)
>> 87 (417: 53 86 61) (0.0972 s)
>> 84 (332: 53 78 45) (0.097067 s)
>> 75 (259: 53 131 113) (0.097 s)
>> 0 (-1: -1 -1 -1) (0.09721 s)
Zelikovsky- 0.689299 s
>>> get_solution
  refine_solution: new weight 32171 (was 32338) in 0.008237 s
  refine_solution: new weight 32171 (was 32171) in 0.008232 s
>>> get_solution
  refine_solution: new weight 32809 (was 33489) in 0.007202 s
  refine_solution: new weight 32486 (was 32809) in 0.007485 s
  refine_solution: new weight 32486 (was 32486) in 0.007489 s
9,,518,25856,30,,517,0,,33489,32486,33177,32338,32171,,2649,14,@@

  handle_small_Steiner_degrees: steiner 0, suppress 0 in 1e-06 s
Starting round 10
Found 136 isolated vertices
Invalid ratios recomputed: 504
Best ratio is 408/2 (204.0), centered at 53
Finding the best star... Star with 3 terminals centered in 53
round took: 0.092476 s
|V| = 640, |E| = 25669, |R| = 28
>> 90 (534: 51 53 51) (0.000632 s)
>> 23 (372: 0 1 0) (0.001747 s)
>> 0 (-1: -1 -1 -1) (0.001503 s)
Zelikovsky 0.110743 s
>> 90 (480: 53 140 122) (0.096569 s)
>> 89 (302: 53 97 22) (0.096705 s)
>> 89 (392: 53 153 1) (0.096356 s)
>> 87 (417: 53 86 61) (0.096093 s)
>> 84 (332: 53 78 45) (0.095983 s)
>> 75 (259: 53 131 113) (0.095949 s)
>> 0 (-1: -1 -1 -1) (0.095888 s)
Zelikovsky- 0.681007 s
>>> get_solution
  refine_solution: new weight 32171 (was 32346) in 0.008192 s
  refine_solution: new weight 32171 (was 32171) in 0.008189 s
>>> get_solution
  refine_solution: new weight 32809 (was 33489) in 0.007225 s
  refine_solution: new weight 32486 (was 32809) in 0.007489 s
  refine_solution: new weight 32486 (was 32486) in 0.00748 s
10,,504,25669,28,,504,0,,33489,32486,33185,32346,32171,,408,3,@@

  handle_small_Steiner_degrees: steiner 0, suppress 0 in 2e-06 s
Starting round 11
Found 138 isolated vertices
Invalid ratios recomputed: 502
Best ratio is 615/3 (205.0), centered at 53
Finding the best star... Star with 4 terminals centered in 53
round took: 0.091858 s
|V| = 640, |E| = 25360, |R| = 25
>> 90 (534: 51 53 51) (0.000559 s)
>> 0 (-1: -1 -1 -1) (0.001533 s)
Zelikovsky 0.106102 s
>> 90 (480: 53 140 122) (0.094429 s)
>> 89 (302: 53 97 22) (0.094723 s)
>> 89 (392: 53 153 1) (0.094274 s)
>> 87 (417: 53 86 61) (0.094173 s)
>> 84 (332: 53 78 45) (0.094095 s)
>> 75 (259: 53 131 113) (0.094113 s)
>> 0 (-1: -1 -1 -1) (0.093946 s)
Zelikovsky- 0.667066 s
>>> get_solution
  refine_solution: new weight 32171 (was 32362) in 0.00823 s
  refine_solution: new weight 32171 (was 32171) in 0.008188 s
>>> get_solution
  refine_solution: new weight 32809 (was 33489) in 0.007252 s
  refine_solution: new weight 32486 (was 32809) in 0.007496 s
  refine_solution: new weight 32486 (was 32486) in 0.007456 s
11,,502,25360,25,,502,0,,33489,32486,33202,32362,32171,,615,4,@@

  handle_small_Steiner_degrees: steiner 0, suppress 0 in 1e-06 s
Starting round 12
Found 141 isolated vertices
Invalid ratios recomputed: 499
Best ratio is 208/1 (208.0), centered at 53
Finding the best star... Star with 2 terminals centered in 53
round took: 0.090985 s
|V| = 640, |E| = 25254, |R| = 24
>> 90 (534: 51 53 51) (0.000536 s)
>> 0 (-1: -1 -1 -1) (0.001464 s)
Zelikovsky 0.105222 s
>> 90 (480: 53 140 122) (0.093582 s)
>> 89 (302: 53 97 22) (0.09342 s)
>> 89 (392: 53 153 1) (0.093417 s)
>> 87 (417: 53 86 61) (0.09348 s)
>> 84 (332: 53 78 45) (0.093235 s)
>> 75 (259: 53 131 113) (0.093355 s)
>> 0 (-1: -1 -1 -1) (0.093516 s)
Zelikovsky- 0.661297 s
>>> get_solution
  refine_solution: new weight 32171 (was 32362) in 0.0082 s
  refine_solution: new weight 32171 (was 32171) in 0.008189 s
>>> get_solution
  refine_solution: new weight 32809 (was 33489) in 0.007209 s
  refine_solution: new weight 32486 (was 32809) in 0.007489 s
  refine_solution: new weight 32486 (was 32486) in 0.007477 s
12,,499,25254,24,,499,0,,33489,32486,33214,32362,32171,,208,2,@@

  handle_small_Steiner_degrees: steiner 0, suppress 0 in 2e-06 s
Starting round 13
Found 142 isolated vertices
Invalid ratios recomputed: 498
Best ratio is 2084/10 (208.4), centered at 564
Finding the best star... Star with 11 terminals centered in 53
round took: 0.091179 s
|V| = 640, |E| = 24179, |R| = 14
>> 89 (302: 22 53 22) (0.000376 s)
>> 0 (-1: -1 -1 -1) (0.00097 s)
Zelikovsky 0.097222 s
>> 89 (302: 53 97 22) (0.087402 s)
>> 84 (353: 53 113 61) (0.087519 s)
>> 81 (188: 53 144 36) (0.087599 s)
>> 78 (514: 53 153 45) (0.087632 s)
>> 4 (577: 53 143 80) (0.088101 s)
>> 0 (-1: -1 -1 -1) (0.087879 s)
Zelikovsky- 0.532653 s
>>> get_solution
  refine_solution: new weight 32130 (was 32382) in 0.008291 s
  refine_solution: new weight 32130 (was 32130) in 0.008257 s
>>> get_solution
  refine_solution: new weight 32705 (was 32965) in 0.007226 s
  refine_solution: new weight 32705 (was 32705) in 0.007235 s
13,,498,24179,14,,498,0,,32965,32705,32805,32382,32130,,2084,11,@@

  handle_small_Steiner_degrees: steiner 0, suppress 0 in 2e-06 s
Starting round 14
Found 153 isolated vertices
Invalid ratios recomputed: 487
Best ratio is 1264/6 (210.7), centered at 402
Finding the best star... Star with 7 terminals centered in 53
round took: 0.087748 s
|V| = 640, |E| = 23534, |R| = 8
>> 86 (391: 36 46 36) (0.000317 s)
>> 80 (479: 45 53 45) (0.000309 s)
>> 0 (-1: -1 -1 -1) (0.00065 s)
Zelikovsky 0.093232 s
>> 86 (391: 53 46 36) (0.08372 s)
>> 80 (399: 53 153 22) (0.083846 s)
>> 78 (479: 53 140 45) (0.083834 s)
Zelikovsky- 0.257077 s
>>> get_solution
  refine_solution: new weight 32207 (was 32395) in 0.008071 s
  refine_solution: new weight 32207 (was 32207) in 0.008048 s
>>> get_solution
  refine_solution: new weight 32546 (was 32641) in 0.007272 s
  refine_solution: new weight 32546 (was 32546) in 0.007246 s
14,,487,23534,8,,487,0,,32641,32546,32396,32395,32207,,1264,7,@@

  handle_small_Steiner_degrees: steiner 0, suppress 0 in 1e-06 s
Starting round 15
Found 160 isolated vertices
Invalid ratios recomputed: 480
Best ratio is 1097/5 (219.4), centered at 220
Finding the best star... Star with 6 terminals centered in 53
round took: 0.086219 s
|V| = 640, |E| = 22936, |R| = 3
>> 79 (501: 53 140 53) (0.000268 s)
>> 0 (-1: -1 -1 -1) (0.00026 s)
Zelikovsky 0.088724 s
>> 79 (501: 53 153 140) (0.080611 s)
Zelikovsky- 0.085521 s
>>> get_solution
  refine_solution: new weight 32087 (was 32250) in 0.007811 s
  refine_solution: new weight 32087 (was 32087) in 0.00779 s
>>> get_solution
  refine_solution: new weight 32201 (was 32329) in 0.007527 s
  refine_solution: new weight 32201 (was 32201) in 0.007521 s
15,,480,22936,3,,480,0,,32329,32201,32250,32250,32087,,1097,6,@@

  handle_small_Steiner_degrees: steiner 0, suppress 0 in 1e-06 s
Starting round 16
Found 166 isolated vertices
Invalid ratios recomputed: 474
Best ratio is 483/2 (241.5), centered at 501
Finding the best star... Star with 3 terminals centered in 53
round took: 0.082135 s
|V| = 640, |E| = 22644, |R| = 1
Zelikovsky 0.086221 s
Zelikovsky- 0.004536 s
>>> get_solution
  refine_solution: new weight 32087 (was 32250) in 0.007819 s
  refine_solution: new weight 32087 (was 32087) in 0.007828 s
>>> get_solution
  refine_solution: new weight 32087 (was 32250) in 0.007834 s
  refine_solution: new weight 32087 (was 32087) in 0.007804 s
16,,474,22644,1,,474,0,,32250,32087,32250,32250,32087,,483,3,@@

  handle_small_Steiner_degrees: steiner 0, suppress 0 in 1e-06 s
contract_till_the_bitter_end: 27.0241 s

Calling end_heu
>>> get_solution
Saved weight 0
end_heu: 0 loops with 0 unique solutions in 4.1e-05 s

Calling print_solution
>>> get_solution
  refine_solution: new weight 32087 (was 32250) in 0.007799 s
Oops orig weight was 32250 but we got 32087
## FINAL WEIGHT 32087
print_solution: 0.016938 s
