Version: final-94-gfffc3aa rub_all.sh: remove longest prefix
Random seed: 1549747354
Start
>>> save_orig_graph
>> Saved weight 0
Graph loaded
|V| = 19178, |E| = 35730, |R| = 117
First clearance of the input. Calling buy_zero and run_all_heuristics.
  buy_zero: 0 zero edges in 5.2e-05 s
  handle_small_terminal_degrees: terms 0 in 1.5e-05 s
  handle_small_Steiner_degrees: steiner 0, suppress 4 in 2.5e-05 s
  shortest_edge_between_terminals: 0 edges in 5e-06 s
  handle_small_terminal_degrees: terms 0 in 1.5e-05 s
  handle_small_Steiner_degrees: steiner 0, suppress 0 in 2.2e-05 s
  shortest_edge_between_terminals: 0 edges in 1e-06 s
Compressed graph 19178 -> 19173
  delete_edges: deleted 3 edges in 0.00246 s and 1 rounds
  handle_small_terminal_degrees: terms 0 in 1.4e-05 s
  handle_small_Steiner_degrees: steiner 0, suppress 6 in 2.6e-05 s
  shortest_edge_between_terminals: 0 edges in 3e-06 s
  handle_small_terminal_degrees: terms 0 in 1.4e-05 s
  handle_small_Steiner_degrees: steiner 0, suppress 0 in 2.3e-05 s
  shortest_edge_between_terminals: 0 edges in 2e-06 s
Compressed graph 19173 -> 19167
  delete_edges_shortest_path: deleted 7 edges in 0.11101 s
  handle_small_terminal_degrees: terms 0 in 1.4e-05 s
  handle_small_Steiner_degrees: steiner 0, suppress 11 in 2.8e-05 s
  shortest_edge_between_terminals: 0 edges in 2e-06 s
  handle_small_terminal_degrees: terms 0 in 1.4e-05 s
  handle_small_Steiner_degrees: steiner 0, suppress 0 in 2.3e-05 s
  shortest_edge_between_terminals: 0 edges in 2e-06 s
Compressed graph 19167 -> 19156
  handle_small_terminal_degrees: terms 0 in 1.5e-05 s
  handle_small_Steiner_degrees: steiner 0, suppress 0 in 1.9e-05 s
  shortest_edge_between_terminals: 0 edges in 4e-06 s
Compressed graph 19156 -> 19156
  delete_edges_shortest_path: deleted 11 edges in 0.110431 s
  handle_small_terminal_degrees: terms 0 in 1.4e-05 s
  handle_small_Steiner_degrees: steiner 0, suppress 16 in 3e-05 s
  shortest_edge_between_terminals: 0 edges in 2e-06 s
  handle_small_terminal_degrees: terms 0 in 1.4e-05 s
  handle_small_Steiner_degrees: steiner 0, suppress 0 in 2.3e-05 s
  shortest_edge_between_terminals: 0 edges in 2e-06 s
Compressed graph 19156 -> 19140
Compressed graph 19140 -> 19140
>>> save_orig_graph
>> Saved weight 0
### ZEL_LVL=0 PRECISE_STARS=0

Calling `contract_till_the_bitter_end`
|V| = 19140, |E| = 35672, |R| = 117
>>> get_solution
>>> get_solution
  refine_solution: new weight 59814 (was 59842) in 0.004354 s
  refine_solution: new weight 59814 (was 59814) in 0.004122 s
0,,19140,35672,117,,0,0,,59842,59814,0,0,0,,0,0,@@

  delete_edges: deleted 14 edges in 0.007654 s and 3 rounds
  handle_small_Steiner_degrees: steiner 0, suppress 18 in 4e-05 s
Starting round 1
Found 18 isolated vertices
Invalid ratios recomputed: 19122
Best ratio is 70/1 (70.0), centered at 1122
Finding the best star... Star with 2 terminals centered in 15292
round took: 1.99652 s
|V| = 19140, |E| = 35637, |R| = 116
>>> get_solution
>>> get_solution
  refine_solution: new weight 59814 (was 59842) in 0.004365 s
  refine_solution: new weight 59814 (was 59814) in 0.004149 s
1,,19122,35637,116,,19122,0,,59842,59814,70,70,70,,70,2,@@

  handle_small_Steiner_degrees: steiner 0, suppress 0 in 2.4e-05 s
Starting round 2
Found 21 isolated vertices
Invalid ratios recomputed: 627
Best ratio is 106/1 (106.0), centered at 20
Finding the best star... Star with 2 terminals centered in 20
round took: 0.054211 s
|V| = 19140, |E| = 35635, |R| = 115
>>> get_solution
>>> get_solution
  refine_solution: new weight 59814 (was 59842) in 0.004334 s
  refine_solution: new weight 59814 (was 59814) in 0.004161 s
2,,19119,35635,115,,627,0,,59842,59814,176,176,176,,106,2,@@

  handle_small_Steiner_degrees: steiner 0, suppress 0 in 2.3e-05 s
Starting round 3
Found 23 isolated vertices
Invalid ratios recomputed: 283
Best ratio is 109/1 (109.0), centered at 535
Finding the best star... Star with 2 terminals centered in 18640
round took: 0.017545 s
|V| = 19140, |E| = 35628, |R| = 114
>>> get_solution
>>> get_solution
  refine_solution: new weight 59814 (was 59842) in 0.004335 s
  refine_solution: new weight 59814 (was 59814) in 0.00415 s
3,,19117,35628,114,,283,0,,59842,59814,285,285,285,,109,2,@@

  handle_small_Steiner_degrees: steiner 0, suppress 1 in 3.1e-05 s
Starting round 4
Found 29 isolated vertices
Invalid ratios recomputed: 730
Best ratio is 128/1 (128.0), centered at 4242
Finding the best star... Star with 2 terminals centered in 4242
round took: 0.066586 s
|V| = 19140, |E| = 35625, |R| = 113
>>> get_solution
>>> get_solution
  refine_solution: new weight 59814 (was 59842) in 0.004298 s
  refine_solution: new weight 59814 (was 59814) in 0.004136 s
4,,19111,35625,113,,730,0,,59842,59814,413,413,413,,128,2,@@

  handle_small_Steiner_degrees: steiner 0, suppress 0 in 2.5e-05 s
Starting round 5
Found 31 isolated vertices
Invalid ratios recomputed: 689
Best ratio is 268/2 (134.0), centered at 7083
Finding the best star... Star with 3 terminals centered in 4879
round took: 0.068264 s
|V| = 19140, |E| = 35615, |R| = 111
>>> get_solution
>>> get_solution
  refine_solution: new weight 59814 (was 59842) in 0.004324 s
  refine_solution: new weight 59814 (was 59814) in 0.004129 s
5,,19109,35615,111,,689,0,,59842,59814,681,681,681,,268,3,@@

  handle_small_Steiner_degrees: steiner 0, suppress 0 in 2.5e-05 s
Starting round 6
Found 40 isolated vertices
Invalid ratios recomputed: 1082
Best ratio is 157/1 (157.0), centered at 4538
Finding the best star... Star with 2 terminals centered in 4538
round took: 0.172376 s
|V| = 19140, |E| = 35611, |R| = 110
>>> get_solution
>>> get_solution
  refine_solution: new weight 59776 (was 59804) in 0.004308 s
  refine_solution: new weight 59776 (was 59776) in 0.004163 s
6,,19100,35611,110,,1082,0,,59804,59776,838,838,838,,157,2,@@

  handle_small_Steiner_degrees: steiner 0, suppress 0 in 2.3e-05 s
Starting round 7
Found 44 isolated vertices
Invalid ratios recomputed: 469
Best ratio is 163/1 (163.0), centered at 3517
Finding the best star... Star with 2 terminals centered in 15222
round took: 0.035979 s
|V| = 19140, |E| = 35605, |R| = 109
>>> get_solution
>>> get_solution
  refine_solution: new weight 59776 (was 59804) in 0.004307 s
  refine_solution: new weight 59776 (was 59776) in 0.004141 s
7,,19096,35605,109,,469,0,,59804,59776,1001,1001,1001,,163,2,@@

  handle_small_Steiner_degrees: steiner 0, suppress 0 in 3e-05 s
Starting round 8
Found 50 isolated vertices
Invalid ratios recomputed: 557
Best ratio is 167/1 (167.0), centered at 5774
Finding the best star... Star with 2 terminals centered in 11846
round took: 0.041385 s
|V| = 19140, |E| = 35599, |R| = 108
>>> get_solution
>>> get_solution
  refine_solution: new weight 59776 (was 59804) in 0.004361 s
  refine_solution: new weight 59776 (was 59776) in 0.00415 s
8,,19090,35599,108,,557,0,,59804,59776,1168,1168,1168,,167,2,@@

  handle_small_Steiner_degrees: steiner 0, suppress 0 in 2.4e-05 s
Starting round 9
Found 55 isolated vertices
Invalid ratios recomputed: 640
Best ratio is 191/1 (191.0), centered at 5228
Finding the best star... Star with 2 terminals centered in 5887
round took: 0.053881 s
|V| = 19140, |E| = 35594, |R| = 107
>>> get_solution
>>> get_solution
  refine_solution: new weight 59776 (was 59804) in 0.004321 s
  refine_solution: new weight 59776 (was 59776) in 0.004142 s
9,,19085,35594,107,,640,0,,59804,59776,1359,1359,1359,,191,2,@@

  handle_small_Steiner_degrees: steiner 0, suppress 0 in 2.4e-05 s
Starting round 10
Found 60 isolated vertices
Invalid ratios recomputed: 760
Best ratio is 192/1 (192.0), centered at 312
Finding the best star... Star with 2 terminals centered in 5643
round took: 0.066561 s
|V| = 19140, |E| = 35588, |R| = 106
>>> get_solution
>>> get_solution
  refine_solution: new weight 59776 (was 59804) in 0.004315 s
  refine_solution: new weight 59776 (was 59776) in 0.004158 s
10,,19080,35588,106,,760,0,,59804,59776,1551,1551,1551,,192,2,@@

  handle_small_Steiner_degrees: steiner 0, suppress 0 in 2.4e-05 s
Starting round 11
Found 66 isolated vertices
Invalid ratios recomputed: 509
Best ratio is 213/1 (213.0), centered at 369
Finding the best star... Star with 2 terminals centered in 17059
round took: 0.034807 s
|V| = 19140, |E| = 35584, |R| = 105
>>> get_solution
>>> get_solution
  refine_solution: new weight 59884 (was 59912) in 0.004316 s
  refine_solution: new weight 59884 (was 59884) in 0.004142 s
11,,19074,35584,105,,509,0,,59912,59884,1764,1764,1764,,213,2,@@

  handle_small_Steiner_degrees: steiner 0, suppress 0 in 2.3e-05 s
Starting round 12
Found 70 isolated vertices
Invalid ratios recomputed: 643
Best ratio is 239/1 (239.0), centered at 238
Finding the best star... Star with 2 terminals centered in 11262
round took: 0.079442 s
|V| = 19140, |E| = 35577, |R| = 104
>>> get_solution
>>> get_solution
  refine_solution: new weight 59884 (was 59912) in 0.004337 s
  refine_solution: new weight 59884 (was 59884) in 0.004149 s
12,,19070,35577,104,,643,0,,59912,59884,2003,2003,2003,,239,2,@@

  handle_small_Steiner_degrees: steiner 0, suppress 2 in 4.7e-05 s
Starting round 13
Found 77 isolated vertices
Invalid ratios recomputed: 326
Best ratio is 482/2 (241.0), centered at 9591
Finding the best star... Star with 3 terminals centered in 17490
round took: 0.024521 s
|V| = 19140, |E| = 35562, |R| = 102
>>> get_solution
>>> get_solution
  refine_solution: new weight 59884 (was 59912) in 0.004352 s
  refine_solution: new weight 59884 (was 59884) in 0.004152 s
13,,19063,35562,102,,326,0,,59912,59884,2485,2485,2485,,482,3,@@

  handle_small_Steiner_degrees: steiner 0, suppress 0 in 3.1e-05 s
Starting round 14
Found 90 isolated vertices
Invalid ratios recomputed: 777
Best ratio is 253/1 (253.0), centered at 3302
Finding the best star... Star with 2 terminals centered in 16750
round took: 0.076508 s
|V| = 19140, |E| = 35557, |R| = 101
>>> get_solution
>>> get_solution
  refine_solution: new weight 59884 (was 59912) in 0.004343 s
  refine_solution: new weight 59884 (was 59884) in 0.004152 s
14,,19050,35557,101,,777,0,,59912,59884,2738,2738,2738,,253,2,@@

  handle_small_Steiner_degrees: steiner 0, suppress 1 in 4.7e-05 s
Starting round 15
Found 95 isolated vertices
Invalid ratios recomputed: 978
Best ratio is 254/1 (254.0), centered at 4739
Finding the best star... Star with 2 terminals centered in 15222
round took: 0.136451 s
|V| = 19140, |E| = 35549, |R| = 100
>>> get_solution
>>> get_solution
  refine_solution: new weight 59884 (was 59912) in 0.004352 s
  refine_solution: new weight 59884 (was 59884) in 0.004167 s
15,,19045,35549,100,,978,0,,59912,59884,2992,2992,2992,,254,2,@@

  handle_small_Steiner_degrees: steiner 0, suppress 1 in 2.7e-05 s
Starting round 16
Found 102 isolated vertices
Invalid ratios recomputed: 634
Best ratio is 255/1 (255.0), centered at 6201
Finding the best star... Star with 2 terminals centered in 16591
round took: 0.056564 s
|V| = 19140, |E| = 35539, |R| = 99
>>> get_solution
>>> get_solution
  refine_solution: new weight 59872 (was 59900) in 0.004324 s
  refine_solution: new weight 59872 (was 59872) in 0.004144 s
16,,19038,35539,99,,634,0,,59900,59872,3247,3247,3247,,255,2,@@

  delete_edges: deleted 31 edges in 0.005266 s and 2 rounds
  handle_small_Steiner_degrees: steiner 0, suppress 30 in 4.4e-05 s
Starting round 17
Found 138 isolated vertices
Invalid ratios recomputed: 1316
Best ratio is 263/1 (263.0), centered at 2082
Finding the best star... Star with 2 terminals centered in 2082
round took: 0.139371 s
|V| = 19140, |E| = 35473, |R| = 98
>>> get_solution
>>> get_solution
  refine_solution: new weight 59872 (was 59900) in 0.004321 s
  refine_solution: new weight 59872 (was 59872) in 0.004145 s
17,,19002,35473,98,,1316,0,,59900,59872,3510,3510,3510,,263,2,@@

  handle_small_Steiner_degrees: steiner 0, suppress 0 in 2.2e-05 s
Starting round 18
Found 142 isolated vertices
Invalid ratios recomputed: 964
Best ratio is 267/1 (267.0), centered at 4801
Finding the best star... Star with 2 terminals centered in 17075
round took: 0.084345 s
|V| = 19140, |E| = 35465, |R| = 97
>>> get_solution
>>> get_solution
  refine_solution: new weight 59872 (was 59900) in 0.004335 s
  refine_solution: new weight 59872 (was 59872) in 0.00414 s
18,,18998,35465,97,,964,0,,59900,59872,3777,3777,3777,,267,2,@@

  handle_small_Steiner_degrees: steiner 0, suppress 0 in 3.2e-05 s
Starting round 19
Found 150 isolated vertices
Invalid ratios recomputed: 914
Best ratio is 268/1 (268.0), centered at 935
Finding the best star... Star with 2 terminals centered in 6522
round took: 0.087625 s
|V| = 19140, |E| = 35457, |R| = 96
>>> get_solution
>>> get_solution
  refine_solution: new weight 59872 (was 59900) in 0.004318 s
  refine_solution: new weight 59872 (was 59872) in 0.004152 s
19,,18990,35457,96,,914,0,,59900,59872,4045,4045,4045,,268,2,@@

  handle_small_Steiner_degrees: steiner 0, suppress 0 in 2.4e-05 s
Starting round 20
Found 158 isolated vertices
Invalid ratios recomputed: 458
Best ratio is 274/1 (274.0), centered at 84
Finding the best star... Star with 2 terminals centered in 4370
round took: 0.029228 s
|V| = 19140, |E| = 35447, |R| = 95
>>> get_solution
>>> get_solution
  refine_solution: new weight 59872 (was 59900) in 0.004322 s
  refine_solution: new weight 59872 (was 59872) in 0.004152 s
20,,18982,35447,95,,458,0,,59900,59872,4319,4319,4319,,274,2,@@

  handle_small_Steiner_degrees: steiner 0, suppress 1 in 2.6e-05 s
Starting round 21
Found 166 isolated vertices
Invalid ratios recomputed: 602
Best ratio is 556/2 (278.0), centered at 4575
Finding the best star... Star with 3 terminals centered in 9888
round took: 0.048076 s
|V| = 19140, |E| = 35431, |R| = 93
>>> get_solution
>>> get_solution
  refine_solution: new weight 59868 (was 59896) in 0.004316 s
  refine_solution: new weight 59868 (was 59868) in 0.004153 s
21,,18974,35431,93,,602,0,,59896,59868,4875,4875,4875,,556,3,@@

  handle_small_Steiner_degrees: steiner 0, suppress 2 in 4.9e-05 s
Starting round 22
Found 181 isolated vertices
Invalid ratios recomputed: 451
Best ratio is 281/1 (281.0), centered at 157
Finding the best star... Star with 2 terminals centered in 8711
round took: 0.03024 s
|V| = 19140, |E| = 35416, |R| = 92
>>> get_solution
>>> get_solution
  refine_solution: new weight 59779 (was 59807) in 0.004333 s
  refine_solution: new weight 59779 (was 59779) in 0.004156 s
22,,18959,35416,92,,451,0,,59807,59779,5156,5156,5156,,281,2,@@

  handle_small_Steiner_degrees: steiner 0, suppress 1 in 3.1e-05 s
Starting round 23
Found 192 isolated vertices
Invalid ratios recomputed: 921
Best ratio is 295/1 (295.0), centered at 20
Finding the best star... Star with 2 terminals centered in 6522
round took: 0.077457 s
|V| = 19140, |E| = 35403, |R| = 91
>>> get_solution
>>> get_solution
  refine_solution: new weight 59749 (was 59777) in 0.004349 s
  refine_solution: new weight 59749 (was 59749) in 0.004142 s
23,,18948,35403,91,,921,0,,59777,59749,5451,5451,5451,,295,2,@@

  handle_small_Steiner_degrees: steiner 0, suppress 0 in 3.1e-05 s
Starting round 24
Found 201 isolated vertices
Invalid ratios recomputed: 642
Best ratio is 295/1 (295.0), centered at 2082
Finding the best star... Star with 2 terminals centered in 14592
round took: 0.042755 s
|V| = 19140, |E| = 35397, |R| = 90
>>> get_solution
>>> get_solution
  refine_solution: new weight 59749 (was 59777) in 0.00435 s
  refine_solution: new weight 59749 (was 59749) in 0.004142 s
24,,18939,35397,90,,642,0,,59777,59749,5746,5746,5746,,295,2,@@

  handle_small_Steiner_degrees: steiner 0, suppress 0 in 2.2e-05 s
Starting round 25
Found 206 isolated vertices
Invalid ratios recomputed: 1159
Best ratio is 302/1 (302.0), centered at 3599
Finding the best star... Star with 2 terminals centered in 9597
round took: 0.108308 s
|V| = 19140, |E| = 35391, |R| = 89
>>> get_solution
>>> get_solution
  refine_solution: new weight 59681 (was 59709) in 0.004317 s
  refine_solution: new weight 59681 (was 59681) in 0.004151 s
25,,18934,35391,89,,1159,0,,59709,59681,6048,6048,6048,,302,2,@@

  handle_small_Steiner_degrees: steiner 0, suppress 0 in 2.3e-05 s
Starting round 26
Found 211 isolated vertices
Invalid ratios recomputed: 568
Best ratio is 305/1 (305.0), centered at 4119
Finding the best star... Star with 2 terminals centered in 14571
round took: 0.040386 s
|V| = 19140, |E| = 35382, |R| = 88
>>> get_solution
>>> get_solution
  refine_solution: new weight 59687 (was 59799) in 0.004331 s
  refine_solution: new weight 59687 (was 59687) in 0.004129 s
26,,18929,35382,88,,568,0,,59799,59687,6353,6353,6353,,305,2,@@

  handle_small_Steiner_degrees: steiner 0, suppress 0 in 2.3e-05 s
Starting round 27
Found 220 isolated vertices
Invalid ratios recomputed: 1135
Best ratio is 308/1 (308.0), centered at 287
Finding the best star... Star with 2 terminals centered in 4242
round took: 0.097357 s
|V| = 19140, |E| = 35372, |R| = 87
>>> get_solution
>>> get_solution
  refine_solution: new weight 59687 (was 59799) in 0.004324 s
  refine_solution: new weight 59687 (was 59687) in 0.004135 s
27,,18920,35372,87,,1135,0,,59799,59687,6661,6661,6661,,308,2,@@

  handle_small_Steiner_degrees: steiner 0, suppress 0 in 2.3e-05 s
Starting round 28
Found 228 isolated vertices
Invalid ratios recomputed: 882
Best ratio is 310/1 (310.0), centered at 5002
Finding the best star... Star with 2 terminals centered in 17182
round took: 0.095811 s
|V| = 19140, |E| = 35364, |R| = 86
>>> get_solution
>>> get_solution
  refine_solution: new weight 59687 (was 59799) in 0.004329 s
  refine_solution: new weight 59687 (was 59687) in 0.004137 s
28,,18912,35364,86,,882,0,,59799,59687,6971,6971,6971,,310,2,@@

  handle_small_Steiner_degrees: steiner 0, suppress 0 in 2.4e-05 s
Starting round 29
Found 236 isolated vertices
Invalid ratios recomputed: 1930
Best ratio is 621/2 (310.5), centered at 1737
Finding the best star... Star with 3 terminals centered in 17059
round took: 0.517137 s
|V| = 19140, |E| = 35343, |R| = 84
>>> get_solution
>>> get_solution
  refine_solution: new weight 59511 (was 59623) in 0.004333 s
  refine_solution: new weight 59511 (was 59511) in 0.004138 s
29,,18904,35343,84,,1930,0,,59623,59511,7592,7592,7592,,621,3,@@

  handle_small_Steiner_degrees: steiner 0, suppress 2 in 3.3e-05 s
Starting round 30
Found 254 isolated vertices
Invalid ratios recomputed: 2308
Best ratio is 639/2 (319.5), centered at 11263
Finding the best star... Star with 3 terminals centered in 7564
round took: 0.554792 s
|V| = 19140, |E| = 35326, |R| = 82
>>> get_solution
>>> get_solution
  refine_solution: new weight 59511 (was 59623) in 0.004339 s
  refine_solution: new weight 59511 (was 59511) in 0.004135 s
30,,18886,35326,82,,2308,0,,59623,59511,8231,8231,8231,,639,3,@@

  handle_small_Steiner_degrees: steiner 0, suppress 2 in 5e-05 s
Starting round 31
Found 267 isolated vertices
Invalid ratios recomputed: 975
Best ratio is 644/2 (322.0), centered at 7597
Finding the best star... Star with 3 terminals centered in 18325
round took: 0.120796 s
|V| = 19140, |E| = 35303, |R| = 80
>>> get_solution
>>> get_solution
  refine_solution: new weight 59403 (was 59515) in 0.004325 s
  refine_solution: new weight 59403 (was 59403) in 0.00413 s
31,,18873,35303,80,,975,0,,59515,59403,8875,8875,8875,,644,3,@@

  handle_small_Steiner_degrees: steiner 0, suppress 2 in 5.1e-05 s
Starting round 32
Found 286 isolated vertices
Invalid ratios recomputed: 2178
Best ratio is 649/2 (324.5), centered at 4796
Finding the best star... Star with 3 terminals centered in 16671
round took: 0.568293 s
|V| = 19140, |E| = 35284, |R| = 78
>>> get_solution
>>> get_solution
  refine_solution: new weight 59411 (was 59419) in 0.00431 s
  refine_solution: new weight 59411 (was 59411) in 0.004133 s
32,,18854,35284,78,,2178,0,,59419,59411,9524,9524,9524,,649,3,@@

  delete_edges: deleted 65 edges in 0.007778 s and 3 rounds
  handle_small_Steiner_degrees: steiner 1, suppress 51 in 5.5e-05 s
Starting round 33
Found 351 isolated vertices
Invalid ratios recomputed: 1336
Best ratio is 329/1 (329.0), centered at 81
Finding the best star... Star with 2 terminals centered in 13485
round took: 0.166542 s
|V| = 19140, |E| = 35155, |R| = 77
>>> get_solution
>>> get_solution
  refine_solution: new weight 59411 (was 59419) in 0.004304 s
  refine_solution: new weight 59411 (was 59411) in 0.004157 s
33,,18789,35155,77,,1336,0,,59419,59411,9853,9853,9853,,329,2,@@

  handle_small_Steiner_degrees: steiner 0, suppress 0 in 2.9e-05 s
Starting round 34
Found 359 isolated vertices
Invalid ratios recomputed: 1033
Best ratio is 336/1 (336.0), centered at 2775
Finding the best star... Star with 2 terminals centered in 9739
round took: 0.132304 s
|V| = 19140, |E| = 35146, |R| = 76
>>> get_solution
>>> get_solution
  refine_solution: new weight 59411 (was 59419) in 0.004331 s
  refine_solution: new weight 59411 (was 59411) in 0.004165 s
34,,18781,35146,76,,1033,0,,59419,59411,10189,10189,10189,,336,2,@@

  handle_small_Steiner_degrees: steiner 0, suppress 0 in 2.2e-05 s
Starting round 35
Found 368 isolated vertices
Invalid ratios recomputed: 814
Best ratio is 341/1 (341.0), centered at 2743
Finding the best star... Star with 2 terminals centered in 6522
round took: 0.07855 s
|V| = 19140, |E| = 35138, |R| = 75
>>> get_solution
>>> get_solution
  refine_solution: new weight 59353 (was 59361) in 0.004318 s
  refine_solution: new weight 59353 (was 59353) in 0.004132 s
35,,18772,35138,75,,814,0,,59361,59353,10530,10530,10530,,341,2,@@

  handle_small_Steiner_degrees: steiner 0, suppress 1 in 4.5e-05 s
Starting round 36
Found 375 isolated vertices
Invalid ratios recomputed: 844
Best ratio is 341/1 (341.0), centered at 3201
Finding the best star... Star with 2 terminals centered in 5073
round took: 0.067485 s
|V| = 19140, |E| = 35126, |R| = 74
>>> get_solution
>>> get_solution
  refine_solution: new weight 59353 (was 59361) in 0.004316 s
  refine_solution: new weight 59353 (was 59353) in 0.00414 s
36,,18765,35126,74,,844,0,,59361,59353,10871,10871,10871,,341,2,@@

  handle_small_Steiner_degrees: steiner 0, suppress 0 in 2.3e-05 s
Starting round 37
Found 386 isolated vertices
Invalid ratios recomputed: 1250
Best ratio is 346/1 (346.0), centered at 2722
Finding the best star... Star with 2 terminals centered in 9888
round took: 0.172508 s
|V| = 19140, |E| = 35113, |R| = 73
>>> get_solution
>>> get_solution
  refine_solution: new weight 59353 (was 59361) in 0.004319 s
  refine_solution: new weight 59353 (was 59353) in 0.004148 s
37,,18754,35113,73,,1250,0,,59361,59353,11217,11217,11217,,346,2,@@

  handle_small_Steiner_degrees: steiner 0, suppress 2 in 3.1e-05 s
Starting round 38
Found 397 isolated vertices
Invalid ratios recomputed: 1006
Best ratio is 348/1 (348.0), centered at 640
Finding the best star... Star with 2 terminals centered in 9597
round took: 0.091868 s
|V| = 19140, |E| = 35101, |R| = 72
>>> get_solution
>>> get_solution
  refine_solution: new weight 59353 (was 59361) in 0.004309 s
  refine_solution: new weight 59353 (was 59353) in 0.004164 s
38,,18743,35101,72,,1006,0,,59361,59353,11565,11565,11565,,348,2,@@

  handle_small_Steiner_degrees: steiner 0, suppress 3 in 5.1e-05 s
Starting round 39
Found 407 isolated vertices
Invalid ratios recomputed: 969
Best ratio is 369/1 (369.0), centered at 3736
Finding the best star... Star with 2 terminals centered in 13024
round took: 0.112195 s
|V| = 19140, |E| = 35088, |R| = 71
>>> get_solution
>>> get_solution
  refine_solution: new weight 59353 (was 59361) in 0.004311 s
  refine_solution: new weight 59353 (was 59353) in 0.004147 s
39,,18733,35088,71,,969,0,,59361,59353,11934,11934,11934,,369,2,@@

  handle_small_Steiner_degrees: steiner 0, suppress 0 in 2.3e-05 s
Starting round 40
Found 415 isolated vertices
Invalid ratios recomputed: 822
Best ratio is 761/2 (380.5), centered at 10812
Finding the best star... Star with 3 terminals centered in 17059
round took: 0.072688 s
|V| = 19140, |E| = 35061, |R| = 69
>>> get_solution
>>> get_solution
  refine_solution: new weight 59227 (was 59235) in 0.004313 s
  refine_solution: new weight 59227 (was 59227) in 0.004164 s
40,,18725,35061,69,,822,0,,59235,59227,12695,12695,12695,,761,3,@@

  handle_small_Steiner_degrees: steiner 0, suppress 1 in 2.7e-05 s
Starting round 41
Found 436 isolated vertices
Invalid ratios recomputed: 3048
Best ratio is 383/1 (383.0), centered at 780
Finding the best star... Star with 2 terminals centered in 18785
round took: 0.829952 s
|V| = 19140, |E| = 35047, |R| = 68
>>> get_solution
>>> get_solution
  refine_solution: new weight 59118 (was 59118) in 0.004316 s
41,,18704,35047,68,,3048,0,,59118,59118,13078,13078,13078,,383,2,@@

  handle_small_Steiner_degrees: steiner 0, suppress 1 in 4.7e-05 s
Starting round 42
Found 446 isolated vertices
Invalid ratios recomputed: 1044
Best ratio is 392/1 (392.0), centered at 1349
Finding the best star... Star with 2 terminals centered in 9276
round took: 0.105982 s
|V| = 19140, |E| = 35036, |R| = 67
>>> get_solution
>>> get_solution
  refine_solution: new weight 59110 (was 59110) in 0.00436 s
42,,18694,35036,67,,1044,0,,59110,59110,13470,13470,13470,,392,2,@@

  handle_small_Steiner_degrees: steiner 0, suppress 0 in 2.3e-05 s
Starting round 43
Found 455 isolated vertices
Invalid ratios recomputed: 1421
Best ratio is 406/1 (406.0), centered at 2432
Finding the best star... Star with 2 terminals centered in 11217
round took: 0.22606 s
|V| = 19140, |E| = 35021, |R| = 66
>>> get_solution
>>> get_solution
  refine_solution: new weight 59110 (was 59110) in 0.004338 s
43,,18685,35021,66,,1421,0,,59110,59110,13876,13876,13876,,406,2,@@

  handle_small_Steiner_degrees: steiner 0, suppress 1 in 3e-05 s
Starting round 44
Found 466 isolated vertices
Invalid ratios recomputed: 1281
Best ratio is 408/1 (408.0), centered at 1159
Finding the best star... Star with 2 terminals centered in 16591
round took: 0.141536 s
|V| = 19140, |E| = 35005, |R| = 65
>>> get_solution
>>> get_solution
  refine_solution: new weight 59110 (was 59110) in 0.004334 s
44,,18674,35005,65,,1281,0,,59110,59110,14284,14284,14284,,408,2,@@

  handle_small_Steiner_degrees: steiner 0, suppress 3 in 4.8e-05 s
Starting round 45
Found 481 isolated vertices
Invalid ratios recomputed: 1490
Best ratio is 428/1 (428.0), centered at 1611
Finding the best star... Star with 2 terminals centered in 3393
round took: 0.186415 s
|V| = 19140, |E| = 34994, |R| = 64
>>> get_solution
>>> get_solution
  refine_solution: new weight 59110 (was 59110) in 0.004336 s
45,,18659,34994,64,,1490,0,,59110,59110,14712,14712,14712,,428,2,@@

  handle_small_Steiner_degrees: steiner 0, suppress 0 in 3e-05 s
Starting round 46
Found 488 isolated vertices
Invalid ratios recomputed: 1204
Best ratio is 449/1 (449.0), centered at 2366
Finding the best star... Star with 2 terminals centered in 10865
round took: 0.156798 s
|V| = 19140, |E| = 34984, |R| = 63
>>> get_solution
>>> get_solution
  refine_solution: new weight 59110 (was 59110) in 0.004318 s
46,,18652,34984,63,,1204,0,,59110,59110,15161,15161,15161,,449,2,@@

  handle_small_Steiner_degrees: steiner 0, suppress 0 in 2.2e-05 s
Starting round 47
Found 498 isolated vertices
Invalid ratios recomputed: 530
Best ratio is 919/2 (459.5), centered at 6775
Finding the best star... Star with 3 terminals centered in 8711
round took: 0.054718 s
|V| = 19140, |E| = 34964, |R| = 61
>>> get_solution
>>> get_solution
  refine_solution: new weight 59032 (was 59032) in 0.004326 s
47,,18642,34964,61,,530,0,,59032,59032,16080,16080,16080,,919,3,@@

  handle_small_Steiner_degrees: steiner 0, suppress 0 in 2.2e-05 s
Starting round 48
Found 516 isolated vertices
Invalid ratios recomputed: 1483
Best ratio is 464/1 (464.0), centered at 3478
Finding the best star... Star with 2 terminals centered in 4538
round took: 0.216788 s
|V| = 19140, |E| = 34955, |R| = 60
>>> get_solution
>>> get_solution
  refine_solution: new weight 59032 (was 59032) in 0.004325 s
48,,18624,34955,60,,1483,0,,59032,59032,16544,16544,16544,,464,2,@@

  delete_edges: deleted 89 edges in 0.010446 s and 4 rounds
  handle_small_Steiner_degrees: steiner 2, suppress 70 in 6.7e-05 s
Starting round 49
Found 596 isolated vertices
Invalid ratios recomputed: 730
Best ratio is 465/1 (465.0), centered at 4242
Finding the best star... Star with 2 terminals centered in 16827
round took: 0.068069 s
|V| = 19140, |E| = 34780, |R| = 59
>>> get_solution
>>> get_solution
  refine_solution: new weight 59032 (was 59032) in 0.004321 s
49,,18544,34780,59,,730,0,,59032,59032,17009,17009,17009,,465,2,@@

  handle_small_Steiner_degrees: steiner 0, suppress 1 in 3e-05 s
Starting round 50
Found 606 isolated vertices
Invalid ratios recomputed: 1100
Best ratio is 466/1 (466.0), centered at 116
Finding the best star... Star with 2 terminals centered in 6445
round took: 0.13117 s
|V| = 19140, |E| = 34766, |R| = 58
>>> get_solution
>>> get_solution
  refine_solution: new weight 59032 (was 59032) in 0.00433 s
50,,18534,34766,58,,1100,0,,59032,59032,17475,17475,17475,,466,2,@@

  handle_small_Steiner_degrees: steiner 0, suppress 1 in 3e-05 s
Starting round 51
Found 617 isolated vertices
Invalid ratios recomputed: 1904
Best ratio is 481/1 (481.0), centered at 127
Finding the best star... Star with 2 terminals centered in 4370
round took: 0.377471 s
|V| = 19140, |E| = 34755, |R| = 57
>>> get_solution
>>> get_solution
  refine_solution: new weight 59032 (was 59032) in 0.004329 s
51,,18523,34755,57,,1904,0,,59032,59032,17956,17956,17956,,481,2,@@

  handle_small_Steiner_degrees: steiner 0, suppress 0 in 2.7e-05 s
Starting round 52
Found 626 isolated vertices
Invalid ratios recomputed: 1251
Best ratio is 483/1 (483.0), centered at 2801
Finding the best star... Star with 2 terminals centered in 9888
round took: 0.141102 s
|V| = 19140, |E| = 34744, |R| = 56
>>> get_solution
>>> get_solution
  refine_solution: new weight 58910 (was 58910) in 0.00433 s
52,,18514,34744,56,,1251,0,,58910,58910,18439,18439,18439,,483,2,@@

  handle_small_Steiner_degrees: steiner 0, suppress 0 in 2.3e-05 s
Starting round 53
Found 637 isolated vertices
Invalid ratios recomputed: 1326
Best ratio is 979/2 (489.5), centered at 15941
Finding the best star... Star with 3 terminals centered in 18785
round took: 0.170581 s
|V| = 19140, |E| = 34723, |R| = 54
>>> get_solution
>>> get_solution
  refine_solution: new weight 58830 (was 58830) in 0.004337 s
53,,18503,34723,54,,1326,0,,58830,58830,19418,19418,19418,,979,3,@@

  handle_small_Steiner_degrees: steiner 0, suppress 2 in 2.8e-05 s
Starting round 54
Found 658 isolated vertices
Invalid ratios recomputed: 2135
Best ratio is 493/1 (493.0), centered at 1338
Finding the best star... Star with 2 terminals centered in 9597
round took: 0.338408 s
|V| = 19140, |E| = 34707, |R| = 53
>>> get_solution
>>> get_solution
  refine_solution: new weight 58799 (was 58799) in 0.004314 s
54,,18482,34707,53,,2135,0,,58799,58799,19911,19911,19911,,493,2,@@

  handle_small_Steiner_degrees: steiner 0, suppress 0 in 2.2e-05 s
Starting round 55
Found 668 isolated vertices
Invalid ratios recomputed: 1280
Best ratio is 498/1 (498.0), centered at 502
Finding the best star... Star with 2 terminals centered in 8960
round took: 0.173027 s
|V| = 19140, |E| = 34692, |R| = 52
>>> get_solution
>>> get_solution
  refine_solution: new weight 58799 (was 58799) in 0.004321 s
55,,18472,34692,52,,1280,0,,58799,58799,20409,20409,20409,,498,2,@@

  handle_small_Steiner_degrees: steiner 0, suppress 2 in 3e-05 s
Starting round 56
Found 683 isolated vertices
Invalid ratios recomputed: 989
Best ratio is 499/1 (499.0), centered at 1042
Finding the best star... Star with 2 terminals centered in 17059
round took: 0.119072 s
|V| = 19140, |E| = 34674, |R| = 51
>>> get_solution
>>> get_solution
  refine_solution: new weight 58799 (was 58799) in 0.004317 s
56,,18457,34674,51,,989,0,,58799,58799,20908,20908,20908,,499,2,@@

  handle_small_Steiner_degrees: steiner 0, suppress 1 in 3.1e-05 s
Starting round 57
Found 694 isolated vertices
Invalid ratios recomputed: 3499
Best ratio is 522/1 (522.0), centered at 2834
Finding the best star... Star with 2 terminals centered in 18785
round took: 1.04479 s
|V| = 19140, |E| = 34658, |R| = 50
>>> get_solution
>>> get_solution
  refine_solution: new weight 58799 (was 58799) in 0.004347 s
57,,18446,34658,50,,3499,0,,58799,58799,21430,21430,21430,,522,2,@@

  handle_small_Steiner_degrees: steiner 0, suppress 1 in 4.7e-05 s
Starting round 58
Found 706 isolated vertices
Invalid ratios recomputed: 2644
Best ratio is 526/1 (526.0), centered at 4601
Finding the best star... Star with 2 terminals centered in 15498
round took: 0.558563 s
|V| = 19140, |E| = 34646, |R| = 49
>>> get_solution
>>> get_solution
  refine_solution: new weight 58683 (was 58683) in 0.00433 s
58,,18434,34646,49,,2644,0,,58683,58683,21956,21956,21956,,526,2,@@

  handle_small_Steiner_degrees: steiner 0, suppress 0 in 2.3e-05 s
Starting round 59
Found 717 isolated vertices
Invalid ratios recomputed: 1724
Best ratio is 1060/2 (530.0), centered at 4057
Finding the best star... Star with 3 terminals centered in 15222
round took: 0.277498 s
|V| = 19140, |E| = 34613, |R| = 47
>>> get_solution
>>> get_solution
  refine_solution: new weight 58599 (was 58599) in 0.004323 s
59,,18423,34613,47,,1724,0,,58599,58599,23016,23016,23016,,1060,3,@@

  handle_small_Steiner_degrees: steiner 0, suppress 2 in 3.4e-05 s
Starting round 60
Found 743 isolated vertices
Invalid ratios recomputed: 2485
Best ratio is 1062/2 (531.0), centered at 5688
Finding the best star... Star with 3 terminals centered in 10667
round took: 0.53833 s
|V| = 19140, |E| = 34582, |R| = 45
>>> get_solution
>>> get_solution
  refine_solution: new weight 58470 (was 58470) in 0.004328 s
60,,18397,34582,45,,2485,0,,58470,58470,24078,24078,24078,,1062,3,@@

  handle_small_Steiner_degrees: steiner 0, suppress 3 in 3.4e-05 s
Starting round 61
Found 770 isolated vertices
Invalid ratios recomputed: 1659
Best ratio is 543/1 (543.0), centered at 2195
Finding the best star... Star with 2 terminals centered in 18325
round took: 0.415978 s
|V| = 19140, |E| = 34567, |R| = 44
>>> get_solution
>>> get_solution
  refine_solution: new weight 58470 (was 58470) in 0.004315 s
61,,18370,34567,44,,1659,0,,58470,58470,24621,24621,24621,,543,2,@@

  handle_small_Steiner_degrees: steiner 0, suppress 1 in 3.1e-05 s
Starting round 62
Found 780 isolated vertices
Invalid ratios recomputed: 2375
Best ratio is 546/1 (546.0), centered at 3468
Finding the best star... Star with 2 terminals centered in 5235
round took: 0.703033 s
|V| = 19140, |E| = 34558, |R| = 43
>>> get_solution
>>> get_solution
  refine_solution: new weight 58470 (was 58470) in 0.004325 s
62,,18360,34558,43,,2375,0,,58470,58470,25167,25167,25167,,546,2,@@

  handle_small_Steiner_degrees: steiner 0, suppress 1 in 3.1e-05 s
Starting round 63
Found 787 isolated vertices
Invalid ratios recomputed: 1593
Best ratio is 562/1 (562.0), centered at 132
Finding the best star... Star with 2 terminals centered in 13485
round took: 0.214232 s
|V| = 19140, |E| = 34537, |R| = 42
>>> get_solution
>>> get_solution
  refine_solution: new weight 58470 (was 58470) in 0.004355 s
63,,18353,34537,42,,1593,0,,58470,58470,25729,25729,25729,,562,2,@@

  handle_small_Steiner_degrees: steiner 0, suppress 1 in 4.6e-05 s
Starting round 64
Found 802 isolated vertices
Invalid ratios recomputed: 1809
Best ratio is 563/1 (563.0), centered at 19
Finding the best star... Star with 2 terminals centered in 9183
round took: 0.34371 s
|V| = 19140, |E| = 34517, |R| = 41
>>> get_solution
>>> get_solution
  refine_solution: new weight 58470 (was 58470) in 0.004333 s
64,,18338,34517,41,,1809,0,,58470,58470,26292,26292,26292,,563,2,@@

  delete_edges: deleted 86 edges in 0.008364 s and 3 rounds
  handle_small_Steiner_degrees: steiner 2, suppress 82 in 8.2e-05 s
Starting round 65
Found 899 isolated vertices
Invalid ratios recomputed: 3087
Best ratio is 568/1 (568.0), centered at 1820
Finding the best star... Star with 2 terminals centered in 7564
round took: 0.847162 s
|V| = 19140, |E| = 34318, |R| = 40
>>> get_solution
>>> get_solution
  refine_solution: new weight 58452 (was 58452) in 0.004326 s
65,,18241,34318,40,,3087,0,,58452,58452,26860,26860,26860,,568,2,@@

  handle_small_Steiner_degrees: steiner 0, suppress 7 in 6e-05 s
Starting round 66
Found 919 isolated vertices
Invalid ratios recomputed: 2237
Best ratio is 572/1 (572.0), centered at 1998
Finding the best star... Star with 2 terminals centered in 9276
round took: 0.542966 s
|V| = 19140, |E| = 34292, |R| = 39
>>> get_solution
>>> get_solution
  refine_solution: new weight 58388 (was 58416) in 0.00432 s
  refine_solution: new weight 58388 (was 58388) in 0.004139 s
66,,18221,34292,39,,2237,0,,58416,58388,27432,27432,27432,,572,2,@@

  handle_small_Steiner_degrees: steiner 0, suppress 2 in 3.3e-05 s
Starting round 67
Found 932 isolated vertices
Invalid ratios recomputed: 1961
Best ratio is 578/1 (578.0), centered at 118
Finding the best star... Star with 2 terminals centered in 8960
round took: 0.404121 s
|V| = 19140, |E| = 34275, |R| = 38
>>> get_solution
>>> get_solution
  refine_solution: new weight 58388 (was 58416) in 0.004346 s
  refine_solution: new weight 58388 (was 58388) in 0.004145 s
67,,18208,34275,38,,1961,0,,58416,58388,28010,28010,28010,,578,2,@@

  handle_small_Steiner_degrees: steiner 0, suppress 2 in 5.5e-05 s
Starting round 68
Found 945 isolated vertices
Invalid ratios recomputed: 3897
Best ratio is 581/1 (581.0), centered at 691
Finding the best star... Star with 2 terminals centered in 17059
round took: 1.18726 s
|V| = 19140, |E| = 34261, |R| = 37
>>> get_solution
>>> get_solution
  refine_solution: new weight 58288 (was 58316) in 0.004373 s
  refine_solution: new weight 58288 (was 58288) in 0.004159 s
68,,18195,34261,37,,3897,0,,58316,58288,28591,28591,28591,,581,2,@@

  handle_small_Steiner_degrees: steiner 0, suppress 0 in 2.7e-05 s
Starting round 69
Found 956 isolated vertices
Invalid ratios recomputed: 3789
Best ratio is 587/1 (587.0), centered at 210
Finding the best star... Star with 2 terminals centered in 18325
round took: 1.26364 s
|V| = 19140, |E| = 34240, |R| = 36
>>> get_solution
>>> get_solution
  refine_solution: new weight 58288 (was 58316) in 0.004349 s
  refine_solution: new weight 58288 (was 58288) in 0.004147 s
69,,18184,34240,36,,3789,0,,58316,58288,29178,29178,29178,,587,2,@@

  handle_small_Steiner_degrees: steiner 0, suppress 3 in 3.3e-05 s
Starting round 70
Found 977 isolated vertices
Invalid ratios recomputed: 3649
Best ratio is 607/1 (607.0), centered at 527
Finding the best star... Star with 2 terminals centered in 6445
round took: 1.26984 s
|V| = 19140, |E| = 34216, |R| = 35
>>> get_solution
>>> get_solution
  refine_solution: new weight 58288 (was 58316) in 0.004347 s
  refine_solution: new weight 58288 (was 58288) in 0.00414 s
70,,18163,34216,35,,3649,0,,58316,58288,29785,29785,29785,,607,2,@@

  handle_small_Steiner_degrees: steiner 0, suppress 1 in 4.8e-05 s
Starting round 71
Found 993 isolated vertices
Invalid ratios recomputed: 3673
Best ratio is 617/1 (617.0), centered at 181
Finding the best star... Star with 2 terminals centered in 9739
round took: 1.18224 s
|V| = 19140, |E| = 34197, |R| = 34
>>> get_solution
>>> get_solution
  refine_solution: new weight 58288 (was 58316) in 0.004361 s
  refine_solution: new weight 58288 (was 58288) in 0.004136 s
71,,18147,34197,34,,3673,0,,58316,58288,30402,30402,30402,,617,2,@@

  handle_small_Steiner_degrees: steiner 0, suppress 2 in 4.9e-05 s
Starting round 72
Found 1009 isolated vertices
Invalid ratios recomputed: 1300
Best ratio is 1250/2 (625.0), centered at 908
Finding the best star... Star with 3 terminals centered in 5235
round took: 0.266526 s
|V| = 19140, |E| = 34163, |R| = 32
>>> get_solution
>>> get_solution
  refine_solution: new weight 58182 (was 58210) in 0.004343 s
  refine_solution: new weight 58182 (was 58182) in 0.004152 s
72,,18131,34163,32,,1300,0,,58210,58182,31652,31652,31652,,1250,3,@@

  handle_small_Steiner_degrees: steiner 0, suppress 0 in 2.8e-05 s
Starting round 73
Found 1038 isolated vertices
Invalid ratios recomputed: 2097
Best ratio is 626/1 (626.0), centered at 347
Finding the best star... Star with 2 terminals centered in 13073
round took: 0.536927 s
|V| = 19140, |E| = 34150, |R| = 31
>>> get_solution
>>> get_solution
  refine_solution: new weight 58182 (was 58210) in 0.004362 s
  refine_solution: new weight 58182 (was 58182) in 0.004142 s
73,,18102,34150,31,,2097,0,,58210,58182,32278,32278,32278,,626,2,@@

  handle_small_Steiner_degrees: steiner 0, suppress 0 in 2.2e-05 s
Starting round 74
Found 1049 isolated vertices
Invalid ratios recomputed: 1952
Best ratio is 674/1 (674.0), centered at 82
Finding the best star... Star with 2 terminals centered in 6445
round took: 0.754609 s
|V| = 19140, |E| = 34135, |R| = 30
>>> get_solution
>>> get_solution
  refine_solution: new weight 58171 (was 58199) in 0.004344 s
  refine_solution: new weight 58171 (was 58171) in 0.004152 s
74,,18091,34135,30,,1952,0,,58199,58171,32952,32952,32952,,674,2,@@

  handle_small_Steiner_degrees: steiner 0, suppress 0 in 2.7e-05 s
Starting round 75
Found 1062 isolated vertices
Invalid ratios recomputed: 4340
Best ratio is 1352/2 (676.0), centered at 4933
Finding the best star... Star with 3 terminals centered in 7928
round took: 1.73926 s
|V| = 19140, |E| = 34109, |R| = 28
>>> get_solution
>>> get_solution
  refine_solution: new weight 58143 (was 58171) in 0.004364 s
  refine_solution: new weight 58143 (was 58143) in 0.004157 s
75,,18078,34109,28,,4340,0,,58171,58143,34304,34304,34304,,1352,3,@@

  handle_small_Steiner_degrees: steiner 0, suppress 5 in 3.5e-05 s
Starting round 76
Found 1089 isolated vertices
Invalid ratios recomputed: 3734
Best ratio is 1372/2 (686.0), centered at 14689
Finding the best star... Star with 3 terminals centered in 8960
round took: 1.18797 s
|V| = 19140, |E| = 34063, |R| = 26
>>> get_solution
>>> get_solution
  refine_solution: new weight 58099 (was 58127) in 0.004352 s
  refine_solution: new weight 58099 (was 58099) in 0.004144 s
76,,18051,34063,26,,3734,0,,58127,58099,35676,35676,35676,,1372,3,@@

  handle_small_Steiner_degrees: steiner 0, suppress 0 in 2.6e-05 s
Starting round 77
Found 1121 isolated vertices
Invalid ratios recomputed: 9084
Best ratio is 688/1 (688.0), centered at 635
Finding the best star... Star with 2 terminals centered in 9183
round took: 4.96017 s
|V| = 19140, |E| = 34045, |R| = 25
>>> get_solution
>>> get_solution
  refine_solution: new weight 58099 (was 58127) in 0.004357 s
  refine_solution: new weight 58099 (was 58099) in 0.004152 s
77,,18019,34045,25,,9084,0,,58127,58099,36364,36364,36364,,688,2,@@

  handle_small_Steiner_degrees: steiner 0, suppress 2 in 3.7e-05 s
Starting round 78
Found 1137 isolated vertices
Invalid ratios recomputed: 11130
Best ratio is 691/1 (691.0), centered at 1332
Finding the best star... Star with 2 terminals centered in 12446
round took: 7.50988 s
|V| = 19140, |E| = 34030, |R| = 24
>>> get_solution
>>> get_solution
  refine_solution: new weight 57979 (was 58007) in 0.004347 s
  refine_solution: new weight 57979 (was 57979) in 0.004146 s
78,,18003,34030,24,,11130,0,,58007,57979,37055,37055,37055,,691,2,@@

  handle_small_Steiner_degrees: steiner 0, suppress 2 in 2.9e-05 s
Starting round 79
Found 1150 isolated vertices
Invalid ratios recomputed: 1387
Best ratio is 725/1 (725.0), centered at 136
Finding the best star... Star with 2 terminals centered in 18325
round took: 0.440515 s
|V| = 19140, |E| = 34007, |R| = 23
>>> get_solution
>>> get_solution
  refine_solution: new weight 57979 (was 58007) in 0.004346 s
  refine_solution: new weight 57979 (was 57979) in 0.004146 s
79,,17990,34007,23,,1387,0,,58007,57979,37780,37780,37780,,725,2,@@

  handle_small_Steiner_degrees: steiner 0, suppress 1 in 4.6e-05 s
Starting round 80
Found 1167 isolated vertices
Invalid ratios recomputed: 11278
Best ratio is 727/1 (727.0), centered at 128
Finding the best star... Star with 2 terminals centered in 7928
round took: 8.77093 s
|V| = 19140, |E| = 33987, |R| = 22
>>> get_solution
>>> get_solution
  refine_solution: new weight 57979 (was 58007) in 0.004358 s
  refine_solution: new weight 57979 (was 57979) in 0.004152 s
80,,17973,33987,22,,11278,0,,58007,57979,38507,38507,38507,,727,2,@@

  delete_edges: deleted 143 edges in 0.035519 s and 10 rounds
  handle_small_Steiner_degrees: steiner 9, suppress 112 in 0.000154 s
Starting round 81
Found 1303 isolated vertices
Invalid ratios recomputed: 8437
Best ratio is 728/1 (728.0), centered at 54
Finding the best star... Star with 2 terminals centered in 15498
round took: 6.25179 s
|V| = 19140, |E| = 33696, |R| = 21
>>> get_solution
>>> get_solution
  refine_solution: new weight 57979 (was 58007) in 0.004342 s
  refine_solution: new weight 57979 (was 57979) in 0.00415 s
81,,17837,33696,21,,8437,0,,58007,57979,39235,39235,39235,,728,2,@@

  handle_small_Steiner_degrees: steiner 0, suppress 5 in 4.3e-05 s
Starting round 82
Found 1325 isolated vertices
Invalid ratios recomputed: 3682
Best ratio is 729/1 (729.0), centered at 554
Finding the best star... Star with 2 terminals centered in 13073
round took: 1.76057 s
|V| = 19140, |E| = 33675, |R| = 20
>>> get_solution
>>> get_solution
  refine_solution: new weight 57979 (was 58007) in 0.004347 s
  refine_solution: new weight 57979 (was 57979) in 0.004137 s
82,,17815,33675,20,,3682,0,,58007,57979,39964,39964,39964,,729,2,@@

  handle_small_Steiner_degrees: steiner 0, suppress 2 in 3.1e-05 s
Starting round 83
Found 1338 isolated vertices
Invalid ratios recomputed: 5588
Best ratio is 781/1 (781.0), centered at 2845
Finding the best star... Star with 2 terminals centered in 15186
round took: 5.41366 s
|V| = 19140, |E| = 33653, |R| = 19
>>> get_solution
>>> get_solution
  refine_solution: new weight 57979 (was 58007) in 0.004352 s
  refine_solution: new weight 57979 (was 57979) in 0.004134 s
83,,17802,33653,19,,5588,0,,58007,57979,40745,40745,40745,,781,2,@@

  handle_small_Steiner_degrees: steiner 0, suppress 3 in 5.3e-05 s
Starting round 84
Found 1356 isolated vertices
Invalid ratios recomputed: 12049
Best ratio is 782/1 (782.0), centered at 248
Finding the best star... Star with 2 terminals centered in 15186
round took: 10.2352 s
|V| = 19140, |E| = 33631, |R| = 18
>>> get_solution
>>> get_solution
  refine_solution: new weight 57979 (was 58007) in 0.004373 s
  refine_solution: new weight 57979 (was 57979) in 0.004168 s
84,,17784,33631,18,,12049,0,,58007,57979,41527,41527,41527,,782,2,@@

  handle_small_Steiner_degrees: steiner 0, suppress 0 in 2.2e-05 s
Starting round 85
Found 1371 isolated vertices
Invalid ratios recomputed: 14032
Best ratio is 804/1 (804.0), centered at 472
Finding the best star... Star with 2 terminals centered in 15186
round took: 14.9641 s
|V| = 19140, |E| = 33613, |R| = 17
>>> get_solution
>>> get_solution
  refine_solution: new weight 57979 (was 58007) in 0.004368 s
  refine_solution: new weight 57979 (was 57979) in 0.004138 s
85,,17769,33613,17,,14032,0,,58007,57979,42331,42331,42331,,804,2,@@

  handle_small_Steiner_degrees: steiner 0, suppress 0 in 2.6e-05 s
Starting round 86
Found 1387 isolated vertices
Invalid ratios recomputed: 14016
Best ratio is 805/1 (805.0), centered at 1542
Finding the best star... Star with 2 terminals centered in 15186
round took: 16.1391 s
|V| = 19140, |E| = 33599, |R| = 16
>>> get_solution
>>> get_solution
  refine_solution: new weight 57979 (was 58007) in 0.004387 s
  refine_solution: new weight 57979 (was 57979) in 0.004139 s
86,,17753,33599,16,,14016,0,,58007,57979,43136,43136,43136,,805,2,@@

  handle_small_Steiner_degrees: steiner 0, suppress 1 in 5.4e-05 s
Starting round 87
Found 1399 isolated vertices
Invalid ratios recomputed: 14449
Best ratio is 822/1 (822.0), centered at 28
Finding the best star... Star with 2 terminals centered in 6445
round took: 17.1147 s
|V| = 19140, |E| = 33579, |R| = 15
>>> get_solution
>>> get_solution
  refine_solution: new weight 57979 (was 58007) in 0.004394 s
  refine_solution: new weight 57979 (was 57979) in 0.00415 s
87,,17741,33579,15,,14449,0,,58007,57979,43958,43958,43958,,822,2,@@

  handle_small_Steiner_degrees: steiner 0, suppress 5 in 5.6e-05 s
Starting round 88
Found 1418 isolated vertices
Invalid ratios recomputed: 11732
Best ratio is 830/1 (830.0), centered at 314
Finding the best star... Star with 2 terminals centered in 15186
round took: 15.7373 s
|V| = 19140, |E| = 33549, |R| = 14
>>> get_solution
>>> get_solution
  refine_solution: new weight 57979 (was 58007) in 0.004283 s
  refine_solution: new weight 57979 (was 57979) in 0.004138 s
88,,17722,33549,14,,11732,0,,58007,57979,44788,44788,44788,,830,2,@@

  handle_small_Steiner_degrees: steiner 0, suppress 1 in 5e-05 s
Starting round 89
Found 1438 isolated vertices
Invalid ratios recomputed: 15339
Best ratio is 1669/2 (834.5), centered at 7107
Finding the best star... Star with 3 terminals centered in 12446
round took: 21.0572 s
|V| = 19140, |E| = 33515, |R| = 12
>>> get_solution
>>> get_solution
  refine_solution: new weight 57729 (was 57757) in 0.004324 s
  refine_solution: new weight 57729 (was 57729) in 0.004709 s
89,,17702,33515,12,,15339,0,,57757,57729,46457,46457,46457,,1669,3,@@

  handle_small_Steiner_degrees: steiner 0, suppress 0 in 2.6e-05 s
Starting round 90
Found 1467 isolated vertices
Invalid ratios recomputed: 15565
Best ratio is 858/1 (858.0), centered at 298
Finding the best star... Star with 2 terminals centered in 12446
round took: 23.5869 s
|V| = 19140, |E| = 33491, |R| = 11
>>> get_solution
>>> get_solution
  refine_solution: new weight 57729 (was 57757) in 0.004351 s
  refine_solution: new weight 57729 (was 57729) in 0.004165 s
90,,17673,33491,11,,15565,0,,57757,57729,47315,47315,47315,,858,2,@@

  handle_small_Steiner_degrees: steiner 0, suppress 2 in 4.4e-05 s
Starting round 91
Found 1488 isolated vertices
Invalid ratios recomputed: 16465
Best ratio is 868/1 (868.0), centered at 1026
Finding the best star... Star with 2 terminals centered in 10667
round took: 30.8594 s
|V| = 19140, |E| = 33466, |R| = 10
>>> get_solution
>>> get_solution
  refine_solution: new weight 57729 (was 57757) in 0.004359 s
  refine_solution: new weight 57729 (was 57729) in 0.004157 s
91,,17652,33466,10,,16465,0,,57757,57729,48183,48183,48183,,868,2,@@

  handle_small_Steiner_degrees: steiner 0, suppress 2 in 6.3e-05 s
Starting round 92
Found 1509 isolated vertices
Invalid ratios recomputed: 16444
Best ratio is 914/1 (914.0), centered at 183
Finding the best star... Star with 2 terminals centered in 10865
round took: 33.2768 s
|V| = 19140, |E| = 33441, |R| = 9
>>> get_solution
>>> get_solution
  refine_solution: new weight 57729 (was 57757) in 0.004348 s
  refine_solution: new weight 57729 (was 57729) in 0.004144 s
92,,17631,33441,9,,16444,0,,57757,57729,49097,49097,49097,,914,2,@@

  handle_small_Steiner_degrees: steiner 0, suppress 1 in 3.1e-05 s
Starting round 93
Found 1528 isolated vertices
Invalid ratios recomputed: 16425
Best ratio is 923/1 (923.0), centered at 651
Finding the best star... Star with 2 terminals centered in 6205
round took: 33.9811 s
|V| = 19140, |E| = 33416, |R| = 8
>>> get_solution
>>> get_solution
  refine_solution: new weight 57729 (was 57757) in 0.004333 s
  refine_solution: new weight 57729 (was 57729) in 0.004163 s
93,,17612,33416,8,,16425,0,,57757,57729,50020,50020,50020,,923,2,@@

  handle_small_Steiner_degrees: steiner 0, suppress 2 in 7e-05 s
Starting round 94
Found 1548 isolated vertices
Invalid ratios recomputed: 16405
Best ratio is 951/1 (951.0), centered at 2755
Finding the best star... Star with 2 terminals centered in 6205
round took: 34.8966 s
|V| = 19140, |E| = 33396, |R| = 7
>>> get_solution
>>> get_solution
  refine_solution: new weight 57729 (was 57757) in 0.004361 s
  refine_solution: new weight 57729 (was 57729) in 0.004163 s
94,,17592,33396,7,,16405,0,,57757,57729,50971,50971,50971,,951,2,@@

  handle_small_Steiner_degrees: steiner 0, suppress 0 in 2.2e-05 s
Starting round 95
Found 1564 isolated vertices
Invalid ratios recomputed: 16893
Best ratio is 1914/2 (957.0), centered at 5798
Finding the best star... Star with 3 terminals centered in 14197
round took: 38.3502 s
|V| = 19140, |E| = 33354, |R| = 5
>>> get_solution
>>> get_solution
  refine_solution: new weight 57398 (was 57426) in 0.00437 s
  refine_solution: new weight 57398 (was 57398) in 0.004156 s
95,,17576,33354,5,,16893,0,,57426,57398,52885,52885,52885,,1914,3,@@

  handle_small_Steiner_degrees: steiner 0, suppress 0 in 2.2e-05 s
Starting round 96
Found 1601 isolated vertices
Invalid ratios recomputed: 4433
Best ratio is 1018/1 (1018.0), centered at 167
Finding the best star... Star with 2 terminals centered in 6205
round took: 10.1881 s
|V| = 19140, |E| = 33333, |R| = 4
>>> get_solution
>>> get_solution
  refine_solution: new weight 57398 (was 57426) in 0.004327 s
  refine_solution: new weight 57398 (was 57398) in 0.004141 s
96,,17539,33333,4,,4433,0,,57426,57398,53903,53903,53903,,1018,2,@@

  handle_small_Steiner_degrees: steiner 0, suppress 0 in 2.2e-05 s
Starting round 97
Found 1619 isolated vertices
Invalid ratios recomputed: 17521
Best ratio is 1068/1 (1068.0), centered at 1503
Finding the best star... Star with 2 terminals centered in 6205
round took: 40.3667 s
|V| = 19140, |E| = 33315, |R| = 3
>>> get_solution
>>> get_solution
  refine_solution: new weight 57398 (was 57426) in 0.004344 s
  refine_solution: new weight 57398 (was 57398) in 0.004144 s
97,,17521,33315,3,,17521,0,,57426,57398,54971,54971,54971,,1068,2,@@

  handle_small_Steiner_degrees: steiner 0, suppress 0 in 2.1e-05 s
Starting round 98
Found 1637 isolated vertices
Invalid ratios recomputed: 17503
Best ratio is 1129/1 (1129.0), centered at 258
Finding the best star... Star with 2 terminals centered in 6205
round took: 41.5836 s
|V| = 19140, |E| = 33282, |R| = 2
>>> get_solution
>>> get_solution
  refine_solution: new weight 57398 (was 57426) in 0.004329 s
  refine_solution: new weight 57398 (was 57398) in 0.004139 s
98,,17503,33282,2,,17503,0,,57426,57398,56100,56100,56100,,1129,2,@@

  handle_small_Steiner_degrees: steiner 0, suppress 0 in 2.2e-05 s
Starting round 99
Found 1664 isolated vertices
Invalid ratios recomputed: 17476
Best ratio is 1326/1 (1326.0), centered at 2987
Finding the best star... Star with 2 terminals centered in 6205
round took: 43.2498 s
|V| = 19140, |E| = 33259, |R| = 1
>>> get_solution
>>> get_solution
  refine_solution: new weight 57398 (was 57426) in 0.004354 s
  refine_solution: new weight 57398 (was 57398) in 0.004145 s
99,,17476,33259,1,,17476,0,,57426,57398,57426,57426,57426,,1326,2,@@

  handle_small_Steiner_degrees: steiner 0, suppress 0 in 2.2e-05 s
contract_till_the_bitter_end: 488.185 s

Calling end_heu
>>> get_solution
Saved weight 0
D: 57426 -> 56767
  BEST solution improved 57426 -> 56767 (vert_size 0, round 1) *
  BEST solution improved 56767 -> 56723 (vert_size 2, round 22)
  BEST solution improved 56723 -> 56717 (vert_size 2, round 277) *
  BEST solution improved 56717 -> 56703 (vert_size 7, round 349) *
  BEST solution improved 56703 -> 56699 (vert_size 2, round 360) *
  BEST solution improved 56699 -> 56663 (vert_size 4, round 389)
  BEST solution improved 56663 -> 56535 (vert_size 4, round 484) *
  BEST solution improved 56535 -> 56521 (vert_size 4, round 541)
  BEST solution improved 56521 -> 56481 (vert_size 4, round 629) *
  BEST solution improved 56481 -> 56419 (vert_size 2, round 659) *
  BEST solution improved 56419 -> 56391 (vert_size 2, round 690) *
  BEST solution improved 56391 -> 56367 (vert_size 2, round 977) *
D: 56367 -> 56157
  BEST solution improved 56367 -> 56157 (vert_size 0, round 1001) *
D: 56157 -> 56157
  BEST solution improved 56157 -> 56126 (vert_size 4, round 2151) *
  BEST solution improved 56126 -> 56100 (vert_size 4, round 2495) *
  BEST solution improved 56100 -> 56097 (vert_size 4, round 2904) *
D: 56097 -> 56068
  BEST solution improved 56097 -> 56068 (vert_size 0, round 3001) *
D: 56068 -> 56068
D: 56157 -> 56157
D: 56521 -> 56184
D: 56068 -> 56068
D: 56068 -> 56142
D: 56157 -> 56205
D: 56097 -> 56068
D: 56068 -> 56068
D: 56157 -> 56285
D: 56184 -> 56268
D: 56068 -> 56068
D: 56205 -> 56205
D: 56142 -> 56140
D: 56205 -> 56205
D: 56187 -> 56146
D: 56068 -> 56068
D: 56068 -> 56068
D: 56205 -> 56205
D: 56068 -> 56068
D: 56068 -> 56068
D: 56068 -> 56068
D: 56068 -> 56161
D: 56068 -> 56068
D: 56146 -> 56146
D: 56160 -> 56184
D: 56068 -> 56068
D: 56205 -> 56157
D: 56178 -> 56136
D: 56068 -> 56068
D: 56157 -> 56273
D: 56178 -> 56136
D: 56247 -> 56235
D: 56232 -> 56184
D: 56068 -> 56184
D: 56247 -> 56197
D: 56068 -> 56068
D: 56235 -> 56319
D: 56319 -> 56359
D: 56068 -> 56068
D: 56273 -> 56187
D: 56068 -> 56068
D: 56119 -> 56119
D: 56068 -> 56068
D: 56119 -> 56269
D: 56159 -> 56069
  BEST solution improved 56069 -> 56066 (vert_size 2, round 48113) *
D: 56066 -> 56066
D: 56119 -> 56235
D: 56136 -> 56136
D: 56068 -> 56068
D: 56171 -> 56071
D: 56178 -> 56243
D: 56068 -> 56068
D: 56136 -> 56147
D: 56147 -> 56147
D: 56204 -> 56184
D: 56068 -> 56068
D: 56147 -> 56291
D: 56136 -> 56136
D: 56066 -> 56066
D: 56066 -> 56210
D: 56066 -> 56066
D: 56119 -> 56119
D: 56068 -> 56068
D: 56178 -> 56136
D: 56205 -> 56205
D: 56066 -> 56066
D: 56066 -> 56066
D: 56066 -> 56066
D: 56066 -> 56066
D: 56066 -> 56066
D: 56068 -> 56068
D: 56273 -> 56347
D: 56066 -> 56150
D: 56184 -> 56184
D: 56184 -> 56184
D: 56066 -> 56066
D: 56184 -> 56183
D: 56066 -> 56066
D: 56066 -> 56066
D: 56132 -> 56068
D: 56068 -> 56184
D: 56068 -> 56209
D: 56066 -> 56066
D: 56184 -> 56300
D: 56068 -> 56068
D: 56066 -> 56148
D: 56068 -> 56068
D: 56066 -> 56066
D: 56066 -> 56066
D: 56066 -> 56066
D: 56066 -> 56066
D: 56146 -> 56146
D: 56066 -> 56066
D: 56066 -> 56066
D: 56068 -> 56116
D: 56066 -> 56066
D: 56066 -> 56066
D: 56068 -> 56158
D: 56068 -> 56135
D: 56066 -> 56066
D: 56204 -> 56184
D: 56066 -> 56066
D: 56068 -> 56068
D: 56161 -> 56135
D: 56146 -> 56146
D: 56066 -> 56066
D: 56182 -> 56136
D: 56161 -> 56183
D: 56068 -> 56068

 start over 112871 loops 217 unique solutions 
Original + vert_size 0 
D: 57426 -> 56767
D: 56071 -> 56071
D: 56767 -> 56834
D: 56071 -> 56071
D: 56068 -> 56068
D: 56071 -> 56071
D: 56071 -> 56071
D: 56779 -> 56715
D: 56068 -> 56068
D: 56068 -> 56068
D: 56071 -> 56071
D: 56068 -> 56068
D: 56068 -> 56068
D: 56567 -> 56511
D: 56218 -> 56154
D: 56068 -> 56068
D: 56071 -> 56071
D: 56071 -> 56081
D: 56068 -> 56206
D: 56068 -> 56184
D: 56154 -> 56154
D: 56071 -> 56355
D: 56066 -> 56066
D: 56066 -> 56066
D: 56124 -> 56139
D: 56071 -> 56071
D: 56158 -> 56068
D: 56355 -> 56355
D: 56311 -> 56197
D: 56197 -> 56277
D: 56197 -> 56187
D: 56197 -> 56292
D: 56068 -> 56140
D: 56066 -> 56066
D: 56066 -> 56066
D: 56140 -> 56140
D: 56066 -> 56066
D: 56078 -> 56068
D: 56066 -> 56066
D: 56068 -> 56068
D: 56066 -> 56068
D: 56066 -> 56066
D: 56068 -> 56068
D: 56066 -> 56066
D: 56068 -> 56189
D: 56066 -> 56066
D: 56068 -> 56394
D: 56078 -> 56068
D: 56068 -> 56068
D: 56066 -> 56066
D: 56158 -> 56068
D: 56066 -> 56066
D: 56068 -> 56152
D: 56071 -> 56136
D: 56066 -> 56066
D: 56068 -> 56068
D: 56066 -> 56066
D: 56066 -> 56079
D: 56122 -> 56071
D: 56068 -> 56068
D: 56081 -> 56071
D: 56066 -> 56066
D: 56066 -> 56066
D: 56066 -> 56235
D: 56174 -> 56068
D: 56068 -> 56068
D: 56068 -> 56283
D: 56066 -> 56066
D: 56071 -> 56187
D: 56066 -> 56066
D: 56066 -> 56327
D: 56184 -> 56184
D: 56066 -> 56066

 start over 184574 loops 289 unique solutions 
Approx + random 
D: 59842 -> 57718
D: 56068 -> 56068
D: 56066 -> 56066
D: 56066 -> 56066
D: 56066 -> 56066
D: 56078 -> 56068
D: 56068 -> 56184
D: 56184 -> 56184
D: 56066 -> 56066
D: 56184 -> 56184
D: 56184 -> 56232
D: 56068 -> 56068
D: 56066 -> 56066
end_heu: 196653 loops with 319 unique solutions in 1799.15 s

Calling print_solution
>>> get_solution
  refine_solution: new weight 56066 (was 56066) in 0.004189 s
## FINAL WEIGHT 56066
print_solution: 0.010173 s
